<?xml version="1.0" encoding="utf-8" standalone="no"?>
<!--This file represents the results of running a test suite-->
<test-results name="SharpBag.Tests/bin/Release/SharpBag.Tests.dll" total="2" failures="1" not-run="0" date="2011-03-01" time="00:43:53">
  <environment nunit-version="2.4.8.0" clr-version="2.0.50727.1433" os-version="Unix 2.6.35.25" platform="Unix" cwd="/home/SuprDewd/Projects/SharpBag" machine-name="HAITHAR" user="SuprDewd" user-domain="HAITHAR" />
  <culture-info current-culture="en-US" current-uiculture="en-US" />
  <test-suite name="SharpBag.Tests/bin/Release/SharpBag.Tests.dll" success="False" time="0.113" asserts="0">
    <results>
      <test-suite name="SharpBag" success="False" time="0.105" asserts="0">
        <results>
          <test-suite name="Tests" success="False" time="0.100" asserts="0">
            <results>
              <test-suite name="FunctionalTests" success="False" time="0.040" asserts="0">
                <results>
                  <test-case name="SharpBag.Tests.FunctionalTests.Blaa" executed="True" success="True" time="0.006" asserts="1" />
                  <test-case name="SharpBag.Tests.FunctionalTests.Blaa2" executed="True" success="False" time="0.011" asserts="1">
                    <failure>
                      <message><![CDATA[  Expected: False
  But was:  True
]]></message>
                      <stack-trace><![CDATA[at SharpBag.Tests.FunctionalTests.Blaa2 () [0x00000] in <filename unknown>:0
at (wrapper managed-to-native) System.Reflection.MonoMethod:InternalInvoke (System.Reflection.MonoMethod,object,object[],System.Exception&)
at System.Reflection.MonoMethod.Invoke (System.Object obj, BindingFlags invokeAttr, System.Reflection.Binder binder, System.Object[] parameters, System.Globalization.CultureInfo culture) [0x000d0] in /home/SuprDewd/mono-src/mono/mcs/class/corlib/System.Reflection/MonoMethod.cs:226
]]></stack-trace>
                    </failure>
                  </test-case>
                </results>
              </test-suite>
            </results>
          </test-suite>
        </results>
      </test-suite>
    </results>
  </test-suite>
</test-results>