<?xml version="1.0" encoding="UTF-8"?>
<TestRun id="a2cf8ecb-94d9-4204-973a-5cefd068087a" name="SuprDewd@EDSAC 2010-12-05 16:38:59" runUser="EDSAC\SuprDewd" xmlns="http://microsoft.com/schemas/VisualStudio/TeamTest/2010">
  <TestSettings name="Local" id="4c59a5fa-d837-49f8-8b62-15cf0be0742f">
    <Description>These are default test settings for a local test run.</Description>
    <Deployment enabled="false" runDeploymentRoot="SuprDewd_EDSAC 2010-12-05 16_38_59" />
    <Execution>
      <TestTypeSpecific />
      <AgentRule name="Execution Agents">
      </AgentRule>
    </Execution>
  </TestSettings>
  <Times creation="2010-12-05T16:38:59.9652025+00:00" queuing="2010-12-05T16:39:01.2312749+00:00" start="2010-12-05T16:39:02.3763404+00:00" finish="2010-12-05T16:39:03.0153770+00:00" />
  <ResultSummary outcome="Completed">
    <Counters total="1" executed="1" passed="1" error="0" failed="0" timeout="0" aborted="0" inconclusive="0" passedButRunAborted="0" notRunnable="0" notExecuted="0" disconnected="0" warning="0" completed="0" inProgress="0" pending="0" />
  </ResultSummary>
  <TestDefinitions>
    <UnitTest name="ThrowTest" storage="c:\users\suprdewd\desktop\projects\forritun\sharpbag\sharpbag.tests\bin\release\sharpbag.tests.dll" id="fbd930ae-612e-63f9-7d85-96b5097af772">
      <Execution timeOut="1800000" id="da9b0293-5207-429b-a429-c4391992c704" />
      <TestMethod codeBase="C:/Users/SuprDewd/Desktop/Projects/Forritun/SharpBag/SharpBag.Tests/bin/Release/SharpBag.Tests.DLL" adapterTypeName="Microsoft.VisualStudio.TestTools.TestTypes.Unit.UnitTestAdapter, Microsoft.VisualStudio.QualityTools.Tips.UnitTest.Adapter, Version=10.0.0.0, Culture=neutral, PublicKeyToken=b03f5f7f11d50a3a" className="SharpBag.Tests.DiceTest, SharpBag.Tests, Version=0.0.0.0, Culture=neutral, PublicKeyToken=null" name="ThrowTest" />
    </UnitTest>
  </TestDefinitions>
  <TestLists>
    <TestList name="Results Not in a List" id="8c84fa94-04c1-424b-9868-57a2d4851a1d" />
    <TestList name="All Loaded Results" id="19431567-8539-422a-85d7-44ee4e166bda" />
  </TestLists>
  <TestEntries>
    <TestEntry testId="fbd930ae-612e-63f9-7d85-96b5097af772" executionId="da9b0293-5207-429b-a429-c4391992c704" testListId="8c84fa94-04c1-424b-9868-57a2d4851a1d" />
  </TestEntries>
  <Results>
    <UnitTestResult executionId="da9b0293-5207-429b-a429-c4391992c704" testId="fbd930ae-612e-63f9-7d85-96b5097af772" testName="ThrowTest" computerName="EDSAC" duration="00:00:00.0491611" startTime="2010-12-05T16:39:02.5033477+00:00" endTime="2010-12-05T16:39:02.7803635+00:00" testType="13cdc9d9-ddb5-4fa4-a97d-d965ccfc6d4b" outcome="Passed" testListId="8c84fa94-04c1-424b-9868-57a2d4851a1d" relativeResultsDirectory="da9b0293-5207-429b-a429-c4391992c704">
    </UnitTestResult>
  </Results>
</TestRun>