<?xml version="1.0" encoding="UTF-8"?>
<TestRun id="c66b5e42-04a4-4d51-80e9-a3e5a6fe833a" name="SuprDewd@EDSAC 2010-12-04 13:33:48" runUser="EDSAC\SuprDewd" xmlns="http://microsoft.com/schemas/VisualStudio/TeamTest/2010">
  <TestSettings name="Local" id="4c59a5fa-d837-49f8-8b62-15cf0be0742f">
    <Description>These are default test settings for a local test run.</Description>
    <Deployment enabled="false" runDeploymentRoot="SuprDewd_EDSAC 2010-12-04 13_33_48">
      <DeploymentItem filename="C:\Users\SuprDewd\Desktop\Projects\Forritun\SharpBag\SharpBag.Tests01\MolesAssemblies\SharpBag.Moles.dll" />
      <DeploymentItem filename="C:\Users\SuprDewd\Desktop\Projects\Forritun\SharpBag\SharpBag\bin\Release\SharpBag.dll" />
    </Deployment>
    <Execution>
      <TestTypeSpecific />
      <AgentRule name="Execution Agents">
      </AgentRule>
    </Execution>
  </TestSettings>
  <Times creation="2010-12-04T13:33:48.3875731+00:00" queuing="2010-12-04T13:33:48.8656004+00:00" start="2010-12-04T13:33:48.9956079+00:00" finish="2010-12-04T13:33:53.2048486+00:00" />
  <ResultSummary outcome="Failed">
    <Counters total="230" executed="230" passed="226" error="0" failed="4" timeout="0" aborted="0" inconclusive="0" passedButRunAborted="0" notRunnable="0" notExecuted="0" disconnected="0" warning="0" completed="0" inProgress="0" pending="0" />
  </ResultSummary>
  <TestDefinitions>
    <UnitTest name="As0163214" storage="c:\users\suprdewd\desktop\projects\forritun\sharpbag\sharpbag.tests01\bin\release\sharpbag.tests.dll" id="e5750d14-09bb-ec70-127b-652a47b7dd9c">
      <Execution id="a1cf3b56-96ac-432e-8a9e-dd6ab411d498" />
      <TestMethod codeBase="C:/Users/SuprDewd/Desktop/Projects/Forritun/SharpBag/SharpBag.Tests01/bin/Release/SharpBag.Tests.DLL" adapterTypeName="Microsoft.VisualStudio.TestTools.TestTypes.Unit.UnitTestAdapter, Microsoft.VisualStudio.QualityTools.Tips.UnitTest.Adapter, Version=10.0.0.0, Culture=neutral, PublicKeyToken=b03f5f7f11d50a3a" className="SharpBag.ExtensionsTest, SharpBag.Tests, Version=0.0.0.0, Culture=neutral, PublicKeyToken=null" name="As0163214" />
    </UnitTest>
    <UnitTest name="RangeThrowsContractException485" storage="c:\users\suprdewd\desktop\projects\forritun\sharpbag\sharpbag.tests01\bin\release\sharpbag.tests.dll" id="c8c2cfdd-b8a6-a87d-8c47-5082bca773be">
      <Execution id="0b3ee3ba-8fb1-4724-a411-ef3ac60b1b54" />
      <TestMethod codeBase="C:/Users/SuprDewd/Desktop/Projects/Forritun/SharpBag/SharpBag.Tests01/bin/Release/SharpBag.Tests.DLL" adapterTypeName="Microsoft.VisualStudio.TestTools.TestTypes.Unit.UnitTestAdapter, Microsoft.VisualStudio.QualityTools.Tips.UnitTest.Adapter, Version=10.0.0.0, Culture=neutral, PublicKeyToken=b03f5f7f11d50a3a" className="SharpBag.ExtensionsTest, SharpBag.Tests, Version=0.0.0.0, Culture=neutral, PublicKeyToken=null" name="RangeThrowsContractException485" />
    </UnitTest>
    <UnitTest name="NullOr714" storage="c:\users\suprdewd\desktop\projects\forritun\sharpbag\sharpbag.tests01\bin\release\sharpbag.tests.dll" id="e2ea95fb-c5c4-8579-22e2-2d857f0fee1f">
      <Execution id="81311faf-298d-4013-88f5-6d8777bfe65a" />
      <TestMethod codeBase="C:/Users/SuprDewd/Desktop/Projects/Forritun/SharpBag/SharpBag.Tests01/bin/Release/SharpBag.Tests.DLL" adapterTypeName="Microsoft.VisualStudio.TestTools.TestTypes.Unit.UnitTestAdapter, Microsoft.VisualStudio.QualityTools.Tips.UnitTest.Adapter, Version=10.0.0.0, Culture=neutral, PublicKeyToken=b03f5f7f11d50a3a" className="SharpBag.ExtensionsTest, SharpBag.Tests, Version=0.0.0.0, Culture=neutral, PublicKeyToken=null" name="NullOr714" />
    </UnitTest>
    <UnitTest name="Shuffle565" storage="c:\users\suprdewd\desktop\projects\forritun\sharpbag\sharpbag.tests01\bin\release\sharpbag.tests.dll" id="8d424c8f-9c8d-8bdb-c98c-1e76a87f52e2">
      <Execution id="a212d90e-5f14-414b-946e-d62945aefb9c" />
      <TestMethod codeBase="C:/Users/SuprDewd/Desktop/Projects/Forritun/SharpBag/SharpBag.Tests01/bin/Release/SharpBag.Tests.DLL" adapterTypeName="Microsoft.VisualStudio.TestTools.TestTypes.Unit.UnitTestAdapter, Microsoft.VisualStudio.QualityTools.Tips.UnitTest.Adapter, Version=10.0.0.0, Culture=neutral, PublicKeyToken=b03f5f7f11d50a3a" className="SharpBag.ExtensionsTest, SharpBag.Tests, Version=0.0.0.0, Culture=neutral, PublicKeyToken=null" name="Shuffle565" />
    </UnitTest>
    <UnitTest name="TakeEvery573" storage="c:\users\suprdewd\desktop\projects\forritun\sharpbag\sharpbag.tests01\bin\release\sharpbag.tests.dll" id="f75fa8c7-8563-f254-ccbd-c82531d39c32">
      <Execution id="c3d66900-e19a-4356-90d4-35d201b02a1d" />
      <TestMethod codeBase="C:/Users/SuprDewd/Desktop/Projects/Forritun/SharpBag/SharpBag.Tests01/bin/Release/SharpBag.Tests.DLL" adapterTypeName="Microsoft.VisualStudio.TestTools.TestTypes.Unit.UnitTestAdapter, Microsoft.VisualStudio.QualityTools.Tips.UnitTest.Adapter, Version=10.0.0.0, Culture=neutral, PublicKeyToken=b03f5f7f11d50a3a" className="SharpBag.ExtensionsTest, SharpBag.Tests, Version=0.0.0.0, Culture=neutral, PublicKeyToken=null" name="TakeEvery573" />
    </UnitTest>
    <UnitTest name="IfNotNull0159702" storage="c:\users\suprdewd\desktop\projects\forritun\sharpbag\sharpbag.tests01\bin\release\sharpbag.tests.dll" id="b086ebe0-6bb0-f4b4-2d74-97b1a10dd517">
      <Execution id="2e8aee4e-3755-4610-ac69-7c2ccbc46b0e" />
      <TestMethod codeBase="C:/Users/SuprDewd/Desktop/Projects/Forritun/SharpBag/SharpBag.Tests01/bin/Release/SharpBag.Tests.DLL" adapterTypeName="Microsoft.VisualStudio.TestTools.TestTypes.Unit.UnitTestAdapter, Microsoft.VisualStudio.QualityTools.Tips.UnitTest.Adapter, Version=10.0.0.0, Culture=neutral, PublicKeyToken=b03f5f7f11d50a3a" className="SharpBag.ExtensionsTest, SharpBag.Tests, Version=0.0.0.0, Culture=neutral, PublicKeyToken=null" name="IfNotNull0159702" />
    </UnitTest>
    <UnitTest name="GetByPercentThrowsContractException521" storage="c:\users\suprdewd\desktop\projects\forritun\sharpbag\sharpbag.tests01\bin\release\sharpbag.tests.dll" id="e5363327-44ec-fe0f-2940-3aad6d87acd3">
      <Execution id="2e1d24d1-7844-4428-b5b8-709f2dd8f35f" />
      <TestMethod codeBase="C:/Users/SuprDewd/Desktop/Projects/Forritun/SharpBag/SharpBag.Tests01/bin/Release/SharpBag.Tests.DLL" adapterTypeName="Microsoft.VisualStudio.TestTools.TestTypes.Unit.UnitTestAdapter, Microsoft.VisualStudio.QualityTools.Tips.UnitTest.Adapter, Version=10.0.0.0, Culture=neutral, PublicKeyToken=b03f5f7f11d50a3a" className="SharpBag.ExtensionsTest, SharpBag.Tests, Version=0.0.0.0, Culture=neutral, PublicKeyToken=null" name="GetByPercentThrowsContractException521" />
    </UnitTest>
    <UnitTest name="Add60901" storage="c:\users\suprdewd\desktop\projects\forritun\sharpbag\sharpbag.tests01\bin\release\sharpbag.tests.dll" id="03c88b26-e4eb-d38e-6683-3ac55f8aeeac">
      <Execution id="1365be95-bed6-46df-877e-7636b9eb23eb" />
      <TestMethod codeBase="C:/Users/SuprDewd/Desktop/Projects/Forritun/SharpBag/SharpBag.Tests01/bin/Release/SharpBag.Tests.DLL" adapterTypeName="Microsoft.VisualStudio.TestTools.TestTypes.Unit.UnitTestAdapter, Microsoft.VisualStudio.QualityTools.Tips.UnitTest.Adapter, Version=10.0.0.0, Culture=neutral, PublicKeyToken=b03f5f7f11d50a3a" className="SharpBag.ExtensionsTest, SharpBag.Tests, Version=0.0.0.0, Culture=neutral, PublicKeyToken=null" name="Add60901" />
    </UnitTest>
    <UnitTest name="As21502" storage="c:\users\suprdewd\desktop\projects\forritun\sharpbag\sharpbag.tests01\bin\release\sharpbag.tests.dll" id="7896ac03-38fd-b99c-d27e-6cbd208a3f1e">
      <Execution id="b7c5ec3e-83fa-463c-bdf3-c7d439587eb2" />
      <TestMethod codeBase="C:/Users/SuprDewd/Desktop/Projects/Forritun/SharpBag/SharpBag.Tests01/bin/Release/SharpBag.Tests.DLL" adapterTypeName="Microsoft.VisualStudio.TestTools.TestTypes.Unit.UnitTestAdapter, Microsoft.VisualStudio.QualityTools.Tips.UnitTest.Adapter, Version=10.0.0.0, Culture=neutral, PublicKeyToken=b03f5f7f11d50a3a" className="SharpBag.ExtensionsTest, SharpBag.Tests, Version=0.0.0.0, Culture=neutral, PublicKeyToken=null" name="As21502" />
    </UnitTest>
    <UnitTest name="To723" storage="c:\users\suprdewd\desktop\projects\forritun\sharpbag\sharpbag.tests01\bin\release\sharpbag.tests.dll" id="2a492a9b-f563-5e1e-f60c-76d1e2ee9ce9">
      <Execution id="3531f0bb-b67b-4af1-a75d-440583551fbb" />
      <TestMethod codeBase="C:/Users/SuprDewd/Desktop/Projects/Forritun/SharpBag/SharpBag.Tests01/bin/Release/SharpBag.Tests.DLL" adapterTypeName="Microsoft.VisualStudio.TestTools.TestTypes.Unit.UnitTestAdapter, Microsoft.VisualStudio.QualityTools.Tips.UnitTest.Adapter, Version=10.0.0.0, Culture=neutral, PublicKeyToken=b03f5f7f11d50a3a" className="SharpBag.ExtensionsTest, SharpBag.Tests, Version=0.0.0.0, Culture=neutral, PublicKeyToken=null" name="To723" />
    </UnitTest>
    <UnitTest name="AsEnumerable01ThrowsContractException631" storage="c:\users\suprdewd\desktop\projects\forritun\sharpbag\sharpbag.tests01\bin\release\sharpbag.tests.dll" id="9f2f47bb-d8ab-f056-29c0-2bef6cf2b011">
      <Execution id="04570f78-57c5-4c55-8f54-9c3d21798e93" />
      <TestMethod codeBase="C:/Users/SuprDewd/Desktop/Projects/Forritun/SharpBag/SharpBag.Tests01/bin/Release/SharpBag.Tests.DLL" adapterTypeName="Microsoft.VisualStudio.TestTools.TestTypes.Unit.UnitTestAdapter, Microsoft.VisualStudio.QualityTools.Tips.UnitTest.Adapter, Version=10.0.0.0, Culture=neutral, PublicKeyToken=b03f5f7f11d50a3a" className="SharpBag.ExtensionsTest, SharpBag.Tests, Version=0.0.0.0, Culture=neutral, PublicKeyToken=null" name="AsEnumerable01ThrowsContractException631" />
    </UnitTest>
    <UnitTest name="AsEnumerable0314802" storage="c:\users\suprdewd\desktop\projects\forritun\sharpbag\sharpbag.tests01\bin\release\sharpbag.tests.dll" id="f342f959-584b-70f7-fc12-f7e45c365653">
      <Execution id="b303ca4b-7204-486d-b39c-18575c8ed806" />
      <TestMethod codeBase="C:/Users/SuprDewd/Desktop/Projects/Forritun/SharpBag/SharpBag.Tests01/bin/Release/SharpBag.Tests.DLL" adapterTypeName="Microsoft.VisualStudio.TestTools.TestTypes.Unit.UnitTestAdapter, Microsoft.VisualStudio.QualityTools.Tips.UnitTest.Adapter, Version=10.0.0.0, Culture=neutral, PublicKeyToken=b03f5f7f11d50a3a" className="SharpBag.ExtensionsTest, SharpBag.Tests, Version=0.0.0.0, Culture=neutral, PublicKeyToken=null" name="AsEnumerable0314802" />
    </UnitTest>
    <UnitTest name="To04ThrowsContractException971" storage="c:\users\suprdewd\desktop\projects\forritun\sharpbag\sharpbag.tests01\bin\release\sharpbag.tests.dll" id="5eb081c6-7954-7661-1c9d-175369539add">
      <Execution id="a8a08002-06cb-44ac-bbd0-145eff9ded0a" />
      <TestMethod codeBase="C:/Users/SuprDewd/Desktop/Projects/Forritun/SharpBag/SharpBag.Tests01/bin/Release/SharpBag.Tests.DLL" adapterTypeName="Microsoft.VisualStudio.TestTools.TestTypes.Unit.UnitTestAdapter, Microsoft.VisualStudio.QualityTools.Tips.UnitTest.Adapter, Version=10.0.0.0, Culture=neutral, PublicKeyToken=b03f5f7f11d50a3a" className="SharpBag.ExtensionsTest, SharpBag.Tests, Version=0.0.0.0, Culture=neutral, PublicKeyToken=null" name="To04ThrowsContractException971" />
    </UnitTest>
    <UnitTest name="As29401" storage="c:\users\suprdewd\desktop\projects\forritun\sharpbag\sharpbag.tests01\bin\release\sharpbag.tests.dll" id="9b2baef8-8cea-f431-96b6-95e1ddfaf4a9">
      <Execution id="672e89ca-8280-45b8-a5c9-1c73eeb5179d" />
      <TestMethod codeBase="C:/Users/SuprDewd/Desktop/Projects/Forritun/SharpBag/SharpBag.Tests01/bin/Release/SharpBag.Tests.DLL" adapterTypeName="Microsoft.VisualStudio.TestTools.TestTypes.Unit.UnitTestAdapter, Microsoft.VisualStudio.QualityTools.Tips.UnitTest.Adapter, Version=10.0.0.0, Culture=neutral, PublicKeyToken=b03f5f7f11d50a3a" className="SharpBag.ExtensionsTest, SharpBag.Tests, Version=0.0.0.0, Culture=neutral, PublicKeyToken=null" name="As29401" />
    </UnitTest>
    <UnitTest name="IsIn01ThrowsContractException76" storage="c:\users\suprdewd\desktop\projects\forritun\sharpbag\sharpbag.tests01\bin\release\sharpbag.tests.dll" id="c8fc641b-9790-7184-8636-9458f79e781c">
      <Execution id="eaa85288-b65c-4855-a141-e33c89a044cb" />
      <TestMethod codeBase="C:/Users/SuprDewd/Desktop/Projects/Forritun/SharpBag/SharpBag.Tests01/bin/Release/SharpBag.Tests.DLL" adapterTypeName="Microsoft.VisualStudio.TestTools.TestTypes.Unit.UnitTestAdapter, Microsoft.VisualStudio.QualityTools.Tips.UnitTest.Adapter, Version=10.0.0.0, Culture=neutral, PublicKeyToken=b03f5f7f11d50a3a" className="SharpBag.ExtensionsTest, SharpBag.Tests, Version=0.0.0.0, Culture=neutral, PublicKeyToken=null" name="IsIn01ThrowsContractException76" />
    </UnitTest>
    <UnitTest name="As21507" storage="c:\users\suprdewd\desktop\projects\forritun\sharpbag\sharpbag.tests01\bin\release\sharpbag.tests.dll" id="1a1204f8-80dc-63b9-41bb-196d59b5bd9c">
      <Execution id="f793207d-7946-4fe0-b345-af12a741539b" />
      <TestMethod codeBase="C:/Users/SuprDewd/Desktop/Projects/Forritun/SharpBag/SharpBag.Tests01/bin/Release/SharpBag.Tests.DLL" adapterTypeName="Microsoft.VisualStudio.TestTools.TestTypes.Unit.UnitTestAdapter, Microsoft.VisualStudio.QualityTools.Tips.UnitTest.Adapter, Version=10.0.0.0, Culture=neutral, PublicKeyToken=b03f5f7f11d50a3a" className="SharpBag.ExtensionsTest, SharpBag.Tests, Version=0.0.0.0, Culture=neutral, PublicKeyToken=null" name="As21507" />
    </UnitTest>
    <UnitTest name="Execute53301" storage="c:\users\suprdewd\desktop\projects\forritun\sharpbag\sharpbag.tests01\bin\release\sharpbag.tests.dll" id="25d5b35a-db1f-e192-1a83-5fbd23003a20">
      <Execution id="9778c7df-fd1c-4db5-a274-813c7fababd0" />
      <TestMethod codeBase="C:/Users/SuprDewd/Desktop/Projects/Forritun/SharpBag/SharpBag.Tests01/bin/Release/SharpBag.Tests.DLL" adapterTypeName="Microsoft.VisualStudio.TestTools.TestTypes.Unit.UnitTestAdapter, Microsoft.VisualStudio.QualityTools.Tips.UnitTest.Adapter, Version=10.0.0.0, Culture=neutral, PublicKeyToken=b03f5f7f11d50a3a" className="SharpBag.ExtensionsTest, SharpBag.Tests, Version=0.0.0.0, Culture=neutral, PublicKeyToken=null" name="Execute53301" />
    </UnitTest>
    <UnitTest name="As0166002" storage="c:\users\suprdewd\desktop\projects\forritun\sharpbag\sharpbag.tests01\bin\release\sharpbag.tests.dll" id="37c5e788-97a2-ee7f-c1df-5b64dcc3fb4c">
      <Execution id="0c40ef0e-134d-49be-8cac-c8ad300b407b" />
      <TestMethod codeBase="C:/Users/SuprDewd/Desktop/Projects/Forritun/SharpBag/SharpBag.Tests01/bin/Release/SharpBag.Tests.DLL" adapterTypeName="Microsoft.VisualStudio.TestTools.TestTypes.Unit.UnitTestAdapter, Microsoft.VisualStudio.QualityTools.Tips.UnitTest.Adapter, Version=10.0.0.0, Culture=neutral, PublicKeyToken=b03f5f7f11d50a3a" className="SharpBag.ExtensionsTest, SharpBag.Tests, Version=0.0.0.0, Culture=neutral, PublicKeyToken=null" name="As0166002" />
    </UnitTest>
    <UnitTest name="As0132103" storage="c:\users\suprdewd\desktop\projects\forritun\sharpbag\sharpbag.tests01\bin\release\sharpbag.tests.dll" id="0c58cf0b-ac72-a134-206f-98daff22c7f5">
      <Execution id="13ed3dcb-159c-4ca5-8d0e-033dbd9e2a0d" />
      <TestMethod codeBase="C:/Users/SuprDewd/Desktop/Projects/Forritun/SharpBag/SharpBag.Tests01/bin/Release/SharpBag.Tests.DLL" adapterTypeName="Microsoft.VisualStudio.TestTools.TestTypes.Unit.UnitTestAdapter, Microsoft.VisualStudio.QualityTools.Tips.UnitTest.Adapter, Version=10.0.0.0, Culture=neutral, PublicKeyToken=b03f5f7f11d50a3a" className="SharpBag.ExtensionsTest, SharpBag.Tests, Version=0.0.0.0, Culture=neutral, PublicKeyToken=null" name="As0132103" />
    </UnitTest>
    <UnitTest name="IsNullOrEmpty839" storage="c:\users\suprdewd\desktop\projects\forritun\sharpbag\sharpbag.tests01\bin\release\sharpbag.tests.dll" id="7d85dd6d-e955-0c88-df95-d36cadd3d7ff">
      <Execution id="9e1055ce-d107-43c5-9f9e-d8eb36499795" />
      <TestMethod codeBase="C:/Users/SuprDewd/Desktop/Projects/Forritun/SharpBag/SharpBag.Tests01/bin/Release/SharpBag.Tests.DLL" adapterTypeName="Microsoft.VisualStudio.TestTools.TestTypes.Unit.UnitTestAdapter, Microsoft.VisualStudio.QualityTools.Tips.UnitTest.Adapter, Version=10.0.0.0, Culture=neutral, PublicKeyToken=b03f5f7f11d50a3a" className="SharpBag.ExtensionsTest, SharpBag.Tests, Version=0.0.0.0, Culture=neutral, PublicKeyToken=null" name="IsNullOrEmpty839" />
    </UnitTest>
    <UnitTest name="Fill57101" storage="c:\users\suprdewd\desktop\projects\forritun\sharpbag\sharpbag.tests01\bin\release\sharpbag.tests.dll" id="e860bbd5-6ce1-07c3-fd03-d14cbeda5d8f">
      <Execution id="85b7caad-07cb-4f88-971f-2600f399357d" />
      <TestMethod codeBase="C:/Users/SuprDewd/Desktop/Projects/Forritun/SharpBag/SharpBag.Tests01/bin/Release/SharpBag.Tests.DLL" adapterTypeName="Microsoft.VisualStudio.TestTools.TestTypes.Unit.UnitTestAdapter, Microsoft.VisualStudio.QualityTools.Tips.UnitTest.Adapter, Version=10.0.0.0, Culture=neutral, PublicKeyToken=b03f5f7f11d50a3a" className="SharpBag.ExtensionsTest, SharpBag.Tests, Version=0.0.0.0, Culture=neutral, PublicKeyToken=null" name="Fill57101" />
    </UnitTest>
    <UnitTest name="Range377" storage="c:\users\suprdewd\desktop\projects\forritun\sharpbag\sharpbag.tests01\bin\release\sharpbag.tests.dll" id="567a07ee-04bb-68f0-b054-7c3ac20e04d0">
      <Execution id="1b5db66a-c847-4893-917d-11e1791ad708" />
      <TestMethod codeBase="C:/Users/SuprDewd/Desktop/Projects/Forritun/SharpBag/SharpBag.Tests01/bin/Release/SharpBag.Tests.DLL" adapterTypeName="Microsoft.VisualStudio.TestTools.TestTypes.Unit.UnitTestAdapter, Microsoft.VisualStudio.QualityTools.Tips.UnitTest.Adapter, Version=10.0.0.0, Culture=neutral, PublicKeyToken=b03f5f7f11d50a3a" className="SharpBag.ExtensionsTest, SharpBag.Tests, Version=0.0.0.0, Culture=neutral, PublicKeyToken=null" name="Range377" />
    </UnitTest>
    <UnitTest name="Subarray305" storage="c:\users\suprdewd\desktop\projects\forritun\sharpbag\sharpbag.tests01\bin\release\sharpbag.tests.dll" id="644c941d-d40b-5655-7852-107ffef9acae">
      <Execution id="c57ed6d7-1b35-41fe-85de-611467de62df" />
      <TestMethod codeBase="C:/Users/SuprDewd/Desktop/Projects/Forritun/SharpBag/SharpBag.Tests01/bin/Release/SharpBag.Tests.DLL" adapterTypeName="Microsoft.VisualStudio.TestTools.TestTypes.Unit.UnitTestAdapter, Microsoft.VisualStudio.QualityTools.Tips.UnitTest.Adapter, Version=10.0.0.0, Culture=neutral, PublicKeyToken=b03f5f7f11d50a3a" className="SharpBag.ExtensionsTest, SharpBag.Tests, Version=0.0.0.0, Culture=neutral, PublicKeyToken=null" name="Subarray305" />
    </UnitTest>
    <UnitTest name="IsInThrowsContractException285" storage="c:\users\suprdewd\desktop\projects\forritun\sharpbag\sharpbag.tests01\bin\release\sharpbag.tests.dll" id="ad25e31e-4a53-f08b-b3bd-cfdcb07226a0">
      <Execution id="1f2be1fa-0ed0-44a7-9e3b-8972393d0c61" />
      <TestMethod codeBase="C:/Users/SuprDewd/Desktop/Projects/Forritun/SharpBag/SharpBag.Tests01/bin/Release/SharpBag.Tests.DLL" adapterTypeName="Microsoft.VisualStudio.TestTools.TestTypes.Unit.UnitTestAdapter, Microsoft.VisualStudio.QualityTools.Tips.UnitTest.Adapter, Version=10.0.0.0, Culture=neutral, PublicKeyToken=b03f5f7f11d50a3a" className="SharpBag.ExtensionsTest, SharpBag.Tests, Version=0.0.0.0, Culture=neutral, PublicKeyToken=null" name="IsInThrowsContractException285" />
    </UnitTest>
    <UnitTest name="GetByPercentThrowsIndexOutOfRangeException858" storage="c:\users\suprdewd\desktop\projects\forritun\sharpbag\sharpbag.tests01\bin\release\sharpbag.tests.dll" id="16bc510b-963f-30e5-6517-13389edd4fdc">
      <Execution id="be625107-3058-45bf-9899-dc05756eecaa" />
      <TestMethod codeBase="C:/Users/SuprDewd/Desktop/Projects/Forritun/SharpBag/SharpBag.Tests01/bin/Release/SharpBag.Tests.DLL" adapterTypeName="Microsoft.VisualStudio.TestTools.TestTypes.Unit.UnitTestAdapter, Microsoft.VisualStudio.QualityTools.Tips.UnitTest.Adapter, Version=10.0.0.0, Culture=neutral, PublicKeyToken=b03f5f7f11d50a3a" className="SharpBag.ExtensionsTest, SharpBag.Tests, Version=0.0.0.0, Culture=neutral, PublicKeyToken=null" name="GetByPercentThrowsIndexOutOfRangeException858" />
    </UnitTest>
    <UnitTest name="As0132102" storage="c:\users\suprdewd\desktop\projects\forritun\sharpbag\sharpbag.tests01\bin\release\sharpbag.tests.dll" id="920395ef-4d81-2796-a8e3-57b62c679836">
      <Execution id="d3bd67a3-9ce3-4906-b7b7-6a886fa0dc64" />
      <TestMethod codeBase="C:/Users/SuprDewd/Desktop/Projects/Forritun/SharpBag/SharpBag.Tests01/bin/Release/SharpBag.Tests.DLL" adapterTypeName="Microsoft.VisualStudio.TestTools.TestTypes.Unit.UnitTestAdapter, Microsoft.VisualStudio.QualityTools.Tips.UnitTest.Adapter, Version=10.0.0.0, Culture=neutral, PublicKeyToken=b03f5f7f11d50a3a" className="SharpBag.ExtensionsTest, SharpBag.Tests, Version=0.0.0.0, Culture=neutral, PublicKeyToken=null" name="As0132102" />
    </UnitTest>
    <UnitTest name="As0163201" storage="c:\users\suprdewd\desktop\projects\forritun\sharpbag\sharpbag.tests01\bin\release\sharpbag.tests.dll" id="f4fcc51c-8f8e-7431-03c1-95529343e3ab">
      <Execution id="4e3dc5c8-5c97-4a56-9b6e-afccb314aea8" />
      <TestMethod codeBase="C:/Users/SuprDewd/Desktop/Projects/Forritun/SharpBag/SharpBag.Tests01/bin/Release/SharpBag.Tests.DLL" adapterTypeName="Microsoft.VisualStudio.TestTools.TestTypes.Unit.UnitTestAdapter, Microsoft.VisualStudio.QualityTools.Tips.UnitTest.Adapter, Version=10.0.0.0, Culture=neutral, PublicKeyToken=b03f5f7f11d50a3a" className="SharpBag.ExtensionsTest, SharpBag.Tests, Version=0.0.0.0, Culture=neutral, PublicKeyToken=null" name="As0163201" />
    </UnitTest>
    <UnitTest name="Fill0157102" storage="c:\users\suprdewd\desktop\projects\forritun\sharpbag\sharpbag.tests01\bin\release\sharpbag.tests.dll" id="80003646-df99-feba-93b2-6a809b884bf6">
      <Execution id="4b2dfd94-8cf3-4ee2-aca6-7af972591923" />
      <TestMethod codeBase="C:/Users/SuprDewd/Desktop/Projects/Forritun/SharpBag/SharpBag.Tests01/bin/Release/SharpBag.Tests.DLL" adapterTypeName="Microsoft.VisualStudio.TestTools.TestTypes.Unit.UnitTestAdapter, Microsoft.VisualStudio.QualityTools.Tips.UnitTest.Adapter, Version=10.0.0.0, Culture=neutral, PublicKeyToken=b03f5f7f11d50a3a" className="SharpBag.ExtensionsTest, SharpBag.Tests, Version=0.0.0.0, Culture=neutral, PublicKeyToken=null" name="Fill0157102" />
    </UnitTest>
    <UnitTest name="As0163212" storage="c:\users\suprdewd\desktop\projects\forritun\sharpbag\sharpbag.tests01\bin\release\sharpbag.tests.dll" id="dc08494a-5655-aecb-96fc-b52817050a2a">
      <Execution id="653df0fe-efb6-48f9-bec8-dd1f2b5f3019" />
      <TestMethod codeBase="C:/Users/SuprDewd/Desktop/Projects/Forritun/SharpBag/SharpBag.Tests01/bin/Release/SharpBag.Tests.DLL" adapterTypeName="Microsoft.VisualStudio.TestTools.TestTypes.Unit.UnitTestAdapter, Microsoft.VisualStudio.QualityTools.Tips.UnitTest.Adapter, Version=10.0.0.0, Culture=neutral, PublicKeyToken=b03f5f7f11d50a3a" className="SharpBag.ExtensionsTest, SharpBag.Tests, Version=0.0.0.0, Culture=neutral, PublicKeyToken=null" name="As0163212" />
    </UnitTest>
    <UnitTest name="SubarrayThrowsContractException78" storage="c:\users\suprdewd\desktop\projects\forritun\sharpbag\sharpbag.tests01\bin\release\sharpbag.tests.dll" id="57eca137-a858-5c60-bdd1-e7a00b2419ee">
      <Execution id="eef38bb4-f239-4ffa-9235-b86309704ad4" />
      <TestMethod codeBase="C:/Users/SuprDewd/Desktop/Projects/Forritun/SharpBag/SharpBag.Tests01/bin/Release/SharpBag.Tests.DLL" adapterTypeName="Microsoft.VisualStudio.TestTools.TestTypes.Unit.UnitTestAdapter, Microsoft.VisualStudio.QualityTools.Tips.UnitTest.Adapter, Version=10.0.0.0, Culture=neutral, PublicKeyToken=b03f5f7f11d50a3a" className="SharpBag.ExtensionsTest, SharpBag.Tests, Version=0.0.0.0, Culture=neutral, PublicKeyToken=null" name="SubarrayThrowsContractException78" />
    </UnitTest>
    <UnitTest name="Fill68801" storage="c:\users\suprdewd\desktop\projects\forritun\sharpbag\sharpbag.tests01\bin\release\sharpbag.tests.dll" id="236dd585-9363-168d-3729-7ab007ad8692">
      <Execution id="7d052404-4242-41ab-b65c-343b2a59bfb2" />
      <TestMethod codeBase="C:/Users/SuprDewd/Desktop/Projects/Forritun/SharpBag/SharpBag.Tests01/bin/Release/SharpBag.Tests.DLL" adapterTypeName="Microsoft.VisualStudio.TestTools.TestTypes.Unit.UnitTestAdapter, Microsoft.VisualStudio.QualityTools.Tips.UnitTest.Adapter, Version=10.0.0.0, Culture=neutral, PublicKeyToken=b03f5f7f11d50a3a" className="SharpBag.ExtensionsTest, SharpBag.Tests, Version=0.0.0.0, Culture=neutral, PublicKeyToken=null" name="Fill68801" />
    </UnitTest>
    <UnitTest name="ForEach90802" storage="c:\users\suprdewd\desktop\projects\forritun\sharpbag\sharpbag.tests01\bin\release\sharpbag.tests.dll" id="1903a639-b5d9-1b4f-9c30-0405b15e8f12">
      <Execution id="ceae1d84-1287-43b5-be90-e51a172e68b7" />
      <TestMethod codeBase="C:/Users/SuprDewd/Desktop/Projects/Forritun/SharpBag/SharpBag.Tests01/bin/Release/SharpBag.Tests.DLL" adapterTypeName="Microsoft.VisualStudio.TestTools.TestTypes.Unit.UnitTestAdapter, Microsoft.VisualStudio.QualityTools.Tips.UnitTest.Adapter, Version=10.0.0.0, Culture=neutral, PublicKeyToken=b03f5f7f11d50a3a" className="SharpBag.ExtensionsTest, SharpBag.Tests, Version=0.0.0.0, Culture=neutral, PublicKeyToken=null" name="ForEach90802" />
    </UnitTest>
    <UnitTest name="Fill105" storage="c:\users\suprdewd\desktop\projects\forritun\sharpbag\sharpbag.tests01\bin\release\sharpbag.tests.dll" id="a51caca7-6a0e-8bea-fb89-3104ddb0e38a">
      <Execution id="038dff0d-837f-4dcd-b7e8-2907d276a991" />
      <TestMethod codeBase="C:/Users/SuprDewd/Desktop/Projects/Forritun/SharpBag/SharpBag.Tests01/bin/Release/SharpBag.Tests.DLL" adapterTypeName="Microsoft.VisualStudio.TestTools.TestTypes.Unit.UnitTestAdapter, Microsoft.VisualStudio.QualityTools.Tips.UnitTest.Adapter, Version=10.0.0.0, Culture=neutral, PublicKeyToken=b03f5f7f11d50a3a" className="SharpBag.ExtensionsTest, SharpBag.Tests, Version=0.0.0.0, Culture=neutral, PublicKeyToken=null" name="Fill105" />
    </UnitTest>
    <UnitTest name="Iter960" storage="c:\users\suprdewd\desktop\projects\forritun\sharpbag\sharpbag.tests01\bin\release\sharpbag.tests.dll" id="221d319c-8869-0d4c-725e-9ea36949d716">
      <Execution id="51432535-e936-4218-9514-6270169cdb32" />
      <TestMethod codeBase="C:/Users/SuprDewd/Desktop/Projects/Forritun/SharpBag/SharpBag.Tests01/bin/Release/SharpBag.Tests.DLL" adapterTypeName="Microsoft.VisualStudio.TestTools.TestTypes.Unit.UnitTestAdapter, Microsoft.VisualStudio.QualityTools.Tips.UnitTest.Adapter, Version=10.0.0.0, Culture=neutral, PublicKeyToken=b03f5f7f11d50a3a" className="SharpBag.ExtensionsTest, SharpBag.Tests, Version=0.0.0.0, Culture=neutral, PublicKeyToken=null" name="Iter960" />
    </UnitTest>
    <UnitTest name="Fill01571" storage="c:\users\suprdewd\desktop\projects\forritun\sharpbag\sharpbag.tests01\bin\release\sharpbag.tests.dll" id="a9c998c1-d601-9d48-a5aa-e5458f5ccef5">
      <Execution id="263d8f45-c57a-4f2a-8fb2-421e3802be46" />
      <TestMethod codeBase="C:/Users/SuprDewd/Desktop/Projects/Forritun/SharpBag/SharpBag.Tests01/bin/Release/SharpBag.Tests.DLL" adapterTypeName="Microsoft.VisualStudio.TestTools.TestTypes.Unit.UnitTestAdapter, Microsoft.VisualStudio.QualityTools.Tips.UnitTest.Adapter, Version=10.0.0.0, Culture=neutral, PublicKeyToken=b03f5f7f11d50a3a" className="SharpBag.ExtensionsTest, SharpBag.Tests, Version=0.0.0.0, Culture=neutral, PublicKeyToken=null" name="Fill01571" />
    </UnitTest>
    <UnitTest name="AddThrowsContractException671" storage="c:\users\suprdewd\desktop\projects\forritun\sharpbag\sharpbag.tests01\bin\release\sharpbag.tests.dll" id="2d05658b-f852-7a9d-6e46-1697909bbad0">
      <Execution id="58fec180-5c38-4c2f-b985-28c890dd05de" />
      <TestMethod codeBase="C:/Users/SuprDewd/Desktop/Projects/Forritun/SharpBag/SharpBag.Tests01/bin/Release/SharpBag.Tests.DLL" adapterTypeName="Microsoft.VisualStudio.TestTools.TestTypes.Unit.UnitTestAdapter, Microsoft.VisualStudio.QualityTools.Tips.UnitTest.Adapter, Version=10.0.0.0, Culture=neutral, PublicKeyToken=b03f5f7f11d50a3a" className="SharpBag.ExtensionsTest, SharpBag.Tests, Version=0.0.0.0, Culture=neutral, PublicKeyToken=null" name="AddThrowsContractException671" />
    </UnitTest>
    <UnitTest name="ToThrowsContractException710" storage="c:\users\suprdewd\desktop\projects\forritun\sharpbag\sharpbag.tests01\bin\release\sharpbag.tests.dll" id="f52b3d24-c27c-4731-8c5e-a7c40c1103b0">
      <Execution id="a8188ff8-d41d-447d-b25a-50770ee460fd" />
      <TestMethod codeBase="C:/Users/SuprDewd/Desktop/Projects/Forritun/SharpBag/SharpBag.Tests01/bin/Release/SharpBag.Tests.DLL" adapterTypeName="Microsoft.VisualStudio.TestTools.TestTypes.Unit.UnitTestAdapter, Microsoft.VisualStudio.QualityTools.Tips.UnitTest.Adapter, Version=10.0.0.0, Culture=neutral, PublicKeyToken=b03f5f7f11d50a3a" className="SharpBag.ExtensionsTest, SharpBag.Tests, Version=0.0.0.0, Culture=neutral, PublicKeyToken=null" name="ToThrowsContractException710" />
    </UnitTest>
    <UnitTest name="UnionAllThrowsContractException292" storage="c:\users\suprdewd\desktop\projects\forritun\sharpbag\sharpbag.tests01\bin\release\sharpbag.tests.dll" id="ad6b7b0f-0850-7179-c3e4-805f9d123948">
      <Execution id="7368e484-8ad8-4b3c-89be-2ac9a7671ebb" />
      <TestMethod codeBase="C:/Users/SuprDewd/Desktop/Projects/Forritun/SharpBag/SharpBag.Tests01/bin/Release/SharpBag.Tests.DLL" adapterTypeName="Microsoft.VisualStudio.TestTools.TestTypes.Unit.UnitTestAdapter, Microsoft.VisualStudio.QualityTools.Tips.UnitTest.Adapter, Version=10.0.0.0, Culture=neutral, PublicKeyToken=b03f5f7f11d50a3a" className="SharpBag.ExtensionsTest, SharpBag.Tests, Version=0.0.0.0, Culture=neutral, PublicKeyToken=null" name="UnionAllThrowsContractException292" />
    </UnitTest>
    <UnitTest name="ToDictionary652" storage="c:\users\suprdewd\desktop\projects\forritun\sharpbag\sharpbag.tests01\bin\release\sharpbag.tests.dll" id="5adb9ee5-30ee-88f6-0128-821d18abc579">
      <Execution id="67785c70-5bb7-44b2-b76a-9d1d0148ccf5" />
      <TestMethod codeBase="C:/Users/SuprDewd/Desktop/Projects/Forritun/SharpBag/SharpBag.Tests01/bin/Release/SharpBag.Tests.DLL" adapterTypeName="Microsoft.VisualStudio.TestTools.TestTypes.Unit.UnitTestAdapter, Microsoft.VisualStudio.QualityTools.Tips.UnitTest.Adapter, Version=10.0.0.0, Culture=neutral, PublicKeyToken=b03f5f7f11d50a3a" className="SharpBag.ExtensionsTest, SharpBag.Tests, Version=0.0.0.0, Culture=neutral, PublicKeyToken=null" name="ToDictionary652" />
    </UnitTest>
    <UnitTest name="AsEnumerable03ThrowsContractException284" storage="c:\users\suprdewd\desktop\projects\forritun\sharpbag\sharpbag.tests01\bin\release\sharpbag.tests.dll" id="d42181de-992b-d0d7-b361-de085976b475">
      <Execution id="678cb846-3d5e-4ae0-8bde-a47da432bfc7" />
      <TestMethod codeBase="C:/Users/SuprDewd/Desktop/Projects/Forritun/SharpBag/SharpBag.Tests01/bin/Release/SharpBag.Tests.DLL" adapterTypeName="Microsoft.VisualStudio.TestTools.TestTypes.Unit.UnitTestAdapter, Microsoft.VisualStudio.QualityTools.Tips.UnitTest.Adapter, Version=10.0.0.0, Culture=neutral, PublicKeyToken=b03f5f7f11d50a3a" className="SharpBag.ExtensionsTest, SharpBag.Tests, Version=0.0.0.0, Culture=neutral, PublicKeyToken=null" name="AsEnumerable03ThrowsContractException284" />
    </UnitTest>
    <UnitTest name="To02ThrowsEntryPointNotFoundException897" storage="c:\users\suprdewd\desktop\projects\forritun\sharpbag\sharpbag.tests01\bin\release\sharpbag.tests.dll" id="6b7dcc70-66b6-d437-fa4f-aad0a0e1d53f">
      <Execution id="04a96060-e1e4-46a7-9234-3d5acbe1fffe" />
      <TestMethod codeBase="C:/Users/SuprDewd/Desktop/Projects/Forritun/SharpBag/SharpBag.Tests01/bin/Release/SharpBag.Tests.DLL" adapterTypeName="Microsoft.VisualStudio.TestTools.TestTypes.Unit.UnitTestAdapter, Microsoft.VisualStudio.QualityTools.Tips.UnitTest.Adapter, Version=10.0.0.0, Culture=neutral, PublicKeyToken=b03f5f7f11d50a3a" className="SharpBag.ExtensionsTest, SharpBag.Tests, Version=0.0.0.0, Culture=neutral, PublicKeyToken=null" name="To02ThrowsEntryPointNotFoundException897" />
    </UnitTest>
    <UnitTest name="As0198302" storage="c:\users\suprdewd\desktop\projects\forritun\sharpbag\sharpbag.tests01\bin\release\sharpbag.tests.dll" id="31751606-0e00-3ddd-298e-e7c2d6c445a2">
      <Execution id="55a6a932-7b16-4373-bfe7-e54eb960c200" />
      <TestMethod codeBase="C:/Users/SuprDewd/Desktop/Projects/Forritun/SharpBag/SharpBag.Tests01/bin/Release/SharpBag.Tests.DLL" adapterTypeName="Microsoft.VisualStudio.TestTools.TestTypes.Unit.UnitTestAdapter, Microsoft.VisualStudio.QualityTools.Tips.UnitTest.Adapter, Version=10.0.0.0, Culture=neutral, PublicKeyToken=b03f5f7f11d50a3a" className="SharpBag.ExtensionsTest, SharpBag.Tests, Version=0.0.0.0, Culture=neutral, PublicKeyToken=null" name="As0198302" />
    </UnitTest>
    <UnitTest name="Is373" storage="c:\users\suprdewd\desktop\projects\forritun\sharpbag\sharpbag.tests01\bin\release\sharpbag.tests.dll" id="767e3845-1b47-6225-c38c-e6345e12262a">
      <Execution id="2850c934-de0a-48ca-abff-e976eaaa1adc" />
      <TestMethod codeBase="C:/Users/SuprDewd/Desktop/Projects/Forritun/SharpBag/SharpBag.Tests01/bin/Release/SharpBag.Tests.DLL" adapterTypeName="Microsoft.VisualStudio.TestTools.TestTypes.Unit.UnitTestAdapter, Microsoft.VisualStudio.QualityTools.Tips.UnitTest.Adapter, Version=10.0.0.0, Culture=neutral, PublicKeyToken=b03f5f7f11d50a3a" className="SharpBag.ExtensionsTest, SharpBag.Tests, Version=0.0.0.0, Culture=neutral, PublicKeyToken=null" name="Is373" />
    </UnitTest>
    <UnitTest name="IfNotNull47701" storage="c:\users\suprdewd\desktop\projects\forritun\sharpbag\sharpbag.tests01\bin\release\sharpbag.tests.dll" id="69d4fcec-3787-b518-9138-fc65c3d09ecc">
      <Execution id="a3ccc93a-86ea-4d27-b9a1-05a538582254" />
      <TestMethod codeBase="C:/Users/SuprDewd/Desktop/Projects/Forritun/SharpBag/SharpBag.Tests01/bin/Release/SharpBag.Tests.DLL" adapterTypeName="Microsoft.VisualStudio.TestTools.TestTypes.Unit.UnitTestAdapter, Microsoft.VisualStudio.QualityTools.Tips.UnitTest.Adapter, Version=10.0.0.0, Culture=neutral, PublicKeyToken=b03f5f7f11d50a3a" className="SharpBag.ExtensionsTest, SharpBag.Tests, Version=0.0.0.0, Culture=neutral, PublicKeyToken=null" name="IfNotNull47701" />
    </UnitTest>
    <UnitTest name="Subarray142" storage="c:\users\suprdewd\desktop\projects\forritun\sharpbag\sharpbag.tests01\bin\release\sharpbag.tests.dll" id="6ea29e89-2e15-126e-eecf-3f7b211c52eb">
      <Execution id="288af48c-8ac1-49be-a427-0fd7086ff355" />
      <TestMethod codeBase="C:/Users/SuprDewd/Desktop/Projects/Forritun/SharpBag/SharpBag.Tests01/bin/Release/SharpBag.Tests.DLL" adapterTypeName="Microsoft.VisualStudio.TestTools.TestTypes.Unit.UnitTestAdapter, Microsoft.VisualStudio.QualityTools.Tips.UnitTest.Adapter, Version=10.0.0.0, Culture=neutral, PublicKeyToken=b03f5f7f11d50a3a" className="SharpBag.ExtensionsTest, SharpBag.Tests, Version=0.0.0.0, Culture=neutral, PublicKeyToken=null" name="Subarray142" />
    </UnitTest>
    <UnitTest name="IfNotNull0159701" storage="c:\users\suprdewd\desktop\projects\forritun\sharpbag\sharpbag.tests01\bin\release\sharpbag.tests.dll" id="f96aeaaa-982a-50fe-9819-4fadbbdc5555">
      <Execution id="40988544-b0eb-494c-b1c7-d4c010660a40" />
      <TestMethod codeBase="C:/Users/SuprDewd/Desktop/Projects/Forritun/SharpBag/SharpBag.Tests01/bin/Release/SharpBag.Tests.DLL" adapterTypeName="Microsoft.VisualStudio.TestTools.TestTypes.Unit.UnitTestAdapter, Microsoft.VisualStudio.QualityTools.Tips.UnitTest.Adapter, Version=10.0.0.0, Culture=neutral, PublicKeyToken=b03f5f7f11d50a3a" className="SharpBag.ExtensionsTest, SharpBag.Tests, Version=0.0.0.0, Culture=neutral, PublicKeyToken=null" name="IfNotNull0159701" />
    </UnitTest>
    <UnitTest name="UnionAll01ThrowsContractException589" storage="c:\users\suprdewd\desktop\projects\forritun\sharpbag\sharpbag.tests01\bin\release\sharpbag.tests.dll" id="78086264-20f3-c7b4-e13e-997436ec518b">
      <Execution id="d27effd5-88a9-412e-ba4c-7c1e914b8e51" />
      <TestMethod codeBase="C:/Users/SuprDewd/Desktop/Projects/Forritun/SharpBag/SharpBag.Tests01/bin/Release/SharpBag.Tests.DLL" adapterTypeName="Microsoft.VisualStudio.TestTools.TestTypes.Unit.UnitTestAdapter, Microsoft.VisualStudio.QualityTools.Tips.UnitTest.Adapter, Version=10.0.0.0, Culture=neutral, PublicKeyToken=b03f5f7f11d50a3a" className="SharpBag.ExtensionsTest, SharpBag.Tests, Version=0.0.0.0, Culture=neutral, PublicKeyToken=null" name="UnionAll01ThrowsContractException589" />
    </UnitTest>
    <UnitTest name="RangeThrowsContractException604" storage="c:\users\suprdewd\desktop\projects\forritun\sharpbag\sharpbag.tests01\bin\release\sharpbag.tests.dll" id="c7ed85a6-e567-546b-2348-9ebad6489ec4">
      <Execution id="4131458b-8f34-4f91-9175-bbd6e1c55bb4" />
      <TestMethod codeBase="C:/Users/SuprDewd/Desktop/Projects/Forritun/SharpBag/SharpBag.Tests01/bin/Release/SharpBag.Tests.DLL" adapterTypeName="Microsoft.VisualStudio.TestTools.TestTypes.Unit.UnitTestAdapter, Microsoft.VisualStudio.QualityTools.Tips.UnitTest.Adapter, Version=10.0.0.0, Culture=neutral, PublicKeyToken=b03f5f7f11d50a3a" className="SharpBag.ExtensionsTest, SharpBag.Tests, Version=0.0.0.0, Culture=neutral, PublicKeyToken=null" name="RangeThrowsContractException604" />
    </UnitTest>
    <UnitTest name="Add296" storage="c:\users\suprdewd\desktop\projects\forritun\sharpbag\sharpbag.tests01\bin\release\sharpbag.tests.dll" id="cf67e106-470b-64ee-b4ec-daf199d3db2f">
      <Execution id="5748c4e5-fd85-4631-a1a3-8d1642be717d" />
      <TestMethod codeBase="C:/Users/SuprDewd/Desktop/Projects/Forritun/SharpBag/SharpBag.Tests01/bin/Release/SharpBag.Tests.DLL" adapterTypeName="Microsoft.VisualStudio.TestTools.TestTypes.Unit.UnitTestAdapter, Microsoft.VisualStudio.QualityTools.Tips.UnitTest.Adapter, Version=10.0.0.0, Culture=neutral, PublicKeyToken=b03f5f7f11d50a3a" className="SharpBag.ExtensionsTest, SharpBag.Tests, Version=0.0.0.0, Culture=neutral, PublicKeyToken=null" name="Add296" />
    </UnitTest>
    <UnitTest name="IfNotNullThrowsContractException180" storage="c:\users\suprdewd\desktop\projects\forritun\sharpbag\sharpbag.tests01\bin\release\sharpbag.tests.dll" id="462031e5-b98b-6e5b-b63a-031e660213f3">
      <Execution id="3ca35897-7c9c-4610-895d-94c5b2a40471" />
      <TestMethod codeBase="C:/Users/SuprDewd/Desktop/Projects/Forritun/SharpBag/SharpBag.Tests01/bin/Release/SharpBag.Tests.DLL" adapterTypeName="Microsoft.VisualStudio.TestTools.TestTypes.Unit.UnitTestAdapter, Microsoft.VisualStudio.QualityTools.Tips.UnitTest.Adapter, Version=10.0.0.0, Culture=neutral, PublicKeyToken=b03f5f7f11d50a3a" className="SharpBag.ExtensionsTest, SharpBag.Tests, Version=0.0.0.0, Culture=neutral, PublicKeyToken=null" name="IfNotNullThrowsContractException180" />
    </UnitTest>
    <UnitTest name="ForEach908" storage="c:\users\suprdewd\desktop\projects\forritun\sharpbag\sharpbag.tests01\bin\release\sharpbag.tests.dll" id="af3c2eea-1341-4d08-8112-791e701a0e4e">
      <Execution id="442ee933-f7d7-4c20-93f7-28ed96a1221a" />
      <TestMethod codeBase="C:/Users/SuprDewd/Desktop/Projects/Forritun/SharpBag/SharpBag.Tests01/bin/Release/SharpBag.Tests.DLL" adapterTypeName="Microsoft.VisualStudio.TestTools.TestTypes.Unit.UnitTestAdapter, Microsoft.VisualStudio.QualityTools.Tips.UnitTest.Adapter, Version=10.0.0.0, Culture=neutral, PublicKeyToken=b03f5f7f11d50a3a" className="SharpBag.ExtensionsTest, SharpBag.Tests, Version=0.0.0.0, Culture=neutral, PublicKeyToken=null" name="ForEach908" />
    </UnitTest>
    <UnitTest name="As928" storage="c:\users\suprdewd\desktop\projects\forritun\sharpbag\sharpbag.tests01\bin\release\sharpbag.tests.dll" id="d97a225a-e31a-2138-2fae-7b4109b25275">
      <Execution id="d320016b-7fd2-4d3f-ae1f-cc772ea3ff84" />
      <TestMethod codeBase="C:/Users/SuprDewd/Desktop/Projects/Forritun/SharpBag/SharpBag.Tests01/bin/Release/SharpBag.Tests.DLL" adapterTypeName="Microsoft.VisualStudio.TestTools.TestTypes.Unit.UnitTestAdapter, Microsoft.VisualStudio.QualityTools.Tips.UnitTest.Adapter, Version=10.0.0.0, Culture=neutral, PublicKeyToken=b03f5f7f11d50a3a" className="SharpBag.ExtensionsTest, SharpBag.Tests, Version=0.0.0.0, Culture=neutral, PublicKeyToken=null" name="As928" />
    </UnitTest>
    <UnitTest name="SubarrayThrowsIndexOutOfRangeException217" storage="c:\users\suprdewd\desktop\projects\forritun\sharpbag\sharpbag.tests01\bin\release\sharpbag.tests.dll" id="eefb4a77-f949-d31d-7f54-d15f680d1a44">
      <Execution id="7f09699c-a446-4782-abda-17dbb0a75063" />
      <TestMethod codeBase="C:/Users/SuprDewd/Desktop/Projects/Forritun/SharpBag/SharpBag.Tests01/bin/Release/SharpBag.Tests.DLL" adapterTypeName="Microsoft.VisualStudio.TestTools.TestTypes.Unit.UnitTestAdapter, Microsoft.VisualStudio.QualityTools.Tips.UnitTest.Adapter, Version=10.0.0.0, Culture=neutral, PublicKeyToken=b03f5f7f11d50a3a" className="SharpBag.ExtensionsTest, SharpBag.Tests, Version=0.0.0.0, Culture=neutral, PublicKeyToken=null" name="SubarrayThrowsIndexOutOfRangeException217" />
    </UnitTest>
    <UnitTest name="IsIn34" storage="c:\users\suprdewd\desktop\projects\forritun\sharpbag\sharpbag.tests01\bin\release\sharpbag.tests.dll" id="6f205f53-5c1d-2d23-0592-7823ba18d3aa">
      <Execution id="72d6e3d6-228e-400f-a9bb-81a974a2aefb" />
      <TestMethod codeBase="C:/Users/SuprDewd/Desktop/Projects/Forritun/SharpBag/SharpBag.Tests01/bin/Release/SharpBag.Tests.DLL" adapterTypeName="Microsoft.VisualStudio.TestTools.TestTypes.Unit.UnitTestAdapter, Microsoft.VisualStudio.QualityTools.Tips.UnitTest.Adapter, Version=10.0.0.0, Culture=neutral, PublicKeyToken=b03f5f7f11d50a3a" className="SharpBag.ExtensionsTest, SharpBag.Tests, Version=0.0.0.0, Culture=neutral, PublicKeyToken=null" name="IsIn34" />
    </UnitTest>
    <UnitTest name="FillThrowsContractException463" storage="c:\users\suprdewd\desktop\projects\forritun\sharpbag\sharpbag.tests01\bin\release\sharpbag.tests.dll" id="614c4111-6956-515d-f644-f7bd702624eb">
      <Execution id="d4a03085-2170-4cf9-9813-f5c6bc08021d" />
      <TestMethod codeBase="C:/Users/SuprDewd/Desktop/Projects/Forritun/SharpBag/SharpBag.Tests01/bin/Release/SharpBag.Tests.DLL" adapterTypeName="Microsoft.VisualStudio.TestTools.TestTypes.Unit.UnitTestAdapter, Microsoft.VisualStudio.QualityTools.Tips.UnitTest.Adapter, Version=10.0.0.0, Culture=neutral, PublicKeyToken=b03f5f7f11d50a3a" className="SharpBag.ExtensionsTest, SharpBag.Tests, Version=0.0.0.0, Culture=neutral, PublicKeyToken=null" name="FillThrowsContractException463" />
    </UnitTest>
    <UnitTest name="ContainsArrayThrowsContractException522" storage="c:\users\suprdewd\desktop\projects\forritun\sharpbag\sharpbag.tests01\bin\release\sharpbag.tests.dll" id="6c23ed46-5e0f-a3f6-47f8-679e4acd3bc3">
      <Execution id="cabf60cb-9c05-41e3-9c03-ff20b58c5fdb" />
      <TestMethod codeBase="C:/Users/SuprDewd/Desktop/Projects/Forritun/SharpBag/SharpBag.Tests01/bin/Release/SharpBag.Tests.DLL" adapterTypeName="Microsoft.VisualStudio.TestTools.TestTypes.Unit.UnitTestAdapter, Microsoft.VisualStudio.QualityTools.Tips.UnitTest.Adapter, Version=10.0.0.0, Culture=neutral, PublicKeyToken=b03f5f7f11d50a3a" className="SharpBag.ExtensionsTest, SharpBag.Tests, Version=0.0.0.0, Culture=neutral, PublicKeyToken=null" name="ContainsArrayThrowsContractException522" />
    </UnitTest>
    <UnitTest name="AsEnumerable02ThrowsContractException520" storage="c:\users\suprdewd\desktop\projects\forritun\sharpbag\sharpbag.tests01\bin\release\sharpbag.tests.dll" id="a5227b8f-5886-3860-e04a-7fd418987b6e">
      <Execution id="acae2fbb-a656-4037-acc6-04c710b10d09" />
      <TestMethod codeBase="C:/Users/SuprDewd/Desktop/Projects/Forritun/SharpBag/SharpBag.Tests01/bin/Release/SharpBag.Tests.DLL" adapterTypeName="Microsoft.VisualStudio.TestTools.TestTypes.Unit.UnitTestAdapter, Microsoft.VisualStudio.QualityTools.Tips.UnitTest.Adapter, Version=10.0.0.0, Culture=neutral, PublicKeyToken=b03f5f7f11d50a3a" className="SharpBag.ExtensionsTest, SharpBag.Tests, Version=0.0.0.0, Culture=neutral, PublicKeyToken=null" name="AsEnumerable02ThrowsContractException520" />
    </UnitTest>
    <UnitTest name="To04825" storage="c:\users\suprdewd\desktop\projects\forritun\sharpbag\sharpbag.tests01\bin\release\sharpbag.tests.dll" id="704833fc-664b-cb0a-a6d9-59354a3ac7df">
      <Execution id="57cb038e-0dfc-42bd-95b9-ba577ce28847" />
      <TestMethod codeBase="C:/Users/SuprDewd/Desktop/Projects/Forritun/SharpBag/SharpBag.Tests01/bin/Release/SharpBag.Tests.DLL" adapterTypeName="Microsoft.VisualStudio.TestTools.TestTypes.Unit.UnitTestAdapter, Microsoft.VisualStudio.QualityTools.Tips.UnitTest.Adapter, Version=10.0.0.0, Culture=neutral, PublicKeyToken=b03f5f7f11d50a3a" className="SharpBag.ExtensionsTest, SharpBag.Tests, Version=0.0.0.0, Culture=neutral, PublicKeyToken=null" name="To04825" />
    </UnitTest>
    <UnitTest name="As0163220" storage="c:\users\suprdewd\desktop\projects\forritun\sharpbag\sharpbag.tests01\bin\release\sharpbag.tests.dll" id="e37183df-04ce-aa53-28d5-e792188a2202">
      <Execution id="217bbead-59bf-46ec-a0ab-fdffbd9e31fb" />
      <TestMethod codeBase="C:/Users/SuprDewd/Desktop/Projects/Forritun/SharpBag/SharpBag.Tests01/bin/Release/SharpBag.Tests.DLL" adapterTypeName="Microsoft.VisualStudio.TestTools.TestTypes.Unit.UnitTestAdapter, Microsoft.VisualStudio.QualityTools.Tips.UnitTest.Adapter, Version=10.0.0.0, Culture=neutral, PublicKeyToken=b03f5f7f11d50a3a" className="SharpBag.ExtensionsTest, SharpBag.Tests, Version=0.0.0.0, Culture=neutral, PublicKeyToken=null" name="As0163220" />
    </UnitTest>
    <UnitTest name="InvokeIfRequired01ThrowsContractException984" storage="c:\users\suprdewd\desktop\projects\forritun\sharpbag\sharpbag.tests01\bin\release\sharpbag.tests.dll" id="b62d0492-14fb-ecd9-4eed-da4b06892ee9">
      <Execution id="88e5604c-2ff6-4cb2-be9c-44b76f7fb925" />
      <TestMethod codeBase="C:/Users/SuprDewd/Desktop/Projects/Forritun/SharpBag/SharpBag.Tests01/bin/Release/SharpBag.Tests.DLL" adapterTypeName="Microsoft.VisualStudio.TestTools.TestTypes.Unit.UnitTestAdapter, Microsoft.VisualStudio.QualityTools.Tips.UnitTest.Adapter, Version=10.0.0.0, Culture=neutral, PublicKeyToken=b03f5f7f11d50a3a" className="SharpBag.ExtensionsTest, SharpBag.Tests, Version=0.0.0.0, Culture=neutral, PublicKeyToken=null" name="InvokeIfRequired01ThrowsContractException984" />
    </UnitTest>
    <UnitTest name="Fill01ThrowsContractException95" storage="c:\users\suprdewd\desktop\projects\forritun\sharpbag\sharpbag.tests01\bin\release\sharpbag.tests.dll" id="bcd2eed5-d66d-4c84-679b-b01a3db87e97">
      <Execution id="fa0ed728-df85-4e0b-8dfc-ce477c49c7ae" />
      <TestMethod codeBase="C:/Users/SuprDewd/Desktop/Projects/Forritun/SharpBag/SharpBag.Tests01/bin/Release/SharpBag.Tests.DLL" adapterTypeName="Microsoft.VisualStudio.TestTools.TestTypes.Unit.UnitTestAdapter, Microsoft.VisualStudio.QualityTools.Tips.UnitTest.Adapter, Version=10.0.0.0, Culture=neutral, PublicKeyToken=b03f5f7f11d50a3a" className="SharpBag.ExtensionsTest, SharpBag.Tests, Version=0.0.0.0, Culture=neutral, PublicKeyToken=null" name="Fill01ThrowsContractException95" />
    </UnitTest>
    <UnitTest name="IsNullableTypeThrowsContractException876" storage="c:\users\suprdewd\desktop\projects\forritun\sharpbag\sharpbag.tests01\bin\release\sharpbag.tests.dll" id="96af950a-9772-2cea-71eb-41187ff283ae">
      <Execution id="850d4d55-b1cd-43a9-b8ca-5a20c15b022d" />
      <TestMethod codeBase="C:/Users/SuprDewd/Desktop/Projects/Forritun/SharpBag/SharpBag.Tests01/bin/Release/SharpBag.Tests.DLL" adapterTypeName="Microsoft.VisualStudio.TestTools.TestTypes.Unit.UnitTestAdapter, Microsoft.VisualStudio.QualityTools.Tips.UnitTest.Adapter, Version=10.0.0.0, Culture=neutral, PublicKeyToken=b03f5f7f11d50a3a" className="SharpBag.ExtensionsTest, SharpBag.Tests, Version=0.0.0.0, Culture=neutral, PublicKeyToken=null" name="IsNullableTypeThrowsContractException876" />
    </UnitTest>
    <UnitTest name="To463" storage="c:\users\suprdewd\desktop\projects\forritun\sharpbag\sharpbag.tests01\bin\release\sharpbag.tests.dll" id="3950117e-1257-8bcc-63aa-35e8e8daf9e2">
      <Execution id="b971a17b-2424-49ba-bae9-30b9cd257eac" />
      <TestMethod codeBase="C:/Users/SuprDewd/Desktop/Projects/Forritun/SharpBag/SharpBag.Tests01/bin/Release/SharpBag.Tests.DLL" adapterTypeName="Microsoft.VisualStudio.TestTools.TestTypes.Unit.UnitTestAdapter, Microsoft.VisualStudio.QualityTools.Tips.UnitTest.Adapter, Version=10.0.0.0, Culture=neutral, PublicKeyToken=b03f5f7f11d50a3a" className="SharpBag.ExtensionsTest, SharpBag.Tests, Version=0.0.0.0, Culture=neutral, PublicKeyToken=null" name="To463" />
    </UnitTest>
    <UnitTest name="As215" storage="c:\users\suprdewd\desktop\projects\forritun\sharpbag\sharpbag.tests01\bin\release\sharpbag.tests.dll" id="7743f34e-ac5f-23a3-8e8f-212222420029">
      <Execution id="162e6595-7f51-41fd-ba06-a22d30fff62f" />
      <TestMethod codeBase="C:/Users/SuprDewd/Desktop/Projects/Forritun/SharpBag/SharpBag.Tests01/bin/Release/SharpBag.Tests.DLL" adapterTypeName="Microsoft.VisualStudio.TestTools.TestTypes.Unit.UnitTestAdapter, Microsoft.VisualStudio.QualityTools.Tips.UnitTest.Adapter, Version=10.0.0.0, Culture=neutral, PublicKeyToken=b03f5f7f11d50a3a" className="SharpBag.ExtensionsTest, SharpBag.Tests, Version=0.0.0.0, Culture=neutral, PublicKeyToken=null" name="As215" />
    </UnitTest>
    <UnitTest name="Times258" storage="c:\users\suprdewd\desktop\projects\forritun\sharpbag\sharpbag.tests01\bin\release\sharpbag.tests.dll" id="635fff99-cecb-31ab-c7e4-e3c205a5337d">
      <Execution id="1d402545-8039-44bd-a31a-4fb0caa9a6ba" />
      <TestMethod codeBase="C:/Users/SuprDewd/Desktop/Projects/Forritun/SharpBag/SharpBag.Tests01/bin/Release/SharpBag.Tests.DLL" adapterTypeName="Microsoft.VisualStudio.TestTools.TestTypes.Unit.UnitTestAdapter, Microsoft.VisualStudio.QualityTools.Tips.UnitTest.Adapter, Version=10.0.0.0, Culture=neutral, PublicKeyToken=b03f5f7f11d50a3a" className="SharpBag.ExtensionsTest, SharpBag.Tests, Version=0.0.0.0, Culture=neutral, PublicKeyToken=null" name="Times258" />
    </UnitTest>
    <UnitTest name="To01203" storage="c:\users\suprdewd\desktop\projects\forritun\sharpbag\sharpbag.tests01\bin\release\sharpbag.tests.dll" id="1199c9cc-d8e3-0309-8136-cef199801af6">
      <Execution id="7c881b94-f2d4-461a-b317-ce02f78a1bbe" />
      <TestMethod codeBase="C:/Users/SuprDewd/Desktop/Projects/Forritun/SharpBag/SharpBag.Tests01/bin/Release/SharpBag.Tests.DLL" adapterTypeName="Microsoft.VisualStudio.TestTools.TestTypes.Unit.UnitTestAdapter, Microsoft.VisualStudio.QualityTools.Tips.UnitTest.Adapter, Version=10.0.0.0, Culture=neutral, PublicKeyToken=b03f5f7f11d50a3a" className="SharpBag.ExtensionsTest, SharpBag.Tests, Version=0.0.0.0, Culture=neutral, PublicKeyToken=null" name="To01203" />
    </UnitTest>
    <UnitTest name="As6" storage="c:\users\suprdewd\desktop\projects\forritun\sharpbag\sharpbag.tests01\bin\release\sharpbag.tests.dll" id="9d4922e1-95bb-cc07-dd59-02aa21bc0c9d">
      <Execution id="27eacc28-47cc-40ba-bc7e-96b7009410da" />
      <TestMethod codeBase="C:/Users/SuprDewd/Desktop/Projects/Forritun/SharpBag/SharpBag.Tests01/bin/Release/SharpBag.Tests.DLL" adapterTypeName="Microsoft.VisualStudio.TestTools.TestTypes.Unit.UnitTestAdapter, Microsoft.VisualStudio.QualityTools.Tips.UnitTest.Adapter, Version=10.0.0.0, Culture=neutral, PublicKeyToken=b03f5f7f11d50a3a" className="SharpBag.ExtensionsTest, SharpBag.Tests, Version=0.0.0.0, Culture=neutral, PublicKeyToken=null" name="As6" />
    </UnitTest>
    <UnitTest name="As0163206" storage="c:\users\suprdewd\desktop\projects\forritun\sharpbag\sharpbag.tests01\bin\release\sharpbag.tests.dll" id="e3e433dc-f656-51bd-faab-b6cc3200c3cc">
      <Execution id="7de4e43d-dada-4420-9fdc-c215cdb546a4" />
      <TestMethod codeBase="C:/Users/SuprDewd/Desktop/Projects/Forritun/SharpBag/SharpBag.Tests01/bin/Release/SharpBag.Tests.DLL" adapterTypeName="Microsoft.VisualStudio.TestTools.TestTypes.Unit.UnitTestAdapter, Microsoft.VisualStudio.QualityTools.Tips.UnitTest.Adapter, Version=10.0.0.0, Culture=neutral, PublicKeyToken=b03f5f7f11d50a3a" className="SharpBag.ExtensionsTest, SharpBag.Tests, Version=0.0.0.0, Culture=neutral, PublicKeyToken=null" name="As0163206" />
    </UnitTest>
    <UnitTest name="To01463" storage="c:\users\suprdewd\desktop\projects\forritun\sharpbag\sharpbag.tests01\bin\release\sharpbag.tests.dll" id="be4a640d-264d-b6fa-ba99-6f190c20c0bb">
      <Execution id="9d0af96f-e244-4a9f-b8d5-d49654831453" />
      <TestMethod codeBase="C:/Users/SuprDewd/Desktop/Projects/Forritun/SharpBag/SharpBag.Tests01/bin/Release/SharpBag.Tests.DLL" adapterTypeName="Microsoft.VisualStudio.TestTools.TestTypes.Unit.UnitTestAdapter, Microsoft.VisualStudio.QualityTools.Tips.UnitTest.Adapter, Version=10.0.0.0, Culture=neutral, PublicKeyToken=b03f5f7f11d50a3a" className="SharpBag.ExtensionsTest, SharpBag.Tests, Version=0.0.0.0, Culture=neutral, PublicKeyToken=null" name="To01463" />
    </UnitTest>
    <UnitTest name="As0136701" storage="c:\users\suprdewd\desktop\projects\forritun\sharpbag\sharpbag.tests01\bin\release\sharpbag.tests.dll" id="de06015f-869e-46b8-4b51-8c7b049b2b96">
      <Execution id="82ae550c-8940-49e3-a177-62aaee323171" />
      <TestMethod codeBase="C:/Users/SuprDewd/Desktop/Projects/Forritun/SharpBag/SharpBag.Tests01/bin/Release/SharpBag.Tests.DLL" adapterTypeName="Microsoft.VisualStudio.TestTools.TestTypes.Unit.UnitTestAdapter, Microsoft.VisualStudio.QualityTools.Tips.UnitTest.Adapter, Version=10.0.0.0, Culture=neutral, PublicKeyToken=b03f5f7f11d50a3a" className="SharpBag.ExtensionsTest, SharpBag.Tests, Version=0.0.0.0, Culture=neutral, PublicKeyToken=null" name="As0136701" />
    </UnitTest>
    <UnitTest name="IsNot859" storage="c:\users\suprdewd\desktop\projects\forritun\sharpbag\sharpbag.tests01\bin\release\sharpbag.tests.dll" id="633e6a31-e7c1-dc4e-810e-71a427cf70a8">
      <Execution id="cd1f16d6-863f-4fa3-bf4b-f8c9883ee09a" />
      <TestMethod codeBase="C:/Users/SuprDewd/Desktop/Projects/Forritun/SharpBag/SharpBag.Tests01/bin/Release/SharpBag.Tests.DLL" adapterTypeName="Microsoft.VisualStudio.TestTools.TestTypes.Unit.UnitTestAdapter, Microsoft.VisualStudio.QualityTools.Tips.UnitTest.Adapter, Version=10.0.0.0, Culture=neutral, PublicKeyToken=b03f5f7f11d50a3a" className="SharpBag.ExtensionsTest, SharpBag.Tests, Version=0.0.0.0, Culture=neutral, PublicKeyToken=null" name="IsNot859" />
    </UnitTest>
    <UnitTest name="Random431" storage="c:\users\suprdewd\desktop\projects\forritun\sharpbag\sharpbag.tests01\bin\release\sharpbag.tests.dll" id="a54e40a4-c460-0f5a-3324-94dd8c77f779">
      <Execution id="de5cd685-d9ee-44db-83ca-e2a0d26c8cd0" />
      <TestMethod codeBase="C:/Users/SuprDewd/Desktop/Projects/Forritun/SharpBag/SharpBag.Tests01/bin/Release/SharpBag.Tests.DLL" adapterTypeName="Microsoft.VisualStudio.TestTools.TestTypes.Unit.UnitTestAdapter, Microsoft.VisualStudio.QualityTools.Tips.UnitTest.Adapter, Version=10.0.0.0, Culture=neutral, PublicKeyToken=b03f5f7f11d50a3a" className="SharpBag.ExtensionsTest, SharpBag.Tests, Version=0.0.0.0, Culture=neutral, PublicKeyToken=null" name="Random431" />
    </UnitTest>
    <UnitTest name="IfNotNull01597" storage="c:\users\suprdewd\desktop\projects\forritun\sharpbag\sharpbag.tests01\bin\release\sharpbag.tests.dll" id="a5017919-7828-b52a-3fcf-0e88954eb83a">
      <Execution id="e533d1ce-2fe2-4dfd-9bf1-6848f0147d53" />
      <TestMethod codeBase="C:/Users/SuprDewd/Desktop/Projects/Forritun/SharpBag/SharpBag.Tests01/bin/Release/SharpBag.Tests.DLL" adapterTypeName="Microsoft.VisualStudio.TestTools.TestTypes.Unit.UnitTestAdapter, Microsoft.VisualStudio.QualityTools.Tips.UnitTest.Adapter, Version=10.0.0.0, Culture=neutral, PublicKeyToken=b03f5f7f11d50a3a" className="SharpBag.ExtensionsTest, SharpBag.Tests, Version=0.0.0.0, Culture=neutral, PublicKeyToken=null" name="IfNotNull01597" />
    </UnitTest>
    <UnitTest name="AsEnumerable56002" storage="c:\users\suprdewd\desktop\projects\forritun\sharpbag\sharpbag.tests01\bin\release\sharpbag.tests.dll" id="ec99d1a9-4b49-a94f-134c-f58d11b57222">
      <Execution id="e0ac224e-073e-4f83-8190-db7a3087760b" />
      <TestMethod codeBase="C:/Users/SuprDewd/Desktop/Projects/Forritun/SharpBag/SharpBag.Tests01/bin/Release/SharpBag.Tests.DLL" adapterTypeName="Microsoft.VisualStudio.TestTools.TestTypes.Unit.UnitTestAdapter, Microsoft.VisualStudio.QualityTools.Tips.UnitTest.Adapter, Version=10.0.0.0, Culture=neutral, PublicKeyToken=b03f5f7f11d50a3a" className="SharpBag.ExtensionsTest, SharpBag.Tests, Version=0.0.0.0, Culture=neutral, PublicKeyToken=null" name="AsEnumerable56002" />
    </UnitTest>
    <UnitTest name="TakeEveryThrowsContractException918" storage="c:\users\suprdewd\desktop\projects\forritun\sharpbag\sharpbag.tests01\bin\release\sharpbag.tests.dll" id="0b08a90e-9c88-bf3f-a353-f732342a57da">
      <Execution id="6cbc23dd-7fb1-497c-8fcc-29b104cbce9b" />
      <TestMethod codeBase="C:/Users/SuprDewd/Desktop/Projects/Forritun/SharpBag/SharpBag.Tests01/bin/Release/SharpBag.Tests.DLL" adapterTypeName="Microsoft.VisualStudio.TestTools.TestTypes.Unit.UnitTestAdapter, Microsoft.VisualStudio.QualityTools.Tips.UnitTest.Adapter, Version=10.0.0.0, Culture=neutral, PublicKeyToken=b03f5f7f11d50a3a" className="SharpBag.ExtensionsTest, SharpBag.Tests, Version=0.0.0.0, Culture=neutral, PublicKeyToken=null" name="TakeEveryThrowsContractException918" />
    </UnitTest>
    <UnitTest name="As01660" storage="c:\users\suprdewd\desktop\projects\forritun\sharpbag\sharpbag.tests01\bin\release\sharpbag.tests.dll" id="0b8785c2-8bd4-a826-60eb-f295a2d7fcb3">
      <Execution id="079ac81a-df16-43b2-a61a-18079a0950ac" />
      <TestMethod codeBase="C:/Users/SuprDewd/Desktop/Projects/Forritun/SharpBag/SharpBag.Tests01/bin/Release/SharpBag.Tests.DLL" adapterTypeName="Microsoft.VisualStudio.TestTools.TestTypes.Unit.UnitTestAdapter, Microsoft.VisualStudio.QualityTools.Tips.UnitTest.Adapter, Version=10.0.0.0, Culture=neutral, PublicKeyToken=b03f5f7f11d50a3a" className="SharpBag.ExtensionsTest, SharpBag.Tests, Version=0.0.0.0, Culture=neutral, PublicKeyToken=null" name="As01660" />
    </UnitTest>
    <UnitTest name="As0166401" storage="c:\users\suprdewd\desktop\projects\forritun\sharpbag\sharpbag.tests01\bin\release\sharpbag.tests.dll" id="2b6a1fd0-ad89-86fe-c32f-c850f3486570">
      <Execution id="a0f814f9-a47f-4e7b-993e-1706c447c1bc" />
      <TestMethod codeBase="C:/Users/SuprDewd/Desktop/Projects/Forritun/SharpBag/SharpBag.Tests01/bin/Release/SharpBag.Tests.DLL" adapterTypeName="Microsoft.VisualStudio.TestTools.TestTypes.Unit.UnitTestAdapter, Microsoft.VisualStudio.QualityTools.Tips.UnitTest.Adapter, Version=10.0.0.0, Culture=neutral, PublicKeyToken=b03f5f7f11d50a3a" className="SharpBag.ExtensionsTest, SharpBag.Tests, Version=0.0.0.0, Culture=neutral, PublicKeyToken=null" name="As0166401" />
    </UnitTest>
    <UnitTest name="As01401" storage="c:\users\suprdewd\desktop\projects\forritun\sharpbag\sharpbag.tests01\bin\release\sharpbag.tests.dll" id="5b905b9d-179c-2930-2f2f-ad7751aea174">
      <Execution id="07125e78-e0ed-4579-b36f-ad88a7357a0f" />
      <TestMethod codeBase="C:/Users/SuprDewd/Desktop/Projects/Forritun/SharpBag/SharpBag.Tests01/bin/Release/SharpBag.Tests.DLL" adapterTypeName="Microsoft.VisualStudio.TestTools.TestTypes.Unit.UnitTestAdapter, Microsoft.VisualStudio.QualityTools.Tips.UnitTest.Adapter, Version=10.0.0.0, Culture=neutral, PublicKeyToken=b03f5f7f11d50a3a" className="SharpBag.ExtensionsTest, SharpBag.Tests, Version=0.0.0.0, Culture=neutral, PublicKeyToken=null" name="As01401" />
    </UnitTest>
    <UnitTest name="As0132101" storage="c:\users\suprdewd\desktop\projects\forritun\sharpbag\sharpbag.tests01\bin\release\sharpbag.tests.dll" id="f4332708-2d9b-652b-a920-66192f9cdfaf">
      <Execution id="8fb65253-8792-4d9f-81a6-8e0c92a007f1" />
      <TestMethod codeBase="C:/Users/SuprDewd/Desktop/Projects/Forritun/SharpBag/SharpBag.Tests01/bin/Release/SharpBag.Tests.DLL" adapterTypeName="Microsoft.VisualStudio.TestTools.TestTypes.Unit.UnitTestAdapter, Microsoft.VisualStudio.QualityTools.Tips.UnitTest.Adapter, Version=10.0.0.0, Culture=neutral, PublicKeyToken=b03f5f7f11d50a3a" className="SharpBag.ExtensionsTest, SharpBag.Tests, Version=0.0.0.0, Culture=neutral, PublicKeyToken=null" name="As0132101" />
    </UnitTest>
    <UnitTest name="SubarrayThrowsIndexOutOfRangeException822" storage="c:\users\suprdewd\desktop\projects\forritun\sharpbag\sharpbag.tests01\bin\release\sharpbag.tests.dll" id="db3db7d1-baa6-fdfc-5ffe-240de016744d">
      <Execution id="c2eede97-3393-46fe-b2ec-d45a2f4ef3ab" />
      <TestMethod codeBase="C:/Users/SuprDewd/Desktop/Projects/Forritun/SharpBag/SharpBag.Tests01/bin/Release/SharpBag.Tests.DLL" adapterTypeName="Microsoft.VisualStudio.TestTools.TestTypes.Unit.UnitTestAdapter, Microsoft.VisualStudio.QualityTools.Tips.UnitTest.Adapter, Version=10.0.0.0, Culture=neutral, PublicKeyToken=b03f5f7f11d50a3a" className="SharpBag.ExtensionsTest, SharpBag.Tests, Version=0.0.0.0, Culture=neutral, PublicKeyToken=null" name="SubarrayThrowsIndexOutOfRangeException822" />
    </UnitTest>
    <UnitTest name="IsIn570" storage="c:\users\suprdewd\desktop\projects\forritun\sharpbag\sharpbag.tests01\bin\release\sharpbag.tests.dll" id="1e811e95-82b3-7182-a1a6-ec99686bab87">
      <Execution id="c6268389-f813-4244-a178-d5a53ff42986" />
      <TestMethod codeBase="C:/Users/SuprDewd/Desktop/Projects/Forritun/SharpBag/SharpBag.Tests01/bin/Release/SharpBag.Tests.DLL" adapterTypeName="Microsoft.VisualStudio.TestTools.TestTypes.Unit.UnitTestAdapter, Microsoft.VisualStudio.QualityTools.Tips.UnitTest.Adapter, Version=10.0.0.0, Culture=neutral, PublicKeyToken=b03f5f7f11d50a3a" className="SharpBag.ExtensionsTest, SharpBag.Tests, Version=0.0.0.0, Culture=neutral, PublicKeyToken=null" name="IsIn570" />
    </UnitTest>
    <UnitTest name="NullOr907" storage="c:\users\suprdewd\desktop\projects\forritun\sharpbag\sharpbag.tests01\bin\release\sharpbag.tests.dll" id="1fa5b7ed-be1a-69d3-e35d-61c48c394d37">
      <Execution id="499d4180-7cbd-4aea-b2c2-10679025e0ff" />
      <TestMethod codeBase="C:/Users/SuprDewd/Desktop/Projects/Forritun/SharpBag/SharpBag.Tests01/bin/Release/SharpBag.Tests.DLL" adapterTypeName="Microsoft.VisualStudio.TestTools.TestTypes.Unit.UnitTestAdapter, Microsoft.VisualStudio.QualityTools.Tips.UnitTest.Adapter, Version=10.0.0.0, Culture=neutral, PublicKeyToken=b03f5f7f11d50a3a" className="SharpBag.ExtensionsTest, SharpBag.Tests, Version=0.0.0.0, Culture=neutral, PublicKeyToken=null" name="NullOr907" />
    </UnitTest>
    <UnitTest name="As0163204" storage="c:\users\suprdewd\desktop\projects\forritun\sharpbag\sharpbag.tests01\bin\release\sharpbag.tests.dll" id="d9b4351c-7a62-1cab-5792-b4bc31c2d3e2">
      <Execution id="6171430a-9245-4620-a472-1bd03d8206e0" />
      <TestMethod codeBase="C:/Users/SuprDewd/Desktop/Projects/Forritun/SharpBag/SharpBag.Tests01/bin/Release/SharpBag.Tests.DLL" adapterTypeName="Microsoft.VisualStudio.TestTools.TestTypes.Unit.UnitTestAdapter, Microsoft.VisualStudio.QualityTools.Tips.UnitTest.Adapter, Version=10.0.0.0, Culture=neutral, PublicKeyToken=b03f5f7f11d50a3a" className="SharpBag.ExtensionsTest, SharpBag.Tests, Version=0.0.0.0, Culture=neutral, PublicKeyToken=null" name="As0163204" />
    </UnitTest>
    <UnitTest name="RandomThrowsContractException574" storage="c:\users\suprdewd\desktop\projects\forritun\sharpbag\sharpbag.tests01\bin\release\sharpbag.tests.dll" id="1ddea7a7-fe10-238b-7e4c-5401f2a78e2b">
      <Execution id="6e0a18c6-a320-448e-a08b-5971787cd16a" />
      <TestMethod codeBase="C:/Users/SuprDewd/Desktop/Projects/Forritun/SharpBag/SharpBag.Tests01/bin/Release/SharpBag.Tests.DLL" adapterTypeName="Microsoft.VisualStudio.TestTools.TestTypes.Unit.UnitTestAdapter, Microsoft.VisualStudio.QualityTools.Tips.UnitTest.Adapter, Version=10.0.0.0, Culture=neutral, PublicKeyToken=b03f5f7f11d50a3a" className="SharpBag.ExtensionsTest, SharpBag.Tests, Version=0.0.0.0, Culture=neutral, PublicKeyToken=null" name="RandomThrowsContractException574" />
    </UnitTest>
    <UnitTest name="NullOr90701" storage="c:\users\suprdewd\desktop\projects\forritun\sharpbag\sharpbag.tests01\bin\release\sharpbag.tests.dll" id="4183213a-6645-16c2-af8b-e5bfcf7442d8">
      <Execution id="7bf67f94-4fff-433a-bcf2-9f4c0c79eb26" />
      <TestMethod codeBase="C:/Users/SuprDewd/Desktop/Projects/Forritun/SharpBag/SharpBag.Tests01/bin/Release/SharpBag.Tests.DLL" adapterTypeName="Microsoft.VisualStudio.TestTools.TestTypes.Unit.UnitTestAdapter, Microsoft.VisualStudio.QualityTools.Tips.UnitTest.Adapter, Version=10.0.0.0, Culture=neutral, PublicKeyToken=b03f5f7f11d50a3a" className="SharpBag.ExtensionsTest, SharpBag.Tests, Version=0.0.0.0, Culture=neutral, PublicKeyToken=null" name="NullOr90701" />
    </UnitTest>
    <UnitTest name="ForEach78802" storage="c:\users\suprdewd\desktop\projects\forritun\sharpbag\sharpbag.tests01\bin\release\sharpbag.tests.dll" id="34aa3cd1-c558-0302-e5aa-355d37850848">
      <Execution id="5201353d-b5c5-4932-bf3f-edb635c2c3ac" />
      <TestMethod codeBase="C:/Users/SuprDewd/Desktop/Projects/Forritun/SharpBag/SharpBag.Tests01/bin/Release/SharpBag.Tests.DLL" adapterTypeName="Microsoft.VisualStudio.TestTools.TestTypes.Unit.UnitTestAdapter, Microsoft.VisualStudio.QualityTools.Tips.UnitTest.Adapter, Version=10.0.0.0, Culture=neutral, PublicKeyToken=b03f5f7f11d50a3a" className="SharpBag.ExtensionsTest, SharpBag.Tests, Version=0.0.0.0, Culture=neutral, PublicKeyToken=null" name="ForEach78802" />
    </UnitTest>
    <UnitTest name="UnionAll02ThrowsContractException412" storage="c:\users\suprdewd\desktop\projects\forritun\sharpbag\sharpbag.tests01\bin\release\sharpbag.tests.dll" id="135a3025-77e5-46ab-cdc0-1fc37de1ad5c">
      <Execution id="9cd56a0f-d606-4a4c-a1d5-f1690faf8699" />
      <TestMethod codeBase="C:/Users/SuprDewd/Desktop/Projects/Forritun/SharpBag/SharpBag.Tests01/bin/Release/SharpBag.Tests.DLL" adapterTypeName="Microsoft.VisualStudio.TestTools.TestTypes.Unit.UnitTestAdapter, Microsoft.VisualStudio.QualityTools.Tips.UnitTest.Adapter, Version=10.0.0.0, Culture=neutral, PublicKeyToken=b03f5f7f11d50a3a" className="SharpBag.ExtensionsTest, SharpBag.Tests, Version=0.0.0.0, Culture=neutral, PublicKeyToken=null" name="UnionAll02ThrowsContractException412" />
    </UnitTest>
    <UnitTest name="IfNotNull0192301" storage="c:\users\suprdewd\desktop\projects\forritun\sharpbag\sharpbag.tests01\bin\release\sharpbag.tests.dll" id="49aa9228-e307-ef3c-566e-386137588923">
      <Execution id="faa4454a-4140-48e6-8fd4-018913151b22" />
      <TestMethod codeBase="C:/Users/SuprDewd/Desktop/Projects/Forritun/SharpBag/SharpBag.Tests01/bin/Release/SharpBag.Tests.DLL" adapterTypeName="Microsoft.VisualStudio.TestTools.TestTypes.Unit.UnitTestAdapter, Microsoft.VisualStudio.QualityTools.Tips.UnitTest.Adapter, Version=10.0.0.0, Culture=neutral, PublicKeyToken=b03f5f7f11d50a3a" className="SharpBag.ExtensionsTest, SharpBag.Tests, Version=0.0.0.0, Culture=neutral, PublicKeyToken=null" name="IfNotNull0192301" />
    </UnitTest>
    <UnitTest name="IfNotNull47702" storage="c:\users\suprdewd\desktop\projects\forritun\sharpbag\sharpbag.tests01\bin\release\sharpbag.tests.dll" id="db3b4c9b-bf56-f07b-1edd-3db630376de3">
      <Execution id="277a9259-24c2-4256-ba45-1ec5d8bb92a8" />
      <TestMethod codeBase="C:/Users/SuprDewd/Desktop/Projects/Forritun/SharpBag/SharpBag.Tests01/bin/Release/SharpBag.Tests.DLL" adapterTypeName="Microsoft.VisualStudio.TestTools.TestTypes.Unit.UnitTestAdapter, Microsoft.VisualStudio.QualityTools.Tips.UnitTest.Adapter, Version=10.0.0.0, Culture=neutral, PublicKeyToken=b03f5f7f11d50a3a" className="SharpBag.ExtensionsTest, SharpBag.Tests, Version=0.0.0.0, Culture=neutral, PublicKeyToken=null" name="IfNotNull47702" />
    </UnitTest>
    <UnitTest name="As66" storage="c:\users\suprdewd\desktop\projects\forritun\sharpbag\sharpbag.tests01\bin\release\sharpbag.tests.dll" id="2b439315-a245-09eb-2a28-a8a156c3b963">
      <Execution id="e87d8d22-a1a9-43bc-bf5a-d652b77376de" />
      <TestMethod codeBase="C:/Users/SuprDewd/Desktop/Projects/Forritun/SharpBag/SharpBag.Tests01/bin/Release/SharpBag.Tests.DLL" adapterTypeName="Microsoft.VisualStudio.TestTools.TestTypes.Unit.UnitTestAdapter, Microsoft.VisualStudio.QualityTools.Tips.UnitTest.Adapter, Version=10.0.0.0, Culture=neutral, PublicKeyToken=b03f5f7f11d50a3a" className="SharpBag.ExtensionsTest, SharpBag.Tests, Version=0.0.0.0, Culture=neutral, PublicKeyToken=null" name="As66" />
    </UnitTest>
    <UnitTest name="AsEnumerable0128301" storage="c:\users\suprdewd\desktop\projects\forritun\sharpbag\sharpbag.tests01\bin\release\sharpbag.tests.dll" id="42f45f10-504d-0d19-0e58-1ea2105c69e9">
      <Execution id="ce85b69d-ce82-4caa-ba7e-497d11348654" />
      <TestMethod codeBase="C:/Users/SuprDewd/Desktop/Projects/Forritun/SharpBag/SharpBag.Tests01/bin/Release/SharpBag.Tests.DLL" adapterTypeName="Microsoft.VisualStudio.TestTools.TestTypes.Unit.UnitTestAdapter, Microsoft.VisualStudio.QualityTools.Tips.UnitTest.Adapter, Version=10.0.0.0, Culture=neutral, PublicKeyToken=b03f5f7f11d50a3a" className="SharpBag.ExtensionsTest, SharpBag.Tests, Version=0.0.0.0, Culture=neutral, PublicKeyToken=null" name="AsEnumerable0128301" />
    </UnitTest>
    <UnitTest name="As0163223" storage="c:\users\suprdewd\desktop\projects\forritun\sharpbag\sharpbag.tests01\bin\release\sharpbag.tests.dll" id="ec55615d-1e36-c752-f2bf-b20284d0ae33">
      <Execution id="112baddc-7f3c-4ad4-892e-0bf8465e1ec1" />
      <TestMethod codeBase="C:/Users/SuprDewd/Desktop/Projects/Forritun/SharpBag/SharpBag.Tests01/bin/Release/SharpBag.Tests.DLL" adapterTypeName="Microsoft.VisualStudio.TestTools.TestTypes.Unit.UnitTestAdapter, Microsoft.VisualStudio.QualityTools.Tips.UnitTest.Adapter, Version=10.0.0.0, Culture=neutral, PublicKeyToken=b03f5f7f11d50a3a" className="SharpBag.ExtensionsTest, SharpBag.Tests, Version=0.0.0.0, Culture=neutral, PublicKeyToken=null" name="As0163223" />
    </UnitTest>
    <UnitTest name="As014" storage="c:\users\suprdewd\desktop\projects\forritun\sharpbag\sharpbag.tests01\bin\release\sharpbag.tests.dll" id="7edd5b56-0f03-8716-c3c8-130b2e422ca5">
      <Execution id="90584b3d-41a8-4e18-9ab4-117db4c24f6c" />
      <TestMethod codeBase="C:/Users/SuprDewd/Desktop/Projects/Forritun/SharpBag/SharpBag.Tests01/bin/Release/SharpBag.Tests.DLL" adapterTypeName="Microsoft.VisualStudio.TestTools.TestTypes.Unit.UnitTestAdapter, Microsoft.VisualStudio.QualityTools.Tips.UnitTest.Adapter, Version=10.0.0.0, Culture=neutral, PublicKeyToken=b03f5f7f11d50a3a" className="SharpBag.ExtensionsTest, SharpBag.Tests, Version=0.0.0.0, Culture=neutral, PublicKeyToken=null" name="As014" />
    </UnitTest>
    <UnitTest name="Random01ThrowsContractException824" storage="c:\users\suprdewd\desktop\projects\forritun\sharpbag\sharpbag.tests01\bin\release\sharpbag.tests.dll" id="1b9103d0-5cae-0f4c-09ff-459b405bb125">
      <Execution id="d986548c-a638-4da6-bfcb-bee95d1dc09c" />
      <TestMethod codeBase="C:/Users/SuprDewd/Desktop/Projects/Forritun/SharpBag/SharpBag.Tests01/bin/Release/SharpBag.Tests.DLL" adapterTypeName="Microsoft.VisualStudio.TestTools.TestTypes.Unit.UnitTestAdapter, Microsoft.VisualStudio.QualityTools.Tips.UnitTest.Adapter, Version=10.0.0.0, Culture=neutral, PublicKeyToken=b03f5f7f11d50a3a" className="SharpBag.ExtensionsTest, SharpBag.Tests, Version=0.0.0.0, Culture=neutral, PublicKeyToken=null" name="Random01ThrowsContractException824" />
    </UnitTest>
    <UnitTest name="Subarray709" storage="c:\users\suprdewd\desktop\projects\forritun\sharpbag\sharpbag.tests01\bin\release\sharpbag.tests.dll" id="04c53adc-df51-85a8-3dcb-278e962fc112">
      <Execution id="7bc03d4f-0e6f-4519-a6da-c7484d5edc87" />
      <TestMethod codeBase="C:/Users/SuprDewd/Desktop/Projects/Forritun/SharpBag/SharpBag.Tests01/bin/Release/SharpBag.Tests.DLL" adapterTypeName="Microsoft.VisualStudio.TestTools.TestTypes.Unit.UnitTestAdapter, Microsoft.VisualStudio.QualityTools.Tips.UnitTest.Adapter, Version=10.0.0.0, Culture=neutral, PublicKeyToken=b03f5f7f11d50a3a" className="SharpBag.ExtensionsTest, SharpBag.Tests, Version=0.0.0.0, Culture=neutral, PublicKeyToken=null" name="Subarray709" />
    </UnitTest>
    <UnitTest name="As0166402" storage="c:\users\suprdewd\desktop\projects\forritun\sharpbag\sharpbag.tests01\bin\release\sharpbag.tests.dll" id="7a9400e0-6f1a-74cc-aaf2-4e620d01eac4">
      <Execution id="a98b42a2-b768-4eb3-bf23-59b8123000ba" />
      <TestMethod codeBase="C:/Users/SuprDewd/Desktop/Projects/Forritun/SharpBag/SharpBag.Tests01/bin/Release/SharpBag.Tests.DLL" adapterTypeName="Microsoft.VisualStudio.TestTools.TestTypes.Unit.UnitTestAdapter, Microsoft.VisualStudio.QualityTools.Tips.UnitTest.Adapter, Version=10.0.0.0, Culture=neutral, PublicKeyToken=b03f5f7f11d50a3a" className="SharpBag.ExtensionsTest, SharpBag.Tests, Version=0.0.0.0, Culture=neutral, PublicKeyToken=null" name="As0166402" />
    </UnitTest>
    <UnitTest name="AsEnumerableThrowsContractException993" storage="c:\users\suprdewd\desktop\projects\forritun\sharpbag\sharpbag.tests01\bin\release\sharpbag.tests.dll" id="a4d79828-c09a-4b3a-debd-ff9c5c818608">
      <Execution id="4c847d32-bee2-4666-b633-afd524235615" />
      <TestMethod codeBase="C:/Users/SuprDewd/Desktop/Projects/Forritun/SharpBag/SharpBag.Tests01/bin/Release/SharpBag.Tests.DLL" adapterTypeName="Microsoft.VisualStudio.TestTools.TestTypes.Unit.UnitTestAdapter, Microsoft.VisualStudio.QualityTools.Tips.UnitTest.Adapter, Version=10.0.0.0, Culture=neutral, PublicKeyToken=b03f5f7f11d50a3a" className="SharpBag.ExtensionsTest, SharpBag.Tests, Version=0.0.0.0, Culture=neutral, PublicKeyToken=null" name="AsEnumerableThrowsContractException993" />
    </UnitTest>
    <UnitTest name="As763" storage="c:\users\suprdewd\desktop\projects\forritun\sharpbag\sharpbag.tests01\bin\release\sharpbag.tests.dll" id="808822f6-9c85-0a33-f1f9-4d64c79fb975">
      <Execution id="61062ce7-874a-4652-ab37-e283362128ee" />
      <TestMethod codeBase="C:/Users/SuprDewd/Desktop/Projects/Forritun/SharpBag/SharpBag.Tests01/bin/Release/SharpBag.Tests.DLL" adapterTypeName="Microsoft.VisualStudio.TestTools.TestTypes.Unit.UnitTestAdapter, Microsoft.VisualStudio.QualityTools.Tips.UnitTest.Adapter, Version=10.0.0.0, Culture=neutral, PublicKeyToken=b03f5f7f11d50a3a" className="SharpBag.ExtensionsTest, SharpBag.Tests, Version=0.0.0.0, Culture=neutral, PublicKeyToken=null" name="As763" />
    </UnitTest>
    <UnitTest name="To04886" storage="c:\users\suprdewd\desktop\projects\forritun\sharpbag\sharpbag.tests01\bin\release\sharpbag.tests.dll" id="aa22a9b8-be5f-7c6d-f18d-55627b642600">
      <Execution id="f45d65e6-612c-4ce1-8f0e-fe9ac17be191" />
      <TestMethod codeBase="C:/Users/SuprDewd/Desktop/Projects/Forritun/SharpBag/SharpBag.Tests01/bin/Release/SharpBag.Tests.DLL" adapterTypeName="Microsoft.VisualStudio.TestTools.TestTypes.Unit.UnitTestAdapter, Microsoft.VisualStudio.QualityTools.Tips.UnitTest.Adapter, Version=10.0.0.0, Culture=neutral, PublicKeyToken=b03f5f7f11d50a3a" className="SharpBag.ExtensionsTest, SharpBag.Tests, Version=0.0.0.0, Culture=neutral, PublicKeyToken=null" name="To04886" />
    </UnitTest>
    <UnitTest name="As01ThrowsContractException194" storage="c:\users\suprdewd\desktop\projects\forritun\sharpbag\sharpbag.tests01\bin\release\sharpbag.tests.dll" id="06c7c50a-2cfb-defa-4126-b6fc950aaafe">
      <Execution id="145969da-6e6e-4083-9761-4ef3432c536d" />
      <TestMethod codeBase="C:/Users/SuprDewd/Desktop/Projects/Forritun/SharpBag/SharpBag.Tests01/bin/Release/SharpBag.Tests.DLL" adapterTypeName="Microsoft.VisualStudio.TestTools.TestTypes.Unit.UnitTestAdapter, Microsoft.VisualStudio.QualityTools.Tips.UnitTest.Adapter, Version=10.0.0.0, Culture=neutral, PublicKeyToken=b03f5f7f11d50a3a" className="SharpBag.ExtensionsTest, SharpBag.Tests, Version=0.0.0.0, Culture=neutral, PublicKeyToken=null" name="As01ThrowsContractException194" />
    </UnitTest>
    <UnitTest name="ForEach12501" storage="c:\users\suprdewd\desktop\projects\forritun\sharpbag\sharpbag.tests01\bin\release\sharpbag.tests.dll" id="8a248c8c-38d6-117a-cb08-bb2fddeae117">
      <Execution id="d1317fd5-c407-4535-8ef8-17ade07a8fa8" />
      <TestMethod codeBase="C:/Users/SuprDewd/Desktop/Projects/Forritun/SharpBag/SharpBag.Tests01/bin/Release/SharpBag.Tests.DLL" adapterTypeName="Microsoft.VisualStudio.TestTools.TestTypes.Unit.UnitTestAdapter, Microsoft.VisualStudio.QualityTools.Tips.UnitTest.Adapter, Version=10.0.0.0, Culture=neutral, PublicKeyToken=b03f5f7f11d50a3a" className="SharpBag.ExtensionsTest, SharpBag.Tests, Version=0.0.0.0, Culture=neutral, PublicKeyToken=null" name="ForEach12501" />
    </UnitTest>
    <UnitTest name="If79" storage="c:\users\suprdewd\desktop\projects\forritun\sharpbag\sharpbag.tests01\bin\release\sharpbag.tests.dll" id="18234ca5-6af0-1355-5140-f92645f28e01">
      <Execution id="1aa82bdd-27d0-45b5-97ad-379dd8fadfd4" />
      <TestMethod codeBase="C:/Users/SuprDewd/Desktop/Projects/Forritun/SharpBag/SharpBag.Tests01/bin/Release/SharpBag.Tests.DLL" adapterTypeName="Microsoft.VisualStudio.TestTools.TestTypes.Unit.UnitTestAdapter, Microsoft.VisualStudio.QualityTools.Tips.UnitTest.Adapter, Version=10.0.0.0, Culture=neutral, PublicKeyToken=b03f5f7f11d50a3a" className="SharpBag.ExtensionsTest, SharpBag.Tests, Version=0.0.0.0, Culture=neutral, PublicKeyToken=null" name="If79" />
    </UnitTest>
    <UnitTest name="As0136702" storage="c:\users\suprdewd\desktop\projects\forritun\sharpbag\sharpbag.tests01\bin\release\sharpbag.tests.dll" id="f791b1fc-7ecf-06ad-9b72-838a0f1da804">
      <Execution id="4e80a1a3-6946-4926-bc82-d0d28edc50e2" />
      <TestMethod codeBase="C:/Users/SuprDewd/Desktop/Projects/Forritun/SharpBag/SharpBag.Tests01/bin/Release/SharpBag.Tests.DLL" adapterTypeName="Microsoft.VisualStudio.TestTools.TestTypes.Unit.UnitTestAdapter, Microsoft.VisualStudio.QualityTools.Tips.UnitTest.Adapter, Version=10.0.0.0, Culture=neutral, PublicKeyToken=b03f5f7f11d50a3a" className="SharpBag.ExtensionsTest, SharpBag.Tests, Version=0.0.0.0, Culture=neutral, PublicKeyToken=null" name="As0136702" />
    </UnitTest>
    <UnitTest name="SubarrayThrowsContractException290" storage="c:\users\suprdewd\desktop\projects\forritun\sharpbag\sharpbag.tests01\bin\release\sharpbag.tests.dll" id="bacd5d20-af9a-e4cc-a40a-d6c0c11ab93b">
      <Execution id="40187053-4c70-48fb-aa1b-f33cc245a241" />
      <TestMethod codeBase="C:/Users/SuprDewd/Desktop/Projects/Forritun/SharpBag/SharpBag.Tests01/bin/Release/SharpBag.Tests.DLL" adapterTypeName="Microsoft.VisualStudio.TestTools.TestTypes.Unit.UnitTestAdapter, Microsoft.VisualStudio.QualityTools.Tips.UnitTest.Adapter, Version=10.0.0.0, Culture=neutral, PublicKeyToken=b03f5f7f11d50a3a" className="SharpBag.ExtensionsTest, SharpBag.Tests, Version=0.0.0.0, Culture=neutral, PublicKeyToken=null" name="SubarrayThrowsContractException290" />
    </UnitTest>
    <UnitTest name="ForEach125" storage="c:\users\suprdewd\desktop\projects\forritun\sharpbag\sharpbag.tests01\bin\release\sharpbag.tests.dll" id="193af604-0c49-1c0a-39c2-739404c2ca21">
      <Execution id="67c65244-51bd-4430-a6b0-89bf4ff2aaae" />
      <TestMethod codeBase="C:/Users/SuprDewd/Desktop/Projects/Forritun/SharpBag/SharpBag.Tests01/bin/Release/SharpBag.Tests.DLL" adapterTypeName="Microsoft.VisualStudio.TestTools.TestTypes.Unit.UnitTestAdapter, Microsoft.VisualStudio.QualityTools.Tips.UnitTest.Adapter, Version=10.0.0.0, Culture=neutral, PublicKeyToken=b03f5f7f11d50a3a" className="SharpBag.ExtensionsTest, SharpBag.Tests, Version=0.0.0.0, Culture=neutral, PublicKeyToken=null" name="ForEach125" />
    </UnitTest>
    <UnitTest name="As01664" storage="c:\users\suprdewd\desktop\projects\forritun\sharpbag\sharpbag.tests01\bin\release\sharpbag.tests.dll" id="dfddd698-039d-4cb7-341a-94646b1b9270">
      <Execution id="07f536ce-b820-40ed-babe-a4ad43db52cf" />
      <TestMethod codeBase="C:/Users/SuprDewd/Desktop/Projects/Forritun/SharpBag/SharpBag.Tests01/bin/Release/SharpBag.Tests.DLL" adapterTypeName="Microsoft.VisualStudio.TestTools.TestTypes.Unit.UnitTestAdapter, Microsoft.VisualStudio.QualityTools.Tips.UnitTest.Adapter, Version=10.0.0.0, Culture=neutral, PublicKeyToken=b03f5f7f11d50a3a" className="SharpBag.ExtensionsTest, SharpBag.Tests, Version=0.0.0.0, Culture=neutral, PublicKeyToken=null" name="As01664" />
    </UnitTest>
    <UnitTest name="EmptyIfNull122" storage="c:\users\suprdewd\desktop\projects\forritun\sharpbag\sharpbag.tests01\bin\release\sharpbag.tests.dll" id="3902168e-77cb-c1b4-c44f-4336ab3b86bd">
      <Execution id="41cf9d29-b8cf-47c3-84d3-ba01ce50beb4" />
      <TestMethod codeBase="C:/Users/SuprDewd/Desktop/Projects/Forritun/SharpBag/SharpBag.Tests01/bin/Release/SharpBag.Tests.DLL" adapterTypeName="Microsoft.VisualStudio.TestTools.TestTypes.Unit.UnitTestAdapter, Microsoft.VisualStudio.QualityTools.Tips.UnitTest.Adapter, Version=10.0.0.0, Culture=neutral, PublicKeyToken=b03f5f7f11d50a3a" className="SharpBag.ExtensionsTest, SharpBag.Tests, Version=0.0.0.0, Culture=neutral, PublicKeyToken=null" name="EmptyIfNull122" />
    </UnitTest>
    <UnitTest name="ForEach78801" storage="c:\users\suprdewd\desktop\projects\forritun\sharpbag\sharpbag.tests01\bin\release\sharpbag.tests.dll" id="a45582f8-3825-adac-44bf-8fa9e3381e89">
      <Execution id="8ae84175-5621-4778-a922-958c19007781" />
      <TestMethod codeBase="C:/Users/SuprDewd/Desktop/Projects/Forritun/SharpBag/SharpBag.Tests01/bin/Release/SharpBag.Tests.DLL" adapterTypeName="Microsoft.VisualStudio.TestTools.TestTypes.Unit.UnitTestAdapter, Microsoft.VisualStudio.QualityTools.Tips.UnitTest.Adapter, Version=10.0.0.0, Culture=neutral, PublicKeyToken=b03f5f7f11d50a3a" className="SharpBag.ExtensionsTest, SharpBag.Tests, Version=0.0.0.0, Culture=neutral, PublicKeyToken=null" name="ForEach78801" />
    </UnitTest>
    <UnitTest name="IfNotNull0192302" storage="c:\users\suprdewd\desktop\projects\forritun\sharpbag\sharpbag.tests01\bin\release\sharpbag.tests.dll" id="a65b5eab-4121-901b-449c-fc9aba07d07b">
      <Execution id="3020f05d-d8aa-4591-b40b-78aeaf84e5c2" />
      <TestMethod codeBase="C:/Users/SuprDewd/Desktop/Projects/Forritun/SharpBag/SharpBag.Tests01/bin/Release/SharpBag.Tests.DLL" adapterTypeName="Microsoft.VisualStudio.TestTools.TestTypes.Unit.UnitTestAdapter, Microsoft.VisualStudio.QualityTools.Tips.UnitTest.Adapter, Version=10.0.0.0, Culture=neutral, PublicKeyToken=b03f5f7f11d50a3a" className="SharpBag.ExtensionsTest, SharpBag.Tests, Version=0.0.0.0, Culture=neutral, PublicKeyToken=null" name="IfNotNull0192302" />
    </UnitTest>
    <UnitTest name="Fill01688" storage="c:\users\suprdewd\desktop\projects\forritun\sharpbag\sharpbag.tests01\bin\release\sharpbag.tests.dll" id="d400fa75-dd71-d01b-c6b4-e354835a9d50">
      <Execution id="3a05466c-6891-4770-9c7c-5fba7295d5fe" />
      <TestMethod codeBase="C:/Users/SuprDewd/Desktop/Projects/Forritun/SharpBag/SharpBag.Tests01/bin/Release/SharpBag.Tests.DLL" adapterTypeName="Microsoft.VisualStudio.TestTools.TestTypes.Unit.UnitTestAdapter, Microsoft.VisualStudio.QualityTools.Tips.UnitTest.Adapter, Version=10.0.0.0, Culture=neutral, PublicKeyToken=b03f5f7f11d50a3a" className="SharpBag.ExtensionsTest, SharpBag.Tests, Version=0.0.0.0, Culture=neutral, PublicKeyToken=null" name="Fill01688" />
    </UnitTest>
    <UnitTest name="To203" storage="c:\users\suprdewd\desktop\projects\forritun\sharpbag\sharpbag.tests01\bin\release\sharpbag.tests.dll" id="2f442340-39d2-2141-feae-caa93af13693">
      <Execution id="09c52f74-73f4-411b-bc1e-626099b76d72" />
      <TestMethod codeBase="C:/Users/SuprDewd/Desktop/Projects/Forritun/SharpBag/SharpBag.Tests01/bin/Release/SharpBag.Tests.DLL" adapterTypeName="Microsoft.VisualStudio.TestTools.TestTypes.Unit.UnitTestAdapter, Microsoft.VisualStudio.QualityTools.Tips.UnitTest.Adapter, Version=10.0.0.0, Culture=neutral, PublicKeyToken=b03f5f7f11d50a3a" className="SharpBag.ExtensionsTest, SharpBag.Tests, Version=0.0.0.0, Culture=neutral, PublicKeyToken=null" name="To203" />
    </UnitTest>
    <UnitTest name="As01303" storage="c:\users\suprdewd\desktop\projects\forritun\sharpbag\sharpbag.tests01\bin\release\sharpbag.tests.dll" id="3d3988d3-9563-f144-e6f1-47341372fdea">
      <Execution id="3c8a18fd-6b0b-4dfc-b30b-277818fe5306" />
      <TestMethod codeBase="C:/Users/SuprDewd/Desktop/Projects/Forritun/SharpBag/SharpBag.Tests01/bin/Release/SharpBag.Tests.DLL" adapterTypeName="Microsoft.VisualStudio.TestTools.TestTypes.Unit.UnitTestAdapter, Microsoft.VisualStudio.QualityTools.Tips.UnitTest.Adapter, Version=10.0.0.0, Culture=neutral, PublicKeyToken=b03f5f7f11d50a3a" className="SharpBag.ExtensionsTest, SharpBag.Tests, Version=0.0.0.0, Culture=neutral, PublicKeyToken=null" name="As01303" />
    </UnitTest>
    <UnitTest name="As21506" storage="c:\users\suprdewd\desktop\projects\forritun\sharpbag\sharpbag.tests01\bin\release\sharpbag.tests.dll" id="bdf234ab-0f12-2337-9094-2671833caeec">
      <Execution id="19bf17c0-9b21-4a1b-aa70-9933aad2f211" />
      <TestMethod codeBase="C:/Users/SuprDewd/Desktop/Projects/Forritun/SharpBag/SharpBag.Tests01/bin/Release/SharpBag.Tests.DLL" adapterTypeName="Microsoft.VisualStudio.TestTools.TestTypes.Unit.UnitTestAdapter, Microsoft.VisualStudio.QualityTools.Tips.UnitTest.Adapter, Version=10.0.0.0, Culture=neutral, PublicKeyToken=b03f5f7f11d50a3a" className="SharpBag.ExtensionsTest, SharpBag.Tests, Version=0.0.0.0, Culture=neutral, PublicKeyToken=null" name="As21506" />
    </UnitTest>
    <UnitTest name="Add29602" storage="c:\users\suprdewd\desktop\projects\forritun\sharpbag\sharpbag.tests01\bin\release\sharpbag.tests.dll" id="d820847a-a64d-718b-5774-4886058277c3">
      <Execution id="5e733463-a8cc-434b-8570-865e1a3db295" />
      <TestMethod codeBase="C:/Users/SuprDewd/Desktop/Projects/Forritun/SharpBag/SharpBag.Tests01/bin/Release/SharpBag.Tests.DLL" adapterTypeName="Microsoft.VisualStudio.TestTools.TestTypes.Unit.UnitTestAdapter, Microsoft.VisualStudio.QualityTools.Tips.UnitTest.Adapter, Version=10.0.0.0, Culture=neutral, PublicKeyToken=b03f5f7f11d50a3a" className="SharpBag.ExtensionsTest, SharpBag.Tests, Version=0.0.0.0, Culture=neutral, PublicKeyToken=null" name="Add29602" />
    </UnitTest>
    <UnitTest name="NullOrThrowsContractException657" storage="c:\users\suprdewd\desktop\projects\forritun\sharpbag\sharpbag.tests01\bin\release\sharpbag.tests.dll" id="fb6423e0-5921-8d06-caf6-13f5b7daee22">
      <Execution id="97bd534d-6e78-47e5-abc7-afa63080f27f" />
      <TestMethod codeBase="C:/Users/SuprDewd/Desktop/Projects/Forritun/SharpBag/SharpBag.Tests01/bin/Release/SharpBag.Tests.DLL" adapterTypeName="Microsoft.VisualStudio.TestTools.TestTypes.Unit.UnitTestAdapter, Microsoft.VisualStudio.QualityTools.Tips.UnitTest.Adapter, Version=10.0.0.0, Culture=neutral, PublicKeyToken=b03f5f7f11d50a3a" className="SharpBag.ExtensionsTest, SharpBag.Tests, Version=0.0.0.0, Culture=neutral, PublicKeyToken=null" name="NullOrThrowsContractException657" />
    </UnitTest>
    <UnitTest name="As21503" storage="c:\users\suprdewd\desktop\projects\forritun\sharpbag\sharpbag.tests01\bin\release\sharpbag.tests.dll" id="b03d2b82-a5f5-4a0a-521f-fd9e431b28da">
      <Execution id="6afeac4b-48dc-4e17-aab6-e502dc45e81b" />
      <TestMethod codeBase="C:/Users/SuprDewd/Desktop/Projects/Forritun/SharpBag/SharpBag.Tests01/bin/Release/SharpBag.Tests.DLL" adapterTypeName="Microsoft.VisualStudio.TestTools.TestTypes.Unit.UnitTestAdapter, Microsoft.VisualStudio.QualityTools.Tips.UnitTest.Adapter, Version=10.0.0.0, Culture=neutral, PublicKeyToken=b03f5f7f11d50a3a" className="SharpBag.ExtensionsTest, SharpBag.Tests, Version=0.0.0.0, Culture=neutral, PublicKeyToken=null" name="As21503" />
    </UnitTest>
    <UnitTest name="Fill0168802" storage="c:\users\suprdewd\desktop\projects\forritun\sharpbag\sharpbag.tests01\bin\release\sharpbag.tests.dll" id="c3e8dcc2-bac7-2a0c-9c06-8dc4838145f3">
      <Execution id="377729ed-407e-4a60-a8b0-56b57a2e0e94" />
      <TestMethod codeBase="C:/Users/SuprDewd/Desktop/Projects/Forritun/SharpBag/SharpBag.Tests01/bin/Release/SharpBag.Tests.DLL" adapterTypeName="Microsoft.VisualStudio.TestTools.TestTypes.Unit.UnitTestAdapter, Microsoft.VisualStudio.QualityTools.Tips.UnitTest.Adapter, Version=10.0.0.0, Culture=neutral, PublicKeyToken=b03f5f7f11d50a3a" className="SharpBag.ExtensionsTest, SharpBag.Tests, Version=0.0.0.0, Culture=neutral, PublicKeyToken=null" name="Fill0168802" />
    </UnitTest>
    <UnitTest name="As21505" storage="c:\users\suprdewd\desktop\projects\forritun\sharpbag\sharpbag.tests01\bin\release\sharpbag.tests.dll" id="2250a8be-6947-1057-ceec-e49c62f651fa">
      <Execution id="5b6ac940-c21a-46fa-892a-25f10b77ec51" />
      <TestMethod codeBase="C:/Users/SuprDewd/Desktop/Projects/Forritun/SharpBag/SharpBag.Tests01/bin/Release/SharpBag.Tests.DLL" adapterTypeName="Microsoft.VisualStudio.TestTools.TestTypes.Unit.UnitTestAdapter, Microsoft.VisualStudio.QualityTools.Tips.UnitTest.Adapter, Version=10.0.0.0, Culture=neutral, PublicKeyToken=b03f5f7f11d50a3a" className="SharpBag.ExtensionsTest, SharpBag.Tests, Version=0.0.0.0, Culture=neutral, PublicKeyToken=null" name="As21505" />
    </UnitTest>
    <UnitTest name="As0132104" storage="c:\users\suprdewd\desktop\projects\forritun\sharpbag\sharpbag.tests01\bin\release\sharpbag.tests.dll" id="b30e4a1d-f330-da4d-3e81-5c536003275c">
      <Execution id="8dcfa345-9120-4006-afec-8cdfe59def93" />
      <TestMethod codeBase="C:/Users/SuprDewd/Desktop/Projects/Forritun/SharpBag/SharpBag.Tests01/bin/Release/SharpBag.Tests.DLL" adapterTypeName="Microsoft.VisualStudio.TestTools.TestTypes.Unit.UnitTestAdapter, Microsoft.VisualStudio.QualityTools.Tips.UnitTest.Adapter, Version=10.0.0.0, Culture=neutral, PublicKeyToken=b03f5f7f11d50a3a" className="SharpBag.ExtensionsTest, SharpBag.Tests, Version=0.0.0.0, Culture=neutral, PublicKeyToken=null" name="As0132104" />
    </UnitTest>
    <UnitTest name="As0163216" storage="c:\users\suprdewd\desktop\projects\forritun\sharpbag\sharpbag.tests01\bin\release\sharpbag.tests.dll" id="ee7a26ae-f08b-c1d5-713f-d21139c592b9">
      <Execution id="fc713417-991d-403a-9c45-741e6d3b7724" />
      <TestMethod codeBase="C:/Users/SuprDewd/Desktop/Projects/Forritun/SharpBag/SharpBag.Tests01/bin/Release/SharpBag.Tests.DLL" adapterTypeName="Microsoft.VisualStudio.TestTools.TestTypes.Unit.UnitTestAdapter, Microsoft.VisualStudio.QualityTools.Tips.UnitTest.Adapter, Version=10.0.0.0, Culture=neutral, PublicKeyToken=b03f5f7f11d50a3a" className="SharpBag.ExtensionsTest, SharpBag.Tests, Version=0.0.0.0, Culture=neutral, PublicKeyToken=null" name="As0163216" />
    </UnitTest>
    <UnitTest name="TakeEveryThrowsContractException57" storage="c:\users\suprdewd\desktop\projects\forritun\sharpbag\sharpbag.tests01\bin\release\sharpbag.tests.dll" id="71fdaff9-49bf-b223-1fec-b90817ed9152">
      <Execution id="b7040632-1685-41e4-97fc-1d657d9aae3f" />
      <TestMethod codeBase="C:/Users/SuprDewd/Desktop/Projects/Forritun/SharpBag/SharpBag.Tests01/bin/Release/SharpBag.Tests.DLL" adapterTypeName="Microsoft.VisualStudio.TestTools.TestTypes.Unit.UnitTestAdapter, Microsoft.VisualStudio.QualityTools.Tips.UnitTest.Adapter, Version=10.0.0.0, Culture=neutral, PublicKeyToken=b03f5f7f11d50a3a" className="SharpBag.ExtensionsTest, SharpBag.Tests, Version=0.0.0.0, Culture=neutral, PublicKeyToken=null" name="TakeEveryThrowsContractException57" />
    </UnitTest>
    <UnitTest name="As01632" storage="c:\users\suprdewd\desktop\projects\forritun\sharpbag\sharpbag.tests01\bin\release\sharpbag.tests.dll" id="f685a220-cae8-50b0-d543-46e310017a33">
      <Execution id="3245d5cb-da48-4bf4-a86b-1cf14cbbe976" />
      <TestMethod codeBase="C:/Users/SuprDewd/Desktop/Projects/Forritun/SharpBag/SharpBag.Tests01/bin/Release/SharpBag.Tests.DLL" adapterTypeName="Microsoft.VisualStudio.TestTools.TestTypes.Unit.UnitTestAdapter, Microsoft.VisualStudio.QualityTools.Tips.UnitTest.Adapter, Version=10.0.0.0, Culture=neutral, PublicKeyToken=b03f5f7f11d50a3a" className="SharpBag.ExtensionsTest, SharpBag.Tests, Version=0.0.0.0, Culture=neutral, PublicKeyToken=null" name="As01632" />
    </UnitTest>
    <UnitTest name="SubarrayThrowsContractException621" storage="c:\users\suprdewd\desktop\projects\forritun\sharpbag\sharpbag.tests01\bin\release\sharpbag.tests.dll" id="bddd9413-fc0c-f7bd-9469-9c1af52ef87f">
      <Execution id="8ebbd881-789a-4f1f-8cc8-248f003e9a31" />
      <TestMethod codeBase="C:/Users/SuprDewd/Desktop/Projects/Forritun/SharpBag/SharpBag.Tests01/bin/Release/SharpBag.Tests.DLL" adapterTypeName="Microsoft.VisualStudio.TestTools.TestTypes.Unit.UnitTestAdapter, Microsoft.VisualStudio.QualityTools.Tips.UnitTest.Adapter, Version=10.0.0.0, Culture=neutral, PublicKeyToken=b03f5f7f11d50a3a" className="SharpBag.ExtensionsTest, SharpBag.Tests, Version=0.0.0.0, Culture=neutral, PublicKeyToken=null" name="SubarrayThrowsContractException621" />
    </UnitTest>
    <UnitTest name="ToDictionaryThrowsContractException647" storage="c:\users\suprdewd\desktop\projects\forritun\sharpbag\sharpbag.tests01\bin\release\sharpbag.tests.dll" id="67060c20-8464-3afb-a152-2d973dbdaed1">
      <Execution id="67f11454-6983-47c0-a52b-3b0bd69b0fa5" />
      <TestMethod codeBase="C:/Users/SuprDewd/Desktop/Projects/Forritun/SharpBag/SharpBag.Tests01/bin/Release/SharpBag.Tests.DLL" adapterTypeName="Microsoft.VisualStudio.TestTools.TestTypes.Unit.UnitTestAdapter, Microsoft.VisualStudio.QualityTools.Tips.UnitTest.Adapter, Version=10.0.0.0, Culture=neutral, PublicKeyToken=b03f5f7f11d50a3a" className="SharpBag.ExtensionsTest, SharpBag.Tests, Version=0.0.0.0, Culture=neutral, PublicKeyToken=null" name="ToDictionaryThrowsContractException647" />
    </UnitTest>
    <UnitTest name="As0163205" storage="c:\users\suprdewd\desktop\projects\forritun\sharpbag\sharpbag.tests01\bin\release\sharpbag.tests.dll" id="48745f52-01da-5495-8edc-495e0a033ca1">
      <Execution id="f30bcfbb-4bfe-4381-bf20-97c70972459b" />
      <TestMethod codeBase="C:/Users/SuprDewd/Desktop/Projects/Forritun/SharpBag/SharpBag.Tests01/bin/Release/SharpBag.Tests.DLL" adapterTypeName="Microsoft.VisualStudio.TestTools.TestTypes.Unit.UnitTestAdapter, Microsoft.VisualStudio.QualityTools.Tips.UnitTest.Adapter, Version=10.0.0.0, Culture=neutral, PublicKeyToken=b03f5f7f11d50a3a" className="SharpBag.ExtensionsTest, SharpBag.Tests, Version=0.0.0.0, Culture=neutral, PublicKeyToken=null" name="As0163205" />
    </UnitTest>
    <UnitTest name="As0163219" storage="c:\users\suprdewd\desktop\projects\forritun\sharpbag\sharpbag.tests01\bin\release\sharpbag.tests.dll" id="40b13692-f736-7aca-afa5-678a24ba3ffc">
      <Execution id="4e84d314-a468-4376-9d08-627c84baaa81" />
      <TestMethod codeBase="C:/Users/SuprDewd/Desktop/Projects/Forritun/SharpBag/SharpBag.Tests01/bin/Release/SharpBag.Tests.DLL" adapterTypeName="Microsoft.VisualStudio.TestTools.TestTypes.Unit.UnitTestAdapter, Microsoft.VisualStudio.QualityTools.Tips.UnitTest.Adapter, Version=10.0.0.0, Culture=neutral, PublicKeyToken=b03f5f7f11d50a3a" className="SharpBag.ExtensionsTest, SharpBag.Tests, Version=0.0.0.0, Culture=neutral, PublicKeyToken=null" name="As0163219" />
    </UnitTest>
    <UnitTest name="As0163208" storage="c:\users\suprdewd\desktop\projects\forritun\sharpbag\sharpbag.tests01\bin\release\sharpbag.tests.dll" id="b51e8365-ff64-84bf-89d7-6e6cedcc3dbf">
      <Execution id="80558110-a83b-4ab3-a4b9-e68868c819ab" />
      <TestMethod codeBase="C:/Users/SuprDewd/Desktop/Projects/Forritun/SharpBag/SharpBag.Tests01/bin/Release/SharpBag.Tests.DLL" adapterTypeName="Microsoft.VisualStudio.TestTools.TestTypes.Unit.UnitTestAdapter, Microsoft.VisualStudio.QualityTools.Tips.UnitTest.Adapter, Version=10.0.0.0, Culture=neutral, PublicKeyToken=b03f5f7f11d50a3a" className="SharpBag.ExtensionsTest, SharpBag.Tests, Version=0.0.0.0, Culture=neutral, PublicKeyToken=null" name="As0163208" />
    </UnitTest>
    <UnitTest name="Add60902" storage="c:\users\suprdewd\desktop\projects\forritun\sharpbag\sharpbag.tests01\bin\release\sharpbag.tests.dll" id="22fb3f0c-8177-2102-3c97-5cd124eaf953">
      <Execution id="97e109be-2e95-4860-b066-d629b645833b" />
      <TestMethod codeBase="C:/Users/SuprDewd/Desktop/Projects/Forritun/SharpBag/SharpBag.Tests01/bin/Release/SharpBag.Tests.DLL" adapterTypeName="Microsoft.VisualStudio.TestTools.TestTypes.Unit.UnitTestAdapter, Microsoft.VisualStudio.QualityTools.Tips.UnitTest.Adapter, Version=10.0.0.0, Culture=neutral, PublicKeyToken=b03f5f7f11d50a3a" className="SharpBag.ExtensionsTest, SharpBag.Tests, Version=0.0.0.0, Culture=neutral, PublicKeyToken=null" name="Add60902" />
    </UnitTest>
    <UnitTest name="As0163202" storage="c:\users\suprdewd\desktop\projects\forritun\sharpbag\sharpbag.tests01\bin\release\sharpbag.tests.dll" id="5aba0e57-1e97-6240-5ce7-34738ec9892e">
      <Execution id="6dfec86a-27d0-4772-8509-0cee347cc228" />
      <TestMethod codeBase="C:/Users/SuprDewd/Desktop/Projects/Forritun/SharpBag/SharpBag.Tests01/bin/Release/SharpBag.Tests.DLL" adapterTypeName="Microsoft.VisualStudio.TestTools.TestTypes.Unit.UnitTestAdapter, Microsoft.VisualStudio.QualityTools.Tips.UnitTest.Adapter, Version=10.0.0.0, Culture=neutral, PublicKeyToken=b03f5f7f11d50a3a" className="SharpBag.ExtensionsTest, SharpBag.Tests, Version=0.0.0.0, Culture=neutral, PublicKeyToken=null" name="As0163202" />
    </UnitTest>
    <UnitTest name="InvokeIfRequiredThrowsContractException859" storage="c:\users\suprdewd\desktop\projects\forritun\sharpbag\sharpbag.tests01\bin\release\sharpbag.tests.dll" id="50331d74-5beb-6efe-fe3a-6ee556b0f21a">
      <Execution id="7699514b-8558-48ae-8c9f-9c84db04cddd" />
      <TestMethod codeBase="C:/Users/SuprDewd/Desktop/Projects/Forritun/SharpBag/SharpBag.Tests01/bin/Release/SharpBag.Tests.DLL" adapterTypeName="Microsoft.VisualStudio.TestTools.TestTypes.Unit.UnitTestAdapter, Microsoft.VisualStudio.QualityTools.Tips.UnitTest.Adapter, Version=10.0.0.0, Culture=neutral, PublicKeyToken=b03f5f7f11d50a3a" className="SharpBag.ExtensionsTest, SharpBag.Tests, Version=0.0.0.0, Culture=neutral, PublicKeyToken=null" name="InvokeIfRequiredThrowsContractException859" />
    </UnitTest>
    <UnitTest name="AsEnumerable560" storage="c:\users\suprdewd\desktop\projects\forritun\sharpbag\sharpbag.tests01\bin\release\sharpbag.tests.dll" id="84a133d0-001f-a986-72f9-cc05e5f25751">
      <Execution id="e8da3e1c-3f79-459a-a5c4-bc00f9dbf797" />
      <TestMethod codeBase="C:/Users/SuprDewd/Desktop/Projects/Forritun/SharpBag/SharpBag.Tests01/bin/Release/SharpBag.Tests.DLL" adapterTypeName="Microsoft.VisualStudio.TestTools.TestTypes.Unit.UnitTestAdapter, Microsoft.VisualStudio.QualityTools.Tips.UnitTest.Adapter, Version=10.0.0.0, Culture=neutral, PublicKeyToken=b03f5f7f11d50a3a" className="SharpBag.ExtensionsTest, SharpBag.Tests, Version=0.0.0.0, Culture=neutral, PublicKeyToken=null" name="AsEnumerable560" />
    </UnitTest>
    <UnitTest name="As0166001" storage="c:\users\suprdewd\desktop\projects\forritun\sharpbag\sharpbag.tests01\bin\release\sharpbag.tests.dll" id="4a5ccd91-8853-f0cc-c6d0-af1603a36ab2">
      <Execution id="efea8f92-df46-49bf-b2ea-e2c712d8c3c8" />
      <TestMethod codeBase="C:/Users/SuprDewd/Desktop/Projects/Forritun/SharpBag/SharpBag.Tests01/bin/Release/SharpBag.Tests.DLL" adapterTypeName="Microsoft.VisualStudio.TestTools.TestTypes.Unit.UnitTestAdapter, Microsoft.VisualStudio.QualityTools.Tips.UnitTest.Adapter, Version=10.0.0.0, Culture=neutral, PublicKeyToken=b03f5f7f11d50a3a" className="SharpBag.ExtensionsTest, SharpBag.Tests, Version=0.0.0.0, Culture=neutral, PublicKeyToken=null" name="As0166001" />
    </UnitTest>
    <UnitTest name="Add88501" storage="c:\users\suprdewd\desktop\projects\forritun\sharpbag\sharpbag.tests01\bin\release\sharpbag.tests.dll" id="8795f817-2bb9-9d00-f981-a3a8a2b7335e">
      <Execution id="1098447d-9829-4467-ae79-94ff42c52fbf" />
      <TestMethod codeBase="C:/Users/SuprDewd/Desktop/Projects/Forritun/SharpBag/SharpBag.Tests01/bin/Release/SharpBag.Tests.DLL" adapterTypeName="Microsoft.VisualStudio.TestTools.TestTypes.Unit.UnitTestAdapter, Microsoft.VisualStudio.QualityTools.Tips.UnitTest.Adapter, Version=10.0.0.0, Culture=neutral, PublicKeyToken=b03f5f7f11d50a3a" className="SharpBag.ExtensionsTest, SharpBag.Tests, Version=0.0.0.0, Culture=neutral, PublicKeyToken=null" name="Add88501" />
    </UnitTest>
    <UnitTest name="AsEnumerable0258802" storage="c:\users\suprdewd\desktop\projects\forritun\sharpbag\sharpbag.tests01\bin\release\sharpbag.tests.dll" id="80c446f8-daa9-dd90-7ba0-f56b79877aec">
      <Execution id="9fa17882-52ac-4cbc-99d3-26b93ac3d769" />
      <TestMethod codeBase="C:/Users/SuprDewd/Desktop/Projects/Forritun/SharpBag/SharpBag.Tests01/bin/Release/SharpBag.Tests.DLL" adapterTypeName="Microsoft.VisualStudio.TestTools.TestTypes.Unit.UnitTestAdapter, Microsoft.VisualStudio.QualityTools.Tips.UnitTest.Adapter, Version=10.0.0.0, Culture=neutral, PublicKeyToken=b03f5f7f11d50a3a" className="SharpBag.ExtensionsTest, SharpBag.Tests, Version=0.0.0.0, Culture=neutral, PublicKeyToken=null" name="AsEnumerable0258802" />
    </UnitTest>
    <UnitTest name="As01983" storage="c:\users\suprdewd\desktop\projects\forritun\sharpbag\sharpbag.tests01\bin\release\sharpbag.tests.dll" id="f50339b2-56a6-fab9-1b43-e437b5e0a59d">
      <Execution id="01f1419f-a1b8-461e-8d7a-5db2a39acad5" />
      <TestMethod codeBase="C:/Users/SuprDewd/Desktop/Projects/Forritun/SharpBag/SharpBag.Tests01/bin/Release/SharpBag.Tests.DLL" adapterTypeName="Microsoft.VisualStudio.TestTools.TestTypes.Unit.UnitTestAdapter, Microsoft.VisualStudio.QualityTools.Tips.UnitTest.Adapter, Version=10.0.0.0, Culture=neutral, PublicKeyToken=b03f5f7f11d50a3a" className="SharpBag.ExtensionsTest, SharpBag.Tests, Version=0.0.0.0, Culture=neutral, PublicKeyToken=null" name="As01983" />
    </UnitTest>
    <UnitTest name="As0163217" storage="c:\users\suprdewd\desktop\projects\forritun\sharpbag\sharpbag.tests01\bin\release\sharpbag.tests.dll" id="e966bfbe-0422-eb75-f093-b800f9c629b7">
      <Execution id="192205ce-4802-42a9-8ae0-99904ee1cab1" />
      <TestMethod codeBase="C:/Users/SuprDewd/Desktop/Projects/Forritun/SharpBag/SharpBag.Tests01/bin/Release/SharpBag.Tests.DLL" adapterTypeName="Microsoft.VisualStudio.TestTools.TestTypes.Unit.UnitTestAdapter, Microsoft.VisualStudio.QualityTools.Tips.UnitTest.Adapter, Version=10.0.0.0, Culture=neutral, PublicKeyToken=b03f5f7f11d50a3a" className="SharpBag.ExtensionsTest, SharpBag.Tests, Version=0.0.0.0, Culture=neutral, PublicKeyToken=null" name="As0163217" />
    </UnitTest>
    <UnitTest name="As01321" storage="c:\users\suprdewd\desktop\projects\forritun\sharpbag\sharpbag.tests01\bin\release\sharpbag.tests.dll" id="ec491029-dab5-3481-ec80-f35631103905">
      <Execution id="c95e1086-91e5-41e9-895f-963682a6cf8e" />
      <TestMethod codeBase="C:/Users/SuprDewd/Desktop/Projects/Forritun/SharpBag/SharpBag.Tests01/bin/Release/SharpBag.Tests.DLL" adapterTypeName="Microsoft.VisualStudio.TestTools.TestTypes.Unit.UnitTestAdapter, Microsoft.VisualStudio.QualityTools.Tips.UnitTest.Adapter, Version=10.0.0.0, Culture=neutral, PublicKeyToken=b03f5f7f11d50a3a" className="SharpBag.ExtensionsTest, SharpBag.Tests, Version=0.0.0.0, Culture=neutral, PublicKeyToken=null" name="As01321" />
    </UnitTest>
    <UnitTest name="As0163218" storage="c:\users\suprdewd\desktop\projects\forritun\sharpbag\sharpbag.tests01\bin\release\sharpbag.tests.dll" id="3403c50d-2a71-9a27-1ea8-652ff438ba45">
      <Execution id="7bd54d01-2f0b-4e09-86e1-c048b451e048" />
      <TestMethod codeBase="C:/Users/SuprDewd/Desktop/Projects/Forritun/SharpBag/SharpBag.Tests01/bin/Release/SharpBag.Tests.DLL" adapterTypeName="Microsoft.VisualStudio.TestTools.TestTypes.Unit.UnitTestAdapter, Microsoft.VisualStudio.QualityTools.Tips.UnitTest.Adapter, Version=10.0.0.0, Culture=neutral, PublicKeyToken=b03f5f7f11d50a3a" className="SharpBag.ExtensionsTest, SharpBag.Tests, Version=0.0.0.0, Culture=neutral, PublicKeyToken=null" name="As0163218" />
    </UnitTest>
    <UnitTest name="Add885" storage="c:\users\suprdewd\desktop\projects\forritun\sharpbag\sharpbag.tests01\bin\release\sharpbag.tests.dll" id="8076c83d-2717-5964-7e9d-50cc5e2706b9">
      <Execution id="4b66f443-4551-4040-b6b8-b3225610b590" />
      <TestMethod codeBase="C:/Users/SuprDewd/Desktop/Projects/Forritun/SharpBag/SharpBag.Tests01/bin/Release/SharpBag.Tests.DLL" adapterTypeName="Microsoft.VisualStudio.TestTools.TestTypes.Unit.UnitTestAdapter, Microsoft.VisualStudio.QualityTools.Tips.UnitTest.Adapter, Version=10.0.0.0, Culture=neutral, PublicKeyToken=b03f5f7f11d50a3a" className="SharpBag.ExtensionsTest, SharpBag.Tests, Version=0.0.0.0, Culture=neutral, PublicKeyToken=null" name="Add885" />
    </UnitTest>
    <UnitTest name="As01402" storage="c:\users\suprdewd\desktop\projects\forritun\sharpbag\sharpbag.tests01\bin\release\sharpbag.tests.dll" id="7ba074f7-37b4-86ab-f897-639c59c7afb2">
      <Execution id="256288a6-da68-4199-90eb-a9de604132cd" />
      <TestMethod codeBase="C:/Users/SuprDewd/Desktop/Projects/Forritun/SharpBag/SharpBag.Tests01/bin/Release/SharpBag.Tests.DLL" adapterTypeName="Microsoft.VisualStudio.TestTools.TestTypes.Unit.UnitTestAdapter, Microsoft.VisualStudio.QualityTools.Tips.UnitTest.Adapter, Version=10.0.0.0, Culture=neutral, PublicKeyToken=b03f5f7f11d50a3a" className="SharpBag.ExtensionsTest, SharpBag.Tests, Version=0.0.0.0, Culture=neutral, PublicKeyToken=null" name="As01402" />
    </UnitTest>
    <UnitTest name="AsEnumerable02588" storage="c:\users\suprdewd\desktop\projects\forritun\sharpbag\sharpbag.tests01\bin\release\sharpbag.tests.dll" id="099b6629-b323-a9b6-3641-ebce58ee0f7c">
      <Execution id="8a863cb6-3ad6-4f7f-adc4-895de3cf1140" />
      <TestMethod codeBase="C:/Users/SuprDewd/Desktop/Projects/Forritun/SharpBag/SharpBag.Tests01/bin/Release/SharpBag.Tests.DLL" adapterTypeName="Microsoft.VisualStudio.TestTools.TestTypes.Unit.UnitTestAdapter, Microsoft.VisualStudio.QualityTools.Tips.UnitTest.Adapter, Version=10.0.0.0, Culture=neutral, PublicKeyToken=b03f5f7f11d50a3a" className="SharpBag.ExtensionsTest, SharpBag.Tests, Version=0.0.0.0, Culture=neutral, PublicKeyToken=null" name="AsEnumerable02588" />
    </UnitTest>
    <UnitTest name="Fill0110502" storage="c:\users\suprdewd\desktop\projects\forritun\sharpbag\sharpbag.tests01\bin\release\sharpbag.tests.dll" id="8449ab5e-c7c8-6deb-cb03-833888a032c6">
      <Execution id="324cacb6-a834-4c02-9c5a-29e42a4aaa2a" />
      <TestMethod codeBase="C:/Users/SuprDewd/Desktop/Projects/Forritun/SharpBag/SharpBag.Tests01/bin/Release/SharpBag.Tests.DLL" adapterTypeName="Microsoft.VisualStudio.TestTools.TestTypes.Unit.UnitTestAdapter, Microsoft.VisualStudio.QualityTools.Tips.UnitTest.Adapter, Version=10.0.0.0, Culture=neutral, PublicKeyToken=b03f5f7f11d50a3a" className="SharpBag.ExtensionsTest, SharpBag.Tests, Version=0.0.0.0, Culture=neutral, PublicKeyToken=null" name="Fill0110502" />
    </UnitTest>
    <UnitTest name="As0198301" storage="c:\users\suprdewd\desktop\projects\forritun\sharpbag\sharpbag.tests01\bin\release\sharpbag.tests.dll" id="43271b50-9462-4bb7-5e78-3783a2d68504">
      <Execution id="95e3dafe-fc7b-4335-a176-03de381e21ca" />
      <TestMethod codeBase="C:/Users/SuprDewd/Desktop/Projects/Forritun/SharpBag/SharpBag.Tests01/bin/Release/SharpBag.Tests.DLL" adapterTypeName="Microsoft.VisualStudio.TestTools.TestTypes.Unit.UnitTestAdapter, Microsoft.VisualStudio.QualityTools.Tips.UnitTest.Adapter, Version=10.0.0.0, Culture=neutral, PublicKeyToken=b03f5f7f11d50a3a" className="SharpBag.ExtensionsTest, SharpBag.Tests, Version=0.0.0.0, Culture=neutral, PublicKeyToken=null" name="As0198301" />
    </UnitTest>
    <UnitTest name="As0163224" storage="c:\users\suprdewd\desktop\projects\forritun\sharpbag\sharpbag.tests01\bin\release\sharpbag.tests.dll" id="389db5b6-ab96-a436-4af4-f75359c85bc2">
      <Execution id="7dd91246-e179-4044-9745-3b3a67eebe1c" />
      <TestMethod codeBase="C:/Users/SuprDewd/Desktop/Projects/Forritun/SharpBag/SharpBag.Tests01/bin/Release/SharpBag.Tests.DLL" adapterTypeName="Microsoft.VisualStudio.TestTools.TestTypes.Unit.UnitTestAdapter, Microsoft.VisualStudio.QualityTools.Tips.UnitTest.Adapter, Version=10.0.0.0, Culture=neutral, PublicKeyToken=b03f5f7f11d50a3a" className="SharpBag.ExtensionsTest, SharpBag.Tests, Version=0.0.0.0, Culture=neutral, PublicKeyToken=null" name="As0163224" />
    </UnitTest>
    <UnitTest name="RangeThrowsContractException958" storage="c:\users\suprdewd\desktop\projects\forritun\sharpbag\sharpbag.tests01\bin\release\sharpbag.tests.dll" id="0cb477c5-7b02-500d-45eb-bb863b0c13bb">
      <Execution id="f56d6ad6-adc6-43b0-a248-91fc2b94c2d7" />
      <TestMethod codeBase="C:/Users/SuprDewd/Desktop/Projects/Forritun/SharpBag/SharpBag.Tests01/bin/Release/SharpBag.Tests.DLL" adapterTypeName="Microsoft.VisualStudio.TestTools.TestTypes.Unit.UnitTestAdapter, Microsoft.VisualStudio.QualityTools.Tips.UnitTest.Adapter, Version=10.0.0.0, Culture=neutral, PublicKeyToken=b03f5f7f11d50a3a" className="SharpBag.ExtensionsTest, SharpBag.Tests, Version=0.0.0.0, Culture=neutral, PublicKeyToken=null" name="RangeThrowsContractException958" />
    </UnitTest>
    <UnitTest name="To01ThrowsContractException160" storage="c:\users\suprdewd\desktop\projects\forritun\sharpbag\sharpbag.tests01\bin\release\sharpbag.tests.dll" id="6d798907-2cda-5ed7-51cd-5487f7235fb8">
      <Execution id="9e94b72f-37fe-4586-9f59-7106d959c0a9" />
      <TestMethod codeBase="C:/Users/SuprDewd/Desktop/Projects/Forritun/SharpBag/SharpBag.Tests01/bin/Release/SharpBag.Tests.DLL" adapterTypeName="Microsoft.VisualStudio.TestTools.TestTypes.Unit.UnitTestAdapter, Microsoft.VisualStudio.QualityTools.Tips.UnitTest.Adapter, Version=10.0.0.0, Culture=neutral, PublicKeyToken=b03f5f7f11d50a3a" className="SharpBag.ExtensionsTest, SharpBag.Tests, Version=0.0.0.0, Culture=neutral, PublicKeyToken=null" name="To01ThrowsContractException160" />
    </UnitTest>
    <UnitTest name="As0163226" storage="c:\users\suprdewd\desktop\projects\forritun\sharpbag\sharpbag.tests01\bin\release\sharpbag.tests.dll" id="be772578-3bd6-fe1e-69ad-baa513f62b0b">
      <Execution id="5f2e90ea-e391-4011-912c-46b96bc6c228" />
      <TestMethod codeBase="C:/Users/SuprDewd/Desktop/Projects/Forritun/SharpBag/SharpBag.Tests01/bin/Release/SharpBag.Tests.DLL" adapterTypeName="Microsoft.VisualStudio.TestTools.TestTypes.Unit.UnitTestAdapter, Microsoft.VisualStudio.QualityTools.Tips.UnitTest.Adapter, Version=10.0.0.0, Culture=neutral, PublicKeyToken=b03f5f7f11d50a3a" className="SharpBag.ExtensionsTest, SharpBag.Tests, Version=0.0.0.0, Culture=neutral, PublicKeyToken=null" name="As0163226" />
    </UnitTest>
    <UnitTest name="NullOr90702" storage="c:\users\suprdewd\desktop\projects\forritun\sharpbag\sharpbag.tests01\bin\release\sharpbag.tests.dll" id="8f214c0c-af12-b9fb-ae32-e2f0e522a10f">
      <Execution id="da487742-2e73-4a2a-961c-7eb9a3efb520" />
      <TestMethod codeBase="C:/Users/SuprDewd/Desktop/Projects/Forritun/SharpBag/SharpBag.Tests01/bin/Release/SharpBag.Tests.DLL" adapterTypeName="Microsoft.VisualStudio.TestTools.TestTypes.Unit.UnitTestAdapter, Microsoft.VisualStudio.QualityTools.Tips.UnitTest.Adapter, Version=10.0.0.0, Culture=neutral, PublicKeyToken=b03f5f7f11d50a3a" className="SharpBag.ExtensionsTest, SharpBag.Tests, Version=0.0.0.0, Culture=neutral, PublicKeyToken=null" name="NullOr90702" />
    </UnitTest>
    <UnitTest name="To01637" storage="c:\users\suprdewd\desktop\projects\forritun\sharpbag\sharpbag.tests01\bin\release\sharpbag.tests.dll" id="5514446b-a7eb-a40a-85ab-240a248bba2a">
      <Execution id="73b854c2-b00d-497c-81e6-467b258fa813" />
      <TestMethod codeBase="C:/Users/SuprDewd/Desktop/Projects/Forritun/SharpBag/SharpBag.Tests01/bin/Release/SharpBag.Tests.DLL" adapterTypeName="Microsoft.VisualStudio.TestTools.TestTypes.Unit.UnitTestAdapter, Microsoft.VisualStudio.QualityTools.Tips.UnitTest.Adapter, Version=10.0.0.0, Culture=neutral, PublicKeyToken=b03f5f7f11d50a3a" className="SharpBag.ExtensionsTest, SharpBag.Tests, Version=0.0.0.0, Culture=neutral, PublicKeyToken=null" name="To01637" />
    </UnitTest>
    <UnitTest name="As0130302" storage="c:\users\suprdewd\desktop\projects\forritun\sharpbag\sharpbag.tests01\bin\release\sharpbag.tests.dll" id="bf4b4d8f-a9c5-278f-9d0c-4140566dfe7e">
      <Execution id="6f476c05-7a94-4876-92e0-6f20424546ec" />
      <TestMethod codeBase="C:/Users/SuprDewd/Desktop/Projects/Forritun/SharpBag/SharpBag.Tests01/bin/Release/SharpBag.Tests.DLL" adapterTypeName="Microsoft.VisualStudio.TestTools.TestTypes.Unit.UnitTestAdapter, Microsoft.VisualStudio.QualityTools.Tips.UnitTest.Adapter, Version=10.0.0.0, Culture=neutral, PublicKeyToken=b03f5f7f11d50a3a" className="SharpBag.ExtensionsTest, SharpBag.Tests, Version=0.0.0.0, Culture=neutral, PublicKeyToken=null" name="As0130302" />
    </UnitTest>
    <UnitTest name="IfNotNull01923" storage="c:\users\suprdewd\desktop\projects\forritun\sharpbag\sharpbag.tests01\bin\release\sharpbag.tests.dll" id="46f11c29-0946-1ee3-1afe-afb72995b905">
      <Execution id="705a654c-277f-45d7-88a3-96debbff6efa" />
      <TestMethod codeBase="C:/Users/SuprDewd/Desktop/Projects/Forritun/SharpBag/SharpBag.Tests01/bin/Release/SharpBag.Tests.DLL" adapterTypeName="Microsoft.VisualStudio.TestTools.TestTypes.Unit.UnitTestAdapter, Microsoft.VisualStudio.QualityTools.Tips.UnitTest.Adapter, Version=10.0.0.0, Culture=neutral, PublicKeyToken=b03f5f7f11d50a3a" className="SharpBag.ExtensionsTest, SharpBag.Tests, Version=0.0.0.0, Culture=neutral, PublicKeyToken=null" name="IfNotNull01923" />
    </UnitTest>
    <UnitTest name="UnionAll01355" storage="c:\users\suprdewd\desktop\projects\forritun\sharpbag\sharpbag.tests01\bin\release\sharpbag.tests.dll" id="752747b0-a36b-eb83-ec59-1c939066a812">
      <Execution id="1b003806-375c-4154-87af-bfc9665aadc1" />
      <TestMethod codeBase="C:/Users/SuprDewd/Desktop/Projects/Forritun/SharpBag/SharpBag.Tests01/bin/Release/SharpBag.Tests.DLL" adapterTypeName="Microsoft.VisualStudio.TestTools.TestTypes.Unit.UnitTestAdapter, Microsoft.VisualStudio.QualityTools.Tips.UnitTest.Adapter, Version=10.0.0.0, Culture=neutral, PublicKeyToken=b03f5f7f11d50a3a" className="SharpBag.ExtensionsTest, SharpBag.Tests, Version=0.0.0.0, Culture=neutral, PublicKeyToken=null" name="UnionAll01355" />
    </UnitTest>
    <UnitTest name="With255" storage="c:\users\suprdewd\desktop\projects\forritun\sharpbag\sharpbag.tests01\bin\release\sharpbag.tests.dll" id="5864e842-9f86-c9b6-bda0-04be2ae227ea">
      <Execution id="95cd9094-d512-400b-aae3-cdf68b8a8408" />
      <TestMethod codeBase="C:/Users/SuprDewd/Desktop/Projects/Forritun/SharpBag/SharpBag.Tests01/bin/Release/SharpBag.Tests.DLL" adapterTypeName="Microsoft.VisualStudio.TestTools.TestTypes.Unit.UnitTestAdapter, Microsoft.VisualStudio.QualityTools.Tips.UnitTest.Adapter, Version=10.0.0.0, Culture=neutral, PublicKeyToken=b03f5f7f11d50a3a" className="SharpBag.ExtensionsTest, SharpBag.Tests, Version=0.0.0.0, Culture=neutral, PublicKeyToken=null" name="With255" />
    </UnitTest>
    <UnitTest name="Fill0168801" storage="c:\users\suprdewd\desktop\projects\forritun\sharpbag\sharpbag.tests01\bin\release\sharpbag.tests.dll" id="bdf76499-e0f6-3d7b-4432-982ba6c3b223">
      <Execution id="24b247d4-500b-42a4-a811-499e0114d56a" />
      <TestMethod codeBase="C:/Users/SuprDewd/Desktop/Projects/Forritun/SharpBag/SharpBag.Tests01/bin/Release/SharpBag.Tests.DLL" adapterTypeName="Microsoft.VisualStudio.TestTools.TestTypes.Unit.UnitTestAdapter, Microsoft.VisualStudio.QualityTools.Tips.UnitTest.Adapter, Version=10.0.0.0, Culture=neutral, PublicKeyToken=b03f5f7f11d50a3a" className="SharpBag.ExtensionsTest, SharpBag.Tests, Version=0.0.0.0, Culture=neutral, PublicKeyToken=null" name="Fill0168801" />
    </UnitTest>
    <UnitTest name="UnionAllThrowsContractException888" storage="c:\users\suprdewd\desktop\projects\forritun\sharpbag\sharpbag.tests01\bin\release\sharpbag.tests.dll" id="2fd85783-fc83-f96f-d9bf-a6bcc5a252f1">
      <Execution id="8865583e-e5ae-47fc-8ebc-457d73a98ee7" />
      <TestMethod codeBase="C:/Users/SuprDewd/Desktop/Projects/Forritun/SharpBag/SharpBag.Tests01/bin/Release/SharpBag.Tests.DLL" adapterTypeName="Microsoft.VisualStudio.TestTools.TestTypes.Unit.UnitTestAdapter, Microsoft.VisualStudio.QualityTools.Tips.UnitTest.Adapter, Version=10.0.0.0, Culture=neutral, PublicKeyToken=b03f5f7f11d50a3a" className="SharpBag.ExtensionsTest, SharpBag.Tests, Version=0.0.0.0, Culture=neutral, PublicKeyToken=null" name="UnionAllThrowsContractException888" />
    </UnitTest>
    <UnitTest name="AsEnumerable0128302" storage="c:\users\suprdewd\desktop\projects\forritun\sharpbag\sharpbag.tests01\bin\release\sharpbag.tests.dll" id="39820720-af85-1690-8f39-546deff2b7b4">
      <Execution id="5f758543-7fd2-49f1-8921-703b1d0b4f6e" />
      <TestMethod codeBase="C:/Users/SuprDewd/Desktop/Projects/Forritun/SharpBag/SharpBag.Tests01/bin/Release/SharpBag.Tests.DLL" adapterTypeName="Microsoft.VisualStudio.TestTools.TestTypes.Unit.UnitTestAdapter, Microsoft.VisualStudio.QualityTools.Tips.UnitTest.Adapter, Version=10.0.0.0, Culture=neutral, PublicKeyToken=b03f5f7f11d50a3a" className="SharpBag.ExtensionsTest, SharpBag.Tests, Version=0.0.0.0, Culture=neutral, PublicKeyToken=null" name="AsEnumerable0128302" />
    </UnitTest>
    <UnitTest name="ExecuteThrowsContractException573" storage="c:\users\suprdewd\desktop\projects\forritun\sharpbag\sharpbag.tests01\bin\release\sharpbag.tests.dll" id="50193fe8-c442-2551-3869-f8c1428546c8">
      <Execution id="af37c3c1-10e2-4292-aa47-38d1c0d4a9fa" />
      <TestMethod codeBase="C:/Users/SuprDewd/Desktop/Projects/Forritun/SharpBag/SharpBag.Tests01/bin/Release/SharpBag.Tests.DLL" adapterTypeName="Microsoft.VisualStudio.TestTools.TestTypes.Unit.UnitTestAdapter, Microsoft.VisualStudio.QualityTools.Tips.UnitTest.Adapter, Version=10.0.0.0, Culture=neutral, PublicKeyToken=b03f5f7f11d50a3a" className="SharpBag.ExtensionsTest, SharpBag.Tests, Version=0.0.0.0, Culture=neutral, PublicKeyToken=null" name="ExecuteThrowsContractException573" />
    </UnitTest>
    <UnitTest name="As0163207" storage="c:\users\suprdewd\desktop\projects\forritun\sharpbag\sharpbag.tests01\bin\release\sharpbag.tests.dll" id="3a633eaa-632f-f936-1d35-4e407b494884">
      <Execution id="1079aa10-c79f-43f2-a139-7f18fb871aed" />
      <TestMethod codeBase="C:/Users/SuprDewd/Desktop/Projects/Forritun/SharpBag/SharpBag.Tests01/bin/Release/SharpBag.Tests.DLL" adapterTypeName="Microsoft.VisualStudio.TestTools.TestTypes.Unit.UnitTestAdapter, Microsoft.VisualStudio.QualityTools.Tips.UnitTest.Adapter, Version=10.0.0.0, Culture=neutral, PublicKeyToken=b03f5f7f11d50a3a" className="SharpBag.ExtensionsTest, SharpBag.Tests, Version=0.0.0.0, Culture=neutral, PublicKeyToken=null" name="As0163207" />
    </UnitTest>
    <UnitTest name="ForEach90801" storage="c:\users\suprdewd\desktop\projects\forritun\sharpbag\sharpbag.tests01\bin\release\sharpbag.tests.dll" id="f51de229-4761-6e36-e9f5-2ae1d5b346f0">
      <Execution id="866efef8-a8b0-4670-be86-5aad33d1ad5a" />
      <TestMethod codeBase="C:/Users/SuprDewd/Desktop/Projects/Forritun/SharpBag/SharpBag.Tests01/bin/Release/SharpBag.Tests.DLL" adapterTypeName="Microsoft.VisualStudio.TestTools.TestTypes.Unit.UnitTestAdapter, Microsoft.VisualStudio.QualityTools.Tips.UnitTest.Adapter, Version=10.0.0.0, Culture=neutral, PublicKeyToken=b03f5f7f11d50a3a" className="SharpBag.ExtensionsTest, SharpBag.Tests, Version=0.0.0.0, Culture=neutral, PublicKeyToken=null" name="ForEach90801" />
    </UnitTest>
    <UnitTest name="As21517" storage="c:\users\suprdewd\desktop\projects\forritun\sharpbag\sharpbag.tests01\bin\release\sharpbag.tests.dll" id="44ddd54b-7a43-e4f9-ebb3-b78badce4585">
      <Execution id="ef03c7b3-cbee-4660-935d-b487e7d4c968" />
      <TestMethod codeBase="C:/Users/SuprDewd/Desktop/Projects/Forritun/SharpBag/SharpBag.Tests01/bin/Release/SharpBag.Tests.DLL" adapterTypeName="Microsoft.VisualStudio.TestTools.TestTypes.Unit.UnitTestAdapter, Microsoft.VisualStudio.QualityTools.Tips.UnitTest.Adapter, Version=10.0.0.0, Culture=neutral, PublicKeyToken=b03f5f7f11d50a3a" className="SharpBag.ExtensionsTest, SharpBag.Tests, Version=0.0.0.0, Culture=neutral, PublicKeyToken=null" name="As21517" />
    </UnitTest>
    <UnitTest name="Fill0157101" storage="c:\users\suprdewd\desktop\projects\forritun\sharpbag\sharpbag.tests01\bin\release\sharpbag.tests.dll" id="b8e531ca-ec94-5331-cc83-d2332ab01f85">
      <Execution id="1fe75e6f-4e74-424a-95c3-b82b1eb936e3" />
      <TestMethod codeBase="C:/Users/SuprDewd/Desktop/Projects/Forritun/SharpBag/SharpBag.Tests01/bin/Release/SharpBag.Tests.DLL" adapterTypeName="Microsoft.VisualStudio.TestTools.TestTypes.Unit.UnitTestAdapter, Microsoft.VisualStudio.QualityTools.Tips.UnitTest.Adapter, Version=10.0.0.0, Culture=neutral, PublicKeyToken=b03f5f7f11d50a3a" className="SharpBag.ExtensionsTest, SharpBag.Tests, Version=0.0.0.0, Culture=neutral, PublicKeyToken=null" name="Fill0157101" />
    </UnitTest>
    <UnitTest name="GetByPercent562" storage="c:\users\suprdewd\desktop\projects\forritun\sharpbag\sharpbag.tests01\bin\release\sharpbag.tests.dll" id="2e107be2-e3af-1a8b-fb4b-bdb5534db4b8">
      <Execution id="f9492ed3-c044-4657-906b-2a15d228acde" />
      <TestMethod codeBase="C:/Users/SuprDewd/Desktop/Projects/Forritun/SharpBag/SharpBag.Tests01/bin/Release/SharpBag.Tests.DLL" adapterTypeName="Microsoft.VisualStudio.TestTools.TestTypes.Unit.UnitTestAdapter, Microsoft.VisualStudio.QualityTools.Tips.UnitTest.Adapter, Version=10.0.0.0, Culture=neutral, PublicKeyToken=b03f5f7f11d50a3a" className="SharpBag.ExtensionsTest, SharpBag.Tests, Version=0.0.0.0, Culture=neutral, PublicKeyToken=null" name="GetByPercent562" />
    </UnitTest>
    <UnitTest name="As0163203" storage="c:\users\suprdewd\desktop\projects\forritun\sharpbag\sharpbag.tests01\bin\release\sharpbag.tests.dll" id="4796da93-05be-09dc-4928-16eafddcfcc3">
      <Execution id="ceedae3d-6cfa-410e-a8a6-4d10010b4722" />
      <TestMethod codeBase="C:/Users/SuprDewd/Desktop/Projects/Forritun/SharpBag/SharpBag.Tests01/bin/Release/SharpBag.Tests.DLL" adapterTypeName="Microsoft.VisualStudio.TestTools.TestTypes.Unit.UnitTestAdapter, Microsoft.VisualStudio.QualityTools.Tips.UnitTest.Adapter, Version=10.0.0.0, Culture=neutral, PublicKeyToken=b03f5f7f11d50a3a" className="SharpBag.ExtensionsTest, SharpBag.Tests, Version=0.0.0.0, Culture=neutral, PublicKeyToken=null" name="As0163203" />
    </UnitTest>
    <UnitTest name="IsNullOrEmpty177" storage="c:\users\suprdewd\desktop\projects\forritun\sharpbag\sharpbag.tests01\bin\release\sharpbag.tests.dll" id="14e07649-4bb1-965c-d352-f5e6a62d38fd">
      <Execution id="591d6d40-d4f1-4a77-8f7a-78813d7f48be" />
      <TestMethod codeBase="C:/Users/SuprDewd/Desktop/Projects/Forritun/SharpBag/SharpBag.Tests01/bin/Release/SharpBag.Tests.DLL" adapterTypeName="Microsoft.VisualStudio.TestTools.TestTypes.Unit.UnitTestAdapter, Microsoft.VisualStudio.QualityTools.Tips.UnitTest.Adapter, Version=10.0.0.0, Culture=neutral, PublicKeyToken=b03f5f7f11d50a3a" className="SharpBag.ExtensionsTest, SharpBag.Tests, Version=0.0.0.0, Culture=neutral, PublicKeyToken=null" name="IsNullOrEmpty177" />
    </UnitTest>
    <UnitTest name="UnionAll136" storage="c:\users\suprdewd\desktop\projects\forritun\sharpbag\sharpbag.tests01\bin\release\sharpbag.tests.dll" id="a67abeae-f275-21d8-f4a8-e10a60739baa">
      <Execution id="6b3b6484-6161-498d-93dc-77f9a6884829" />
      <TestMethod codeBase="C:/Users/SuprDewd/Desktop/Projects/Forritun/SharpBag/SharpBag.Tests01/bin/Release/SharpBag.Tests.DLL" adapterTypeName="Microsoft.VisualStudio.TestTools.TestTypes.Unit.UnitTestAdapter, Microsoft.VisualStudio.QualityTools.Tips.UnitTest.Adapter, Version=10.0.0.0, Culture=neutral, PublicKeyToken=b03f5f7f11d50a3a" className="SharpBag.ExtensionsTest, SharpBag.Tests, Version=0.0.0.0, Culture=neutral, PublicKeyToken=null" name="UnionAll136" />
    </UnitTest>
    <UnitTest name="As21508" storage="c:\users\suprdewd\desktop\projects\forritun\sharpbag\sharpbag.tests01\bin\release\sharpbag.tests.dll" id="f4f76af5-0d54-7bf8-8ba4-b32803d7a374">
      <Execution id="b2e2fa1a-662a-4057-b01b-88d04f7c7eaa" />
      <TestMethod codeBase="C:/Users/SuprDewd/Desktop/Projects/Forritun/SharpBag/SharpBag.Tests01/bin/Release/SharpBag.Tests.DLL" adapterTypeName="Microsoft.VisualStudio.TestTools.TestTypes.Unit.UnitTestAdapter, Microsoft.VisualStudio.QualityTools.Tips.UnitTest.Adapter, Version=10.0.0.0, Culture=neutral, PublicKeyToken=b03f5f7f11d50a3a" className="SharpBag.ExtensionsTest, SharpBag.Tests, Version=0.0.0.0, Culture=neutral, PublicKeyToken=null" name="As21508" />
    </UnitTest>
    <UnitTest name="Random01ThrowsContractException129" storage="c:\users\suprdewd\desktop\projects\forritun\sharpbag\sharpbag.tests01\bin\release\sharpbag.tests.dll" id="e2246d63-e7df-9840-80a9-d83a6ecd6e3c">
      <Execution id="3797693e-bee3-44a4-b009-79223eee6884" />
      <TestMethod codeBase="C:/Users/SuprDewd/Desktop/Projects/Forritun/SharpBag/SharpBag.Tests01/bin/Release/SharpBag.Tests.DLL" adapterTypeName="Microsoft.VisualStudio.TestTools.TestTypes.Unit.UnitTestAdapter, Microsoft.VisualStudio.QualityTools.Tips.UnitTest.Adapter, Version=10.0.0.0, Culture=neutral, PublicKeyToken=b03f5f7f11d50a3a" className="SharpBag.ExtensionsTest, SharpBag.Tests, Version=0.0.0.0, Culture=neutral, PublicKeyToken=null" name="Random01ThrowsContractException129" />
    </UnitTest>
    <UnitTest name="IfNotNull01ThrowsContractException534" storage="c:\users\suprdewd\desktop\projects\forritun\sharpbag\sharpbag.tests01\bin\release\sharpbag.tests.dll" id="27059128-125c-8392-3ccd-85e2e6bd1214">
      <Execution id="5a084f2e-45b1-444a-a86c-78bf2a70ba14" />
      <TestMethod codeBase="C:/Users/SuprDewd/Desktop/Projects/Forritun/SharpBag/SharpBag.Tests01/bin/Release/SharpBag.Tests.DLL" adapterTypeName="Microsoft.VisualStudio.TestTools.TestTypes.Unit.UnitTestAdapter, Microsoft.VisualStudio.QualityTools.Tips.UnitTest.Adapter, Version=10.0.0.0, Culture=neutral, PublicKeyToken=b03f5f7f11d50a3a" className="SharpBag.ExtensionsTest, SharpBag.Tests, Version=0.0.0.0, Culture=neutral, PublicKeyToken=null" name="IfNotNull01ThrowsContractException534" />
    </UnitTest>
    <UnitTest name="ForEachThrowsContractException790" storage="c:\users\suprdewd\desktop\projects\forritun\sharpbag\sharpbag.tests01\bin\release\sharpbag.tests.dll" id="4a7a4f53-ec5e-d6d3-e03a-6b92202f8b07">
      <Execution id="6bcadd09-df86-4745-9889-45ff900501e2" />
      <TestMethod codeBase="C:/Users/SuprDewd/Desktop/Projects/Forritun/SharpBag/SharpBag.Tests01/bin/Release/SharpBag.Tests.DLL" adapterTypeName="Microsoft.VisualStudio.TestTools.TestTypes.Unit.UnitTestAdapter, Microsoft.VisualStudio.QualityTools.Tips.UnitTest.Adapter, Version=10.0.0.0, Culture=neutral, PublicKeyToken=b03f5f7f11d50a3a" className="SharpBag.ExtensionsTest, SharpBag.Tests, Version=0.0.0.0, Culture=neutral, PublicKeyToken=null" name="ForEachThrowsContractException790" />
    </UnitTest>
    <UnitTest name="TimesThrowsContractException121" storage="c:\users\suprdewd\desktop\projects\forritun\sharpbag\sharpbag.tests01\bin\release\sharpbag.tests.dll" id="9f469160-5fe3-b1e7-0220-66c2cc9d5d2b">
      <Execution id="5c03319c-7eba-45d9-93e0-da92c17add20" />
      <TestMethod codeBase="C:/Users/SuprDewd/Desktop/Projects/Forritun/SharpBag/SharpBag.Tests01/bin/Release/SharpBag.Tests.DLL" adapterTypeName="Microsoft.VisualStudio.TestTools.TestTypes.Unit.UnitTestAdapter, Microsoft.VisualStudio.QualityTools.Tips.UnitTest.Adapter, Version=10.0.0.0, Culture=neutral, PublicKeyToken=b03f5f7f11d50a3a" className="SharpBag.ExtensionsTest, SharpBag.Tests, Version=0.0.0.0, Culture=neutral, PublicKeyToken=null" name="TimesThrowsContractException121" />
    </UnitTest>
    <UnitTest name="As0163211" storage="c:\users\suprdewd\desktop\projects\forritun\sharpbag\sharpbag.tests01\bin\release\sharpbag.tests.dll" id="7206ff03-56a7-ec6c-ffc0-c8679263faa3">
      <Execution id="42a1b7f1-5817-4650-8b28-e18221e4636c" />
      <TestMethod codeBase="C:/Users/SuprDewd/Desktop/Projects/Forritun/SharpBag/SharpBag.Tests01/bin/Release/SharpBag.Tests.DLL" adapterTypeName="Microsoft.VisualStudio.TestTools.TestTypes.Unit.UnitTestAdapter, Microsoft.VisualStudio.QualityTools.Tips.UnitTest.Adapter, Version=10.0.0.0, Culture=neutral, PublicKeyToken=b03f5f7f11d50a3a" className="SharpBag.ExtensionsTest, SharpBag.Tests, Version=0.0.0.0, Culture=neutral, PublicKeyToken=null" name="As0163211" />
    </UnitTest>
    <UnitTest name="Fill0110501" storage="c:\users\suprdewd\desktop\projects\forritun\sharpbag\sharpbag.tests01\bin\release\sharpbag.tests.dll" id="19033310-a8dd-db0b-1dcd-2bf1bef510ca">
      <Execution id="3e9af70a-6fd6-4666-a7d2-8ea6cdd4f1d1" />
      <TestMethod codeBase="C:/Users/SuprDewd/Desktop/Projects/Forritun/SharpBag/SharpBag.Tests01/bin/Release/SharpBag.Tests.DLL" adapterTypeName="Microsoft.VisualStudio.TestTools.TestTypes.Unit.UnitTestAdapter, Microsoft.VisualStudio.QualityTools.Tips.UnitTest.Adapter, Version=10.0.0.0, Culture=neutral, PublicKeyToken=b03f5f7f11d50a3a" className="SharpBag.ExtensionsTest, SharpBag.Tests, Version=0.0.0.0, Culture=neutral, PublicKeyToken=null" name="Fill0110501" />
    </UnitTest>
    <UnitTest name="As21501" storage="c:\users\suprdewd\desktop\projects\forritun\sharpbag\sharpbag.tests01\bin\release\sharpbag.tests.dll" id="ea12baf4-c62d-b0ca-b8ec-0dd742c09890">
      <Execution id="38da5838-f5d8-4432-bb41-ae99003e2cab" />
      <TestMethod codeBase="C:/Users/SuprDewd/Desktop/Projects/Forritun/SharpBag/SharpBag.Tests01/bin/Release/SharpBag.Tests.DLL" adapterTypeName="Microsoft.VisualStudio.TestTools.TestTypes.Unit.UnitTestAdapter, Microsoft.VisualStudio.QualityTools.Tips.UnitTest.Adapter, Version=10.0.0.0, Culture=neutral, PublicKeyToken=b03f5f7f11d50a3a" className="SharpBag.ExtensionsTest, SharpBag.Tests, Version=0.0.0.0, Culture=neutral, PublicKeyToken=null" name="As21501" />
    </UnitTest>
    <UnitTest name="IfNotNull17302" storage="c:\users\suprdewd\desktop\projects\forritun\sharpbag\sharpbag.tests01\bin\release\sharpbag.tests.dll" id="46ca0fd9-03e1-55e3-3ad7-b4625d8d07c0">
      <Execution id="3b1fefc9-51dd-4c53-a3e7-a57ffe41f8c8" />
      <TestMethod codeBase="C:/Users/SuprDewd/Desktop/Projects/Forritun/SharpBag/SharpBag.Tests01/bin/Release/SharpBag.Tests.DLL" adapterTypeName="Microsoft.VisualStudio.TestTools.TestTypes.Unit.UnitTestAdapter, Microsoft.VisualStudio.QualityTools.Tips.UnitTest.Adapter, Version=10.0.0.0, Culture=neutral, PublicKeyToken=b03f5f7f11d50a3a" className="SharpBag.ExtensionsTest, SharpBag.Tests, Version=0.0.0.0, Culture=neutral, PublicKeyToken=null" name="IfNotNull17302" />
    </UnitTest>
    <UnitTest name="IterThrowsContractException86" storage="c:\users\suprdewd\desktop\projects\forritun\sharpbag\sharpbag.tests01\bin\release\sharpbag.tests.dll" id="fdb30fba-8b60-1947-0542-91aaf4661bb9">
      <Execution id="d41de12c-7f01-4284-93e1-031d821cca44" />
      <TestMethod codeBase="C:/Users/SuprDewd/Desktop/Projects/Forritun/SharpBag/SharpBag.Tests01/bin/Release/SharpBag.Tests.DLL" adapterTypeName="Microsoft.VisualStudio.TestTools.TestTypes.Unit.UnitTestAdapter, Microsoft.VisualStudio.QualityTools.Tips.UnitTest.Adapter, Version=10.0.0.0, Culture=neutral, PublicKeyToken=b03f5f7f11d50a3a" className="SharpBag.ExtensionsTest, SharpBag.Tests, Version=0.0.0.0, Culture=neutral, PublicKeyToken=null" name="IterThrowsContractException86" />
    </UnitTest>
    <UnitTest name="ForEachThrowsContractException904" storage="c:\users\suprdewd\desktop\projects\forritun\sharpbag\sharpbag.tests01\bin\release\sharpbag.tests.dll" id="aef19ea6-eb47-a1be-032c-8930cda21d9c">
      <Execution id="bb75a9e9-dd01-477c-b632-916ce9d8f8c6" />
      <TestMethod codeBase="C:/Users/SuprDewd/Desktop/Projects/Forritun/SharpBag/SharpBag.Tests01/bin/Release/SharpBag.Tests.DLL" adapterTypeName="Microsoft.VisualStudio.TestTools.TestTypes.Unit.UnitTestAdapter, Microsoft.VisualStudio.QualityTools.Tips.UnitTest.Adapter, Version=10.0.0.0, Culture=neutral, PublicKeyToken=b03f5f7f11d50a3a" className="SharpBag.ExtensionsTest, SharpBag.Tests, Version=0.0.0.0, Culture=neutral, PublicKeyToken=null" name="ForEachThrowsContractException904" />
    </UnitTest>
    <UnitTest name="As0130301" storage="c:\users\suprdewd\desktop\projects\forritun\sharpbag\sharpbag.tests01\bin\release\sharpbag.tests.dll" id="7a9b0937-239f-a7cc-e1fc-09bbc3508e89">
      <Execution id="6cd3a0b3-f770-44ff-b1ff-38a15ca356e9" />
      <TestMethod codeBase="C:/Users/SuprDewd/Desktop/Projects/Forritun/SharpBag/SharpBag.Tests01/bin/Release/SharpBag.Tests.DLL" adapterTypeName="Microsoft.VisualStudio.TestTools.TestTypes.Unit.UnitTestAdapter, Microsoft.VisualStudio.QualityTools.Tips.UnitTest.Adapter, Version=10.0.0.0, Culture=neutral, PublicKeyToken=b03f5f7f11d50a3a" className="SharpBag.ExtensionsTest, SharpBag.Tests, Version=0.0.0.0, Culture=neutral, PublicKeyToken=null" name="As0130301" />
    </UnitTest>
    <UnitTest name="IsIn01570" storage="c:\users\suprdewd\desktop\projects\forritun\sharpbag\sharpbag.tests01\bin\release\sharpbag.tests.dll" id="cdf50321-c0eb-ddc4-0179-2919c2028903">
      <Execution id="fea02bd2-fcf1-4440-8718-690546cb90a4" />
      <TestMethod codeBase="C:/Users/SuprDewd/Desktop/Projects/Forritun/SharpBag/SharpBag.Tests01/bin/Release/SharpBag.Tests.DLL" adapterTypeName="Microsoft.VisualStudio.TestTools.TestTypes.Unit.UnitTestAdapter, Microsoft.VisualStudio.QualityTools.Tips.UnitTest.Adapter, Version=10.0.0.0, Culture=neutral, PublicKeyToken=b03f5f7f11d50a3a" className="SharpBag.ExtensionsTest, SharpBag.Tests, Version=0.0.0.0, Culture=neutral, PublicKeyToken=null" name="IsIn01570" />
    </UnitTest>
    <UnitTest name="As170" storage="c:\users\suprdewd\desktop\projects\forritun\sharpbag\sharpbag.tests01\bin\release\sharpbag.tests.dll" id="0e645c38-e73b-967d-e94f-74a8d38a05b3">
      <Execution id="c12da46e-9c11-4f5c-9ba1-1e56a65223c1" />
      <TestMethod codeBase="C:/Users/SuprDewd/Desktop/Projects/Forritun/SharpBag/SharpBag.Tests01/bin/Release/SharpBag.Tests.DLL" adapterTypeName="Microsoft.VisualStudio.TestTools.TestTypes.Unit.UnitTestAdapter, Microsoft.VisualStudio.QualityTools.Tips.UnitTest.Adapter, Version=10.0.0.0, Culture=neutral, PublicKeyToken=b03f5f7f11d50a3a" className="SharpBag.ExtensionsTest, SharpBag.Tests, Version=0.0.0.0, Culture=neutral, PublicKeyToken=null" name="As170" />
    </UnitTest>
    <UnitTest name="To03ThrowsContractException633" storage="c:\users\suprdewd\desktop\projects\forritun\sharpbag\sharpbag.tests01\bin\release\sharpbag.tests.dll" id="16a72305-d6bc-60a8-f8d6-a048d1322b13">
      <Execution id="8a0d5d20-3d21-4a22-9c5e-1d25004daa10" />
      <TestMethod codeBase="C:/Users/SuprDewd/Desktop/Projects/Forritun/SharpBag/SharpBag.Tests01/bin/Release/SharpBag.Tests.DLL" adapterTypeName="Microsoft.VisualStudio.TestTools.TestTypes.Unit.UnitTestAdapter, Microsoft.VisualStudio.QualityTools.Tips.UnitTest.Adapter, Version=10.0.0.0, Culture=neutral, PublicKeyToken=b03f5f7f11d50a3a" className="SharpBag.ExtensionsTest, SharpBag.Tests, Version=0.0.0.0, Culture=neutral, PublicKeyToken=null" name="To03ThrowsContractException633" />
    </UnitTest>
    <UnitTest name="TakeEveryThrowsContractException368" storage="c:\users\suprdewd\desktop\projects\forritun\sharpbag\sharpbag.tests01\bin\release\sharpbag.tests.dll" id="2ff38794-ad92-1998-3c20-e3ee775a8969">
      <Execution id="f46b6dfe-fe77-417f-9dae-470b2b1a6ee6" />
      <TestMethod codeBase="C:/Users/SuprDewd/Desktop/Projects/Forritun/SharpBag/SharpBag.Tests01/bin/Release/SharpBag.Tests.DLL" adapterTypeName="Microsoft.VisualStudio.TestTools.TestTypes.Unit.UnitTestAdapter, Microsoft.VisualStudio.QualityTools.Tips.UnitTest.Adapter, Version=10.0.0.0, Culture=neutral, PublicKeyToken=b03f5f7f11d50a3a" className="SharpBag.ExtensionsTest, SharpBag.Tests, Version=0.0.0.0, Culture=neutral, PublicKeyToken=null" name="TakeEveryThrowsContractException368" />
    </UnitTest>
    <UnitTest name="Iter96001" storage="c:\users\suprdewd\desktop\projects\forritun\sharpbag\sharpbag.tests01\bin\release\sharpbag.tests.dll" id="5f6c8af1-2825-3c27-b802-e1be0e1eeb12">
      <Execution id="ddc852c1-6bca-4cc7-934a-4bc99fbf88bf" />
      <TestMethod codeBase="C:/Users/SuprDewd/Desktop/Projects/Forritun/SharpBag/SharpBag.Tests01/bin/Release/SharpBag.Tests.DLL" adapterTypeName="Microsoft.VisualStudio.TestTools.TestTypes.Unit.UnitTestAdapter, Microsoft.VisualStudio.QualityTools.Tips.UnitTest.Adapter, Version=10.0.0.0, Culture=neutral, PublicKeyToken=b03f5f7f11d50a3a" className="SharpBag.ExtensionsTest, SharpBag.Tests, Version=0.0.0.0, Culture=neutral, PublicKeyToken=null" name="Iter96001" />
    </UnitTest>
    <UnitTest name="NullOr71401" storage="c:\users\suprdewd\desktop\projects\forritun\sharpbag\sharpbag.tests01\bin\release\sharpbag.tests.dll" id="86c02588-b87f-32bd-880b-56b0d73c1993">
      <Execution id="491d4e20-7f08-4892-b8f5-67cc5aaa4919" />
      <TestMethod codeBase="C:/Users/SuprDewd/Desktop/Projects/Forritun/SharpBag/SharpBag.Tests01/bin/Release/SharpBag.Tests.DLL" adapterTypeName="Microsoft.VisualStudio.TestTools.TestTypes.Unit.UnitTestAdapter, Microsoft.VisualStudio.QualityTools.Tips.UnitTest.Adapter, Version=10.0.0.0, Culture=neutral, PublicKeyToken=b03f5f7f11d50a3a" className="SharpBag.ExtensionsTest, SharpBag.Tests, Version=0.0.0.0, Culture=neutral, PublicKeyToken=null" name="NullOr71401" />
    </UnitTest>
    <UnitTest name="To04598" storage="c:\users\suprdewd\desktop\projects\forritun\sharpbag\sharpbag.tests01\bin\release\sharpbag.tests.dll" id="33f07926-487a-5d2a-2e1a-64b2ae7d1065">
      <Execution id="472a01a2-a1cc-4b8c-9272-97515ad9e25e" />
      <TestMethod codeBase="C:/Users/SuprDewd/Desktop/Projects/Forritun/SharpBag/SharpBag.Tests01/bin/Release/SharpBag.Tests.DLL" adapterTypeName="Microsoft.VisualStudio.TestTools.TestTypes.Unit.UnitTestAdapter, Microsoft.VisualStudio.QualityTools.Tips.UnitTest.Adapter, Version=10.0.0.0, Culture=neutral, PublicKeyToken=b03f5f7f11d50a3a" className="SharpBag.ExtensionsTest, SharpBag.Tests, Version=0.0.0.0, Culture=neutral, PublicKeyToken=null" name="To04598" />
    </UnitTest>
    <UnitTest name="AsEnumerable01283" storage="c:\users\suprdewd\desktop\projects\forritun\sharpbag\sharpbag.tests01\bin\release\sharpbag.tests.dll" id="f20d04ec-6bdf-2adb-3ea0-dea4791f58d1">
      <Execution id="3afff157-97b0-4463-8e6c-ad4f1926e6c6" />
      <TestMethod codeBase="C:/Users/SuprDewd/Desktop/Projects/Forritun/SharpBag/SharpBag.Tests01/bin/Release/SharpBag.Tests.DLL" adapterTypeName="Microsoft.VisualStudio.TestTools.TestTypes.Unit.UnitTestAdapter, Microsoft.VisualStudio.QualityTools.Tips.UnitTest.Adapter, Version=10.0.0.0, Culture=neutral, PublicKeyToken=b03f5f7f11d50a3a" className="SharpBag.ExtensionsTest, SharpBag.Tests, Version=0.0.0.0, Culture=neutral, PublicKeyToken=null" name="AsEnumerable01283" />
    </UnitTest>
    <UnitTest name="IsNullOrEmpty963" storage="c:\users\suprdewd\desktop\projects\forritun\sharpbag\sharpbag.tests01\bin\release\sharpbag.tests.dll" id="c764531a-8b43-978a-82fa-64e183192f81">
      <Execution id="96b1c728-62fe-4529-b36b-a2e803a222bb" />
      <TestMethod codeBase="C:/Users/SuprDewd/Desktop/Projects/Forritun/SharpBag/SharpBag.Tests01/bin/Release/SharpBag.Tests.DLL" adapterTypeName="Microsoft.VisualStudio.TestTools.TestTypes.Unit.UnitTestAdapter, Microsoft.VisualStudio.QualityTools.Tips.UnitTest.Adapter, Version=10.0.0.0, Culture=neutral, PublicKeyToken=b03f5f7f11d50a3a" className="SharpBag.ExtensionsTest, SharpBag.Tests, Version=0.0.0.0, Culture=neutral, PublicKeyToken=null" name="IsNullOrEmpty963" />
    </UnitTest>
    <UnitTest name="IfNotNull477" storage="c:\users\suprdewd\desktop\projects\forritun\sharpbag\sharpbag.tests01\bin\release\sharpbag.tests.dll" id="fc92c33d-a24e-4715-be4e-9ee45be3958a">
      <Execution id="06d9a80d-168c-4b80-9e28-8c055c08e8b4" />
      <TestMethod codeBase="C:/Users/SuprDewd/Desktop/Projects/Forritun/SharpBag/SharpBag.Tests01/bin/Release/SharpBag.Tests.DLL" adapterTypeName="Microsoft.VisualStudio.TestTools.TestTypes.Unit.UnitTestAdapter, Microsoft.VisualStudio.QualityTools.Tips.UnitTest.Adapter, Version=10.0.0.0, Culture=neutral, PublicKeyToken=b03f5f7f11d50a3a" className="SharpBag.ExtensionsTest, SharpBag.Tests, Version=0.0.0.0, Culture=neutral, PublicKeyToken=null" name="IfNotNull477" />
    </UnitTest>
    <UnitTest name="As0163209" storage="c:\users\suprdewd\desktop\projects\forritun\sharpbag\sharpbag.tests01\bin\release\sharpbag.tests.dll" id="31a904fb-b5e5-f95a-175a-584bb2addaff">
      <Execution id="4d6bb103-a00c-4d4f-85cb-3314a7191937" />
      <TestMethod codeBase="C:/Users/SuprDewd/Desktop/Projects/Forritun/SharpBag/SharpBag.Tests01/bin/Release/SharpBag.Tests.DLL" adapterTypeName="Microsoft.VisualStudio.TestTools.TestTypes.Unit.UnitTestAdapter, Microsoft.VisualStudio.QualityTools.Tips.UnitTest.Adapter, Version=10.0.0.0, Culture=neutral, PublicKeyToken=b03f5f7f11d50a3a" className="SharpBag.ExtensionsTest, SharpBag.Tests, Version=0.0.0.0, Culture=neutral, PublicKeyToken=null" name="As0163209" />
    </UnitTest>
    <UnitTest name="RangeThrowsContractException560" storage="c:\users\suprdewd\desktop\projects\forritun\sharpbag\sharpbag.tests01\bin\release\sharpbag.tests.dll" id="22b3bc9e-2d91-4747-086b-d415be2c5776">
      <Execution id="126e8ca8-ad9b-4c8b-b4c8-67952d881aa7" />
      <TestMethod codeBase="C:/Users/SuprDewd/Desktop/Projects/Forritun/SharpBag/SharpBag.Tests01/bin/Release/SharpBag.Tests.DLL" adapterTypeName="Microsoft.VisualStudio.TestTools.TestTypes.Unit.UnitTestAdapter, Microsoft.VisualStudio.QualityTools.Tips.UnitTest.Adapter, Version=10.0.0.0, Culture=neutral, PublicKeyToken=b03f5f7f11d50a3a" className="SharpBag.ExtensionsTest, SharpBag.Tests, Version=0.0.0.0, Culture=neutral, PublicKeyToken=null" name="RangeThrowsContractException560" />
    </UnitTest>
    <UnitTest name="AsEnumerable0314801" storage="c:\users\suprdewd\desktop\projects\forritun\sharpbag\sharpbag.tests01\bin\release\sharpbag.tests.dll" id="73dedb08-3777-9f76-6412-b3470bb8b574">
      <Execution id="1d1e8d92-611d-462d-b217-2af987763f33" />
      <TestMethod codeBase="C:/Users/SuprDewd/Desktop/Projects/Forritun/SharpBag/SharpBag.Tests01/bin/Release/SharpBag.Tests.DLL" adapterTypeName="Microsoft.VisualStudio.TestTools.TestTypes.Unit.UnitTestAdapter, Microsoft.VisualStudio.QualityTools.Tips.UnitTest.Adapter, Version=10.0.0.0, Culture=neutral, PublicKeyToken=b03f5f7f11d50a3a" className="SharpBag.ExtensionsTest, SharpBag.Tests, Version=0.0.0.0, Culture=neutral, PublicKeyToken=null" name="AsEnumerable0314801" />
    </UnitTest>
    <UnitTest name="As01367" storage="c:\users\suprdewd\desktop\projects\forritun\sharpbag\sharpbag.tests01\bin\release\sharpbag.tests.dll" id="3e37c17d-90fa-e89c-9aa5-d591fc3b0dec">
      <Execution id="01417b3e-0558-4cdf-807d-78dfe4401c9a" />
      <TestMethod codeBase="C:/Users/SuprDewd/Desktop/Projects/Forritun/SharpBag/SharpBag.Tests01/bin/Release/SharpBag.Tests.DLL" adapterTypeName="Microsoft.VisualStudio.TestTools.TestTypes.Unit.UnitTestAdapter, Microsoft.VisualStudio.QualityTools.Tips.UnitTest.Adapter, Version=10.0.0.0, Culture=neutral, PublicKeyToken=b03f5f7f11d50a3a" className="SharpBag.ExtensionsTest, SharpBag.Tests, Version=0.0.0.0, Culture=neutral, PublicKeyToken=null" name="As01367" />
    </UnitTest>
    <UnitTest name="Add88502" storage="c:\users\suprdewd\desktop\projects\forritun\sharpbag\sharpbag.tests01\bin\release\sharpbag.tests.dll" id="6fb9b650-50a8-89e9-0d35-3a3dc4939152">
      <Execution id="aab5ff40-9668-4ed8-b6b9-713a61713fd1" />
      <TestMethod codeBase="C:/Users/SuprDewd/Desktop/Projects/Forritun/SharpBag/SharpBag.Tests01/bin/Release/SharpBag.Tests.DLL" adapterTypeName="Microsoft.VisualStudio.TestTools.TestTypes.Unit.UnitTestAdapter, Microsoft.VisualStudio.QualityTools.Tips.UnitTest.Adapter, Version=10.0.0.0, Culture=neutral, PublicKeyToken=b03f5f7f11d50a3a" className="SharpBag.ExtensionsTest, SharpBag.Tests, Version=0.0.0.0, Culture=neutral, PublicKeyToken=null" name="Add88502" />
    </UnitTest>
    <UnitTest name="As0132105" storage="c:\users\suprdewd\desktop\projects\forritun\sharpbag\sharpbag.tests01\bin\release\sharpbag.tests.dll" id="febe8afb-7bc1-3f13-831b-73b163a8c327">
      <Execution id="78981a91-0550-43e2-a0e1-a0167e7fe932" />
      <TestMethod codeBase="C:/Users/SuprDewd/Desktop/Projects/Forritun/SharpBag/SharpBag.Tests01/bin/Release/SharpBag.Tests.DLL" adapterTypeName="Microsoft.VisualStudio.TestTools.TestTypes.Unit.UnitTestAdapter, Microsoft.VisualStudio.QualityTools.Tips.UnitTest.Adapter, Version=10.0.0.0, Culture=neutral, PublicKeyToken=b03f5f7f11d50a3a" className="SharpBag.ExtensionsTest, SharpBag.Tests, Version=0.0.0.0, Culture=neutral, PublicKeyToken=null" name="As0132105" />
    </UnitTest>
    <UnitTest name="If921" storage="c:\users\suprdewd\desktop\projects\forritun\sharpbag\sharpbag.tests01\bin\release\sharpbag.tests.dll" id="0860ee19-0524-5919-2b3c-8316527f7933">
      <Execution id="d6aebfff-8117-447c-8724-f44aae37fb9b" />
      <TestMethod codeBase="C:/Users/SuprDewd/Desktop/Projects/Forritun/SharpBag/SharpBag.Tests01/bin/Release/SharpBag.Tests.DLL" adapterTypeName="Microsoft.VisualStudio.TestTools.TestTypes.Unit.UnitTestAdapter, Microsoft.VisualStudio.QualityTools.Tips.UnitTest.Adapter, Version=10.0.0.0, Culture=neutral, PublicKeyToken=b03f5f7f11d50a3a" className="SharpBag.ExtensionsTest, SharpBag.Tests, Version=0.0.0.0, Culture=neutral, PublicKeyToken=null" name="If921" />
    </UnitTest>
    <UnitTest name="Execute424" storage="c:\users\suprdewd\desktop\projects\forritun\sharpbag\sharpbag.tests01\bin\release\sharpbag.tests.dll" id="c3a5f774-5c25-7fa7-593c-10a98b5db768">
      <Execution id="fcaa43dc-06f3-4fb0-8bb7-a72e0be8e0c7" />
      <TestMethod codeBase="C:/Users/SuprDewd/Desktop/Projects/Forritun/SharpBag/SharpBag.Tests01/bin/Release/SharpBag.Tests.DLL" adapterTypeName="Microsoft.VisualStudio.TestTools.TestTypes.Unit.UnitTestAdapter, Microsoft.VisualStudio.QualityTools.Tips.UnitTest.Adapter, Version=10.0.0.0, Culture=neutral, PublicKeyToken=b03f5f7f11d50a3a" className="SharpBag.ExtensionsTest, SharpBag.Tests, Version=0.0.0.0, Culture=neutral, PublicKeyToken=null" name="Execute424" />
    </UnitTest>
    <UnitTest name="RandomThrowsContractException646" storage="c:\users\suprdewd\desktop\projects\forritun\sharpbag\sharpbag.tests01\bin\release\sharpbag.tests.dll" id="d6748736-3ac1-57ad-6f44-5383b3c8be53">
      <Execution id="c2680bbc-bc7e-4583-b894-b2544fecd467" />
      <TestMethod codeBase="C:/Users/SuprDewd/Desktop/Projects/Forritun/SharpBag/SharpBag.Tests01/bin/Release/SharpBag.Tests.DLL" adapterTypeName="Microsoft.VisualStudio.TestTools.TestTypes.Unit.UnitTestAdapter, Microsoft.VisualStudio.QualityTools.Tips.UnitTest.Adapter, Version=10.0.0.0, Culture=neutral, PublicKeyToken=b03f5f7f11d50a3a" className="SharpBag.ExtensionsTest, SharpBag.Tests, Version=0.0.0.0, Culture=neutral, PublicKeyToken=null" name="RandomThrowsContractException646" />
    </UnitTest>
    <UnitTest name="IsIn0134" storage="c:\users\suprdewd\desktop\projects\forritun\sharpbag\sharpbag.tests01\bin\release\sharpbag.tests.dll" id="20789601-3bb2-517f-9c07-8755507d968d">
      <Execution id="90798b18-ccc5-4172-90b0-495d0f2904c5" />
      <TestMethod codeBase="C:/Users/SuprDewd/Desktop/Projects/Forritun/SharpBag/SharpBag.Tests01/bin/Release/SharpBag.Tests.DLL" adapterTypeName="Microsoft.VisualStudio.TestTools.TestTypes.Unit.UnitTestAdapter, Microsoft.VisualStudio.QualityTools.Tips.UnitTest.Adapter, Version=10.0.0.0, Culture=neutral, PublicKeyToken=b03f5f7f11d50a3a" className="SharpBag.ExtensionsTest, SharpBag.Tests, Version=0.0.0.0, Culture=neutral, PublicKeyToken=null" name="IsIn0134" />
    </UnitTest>
    <UnitTest name="ForEach12502" storage="c:\users\suprdewd\desktop\projects\forritun\sharpbag\sharpbag.tests01\bin\release\sharpbag.tests.dll" id="f5f02455-4aef-8763-5044-dc094bc64ba2">
      <Execution id="57b37be4-5f3f-48ea-8913-bfd0e1f7500a" />
      <TestMethod codeBase="C:/Users/SuprDewd/Desktop/Projects/Forritun/SharpBag/SharpBag.Tests01/bin/Release/SharpBag.Tests.DLL" adapterTypeName="Microsoft.VisualStudio.TestTools.TestTypes.Unit.UnitTestAdapter, Microsoft.VisualStudio.QualityTools.Tips.UnitTest.Adapter, Version=10.0.0.0, Culture=neutral, PublicKeyToken=b03f5f7f11d50a3a" className="SharpBag.ExtensionsTest, SharpBag.Tests, Version=0.0.0.0, Culture=neutral, PublicKeyToken=null" name="ForEach12502" />
    </UnitTest>
    <UnitTest name="AsEnumerable56001" storage="c:\users\suprdewd\desktop\projects\forritun\sharpbag\sharpbag.tests01\bin\release\sharpbag.tests.dll" id="583a3c4e-73f0-f6e0-0816-cbe45229841d">
      <Execution id="2d88d87c-5819-457f-9885-dfabb78053ec" />
      <TestMethod codeBase="C:/Users/SuprDewd/Desktop/Projects/Forritun/SharpBag/SharpBag.Tests01/bin/Release/SharpBag.Tests.DLL" adapterTypeName="Microsoft.VisualStudio.TestTools.TestTypes.Unit.UnitTestAdapter, Microsoft.VisualStudio.QualityTools.Tips.UnitTest.Adapter, Version=10.0.0.0, Culture=neutral, PublicKeyToken=b03f5f7f11d50a3a" className="SharpBag.ExtensionsTest, SharpBag.Tests, Version=0.0.0.0, Culture=neutral, PublicKeyToken=null" name="AsEnumerable56001" />
    </UnitTest>
    <UnitTest name="Iter96002" storage="c:\users\suprdewd\desktop\projects\forritun\sharpbag\sharpbag.tests01\bin\release\sharpbag.tests.dll" id="33d00c5c-c888-05a3-fa39-c11369cf7bd7">
      <Execution id="0614b538-d386-4d08-95b9-827499621d73" />
      <TestMethod codeBase="C:/Users/SuprDewd/Desktop/Projects/Forritun/SharpBag/SharpBag.Tests01/bin/Release/SharpBag.Tests.DLL" adapterTypeName="Microsoft.VisualStudio.TestTools.TestTypes.Unit.UnitTestAdapter, Microsoft.VisualStudio.QualityTools.Tips.UnitTest.Adapter, Version=10.0.0.0, Culture=neutral, PublicKeyToken=b03f5f7f11d50a3a" className="SharpBag.ExtensionsTest, SharpBag.Tests, Version=0.0.0.0, Culture=neutral, PublicKeyToken=null" name="Iter96002" />
    </UnitTest>
    <UnitTest name="AsEnumerable0258801" storage="c:\users\suprdewd\desktop\projects\forritun\sharpbag\sharpbag.tests01\bin\release\sharpbag.tests.dll" id="b2c4141e-1dfd-f110-5623-435719fb340e">
      <Execution id="beae1c37-a44d-483f-af5f-7b7439c6584e" />
      <TestMethod codeBase="C:/Users/SuprDewd/Desktop/Projects/Forritun/SharpBag/SharpBag.Tests01/bin/Release/SharpBag.Tests.DLL" adapterTypeName="Microsoft.VisualStudio.TestTools.TestTypes.Unit.UnitTestAdapter, Microsoft.VisualStudio.QualityTools.Tips.UnitTest.Adapter, Version=10.0.0.0, Culture=neutral, PublicKeyToken=b03f5f7f11d50a3a" className="SharpBag.ExtensionsTest, SharpBag.Tests, Version=0.0.0.0, Culture=neutral, PublicKeyToken=null" name="AsEnumerable0258801" />
    </UnitTest>
    <UnitTest name="GetByPercentThrowsContractException155" storage="c:\users\suprdewd\desktop\projects\forritun\sharpbag\sharpbag.tests01\bin\release\sharpbag.tests.dll" id="06a72b6b-584b-a3b5-cdb7-80fea093c0be">
      <Execution id="bb363630-d825-4786-bcd5-b66601e961fd" />
      <TestMethod codeBase="C:/Users/SuprDewd/Desktop/Projects/Forritun/SharpBag/SharpBag.Tests01/bin/Release/SharpBag.Tests.DLL" adapterTypeName="Microsoft.VisualStudio.TestTools.TestTypes.Unit.UnitTestAdapter, Microsoft.VisualStudio.QualityTools.Tips.UnitTest.Adapter, Version=10.0.0.0, Culture=neutral, PublicKeyToken=b03f5f7f11d50a3a" className="SharpBag.ExtensionsTest, SharpBag.Tests, Version=0.0.0.0, Culture=neutral, PublicKeyToken=null" name="GetByPercentThrowsContractException155" />
    </UnitTest>
    <UnitTest name="IterThrowsContractException240" storage="c:\users\suprdewd\desktop\projects\forritun\sharpbag\sharpbag.tests01\bin\release\sharpbag.tests.dll" id="df1617e4-72ba-a37d-c0da-86dff40b4b1a">
      <Execution id="1fed189c-9b0a-4b58-9d35-77d8cc7b4449" />
      <TestMethod codeBase="C:/Users/SuprDewd/Desktop/Projects/Forritun/SharpBag/SharpBag.Tests01/bin/Release/SharpBag.Tests.DLL" adapterTypeName="Microsoft.VisualStudio.TestTools.TestTypes.Unit.UnitTestAdapter, Microsoft.VisualStudio.QualityTools.Tips.UnitTest.Adapter, Version=10.0.0.0, Culture=neutral, PublicKeyToken=b03f5f7f11d50a3a" className="SharpBag.ExtensionsTest, SharpBag.Tests, Version=0.0.0.0, Culture=neutral, PublicKeyToken=null" name="IterThrowsContractException240" />
    </UnitTest>
    <UnitTest name="As21504" storage="c:\users\suprdewd\desktop\projects\forritun\sharpbag\sharpbag.tests01\bin\release\sharpbag.tests.dll" id="b99ec452-b626-078c-5efb-2041d6f255c4">
      <Execution id="796f6d54-d0bf-43d3-b951-9cb6990ceb95" />
      <TestMethod codeBase="C:/Users/SuprDewd/Desktop/Projects/Forritun/SharpBag/SharpBag.Tests01/bin/Release/SharpBag.Tests.DLL" adapterTypeName="Microsoft.VisualStudio.TestTools.TestTypes.Unit.UnitTestAdapter, Microsoft.VisualStudio.QualityTools.Tips.UnitTest.Adapter, Version=10.0.0.0, Culture=neutral, PublicKeyToken=b03f5f7f11d50a3a" className="SharpBag.ExtensionsTest, SharpBag.Tests, Version=0.0.0.0, Culture=neutral, PublicKeyToken=null" name="As21504" />
    </UnitTest>
    <UnitTest name="AsEnumerable03148" storage="c:\users\suprdewd\desktop\projects\forritun\sharpbag\sharpbag.tests01\bin\release\sharpbag.tests.dll" id="b2aadfc0-b55c-fa15-a9e1-9405ae9a9cc7">
      <Execution id="fcd2ff25-4009-4fc9-b405-b2d54f87fc0b" />
      <TestMethod codeBase="C:/Users/SuprDewd/Desktop/Projects/Forritun/SharpBag/SharpBag.Tests01/bin/Release/SharpBag.Tests.DLL" adapterTypeName="Microsoft.VisualStudio.TestTools.TestTypes.Unit.UnitTestAdapter, Microsoft.VisualStudio.QualityTools.Tips.UnitTest.Adapter, Version=10.0.0.0, Culture=neutral, PublicKeyToken=b03f5f7f11d50a3a" className="SharpBag.ExtensionsTest, SharpBag.Tests, Version=0.0.0.0, Culture=neutral, PublicKeyToken=null" name="AsEnumerable03148" />
    </UnitTest>
    <UnitTest name="Fill01105" storage="c:\users\suprdewd\desktop\projects\forritun\sharpbag\sharpbag.tests01\bin\release\sharpbag.tests.dll" id="d1244455-073f-9dfb-7627-1dfedd276854">
      <Execution id="4f745543-aff1-44a7-82bc-8627a8f36c3b" />
      <TestMethod codeBase="C:/Users/SuprDewd/Desktop/Projects/Forritun/SharpBag/SharpBag.Tests01/bin/Release/SharpBag.Tests.DLL" adapterTypeName="Microsoft.VisualStudio.TestTools.TestTypes.Unit.UnitTestAdapter, Microsoft.VisualStudio.QualityTools.Tips.UnitTest.Adapter, Version=10.0.0.0, Culture=neutral, PublicKeyToken=b03f5f7f11d50a3a" className="SharpBag.ExtensionsTest, SharpBag.Tests, Version=0.0.0.0, Culture=neutral, PublicKeyToken=null" name="Fill01105" />
    </UnitTest>
    <UnitTest name="UnionAll02ThrowsContractException903" storage="c:\users\suprdewd\desktop\projects\forritun\sharpbag\sharpbag.tests01\bin\release\sharpbag.tests.dll" id="49b4e1b0-9a60-f1f3-7d8e-e1f63ecc7d50">
      <Execution id="bd6cf0e1-5ea4-48c6-959c-46a0f04a7c88" />
      <TestMethod codeBase="C:/Users/SuprDewd/Desktop/Projects/Forritun/SharpBag/SharpBag.Tests01/bin/Release/SharpBag.Tests.DLL" adapterTypeName="Microsoft.VisualStudio.TestTools.TestTypes.Unit.UnitTestAdapter, Microsoft.VisualStudio.QualityTools.Tips.UnitTest.Adapter, Version=10.0.0.0, Culture=neutral, PublicKeyToken=b03f5f7f11d50a3a" className="SharpBag.ExtensionsTest, SharpBag.Tests, Version=0.0.0.0, Culture=neutral, PublicKeyToken=null" name="UnionAll02ThrowsContractException903" />
    </UnitTest>
    <UnitTest name="As21518" storage="c:\users\suprdewd\desktop\projects\forritun\sharpbag\sharpbag.tests01\bin\release\sharpbag.tests.dll" id="1cdb2f2c-09f6-d6d8-6d16-a0ea90824aba">
      <Execution id="fcf1ebb5-f45c-4afb-8e50-c0c564570901" />
      <TestMethod codeBase="C:/Users/SuprDewd/Desktop/Projects/Forritun/SharpBag/SharpBag.Tests01/bin/Release/SharpBag.Tests.DLL" adapterTypeName="Microsoft.VisualStudio.TestTools.TestTypes.Unit.UnitTestAdapter, Microsoft.VisualStudio.QualityTools.Tips.UnitTest.Adapter, Version=10.0.0.0, Culture=neutral, PublicKeyToken=b03f5f7f11d50a3a" className="SharpBag.ExtensionsTest, SharpBag.Tests, Version=0.0.0.0, Culture=neutral, PublicKeyToken=null" name="As21518" />
    </UnitTest>
    <UnitTest name="As0163221" storage="c:\users\suprdewd\desktop\projects\forritun\sharpbag\sharpbag.tests01\bin\release\sharpbag.tests.dll" id="559ad5fd-9c89-3fab-e602-368a88629e35">
      <Execution id="850317c2-d468-4cfc-9303-f6fedfe33f52" />
      <TestMethod codeBase="C:/Users/SuprDewd/Desktop/Projects/Forritun/SharpBag/SharpBag.Tests01/bin/Release/SharpBag.Tests.DLL" adapterTypeName="Microsoft.VisualStudio.TestTools.TestTypes.Unit.UnitTestAdapter, Microsoft.VisualStudio.QualityTools.Tips.UnitTest.Adapter, Version=10.0.0.0, Culture=neutral, PublicKeyToken=b03f5f7f11d50a3a" className="SharpBag.ExtensionsTest, SharpBag.Tests, Version=0.0.0.0, Culture=neutral, PublicKeyToken=null" name="As0163221" />
    </UnitTest>
    <UnitTest name="GetByPercentThrowsContractException730" storage="c:\users\suprdewd\desktop\projects\forritun\sharpbag\sharpbag.tests01\bin\release\sharpbag.tests.dll" id="1e0ca069-996e-4bc0-6164-74e9ee8107ac">
      <Execution id="d6a3109e-63e5-445e-95fd-8da838cdd238" />
      <TestMethod codeBase="C:/Users/SuprDewd/Desktop/Projects/Forritun/SharpBag/SharpBag.Tests01/bin/Release/SharpBag.Tests.DLL" adapterTypeName="Microsoft.VisualStudio.TestTools.TestTypes.Unit.UnitTestAdapter, Microsoft.VisualStudio.QualityTools.Tips.UnitTest.Adapter, Version=10.0.0.0, Culture=neutral, PublicKeyToken=b03f5f7f11d50a3a" className="SharpBag.ExtensionsTest, SharpBag.Tests, Version=0.0.0.0, Culture=neutral, PublicKeyToken=null" name="GetByPercentThrowsContractException730" />
    </UnitTest>
    <UnitTest name="IfNotNull173" storage="c:\users\suprdewd\desktop\projects\forritun\sharpbag\sharpbag.tests01\bin\release\sharpbag.tests.dll" id="7f627b84-c634-6195-b636-ad9c00404c56">
      <Execution id="8ed4b907-0b22-4adc-9201-3e3ca564e88d" />
      <TestMethod codeBase="C:/Users/SuprDewd/Desktop/Projects/Forritun/SharpBag/SharpBag.Tests01/bin/Release/SharpBag.Tests.DLL" adapterTypeName="Microsoft.VisualStudio.TestTools.TestTypes.Unit.UnitTestAdapter, Microsoft.VisualStudio.QualityTools.Tips.UnitTest.Adapter, Version=10.0.0.0, Culture=neutral, PublicKeyToken=b03f5f7f11d50a3a" className="SharpBag.ExtensionsTest, SharpBag.Tests, Version=0.0.0.0, Culture=neutral, PublicKeyToken=null" name="IfNotNull173" />
    </UnitTest>
    <UnitTest name="Add29601" storage="c:\users\suprdewd\desktop\projects\forritun\sharpbag\sharpbag.tests01\bin\release\sharpbag.tests.dll" id="29e140f3-0b7d-028a-f85f-e65d5e7a4460">
      <Execution id="009fbbe1-3181-4857-8280-cdaa8ce3c5a8" />
      <TestMethod codeBase="C:/Users/SuprDewd/Desktop/Projects/Forritun/SharpBag/SharpBag.Tests01/bin/Release/SharpBag.Tests.DLL" adapterTypeName="Microsoft.VisualStudio.TestTools.TestTypes.Unit.UnitTestAdapter, Microsoft.VisualStudio.QualityTools.Tips.UnitTest.Adapter, Version=10.0.0.0, Culture=neutral, PublicKeyToken=b03f5f7f11d50a3a" className="SharpBag.ExtensionsTest, SharpBag.Tests, Version=0.0.0.0, Culture=neutral, PublicKeyToken=null" name="Add29601" />
    </UnitTest>
    <UnitTest name="IfNotNull17301" storage="c:\users\suprdewd\desktop\projects\forritun\sharpbag\sharpbag.tests01\bin\release\sharpbag.tests.dll" id="fdc6582f-0eab-5f36-d160-7547a6de5dbb">
      <Execution id="84097312-29e6-48e0-ac45-bc7e797f89c2" />
      <TestMethod codeBase="C:/Users/SuprDewd/Desktop/Projects/Forritun/SharpBag/SharpBag.Tests01/bin/Release/SharpBag.Tests.DLL" adapterTypeName="Microsoft.VisualStudio.TestTools.TestTypes.Unit.UnitTestAdapter, Microsoft.VisualStudio.QualityTools.Tips.UnitTest.Adapter, Version=10.0.0.0, Culture=neutral, PublicKeyToken=b03f5f7f11d50a3a" className="SharpBag.ExtensionsTest, SharpBag.Tests, Version=0.0.0.0, Culture=neutral, PublicKeyToken=null" name="IfNotNull17301" />
    </UnitTest>
    <UnitTest name="Add609" storage="c:\users\suprdewd\desktop\projects\forritun\sharpbag\sharpbag.tests01\bin\release\sharpbag.tests.dll" id="7068f11c-cf82-d38d-0f16-16dd9f7c090f">
      <Execution id="ee26eced-26dc-4896-bfd6-79809108a633" />
      <TestMethod codeBase="C:/Users/SuprDewd/Desktop/Projects/Forritun/SharpBag/SharpBag.Tests01/bin/Release/SharpBag.Tests.DLL" adapterTypeName="Microsoft.VisualStudio.TestTools.TestTypes.Unit.UnitTestAdapter, Microsoft.VisualStudio.QualityTools.Tips.UnitTest.Adapter, Version=10.0.0.0, Culture=neutral, PublicKeyToken=b03f5f7f11d50a3a" className="SharpBag.ExtensionsTest, SharpBag.Tests, Version=0.0.0.0, Culture=neutral, PublicKeyToken=null" name="Add609" />
    </UnitTest>
    <UnitTest name="As0163225" storage="c:\users\suprdewd\desktop\projects\forritun\sharpbag\sharpbag.tests01\bin\release\sharpbag.tests.dll" id="2b9734bf-2716-3fbd-907d-b338c9f5816c">
      <Execution id="fb182506-0d48-4421-8811-2970bd2e8b4d" />
      <TestMethod codeBase="C:/Users/SuprDewd/Desktop/Projects/Forritun/SharpBag/SharpBag.Tests01/bin/Release/SharpBag.Tests.DLL" adapterTypeName="Microsoft.VisualStudio.TestTools.TestTypes.Unit.UnitTestAdapter, Microsoft.VisualStudio.QualityTools.Tips.UnitTest.Adapter, Version=10.0.0.0, Culture=neutral, PublicKeyToken=b03f5f7f11d50a3a" className="SharpBag.ExtensionsTest, SharpBag.Tests, Version=0.0.0.0, Culture=neutral, PublicKeyToken=null" name="As0163225" />
    </UnitTest>
    <UnitTest name="As0163213" storage="c:\users\suprdewd\desktop\projects\forritun\sharpbag\sharpbag.tests01\bin\release\sharpbag.tests.dll" id="2e9abde5-72f2-18f2-ec62-8da36318a8ed">
      <Execution id="455a117e-80e0-46de-84e8-e40bf025f2dc" />
      <TestMethod codeBase="C:/Users/SuprDewd/Desktop/Projects/Forritun/SharpBag/SharpBag.Tests01/bin/Release/SharpBag.Tests.DLL" adapterTypeName="Microsoft.VisualStudio.TestTools.TestTypes.Unit.UnitTestAdapter, Microsoft.VisualStudio.QualityTools.Tips.UnitTest.Adapter, Version=10.0.0.0, Culture=neutral, PublicKeyToken=b03f5f7f11d50a3a" className="SharpBag.ExtensionsTest, SharpBag.Tests, Version=0.0.0.0, Culture=neutral, PublicKeyToken=null" name="As0163213" />
    </UnitTest>
    <UnitTest name="ForEach788" storage="c:\users\suprdewd\desktop\projects\forritun\sharpbag\sharpbag.tests01\bin\release\sharpbag.tests.dll" id="81c4858e-2ab2-b121-25c5-9c96ee04a442">
      <Execution id="93def364-75af-44f4-8d60-304de6cb20c8" />
      <TestMethod codeBase="C:/Users/SuprDewd/Desktop/Projects/Forritun/SharpBag/SharpBag.Tests01/bin/Release/SharpBag.Tests.DLL" adapterTypeName="Microsoft.VisualStudio.TestTools.TestTypes.Unit.UnitTestAdapter, Microsoft.VisualStudio.QualityTools.Tips.UnitTest.Adapter, Version=10.0.0.0, Culture=neutral, PublicKeyToken=b03f5f7f11d50a3a" className="SharpBag.ExtensionsTest, SharpBag.Tests, Version=0.0.0.0, Culture=neutral, PublicKeyToken=null" name="ForEach788" />
    </UnitTest>
    <UnitTest name="As0163215" storage="c:\users\suprdewd\desktop\projects\forritun\sharpbag\sharpbag.tests01\bin\release\sharpbag.tests.dll" id="b70d24a9-e4cc-d879-39c7-bc30de9e70ab">
      <Execution id="b20b1174-01bd-46a7-9ce8-0e3157ff8451" />
      <TestMethod codeBase="C:/Users/SuprDewd/Desktop/Projects/Forritun/SharpBag/SharpBag.Tests01/bin/Release/SharpBag.Tests.DLL" adapterTypeName="Microsoft.VisualStudio.TestTools.TestTypes.Unit.UnitTestAdapter, Microsoft.VisualStudio.QualityTools.Tips.UnitTest.Adapter, Version=10.0.0.0, Culture=neutral, PublicKeyToken=b03f5f7f11d50a3a" className="SharpBag.ExtensionsTest, SharpBag.Tests, Version=0.0.0.0, Culture=neutral, PublicKeyToken=null" name="As0163215" />
    </UnitTest>
    <UnitTest name="As568" storage="c:\users\suprdewd\desktop\projects\forritun\sharpbag\sharpbag.tests01\bin\release\sharpbag.tests.dll" id="8dec4c0d-9137-8bca-e823-6edddad67b2a">
      <Execution id="012c7703-0844-4feb-bf14-4a0c80aa254d" />
      <TestMethod codeBase="C:/Users/SuprDewd/Desktop/Projects/Forritun/SharpBag/SharpBag.Tests01/bin/Release/SharpBag.Tests.DLL" adapterTypeName="Microsoft.VisualStudio.TestTools.TestTypes.Unit.UnitTestAdapter, Microsoft.VisualStudio.QualityTools.Tips.UnitTest.Adapter, Version=10.0.0.0, Culture=neutral, PublicKeyToken=b03f5f7f11d50a3a" className="SharpBag.ExtensionsTest, SharpBag.Tests, Version=0.0.0.0, Culture=neutral, PublicKeyToken=null" name="As568" />
    </UnitTest>
    <UnitTest name="Execute93301" storage="c:\users\suprdewd\desktop\projects\forritun\sharpbag\sharpbag.tests01\bin\release\sharpbag.tests.dll" id="fd09b993-a9b4-e74b-ac25-fcabec687112">
      <Execution id="1438a6a3-0833-49b3-a739-7c652a79005b" />
      <TestMethod codeBase="C:/Users/SuprDewd/Desktop/Projects/Forritun/SharpBag/SharpBag.Tests01/bin/Release/SharpBag.Tests.DLL" adapterTypeName="Microsoft.VisualStudio.TestTools.TestTypes.Unit.UnitTestAdapter, Microsoft.VisualStudio.QualityTools.Tips.UnitTest.Adapter, Version=10.0.0.0, Culture=neutral, PublicKeyToken=b03f5f7f11d50a3a" className="SharpBag.ExtensionsTest, SharpBag.Tests, Version=0.0.0.0, Culture=neutral, PublicKeyToken=null" name="Execute93301" />
    </UnitTest>
    <UnitTest name="CastAs434" storage="c:\users\suprdewd\desktop\projects\forritun\sharpbag\sharpbag.tests01\bin\release\sharpbag.tests.dll" id="17cbf434-78e7-42a5-6758-242cc94ac703">
      <Execution id="67bdfba4-ccac-4f61-8b84-47b2a5cd05da" />
      <TestMethod codeBase="C:/Users/SuprDewd/Desktop/Projects/Forritun/SharpBag/SharpBag.Tests01/bin/Release/SharpBag.Tests.DLL" adapterTypeName="Microsoft.VisualStudio.TestTools.TestTypes.Unit.UnitTestAdapter, Microsoft.VisualStudio.QualityTools.Tips.UnitTest.Adapter, Version=10.0.0.0, Culture=neutral, PublicKeyToken=b03f5f7f11d50a3a" className="SharpBag.ExtensionsTest, SharpBag.Tests, Version=0.0.0.0, Culture=neutral, PublicKeyToken=null" name="CastAs434" />
    </UnitTest>
    <UnitTest name="WithThrowsContractException186" storage="c:\users\suprdewd\desktop\projects\forritun\sharpbag\sharpbag.tests01\bin\release\sharpbag.tests.dll" id="4abb984b-7c31-de55-0099-63a2ac65b83e">
      <Execution id="0e75134d-9117-49a3-8b55-df2b11c0bc44" />
      <TestMethod codeBase="C:/Users/SuprDewd/Desktop/Projects/Forritun/SharpBag/SharpBag.Tests01/bin/Release/SharpBag.Tests.DLL" adapterTypeName="Microsoft.VisualStudio.TestTools.TestTypes.Unit.UnitTestAdapter, Microsoft.VisualStudio.QualityTools.Tips.UnitTest.Adapter, Version=10.0.0.0, Culture=neutral, PublicKeyToken=b03f5f7f11d50a3a" className="SharpBag.ExtensionsTest, SharpBag.Tests, Version=0.0.0.0, Culture=neutral, PublicKeyToken=null" name="WithThrowsContractException186" />
    </UnitTest>
    <UnitTest name="NullOr71402" storage="c:\users\suprdewd\desktop\projects\forritun\sharpbag\sharpbag.tests01\bin\release\sharpbag.tests.dll" id="56fc1a57-6e5c-088b-8f95-88d9f697c097">
      <Execution id="7e5ec53d-c947-450f-9eda-c60574daf2d9" />
      <TestMethod codeBase="C:/Users/SuprDewd/Desktop/Projects/Forritun/SharpBag/SharpBag.Tests01/bin/Release/SharpBag.Tests.DLL" adapterTypeName="Microsoft.VisualStudio.TestTools.TestTypes.Unit.UnitTestAdapter, Microsoft.VisualStudio.QualityTools.Tips.UnitTest.Adapter, Version=10.0.0.0, Culture=neutral, PublicKeyToken=b03f5f7f11d50a3a" className="SharpBag.ExtensionsTest, SharpBag.Tests, Version=0.0.0.0, Culture=neutral, PublicKeyToken=null" name="NullOr71402" />
    </UnitTest>
    <UnitTest name="As0163222" storage="c:\users\suprdewd\desktop\projects\forritun\sharpbag\sharpbag.tests01\bin\release\sharpbag.tests.dll" id="473a2b39-cb44-1d62-3c12-9fd92e3b377f">
      <Execution id="ef0c1052-e02b-40fc-8aa8-8b40af5a47ed" />
      <TestMethod codeBase="C:/Users/SuprDewd/Desktop/Projects/Forritun/SharpBag/SharpBag.Tests01/bin/Release/SharpBag.Tests.DLL" adapterTypeName="Microsoft.VisualStudio.TestTools.TestTypes.Unit.UnitTestAdapter, Microsoft.VisualStudio.QualityTools.Tips.UnitTest.Adapter, Version=10.0.0.0, Culture=neutral, PublicKeyToken=b03f5f7f11d50a3a" className="SharpBag.ExtensionsTest, SharpBag.Tests, Version=0.0.0.0, Culture=neutral, PublicKeyToken=null" name="As0163222" />
    </UnitTest>
    <UnitTest name="TakeEveryThrowsContractException998" storage="c:\users\suprdewd\desktop\projects\forritun\sharpbag\sharpbag.tests01\bin\release\sharpbag.tests.dll" id="c35eb805-49e5-7d06-b69d-ba684aaa6791">
      <Execution id="35eea27d-62e5-4fb8-ab1d-c706557e7929" />
      <TestMethod codeBase="C:/Users/SuprDewd/Desktop/Projects/Forritun/SharpBag/SharpBag.Tests01/bin/Release/SharpBag.Tests.DLL" adapterTypeName="Microsoft.VisualStudio.TestTools.TestTypes.Unit.UnitTestAdapter, Microsoft.VisualStudio.QualityTools.Tips.UnitTest.Adapter, Version=10.0.0.0, Culture=neutral, PublicKeyToken=b03f5f7f11d50a3a" className="SharpBag.ExtensionsTest, SharpBag.Tests, Version=0.0.0.0, Culture=neutral, PublicKeyToken=null" name="TakeEveryThrowsContractException998" />
    </UnitTest>
    <UnitTest name="ShuffleThrowsContractException994" storage="c:\users\suprdewd\desktop\projects\forritun\sharpbag\sharpbag.tests01\bin\release\sharpbag.tests.dll" id="b5422df7-b834-c8d0-39a5-47eef43fa0c1">
      <Execution id="a1151b71-af0f-4f2b-b595-c05de320eccf" />
      <TestMethod codeBase="C:/Users/SuprDewd/Desktop/Projects/Forritun/SharpBag/SharpBag.Tests01/bin/Release/SharpBag.Tests.DLL" adapterTypeName="Microsoft.VisualStudio.TestTools.TestTypes.Unit.UnitTestAdapter, Microsoft.VisualStudio.QualityTools.Tips.UnitTest.Adapter, Version=10.0.0.0, Culture=neutral, PublicKeyToken=b03f5f7f11d50a3a" className="SharpBag.ExtensionsTest, SharpBag.Tests, Version=0.0.0.0, Culture=neutral, PublicKeyToken=null" name="ShuffleThrowsContractException994" />
    </UnitTest>
    <UnitTest name="As0163210" storage="c:\users\suprdewd\desktop\projects\forritun\sharpbag\sharpbag.tests01\bin\release\sharpbag.tests.dll" id="ab4705e8-14a4-6e9f-baf9-e3d238e84cf8">
      <Execution id="90dbd732-0a8f-435a-bd16-39b40684559f" />
      <TestMethod codeBase="C:/Users/SuprDewd/Desktop/Projects/Forritun/SharpBag/SharpBag.Tests01/bin/Release/SharpBag.Tests.DLL" adapterTypeName="Microsoft.VisualStudio.TestTools.TestTypes.Unit.UnitTestAdapter, Microsoft.VisualStudio.QualityTools.Tips.UnitTest.Adapter, Version=10.0.0.0, Culture=neutral, PublicKeyToken=b03f5f7f11d50a3a" className="SharpBag.ExtensionsTest, SharpBag.Tests, Version=0.0.0.0, Culture=neutral, PublicKeyToken=null" name="As0163210" />
    </UnitTest>
    <UnitTest name="UnionAll02339" storage="c:\users\suprdewd\desktop\projects\forritun\sharpbag\sharpbag.tests01\bin\release\sharpbag.tests.dll" id="68fbef60-27f3-cd83-2f44-63ae34afe9d9">
      <Execution id="277e93c2-5aaa-4a8e-b38e-657c0f11e010" />
      <TestMethod codeBase="C:/Users/SuprDewd/Desktop/Projects/Forritun/SharpBag/SharpBag.Tests01/bin/Release/SharpBag.Tests.DLL" adapterTypeName="Microsoft.VisualStudio.TestTools.TestTypes.Unit.UnitTestAdapter, Microsoft.VisualStudio.QualityTools.Tips.UnitTest.Adapter, Version=10.0.0.0, Culture=neutral, PublicKeyToken=b03f5f7f11d50a3a" className="SharpBag.ExtensionsTest, SharpBag.Tests, Version=0.0.0.0, Culture=neutral, PublicKeyToken=null" name="UnionAll02339" />
    </UnitTest>
    <UnitTest name="As76301" storage="c:\users\suprdewd\desktop\projects\forritun\sharpbag\sharpbag.tests01\bin\release\sharpbag.tests.dll" id="14c4d8f7-99c5-9b56-48f1-16bece872cd1">
      <Execution id="8202e03d-ddad-4842-a130-b39bf3527dae" />
      <TestMethod codeBase="C:/Users/SuprDewd/Desktop/Projects/Forritun/SharpBag/SharpBag.Tests01/bin/Release/SharpBag.Tests.DLL" adapterTypeName="Microsoft.VisualStudio.TestTools.TestTypes.Unit.UnitTestAdapter, Microsoft.VisualStudio.QualityTools.Tips.UnitTest.Adapter, Version=10.0.0.0, Culture=neutral, PublicKeyToken=b03f5f7f11d50a3a" className="SharpBag.ExtensionsTest, SharpBag.Tests, Version=0.0.0.0, Culture=neutral, PublicKeyToken=null" name="As76301" />
    </UnitTest>
    <UnitTest name="EmptyIfNull574" storage="c:\users\suprdewd\desktop\projects\forritun\sharpbag\sharpbag.tests01\bin\release\sharpbag.tests.dll" id="d982986f-d5cc-bb8f-d6d8-e2a54e2f4dd0">
      <Execution id="c7d6b552-2e11-4db4-90e9-519dcf5c0df8" />
      <TestMethod codeBase="C:/Users/SuprDewd/Desktop/Projects/Forritun/SharpBag/SharpBag.Tests01/bin/Release/SharpBag.Tests.DLL" adapterTypeName="Microsoft.VisualStudio.TestTools.TestTypes.Unit.UnitTestAdapter, Microsoft.VisualStudio.QualityTools.Tips.UnitTest.Adapter, Version=10.0.0.0, Culture=neutral, PublicKeyToken=b03f5f7f11d50a3a" className="SharpBag.ExtensionsTest, SharpBag.Tests, Version=0.0.0.0, Culture=neutral, PublicKeyToken=null" name="EmptyIfNull574" />
    </UnitTest>
  </TestDefinitions>
  <TestLists>
    <TestList name="Results Not in a List" id="8c84fa94-04c1-424b-9868-57a2d4851a1d" />
    <TestList name="All Loaded Results" id="19431567-8539-422a-85d7-44ee4e166bda" />
  </TestLists>
  <TestEntries>
    <TestEntry testId="03c88b26-e4eb-d38e-6683-3ac55f8aeeac" executionId="1365be95-bed6-46df-877e-7636b9eb23eb" testListId="8c84fa94-04c1-424b-9868-57a2d4851a1d" />
    <TestEntry testId="04c53adc-df51-85a8-3dcb-278e962fc112" executionId="7bc03d4f-0e6f-4519-a6da-c7484d5edc87" testListId="8c84fa94-04c1-424b-9868-57a2d4851a1d" />
    <TestEntry testId="06a72b6b-584b-a3b5-cdb7-80fea093c0be" executionId="bb363630-d825-4786-bcd5-b66601e961fd" testListId="8c84fa94-04c1-424b-9868-57a2d4851a1d" />
    <TestEntry testId="06c7c50a-2cfb-defa-4126-b6fc950aaafe" executionId="145969da-6e6e-4083-9761-4ef3432c536d" testListId="8c84fa94-04c1-424b-9868-57a2d4851a1d" />
    <TestEntry testId="0860ee19-0524-5919-2b3c-8316527f7933" executionId="d6aebfff-8117-447c-8724-f44aae37fb9b" testListId="8c84fa94-04c1-424b-9868-57a2d4851a1d" />
    <TestEntry testId="099b6629-b323-a9b6-3641-ebce58ee0f7c" executionId="8a863cb6-3ad6-4f7f-adc4-895de3cf1140" testListId="8c84fa94-04c1-424b-9868-57a2d4851a1d" />
    <TestEntry testId="0b08a90e-9c88-bf3f-a353-f732342a57da" executionId="6cbc23dd-7fb1-497c-8fcc-29b104cbce9b" testListId="8c84fa94-04c1-424b-9868-57a2d4851a1d" />
    <TestEntry testId="0b8785c2-8bd4-a826-60eb-f295a2d7fcb3" executionId="079ac81a-df16-43b2-a61a-18079a0950ac" testListId="8c84fa94-04c1-424b-9868-57a2d4851a1d" />
    <TestEntry testId="0c58cf0b-ac72-a134-206f-98daff22c7f5" executionId="13ed3dcb-159c-4ca5-8d0e-033dbd9e2a0d" testListId="8c84fa94-04c1-424b-9868-57a2d4851a1d" />
    <TestEntry testId="0cb477c5-7b02-500d-45eb-bb863b0c13bb" executionId="f56d6ad6-adc6-43b0-a248-91fc2b94c2d7" testListId="8c84fa94-04c1-424b-9868-57a2d4851a1d" />
    <TestEntry testId="0e645c38-e73b-967d-e94f-74a8d38a05b3" executionId="c12da46e-9c11-4f5c-9ba1-1e56a65223c1" testListId="8c84fa94-04c1-424b-9868-57a2d4851a1d" />
    <TestEntry testId="1199c9cc-d8e3-0309-8136-cef199801af6" executionId="7c881b94-f2d4-461a-b317-ce02f78a1bbe" testListId="8c84fa94-04c1-424b-9868-57a2d4851a1d" />
    <TestEntry testId="135a3025-77e5-46ab-cdc0-1fc37de1ad5c" executionId="9cd56a0f-d606-4a4c-a1d5-f1690faf8699" testListId="8c84fa94-04c1-424b-9868-57a2d4851a1d" />
    <TestEntry testId="14c4d8f7-99c5-9b56-48f1-16bece872cd1" executionId="8202e03d-ddad-4842-a130-b39bf3527dae" testListId="8c84fa94-04c1-424b-9868-57a2d4851a1d" />
    <TestEntry testId="14e07649-4bb1-965c-d352-f5e6a62d38fd" executionId="591d6d40-d4f1-4a77-8f7a-78813d7f48be" testListId="8c84fa94-04c1-424b-9868-57a2d4851a1d" />
    <TestEntry testId="16a72305-d6bc-60a8-f8d6-a048d1322b13" executionId="8a0d5d20-3d21-4a22-9c5e-1d25004daa10" testListId="8c84fa94-04c1-424b-9868-57a2d4851a1d" />
    <TestEntry testId="16bc510b-963f-30e5-6517-13389edd4fdc" executionId="be625107-3058-45bf-9899-dc05756eecaa" testListId="8c84fa94-04c1-424b-9868-57a2d4851a1d" />
    <TestEntry testId="17cbf434-78e7-42a5-6758-242cc94ac703" executionId="67bdfba4-ccac-4f61-8b84-47b2a5cd05da" testListId="8c84fa94-04c1-424b-9868-57a2d4851a1d" />
    <TestEntry testId="18234ca5-6af0-1355-5140-f92645f28e01" executionId="1aa82bdd-27d0-45b5-97ad-379dd8fadfd4" testListId="8c84fa94-04c1-424b-9868-57a2d4851a1d" />
    <TestEntry testId="19033310-a8dd-db0b-1dcd-2bf1bef510ca" executionId="3e9af70a-6fd6-4666-a7d2-8ea6cdd4f1d1" testListId="8c84fa94-04c1-424b-9868-57a2d4851a1d" />
    <TestEntry testId="1903a639-b5d9-1b4f-9c30-0405b15e8f12" executionId="ceae1d84-1287-43b5-be90-e51a172e68b7" testListId="8c84fa94-04c1-424b-9868-57a2d4851a1d" />
    <TestEntry testId="193af604-0c49-1c0a-39c2-739404c2ca21" executionId="67c65244-51bd-4430-a6b0-89bf4ff2aaae" testListId="8c84fa94-04c1-424b-9868-57a2d4851a1d" />
    <TestEntry testId="1a1204f8-80dc-63b9-41bb-196d59b5bd9c" executionId="f793207d-7946-4fe0-b345-af12a741539b" testListId="8c84fa94-04c1-424b-9868-57a2d4851a1d" />
    <TestEntry testId="1b9103d0-5cae-0f4c-09ff-459b405bb125" executionId="d986548c-a638-4da6-bfcb-bee95d1dc09c" testListId="8c84fa94-04c1-424b-9868-57a2d4851a1d" />
    <TestEntry testId="1cdb2f2c-09f6-d6d8-6d16-a0ea90824aba" executionId="fcf1ebb5-f45c-4afb-8e50-c0c564570901" testListId="8c84fa94-04c1-424b-9868-57a2d4851a1d" />
    <TestEntry testId="1ddea7a7-fe10-238b-7e4c-5401f2a78e2b" executionId="6e0a18c6-a320-448e-a08b-5971787cd16a" testListId="8c84fa94-04c1-424b-9868-57a2d4851a1d" />
    <TestEntry testId="1e0ca069-996e-4bc0-6164-74e9ee8107ac" executionId="d6a3109e-63e5-445e-95fd-8da838cdd238" testListId="8c84fa94-04c1-424b-9868-57a2d4851a1d" />
    <TestEntry testId="1e811e95-82b3-7182-a1a6-ec99686bab87" executionId="c6268389-f813-4244-a178-d5a53ff42986" testListId="8c84fa94-04c1-424b-9868-57a2d4851a1d" />
    <TestEntry testId="1fa5b7ed-be1a-69d3-e35d-61c48c394d37" executionId="499d4180-7cbd-4aea-b2c2-10679025e0ff" testListId="8c84fa94-04c1-424b-9868-57a2d4851a1d" />
    <TestEntry testId="20789601-3bb2-517f-9c07-8755507d968d" executionId="90798b18-ccc5-4172-90b0-495d0f2904c5" testListId="8c84fa94-04c1-424b-9868-57a2d4851a1d" />
    <TestEntry testId="221d319c-8869-0d4c-725e-9ea36949d716" executionId="51432535-e936-4218-9514-6270169cdb32" testListId="8c84fa94-04c1-424b-9868-57a2d4851a1d" />
    <TestEntry testId="2250a8be-6947-1057-ceec-e49c62f651fa" executionId="5b6ac940-c21a-46fa-892a-25f10b77ec51" testListId="8c84fa94-04c1-424b-9868-57a2d4851a1d" />
    <TestEntry testId="22b3bc9e-2d91-4747-086b-d415be2c5776" executionId="126e8ca8-ad9b-4c8b-b4c8-67952d881aa7" testListId="8c84fa94-04c1-424b-9868-57a2d4851a1d" />
    <TestEntry testId="22fb3f0c-8177-2102-3c97-5cd124eaf953" executionId="97e109be-2e95-4860-b066-d629b645833b" testListId="8c84fa94-04c1-424b-9868-57a2d4851a1d" />
    <TestEntry testId="236dd585-9363-168d-3729-7ab007ad8692" executionId="7d052404-4242-41ab-b65c-343b2a59bfb2" testListId="8c84fa94-04c1-424b-9868-57a2d4851a1d" />
    <TestEntry testId="25d5b35a-db1f-e192-1a83-5fbd23003a20" executionId="9778c7df-fd1c-4db5-a274-813c7fababd0" testListId="8c84fa94-04c1-424b-9868-57a2d4851a1d" />
    <TestEntry testId="27059128-125c-8392-3ccd-85e2e6bd1214" executionId="5a084f2e-45b1-444a-a86c-78bf2a70ba14" testListId="8c84fa94-04c1-424b-9868-57a2d4851a1d" />
    <TestEntry testId="29e140f3-0b7d-028a-f85f-e65d5e7a4460" executionId="009fbbe1-3181-4857-8280-cdaa8ce3c5a8" testListId="8c84fa94-04c1-424b-9868-57a2d4851a1d" />
    <TestEntry testId="2a492a9b-f563-5e1e-f60c-76d1e2ee9ce9" executionId="3531f0bb-b67b-4af1-a75d-440583551fbb" testListId="8c84fa94-04c1-424b-9868-57a2d4851a1d" />
    <TestEntry testId="2b439315-a245-09eb-2a28-a8a156c3b963" executionId="e87d8d22-a1a9-43bc-bf5a-d652b77376de" testListId="8c84fa94-04c1-424b-9868-57a2d4851a1d" />
    <TestEntry testId="2b6a1fd0-ad89-86fe-c32f-c850f3486570" executionId="a0f814f9-a47f-4e7b-993e-1706c447c1bc" testListId="8c84fa94-04c1-424b-9868-57a2d4851a1d" />
    <TestEntry testId="2b9734bf-2716-3fbd-907d-b338c9f5816c" executionId="fb182506-0d48-4421-8811-2970bd2e8b4d" testListId="8c84fa94-04c1-424b-9868-57a2d4851a1d" />
    <TestEntry testId="2d05658b-f852-7a9d-6e46-1697909bbad0" executionId="58fec180-5c38-4c2f-b985-28c890dd05de" testListId="8c84fa94-04c1-424b-9868-57a2d4851a1d" />
    <TestEntry testId="2e107be2-e3af-1a8b-fb4b-bdb5534db4b8" executionId="f9492ed3-c044-4657-906b-2a15d228acde" testListId="8c84fa94-04c1-424b-9868-57a2d4851a1d" />
    <TestEntry testId="2e9abde5-72f2-18f2-ec62-8da36318a8ed" executionId="455a117e-80e0-46de-84e8-e40bf025f2dc" testListId="8c84fa94-04c1-424b-9868-57a2d4851a1d" />
    <TestEntry testId="2f442340-39d2-2141-feae-caa93af13693" executionId="09c52f74-73f4-411b-bc1e-626099b76d72" testListId="8c84fa94-04c1-424b-9868-57a2d4851a1d" />
    <TestEntry testId="2fd85783-fc83-f96f-d9bf-a6bcc5a252f1" executionId="8865583e-e5ae-47fc-8ebc-457d73a98ee7" testListId="8c84fa94-04c1-424b-9868-57a2d4851a1d" />
    <TestEntry testId="2ff38794-ad92-1998-3c20-e3ee775a8969" executionId="f46b6dfe-fe77-417f-9dae-470b2b1a6ee6" testListId="8c84fa94-04c1-424b-9868-57a2d4851a1d" />
    <TestEntry testId="31751606-0e00-3ddd-298e-e7c2d6c445a2" executionId="55a6a932-7b16-4373-bfe7-e54eb960c200" testListId="8c84fa94-04c1-424b-9868-57a2d4851a1d" />
    <TestEntry testId="31a904fb-b5e5-f95a-175a-584bb2addaff" executionId="4d6bb103-a00c-4d4f-85cb-3314a7191937" testListId="8c84fa94-04c1-424b-9868-57a2d4851a1d" />
    <TestEntry testId="33d00c5c-c888-05a3-fa39-c11369cf7bd7" executionId="0614b538-d386-4d08-95b9-827499621d73" testListId="8c84fa94-04c1-424b-9868-57a2d4851a1d" />
    <TestEntry testId="33f07926-487a-5d2a-2e1a-64b2ae7d1065" executionId="472a01a2-a1cc-4b8c-9272-97515ad9e25e" testListId="8c84fa94-04c1-424b-9868-57a2d4851a1d" />
    <TestEntry testId="3403c50d-2a71-9a27-1ea8-652ff438ba45" executionId="7bd54d01-2f0b-4e09-86e1-c048b451e048" testListId="8c84fa94-04c1-424b-9868-57a2d4851a1d" />
    <TestEntry testId="34aa3cd1-c558-0302-e5aa-355d37850848" executionId="5201353d-b5c5-4932-bf3f-edb635c2c3ac" testListId="8c84fa94-04c1-424b-9868-57a2d4851a1d" />
    <TestEntry testId="37c5e788-97a2-ee7f-c1df-5b64dcc3fb4c" executionId="0c40ef0e-134d-49be-8cac-c8ad300b407b" testListId="8c84fa94-04c1-424b-9868-57a2d4851a1d" />
    <TestEntry testId="389db5b6-ab96-a436-4af4-f75359c85bc2" executionId="7dd91246-e179-4044-9745-3b3a67eebe1c" testListId="8c84fa94-04c1-424b-9868-57a2d4851a1d" />
    <TestEntry testId="3902168e-77cb-c1b4-c44f-4336ab3b86bd" executionId="41cf9d29-b8cf-47c3-84d3-ba01ce50beb4" testListId="8c84fa94-04c1-424b-9868-57a2d4851a1d" />
    <TestEntry testId="3950117e-1257-8bcc-63aa-35e8e8daf9e2" executionId="b971a17b-2424-49ba-bae9-30b9cd257eac" testListId="8c84fa94-04c1-424b-9868-57a2d4851a1d" />
    <TestEntry testId="39820720-af85-1690-8f39-546deff2b7b4" executionId="5f758543-7fd2-49f1-8921-703b1d0b4f6e" testListId="8c84fa94-04c1-424b-9868-57a2d4851a1d" />
    <TestEntry testId="3a633eaa-632f-f936-1d35-4e407b494884" executionId="1079aa10-c79f-43f2-a139-7f18fb871aed" testListId="8c84fa94-04c1-424b-9868-57a2d4851a1d" />
    <TestEntry testId="3d3988d3-9563-f144-e6f1-47341372fdea" executionId="3c8a18fd-6b0b-4dfc-b30b-277818fe5306" testListId="8c84fa94-04c1-424b-9868-57a2d4851a1d" />
    <TestEntry testId="3e37c17d-90fa-e89c-9aa5-d591fc3b0dec" executionId="01417b3e-0558-4cdf-807d-78dfe4401c9a" testListId="8c84fa94-04c1-424b-9868-57a2d4851a1d" />
    <TestEntry testId="40b13692-f736-7aca-afa5-678a24ba3ffc" executionId="4e84d314-a468-4376-9d08-627c84baaa81" testListId="8c84fa94-04c1-424b-9868-57a2d4851a1d" />
    <TestEntry testId="4183213a-6645-16c2-af8b-e5bfcf7442d8" executionId="7bf67f94-4fff-433a-bcf2-9f4c0c79eb26" testListId="8c84fa94-04c1-424b-9868-57a2d4851a1d" />
    <TestEntry testId="42f45f10-504d-0d19-0e58-1ea2105c69e9" executionId="ce85b69d-ce82-4caa-ba7e-497d11348654" testListId="8c84fa94-04c1-424b-9868-57a2d4851a1d" />
    <TestEntry testId="43271b50-9462-4bb7-5e78-3783a2d68504" executionId="95e3dafe-fc7b-4335-a176-03de381e21ca" testListId="8c84fa94-04c1-424b-9868-57a2d4851a1d" />
    <TestEntry testId="44ddd54b-7a43-e4f9-ebb3-b78badce4585" executionId="ef03c7b3-cbee-4660-935d-b487e7d4c968" testListId="8c84fa94-04c1-424b-9868-57a2d4851a1d" />
    <TestEntry testId="462031e5-b98b-6e5b-b63a-031e660213f3" executionId="3ca35897-7c9c-4610-895d-94c5b2a40471" testListId="8c84fa94-04c1-424b-9868-57a2d4851a1d" />
    <TestEntry testId="46ca0fd9-03e1-55e3-3ad7-b4625d8d07c0" executionId="3b1fefc9-51dd-4c53-a3e7-a57ffe41f8c8" testListId="8c84fa94-04c1-424b-9868-57a2d4851a1d" />
    <TestEntry testId="46f11c29-0946-1ee3-1afe-afb72995b905" executionId="705a654c-277f-45d7-88a3-96debbff6efa" testListId="8c84fa94-04c1-424b-9868-57a2d4851a1d" />
    <TestEntry testId="473a2b39-cb44-1d62-3c12-9fd92e3b377f" executionId="ef0c1052-e02b-40fc-8aa8-8b40af5a47ed" testListId="8c84fa94-04c1-424b-9868-57a2d4851a1d" />
    <TestEntry testId="4796da93-05be-09dc-4928-16eafddcfcc3" executionId="ceedae3d-6cfa-410e-a8a6-4d10010b4722" testListId="8c84fa94-04c1-424b-9868-57a2d4851a1d" />
    <TestEntry testId="48745f52-01da-5495-8edc-495e0a033ca1" executionId="f30bcfbb-4bfe-4381-bf20-97c70972459b" testListId="8c84fa94-04c1-424b-9868-57a2d4851a1d" />
    <TestEntry testId="49aa9228-e307-ef3c-566e-386137588923" executionId="faa4454a-4140-48e6-8fd4-018913151b22" testListId="8c84fa94-04c1-424b-9868-57a2d4851a1d" />
    <TestEntry testId="49b4e1b0-9a60-f1f3-7d8e-e1f63ecc7d50" executionId="bd6cf0e1-5ea4-48c6-959c-46a0f04a7c88" testListId="8c84fa94-04c1-424b-9868-57a2d4851a1d" />
    <TestEntry testId="4a5ccd91-8853-f0cc-c6d0-af1603a36ab2" executionId="efea8f92-df46-49bf-b2ea-e2c712d8c3c8" testListId="8c84fa94-04c1-424b-9868-57a2d4851a1d" />
    <TestEntry testId="4a7a4f53-ec5e-d6d3-e03a-6b92202f8b07" executionId="6bcadd09-df86-4745-9889-45ff900501e2" testListId="8c84fa94-04c1-424b-9868-57a2d4851a1d" />
    <TestEntry testId="4abb984b-7c31-de55-0099-63a2ac65b83e" executionId="0e75134d-9117-49a3-8b55-df2b11c0bc44" testListId="8c84fa94-04c1-424b-9868-57a2d4851a1d" />
    <TestEntry testId="50193fe8-c442-2551-3869-f8c1428546c8" executionId="af37c3c1-10e2-4292-aa47-38d1c0d4a9fa" testListId="8c84fa94-04c1-424b-9868-57a2d4851a1d" />
    <TestEntry testId="50331d74-5beb-6efe-fe3a-6ee556b0f21a" executionId="7699514b-8558-48ae-8c9f-9c84db04cddd" testListId="8c84fa94-04c1-424b-9868-57a2d4851a1d" />
    <TestEntry testId="5514446b-a7eb-a40a-85ab-240a248bba2a" executionId="73b854c2-b00d-497c-81e6-467b258fa813" testListId="8c84fa94-04c1-424b-9868-57a2d4851a1d" />
    <TestEntry testId="559ad5fd-9c89-3fab-e602-368a88629e35" executionId="850317c2-d468-4cfc-9303-f6fedfe33f52" testListId="8c84fa94-04c1-424b-9868-57a2d4851a1d" />
    <TestEntry testId="567a07ee-04bb-68f0-b054-7c3ac20e04d0" executionId="1b5db66a-c847-4893-917d-11e1791ad708" testListId="8c84fa94-04c1-424b-9868-57a2d4851a1d" />
    <TestEntry testId="56fc1a57-6e5c-088b-8f95-88d9f697c097" executionId="7e5ec53d-c947-450f-9eda-c60574daf2d9" testListId="8c84fa94-04c1-424b-9868-57a2d4851a1d" />
    <TestEntry testId="57eca137-a858-5c60-bdd1-e7a00b2419ee" executionId="eef38bb4-f239-4ffa-9235-b86309704ad4" testListId="8c84fa94-04c1-424b-9868-57a2d4851a1d" />
    <TestEntry testId="583a3c4e-73f0-f6e0-0816-cbe45229841d" executionId="2d88d87c-5819-457f-9885-dfabb78053ec" testListId="8c84fa94-04c1-424b-9868-57a2d4851a1d" />
    <TestEntry testId="5864e842-9f86-c9b6-bda0-04be2ae227ea" executionId="95cd9094-d512-400b-aae3-cdf68b8a8408" testListId="8c84fa94-04c1-424b-9868-57a2d4851a1d" />
    <TestEntry testId="5aba0e57-1e97-6240-5ce7-34738ec9892e" executionId="6dfec86a-27d0-4772-8509-0cee347cc228" testListId="8c84fa94-04c1-424b-9868-57a2d4851a1d" />
    <TestEntry testId="5adb9ee5-30ee-88f6-0128-821d18abc579" executionId="67785c70-5bb7-44b2-b76a-9d1d0148ccf5" testListId="8c84fa94-04c1-424b-9868-57a2d4851a1d" />
    <TestEntry testId="5b905b9d-179c-2930-2f2f-ad7751aea174" executionId="07125e78-e0ed-4579-b36f-ad88a7357a0f" testListId="8c84fa94-04c1-424b-9868-57a2d4851a1d" />
    <TestEntry testId="5eb081c6-7954-7661-1c9d-175369539add" executionId="a8a08002-06cb-44ac-bbd0-145eff9ded0a" testListId="8c84fa94-04c1-424b-9868-57a2d4851a1d" />
    <TestEntry testId="5f6c8af1-2825-3c27-b802-e1be0e1eeb12" executionId="ddc852c1-6bca-4cc7-934a-4bc99fbf88bf" testListId="8c84fa94-04c1-424b-9868-57a2d4851a1d" />
    <TestEntry testId="614c4111-6956-515d-f644-f7bd702624eb" executionId="d4a03085-2170-4cf9-9813-f5c6bc08021d" testListId="8c84fa94-04c1-424b-9868-57a2d4851a1d" />
    <TestEntry testId="633e6a31-e7c1-dc4e-810e-71a427cf70a8" executionId="cd1f16d6-863f-4fa3-bf4b-f8c9883ee09a" testListId="8c84fa94-04c1-424b-9868-57a2d4851a1d" />
    <TestEntry testId="635fff99-cecb-31ab-c7e4-e3c205a5337d" executionId="1d402545-8039-44bd-a31a-4fb0caa9a6ba" testListId="8c84fa94-04c1-424b-9868-57a2d4851a1d" />
    <TestEntry testId="644c941d-d40b-5655-7852-107ffef9acae" executionId="c57ed6d7-1b35-41fe-85de-611467de62df" testListId="8c84fa94-04c1-424b-9868-57a2d4851a1d" />
    <TestEntry testId="67060c20-8464-3afb-a152-2d973dbdaed1" executionId="67f11454-6983-47c0-a52b-3b0bd69b0fa5" testListId="8c84fa94-04c1-424b-9868-57a2d4851a1d" />
    <TestEntry testId="68fbef60-27f3-cd83-2f44-63ae34afe9d9" executionId="277e93c2-5aaa-4a8e-b38e-657c0f11e010" testListId="8c84fa94-04c1-424b-9868-57a2d4851a1d" />
    <TestEntry testId="69d4fcec-3787-b518-9138-fc65c3d09ecc" executionId="a3ccc93a-86ea-4d27-b9a1-05a538582254" testListId="8c84fa94-04c1-424b-9868-57a2d4851a1d" />
    <TestEntry testId="6b7dcc70-66b6-d437-fa4f-aad0a0e1d53f" executionId="04a96060-e1e4-46a7-9234-3d5acbe1fffe" testListId="8c84fa94-04c1-424b-9868-57a2d4851a1d" />
    <TestEntry testId="6c23ed46-5e0f-a3f6-47f8-679e4acd3bc3" executionId="cabf60cb-9c05-41e3-9c03-ff20b58c5fdb" testListId="8c84fa94-04c1-424b-9868-57a2d4851a1d" />
    <TestEntry testId="6d798907-2cda-5ed7-51cd-5487f7235fb8" executionId="9e94b72f-37fe-4586-9f59-7106d959c0a9" testListId="8c84fa94-04c1-424b-9868-57a2d4851a1d" />
    <TestEntry testId="6ea29e89-2e15-126e-eecf-3f7b211c52eb" executionId="288af48c-8ac1-49be-a427-0fd7086ff355" testListId="8c84fa94-04c1-424b-9868-57a2d4851a1d" />
    <TestEntry testId="6f205f53-5c1d-2d23-0592-7823ba18d3aa" executionId="72d6e3d6-228e-400f-a9bb-81a974a2aefb" testListId="8c84fa94-04c1-424b-9868-57a2d4851a1d" />
    <TestEntry testId="6fb9b650-50a8-89e9-0d35-3a3dc4939152" executionId="aab5ff40-9668-4ed8-b6b9-713a61713fd1" testListId="8c84fa94-04c1-424b-9868-57a2d4851a1d" />
    <TestEntry testId="704833fc-664b-cb0a-a6d9-59354a3ac7df" executionId="57cb038e-0dfc-42bd-95b9-ba577ce28847" testListId="8c84fa94-04c1-424b-9868-57a2d4851a1d" />
    <TestEntry testId="7068f11c-cf82-d38d-0f16-16dd9f7c090f" executionId="ee26eced-26dc-4896-bfd6-79809108a633" testListId="8c84fa94-04c1-424b-9868-57a2d4851a1d" />
    <TestEntry testId="71fdaff9-49bf-b223-1fec-b90817ed9152" executionId="b7040632-1685-41e4-97fc-1d657d9aae3f" testListId="8c84fa94-04c1-424b-9868-57a2d4851a1d" />
    <TestEntry testId="7206ff03-56a7-ec6c-ffc0-c8679263faa3" executionId="42a1b7f1-5817-4650-8b28-e18221e4636c" testListId="8c84fa94-04c1-424b-9868-57a2d4851a1d" />
    <TestEntry testId="73dedb08-3777-9f76-6412-b3470bb8b574" executionId="1d1e8d92-611d-462d-b217-2af987763f33" testListId="8c84fa94-04c1-424b-9868-57a2d4851a1d" />
    <TestEntry testId="752747b0-a36b-eb83-ec59-1c939066a812" executionId="1b003806-375c-4154-87af-bfc9665aadc1" testListId="8c84fa94-04c1-424b-9868-57a2d4851a1d" />
    <TestEntry testId="767e3845-1b47-6225-c38c-e6345e12262a" executionId="2850c934-de0a-48ca-abff-e976eaaa1adc" testListId="8c84fa94-04c1-424b-9868-57a2d4851a1d" />
    <TestEntry testId="7743f34e-ac5f-23a3-8e8f-212222420029" executionId="162e6595-7f51-41fd-ba06-a22d30fff62f" testListId="8c84fa94-04c1-424b-9868-57a2d4851a1d" />
    <TestEntry testId="78086264-20f3-c7b4-e13e-997436ec518b" executionId="d27effd5-88a9-412e-ba4c-7c1e914b8e51" testListId="8c84fa94-04c1-424b-9868-57a2d4851a1d" />
    <TestEntry testId="7896ac03-38fd-b99c-d27e-6cbd208a3f1e" executionId="b7c5ec3e-83fa-463c-bdf3-c7d439587eb2" testListId="8c84fa94-04c1-424b-9868-57a2d4851a1d" />
    <TestEntry testId="7a9400e0-6f1a-74cc-aaf2-4e620d01eac4" executionId="a98b42a2-b768-4eb3-bf23-59b8123000ba" testListId="8c84fa94-04c1-424b-9868-57a2d4851a1d" />
    <TestEntry testId="7a9b0937-239f-a7cc-e1fc-09bbc3508e89" executionId="6cd3a0b3-f770-44ff-b1ff-38a15ca356e9" testListId="8c84fa94-04c1-424b-9868-57a2d4851a1d" />
    <TestEntry testId="7ba074f7-37b4-86ab-f897-639c59c7afb2" executionId="256288a6-da68-4199-90eb-a9de604132cd" testListId="8c84fa94-04c1-424b-9868-57a2d4851a1d" />
    <TestEntry testId="7d85dd6d-e955-0c88-df95-d36cadd3d7ff" executionId="9e1055ce-d107-43c5-9f9e-d8eb36499795" testListId="8c84fa94-04c1-424b-9868-57a2d4851a1d" />
    <TestEntry testId="7edd5b56-0f03-8716-c3c8-130b2e422ca5" executionId="90584b3d-41a8-4e18-9ab4-117db4c24f6c" testListId="8c84fa94-04c1-424b-9868-57a2d4851a1d" />
    <TestEntry testId="7f627b84-c634-6195-b636-ad9c00404c56" executionId="8ed4b907-0b22-4adc-9201-3e3ca564e88d" testListId="8c84fa94-04c1-424b-9868-57a2d4851a1d" />
    <TestEntry testId="80003646-df99-feba-93b2-6a809b884bf6" executionId="4b2dfd94-8cf3-4ee2-aca6-7af972591923" testListId="8c84fa94-04c1-424b-9868-57a2d4851a1d" />
    <TestEntry testId="8076c83d-2717-5964-7e9d-50cc5e2706b9" executionId="4b66f443-4551-4040-b6b8-b3225610b590" testListId="8c84fa94-04c1-424b-9868-57a2d4851a1d" />
    <TestEntry testId="808822f6-9c85-0a33-f1f9-4d64c79fb975" executionId="61062ce7-874a-4652-ab37-e283362128ee" testListId="8c84fa94-04c1-424b-9868-57a2d4851a1d" />
    <TestEntry testId="80c446f8-daa9-dd90-7ba0-f56b79877aec" executionId="9fa17882-52ac-4cbc-99d3-26b93ac3d769" testListId="8c84fa94-04c1-424b-9868-57a2d4851a1d" />
    <TestEntry testId="81c4858e-2ab2-b121-25c5-9c96ee04a442" executionId="93def364-75af-44f4-8d60-304de6cb20c8" testListId="8c84fa94-04c1-424b-9868-57a2d4851a1d" />
    <TestEntry testId="8449ab5e-c7c8-6deb-cb03-833888a032c6" executionId="324cacb6-a834-4c02-9c5a-29e42a4aaa2a" testListId="8c84fa94-04c1-424b-9868-57a2d4851a1d" />
    <TestEntry testId="84a133d0-001f-a986-72f9-cc05e5f25751" executionId="e8da3e1c-3f79-459a-a5c4-bc00f9dbf797" testListId="8c84fa94-04c1-424b-9868-57a2d4851a1d" />
    <TestEntry testId="86c02588-b87f-32bd-880b-56b0d73c1993" executionId="491d4e20-7f08-4892-b8f5-67cc5aaa4919" testListId="8c84fa94-04c1-424b-9868-57a2d4851a1d" />
    <TestEntry testId="8795f817-2bb9-9d00-f981-a3a8a2b7335e" executionId="1098447d-9829-4467-ae79-94ff42c52fbf" testListId="8c84fa94-04c1-424b-9868-57a2d4851a1d" />
    <TestEntry testId="8a248c8c-38d6-117a-cb08-bb2fddeae117" executionId="d1317fd5-c407-4535-8ef8-17ade07a8fa8" testListId="8c84fa94-04c1-424b-9868-57a2d4851a1d" />
    <TestEntry testId="8d424c8f-9c8d-8bdb-c98c-1e76a87f52e2" executionId="a212d90e-5f14-414b-946e-d62945aefb9c" testListId="8c84fa94-04c1-424b-9868-57a2d4851a1d" />
    <TestEntry testId="8dec4c0d-9137-8bca-e823-6edddad67b2a" executionId="012c7703-0844-4feb-bf14-4a0c80aa254d" testListId="8c84fa94-04c1-424b-9868-57a2d4851a1d" />
    <TestEntry testId="8f214c0c-af12-b9fb-ae32-e2f0e522a10f" executionId="da487742-2e73-4a2a-961c-7eb9a3efb520" testListId="8c84fa94-04c1-424b-9868-57a2d4851a1d" />
    <TestEntry testId="920395ef-4d81-2796-a8e3-57b62c679836" executionId="d3bd67a3-9ce3-4906-b7b7-6a886fa0dc64" testListId="8c84fa94-04c1-424b-9868-57a2d4851a1d" />
    <TestEntry testId="96af950a-9772-2cea-71eb-41187ff283ae" executionId="850d4d55-b1cd-43a9-b8ca-5a20c15b022d" testListId="8c84fa94-04c1-424b-9868-57a2d4851a1d" />
    <TestEntry testId="9b2baef8-8cea-f431-96b6-95e1ddfaf4a9" executionId="672e89ca-8280-45b8-a5c9-1c73eeb5179d" testListId="8c84fa94-04c1-424b-9868-57a2d4851a1d" />
    <TestEntry testId="9d4922e1-95bb-cc07-dd59-02aa21bc0c9d" executionId="27eacc28-47cc-40ba-bc7e-96b7009410da" testListId="8c84fa94-04c1-424b-9868-57a2d4851a1d" />
    <TestEntry testId="9f2f47bb-d8ab-f056-29c0-2bef6cf2b011" executionId="04570f78-57c5-4c55-8f54-9c3d21798e93" testListId="8c84fa94-04c1-424b-9868-57a2d4851a1d" />
    <TestEntry testId="9f469160-5fe3-b1e7-0220-66c2cc9d5d2b" executionId="5c03319c-7eba-45d9-93e0-da92c17add20" testListId="8c84fa94-04c1-424b-9868-57a2d4851a1d" />
    <TestEntry testId="a45582f8-3825-adac-44bf-8fa9e3381e89" executionId="8ae84175-5621-4778-a922-958c19007781" testListId="8c84fa94-04c1-424b-9868-57a2d4851a1d" />
    <TestEntry testId="a4d79828-c09a-4b3a-debd-ff9c5c818608" executionId="4c847d32-bee2-4666-b633-afd524235615" testListId="8c84fa94-04c1-424b-9868-57a2d4851a1d" />
    <TestEntry testId="a5017919-7828-b52a-3fcf-0e88954eb83a" executionId="e533d1ce-2fe2-4dfd-9bf1-6848f0147d53" testListId="8c84fa94-04c1-424b-9868-57a2d4851a1d" />
    <TestEntry testId="a51caca7-6a0e-8bea-fb89-3104ddb0e38a" executionId="038dff0d-837f-4dcd-b7e8-2907d276a991" testListId="8c84fa94-04c1-424b-9868-57a2d4851a1d" />
    <TestEntry testId="a5227b8f-5886-3860-e04a-7fd418987b6e" executionId="acae2fbb-a656-4037-acc6-04c710b10d09" testListId="8c84fa94-04c1-424b-9868-57a2d4851a1d" />
    <TestEntry testId="a54e40a4-c460-0f5a-3324-94dd8c77f779" executionId="de5cd685-d9ee-44db-83ca-e2a0d26c8cd0" testListId="8c84fa94-04c1-424b-9868-57a2d4851a1d" />
    <TestEntry testId="a65b5eab-4121-901b-449c-fc9aba07d07b" executionId="3020f05d-d8aa-4591-b40b-78aeaf84e5c2" testListId="8c84fa94-04c1-424b-9868-57a2d4851a1d" />
    <TestEntry testId="a67abeae-f275-21d8-f4a8-e10a60739baa" executionId="6b3b6484-6161-498d-93dc-77f9a6884829" testListId="8c84fa94-04c1-424b-9868-57a2d4851a1d" />
    <TestEntry testId="a9c998c1-d601-9d48-a5aa-e5458f5ccef5" executionId="263d8f45-c57a-4f2a-8fb2-421e3802be46" testListId="8c84fa94-04c1-424b-9868-57a2d4851a1d" />
    <TestEntry testId="aa22a9b8-be5f-7c6d-f18d-55627b642600" executionId="f45d65e6-612c-4ce1-8f0e-fe9ac17be191" testListId="8c84fa94-04c1-424b-9868-57a2d4851a1d" />
    <TestEntry testId="ab4705e8-14a4-6e9f-baf9-e3d238e84cf8" executionId="90dbd732-0a8f-435a-bd16-39b40684559f" testListId="8c84fa94-04c1-424b-9868-57a2d4851a1d" />
    <TestEntry testId="ad25e31e-4a53-f08b-b3bd-cfdcb07226a0" executionId="1f2be1fa-0ed0-44a7-9e3b-8972393d0c61" testListId="8c84fa94-04c1-424b-9868-57a2d4851a1d" />
    <TestEntry testId="ad6b7b0f-0850-7179-c3e4-805f9d123948" executionId="7368e484-8ad8-4b3c-89be-2ac9a7671ebb" testListId="8c84fa94-04c1-424b-9868-57a2d4851a1d" />
    <TestEntry testId="aef19ea6-eb47-a1be-032c-8930cda21d9c" executionId="bb75a9e9-dd01-477c-b632-916ce9d8f8c6" testListId="8c84fa94-04c1-424b-9868-57a2d4851a1d" />
    <TestEntry testId="af3c2eea-1341-4d08-8112-791e701a0e4e" executionId="442ee933-f7d7-4c20-93f7-28ed96a1221a" testListId="8c84fa94-04c1-424b-9868-57a2d4851a1d" />
    <TestEntry testId="b03d2b82-a5f5-4a0a-521f-fd9e431b28da" executionId="6afeac4b-48dc-4e17-aab6-e502dc45e81b" testListId="8c84fa94-04c1-424b-9868-57a2d4851a1d" />
    <TestEntry testId="b086ebe0-6bb0-f4b4-2d74-97b1a10dd517" executionId="2e8aee4e-3755-4610-ac69-7c2ccbc46b0e" testListId="8c84fa94-04c1-424b-9868-57a2d4851a1d" />
    <TestEntry testId="b2aadfc0-b55c-fa15-a9e1-9405ae9a9cc7" executionId="fcd2ff25-4009-4fc9-b405-b2d54f87fc0b" testListId="8c84fa94-04c1-424b-9868-57a2d4851a1d" />
    <TestEntry testId="b2c4141e-1dfd-f110-5623-435719fb340e" executionId="beae1c37-a44d-483f-af5f-7b7439c6584e" testListId="8c84fa94-04c1-424b-9868-57a2d4851a1d" />
    <TestEntry testId="b30e4a1d-f330-da4d-3e81-5c536003275c" executionId="8dcfa345-9120-4006-afec-8cdfe59def93" testListId="8c84fa94-04c1-424b-9868-57a2d4851a1d" />
    <TestEntry testId="b51e8365-ff64-84bf-89d7-6e6cedcc3dbf" executionId="80558110-a83b-4ab3-a4b9-e68868c819ab" testListId="8c84fa94-04c1-424b-9868-57a2d4851a1d" />
    <TestEntry testId="b5422df7-b834-c8d0-39a5-47eef43fa0c1" executionId="a1151b71-af0f-4f2b-b595-c05de320eccf" testListId="8c84fa94-04c1-424b-9868-57a2d4851a1d" />
    <TestEntry testId="b62d0492-14fb-ecd9-4eed-da4b06892ee9" executionId="88e5604c-2ff6-4cb2-be9c-44b76f7fb925" testListId="8c84fa94-04c1-424b-9868-57a2d4851a1d" />
    <TestEntry testId="b70d24a9-e4cc-d879-39c7-bc30de9e70ab" executionId="b20b1174-01bd-46a7-9ce8-0e3157ff8451" testListId="8c84fa94-04c1-424b-9868-57a2d4851a1d" />
    <TestEntry testId="b8e531ca-ec94-5331-cc83-d2332ab01f85" executionId="1fe75e6f-4e74-424a-95c3-b82b1eb936e3" testListId="8c84fa94-04c1-424b-9868-57a2d4851a1d" />
    <TestEntry testId="b99ec452-b626-078c-5efb-2041d6f255c4" executionId="796f6d54-d0bf-43d3-b951-9cb6990ceb95" testListId="8c84fa94-04c1-424b-9868-57a2d4851a1d" />
    <TestEntry testId="bacd5d20-af9a-e4cc-a40a-d6c0c11ab93b" executionId="40187053-4c70-48fb-aa1b-f33cc245a241" testListId="8c84fa94-04c1-424b-9868-57a2d4851a1d" />
    <TestEntry testId="bcd2eed5-d66d-4c84-679b-b01a3db87e97" executionId="fa0ed728-df85-4e0b-8dfc-ce477c49c7ae" testListId="8c84fa94-04c1-424b-9868-57a2d4851a1d" />
    <TestEntry testId="bddd9413-fc0c-f7bd-9469-9c1af52ef87f" executionId="8ebbd881-789a-4f1f-8cc8-248f003e9a31" testListId="8c84fa94-04c1-424b-9868-57a2d4851a1d" />
    <TestEntry testId="bdf234ab-0f12-2337-9094-2671833caeec" executionId="19bf17c0-9b21-4a1b-aa70-9933aad2f211" testListId="8c84fa94-04c1-424b-9868-57a2d4851a1d" />
    <TestEntry testId="bdf76499-e0f6-3d7b-4432-982ba6c3b223" executionId="24b247d4-500b-42a4-a811-499e0114d56a" testListId="8c84fa94-04c1-424b-9868-57a2d4851a1d" />
    <TestEntry testId="be4a640d-264d-b6fa-ba99-6f190c20c0bb" executionId="9d0af96f-e244-4a9f-b8d5-d49654831453" testListId="8c84fa94-04c1-424b-9868-57a2d4851a1d" />
    <TestEntry testId="be772578-3bd6-fe1e-69ad-baa513f62b0b" executionId="5f2e90ea-e391-4011-912c-46b96bc6c228" testListId="8c84fa94-04c1-424b-9868-57a2d4851a1d" />
    <TestEntry testId="bf4b4d8f-a9c5-278f-9d0c-4140566dfe7e" executionId="6f476c05-7a94-4876-92e0-6f20424546ec" testListId="8c84fa94-04c1-424b-9868-57a2d4851a1d" />
    <TestEntry testId="c35eb805-49e5-7d06-b69d-ba684aaa6791" executionId="35eea27d-62e5-4fb8-ab1d-c706557e7929" testListId="8c84fa94-04c1-424b-9868-57a2d4851a1d" />
    <TestEntry testId="c3a5f774-5c25-7fa7-593c-10a98b5db768" executionId="fcaa43dc-06f3-4fb0-8bb7-a72e0be8e0c7" testListId="8c84fa94-04c1-424b-9868-57a2d4851a1d" />
    <TestEntry testId="c3e8dcc2-bac7-2a0c-9c06-8dc4838145f3" executionId="377729ed-407e-4a60-a8b0-56b57a2e0e94" testListId="8c84fa94-04c1-424b-9868-57a2d4851a1d" />
    <TestEntry testId="c764531a-8b43-978a-82fa-64e183192f81" executionId="96b1c728-62fe-4529-b36b-a2e803a222bb" testListId="8c84fa94-04c1-424b-9868-57a2d4851a1d" />
    <TestEntry testId="c7ed85a6-e567-546b-2348-9ebad6489ec4" executionId="4131458b-8f34-4f91-9175-bbd6e1c55bb4" testListId="8c84fa94-04c1-424b-9868-57a2d4851a1d" />
    <TestEntry testId="c8c2cfdd-b8a6-a87d-8c47-5082bca773be" executionId="0b3ee3ba-8fb1-4724-a411-ef3ac60b1b54" testListId="8c84fa94-04c1-424b-9868-57a2d4851a1d" />
    <TestEntry testId="c8fc641b-9790-7184-8636-9458f79e781c" executionId="eaa85288-b65c-4855-a141-e33c89a044cb" testListId="8c84fa94-04c1-424b-9868-57a2d4851a1d" />
    <TestEntry testId="cdf50321-c0eb-ddc4-0179-2919c2028903" executionId="fea02bd2-fcf1-4440-8718-690546cb90a4" testListId="8c84fa94-04c1-424b-9868-57a2d4851a1d" />
    <TestEntry testId="cf67e106-470b-64ee-b4ec-daf199d3db2f" executionId="5748c4e5-fd85-4631-a1a3-8d1642be717d" testListId="8c84fa94-04c1-424b-9868-57a2d4851a1d" />
    <TestEntry testId="d1244455-073f-9dfb-7627-1dfedd276854" executionId="4f745543-aff1-44a7-82bc-8627a8f36c3b" testListId="8c84fa94-04c1-424b-9868-57a2d4851a1d" />
    <TestEntry testId="d400fa75-dd71-d01b-c6b4-e354835a9d50" executionId="3a05466c-6891-4770-9c7c-5fba7295d5fe" testListId="8c84fa94-04c1-424b-9868-57a2d4851a1d" />
    <TestEntry testId="d42181de-992b-d0d7-b361-de085976b475" executionId="678cb846-3d5e-4ae0-8bde-a47da432bfc7" testListId="8c84fa94-04c1-424b-9868-57a2d4851a1d" />
    <TestEntry testId="d6748736-3ac1-57ad-6f44-5383b3c8be53" executionId="c2680bbc-bc7e-4583-b894-b2544fecd467" testListId="8c84fa94-04c1-424b-9868-57a2d4851a1d" />
    <TestEntry testId="d820847a-a64d-718b-5774-4886058277c3" executionId="5e733463-a8cc-434b-8570-865e1a3db295" testListId="8c84fa94-04c1-424b-9868-57a2d4851a1d" />
    <TestEntry testId="d97a225a-e31a-2138-2fae-7b4109b25275" executionId="d320016b-7fd2-4d3f-ae1f-cc772ea3ff84" testListId="8c84fa94-04c1-424b-9868-57a2d4851a1d" />
    <TestEntry testId="d982986f-d5cc-bb8f-d6d8-e2a54e2f4dd0" executionId="c7d6b552-2e11-4db4-90e9-519dcf5c0df8" testListId="8c84fa94-04c1-424b-9868-57a2d4851a1d" />
    <TestEntry testId="d9b4351c-7a62-1cab-5792-b4bc31c2d3e2" executionId="6171430a-9245-4620-a472-1bd03d8206e0" testListId="8c84fa94-04c1-424b-9868-57a2d4851a1d" />
    <TestEntry testId="db3b4c9b-bf56-f07b-1edd-3db630376de3" executionId="277a9259-24c2-4256-ba45-1ec5d8bb92a8" testListId="8c84fa94-04c1-424b-9868-57a2d4851a1d" />
    <TestEntry testId="db3db7d1-baa6-fdfc-5ffe-240de016744d" executionId="c2eede97-3393-46fe-b2ec-d45a2f4ef3ab" testListId="8c84fa94-04c1-424b-9868-57a2d4851a1d" />
    <TestEntry testId="dc08494a-5655-aecb-96fc-b52817050a2a" executionId="653df0fe-efb6-48f9-bec8-dd1f2b5f3019" testListId="8c84fa94-04c1-424b-9868-57a2d4851a1d" />
    <TestEntry testId="de06015f-869e-46b8-4b51-8c7b049b2b96" executionId="82ae550c-8940-49e3-a177-62aaee323171" testListId="8c84fa94-04c1-424b-9868-57a2d4851a1d" />
    <TestEntry testId="df1617e4-72ba-a37d-c0da-86dff40b4b1a" executionId="1fed189c-9b0a-4b58-9d35-77d8cc7b4449" testListId="8c84fa94-04c1-424b-9868-57a2d4851a1d" />
    <TestEntry testId="dfddd698-039d-4cb7-341a-94646b1b9270" executionId="07f536ce-b820-40ed-babe-a4ad43db52cf" testListId="8c84fa94-04c1-424b-9868-57a2d4851a1d" />
    <TestEntry testId="e2246d63-e7df-9840-80a9-d83a6ecd6e3c" executionId="3797693e-bee3-44a4-b009-79223eee6884" testListId="8c84fa94-04c1-424b-9868-57a2d4851a1d" />
    <TestEntry testId="e2ea95fb-c5c4-8579-22e2-2d857f0fee1f" executionId="81311faf-298d-4013-88f5-6d8777bfe65a" testListId="8c84fa94-04c1-424b-9868-57a2d4851a1d" />
    <TestEntry testId="e37183df-04ce-aa53-28d5-e792188a2202" executionId="217bbead-59bf-46ec-a0ab-fdffbd9e31fb" testListId="8c84fa94-04c1-424b-9868-57a2d4851a1d" />
    <TestEntry testId="e3e433dc-f656-51bd-faab-b6cc3200c3cc" executionId="7de4e43d-dada-4420-9fdc-c215cdb546a4" testListId="8c84fa94-04c1-424b-9868-57a2d4851a1d" />
    <TestEntry testId="e5363327-44ec-fe0f-2940-3aad6d87acd3" executionId="2e1d24d1-7844-4428-b5b8-709f2dd8f35f" testListId="8c84fa94-04c1-424b-9868-57a2d4851a1d" />
    <TestEntry testId="e5750d14-09bb-ec70-127b-652a47b7dd9c" executionId="a1cf3b56-96ac-432e-8a9e-dd6ab411d498" testListId="8c84fa94-04c1-424b-9868-57a2d4851a1d" />
    <TestEntry testId="e860bbd5-6ce1-07c3-fd03-d14cbeda5d8f" executionId="85b7caad-07cb-4f88-971f-2600f399357d" testListId="8c84fa94-04c1-424b-9868-57a2d4851a1d" />
    <TestEntry testId="e966bfbe-0422-eb75-f093-b800f9c629b7" executionId="192205ce-4802-42a9-8ae0-99904ee1cab1" testListId="8c84fa94-04c1-424b-9868-57a2d4851a1d" />
    <TestEntry testId="ea12baf4-c62d-b0ca-b8ec-0dd742c09890" executionId="38da5838-f5d8-4432-bb41-ae99003e2cab" testListId="8c84fa94-04c1-424b-9868-57a2d4851a1d" />
    <TestEntry testId="ec491029-dab5-3481-ec80-f35631103905" executionId="c95e1086-91e5-41e9-895f-963682a6cf8e" testListId="8c84fa94-04c1-424b-9868-57a2d4851a1d" />
    <TestEntry testId="ec55615d-1e36-c752-f2bf-b20284d0ae33" executionId="112baddc-7f3c-4ad4-892e-0bf8465e1ec1" testListId="8c84fa94-04c1-424b-9868-57a2d4851a1d" />
    <TestEntry testId="ec99d1a9-4b49-a94f-134c-f58d11b57222" executionId="e0ac224e-073e-4f83-8190-db7a3087760b" testListId="8c84fa94-04c1-424b-9868-57a2d4851a1d" />
    <TestEntry testId="ee7a26ae-f08b-c1d5-713f-d21139c592b9" executionId="fc713417-991d-403a-9c45-741e6d3b7724" testListId="8c84fa94-04c1-424b-9868-57a2d4851a1d" />
    <TestEntry testId="eefb4a77-f949-d31d-7f54-d15f680d1a44" executionId="7f09699c-a446-4782-abda-17dbb0a75063" testListId="8c84fa94-04c1-424b-9868-57a2d4851a1d" />
    <TestEntry testId="f20d04ec-6bdf-2adb-3ea0-dea4791f58d1" executionId="3afff157-97b0-4463-8e6c-ad4f1926e6c6" testListId="8c84fa94-04c1-424b-9868-57a2d4851a1d" />
    <TestEntry testId="f342f959-584b-70f7-fc12-f7e45c365653" executionId="b303ca4b-7204-486d-b39c-18575c8ed806" testListId="8c84fa94-04c1-424b-9868-57a2d4851a1d" />
    <TestEntry testId="f4332708-2d9b-652b-a920-66192f9cdfaf" executionId="8fb65253-8792-4d9f-81a6-8e0c92a007f1" testListId="8c84fa94-04c1-424b-9868-57a2d4851a1d" />
    <TestEntry testId="f4f76af5-0d54-7bf8-8ba4-b32803d7a374" executionId="b2e2fa1a-662a-4057-b01b-88d04f7c7eaa" testListId="8c84fa94-04c1-424b-9868-57a2d4851a1d" />
    <TestEntry testId="f4fcc51c-8f8e-7431-03c1-95529343e3ab" executionId="4e3dc5c8-5c97-4a56-9b6e-afccb314aea8" testListId="8c84fa94-04c1-424b-9868-57a2d4851a1d" />
    <TestEntry testId="f50339b2-56a6-fab9-1b43-e437b5e0a59d" executionId="01f1419f-a1b8-461e-8d7a-5db2a39acad5" testListId="8c84fa94-04c1-424b-9868-57a2d4851a1d" />
    <TestEntry testId="f51de229-4761-6e36-e9f5-2ae1d5b346f0" executionId="866efef8-a8b0-4670-be86-5aad33d1ad5a" testListId="8c84fa94-04c1-424b-9868-57a2d4851a1d" />
    <TestEntry testId="f52b3d24-c27c-4731-8c5e-a7c40c1103b0" executionId="a8188ff8-d41d-447d-b25a-50770ee460fd" testListId="8c84fa94-04c1-424b-9868-57a2d4851a1d" />
    <TestEntry testId="f5f02455-4aef-8763-5044-dc094bc64ba2" executionId="57b37be4-5f3f-48ea-8913-bfd0e1f7500a" testListId="8c84fa94-04c1-424b-9868-57a2d4851a1d" />
    <TestEntry testId="f685a220-cae8-50b0-d543-46e310017a33" executionId="3245d5cb-da48-4bf4-a86b-1cf14cbbe976" testListId="8c84fa94-04c1-424b-9868-57a2d4851a1d" />
    <TestEntry testId="f75fa8c7-8563-f254-ccbd-c82531d39c32" executionId="c3d66900-e19a-4356-90d4-35d201b02a1d" testListId="8c84fa94-04c1-424b-9868-57a2d4851a1d" />
    <TestEntry testId="f791b1fc-7ecf-06ad-9b72-838a0f1da804" executionId="4e80a1a3-6946-4926-bc82-d0d28edc50e2" testListId="8c84fa94-04c1-424b-9868-57a2d4851a1d" />
    <TestEntry testId="f96aeaaa-982a-50fe-9819-4fadbbdc5555" executionId="40988544-b0eb-494c-b1c7-d4c010660a40" testListId="8c84fa94-04c1-424b-9868-57a2d4851a1d" />
    <TestEntry testId="fb6423e0-5921-8d06-caf6-13f5b7daee22" executionId="97bd534d-6e78-47e5-abc7-afa63080f27f" testListId="8c84fa94-04c1-424b-9868-57a2d4851a1d" />
    <TestEntry testId="fc92c33d-a24e-4715-be4e-9ee45be3958a" executionId="06d9a80d-168c-4b80-9e28-8c055c08e8b4" testListId="8c84fa94-04c1-424b-9868-57a2d4851a1d" />
    <TestEntry testId="fd09b993-a9b4-e74b-ac25-fcabec687112" executionId="1438a6a3-0833-49b3-a739-7c652a79005b" testListId="8c84fa94-04c1-424b-9868-57a2d4851a1d" />
    <TestEntry testId="fdb30fba-8b60-1947-0542-91aaf4661bb9" executionId="d41de12c-7f01-4284-93e1-031d821cca44" testListId="8c84fa94-04c1-424b-9868-57a2d4851a1d" />
    <TestEntry testId="fdc6582f-0eab-5f36-d160-7547a6de5dbb" executionId="84097312-29e6-48e0-ac45-bc7e797f89c2" testListId="8c84fa94-04c1-424b-9868-57a2d4851a1d" />
    <TestEntry testId="febe8afb-7bc1-3f13-831b-73b163a8c327" executionId="78981a91-0550-43e2-a0e1-a0167e7fe932" testListId="8c84fa94-04c1-424b-9868-57a2d4851a1d" />
  </TestEntries>
  <Results>
    <UnitTestResult executionId="1365be95-bed6-46df-877e-7636b9eb23eb" testId="03c88b26-e4eb-d38e-6683-3ac55f8aeeac" testName="Add60901" computerName="EDSAC" duration="00:00:00.0193181" startTime="2010-12-04T13:33:49.0256096+00:00" endTime="2010-12-04T13:33:49.6476452+00:00" testType="13cdc9d9-ddb5-4fa4-a97d-d965ccfc6d4b" outcome="Passed" testListId="8c84fa94-04c1-424b-9868-57a2d4851a1d" relativeResultsDirectory="1365be95-bed6-46df-877e-7636b9eb23eb">
    </UnitTestResult>
    <UnitTestResult executionId="7bc03d4f-0e6f-4519-a6da-c7484d5edc87" testId="04c53adc-df51-85a8-3dcb-278e962fc112" testName="Subarray709" computerName="EDSAC" duration="00:00:00.0056562" startTime="2010-12-04T13:33:49.6496453+00:00" endTime="2010-12-04T13:33:49.6686464+00:00" testType="13cdc9d9-ddb5-4fa4-a97d-d965ccfc6d4b" outcome="Passed" testListId="8c84fa94-04c1-424b-9868-57a2d4851a1d" relativeResultsDirectory="7bc03d4f-0e6f-4519-a6da-c7484d5edc87">
    </UnitTestResult>
    <UnitTestResult executionId="bb363630-d825-4786-bcd5-b66601e961fd" testId="06a72b6b-584b-a3b5-cdb7-80fea093c0be" testName="GetByPercentThrowsContractException155" computerName="EDSAC" duration="00:00:00.0240290" startTime="2010-12-04T13:33:49.6706465+00:00" endTime="2010-12-04T13:33:49.7046484+00:00" testType="13cdc9d9-ddb5-4fa4-a97d-d965ccfc6d4b" outcome="Passed" testListId="8c84fa94-04c1-424b-9868-57a2d4851a1d" relativeResultsDirectory="bb363630-d825-4786-bcd5-b66601e961fd">
    </UnitTestResult>
    <UnitTestResult executionId="145969da-6e6e-4083-9761-4ef3432c536d" testId="06c7c50a-2cfb-defa-4126-b6fc950aaafe" testName="As01ThrowsContractException194" computerName="EDSAC" duration="00:00:00.0016270" startTime="2010-12-04T13:33:49.7076486+00:00" endTime="2010-12-04T13:33:49.7206493+00:00" testType="13cdc9d9-ddb5-4fa4-a97d-d965ccfc6d4b" outcome="Passed" testListId="8c84fa94-04c1-424b-9868-57a2d4851a1d" relativeResultsDirectory="145969da-6e6e-4083-9761-4ef3432c536d">
    </UnitTestResult>
    <UnitTestResult executionId="d6aebfff-8117-447c-8724-f44aae37fb9b" testId="0860ee19-0524-5919-2b3c-8316527f7933" testName="If921" computerName="EDSAC" duration="00:00:00.0003606" startTime="2010-12-04T13:33:49.7236495+00:00" endTime="2010-12-04T13:33:49.7316500+00:00" testType="13cdc9d9-ddb5-4fa4-a97d-d965ccfc6d4b" outcome="Passed" testListId="8c84fa94-04c1-424b-9868-57a2d4851a1d" relativeResultsDirectory="d6aebfff-8117-447c-8724-f44aae37fb9b">
    </UnitTestResult>
    <UnitTestResult executionId="8a863cb6-3ad6-4f7f-adc4-895de3cf1140" testId="099b6629-b323-a9b6-3641-ebce58ee0f7c" testName="AsEnumerable02588" computerName="EDSAC" duration="00:00:00.0253304" startTime="2010-12-04T13:33:49.7346501+00:00" endTime="2010-12-04T13:33:49.7666520+00:00" testType="13cdc9d9-ddb5-4fa4-a97d-d965ccfc6d4b" outcome="Passed" testListId="8c84fa94-04c1-424b-9868-57a2d4851a1d" relativeResultsDirectory="8a863cb6-3ad6-4f7f-adc4-895de3cf1140">
    </UnitTestResult>
    <UnitTestResult executionId="6cbc23dd-7fb1-497c-8fcc-29b104cbce9b" testId="0b08a90e-9c88-bf3f-a353-f732342a57da" testName="TakeEveryThrowsContractException918" computerName="EDSAC" duration="00:00:00.0032261" startTime="2010-12-04T13:33:49.7696521+00:00" endTime="2010-12-04T13:33:49.7816528+00:00" testType="13cdc9d9-ddb5-4fa4-a97d-d965ccfc6d4b" outcome="Passed" testListId="8c84fa94-04c1-424b-9868-57a2d4851a1d" relativeResultsDirectory="6cbc23dd-7fb1-497c-8fcc-29b104cbce9b">
    </UnitTestResult>
    <UnitTestResult executionId="079ac81a-df16-43b2-a61a-18079a0950ac" testId="0b8785c2-8bd4-a826-60eb-f295a2d7fcb3" testName="As01660" computerName="EDSAC" duration="00:00:00.0010736" startTime="2010-12-04T13:33:49.7846530+00:00" endTime="2010-12-04T13:33:49.7946536+00:00" testType="13cdc9d9-ddb5-4fa4-a97d-d965ccfc6d4b" outcome="Passed" testListId="8c84fa94-04c1-424b-9868-57a2d4851a1d" relativeResultsDirectory="079ac81a-df16-43b2-a61a-18079a0950ac">
    </UnitTestResult>
    <UnitTestResult executionId="13ed3dcb-159c-4ca5-8d0e-033dbd9e2a0d" testId="0c58cf0b-ac72-a134-206f-98daff22c7f5" testName="As0132103" computerName="EDSAC" duration="00:00:00.0004792" startTime="2010-12-04T13:33:49.7976537+00:00" endTime="2010-12-04T13:33:49.8056542+00:00" testType="13cdc9d9-ddb5-4fa4-a97d-d965ccfc6d4b" outcome="Passed" testListId="8c84fa94-04c1-424b-9868-57a2d4851a1d" relativeResultsDirectory="13ed3dcb-159c-4ca5-8d0e-033dbd9e2a0d">
    </UnitTestResult>
    <UnitTestResult executionId="f56d6ad6-adc6-43b0-a248-91fc2b94c2d7" testId="0cb477c5-7b02-500d-45eb-bb863b0c13bb" testName="RangeThrowsContractException958" computerName="EDSAC" duration="00:00:00.0042148" startTime="2010-12-04T13:33:49.8086544+00:00" endTime="2010-12-04T13:33:49.8216551+00:00" testType="13cdc9d9-ddb5-4fa4-a97d-d965ccfc6d4b" outcome="Passed" testListId="8c84fa94-04c1-424b-9868-57a2d4851a1d" relativeResultsDirectory="f56d6ad6-adc6-43b0-a248-91fc2b94c2d7">
    </UnitTestResult>
    <UnitTestResult executionId="c12da46e-9c11-4f5c-9ba1-1e56a65223c1" testId="0e645c38-e73b-967d-e94f-74a8d38a05b3" testName="As170" computerName="EDSAC" duration="00:00:00.0005468" startTime="2010-12-04T13:33:49.8246553+00:00" endTime="2010-12-04T13:33:49.8326557+00:00" testType="13cdc9d9-ddb5-4fa4-a97d-d965ccfc6d4b" outcome="Passed" testListId="8c84fa94-04c1-424b-9868-57a2d4851a1d" relativeResultsDirectory="c12da46e-9c11-4f5c-9ba1-1e56a65223c1">
    </UnitTestResult>
    <UnitTestResult executionId="7c881b94-f2d4-461a-b317-ce02f78a1bbe" testId="1199c9cc-d8e3-0309-8136-cef199801af6" testName="To01203" computerName="EDSAC" duration="00:00:00.0034818" startTime="2010-12-04T13:33:49.8366560+00:00" endTime="2010-12-04T13:33:49.8486567+00:00" testType="13cdc9d9-ddb5-4fa4-a97d-d965ccfc6d4b" outcome="Passed" testListId="8c84fa94-04c1-424b-9868-57a2d4851a1d" relativeResultsDirectory="7c881b94-f2d4-461a-b317-ce02f78a1bbe">
    </UnitTestResult>
    <UnitTestResult executionId="9cd56a0f-d606-4a4c-a1d5-f1690faf8699" testId="135a3025-77e5-46ab-cdc0-1fc37de1ad5c" testName="UnionAll02ThrowsContractException412" computerName="EDSAC" duration="00:00:00.0023843" startTime="2010-12-04T13:33:49.8556571+00:00" endTime="2010-12-04T13:33:49.8666577+00:00" testType="13cdc9d9-ddb5-4fa4-a97d-d965ccfc6d4b" outcome="Passed" testListId="8c84fa94-04c1-424b-9868-57a2d4851a1d" relativeResultsDirectory="9cd56a0f-d606-4a4c-a1d5-f1690faf8699">
    </UnitTestResult>
    <UnitTestResult executionId="8202e03d-ddad-4842-a130-b39bf3527dae" testId="14c4d8f7-99c5-9b56-48f1-16bece872cd1" testName="As76301" computerName="EDSAC" duration="00:00:00.0006299" startTime="2010-12-04T13:33:49.8736581+00:00" endTime="2010-12-04T13:33:49.8816585+00:00" testType="13cdc9d9-ddb5-4fa4-a97d-d965ccfc6d4b" outcome="Passed" testListId="8c84fa94-04c1-424b-9868-57a2d4851a1d" relativeResultsDirectory="8202e03d-ddad-4842-a130-b39bf3527dae">
    </UnitTestResult>
    <UnitTestResult executionId="591d6d40-d4f1-4a77-8f7a-78813d7f48be" testId="14e07649-4bb1-965c-d352-f5e6a62d38fd" testName="IsNullOrEmpty177" computerName="EDSAC" duration="00:00:00.0019448" startTime="2010-12-04T13:33:49.8846587+00:00" endTime="2010-12-04T13:33:49.8956593+00:00" testType="13cdc9d9-ddb5-4fa4-a97d-d965ccfc6d4b" outcome="Passed" testListId="8c84fa94-04c1-424b-9868-57a2d4851a1d" relativeResultsDirectory="591d6d40-d4f1-4a77-8f7a-78813d7f48be">
    </UnitTestResult>
    <UnitTestResult executionId="8a0d5d20-3d21-4a22-9c5e-1d25004daa10" testId="16a72305-d6bc-60a8-f8d6-a048d1322b13" testName="To03ThrowsContractException633" computerName="EDSAC" duration="00:00:00.0028439" startTime="2010-12-04T13:33:49.8986595+00:00" endTime="2010-12-04T13:33:49.9106602+00:00" testType="13cdc9d9-ddb5-4fa4-a97d-d965ccfc6d4b" outcome="Passed" testListId="8c84fa94-04c1-424b-9868-57a2d4851a1d" relativeResultsDirectory="8a0d5d20-3d21-4a22-9c5e-1d25004daa10">
    </UnitTestResult>
    <UnitTestResult executionId="be625107-3058-45bf-9899-dc05756eecaa" testId="16bc510b-963f-30e5-6517-13389edd4fdc" testName="GetByPercentThrowsIndexOutOfRangeException858" computerName="EDSAC" duration="00:00:00.0352332" startTime="2010-12-04T13:33:49.9156605+00:00" endTime="2010-12-04T13:33:49.9606631+00:00" testType="13cdc9d9-ddb5-4fa4-a97d-d965ccfc6d4b" outcome="Failed" testListId="8c84fa94-04c1-424b-9868-57a2d4851a1d" relativeResultsDirectory="be625107-3058-45bf-9899-dc05756eecaa">
      <Output>
        <ErrorInfo>
          <Message>Test method SharpBag.ExtensionsTest.GetByPercentThrowsIndexOutOfRangeException858 threw exception: 
System.Diagnostics.Contracts.__ContractsRuntime+ContractException: Precondition failed: array.Length &gt; 0</Message>
          <StackTrace>    at SharpBag.Extensions.GetByPercent[T](T[] array, Double percent) in C:\Users\SuprDewd\Desktop\Projects\Forritun\SharpBag\SharpBag\Extensions.cs:line 241
   at SharpBag.ExtensionsTest.GetByPercentThrowsIndexOutOfRangeException858() in C:\Users\SuprDewd\Desktop\Projects\Forritun\SharpBag\SharpBag.Tests01\ExtensionsTest.GetByPercent.g.cs:line 47
</StackTrace>
        </ErrorInfo>
      </Output>
    </UnitTestResult>
    <UnitTestResult executionId="67bdfba4-ccac-4f61-8b84-47b2a5cd05da" testId="17cbf434-78e7-42a5-6758-242cc94ac703" testName="CastAs434" computerName="EDSAC" duration="00:00:00.0005571" startTime="2010-12-04T13:33:49.9686635+00:00" endTime="2010-12-04T13:33:49.9806642+00:00" testType="13cdc9d9-ddb5-4fa4-a97d-d965ccfc6d4b" outcome="Passed" testListId="8c84fa94-04c1-424b-9868-57a2d4851a1d" relativeResultsDirectory="67bdfba4-ccac-4f61-8b84-47b2a5cd05da">
    </UnitTestResult>
    <UnitTestResult executionId="1aa82bdd-27d0-45b5-97ad-379dd8fadfd4" testId="18234ca5-6af0-1355-5140-f92645f28e01" testName="If79" computerName="EDSAC" duration="00:00:00.0005869" startTime="2010-12-04T13:33:49.9856645+00:00" endTime="2010-12-04T13:33:49.9966651+00:00" testType="13cdc9d9-ddb5-4fa4-a97d-d965ccfc6d4b" outcome="Passed" testListId="8c84fa94-04c1-424b-9868-57a2d4851a1d" relativeResultsDirectory="1aa82bdd-27d0-45b5-97ad-379dd8fadfd4">
    </UnitTestResult>
    <UnitTestResult executionId="3e9af70a-6fd6-4666-a7d2-8ea6cdd4f1d1" testId="19033310-a8dd-db0b-1dcd-2bf1bef510ca" testName="Fill0110501" computerName="EDSAC" duration="00:00:00.0026634" startTime="2010-12-04T13:33:50.0076658+00:00" endTime="2010-12-04T13:33:50.0176663+00:00" testType="13cdc9d9-ddb5-4fa4-a97d-d965ccfc6d4b" outcome="Passed" testListId="8c84fa94-04c1-424b-9868-57a2d4851a1d" relativeResultsDirectory="3e9af70a-6fd6-4666-a7d2-8ea6cdd4f1d1">
    </UnitTestResult>
    <UnitTestResult executionId="ceae1d84-1287-43b5-be90-e51a172e68b7" testId="1903a639-b5d9-1b4f-9c30-0405b15e8f12" testName="ForEach90802" computerName="EDSAC" duration="00:00:00.0219964" startTime="2010-12-04T13:33:50.0206665+00:00" endTime="2010-12-04T13:33:50.0506682+00:00" testType="13cdc9d9-ddb5-4fa4-a97d-d965ccfc6d4b" outcome="Passed" testListId="8c84fa94-04c1-424b-9868-57a2d4851a1d" relativeResultsDirectory="ceae1d84-1287-43b5-be90-e51a172e68b7">
    </UnitTestResult>
    <UnitTestResult executionId="67c65244-51bd-4430-a6b0-89bf4ff2aaae" testId="193af604-0c49-1c0a-39c2-739404c2ca21" testName="ForEach125" computerName="EDSAC" duration="00:00:00.0026340" startTime="2010-12-04T13:33:50.0536684+00:00" endTime="2010-12-04T13:33:50.0616688+00:00" testType="13cdc9d9-ddb5-4fa4-a97d-d965ccfc6d4b" outcome="Passed" testListId="8c84fa94-04c1-424b-9868-57a2d4851a1d" relativeResultsDirectory="67c65244-51bd-4430-a6b0-89bf4ff2aaae">
    </UnitTestResult>
    <UnitTestResult executionId="f793207d-7946-4fe0-b345-af12a741539b" testId="1a1204f8-80dc-63b9-41bb-196d59b5bd9c" testName="As21507" computerName="EDSAC" duration="00:00:00.0008921" startTime="2010-12-04T13:33:50.0656691+00:00" endTime="2010-12-04T13:33:50.0736695+00:00" testType="13cdc9d9-ddb5-4fa4-a97d-d965ccfc6d4b" outcome="Passed" testListId="8c84fa94-04c1-424b-9868-57a2d4851a1d" relativeResultsDirectory="f793207d-7946-4fe0-b345-af12a741539b">
    </UnitTestResult>
    <UnitTestResult executionId="d986548c-a638-4da6-bfcb-bee95d1dc09c" testId="1b9103d0-5cae-0f4c-09ff-459b405bb125" testName="Random01ThrowsContractException824" computerName="EDSAC" duration="00:00:00.0018333" startTime="2010-12-04T13:33:50.0766697+00:00" endTime="2010-12-04T13:33:50.0866703+00:00" testType="13cdc9d9-ddb5-4fa4-a97d-d965ccfc6d4b" outcome="Passed" testListId="8c84fa94-04c1-424b-9868-57a2d4851a1d" relativeResultsDirectory="d986548c-a638-4da6-bfcb-bee95d1dc09c">
    </UnitTestResult>
    <UnitTestResult executionId="fcf1ebb5-f45c-4afb-8e50-c0c564570901" testId="1cdb2f2c-09f6-d6d8-6d16-a0ea90824aba" testName="As21518" computerName="EDSAC" duration="00:00:00.0008720" startTime="2010-12-04T13:33:50.0896704+00:00" endTime="2010-12-04T13:33:50.0996710+00:00" testType="13cdc9d9-ddb5-4fa4-a97d-d965ccfc6d4b" outcome="Passed" testListId="8c84fa94-04c1-424b-9868-57a2d4851a1d" relativeResultsDirectory="fcf1ebb5-f45c-4afb-8e50-c0c564570901">
    </UnitTestResult>
    <UnitTestResult executionId="6e0a18c6-a320-448e-a08b-5971787cd16a" testId="1ddea7a7-fe10-238b-7e4c-5401f2a78e2b" testName="RandomThrowsContractException574" computerName="EDSAC" duration="00:00:00.0010788" startTime="2010-12-04T13:33:50.1026712+00:00" endTime="2010-12-04T13:33:50.1116717+00:00" testType="13cdc9d9-ddb5-4fa4-a97d-d965ccfc6d4b" outcome="Passed" testListId="8c84fa94-04c1-424b-9868-57a2d4851a1d" relativeResultsDirectory="6e0a18c6-a320-448e-a08b-5971787cd16a">
    </UnitTestResult>
    <UnitTestResult executionId="d6a3109e-63e5-445e-95fd-8da838cdd238" testId="1e0ca069-996e-4bc0-6164-74e9ee8107ac" testName="GetByPercentThrowsContractException730" computerName="EDSAC" duration="00:00:00.0005799" startTime="2010-12-04T13:33:50.1146719+00:00" endTime="2010-12-04T13:33:50.1246724+00:00" testType="13cdc9d9-ddb5-4fa4-a97d-d965ccfc6d4b" outcome="Passed" testListId="8c84fa94-04c1-424b-9868-57a2d4851a1d" relativeResultsDirectory="d6a3109e-63e5-445e-95fd-8da838cdd238">
    </UnitTestResult>
    <UnitTestResult executionId="c6268389-f813-4244-a178-d5a53ff42986" testId="1e811e95-82b3-7182-a1a6-ec99686bab87" testName="IsIn570" computerName="EDSAC" duration="00:00:00.0015337" startTime="2010-12-04T13:33:50.1316728+00:00" endTime="2010-12-04T13:33:50.1406734+00:00" testType="13cdc9d9-ddb5-4fa4-a97d-d965ccfc6d4b" outcome="Passed" testListId="8c84fa94-04c1-424b-9868-57a2d4851a1d" relativeResultsDirectory="c6268389-f813-4244-a178-d5a53ff42986">
    </UnitTestResult>
    <UnitTestResult executionId="499d4180-7cbd-4aea-b2c2-10679025e0ff" testId="1fa5b7ed-be1a-69d3-e35d-61c48c394d37" testName="NullOr907" computerName="EDSAC" duration="00:00:00.0023815" startTime="2010-12-04T13:33:50.1426735+00:00" endTime="2010-12-04T13:33:50.1546742+00:00" testType="13cdc9d9-ddb5-4fa4-a97d-d965ccfc6d4b" outcome="Passed" testListId="8c84fa94-04c1-424b-9868-57a2d4851a1d" relativeResultsDirectory="499d4180-7cbd-4aea-b2c2-10679025e0ff">
    </UnitTestResult>
    <UnitTestResult executionId="90798b18-ccc5-4172-90b0-495d0f2904c5" testId="20789601-3bb2-517f-9c07-8755507d968d" testName="IsIn0134" computerName="EDSAC" duration="00:00:00.0012533" startTime="2010-12-04T13:33:50.1576743+00:00" endTime="2010-12-04T13:33:50.1666748+00:00" testType="13cdc9d9-ddb5-4fa4-a97d-d965ccfc6d4b" outcome="Passed" testListId="8c84fa94-04c1-424b-9868-57a2d4851a1d" relativeResultsDirectory="90798b18-ccc5-4172-90b0-495d0f2904c5">
    </UnitTestResult>
    <UnitTestResult executionId="51432535-e936-4218-9514-6270169cdb32" testId="221d319c-8869-0d4c-725e-9ea36949d716" testName="Iter960" computerName="EDSAC" duration="00:00:00.0025434" startTime="2010-12-04T13:33:50.1696750+00:00" endTime="2010-12-04T13:33:50.1806756+00:00" testType="13cdc9d9-ddb5-4fa4-a97d-d965ccfc6d4b" outcome="Passed" testListId="8c84fa94-04c1-424b-9868-57a2d4851a1d" relativeResultsDirectory="51432535-e936-4218-9514-6270169cdb32">
    </UnitTestResult>
    <UnitTestResult executionId="5b6ac940-c21a-46fa-892a-25f10b77ec51" testId="2250a8be-6947-1057-ceec-e49c62f651fa" testName="As21505" computerName="EDSAC" duration="00:00:00.0005118" startTime="2010-12-04T13:33:50.1826758+00:00" endTime="2010-12-04T13:33:50.1916763+00:00" testType="13cdc9d9-ddb5-4fa4-a97d-d965ccfc6d4b" outcome="Passed" testListId="8c84fa94-04c1-424b-9868-57a2d4851a1d" relativeResultsDirectory="5b6ac940-c21a-46fa-892a-25f10b77ec51">
    </UnitTestResult>
    <UnitTestResult executionId="126e8ca8-ad9b-4c8b-b4c8-67952d881aa7" testId="22b3bc9e-2d91-4747-086b-d415be2c5776" testName="RangeThrowsContractException560" computerName="EDSAC" duration="00:00:00.0010004" startTime="2010-12-04T13:33:50.1946764+00:00" endTime="2010-12-04T13:33:50.2086772+00:00" testType="13cdc9d9-ddb5-4fa4-a97d-d965ccfc6d4b" outcome="Passed" testListId="8c84fa94-04c1-424b-9868-57a2d4851a1d" relativeResultsDirectory="126e8ca8-ad9b-4c8b-b4c8-67952d881aa7">
    </UnitTestResult>
    <UnitTestResult executionId="97e109be-2e95-4860-b066-d629b645833b" testId="22fb3f0c-8177-2102-3c97-5cd124eaf953" testName="Add60902" computerName="EDSAC" duration="00:00:00.0004614" startTime="2010-12-04T13:33:50.2106774+00:00" endTime="2010-12-04T13:33:50.2226781+00:00" testType="13cdc9d9-ddb5-4fa4-a97d-d965ccfc6d4b" outcome="Passed" testListId="8c84fa94-04c1-424b-9868-57a2d4851a1d" relativeResultsDirectory="97e109be-2e95-4860-b066-d629b645833b">
    </UnitTestResult>
    <UnitTestResult executionId="7d052404-4242-41ab-b65c-343b2a59bfb2" testId="236dd585-9363-168d-3729-7ab007ad8692" testName="Fill68801" computerName="EDSAC" duration="00:00:00.0008184" startTime="2010-12-04T13:33:50.2246782+00:00" endTime="2010-12-04T13:33:50.2346787+00:00" testType="13cdc9d9-ddb5-4fa4-a97d-d965ccfc6d4b" outcome="Passed" testListId="8c84fa94-04c1-424b-9868-57a2d4851a1d" relativeResultsDirectory="7d052404-4242-41ab-b65c-343b2a59bfb2">
    </UnitTestResult>
    <UnitTestResult executionId="9778c7df-fd1c-4db5-a274-813c7fababd0" testId="25d5b35a-db1f-e192-1a83-5fbd23003a20" testName="Execute53301" computerName="EDSAC" duration="00:00:00.0013415" startTime="2010-12-04T13:33:50.2366789+00:00" endTime="2010-12-04T13:33:50.2476795+00:00" testType="13cdc9d9-ddb5-4fa4-a97d-d965ccfc6d4b" outcome="Passed" testListId="8c84fa94-04c1-424b-9868-57a2d4851a1d" relativeResultsDirectory="9778c7df-fd1c-4db5-a274-813c7fababd0">
    </UnitTestResult>
    <UnitTestResult executionId="5a084f2e-45b1-444a-a86c-78bf2a70ba14" testId="27059128-125c-8392-3ccd-85e2e6bd1214" testName="IfNotNull01ThrowsContractException534" computerName="EDSAC" duration="00:00:00.0012201" startTime="2010-12-04T13:33:50.2506797+00:00" endTime="2010-12-04T13:33:50.2606802+00:00" testType="13cdc9d9-ddb5-4fa4-a97d-d965ccfc6d4b" outcome="Passed" testListId="8c84fa94-04c1-424b-9868-57a2d4851a1d" relativeResultsDirectory="5a084f2e-45b1-444a-a86c-78bf2a70ba14">
    </UnitTestResult>
    <UnitTestResult executionId="009fbbe1-3181-4857-8280-cdaa8ce3c5a8" testId="29e140f3-0b7d-028a-f85f-e65d5e7a4460" testName="Add29601" computerName="EDSAC" duration="00:00:00.0005240" startTime="2010-12-04T13:33:50.2636804+00:00" endTime="2010-12-04T13:33:50.2756811+00:00" testType="13cdc9d9-ddb5-4fa4-a97d-d965ccfc6d4b" outcome="Passed" testListId="8c84fa94-04c1-424b-9868-57a2d4851a1d" relativeResultsDirectory="009fbbe1-3181-4857-8280-cdaa8ce3c5a8">
    </UnitTestResult>
    <UnitTestResult executionId="3531f0bb-b67b-4af1-a75d-440583551fbb" testId="2a492a9b-f563-5e1e-f60c-76d1e2ee9ce9" testName="To723" computerName="EDSAC" duration="00:00:00.0026232" startTime="2010-12-04T13:33:50.2876818+00:00" endTime="2010-12-04T13:33:50.3006825+00:00" testType="13cdc9d9-ddb5-4fa4-a97d-d965ccfc6d4b" outcome="Passed" testListId="8c84fa94-04c1-424b-9868-57a2d4851a1d" relativeResultsDirectory="3531f0bb-b67b-4af1-a75d-440583551fbb">
    </UnitTestResult>
    <UnitTestResult executionId="e87d8d22-a1a9-43bc-bf5a-d652b77376de" testId="2b439315-a245-09eb-2a28-a8a156c3b963" testName="As66" computerName="EDSAC" duration="00:00:00.0033511" startTime="2010-12-04T13:33:50.3056828+00:00" endTime="2010-12-04T13:33:50.3156834+00:00" testType="13cdc9d9-ddb5-4fa4-a97d-d965ccfc6d4b" outcome="Passed" testListId="8c84fa94-04c1-424b-9868-57a2d4851a1d" relativeResultsDirectory="e87d8d22-a1a9-43bc-bf5a-d652b77376de">
    </UnitTestResult>
    <UnitTestResult executionId="a0f814f9-a47f-4e7b-993e-1706c447c1bc" testId="2b6a1fd0-ad89-86fe-c32f-c850f3486570" testName="As0166401" computerName="EDSAC" duration="00:00:00.0006943" startTime="2010-12-04T13:33:50.3196836+00:00" endTime="2010-12-04T13:33:50.3296842+00:00" testType="13cdc9d9-ddb5-4fa4-a97d-d965ccfc6d4b" outcome="Passed" testListId="8c84fa94-04c1-424b-9868-57a2d4851a1d" relativeResultsDirectory="a0f814f9-a47f-4e7b-993e-1706c447c1bc">
    </UnitTestResult>
    <UnitTestResult executionId="fb182506-0d48-4421-8811-2970bd2e8b4d" testId="2b9734bf-2716-3fbd-907d-b338c9f5816c" testName="As0163225" computerName="EDSAC" duration="00:00:00.0004096" startTime="2010-12-04T13:33:50.3316843+00:00" endTime="2010-12-04T13:33:50.3456851+00:00" testType="13cdc9d9-ddb5-4fa4-a97d-d965ccfc6d4b" outcome="Passed" testListId="8c84fa94-04c1-424b-9868-57a2d4851a1d" relativeResultsDirectory="fb182506-0d48-4421-8811-2970bd2e8b4d">
    </UnitTestResult>
    <UnitTestResult executionId="58fec180-5c38-4c2f-b985-28c890dd05de" testId="2d05658b-f852-7a9d-6e46-1697909bbad0" testName="AddThrowsContractException671" computerName="EDSAC" duration="00:00:00.0006868" startTime="2010-12-04T13:33:50.3496853+00:00" endTime="2010-12-04T13:33:50.3576858+00:00" testType="13cdc9d9-ddb5-4fa4-a97d-d965ccfc6d4b" outcome="Passed" testListId="8c84fa94-04c1-424b-9868-57a2d4851a1d" relativeResultsDirectory="58fec180-5c38-4c2f-b985-28c890dd05de">
    </UnitTestResult>
    <UnitTestResult executionId="f9492ed3-c044-4657-906b-2a15d228acde" testId="2e107be2-e3af-1a8b-fb4b-bdb5534db4b8" testName="GetByPercent562" computerName="EDSAC" duration="00:00:00.0004050" startTime="2010-12-04T13:33:50.3626861+00:00" endTime="2010-12-04T13:33:50.3716866+00:00" testType="13cdc9d9-ddb5-4fa4-a97d-d965ccfc6d4b" outcome="Passed" testListId="8c84fa94-04c1-424b-9868-57a2d4851a1d" relativeResultsDirectory="f9492ed3-c044-4657-906b-2a15d228acde">
    </UnitTestResult>
    <UnitTestResult executionId="455a117e-80e0-46de-84e8-e40bf025f2dc" testId="2e9abde5-72f2-18f2-ec62-8da36318a8ed" testName="As0163213" computerName="EDSAC" duration="00:00:00.0004241" startTime="2010-12-04T13:33:50.3756868+00:00" endTime="2010-12-04T13:33:50.3856874+00:00" testType="13cdc9d9-ddb5-4fa4-a97d-d965ccfc6d4b" outcome="Passed" testListId="8c84fa94-04c1-424b-9868-57a2d4851a1d" relativeResultsDirectory="455a117e-80e0-46de-84e8-e40bf025f2dc">
    </UnitTestResult>
    <UnitTestResult executionId="09c52f74-73f4-411b-bc1e-626099b76d72" testId="2f442340-39d2-2141-feae-caa93af13693" testName="To203" computerName="EDSAC" duration="00:00:00.0003032" startTime="2010-12-04T13:33:50.3886875+00:00" endTime="2010-12-04T13:33:50.3986881+00:00" testType="13cdc9d9-ddb5-4fa4-a97d-d965ccfc6d4b" outcome="Passed" testListId="8c84fa94-04c1-424b-9868-57a2d4851a1d" relativeResultsDirectory="09c52f74-73f4-411b-bc1e-626099b76d72">
    </UnitTestResult>
    <UnitTestResult executionId="8865583e-e5ae-47fc-8ebc-457d73a98ee7" testId="2fd85783-fc83-f96f-d9bf-a6bcc5a252f1" testName="UnionAllThrowsContractException888" computerName="EDSAC" duration="00:00:00.0025481" startTime="2010-12-04T13:33:50.4016883+00:00" endTime="2010-12-04T13:33:50.4146890+00:00" testType="13cdc9d9-ddb5-4fa4-a97d-d965ccfc6d4b" outcome="Passed" testListId="8c84fa94-04c1-424b-9868-57a2d4851a1d" relativeResultsDirectory="8865583e-e5ae-47fc-8ebc-457d73a98ee7">
    </UnitTestResult>
    <UnitTestResult executionId="f46b6dfe-fe77-417f-9dae-470b2b1a6ee6" testId="2ff38794-ad92-1998-3c20-e3ee775a8969" testName="TakeEveryThrowsContractException368" computerName="EDSAC" duration="00:00:00.0005897" startTime="2010-12-04T13:33:50.4166891+00:00" endTime="2010-12-04T13:33:50.4276898+00:00" testType="13cdc9d9-ddb5-4fa4-a97d-d965ccfc6d4b" outcome="Passed" testListId="8c84fa94-04c1-424b-9868-57a2d4851a1d" relativeResultsDirectory="f46b6dfe-fe77-417f-9dae-470b2b1a6ee6">
    </UnitTestResult>
    <UnitTestResult executionId="55a6a932-7b16-4373-bfe7-e54eb960c200" testId="31751606-0e00-3ddd-298e-e7c2d6c445a2" testName="As0198302" computerName="EDSAC" duration="00:00:00.0007447" startTime="2010-12-04T13:33:50.4316900+00:00" endTime="2010-12-04T13:33:50.4416906+00:00" testType="13cdc9d9-ddb5-4fa4-a97d-d965ccfc6d4b" outcome="Passed" testListId="8c84fa94-04c1-424b-9868-57a2d4851a1d" relativeResultsDirectory="55a6a932-7b16-4373-bfe7-e54eb960c200">
    </UnitTestResult>
    <UnitTestResult executionId="4d6bb103-a00c-4d4f-85cb-3314a7191937" testId="31a904fb-b5e5-f95a-175a-584bb2addaff" testName="As0163209" computerName="EDSAC" duration="00:00:00.0003961" startTime="2010-12-04T13:33:50.4456908+00:00" endTime="2010-12-04T13:33:50.4566914+00:00" testType="13cdc9d9-ddb5-4fa4-a97d-d965ccfc6d4b" outcome="Passed" testListId="8c84fa94-04c1-424b-9868-57a2d4851a1d" relativeResultsDirectory="4d6bb103-a00c-4d4f-85cb-3314a7191937">
    </UnitTestResult>
    <UnitTestResult executionId="0614b538-d386-4d08-95b9-827499621d73" testId="33d00c5c-c888-05a3-fa39-c11369cf7bd7" testName="Iter96002" computerName="EDSAC" duration="00:00:00.0004885" startTime="2010-12-04T13:33:50.4586915+00:00" endTime="2010-12-04T13:33:50.4726924+00:00" testType="13cdc9d9-ddb5-4fa4-a97d-d965ccfc6d4b" outcome="Passed" testListId="8c84fa94-04c1-424b-9868-57a2d4851a1d" relativeResultsDirectory="0614b538-d386-4d08-95b9-827499621d73">
    </UnitTestResult>
    <UnitTestResult executionId="472a01a2-a1cc-4b8c-9272-97515ad9e25e" testId="33f07926-487a-5d2a-2e1a-64b2ae7d1065" testName="To04598" computerName="EDSAC" duration="00:00:00.0030054" startTime="2010-12-04T13:33:50.4796928+00:00" endTime="2010-12-04T13:33:50.4946936+00:00" testType="13cdc9d9-ddb5-4fa4-a97d-d965ccfc6d4b" outcome="Passed" testListId="8c84fa94-04c1-424b-9868-57a2d4851a1d" relativeResultsDirectory="472a01a2-a1cc-4b8c-9272-97515ad9e25e">
    </UnitTestResult>
    <UnitTestResult executionId="7bd54d01-2f0b-4e09-86e1-c048b451e048" testId="3403c50d-2a71-9a27-1ea8-652ff438ba45" testName="As0163218" computerName="EDSAC" duration="00:00:00.0004782" startTime="2010-12-04T13:33:50.4966937+00:00" endTime="2010-12-04T13:33:50.5086944+00:00" testType="13cdc9d9-ddb5-4fa4-a97d-d965ccfc6d4b" outcome="Passed" testListId="8c84fa94-04c1-424b-9868-57a2d4851a1d" relativeResultsDirectory="7bd54d01-2f0b-4e09-86e1-c048b451e048">
    </UnitTestResult>
    <UnitTestResult executionId="5201353d-b5c5-4932-bf3f-edb635c2c3ac" testId="34aa3cd1-c558-0302-e5aa-355d37850848" testName="ForEach78802" computerName="EDSAC" duration="00:00:00.0003756" startTime="2010-12-04T13:33:50.5106945+00:00" endTime="2010-12-04T13:33:50.5206951+00:00" testType="13cdc9d9-ddb5-4fa4-a97d-d965ccfc6d4b" outcome="Passed" testListId="8c84fa94-04c1-424b-9868-57a2d4851a1d" relativeResultsDirectory="5201353d-b5c5-4932-bf3f-edb635c2c3ac">
    </UnitTestResult>
    <UnitTestResult executionId="0c40ef0e-134d-49be-8cac-c8ad300b407b" testId="37c5e788-97a2-ee7f-c1df-5b64dcc3fb4c" testName="As0166002" computerName="EDSAC" duration="00:00:00.0004964" startTime="2010-12-04T13:33:50.5256954+00:00" endTime="2010-12-04T13:33:50.5336958+00:00" testType="13cdc9d9-ddb5-4fa4-a97d-d965ccfc6d4b" outcome="Passed" testListId="8c84fa94-04c1-424b-9868-57a2d4851a1d" relativeResultsDirectory="0c40ef0e-134d-49be-8cac-c8ad300b407b">
    </UnitTestResult>
    <UnitTestResult executionId="7dd91246-e179-4044-9745-3b3a67eebe1c" testId="389db5b6-ab96-a436-4af4-f75359c85bc2" testName="As0163224" computerName="EDSAC" duration="00:00:00.0005286" startTime="2010-12-04T13:33:50.5376961+00:00" endTime="2010-12-04T13:33:50.5456965+00:00" testType="13cdc9d9-ddb5-4fa4-a97d-d965ccfc6d4b" outcome="Passed" testListId="8c84fa94-04c1-424b-9868-57a2d4851a1d" relativeResultsDirectory="7dd91246-e179-4044-9745-3b3a67eebe1c">
    </UnitTestResult>
    <UnitTestResult executionId="41cf9d29-b8cf-47c3-84d3-ba01ce50beb4" testId="3902168e-77cb-c1b4-c44f-4336ab3b86bd" testName="EmptyIfNull122" computerName="EDSAC" duration="00:00:00.0019555" startTime="2010-12-04T13:33:50.5486967+00:00" endTime="2010-12-04T13:33:50.5616974+00:00" testType="13cdc9d9-ddb5-4fa4-a97d-d965ccfc6d4b" outcome="Passed" testListId="8c84fa94-04c1-424b-9868-57a2d4851a1d" relativeResultsDirectory="41cf9d29-b8cf-47c3-84d3-ba01ce50beb4">
    </UnitTestResult>
    <UnitTestResult executionId="b971a17b-2424-49ba-bae9-30b9cd257eac" testId="3950117e-1257-8bcc-63aa-35e8e8daf9e2" testName="To463" computerName="EDSAC" duration="00:00:00.0002711" startTime="2010-12-04T13:33:50.5656977+00:00" endTime="2010-12-04T13:33:50.5776984+00:00" testType="13cdc9d9-ddb5-4fa4-a97d-d965ccfc6d4b" outcome="Passed" testListId="8c84fa94-04c1-424b-9868-57a2d4851a1d" relativeResultsDirectory="b971a17b-2424-49ba-bae9-30b9cd257eac">
    </UnitTestResult>
    <UnitTestResult executionId="5f758543-7fd2-49f1-8921-703b1d0b4f6e" testId="39820720-af85-1690-8f39-546deff2b7b4" testName="AsEnumerable0128302" computerName="EDSAC" duration="00:00:00.0021893" startTime="2010-12-04T13:33:50.5796985+00:00" endTime="2010-12-04T13:33:50.5936993+00:00" testType="13cdc9d9-ddb5-4fa4-a97d-d965ccfc6d4b" outcome="Passed" testListId="8c84fa94-04c1-424b-9868-57a2d4851a1d" relativeResultsDirectory="5f758543-7fd2-49f1-8921-703b1d0b4f6e">
    </UnitTestResult>
    <UnitTestResult executionId="1079aa10-c79f-43f2-a139-7f18fb871aed" testId="3a633eaa-632f-f936-1d35-4e407b494884" testName="As0163207" computerName="EDSAC" duration="00:00:00.0004750" startTime="2010-12-04T13:33:50.5976995+00:00" endTime="2010-12-04T13:33:50.6107002+00:00" testType="13cdc9d9-ddb5-4fa4-a97d-d965ccfc6d4b" outcome="Passed" testListId="8c84fa94-04c1-424b-9868-57a2d4851a1d" relativeResultsDirectory="1079aa10-c79f-43f2-a139-7f18fb871aed">
    </UnitTestResult>
    <UnitTestResult executionId="3c8a18fd-6b0b-4dfc-b30b-277818fe5306" testId="3d3988d3-9563-f144-e6f1-47341372fdea" testName="As01303" computerName="EDSAC" duration="00:00:00.0003994" startTime="2010-12-04T13:33:50.6137004+00:00" endTime="2010-12-04T13:33:50.6267012+00:00" testType="13cdc9d9-ddb5-4fa4-a97d-d965ccfc6d4b" outcome="Passed" testListId="8c84fa94-04c1-424b-9868-57a2d4851a1d" relativeResultsDirectory="3c8a18fd-6b0b-4dfc-b30b-277818fe5306">
    </UnitTestResult>
    <UnitTestResult executionId="01417b3e-0558-4cdf-807d-78dfe4401c9a" testId="3e37c17d-90fa-e89c-9aa5-d591fc3b0dec" testName="As01367" computerName="EDSAC" duration="00:00:00.0006504" startTime="2010-12-04T13:33:50.6347016+00:00" endTime="2010-12-04T13:33:50.6437021+00:00" testType="13cdc9d9-ddb5-4fa4-a97d-d965ccfc6d4b" outcome="Passed" testListId="8c84fa94-04c1-424b-9868-57a2d4851a1d" relativeResultsDirectory="01417b3e-0558-4cdf-807d-78dfe4401c9a">
    </UnitTestResult>
    <UnitTestResult executionId="4e84d314-a468-4376-9d08-627c84baaa81" testId="40b13692-f736-7aca-afa5-678a24ba3ffc" testName="As0163219" computerName="EDSAC" duration="00:00:00.0004232" startTime="2010-12-04T13:33:50.6457022+00:00" endTime="2010-12-04T13:33:50.6557028+00:00" testType="13cdc9d9-ddb5-4fa4-a97d-d965ccfc6d4b" outcome="Passed" testListId="8c84fa94-04c1-424b-9868-57a2d4851a1d" relativeResultsDirectory="4e84d314-a468-4376-9d08-627c84baaa81">
    </UnitTestResult>
    <UnitTestResult executionId="7bf67f94-4fff-433a-bcf2-9f4c0c79eb26" testId="4183213a-6645-16c2-af8b-e5bfcf7442d8" testName="NullOr90701" computerName="EDSAC" duration="00:00:00.0005072" startTime="2010-12-04T13:33:50.6567029+00:00" endTime="2010-12-04T13:33:50.6667034+00:00" testType="13cdc9d9-ddb5-4fa4-a97d-d965ccfc6d4b" outcome="Passed" testListId="8c84fa94-04c1-424b-9868-57a2d4851a1d" relativeResultsDirectory="7bf67f94-4fff-433a-bcf2-9f4c0c79eb26">
    </UnitTestResult>
    <UnitTestResult executionId="ce85b69d-ce82-4caa-ba7e-497d11348654" testId="42f45f10-504d-0d19-0e58-1ea2105c69e9" testName="AsEnumerable0128301" computerName="EDSAC" duration="00:00:00.0003910" startTime="2010-12-04T13:33:50.6697036+00:00" endTime="2010-12-04T13:33:50.6817043+00:00" testType="13cdc9d9-ddb5-4fa4-a97d-d965ccfc6d4b" outcome="Passed" testListId="8c84fa94-04c1-424b-9868-57a2d4851a1d" relativeResultsDirectory="ce85b69d-ce82-4caa-ba7e-497d11348654">
    </UnitTestResult>
    <UnitTestResult executionId="95e3dafe-fc7b-4335-a176-03de381e21ca" testId="43271b50-9462-4bb7-5e78-3783a2d68504" testName="As0198301" computerName="EDSAC" duration="00:00:00.0006896" startTime="2010-12-04T13:33:50.6837044+00:00" endTime="2010-12-04T13:33:50.6937050+00:00" testType="13cdc9d9-ddb5-4fa4-a97d-d965ccfc6d4b" outcome="Passed" testListId="8c84fa94-04c1-424b-9868-57a2d4851a1d" relativeResultsDirectory="95e3dafe-fc7b-4335-a176-03de381e21ca">
    </UnitTestResult>
    <UnitTestResult executionId="ef03c7b3-cbee-4660-935d-b487e7d4c968" testId="44ddd54b-7a43-e4f9-ebb3-b78badce4585" testName="As21517" computerName="EDSAC" duration="00:00:00.0005921" startTime="2010-12-04T13:33:50.6987053+00:00" endTime="2010-12-04T13:33:50.7067057+00:00" testType="13cdc9d9-ddb5-4fa4-a97d-d965ccfc6d4b" outcome="Passed" testListId="8c84fa94-04c1-424b-9868-57a2d4851a1d" relativeResultsDirectory="ef03c7b3-cbee-4660-935d-b487e7d4c968">
    </UnitTestResult>
    <UnitTestResult executionId="3ca35897-7c9c-4610-895d-94c5b2a40471" testId="462031e5-b98b-6e5b-b63a-031e660213f3" testName="IfNotNullThrowsContractException180" computerName="EDSAC" duration="00:00:00.0012234" startTime="2010-12-04T13:33:50.7117060+00:00" endTime="2010-12-04T13:33:50.7197065+00:00" testType="13cdc9d9-ddb5-4fa4-a97d-d965ccfc6d4b" outcome="Passed" testListId="8c84fa94-04c1-424b-9868-57a2d4851a1d" relativeResultsDirectory="3ca35897-7c9c-4610-895d-94c5b2a40471">
    </UnitTestResult>
    <UnitTestResult executionId="3b1fefc9-51dd-4c53-a3e7-a57ffe41f8c8" testId="46ca0fd9-03e1-55e3-3ad7-b4625d8d07c0" testName="IfNotNull17302" computerName="EDSAC" duration="00:00:00.0015076" startTime="2010-12-04T13:33:50.7227067+00:00" endTime="2010-12-04T13:33:50.7337073+00:00" testType="13cdc9d9-ddb5-4fa4-a97d-d965ccfc6d4b" outcome="Passed" testListId="8c84fa94-04c1-424b-9868-57a2d4851a1d" relativeResultsDirectory="3b1fefc9-51dd-4c53-a3e7-a57ffe41f8c8">
    </UnitTestResult>
    <UnitTestResult executionId="705a654c-277f-45d7-88a3-96debbff6efa" testId="46f11c29-0946-1ee3-1afe-afb72995b905" testName="IfNotNull01923" computerName="EDSAC" duration="00:00:00.0026816" startTime="2010-12-04T13:33:50.7377075+00:00" endTime="2010-12-04T13:33:50.7507083+00:00" testType="13cdc9d9-ddb5-4fa4-a97d-d965ccfc6d4b" outcome="Passed" testListId="8c84fa94-04c1-424b-9868-57a2d4851a1d" relativeResultsDirectory="705a654c-277f-45d7-88a3-96debbff6efa">
    </UnitTestResult>
    <UnitTestResult executionId="ef0c1052-e02b-40fc-8aa8-8b40af5a47ed" testId="473a2b39-cb44-1d62-3c12-9fd92e3b377f" testName="As0163222" computerName="EDSAC" duration="00:00:00.0009047" startTime="2010-12-04T13:33:50.7607088+00:00" endTime="2010-12-04T13:33:50.7687093+00:00" testType="13cdc9d9-ddb5-4fa4-a97d-d965ccfc6d4b" outcome="Passed" testListId="8c84fa94-04c1-424b-9868-57a2d4851a1d" relativeResultsDirectory="ef0c1052-e02b-40fc-8aa8-8b40af5a47ed">
    </UnitTestResult>
    <UnitTestResult executionId="ceedae3d-6cfa-410e-a8a6-4d10010b4722" testId="4796da93-05be-09dc-4928-16eafddcfcc3" testName="As0163203" computerName="EDSAC" duration="00:00:00.0004236" startTime="2010-12-04T13:33:50.7737096+00:00" endTime="2010-12-04T13:33:50.7827101+00:00" testType="13cdc9d9-ddb5-4fa4-a97d-d965ccfc6d4b" outcome="Passed" testListId="8c84fa94-04c1-424b-9868-57a2d4851a1d" relativeResultsDirectory="ceedae3d-6cfa-410e-a8a6-4d10010b4722">
    </UnitTestResult>
    <UnitTestResult executionId="f30bcfbb-4bfe-4381-bf20-97c70972459b" testId="48745f52-01da-5495-8edc-495e0a033ca1" testName="As0163205" computerName="EDSAC" duration="00:00:00.0003942" startTime="2010-12-04T13:33:50.7887104+00:00" endTime="2010-12-04T13:33:50.7987110+00:00" testType="13cdc9d9-ddb5-4fa4-a97d-d965ccfc6d4b" outcome="Passed" testListId="8c84fa94-04c1-424b-9868-57a2d4851a1d" relativeResultsDirectory="f30bcfbb-4bfe-4381-bf20-97c70972459b">
    </UnitTestResult>
    <UnitTestResult executionId="faa4454a-4140-48e6-8fd4-018913151b22" testId="49aa9228-e307-ef3c-566e-386137588923" testName="IfNotNull0192301" computerName="EDSAC" duration="00:00:00.0003849" startTime="2010-12-04T13:33:50.8037113+00:00" endTime="2010-12-04T13:33:50.8107117+00:00" testType="13cdc9d9-ddb5-4fa4-a97d-d965ccfc6d4b" outcome="Passed" testListId="8c84fa94-04c1-424b-9868-57a2d4851a1d" relativeResultsDirectory="faa4454a-4140-48e6-8fd4-018913151b22">
    </UnitTestResult>
    <UnitTestResult executionId="bd6cf0e1-5ea4-48c6-959c-46a0f04a7c88" testId="49b4e1b0-9a60-f1f3-7d8e-e1f63ecc7d50" testName="UnionAll02ThrowsContractException903" computerName="EDSAC" duration="00:00:00.0005958" startTime="2010-12-04T13:33:50.8137119+00:00" endTime="2010-12-04T13:33:50.8237124+00:00" testType="13cdc9d9-ddb5-4fa4-a97d-d965ccfc6d4b" outcome="Passed" testListId="8c84fa94-04c1-424b-9868-57a2d4851a1d" relativeResultsDirectory="bd6cf0e1-5ea4-48c6-959c-46a0f04a7c88">
    </UnitTestResult>
    <UnitTestResult executionId="efea8f92-df46-49bf-b2ea-e2c712d8c3c8" testId="4a5ccd91-8853-f0cc-c6d0-af1603a36ab2" testName="As0166001" computerName="EDSAC" duration="00:00:00.0003882" startTime="2010-12-04T13:33:50.8277127+00:00" endTime="2010-12-04T13:33:50.8357131+00:00" testType="13cdc9d9-ddb5-4fa4-a97d-d965ccfc6d4b" outcome="Passed" testListId="8c84fa94-04c1-424b-9868-57a2d4851a1d" relativeResultsDirectory="efea8f92-df46-49bf-b2ea-e2c712d8c3c8">
    </UnitTestResult>
    <UnitTestResult executionId="6bcadd09-df86-4745-9889-45ff900501e2" testId="4a7a4f53-ec5e-d6d3-e03a-6b92202f8b07" testName="ForEachThrowsContractException790" computerName="EDSAC" duration="00:00:00.0007139" startTime="2010-12-04T13:33:50.8397133+00:00" endTime="2010-12-04T13:33:50.8487139+00:00" testType="13cdc9d9-ddb5-4fa4-a97d-d965ccfc6d4b" outcome="Passed" testListId="8c84fa94-04c1-424b-9868-57a2d4851a1d" relativeResultsDirectory="6bcadd09-df86-4745-9889-45ff900501e2">
    </UnitTestResult>
    <UnitTestResult executionId="0e75134d-9117-49a3-8b55-df2b11c0bc44" testId="4abb984b-7c31-de55-0099-63a2ac65b83e" testName="WithThrowsContractException186" computerName="EDSAC" duration="00:00:00.0011571" startTime="2010-12-04T13:33:50.8537141+00:00" endTime="2010-12-04T13:33:50.8617146+00:00" testType="13cdc9d9-ddb5-4fa4-a97d-d965ccfc6d4b" outcome="Passed" testListId="8c84fa94-04c1-424b-9868-57a2d4851a1d" relativeResultsDirectory="0e75134d-9117-49a3-8b55-df2b11c0bc44">
    </UnitTestResult>
    <UnitTestResult executionId="af37c3c1-10e2-4292-aa47-38d1c0d4a9fa" testId="50193fe8-c442-2551-3869-f8c1428546c8" testName="ExecuteThrowsContractException573" computerName="EDSAC" duration="00:00:00.0005408" startTime="2010-12-04T13:33:50.8657148+00:00" endTime="2010-12-04T13:33:50.8737153+00:00" testType="13cdc9d9-ddb5-4fa4-a97d-d965ccfc6d4b" outcome="Passed" testListId="8c84fa94-04c1-424b-9868-57a2d4851a1d" relativeResultsDirectory="af37c3c1-10e2-4292-aa47-38d1c0d4a9fa">
    </UnitTestResult>
    <UnitTestResult executionId="7699514b-8558-48ae-8c9f-9c84db04cddd" testId="50331d74-5beb-6efe-fe3a-6ee556b0f21a" testName="InvokeIfRequiredThrowsContractException859" computerName="EDSAC" duration="00:00:00.0011571" startTime="2010-12-04T13:33:50.8787156+00:00" endTime="2010-12-04T13:33:50.8907163+00:00" testType="13cdc9d9-ddb5-4fa4-a97d-d965ccfc6d4b" outcome="Passed" testListId="8c84fa94-04c1-424b-9868-57a2d4851a1d" relativeResultsDirectory="7699514b-8558-48ae-8c9f-9c84db04cddd">
    </UnitTestResult>
    <UnitTestResult executionId="73b854c2-b00d-497c-81e6-467b258fa813" testId="5514446b-a7eb-a40a-85ab-240a248bba2a" testName="To01637" computerName="EDSAC" duration="00:00:00.0003065" startTime="2010-12-04T13:33:50.8947165+00:00" endTime="2010-12-04T13:33:50.9047171+00:00" testType="13cdc9d9-ddb5-4fa4-a97d-d965ccfc6d4b" outcome="Passed" testListId="8c84fa94-04c1-424b-9868-57a2d4851a1d" relativeResultsDirectory="73b854c2-b00d-497c-81e6-467b258fa813">
    </UnitTestResult>
    <UnitTestResult executionId="850317c2-d468-4cfc-9303-f6fedfe33f52" testId="559ad5fd-9c89-3fab-e602-368a88629e35" testName="As0163221" computerName="EDSAC" duration="00:00:00.0004614" startTime="2010-12-04T13:33:50.9087173+00:00" endTime="2010-12-04T13:33:50.9177178+00:00" testType="13cdc9d9-ddb5-4fa4-a97d-d965ccfc6d4b" outcome="Passed" testListId="8c84fa94-04c1-424b-9868-57a2d4851a1d" relativeResultsDirectory="850317c2-d468-4cfc-9303-f6fedfe33f52">
    </UnitTestResult>
    <UnitTestResult executionId="1b5db66a-c847-4893-917d-11e1791ad708" testId="567a07ee-04bb-68f0-b054-7c3ac20e04d0" testName="Range377" computerName="EDSAC" duration="00:00:00.0005701" startTime="2010-12-04T13:33:50.9227181+00:00" endTime="2010-12-04T13:33:50.9327187+00:00" testType="13cdc9d9-ddb5-4fa4-a97d-d965ccfc6d4b" outcome="Passed" testListId="8c84fa94-04c1-424b-9868-57a2d4851a1d" relativeResultsDirectory="1b5db66a-c847-4893-917d-11e1791ad708">
    </UnitTestResult>
    <UnitTestResult executionId="7e5ec53d-c947-450f-9eda-c60574daf2d9" testId="56fc1a57-6e5c-088b-8f95-88d9f697c097" testName="NullOr71402" computerName="EDSAC" duration="00:00:00.0096756" startTime="2010-12-04T13:33:50.9387190+00:00" endTime="2010-12-04T13:33:50.9557200+00:00" testType="13cdc9d9-ddb5-4fa4-a97d-d965ccfc6d4b" outcome="Passed" testListId="8c84fa94-04c1-424b-9868-57a2d4851a1d" relativeResultsDirectory="7e5ec53d-c947-450f-9eda-c60574daf2d9">
    </UnitTestResult>
    <UnitTestResult executionId="eef38bb4-f239-4ffa-9235-b86309704ad4" testId="57eca137-a858-5c60-bdd1-e7a00b2419ee" testName="SubarrayThrowsContractException78" computerName="EDSAC" duration="00:00:00.0005678" startTime="2010-12-04T13:33:50.9587201+00:00" endTime="2010-12-04T13:33:50.9687207+00:00" testType="13cdc9d9-ddb5-4fa4-a97d-d965ccfc6d4b" outcome="Passed" testListId="8c84fa94-04c1-424b-9868-57a2d4851a1d" relativeResultsDirectory="eef38bb4-f239-4ffa-9235-b86309704ad4">
    </UnitTestResult>
    <UnitTestResult executionId="2d88d87c-5819-457f-9885-dfabb78053ec" testId="583a3c4e-73f0-f6e0-0816-cbe45229841d" testName="AsEnumerable56001" computerName="EDSAC" duration="00:00:00.0021739" startTime="2010-12-04T13:33:50.9737210+00:00" endTime="2010-12-04T13:33:50.9827215+00:00" testType="13cdc9d9-ddb5-4fa4-a97d-d965ccfc6d4b" outcome="Passed" testListId="8c84fa94-04c1-424b-9868-57a2d4851a1d" relativeResultsDirectory="2d88d87c-5819-457f-9885-dfabb78053ec">
    </UnitTestResult>
    <UnitTestResult executionId="95cd9094-d512-400b-aae3-cdf68b8a8408" testId="5864e842-9f86-c9b6-bda0-04be2ae227ea" testName="With255" computerName="EDSAC" duration="00:00:00.0004115" startTime="2010-12-04T13:33:50.9867218+00:00" endTime="2010-12-04T13:33:50.9947222+00:00" testType="13cdc9d9-ddb5-4fa4-a97d-d965ccfc6d4b" outcome="Passed" testListId="8c84fa94-04c1-424b-9868-57a2d4851a1d" relativeResultsDirectory="95cd9094-d512-400b-aae3-cdf68b8a8408">
    </UnitTestResult>
    <UnitTestResult executionId="6dfec86a-27d0-4772-8509-0cee347cc228" testId="5aba0e57-1e97-6240-5ce7-34738ec9892e" testName="As0163202" computerName="EDSAC" duration="00:00:00.0004540" startTime="2010-12-04T13:33:50.9997225+00:00" endTime="2010-12-04T13:33:51.0077230+00:00" testType="13cdc9d9-ddb5-4fa4-a97d-d965ccfc6d4b" outcome="Passed" testListId="8c84fa94-04c1-424b-9868-57a2d4851a1d" relativeResultsDirectory="6dfec86a-27d0-4772-8509-0cee347cc228">
    </UnitTestResult>
    <UnitTestResult executionId="67785c70-5bb7-44b2-b76a-9d1d0148ccf5" testId="5adb9ee5-30ee-88f6-0128-821d18abc579" testName="ToDictionary652" computerName="EDSAC" duration="00:00:00.0019313" startTime="2010-12-04T13:33:51.0117232+00:00" endTime="2010-12-04T13:33:51.0217238+00:00" testType="13cdc9d9-ddb5-4fa4-a97d-d965ccfc6d4b" outcome="Passed" testListId="8c84fa94-04c1-424b-9868-57a2d4851a1d" relativeResultsDirectory="67785c70-5bb7-44b2-b76a-9d1d0148ccf5">
    </UnitTestResult>
    <UnitTestResult executionId="07125e78-e0ed-4579-b36f-ad88a7357a0f" testId="5b905b9d-179c-2930-2f2f-ad7751aea174" testName="As01401" computerName="EDSAC" duration="00:00:00.0006177" startTime="2010-12-04T13:33:51.0247239+00:00" endTime="2010-12-04T13:33:51.0337244+00:00" testType="13cdc9d9-ddb5-4fa4-a97d-d965ccfc6d4b" outcome="Passed" testListId="8c84fa94-04c1-424b-9868-57a2d4851a1d" relativeResultsDirectory="07125e78-e0ed-4579-b36f-ad88a7357a0f">
    </UnitTestResult>
    <UnitTestResult executionId="a8a08002-06cb-44ac-bbd0-145eff9ded0a" testId="5eb081c6-7954-7661-1c9d-175369539add" testName="To04ThrowsContractException971" computerName="EDSAC" duration="00:00:00.0005086" startTime="2010-12-04T13:33:51.0367246+00:00" endTime="2010-12-04T13:33:51.0467252+00:00" testType="13cdc9d9-ddb5-4fa4-a97d-d965ccfc6d4b" outcome="Passed" testListId="8c84fa94-04c1-424b-9868-57a2d4851a1d" relativeResultsDirectory="a8a08002-06cb-44ac-bbd0-145eff9ded0a">
    </UnitTestResult>
    <UnitTestResult executionId="ddc852c1-6bca-4cc7-934a-4bc99fbf88bf" testId="5f6c8af1-2825-3c27-b802-e1be0e1eeb12" testName="Iter96001" computerName="EDSAC" duration="00:00:00.0004899" startTime="2010-12-04T13:33:51.0527255+00:00" endTime="2010-12-04T13:33:51.0607260+00:00" testType="13cdc9d9-ddb5-4fa4-a97d-d965ccfc6d4b" outcome="Passed" testListId="8c84fa94-04c1-424b-9868-57a2d4851a1d" relativeResultsDirectory="ddc852c1-6bca-4cc7-934a-4bc99fbf88bf">
    </UnitTestResult>
    <UnitTestResult executionId="d4a03085-2170-4cf9-9813-f5c6bc08021d" testId="614c4111-6956-515d-f644-f7bd702624eb" testName="FillThrowsContractException463" computerName="EDSAC" duration="00:00:00.0005422" startTime="2010-12-04T13:33:51.0647262+00:00" endTime="2010-12-04T13:33:51.0727267+00:00" testType="13cdc9d9-ddb5-4fa4-a97d-d965ccfc6d4b" outcome="Passed" testListId="8c84fa94-04c1-424b-9868-57a2d4851a1d" relativeResultsDirectory="d4a03085-2170-4cf9-9813-f5c6bc08021d">
    </UnitTestResult>
    <UnitTestResult executionId="cd1f16d6-863f-4fa3-bf4b-f8c9883ee09a" testId="633e6a31-e7c1-dc4e-810e-71a427cf70a8" testName="IsNot859" computerName="EDSAC" duration="00:00:00.0005226" startTime="2010-12-04T13:33:51.0757268+00:00" endTime="2010-12-04T13:33:51.0887276+00:00" testType="13cdc9d9-ddb5-4fa4-a97d-d965ccfc6d4b" outcome="Passed" testListId="8c84fa94-04c1-424b-9868-57a2d4851a1d" relativeResultsDirectory="cd1f16d6-863f-4fa3-bf4b-f8c9883ee09a">
    </UnitTestResult>
    <UnitTestResult executionId="1d402545-8039-44bd-a31a-4fb0caa9a6ba" testId="635fff99-cecb-31ab-c7e4-e3c205a5337d" testName="Times258" computerName="EDSAC" duration="00:00:00.0035957" startTime="2010-12-04T13:33:51.0907277+00:00" endTime="2010-12-04T13:33:51.1067286+00:00" testType="13cdc9d9-ddb5-4fa4-a97d-d965ccfc6d4b" outcome="Passed" testListId="8c84fa94-04c1-424b-9868-57a2d4851a1d" relativeResultsDirectory="1d402545-8039-44bd-a31a-4fb0caa9a6ba">
    </UnitTestResult>
    <UnitTestResult executionId="c57ed6d7-1b35-41fe-85de-611467de62df" testId="644c941d-d40b-5655-7852-107ffef9acae" testName="Subarray305" computerName="EDSAC" duration="00:00:00.0007059" startTime="2010-12-04T13:33:51.1107288+00:00" endTime="2010-12-04T13:33:51.1217295+00:00" testType="13cdc9d9-ddb5-4fa4-a97d-d965ccfc6d4b" outcome="Passed" testListId="8c84fa94-04c1-424b-9868-57a2d4851a1d" relativeResultsDirectory="c57ed6d7-1b35-41fe-85de-611467de62df">
    </UnitTestResult>
    <UnitTestResult executionId="67f11454-6983-47c0-a52b-3b0bd69b0fa5" testId="67060c20-8464-3afb-a152-2d973dbdaed1" testName="ToDictionaryThrowsContractException647" computerName="EDSAC" duration="00:00:00.0005151" startTime="2010-12-04T13:33:51.1247296+00:00" endTime="2010-12-04T13:33:51.1357303+00:00" testType="13cdc9d9-ddb5-4fa4-a97d-d965ccfc6d4b" outcome="Passed" testListId="8c84fa94-04c1-424b-9868-57a2d4851a1d" relativeResultsDirectory="67f11454-6983-47c0-a52b-3b0bd69b0fa5">
    </UnitTestResult>
    <UnitTestResult executionId="277e93c2-5aaa-4a8e-b38e-657c0f11e010" testId="68fbef60-27f3-cd83-2f44-63ae34afe9d9" testName="UnionAll02339" computerName="EDSAC" duration="00:00:00.0005963" startTime="2010-12-04T13:33:51.1397305+00:00" endTime="2010-12-04T13:33:51.1477310+00:00" testType="13cdc9d9-ddb5-4fa4-a97d-d965ccfc6d4b" outcome="Passed" testListId="8c84fa94-04c1-424b-9868-57a2d4851a1d" relativeResultsDirectory="277e93c2-5aaa-4a8e-b38e-657c0f11e010">
    </UnitTestResult>
    <UnitTestResult executionId="a3ccc93a-86ea-4d27-b9a1-05a538582254" testId="69d4fcec-3787-b518-9138-fc65c3d09ecc" testName="IfNotNull47701" computerName="EDSAC" duration="00:00:00.0004838" startTime="2010-12-04T13:33:51.1507311+00:00" endTime="2010-12-04T13:33:51.1617318+00:00" testType="13cdc9d9-ddb5-4fa4-a97d-d965ccfc6d4b" outcome="Passed" testListId="8c84fa94-04c1-424b-9868-57a2d4851a1d" relativeResultsDirectory="a3ccc93a-86ea-4d27-b9a1-05a538582254">
    </UnitTestResult>
    <UnitTestResult executionId="04a96060-e1e4-46a7-9234-3d5acbe1fffe" testId="6b7dcc70-66b6-d437-fa4f-aad0a0e1d53f" testName="To02ThrowsEntryPointNotFoundException897" computerName="EDSAC" duration="00:00:00.0030306" startTime="2010-12-04T13:33:51.1627318+00:00" endTime="2010-12-04T13:33:51.1797328+00:00" testType="13cdc9d9-ddb5-4fa4-a97d-d965ccfc6d4b" outcome="Passed" testListId="8c84fa94-04c1-424b-9868-57a2d4851a1d" relativeResultsDirectory="04a96060-e1e4-46a7-9234-3d5acbe1fffe">
    </UnitTestResult>
    <UnitTestResult executionId="cabf60cb-9c05-41e3-9c03-ff20b58c5fdb" testId="6c23ed46-5e0f-a3f6-47f8-679e4acd3bc3" testName="ContainsArrayThrowsContractException522" computerName="EDSAC" duration="00:00:00.0010741" startTime="2010-12-04T13:33:51.1837330+00:00" endTime="2010-12-04T13:33:51.1937336+00:00" testType="13cdc9d9-ddb5-4fa4-a97d-d965ccfc6d4b" outcome="Passed" testListId="8c84fa94-04c1-424b-9868-57a2d4851a1d" relativeResultsDirectory="cabf60cb-9c05-41e3-9c03-ff20b58c5fdb">
    </UnitTestResult>
    <UnitTestResult executionId="9e94b72f-37fe-4586-9f59-7106d959c0a9" testId="6d798907-2cda-5ed7-51cd-5487f7235fb8" testName="To01ThrowsContractException160" computerName="EDSAC" duration="00:00:00.0005286" startTime="2010-12-04T13:33:51.1977338+00:00" endTime="2010-12-04T13:33:51.2057343+00:00" testType="13cdc9d9-ddb5-4fa4-a97d-d965ccfc6d4b" outcome="Passed" testListId="8c84fa94-04c1-424b-9868-57a2d4851a1d" relativeResultsDirectory="9e94b72f-37fe-4586-9f59-7106d959c0a9">
    </UnitTestResult>
    <UnitTestResult executionId="288af48c-8ac1-49be-a427-0fd7086ff355" testId="6ea29e89-2e15-126e-eecf-3f7b211c52eb" testName="Subarray142" computerName="EDSAC" duration="00:00:00.0008636" startTime="2010-12-04T13:33:51.2067343+00:00" endTime="2010-12-04T13:33:51.2217352+00:00" testType="13cdc9d9-ddb5-4fa4-a97d-d965ccfc6d4b" outcome="Passed" testListId="8c84fa94-04c1-424b-9868-57a2d4851a1d" relativeResultsDirectory="288af48c-8ac1-49be-a427-0fd7086ff355">
    </UnitTestResult>
    <UnitTestResult executionId="72d6e3d6-228e-400f-a9bb-81a974a2aefb" testId="6f205f53-5c1d-2d23-0592-7823ba18d3aa" testName="IsIn34" computerName="EDSAC" duration="00:00:00.0003966" startTime="2010-12-04T13:33:51.2247354+00:00" endTime="2010-12-04T13:33:51.2367361+00:00" testType="13cdc9d9-ddb5-4fa4-a97d-d965ccfc6d4b" outcome="Passed" testListId="8c84fa94-04c1-424b-9868-57a2d4851a1d" relativeResultsDirectory="72d6e3d6-228e-400f-a9bb-81a974a2aefb">
    </UnitTestResult>
    <UnitTestResult executionId="aab5ff40-9668-4ed8-b6b9-713a61713fd1" testId="6fb9b650-50a8-89e9-0d35-3a3dc4939152" testName="Add88502" computerName="EDSAC" duration="00:00:00.0004652" startTime="2010-12-04T13:33:51.2467366+00:00" endTime="2010-12-04T13:33:51.2547371+00:00" testType="13cdc9d9-ddb5-4fa4-a97d-d965ccfc6d4b" outcome="Passed" testListId="8c84fa94-04c1-424b-9868-57a2d4851a1d" relativeResultsDirectory="aab5ff40-9668-4ed8-b6b9-713a61713fd1">
    </UnitTestResult>
    <UnitTestResult executionId="57cb038e-0dfc-42bd-95b9-ba577ce28847" testId="704833fc-664b-cb0a-a6d9-59354a3ac7df" testName="To04825" computerName="EDSAC" duration="00:00:00.0003177" startTime="2010-12-04T13:33:51.2597374+00:00" endTime="2010-12-04T13:33:51.2667378+00:00" testType="13cdc9d9-ddb5-4fa4-a97d-d965ccfc6d4b" outcome="Passed" testListId="8c84fa94-04c1-424b-9868-57a2d4851a1d" relativeResultsDirectory="57cb038e-0dfc-42bd-95b9-ba577ce28847">
    </UnitTestResult>
    <UnitTestResult executionId="ee26eced-26dc-4896-bfd6-79809108a633" testId="7068f11c-cf82-d38d-0f16-16dd9f7c090f" testName="Add609" computerName="EDSAC" duration="00:00:00.0005342" startTime="2010-12-04T13:33:51.2707380+00:00" endTime="2010-12-04T13:33:51.2787385+00:00" testType="13cdc9d9-ddb5-4fa4-a97d-d965ccfc6d4b" outcome="Passed" testListId="8c84fa94-04c1-424b-9868-57a2d4851a1d" relativeResultsDirectory="ee26eced-26dc-4896-bfd6-79809108a633">
    </UnitTestResult>
    <UnitTestResult executionId="b7040632-1685-41e4-97fc-1d657d9aae3f" testId="71fdaff9-49bf-b223-1fec-b90817ed9152" testName="TakeEveryThrowsContractException57" computerName="EDSAC" duration="00:00:00.0006177" startTime="2010-12-04T13:33:51.2807386+00:00" endTime="2010-12-04T13:33:51.2867389+00:00" testType="13cdc9d9-ddb5-4fa4-a97d-d965ccfc6d4b" outcome="Passed" testListId="8c84fa94-04c1-424b-9868-57a2d4851a1d" relativeResultsDirectory="b7040632-1685-41e4-97fc-1d657d9aae3f">
    </UnitTestResult>
    <UnitTestResult executionId="42a1b7f1-5817-4650-8b28-e18221e4636c" testId="7206ff03-56a7-ec6c-ffc0-c8679263faa3" testName="As0163211" computerName="EDSAC" duration="00:00:00.0005109" startTime="2010-12-04T13:33:51.2887390+00:00" endTime="2010-12-04T13:33:51.2957394+00:00" testType="13cdc9d9-ddb5-4fa4-a97d-d965ccfc6d4b" outcome="Passed" testListId="8c84fa94-04c1-424b-9868-57a2d4851a1d" relativeResultsDirectory="42a1b7f1-5817-4650-8b28-e18221e4636c">
    </UnitTestResult>
    <UnitTestResult executionId="1d1e8d92-611d-462d-b217-2af987763f33" testId="73dedb08-3777-9f76-6412-b3470bb8b574" testName="AsEnumerable0314801" computerName="EDSAC" duration="00:00:00.0015216" startTime="2010-12-04T13:33:51.2977395+00:00" endTime="2010-12-04T13:33:51.3067401+00:00" testType="13cdc9d9-ddb5-4fa4-a97d-d965ccfc6d4b" outcome="Passed" testListId="8c84fa94-04c1-424b-9868-57a2d4851a1d" relativeResultsDirectory="1d1e8d92-611d-462d-b217-2af987763f33">
    </UnitTestResult>
    <UnitTestResult executionId="1b003806-375c-4154-87af-bfc9665aadc1" testId="752747b0-a36b-eb83-ec59-1c939066a812" testName="UnionAll01355" computerName="EDSAC" duration="00:00:00.0022075" startTime="2010-12-04T13:33:51.3247411+00:00" endTime="2010-12-04T13:33:51.3357417+00:00" testType="13cdc9d9-ddb5-4fa4-a97d-d965ccfc6d4b" outcome="Passed" testListId="8c84fa94-04c1-424b-9868-57a2d4851a1d" relativeResultsDirectory="1b003806-375c-4154-87af-bfc9665aadc1">
    </UnitTestResult>
    <UnitTestResult executionId="2850c934-de0a-48ca-abff-e976eaaa1adc" testId="767e3845-1b47-6225-c38c-e6345e12262a" testName="Is373" computerName="EDSAC" duration="00:00:00.0003849" startTime="2010-12-04T13:33:51.3407420+00:00" endTime="2010-12-04T13:33:51.3487425+00:00" testType="13cdc9d9-ddb5-4fa4-a97d-d965ccfc6d4b" outcome="Passed" testListId="8c84fa94-04c1-424b-9868-57a2d4851a1d" relativeResultsDirectory="2850c934-de0a-48ca-abff-e976eaaa1adc">
    </UnitTestResult>
    <UnitTestResult executionId="162e6595-7f51-41fd-ba06-a22d30fff62f" testId="7743f34e-ac5f-23a3-8e8f-212222420029" testName="As215" computerName="EDSAC" duration="00:00:00.0004689" startTime="2010-12-04T13:33:51.3557429+00:00" endTime="2010-12-04T13:33:51.3637433+00:00" testType="13cdc9d9-ddb5-4fa4-a97d-d965ccfc6d4b" outcome="Passed" testListId="8c84fa94-04c1-424b-9868-57a2d4851a1d" relativeResultsDirectory="162e6595-7f51-41fd-ba06-a22d30fff62f">
    </UnitTestResult>
    <UnitTestResult executionId="d27effd5-88a9-412e-ba4c-7c1e914b8e51" testId="78086264-20f3-c7b4-e13e-997436ec518b" testName="UnionAll01ThrowsContractException589" computerName="EDSAC" duration="00:00:00.0006425" startTime="2010-12-04T13:33:51.3707437+00:00" endTime="2010-12-04T13:33:51.3777441+00:00" testType="13cdc9d9-ddb5-4fa4-a97d-d965ccfc6d4b" outcome="Passed" testListId="8c84fa94-04c1-424b-9868-57a2d4851a1d" relativeResultsDirectory="d27effd5-88a9-412e-ba4c-7c1e914b8e51">
    </UnitTestResult>
    <UnitTestResult executionId="b7c5ec3e-83fa-463c-bdf3-c7d439587eb2" testId="7896ac03-38fd-b99c-d27e-6cbd208a3f1e" testName="As21502" computerName="EDSAC" duration="00:00:00.0005002" startTime="2010-12-04T13:33:51.3857446+00:00" endTime="2010-12-04T13:33:51.3927450+00:00" testType="13cdc9d9-ddb5-4fa4-a97d-d965ccfc6d4b" outcome="Passed" testListId="8c84fa94-04c1-424b-9868-57a2d4851a1d" relativeResultsDirectory="b7c5ec3e-83fa-463c-bdf3-c7d439587eb2">
    </UnitTestResult>
    <UnitTestResult executionId="a98b42a2-b768-4eb3-bf23-59b8123000ba" testId="7a9400e0-6f1a-74cc-aaf2-4e620d01eac4" testName="As0166402" computerName="EDSAC" duration="00:00:00.0006803" startTime="2010-12-04T13:33:51.3987453+00:00" endTime="2010-12-04T13:33:51.4077458+00:00" testType="13cdc9d9-ddb5-4fa4-a97d-d965ccfc6d4b" outcome="Passed" testListId="8c84fa94-04c1-424b-9868-57a2d4851a1d" relativeResultsDirectory="a98b42a2-b768-4eb3-bf23-59b8123000ba">
    </UnitTestResult>
    <UnitTestResult executionId="6cd3a0b3-f770-44ff-b1ff-38a15ca356e9" testId="7a9b0937-239f-a7cc-e1fc-09bbc3508e89" testName="As0130301" computerName="EDSAC" duration="00:00:00.0003835" startTime="2010-12-04T13:33:51.4137462+00:00" endTime="2010-12-04T13:33:51.4227467+00:00" testType="13cdc9d9-ddb5-4fa4-a97d-d965ccfc6d4b" outcome="Passed" testListId="8c84fa94-04c1-424b-9868-57a2d4851a1d" relativeResultsDirectory="6cd3a0b3-f770-44ff-b1ff-38a15ca356e9">
    </UnitTestResult>
    <UnitTestResult executionId="256288a6-da68-4199-90eb-a9de604132cd" testId="7ba074f7-37b4-86ab-f897-639c59c7afb2" testName="As01402" computerName="EDSAC" duration="00:00:00.0008641" startTime="2010-12-04T13:33:51.4357474+00:00" endTime="2010-12-04T13:33:51.4537485+00:00" testType="13cdc9d9-ddb5-4fa4-a97d-d965ccfc6d4b" outcome="Passed" testListId="8c84fa94-04c1-424b-9868-57a2d4851a1d" relativeResultsDirectory="256288a6-da68-4199-90eb-a9de604132cd">
    </UnitTestResult>
    <UnitTestResult executionId="9e1055ce-d107-43c5-9f9e-d8eb36499795" testId="7d85dd6d-e955-0c88-df95-d36cadd3d7ff" testName="IsNullOrEmpty839" computerName="EDSAC" duration="00:00:00.0052638" startTime="2010-12-04T13:33:51.4557486+00:00" endTime="2010-12-04T13:33:51.4677493+00:00" testType="13cdc9d9-ddb5-4fa4-a97d-d965ccfc6d4b" outcome="Passed" testListId="8c84fa94-04c1-424b-9868-57a2d4851a1d" relativeResultsDirectory="9e1055ce-d107-43c5-9f9e-d8eb36499795">
    </UnitTestResult>
    <UnitTestResult executionId="90584b3d-41a8-4e18-9ab4-117db4c24f6c" testId="7edd5b56-0f03-8716-c3c8-130b2e422ca5" testName="As014" computerName="EDSAC" duration="00:00:00.0005743" startTime="2010-12-04T13:33:51.4807500+00:00" endTime="2010-12-04T13:33:51.4887505+00:00" testType="13cdc9d9-ddb5-4fa4-a97d-d965ccfc6d4b" outcome="Passed" testListId="8c84fa94-04c1-424b-9868-57a2d4851a1d" relativeResultsDirectory="90584b3d-41a8-4e18-9ab4-117db4c24f6c">
    </UnitTestResult>
    <UnitTestResult executionId="8ed4b907-0b22-4adc-9201-3e3ca564e88d" testId="7f627b84-c634-6195-b636-ad9c00404c56" testName="IfNotNull173" computerName="EDSAC" duration="00:00:00.0007353" startTime="2010-12-04T13:33:51.5007512+00:00" endTime="2010-12-04T13:33:51.5177521+00:00" testType="13cdc9d9-ddb5-4fa4-a97d-d965ccfc6d4b" outcome="Passed" testListId="8c84fa94-04c1-424b-9868-57a2d4851a1d" relativeResultsDirectory="8ed4b907-0b22-4adc-9201-3e3ca564e88d">
    </UnitTestResult>
    <UnitTestResult executionId="4b2dfd94-8cf3-4ee2-aca6-7af972591923" testId="80003646-df99-feba-93b2-6a809b884bf6" testName="Fill0157102" computerName="EDSAC" duration="00:00:00.0003527" startTime="2010-12-04T13:33:51.5337530+00:00" endTime="2010-12-04T13:33:51.5457537+00:00" testType="13cdc9d9-ddb5-4fa4-a97d-d965ccfc6d4b" outcome="Passed" testListId="8c84fa94-04c1-424b-9868-57a2d4851a1d" relativeResultsDirectory="4b2dfd94-8cf3-4ee2-aca6-7af972591923">
    </UnitTestResult>
    <UnitTestResult executionId="4b66f443-4551-4040-b6b8-b3225610b590" testId="8076c83d-2717-5964-7e9d-50cc5e2706b9" testName="Add885" computerName="EDSAC" duration="00:00:00.0004754" startTime="2010-12-04T13:33:51.5527541+00:00" endTime="2010-12-04T13:33:51.5597545+00:00" testType="13cdc9d9-ddb5-4fa4-a97d-d965ccfc6d4b" outcome="Passed" testListId="8c84fa94-04c1-424b-9868-57a2d4851a1d" relativeResultsDirectory="4b66f443-4551-4040-b6b8-b3225610b590">
    </UnitTestResult>
    <UnitTestResult executionId="61062ce7-874a-4652-ab37-e283362128ee" testId="808822f6-9c85-0a33-f1f9-4d64c79fb975" testName="As763" computerName="EDSAC" duration="00:00:00.0032140" startTime="2010-12-04T13:33:51.5687550+00:00" endTime="2010-12-04T13:33:51.5797557+00:00" testType="13cdc9d9-ddb5-4fa4-a97d-d965ccfc6d4b" outcome="Passed" testListId="8c84fa94-04c1-424b-9868-57a2d4851a1d" relativeResultsDirectory="61062ce7-874a-4652-ab37-e283362128ee">
    </UnitTestResult>
    <UnitTestResult executionId="9fa17882-52ac-4cbc-99d3-26b93ac3d769" testId="80c446f8-daa9-dd90-7ba0-f56b79877aec" testName="AsEnumerable0258802" computerName="EDSAC" duration="00:00:00.0006023" startTime="2010-12-04T13:33:51.5837559+00:00" endTime="2010-12-04T13:33:51.5947565+00:00" testType="13cdc9d9-ddb5-4fa4-a97d-d965ccfc6d4b" outcome="Passed" testListId="8c84fa94-04c1-424b-9868-57a2d4851a1d" relativeResultsDirectory="9fa17882-52ac-4cbc-99d3-26b93ac3d769">
    </UnitTestResult>
    <UnitTestResult executionId="93def364-75af-44f4-8d60-304de6cb20c8" testId="81c4858e-2ab2-b121-25c5-9c96ee04a442" testName="ForEach788" computerName="EDSAC" duration="00:00:00.0003709" startTime="2010-12-04T13:33:51.6007569+00:00" endTime="2010-12-04T13:33:51.6077573+00:00" testType="13cdc9d9-ddb5-4fa4-a97d-d965ccfc6d4b" outcome="Passed" testListId="8c84fa94-04c1-424b-9868-57a2d4851a1d" relativeResultsDirectory="93def364-75af-44f4-8d60-304de6cb20c8">
    </UnitTestResult>
    <UnitTestResult executionId="324cacb6-a834-4c02-9c5a-29e42a4aaa2a" testId="8449ab5e-c7c8-6deb-cb03-833888a032c6" testName="Fill0110502" computerName="EDSAC" duration="00:00:00.0003532" startTime="2010-12-04T13:33:51.6147577+00:00" endTime="2010-12-04T13:33:51.6217581+00:00" testType="13cdc9d9-ddb5-4fa4-a97d-d965ccfc6d4b" outcome="Passed" testListId="8c84fa94-04c1-424b-9868-57a2d4851a1d" relativeResultsDirectory="324cacb6-a834-4c02-9c5a-29e42a4aaa2a">
    </UnitTestResult>
    <UnitTestResult executionId="e8da3e1c-3f79-459a-a5c4-bc00f9dbf797" testId="84a133d0-001f-a986-72f9-cc05e5f25751" testName="AsEnumerable560" computerName="EDSAC" duration="00:00:00.0003816" startTime="2010-12-04T13:33:51.6277584+00:00" endTime="2010-12-04T13:33:51.6347588+00:00" testType="13cdc9d9-ddb5-4fa4-a97d-d965ccfc6d4b" outcome="Passed" testListId="8c84fa94-04c1-424b-9868-57a2d4851a1d" relativeResultsDirectory="e8da3e1c-3f79-459a-a5c4-bc00f9dbf797">
    </UnitTestResult>
    <UnitTestResult executionId="491d4e20-7f08-4892-b8f5-67cc5aaa4919" testId="86c02588-b87f-32bd-880b-56b0d73c1993" testName="NullOr71401" computerName="EDSAC" duration="00:00:00.0007517" startTime="2010-12-04T13:33:51.6447594+00:00" endTime="2010-12-04T13:33:51.6547600+00:00" testType="13cdc9d9-ddb5-4fa4-a97d-d965ccfc6d4b" outcome="Passed" testListId="8c84fa94-04c1-424b-9868-57a2d4851a1d" relativeResultsDirectory="491d4e20-7f08-4892-b8f5-67cc5aaa4919">
    </UnitTestResult>
    <UnitTestResult executionId="1098447d-9829-4467-ae79-94ff42c52fbf" testId="8795f817-2bb9-9d00-f981-a3a8a2b7335e" testName="Add88501" computerName="EDSAC" duration="00:00:00.0004628" startTime="2010-12-04T13:33:51.6607603+00:00" endTime="2010-12-04T13:33:51.6687608+00:00" testType="13cdc9d9-ddb5-4fa4-a97d-d965ccfc6d4b" outcome="Passed" testListId="8c84fa94-04c1-424b-9868-57a2d4851a1d" relativeResultsDirectory="1098447d-9829-4467-ae79-94ff42c52fbf">
    </UnitTestResult>
    <UnitTestResult executionId="d1317fd5-c407-4535-8ef8-17ade07a8fa8" testId="8a248c8c-38d6-117a-cb08-bb2fddeae117" testName="ForEach12501" computerName="EDSAC" duration="00:00:00.0003830" startTime="2010-12-04T13:33:51.6757612+00:00" endTime="2010-12-04T13:33:51.6847617+00:00" testType="13cdc9d9-ddb5-4fa4-a97d-d965ccfc6d4b" outcome="Passed" testListId="8c84fa94-04c1-424b-9868-57a2d4851a1d" relativeResultsDirectory="d1317fd5-c407-4535-8ef8-17ade07a8fa8">
    </UnitTestResult>
    <UnitTestResult executionId="a212d90e-5f14-414b-946e-d62945aefb9c" testId="8d424c8f-9c8d-8bdb-c98c-1e76a87f52e2" testName="Shuffle565" computerName="EDSAC" duration="00:00:00.0027903" startTime="2010-12-04T13:33:51.6907620+00:00" endTime="2010-12-04T13:33:51.7007626+00:00" testType="13cdc9d9-ddb5-4fa4-a97d-d965ccfc6d4b" outcome="Passed" testListId="8c84fa94-04c1-424b-9868-57a2d4851a1d" relativeResultsDirectory="a212d90e-5f14-414b-946e-d62945aefb9c">
    </UnitTestResult>
    <UnitTestResult executionId="012c7703-0844-4feb-bf14-4a0c80aa254d" testId="8dec4c0d-9137-8bca-e823-6edddad67b2a" testName="As568" computerName="EDSAC" duration="00:00:00.0006565" startTime="2010-12-04T13:33:51.7087630+00:00" endTime="2010-12-04T13:33:51.7157634+00:00" testType="13cdc9d9-ddb5-4fa4-a97d-d965ccfc6d4b" outcome="Passed" testListId="8c84fa94-04c1-424b-9868-57a2d4851a1d" relativeResultsDirectory="012c7703-0844-4feb-bf14-4a0c80aa254d">
    </UnitTestResult>
    <UnitTestResult executionId="da487742-2e73-4a2a-961c-7eb9a3efb520" testId="8f214c0c-af12-b9fb-ae32-e2f0e522a10f" testName="NullOr90702" computerName="EDSAC" duration="00:00:00.0029466" startTime="2010-12-04T13:33:51.7197637+00:00" endTime="2010-12-04T13:33:51.7287642+00:00" testType="13cdc9d9-ddb5-4fa4-a97d-d965ccfc6d4b" outcome="Passed" testListId="8c84fa94-04c1-424b-9868-57a2d4851a1d" relativeResultsDirectory="da487742-2e73-4a2a-961c-7eb9a3efb520">
    </UnitTestResult>
    <UnitTestResult executionId="d3bd67a3-9ce3-4906-b7b7-6a886fa0dc64" testId="920395ef-4d81-2796-a8e3-57b62c679836" testName="As0132102" computerName="EDSAC" duration="00:00:00.0025500" startTime="2010-12-04T13:33:51.7347645+00:00" endTime="2010-12-04T13:33:51.7437651+00:00" testType="13cdc9d9-ddb5-4fa4-a97d-d965ccfc6d4b" outcome="Passed" testListId="8c84fa94-04c1-424b-9868-57a2d4851a1d" relativeResultsDirectory="d3bd67a3-9ce3-4906-b7b7-6a886fa0dc64">
    </UnitTestResult>
    <UnitTestResult executionId="850d4d55-b1cd-43a9-b8ca-5a20c15b022d" testId="96af950a-9772-2cea-71eb-41187ff283ae" testName="IsNullableTypeThrowsContractException876" computerName="EDSAC" duration="00:00:00.0005412" startTime="2010-12-04T13:33:51.7507655+00:00" endTime="2010-12-04T13:33:51.7587659+00:00" testType="13cdc9d9-ddb5-4fa4-a97d-d965ccfc6d4b" outcome="Passed" testListId="8c84fa94-04c1-424b-9868-57a2d4851a1d" relativeResultsDirectory="850d4d55-b1cd-43a9-b8ca-5a20c15b022d">
    </UnitTestResult>
    <UnitTestResult executionId="672e89ca-8280-45b8-a5c9-1c73eeb5179d" testId="9b2baef8-8cea-f431-96b6-95e1ddfaf4a9" testName="As29401" computerName="EDSAC" duration="00:00:00.0007750" startTime="2010-12-04T13:33:51.7617661+00:00" endTime="2010-12-04T13:33:51.7717667+00:00" testType="13cdc9d9-ddb5-4fa4-a97d-d965ccfc6d4b" outcome="Passed" testListId="8c84fa94-04c1-424b-9868-57a2d4851a1d" relativeResultsDirectory="672e89ca-8280-45b8-a5c9-1c73eeb5179d">
    </UnitTestResult>
    <UnitTestResult executionId="27eacc28-47cc-40ba-bc7e-96b7009410da" testId="9d4922e1-95bb-cc07-dd59-02aa21bc0c9d" testName="As6" computerName="EDSAC" duration="00:00:00.0007461" startTime="2010-12-04T13:33:51.7797671+00:00" endTime="2010-12-04T13:33:51.7877676+00:00" testType="13cdc9d9-ddb5-4fa4-a97d-d965ccfc6d4b" outcome="Passed" testListId="8c84fa94-04c1-424b-9868-57a2d4851a1d" relativeResultsDirectory="27eacc28-47cc-40ba-bc7e-96b7009410da">
    </UnitTestResult>
    <UnitTestResult executionId="04570f78-57c5-4c55-8f54-9c3d21798e93" testId="9f2f47bb-d8ab-f056-29c0-2bef6cf2b011" testName="AsEnumerable01ThrowsContractException631" computerName="EDSAC" duration="00:00:00.0005925" startTime="2010-12-04T13:33:51.7937679+00:00" endTime="2010-12-04T13:33:51.8017684+00:00" testType="13cdc9d9-ddb5-4fa4-a97d-d965ccfc6d4b" outcome="Passed" testListId="8c84fa94-04c1-424b-9868-57a2d4851a1d" relativeResultsDirectory="04570f78-57c5-4c55-8f54-9c3d21798e93">
    </UnitTestResult>
    <UnitTestResult executionId="5c03319c-7eba-45d9-93e0-da92c17add20" testId="9f469160-5fe3-b1e7-0220-66c2cc9d5d2b" testName="TimesThrowsContractException121" computerName="EDSAC" duration="00:00:00.0006056" startTime="2010-12-04T13:33:51.8077687+00:00" endTime="2010-12-04T13:33:51.8167692+00:00" testType="13cdc9d9-ddb5-4fa4-a97d-d965ccfc6d4b" outcome="Passed" testListId="8c84fa94-04c1-424b-9868-57a2d4851a1d" relativeResultsDirectory="5c03319c-7eba-45d9-93e0-da92c17add20">
    </UnitTestResult>
    <UnitTestResult executionId="8ae84175-5621-4778-a922-958c19007781" testId="a45582f8-3825-adac-44bf-8fa9e3381e89" testName="ForEach78801" computerName="EDSAC" duration="00:00:00.0004848" startTime="2010-12-04T13:33:51.8237696+00:00" endTime="2010-12-04T13:33:51.8317701+00:00" testType="13cdc9d9-ddb5-4fa4-a97d-d965ccfc6d4b" outcome="Passed" testListId="8c84fa94-04c1-424b-9868-57a2d4851a1d" relativeResultsDirectory="8ae84175-5621-4778-a922-958c19007781">
    </UnitTestResult>
    <UnitTestResult executionId="4c847d32-bee2-4666-b633-afd524235615" testId="a4d79828-c09a-4b3a-debd-ff9c5c818608" testName="AsEnumerableThrowsContractException993" computerName="EDSAC" duration="00:00:00.0006303" startTime="2010-12-04T13:33:51.8347703+00:00" endTime="2010-12-04T13:33:51.8457709+00:00" testType="13cdc9d9-ddb5-4fa4-a97d-d965ccfc6d4b" outcome="Passed" testListId="8c84fa94-04c1-424b-9868-57a2d4851a1d" relativeResultsDirectory="4c847d32-bee2-4666-b633-afd524235615">
    </UnitTestResult>
    <UnitTestResult executionId="e533d1ce-2fe2-4dfd-9bf1-6848f0147d53" testId="a5017919-7828-b52a-3fcf-0e88954eb83a" testName="IfNotNull01597" computerName="EDSAC" duration="00:00:00.0003308" startTime="2010-12-04T13:33:51.8527713+00:00" endTime="2010-12-04T13:33:51.8607717+00:00" testType="13cdc9d9-ddb5-4fa4-a97d-d965ccfc6d4b" outcome="Passed" testListId="8c84fa94-04c1-424b-9868-57a2d4851a1d" relativeResultsDirectory="e533d1ce-2fe2-4dfd-9bf1-6848f0147d53">
    </UnitTestResult>
    <UnitTestResult executionId="038dff0d-837f-4dcd-b7e8-2907d276a991" testId="a51caca7-6a0e-8bea-fb89-3104ddb0e38a" testName="Fill105" computerName="EDSAC" duration="00:00:00.0002449" startTime="2010-12-04T13:33:51.8697723+00:00" endTime="2010-12-04T13:33:51.8777727+00:00" testType="13cdc9d9-ddb5-4fa4-a97d-d965ccfc6d4b" outcome="Passed" testListId="8c84fa94-04c1-424b-9868-57a2d4851a1d" relativeResultsDirectory="038dff0d-837f-4dcd-b7e8-2907d276a991">
    </UnitTestResult>
    <UnitTestResult executionId="acae2fbb-a656-4037-acc6-04c710b10d09" testId="a5227b8f-5886-3860-e04a-7fd418987b6e" testName="AsEnumerable02ThrowsContractException520" computerName="EDSAC" duration="00:00:00.0006583" startTime="2010-12-04T13:33:51.8817729+00:00" endTime="2010-12-04T13:33:51.8907735+00:00" testType="13cdc9d9-ddb5-4fa4-a97d-d965ccfc6d4b" outcome="Passed" testListId="8c84fa94-04c1-424b-9868-57a2d4851a1d" relativeResultsDirectory="acae2fbb-a656-4037-acc6-04c710b10d09">
    </UnitTestResult>
    <UnitTestResult executionId="de5cd685-d9ee-44db-83ca-e2a0d26c8cd0" testId="a54e40a4-c460-0f5a-3324-94dd8c77f779" testName="Random431" computerName="EDSAC" duration="00:00:00.0004950" startTime="2010-12-04T13:33:51.8967738+00:00" endTime="2010-12-04T13:33:51.9047743+00:00" testType="13cdc9d9-ddb5-4fa4-a97d-d965ccfc6d4b" outcome="Passed" testListId="8c84fa94-04c1-424b-9868-57a2d4851a1d" relativeResultsDirectory="de5cd685-d9ee-44db-83ca-e2a0d26c8cd0">
    </UnitTestResult>
    <UnitTestResult executionId="3020f05d-d8aa-4591-b40b-78aeaf84e5c2" testId="a65b5eab-4121-901b-449c-fc9aba07d07b" testName="IfNotNull0192302" computerName="EDSAC" duration="00:00:00.0003634" startTime="2010-12-04T13:33:51.9107746+00:00" endTime="2010-12-04T13:33:51.9177750+00:00" testType="13cdc9d9-ddb5-4fa4-a97d-d965ccfc6d4b" outcome="Passed" testListId="8c84fa94-04c1-424b-9868-57a2d4851a1d" relativeResultsDirectory="3020f05d-d8aa-4591-b40b-78aeaf84e5c2">
    </UnitTestResult>
    <UnitTestResult executionId="6b3b6484-6161-498d-93dc-77f9a6884829" testId="a67abeae-f275-21d8-f4a8-e10a60739baa" testName="UnionAll136" computerName="EDSAC" duration="00:00:00.0036269" startTime="2010-12-04T13:33:51.9207752+00:00" endTime="2010-12-04T13:33:51.9307757+00:00" testType="13cdc9d9-ddb5-4fa4-a97d-d965ccfc6d4b" outcome="Passed" testListId="8c84fa94-04c1-424b-9868-57a2d4851a1d" relativeResultsDirectory="6b3b6484-6161-498d-93dc-77f9a6884829">
    </UnitTestResult>
    <UnitTestResult executionId="263d8f45-c57a-4f2a-8fb2-421e3802be46" testId="a9c998c1-d601-9d48-a5aa-e5458f5ccef5" testName="Fill01571" computerName="EDSAC" duration="00:00:00.0003676" startTime="2010-12-04T13:33:51.9377761+00:00" endTime="2010-12-04T13:33:51.9457766+00:00" testType="13cdc9d9-ddb5-4fa4-a97d-d965ccfc6d4b" outcome="Passed" testListId="8c84fa94-04c1-424b-9868-57a2d4851a1d" relativeResultsDirectory="263d8f45-c57a-4f2a-8fb2-421e3802be46">
    </UnitTestResult>
    <UnitTestResult executionId="f45d65e6-612c-4ce1-8f0e-fe9ac17be191" testId="aa22a9b8-be5f-7c6d-f18d-55627b642600" testName="To04886" computerName="EDSAC" duration="00:00:00.0002715" startTime="2010-12-04T13:33:51.9477767+00:00" endTime="2010-12-04T13:33:51.9567772+00:00" testType="13cdc9d9-ddb5-4fa4-a97d-d965ccfc6d4b" outcome="Passed" testListId="8c84fa94-04c1-424b-9868-57a2d4851a1d" relativeResultsDirectory="f45d65e6-612c-4ce1-8f0e-fe9ac17be191">
    </UnitTestResult>
    <UnitTestResult executionId="90dbd732-0a8f-435a-bd16-39b40684559f" testId="ab4705e8-14a4-6e9f-baf9-e3d238e84cf8" testName="As0163210" computerName="EDSAC" duration="00:00:00.0004162" startTime="2010-12-04T13:33:51.9607775+00:00" endTime="2010-12-04T13:33:51.9697780+00:00" testType="13cdc9d9-ddb5-4fa4-a97d-d965ccfc6d4b" outcome="Passed" testListId="8c84fa94-04c1-424b-9868-57a2d4851a1d" relativeResultsDirectory="90dbd732-0a8f-435a-bd16-39b40684559f">
    </UnitTestResult>
    <UnitTestResult executionId="1f2be1fa-0ed0-44a7-9e3b-8972393d0c61" testId="ad25e31e-4a53-f08b-b3bd-cfdcb07226a0" testName="IsInThrowsContractException285" computerName="EDSAC" duration="00:00:00.0007685" startTime="2010-12-04T13:33:51.9727782+00:00" endTime="2010-12-04T13:33:51.9807786+00:00" testType="13cdc9d9-ddb5-4fa4-a97d-d965ccfc6d4b" outcome="Passed" testListId="8c84fa94-04c1-424b-9868-57a2d4851a1d" relativeResultsDirectory="1f2be1fa-0ed0-44a7-9e3b-8972393d0c61">
    </UnitTestResult>
    <UnitTestResult executionId="7368e484-8ad8-4b3c-89be-2ac9a7671ebb" testId="ad6b7b0f-0850-7179-c3e4-805f9d123948" testName="UnionAllThrowsContractException292" computerName="EDSAC" duration="00:00:00.0006560" startTime="2010-12-04T13:33:51.9837788+00:00" endTime="2010-12-04T13:33:51.9947794+00:00" testType="13cdc9d9-ddb5-4fa4-a97d-d965ccfc6d4b" outcome="Passed" testListId="8c84fa94-04c1-424b-9868-57a2d4851a1d" relativeResultsDirectory="7368e484-8ad8-4b3c-89be-2ac9a7671ebb">
    </UnitTestResult>
    <UnitTestResult executionId="bb75a9e9-dd01-477c-b632-916ce9d8f8c6" testId="aef19ea6-eb47-a1be-032c-8930cda21d9c" testName="ForEachThrowsContractException904" computerName="EDSAC" duration="00:00:00.0005389" startTime="2010-12-04T13:33:52.0027799+00:00" endTime="2010-12-04T13:33:52.0107803+00:00" testType="13cdc9d9-ddb5-4fa4-a97d-d965ccfc6d4b" outcome="Passed" testListId="8c84fa94-04c1-424b-9868-57a2d4851a1d" relativeResultsDirectory="bb75a9e9-dd01-477c-b632-916ce9d8f8c6">
    </UnitTestResult>
    <UnitTestResult executionId="442ee933-f7d7-4c20-93f7-28ed96a1221a" testId="af3c2eea-1341-4d08-8112-791e701a0e4e" testName="ForEach908" computerName="EDSAC" duration="00:00:00.0025159" startTime="2010-12-04T13:33:52.0127804+00:00" endTime="2010-12-04T13:33:52.0227810+00:00" testType="13cdc9d9-ddb5-4fa4-a97d-d965ccfc6d4b" outcome="Passed" testListId="8c84fa94-04c1-424b-9868-57a2d4851a1d" relativeResultsDirectory="442ee933-f7d7-4c20-93f7-28ed96a1221a">
    </UnitTestResult>
    <UnitTestResult executionId="6afeac4b-48dc-4e17-aab6-e502dc45e81b" testId="b03d2b82-a5f5-4a0a-521f-fd9e431b28da" testName="As21503" computerName="EDSAC" duration="00:00:00.0013890" startTime="2010-12-04T13:33:52.0247811+00:00" endTime="2010-12-04T13:33:52.0357818+00:00" testType="13cdc9d9-ddb5-4fa4-a97d-d965ccfc6d4b" outcome="Passed" testListId="8c84fa94-04c1-424b-9868-57a2d4851a1d" relativeResultsDirectory="6afeac4b-48dc-4e17-aab6-e502dc45e81b">
    </UnitTestResult>
    <UnitTestResult executionId="2e8aee4e-3755-4610-ac69-7c2ccbc46b0e" testId="b086ebe0-6bb0-f4b4-2d74-97b1a10dd517" testName="IfNotNull0159702" computerName="EDSAC" duration="00:00:00.0030049" startTime="2010-12-04T13:33:52.0387819+00:00" endTime="2010-12-04T13:33:52.0477824+00:00" testType="13cdc9d9-ddb5-4fa4-a97d-d965ccfc6d4b" outcome="Passed" testListId="8c84fa94-04c1-424b-9868-57a2d4851a1d" relativeResultsDirectory="2e8aee4e-3755-4610-ac69-7c2ccbc46b0e">
    </UnitTestResult>
    <UnitTestResult executionId="fcd2ff25-4009-4fc9-b405-b2d54f87fc0b" testId="b2aadfc0-b55c-fa15-a9e1-9405ae9a9cc7" testName="AsEnumerable03148" computerName="EDSAC" duration="00:00:00.0005020" startTime="2010-12-04T13:33:52.0507826+00:00" endTime="2010-12-04T13:33:52.0607832+00:00" testType="13cdc9d9-ddb5-4fa4-a97d-d965ccfc6d4b" outcome="Passed" testListId="8c84fa94-04c1-424b-9868-57a2d4851a1d" relativeResultsDirectory="fcd2ff25-4009-4fc9-b405-b2d54f87fc0b">
    </UnitTestResult>
    <UnitTestResult executionId="beae1c37-a44d-483f-af5f-7b7439c6584e" testId="b2c4141e-1dfd-f110-5623-435719fb340e" testName="AsEnumerable0258801" computerName="EDSAC" duration="00:00:00.0030768" startTime="2010-12-04T13:33:52.0627833+00:00" endTime="2010-12-04T13:33:52.0727839+00:00" testType="13cdc9d9-ddb5-4fa4-a97d-d965ccfc6d4b" outcome="Passed" testListId="8c84fa94-04c1-424b-9868-57a2d4851a1d" relativeResultsDirectory="beae1c37-a44d-483f-af5f-7b7439c6584e">
    </UnitTestResult>
    <UnitTestResult executionId="8dcfa345-9120-4006-afec-8cdfe59def93" testId="b30e4a1d-f330-da4d-3e81-5c536003275c" testName="As0132104" computerName="EDSAC" duration="00:00:00.0003975" startTime="2010-12-04T13:33:52.0757840+00:00" endTime="2010-12-04T13:33:52.0857846+00:00" testType="13cdc9d9-ddb5-4fa4-a97d-d965ccfc6d4b" outcome="Passed" testListId="8c84fa94-04c1-424b-9868-57a2d4851a1d" relativeResultsDirectory="8dcfa345-9120-4006-afec-8cdfe59def93">
    </UnitTestResult>
    <UnitTestResult executionId="80558110-a83b-4ab3-a4b9-e68868c819ab" testId="b51e8365-ff64-84bf-89d7-6e6cedcc3dbf" testName="As0163208" computerName="EDSAC" duration="00:00:00.0005030" startTime="2010-12-04T13:33:52.0887848+00:00" endTime="2010-12-04T13:33:52.0997854+00:00" testType="13cdc9d9-ddb5-4fa4-a97d-d965ccfc6d4b" outcome="Passed" testListId="8c84fa94-04c1-424b-9868-57a2d4851a1d" relativeResultsDirectory="80558110-a83b-4ab3-a4b9-e68868c819ab">
    </UnitTestResult>
    <UnitTestResult executionId="a1151b71-af0f-4f2b-b595-c05de320eccf" testId="b5422df7-b834-c8d0-39a5-47eef43fa0c1" testName="ShuffleThrowsContractException994" computerName="EDSAC" duration="00:00:00.0005799" startTime="2010-12-04T13:33:52.1027856+00:00" endTime="2010-12-04T13:33:52.1117861+00:00" testType="13cdc9d9-ddb5-4fa4-a97d-d965ccfc6d4b" outcome="Passed" testListId="8c84fa94-04c1-424b-9868-57a2d4851a1d" relativeResultsDirectory="a1151b71-af0f-4f2b-b595-c05de320eccf">
    </UnitTestResult>
    <UnitTestResult executionId="88e5604c-2ff6-4cb2-be9c-44b76f7fb925" testId="b62d0492-14fb-ecd9-4eed-da4b06892ee9" testName="InvokeIfRequired01ThrowsContractException984" computerName="EDSAC" duration="00:00:00.0014450" startTime="2010-12-04T13:33:52.1177864+00:00" endTime="2010-12-04T13:33:52.1267870+00:00" testType="13cdc9d9-ddb5-4fa4-a97d-d965ccfc6d4b" outcome="Passed" testListId="8c84fa94-04c1-424b-9868-57a2d4851a1d" relativeResultsDirectory="88e5604c-2ff6-4cb2-be9c-44b76f7fb925">
    </UnitTestResult>
    <UnitTestResult executionId="b20b1174-01bd-46a7-9ce8-0e3157ff8451" testId="b70d24a9-e4cc-d879-39c7-bc30de9e70ab" testName="As0163215" computerName="EDSAC" duration="00:00:00.0005230" startTime="2010-12-04T13:33:52.1287871+00:00" endTime="2010-12-04T13:33:52.1407878+00:00" testType="13cdc9d9-ddb5-4fa4-a97d-d965ccfc6d4b" outcome="Passed" testListId="8c84fa94-04c1-424b-9868-57a2d4851a1d" relativeResultsDirectory="b20b1174-01bd-46a7-9ce8-0e3157ff8451">
    </UnitTestResult>
    <UnitTestResult executionId="1fe75e6f-4e74-424a-95c3-b82b1eb936e3" testId="b8e531ca-ec94-5331-cc83-d2332ab01f85" testName="Fill0157101" computerName="EDSAC" duration="00:00:00.0029606" startTime="2010-12-04T13:33:52.1427879+00:00" endTime="2010-12-04T13:33:52.1517884+00:00" testType="13cdc9d9-ddb5-4fa4-a97d-d965ccfc6d4b" outcome="Passed" testListId="8c84fa94-04c1-424b-9868-57a2d4851a1d" relativeResultsDirectory="1fe75e6f-4e74-424a-95c3-b82b1eb936e3">
    </UnitTestResult>
    <UnitTestResult executionId="796f6d54-d0bf-43d3-b951-9cb6990ceb95" testId="b99ec452-b626-078c-5efb-2041d6f255c4" testName="As21504" computerName="EDSAC" duration="00:00:00.0012351" startTime="2010-12-04T13:33:52.1547886+00:00" endTime="2010-12-04T13:33:52.1667892+00:00" testType="13cdc9d9-ddb5-4fa4-a97d-d965ccfc6d4b" outcome="Passed" testListId="8c84fa94-04c1-424b-9868-57a2d4851a1d" relativeResultsDirectory="796f6d54-d0bf-43d3-b951-9cb6990ceb95">
    </UnitTestResult>
    <UnitTestResult executionId="40187053-4c70-48fb-aa1b-f33cc245a241" testId="bacd5d20-af9a-e4cc-a40a-d6c0c11ab93b" testName="SubarrayThrowsContractException290" computerName="EDSAC" duration="00:00:00.0005617" startTime="2010-12-04T13:33:52.1697894+00:00" endTime="2010-12-04T13:33:52.1797900+00:00" testType="13cdc9d9-ddb5-4fa4-a97d-d965ccfc6d4b" outcome="Passed" testListId="8c84fa94-04c1-424b-9868-57a2d4851a1d" relativeResultsDirectory="40187053-4c70-48fb-aa1b-f33cc245a241">
    </UnitTestResult>
    <UnitTestResult executionId="fa0ed728-df85-4e0b-8dfc-ce477c49c7ae" testId="bcd2eed5-d66d-4c84-679b-b01a3db87e97" testName="Fill01ThrowsContractException95" computerName="EDSAC" duration="00:00:00.0005846" startTime="2010-12-04T13:33:52.1857903+00:00" endTime="2010-12-04T13:33:52.1937908+00:00" testType="13cdc9d9-ddb5-4fa4-a97d-d965ccfc6d4b" outcome="Passed" testListId="8c84fa94-04c1-424b-9868-57a2d4851a1d" relativeResultsDirectory="fa0ed728-df85-4e0b-8dfc-ce477c49c7ae">
    </UnitTestResult>
    <UnitTestResult executionId="8ebbd881-789a-4f1f-8cc8-248f003e9a31" testId="bddd9413-fc0c-f7bd-9469-9c1af52ef87f" testName="SubarrayThrowsContractException621" computerName="EDSAC" duration="00:00:00.0005249" startTime="2010-12-04T13:33:52.1967910+00:00" endTime="2010-12-04T13:33:52.2087916+00:00" testType="13cdc9d9-ddb5-4fa4-a97d-d965ccfc6d4b" outcome="Passed" testListId="8c84fa94-04c1-424b-9868-57a2d4851a1d" relativeResultsDirectory="8ebbd881-789a-4f1f-8cc8-248f003e9a31">
    </UnitTestResult>
    <UnitTestResult executionId="19bf17c0-9b21-4a1b-aa70-9933aad2f211" testId="bdf234ab-0f12-2337-9094-2671833caeec" testName="As21506" computerName="EDSAC" duration="00:00:00.0005907" startTime="2010-12-04T13:33:52.2137919+00:00" endTime="2010-12-04T13:33:52.2227925+00:00" testType="13cdc9d9-ddb5-4fa4-a97d-d965ccfc6d4b" outcome="Passed" testListId="8c84fa94-04c1-424b-9868-57a2d4851a1d" relativeResultsDirectory="19bf17c0-9b21-4a1b-aa70-9933aad2f211">
    </UnitTestResult>
    <UnitTestResult executionId="24b247d4-500b-42a4-a811-499e0114d56a" testId="bdf76499-e0f6-3d7b-4432-982ba6c3b223" testName="Fill0168801" computerName="EDSAC" duration="00:00:00.0003616" startTime="2010-12-04T13:33:52.2267927+00:00" endTime="2010-12-04T13:33:52.2347931+00:00" testType="13cdc9d9-ddb5-4fa4-a97d-d965ccfc6d4b" outcome="Passed" testListId="8c84fa94-04c1-424b-9868-57a2d4851a1d" relativeResultsDirectory="24b247d4-500b-42a4-a811-499e0114d56a">
    </UnitTestResult>
    <UnitTestResult executionId="9d0af96f-e244-4a9f-b8d5-d49654831453" testId="be4a640d-264d-b6fa-ba99-6f190c20c0bb" testName="To01463" computerName="EDSAC" duration="00:00:00.0003074" startTime="2010-12-04T13:33:52.2387934+00:00" endTime="2010-12-04T13:33:52.2467938+00:00" testType="13cdc9d9-ddb5-4fa4-a97d-d965ccfc6d4b" outcome="Passed" testListId="8c84fa94-04c1-424b-9868-57a2d4851a1d" relativeResultsDirectory="9d0af96f-e244-4a9f-b8d5-d49654831453">
    </UnitTestResult>
    <UnitTestResult executionId="5f2e90ea-e391-4011-912c-46b96bc6c228" testId="be772578-3bd6-fe1e-69ad-baa513f62b0b" testName="As0163226" computerName="EDSAC" duration="00:00:00.0004806" startTime="2010-12-04T13:33:52.2527942+00:00" endTime="2010-12-04T13:33:52.2607946+00:00" testType="13cdc9d9-ddb5-4fa4-a97d-d965ccfc6d4b" outcome="Passed" testListId="8c84fa94-04c1-424b-9868-57a2d4851a1d" relativeResultsDirectory="5f2e90ea-e391-4011-912c-46b96bc6c228">
    </UnitTestResult>
    <UnitTestResult executionId="6f476c05-7a94-4876-92e0-6f20424546ec" testId="bf4b4d8f-a9c5-278f-9d0c-4140566dfe7e" testName="As0130302" computerName="EDSAC" duration="00:00:00.0003896" startTime="2010-12-04T13:33:52.2637948+00:00" endTime="2010-12-04T13:33:52.2757955+00:00" testType="13cdc9d9-ddb5-4fa4-a97d-d965ccfc6d4b" outcome="Passed" testListId="8c84fa94-04c1-424b-9868-57a2d4851a1d" relativeResultsDirectory="6f476c05-7a94-4876-92e0-6f20424546ec">
    </UnitTestResult>
    <UnitTestResult executionId="35eea27d-62e5-4fb8-ab1d-c706557e7929" testId="c35eb805-49e5-7d06-b69d-ba684aaa6791" testName="TakeEveryThrowsContractException998" computerName="EDSAC" duration="00:00:00.0006019" startTime="2010-12-04T13:33:52.2837959+00:00" endTime="2010-12-04T13:33:52.2917964+00:00" testType="13cdc9d9-ddb5-4fa4-a97d-d965ccfc6d4b" outcome="Passed" testListId="8c84fa94-04c1-424b-9868-57a2d4851a1d" relativeResultsDirectory="35eea27d-62e5-4fb8-ab1d-c706557e7929">
    </UnitTestResult>
    <UnitTestResult executionId="fcaa43dc-06f3-4fb0-8bb7-a72e0be8e0c7" testId="c3a5f774-5c25-7fa7-593c-10a98b5db768" testName="Execute424" computerName="EDSAC" duration="00:00:00.0004876" startTime="2010-12-04T13:33:52.2957966+00:00" endTime="2010-12-04T13:33:52.3037971+00:00" testType="13cdc9d9-ddb5-4fa4-a97d-d965ccfc6d4b" outcome="Passed" testListId="8c84fa94-04c1-424b-9868-57a2d4851a1d" relativeResultsDirectory="fcaa43dc-06f3-4fb0-8bb7-a72e0be8e0c7">
    </UnitTestResult>
    <UnitTestResult executionId="377729ed-407e-4a60-a8b0-56b57a2e0e94" testId="c3e8dcc2-bac7-2a0c-9c06-8dc4838145f3" testName="Fill0168802" computerName="EDSAC" duration="00:00:00.0003667" startTime="2010-12-04T13:33:52.3107975+00:00" endTime="2010-12-04T13:33:52.3187979+00:00" testType="13cdc9d9-ddb5-4fa4-a97d-d965ccfc6d4b" outcome="Passed" testListId="8c84fa94-04c1-424b-9868-57a2d4851a1d" relativeResultsDirectory="377729ed-407e-4a60-a8b0-56b57a2e0e94">
    </UnitTestResult>
    <UnitTestResult executionId="96b1c728-62fe-4529-b36b-a2e803a222bb" testId="c764531a-8b43-978a-82fa-64e183192f81" testName="IsNullOrEmpty963" computerName="EDSAC" duration="00:00:00.0003485" startTime="2010-12-04T13:33:52.3267984+00:00" endTime="2010-12-04T13:33:52.3357989+00:00" testType="13cdc9d9-ddb5-4fa4-a97d-d965ccfc6d4b" outcome="Passed" testListId="8c84fa94-04c1-424b-9868-57a2d4851a1d" relativeResultsDirectory="96b1c728-62fe-4529-b36b-a2e803a222bb">
    </UnitTestResult>
    <UnitTestResult executionId="4131458b-8f34-4f91-9175-bbd6e1c55bb4" testId="c7ed85a6-e567-546b-2348-9ebad6489ec4" testName="RangeThrowsContractException604" computerName="EDSAC" duration="00:00:00.0006481" startTime="2010-12-04T13:33:52.3387991+00:00" endTime="2010-12-04T13:33:52.3487997+00:00" testType="13cdc9d9-ddb5-4fa4-a97d-d965ccfc6d4b" outcome="Passed" testListId="8c84fa94-04c1-424b-9868-57a2d4851a1d" relativeResultsDirectory="4131458b-8f34-4f91-9175-bbd6e1c55bb4">
    </UnitTestResult>
    <UnitTestResult executionId="0b3ee3ba-8fb1-4724-a411-ef3ac60b1b54" testId="c8c2cfdd-b8a6-a87d-8c47-5082bca773be" testName="RangeThrowsContractException485" computerName="EDSAC" duration="00:00:00.0014992" startTime="2010-12-04T13:33:52.3537999+00:00" endTime="2010-12-04T13:33:52.3628005+00:00" testType="13cdc9d9-ddb5-4fa4-a97d-d965ccfc6d4b" outcome="Passed" testListId="8c84fa94-04c1-424b-9868-57a2d4851a1d" relativeResultsDirectory="0b3ee3ba-8fb1-4724-a411-ef3ac60b1b54">
    </UnitTestResult>
    <UnitTestResult executionId="eaa85288-b65c-4855-a141-e33c89a044cb" testId="c8fc641b-9790-7184-8636-9458f79e781c" testName="IsIn01ThrowsContractException76" computerName="EDSAC" duration="00:00:00.0011977" startTime="2010-12-04T13:33:52.3748011+00:00" endTime="2010-12-04T13:33:52.3888019+00:00" testType="13cdc9d9-ddb5-4fa4-a97d-d965ccfc6d4b" outcome="Passed" testListId="8c84fa94-04c1-424b-9868-57a2d4851a1d" relativeResultsDirectory="eaa85288-b65c-4855-a141-e33c89a044cb">
    </UnitTestResult>
    <UnitTestResult executionId="fea02bd2-fcf1-4440-8718-690546cb90a4" testId="cdf50321-c0eb-ddc4-0179-2919c2028903" testName="IsIn01570" computerName="EDSAC" duration="00:00:00.0042470" startTime="2010-12-04T13:33:52.3978025+00:00" endTime="2010-12-04T13:33:52.4138034+00:00" testType="13cdc9d9-ddb5-4fa4-a97d-d965ccfc6d4b" outcome="Passed" testListId="8c84fa94-04c1-424b-9868-57a2d4851a1d" relativeResultsDirectory="fea02bd2-fcf1-4440-8718-690546cb90a4">
    </UnitTestResult>
    <UnitTestResult executionId="5748c4e5-fd85-4631-a1a3-8d1642be717d" testId="cf67e106-470b-64ee-b4ec-daf199d3db2f" testName="Add296" computerName="EDSAC" duration="00:00:00.0008538" startTime="2010-12-04T13:33:52.4168035+00:00" endTime="2010-12-04T13:33:52.4328045+00:00" testType="13cdc9d9-ddb5-4fa4-a97d-d965ccfc6d4b" outcome="Passed" testListId="8c84fa94-04c1-424b-9868-57a2d4851a1d" relativeResultsDirectory="5748c4e5-fd85-4631-a1a3-8d1642be717d">
    </UnitTestResult>
    <UnitTestResult executionId="4f745543-aff1-44a7-82bc-8627a8f36c3b" testId="d1244455-073f-9dfb-7627-1dfedd276854" testName="Fill01105" computerName="EDSAC" duration="00:00:00.0025943" startTime="2010-12-04T13:33:52.4418050+00:00" endTime="2010-12-04T13:33:52.4608061+00:00" testType="13cdc9d9-ddb5-4fa4-a97d-d965ccfc6d4b" outcome="Passed" testListId="8c84fa94-04c1-424b-9868-57a2d4851a1d" relativeResultsDirectory="4f745543-aff1-44a7-82bc-8627a8f36c3b">
    </UnitTestResult>
    <UnitTestResult executionId="3a05466c-6891-4770-9c7c-5fba7295d5fe" testId="d400fa75-dd71-d01b-c6b4-e354835a9d50" testName="Fill01688" computerName="EDSAC" duration="00:00:00.0021590" startTime="2010-12-04T13:33:52.4628062+00:00" endTime="2010-12-04T13:33:52.4768070+00:00" testType="13cdc9d9-ddb5-4fa4-a97d-d965ccfc6d4b" outcome="Passed" testListId="8c84fa94-04c1-424b-9868-57a2d4851a1d" relativeResultsDirectory="3a05466c-6891-4770-9c7c-5fba7295d5fe">
    </UnitTestResult>
    <UnitTestResult executionId="678cb846-3d5e-4ae0-8bde-a47da432bfc7" testId="d42181de-992b-d0d7-b361-de085976b475" testName="AsEnumerable03ThrowsContractException284" computerName="EDSAC" duration="00:00:00.0005603" startTime="2010-12-04T13:33:52.4788071+00:00" endTime="2010-12-04T13:33:52.4928079+00:00" testType="13cdc9d9-ddb5-4fa4-a97d-d965ccfc6d4b" outcome="Passed" testListId="8c84fa94-04c1-424b-9868-57a2d4851a1d" relativeResultsDirectory="678cb846-3d5e-4ae0-8bde-a47da432bfc7">
    </UnitTestResult>
    <UnitTestResult executionId="c2680bbc-bc7e-4583-b894-b2544fecd467" testId="d6748736-3ac1-57ad-6f44-5383b3c8be53" testName="RandomThrowsContractException646" computerName="EDSAC" duration="00:00:00.0032107" startTime="2010-12-04T13:33:52.5068087+00:00" endTime="2010-12-04T13:33:52.5228096+00:00" testType="13cdc9d9-ddb5-4fa4-a97d-d965ccfc6d4b" outcome="Failed" testListId="8c84fa94-04c1-424b-9868-57a2d4851a1d" relativeResultsDirectory="c2680bbc-bc7e-4583-b894-b2544fecd467">
      <Output>
        <ErrorInfo>
          <Message>Test method SharpBag.ExtensionsTest.RandomThrowsContractException646 threw exception: 
System.Diagnostics.Contracts.__ContractsRuntime+ContractException: Precondition failed: collection.Count() &gt; 0</Message>
          <StackTrace>    at SharpBag.Extensions.Random[T](IEnumerable`1 collection, Random rand) in C:\Users\SuprDewd\Desktop\Projects\Forritun\SharpBag\SharpBag\Extensions.cs:line 650
   at SharpBag.Extensions.Random[T](IEnumerable`1 collection) in C:\Users\SuprDewd\Desktop\Projects\Forritun\SharpBag\SharpBag\Extensions.cs:line 636
   at SharpBag.ExtensionsTest.RandomThrowsContractException646() in C:\Users\SuprDewd\Desktop\Projects\Forritun\SharpBag\SharpBag.Tests01\ExtensionsTest.Random01.g.cs:line 93
</StackTrace>
        </ErrorInfo>
      </Output>
    </UnitTestResult>
    <UnitTestResult executionId="5e733463-a8cc-434b-8570-865e1a3db295" testId="d820847a-a64d-718b-5774-4886058277c3" testName="Add29602" computerName="EDSAC" duration="00:00:00.0020568" startTime="2010-12-04T13:33:52.5338102+00:00" endTime="2010-12-04T13:33:52.5518113+00:00" testType="13cdc9d9-ddb5-4fa4-a97d-d965ccfc6d4b" outcome="Passed" testListId="8c84fa94-04c1-424b-9868-57a2d4851a1d" relativeResultsDirectory="5e733463-a8cc-434b-8570-865e1a3db295">
    </UnitTestResult>
    <UnitTestResult executionId="d320016b-7fd2-4d3f-ae1f-cc772ea3ff84" testId="d97a225a-e31a-2138-2fae-7b4109b25275" testName="As928" computerName="EDSAC" duration="00:00:00.0021076" startTime="2010-12-04T13:33:52.5608118+00:00" endTime="2010-12-04T13:33:52.5758126+00:00" testType="13cdc9d9-ddb5-4fa4-a97d-d965ccfc6d4b" outcome="Passed" testListId="8c84fa94-04c1-424b-9868-57a2d4851a1d" relativeResultsDirectory="d320016b-7fd2-4d3f-ae1f-cc772ea3ff84">
    </UnitTestResult>
    <UnitTestResult executionId="c7d6b552-2e11-4db4-90e9-519dcf5c0df8" testId="d982986f-d5cc-bb8f-d6d8-e2a54e2f4dd0" testName="EmptyIfNull574" computerName="EDSAC" duration="00:00:00.0007167" startTime="2010-12-04T13:33:52.5838131+00:00" endTime="2010-12-04T13:33:52.6298157+00:00" testType="13cdc9d9-ddb5-4fa4-a97d-d965ccfc6d4b" outcome="Passed" testListId="8c84fa94-04c1-424b-9868-57a2d4851a1d" relativeResultsDirectory="c7d6b552-2e11-4db4-90e9-519dcf5c0df8">
    </UnitTestResult>
    <UnitTestResult executionId="6171430a-9245-4620-a472-1bd03d8206e0" testId="d9b4351c-7a62-1cab-5792-b4bc31c2d3e2" testName="As0163204" computerName="EDSAC" duration="00:00:00.0007036" startTime="2010-12-04T13:33:52.6358161+00:00" endTime="2010-12-04T13:33:52.6538171+00:00" testType="13cdc9d9-ddb5-4fa4-a97d-d965ccfc6d4b" outcome="Passed" testListId="8c84fa94-04c1-424b-9868-57a2d4851a1d" relativeResultsDirectory="6171430a-9245-4620-a472-1bd03d8206e0">
    </UnitTestResult>
    <UnitTestResult executionId="277a9259-24c2-4256-ba45-1ec5d8bb92a8" testId="db3b4c9b-bf56-f07b-1edd-3db630376de3" testName="IfNotNull47702" computerName="EDSAC" duration="00:00:00.0007918" startTime="2010-12-04T13:33:52.6558172+00:00" endTime="2010-12-04T13:33:52.6718181+00:00" testType="13cdc9d9-ddb5-4fa4-a97d-d965ccfc6d4b" outcome="Passed" testListId="8c84fa94-04c1-424b-9868-57a2d4851a1d" relativeResultsDirectory="277a9259-24c2-4256-ba45-1ec5d8bb92a8">
    </UnitTestResult>
    <UnitTestResult executionId="c2eede97-3393-46fe-b2ec-d45a2f4ef3ab" testId="db3db7d1-baa6-fdfc-5ffe-240de016744d" testName="SubarrayThrowsIndexOutOfRangeException822" computerName="EDSAC" duration="00:00:00.0029555" startTime="2010-12-04T13:33:52.6758184+00:00" endTime="2010-12-04T13:33:52.6958195+00:00" testType="13cdc9d9-ddb5-4fa4-a97d-d965ccfc6d4b" outcome="Failed" testListId="8c84fa94-04c1-424b-9868-57a2d4851a1d" relativeResultsDirectory="c2eede97-3393-46fe-b2ec-d45a2f4ef3ab">
      <Output>
        <ErrorInfo>
          <Message>Test method SharpBag.ExtensionsTest.SubarrayThrowsIndexOutOfRangeException822 threw exception: 
System.IndexOutOfRangeException: Index was outside the bounds of the array.</Message>
          <StackTrace>    at SharpBag.Extensions.Subarray(Int32[,] a, Int32 x1, Int32 y1, Int32 x2, Int32 y2) in C:\Users\SuprDewd\Desktop\Projects\Forritun\SharpBag\SharpBag\Extensions.cs:line 569
   at SharpBag.ExtensionsTest.SubarrayThrowsIndexOutOfRangeException822() in C:\Users\SuprDewd\Desktop\Projects\Forritun\SharpBag\SharpBag.Tests01\ExtensionsTest.Subarray.g.cs:line 100
</StackTrace>
        </ErrorInfo>
      </Output>
    </UnitTestResult>
    <UnitTestResult executionId="653df0fe-efb6-48f9-bec8-dd1f2b5f3019" testId="dc08494a-5655-aecb-96fc-b52817050a2a" testName="As0163212" computerName="EDSAC" duration="00:00:00.0025313" startTime="2010-12-04T13:33:52.7088202+00:00" endTime="2010-12-04T13:33:52.7178208+00:00" testType="13cdc9d9-ddb5-4fa4-a97d-d965ccfc6d4b" outcome="Passed" testListId="8c84fa94-04c1-424b-9868-57a2d4851a1d" relativeResultsDirectory="653df0fe-efb6-48f9-bec8-dd1f2b5f3019">
    </UnitTestResult>
    <UnitTestResult executionId="82ae550c-8940-49e3-a177-62aaee323171" testId="de06015f-869e-46b8-4b51-8c7b049b2b96" testName="As0136701" computerName="EDSAC" duration="00:00:00.0005781" startTime="2010-12-04T13:33:52.7238211+00:00" endTime="2010-12-04T13:33:52.7328216+00:00" testType="13cdc9d9-ddb5-4fa4-a97d-d965ccfc6d4b" outcome="Passed" testListId="8c84fa94-04c1-424b-9868-57a2d4851a1d" relativeResultsDirectory="82ae550c-8940-49e3-a177-62aaee323171">
    </UnitTestResult>
    <UnitTestResult executionId="1fed189c-9b0a-4b58-9d35-77d8cc7b4449" testId="df1617e4-72ba-a37d-c0da-86dff40b4b1a" testName="IterThrowsContractException240" computerName="EDSAC" duration="00:00:00.0006084" startTime="2010-12-04T13:33:52.7358218+00:00" endTime="2010-12-04T13:33:52.7458224+00:00" testType="13cdc9d9-ddb5-4fa4-a97d-d965ccfc6d4b" outcome="Passed" testListId="8c84fa94-04c1-424b-9868-57a2d4851a1d" relativeResultsDirectory="1fed189c-9b0a-4b58-9d35-77d8cc7b4449">
    </UnitTestResult>
    <UnitTestResult executionId="07f536ce-b820-40ed-babe-a4ad43db52cf" testId="dfddd698-039d-4cb7-341a-94646b1b9270" testName="As01664" computerName="EDSAC" duration="00:00:00.0006667" startTime="2010-12-04T13:33:52.7488225+00:00" endTime="2010-12-04T13:33:52.7588231+00:00" testType="13cdc9d9-ddb5-4fa4-a97d-d965ccfc6d4b" outcome="Passed" testListId="8c84fa94-04c1-424b-9868-57a2d4851a1d" relativeResultsDirectory="07f536ce-b820-40ed-babe-a4ad43db52cf">
    </UnitTestResult>
    <UnitTestResult executionId="3797693e-bee3-44a4-b009-79223eee6884" testId="e2246d63-e7df-9840-80a9-d83a6ecd6e3c" testName="Random01ThrowsContractException129" computerName="EDSAC" duration="00:00:00.0007293" startTime="2010-12-04T13:33:52.7638234+00:00" endTime="2010-12-04T13:33:52.7718239+00:00" testType="13cdc9d9-ddb5-4fa4-a97d-d965ccfc6d4b" outcome="Passed" testListId="8c84fa94-04c1-424b-9868-57a2d4851a1d" relativeResultsDirectory="3797693e-bee3-44a4-b009-79223eee6884">
    </UnitTestResult>
    <UnitTestResult executionId="81311faf-298d-4013-88f5-6d8777bfe65a" testId="e2ea95fb-c5c4-8579-22e2-2d857f0fee1f" testName="NullOr714" computerName="EDSAC" duration="00:00:00.0004726" startTime="2010-12-04T13:33:52.7758241+00:00" endTime="2010-12-04T13:33:52.7868247+00:00" testType="13cdc9d9-ddb5-4fa4-a97d-d965ccfc6d4b" outcome="Passed" testListId="8c84fa94-04c1-424b-9868-57a2d4851a1d" relativeResultsDirectory="81311faf-298d-4013-88f5-6d8777bfe65a">
    </UnitTestResult>
    <UnitTestResult executionId="217bbead-59bf-46ec-a0ab-fdffbd9e31fb" testId="e37183df-04ce-aa53-28d5-e792188a2202" testName="As0163220" computerName="EDSAC" duration="00:00:00.0003882" startTime="2010-12-04T13:33:52.7888248+00:00" endTime="2010-12-04T13:33:52.7988254+00:00" testType="13cdc9d9-ddb5-4fa4-a97d-d965ccfc6d4b" outcome="Passed" testListId="8c84fa94-04c1-424b-9868-57a2d4851a1d" relativeResultsDirectory="217bbead-59bf-46ec-a0ab-fdffbd9e31fb">
    </UnitTestResult>
    <UnitTestResult executionId="7de4e43d-dada-4420-9fdc-c215cdb546a4" testId="e3e433dc-f656-51bd-faab-b6cc3200c3cc" testName="As0163206" computerName="EDSAC" duration="00:00:00.0006271" startTime="2010-12-04T13:33:52.8028256+00:00" endTime="2010-12-04T13:33:52.8128262+00:00" testType="13cdc9d9-ddb5-4fa4-a97d-d965ccfc6d4b" outcome="Passed" testListId="8c84fa94-04c1-424b-9868-57a2d4851a1d" relativeResultsDirectory="7de4e43d-dada-4420-9fdc-c215cdb546a4">
    </UnitTestResult>
    <UnitTestResult executionId="2e1d24d1-7844-4428-b5b8-709f2dd8f35f" testId="e5363327-44ec-fe0f-2940-3aad6d87acd3" testName="GetByPercentThrowsContractException521" computerName="EDSAC" duration="00:00:00.0005478" startTime="2010-12-04T13:33:52.8148263+00:00" endTime="2010-12-04T13:33:52.8258269+00:00" testType="13cdc9d9-ddb5-4fa4-a97d-d965ccfc6d4b" outcome="Passed" testListId="8c84fa94-04c1-424b-9868-57a2d4851a1d" relativeResultsDirectory="2e1d24d1-7844-4428-b5b8-709f2dd8f35f">
    </UnitTestResult>
    <UnitTestResult executionId="a1cf3b56-96ac-432e-8a9e-dd6ab411d498" testId="e5750d14-09bb-ec70-127b-652a47b7dd9c" testName="As0163214" computerName="EDSAC" duration="00:00:00.0003788" startTime="2010-12-04T13:33:52.8278271+00:00" endTime="2010-12-04T13:33:52.8398277+00:00" testType="13cdc9d9-ddb5-4fa4-a97d-d965ccfc6d4b" outcome="Passed" testListId="8c84fa94-04c1-424b-9868-57a2d4851a1d" relativeResultsDirectory="a1cf3b56-96ac-432e-8a9e-dd6ab411d498">
    </UnitTestResult>
    <UnitTestResult executionId="85b7caad-07cb-4f88-971f-2600f399357d" testId="e860bbd5-6ce1-07c3-fd03-d14cbeda5d8f" testName="Fill57101" computerName="EDSAC" duration="00:00:00.0002622" startTime="2010-12-04T13:33:52.8418279+00:00" endTime="2010-12-04T13:33:52.8528285+00:00" testType="13cdc9d9-ddb5-4fa4-a97d-d965ccfc6d4b" outcome="Passed" testListId="8c84fa94-04c1-424b-9868-57a2d4851a1d" relativeResultsDirectory="85b7caad-07cb-4f88-971f-2600f399357d">
    </UnitTestResult>
    <UnitTestResult executionId="192205ce-4802-42a9-8ae0-99904ee1cab1" testId="e966bfbe-0422-eb75-f093-b800f9c629b7" testName="As0163217" computerName="EDSAC" duration="00:00:00.0004064" startTime="2010-12-04T13:33:52.8568287+00:00" endTime="2010-12-04T13:33:52.8648292+00:00" testType="13cdc9d9-ddb5-4fa4-a97d-d965ccfc6d4b" outcome="Passed" testListId="8c84fa94-04c1-424b-9868-57a2d4851a1d" relativeResultsDirectory="192205ce-4802-42a9-8ae0-99904ee1cab1">
    </UnitTestResult>
    <UnitTestResult executionId="38da5838-f5d8-4432-bb41-ae99003e2cab" testId="ea12baf4-c62d-b0ca-b8ec-0dd742c09890" testName="As21501" computerName="EDSAC" duration="00:00:00.0004955" startTime="2010-12-04T13:33:52.8678293+00:00" endTime="2010-12-04T13:33:52.8798300+00:00" testType="13cdc9d9-ddb5-4fa4-a97d-d965ccfc6d4b" outcome="Passed" testListId="8c84fa94-04c1-424b-9868-57a2d4851a1d" relativeResultsDirectory="38da5838-f5d8-4432-bb41-ae99003e2cab">
    </UnitTestResult>
    <UnitTestResult executionId="c95e1086-91e5-41e9-895f-963682a6cf8e" testId="ec491029-dab5-3481-ec80-f35631103905" testName="As01321" computerName="EDSAC" duration="00:00:00.0003826" startTime="2010-12-04T13:33:52.8818301+00:00" endTime="2010-12-04T13:33:52.8918307+00:00" testType="13cdc9d9-ddb5-4fa4-a97d-d965ccfc6d4b" outcome="Passed" testListId="8c84fa94-04c1-424b-9868-57a2d4851a1d" relativeResultsDirectory="c95e1086-91e5-41e9-895f-963682a6cf8e">
    </UnitTestResult>
    <UnitTestResult executionId="112baddc-7f3c-4ad4-892e-0bf8465e1ec1" testId="ec55615d-1e36-c752-f2bf-b20284d0ae33" testName="As0163223" computerName="EDSAC" duration="00:00:00.0006299" startTime="2010-12-04T13:33:52.8958309+00:00" endTime="2010-12-04T13:33:52.9028313+00:00" testType="13cdc9d9-ddb5-4fa4-a97d-d965ccfc6d4b" outcome="Passed" testListId="8c84fa94-04c1-424b-9868-57a2d4851a1d" relativeResultsDirectory="112baddc-7f3c-4ad4-892e-0bf8465e1ec1">
    </UnitTestResult>
    <UnitTestResult executionId="e0ac224e-073e-4f83-8190-db7a3087760b" testId="ec99d1a9-4b49-a94f-134c-f58d11b57222" testName="AsEnumerable56002" computerName="EDSAC" duration="00:00:00.0004138" startTime="2010-12-04T13:33:52.9068316+00:00" endTime="2010-12-04T13:33:52.9148320+00:00" testType="13cdc9d9-ddb5-4fa4-a97d-d965ccfc6d4b" outcome="Passed" testListId="8c84fa94-04c1-424b-9868-57a2d4851a1d" relativeResultsDirectory="e0ac224e-073e-4f83-8190-db7a3087760b">
    </UnitTestResult>
    <UnitTestResult executionId="fc713417-991d-403a-9c45-741e6d3b7724" testId="ee7a26ae-f08b-c1d5-713f-d21139c592b9" testName="As0163216" computerName="EDSAC" duration="00:00:00.0004572" startTime="2010-12-04T13:33:52.9178322+00:00" endTime="2010-12-04T13:33:52.9268327+00:00" testType="13cdc9d9-ddb5-4fa4-a97d-d965ccfc6d4b" outcome="Passed" testListId="8c84fa94-04c1-424b-9868-57a2d4851a1d" relativeResultsDirectory="fc713417-991d-403a-9c45-741e6d3b7724">
    </UnitTestResult>
    <UnitTestResult executionId="7f09699c-a446-4782-abda-17dbb0a75063" testId="eefb4a77-f949-d31d-7f54-d15f680d1a44" testName="SubarrayThrowsIndexOutOfRangeException217" computerName="EDSAC" duration="00:00:00.0044211" startTime="2010-12-04T13:33:52.9298329+00:00" endTime="2010-12-04T13:33:52.9408335+00:00" testType="13cdc9d9-ddb5-4fa4-a97d-d965ccfc6d4b" outcome="Failed" testListId="8c84fa94-04c1-424b-9868-57a2d4851a1d" relativeResultsDirectory="7f09699c-a446-4782-abda-17dbb0a75063">
      <Output>
        <ErrorInfo>
          <Message>Test method SharpBag.ExtensionsTest.SubarrayThrowsIndexOutOfRangeException217 threw exception: 
System.IndexOutOfRangeException: Index was outside the bounds of the array.</Message>
          <StackTrace>    at SharpBag.Extensions.Subarray(Int32[,] a, Int32 x1, Int32 y1, Int32 x2, Int32 y2) in C:\Users\SuprDewd\Desktop\Projects\Forritun\SharpBag\SharpBag\Extensions.cs:line 569
   at SharpBag.ExtensionsTest.SubarrayThrowsIndexOutOfRangeException217() in C:\Users\SuprDewd\Desktop\Projects\Forritun\SharpBag\SharpBag.Tests01\ExtensionsTest.Subarray.g.cs:line 111
</StackTrace>
        </ErrorInfo>
      </Output>
    </UnitTestResult>
    <UnitTestResult executionId="3afff157-97b0-4463-8e6c-ad4f1926e6c6" testId="f20d04ec-6bdf-2adb-3ea0-dea4791f58d1" testName="AsEnumerable01283" computerName="EDSAC" duration="00:00:00.0041962" startTime="2010-12-04T13:33:52.9448337+00:00" endTime="2010-12-04T13:33:52.9568344+00:00" testType="13cdc9d9-ddb5-4fa4-a97d-d965ccfc6d4b" outcome="Passed" testListId="8c84fa94-04c1-424b-9868-57a2d4851a1d" relativeResultsDirectory="3afff157-97b0-4463-8e6c-ad4f1926e6c6">
    </UnitTestResult>
    <UnitTestResult executionId="b303ca4b-7204-486d-b39c-18575c8ed806" testId="f342f959-584b-70f7-fc12-f7e45c365653" testName="AsEnumerable0314802" computerName="EDSAC" duration="00:00:00.0004974" startTime="2010-12-04T13:33:52.9598346+00:00" endTime="2010-12-04T13:33:52.9678351+00:00" testType="13cdc9d9-ddb5-4fa4-a97d-d965ccfc6d4b" outcome="Passed" testListId="8c84fa94-04c1-424b-9868-57a2d4851a1d" relativeResultsDirectory="b303ca4b-7204-486d-b39c-18575c8ed806">
    </UnitTestResult>
    <UnitTestResult executionId="8fb65253-8792-4d9f-81a6-8e0c92a007f1" testId="f4332708-2d9b-652b-a920-66192f9cdfaf" testName="As0132101" computerName="EDSAC" duration="00:00:00.0003989" startTime="2010-12-04T13:33:52.9718353+00:00" endTime="2010-12-04T13:33:52.9828359+00:00" testType="13cdc9d9-ddb5-4fa4-a97d-d965ccfc6d4b" outcome="Passed" testListId="8c84fa94-04c1-424b-9868-57a2d4851a1d" relativeResultsDirectory="8fb65253-8792-4d9f-81a6-8e0c92a007f1">
    </UnitTestResult>
    <UnitTestResult executionId="b2e2fa1a-662a-4057-b01b-88d04f7c7eaa" testId="f4f76af5-0d54-7bf8-8ba4-b32803d7a374" testName="As21508" computerName="EDSAC" duration="00:00:00.0010918" startTime="2010-12-04T13:33:52.9858361+00:00" endTime="2010-12-04T13:33:52.9948366+00:00" testType="13cdc9d9-ddb5-4fa4-a97d-d965ccfc6d4b" outcome="Passed" testListId="8c84fa94-04c1-424b-9868-57a2d4851a1d" relativeResultsDirectory="b2e2fa1a-662a-4057-b01b-88d04f7c7eaa">
    </UnitTestResult>
    <UnitTestResult executionId="4e3dc5c8-5c97-4a56-9b6e-afccb314aea8" testId="f4fcc51c-8f8e-7431-03c1-95529343e3ab" testName="As0163201" computerName="EDSAC" duration="00:00:00.0003956" startTime="2010-12-04T13:33:52.9978368+00:00" endTime="2010-12-04T13:33:53.0058372+00:00" testType="13cdc9d9-ddb5-4fa4-a97d-d965ccfc6d4b" outcome="Passed" testListId="8c84fa94-04c1-424b-9868-57a2d4851a1d" relativeResultsDirectory="4e3dc5c8-5c97-4a56-9b6e-afccb314aea8">
    </UnitTestResult>
    <UnitTestResult executionId="01f1419f-a1b8-461e-8d7a-5db2a39acad5" testId="f50339b2-56a6-fab9-1b43-e437b5e0a59d" testName="As01983" computerName="EDSAC" duration="00:00:00.0006873" startTime="2010-12-04T13:33:53.0098375+00:00" endTime="2010-12-04T13:33:53.0178379+00:00" testType="13cdc9d9-ddb5-4fa4-a97d-d965ccfc6d4b" outcome="Passed" testListId="8c84fa94-04c1-424b-9868-57a2d4851a1d" relativeResultsDirectory="01f1419f-a1b8-461e-8d7a-5db2a39acad5">
    </UnitTestResult>
    <UnitTestResult executionId="866efef8-a8b0-4670-be86-5aad33d1ad5a" testId="f51de229-4761-6e36-e9f5-2ae1d5b346f0" testName="ForEach90801" computerName="EDSAC" duration="00:00:00.0003924" startTime="2010-12-04T13:33:53.0228382+00:00" endTime="2010-12-04T13:33:53.0298386+00:00" testType="13cdc9d9-ddb5-4fa4-a97d-d965ccfc6d4b" outcome="Passed" testListId="8c84fa94-04c1-424b-9868-57a2d4851a1d" relativeResultsDirectory="866efef8-a8b0-4670-be86-5aad33d1ad5a">
    </UnitTestResult>
    <UnitTestResult executionId="a8188ff8-d41d-447d-b25a-50770ee460fd" testId="f52b3d24-c27c-4731-8c5e-a7c40c1103b0" testName="ToThrowsContractException710" computerName="EDSAC" duration="00:00:00.0021114" startTime="2010-12-04T13:33:53.0328388+00:00" endTime="2010-12-04T13:33:53.0418393+00:00" testType="13cdc9d9-ddb5-4fa4-a97d-d965ccfc6d4b" outcome="Passed" testListId="8c84fa94-04c1-424b-9868-57a2d4851a1d" relativeResultsDirectory="a8188ff8-d41d-447d-b25a-50770ee460fd">
    </UnitTestResult>
    <UnitTestResult executionId="57b37be4-5f3f-48ea-8913-bfd0e1f7500a" testId="f5f02455-4aef-8763-5044-dc094bc64ba2" testName="ForEach12502" computerName="EDSAC" duration="00:00:00.0003788" startTime="2010-12-04T13:33:53.0478396+00:00" endTime="2010-12-04T13:33:53.0548400+00:00" testType="13cdc9d9-ddb5-4fa4-a97d-d965ccfc6d4b" outcome="Passed" testListId="8c84fa94-04c1-424b-9868-57a2d4851a1d" relativeResultsDirectory="57b37be4-5f3f-48ea-8913-bfd0e1f7500a">
    </UnitTestResult>
    <UnitTestResult executionId="3245d5cb-da48-4bf4-a86b-1cf14cbbe976" testId="f685a220-cae8-50b0-d543-46e310017a33" testName="As01632" computerName="EDSAC" duration="00:00:00.0003854" startTime="2010-12-04T13:33:53.0608404+00:00" endTime="2010-12-04T13:33:53.0678408+00:00" testType="13cdc9d9-ddb5-4fa4-a97d-d965ccfc6d4b" outcome="Passed" testListId="8c84fa94-04c1-424b-9868-57a2d4851a1d" relativeResultsDirectory="3245d5cb-da48-4bf4-a86b-1cf14cbbe976">
    </UnitTestResult>
    <UnitTestResult executionId="c3d66900-e19a-4356-90d4-35d201b02a1d" testId="f75fa8c7-8563-f254-ccbd-c82531d39c32" testName="TakeEvery573" computerName="EDSAC" duration="00:00:00.0006037" startTime="2010-12-04T13:33:53.0708410+00:00" endTime="2010-12-04T13:33:53.0798415+00:00" testType="13cdc9d9-ddb5-4fa4-a97d-d965ccfc6d4b" outcome="Passed" testListId="8c84fa94-04c1-424b-9868-57a2d4851a1d" relativeResultsDirectory="c3d66900-e19a-4356-90d4-35d201b02a1d">
    </UnitTestResult>
    <UnitTestResult executionId="4e80a1a3-6946-4926-bc82-d0d28edc50e2" testId="f791b1fc-7ecf-06ad-9b72-838a0f1da804" testName="As0136702" computerName="EDSAC" duration="00:00:00.0006061" startTime="2010-12-04T13:33:53.0848418+00:00" endTime="2010-12-04T13:33:53.0918422+00:00" testType="13cdc9d9-ddb5-4fa4-a97d-d965ccfc6d4b" outcome="Passed" testListId="8c84fa94-04c1-424b-9868-57a2d4851a1d" relativeResultsDirectory="4e80a1a3-6946-4926-bc82-d0d28edc50e2">
    </UnitTestResult>
    <UnitTestResult executionId="40988544-b0eb-494c-b1c7-d4c010660a40" testId="f96aeaaa-982a-50fe-9819-4fadbbdc5555" testName="IfNotNull0159701" computerName="EDSAC" duration="00:00:00.0003256" startTime="2010-12-04T13:33:53.0968424+00:00" endTime="2010-12-04T13:33:53.1058430+00:00" testType="13cdc9d9-ddb5-4fa4-a97d-d965ccfc6d4b" outcome="Passed" testListId="8c84fa94-04c1-424b-9868-57a2d4851a1d" relativeResultsDirectory="40988544-b0eb-494c-b1c7-d4c010660a40">
    </UnitTestResult>
    <UnitTestResult executionId="97bd534d-6e78-47e5-abc7-afa63080f27f" testId="fb6423e0-5921-8d06-caf6-13f5b7daee22" testName="NullOrThrowsContractException657" computerName="EDSAC" duration="00:00:00.0006243" startTime="2010-12-04T13:33:53.1108432+00:00" endTime="2010-12-04T13:33:53.1178436+00:00" testType="13cdc9d9-ddb5-4fa4-a97d-d965ccfc6d4b" outcome="Passed" testListId="8c84fa94-04c1-424b-9868-57a2d4851a1d" relativeResultsDirectory="97bd534d-6e78-47e5-abc7-afa63080f27f">
    </UnitTestResult>
    <UnitTestResult executionId="06d9a80d-168c-4b80-9e28-8c055c08e8b4" testId="fc92c33d-a24e-4715-be4e-9ee45be3958a" testName="IfNotNull477" computerName="EDSAC" duration="00:00:00.0004008" startTime="2010-12-04T13:33:53.1208438+00:00" endTime="2010-12-04T13:33:53.1298443+00:00" testType="13cdc9d9-ddb5-4fa4-a97d-d965ccfc6d4b" outcome="Passed" testListId="8c84fa94-04c1-424b-9868-57a2d4851a1d" relativeResultsDirectory="06d9a80d-168c-4b80-9e28-8c055c08e8b4">
    </UnitTestResult>
    <UnitTestResult executionId="1438a6a3-0833-49b3-a739-7c652a79005b" testId="fd09b993-a9b4-e74b-ac25-fcabec687112" testName="Execute93301" computerName="EDSAC" duration="00:00:00.0021790" startTime="2010-12-04T13:33:53.1318444+00:00" endTime="2010-12-04T13:33:53.1428451+00:00" testType="13cdc9d9-ddb5-4fa4-a97d-d965ccfc6d4b" outcome="Passed" testListId="8c84fa94-04c1-424b-9868-57a2d4851a1d" relativeResultsDirectory="1438a6a3-0833-49b3-a739-7c652a79005b">
    </UnitTestResult>
    <UnitTestResult executionId="d41de12c-7f01-4284-93e1-031d821cca44" testId="fdb30fba-8b60-1947-0542-91aaf4661bb9" testName="IterThrowsContractException86" computerName="EDSAC" duration="00:00:00.0006420" startTime="2010-12-04T13:33:53.1458452+00:00" endTime="2010-12-04T13:33:53.1548458+00:00" testType="13cdc9d9-ddb5-4fa4-a97d-d965ccfc6d4b" outcome="Passed" testListId="8c84fa94-04c1-424b-9868-57a2d4851a1d" relativeResultsDirectory="d41de12c-7f01-4284-93e1-031d821cca44">
    </UnitTestResult>
    <UnitTestResult executionId="84097312-29e6-48e0-ac45-bc7e797f89c2" testId="fdc6582f-0eab-5f36-d160-7547a6de5dbb" testName="IfNotNull17301" computerName="EDSAC" duration="00:00:00.0009938" startTime="2010-12-04T13:33:53.1588460+00:00" endTime="2010-12-04T13:33:53.1668464+00:00" testType="13cdc9d9-ddb5-4fa4-a97d-d965ccfc6d4b" outcome="Passed" testListId="8c84fa94-04c1-424b-9868-57a2d4851a1d" relativeResultsDirectory="84097312-29e6-48e0-ac45-bc7e797f89c2">
    </UnitTestResult>
    <UnitTestResult executionId="78981a91-0550-43e2-a0e1-a0167e7fe932" testId="febe8afb-7bc1-3f13-831b-73b163a8c327" testName="As0132105" computerName="EDSAC" duration="00:00:00.0022658" startTime="2010-12-04T13:33:53.1688466+00:00" endTime="2010-12-04T13:33:53.1778471+00:00" testType="13cdc9d9-ddb5-4fa4-a97d-d965ccfc6d4b" outcome="Passed" testListId="8c84fa94-04c1-424b-9868-57a2d4851a1d" relativeResultsDirectory="78981a91-0550-43e2-a0e1-a0167e7fe932">
    </UnitTestResult>
  </Results>
</TestRun>