<?xml version="1.0" encoding="UTF-8"?>
<TestRun id="6c39e192-f047-4c2b-a283-db67eaf9f12c" name="SuprDewd@MINIAC 2011-01-06 10:30:34" runUser="Miniac\SuprDewd" xmlns="http://microsoft.com/schemas/VisualStudio/TeamTest/2010">
  <TestSettings name="Local" id="4c59a5fa-d837-49f8-8b62-15cf0be0742f">
    <Description>These are default test settings for a local test run.</Description>
    <Deployment enabled="false" runDeploymentRoot="SuprDewd_MINIAC 2011-01-06 10_30_34">
      <DeploymentItem filename="C:\Users\SuprDewd\Documents\Projects\SharpBag\SharpBag.Tests\bin\Release\mysql.data.dll" />
      <DeploymentItem filename="C:\Users\SuprDewd\Documents\Projects\SharpBag\SharpBag.Tests\MolesAssemblies\SharpBag.Moles.dll" />
      <DeploymentItem filename="C:\Users\SuprDewd\Documents\Projects\SharpBag\SharpBag\bin\Release\SharpBag.dll" />
    </Deployment>
    <Execution>
      <TestTypeSpecific />
      <AgentRule name="Execution Agents">
      </AgentRule>
    </Execution>
  </TestSettings>
  <Times creation="2011-01-06T10:30:34.6656700+00:00" queuing="2011-01-06T10:30:34.8636813+00:00" start="2011-01-06T10:30:35.1576981+00:00" finish="2011-01-06T10:30:47.8854015+00:00" />
  <ResultSummary outcome="Completed">
    <Counters total="420" executed="420" passed="420" error="0" failed="0" timeout="0" aborted="0" inconclusive="0" passedButRunAborted="0" notRunnable="0" notExecuted="0" disconnected="0" warning="0" completed="0" inProgress="0" pending="0" />
  </ResultSummary>
  <TestDefinitions>
    <UnitTest name="IfNotNull0192303" storage="c:\users\suprdewd\documents\projects\sharpbag\sharpbag.tests\bin\release\sharpbag.tests.dll" id="71a360e3-d81d-a30a-382f-721ef096f5b1">
      <Execution id="0d7c0d78-d333-41ad-8397-2e1a74867590" />
      <TestMethod codeBase="C:/Users/SuprDewd/Documents/Projects/SharpBag/SharpBag.Tests/bin/Release/SharpBag.Tests.DLL" adapterTypeName="Microsoft.VisualStudio.TestTools.TestTypes.Unit.UnitTestAdapter, Microsoft.VisualStudio.QualityTools.Tips.UnitTest.Adapter, Version=10.0.0.0, Culture=neutral, PublicKeyToken=b03f5f7f11d50a3a" className="SharpBag.ExtensionsTest, SharpBag.Tests, Version=0.0.0.0, Culture=neutral, PublicKeyToken=null" name="IfNotNull0192303" />
    </UnitTest>
    <UnitTest name="NullOr90702" storage="c:\users\suprdewd\documents\projects\sharpbag\sharpbag.tests\bin\release\sharpbag.tests.dll" id="8f214c0c-af12-b9fb-ae32-e2f0e522a10f">
      <Execution id="df240c0a-4203-4c6f-94d2-5604edef2893" />
      <TestMethod codeBase="C:/Users/SuprDewd/Documents/Projects/SharpBag/SharpBag.Tests/bin/Release/SharpBag.Tests.DLL" adapterTypeName="Microsoft.VisualStudio.TestTools.TestTypes.Unit.UnitTestAdapter, Microsoft.VisualStudio.QualityTools.Tips.UnitTest.Adapter, Version=10.0.0.0, Culture=neutral, PublicKeyToken=b03f5f7f11d50a3a" className="SharpBag.ExtensionsTest, SharpBag.Tests, Version=0.0.0.0, Culture=neutral, PublicKeyToken=null" name="NullOr90702" />
    </UnitTest>
    <UnitTest name="As0198302" storage="c:\users\suprdewd\documents\projects\sharpbag\sharpbag.tests\bin\release\sharpbag.tests.dll" id="31751606-0e00-3ddd-298e-e7c2d6c445a2">
      <Execution id="1f05e41b-8df4-4560-8731-0c433a1ecd34" />
      <TestMethod codeBase="C:/Users/SuprDewd/Documents/Projects/SharpBag/SharpBag.Tests/bin/Release/SharpBag.Tests.DLL" adapterTypeName="Microsoft.VisualStudio.TestTools.TestTypes.Unit.UnitTestAdapter, Microsoft.VisualStudio.QualityTools.Tips.UnitTest.Adapter, Version=10.0.0.0, Culture=neutral, PublicKeyToken=b03f5f7f11d50a3a" className="SharpBag.ExtensionsTest, SharpBag.Tests, Version=0.0.0.0, Culture=neutral, PublicKeyToken=null" name="As0198302" />
    </UnitTest>
    <UnitTest name="Fill68801" storage="c:\users\suprdewd\documents\projects\sharpbag\sharpbag.tests\bin\release\sharpbag.tests.dll" id="236dd585-9363-168d-3729-7ab007ad8692">
      <Execution id="b2a91958-67de-49a1-ab33-b1603eb55c6d" />
      <TestMethod codeBase="C:/Users/SuprDewd/Documents/Projects/SharpBag/SharpBag.Tests/bin/Release/SharpBag.Tests.DLL" adapterTypeName="Microsoft.VisualStudio.TestTools.TestTypes.Unit.UnitTestAdapter, Microsoft.VisualStudio.QualityTools.Tips.UnitTest.Adapter, Version=10.0.0.0, Culture=neutral, PublicKeyToken=b03f5f7f11d50a3a" className="SharpBag.ExtensionsTest, SharpBag.Tests, Version=0.0.0.0, Culture=neutral, PublicKeyToken=null" name="Fill68801" />
    </UnitTest>
    <UnitTest name="As0163207" storage="c:\users\suprdewd\documents\projects\sharpbag\sharpbag.tests\bin\release\sharpbag.tests.dll" id="3a633eaa-632f-f936-1d35-4e407b494884">
      <Execution id="65bfbebd-7d14-4ca4-99ab-2f8930e80e41" />
      <TestMethod codeBase="C:/Users/SuprDewd/Documents/Projects/SharpBag/SharpBag.Tests/bin/Release/SharpBag.Tests.DLL" adapterTypeName="Microsoft.VisualStudio.TestTools.TestTypes.Unit.UnitTestAdapter, Microsoft.VisualStudio.QualityTools.Tips.UnitTest.Adapter, Version=10.0.0.0, Culture=neutral, PublicKeyToken=b03f5f7f11d50a3a" className="SharpBag.ExtensionsTest, SharpBag.Tests, Version=0.0.0.0, Culture=neutral, PublicKeyToken=null" name="As0163207" />
    </UnitTest>
    <UnitTest name="As0166003" storage="c:\users\suprdewd\documents\projects\sharpbag\sharpbag.tests\bin\release\sharpbag.tests.dll" id="2c678190-6575-f47a-afde-b3eb80b1856c">
      <Execution id="8783e931-6e6f-43cc-ae92-e59d9cc28af2" />
      <TestMethod codeBase="C:/Users/SuprDewd/Documents/Projects/SharpBag/SharpBag.Tests/bin/Release/SharpBag.Tests.DLL" adapterTypeName="Microsoft.VisualStudio.TestTools.TestTypes.Unit.UnitTestAdapter, Microsoft.VisualStudio.QualityTools.Tips.UnitTest.Adapter, Version=10.0.0.0, Culture=neutral, PublicKeyToken=b03f5f7f11d50a3a" className="SharpBag.ExtensionsTest, SharpBag.Tests, Version=0.0.0.0, Culture=neutral, PublicKeyToken=null" name="As0166003" />
    </UnitTest>
    <UnitTest name="EmptyIfNull122" storage="c:\users\suprdewd\documents\projects\sharpbag\sharpbag.tests\bin\release\sharpbag.tests.dll" id="3902168e-77cb-c1b4-c44f-4336ab3b86bd">
      <Execution id="fa808757-b6df-4941-a00a-c3faef9ca50b" />
      <TestMethod codeBase="C:/Users/SuprDewd/Documents/Projects/SharpBag/SharpBag.Tests/bin/Release/SharpBag.Tests.DLL" adapterTypeName="Microsoft.VisualStudio.TestTools.TestTypes.Unit.UnitTestAdapter, Microsoft.VisualStudio.QualityTools.Tips.UnitTest.Adapter, Version=10.0.0.0, Culture=neutral, PublicKeyToken=b03f5f7f11d50a3a" className="SharpBag.ExtensionsTest, SharpBag.Tests, Version=0.0.0.0, Culture=neutral, PublicKeyToken=null" name="EmptyIfNull122" />
    </UnitTest>
    <UnitTest name="AsEnumerable0258803" storage="c:\users\suprdewd\documents\projects\sharpbag\sharpbag.tests\bin\release\sharpbag.tests.dll" id="4f308a7f-5339-1197-c196-e8c2a3294cdb">
      <Execution id="6a756ff1-e326-48b3-a286-684e342b3427" />
      <TestMethod codeBase="C:/Users/SuprDewd/Documents/Projects/SharpBag/SharpBag.Tests/bin/Release/SharpBag.Tests.DLL" adapterTypeName="Microsoft.VisualStudio.TestTools.TestTypes.Unit.UnitTestAdapter, Microsoft.VisualStudio.QualityTools.Tips.UnitTest.Adapter, Version=10.0.0.0, Culture=neutral, PublicKeyToken=b03f5f7f11d50a3a" className="SharpBag.ExtensionsTest, SharpBag.Tests, Version=0.0.0.0, Culture=neutral, PublicKeyToken=null" name="AsEnumerable0258803" />
    </UnitTest>
    <UnitTest name="Random01ThrowsContractException508" storage="c:\users\suprdewd\documents\projects\sharpbag\sharpbag.tests\bin\release\sharpbag.tests.dll" id="028f28fd-be8d-20f6-580d-7908e85c567f">
      <Execution id="87274f97-eb0d-44f3-b7d0-da9b266a314d" />
      <TestMethod codeBase="C:/Users/SuprDewd/Documents/Projects/SharpBag/SharpBag.Tests/bin/Release/SharpBag.Tests.DLL" adapterTypeName="Microsoft.VisualStudio.TestTools.TestTypes.Unit.UnitTestAdapter, Microsoft.VisualStudio.QualityTools.Tips.UnitTest.Adapter, Version=10.0.0.0, Culture=neutral, PublicKeyToken=b03f5f7f11d50a3a" className="SharpBag.ExtensionsTest, SharpBag.Tests, Version=0.0.0.0, Culture=neutral, PublicKeyToken=null" name="Random01ThrowsContractException508" />
    </UnitTest>
    <UnitTest name="As0136701" storage="c:\users\suprdewd\documents\projects\sharpbag\sharpbag.tests\bin\release\sharpbag.tests.dll" id="de06015f-869e-46b8-4b51-8c7b049b2b96">
      <Execution id="9708487b-6e79-4e7e-8034-24463fc04b81" />
      <TestMethod codeBase="C:/Users/SuprDewd/Documents/Projects/SharpBag/SharpBag.Tests/bin/Release/SharpBag.Tests.DLL" adapterTypeName="Microsoft.VisualStudio.TestTools.TestTypes.Unit.UnitTestAdapter, Microsoft.VisualStudio.QualityTools.Tips.UnitTest.Adapter, Version=10.0.0.0, Culture=neutral, PublicKeyToken=b03f5f7f11d50a3a" className="SharpBag.ExtensionsTest, SharpBag.Tests, Version=0.0.0.0, Culture=neutral, PublicKeyToken=null" name="As0136701" />
    </UnitTest>
    <UnitTest name="As0132108" storage="c:\users\suprdewd\documents\projects\sharpbag\sharpbag.tests\bin\release\sharpbag.tests.dll" id="e30391ee-1b3b-ee9f-b02c-b47de478c33f">
      <Execution id="e5769fe4-a6f6-4182-a3a6-9fe6a66a5221" />
      <TestMethod codeBase="C:/Users/SuprDewd/Documents/Projects/SharpBag/SharpBag.Tests/bin/Release/SharpBag.Tests.DLL" adapterTypeName="Microsoft.VisualStudio.TestTools.TestTypes.Unit.UnitTestAdapter, Microsoft.VisualStudio.QualityTools.Tips.UnitTest.Adapter, Version=10.0.0.0, Culture=neutral, PublicKeyToken=b03f5f7f11d50a3a" className="SharpBag.ExtensionsTest, SharpBag.Tests, Version=0.0.0.0, Culture=neutral, PublicKeyToken=null" name="As0132108" />
    </UnitTest>
    <UnitTest name="As01632" storage="c:\users\suprdewd\documents\projects\sharpbag\sharpbag.tests\bin\release\sharpbag.tests.dll" id="f685a220-cae8-50b0-d543-46e310017a33">
      <Execution id="9cf4f15a-448d-4c41-b664-16cd964d995d" />
      <TestMethod codeBase="C:/Users/SuprDewd/Documents/Projects/SharpBag/SharpBag.Tests/bin/Release/SharpBag.Tests.DLL" adapterTypeName="Microsoft.VisualStudio.TestTools.TestTypes.Unit.UnitTestAdapter, Microsoft.VisualStudio.QualityTools.Tips.UnitTest.Adapter, Version=10.0.0.0, Culture=neutral, PublicKeyToken=b03f5f7f11d50a3a" className="SharpBag.ExtensionsTest, SharpBag.Tests, Version=0.0.0.0, Culture=neutral, PublicKeyToken=null" name="As01632" />
    </UnitTest>
    <UnitTest name="IfNotNull0159703" storage="c:\users\suprdewd\documents\projects\sharpbag\sharpbag.tests\bin\release\sharpbag.tests.dll" id="0e44207d-1ccf-04c5-6aef-2081653ff131">
      <Execution id="792fadea-7778-406e-8b95-60fd86297e1f" />
      <TestMethod codeBase="C:/Users/SuprDewd/Documents/Projects/SharpBag/SharpBag.Tests/bin/Release/SharpBag.Tests.DLL" adapterTypeName="Microsoft.VisualStudio.TestTools.TestTypes.Unit.UnitTestAdapter, Microsoft.VisualStudio.QualityTools.Tips.UnitTest.Adapter, Version=10.0.0.0, Culture=neutral, PublicKeyToken=b03f5f7f11d50a3a" className="SharpBag.ExtensionsTest, SharpBag.Tests, Version=0.0.0.0, Culture=neutral, PublicKeyToken=null" name="IfNotNull0159703" />
    </UnitTest>
    <UnitTest name="CollatzCount735" storage="c:\users\suprdewd\documents\projects\sharpbag\sharpbag.tests\bin\release\sharpbag.tests.dll" id="76549838-3cd5-8196-8fe5-c215d6bd242f">
      <Execution id="b2dec25b-90a9-4632-993f-dd155044187a" />
      <TestMethod codeBase="C:/Users/SuprDewd/Documents/Projects/SharpBag/SharpBag.Tests/bin/Release/SharpBag.Tests.DLL" adapterTypeName="Microsoft.VisualStudio.TestTools.TestTypes.Unit.UnitTestAdapter, Microsoft.VisualStudio.QualityTools.Tips.UnitTest.Adapter, Version=10.0.0.0, Culture=neutral, PublicKeyToken=b03f5f7f11d50a3a" className="SharpBag.Math.MathExtensionsTest, SharpBag.Tests, Version=0.0.0.0, Culture=neutral, PublicKeyToken=null" name="CollatzCount735" />
    </UnitTest>
    <UnitTest name="ToBitmapSourceThrowsContractException871" storage="c:\users\suprdewd\documents\projects\sharpbag\sharpbag.tests\bin\release\sharpbag.tests.dll" id="09d5fce9-d98a-1fa1-f446-d10c4751e838">
      <Execution id="28f2c754-a19c-4df4-b49a-404a59d5873c" />
      <TestMethod codeBase="C:/Users/SuprDewd/Documents/Projects/SharpBag/SharpBag.Tests/bin/Release/SharpBag.Tests.DLL" adapterTypeName="Microsoft.VisualStudio.TestTools.TestTypes.Unit.UnitTestAdapter, Microsoft.VisualStudio.QualityTools.Tips.UnitTest.Adapter, Version=10.0.0.0, Culture=neutral, PublicKeyToken=b03f5f7f11d50a3a" className="SharpBag.Media.MediaExtensionsTest, SharpBag.Tests, Version=0.0.0.0, Culture=neutral, PublicKeyToken=null" name="ToBitmapSourceThrowsContractException871" />
    </UnitTest>
    <UnitTest name="IfNotNull0192301" storage="c:\users\suprdewd\documents\projects\sharpbag\sharpbag.tests\bin\release\sharpbag.tests.dll" id="49aa9228-e307-ef3c-566e-386137588923">
      <Execution id="927bd872-29d7-411c-aaee-746881aa6755" />
      <TestMethod codeBase="C:/Users/SuprDewd/Documents/Projects/SharpBag/SharpBag.Tests/bin/Release/SharpBag.Tests.DLL" adapterTypeName="Microsoft.VisualStudio.TestTools.TestTypes.Unit.UnitTestAdapter, Microsoft.VisualStudio.QualityTools.Tips.UnitTest.Adapter, Version=10.0.0.0, Culture=neutral, PublicKeyToken=b03f5f7f11d50a3a" className="SharpBag.ExtensionsTest, SharpBag.Tests, Version=0.0.0.0, Culture=neutral, PublicKeyToken=null" name="IfNotNull0192301" />
    </UnitTest>
    <UnitTest name="NextChar01ThrowsContractException654" storage="c:\users\suprdewd\documents\projects\sharpbag\sharpbag.tests\bin\release\sharpbag.tests.dll" id="9e62e436-d347-f0d4-fadd-560760980b01">
      <Execution id="07f78984-eef3-4463-b557-72266a3471b9" />
      <TestMethod codeBase="C:/Users/SuprDewd/Documents/Projects/SharpBag/SharpBag.Tests/bin/Release/SharpBag.Tests.DLL" adapterTypeName="Microsoft.VisualStudio.TestTools.TestTypes.Unit.UnitTestAdapter, Microsoft.VisualStudio.QualityTools.Tips.UnitTest.Adapter, Version=10.0.0.0, Culture=neutral, PublicKeyToken=b03f5f7f11d50a3a" className="SharpBag.RandomExtensionsTest, SharpBag.Tests, Version=0.0.0.0, Culture=neutral, PublicKeyToken=null" name="NextChar01ThrowsContractException654" />
    </UnitTest>
    <UnitTest name="AsEnumerableThrowsContractException497" storage="c:\users\suprdewd\documents\projects\sharpbag\sharpbag.tests\bin\release\sharpbag.tests.dll" id="dc78d455-e59d-ace7-23e4-df6c3ad29814">
      <Execution id="18878717-0003-4ba9-a6e1-7743f3254478" />
      <TestMethod codeBase="C:/Users/SuprDewd/Documents/Projects/SharpBag/SharpBag.Tests/bin/Release/SharpBag.Tests.DLL" adapterTypeName="Microsoft.VisualStudio.TestTools.TestTypes.Unit.UnitTestAdapter, Microsoft.VisualStudio.QualityTools.Tips.UnitTest.Adapter, Version=10.0.0.0, Culture=neutral, PublicKeyToken=b03f5f7f11d50a3a" className="SharpBag.ExtensionsTest, SharpBag.Tests, Version=0.0.0.0, Culture=neutral, PublicKeyToken=null" name="AsEnumerableThrowsContractException497" />
    </UnitTest>
    <UnitTest name="As0132104" storage="c:\users\suprdewd\documents\projects\sharpbag\sharpbag.tests\bin\release\sharpbag.tests.dll" id="b30e4a1d-f330-da4d-3e81-5c536003275c">
      <Execution id="b1c06e82-4267-4272-b456-a6a1be71bbf9" />
      <TestMethod codeBase="C:/Users/SuprDewd/Documents/Projects/SharpBag/SharpBag.Tests/bin/Release/SharpBag.Tests.DLL" adapterTypeName="Microsoft.VisualStudio.TestTools.TestTypes.Unit.UnitTestAdapter, Microsoft.VisualStudio.QualityTools.Tips.UnitTest.Adapter, Version=10.0.0.0, Culture=neutral, PublicKeyToken=b03f5f7f11d50a3a" className="SharpBag.ExtensionsTest, SharpBag.Tests, Version=0.0.0.0, Culture=neutral, PublicKeyToken=null" name="As0132104" />
    </UnitTest>
    <UnitTest name="IfNotNull0192304" storage="c:\users\suprdewd\documents\projects\sharpbag\sharpbag.tests\bin\release\sharpbag.tests.dll" id="e89c0529-2532-190e-5936-91edd9263fb1">
      <Execution id="6904ae69-e626-415f-8a37-d960b98298c8" />
      <TestMethod codeBase="C:/Users/SuprDewd/Documents/Projects/SharpBag/SharpBag.Tests/bin/Release/SharpBag.Tests.DLL" adapterTypeName="Microsoft.VisualStudio.TestTools.TestTypes.Unit.UnitTestAdapter, Microsoft.VisualStudio.QualityTools.Tips.UnitTest.Adapter, Version=10.0.0.0, Culture=neutral, PublicKeyToken=b03f5f7f11d50a3a" className="SharpBag.ExtensionsTest, SharpBag.Tests, Version=0.0.0.0, Culture=neutral, PublicKeyToken=null" name="IfNotNull0192304" />
    </UnitTest>
    <UnitTest name="As0163215" storage="c:\users\suprdewd\documents\projects\sharpbag\sharpbag.tests\bin\release\sharpbag.tests.dll" id="b70d24a9-e4cc-d879-39c7-bc30de9e70ab">
      <Execution id="47a31827-71bc-43fd-8ec5-99597c4cd62d" />
      <TestMethod codeBase="C:/Users/SuprDewd/Documents/Projects/SharpBag/SharpBag.Tests/bin/Release/SharpBag.Tests.DLL" adapterTypeName="Microsoft.VisualStudio.TestTools.TestTypes.Unit.UnitTestAdapter, Microsoft.VisualStudio.QualityTools.Tips.UnitTest.Adapter, Version=10.0.0.0, Culture=neutral, PublicKeyToken=b03f5f7f11d50a3a" className="SharpBag.ExtensionsTest, SharpBag.Tests, Version=0.0.0.0, Culture=neutral, PublicKeyToken=null" name="As0163215" />
    </UnitTest>
    <UnitTest name="AsEnumerable0258801" storage="c:\users\suprdewd\documents\projects\sharpbag\sharpbag.tests\bin\release\sharpbag.tests.dll" id="b2c4141e-1dfd-f110-5623-435719fb340e">
      <Execution id="80312073-ff00-4088-b4f3-dab9bbfa075d" />
      <TestMethod codeBase="C:/Users/SuprDewd/Documents/Projects/SharpBag/SharpBag.Tests/bin/Release/SharpBag.Tests.DLL" adapterTypeName="Microsoft.VisualStudio.TestTools.TestTypes.Unit.UnitTestAdapter, Microsoft.VisualStudio.QualityTools.Tips.UnitTest.Adapter, Version=10.0.0.0, Culture=neutral, PublicKeyToken=b03f5f7f11d50a3a" className="SharpBag.ExtensionsTest, SharpBag.Tests, Version=0.0.0.0, Culture=neutral, PublicKeyToken=null" name="AsEnumerable0258801" />
    </UnitTest>
    <UnitTest name="Random01ThrowsContractException791" storage="c:\users\suprdewd\documents\projects\sharpbag\sharpbag.tests\bin\release\sharpbag.tests.dll" id="ba4ad856-2aca-f1cb-f1f3-4abe5647b176">
      <Execution id="95b79d70-5f97-4e07-8759-f435903537d8" />
      <TestMethod codeBase="C:/Users/SuprDewd/Documents/Projects/SharpBag/SharpBag.Tests/bin/Release/SharpBag.Tests.DLL" adapterTypeName="Microsoft.VisualStudio.TestTools.TestTypes.Unit.UnitTestAdapter, Microsoft.VisualStudio.QualityTools.Tips.UnitTest.Adapter, Version=10.0.0.0, Culture=neutral, PublicKeyToken=b03f5f7f11d50a3a" className="SharpBag.ExtensionsTest, SharpBag.Tests, Version=0.0.0.0, Culture=neutral, PublicKeyToken=null" name="Random01ThrowsContractException791" />
    </UnitTest>
    <UnitTest name="As0198304" storage="c:\users\suprdewd\documents\projects\sharpbag\sharpbag.tests\bin\release\sharpbag.tests.dll" id="bbc45056-7304-0cf8-18ec-0f56b7abf591">
      <Execution id="91c3ba2f-fe75-421e-a7a9-5f85a3e835fa" />
      <TestMethod codeBase="C:/Users/SuprDewd/Documents/Projects/SharpBag/SharpBag.Tests/bin/Release/SharpBag.Tests.DLL" adapterTypeName="Microsoft.VisualStudio.TestTools.TestTypes.Unit.UnitTestAdapter, Microsoft.VisualStudio.QualityTools.Tips.UnitTest.Adapter, Version=10.0.0.0, Culture=neutral, PublicKeyToken=b03f5f7f11d50a3a" className="SharpBag.ExtensionsTest, SharpBag.Tests, Version=0.0.0.0, Culture=neutral, PublicKeyToken=null" name="As0198304" />
    </UnitTest>
    <UnitTest name="CreateRectangleThrowsContractException295" storage="c:\users\suprdewd\documents\projects\sharpbag\sharpbag.tests\bin\release\sharpbag.tests.dll" id="ba655519-84b5-616e-0933-0bcd320e888d">
      <Execution id="81e1df30-7198-42b0-9d95-5cf02c1a6476" />
      <TestMethod codeBase="C:/Users/SuprDewd/Documents/Projects/SharpBag/SharpBag.Tests/bin/Release/SharpBag.Tests.DLL" adapterTypeName="Microsoft.VisualStudio.TestTools.TestTypes.Unit.UnitTestAdapter, Microsoft.VisualStudio.QualityTools.Tips.UnitTest.Adapter, Version=10.0.0.0, Culture=neutral, PublicKeyToken=b03f5f7f11d50a3a" className="SharpBag.Media.MediaExtensionsTest, SharpBag.Tests, Version=0.0.0.0, Culture=neutral, PublicKeyToken=null" name="CreateRectangleThrowsContractException295" />
    </UnitTest>
    <UnitTest name="As0198303" storage="c:\users\suprdewd\documents\projects\sharpbag\sharpbag.tests\bin\release\sharpbag.tests.dll" id="d56f2fbf-3f3e-cba1-4f8d-7b34cec35b0a">
      <Execution id="d73798e1-73ad-4c24-8ed9-4a0b8e248ee1" />
      <TestMethod codeBase="C:/Users/SuprDewd/Documents/Projects/SharpBag/SharpBag.Tests/bin/Release/SharpBag.Tests.DLL" adapterTypeName="Microsoft.VisualStudio.TestTools.TestTypes.Unit.UnitTestAdapter, Microsoft.VisualStudio.QualityTools.Tips.UnitTest.Adapter, Version=10.0.0.0, Culture=neutral, PublicKeyToken=b03f5f7f11d50a3a" className="SharpBag.ExtensionsTest, SharpBag.Tests, Version=0.0.0.0, Culture=neutral, PublicKeyToken=null" name="As0198303" />
    </UnitTest>
    <UnitTest name="AsEnumerable01283" storage="c:\users\suprdewd\documents\projects\sharpbag\sharpbag.tests\bin\release\sharpbag.tests.dll" id="f20d04ec-6bdf-2adb-3ea0-dea4791f58d1">
      <Execution id="f6379ff0-7a62-4646-96bf-3f3fb4fd810c" />
      <TestMethod codeBase="C:/Users/SuprDewd/Documents/Projects/SharpBag/SharpBag.Tests/bin/Release/SharpBag.Tests.DLL" adapterTypeName="Microsoft.VisualStudio.TestTools.TestTypes.Unit.UnitTestAdapter, Microsoft.VisualStudio.QualityTools.Tips.UnitTest.Adapter, Version=10.0.0.0, Culture=neutral, PublicKeyToken=b03f5f7f11d50a3a" className="SharpBag.ExtensionsTest, SharpBag.Tests, Version=0.0.0.0, Culture=neutral, PublicKeyToken=null" name="AsEnumerable01283" />
    </UnitTest>
    <UnitTest name="With25501" storage="c:\users\suprdewd\documents\projects\sharpbag\sharpbag.tests\bin\release\sharpbag.tests.dll" id="9ed7c416-1a7b-4673-195d-ca2e196d2a2e">
      <Execution id="59c5dde6-7c4b-48dc-9dd3-cb5340c78929" />
      <TestMethod codeBase="C:/Users/SuprDewd/Documents/Projects/SharpBag/SharpBag.Tests/bin/Release/SharpBag.Tests.DLL" adapterTypeName="Microsoft.VisualStudio.TestTools.TestTypes.Unit.UnitTestAdapter, Microsoft.VisualStudio.QualityTools.Tips.UnitTest.Adapter, Version=10.0.0.0, Culture=neutral, PublicKeyToken=b03f5f7f11d50a3a" className="SharpBag.ExtensionsTest, SharpBag.Tests, Version=0.0.0.0, Culture=neutral, PublicKeyToken=null" name="With25501" />
    </UnitTest>
    <UnitTest name="TakeEveryThrowsContractException998" storage="c:\users\suprdewd\documents\projects\sharpbag\sharpbag.tests\bin\release\sharpbag.tests.dll" id="c35eb805-49e5-7d06-b69d-ba684aaa6791">
      <Execution id="b78b86b7-1e44-43b5-8682-0ff5270d8c1f" />
      <TestMethod codeBase="C:/Users/SuprDewd/Documents/Projects/SharpBag/SharpBag.Tests/bin/Release/SharpBag.Tests.DLL" adapterTypeName="Microsoft.VisualStudio.TestTools.TestTypes.Unit.UnitTestAdapter, Microsoft.VisualStudio.QualityTools.Tips.UnitTest.Adapter, Version=10.0.0.0, Culture=neutral, PublicKeyToken=b03f5f7f11d50a3a" className="SharpBag.ExtensionsTest, SharpBag.Tests, Version=0.0.0.0, Culture=neutral, PublicKeyToken=null" name="TakeEveryThrowsContractException998" />
    </UnitTest>
    <UnitTest name="As21501" storage="c:\users\suprdewd\documents\projects\sharpbag\sharpbag.tests\bin\release\sharpbag.tests.dll" id="ea12baf4-c62d-b0ca-b8ec-0dd742c09890">
      <Execution id="4e90dc98-6475-4b12-9471-0273a7346699" />
      <TestMethod codeBase="C:/Users/SuprDewd/Documents/Projects/SharpBag/SharpBag.Tests/bin/Release/SharpBag.Tests.DLL" adapterTypeName="Microsoft.VisualStudio.TestTools.TestTypes.Unit.UnitTestAdapter, Microsoft.VisualStudio.QualityTools.Tips.UnitTest.Adapter, Version=10.0.0.0, Culture=neutral, PublicKeyToken=b03f5f7f11d50a3a" className="SharpBag.ExtensionsTest, SharpBag.Tests, Version=0.0.0.0, Culture=neutral, PublicKeyToken=null" name="As21501" />
    </UnitTest>
    <UnitTest name="RangeThrowsContractException560" storage="c:\users\suprdewd\documents\projects\sharpbag\sharpbag.tests\bin\release\sharpbag.tests.dll" id="22b3bc9e-2d91-4747-086b-d415be2c5776">
      <Execution id="c49c0908-a072-4c4f-a077-a422e003bec1" />
      <TestMethod codeBase="C:/Users/SuprDewd/Documents/Projects/SharpBag/SharpBag.Tests/bin/Release/SharpBag.Tests.DLL" adapterTypeName="Microsoft.VisualStudio.TestTools.TestTypes.Unit.UnitTestAdapter, Microsoft.VisualStudio.QualityTools.Tips.UnitTest.Adapter, Version=10.0.0.0, Culture=neutral, PublicKeyToken=b03f5f7f11d50a3a" className="SharpBag.ExtensionsTest, SharpBag.Tests, Version=0.0.0.0, Culture=neutral, PublicKeyToken=null" name="RangeThrowsContractException560" />
    </UnitTest>
    <UnitTest name="DequeueThrowsContractException38" storage="c:\users\suprdewd\documents\projects\sharpbag\sharpbag.tests\bin\release\sharpbag.tests.dll" id="530e9426-a117-1e44-3c23-eb9bc838bd65">
      <Execution id="781d99fa-964d-4852-ba53-22b639f050d4" />
      <TestMethod codeBase="C:/Users/SuprDewd/Documents/Projects/SharpBag/SharpBag.Tests/bin/Release/SharpBag.Tests.DLL" adapterTypeName="Microsoft.VisualStudio.TestTools.TestTypes.Unit.UnitTestAdapter, Microsoft.VisualStudio.QualityTools.Tips.UnitTest.Adapter, Version=10.0.0.0, Culture=neutral, PublicKeyToken=b03f5f7f11d50a3a" className="SharpBag.Algorithms.PriorityQueueTTest, SharpBag.Tests, Version=0.0.0.0, Culture=neutral, PublicKeyToken=null" name="DequeueThrowsContractException38" />
    </UnitTest>
    <UnitTest name="CreateIEnumerableThrowsContractException485" storage="c:\users\suprdewd\documents\projects\sharpbag\sharpbag.tests\bin\release\sharpbag.tests.dll" id="28805317-a840-3e77-4899-69199b1265d9">
      <Execution id="dd785e0f-35e1-432c-9420-d5e280b618cc" />
      <TestMethod codeBase="C:/Users/SuprDewd/Documents/Projects/SharpBag/SharpBag.Tests/bin/Release/SharpBag.Tests.DLL" adapterTypeName="Microsoft.VisualStudio.TestTools.TestTypes.Unit.UnitTestAdapter, Microsoft.VisualStudio.QualityTools.Tips.UnitTest.Adapter, Version=10.0.0.0, Culture=neutral, PublicKeyToken=b03f5f7f11d50a3a" className="SharpBag.UtilsTest, SharpBag.Tests, Version=0.0.0.0, Culture=neutral, PublicKeyToken=null" name="CreateIEnumerableThrowsContractException485" />
    </UnitTest>
    <UnitTest name="IfNotNull01923" storage="c:\users\suprdewd\documents\projects\sharpbag\sharpbag.tests\bin\release\sharpbag.tests.dll" id="46f11c29-0946-1ee3-1afe-afb72995b905">
      <Execution id="ad7e5647-04bf-46e2-97cc-76e1ae6337c5" />
      <TestMethod codeBase="C:/Users/SuprDewd/Documents/Projects/SharpBag/SharpBag.Tests/bin/Release/SharpBag.Tests.DLL" adapterTypeName="Microsoft.VisualStudio.TestTools.TestTypes.Unit.UnitTestAdapter, Microsoft.VisualStudio.QualityTools.Tips.UnitTest.Adapter, Version=10.0.0.0, Culture=neutral, PublicKeyToken=b03f5f7f11d50a3a" className="SharpBag.ExtensionsTest, SharpBag.Tests, Version=0.0.0.0, Culture=neutral, PublicKeyToken=null" name="IfNotNull01923" />
    </UnitTest>
    <UnitTest name="As0163214" storage="c:\users\suprdewd\documents\projects\sharpbag\sharpbag.tests\bin\release\sharpbag.tests.dll" id="e5750d14-09bb-ec70-127b-652a47b7dd9c">
      <Execution id="e4fe6fb9-3f95-4f81-87d4-cc9c382c205d" />
      <TestMethod codeBase="C:/Users/SuprDewd/Documents/Projects/SharpBag/SharpBag.Tests/bin/Release/SharpBag.Tests.DLL" adapterTypeName="Microsoft.VisualStudio.TestTools.TestTypes.Unit.UnitTestAdapter, Microsoft.VisualStudio.QualityTools.Tips.UnitTest.Adapter, Version=10.0.0.0, Culture=neutral, PublicKeyToken=b03f5f7f11d50a3a" className="SharpBag.ExtensionsTest, SharpBag.Tests, Version=0.0.0.0, Culture=neutral, PublicKeyToken=null" name="As0163214" />
    </UnitTest>
    <UnitTest name="As0163251" storage="c:\users\suprdewd\documents\projects\sharpbag\sharpbag.tests\bin\release\sharpbag.tests.dll" id="95816ce1-0531-2f11-d3d8-9f96ac610bcc">
      <Execution id="f54c151b-d3a8-4b7a-ac29-1740cf602a23" />
      <TestMethod codeBase="C:/Users/SuprDewd/Documents/Projects/SharpBag/SharpBag.Tests/bin/Release/SharpBag.Tests.DLL" adapterTypeName="Microsoft.VisualStudio.TestTools.TestTypes.Unit.UnitTestAdapter, Microsoft.VisualStudio.QualityTools.Tips.UnitTest.Adapter, Version=10.0.0.0, Culture=neutral, PublicKeyToken=b03f5f7f11d50a3a" className="SharpBag.ExtensionsTest, SharpBag.Tests, Version=0.0.0.0, Culture=neutral, PublicKeyToken=null" name="As0163251" />
    </UnitTest>
    <UnitTest name="Fill0168805" storage="c:\users\suprdewd\documents\projects\sharpbag\sharpbag.tests\bin\release\sharpbag.tests.dll" id="61a82769-7381-8ac4-d5a7-8e88dfdda588">
      <Execution id="98c1286e-9ca9-4dca-a93e-6aadd27dd3a2" />
      <TestMethod codeBase="C:/Users/SuprDewd/Documents/Projects/SharpBag/SharpBag.Tests/bin/Release/SharpBag.Tests.DLL" adapterTypeName="Microsoft.VisualStudio.TestTools.TestTypes.Unit.UnitTestAdapter, Microsoft.VisualStudio.QualityTools.Tips.UnitTest.Adapter, Version=10.0.0.0, Culture=neutral, PublicKeyToken=b03f5f7f11d50a3a" className="SharpBag.ExtensionsTest, SharpBag.Tests, Version=0.0.0.0, Culture=neutral, PublicKeyToken=null" name="Fill0168805" />
    </UnitTest>
    <UnitTest name="AsEnumerable0258802" storage="c:\users\suprdewd\documents\projects\sharpbag\sharpbag.tests\bin\release\sharpbag.tests.dll" id="80c446f8-daa9-dd90-7ba0-f56b79877aec">
      <Execution id="ec23fd33-5293-4d4d-996e-1f164fb127ac" />
      <TestMethod codeBase="C:/Users/SuprDewd/Documents/Projects/SharpBag/SharpBag.Tests/bin/Release/SharpBag.Tests.DLL" adapterTypeName="Microsoft.VisualStudio.TestTools.TestTypes.Unit.UnitTestAdapter, Microsoft.VisualStudio.QualityTools.Tips.UnitTest.Adapter, Version=10.0.0.0, Culture=neutral, PublicKeyToken=b03f5f7f11d50a3a" className="SharpBag.ExtensionsTest, SharpBag.Tests, Version=0.0.0.0, Culture=neutral, PublicKeyToken=null" name="AsEnumerable0258802" />
    </UnitTest>
    <UnitTest name="ForEach90802" storage="c:\users\suprdewd\documents\projects\sharpbag\sharpbag.tests\bin\release\sharpbag.tests.dll" id="1903a639-b5d9-1b4f-9c30-0405b15e8f12">
      <Execution id="1bdf7600-fc97-4fdb-b786-7e48b83b1633" />
      <TestMethod codeBase="C:/Users/SuprDewd/Documents/Projects/SharpBag/SharpBag.Tests/bin/Release/SharpBag.Tests.DLL" adapterTypeName="Microsoft.VisualStudio.TestTools.TestTypes.Unit.UnitTestAdapter, Microsoft.VisualStudio.QualityTools.Tips.UnitTest.Adapter, Version=10.0.0.0, Culture=neutral, PublicKeyToken=b03f5f7f11d50a3a" className="SharpBag.ExtensionsTest, SharpBag.Tests, Version=0.0.0.0, Culture=neutral, PublicKeyToken=null" name="ForEach90802" />
    </UnitTest>
    <UnitTest name="GetEnumerator016901" storage="c:\users\suprdewd\documents\projects\sharpbag\sharpbag.tests\bin\release\sharpbag.tests.dll" id="3340cb14-cf3b-8e1f-ca28-73acf64d833a">
      <Execution id="cbaf68a8-f47c-4d08-925c-fdf12975973c" />
      <TestMethod codeBase="C:/Users/SuprDewd/Documents/Projects/SharpBag/SharpBag.Tests/bin/Release/SharpBag.Tests.DLL" adapterTypeName="Microsoft.VisualStudio.TestTools.TestTypes.Unit.UnitTestAdapter, Microsoft.VisualStudio.QualityTools.Tips.UnitTest.Adapter, Version=10.0.0.0, Culture=neutral, PublicKeyToken=b03f5f7f11d50a3a" className="SharpBag.Algorithms.PriorityQueueTTest, SharpBag.Tests, Version=0.0.0.0, Culture=neutral, PublicKeyToken=null" name="GetEnumerator016901" />
    </UnitTest>
    <UnitTest name="ForEach12504" storage="c:\users\suprdewd\documents\projects\sharpbag\sharpbag.tests\bin\release\sharpbag.tests.dll" id="36c0ac7a-9f37-b952-7a17-2ad1e9132b69">
      <Execution id="7b7d8635-d469-4643-8fb1-23d922740c1a" />
      <TestMethod codeBase="C:/Users/SuprDewd/Documents/Projects/SharpBag/SharpBag.Tests/bin/Release/SharpBag.Tests.DLL" adapterTypeName="Microsoft.VisualStudio.TestTools.TestTypes.Unit.UnitTestAdapter, Microsoft.VisualStudio.QualityTools.Tips.UnitTest.Adapter, Version=10.0.0.0, Culture=neutral, PublicKeyToken=b03f5f7f11d50a3a" className="SharpBag.ExtensionsTest, SharpBag.Tests, Version=0.0.0.0, Culture=neutral, PublicKeyToken=null" name="ForEach12504" />
    </UnitTest>
    <UnitTest name="As0136703" storage="c:\users\suprdewd\documents\projects\sharpbag\sharpbag.tests\bin\release\sharpbag.tests.dll" id="e80fc0c4-2914-56fc-191b-489f27774cbc">
      <Execution id="71becb3c-3afa-4d16-9576-a1a8d50dbfb2" />
      <TestMethod codeBase="C:/Users/SuprDewd/Documents/Projects/SharpBag/SharpBag.Tests/bin/Release/SharpBag.Tests.DLL" adapterTypeName="Microsoft.VisualStudio.TestTools.TestTypes.Unit.UnitTestAdapter, Microsoft.VisualStudio.QualityTools.Tips.UnitTest.Adapter, Version=10.0.0.0, Culture=neutral, PublicKeyToken=b03f5f7f11d50a3a" className="SharpBag.ExtensionsTest, SharpBag.Tests, Version=0.0.0.0, Culture=neutral, PublicKeyToken=null" name="As0136703" />
    </UnitTest>
    <UnitTest name="GetEnumerator20301" storage="c:\users\suprdewd\documents\projects\sharpbag\sharpbag.tests\bin\release\sharpbag.tests.dll" id="94035d88-ed3c-a1c6-5571-0e7a52145b86">
      <Execution id="c8c711ab-d967-46eb-9590-14117f27e9d0" />
      <TestMethod codeBase="C:/Users/SuprDewd/Documents/Projects/SharpBag/SharpBag.Tests/bin/Release/SharpBag.Tests.DLL" adapterTypeName="Microsoft.VisualStudio.TestTools.TestTypes.Unit.UnitTestAdapter, Microsoft.VisualStudio.QualityTools.Tips.UnitTest.Adapter, Version=10.0.0.0, Culture=neutral, PublicKeyToken=b03f5f7f11d50a3a" className="SharpBag.Algorithms.PriorityQueueTTest, SharpBag.Tests, Version=0.0.0.0, Culture=neutral, PublicKeyToken=null" name="GetEnumerator20301" />
    </UnitTest>
    <UnitTest name="As0136704" storage="c:\users\suprdewd\documents\projects\sharpbag\sharpbag.tests\bin\release\sharpbag.tests.dll" id="29095a51-c311-c865-7cf1-7076578258b7">
      <Execution id="7b8f407b-4a35-4f5e-8a26-aaa036b7573c" />
      <TestMethod codeBase="C:/Users/SuprDewd/Documents/Projects/SharpBag/SharpBag.Tests/bin/Release/SharpBag.Tests.DLL" adapterTypeName="Microsoft.VisualStudio.TestTools.TestTypes.Unit.UnitTestAdapter, Microsoft.VisualStudio.QualityTools.Tips.UnitTest.Adapter, Version=10.0.0.0, Culture=neutral, PublicKeyToken=b03f5f7f11d50a3a" className="SharpBag.ExtensionsTest, SharpBag.Tests, Version=0.0.0.0, Culture=neutral, PublicKeyToken=null" name="As0136704" />
    </UnitTest>
    <UnitTest name="NullOr90703" storage="c:\users\suprdewd\documents\projects\sharpbag\sharpbag.tests\bin\release\sharpbag.tests.dll" id="97102229-37fa-e978-ffae-7fd4c7300f98">
      <Execution id="f0ee6630-745d-4cd4-98db-f54665094492" />
      <TestMethod codeBase="C:/Users/SuprDewd/Documents/Projects/SharpBag/SharpBag.Tests/bin/Release/SharpBag.Tests.DLL" adapterTypeName="Microsoft.VisualStudio.TestTools.TestTypes.Unit.UnitTestAdapter, Microsoft.VisualStudio.QualityTools.Tips.UnitTest.Adapter, Version=10.0.0.0, Culture=neutral, PublicKeyToken=b03f5f7f11d50a3a" className="SharpBag.ExtensionsTest, SharpBag.Tests, Version=0.0.0.0, Culture=neutral, PublicKeyToken=null" name="NullOr90703" />
    </UnitTest>
    <UnitTest name="IfNotNull17303" storage="c:\users\suprdewd\documents\projects\sharpbag\sharpbag.tests\bin\release\sharpbag.tests.dll" id="d75bbbff-3e3e-ac68-2b4f-48cfb14f2d0a">
      <Execution id="7134cdd8-e8e6-41ae-b3c1-9daffd73d6c9" />
      <TestMethod codeBase="C:/Users/SuprDewd/Documents/Projects/SharpBag/SharpBag.Tests/bin/Release/SharpBag.Tests.DLL" adapterTypeName="Microsoft.VisualStudio.TestTools.TestTypes.Unit.UnitTestAdapter, Microsoft.VisualStudio.QualityTools.Tips.UnitTest.Adapter, Version=10.0.0.0, Culture=neutral, PublicKeyToken=b03f5f7f11d50a3a" className="SharpBag.ExtensionsTest, SharpBag.Tests, Version=0.0.0.0, Culture=neutral, PublicKeyToken=null" name="IfNotNull17303" />
    </UnitTest>
    <UnitTest name="NullOr71405" storage="c:\users\suprdewd\documents\projects\sharpbag\sharpbag.tests\bin\release\sharpbag.tests.dll" id="65cd41cd-3590-8447-2d3a-ee7f389d323c">
      <Execution id="44edfefe-a47e-4610-a5b3-9f6f69de4065" />
      <TestMethod codeBase="C:/Users/SuprDewd/Documents/Projects/SharpBag/SharpBag.Tests/bin/Release/SharpBag.Tests.DLL" adapterTypeName="Microsoft.VisualStudio.TestTools.TestTypes.Unit.UnitTestAdapter, Microsoft.VisualStudio.QualityTools.Tips.UnitTest.Adapter, Version=10.0.0.0, Culture=neutral, PublicKeyToken=b03f5f7f11d50a3a" className="SharpBag.ExtensionsTest, SharpBag.Tests, Version=0.0.0.0, Culture=neutral, PublicKeyToken=null" name="NullOr71405" />
    </UnitTest>
    <UnitTest name="Add88506" storage="c:\users\suprdewd\documents\projects\sharpbag\sharpbag.tests\bin\release\sharpbag.tests.dll" id="cde3f8df-5511-2974-1851-e9e6d6fb436e">
      <Execution id="685c48d3-41d1-4213-8c06-9748ec2c3169" />
      <TestMethod codeBase="C:/Users/SuprDewd/Documents/Projects/SharpBag/SharpBag.Tests/bin/Release/SharpBag.Tests.DLL" adapterTypeName="Microsoft.VisualStudio.TestTools.TestTypes.Unit.UnitTestAdapter, Microsoft.VisualStudio.QualityTools.Tips.UnitTest.Adapter, Version=10.0.0.0, Culture=neutral, PublicKeyToken=b03f5f7f11d50a3a" className="SharpBag.ExtensionsTest, SharpBag.Tests, Version=0.0.0.0, Culture=neutral, PublicKeyToken=null" name="Add88506" />
    </UnitTest>
    <UnitTest name="As0166402" storage="c:\users\suprdewd\documents\projects\sharpbag\sharpbag.tests\bin\release\sharpbag.tests.dll" id="7a9400e0-6f1a-74cc-aaf2-4e620d01eac4">
      <Execution id="b47600b7-b6a8-43fc-83c3-da561258d7ee" />
      <TestMethod codeBase="C:/Users/SuprDewd/Documents/Projects/SharpBag/SharpBag.Tests/bin/Release/SharpBag.Tests.DLL" adapterTypeName="Microsoft.VisualStudio.TestTools.TestTypes.Unit.UnitTestAdapter, Microsoft.VisualStudio.QualityTools.Tips.UnitTest.Adapter, Version=10.0.0.0, Culture=neutral, PublicKeyToken=b03f5f7f11d50a3a" className="SharpBag.ExtensionsTest, SharpBag.Tests, Version=0.0.0.0, Culture=neutral, PublicKeyToken=null" name="As0166402" />
    </UnitTest>
    <UnitTest name="As170" storage="c:\users\suprdewd\documents\projects\sharpbag\sharpbag.tests\bin\release\sharpbag.tests.dll" id="0e645c38-e73b-967d-e94f-74a8d38a05b3">
      <Execution id="d3905bba-8365-4c96-bc21-c1e2d1cdeeae" />
      <TestMethod codeBase="C:/Users/SuprDewd/Documents/Projects/SharpBag/SharpBag.Tests/bin/Release/SharpBag.Tests.DLL" adapterTypeName="Microsoft.VisualStudio.TestTools.TestTypes.Unit.UnitTestAdapter, Microsoft.VisualStudio.QualityTools.Tips.UnitTest.Adapter, Version=10.0.0.0, Culture=neutral, PublicKeyToken=b03f5f7f11d50a3a" className="SharpBag.ExtensionsTest, SharpBag.Tests, Version=0.0.0.0, Culture=neutral, PublicKeyToken=null" name="As170" />
    </UnitTest>
    <UnitTest name="Fill0110503" storage="c:\users\suprdewd\documents\projects\sharpbag\sharpbag.tests\bin\release\sharpbag.tests.dll" id="2f965438-892b-963f-1d2d-a0dc16402531">
      <Execution id="ee414a82-56a1-4667-bcda-20ef0e1e08f4" />
      <TestMethod codeBase="C:/Users/SuprDewd/Documents/Projects/SharpBag/SharpBag.Tests/bin/Release/SharpBag.Tests.DLL" adapterTypeName="Microsoft.VisualStudio.TestTools.TestTypes.Unit.UnitTestAdapter, Microsoft.VisualStudio.QualityTools.Tips.UnitTest.Adapter, Version=10.0.0.0, Culture=neutral, PublicKeyToken=b03f5f7f11d50a3a" className="SharpBag.ExtensionsTest, SharpBag.Tests, Version=0.0.0.0, Culture=neutral, PublicKeyToken=null" name="Fill0110503" />
    </UnitTest>
    <UnitTest name="IfNotNull17302" storage="c:\users\suprdewd\documents\projects\sharpbag\sharpbag.tests\bin\release\sharpbag.tests.dll" id="46ca0fd9-03e1-55e3-3ad7-b4625d8d07c0">
      <Execution id="a324ab41-5ce6-4e6b-97e3-3f4880a400b9" />
      <TestMethod codeBase="C:/Users/SuprDewd/Documents/Projects/SharpBag/SharpBag.Tests/bin/Release/SharpBag.Tests.DLL" adapterTypeName="Microsoft.VisualStudio.TestTools.TestTypes.Unit.UnitTestAdapter, Microsoft.VisualStudio.QualityTools.Tips.UnitTest.Adapter, Version=10.0.0.0, Culture=neutral, PublicKeyToken=b03f5f7f11d50a3a" className="SharpBag.ExtensionsTest, SharpBag.Tests, Version=0.0.0.0, Culture=neutral, PublicKeyToken=null" name="IfNotNull17302" />
    </UnitTest>
    <UnitTest name="As0166405" storage="c:\users\suprdewd\documents\projects\sharpbag\sharpbag.tests\bin\release\sharpbag.tests.dll" id="e197bdfc-0045-603d-fd55-1b37a447bd99">
      <Execution id="973d0a9e-2dea-4971-b7b8-be8351cfd40b" />
      <TestMethod codeBase="C:/Users/SuprDewd/Documents/Projects/SharpBag/SharpBag.Tests/bin/Release/SharpBag.Tests.DLL" adapterTypeName="Microsoft.VisualStudio.TestTools.TestTypes.Unit.UnitTestAdapter, Microsoft.VisualStudio.QualityTools.Tips.UnitTest.Adapter, Version=10.0.0.0, Culture=neutral, PublicKeyToken=b03f5f7f11d50a3a" className="SharpBag.ExtensionsTest, SharpBag.Tests, Version=0.0.0.0, Culture=neutral, PublicKeyToken=null" name="As0166405" />
    </UnitTest>
    <UnitTest name="As0163223" storage="c:\users\suprdewd\documents\projects\sharpbag\sharpbag.tests\bin\release\sharpbag.tests.dll" id="ec55615d-1e36-c752-f2bf-b20284d0ae33">
      <Execution id="ad0c099e-41b6-4136-a0e1-8fa7f2a3d08b" />
      <TestMethod codeBase="C:/Users/SuprDewd/Documents/Projects/SharpBag/SharpBag.Tests/bin/Release/SharpBag.Tests.DLL" adapterTypeName="Microsoft.VisualStudio.TestTools.TestTypes.Unit.UnitTestAdapter, Microsoft.VisualStudio.QualityTools.Tips.UnitTest.Adapter, Version=10.0.0.0, Culture=neutral, PublicKeyToken=b03f5f7f11d50a3a" className="SharpBag.ExtensionsTest, SharpBag.Tests, Version=0.0.0.0, Culture=neutral, PublicKeyToken=null" name="As0163223" />
    </UnitTest>
    <UnitTest name="UnionAll02ThrowsContractException669" storage="c:\users\suprdewd\documents\projects\sharpbag\sharpbag.tests\bin\release\sharpbag.tests.dll" id="4828b82d-197c-d38d-1052-fb24855ec6ae">
      <Execution id="5aa73fc7-280b-49ed-b578-1469f8b39052" />
      <TestMethod codeBase="C:/Users/SuprDewd/Documents/Projects/SharpBag/SharpBag.Tests/bin/Release/SharpBag.Tests.DLL" adapterTypeName="Microsoft.VisualStudio.TestTools.TestTypes.Unit.UnitTestAdapter, Microsoft.VisualStudio.QualityTools.Tips.UnitTest.Adapter, Version=10.0.0.0, Culture=neutral, PublicKeyToken=b03f5f7f11d50a3a" className="SharpBag.ExtensionsTest, SharpBag.Tests, Version=0.0.0.0, Culture=neutral, PublicKeyToken=null" name="UnionAll02ThrowsContractException669" />
    </UnitTest>
    <UnitTest name="UnionAllThrowsContractException498" storage="c:\users\suprdewd\documents\projects\sharpbag\sharpbag.tests\bin\release\sharpbag.tests.dll" id="0c6370f1-3a15-0de1-18cb-8da30dd57ee7">
      <Execution id="a6f2a3b5-d2ad-49f1-a848-37e17bde84bd" />
      <TestMethod codeBase="C:/Users/SuprDewd/Documents/Projects/SharpBag/SharpBag.Tests/bin/Release/SharpBag.Tests.DLL" adapterTypeName="Microsoft.VisualStudio.TestTools.TestTypes.Unit.UnitTestAdapter, Microsoft.VisualStudio.QualityTools.Tips.UnitTest.Adapter, Version=10.0.0.0, Culture=neutral, PublicKeyToken=b03f5f7f11d50a3a" className="SharpBag.ExtensionsTest, SharpBag.Tests, Version=0.0.0.0, Culture=neutral, PublicKeyToken=null" name="UnionAllThrowsContractException498" />
    </UnitTest>
    <UnitTest name="RangeThrowsContractException958" storage="c:\users\suprdewd\documents\projects\sharpbag\sharpbag.tests\bin\release\sharpbag.tests.dll" id="0cb477c5-7b02-500d-45eb-bb863b0c13bb">
      <Execution id="d3353862-d9b1-4fc5-baab-b5a6f0e3ac18" />
      <TestMethod codeBase="C:/Users/SuprDewd/Documents/Projects/SharpBag/SharpBag.Tests/bin/Release/SharpBag.Tests.DLL" adapterTypeName="Microsoft.VisualStudio.TestTools.TestTypes.Unit.UnitTestAdapter, Microsoft.VisualStudio.QualityTools.Tips.UnitTest.Adapter, Version=10.0.0.0, Culture=neutral, PublicKeyToken=b03f5f7f11d50a3a" className="SharpBag.ExtensionsTest, SharpBag.Tests, Version=0.0.0.0, Culture=neutral, PublicKeyToken=null" name="RangeThrowsContractException958" />
    </UnitTest>
    <UnitTest name="Add88502" storage="c:\users\suprdewd\documents\projects\sharpbag\sharpbag.tests\bin\release\sharpbag.tests.dll" id="6fb9b650-50a8-89e9-0d35-3a3dc4939152">
      <Execution id="0b9d2e88-2bf1-4f52-b2a4-e343d2db10ea" />
      <TestMethod codeBase="C:/Users/SuprDewd/Documents/Projects/SharpBag/SharpBag.Tests/bin/Release/SharpBag.Tests.DLL" adapterTypeName="Microsoft.VisualStudio.TestTools.TestTypes.Unit.UnitTestAdapter, Microsoft.VisualStudio.QualityTools.Tips.UnitTest.Adapter, Version=10.0.0.0, Culture=neutral, PublicKeyToken=b03f5f7f11d50a3a" className="SharpBag.ExtensionsTest, SharpBag.Tests, Version=0.0.0.0, Culture=neutral, PublicKeyToken=null" name="Add88502" />
    </UnitTest>
    <UnitTest name="As0132102" storage="c:\users\suprdewd\documents\projects\sharpbag\sharpbag.tests\bin\release\sharpbag.tests.dll" id="920395ef-4d81-2796-a8e3-57b62c679836">
      <Execution id="c0db2511-0b99-4e9c-b037-3398570db09c" />
      <TestMethod codeBase="C:/Users/SuprDewd/Documents/Projects/SharpBag/SharpBag.Tests/bin/Release/SharpBag.Tests.DLL" adapterTypeName="Microsoft.VisualStudio.TestTools.TestTypes.Unit.UnitTestAdapter, Microsoft.VisualStudio.QualityTools.Tips.UnitTest.Adapter, Version=10.0.0.0, Culture=neutral, PublicKeyToken=b03f5f7f11d50a3a" className="SharpBag.ExtensionsTest, SharpBag.Tests, Version=0.0.0.0, Culture=neutral, PublicKeyToken=null" name="As0132102" />
    </UnitTest>
    <UnitTest name="CollatzCount510" storage="c:\users\suprdewd\documents\projects\sharpbag\sharpbag.tests\bin\release\sharpbag.tests.dll" id="1b741696-a239-fa83-4bfb-5be27d6d2eb3">
      <Execution id="5e84dfbf-71fb-4984-a48c-f24d6275c092" />
      <TestMethod codeBase="C:/Users/SuprDewd/Documents/Projects/SharpBag/SharpBag.Tests/bin/Release/SharpBag.Tests.DLL" adapterTypeName="Microsoft.VisualStudio.TestTools.TestTypes.Unit.UnitTestAdapter, Microsoft.VisualStudio.QualityTools.Tips.UnitTest.Adapter, Version=10.0.0.0, Culture=neutral, PublicKeyToken=b03f5f7f11d50a3a" className="SharpBag.Math.MathExtensionsTest, SharpBag.Tests, Version=0.0.0.0, Culture=neutral, PublicKeyToken=null" name="CollatzCount510" />
    </UnitTest>
    <UnitTest name="As01ThrowsContractException598" storage="c:\users\suprdewd\documents\projects\sharpbag\sharpbag.tests\bin\release\sharpbag.tests.dll" id="d547ad6e-782f-a39e-e1be-9fb7bf1da3b9">
      <Execution id="e143f4e5-c4f7-4316-83c1-071ed40f5bd8" />
      <TestMethod codeBase="C:/Users/SuprDewd/Documents/Projects/SharpBag/SharpBag.Tests/bin/Release/SharpBag.Tests.DLL" adapterTypeName="Microsoft.VisualStudio.TestTools.TestTypes.Unit.UnitTestAdapter, Microsoft.VisualStudio.QualityTools.Tips.UnitTest.Adapter, Version=10.0.0.0, Culture=neutral, PublicKeyToken=b03f5f7f11d50a3a" className="SharpBag.ExtensionsTest, SharpBag.Tests, Version=0.0.0.0, Culture=neutral, PublicKeyToken=null" name="As01ThrowsContractException598" />
    </UnitTest>
    <UnitTest name="Single617" storage="c:\users\suprdewd\documents\projects\sharpbag\sharpbag.tests\bin\release\sharpbag.tests.dll" id="b6dfae7d-5cf1-2d64-17e8-8a5ce5813218">
      <Execution id="b8f2014a-14fd-4109-bf3b-e22083c5a701" />
      <TestMethod codeBase="C:/Users/SuprDewd/Documents/Projects/SharpBag/SharpBag.Tests/bin/Release/SharpBag.Tests.DLL" adapterTypeName="Microsoft.VisualStudio.TestTools.TestTypes.Unit.UnitTestAdapter, Microsoft.VisualStudio.QualityTools.Tips.UnitTest.Adapter, Version=10.0.0.0, Culture=neutral, PublicKeyToken=b03f5f7f11d50a3a" className="SharpBag.UtilsTest, SharpBag.Tests, Version=0.0.0.0, Culture=neutral, PublicKeyToken=null" name="Single617" />
    </UnitTest>
    <UnitTest name="IsIn570" storage="c:\users\suprdewd\documents\projects\sharpbag\sharpbag.tests\bin\release\sharpbag.tests.dll" id="1e811e95-82b3-7182-a1a6-ec99686bab87">
      <Execution id="e454a854-9289-4df7-992b-3089ef030b92" />
      <TestMethod codeBase="C:/Users/SuprDewd/Documents/Projects/SharpBag/SharpBag.Tests/bin/Release/SharpBag.Tests.DLL" adapterTypeName="Microsoft.VisualStudio.TestTools.TestTypes.Unit.UnitTestAdapter, Microsoft.VisualStudio.QualityTools.Tips.UnitTest.Adapter, Version=10.0.0.0, Culture=neutral, PublicKeyToken=b03f5f7f11d50a3a" className="SharpBag.ExtensionsTest, SharpBag.Tests, Version=0.0.0.0, Culture=neutral, PublicKeyToken=null" name="IsIn570" />
    </UnitTest>
    <UnitTest name="Shuffle52101" storage="c:\users\suprdewd\documents\projects\sharpbag\sharpbag.tests\bin\release\sharpbag.tests.dll" id="2e27cda4-16b0-824b-d141-c5b5382ec851">
      <Execution id="aade3068-6f3f-4df9-873c-80fdfd1467e6" />
      <TestMethod codeBase="C:/Users/SuprDewd/Documents/Projects/SharpBag/SharpBag.Tests/bin/Release/SharpBag.Tests.DLL" adapterTypeName="Microsoft.VisualStudio.TestTools.TestTypes.Unit.UnitTestAdapter, Microsoft.VisualStudio.QualityTools.Tips.UnitTest.Adapter, Version=10.0.0.0, Culture=neutral, PublicKeyToken=b03f5f7f11d50a3a" className="SharpBag.ExtensionsTest, SharpBag.Tests, Version=0.0.0.0, Culture=neutral, PublicKeyToken=null" name="Shuffle52101" />
    </UnitTest>
    <UnitTest name="As0163253" storage="c:\users\suprdewd\documents\projects\sharpbag\sharpbag.tests\bin\release\sharpbag.tests.dll" id="e8dd01cd-30c9-943f-8fc4-f4240bad21f1">
      <Execution id="268a8d7f-a574-4ebe-a128-0b80f5d1872e" />
      <TestMethod codeBase="C:/Users/SuprDewd/Documents/Projects/SharpBag/SharpBag.Tests/bin/Release/SharpBag.Tests.DLL" adapterTypeName="Microsoft.VisualStudio.TestTools.TestTypes.Unit.UnitTestAdapter, Microsoft.VisualStudio.QualityTools.Tips.UnitTest.Adapter, Version=10.0.0.0, Culture=neutral, PublicKeyToken=b03f5f7f11d50a3a" className="SharpBag.ExtensionsTest, SharpBag.Tests, Version=0.0.0.0, Culture=neutral, PublicKeyToken=null" name="As0163253" />
    </UnitTest>
    <UnitTest name="To0459801" storage="c:\users\suprdewd\documents\projects\sharpbag\sharpbag.tests\bin\release\sharpbag.tests.dll" id="0e73a463-cb0d-f992-9d84-5941849f04d6">
      <Execution id="4b5a59db-b338-4aae-9977-59960e75bc75" />
      <TestMethod codeBase="C:/Users/SuprDewd/Documents/Projects/SharpBag/SharpBag.Tests/bin/Release/SharpBag.Tests.DLL" adapterTypeName="Microsoft.VisualStudio.TestTools.TestTypes.Unit.UnitTestAdapter, Microsoft.VisualStudio.QualityTools.Tips.UnitTest.Adapter, Version=10.0.0.0, Culture=neutral, PublicKeyToken=b03f5f7f11d50a3a" className="SharpBag.ExtensionsTest, SharpBag.Tests, Version=0.0.0.0, Culture=neutral, PublicKeyToken=null" name="To0459801" />
    </UnitTest>
    <UnitTest name="CountGet1901" storage="c:\users\suprdewd\documents\projects\sharpbag\sharpbag.tests\bin\release\sharpbag.tests.dll" id="fa540630-b33a-7141-4c49-c4e59268577a">
      <Execution id="609e34f6-efd9-4406-a297-d634cab2c5d4" />
      <TestMethod codeBase="C:/Users/SuprDewd/Documents/Projects/SharpBag/SharpBag.Tests/bin/Release/SharpBag.Tests.DLL" adapterTypeName="Microsoft.VisualStudio.TestTools.TestTypes.Unit.UnitTestAdapter, Microsoft.VisualStudio.QualityTools.Tips.UnitTest.Adapter, Version=10.0.0.0, Culture=neutral, PublicKeyToken=b03f5f7f11d50a3a" className="SharpBag.Algorithms.PriorityQueueTTest, SharpBag.Tests, Version=0.0.0.0, Culture=neutral, PublicKeyToken=null" name="CountGet1901" />
    </UnitTest>
    <UnitTest name="Add609" storage="c:\users\suprdewd\documents\projects\sharpbag\sharpbag.tests\bin\release\sharpbag.tests.dll" id="7068f11c-cf82-d38d-0f16-16dd9f7c090f">
      <Execution id="620bc88c-9d07-48c3-aceb-4ec9cc517b56" />
      <TestMethod codeBase="C:/Users/SuprDewd/Documents/Projects/SharpBag/SharpBag.Tests/bin/Release/SharpBag.Tests.DLL" adapterTypeName="Microsoft.VisualStudio.TestTools.TestTypes.Unit.UnitTestAdapter, Microsoft.VisualStudio.QualityTools.Tips.UnitTest.Adapter, Version=10.0.0.0, Culture=neutral, PublicKeyToken=b03f5f7f11d50a3a" className="SharpBag.ExtensionsTest, SharpBag.Tests, Version=0.0.0.0, Culture=neutral, PublicKeyToken=null" name="Add609" />
    </UnitTest>
    <UnitTest name="Execute424" storage="c:\users\suprdewd\documents\projects\sharpbag\sharpbag.tests\bin\release\sharpbag.tests.dll" id="c3a5f774-5c25-7fa7-593c-10a98b5db768">
      <Execution id="5b85dcac-a3ec-4090-89d7-14b2a2d0e5bf" />
      <TestMethod codeBase="C:/Users/SuprDewd/Documents/Projects/SharpBag/SharpBag.Tests/bin/Release/SharpBag.Tests.DLL" adapterTypeName="Microsoft.VisualStudio.TestTools.TestTypes.Unit.UnitTestAdapter, Microsoft.VisualStudio.QualityTools.Tips.UnitTest.Adapter, Version=10.0.0.0, Culture=neutral, PublicKeyToken=b03f5f7f11d50a3a" className="SharpBag.ExtensionsTest, SharpBag.Tests, Version=0.0.0.0, Culture=neutral, PublicKeyToken=null" name="Execute424" />
    </UnitTest>
    <UnitTest name="ForEach78803" storage="c:\users\suprdewd\documents\projects\sharpbag\sharpbag.tests\bin\release\sharpbag.tests.dll" id="71153c10-625e-eee7-0105-ad1f18f9fb72">
      <Execution id="ddd60455-87a7-435c-aaf5-3f2e79878ec7" />
      <TestMethod codeBase="C:/Users/SuprDewd/Documents/Projects/SharpBag/SharpBag.Tests/bin/Release/SharpBag.Tests.DLL" adapterTypeName="Microsoft.VisualStudio.TestTools.TestTypes.Unit.UnitTestAdapter, Microsoft.VisualStudio.QualityTools.Tips.UnitTest.Adapter, Version=10.0.0.0, Culture=neutral, PublicKeyToken=b03f5f7f11d50a3a" className="SharpBag.ExtensionsTest, SharpBag.Tests, Version=0.0.0.0, Culture=neutral, PublicKeyToken=null" name="ForEach78803" />
    </UnitTest>
    <UnitTest name="Fill0110501" storage="c:\users\suprdewd\documents\projects\sharpbag\sharpbag.tests\bin\release\sharpbag.tests.dll" id="19033310-a8dd-db0b-1dcd-2bf1bef510ca">
      <Execution id="6d5817cd-9245-49ae-b71e-4fe6207f64e6" />
      <TestMethod codeBase="C:/Users/SuprDewd/Documents/Projects/SharpBag/SharpBag.Tests/bin/Release/SharpBag.Tests.DLL" adapterTypeName="Microsoft.VisualStudio.TestTools.TestTypes.Unit.UnitTestAdapter, Microsoft.VisualStudio.QualityTools.Tips.UnitTest.Adapter, Version=10.0.0.0, Culture=neutral, PublicKeyToken=b03f5f7f11d50a3a" className="SharpBag.ExtensionsTest, SharpBag.Tests, Version=0.0.0.0, Culture=neutral, PublicKeyToken=null" name="Fill0110501" />
    </UnitTest>
    <UnitTest name="ForEachThrowsContractException599" storage="c:\users\suprdewd\documents\projects\sharpbag\sharpbag.tests\bin\release\sharpbag.tests.dll" id="361a1550-e2b2-7624-b616-00a1d7f9e7ef">
      <Execution id="9904a4d3-38c5-4672-897d-6ddd2ac9d7ce" />
      <TestMethod codeBase="C:/Users/SuprDewd/Documents/Projects/SharpBag/SharpBag.Tests/bin/Release/SharpBag.Tests.DLL" adapterTypeName="Microsoft.VisualStudio.TestTools.TestTypes.Unit.UnitTestAdapter, Microsoft.VisualStudio.QualityTools.Tips.UnitTest.Adapter, Version=10.0.0.0, Culture=neutral, PublicKeyToken=b03f5f7f11d50a3a" className="SharpBag.ExtensionsTest, SharpBag.Tests, Version=0.0.0.0, Culture=neutral, PublicKeyToken=null" name="ForEachThrowsContractException599" />
    </UnitTest>
    <UnitTest name="ForEach90804" storage="c:\users\suprdewd\documents\projects\sharpbag\sharpbag.tests\bin\release\sharpbag.tests.dll" id="116e53ad-53cc-1f8c-5eeb-a61eba3cd5e8">
      <Execution id="43ec8f11-9095-4572-b989-fd70d9d774c2" />
      <TestMethod codeBase="C:/Users/SuprDewd/Documents/Projects/SharpBag/SharpBag.Tests/bin/Release/SharpBag.Tests.DLL" adapterTypeName="Microsoft.VisualStudio.TestTools.TestTypes.Unit.UnitTestAdapter, Microsoft.VisualStudio.QualityTools.Tips.UnitTest.Adapter, Version=10.0.0.0, Culture=neutral, PublicKeyToken=b03f5f7f11d50a3a" className="SharpBag.ExtensionsTest, SharpBag.Tests, Version=0.0.0.0, Culture=neutral, PublicKeyToken=null" name="ForEach90804" />
    </UnitTest>
    <UnitTest name="NullOr71404" storage="c:\users\suprdewd\documents\projects\sharpbag\sharpbag.tests\bin\release\sharpbag.tests.dll" id="4d41008a-7d5b-c195-89ca-25e2bba2803d">
      <Execution id="0c1c8bc9-1c6d-4ae9-a384-cc7017581cf7" />
      <TestMethod codeBase="C:/Users/SuprDewd/Documents/Projects/SharpBag/SharpBag.Tests/bin/Release/SharpBag.Tests.DLL" adapterTypeName="Microsoft.VisualStudio.TestTools.TestTypes.Unit.UnitTestAdapter, Microsoft.VisualStudio.QualityTools.Tips.UnitTest.Adapter, Version=10.0.0.0, Culture=neutral, PublicKeyToken=b03f5f7f11d50a3a" className="SharpBag.ExtensionsTest, SharpBag.Tests, Version=0.0.0.0, Culture=neutral, PublicKeyToken=null" name="NullOr71404" />
    </UnitTest>
    <UnitTest name="ForEach125" storage="c:\users\suprdewd\documents\projects\sharpbag\sharpbag.tests\bin\release\sharpbag.tests.dll" id="193af604-0c49-1c0a-39c2-739404c2ca21">
      <Execution id="81bb0857-f126-4f48-a9bd-53c098a5b7c8" />
      <TestMethod codeBase="C:/Users/SuprDewd/Documents/Projects/SharpBag/SharpBag.Tests/bin/Release/SharpBag.Tests.DLL" adapterTypeName="Microsoft.VisualStudio.TestTools.TestTypes.Unit.UnitTestAdapter, Microsoft.VisualStudio.QualityTools.Tips.UnitTest.Adapter, Version=10.0.0.0, Culture=neutral, PublicKeyToken=b03f5f7f11d50a3a" className="SharpBag.ExtensionsTest, SharpBag.Tests, Version=0.0.0.0, Culture=neutral, PublicKeyToken=null" name="ForEach125" />
    </UnitTest>
    <UnitTest name="IfNotNull17301" storage="c:\users\suprdewd\documents\projects\sharpbag\sharpbag.tests\bin\release\sharpbag.tests.dll" id="fdc6582f-0eab-5f36-d160-7547a6de5dbb">
      <Execution id="f15b6d0a-9685-47f8-8452-6493d83ff16f" />
      <TestMethod codeBase="C:/Users/SuprDewd/Documents/Projects/SharpBag/SharpBag.Tests/bin/Release/SharpBag.Tests.DLL" adapterTypeName="Microsoft.VisualStudio.TestTools.TestTypes.Unit.UnitTestAdapter, Microsoft.VisualStudio.QualityTools.Tips.UnitTest.Adapter, Version=10.0.0.0, Culture=neutral, PublicKeyToken=b03f5f7f11d50a3a" className="SharpBag.ExtensionsTest, SharpBag.Tests, Version=0.0.0.0, Culture=neutral, PublicKeyToken=null" name="IfNotNull17301" />
    </UnitTest>
    <UnitTest name="Enqueue74301" storage="c:\users\suprdewd\documents\projects\sharpbag\sharpbag.tests\bin\release\sharpbag.tests.dll" id="5f0a5483-d074-35b1-500e-1196c2881235">
      <Execution id="fe3172d0-32e9-4a46-9d3b-0a439d17c8dc" />
      <TestMethod codeBase="C:/Users/SuprDewd/Documents/Projects/SharpBag/SharpBag.Tests/bin/Release/SharpBag.Tests.DLL" adapterTypeName="Microsoft.VisualStudio.TestTools.TestTypes.Unit.UnitTestAdapter, Microsoft.VisualStudio.QualityTools.Tips.UnitTest.Adapter, Version=10.0.0.0, Culture=neutral, PublicKeyToken=b03f5f7f11d50a3a" className="SharpBag.Algorithms.PriorityQueueTTest, SharpBag.Tests, Version=0.0.0.0, Culture=neutral, PublicKeyToken=null" name="Enqueue74301" />
    </UnitTest>
    <UnitTest name="UnionAllThrowsContractException888" storage="c:\users\suprdewd\documents\projects\sharpbag\sharpbag.tests\bin\release\sharpbag.tests.dll" id="2fd85783-fc83-f96f-d9bf-a6bcc5a252f1">
      <Execution id="7a31f97f-a24c-48c3-9022-cae2fd6f254f" />
      <TestMethod codeBase="C:/Users/SuprDewd/Documents/Projects/SharpBag/SharpBag.Tests/bin/Release/SharpBag.Tests.DLL" adapterTypeName="Microsoft.VisualStudio.TestTools.TestTypes.Unit.UnitTestAdapter, Microsoft.VisualStudio.QualityTools.Tips.UnitTest.Adapter, Version=10.0.0.0, Culture=neutral, PublicKeyToken=b03f5f7f11d50a3a" className="SharpBag.ExtensionsTest, SharpBag.Tests, Version=0.0.0.0, Culture=neutral, PublicKeyToken=null" name="UnionAllThrowsContractException888" />
    </UnitTest>
    <UnitTest name="CollatzCount01510" storage="c:\users\suprdewd\documents\projects\sharpbag\sharpbag.tests\bin\release\sharpbag.tests.dll" id="2cd94b85-ca28-7ec9-b7f9-ff8305b67d1c">
      <Execution id="15716840-c7ce-4382-afea-52b5f73692a0" />
      <TestMethod codeBase="C:/Users/SuprDewd/Documents/Projects/SharpBag/SharpBag.Tests/bin/Release/SharpBag.Tests.DLL" adapterTypeName="Microsoft.VisualStudio.TestTools.TestTypes.Unit.UnitTestAdapter, Microsoft.VisualStudio.QualityTools.Tips.UnitTest.Adapter, Version=10.0.0.0, Culture=neutral, PublicKeyToken=b03f5f7f11d50a3a" className="SharpBag.Math.MathExtensionsTest, SharpBag.Tests, Version=0.0.0.0, Culture=neutral, PublicKeyToken=null" name="CollatzCount01510" />
    </UnitTest>
    <UnitTest name="As0163236" storage="c:\users\suprdewd\documents\projects\sharpbag\sharpbag.tests\bin\release\sharpbag.tests.dll" id="055e48df-0214-9f4b-ed2b-c5a320ca2c7d">
      <Execution id="919a39df-25a6-4966-b3d3-9b418f04c704" />
      <TestMethod codeBase="C:/Users/SuprDewd/Documents/Projects/SharpBag/SharpBag.Tests/bin/Release/SharpBag.Tests.DLL" adapterTypeName="Microsoft.VisualStudio.TestTools.TestTypes.Unit.UnitTestAdapter, Microsoft.VisualStudio.QualityTools.Tips.UnitTest.Adapter, Version=10.0.0.0, Culture=neutral, PublicKeyToken=b03f5f7f11d50a3a" className="SharpBag.ExtensionsTest, SharpBag.Tests, Version=0.0.0.0, Culture=neutral, PublicKeyToken=null" name="As0163236" />
    </UnitTest>
    <UnitTest name="NullOr71401" storage="c:\users\suprdewd\documents\projects\sharpbag\sharpbag.tests\bin\release\sharpbag.tests.dll" id="86c02588-b87f-32bd-880b-56b0d73c1993">
      <Execution id="c289a1db-bd58-466a-8d8a-d95b16b259fe" />
      <TestMethod codeBase="C:/Users/SuprDewd/Documents/Projects/SharpBag/SharpBag.Tests/bin/Release/SharpBag.Tests.DLL" adapterTypeName="Microsoft.VisualStudio.TestTools.TestTypes.Unit.UnitTestAdapter, Microsoft.VisualStudio.QualityTools.Tips.UnitTest.Adapter, Version=10.0.0.0, Culture=neutral, PublicKeyToken=b03f5f7f11d50a3a" className="SharpBag.ExtensionsTest, SharpBag.Tests, Version=0.0.0.0, Culture=neutral, PublicKeyToken=null" name="NullOr71401" />
    </UnitTest>
    <UnitTest name="TakeEveryThrowsContractException597" storage="c:\users\suprdewd\documents\projects\sharpbag\sharpbag.tests\bin\release\sharpbag.tests.dll" id="f66902ae-2eb8-36de-bdb4-af24338ae682">
      <Execution id="36a05256-2945-4ac6-b214-c52df82b86a8" />
      <TestMethod codeBase="C:/Users/SuprDewd/Documents/Projects/SharpBag/SharpBag.Tests/bin/Release/SharpBag.Tests.DLL" adapterTypeName="Microsoft.VisualStudio.TestTools.TestTypes.Unit.UnitTestAdapter, Microsoft.VisualStudio.QualityTools.Tips.UnitTest.Adapter, Version=10.0.0.0, Culture=neutral, PublicKeyToken=b03f5f7f11d50a3a" className="SharpBag.ExtensionsTest, SharpBag.Tests, Version=0.0.0.0, Culture=neutral, PublicKeyToken=null" name="TakeEveryThrowsContractException597" />
    </UnitTest>
    <UnitTest name="As0163241" storage="c:\users\suprdewd\documents\projects\sharpbag\sharpbag.tests\bin\release\sharpbag.tests.dll" id="2a3bccbe-42e2-9009-af11-20e5efc1eb2e">
      <Execution id="623c582c-3b27-46ca-8d8a-80298e16b452" />
      <TestMethod codeBase="C:/Users/SuprDewd/Documents/Projects/SharpBag/SharpBag.Tests/bin/Release/SharpBag.Tests.DLL" adapterTypeName="Microsoft.VisualStudio.TestTools.TestTypes.Unit.UnitTestAdapter, Microsoft.VisualStudio.QualityTools.Tips.UnitTest.Adapter, Version=10.0.0.0, Culture=neutral, PublicKeyToken=b03f5f7f11d50a3a" className="SharpBag.ExtensionsTest, SharpBag.Tests, Version=0.0.0.0, Culture=neutral, PublicKeyToken=null" name="As0163241" />
    </UnitTest>
    <UnitTest name="IfNotNull17305" storage="c:\users\suprdewd\documents\projects\sharpbag\sharpbag.tests\bin\release\sharpbag.tests.dll" id="a1e0f884-6f4f-6b96-6595-df107952cc43">
      <Execution id="e033c211-78f2-44d6-b424-a99a85b37dee" />
      <TestMethod codeBase="C:/Users/SuprDewd/Documents/Projects/SharpBag/SharpBag.Tests/bin/Release/SharpBag.Tests.DLL" adapterTypeName="Microsoft.VisualStudio.TestTools.TestTypes.Unit.UnitTestAdapter, Microsoft.VisualStudio.QualityTools.Tips.UnitTest.Adapter, Version=10.0.0.0, Culture=neutral, PublicKeyToken=b03f5f7f11d50a3a" className="SharpBag.ExtensionsTest, SharpBag.Tests, Version=0.0.0.0, Culture=neutral, PublicKeyToken=null" name="IfNotNull17305" />
    </UnitTest>
    <UnitTest name="As0136705" storage="c:\users\suprdewd\documents\projects\sharpbag\sharpbag.tests\bin\release\sharpbag.tests.dll" id="37513ae8-9597-0d8b-e168-0cedc873d749">
      <Execution id="5f38e255-8a07-4b97-91e7-3b4beb1251e5" />
      <TestMethod codeBase="C:/Users/SuprDewd/Documents/Projects/SharpBag/SharpBag.Tests/bin/Release/SharpBag.Tests.DLL" adapterTypeName="Microsoft.VisualStudio.TestTools.TestTypes.Unit.UnitTestAdapter, Microsoft.VisualStudio.QualityTools.Tips.UnitTest.Adapter, Version=10.0.0.0, Culture=neutral, PublicKeyToken=b03f5f7f11d50a3a" className="SharpBag.ExtensionsTest, SharpBag.Tests, Version=0.0.0.0, Culture=neutral, PublicKeyToken=null" name="As0136705" />
    </UnitTest>
    <UnitTest name="FromEnumeratorThrowsContractException632" storage="c:\users\suprdewd\documents\projects\sharpbag\sharpbag.tests\bin\release\sharpbag.tests.dll" id="f55b9351-7cff-05be-34ae-f71cd06467b8">
      <Execution id="cd9bdf08-ef5a-4a44-bbd9-9e35957249bd" />
      <TestMethod codeBase="C:/Users/SuprDewd/Documents/Projects/SharpBag/SharpBag.Tests/bin/Release/SharpBag.Tests.DLL" adapterTypeName="Microsoft.VisualStudio.TestTools.TestTypes.Unit.UnitTestAdapter, Microsoft.VisualStudio.QualityTools.Tips.UnitTest.Adapter, Version=10.0.0.0, Culture=neutral, PublicKeyToken=b03f5f7f11d50a3a" className="SharpBag.UtilsTest, SharpBag.Tests, Version=0.0.0.0, Culture=neutral, PublicKeyToken=null" name="FromEnumeratorThrowsContractException632" />
    </UnitTest>
    <UnitTest name="Constructor25201" storage="c:\users\suprdewd\documents\projects\sharpbag\sharpbag.tests\bin\release\sharpbag.tests.dll" id="b32008e9-7a6b-e8be-077f-aa699d6cced0">
      <Execution id="df7c5f77-8bb7-415e-bc4d-609768cb6782" />
      <TestMethod codeBase="C:/Users/SuprDewd/Documents/Projects/SharpBag/SharpBag.Tests/bin/Release/SharpBag.Tests.DLL" adapterTypeName="Microsoft.VisualStudio.TestTools.TestTypes.Unit.UnitTestAdapter, Microsoft.VisualStudio.QualityTools.Tips.UnitTest.Adapter, Version=10.0.0.0, Culture=neutral, PublicKeyToken=b03f5f7f11d50a3a" className="SharpBag.Algorithms.PriorityQueueTTest, SharpBag.Tests, Version=0.0.0.0, Culture=neutral, PublicKeyToken=null" name="Constructor25201" />
    </UnitTest>
    <UnitTest name="PeekThrowsContractException550" storage="c:\users\suprdewd\documents\projects\sharpbag\sharpbag.tests\bin\release\sharpbag.tests.dll" id="93237b41-2edc-1e5e-efe4-c865b1af2b62">
      <Execution id="393242b3-d99d-4695-bcfc-d67f7aa6d15c" />
      <TestMethod codeBase="C:/Users/SuprDewd/Documents/Projects/SharpBag/SharpBag.Tests/bin/Release/SharpBag.Tests.DLL" adapterTypeName="Microsoft.VisualStudio.TestTools.TestTypes.Unit.UnitTestAdapter, Microsoft.VisualStudio.QualityTools.Tips.UnitTest.Adapter, Version=10.0.0.0, Culture=neutral, PublicKeyToken=b03f5f7f11d50a3a" className="SharpBag.Algorithms.PriorityQueueTTest, SharpBag.Tests, Version=0.0.0.0, Culture=neutral, PublicKeyToken=null" name="PeekThrowsContractException550" />
    </UnitTest>
    <UnitTest name="Subarray305" storage="c:\users\suprdewd\documents\projects\sharpbag\sharpbag.tests\bin\release\sharpbag.tests.dll" id="644c941d-d40b-5655-7852-107ffef9acae">
      <Execution id="0467305f-cfbe-41a0-8c6d-327b55d8eba0" />
      <TestMethod codeBase="C:/Users/SuprDewd/Documents/Projects/SharpBag/SharpBag.Tests/bin/Release/SharpBag.Tests.DLL" adapterTypeName="Microsoft.VisualStudio.TestTools.TestTypes.Unit.UnitTestAdapter, Microsoft.VisualStudio.QualityTools.Tips.UnitTest.Adapter, Version=10.0.0.0, Culture=neutral, PublicKeyToken=b03f5f7f11d50a3a" className="SharpBag.ExtensionsTest, SharpBag.Tests, Version=0.0.0.0, Culture=neutral, PublicKeyToken=null" name="Subarray305" />
    </UnitTest>
    <UnitTest name="As0198305" storage="c:\users\suprdewd\documents\projects\sharpbag\sharpbag.tests\bin\release\sharpbag.tests.dll" id="ef82270c-3036-3051-f3de-27b622229225">
      <Execution id="b81ed5cf-9223-4ee8-a903-edd56dd520d6" />
      <TestMethod codeBase="C:/Users/SuprDewd/Documents/Projects/SharpBag/SharpBag.Tests/bin/Release/SharpBag.Tests.DLL" adapterTypeName="Microsoft.VisualStudio.TestTools.TestTypes.Unit.UnitTestAdapter, Microsoft.VisualStudio.QualityTools.Tips.UnitTest.Adapter, Version=10.0.0.0, Culture=neutral, PublicKeyToken=b03f5f7f11d50a3a" className="SharpBag.ExtensionsTest, SharpBag.Tests, Version=0.0.0.0, Culture=neutral, PublicKeyToken=null" name="As0198305" />
    </UnitTest>
    <UnitTest name="Bound01171" storage="c:\users\suprdewd\documents\projects\sharpbag\sharpbag.tests\bin\release\sharpbag.tests.dll" id="2a73a8ee-edb3-255b-de40-e76f0ee6887d">
      <Execution id="6f32b7b4-95e5-4727-920a-fb745e6fbcef" />
      <TestMethod codeBase="C:/Users/SuprDewd/Documents/Projects/SharpBag/SharpBag.Tests/bin/Release/SharpBag.Tests.DLL" adapterTypeName="Microsoft.VisualStudio.TestTools.TestTypes.Unit.UnitTestAdapter, Microsoft.VisualStudio.QualityTools.Tips.UnitTest.Adapter, Version=10.0.0.0, Culture=neutral, PublicKeyToken=b03f5f7f11d50a3a" className="SharpBag.Math.MathExtensionsTest, SharpBag.Tests, Version=0.0.0.0, Culture=neutral, PublicKeyToken=null" name="Bound01171" />
    </UnitTest>
    <UnitTest name="GetEntry793" storage="c:\users\suprdewd\documents\projects\sharpbag\sharpbag.tests\bin\release\sharpbag.tests.dll" id="6e33d2cd-b750-0799-4e58-46b5850c6cde">
      <Execution id="9f956429-26af-4e5e-bae3-e81b10dd4517" />
      <TestMethod codeBase="C:/Users/SuprDewd/Documents/Projects/SharpBag/SharpBag.Tests/bin/Release/SharpBag.Tests.DLL" adapterTypeName="Microsoft.VisualStudio.TestTools.TestTypes.Unit.UnitTestAdapter, Microsoft.VisualStudio.QualityTools.Tips.UnitTest.Adapter, Version=10.0.0.0, Culture=neutral, PublicKeyToken=b03f5f7f11d50a3a" className="SharpBag.Math.PascalTriangleTest, SharpBag.Tests, Version=0.0.0.0, Culture=neutral, PublicKeyToken=null" name="GetEntry793" />
    </UnitTest>
    <UnitTest name="IfNotNull17304" storage="c:\users\suprdewd\documents\projects\sharpbag\sharpbag.tests\bin\release\sharpbag.tests.dll" id="5d4547ce-a6eb-4a5d-11b5-fd4fb3f2b4c4">
      <Execution id="a4ae2eb8-0151-4096-b9fc-aec2d8a45efc" />
      <TestMethod codeBase="C:/Users/SuprDewd/Documents/Projects/SharpBag/SharpBag.Tests/bin/Release/SharpBag.Tests.DLL" adapterTypeName="Microsoft.VisualStudio.TestTools.TestTypes.Unit.UnitTestAdapter, Microsoft.VisualStudio.QualityTools.Tips.UnitTest.Adapter, Version=10.0.0.0, Culture=neutral, PublicKeyToken=b03f5f7f11d50a3a" className="SharpBag.ExtensionsTest, SharpBag.Tests, Version=0.0.0.0, Culture=neutral, PublicKeyToken=null" name="IfNotNull17304" />
    </UnitTest>
    <UnitTest name="To0488601" storage="c:\users\suprdewd\documents\projects\sharpbag\sharpbag.tests\bin\release\sharpbag.tests.dll" id="bd00057e-88b2-1e9c-846b-ed190ddc5717">
      <Execution id="246994d9-a1b4-488e-9f35-0bbe35799f2e" />
      <TestMethod codeBase="C:/Users/SuprDewd/Documents/Projects/SharpBag/SharpBag.Tests/bin/Release/SharpBag.Tests.DLL" adapterTypeName="Microsoft.VisualStudio.TestTools.TestTypes.Unit.UnitTestAdapter, Microsoft.VisualStudio.QualityTools.Tips.UnitTest.Adapter, Version=10.0.0.0, Culture=neutral, PublicKeyToken=b03f5f7f11d50a3a" className="SharpBag.ExtensionsTest, SharpBag.Tests, Version=0.0.0.0, Culture=neutral, PublicKeyToken=null" name="To0488601" />
    </UnitTest>
    <UnitTest name="Add88504" storage="c:\users\suprdewd\documents\projects\sharpbag\sharpbag.tests\bin\release\sharpbag.tests.dll" id="92c796c7-6140-7467-0f72-263f4de0d5fd">
      <Execution id="dd985065-061f-4e24-899d-c85764517873" />
      <TestMethod codeBase="C:/Users/SuprDewd/Documents/Projects/SharpBag/SharpBag.Tests/bin/Release/SharpBag.Tests.DLL" adapterTypeName="Microsoft.VisualStudio.TestTools.TestTypes.Unit.UnitTestAdapter, Microsoft.VisualStudio.QualityTools.Tips.UnitTest.Adapter, Version=10.0.0.0, Culture=neutral, PublicKeyToken=b03f5f7f11d50a3a" className="SharpBag.ExtensionsTest, SharpBag.Tests, Version=0.0.0.0, Culture=neutral, PublicKeyToken=null" name="Add88504" />
    </UnitTest>
    <UnitTest name="As0130305" storage="c:\users\suprdewd\documents\projects\sharpbag\sharpbag.tests\bin\release\sharpbag.tests.dll" id="6a1f2a29-ccc8-fc38-2175-50dd5959bbb5">
      <Execution id="53672acb-41e3-4f32-8c89-97bd93ffe736" />
      <TestMethod codeBase="C:/Users/SuprDewd/Documents/Projects/SharpBag/SharpBag.Tests/bin/Release/SharpBag.Tests.DLL" adapterTypeName="Microsoft.VisualStudio.TestTools.TestTypes.Unit.UnitTestAdapter, Microsoft.VisualStudio.QualityTools.Tips.UnitTest.Adapter, Version=10.0.0.0, Culture=neutral, PublicKeyToken=b03f5f7f11d50a3a" className="SharpBag.ExtensionsTest, SharpBag.Tests, Version=0.0.0.0, Culture=neutral, PublicKeyToken=null" name="As0130305" />
    </UnitTest>
    <UnitTest name="Fill0110505" storage="c:\users\suprdewd\documents\projects\sharpbag\sharpbag.tests\bin\release\sharpbag.tests.dll" id="54298867-2de1-54e3-939d-7ba756012afc">
      <Execution id="7cf2173d-23b5-4a06-8585-35ffe18e33cf" />
      <TestMethod codeBase="C:/Users/SuprDewd/Documents/Projects/SharpBag/SharpBag.Tests/bin/Release/SharpBag.Tests.DLL" adapterTypeName="Microsoft.VisualStudio.TestTools.TestTypes.Unit.UnitTestAdapter, Microsoft.VisualStudio.QualityTools.Tips.UnitTest.Adapter, Version=10.0.0.0, Culture=neutral, PublicKeyToken=b03f5f7f11d50a3a" className="SharpBag.ExtensionsTest, SharpBag.Tests, Version=0.0.0.0, Culture=neutral, PublicKeyToken=null" name="Fill0110505" />
    </UnitTest>
    <UnitTest name="Bound415" storage="c:\users\suprdewd\documents\projects\sharpbag\sharpbag.tests\bin\release\sharpbag.tests.dll" id="b56ad954-f39f-415d-b4cd-5cf900faebf0">
      <Execution id="0482e5d0-922c-45ed-a2a4-7a9b69430af9" />
      <TestMethod codeBase="C:/Users/SuprDewd/Documents/Projects/SharpBag/SharpBag.Tests/bin/Release/SharpBag.Tests.DLL" adapterTypeName="Microsoft.VisualStudio.TestTools.TestTypes.Unit.UnitTestAdapter, Microsoft.VisualStudio.QualityTools.Tips.UnitTest.Adapter, Version=10.0.0.0, Culture=neutral, PublicKeyToken=b03f5f7f11d50a3a" className="SharpBag.Math.MathExtensionsTest, SharpBag.Tests, Version=0.0.0.0, Culture=neutral, PublicKeyToken=null" name="Bound415" />
    </UnitTest>
    <UnitTest name="NullOrThrowsContractException745" storage="c:\users\suprdewd\documents\projects\sharpbag\sharpbag.tests\bin\release\sharpbag.tests.dll" id="41c73ee5-f5f2-636b-5a9a-3a3fb22aecad">
      <Execution id="1c242d7a-b471-4c03-bd25-0bc0aff46941" />
      <TestMethod codeBase="C:/Users/SuprDewd/Documents/Projects/SharpBag/SharpBag.Tests/bin/Release/SharpBag.Tests.DLL" adapterTypeName="Microsoft.VisualStudio.TestTools.TestTypes.Unit.UnitTestAdapter, Microsoft.VisualStudio.QualityTools.Tips.UnitTest.Adapter, Version=10.0.0.0, Culture=neutral, PublicKeyToken=b03f5f7f11d50a3a" className="SharpBag.ExtensionsTest, SharpBag.Tests, Version=0.0.0.0, Culture=neutral, PublicKeyToken=null" name="NullOrThrowsContractException745" />
    </UnitTest>
    <UnitTest name="NullOr90704" storage="c:\users\suprdewd\documents\projects\sharpbag\sharpbag.tests\bin\release\sharpbag.tests.dll" id="603d3527-31ad-433b-f22d-64c8d067b62d">
      <Execution id="05c43783-36c6-4804-b92f-0e4b38e454ff" />
      <TestMethod codeBase="C:/Users/SuprDewd/Documents/Projects/SharpBag/SharpBag.Tests/bin/Release/SharpBag.Tests.DLL" adapterTypeName="Microsoft.VisualStudio.TestTools.TestTypes.Unit.UnitTestAdapter, Microsoft.VisualStudio.QualityTools.Tips.UnitTest.Adapter, Version=10.0.0.0, Culture=neutral, PublicKeyToken=b03f5f7f11d50a3a" className="SharpBag.ExtensionsTest, SharpBag.Tests, Version=0.0.0.0, Culture=neutral, PublicKeyToken=null" name="NullOr90704" />
    </UnitTest>
    <UnitTest name="As0163218" storage="c:\users\suprdewd\documents\projects\sharpbag\sharpbag.tests\bin\release\sharpbag.tests.dll" id="3403c50d-2a71-9a27-1ea8-652ff438ba45">
      <Execution id="bb68d814-03e6-412d-b957-bdcf5953dcd7" />
      <TestMethod codeBase="C:/Users/SuprDewd/Documents/Projects/SharpBag/SharpBag.Tests/bin/Release/SharpBag.Tests.DLL" adapterTypeName="Microsoft.VisualStudio.TestTools.TestTypes.Unit.UnitTestAdapter, Microsoft.VisualStudio.QualityTools.Tips.UnitTest.Adapter, Version=10.0.0.0, Culture=neutral, PublicKeyToken=b03f5f7f11d50a3a" className="SharpBag.ExtensionsTest, SharpBag.Tests, Version=0.0.0.0, Culture=neutral, PublicKeyToken=null" name="As0163218" />
    </UnitTest>
    <UnitTest name="As0163234" storage="c:\users\suprdewd\documents\projects\sharpbag\sharpbag.tests\bin\release\sharpbag.tests.dll" id="d0140d76-78ce-58b3-2274-c95b28b0ccfb">
      <Execution id="7c3a8bfa-39c5-43b0-ae9c-5e196cb3a176" />
      <TestMethod codeBase="C:/Users/SuprDewd/Documents/Projects/SharpBag/SharpBag.Tests/bin/Release/SharpBag.Tests.DLL" adapterTypeName="Microsoft.VisualStudio.TestTools.TestTypes.Unit.UnitTestAdapter, Microsoft.VisualStudio.QualityTools.Tips.UnitTest.Adapter, Version=10.0.0.0, Culture=neutral, PublicKeyToken=b03f5f7f11d50a3a" className="SharpBag.ExtensionsTest, SharpBag.Tests, Version=0.0.0.0, Culture=neutral, PublicKeyToken=null" name="As0163234" />
    </UnitTest>
    <UnitTest name="Shuffle960" storage="c:\users\suprdewd\documents\projects\sharpbag\sharpbag.tests\bin\release\sharpbag.tests.dll" id="78cde1d7-dc20-60c9-ac3e-224ced9a536f">
      <Execution id="23b74cdc-8397-4487-8b3c-fdc51e8f94dc" />
      <TestMethod codeBase="C:/Users/SuprDewd/Documents/Projects/SharpBag/SharpBag.Tests/bin/Release/SharpBag.Tests.DLL" adapterTypeName="Microsoft.VisualStudio.TestTools.TestTypes.Unit.UnitTestAdapter, Microsoft.VisualStudio.QualityTools.Tips.UnitTest.Adapter, Version=10.0.0.0, Culture=neutral, PublicKeyToken=b03f5f7f11d50a3a" className="SharpBag.ExtensionsTest, SharpBag.Tests, Version=0.0.0.0, Culture=neutral, PublicKeyToken=null" name="Shuffle960" />
    </UnitTest>
    <UnitTest name="To203" storage="c:\users\suprdewd\documents\projects\sharpbag\sharpbag.tests\bin\release\sharpbag.tests.dll" id="2f442340-39d2-2141-feae-caa93af13693">
      <Execution id="1954b8e0-f9b9-4fa4-84e6-9af1d2a2e96a" />
      <TestMethod codeBase="C:/Users/SuprDewd/Documents/Projects/SharpBag/SharpBag.Tests/bin/Release/SharpBag.Tests.DLL" adapterTypeName="Microsoft.VisualStudio.TestTools.TestTypes.Unit.UnitTestAdapter, Microsoft.VisualStudio.QualityTools.Tips.UnitTest.Adapter, Version=10.0.0.0, Culture=neutral, PublicKeyToken=b03f5f7f11d50a3a" className="SharpBag.ExtensionsTest, SharpBag.Tests, Version=0.0.0.0, Culture=neutral, PublicKeyToken=null" name="To203" />
    </UnitTest>
    <UnitTest name="IsNullOrEmpty177" storage="c:\users\suprdewd\documents\projects\sharpbag\sharpbag.tests\bin\release\sharpbag.tests.dll" id="14e07649-4bb1-965c-d352-f5e6a62d38fd">
      <Execution id="77827704-4937-4750-bbde-08938369f879" />
      <TestMethod codeBase="C:/Users/SuprDewd/Documents/Projects/SharpBag/SharpBag.Tests/bin/Release/SharpBag.Tests.DLL" adapterTypeName="Microsoft.VisualStudio.TestTools.TestTypes.Unit.UnitTestAdapter, Microsoft.VisualStudio.QualityTools.Tips.UnitTest.Adapter, Version=10.0.0.0, Culture=neutral, PublicKeyToken=b03f5f7f11d50a3a" className="SharpBag.ExtensionsTest, SharpBag.Tests, Version=0.0.0.0, Culture=neutral, PublicKeyToken=null" name="IsNullOrEmpty177" />
    </UnitTest>
    <UnitTest name="NextStringThrowsContractException707" storage="c:\users\suprdewd\documents\projects\sharpbag\sharpbag.tests\bin\release\sharpbag.tests.dll" id="5d3e9240-0aab-ea59-1a14-d23dae50d829">
      <Execution id="846f8412-f270-45c9-b338-ad97786664f2" />
      <TestMethod codeBase="C:/Users/SuprDewd/Documents/Projects/SharpBag/SharpBag.Tests/bin/Release/SharpBag.Tests.DLL" adapterTypeName="Microsoft.VisualStudio.TestTools.TestTypes.Unit.UnitTestAdapter, Microsoft.VisualStudio.QualityTools.Tips.UnitTest.Adapter, Version=10.0.0.0, Culture=neutral, PublicKeyToken=b03f5f7f11d50a3a" className="SharpBag.RandomExtensionsTest, SharpBag.Tests, Version=0.0.0.0, Culture=neutral, PublicKeyToken=null" name="NextStringThrowsContractException707" />
    </UnitTest>
    <UnitTest name="GetByPercentThrowsContractException15101" storage="c:\users\suprdewd\documents\projects\sharpbag\sharpbag.tests\bin\release\sharpbag.tests.dll" id="3c579db0-0876-cedf-1e56-2a6de957c366">
      <Execution id="f2085996-9ad1-4622-93d9-56175ed95ce6" />
      <TestMethod codeBase="C:/Users/SuprDewd/Documents/Projects/SharpBag/SharpBag.Tests/bin/Release/SharpBag.Tests.DLL" adapterTypeName="Microsoft.VisualStudio.TestTools.TestTypes.Unit.UnitTestAdapter, Microsoft.VisualStudio.QualityTools.Tips.UnitTest.Adapter, Version=10.0.0.0, Culture=neutral, PublicKeyToken=b03f5f7f11d50a3a" className="SharpBag.ExtensionsTest, SharpBag.Tests, Version=0.0.0.0, Culture=neutral, PublicKeyToken=null" name="GetByPercentThrowsContractException15101" />
    </UnitTest>
    <UnitTest name="GetSubRectangles932" storage="c:\users\suprdewd\documents\projects\sharpbag\sharpbag.tests\bin\release\sharpbag.tests.dll" id="619cbe95-853c-eb3c-526b-15e254b297ac">
      <Execution id="cb044f1d-6d74-4ee4-980a-dc16b95b3a46" />
      <TestMethod codeBase="C:/Users/SuprDewd/Documents/Projects/SharpBag/SharpBag.Tests/bin/Release/SharpBag.Tests.DLL" adapterTypeName="Microsoft.VisualStudio.TestTools.TestTypes.Unit.UnitTestAdapter, Microsoft.VisualStudio.QualityTools.Tips.UnitTest.Adapter, Version=10.0.0.0, Culture=neutral, PublicKeyToken=b03f5f7f11d50a3a" className="SharpBag.Media.MediaExtensionsTest, SharpBag.Tests, Version=0.0.0.0, Culture=neutral, PublicKeyToken=null" name="GetSubRectangles932" />
    </UnitTest>
    <UnitTest name="As014" storage="c:\users\suprdewd\documents\projects\sharpbag\sharpbag.tests\bin\release\sharpbag.tests.dll" id="7edd5b56-0f03-8716-c3c8-130b2e422ca5">
      <Execution id="d58f6a32-04fb-4ea8-8321-889b98d5dfd1" />
      <TestMethod codeBase="C:/Users/SuprDewd/Documents/Projects/SharpBag/SharpBag.Tests/bin/Release/SharpBag.Tests.DLL" adapterTypeName="Microsoft.VisualStudio.TestTools.TestTypes.Unit.UnitTestAdapter, Microsoft.VisualStudio.QualityTools.Tips.UnitTest.Adapter, Version=10.0.0.0, Culture=neutral, PublicKeyToken=b03f5f7f11d50a3a" className="SharpBag.ExtensionsTest, SharpBag.Tests, Version=0.0.0.0, Culture=neutral, PublicKeyToken=null" name="As014" />
    </UnitTest>
    <UnitTest name="NullOr90701" storage="c:\users\suprdewd\documents\projects\sharpbag\sharpbag.tests\bin\release\sharpbag.tests.dll" id="4183213a-6645-16c2-af8b-e5bfcf7442d8">
      <Execution id="1035ed9c-cc5e-401a-a270-c95739a1121f" />
      <TestMethod codeBase="C:/Users/SuprDewd/Documents/Projects/SharpBag/SharpBag.Tests/bin/Release/SharpBag.Tests.DLL" adapterTypeName="Microsoft.VisualStudio.TestTools.TestTypes.Unit.UnitTestAdapter, Microsoft.VisualStudio.QualityTools.Tips.UnitTest.Adapter, Version=10.0.0.0, Culture=neutral, PublicKeyToken=b03f5f7f11d50a3a" className="SharpBag.ExtensionsTest, SharpBag.Tests, Version=0.0.0.0, Culture=neutral, PublicKeyToken=null" name="NullOr90701" />
    </UnitTest>
    <UnitTest name="ForEach78802" storage="c:\users\suprdewd\documents\projects\sharpbag\sharpbag.tests\bin\release\sharpbag.tests.dll" id="34aa3cd1-c558-0302-e5aa-355d37850848">
      <Execution id="f3d3d14b-2bb3-48a5-b9ac-ccb2607eca57" />
      <TestMethod codeBase="C:/Users/SuprDewd/Documents/Projects/SharpBag/SharpBag.Tests/bin/Release/SharpBag.Tests.DLL" adapterTypeName="Microsoft.VisualStudio.TestTools.TestTypes.Unit.UnitTestAdapter, Microsoft.VisualStudio.QualityTools.Tips.UnitTest.Adapter, Version=10.0.0.0, Culture=neutral, PublicKeyToken=b03f5f7f11d50a3a" className="SharpBag.ExtensionsTest, SharpBag.Tests, Version=0.0.0.0, Culture=neutral, PublicKeyToken=null" name="ForEach78802" />
    </UnitTest>
    <UnitTest name="Fill0157102" storage="c:\users\suprdewd\documents\projects\sharpbag\sharpbag.tests\bin\release\sharpbag.tests.dll" id="80003646-df99-feba-93b2-6a809b884bf6">
      <Execution id="9bdb6a22-7f6f-434d-815f-f9f74c3d75d9" />
      <TestMethod codeBase="C:/Users/SuprDewd/Documents/Projects/SharpBag/SharpBag.Tests/bin/Release/SharpBag.Tests.DLL" adapterTypeName="Microsoft.VisualStudio.TestTools.TestTypes.Unit.UnitTestAdapter, Microsoft.VisualStudio.QualityTools.Tips.UnitTest.Adapter, Version=10.0.0.0, Culture=neutral, PublicKeyToken=b03f5f7f11d50a3a" className="SharpBag.ExtensionsTest, SharpBag.Tests, Version=0.0.0.0, Culture=neutral, PublicKeyToken=null" name="Fill0157102" />
    </UnitTest>
    <UnitTest name="As21518" storage="c:\users\suprdewd\documents\projects\sharpbag\sharpbag.tests\bin\release\sharpbag.tests.dll" id="1cdb2f2c-09f6-d6d8-6d16-a0ea90824aba">
      <Execution id="d92f0ae5-cf45-4d0a-9b3a-818c24d3fc1c" />
      <TestMethod codeBase="C:/Users/SuprDewd/Documents/Projects/SharpBag/SharpBag.Tests/bin/Release/SharpBag.Tests.DLL" adapterTypeName="Microsoft.VisualStudio.TestTools.TestTypes.Unit.UnitTestAdapter, Microsoft.VisualStudio.QualityTools.Tips.UnitTest.Adapter, Version=10.0.0.0, Culture=neutral, PublicKeyToken=b03f5f7f11d50a3a" className="SharpBag.ExtensionsTest, SharpBag.Tests, Version=0.0.0.0, Culture=neutral, PublicKeyToken=null" name="As21518" />
    </UnitTest>
    <UnitTest name="ForEach90801" storage="c:\users\suprdewd\documents\projects\sharpbag\sharpbag.tests\bin\release\sharpbag.tests.dll" id="f51de229-4761-6e36-e9f5-2ae1d5b346f0">
      <Execution id="62fe9af1-1b67-4def-bff3-7b5e0cb86535" />
      <TestMethod codeBase="C:/Users/SuprDewd/Documents/Projects/SharpBag/SharpBag.Tests/bin/Release/SharpBag.Tests.DLL" adapterTypeName="Microsoft.VisualStudio.TestTools.TestTypes.Unit.UnitTestAdapter, Microsoft.VisualStudio.QualityTools.Tips.UnitTest.Adapter, Version=10.0.0.0, Culture=neutral, PublicKeyToken=b03f5f7f11d50a3a" className="SharpBag.ExtensionsTest, SharpBag.Tests, Version=0.0.0.0, Culture=neutral, PublicKeyToken=null" name="ForEach90801" />
    </UnitTest>
    <UnitTest name="IsNullOrEmpty963" storage="c:\users\suprdewd\documents\projects\sharpbag\sharpbag.tests\bin\release\sharpbag.tests.dll" id="c764531a-8b43-978a-82fa-64e183192f81">
      <Execution id="ccb233bb-4489-4890-9e22-70704b21ecc4" />
      <TestMethod codeBase="C:/Users/SuprDewd/Documents/Projects/SharpBag/SharpBag.Tests/bin/Release/SharpBag.Tests.DLL" adapterTypeName="Microsoft.VisualStudio.TestTools.TestTypes.Unit.UnitTestAdapter, Microsoft.VisualStudio.QualityTools.Tips.UnitTest.Adapter, Version=10.0.0.0, Culture=neutral, PublicKeyToken=b03f5f7f11d50a3a" className="SharpBag.ExtensionsTest, SharpBag.Tests, Version=0.0.0.0, Culture=neutral, PublicKeyToken=null" name="IsNullOrEmpty963" />
    </UnitTest>
    <UnitTest name="Fill0157103" storage="c:\users\suprdewd\documents\projects\sharpbag\sharpbag.tests\bin\release\sharpbag.tests.dll" id="e77c7ab7-183b-1f93-57a3-77e0403bec4c">
      <Execution id="7d2ca08e-c9c5-496b-8cd5-4a19a562aed4" />
      <TestMethod codeBase="C:/Users/SuprDewd/Documents/Projects/SharpBag/SharpBag.Tests/bin/Release/SharpBag.Tests.DLL" adapterTypeName="Microsoft.VisualStudio.TestTools.TestTypes.Unit.UnitTestAdapter, Microsoft.VisualStudio.QualityTools.Tips.UnitTest.Adapter, Version=10.0.0.0, Culture=neutral, PublicKeyToken=b03f5f7f11d50a3a" className="SharpBag.ExtensionsTest, SharpBag.Tests, Version=0.0.0.0, Culture=neutral, PublicKeyToken=null" name="Fill0157103" />
    </UnitTest>
    <UnitTest name="ForEach788" storage="c:\users\suprdewd\documents\projects\sharpbag\sharpbag.tests\bin\release\sharpbag.tests.dll" id="81c4858e-2ab2-b121-25c5-9c96ee04a442">
      <Execution id="a9b9db9e-5caf-4046-a2f8-69389442e859" />
      <TestMethod codeBase="C:/Users/SuprDewd/Documents/Projects/SharpBag/SharpBag.Tests/bin/Release/SharpBag.Tests.DLL" adapterTypeName="Microsoft.VisualStudio.TestTools.TestTypes.Unit.UnitTestAdapter, Microsoft.VisualStudio.QualityTools.Tips.UnitTest.Adapter, Version=10.0.0.0, Culture=neutral, PublicKeyToken=b03f5f7f11d50a3a" className="SharpBag.ExtensionsTest, SharpBag.Tests, Version=0.0.0.0, Culture=neutral, PublicKeyToken=null" name="ForEach788" />
    </UnitTest>
    <UnitTest name="IfNotNull47702" storage="c:\users\suprdewd\documents\projects\sharpbag\sharpbag.tests\bin\release\sharpbag.tests.dll" id="db3b4c9b-bf56-f07b-1edd-3db630376de3">
      <Execution id="c0fb866a-494a-46ee-a9f4-c5e4b2a62406" />
      <TestMethod codeBase="C:/Users/SuprDewd/Documents/Projects/SharpBag/SharpBag.Tests/bin/Release/SharpBag.Tests.DLL" adapterTypeName="Microsoft.VisualStudio.TestTools.TestTypes.Unit.UnitTestAdapter, Microsoft.VisualStudio.QualityTools.Tips.UnitTest.Adapter, Version=10.0.0.0, Culture=neutral, PublicKeyToken=b03f5f7f11d50a3a" className="SharpBag.ExtensionsTest, SharpBag.Tests, Version=0.0.0.0, Culture=neutral, PublicKeyToken=null" name="IfNotNull47702" />
    </UnitTest>
    <UnitTest name="NullOr90705" storage="c:\users\suprdewd\documents\projects\sharpbag\sharpbag.tests\bin\release\sharpbag.tests.dll" id="0b76aeed-ae7b-38c5-60da-c9243d875dc1">
      <Execution id="ba5f4d54-ad0f-4d90-bc97-a3ed7b5a8a10" />
      <TestMethod codeBase="C:/Users/SuprDewd/Documents/Projects/SharpBag/SharpBag.Tests/bin/Release/SharpBag.Tests.DLL" adapterTypeName="Microsoft.VisualStudio.TestTools.TestTypes.Unit.UnitTestAdapter, Microsoft.VisualStudio.QualityTools.Tips.UnitTest.Adapter, Version=10.0.0.0, Culture=neutral, PublicKeyToken=b03f5f7f11d50a3a" className="SharpBag.ExtensionsTest, SharpBag.Tests, Version=0.0.0.0, Culture=neutral, PublicKeyToken=null" name="NullOr90705" />
    </UnitTest>
    <UnitTest name="As0163247" storage="c:\users\suprdewd\documents\projects\sharpbag\sharpbag.tests\bin\release\sharpbag.tests.dll" id="b20907a7-3144-45e5-c78a-5e9a4f58d7c0">
      <Execution id="868e772b-36fd-4255-b856-58c0bf4da439" />
      <TestMethod codeBase="C:/Users/SuprDewd/Documents/Projects/SharpBag/SharpBag.Tests/bin/Release/SharpBag.Tests.DLL" adapterTypeName="Microsoft.VisualStudio.TestTools.TestTypes.Unit.UnitTestAdapter, Microsoft.VisualStudio.QualityTools.Tips.UnitTest.Adapter, Version=10.0.0.0, Culture=neutral, PublicKeyToken=b03f5f7f11d50a3a" className="SharpBag.ExtensionsTest, SharpBag.Tests, Version=0.0.0.0, Culture=neutral, PublicKeyToken=null" name="As0163247" />
    </UnitTest>
    <UnitTest name="To02632" storage="c:\users\suprdewd\documents\projects\sharpbag\sharpbag.tests\bin\release\sharpbag.tests.dll" id="31a88d64-bb5b-6217-2758-d493dee381b6">
      <Execution id="440fc192-ad85-40e5-bda3-8938a85518fa" />
      <TestMethod codeBase="C:/Users/SuprDewd/Documents/Projects/SharpBag/SharpBag.Tests/bin/Release/SharpBag.Tests.DLL" adapterTypeName="Microsoft.VisualStudio.TestTools.TestTypes.Unit.UnitTestAdapter, Microsoft.VisualStudio.QualityTools.Tips.UnitTest.Adapter, Version=10.0.0.0, Culture=neutral, PublicKeyToken=b03f5f7f11d50a3a" className="SharpBag.ExtensionsTest, SharpBag.Tests, Version=0.0.0.0, Culture=neutral, PublicKeyToken=null" name="To02632" />
    </UnitTest>
    <UnitTest name="TimesThrowsContractException662" storage="c:\users\suprdewd\documents\projects\sharpbag\sharpbag.tests\bin\release\sharpbag.tests.dll" id="90427aa6-8cf4-b956-2b3f-9546b7107ae7">
      <Execution id="4cd8496b-4718-4ebc-9f58-42744a3b9c7f" />
      <TestMethod codeBase="C:/Users/SuprDewd/Documents/Projects/SharpBag/SharpBag.Tests/bin/Release/SharpBag.Tests.DLL" adapterTypeName="Microsoft.VisualStudio.TestTools.TestTypes.Unit.UnitTestAdapter, Microsoft.VisualStudio.QualityTools.Tips.UnitTest.Adapter, Version=10.0.0.0, Culture=neutral, PublicKeyToken=b03f5f7f11d50a3a" className="SharpBag.ExtensionsTest, SharpBag.Tests, Version=0.0.0.0, Culture=neutral, PublicKeyToken=null" name="TimesThrowsContractException662" />
    </UnitTest>
    <UnitTest name="To03ThrowsContractException968" storage="c:\users\suprdewd\documents\projects\sharpbag\sharpbag.tests\bin\release\sharpbag.tests.dll" id="8f15350a-b612-7c9b-89ff-1e54a29d9340">
      <Execution id="4be19052-6276-4e2e-a744-58fc5bd84b1a" />
      <TestMethod codeBase="C:/Users/SuprDewd/Documents/Projects/SharpBag/SharpBag.Tests/bin/Release/SharpBag.Tests.DLL" adapterTypeName="Microsoft.VisualStudio.TestTools.TestTypes.Unit.UnitTestAdapter, Microsoft.VisualStudio.QualityTools.Tips.UnitTest.Adapter, Version=10.0.0.0, Culture=neutral, PublicKeyToken=b03f5f7f11d50a3a" className="SharpBag.ExtensionsTest, SharpBag.Tests, Version=0.0.0.0, Culture=neutral, PublicKeyToken=null" name="To03ThrowsContractException968" />
    </UnitTest>
    <UnitTest name="Fill0168801" storage="c:\users\suprdewd\documents\projects\sharpbag\sharpbag.tests\bin\release\sharpbag.tests.dll" id="bdf76499-e0f6-3d7b-4432-982ba6c3b223">
      <Execution id="eff39ec8-a88b-4a88-9791-93b963c14c4b" />
      <TestMethod codeBase="C:/Users/SuprDewd/Documents/Projects/SharpBag/SharpBag.Tests/bin/Release/SharpBag.Tests.DLL" adapterTypeName="Microsoft.VisualStudio.TestTools.TestTypes.Unit.UnitTestAdapter, Microsoft.VisualStudio.QualityTools.Tips.UnitTest.Adapter, Version=10.0.0.0, Culture=neutral, PublicKeyToken=b03f5f7f11d50a3a" className="SharpBag.ExtensionsTest, SharpBag.Tests, Version=0.0.0.0, Culture=neutral, PublicKeyToken=null" name="Fill0168801" />
    </UnitTest>
    <UnitTest name="CollatzCount01606" storage="c:\users\suprdewd\documents\projects\sharpbag\sharpbag.tests\bin\release\sharpbag.tests.dll" id="3cd79fab-d2b4-f532-5d2a-fc7f89f94523">
      <Execution id="2af1bc3a-987d-429e-99d3-8d9174d22eb2" />
      <TestMethod codeBase="C:/Users/SuprDewd/Documents/Projects/SharpBag/SharpBag.Tests/bin/Release/SharpBag.Tests.DLL" adapterTypeName="Microsoft.VisualStudio.TestTools.TestTypes.Unit.UnitTestAdapter, Microsoft.VisualStudio.QualityTools.Tips.UnitTest.Adapter, Version=10.0.0.0, Culture=neutral, PublicKeyToken=b03f5f7f11d50a3a" className="SharpBag.Math.MathExtensionsTest, SharpBag.Tests, Version=0.0.0.0, Culture=neutral, PublicKeyToken=null" name="CollatzCount01606" />
    </UnitTest>
    <UnitTest name="IsNullableTypeThrowsContractException691" storage="c:\users\suprdewd\documents\projects\sharpbag\sharpbag.tests\bin\release\sharpbag.tests.dll" id="72d5e817-798e-11fb-c5e1-586687370685">
      <Execution id="94d8cedf-71f8-4240-95ec-556e838030f3" />
      <TestMethod codeBase="C:/Users/SuprDewd/Documents/Projects/SharpBag/SharpBag.Tests/bin/Release/SharpBag.Tests.DLL" adapterTypeName="Microsoft.VisualStudio.TestTools.TestTypes.Unit.UnitTestAdapter, Microsoft.VisualStudio.QualityTools.Tips.UnitTest.Adapter, Version=10.0.0.0, Culture=neutral, PublicKeyToken=b03f5f7f11d50a3a" className="SharpBag.ExtensionsTest, SharpBag.Tests, Version=0.0.0.0, Culture=neutral, PublicKeyToken=null" name="IsNullableTypeThrowsContractException691" />
    </UnitTest>
    <UnitTest name="GetSubRectangles179" storage="c:\users\suprdewd\documents\projects\sharpbag\sharpbag.tests\bin\release\sharpbag.tests.dll" id="3cd342db-3464-b39f-d797-78a5b44d7bab">
      <Execution id="8b6429cf-3238-4207-b009-d3ec91473cd7" />
      <TestMethod codeBase="C:/Users/SuprDewd/Documents/Projects/SharpBag/SharpBag.Tests/bin/Release/SharpBag.Tests.DLL" adapterTypeName="Microsoft.VisualStudio.TestTools.TestTypes.Unit.UnitTestAdapter, Microsoft.VisualStudio.QualityTools.Tips.UnitTest.Adapter, Version=10.0.0.0, Culture=neutral, PublicKeyToken=b03f5f7f11d50a3a" className="SharpBag.Media.MediaExtensionsTest, SharpBag.Tests, Version=0.0.0.0, Culture=neutral, PublicKeyToken=null" name="GetSubRectangles179" />
    </UnitTest>
    <UnitTest name="ItemSetThrowsContractException48" storage="c:\users\suprdewd\documents\projects\sharpbag\sharpbag.tests\bin\release\sharpbag.tests.dll" id="a5e95aa9-bc38-31cc-9093-9339a7e10a1b">
      <Execution id="e40cb663-4170-45b6-bcae-35a63a5a7f66" />
      <TestMethod codeBase="C:/Users/SuprDewd/Documents/Projects/SharpBag/SharpBag.Tests/bin/Release/SharpBag.Tests.DLL" adapterTypeName="Microsoft.VisualStudio.TestTools.TestTypes.Unit.UnitTestAdapter, Microsoft.VisualStudio.QualityTools.Tips.UnitTest.Adapter, Version=10.0.0.0, Culture=neutral, PublicKeyToken=b03f5f7f11d50a3a" className="SharpBag.Algorithms.PriorityQueueTTest, SharpBag.Tests, Version=0.0.0.0, Culture=neutral, PublicKeyToken=null" name="ItemSetThrowsContractException48" />
    </UnitTest>
    <UnitTest name="IterThrowsContractException577" storage="c:\users\suprdewd\documents\projects\sharpbag\sharpbag.tests\bin\release\sharpbag.tests.dll" id="f379b7c1-eb43-f239-1226-f41b6efc1dcd">
      <Execution id="6bf1a7bc-d55b-4e3e-895b-3502698196f1" />
      <TestMethod codeBase="C:/Users/SuprDewd/Documents/Projects/SharpBag/SharpBag.Tests/bin/Release/SharpBag.Tests.DLL" adapterTypeName="Microsoft.VisualStudio.TestTools.TestTypes.Unit.UnitTestAdapter, Microsoft.VisualStudio.QualityTools.Tips.UnitTest.Adapter, Version=10.0.0.0, Culture=neutral, PublicKeyToken=b03f5f7f11d50a3a" className="SharpBag.ExtensionsTest, SharpBag.Tests, Version=0.0.0.0, Culture=neutral, PublicKeyToken=null" name="IterThrowsContractException577" />
    </UnitTest>
    <UnitTest name="As76301" storage="c:\users\suprdewd\documents\projects\sharpbag\sharpbag.tests\bin\release\sharpbag.tests.dll" id="14c4d8f7-99c5-9b56-48f1-16bece872cd1">
      <Execution id="269faf0e-3bc5-4269-b849-4efa4fd83869" />
      <TestMethod codeBase="C:/Users/SuprDewd/Documents/Projects/SharpBag/SharpBag.Tests/bin/Release/SharpBag.Tests.DLL" adapterTypeName="Microsoft.VisualStudio.TestTools.TestTypes.Unit.UnitTestAdapter, Microsoft.VisualStudio.QualityTools.Tips.UnitTest.Adapter, Version=10.0.0.0, Culture=neutral, PublicKeyToken=b03f5f7f11d50a3a" className="SharpBag.ExtensionsTest, SharpBag.Tests, Version=0.0.0.0, Culture=neutral, PublicKeyToken=null" name="As76301" />
    </UnitTest>
    <UnitTest name="Fill0110504" storage="c:\users\suprdewd\documents\projects\sharpbag\sharpbag.tests\bin\release\sharpbag.tests.dll" id="1c5ab376-6152-4272-31e3-55dc91a07a86">
      <Execution id="23c756dd-0f52-44ec-99ae-f3be818568f9" />
      <TestMethod codeBase="C:/Users/SuprDewd/Documents/Projects/SharpBag/SharpBag.Tests/bin/Release/SharpBag.Tests.DLL" adapterTypeName="Microsoft.VisualStudio.TestTools.TestTypes.Unit.UnitTestAdapter, Microsoft.VisualStudio.QualityTools.Tips.UnitTest.Adapter, Version=10.0.0.0, Culture=neutral, PublicKeyToken=b03f5f7f11d50a3a" className="SharpBag.ExtensionsTest, SharpBag.Tests, Version=0.0.0.0, Culture=neutral, PublicKeyToken=null" name="Fill0110504" />
    </UnitTest>
    <UnitTest name="CastAs434" storage="c:\users\suprdewd\documents\projects\sharpbag\sharpbag.tests\bin\release\sharpbag.tests.dll" id="17cbf434-78e7-42a5-6758-242cc94ac703">
      <Execution id="a4ecb52d-157a-4128-9f8a-c59e1ce06a64" />
      <TestMethod codeBase="C:/Users/SuprDewd/Documents/Projects/SharpBag/SharpBag.Tests/bin/Release/SharpBag.Tests.DLL" adapterTypeName="Microsoft.VisualStudio.TestTools.TestTypes.Unit.UnitTestAdapter, Microsoft.VisualStudio.QualityTools.Tips.UnitTest.Adapter, Version=10.0.0.0, Culture=neutral, PublicKeyToken=b03f5f7f11d50a3a" className="SharpBag.ExtensionsTest, SharpBag.Tests, Version=0.0.0.0, Culture=neutral, PublicKeyToken=null" name="CastAs434" />
    </UnitTest>
    <UnitTest name="CollatzCount01735" storage="c:\users\suprdewd\documents\projects\sharpbag\sharpbag.tests\bin\release\sharpbag.tests.dll" id="a5cd160e-17d6-fbbc-87f0-05f243caef08">
      <Execution id="b0ca9a51-068b-496d-b856-ef6c713f6bb7" />
      <TestMethod codeBase="C:/Users/SuprDewd/Documents/Projects/SharpBag/SharpBag.Tests/bin/Release/SharpBag.Tests.DLL" adapterTypeName="Microsoft.VisualStudio.TestTools.TestTypes.Unit.UnitTestAdapter, Microsoft.VisualStudio.QualityTools.Tips.UnitTest.Adapter, Version=10.0.0.0, Culture=neutral, PublicKeyToken=b03f5f7f11d50a3a" className="SharpBag.Math.MathExtensionsTest, SharpBag.Tests, Version=0.0.0.0, Culture=neutral, PublicKeyToken=null" name="CollatzCount01735" />
    </UnitTest>
    <UnitTest name="WithThrowsContractException374" storage="c:\users\suprdewd\documents\projects\sharpbag\sharpbag.tests\bin\release\sharpbag.tests.dll" id="e18cfbc3-f9cf-311e-f710-177b71a46e6d">
      <Execution id="4ddc1402-2997-4b72-be28-0294da92f25e" />
      <TestMethod codeBase="C:/Users/SuprDewd/Documents/Projects/SharpBag/SharpBag.Tests/bin/Release/SharpBag.Tests.DLL" adapterTypeName="Microsoft.VisualStudio.TestTools.TestTypes.Unit.UnitTestAdapter, Microsoft.VisualStudio.QualityTools.Tips.UnitTest.Adapter, Version=10.0.0.0, Culture=neutral, PublicKeyToken=b03f5f7f11d50a3a" className="SharpBag.ExtensionsTest, SharpBag.Tests, Version=0.0.0.0, Culture=neutral, PublicKeyToken=null" name="WithThrowsContractException374" />
    </UnitTest>
    <UnitTest name="As01401" storage="c:\users\suprdewd\documents\projects\sharpbag\sharpbag.tests\bin\release\sharpbag.tests.dll" id="5b905b9d-179c-2930-2f2f-ad7751aea174">
      <Execution id="2c9ff977-978b-42e1-8f92-867b520d90b3" />
      <TestMethod codeBase="C:/Users/SuprDewd/Documents/Projects/SharpBag/SharpBag.Tests/bin/Release/SharpBag.Tests.DLL" adapterTypeName="Microsoft.VisualStudio.TestTools.TestTypes.Unit.UnitTestAdapter, Microsoft.VisualStudio.QualityTools.Tips.UnitTest.Adapter, Version=10.0.0.0, Culture=neutral, PublicKeyToken=b03f5f7f11d50a3a" className="SharpBag.ExtensionsTest, SharpBag.Tests, Version=0.0.0.0, Culture=neutral, PublicKeyToken=null" name="As01401" />
    </UnitTest>
    <UnitTest name="ThrowTest" storage="c:\users\suprdewd\documents\projects\sharpbag\sharpbag.tests\bin\release\sharpbag.tests.dll" id="fbd930ae-612e-63f9-7d85-96b5097af772">
      <Execution id="d3f7456e-a253-4215-90ef-6b1c28ac6bc6" />
      <TestMethod codeBase="C:/Users/SuprDewd/Documents/Projects/SharpBag/SharpBag.Tests/bin/Release/SharpBag.Tests.DLL" adapterTypeName="Microsoft.VisualStudio.TestTools.TestTypes.Unit.UnitTestAdapter, Microsoft.VisualStudio.QualityTools.Tips.UnitTest.Adapter, Version=10.0.0.0, Culture=neutral, PublicKeyToken=b03f5f7f11d50a3a" className="SharpBag.Tests.DiceTest, SharpBag.Tests, Version=0.0.0.0, Culture=neutral, PublicKeyToken=null" name="ThrowTest" />
    </UnitTest>
    <UnitTest name="As0130303" storage="c:\users\suprdewd\documents\projects\sharpbag\sharpbag.tests\bin\release\sharpbag.tests.dll" id="a5088dbd-9f6a-bb83-e64a-07cfd5052c81">
      <Execution id="df70b5c5-50dc-4b43-98d7-6b5e50ab3099" />
      <TestMethod codeBase="C:/Users/SuprDewd/Documents/Projects/SharpBag/SharpBag.Tests/bin/Release/SharpBag.Tests.DLL" adapterTypeName="Microsoft.VisualStudio.TestTools.TestTypes.Unit.UnitTestAdapter, Microsoft.VisualStudio.QualityTools.Tips.UnitTest.Adapter, Version=10.0.0.0, Culture=neutral, PublicKeyToken=b03f5f7f11d50a3a" className="SharpBag.ExtensionsTest, SharpBag.Tests, Version=0.0.0.0, Culture=neutral, PublicKeyToken=null" name="As0130303" />
    </UnitTest>
    <UnitTest name="As0166404" storage="c:\users\suprdewd\documents\projects\sharpbag\sharpbag.tests\bin\release\sharpbag.tests.dll" id="09abec53-bc8a-0db2-1ff6-28ad5ea0f559">
      <Execution id="1e180835-0a2b-4cc6-97dc-04a0380ef038" />
      <TestMethod codeBase="C:/Users/SuprDewd/Documents/Projects/SharpBag/SharpBag.Tests/bin/Release/SharpBag.Tests.DLL" adapterTypeName="Microsoft.VisualStudio.TestTools.TestTypes.Unit.UnitTestAdapter, Microsoft.VisualStudio.QualityTools.Tips.UnitTest.Adapter, Version=10.0.0.0, Culture=neutral, PublicKeyToken=b03f5f7f11d50a3a" className="SharpBag.ExtensionsTest, SharpBag.Tests, Version=0.0.0.0, Culture=neutral, PublicKeyToken=null" name="As0166404" />
    </UnitTest>
    <UnitTest name="As0130301" storage="c:\users\suprdewd\documents\projects\sharpbag\sharpbag.tests\bin\release\sharpbag.tests.dll" id="7a9b0937-239f-a7cc-e1fc-09bbc3508e89">
      <Execution id="8cbf6939-9592-46f3-8233-95c69b609a14" />
      <TestMethod codeBase="C:/Users/SuprDewd/Documents/Projects/SharpBag/SharpBag.Tests/bin/Release/SharpBag.Tests.DLL" adapterTypeName="Microsoft.VisualStudio.TestTools.TestTypes.Unit.UnitTestAdapter, Microsoft.VisualStudio.QualityTools.Tips.UnitTest.Adapter, Version=10.0.0.0, Culture=neutral, PublicKeyToken=b03f5f7f11d50a3a" className="SharpBag.ExtensionsTest, SharpBag.Tests, Version=0.0.0.0, Culture=neutral, PublicKeyToken=null" name="As0130301" />
    </UnitTest>
    <UnitTest name="RangeThrowsContractException480" storage="c:\users\suprdewd\documents\projects\sharpbag\sharpbag.tests\bin\release\sharpbag.tests.dll" id="7838b58c-a9ae-e08a-edf4-f9593db060d6">
      <Execution id="0b0dca87-b97e-4803-b789-6e13a12ec58f" />
      <TestMethod codeBase="C:/Users/SuprDewd/Documents/Projects/SharpBag/SharpBag.Tests/bin/Release/SharpBag.Tests.DLL" adapterTypeName="Microsoft.VisualStudio.TestTools.TestTypes.Unit.UnitTestAdapter, Microsoft.VisualStudio.QualityTools.Tips.UnitTest.Adapter, Version=10.0.0.0, Culture=neutral, PublicKeyToken=b03f5f7f11d50a3a" className="SharpBag.ExtensionsTest, SharpBag.Tests, Version=0.0.0.0, Culture=neutral, PublicKeyToken=null" name="RangeThrowsContractException480" />
    </UnitTest>
    <UnitTest name="TakeEveryThrowsContractException265" storage="c:\users\suprdewd\documents\projects\sharpbag\sharpbag.tests\bin\release\sharpbag.tests.dll" id="1614cc64-5cbc-b082-cb61-089f874d65b1">
      <Execution id="8e0f7897-30b5-4647-b6ac-c8b4e9eb0943" />
      <TestMethod codeBase="C:/Users/SuprDewd/Documents/Projects/SharpBag/SharpBag.Tests/bin/Release/SharpBag.Tests.DLL" adapterTypeName="Microsoft.VisualStudio.TestTools.TestTypes.Unit.UnitTestAdapter, Microsoft.VisualStudio.QualityTools.Tips.UnitTest.Adapter, Version=10.0.0.0, Culture=neutral, PublicKeyToken=b03f5f7f11d50a3a" className="SharpBag.ExtensionsTest, SharpBag.Tests, Version=0.0.0.0, Culture=neutral, PublicKeyToken=null" name="TakeEveryThrowsContractException265" />
    </UnitTest>
    <UnitTest name="SubarrayThrowsContractException629" storage="c:\users\suprdewd\documents\projects\sharpbag\sharpbag.tests\bin\release\sharpbag.tests.dll" id="c2a16b22-9983-ed58-4351-7fd3ef453798">
      <Execution id="3778cf05-9f07-4208-9de6-499db934df39" />
      <TestMethod codeBase="C:/Users/SuprDewd/Documents/Projects/SharpBag/SharpBag.Tests/bin/Release/SharpBag.Tests.DLL" adapterTypeName="Microsoft.VisualStudio.TestTools.TestTypes.Unit.UnitTestAdapter, Microsoft.VisualStudio.QualityTools.Tips.UnitTest.Adapter, Version=10.0.0.0, Culture=neutral, PublicKeyToken=b03f5f7f11d50a3a" className="SharpBag.ExtensionsTest, SharpBag.Tests, Version=0.0.0.0, Culture=neutral, PublicKeyToken=null" name="SubarrayThrowsContractException629" />
    </UnitTest>
    <UnitTest name="Bound8" storage="c:\users\suprdewd\documents\projects\sharpbag\sharpbag.tests\bin\release\sharpbag.tests.dll" id="c3abe281-9f8b-f567-4c3c-8146a5220784">
      <Execution id="75335a9f-4a2b-47a1-be8f-05a61a0e8b81" />
      <TestMethod codeBase="C:/Users/SuprDewd/Documents/Projects/SharpBag/SharpBag.Tests/bin/Release/SharpBag.Tests.DLL" adapterTypeName="Microsoft.VisualStudio.TestTools.TestTypes.Unit.UnitTestAdapter, Microsoft.VisualStudio.QualityTools.Tips.UnitTest.Adapter, Version=10.0.0.0, Culture=neutral, PublicKeyToken=b03f5f7f11d50a3a" className="SharpBag.Math.MathExtensionsTest, SharpBag.Tests, Version=0.0.0.0, Culture=neutral, PublicKeyToken=null" name="Bound8" />
    </UnitTest>
    <UnitTest name="As0163232" storage="c:\users\suprdewd\documents\projects\sharpbag\sharpbag.tests\bin\release\sharpbag.tests.dll" id="0e90738b-70d8-2788-4a26-d16c8666f6ca">
      <Execution id="e7ef5303-190b-47f3-8acc-03745375ad16" />
      <TestMethod codeBase="C:/Users/SuprDewd/Documents/Projects/SharpBag/SharpBag.Tests/bin/Release/SharpBag.Tests.DLL" adapterTypeName="Microsoft.VisualStudio.TestTools.TestTypes.Unit.UnitTestAdapter, Microsoft.VisualStudio.QualityTools.Tips.UnitTest.Adapter, Version=10.0.0.0, Culture=neutral, PublicKeyToken=b03f5f7f11d50a3a" className="SharpBag.ExtensionsTest, SharpBag.Tests, Version=0.0.0.0, Culture=neutral, PublicKeyToken=null" name="As0163232" />
    </UnitTest>
    <UnitTest name="Add885" storage="c:\users\suprdewd\documents\projects\sharpbag\sharpbag.tests\bin\release\sharpbag.tests.dll" id="8076c83d-2717-5964-7e9d-50cc5e2706b9">
      <Execution id="7e85fd81-add7-4043-ba0d-816a3ce61d2f" />
      <TestMethod codeBase="C:/Users/SuprDewd/Documents/Projects/SharpBag/SharpBag.Tests/bin/Release/SharpBag.Tests.DLL" adapterTypeName="Microsoft.VisualStudio.TestTools.TestTypes.Unit.UnitTestAdapter, Microsoft.VisualStudio.QualityTools.Tips.UnitTest.Adapter, Version=10.0.0.0, Culture=neutral, PublicKeyToken=b03f5f7f11d50a3a" className="SharpBag.ExtensionsTest, SharpBag.Tests, Version=0.0.0.0, Culture=neutral, PublicKeyToken=null" name="Add885" />
    </UnitTest>
    <UnitTest name="Add296" storage="c:\users\suprdewd\documents\projects\sharpbag\sharpbag.tests\bin\release\sharpbag.tests.dll" id="cf67e106-470b-64ee-b4ec-daf199d3db2f">
      <Execution id="bcbe1cf1-7c7b-4039-8eb7-7245455a1f1f" />
      <TestMethod codeBase="C:/Users/SuprDewd/Documents/Projects/SharpBag/SharpBag.Tests/bin/Release/SharpBag.Tests.DLL" adapterTypeName="Microsoft.VisualStudio.TestTools.TestTypes.Unit.UnitTestAdapter, Microsoft.VisualStudio.QualityTools.Tips.UnitTest.Adapter, Version=10.0.0.0, Culture=neutral, PublicKeyToken=b03f5f7f11d50a3a" className="SharpBag.ExtensionsTest, SharpBag.Tests, Version=0.0.0.0, Culture=neutral, PublicKeyToken=null" name="Add296" />
    </UnitTest>
    <UnitTest name="AsEnumerable56003" storage="c:\users\suprdewd\documents\projects\sharpbag\sharpbag.tests\bin\release\sharpbag.tests.dll" id="0f614d48-4580-1835-c34d-314b56fdf70c">
      <Execution id="458fa80b-cbb2-4535-9c75-afb7fa47a3b2" />
      <TestMethod codeBase="C:/Users/SuprDewd/Documents/Projects/SharpBag/SharpBag.Tests/bin/Release/SharpBag.Tests.DLL" adapterTypeName="Microsoft.VisualStudio.TestTools.TestTypes.Unit.UnitTestAdapter, Microsoft.VisualStudio.QualityTools.Tips.UnitTest.Adapter, Version=10.0.0.0, Culture=neutral, PublicKeyToken=b03f5f7f11d50a3a" className="SharpBag.ExtensionsTest, SharpBag.Tests, Version=0.0.0.0, Culture=neutral, PublicKeyToken=null" name="AsEnumerable56003" />
    </UnitTest>
    <UnitTest name="AsEnumerable0258804" storage="c:\users\suprdewd\documents\projects\sharpbag\sharpbag.tests\bin\release\sharpbag.tests.dll" id="c3b85211-1b55-61c6-8d42-782c04048184">
      <Execution id="c7fb4885-1ceb-4a54-8f64-7203f3e7e0f6" />
      <TestMethod codeBase="C:/Users/SuprDewd/Documents/Projects/SharpBag/SharpBag.Tests/bin/Release/SharpBag.Tests.DLL" adapterTypeName="Microsoft.VisualStudio.TestTools.TestTypes.Unit.UnitTestAdapter, Microsoft.VisualStudio.QualityTools.Tips.UnitTest.Adapter, Version=10.0.0.0, Culture=neutral, PublicKeyToken=b03f5f7f11d50a3a" className="SharpBag.ExtensionsTest, SharpBag.Tests, Version=0.0.0.0, Culture=neutral, PublicKeyToken=null" name="AsEnumerable0258804" />
    </UnitTest>
    <UnitTest name="As0163216" storage="c:\users\suprdewd\documents\projects\sharpbag\sharpbag.tests\bin\release\sharpbag.tests.dll" id="ee7a26ae-f08b-c1d5-713f-d21139c592b9">
      <Execution id="023f1efe-09a8-46b1-bd20-b2cbc8f1ca28" />
      <TestMethod codeBase="C:/Users/SuprDewd/Documents/Projects/SharpBag/SharpBag.Tests/bin/Release/SharpBag.Tests.DLL" adapterTypeName="Microsoft.VisualStudio.TestTools.TestTypes.Unit.UnitTestAdapter, Microsoft.VisualStudio.QualityTools.Tips.UnitTest.Adapter, Version=10.0.0.0, Culture=neutral, PublicKeyToken=b03f5f7f11d50a3a" className="SharpBag.ExtensionsTest, SharpBag.Tests, Version=0.0.0.0, Culture=neutral, PublicKeyToken=null" name="As0163216" />
    </UnitTest>
    <UnitTest name="NextDoubleThrowsContractException907" storage="c:\users\suprdewd\documents\projects\sharpbag\sharpbag.tests\bin\release\sharpbag.tests.dll" id="9e14e25f-07a5-efe4-0506-4f19b4be256b">
      <Execution id="7beaf070-aca5-4ee6-8278-916c7ef2f289" />
      <TestMethod codeBase="C:/Users/SuprDewd/Documents/Projects/SharpBag/SharpBag.Tests/bin/Release/SharpBag.Tests.DLL" adapterTypeName="Microsoft.VisualStudio.TestTools.TestTypes.Unit.UnitTestAdapter, Microsoft.VisualStudio.QualityTools.Tips.UnitTest.Adapter, Version=10.0.0.0, Culture=neutral, PublicKeyToken=b03f5f7f11d50a3a" className="SharpBag.RandomExtensionsTest, SharpBag.Tests, Version=0.0.0.0, Culture=neutral, PublicKeyToken=null" name="NextDoubleThrowsContractException907" />
    </UnitTest>
    <UnitTest name="Contrast121" storage="c:\users\suprdewd\documents\projects\sharpbag\sharpbag.tests\bin\release\sharpbag.tests.dll" id="aaf3c258-db99-aef3-b307-c0f8c95577a9">
      <Execution id="bcea7b5b-ff28-48d0-b9d9-a6ce54b5c768" />
      <TestMethod codeBase="C:/Users/SuprDewd/Documents/Projects/SharpBag/SharpBag.Tests/bin/Release/SharpBag.Tests.DLL" adapterTypeName="Microsoft.VisualStudio.TestTools.TestTypes.Unit.UnitTestAdapter, Microsoft.VisualStudio.QualityTools.Tips.UnitTest.Adapter, Version=10.0.0.0, Culture=neutral, PublicKeyToken=b03f5f7f11d50a3a" className="SharpBag.Media.MediaExtensionsTest, SharpBag.Tests, Version=0.0.0.0, Culture=neutral, PublicKeyToken=null" name="Contrast121" />
    </UnitTest>
    <UnitTest name="NullOr71403" storage="c:\users\suprdewd\documents\projects\sharpbag\sharpbag.tests\bin\release\sharpbag.tests.dll" id="fdc59520-9564-0684-d4f9-2091f576f931">
      <Execution id="ebbc854f-2a09-4bef-a65b-491276b69055" />
      <TestMethod codeBase="C:/Users/SuprDewd/Documents/Projects/SharpBag/SharpBag.Tests/bin/Release/SharpBag.Tests.DLL" adapterTypeName="Microsoft.VisualStudio.TestTools.TestTypes.Unit.UnitTestAdapter, Microsoft.VisualStudio.QualityTools.Tips.UnitTest.Adapter, Version=10.0.0.0, Culture=neutral, PublicKeyToken=b03f5f7f11d50a3a" className="SharpBag.ExtensionsTest, SharpBag.Tests, Version=0.0.0.0, Culture=neutral, PublicKeyToken=null" name="NullOr71403" />
    </UnitTest>
    <UnitTest name="Fill01571" storage="c:\users\suprdewd\documents\projects\sharpbag\sharpbag.tests\bin\release\sharpbag.tests.dll" id="a9c998c1-d601-9d48-a5aa-e5458f5ccef5">
      <Execution id="454bfec7-7f5f-49bb-ad3d-ebcd2cb4e1b5" />
      <TestMethod codeBase="C:/Users/SuprDewd/Documents/Projects/SharpBag/SharpBag.Tests/bin/Release/SharpBag.Tests.DLL" adapterTypeName="Microsoft.VisualStudio.TestTools.TestTypes.Unit.UnitTestAdapter, Microsoft.VisualStudio.QualityTools.Tips.UnitTest.Adapter, Version=10.0.0.0, Culture=neutral, PublicKeyToken=b03f5f7f11d50a3a" className="SharpBag.ExtensionsTest, SharpBag.Tests, Version=0.0.0.0, Culture=neutral, PublicKeyToken=null" name="Fill01571" />
    </UnitTest>
    <UnitTest name="ReadLinesFromFileThrowsContractException244" storage="c:\users\suprdewd\documents\projects\sharpbag\sharpbag.tests\bin\release\sharpbag.tests.dll" id="1ca82a0b-7842-06c7-ecd3-2f81b62f1e0e">
      <Execution id="a670c875-9bb9-4713-9fa3-cd78bad0e4b7" />
      <TestMethod codeBase="C:/Users/SuprDewd/Documents/Projects/SharpBag/SharpBag.Tests/bin/Release/SharpBag.Tests.DLL" adapterTypeName="Microsoft.VisualStudio.TestTools.TestTypes.Unit.UnitTestAdapter, Microsoft.VisualStudio.QualityTools.Tips.UnitTest.Adapter, Version=10.0.0.0, Culture=neutral, PublicKeyToken=b03f5f7f11d50a3a" className="SharpBag.UtilsTest, SharpBag.Tests, Version=0.0.0.0, Culture=neutral, PublicKeyToken=null" name="ReadLinesFromFileThrowsContractException244" />
    </UnitTest>
    <UnitTest name="To01637" storage="c:\users\suprdewd\documents\projects\sharpbag\sharpbag.tests\bin\release\sharpbag.tests.dll" id="5514446b-a7eb-a40a-85ab-240a248bba2a">
      <Execution id="79f28528-b2d3-4273-9fb9-38a31613ea46" />
      <TestMethod codeBase="C:/Users/SuprDewd/Documents/Projects/SharpBag/SharpBag.Tests/bin/Release/SharpBag.Tests.DLL" adapterTypeName="Microsoft.VisualStudio.TestTools.TestTypes.Unit.UnitTestAdapter, Microsoft.VisualStudio.QualityTools.Tips.UnitTest.Adapter, Version=10.0.0.0, Culture=neutral, PublicKeyToken=b03f5f7f11d50a3a" className="SharpBag.ExtensionsTest, SharpBag.Tests, Version=0.0.0.0, Culture=neutral, PublicKeyToken=null" name="To01637" />
    </UnitTest>
    <UnitTest name="Iter96005" storage="c:\users\suprdewd\documents\projects\sharpbag\sharpbag.tests\bin\release\sharpbag.tests.dll" id="f4511594-467b-74f8-7fee-b4f5edc20b84">
      <Execution id="325e3661-0be6-4334-9f21-1863078d7856" />
      <TestMethod codeBase="C:/Users/SuprDewd/Documents/Projects/SharpBag/SharpBag.Tests/bin/Release/SharpBag.Tests.DLL" adapterTypeName="Microsoft.VisualStudio.TestTools.TestTypes.Unit.UnitTestAdapter, Microsoft.VisualStudio.QualityTools.Tips.UnitTest.Adapter, Version=10.0.0.0, Culture=neutral, PublicKeyToken=b03f5f7f11d50a3a" className="SharpBag.ExtensionsTest, SharpBag.Tests, Version=0.0.0.0, Culture=neutral, PublicKeyToken=null" name="Iter96005" />
    </UnitTest>
    <UnitTest name="Shuffle875" storage="c:\users\suprdewd\documents\projects\sharpbag\sharpbag.tests\bin\release\sharpbag.tests.dll" id="7f5b067d-004d-00c6-05f1-6ba4459536c9">
      <Execution id="7d07f12e-8c88-48bf-beae-f7a3eef8fb8a" />
      <TestMethod codeBase="C:/Users/SuprDewd/Documents/Projects/SharpBag/SharpBag.Tests/bin/Release/SharpBag.Tests.DLL" adapterTypeName="Microsoft.VisualStudio.TestTools.TestTypes.Unit.UnitTestAdapter, Microsoft.VisualStudio.QualityTools.Tips.UnitTest.Adapter, Version=10.0.0.0, Culture=neutral, PublicKeyToken=b03f5f7f11d50a3a" className="SharpBag.ExtensionsTest, SharpBag.Tests, Version=0.0.0.0, Culture=neutral, PublicKeyToken=null" name="Shuffle875" />
    </UnitTest>
    <UnitTest name="IfNotNull47704" storage="c:\users\suprdewd\documents\projects\sharpbag\sharpbag.tests\bin\release\sharpbag.tests.dll" id="1b50a732-77b4-82a3-8153-f8dad0640018">
      <Execution id="5c33d219-9c32-44e3-862b-c630601697c1" />
      <TestMethod codeBase="C:/Users/SuprDewd/Documents/Projects/SharpBag/SharpBag.Tests/bin/Release/SharpBag.Tests.DLL" adapterTypeName="Microsoft.VisualStudio.TestTools.TestTypes.Unit.UnitTestAdapter, Microsoft.VisualStudio.QualityTools.Tips.UnitTest.Adapter, Version=10.0.0.0, Culture=neutral, PublicKeyToken=b03f5f7f11d50a3a" className="SharpBag.ExtensionsTest, SharpBag.Tests, Version=0.0.0.0, Culture=neutral, PublicKeyToken=null" name="IfNotNull47704" />
    </UnitTest>
    <UnitTest name="CreateRectangle621" storage="c:\users\suprdewd\documents\projects\sharpbag\sharpbag.tests\bin\release\sharpbag.tests.dll" id="d11783f8-e784-d3a8-e59d-63f92290584b">
      <Execution id="4758b6ca-0f1e-4a7b-b9bf-a44e716a57ef" />
      <TestMethod codeBase="C:/Users/SuprDewd/Documents/Projects/SharpBag/SharpBag.Tests/bin/Release/SharpBag.Tests.DLL" adapterTypeName="Microsoft.VisualStudio.TestTools.TestTypes.Unit.UnitTestAdapter, Microsoft.VisualStudio.QualityTools.Tips.UnitTest.Adapter, Version=10.0.0.0, Culture=neutral, PublicKeyToken=b03f5f7f11d50a3a" className="SharpBag.Media.MediaExtensionsTest, SharpBag.Tests, Version=0.0.0.0, Culture=neutral, PublicKeyToken=null" name="CreateRectangle621" />
    </UnitTest>
    <UnitTest name="Contrast768" storage="c:\users\suprdewd\documents\projects\sharpbag\sharpbag.tests\bin\release\sharpbag.tests.dll" id="3141d6f7-4f77-e316-0fab-9f0803c256ce">
      <Execution id="f5788bb1-e360-4e59-ae8b-4fe92dadf63b" />
      <TestMethod codeBase="C:/Users/SuprDewd/Documents/Projects/SharpBag/SharpBag.Tests/bin/Release/SharpBag.Tests.DLL" adapterTypeName="Microsoft.VisualStudio.TestTools.TestTypes.Unit.UnitTestAdapter, Microsoft.VisualStudio.QualityTools.Tips.UnitTest.Adapter, Version=10.0.0.0, Culture=neutral, PublicKeyToken=b03f5f7f11d50a3a" className="SharpBag.Media.MediaExtensionsTest, SharpBag.Tests, Version=0.0.0.0, Culture=neutral, PublicKeyToken=null" name="Contrast768" />
    </UnitTest>
    <UnitTest name="To01203" storage="c:\users\suprdewd\documents\projects\sharpbag\sharpbag.tests\bin\release\sharpbag.tests.dll" id="1199c9cc-d8e3-0309-8136-cef199801af6">
      <Execution id="1b449cea-e666-4768-89e9-59cf3b62781e" />
      <TestMethod codeBase="C:/Users/SuprDewd/Documents/Projects/SharpBag/SharpBag.Tests/bin/Release/SharpBag.Tests.DLL" adapterTypeName="Microsoft.VisualStudio.TestTools.TestTypes.Unit.UnitTestAdapter, Microsoft.VisualStudio.QualityTools.Tips.UnitTest.Adapter, Version=10.0.0.0, Culture=neutral, PublicKeyToken=b03f5f7f11d50a3a" className="SharpBag.ExtensionsTest, SharpBag.Tests, Version=0.0.0.0, Culture=neutral, PublicKeyToken=null" name="To01203" />
    </UnitTest>
    <UnitTest name="AsEnumerable03ThrowsContractException218" storage="c:\users\suprdewd\documents\projects\sharpbag\sharpbag.tests\bin\release\sharpbag.tests.dll" id="d5c0936a-c599-0b52-ccd7-56cf32ad0c4f">
      <Execution id="0229297f-5b82-4155-a184-fe11fee6da74" />
      <TestMethod codeBase="C:/Users/SuprDewd/Documents/Projects/SharpBag/SharpBag.Tests/bin/Release/SharpBag.Tests.DLL" adapterTypeName="Microsoft.VisualStudio.TestTools.TestTypes.Unit.UnitTestAdapter, Microsoft.VisualStudio.QualityTools.Tips.UnitTest.Adapter, Version=10.0.0.0, Culture=neutral, PublicKeyToken=b03f5f7f11d50a3a" className="SharpBag.ExtensionsTest, SharpBag.Tests, Version=0.0.0.0, Culture=neutral, PublicKeyToken=null" name="AsEnumerable03ThrowsContractException218" />
    </UnitTest>
    <UnitTest name="IsPortFree18" storage="c:\users\suprdewd\documents\projects\sharpbag\sharpbag.tests\bin\release\sharpbag.tests.dll" id="f54b9d87-7e35-d661-8f30-1a09064c130c">
      <Execution id="ca242da9-6468-4179-b92b-d235f1664672" />
      <TestMethod codeBase="C:/Users/SuprDewd/Documents/Projects/SharpBag/SharpBag.Tests/bin/Release/SharpBag.Tests.DLL" adapterTypeName="Microsoft.VisualStudio.TestTools.TestTypes.Unit.UnitTestAdapter, Microsoft.VisualStudio.QualityTools.Tips.UnitTest.Adapter, Version=10.0.0.0, Culture=neutral, PublicKeyToken=b03f5f7f11d50a3a" className="SharpBag.Net.InternetTest, SharpBag.Tests, Version=0.0.0.0, Culture=neutral, PublicKeyToken=null" name="IsPortFree18" />
    </UnitTest>
    <UnitTest name="As0132109" storage="c:\users\suprdewd\documents\projects\sharpbag\sharpbag.tests\bin\release\sharpbag.tests.dll" id="ea8ee283-08b1-8adf-4aa4-5e76e4a476d8">
      <Execution id="686e57f4-d5b8-4fed-a185-e5617d104d39" />
      <TestMethod codeBase="C:/Users/SuprDewd/Documents/Projects/SharpBag/SharpBag.Tests/bin/Release/SharpBag.Tests.DLL" adapterTypeName="Microsoft.VisualStudio.TestTools.TestTypes.Unit.UnitTestAdapter, Microsoft.VisualStudio.QualityTools.Tips.UnitTest.Adapter, Version=10.0.0.0, Culture=neutral, PublicKeyToken=b03f5f7f11d50a3a" className="SharpBag.ExtensionsTest, SharpBag.Tests, Version=0.0.0.0, Culture=neutral, PublicKeyToken=null" name="As0132109" />
    </UnitTest>
    <UnitTest name="To463" storage="c:\users\suprdewd\documents\projects\sharpbag\sharpbag.tests\bin\release\sharpbag.tests.dll" id="3950117e-1257-8bcc-63aa-35e8e8daf9e2">
      <Execution id="43cc6998-fd3d-4fde-85da-e1ca35534fac" />
      <TestMethod codeBase="C:/Users/SuprDewd/Documents/Projects/SharpBag/SharpBag.Tests/bin/Release/SharpBag.Tests.DLL" adapterTypeName="Microsoft.VisualStudio.TestTools.TestTypes.Unit.UnitTestAdapter, Microsoft.VisualStudio.QualityTools.Tips.UnitTest.Adapter, Version=10.0.0.0, Culture=neutral, PublicKeyToken=b03f5f7f11d50a3a" className="SharpBag.ExtensionsTest, SharpBag.Tests, Version=0.0.0.0, Culture=neutral, PublicKeyToken=null" name="To463" />
    </UnitTest>
    <UnitTest name="AsEnumerable56005" storage="c:\users\suprdewd\documents\projects\sharpbag\sharpbag.tests\bin\release\sharpbag.tests.dll" id="55e01e02-7bca-1246-be49-4c21bab190b5">
      <Execution id="50b2e256-1c45-4b93-9c81-ca6b12fa2586" />
      <TestMethod codeBase="C:/Users/SuprDewd/Documents/Projects/SharpBag/SharpBag.Tests/bin/Release/SharpBag.Tests.DLL" adapterTypeName="Microsoft.VisualStudio.TestTools.TestTypes.Unit.UnitTestAdapter, Microsoft.VisualStudio.QualityTools.Tips.UnitTest.Adapter, Version=10.0.0.0, Culture=neutral, PublicKeyToken=b03f5f7f11d50a3a" className="SharpBag.ExtensionsTest, SharpBag.Tests, Version=0.0.0.0, Culture=neutral, PublicKeyToken=null" name="AsEnumerable56005" />
    </UnitTest>
    <UnitTest name="Fill0168803" storage="c:\users\suprdewd\documents\projects\sharpbag\sharpbag.tests\bin\release\sharpbag.tests.dll" id="70ecef07-25d9-9298-9faa-26825e270b46">
      <Execution id="8dba2ba6-2ca0-4af7-9627-dc5a0841f270" />
      <TestMethod codeBase="C:/Users/SuprDewd/Documents/Projects/SharpBag/SharpBag.Tests/bin/Release/SharpBag.Tests.DLL" adapterTypeName="Microsoft.VisualStudio.TestTools.TestTypes.Unit.UnitTestAdapter, Microsoft.VisualStudio.QualityTools.Tips.UnitTest.Adapter, Version=10.0.0.0, Culture=neutral, PublicKeyToken=b03f5f7f11d50a3a" className="SharpBag.ExtensionsTest, SharpBag.Tests, Version=0.0.0.0, Culture=neutral, PublicKeyToken=null" name="Fill0168803" />
    </UnitTest>
    <UnitTest name="AsEnumerable0128305" storage="c:\users\suprdewd\documents\projects\sharpbag\sharpbag.tests\bin\release\sharpbag.tests.dll" id="1ed065ef-ce8b-7235-fc5f-cca130d48e00">
      <Execution id="9e8305af-5d63-4cd3-8255-0cc3403fbd6d" />
      <TestMethod codeBase="C:/Users/SuprDewd/Documents/Projects/SharpBag/SharpBag.Tests/bin/Release/SharpBag.Tests.DLL" adapterTypeName="Microsoft.VisualStudio.TestTools.TestTypes.Unit.UnitTestAdapter, Microsoft.VisualStudio.QualityTools.Tips.UnitTest.Adapter, Version=10.0.0.0, Culture=neutral, PublicKeyToken=b03f5f7f11d50a3a" className="SharpBag.ExtensionsTest, SharpBag.Tests, Version=0.0.0.0, Culture=neutral, PublicKeyToken=null" name="AsEnumerable0128305" />
    </UnitTest>
    <UnitTest name="As01660" storage="c:\users\suprdewd\documents\projects\sharpbag\sharpbag.tests\bin\release\sharpbag.tests.dll" id="0b8785c2-8bd4-a826-60eb-f295a2d7fcb3">
      <Execution id="b4a932da-a2a8-4642-b575-594bccc4cc23" />
      <TestMethod codeBase="C:/Users/SuprDewd/Documents/Projects/SharpBag/SharpBag.Tests/bin/Release/SharpBag.Tests.DLL" adapterTypeName="Microsoft.VisualStudio.TestTools.TestTypes.Unit.UnitTestAdapter, Microsoft.VisualStudio.QualityTools.Tips.UnitTest.Adapter, Version=10.0.0.0, Culture=neutral, PublicKeyToken=b03f5f7f11d50a3a" className="SharpBag.ExtensionsTest, SharpBag.Tests, Version=0.0.0.0, Culture=neutral, PublicKeyToken=null" name="As01660" />
    </UnitTest>
    <UnitTest name="Generate602" storage="c:\users\suprdewd\documents\projects\sharpbag\sharpbag.tests\bin\release\sharpbag.tests.dll" id="ab328c1b-fd51-1dad-6b49-0a3734c2c2e7">
      <Execution id="73fb0b68-8e0d-4a74-ba53-20f48680c0d2" />
      <TestMethod codeBase="C:/Users/SuprDewd/Documents/Projects/SharpBag/SharpBag.Tests/bin/Release/SharpBag.Tests.DLL" adapterTypeName="Microsoft.VisualStudio.TestTools.TestTypes.Unit.UnitTestAdapter, Microsoft.VisualStudio.QualityTools.Tips.UnitTest.Adapter, Version=10.0.0.0, Culture=neutral, PublicKeyToken=b03f5f7f11d50a3a" className="SharpBag.UtilsTest, SharpBag.Tests, Version=0.0.0.0, Culture=neutral, PublicKeyToken=null" name="Generate602" />
    </UnitTest>
    <UnitTest name="Add60901" storage="c:\users\suprdewd\documents\projects\sharpbag\sharpbag.tests\bin\release\sharpbag.tests.dll" id="03c88b26-e4eb-d38e-6683-3ac55f8aeeac">
      <Execution id="d7f123e5-0db6-4cc6-8e2a-f6b460b148c8" />
      <TestMethod codeBase="C:/Users/SuprDewd/Documents/Projects/SharpBag/SharpBag.Tests/bin/Release/SharpBag.Tests.DLL" adapterTypeName="Microsoft.VisualStudio.TestTools.TestTypes.Unit.UnitTestAdapter, Microsoft.VisualStudio.QualityTools.Tips.UnitTest.Adapter, Version=10.0.0.0, Culture=neutral, PublicKeyToken=b03f5f7f11d50a3a" className="SharpBag.ExtensionsTest, SharpBag.Tests, Version=0.0.0.0, Culture=neutral, PublicKeyToken=null" name="Add60901" />
    </UnitTest>
    <UnitTest name="Random575" storage="c:\users\suprdewd\documents\projects\sharpbag\sharpbag.tests\bin\release\sharpbag.tests.dll" id="2cb985a5-30e0-1631-ebdb-14215fcd5267">
      <Execution id="eb6dc0f5-894b-40d4-92eb-27d1629500bd" />
      <TestMethod codeBase="C:/Users/SuprDewd/Documents/Projects/SharpBag/SharpBag.Tests/bin/Release/SharpBag.Tests.DLL" adapterTypeName="Microsoft.VisualStudio.TestTools.TestTypes.Unit.UnitTestAdapter, Microsoft.VisualStudio.QualityTools.Tips.UnitTest.Adapter, Version=10.0.0.0, Culture=neutral, PublicKeyToken=b03f5f7f11d50a3a" className="SharpBag.ExtensionsTest, SharpBag.Tests, Version=0.0.0.0, Culture=neutral, PublicKeyToken=null" name="Random575" />
    </UnitTest>
    <UnitTest name="As0130304" storage="c:\users\suprdewd\documents\projects\sharpbag\sharpbag.tests\bin\release\sharpbag.tests.dll" id="3c1d094b-ca29-adfc-cfcd-77289a3cce3f">
      <Execution id="f647380e-9c1c-4598-8764-d9d47d8e2b29" />
      <TestMethod codeBase="C:/Users/SuprDewd/Documents/Projects/SharpBag/SharpBag.Tests/bin/Release/SharpBag.Tests.DLL" adapterTypeName="Microsoft.VisualStudio.TestTools.TestTypes.Unit.UnitTestAdapter, Microsoft.VisualStudio.QualityTools.Tips.UnitTest.Adapter, Version=10.0.0.0, Culture=neutral, PublicKeyToken=b03f5f7f11d50a3a" className="SharpBag.ExtensionsTest, SharpBag.Tests, Version=0.0.0.0, Culture=neutral, PublicKeyToken=null" name="As0130304" />
    </UnitTest>
    <UnitTest name="As21517" storage="c:\users\suprdewd\documents\projects\sharpbag\sharpbag.tests\bin\release\sharpbag.tests.dll" id="44ddd54b-7a43-e4f9-ebb3-b78badce4585">
      <Execution id="e450c8d4-bd58-4645-8ee2-382b37166874" />
      <TestMethod codeBase="C:/Users/SuprDewd/Documents/Projects/SharpBag/SharpBag.Tests/bin/Release/SharpBag.Tests.DLL" adapterTypeName="Microsoft.VisualStudio.TestTools.TestTypes.Unit.UnitTestAdapter, Microsoft.VisualStudio.QualityTools.Tips.UnitTest.Adapter, Version=10.0.0.0, Culture=neutral, PublicKeyToken=b03f5f7f11d50a3a" className="SharpBag.ExtensionsTest, SharpBag.Tests, Version=0.0.0.0, Culture=neutral, PublicKeyToken=null" name="As21517" />
    </UnitTest>
    <UnitTest name="CreateRectangleThrowsContractException799" storage="c:\users\suprdewd\documents\projects\sharpbag\sharpbag.tests\bin\release\sharpbag.tests.dll" id="446e633f-49f1-1108-f723-4032f6b7dd87">
      <Execution id="aa3fbdc6-bd4f-41c6-8e41-57166603188f" />
      <TestMethod codeBase="C:/Users/SuprDewd/Documents/Projects/SharpBag/SharpBag.Tests/bin/Release/SharpBag.Tests.DLL" adapterTypeName="Microsoft.VisualStudio.TestTools.TestTypes.Unit.UnitTestAdapter, Microsoft.VisualStudio.QualityTools.Tips.UnitTest.Adapter, Version=10.0.0.0, Culture=neutral, PublicKeyToken=b03f5f7f11d50a3a" className="SharpBag.Media.MediaExtensionsTest, SharpBag.Tests, Version=0.0.0.0, Culture=neutral, PublicKeyToken=null" name="CreateRectangleThrowsContractException799" />
    </UnitTest>
    <UnitTest name="IsIn01570" storage="c:\users\suprdewd\documents\projects\sharpbag\sharpbag.tests\bin\release\sharpbag.tests.dll" id="cdf50321-c0eb-ddc4-0179-2919c2028903">
      <Execution id="6a3f3964-2137-4a21-82fa-89e72fb99807" />
      <TestMethod codeBase="C:/Users/SuprDewd/Documents/Projects/SharpBag/SharpBag.Tests/bin/Release/SharpBag.Tests.DLL" adapterTypeName="Microsoft.VisualStudio.TestTools.TestTypes.Unit.UnitTestAdapter, Microsoft.VisualStudio.QualityTools.Tips.UnitTest.Adapter, Version=10.0.0.0, Culture=neutral, PublicKeyToken=b03f5f7f11d50a3a" className="SharpBag.ExtensionsTest, SharpBag.Tests, Version=0.0.0.0, Culture=neutral, PublicKeyToken=null" name="IsIn01570" />
    </UnitTest>
    <UnitTest name="Add29601" storage="c:\users\suprdewd\documents\projects\sharpbag\sharpbag.tests\bin\release\sharpbag.tests.dll" id="29e140f3-0b7d-028a-f85f-e65d5e7a4460">
      <Execution id="cb4a420f-9b1d-4c77-91d2-159f5742fdc0" />
      <TestMethod codeBase="C:/Users/SuprDewd/Documents/Projects/SharpBag/SharpBag.Tests/bin/Release/SharpBag.Tests.DLL" adapterTypeName="Microsoft.VisualStudio.TestTools.TestTypes.Unit.UnitTestAdapter, Microsoft.VisualStudio.QualityTools.Tips.UnitTest.Adapter, Version=10.0.0.0, Culture=neutral, PublicKeyToken=b03f5f7f11d50a3a" className="SharpBag.ExtensionsTest, SharpBag.Tests, Version=0.0.0.0, Culture=neutral, PublicKeyToken=null" name="Add29601" />
    </UnitTest>
    <UnitTest name="Iter96004" storage="c:\users\suprdewd\documents\projects\sharpbag\sharpbag.tests\bin\release\sharpbag.tests.dll" id="7a965cd2-e1cf-8636-b94b-9bb1e4688fd0">
      <Execution id="28b7e2af-b406-43ea-a1fe-e70d7599fde6" />
      <TestMethod codeBase="C:/Users/SuprDewd/Documents/Projects/SharpBag/SharpBag.Tests/bin/Release/SharpBag.Tests.DLL" adapterTypeName="Microsoft.VisualStudio.TestTools.TestTypes.Unit.UnitTestAdapter, Microsoft.VisualStudio.QualityTools.Tips.UnitTest.Adapter, Version=10.0.0.0, Culture=neutral, PublicKeyToken=b03f5f7f11d50a3a" className="SharpBag.ExtensionsTest, SharpBag.Tests, Version=0.0.0.0, Culture=neutral, PublicKeyToken=null" name="Iter96004" />
    </UnitTest>
    <UnitTest name="ItemGetThrowsContractException130" storage="c:\users\suprdewd\documents\projects\sharpbag\sharpbag.tests\bin\release\sharpbag.tests.dll" id="5fdc84ef-63cf-5a14-fe7e-7e23560c2d19">
      <Execution id="60b7af76-4914-4ae0-892e-5006dd765c5d" />
      <TestMethod codeBase="C:/Users/SuprDewd/Documents/Projects/SharpBag/SharpBag.Tests/bin/Release/SharpBag.Tests.DLL" adapterTypeName="Microsoft.VisualStudio.TestTools.TestTypes.Unit.UnitTestAdapter, Microsoft.VisualStudio.QualityTools.Tips.UnitTest.Adapter, Version=10.0.0.0, Culture=neutral, PublicKeyToken=b03f5f7f11d50a3a" className="SharpBag.Algorithms.PriorityQueueTTest, SharpBag.Tests, Version=0.0.0.0, Culture=neutral, PublicKeyToken=null" name="ItemGetThrowsContractException130" />
    </UnitTest>
    <UnitTest name="As0163244" storage="c:\users\suprdewd\documents\projects\sharpbag\sharpbag.tests\bin\release\sharpbag.tests.dll" id="aa951c3d-ee4a-9ede-aac2-7e390167d171">
      <Execution id="f6ab1704-4cbf-4ed4-8891-8140d7d6e028" />
      <TestMethod codeBase="C:/Users/SuprDewd/Documents/Projects/SharpBag/SharpBag.Tests/bin/Release/SharpBag.Tests.DLL" adapterTypeName="Microsoft.VisualStudio.TestTools.TestTypes.Unit.UnitTestAdapter, Microsoft.VisualStudio.QualityTools.Tips.UnitTest.Adapter, Version=10.0.0.0, Culture=neutral, PublicKeyToken=b03f5f7f11d50a3a" className="SharpBag.ExtensionsTest, SharpBag.Tests, Version=0.0.0.0, Culture=neutral, PublicKeyToken=null" name="As0163244" />
    </UnitTest>
    <UnitTest name="As21508" storage="c:\users\suprdewd\documents\projects\sharpbag\sharpbag.tests\bin\release\sharpbag.tests.dll" id="f4f76af5-0d54-7bf8-8ba4-b32803d7a374">
      <Execution id="aa9bd3e6-6f1c-4b17-9de9-ed38ae73167f" />
      <TestMethod codeBase="C:/Users/SuprDewd/Documents/Projects/SharpBag/SharpBag.Tests/bin/Release/SharpBag.Tests.DLL" adapterTypeName="Microsoft.VisualStudio.TestTools.TestTypes.Unit.UnitTestAdapter, Microsoft.VisualStudio.QualityTools.Tips.UnitTest.Adapter, Version=10.0.0.0, Culture=neutral, PublicKeyToken=b03f5f7f11d50a3a" className="SharpBag.ExtensionsTest, SharpBag.Tests, Version=0.0.0.0, Culture=neutral, PublicKeyToken=null" name="As21508" />
    </UnitTest>
    <UnitTest name="IsIn01ThrowsContractException937" storage="c:\users\suprdewd\documents\projects\sharpbag\sharpbag.tests\bin\release\sharpbag.tests.dll" id="6e8b504e-1179-c8e0-b7f7-d2e7e3a8ccae">
      <Execution id="05ac7dde-32cd-4297-89f9-646eca00541f" />
      <TestMethod codeBase="C:/Users/SuprDewd/Documents/Projects/SharpBag/SharpBag.Tests/bin/Release/SharpBag.Tests.DLL" adapterTypeName="Microsoft.VisualStudio.TestTools.TestTypes.Unit.UnitTestAdapter, Microsoft.VisualStudio.QualityTools.Tips.UnitTest.Adapter, Version=10.0.0.0, Culture=neutral, PublicKeyToken=b03f5f7f11d50a3a" className="SharpBag.ExtensionsTest, SharpBag.Tests, Version=0.0.0.0, Culture=neutral, PublicKeyToken=null" name="IsIn01ThrowsContractException937" />
    </UnitTest>
    <UnitTest name="IfNotNull47703" storage="c:\users\suprdewd\documents\projects\sharpbag\sharpbag.tests\bin\release\sharpbag.tests.dll" id="d8af0a27-8cd9-d036-917e-00672cd2689b">
      <Execution id="a91194fb-5003-45f3-a922-d426fbc0559c" />
      <TestMethod codeBase="C:/Users/SuprDewd/Documents/Projects/SharpBag/SharpBag.Tests/bin/Release/SharpBag.Tests.DLL" adapterTypeName="Microsoft.VisualStudio.TestTools.TestTypes.Unit.UnitTestAdapter, Microsoft.VisualStudio.QualityTools.Tips.UnitTest.Adapter, Version=10.0.0.0, Culture=neutral, PublicKeyToken=b03f5f7f11d50a3a" className="SharpBag.ExtensionsTest, SharpBag.Tests, Version=0.0.0.0, Culture=neutral, PublicKeyToken=null" name="IfNotNull47703" />
    </UnitTest>
    <UnitTest name="Iter96001" storage="c:\users\suprdewd\documents\projects\sharpbag\sharpbag.tests\bin\release\sharpbag.tests.dll" id="5f6c8af1-2825-3c27-b802-e1be0e1eeb12">
      <Execution id="218870eb-a888-46bf-9b65-00b034c1de44" />
      <TestMethod codeBase="C:/Users/SuprDewd/Documents/Projects/SharpBag/SharpBag.Tests/bin/Release/SharpBag.Tests.DLL" adapterTypeName="Microsoft.VisualStudio.TestTools.TestTypes.Unit.UnitTestAdapter, Microsoft.VisualStudio.QualityTools.Tips.UnitTest.Adapter, Version=10.0.0.0, Culture=neutral, PublicKeyToken=b03f5f7f11d50a3a" className="SharpBag.ExtensionsTest, SharpBag.Tests, Version=0.0.0.0, Culture=neutral, PublicKeyToken=null" name="Iter96001" />
    </UnitTest>
    <UnitTest name="NullOr71402" storage="c:\users\suprdewd\documents\projects\sharpbag\sharpbag.tests\bin\release\sharpbag.tests.dll" id="56fc1a57-6e5c-088b-8f95-88d9f697c097">
      <Execution id="4768399b-31f5-418e-ae54-2d4b8d67a71c" />
      <TestMethod codeBase="C:/Users/SuprDewd/Documents/Projects/SharpBag/SharpBag.Tests/bin/Release/SharpBag.Tests.DLL" adapterTypeName="Microsoft.VisualStudio.TestTools.TestTypes.Unit.UnitTestAdapter, Microsoft.VisualStudio.QualityTools.Tips.UnitTest.Adapter, Version=10.0.0.0, Culture=neutral, PublicKeyToken=b03f5f7f11d50a3a" className="SharpBag.ExtensionsTest, SharpBag.Tests, Version=0.0.0.0, Culture=neutral, PublicKeyToken=null" name="NullOr71402" />
    </UnitTest>
    <UnitTest name="To01463" storage="c:\users\suprdewd\documents\projects\sharpbag\sharpbag.tests\bin\release\sharpbag.tests.dll" id="be4a640d-264d-b6fa-ba99-6f190c20c0bb">
      <Execution id="4bdafb2b-5e6a-4d80-b329-54f471502cfc" />
      <TestMethod codeBase="C:/Users/SuprDewd/Documents/Projects/SharpBag/SharpBag.Tests/bin/Release/SharpBag.Tests.DLL" adapterTypeName="Microsoft.VisualStudio.TestTools.TestTypes.Unit.UnitTestAdapter, Microsoft.VisualStudio.QualityTools.Tips.UnitTest.Adapter, Version=10.0.0.0, Culture=neutral, PublicKeyToken=b03f5f7f11d50a3a" className="SharpBag.ExtensionsTest, SharpBag.Tests, Version=0.0.0.0, Culture=neutral, PublicKeyToken=null" name="To01463" />
    </UnitTest>
    <UnitTest name="Add60906" storage="c:\users\suprdewd\documents\projects\sharpbag\sharpbag.tests\bin\release\sharpbag.tests.dll" id="fa1989e4-dedf-2eca-f2e1-6a1893f9bfd6">
      <Execution id="6f81a0db-fd07-45ba-b79b-2dea77e67286" />
      <TestMethod codeBase="C:/Users/SuprDewd/Documents/Projects/SharpBag/SharpBag.Tests/bin/Release/SharpBag.Tests.DLL" adapterTypeName="Microsoft.VisualStudio.TestTools.TestTypes.Unit.UnitTestAdapter, Microsoft.VisualStudio.QualityTools.Tips.UnitTest.Adapter, Version=10.0.0.0, Culture=neutral, PublicKeyToken=b03f5f7f11d50a3a" className="SharpBag.ExtensionsTest, SharpBag.Tests, Version=0.0.0.0, Culture=neutral, PublicKeyToken=null" name="Add60906" />
    </UnitTest>
    <UnitTest name="Add60902" storage="c:\users\suprdewd\documents\projects\sharpbag\sharpbag.tests\bin\release\sharpbag.tests.dll" id="22fb3f0c-8177-2102-3c97-5cd124eaf953">
      <Execution id="0683761a-e5ca-4c93-9e9e-c0b03a87aaca" />
      <TestMethod codeBase="C:/Users/SuprDewd/Documents/Projects/SharpBag/SharpBag.Tests/bin/Release/SharpBag.Tests.DLL" adapterTypeName="Microsoft.VisualStudio.TestTools.TestTypes.Unit.UnitTestAdapter, Microsoft.VisualStudio.QualityTools.Tips.UnitTest.Adapter, Version=10.0.0.0, Culture=neutral, PublicKeyToken=b03f5f7f11d50a3a" className="SharpBag.ExtensionsTest, SharpBag.Tests, Version=0.0.0.0, Culture=neutral, PublicKeyToken=null" name="Add60902" />
    </UnitTest>
    <UnitTest name="As0163235" storage="c:\users\suprdewd\documents\projects\sharpbag\sharpbag.tests\bin\release\sharpbag.tests.dll" id="c0b049d8-5af1-212d-f646-b9a7aa76e7aa">
      <Execution id="1a4db9ae-b759-4f37-9508-86d267c22763" />
      <TestMethod codeBase="C:/Users/SuprDewd/Documents/Projects/SharpBag/SharpBag.Tests/bin/Release/SharpBag.Tests.DLL" adapterTypeName="Microsoft.VisualStudio.TestTools.TestTypes.Unit.UnitTestAdapter, Microsoft.VisualStudio.QualityTools.Tips.UnitTest.Adapter, Version=10.0.0.0, Culture=neutral, PublicKeyToken=b03f5f7f11d50a3a" className="SharpBag.ExtensionsTest, SharpBag.Tests, Version=0.0.0.0, Culture=neutral, PublicKeyToken=null" name="As0163235" />
    </UnitTest>
    <UnitTest name="As0163245" storage="c:\users\suprdewd\documents\projects\sharpbag\sharpbag.tests\bin\release\sharpbag.tests.dll" id="8a89149d-fc38-f8c9-1fbe-1bd1d7237593">
      <Execution id="c01c19b3-a09b-4f0d-8183-65228d353154" />
      <TestMethod codeBase="C:/Users/SuprDewd/Documents/Projects/SharpBag/SharpBag.Tests/bin/Release/SharpBag.Tests.DLL" adapterTypeName="Microsoft.VisualStudio.TestTools.TestTypes.Unit.UnitTestAdapter, Microsoft.VisualStudio.QualityTools.Tips.UnitTest.Adapter, Version=10.0.0.0, Culture=neutral, PublicKeyToken=b03f5f7f11d50a3a" className="SharpBag.ExtensionsTest, SharpBag.Tests, Version=0.0.0.0, Culture=neutral, PublicKeyToken=null" name="As0163245" />
    </UnitTest>
    <UnitTest name="As0166401" storage="c:\users\suprdewd\documents\projects\sharpbag\sharpbag.tests\bin\release\sharpbag.tests.dll" id="2b6a1fd0-ad89-86fe-c32f-c850f3486570">
      <Execution id="fe4de084-cd7a-4896-81d5-816ed17aada8" />
      <TestMethod codeBase="C:/Users/SuprDewd/Documents/Projects/SharpBag/SharpBag.Tests/bin/Release/SharpBag.Tests.DLL" adapterTypeName="Microsoft.VisualStudio.TestTools.TestTypes.Unit.UnitTestAdapter, Microsoft.VisualStudio.QualityTools.Tips.UnitTest.Adapter, Version=10.0.0.0, Culture=neutral, PublicKeyToken=b03f5f7f11d50a3a" className="SharpBag.ExtensionsTest, SharpBag.Tests, Version=0.0.0.0, Culture=neutral, PublicKeyToken=null" name="As0166401" />
    </UnitTest>
    <UnitTest name="If921" storage="c:\users\suprdewd\documents\projects\sharpbag\sharpbag.tests\bin\release\sharpbag.tests.dll" id="0860ee19-0524-5919-2b3c-8316527f7933">
      <Execution id="e5206f23-77f1-417b-b8b3-e26b431897eb" />
      <TestMethod codeBase="C:/Users/SuprDewd/Documents/Projects/SharpBag/SharpBag.Tests/bin/Release/SharpBag.Tests.DLL" adapterTypeName="Microsoft.VisualStudio.TestTools.TestTypes.Unit.UnitTestAdapter, Microsoft.VisualStudio.QualityTools.Tips.UnitTest.Adapter, Version=10.0.0.0, Culture=neutral, PublicKeyToken=b03f5f7f11d50a3a" className="SharpBag.ExtensionsTest, SharpBag.Tests, Version=0.0.0.0, Culture=neutral, PublicKeyToken=null" name="If921" />
    </UnitTest>
    <UnitTest name="To04ThrowsContractException193" storage="c:\users\suprdewd\documents\projects\sharpbag\sharpbag.tests\bin\release\sharpbag.tests.dll" id="3ca3afbe-4155-3a78-1581-d034645ac0e9">
      <Execution id="30fb9bbb-afff-4ab2-a9a0-bb2bbeacbcc1" />
      <TestMethod codeBase="C:/Users/SuprDewd/Documents/Projects/SharpBag/SharpBag.Tests/bin/Release/SharpBag.Tests.DLL" adapterTypeName="Microsoft.VisualStudio.TestTools.TestTypes.Unit.UnitTestAdapter, Microsoft.VisualStudio.QualityTools.Tips.UnitTest.Adapter, Version=10.0.0.0, Culture=neutral, PublicKeyToken=b03f5f7f11d50a3a" className="SharpBag.ExtensionsTest, SharpBag.Tests, Version=0.0.0.0, Culture=neutral, PublicKeyToken=null" name="To04ThrowsContractException193" />
    </UnitTest>
    <UnitTest name="AsEnumerable56001" storage="c:\users\suprdewd\documents\projects\sharpbag\sharpbag.tests\bin\release\sharpbag.tests.dll" id="583a3c4e-73f0-f6e0-0816-cbe45229841d">
      <Execution id="718a28d4-9390-4985-b96d-06e9ce969dcd" />
      <TestMethod codeBase="C:/Users/SuprDewd/Documents/Projects/SharpBag/SharpBag.Tests/bin/Release/SharpBag.Tests.DLL" adapterTypeName="Microsoft.VisualStudio.TestTools.TestTypes.Unit.UnitTestAdapter, Microsoft.VisualStudio.QualityTools.Tips.UnitTest.Adapter, Version=10.0.0.0, Culture=neutral, PublicKeyToken=b03f5f7f11d50a3a" className="SharpBag.ExtensionsTest, SharpBag.Tests, Version=0.0.0.0, Culture=neutral, PublicKeyToken=null" name="AsEnumerable56001" />
    </UnitTest>
    <UnitTest name="As0163250" storage="c:\users\suprdewd\documents\projects\sharpbag\sharpbag.tests\bin\release\sharpbag.tests.dll" id="e2bf1cdc-50b4-47f6-3dd7-62edeb57bce2">
      <Execution id="e661459c-1736-441d-9d3b-40c7950bb916" />
      <TestMethod codeBase="C:/Users/SuprDewd/Documents/Projects/SharpBag/SharpBag.Tests/bin/Release/SharpBag.Tests.DLL" adapterTypeName="Microsoft.VisualStudio.TestTools.TestTypes.Unit.UnitTestAdapter, Microsoft.VisualStudio.QualityTools.Tips.UnitTest.Adapter, Version=10.0.0.0, Culture=neutral, PublicKeyToken=b03f5f7f11d50a3a" className="SharpBag.ExtensionsTest, SharpBag.Tests, Version=0.0.0.0, Culture=neutral, PublicKeyToken=null" name="As0163250" />
    </UnitTest>
    <UnitTest name="Subarray142" storage="c:\users\suprdewd\documents\projects\sharpbag\sharpbag.tests\bin\release\sharpbag.tests.dll" id="6ea29e89-2e15-126e-eecf-3f7b211c52eb">
      <Execution id="5be9528b-f2f7-4f64-9226-b7f6aea299e8" />
      <TestMethod codeBase="C:/Users/SuprDewd/Documents/Projects/SharpBag/SharpBag.Tests/bin/Release/SharpBag.Tests.DLL" adapterTypeName="Microsoft.VisualStudio.TestTools.TestTypes.Unit.UnitTestAdapter, Microsoft.VisualStudio.QualityTools.Tips.UnitTest.Adapter, Version=10.0.0.0, Culture=neutral, PublicKeyToken=b03f5f7f11d50a3a" className="SharpBag.ExtensionsTest, SharpBag.Tests, Version=0.0.0.0, Culture=neutral, PublicKeyToken=null" name="Subarray142" />
    </UnitTest>
    <UnitTest name="GetByPercentThrowsContractException730" storage="c:\users\suprdewd\documents\projects\sharpbag\sharpbag.tests\bin\release\sharpbag.tests.dll" id="1e0ca069-996e-4bc0-6164-74e9ee8107ac">
      <Execution id="253711eb-f49b-4062-9e60-30a786d2b363" />
      <TestMethod codeBase="C:/Users/SuprDewd/Documents/Projects/SharpBag/SharpBag.Tests/bin/Release/SharpBag.Tests.DLL" adapterTypeName="Microsoft.VisualStudio.TestTools.TestTypes.Unit.UnitTestAdapter, Microsoft.VisualStudio.QualityTools.Tips.UnitTest.Adapter, Version=10.0.0.0, Culture=neutral, PublicKeyToken=b03f5f7f11d50a3a" className="SharpBag.ExtensionsTest, SharpBag.Tests, Version=0.0.0.0, Culture=neutral, PublicKeyToken=null" name="GetByPercentThrowsContractException730" />
    </UnitTest>
    <UnitTest name="As215" storage="c:\users\suprdewd\documents\projects\sharpbag\sharpbag.tests\bin\release\sharpbag.tests.dll" id="7743f34e-ac5f-23a3-8e8f-212222420029">
      <Execution id="5ab4115e-45ac-4d2c-94a6-6f8313abe890" />
      <TestMethod codeBase="C:/Users/SuprDewd/Documents/Projects/SharpBag/SharpBag.Tests/bin/Release/SharpBag.Tests.DLL" adapterTypeName="Microsoft.VisualStudio.TestTools.TestTypes.Unit.UnitTestAdapter, Microsoft.VisualStudio.QualityTools.Tips.UnitTest.Adapter, Version=10.0.0.0, Culture=neutral, PublicKeyToken=b03f5f7f11d50a3a" className="SharpBag.ExtensionsTest, SharpBag.Tests, Version=0.0.0.0, Culture=neutral, PublicKeyToken=null" name="As215" />
    </UnitTest>
    <UnitTest name="ForEach12502" storage="c:\users\suprdewd\documents\projects\sharpbag\sharpbag.tests\bin\release\sharpbag.tests.dll" id="f5f02455-4aef-8763-5044-dc094bc64ba2">
      <Execution id="6c6c477c-7fa9-43a2-bb6f-5749aef286c6" />
      <TestMethod codeBase="C:/Users/SuprDewd/Documents/Projects/SharpBag/SharpBag.Tests/bin/Release/SharpBag.Tests.DLL" adapterTypeName="Microsoft.VisualStudio.TestTools.TestTypes.Unit.UnitTestAdapter, Microsoft.VisualStudio.QualityTools.Tips.UnitTest.Adapter, Version=10.0.0.0, Culture=neutral, PublicKeyToken=b03f5f7f11d50a3a" className="SharpBag.ExtensionsTest, SharpBag.Tests, Version=0.0.0.0, Culture=neutral, PublicKeyToken=null" name="ForEach12502" />
    </UnitTest>
    <UnitTest name="Add29602" storage="c:\users\suprdewd\documents\projects\sharpbag\sharpbag.tests\bin\release\sharpbag.tests.dll" id="d820847a-a64d-718b-5774-4886058277c3">
      <Execution id="1bed7092-f2fc-4cf2-a1f4-ecab2076b6fa" />
      <TestMethod codeBase="C:/Users/SuprDewd/Documents/Projects/SharpBag/SharpBag.Tests/bin/Release/SharpBag.Tests.DLL" adapterTypeName="Microsoft.VisualStudio.TestTools.TestTypes.Unit.UnitTestAdapter, Microsoft.VisualStudio.QualityTools.Tips.UnitTest.Adapter, Version=10.0.0.0, Culture=neutral, PublicKeyToken=b03f5f7f11d50a3a" className="SharpBag.ExtensionsTest, SharpBag.Tests, Version=0.0.0.0, Culture=neutral, PublicKeyToken=null" name="Add29602" />
    </UnitTest>
    <UnitTest name="Fill01688" storage="c:\users\suprdewd\documents\projects\sharpbag\sharpbag.tests\bin\release\sharpbag.tests.dll" id="d400fa75-dd71-d01b-c6b4-e354835a9d50">
      <Execution id="92e46253-20c8-41cc-aa24-b4568f1405c1" />
      <TestMethod codeBase="C:/Users/SuprDewd/Documents/Projects/SharpBag/SharpBag.Tests/bin/Release/SharpBag.Tests.DLL" adapterTypeName="Microsoft.VisualStudio.TestTools.TestTypes.Unit.UnitTestAdapter, Microsoft.VisualStudio.QualityTools.Tips.UnitTest.Adapter, Version=10.0.0.0, Culture=neutral, PublicKeyToken=b03f5f7f11d50a3a" className="SharpBag.ExtensionsTest, SharpBag.Tests, Version=0.0.0.0, Culture=neutral, PublicKeyToken=null" name="Fill01688" />
    </UnitTest>
    <UnitTest name="Constructor94201" storage="c:\users\suprdewd\documents\projects\sharpbag\sharpbag.tests\bin\release\sharpbag.tests.dll" id="8fabe6be-0a48-74a9-97ec-54d046e764bc">
      <Execution id="712d854a-a187-41f2-adad-d2463e2e1f5f" />
      <TestMethod codeBase="C:/Users/SuprDewd/Documents/Projects/SharpBag/SharpBag.Tests/bin/Release/SharpBag.Tests.DLL" adapterTypeName="Microsoft.VisualStudio.TestTools.TestTypes.Unit.UnitTestAdapter, Microsoft.VisualStudio.QualityTools.Tips.UnitTest.Adapter, Version=10.0.0.0, Culture=neutral, PublicKeyToken=b03f5f7f11d50a3a" className="SharpBag.Algorithms.PriorityQueueItemTTest, SharpBag.Tests, Version=0.0.0.0, Culture=neutral, PublicKeyToken=null" name="Constructor94201" />
    </UnitTest>
    <UnitTest name="AsEnumerable0314801" storage="c:\users\suprdewd\documents\projects\sharpbag\sharpbag.tests\bin\release\sharpbag.tests.dll" id="73dedb08-3777-9f76-6412-b3470bb8b574">
      <Execution id="109b2650-b29f-40fa-8947-af9d09ac2356" />
      <TestMethod codeBase="C:/Users/SuprDewd/Documents/Projects/SharpBag/SharpBag.Tests/bin/Release/SharpBag.Tests.DLL" adapterTypeName="Microsoft.VisualStudio.TestTools.TestTypes.Unit.UnitTestAdapter, Microsoft.VisualStudio.QualityTools.Tips.UnitTest.Adapter, Version=10.0.0.0, Culture=neutral, PublicKeyToken=b03f5f7f11d50a3a" className="SharpBag.ExtensionsTest, SharpBag.Tests, Version=0.0.0.0, Culture=neutral, PublicKeyToken=null" name="AsEnumerable0314801" />
    </UnitTest>
    <UnitTest name="As0163205" storage="c:\users\suprdewd\documents\projects\sharpbag\sharpbag.tests\bin\release\sharpbag.tests.dll" id="48745f52-01da-5495-8edc-495e0a033ca1">
      <Execution id="0ef2ad14-3071-4e55-8376-6f7673f2d5ff" />
      <TestMethod codeBase="C:/Users/SuprDewd/Documents/Projects/SharpBag/SharpBag.Tests/bin/Release/SharpBag.Tests.DLL" adapterTypeName="Microsoft.VisualStudio.TestTools.TestTypes.Unit.UnitTestAdapter, Microsoft.VisualStudio.QualityTools.Tips.UnitTest.Adapter, Version=10.0.0.0, Culture=neutral, PublicKeyToken=b03f5f7f11d50a3a" className="SharpBag.ExtensionsTest, SharpBag.Tests, Version=0.0.0.0, Culture=neutral, PublicKeyToken=null" name="As0163205" />
    </UnitTest>
    <UnitTest name="Add74301" storage="c:\users\suprdewd\documents\projects\sharpbag\sharpbag.tests\bin\release\sharpbag.tests.dll" id="1ac879f8-3c0a-1016-6157-e481eddd5c9f">
      <Execution id="d5cb2d8b-6fe7-4d4f-b48e-f1cb89e2b6f9" />
      <TestMethod codeBase="C:/Users/SuprDewd/Documents/Projects/SharpBag/SharpBag.Tests/bin/Release/SharpBag.Tests.DLL" adapterTypeName="Microsoft.VisualStudio.TestTools.TestTypes.Unit.UnitTestAdapter, Microsoft.VisualStudio.QualityTools.Tips.UnitTest.Adapter, Version=10.0.0.0, Culture=neutral, PublicKeyToken=b03f5f7f11d50a3a" className="SharpBag.Algorithms.PriorityQueueTTest, SharpBag.Tests, Version=0.0.0.0, Culture=neutral, PublicKeyToken=null" name="Add74301" />
    </UnitTest>
    <UnitTest name="GetSubRectangles899" storage="c:\users\suprdewd\documents\projects\sharpbag\sharpbag.tests\bin\release\sharpbag.tests.dll" id="2b100bf6-e6a4-9f38-c22a-f01b6c39f024">
      <Execution id="7ef7160a-48cc-4d9d-83fe-1bc4a2a02884" />
      <TestMethod codeBase="C:/Users/SuprDewd/Documents/Projects/SharpBag/SharpBag.Tests/bin/Release/SharpBag.Tests.DLL" adapterTypeName="Microsoft.VisualStudio.TestTools.TestTypes.Unit.UnitTestAdapter, Microsoft.VisualStudio.QualityTools.Tips.UnitTest.Adapter, Version=10.0.0.0, Culture=neutral, PublicKeyToken=b03f5f7f11d50a3a" className="SharpBag.Media.MediaExtensionsTest, SharpBag.Tests, Version=0.0.0.0, Culture=neutral, PublicKeyToken=null" name="GetSubRectangles899" />
    </UnitTest>
    <UnitTest name="As0163209" storage="c:\users\suprdewd\documents\projects\sharpbag\sharpbag.tests\bin\release\sharpbag.tests.dll" id="31a904fb-b5e5-f95a-175a-584bb2addaff">
      <Execution id="c42faf70-ef74-4e33-a8a6-2a0ea34306a7" />
      <TestMethod codeBase="C:/Users/SuprDewd/Documents/Projects/SharpBag/SharpBag.Tests/bin/Release/SharpBag.Tests.DLL" adapterTypeName="Microsoft.VisualStudio.TestTools.TestTypes.Unit.UnitTestAdapter, Microsoft.VisualStudio.QualityTools.Tips.UnitTest.Adapter, Version=10.0.0.0, Culture=neutral, PublicKeyToken=b03f5f7f11d50a3a" className="SharpBag.ExtensionsTest, SharpBag.Tests, Version=0.0.0.0, Culture=neutral, PublicKeyToken=null" name="As0163209" />
    </UnitTest>
    <UnitTest name="IterThrowsContractException105" storage="c:\users\suprdewd\documents\projects\sharpbag\sharpbag.tests\bin\release\sharpbag.tests.dll" id="cf0ed431-1996-776b-ee72-64e564d77181">
      <Execution id="5e600e27-d06c-4e24-87b0-a8cda2e17add" />
      <TestMethod codeBase="C:/Users/SuprDewd/Documents/Projects/SharpBag/SharpBag.Tests/bin/Release/SharpBag.Tests.DLL" adapterTypeName="Microsoft.VisualStudio.TestTools.TestTypes.Unit.UnitTestAdapter, Microsoft.VisualStudio.QualityTools.Tips.UnitTest.Adapter, Version=10.0.0.0, Culture=neutral, PublicKeyToken=b03f5f7f11d50a3a" className="SharpBag.ExtensionsTest, SharpBag.Tests, Version=0.0.0.0, Culture=neutral, PublicKeyToken=null" name="IterThrowsContractException105" />
    </UnitTest>
    <UnitTest name="IfNotNull01597" storage="c:\users\suprdewd\documents\projects\sharpbag\sharpbag.tests\bin\release\sharpbag.tests.dll" id="a5017919-7828-b52a-3fcf-0e88954eb83a">
      <Execution id="3cdd3ac0-b830-4005-bbb0-cd519a3737ee" />
      <TestMethod codeBase="C:/Users/SuprDewd/Documents/Projects/SharpBag/SharpBag.Tests/bin/Release/SharpBag.Tests.DLL" adapterTypeName="Microsoft.VisualStudio.TestTools.TestTypes.Unit.UnitTestAdapter, Microsoft.VisualStudio.QualityTools.Tips.UnitTest.Adapter, Version=10.0.0.0, Culture=neutral, PublicKeyToken=b03f5f7f11d50a3a" className="SharpBag.ExtensionsTest, SharpBag.Tests, Version=0.0.0.0, Culture=neutral, PublicKeyToken=null" name="IfNotNull01597" />
    </UnitTest>
    <UnitTest name="IsNullOrEmpty839" storage="c:\users\suprdewd\documents\projects\sharpbag\sharpbag.tests\bin\release\sharpbag.tests.dll" id="7d85dd6d-e955-0c88-df95-d36cadd3d7ff">
      <Execution id="eceecb31-94a8-488d-aba4-e9c086383ad0" />
      <TestMethod codeBase="C:/Users/SuprDewd/Documents/Projects/SharpBag/SharpBag.Tests/bin/Release/SharpBag.Tests.DLL" adapterTypeName="Microsoft.VisualStudio.TestTools.TestTypes.Unit.UnitTestAdapter, Microsoft.VisualStudio.QualityTools.Tips.UnitTest.Adapter, Version=10.0.0.0, Culture=neutral, PublicKeyToken=b03f5f7f11d50a3a" className="SharpBag.ExtensionsTest, SharpBag.Tests, Version=0.0.0.0, Culture=neutral, PublicKeyToken=null" name="IsNullOrEmpty839" />
    </UnitTest>
    <UnitTest name="As0132110" storage="c:\users\suprdewd\documents\projects\sharpbag\sharpbag.tests\bin\release\sharpbag.tests.dll" id="1220cf5e-04a1-0c63-1e54-72250893445a">
      <Execution id="aebce0f3-b1f2-417c-8768-14109bd74bb6" />
      <TestMethod codeBase="C:/Users/SuprDewd/Documents/Projects/SharpBag/SharpBag.Tests/bin/Release/SharpBag.Tests.DLL" adapterTypeName="Microsoft.VisualStudio.TestTools.TestTypes.Unit.UnitTestAdapter, Microsoft.VisualStudio.QualityTools.Tips.UnitTest.Adapter, Version=10.0.0.0, Culture=neutral, PublicKeyToken=b03f5f7f11d50a3a" className="SharpBag.ExtensionsTest, SharpBag.Tests, Version=0.0.0.0, Culture=neutral, PublicKeyToken=null" name="As0132110" />
    </UnitTest>
    <UnitTest name="As0132101" storage="c:\users\suprdewd\documents\projects\sharpbag\sharpbag.tests\bin\release\sharpbag.tests.dll" id="f4332708-2d9b-652b-a920-66192f9cdfaf">
      <Execution id="98419cac-8d03-4d0b-94e4-476d5b41c7f4" />
      <TestMethod codeBase="C:/Users/SuprDewd/Documents/Projects/SharpBag/SharpBag.Tests/bin/Release/SharpBag.Tests.DLL" adapterTypeName="Microsoft.VisualStudio.TestTools.TestTypes.Unit.UnitTestAdapter, Microsoft.VisualStudio.QualityTools.Tips.UnitTest.Adapter, Version=10.0.0.0, Culture=neutral, PublicKeyToken=b03f5f7f11d50a3a" className="SharpBag.ExtensionsTest, SharpBag.Tests, Version=0.0.0.0, Culture=neutral, PublicKeyToken=null" name="As0132101" />
    </UnitTest>
    <UnitTest name="IfNotNull0159704" storage="c:\users\suprdewd\documents\projects\sharpbag\sharpbag.tests\bin\release\sharpbag.tests.dll" id="116bcbca-67a9-cf3b-0614-27721784c6e2">
      <Execution id="84b33416-f727-4d52-afab-ffe86ba05b56" />
      <TestMethod codeBase="C:/Users/SuprDewd/Documents/Projects/SharpBag/SharpBag.Tests/bin/Release/SharpBag.Tests.DLL" adapterTypeName="Microsoft.VisualStudio.TestTools.TestTypes.Unit.UnitTestAdapter, Microsoft.VisualStudio.QualityTools.Tips.UnitTest.Adapter, Version=10.0.0.0, Culture=neutral, PublicKeyToken=b03f5f7f11d50a3a" className="SharpBag.ExtensionsTest, SharpBag.Tests, Version=0.0.0.0, Culture=neutral, PublicKeyToken=null" name="IfNotNull0159704" />
    </UnitTest>
    <UnitTest name="As6" storage="c:\users\suprdewd\documents\projects\sharpbag\sharpbag.tests\bin\release\sharpbag.tests.dll" id="9d4922e1-95bb-cc07-dd59-02aa21bc0c9d">
      <Execution id="0af24d06-c930-4180-a7ee-a6a8b44c88aa" />
      <TestMethod codeBase="C:/Users/SuprDewd/Documents/Projects/SharpBag/SharpBag.Tests/bin/Release/SharpBag.Tests.DLL" adapterTypeName="Microsoft.VisualStudio.TestTools.TestTypes.Unit.UnitTestAdapter, Microsoft.VisualStudio.QualityTools.Tips.UnitTest.Adapter, Version=10.0.0.0, Culture=neutral, PublicKeyToken=b03f5f7f11d50a3a" className="SharpBag.ExtensionsTest, SharpBag.Tests, Version=0.0.0.0, Culture=neutral, PublicKeyToken=null" name="As6" />
    </UnitTest>
    <UnitTest name="IfNotNull01ThrowsContractException708" storage="c:\users\suprdewd\documents\projects\sharpbag\sharpbag.tests\bin\release\sharpbag.tests.dll" id="976d989e-cf59-5cea-2b30-323b52da07dc">
      <Execution id="c7aa37c2-61c9-4b2f-bfb1-86a7440d129b" />
      <TestMethod codeBase="C:/Users/SuprDewd/Documents/Projects/SharpBag/SharpBag.Tests/bin/Release/SharpBag.Tests.DLL" adapterTypeName="Microsoft.VisualStudio.TestTools.TestTypes.Unit.UnitTestAdapter, Microsoft.VisualStudio.QualityTools.Tips.UnitTest.Adapter, Version=10.0.0.0, Culture=neutral, PublicKeyToken=b03f5f7f11d50a3a" className="SharpBag.ExtensionsTest, SharpBag.Tests, Version=0.0.0.0, Culture=neutral, PublicKeyToken=null" name="IfNotNull01ThrowsContractException708" />
    </UnitTest>
    <UnitTest name="As0163213" storage="c:\users\suprdewd\documents\projects\sharpbag\sharpbag.tests\bin\release\sharpbag.tests.dll" id="2e9abde5-72f2-18f2-ec62-8da36318a8ed">
      <Execution id="05d9c06a-a929-4f7b-a320-5a1acb48bbb3" />
      <TestMethod codeBase="C:/Users/SuprDewd/Documents/Projects/SharpBag/SharpBag.Tests/bin/Release/SharpBag.Tests.DLL" adapterTypeName="Microsoft.VisualStudio.TestTools.TestTypes.Unit.UnitTestAdapter, Microsoft.VisualStudio.QualityTools.Tips.UnitTest.Adapter, Version=10.0.0.0, Culture=neutral, PublicKeyToken=b03f5f7f11d50a3a" className="SharpBag.ExtensionsTest, SharpBag.Tests, Version=0.0.0.0, Culture=neutral, PublicKeyToken=null" name="As0163213" />
    </UnitTest>
    <UnitTest name="AsEnumerable560" storage="c:\users\suprdewd\documents\projects\sharpbag\sharpbag.tests\bin\release\sharpbag.tests.dll" id="84a133d0-001f-a986-72f9-cc05e5f25751">
      <Execution id="30cf1fe5-5282-4355-807d-adbfc3f79d50" />
      <TestMethod codeBase="C:/Users/SuprDewd/Documents/Projects/SharpBag/SharpBag.Tests/bin/Release/SharpBag.Tests.DLL" adapterTypeName="Microsoft.VisualStudio.TestTools.TestTypes.Unit.UnitTestAdapter, Microsoft.VisualStudio.QualityTools.Tips.UnitTest.Adapter, Version=10.0.0.0, Culture=neutral, PublicKeyToken=b03f5f7f11d50a3a" className="SharpBag.ExtensionsTest, SharpBag.Tests, Version=0.0.0.0, Culture=neutral, PublicKeyToken=null" name="AsEnumerable560" />
    </UnitTest>
    <UnitTest name="AsEnumerable0128302" storage="c:\users\suprdewd\documents\projects\sharpbag\sharpbag.tests\bin\release\sharpbag.tests.dll" id="39820720-af85-1690-8f39-546deff2b7b4">
      <Execution id="18a57bdd-3642-46bb-8680-f1a3eff39cb8" />
      <TestMethod codeBase="C:/Users/SuprDewd/Documents/Projects/SharpBag/SharpBag.Tests/bin/Release/SharpBag.Tests.DLL" adapterTypeName="Microsoft.VisualStudio.TestTools.TestTypes.Unit.UnitTestAdapter, Microsoft.VisualStudio.QualityTools.Tips.UnitTest.Adapter, Version=10.0.0.0, Culture=neutral, PublicKeyToken=b03f5f7f11d50a3a" className="SharpBag.ExtensionsTest, SharpBag.Tests, Version=0.0.0.0, Culture=neutral, PublicKeyToken=null" name="AsEnumerable0128302" />
    </UnitTest>
    <UnitTest name="RangeThrowsContractException95" storage="c:\users\suprdewd\documents\projects\sharpbag\sharpbag.tests\bin\release\sharpbag.tests.dll" id="ea9a1e87-93ad-3a52-2165-5f8c61f04d38">
      <Execution id="7adb226a-a664-4ac2-8bef-da79705c0f42" />
      <TestMethod codeBase="C:/Users/SuprDewd/Documents/Projects/SharpBag/SharpBag.Tests/bin/Release/SharpBag.Tests.DLL" adapterTypeName="Microsoft.VisualStudio.TestTools.TestTypes.Unit.UnitTestAdapter, Microsoft.VisualStudio.QualityTools.Tips.UnitTest.Adapter, Version=10.0.0.0, Culture=neutral, PublicKeyToken=b03f5f7f11d50a3a" className="SharpBag.ExtensionsTest, SharpBag.Tests, Version=0.0.0.0, Culture=neutral, PublicKeyToken=null" name="RangeThrowsContractException95" />
    </UnitTest>
    <UnitTest name="FillThrowsContractException184" storage="c:\users\suprdewd\documents\projects\sharpbag\sharpbag.tests\bin\release\sharpbag.tests.dll" id="352720fc-addb-8a50-aed2-2c94197dd6d3">
      <Execution id="95c7ae01-fdcf-44d4-beb8-6e70185764c2" />
      <TestMethod codeBase="C:/Users/SuprDewd/Documents/Projects/SharpBag/SharpBag.Tests/bin/Release/SharpBag.Tests.DLL" adapterTypeName="Microsoft.VisualStudio.TestTools.TestTypes.Unit.UnitTestAdapter, Microsoft.VisualStudio.QualityTools.Tips.UnitTest.Adapter, Version=10.0.0.0, Culture=neutral, PublicKeyToken=b03f5f7f11d50a3a" className="SharpBag.ExtensionsTest, SharpBag.Tests, Version=0.0.0.0, Culture=neutral, PublicKeyToken=null" name="FillThrowsContractException184" />
    </UnitTest>
    <UnitTest name="GetByPercentThrowsContractException75" storage="c:\users\suprdewd\documents\projects\sharpbag\sharpbag.tests\bin\release\sharpbag.tests.dll" id="c3ee02a5-293b-7ff9-c709-98157fa3a3be">
      <Execution id="faff36a1-799a-4d53-9b2b-941191dac533" />
      <TestMethod codeBase="C:/Users/SuprDewd/Documents/Projects/SharpBag/SharpBag.Tests/bin/Release/SharpBag.Tests.DLL" adapterTypeName="Microsoft.VisualStudio.TestTools.TestTypes.Unit.UnitTestAdapter, Microsoft.VisualStudio.QualityTools.Tips.UnitTest.Adapter, Version=10.0.0.0, Culture=neutral, PublicKeyToken=b03f5f7f11d50a3a" className="SharpBag.ExtensionsTest, SharpBag.Tests, Version=0.0.0.0, Culture=neutral, PublicKeyToken=null" name="GetByPercentThrowsContractException75" />
    </UnitTest>
    <UnitTest name="NextDateTime01ThrowsContractException939" storage="c:\users\suprdewd\documents\projects\sharpbag\sharpbag.tests\bin\release\sharpbag.tests.dll" id="db3591dc-f825-55e5-4b39-c42cda4bfcd4">
      <Execution id="18a39c25-4fad-491c-8dde-4653be6ec7de" />
      <TestMethod codeBase="C:/Users/SuprDewd/Documents/Projects/SharpBag/SharpBag.Tests/bin/Release/SharpBag.Tests.DLL" adapterTypeName="Microsoft.VisualStudio.TestTools.TestTypes.Unit.UnitTestAdapter, Microsoft.VisualStudio.QualityTools.Tips.UnitTest.Adapter, Version=10.0.0.0, Culture=neutral, PublicKeyToken=b03f5f7f11d50a3a" className="SharpBag.RandomExtensionsTest, SharpBag.Tests, Version=0.0.0.0, Culture=neutral, PublicKeyToken=null" name="NextDateTime01ThrowsContractException939" />
    </UnitTest>
    <UnitTest name="IfNotNull0192305" storage="c:\users\suprdewd\documents\projects\sharpbag\sharpbag.tests\bin\release\sharpbag.tests.dll" id="24fadf38-4396-5113-e8f4-c4d70d185024">
      <Execution id="243906f6-6a16-4259-a72d-7029a758e33e" />
      <TestMethod codeBase="C:/Users/SuprDewd/Documents/Projects/SharpBag/SharpBag.Tests/bin/Release/SharpBag.Tests.DLL" adapterTypeName="Microsoft.VisualStudio.TestTools.TestTypes.Unit.UnitTestAdapter, Microsoft.VisualStudio.QualityTools.Tips.UnitTest.Adapter, Version=10.0.0.0, Culture=neutral, PublicKeyToken=b03f5f7f11d50a3a" className="SharpBag.ExtensionsTest, SharpBag.Tests, Version=0.0.0.0, Culture=neutral, PublicKeyToken=null" name="IfNotNull0192305" />
    </UnitTest>
    <UnitTest name="NullOr714" storage="c:\users\suprdewd\documents\projects\sharpbag\sharpbag.tests\bin\release\sharpbag.tests.dll" id="e2ea95fb-c5c4-8579-22e2-2d857f0fee1f">
      <Execution id="416daa9e-d806-4fb4-be13-f731f155e487" />
      <TestMethod codeBase="C:/Users/SuprDewd/Documents/Projects/SharpBag/SharpBag.Tests/bin/Release/SharpBag.Tests.DLL" adapterTypeName="Microsoft.VisualStudio.TestTools.TestTypes.Unit.UnitTestAdapter, Microsoft.VisualStudio.QualityTools.Tips.UnitTest.Adapter, Version=10.0.0.0, Culture=neutral, PublicKeyToken=b03f5f7f11d50a3a" className="SharpBag.ExtensionsTest, SharpBag.Tests, Version=0.0.0.0, Culture=neutral, PublicKeyToken=null" name="NullOr714" />
    </UnitTest>
    <UnitTest name="GenerateEndless277" storage="c:\users\suprdewd\documents\projects\sharpbag\sharpbag.tests\bin\release\sharpbag.tests.dll" id="1fd730db-48ad-68c2-a560-921c988f9a38">
      <Execution id="f33af4ea-fa6c-4fe3-a15a-da0b98440495" />
      <TestMethod codeBase="C:/Users/SuprDewd/Documents/Projects/SharpBag/SharpBag.Tests/bin/Release/SharpBag.Tests.DLL" adapterTypeName="Microsoft.VisualStudio.TestTools.TestTypes.Unit.UnitTestAdapter, Microsoft.VisualStudio.QualityTools.Tips.UnitTest.Adapter, Version=10.0.0.0, Culture=neutral, PublicKeyToken=b03f5f7f11d50a3a" className="SharpBag.UtilsTest, SharpBag.Tests, Version=0.0.0.0, Culture=neutral, PublicKeyToken=null" name="GenerateEndless277" />
    </UnitTest>
    <UnitTest name="As0130302" storage="c:\users\suprdewd\documents\projects\sharpbag\sharpbag.tests\bin\release\sharpbag.tests.dll" id="bf4b4d8f-a9c5-278f-9d0c-4140566dfe7e">
      <Execution id="32bf9fb8-ab40-402a-980d-ce3fbbb6befc" />
      <TestMethod codeBase="C:/Users/SuprDewd/Documents/Projects/SharpBag/SharpBag.Tests/bin/Release/SharpBag.Tests.DLL" adapterTypeName="Microsoft.VisualStudio.TestTools.TestTypes.Unit.UnitTestAdapter, Microsoft.VisualStudio.QualityTools.Tips.UnitTest.Adapter, Version=10.0.0.0, Culture=neutral, PublicKeyToken=b03f5f7f11d50a3a" className="SharpBag.ExtensionsTest, SharpBag.Tests, Version=0.0.0.0, Culture=neutral, PublicKeyToken=null" name="As0130302" />
    </UnitTest>
    <UnitTest name="As01402" storage="c:\users\suprdewd\documents\projects\sharpbag\sharpbag.tests\bin\release\sharpbag.tests.dll" id="7ba074f7-37b4-86ab-f897-639c59c7afb2">
      <Execution id="82c04aa7-9caa-4f15-97e4-858fd35fd63a" />
      <TestMethod codeBase="C:/Users/SuprDewd/Documents/Projects/SharpBag/SharpBag.Tests/bin/Release/SharpBag.Tests.DLL" adapterTypeName="Microsoft.VisualStudio.TestTools.TestTypes.Unit.UnitTestAdapter, Microsoft.VisualStudio.QualityTools.Tips.UnitTest.Adapter, Version=10.0.0.0, Culture=neutral, PublicKeyToken=b03f5f7f11d50a3a" className="SharpBag.ExtensionsTest, SharpBag.Tests, Version=0.0.0.0, Culture=neutral, PublicKeyToken=null" name="As01402" />
    </UnitTest>
    <UnitTest name="Add60905" storage="c:\users\suprdewd\documents\projects\sharpbag\sharpbag.tests\bin\release\sharpbag.tests.dll" id="e7744f00-f1f0-3f04-ae6a-e86613496233">
      <Execution id="49213828-9649-4845-b3c9-7cc48edfeacf" />
      <TestMethod codeBase="C:/Users/SuprDewd/Documents/Projects/SharpBag/SharpBag.Tests/bin/Release/SharpBag.Tests.DLL" adapterTypeName="Microsoft.VisualStudio.TestTools.TestTypes.Unit.UnitTestAdapter, Microsoft.VisualStudio.QualityTools.Tips.UnitTest.Adapter, Version=10.0.0.0, Culture=neutral, PublicKeyToken=b03f5f7f11d50a3a" className="SharpBag.ExtensionsTest, SharpBag.Tests, Version=0.0.0.0, Culture=neutral, PublicKeyToken=null" name="Add60905" />
    </UnitTest>
    <UnitTest name="IsNot859" storage="c:\users\suprdewd\documents\projects\sharpbag\sharpbag.tests\bin\release\sharpbag.tests.dll" id="633e6a31-e7c1-dc4e-810e-71a427cf70a8">
      <Execution id="6d463d3f-7f54-41e4-9735-67e28658b45a" />
      <TestMethod codeBase="C:/Users/SuprDewd/Documents/Projects/SharpBag/SharpBag.Tests/bin/Release/SharpBag.Tests.DLL" adapterTypeName="Microsoft.VisualStudio.TestTools.TestTypes.Unit.UnitTestAdapter, Microsoft.VisualStudio.QualityTools.Tips.UnitTest.Adapter, Version=10.0.0.0, Culture=neutral, PublicKeyToken=b03f5f7f11d50a3a" className="SharpBag.ExtensionsTest, SharpBag.Tests, Version=0.0.0.0, Culture=neutral, PublicKeyToken=null" name="IsNot859" />
    </UnitTest>
    <UnitTest name="NextTimeSpanThrowsContractException287" storage="c:\users\suprdewd\documents\projects\sharpbag\sharpbag.tests\bin\release\sharpbag.tests.dll" id="ab8ea52f-3bbb-7d59-5174-ec7db8071eb4">
      <Execution id="fd00cbb9-cdcf-4e4f-82b3-8cf341a0a385" />
      <TestMethod codeBase="C:/Users/SuprDewd/Documents/Projects/SharpBag/SharpBag.Tests/bin/Release/SharpBag.Tests.DLL" adapterTypeName="Microsoft.VisualStudio.TestTools.TestTypes.Unit.UnitTestAdapter, Microsoft.VisualStudio.QualityTools.Tips.UnitTest.Adapter, Version=10.0.0.0, Culture=neutral, PublicKeyToken=b03f5f7f11d50a3a" className="SharpBag.RandomExtensionsTest, SharpBag.Tests, Version=0.0.0.0, Culture=neutral, PublicKeyToken=null" name="NextTimeSpanThrowsContractException287" />
    </UnitTest>
    <UnitTest name="Execute53301" storage="c:\users\suprdewd\documents\projects\sharpbag\sharpbag.tests\bin\release\sharpbag.tests.dll" id="25d5b35a-db1f-e192-1a83-5fbd23003a20">
      <Execution id="b450c536-8418-4eba-8f44-7caea04c113b" />
      <TestMethod codeBase="C:/Users/SuprDewd/Documents/Projects/SharpBag/SharpBag.Tests/bin/Release/SharpBag.Tests.DLL" adapterTypeName="Microsoft.VisualStudio.TestTools.TestTypes.Unit.UnitTestAdapter, Microsoft.VisualStudio.QualityTools.Tips.UnitTest.Adapter, Version=10.0.0.0, Culture=neutral, PublicKeyToken=b03f5f7f11d50a3a" className="SharpBag.ExtensionsTest, SharpBag.Tests, Version=0.0.0.0, Culture=neutral, PublicKeyToken=null" name="Execute53301" />
    </UnitTest>
    <UnitTest name="IfNotNull0159702" storage="c:\users\suprdewd\documents\projects\sharpbag\sharpbag.tests\bin\release\sharpbag.tests.dll" id="b086ebe0-6bb0-f4b4-2d74-97b1a10dd517">
      <Execution id="8c161b3e-2d90-4b90-a76a-b24ffee64b4f" />
      <TestMethod codeBase="C:/Users/SuprDewd/Documents/Projects/SharpBag/SharpBag.Tests/bin/Release/SharpBag.Tests.DLL" adapterTypeName="Microsoft.VisualStudio.TestTools.TestTypes.Unit.UnitTestAdapter, Microsoft.VisualStudio.QualityTools.Tips.UnitTest.Adapter, Version=10.0.0.0, Culture=neutral, PublicKeyToken=b03f5f7f11d50a3a" className="SharpBag.ExtensionsTest, SharpBag.Tests, Version=0.0.0.0, Culture=neutral, PublicKeyToken=null" name="IfNotNull0159702" />
    </UnitTest>
    <UnitTest name="As0166002" storage="c:\users\suprdewd\documents\projects\sharpbag\sharpbag.tests\bin\release\sharpbag.tests.dll" id="37c5e788-97a2-ee7f-c1df-5b64dcc3fb4c">
      <Execution id="d4865b26-f3e8-48a2-a00f-78a192dd614b" />
      <TestMethod codeBase="C:/Users/SuprDewd/Documents/Projects/SharpBag/SharpBag.Tests/bin/Release/SharpBag.Tests.DLL" adapterTypeName="Microsoft.VisualStudio.TestTools.TestTypes.Unit.UnitTestAdapter, Microsoft.VisualStudio.QualityTools.Tips.UnitTest.Adapter, Version=10.0.0.0, Culture=neutral, PublicKeyToken=b03f5f7f11d50a3a" className="SharpBag.ExtensionsTest, SharpBag.Tests, Version=0.0.0.0, Culture=neutral, PublicKeyToken=null" name="As0166002" />
    </UnitTest>
    <UnitTest name="AsEnumerable0128304" storage="c:\users\suprdewd\documents\projects\sharpbag\sharpbag.tests\bin\release\sharpbag.tests.dll" id="bbe65d68-71ba-72ec-21d1-a0b54bdef612">
      <Execution id="81dfc9e9-b40f-4a16-99b3-bc4cdd6394b4" />
      <TestMethod codeBase="C:/Users/SuprDewd/Documents/Projects/SharpBag/SharpBag.Tests/bin/Release/SharpBag.Tests.DLL" adapterTypeName="Microsoft.VisualStudio.TestTools.TestTypes.Unit.UnitTestAdapter, Microsoft.VisualStudio.QualityTools.Tips.UnitTest.Adapter, Version=10.0.0.0, Culture=neutral, PublicKeyToken=b03f5f7f11d50a3a" className="SharpBag.ExtensionsTest, SharpBag.Tests, Version=0.0.0.0, Culture=neutral, PublicKeyToken=null" name="AsEnumerable0128304" />
    </UnitTest>
    <UnitTest name="As0163233" storage="c:\users\suprdewd\documents\projects\sharpbag\sharpbag.tests\bin\release\sharpbag.tests.dll" id="990a1706-3c38-5c79-dd26-6bf2a85de470">
      <Execution id="6082950e-680d-453e-92f2-cfc945ae466a" />
      <TestMethod codeBase="C:/Users/SuprDewd/Documents/Projects/SharpBag/SharpBag.Tests/bin/Release/SharpBag.Tests.DLL" adapterTypeName="Microsoft.VisualStudio.TestTools.TestTypes.Unit.UnitTestAdapter, Microsoft.VisualStudio.QualityTools.Tips.UnitTest.Adapter, Version=10.0.0.0, Culture=neutral, PublicKeyToken=b03f5f7f11d50a3a" className="SharpBag.ExtensionsTest, SharpBag.Tests, Version=0.0.0.0, Culture=neutral, PublicKeyToken=null" name="As0163233" />
    </UnitTest>
    <UnitTest name="CreateIEnumerable420" storage="c:\users\suprdewd\documents\projects\sharpbag\sharpbag.tests\bin\release\sharpbag.tests.dll" id="e4451568-6212-a798-2a99-bf5d281a2d5f">
      <Execution id="5f338e1f-4e10-4c53-b599-607712d1c5ce" />
      <TestMethod codeBase="C:/Users/SuprDewd/Documents/Projects/SharpBag/SharpBag.Tests/bin/Release/SharpBag.Tests.DLL" adapterTypeName="Microsoft.VisualStudio.TestTools.TestTypes.Unit.UnitTestAdapter, Microsoft.VisualStudio.QualityTools.Tips.UnitTest.Adapter, Version=10.0.0.0, Culture=neutral, PublicKeyToken=b03f5f7f11d50a3a" className="SharpBag.UtilsTest, SharpBag.Tests, Version=0.0.0.0, Culture=neutral, PublicKeyToken=null" name="CreateIEnumerable420" />
    </UnitTest>
    <UnitTest name="InvokeIfRequired01ThrowsContractException497" storage="c:\users\suprdewd\documents\projects\sharpbag\sharpbag.tests\bin\release\sharpbag.tests.dll" id="9f8161de-d8d9-0a40-2ccf-5f45a6d4b367">
      <Execution id="89ec1aa0-4752-418d-a7e0-5b250fcad691" />
      <TestMethod codeBase="C:/Users/SuprDewd/Documents/Projects/SharpBag/SharpBag.Tests/bin/Release/SharpBag.Tests.DLL" adapterTypeName="Microsoft.VisualStudio.TestTools.TestTypes.Unit.UnitTestAdapter, Microsoft.VisualStudio.QualityTools.Tips.UnitTest.Adapter, Version=10.0.0.0, Culture=neutral, PublicKeyToken=b03f5f7f11d50a3a" className="SharpBag.ExtensionsTest, SharpBag.Tests, Version=0.0.0.0, Culture=neutral, PublicKeyToken=null" name="InvokeIfRequired01ThrowsContractException497" />
    </UnitTest>
    <UnitTest name="AsEnumerable0314802" storage="c:\users\suprdewd\documents\projects\sharpbag\sharpbag.tests\bin\release\sharpbag.tests.dll" id="f342f959-584b-70f7-fc12-f7e45c365653">
      <Execution id="e1c35ce8-e94c-4a72-b87e-1e1e8f39078f" />
      <TestMethod codeBase="C:/Users/SuprDewd/Documents/Projects/SharpBag/SharpBag.Tests/bin/Release/SharpBag.Tests.DLL" adapterTypeName="Microsoft.VisualStudio.TestTools.TestTypes.Unit.UnitTestAdapter, Microsoft.VisualStudio.QualityTools.Tips.UnitTest.Adapter, Version=10.0.0.0, Culture=neutral, PublicKeyToken=b03f5f7f11d50a3a" className="SharpBag.ExtensionsTest, SharpBag.Tests, Version=0.0.0.0, Culture=neutral, PublicKeyToken=null" name="AsEnumerable0314802" />
    </UnitTest>
    <UnitTest name="As0132107" storage="c:\users\suprdewd\documents\projects\sharpbag\sharpbag.tests\bin\release\sharpbag.tests.dll" id="850912a6-5065-5531-7451-3014a79cee54">
      <Execution id="a91d8b26-d131-47fe-a0da-c6380d8de2ab" />
      <TestMethod codeBase="C:/Users/SuprDewd/Documents/Projects/SharpBag/SharpBag.Tests/bin/Release/SharpBag.Tests.DLL" adapterTypeName="Microsoft.VisualStudio.TestTools.TestTypes.Unit.UnitTestAdapter, Microsoft.VisualStudio.QualityTools.Tips.UnitTest.Adapter, Version=10.0.0.0, Culture=neutral, PublicKeyToken=b03f5f7f11d50a3a" className="SharpBag.ExtensionsTest, SharpBag.Tests, Version=0.0.0.0, Culture=neutral, PublicKeyToken=null" name="As0132107" />
    </UnitTest>
    <UnitTest name="As0132111" storage="c:\users\suprdewd\documents\projects\sharpbag\sharpbag.tests\bin\release\sharpbag.tests.dll" id="f3c8111d-0bf8-839f-284c-12420a9a1467">
      <Execution id="0c9bb7bb-e073-4ff1-9174-b5a2903ffcd8" />
      <TestMethod codeBase="C:/Users/SuprDewd/Documents/Projects/SharpBag/SharpBag.Tests/bin/Release/SharpBag.Tests.DLL" adapterTypeName="Microsoft.VisualStudio.TestTools.TestTypes.Unit.UnitTestAdapter, Microsoft.VisualStudio.QualityTools.Tips.UnitTest.Adapter, Version=10.0.0.0, Culture=neutral, PublicKeyToken=b03f5f7f11d50a3a" className="SharpBag.ExtensionsTest, SharpBag.Tests, Version=0.0.0.0, Culture=neutral, PublicKeyToken=null" name="As0132111" />
    </UnitTest>
    <UnitTest name="Iter960" storage="c:\users\suprdewd\documents\projects\sharpbag\sharpbag.tests\bin\release\sharpbag.tests.dll" id="221d319c-8869-0d4c-725e-9ea36949d716">
      <Execution id="d187ca1b-cea8-4806-a62e-c5f2e0834468" />
      <TestMethod codeBase="C:/Users/SuprDewd/Documents/Projects/SharpBag/SharpBag.Tests/bin/Release/SharpBag.Tests.DLL" adapterTypeName="Microsoft.VisualStudio.TestTools.TestTypes.Unit.UnitTestAdapter, Microsoft.VisualStudio.QualityTools.Tips.UnitTest.Adapter, Version=10.0.0.0, Culture=neutral, PublicKeyToken=b03f5f7f11d50a3a" className="SharpBag.ExtensionsTest, SharpBag.Tests, Version=0.0.0.0, Culture=neutral, PublicKeyToken=null" name="Iter960" />
    </UnitTest>
    <UnitTest name="As0163222" storage="c:\users\suprdewd\documents\projects\sharpbag\sharpbag.tests\bin\release\sharpbag.tests.dll" id="473a2b39-cb44-1d62-3c12-9fd92e3b377f">
      <Execution id="1f427881-8a22-4ad8-9dee-0b03b3a92154" />
      <TestMethod codeBase="C:/Users/SuprDewd/Documents/Projects/SharpBag/SharpBag.Tests/bin/Release/SharpBag.Tests.DLL" adapterTypeName="Microsoft.VisualStudio.TestTools.TestTypes.Unit.UnitTestAdapter, Microsoft.VisualStudio.QualityTools.Tips.UnitTest.Adapter, Version=10.0.0.0, Culture=neutral, PublicKeyToken=b03f5f7f11d50a3a" className="SharpBag.ExtensionsTest, SharpBag.Tests, Version=0.0.0.0, Culture=neutral, PublicKeyToken=null" name="As0163222" />
    </UnitTest>
    <UnitTest name="ForEach12503" storage="c:\users\suprdewd\documents\projects\sharpbag\sharpbag.tests\bin\release\sharpbag.tests.dll" id="7acd9860-9837-fbe5-5425-b774d050444a">
      <Execution id="eca12475-7852-4392-903f-98b698e4d1cb" />
      <TestMethod codeBase="C:/Users/SuprDewd/Documents/Projects/SharpBag/SharpBag.Tests/bin/Release/SharpBag.Tests.DLL" adapterTypeName="Microsoft.VisualStudio.TestTools.TestTypes.Unit.UnitTestAdapter, Microsoft.VisualStudio.QualityTools.Tips.UnitTest.Adapter, Version=10.0.0.0, Culture=neutral, PublicKeyToken=b03f5f7f11d50a3a" className="SharpBag.ExtensionsTest, SharpBag.Tests, Version=0.0.0.0, Culture=neutral, PublicKeyToken=null" name="ForEach12503" />
    </UnitTest>
    <UnitTest name="As928" storage="c:\users\suprdewd\documents\projects\sharpbag\sharpbag.tests\bin\release\sharpbag.tests.dll" id="d97a225a-e31a-2138-2fae-7b4109b25275">
      <Execution id="61005cf2-6381-42f5-b235-ed6a21b5130b" />
      <TestMethod codeBase="C:/Users/SuprDewd/Documents/Projects/SharpBag/SharpBag.Tests/bin/Release/SharpBag.Tests.DLL" adapterTypeName="Microsoft.VisualStudio.TestTools.TestTypes.Unit.UnitTestAdapter, Microsoft.VisualStudio.QualityTools.Tips.UnitTest.Adapter, Version=10.0.0.0, Culture=neutral, PublicKeyToken=b03f5f7f11d50a3a" className="SharpBag.ExtensionsTest, SharpBag.Tests, Version=0.0.0.0, Culture=neutral, PublicKeyToken=null" name="As928" />
    </UnitTest>
    <UnitTest name="Fill01ThrowsContractException489" storage="c:\users\suprdewd\documents\projects\sharpbag\sharpbag.tests\bin\release\sharpbag.tests.dll" id="7c50cc41-afad-5d78-8e16-c7b6d605577a">
      <Execution id="ba47e0c6-afc6-4fae-8e3f-7477fc75f62b" />
      <TestMethod codeBase="C:/Users/SuprDewd/Documents/Projects/SharpBag/SharpBag.Tests/bin/Release/SharpBag.Tests.DLL" adapterTypeName="Microsoft.VisualStudio.TestTools.TestTypes.Unit.UnitTestAdapter, Microsoft.VisualStudio.QualityTools.Tips.UnitTest.Adapter, Version=10.0.0.0, Culture=neutral, PublicKeyToken=b03f5f7f11d50a3a" className="SharpBag.ExtensionsTest, SharpBag.Tests, Version=0.0.0.0, Culture=neutral, PublicKeyToken=null" name="Fill01ThrowsContractException489" />
    </UnitTest>
    <UnitTest name="As0163212" storage="c:\users\suprdewd\documents\projects\sharpbag\sharpbag.tests\bin\release\sharpbag.tests.dll" id="dc08494a-5655-aecb-96fc-b52817050a2a">
      <Execution id="066e5864-14be-4f24-b0b4-c971d726ea70" />
      <TestMethod codeBase="C:/Users/SuprDewd/Documents/Projects/SharpBag/SharpBag.Tests/bin/Release/SharpBag.Tests.DLL" adapterTypeName="Microsoft.VisualStudio.TestTools.TestTypes.Unit.UnitTestAdapter, Microsoft.VisualStudio.QualityTools.Tips.UnitTest.Adapter, Version=10.0.0.0, Culture=neutral, PublicKeyToken=b03f5f7f11d50a3a" className="SharpBag.ExtensionsTest, SharpBag.Tests, Version=0.0.0.0, Culture=neutral, PublicKeyToken=null" name="As0163212" />
    </UnitTest>
    <UnitTest name="As0163240" storage="c:\users\suprdewd\documents\projects\sharpbag\sharpbag.tests\bin\release\sharpbag.tests.dll" id="3f99a1d3-4dae-8b7d-a361-9ebbf5115b1e">
      <Execution id="54b7bb97-791e-4c6a-93ba-4534b39fb5c8" />
      <TestMethod codeBase="C:/Users/SuprDewd/Documents/Projects/SharpBag/SharpBag.Tests/bin/Release/SharpBag.Tests.DLL" adapterTypeName="Microsoft.VisualStudio.TestTools.TestTypes.Unit.UnitTestAdapter, Microsoft.VisualStudio.QualityTools.Tips.UnitTest.Adapter, Version=10.0.0.0, Culture=neutral, PublicKeyToken=b03f5f7f11d50a3a" className="SharpBag.ExtensionsTest, SharpBag.Tests, Version=0.0.0.0, Culture=neutral, PublicKeyToken=null" name="As0163240" />
    </UnitTest>
    <UnitTest name="IfNotNull47701" storage="c:\users\suprdewd\documents\projects\sharpbag\sharpbag.tests\bin\release\sharpbag.tests.dll" id="69d4fcec-3787-b518-9138-fc65c3d09ecc">
      <Execution id="1537fde5-e42e-4d48-94b1-d69df6f0da2c" />
      <TestMethod codeBase="C:/Users/SuprDewd/Documents/Projects/SharpBag/SharpBag.Tests/bin/Release/SharpBag.Tests.DLL" adapterTypeName="Microsoft.VisualStudio.TestTools.TestTypes.Unit.UnitTestAdapter, Microsoft.VisualStudio.QualityTools.Tips.UnitTest.Adapter, Version=10.0.0.0, Culture=neutral, PublicKeyToken=b03f5f7f11d50a3a" className="SharpBag.ExtensionsTest, SharpBag.Tests, Version=0.0.0.0, Culture=neutral, PublicKeyToken=null" name="IfNotNull47701" />
    </UnitTest>
    <UnitTest name="NextTimeSpan01ThrowsContractException279" storage="c:\users\suprdewd\documents\projects\sharpbag\sharpbag.tests\bin\release\sharpbag.tests.dll" id="07802348-e3dc-037c-ce88-1e51ccef97b0">
      <Execution id="b10b95a7-232b-4781-8a11-7b8ea96ee80c" />
      <TestMethod codeBase="C:/Users/SuprDewd/Documents/Projects/SharpBag/SharpBag.Tests/bin/Release/SharpBag.Tests.DLL" adapterTypeName="Microsoft.VisualStudio.TestTools.TestTypes.Unit.UnitTestAdapter, Microsoft.VisualStudio.QualityTools.Tips.UnitTest.Adapter, Version=10.0.0.0, Culture=neutral, PublicKeyToken=b03f5f7f11d50a3a" className="SharpBag.RandomExtensionsTest, SharpBag.Tests, Version=0.0.0.0, Culture=neutral, PublicKeyToken=null" name="NextTimeSpan01ThrowsContractException279" />
    </UnitTest>
    <UnitTest name="EmptyIfNull574" storage="c:\users\suprdewd\documents\projects\sharpbag\sharpbag.tests\bin\release\sharpbag.tests.dll" id="d982986f-d5cc-bb8f-d6d8-e2a54e2f4dd0">
      <Execution id="a03663b0-f8ca-46e9-94d3-5621ad26b237" />
      <TestMethod codeBase="C:/Users/SuprDewd/Documents/Projects/SharpBag/SharpBag.Tests/bin/Release/SharpBag.Tests.DLL" adapterTypeName="Microsoft.VisualStudio.TestTools.TestTypes.Unit.UnitTestAdapter, Microsoft.VisualStudio.QualityTools.Tips.UnitTest.Adapter, Version=10.0.0.0, Culture=neutral, PublicKeyToken=b03f5f7f11d50a3a" className="SharpBag.ExtensionsTest, SharpBag.Tests, Version=0.0.0.0, Culture=neutral, PublicKeyToken=null" name="EmptyIfNull574" />
    </UnitTest>
    <UnitTest name="Fill0157101" storage="c:\users\suprdewd\documents\projects\sharpbag\sharpbag.tests\bin\release\sharpbag.tests.dll" id="b8e531ca-ec94-5331-cc83-d2332ab01f85">
      <Execution id="d0e22248-24b4-4b0d-a745-fdbab864c54c" />
      <TestMethod codeBase="C:/Users/SuprDewd/Documents/Projects/SharpBag/SharpBag.Tests/bin/Release/SharpBag.Tests.DLL" adapterTypeName="Microsoft.VisualStudio.TestTools.TestTypes.Unit.UnitTestAdapter, Microsoft.VisualStudio.QualityTools.Tips.UnitTest.Adapter, Version=10.0.0.0, Culture=neutral, PublicKeyToken=b03f5f7f11d50a3a" className="SharpBag.ExtensionsTest, SharpBag.Tests, Version=0.0.0.0, Culture=neutral, PublicKeyToken=null" name="Fill0157101" />
    </UnitTest>
    <UnitTest name="Execute93301" storage="c:\users\suprdewd\documents\projects\sharpbag\sharpbag.tests\bin\release\sharpbag.tests.dll" id="fd09b993-a9b4-e74b-ac25-fcabec687112">
      <Execution id="81a972d9-073f-49fe-b2e7-1d7623415702" />
      <TestMethod codeBase="C:/Users/SuprDewd/Documents/Projects/SharpBag/SharpBag.Tests/bin/Release/SharpBag.Tests.DLL" adapterTypeName="Microsoft.VisualStudio.TestTools.TestTypes.Unit.UnitTestAdapter, Microsoft.VisualStudio.QualityTools.Tips.UnitTest.Adapter, Version=10.0.0.0, Culture=neutral, PublicKeyToken=b03f5f7f11d50a3a" className="SharpBag.ExtensionsTest, SharpBag.Tests, Version=0.0.0.0, Culture=neutral, PublicKeyToken=null" name="Execute93301" />
    </UnitTest>
    <UnitTest name="As0136702" storage="c:\users\suprdewd\documents\projects\sharpbag\sharpbag.tests\bin\release\sharpbag.tests.dll" id="f791b1fc-7ecf-06ad-9b72-838a0f1da804">
      <Execution id="61dde6e3-a093-4828-9fa8-f851d5b62d17" />
      <TestMethod codeBase="C:/Users/SuprDewd/Documents/Projects/SharpBag/SharpBag.Tests/bin/Release/SharpBag.Tests.DLL" adapterTypeName="Microsoft.VisualStudio.TestTools.TestTypes.Unit.UnitTestAdapter, Microsoft.VisualStudio.QualityTools.Tips.UnitTest.Adapter, Version=10.0.0.0, Culture=neutral, PublicKeyToken=b03f5f7f11d50a3a" className="SharpBag.ExtensionsTest, SharpBag.Tests, Version=0.0.0.0, Culture=neutral, PublicKeyToken=null" name="As0136702" />
    </UnitTest>
    <UnitTest name="To723" storage="c:\users\suprdewd\documents\projects\sharpbag\sharpbag.tests\bin\release\sharpbag.tests.dll" id="2a492a9b-f563-5e1e-f60c-76d1e2ee9ce9">
      <Execution id="20ed4d0f-8584-41f9-9e71-f35c7a188e2e" />
      <TestMethod codeBase="C:/Users/SuprDewd/Documents/Projects/SharpBag/SharpBag.Tests/bin/Release/SharpBag.Tests.DLL" adapterTypeName="Microsoft.VisualStudio.TestTools.TestTypes.Unit.UnitTestAdapter, Microsoft.VisualStudio.QualityTools.Tips.UnitTest.Adapter, Version=10.0.0.0, Culture=neutral, PublicKeyToken=b03f5f7f11d50a3a" className="SharpBag.ExtensionsTest, SharpBag.Tests, Version=0.0.0.0, Culture=neutral, PublicKeyToken=null" name="To723" />
    </UnitTest>
    <UnitTest name="Shuffle395" storage="c:\users\suprdewd\documents\projects\sharpbag\sharpbag.tests\bin\release\sharpbag.tests.dll" id="013a48c5-946e-02f6-4064-7f83cd8d7665">
      <Execution id="96e77340-a4f4-4813-b8b4-7275c8ddfa2f" />
      <TestMethod codeBase="C:/Users/SuprDewd/Documents/Projects/SharpBag/SharpBag.Tests/bin/Release/SharpBag.Tests.DLL" adapterTypeName="Microsoft.VisualStudio.TestTools.TestTypes.Unit.UnitTestAdapter, Microsoft.VisualStudio.QualityTools.Tips.UnitTest.Adapter, Version=10.0.0.0, Culture=neutral, PublicKeyToken=b03f5f7f11d50a3a" className="SharpBag.ExtensionsTest, SharpBag.Tests, Version=0.0.0.0, Culture=neutral, PublicKeyToken=null" name="Shuffle395" />
    </UnitTest>
    <UnitTest name="As0166005" storage="c:\users\suprdewd\documents\projects\sharpbag\sharpbag.tests\bin\release\sharpbag.tests.dll" id="8fa3fd2f-ba25-de78-c47b-e00d25c74cb6">
      <Execution id="7c21431b-3aaa-4629-8c79-10b6b7caa9d6" />
      <TestMethod codeBase="C:/Users/SuprDewd/Documents/Projects/SharpBag/SharpBag.Tests/bin/Release/SharpBag.Tests.DLL" adapterTypeName="Microsoft.VisualStudio.TestTools.TestTypes.Unit.UnitTestAdapter, Microsoft.VisualStudio.QualityTools.Tips.UnitTest.Adapter, Version=10.0.0.0, Culture=neutral, PublicKeyToken=b03f5f7f11d50a3a" className="SharpBag.ExtensionsTest, SharpBag.Tests, Version=0.0.0.0, Culture=neutral, PublicKeyToken=null" name="As0166005" />
    </UnitTest>
    <UnitTest name="As0163228" storage="c:\users\suprdewd\documents\projects\sharpbag\sharpbag.tests\bin\release\sharpbag.tests.dll" id="25e137bf-b11b-a709-2200-80de04831d5b">
      <Execution id="a09b4276-3b22-4ec4-910c-818e0ad4f549" />
      <TestMethod codeBase="C:/Users/SuprDewd/Documents/Projects/SharpBag/SharpBag.Tests/bin/Release/SharpBag.Tests.DLL" adapterTypeName="Microsoft.VisualStudio.TestTools.TestTypes.Unit.UnitTestAdapter, Microsoft.VisualStudio.QualityTools.Tips.UnitTest.Adapter, Version=10.0.0.0, Culture=neutral, PublicKeyToken=b03f5f7f11d50a3a" className="SharpBag.ExtensionsTest, SharpBag.Tests, Version=0.0.0.0, Culture=neutral, PublicKeyToken=null" name="As0163228" />
    </UnitTest>
    <UnitTest name="IfNotNull0159701" storage="c:\users\suprdewd\documents\projects\sharpbag\sharpbag.tests\bin\release\sharpbag.tests.dll" id="f96aeaaa-982a-50fe-9819-4fadbbdc5555">
      <Execution id="9ce79189-b916-4f3a-8e28-bcc6f576b7c5" />
      <TestMethod codeBase="C:/Users/SuprDewd/Documents/Projects/SharpBag/SharpBag.Tests/bin/Release/SharpBag.Tests.DLL" adapterTypeName="Microsoft.VisualStudio.TestTools.TestTypes.Unit.UnitTestAdapter, Microsoft.VisualStudio.QualityTools.Tips.UnitTest.Adapter, Version=10.0.0.0, Culture=neutral, PublicKeyToken=b03f5f7f11d50a3a" className="SharpBag.ExtensionsTest, SharpBag.Tests, Version=0.0.0.0, Culture=neutral, PublicKeyToken=null" name="IfNotNull0159701" />
    </UnitTest>
    <UnitTest name="ExecutionTimeThrowsContractException15" storage="c:\users\suprdewd\documents\projects\sharpbag\sharpbag.tests\bin\release\sharpbag.tests.dll" id="b43d3839-897a-8359-f8af-bc2aa0d853ca">
      <Execution id="252f22e1-aae1-49ae-ad05-2b48411ae02d" />
      <TestMethod codeBase="C:/Users/SuprDewd/Documents/Projects/SharpBag/SharpBag.Tests/bin/Release/SharpBag.Tests.DLL" adapterTypeName="Microsoft.VisualStudio.TestTools.TestTypes.Unit.UnitTestAdapter, Microsoft.VisualStudio.QualityTools.Tips.UnitTest.Adapter, Version=10.0.0.0, Culture=neutral, PublicKeyToken=b03f5f7f11d50a3a" className="SharpBag.UtilsTest, SharpBag.Tests, Version=0.0.0.0, Culture=neutral, PublicKeyToken=null" name="ExecutionTimeThrowsContractException15" />
    </UnitTest>
    <UnitTest name="ForEach90805" storage="c:\users\suprdewd\documents\projects\sharpbag\sharpbag.tests\bin\release\sharpbag.tests.dll" id="b70adbd0-590e-daec-704e-6b8d2f1eef4b">
      <Execution id="d753d923-5517-4491-a494-6ad8f7eb312a" />
      <TestMethod codeBase="C:/Users/SuprDewd/Documents/Projects/SharpBag/SharpBag.Tests/bin/Release/SharpBag.Tests.DLL" adapterTypeName="Microsoft.VisualStudio.TestTools.TestTypes.Unit.UnitTestAdapter, Microsoft.VisualStudio.QualityTools.Tips.UnitTest.Adapter, Version=10.0.0.0, Culture=neutral, PublicKeyToken=b03f5f7f11d50a3a" className="SharpBag.ExtensionsTest, SharpBag.Tests, Version=0.0.0.0, Culture=neutral, PublicKeyToken=null" name="ForEach90805" />
    </UnitTest>
    <UnitTest name="AsEnumerable02ThrowsContractException447" storage="c:\users\suprdewd\documents\projects\sharpbag\sharpbag.tests\bin\release\sharpbag.tests.dll" id="81ae6575-42cf-3ee5-249e-6da4cf14831c">
      <Execution id="a310941a-81fb-43a6-b5db-f09999f4c959" />
      <TestMethod codeBase="C:/Users/SuprDewd/Documents/Projects/SharpBag/SharpBag.Tests/bin/Release/SharpBag.Tests.DLL" adapterTypeName="Microsoft.VisualStudio.TestTools.TestTypes.Unit.UnitTestAdapter, Microsoft.VisualStudio.QualityTools.Tips.UnitTest.Adapter, Version=10.0.0.0, Culture=neutral, PublicKeyToken=b03f5f7f11d50a3a" className="SharpBag.ExtensionsTest, SharpBag.Tests, Version=0.0.0.0, Culture=neutral, PublicKeyToken=null" name="AsEnumerable02ThrowsContractException447" />
    </UnitTest>
    <UnitTest name="Shuffle713" storage="c:\users\suprdewd\documents\projects\sharpbag\sharpbag.tests\bin\release\sharpbag.tests.dll" id="b81ff0f8-4bd4-95ca-3a1e-ebf2dd6ff95a">
      <Execution id="b1347956-ca26-45ac-99c2-b51495cc284a" />
      <TestMethod codeBase="C:/Users/SuprDewd/Documents/Projects/SharpBag/SharpBag.Tests/bin/Release/SharpBag.Tests.DLL" adapterTypeName="Microsoft.VisualStudio.TestTools.TestTypes.Unit.UnitTestAdapter, Microsoft.VisualStudio.QualityTools.Tips.UnitTest.Adapter, Version=10.0.0.0, Culture=neutral, PublicKeyToken=b03f5f7f11d50a3a" className="SharpBag.ExtensionsTest, SharpBag.Tests, Version=0.0.0.0, Culture=neutral, PublicKeyToken=null" name="Shuffle713" />
    </UnitTest>
    <UnitTest name="IfNotNullThrowsContractException522" storage="c:\users\suprdewd\documents\projects\sharpbag\sharpbag.tests\bin\release\sharpbag.tests.dll" id="0fff3361-456c-b23e-a549-242fc6d0887e">
      <Execution id="4279e23f-ab77-4111-8ab2-f5ecd7ebdb8d" />
      <TestMethod codeBase="C:/Users/SuprDewd/Documents/Projects/SharpBag/SharpBag.Tests/bin/Release/SharpBag.Tests.DLL" adapterTypeName="Microsoft.VisualStudio.TestTools.TestTypes.Unit.UnitTestAdapter, Microsoft.VisualStudio.QualityTools.Tips.UnitTest.Adapter, Version=10.0.0.0, Culture=neutral, PublicKeyToken=b03f5f7f11d50a3a" className="SharpBag.ExtensionsTest, SharpBag.Tests, Version=0.0.0.0, Culture=neutral, PublicKeyToken=null" name="IfNotNullThrowsContractException522" />
    </UnitTest>
    <UnitTest name="Fill57101" storage="c:\users\suprdewd\documents\projects\sharpbag\sharpbag.tests\bin\release\sharpbag.tests.dll" id="e860bbd5-6ce1-07c3-fd03-d14cbeda5d8f">
      <Execution id="b8edf1c7-0afa-44f6-98a3-25e5ec6e1224" />
      <TestMethod codeBase="C:/Users/SuprDewd/Documents/Projects/SharpBag/SharpBag.Tests/bin/Release/SharpBag.Tests.DLL" adapterTypeName="Microsoft.VisualStudio.TestTools.TestTypes.Unit.UnitTestAdapter, Microsoft.VisualStudio.QualityTools.Tips.UnitTest.Adapter, Version=10.0.0.0, Culture=neutral, PublicKeyToken=b03f5f7f11d50a3a" className="SharpBag.ExtensionsTest, SharpBag.Tests, Version=0.0.0.0, Culture=neutral, PublicKeyToken=null" name="Fill57101" />
    </UnitTest>
    <UnitTest name="Add88503" storage="c:\users\suprdewd\documents\projects\sharpbag\sharpbag.tests\bin\release\sharpbag.tests.dll" id="106b7a63-3c06-2f97-097e-1a5d38b1a1ac">
      <Execution id="efdd4a7d-b8ed-4810-b45b-dc2012a1d7b3" />
      <TestMethod codeBase="C:/Users/SuprDewd/Documents/Projects/SharpBag/SharpBag.Tests/bin/Release/SharpBag.Tests.DLL" adapterTypeName="Microsoft.VisualStudio.TestTools.TestTypes.Unit.UnitTestAdapter, Microsoft.VisualStudio.QualityTools.Tips.UnitTest.Adapter, Version=10.0.0.0, Culture=neutral, PublicKeyToken=b03f5f7f11d50a3a" className="SharpBag.ExtensionsTest, SharpBag.Tests, Version=0.0.0.0, Culture=neutral, PublicKeyToken=null" name="Add88503" />
    </UnitTest>
    <UnitTest name="Is373" storage="c:\users\suprdewd\documents\projects\sharpbag\sharpbag.tests\bin\release\sharpbag.tests.dll" id="767e3845-1b47-6225-c38c-e6345e12262a">
      <Execution id="327ee001-91a5-4b95-a8db-4b83b9a6f533" />
      <TestMethod codeBase="C:/Users/SuprDewd/Documents/Projects/SharpBag/SharpBag.Tests/bin/Release/SharpBag.Tests.DLL" adapterTypeName="Microsoft.VisualStudio.TestTools.TestTypes.Unit.UnitTestAdapter, Microsoft.VisualStudio.QualityTools.Tips.UnitTest.Adapter, Version=10.0.0.0, Culture=neutral, PublicKeyToken=b03f5f7f11d50a3a" className="SharpBag.ExtensionsTest, SharpBag.Tests, Version=0.0.0.0, Culture=neutral, PublicKeyToken=null" name="Is373" />
    </UnitTest>
    <UnitTest name="ExecuteThrowsContractException357" storage="c:\users\suprdewd\documents\projects\sharpbag\sharpbag.tests\bin\release\sharpbag.tests.dll" id="3dde4b4b-e27c-57a9-155e-da4fc130f503">
      <Execution id="ced27f4c-e17a-4095-8bb9-f0b475dad668" />
      <TestMethod codeBase="C:/Users/SuprDewd/Documents/Projects/SharpBag/SharpBag.Tests/bin/Release/SharpBag.Tests.DLL" adapterTypeName="Microsoft.VisualStudio.TestTools.TestTypes.Unit.UnitTestAdapter, Microsoft.VisualStudio.QualityTools.Tips.UnitTest.Adapter, Version=10.0.0.0, Culture=neutral, PublicKeyToken=b03f5f7f11d50a3a" className="SharpBag.ExtensionsTest, SharpBag.Tests, Version=0.0.0.0, Culture=neutral, PublicKeyToken=null" name="ExecuteThrowsContractException357" />
    </UnitTest>
    <UnitTest name="AddThrowsContractException261" storage="c:\users\suprdewd\documents\projects\sharpbag\sharpbag.tests\bin\release\sharpbag.tests.dll" id="30d8e69f-8aa2-c29f-376f-bcb878c7b97b">
      <Execution id="6d464e01-f26a-490c-9cbb-d22c2db196e4" />
      <TestMethod codeBase="C:/Users/SuprDewd/Documents/Projects/SharpBag/SharpBag.Tests/bin/Release/SharpBag.Tests.DLL" adapterTypeName="Microsoft.VisualStudio.TestTools.TestTypes.Unit.UnitTestAdapter, Microsoft.VisualStudio.QualityTools.Tips.UnitTest.Adapter, Version=10.0.0.0, Culture=neutral, PublicKeyToken=b03f5f7f11d50a3a" className="SharpBag.ExtensionsTest, SharpBag.Tests, Version=0.0.0.0, Culture=neutral, PublicKeyToken=null" name="AddThrowsContractException261" />
    </UnitTest>
    <UnitTest name="GetByPercentThrowsIndexOutOfRangeException858" storage="c:\users\suprdewd\documents\projects\sharpbag\sharpbag.tests\bin\release\sharpbag.tests.dll" id="16bc510b-963f-30e5-6517-13389edd4fdc">
      <Execution id="1b2de735-22f1-4f22-afd0-8673e875692b" />
      <TestMethod codeBase="C:/Users/SuprDewd/Documents/Projects/SharpBag/SharpBag.Tests/bin/Release/SharpBag.Tests.DLL" adapterTypeName="Microsoft.VisualStudio.TestTools.TestTypes.Unit.UnitTestAdapter, Microsoft.VisualStudio.QualityTools.Tips.UnitTest.Adapter, Version=10.0.0.0, Culture=neutral, PublicKeyToken=b03f5f7f11d50a3a" className="SharpBag.ExtensionsTest, SharpBag.Tests, Version=0.0.0.0, Culture=neutral, PublicKeyToken=null" name="GetByPercentThrowsIndexOutOfRangeException858" />
    </UnitTest>
    <UnitTest name="ReadLinesFromConsole864" storage="c:\users\suprdewd\documents\projects\sharpbag\sharpbag.tests\bin\release\sharpbag.tests.dll" id="536b6a19-3a08-b70f-2e38-9f6c85ff083a">
      <Execution id="b950d0e1-0709-4d5a-8ae8-03ccb0b91f51" />
      <TestMethod codeBase="C:/Users/SuprDewd/Documents/Projects/SharpBag/SharpBag.Tests/bin/Release/SharpBag.Tests.DLL" adapterTypeName="Microsoft.VisualStudio.TestTools.TestTypes.Unit.UnitTestAdapter, Microsoft.VisualStudio.QualityTools.Tips.UnitTest.Adapter, Version=10.0.0.0, Culture=neutral, PublicKeyToken=b03f5f7f11d50a3a" className="SharpBag.UtilsTest, SharpBag.Tests, Version=0.0.0.0, Culture=neutral, PublicKeyToken=null" name="ReadLinesFromConsole864" />
    </UnitTest>
    <UnitTest name="ToString01530" storage="c:\users\suprdewd\documents\projects\sharpbag\sharpbag.tests\bin\release\sharpbag.tests.dll" id="0cf9c414-1497-f4be-8e70-721d9337c834">
      <Execution id="3e8487c0-20b8-4391-8c29-4c0f45f61796" />
      <TestMethod codeBase="C:/Users/SuprDewd/Documents/Projects/SharpBag/SharpBag.Tests/bin/Release/SharpBag.Tests.DLL" adapterTypeName="Microsoft.VisualStudio.TestTools.TestTypes.Unit.UnitTestAdapter, Microsoft.VisualStudio.QualityTools.Tips.UnitTest.Adapter, Version=10.0.0.0, Culture=neutral, PublicKeyToken=b03f5f7f11d50a3a" className="SharpBag.Algorithms.PriorityQueueItemTTest, SharpBag.Tests, Version=0.0.0.0, Culture=neutral, PublicKeyToken=null" name="ToString01530" />
    </UnitTest>
    <UnitTest name="Fill01105" storage="c:\users\suprdewd\documents\projects\sharpbag\sharpbag.tests\bin\release\sharpbag.tests.dll" id="d1244455-073f-9dfb-7627-1dfedd276854">
      <Execution id="03865dbd-e6d3-409c-9390-8700bb40ac67" />
      <TestMethod codeBase="C:/Users/SuprDewd/Documents/Projects/SharpBag/SharpBag.Tests/bin/Release/SharpBag.Tests.DLL" adapterTypeName="Microsoft.VisualStudio.TestTools.TestTypes.Unit.UnitTestAdapter, Microsoft.VisualStudio.QualityTools.Tips.UnitTest.Adapter, Version=10.0.0.0, Culture=neutral, PublicKeyToken=b03f5f7f11d50a3a" className="SharpBag.ExtensionsTest, SharpBag.Tests, Version=0.0.0.0, Culture=neutral, PublicKeyToken=null" name="Fill01105" />
    </UnitTest>
    <UnitTest name="As21504" storage="c:\users\suprdewd\documents\projects\sharpbag\sharpbag.tests\bin\release\sharpbag.tests.dll" id="b99ec452-b626-078c-5efb-2041d6f255c4">
      <Execution id="886c2b5a-0276-4c43-8730-68d48a3cd904" />
      <TestMethod codeBase="C:/Users/SuprDewd/Documents/Projects/SharpBag/SharpBag.Tests/bin/Release/SharpBag.Tests.DLL" adapterTypeName="Microsoft.VisualStudio.TestTools.TestTypes.Unit.UnitTestAdapter, Microsoft.VisualStudio.QualityTools.Tips.UnitTest.Adapter, Version=10.0.0.0, Culture=neutral, PublicKeyToken=b03f5f7f11d50a3a" className="SharpBag.ExtensionsTest, SharpBag.Tests, Version=0.0.0.0, Culture=neutral, PublicKeyToken=null" name="As21504" />
    </UnitTest>
    <UnitTest name="As0163202" storage="c:\users\suprdewd\documents\projects\sharpbag\sharpbag.tests\bin\release\sharpbag.tests.dll" id="5aba0e57-1e97-6240-5ce7-34738ec9892e">
      <Execution id="1b9f827f-75d5-4269-9358-062ec7680be1" />
      <TestMethod codeBase="C:/Users/SuprDewd/Documents/Projects/SharpBag/SharpBag.Tests/bin/Release/SharpBag.Tests.DLL" adapterTypeName="Microsoft.VisualStudio.TestTools.TestTypes.Unit.UnitTestAdapter, Microsoft.VisualStudio.QualityTools.Tips.UnitTest.Adapter, Version=10.0.0.0, Culture=neutral, PublicKeyToken=b03f5f7f11d50a3a" className="SharpBag.ExtensionsTest, SharpBag.Tests, Version=0.0.0.0, Culture=neutral, PublicKeyToken=null" name="As0163202" />
    </UnitTest>
    <UnitTest name="GenerateThrowsContractException133" storage="c:\users\suprdewd\documents\projects\sharpbag\sharpbag.tests\bin\release\sharpbag.tests.dll" id="54c53908-aa18-b805-dfbf-38b92f93913c">
      <Execution id="5224ab53-bf01-4a96-8e2a-370d5408a822" />
      <TestMethod codeBase="C:/Users/SuprDewd/Documents/Projects/SharpBag/SharpBag.Tests/bin/Release/SharpBag.Tests.DLL" adapterTypeName="Microsoft.VisualStudio.TestTools.TestTypes.Unit.UnitTestAdapter, Microsoft.VisualStudio.QualityTools.Tips.UnitTest.Adapter, Version=10.0.0.0, Culture=neutral, PublicKeyToken=b03f5f7f11d50a3a" className="SharpBag.UtilsTest, SharpBag.Tests, Version=0.0.0.0, Culture=neutral, PublicKeyToken=null" name="GenerateThrowsContractException133" />
    </UnitTest>
    <UnitTest name="Add29603" storage="c:\users\suprdewd\documents\projects\sharpbag\sharpbag.tests\bin\release\sharpbag.tests.dll" id="b74830d0-a6ce-14b6-0d35-7c2e849267f3">
      <Execution id="f3f3201d-0ca8-4a04-9e01-5a3790ef3e32" />
      <TestMethod codeBase="C:/Users/SuprDewd/Documents/Projects/SharpBag/SharpBag.Tests/bin/Release/SharpBag.Tests.DLL" adapterTypeName="Microsoft.VisualStudio.TestTools.TestTypes.Unit.UnitTestAdapter, Microsoft.VisualStudio.QualityTools.Tips.UnitTest.Adapter, Version=10.0.0.0, Culture=neutral, PublicKeyToken=b03f5f7f11d50a3a" className="SharpBag.ExtensionsTest, SharpBag.Tests, Version=0.0.0.0, Culture=neutral, PublicKeyToken=null" name="Add29603" />
    </UnitTest>
    <UnitTest name="As29401" storage="c:\users\suprdewd\documents\projects\sharpbag\sharpbag.tests\bin\release\sharpbag.tests.dll" id="9b2baef8-8cea-f431-96b6-95e1ddfaf4a9">
      <Execution id="32f4ac14-961e-4378-b3af-2d8c79074e12" />
      <TestMethod codeBase="C:/Users/SuprDewd/Documents/Projects/SharpBag/SharpBag.Tests/bin/Release/SharpBag.Tests.DLL" adapterTypeName="Microsoft.VisualStudio.TestTools.TestTypes.Unit.UnitTestAdapter, Microsoft.VisualStudio.QualityTools.Tips.UnitTest.Adapter, Version=10.0.0.0, Culture=neutral, PublicKeyToken=b03f5f7f11d50a3a" className="SharpBag.ExtensionsTest, SharpBag.Tests, Version=0.0.0.0, Culture=neutral, PublicKeyToken=null" name="As29401" />
    </UnitTest>
    <UnitTest name="RandomThrowsContractException730" storage="c:\users\suprdewd\documents\projects\sharpbag\sharpbag.tests\bin\release\sharpbag.tests.dll" id="92caeb3a-566c-6fce-a8ab-3dccc358efd9">
      <Execution id="8028d2c9-adfc-4c34-ab26-26f03f4a5bcc" />
      <TestMethod codeBase="C:/Users/SuprDewd/Documents/Projects/SharpBag/SharpBag.Tests/bin/Release/SharpBag.Tests.DLL" adapterTypeName="Microsoft.VisualStudio.TestTools.TestTypes.Unit.UnitTestAdapter, Microsoft.VisualStudio.QualityTools.Tips.UnitTest.Adapter, Version=10.0.0.0, Culture=neutral, PublicKeyToken=b03f5f7f11d50a3a" className="SharpBag.ExtensionsTest, SharpBag.Tests, Version=0.0.0.0, Culture=neutral, PublicKeyToken=null" name="RandomThrowsContractException730" />
    </UnitTest>
    <UnitTest name="AsEnumerable0314805" storage="c:\users\suprdewd\documents\projects\sharpbag\sharpbag.tests\bin\release\sharpbag.tests.dll" id="e75a22b2-c563-8631-1997-baffb42f02e0">
      <Execution id="2e3d2c2d-7f7e-425e-b495-462d7034c567" />
      <TestMethod codeBase="C:/Users/SuprDewd/Documents/Projects/SharpBag/SharpBag.Tests/bin/Release/SharpBag.Tests.DLL" adapterTypeName="Microsoft.VisualStudio.TestTools.TestTypes.Unit.UnitTestAdapter, Microsoft.VisualStudio.QualityTools.Tips.UnitTest.Adapter, Version=10.0.0.0, Culture=neutral, PublicKeyToken=b03f5f7f11d50a3a" className="SharpBag.ExtensionsTest, SharpBag.Tests, Version=0.0.0.0, Culture=neutral, PublicKeyToken=null" name="AsEnumerable0314805" />
    </UnitTest>
    <UnitTest name="GetEntry399" storage="c:\users\suprdewd\documents\projects\sharpbag\sharpbag.tests\bin\release\sharpbag.tests.dll" id="892a3b87-6eb6-1cb1-2f32-1bd29fed6734">
      <Execution id="a2843734-38f2-43cc-bfa4-2fb06300a23d" />
      <TestMethod codeBase="C:/Users/SuprDewd/Documents/Projects/SharpBag/SharpBag.Tests/bin/Release/SharpBag.Tests.DLL" adapterTypeName="Microsoft.VisualStudio.TestTools.TestTypes.Unit.UnitTestAdapter, Microsoft.VisualStudio.QualityTools.Tips.UnitTest.Adapter, Version=10.0.0.0, Culture=neutral, PublicKeyToken=b03f5f7f11d50a3a" className="SharpBag.Math.PascalTriangleTest, SharpBag.Tests, Version=0.0.0.0, Culture=neutral, PublicKeyToken=null" name="GetEntry399" />
    </UnitTest>
    <UnitTest name="As0163249" storage="c:\users\suprdewd\documents\projects\sharpbag\sharpbag.tests\bin\release\sharpbag.tests.dll" id="8f949d67-2000-ad4f-76a8-a640e3b0f2ea">
      <Execution id="50870a5f-75d4-40b6-be15-ca2e0b6c03b4" />
      <TestMethod codeBase="C:/Users/SuprDewd/Documents/Projects/SharpBag/SharpBag.Tests/bin/Release/SharpBag.Tests.DLL" adapterTypeName="Microsoft.VisualStudio.TestTools.TestTypes.Unit.UnitTestAdapter, Microsoft.VisualStudio.QualityTools.Tips.UnitTest.Adapter, Version=10.0.0.0, Culture=neutral, PublicKeyToken=b03f5f7f11d50a3a" className="SharpBag.ExtensionsTest, SharpBag.Tests, Version=0.0.0.0, Culture=neutral, PublicKeyToken=null" name="As0163249" />
    </UnitTest>
    <UnitTest name="As0163219" storage="c:\users\suprdewd\documents\projects\sharpbag\sharpbag.tests\bin\release\sharpbag.tests.dll" id="40b13692-f736-7aca-afa5-678a24ba3ffc">
      <Execution id="a10fd42d-dcab-47f7-82c0-7ebc7b695fcc" />
      <TestMethod codeBase="C:/Users/SuprDewd/Documents/Projects/SharpBag/SharpBag.Tests/bin/Release/SharpBag.Tests.DLL" adapterTypeName="Microsoft.VisualStudio.TestTools.TestTypes.Unit.UnitTestAdapter, Microsoft.VisualStudio.QualityTools.Tips.UnitTest.Adapter, Version=10.0.0.0, Culture=neutral, PublicKeyToken=b03f5f7f11d50a3a" className="SharpBag.ExtensionsTest, SharpBag.Tests, Version=0.0.0.0, Culture=neutral, PublicKeyToken=null" name="As0163219" />
    </UnitTest>
    <UnitTest name="ToString01827" storage="c:\users\suprdewd\documents\projects\sharpbag\sharpbag.tests\bin\release\sharpbag.tests.dll" id="61f7685b-d775-dd59-8bb8-b9d96ff30e56">
      <Execution id="aadca690-c7a3-4234-80f0-bce5f11388f5" />
      <TestMethod codeBase="C:/Users/SuprDewd/Documents/Projects/SharpBag/SharpBag.Tests/bin/Release/SharpBag.Tests.DLL" adapterTypeName="Microsoft.VisualStudio.TestTools.TestTypes.Unit.UnitTestAdapter, Microsoft.VisualStudio.QualityTools.Tips.UnitTest.Adapter, Version=10.0.0.0, Culture=neutral, PublicKeyToken=b03f5f7f11d50a3a" className="SharpBag.Algorithms.PriorityQueueItemTTest, SharpBag.Tests, Version=0.0.0.0, Culture=neutral, PublicKeyToken=null" name="ToString01827" />
    </UnitTest>
    <UnitTest name="Times25801" storage="c:\users\suprdewd\documents\projects\sharpbag\sharpbag.tests\bin\release\sharpbag.tests.dll" id="54dfb2f2-edab-6914-c734-746381ef028e">
      <Execution id="2b6a357a-6c81-4bc6-915c-ac6cf6d20326" />
      <TestMethod codeBase="C:/Users/SuprDewd/Documents/Projects/SharpBag/SharpBag.Tests/bin/Release/SharpBag.Tests.DLL" adapterTypeName="Microsoft.VisualStudio.TestTools.TestTypes.Unit.UnitTestAdapter, Microsoft.VisualStudio.QualityTools.Tips.UnitTest.Adapter, Version=10.0.0.0, Culture=neutral, PublicKeyToken=b03f5f7f11d50a3a" className="SharpBag.ExtensionsTest, SharpBag.Tests, Version=0.0.0.0, Culture=neutral, PublicKeyToken=null" name="Times25801" />
    </UnitTest>
    <UnitTest name="As0163252" storage="c:\users\suprdewd\documents\projects\sharpbag\sharpbag.tests\bin\release\sharpbag.tests.dll" id="52bb5c10-8020-64c9-2ecd-899322f38be6">
      <Execution id="3cf00e7d-7e51-45c2-83ac-ac42bbd16541" />
      <TestMethod codeBase="C:/Users/SuprDewd/Documents/Projects/SharpBag/SharpBag.Tests/bin/Release/SharpBag.Tests.DLL" adapterTypeName="Microsoft.VisualStudio.TestTools.TestTypes.Unit.UnitTestAdapter, Microsoft.VisualStudio.QualityTools.Tips.UnitTest.Adapter, Version=10.0.0.0, Culture=neutral, PublicKeyToken=b03f5f7f11d50a3a" className="SharpBag.ExtensionsTest, SharpBag.Tests, Version=0.0.0.0, Culture=neutral, PublicKeyToken=null" name="As0163252" />
    </UnitTest>
    <UnitTest name="IsIn0134" storage="c:\users\suprdewd\documents\projects\sharpbag\sharpbag.tests\bin\release\sharpbag.tests.dll" id="20789601-3bb2-517f-9c07-8755507d968d">
      <Execution id="ce4be99d-206e-4124-b7fe-78bebeea74d6" />
      <TestMethod codeBase="C:/Users/SuprDewd/Documents/Projects/SharpBag/SharpBag.Tests/bin/Release/SharpBag.Tests.DLL" adapterTypeName="Microsoft.VisualStudio.TestTools.TestTypes.Unit.UnitTestAdapter, Microsoft.VisualStudio.QualityTools.Tips.UnitTest.Adapter, Version=10.0.0.0, Culture=neutral, PublicKeyToken=b03f5f7f11d50a3a" className="SharpBag.ExtensionsTest, SharpBag.Tests, Version=0.0.0.0, Culture=neutral, PublicKeyToken=null" name="IsIn0134" />
    </UnitTest>
    <UnitTest name="As21519" storage="c:\users\suprdewd\documents\projects\sharpbag\sharpbag.tests\bin\release\sharpbag.tests.dll" id="b1e8fb4c-7380-ad76-529d-dbdac5528194">
      <Execution id="055ddad0-c547-420f-a932-9b1597e6d19c" />
      <TestMethod codeBase="C:/Users/SuprDewd/Documents/Projects/SharpBag/SharpBag.Tests/bin/Release/SharpBag.Tests.DLL" adapterTypeName="Microsoft.VisualStudio.TestTools.TestTypes.Unit.UnitTestAdapter, Microsoft.VisualStudio.QualityTools.Tips.UnitTest.Adapter, Version=10.0.0.0, Culture=neutral, PublicKeyToken=b03f5f7f11d50a3a" className="SharpBag.ExtensionsTest, SharpBag.Tests, Version=0.0.0.0, Culture=neutral, PublicKeyToken=null" name="As21519" />
    </UnitTest>
    <UnitTest name="ForEach78801" storage="c:\users\suprdewd\documents\projects\sharpbag\sharpbag.tests\bin\release\sharpbag.tests.dll" id="a45582f8-3825-adac-44bf-8fa9e3381e89">
      <Execution id="06193b99-ded3-4534-9058-f18af2621ccb" />
      <TestMethod codeBase="C:/Users/SuprDewd/Documents/Projects/SharpBag/SharpBag.Tests/bin/Release/SharpBag.Tests.DLL" adapterTypeName="Microsoft.VisualStudio.TestTools.TestTypes.Unit.UnitTestAdapter, Microsoft.VisualStudio.QualityTools.Tips.UnitTest.Adapter, Version=10.0.0.0, Culture=neutral, PublicKeyToken=b03f5f7f11d50a3a" className="SharpBag.ExtensionsTest, SharpBag.Tests, Version=0.0.0.0, Culture=neutral, PublicKeyToken=null" name="ForEach78801" />
    </UnitTest>
    <UnitTest name="Fill0157104" storage="c:\users\suprdewd\documents\projects\sharpbag\sharpbag.tests\bin\release\sharpbag.tests.dll" id="d5027f5f-1da1-2a25-97cf-1e7da6a062b5">
      <Execution id="281b076a-c91c-4c96-8fdb-fecb5bfbce88" />
      <TestMethod codeBase="C:/Users/SuprDewd/Documents/Projects/SharpBag/SharpBag.Tests/bin/Release/SharpBag.Tests.DLL" adapterTypeName="Microsoft.VisualStudio.TestTools.TestTypes.Unit.UnitTestAdapter, Microsoft.VisualStudio.QualityTools.Tips.UnitTest.Adapter, Version=10.0.0.0, Culture=neutral, PublicKeyToken=b03f5f7f11d50a3a" className="SharpBag.ExtensionsTest, SharpBag.Tests, Version=0.0.0.0, Culture=neutral, PublicKeyToken=null" name="Fill0157104" />
    </UnitTest>
    <UnitTest name="GetRectangleThrowsContractException636" storage="c:\users\suprdewd\documents\projects\sharpbag\sharpbag.tests\bin\release\sharpbag.tests.dll" id="bff4cadd-4f1c-2dc8-fd6c-9d55b780efae">
      <Execution id="e2623a9b-f48d-484f-8045-9e75787faaf9" />
      <TestMethod codeBase="C:/Users/SuprDewd/Documents/Projects/SharpBag/SharpBag.Tests/bin/Release/SharpBag.Tests.DLL" adapterTypeName="Microsoft.VisualStudio.TestTools.TestTypes.Unit.UnitTestAdapter, Microsoft.VisualStudio.QualityTools.Tips.UnitTest.Adapter, Version=10.0.0.0, Culture=neutral, PublicKeyToken=b03f5f7f11d50a3a" className="SharpBag.Media.MediaExtensionsTest, SharpBag.Tests, Version=0.0.0.0, Culture=neutral, PublicKeyToken=null" name="GetRectangleThrowsContractException636" />
    </UnitTest>
    <UnitTest name="IfNotNull477" storage="c:\users\suprdewd\documents\projects\sharpbag\sharpbag.tests\bin\release\sharpbag.tests.dll" id="fc92c33d-a24e-4715-be4e-9ee45be3958a">
      <Execution id="bd84e394-91bb-4618-a853-26e2891d8166" />
      <TestMethod codeBase="C:/Users/SuprDewd/Documents/Projects/SharpBag/SharpBag.Tests/bin/Release/SharpBag.Tests.DLL" adapterTypeName="Microsoft.VisualStudio.TestTools.TestTypes.Unit.UnitTestAdapter, Microsoft.VisualStudio.QualityTools.Tips.UnitTest.Adapter, Version=10.0.0.0, Culture=neutral, PublicKeyToken=b03f5f7f11d50a3a" className="SharpBag.ExtensionsTest, SharpBag.Tests, Version=0.0.0.0, Culture=neutral, PublicKeyToken=null" name="IfNotNull477" />
    </UnitTest>
    <UnitTest name="As0163201" storage="c:\users\suprdewd\documents\projects\sharpbag\sharpbag.tests\bin\release\sharpbag.tests.dll" id="f4fcc51c-8f8e-7431-03c1-95529343e3ab">
      <Execution id="f2963bfa-c0db-4d33-bc83-9e0d38ae3f0f" />
      <TestMethod codeBase="C:/Users/SuprDewd/Documents/Projects/SharpBag/SharpBag.Tests/bin/Release/SharpBag.Tests.DLL" adapterTypeName="Microsoft.VisualStudio.TestTools.TestTypes.Unit.UnitTestAdapter, Microsoft.VisualStudio.QualityTools.Tips.UnitTest.Adapter, Version=10.0.0.0, Culture=neutral, PublicKeyToken=b03f5f7f11d50a3a" className="SharpBag.ExtensionsTest, SharpBag.Tests, Version=0.0.0.0, Culture=neutral, PublicKeyToken=null" name="As0163201" />
    </UnitTest>
    <UnitTest name="CollatzCount606" storage="c:\users\suprdewd\documents\projects\sharpbag\sharpbag.tests\bin\release\sharpbag.tests.dll" id="ebf62956-8cad-1ea9-be23-3282e8e24cf9">
      <Execution id="a06254af-4c0e-4844-82fd-5c3cba5edaf2" />
      <TestMethod codeBase="C:/Users/SuprDewd/Documents/Projects/SharpBag/SharpBag.Tests/bin/Release/SharpBag.Tests.DLL" adapterTypeName="Microsoft.VisualStudio.TestTools.TestTypes.Unit.UnitTestAdapter, Microsoft.VisualStudio.QualityTools.Tips.UnitTest.Adapter, Version=10.0.0.0, Culture=neutral, PublicKeyToken=b03f5f7f11d50a3a" className="SharpBag.Math.MathExtensionsTest, SharpBag.Tests, Version=0.0.0.0, Culture=neutral, PublicKeyToken=null" name="CollatzCount606" />
    </UnitTest>
    <UnitTest name="IsInThrowsContractException588" storage="c:\users\suprdewd\documents\projects\sharpbag\sharpbag.tests\bin\release\sharpbag.tests.dll" id="2d5e0c73-6690-aba4-5ea6-eafc09214675">
      <Execution id="ee1a6a26-7a55-4859-a3c9-0fd7006bd65d" />
      <TestMethod codeBase="C:/Users/SuprDewd/Documents/Projects/SharpBag/SharpBag.Tests/bin/Release/SharpBag.Tests.DLL" adapterTypeName="Microsoft.VisualStudio.TestTools.TestTypes.Unit.UnitTestAdapter, Microsoft.VisualStudio.QualityTools.Tips.UnitTest.Adapter, Version=10.0.0.0, Culture=neutral, PublicKeyToken=b03f5f7f11d50a3a" className="SharpBag.ExtensionsTest, SharpBag.Tests, Version=0.0.0.0, Culture=neutral, PublicKeyToken=null" name="IsInThrowsContractException588" />
    </UnitTest>
    <UnitTest name="As01983" storage="c:\users\suprdewd\documents\projects\sharpbag\sharpbag.tests\bin\release\sharpbag.tests.dll" id="f50339b2-56a6-fab9-1b43-e437b5e0a59d">
      <Execution id="2f740410-7327-4d31-89ed-c78a35d7835d" />
      <TestMethod codeBase="C:/Users/SuprDewd/Documents/Projects/SharpBag/SharpBag.Tests/bin/Release/SharpBag.Tests.DLL" adapterTypeName="Microsoft.VisualStudio.TestTools.TestTypes.Unit.UnitTestAdapter, Microsoft.VisualStudio.QualityTools.Tips.UnitTest.Adapter, Version=10.0.0.0, Culture=neutral, PublicKeyToken=b03f5f7f11d50a3a" className="SharpBag.ExtensionsTest, SharpBag.Tests, Version=0.0.0.0, Culture=neutral, PublicKeyToken=null" name="As01983" />
    </UnitTest>
    <UnitTest name="As21516" storage="c:\users\suprdewd\documents\projects\sharpbag\sharpbag.tests\bin\release\sharpbag.tests.dll" id="15f6ec28-2881-7c22-a597-01fe1093749a">
      <Execution id="1d1d7641-1ce9-4b0a-8255-0beffd041c21" />
      <TestMethod codeBase="C:/Users/SuprDewd/Documents/Projects/SharpBag/SharpBag.Tests/bin/Release/SharpBag.Tests.DLL" adapterTypeName="Microsoft.VisualStudio.TestTools.TestTypes.Unit.UnitTestAdapter, Microsoft.VisualStudio.QualityTools.Tips.UnitTest.Adapter, Version=10.0.0.0, Culture=neutral, PublicKeyToken=b03f5f7f11d50a3a" className="SharpBag.ExtensionsTest, SharpBag.Tests, Version=0.0.0.0, Culture=neutral, PublicKeyToken=null" name="As21516" />
    </UnitTest>
    <UnitTest name="ContainsArrayThrowsContractException828" storage="c:\users\suprdewd\documents\projects\sharpbag\sharpbag.tests\bin\release\sharpbag.tests.dll" id="d8115cf2-acd6-b8cc-aa75-b519347ccd23">
      <Execution id="38f5c7af-24e0-4c4b-8fa2-f18c97a53b84" />
      <TestMethod codeBase="C:/Users/SuprDewd/Documents/Projects/SharpBag/SharpBag.Tests/bin/Release/SharpBag.Tests.DLL" adapterTypeName="Microsoft.VisualStudio.TestTools.TestTypes.Unit.UnitTestAdapter, Microsoft.VisualStudio.QualityTools.Tips.UnitTest.Adapter, Version=10.0.0.0, Culture=neutral, PublicKeyToken=b03f5f7f11d50a3a" className="SharpBag.ExtensionsTest, SharpBag.Tests, Version=0.0.0.0, Culture=neutral, PublicKeyToken=null" name="ContainsArrayThrowsContractException828" />
    </UnitTest>
    <UnitTest name="IfNotNull0192302" storage="c:\users\suprdewd\documents\projects\sharpbag\sharpbag.tests\bin\release\sharpbag.tests.dll" id="a65b5eab-4121-901b-449c-fc9aba07d07b">
      <Execution id="c97e0bd9-8ed3-47a8-8746-cb65d6a05148" />
      <TestMethod codeBase="C:/Users/SuprDewd/Documents/Projects/SharpBag/SharpBag.Tests/bin/Release/SharpBag.Tests.DLL" adapterTypeName="Microsoft.VisualStudio.TestTools.TestTypes.Unit.UnitTestAdapter, Microsoft.VisualStudio.QualityTools.Tips.UnitTest.Adapter, Version=10.0.0.0, Culture=neutral, PublicKeyToken=b03f5f7f11d50a3a" className="SharpBag.ExtensionsTest, SharpBag.Tests, Version=0.0.0.0, Culture=neutral, PublicKeyToken=null" name="IfNotNull0192302" />
    </UnitTest>
    <UnitTest name="ForEach78804" storage="c:\users\suprdewd\documents\projects\sharpbag\sharpbag.tests\bin\release\sharpbag.tests.dll" id="9a12b8c7-dd2a-27a8-8e5c-846cf91e7a67">
      <Execution id="6a671f3e-b1f6-4ac4-8da5-c99b765d3c8e" />
      <TestMethod codeBase="C:/Users/SuprDewd/Documents/Projects/SharpBag/SharpBag.Tests/bin/Release/SharpBag.Tests.DLL" adapterTypeName="Microsoft.VisualStudio.TestTools.TestTypes.Unit.UnitTestAdapter, Microsoft.VisualStudio.QualityTools.Tips.UnitTest.Adapter, Version=10.0.0.0, Culture=neutral, PublicKeyToken=b03f5f7f11d50a3a" className="SharpBag.ExtensionsTest, SharpBag.Tests, Version=0.0.0.0, Culture=neutral, PublicKeyToken=null" name="ForEach78804" />
    </UnitTest>
    <UnitTest name="As0166403" storage="c:\users\suprdewd\documents\projects\sharpbag\sharpbag.tests\bin\release\sharpbag.tests.dll" id="4c1abec7-91f0-7672-2e0f-302cf26fbd1a">
      <Execution id="f7bed755-5e3d-4061-aeef-07484a6af0cd" />
      <TestMethod codeBase="C:/Users/SuprDewd/Documents/Projects/SharpBag/SharpBag.Tests/bin/Release/SharpBag.Tests.DLL" adapterTypeName="Microsoft.VisualStudio.TestTools.TestTypes.Unit.UnitTestAdapter, Microsoft.VisualStudio.QualityTools.Tips.UnitTest.Adapter, Version=10.0.0.0, Culture=neutral, PublicKeyToken=b03f5f7f11d50a3a" className="SharpBag.ExtensionsTest, SharpBag.Tests, Version=0.0.0.0, Culture=neutral, PublicKeyToken=null" name="As0166403" />
    </UnitTest>
    <UnitTest name="AsEnumerable56004" storage="c:\users\suprdewd\documents\projects\sharpbag\sharpbag.tests\bin\release\sharpbag.tests.dll" id="9611d5ba-c78e-b7b6-592f-64194d91b456">
      <Execution id="9eca7c14-4562-4271-95b1-74aa81e85278" />
      <TestMethod codeBase="C:/Users/SuprDewd/Documents/Projects/SharpBag/SharpBag.Tests/bin/Release/SharpBag.Tests.DLL" adapterTypeName="Microsoft.VisualStudio.TestTools.TestTypes.Unit.UnitTestAdapter, Microsoft.VisualStudio.QualityTools.Tips.UnitTest.Adapter, Version=10.0.0.0, Culture=neutral, PublicKeyToken=b03f5f7f11d50a3a" className="SharpBag.ExtensionsTest, SharpBag.Tests, Version=0.0.0.0, Culture=neutral, PublicKeyToken=null" name="AsEnumerable56004" />
    </UnitTest>
    <UnitTest name="InvokeIfRequiredThrowsContractException964" storage="c:\users\suprdewd\documents\projects\sharpbag\sharpbag.tests\bin\release\sharpbag.tests.dll" id="93882b4b-b43e-315e-5540-34512bfc71a7">
      <Execution id="e52db173-15b9-4d5c-b8c5-5fe965e6e0c9" />
      <TestMethod codeBase="C:/Users/SuprDewd/Documents/Projects/SharpBag/SharpBag.Tests/bin/Release/SharpBag.Tests.DLL" adapterTypeName="Microsoft.VisualStudio.TestTools.TestTypes.Unit.UnitTestAdapter, Microsoft.VisualStudio.QualityTools.Tips.UnitTest.Adapter, Version=10.0.0.0, Culture=neutral, PublicKeyToken=b03f5f7f11d50a3a" className="SharpBag.ExtensionsTest, SharpBag.Tests, Version=0.0.0.0, Culture=neutral, PublicKeyToken=null" name="InvokeIfRequiredThrowsContractException964" />
    </UnitTest>
    <UnitTest name="ToDictionary65201" storage="c:\users\suprdewd\documents\projects\sharpbag\sharpbag.tests\bin\release\sharpbag.tests.dll" id="6b5ea87c-ca8e-cd07-2a54-53cd363577f8">
      <Execution id="e8c51bcc-a267-4451-95a5-aa5915c552f5" />
      <TestMethod codeBase="C:/Users/SuprDewd/Documents/Projects/SharpBag/SharpBag.Tests/bin/Release/SharpBag.Tests.DLL" adapterTypeName="Microsoft.VisualStudio.TestTools.TestTypes.Unit.UnitTestAdapter, Microsoft.VisualStudio.QualityTools.Tips.UnitTest.Adapter, Version=10.0.0.0, Culture=neutral, PublicKeyToken=b03f5f7f11d50a3a" className="SharpBag.ExtensionsTest, SharpBag.Tests, Version=0.0.0.0, Culture=neutral, PublicKeyToken=null" name="ToDictionary65201" />
    </UnitTest>
    <UnitTest name="As0163208" storage="c:\users\suprdewd\documents\projects\sharpbag\sharpbag.tests\bin\release\sharpbag.tests.dll" id="b51e8365-ff64-84bf-89d7-6e6cedcc3dbf">
      <Execution id="04c59a0e-54dd-4071-8b4e-c08e592dae8b" />
      <TestMethod codeBase="C:/Users/SuprDewd/Documents/Projects/SharpBag/SharpBag.Tests/bin/Release/SharpBag.Tests.DLL" adapterTypeName="Microsoft.VisualStudio.TestTools.TestTypes.Unit.UnitTestAdapter, Microsoft.VisualStudio.QualityTools.Tips.UnitTest.Adapter, Version=10.0.0.0, Culture=neutral, PublicKeyToken=b03f5f7f11d50a3a" className="SharpBag.ExtensionsTest, SharpBag.Tests, Version=0.0.0.0, Culture=neutral, PublicKeyToken=null" name="As0163208" />
    </UnitTest>
    <UnitTest name="As0163246" storage="c:\users\suprdewd\documents\projects\sharpbag\sharpbag.tests\bin\release\sharpbag.tests.dll" id="83b2b843-a328-2103-e83d-4b3241d960cd">
      <Execution id="d9234092-6780-42ae-998e-6b147992c271" />
      <TestMethod codeBase="C:/Users/SuprDewd/Documents/Projects/SharpBag/SharpBag.Tests/bin/Release/SharpBag.Tests.DLL" adapterTypeName="Microsoft.VisualStudio.TestTools.TestTypes.Unit.UnitTestAdapter, Microsoft.VisualStudio.QualityTools.Tips.UnitTest.Adapter, Version=10.0.0.0, Culture=neutral, PublicKeyToken=b03f5f7f11d50a3a" className="SharpBag.ExtensionsTest, SharpBag.Tests, Version=0.0.0.0, Culture=neutral, PublicKeyToken=null" name="As0163246" />
    </UnitTest>
    <UnitTest name="Add29606" storage="c:\users\suprdewd\documents\projects\sharpbag\sharpbag.tests\bin\release\sharpbag.tests.dll" id="c4c6dbc5-8988-fc78-6c24-cd9bba7d228f">
      <Execution id="969ecf54-3150-4df0-8086-5234483a7342" />
      <TestMethod codeBase="C:/Users/SuprDewd/Documents/Projects/SharpBag/SharpBag.Tests/bin/Release/SharpBag.Tests.DLL" adapterTypeName="Microsoft.VisualStudio.TestTools.TestTypes.Unit.UnitTestAdapter, Microsoft.VisualStudio.QualityTools.Tips.UnitTest.Adapter, Version=10.0.0.0, Culture=neutral, PublicKeyToken=b03f5f7f11d50a3a" className="SharpBag.ExtensionsTest, SharpBag.Tests, Version=0.0.0.0, Culture=neutral, PublicKeyToken=null" name="Add29606" />
    </UnitTest>
    <UnitTest name="GenerateEndlessThrowsContractException760" storage="c:\users\suprdewd\documents\projects\sharpbag\sharpbag.tests\bin\release\sharpbag.tests.dll" id="16eccf92-0ec9-930b-cfbe-252e74468966">
      <Execution id="f172ff34-d22a-4f8e-811a-3c29ce347c95" />
      <TestMethod codeBase="C:/Users/SuprDewd/Documents/Projects/SharpBag/SharpBag.Tests/bin/Release/SharpBag.Tests.DLL" adapterTypeName="Microsoft.VisualStudio.TestTools.TestTypes.Unit.UnitTestAdapter, Microsoft.VisualStudio.QualityTools.Tips.UnitTest.Adapter, Version=10.0.0.0, Culture=neutral, PublicKeyToken=b03f5f7f11d50a3a" className="SharpBag.UtilsTest, SharpBag.Tests, Version=0.0.0.0, Culture=neutral, PublicKeyToken=null" name="GenerateEndlessThrowsContractException760" />
    </UnitTest>
    <UnitTest name="AsEnumerable0314803" storage="c:\users\suprdewd\documents\projects\sharpbag\sharpbag.tests\bin\release\sharpbag.tests.dll" id="11187b04-c546-bd3e-0bbb-d3f71bff1f4f">
      <Execution id="d8ab6c14-a2cc-4298-b8a9-94c0becec876" />
      <TestMethod codeBase="C:/Users/SuprDewd/Documents/Projects/SharpBag/SharpBag.Tests/bin/Release/SharpBag.Tests.DLL" adapterTypeName="Microsoft.VisualStudio.TestTools.TestTypes.Unit.UnitTestAdapter, Microsoft.VisualStudio.QualityTools.Tips.UnitTest.Adapter, Version=10.0.0.0, Culture=neutral, PublicKeyToken=b03f5f7f11d50a3a" className="SharpBag.ExtensionsTest, SharpBag.Tests, Version=0.0.0.0, Culture=neutral, PublicKeyToken=null" name="AsEnumerable0314803" />
    </UnitTest>
    <UnitTest name="ExecutionTime01ThrowsContractException820" storage="c:\users\suprdewd\documents\projects\sharpbag\sharpbag.tests\bin\release\sharpbag.tests.dll" id="2f5ec1c4-04f0-fa9c-5150-6f7abf584f74">
      <Execution id="1347460f-eb83-4f52-9533-a12c3f6a91ff" />
      <TestMethod codeBase="C:/Users/SuprDewd/Documents/Projects/SharpBag/SharpBag.Tests/bin/Release/SharpBag.Tests.DLL" adapterTypeName="Microsoft.VisualStudio.TestTools.TestTypes.Unit.UnitTestAdapter, Microsoft.VisualStudio.QualityTools.Tips.UnitTest.Adapter, Version=10.0.0.0, Culture=neutral, PublicKeyToken=b03f5f7f11d50a3a" className="SharpBag.UtilsTest, SharpBag.Tests, Version=0.0.0.0, Culture=neutral, PublicKeyToken=null" name="ExecutionTime01ThrowsContractException820" />
    </UnitTest>
    <UnitTest name="GetLuminosityThrowsContractException408" storage="c:\users\suprdewd\documents\projects\sharpbag\sharpbag.tests\bin\release\sharpbag.tests.dll" id="966b1426-163f-7f22-4eab-268da60e78c2">
      <Execution id="73b3e599-9c41-4608-8416-3f82b140c067" />
      <TestMethod codeBase="C:/Users/SuprDewd/Documents/Projects/SharpBag/SharpBag.Tests/bin/Release/SharpBag.Tests.DLL" adapterTypeName="Microsoft.VisualStudio.TestTools.TestTypes.Unit.UnitTestAdapter, Microsoft.VisualStudio.QualityTools.Tips.UnitTest.Adapter, Version=10.0.0.0, Culture=neutral, PublicKeyToken=b03f5f7f11d50a3a" className="SharpBag.Media.MediaExtensionsTest, SharpBag.Tests, Version=0.0.0.0, Culture=neutral, PublicKeyToken=null" name="GetLuminosityThrowsContractException408" />
    </UnitTest>
    <UnitTest name="IsPortFree204" storage="c:\users\suprdewd\documents\projects\sharpbag\sharpbag.tests\bin\release\sharpbag.tests.dll" id="c5e910ca-b0f3-fe99-9027-8d0c98206539">
      <Execution id="857906d3-37ff-4d76-b58c-3a45b688e332" />
      <TestMethod codeBase="C:/Users/SuprDewd/Documents/Projects/SharpBag/SharpBag.Tests/bin/Release/SharpBag.Tests.DLL" adapterTypeName="Microsoft.VisualStudio.TestTools.TestTypes.Unit.UnitTestAdapter, Microsoft.VisualStudio.QualityTools.Tips.UnitTest.Adapter, Version=10.0.0.0, Culture=neutral, PublicKeyToken=b03f5f7f11d50a3a" className="SharpBag.Net.InternetTest, SharpBag.Tests, Version=0.0.0.0, Culture=neutral, PublicKeyToken=null" name="IsPortFree204" />
    </UnitTest>
    <UnitTest name="Bound171" storage="c:\users\suprdewd\documents\projects\sharpbag\sharpbag.tests\bin\release\sharpbag.tests.dll" id="e2cc1bd6-a2a2-cb02-4b55-fe1eccb8526b">
      <Execution id="5b9b8c8a-0cf7-4e2a-b613-06cd722ec072" />
      <TestMethod codeBase="C:/Users/SuprDewd/Documents/Projects/SharpBag/SharpBag.Tests/bin/Release/SharpBag.Tests.DLL" adapterTypeName="Microsoft.VisualStudio.TestTools.TestTypes.Unit.UnitTestAdapter, Microsoft.VisualStudio.QualityTools.Tips.UnitTest.Adapter, Version=10.0.0.0, Culture=neutral, PublicKeyToken=b03f5f7f11d50a3a" className="SharpBag.Math.MathExtensionsTest, SharpBag.Tests, Version=0.0.0.0, Culture=neutral, PublicKeyToken=null" name="Bound171" />
    </UnitTest>
    <UnitTest name="TakeEvery57301" storage="c:\users\suprdewd\documents\projects\sharpbag\sharpbag.tests\bin\release\sharpbag.tests.dll" id="3febe6f3-67ab-23b3-dd85-d4b7c1206b0c">
      <Execution id="de89a601-f64e-44e3-89be-7668923ba607" />
      <TestMethod codeBase="C:/Users/SuprDewd/Documents/Projects/SharpBag/SharpBag.Tests/bin/Release/SharpBag.Tests.DLL" adapterTypeName="Microsoft.VisualStudio.TestTools.TestTypes.Unit.UnitTestAdapter, Microsoft.VisualStudio.QualityTools.Tips.UnitTest.Adapter, Version=10.0.0.0, Culture=neutral, PublicKeyToken=b03f5f7f11d50a3a" className="SharpBag.ExtensionsTest, SharpBag.Tests, Version=0.0.0.0, Culture=neutral, PublicKeyToken=null" name="TakeEvery57301" />
    </UnitTest>
    <UnitTest name="ReadLinesFromFileThrowsContractException787" storage="c:\users\suprdewd\documents\projects\sharpbag\sharpbag.tests\bin\release\sharpbag.tests.dll" id="eda1af69-c93e-56bb-5fe9-14115441188c">
      <Execution id="1f90c37a-7d74-46fd-a589-25985524d20d" />
      <TestMethod codeBase="C:/Users/SuprDewd/Documents/Projects/SharpBag/SharpBag.Tests/bin/Release/SharpBag.Tests.DLL" adapterTypeName="Microsoft.VisualStudio.TestTools.TestTypes.Unit.UnitTestAdapter, Microsoft.VisualStudio.QualityTools.Tips.UnitTest.Adapter, Version=10.0.0.0, Culture=neutral, PublicKeyToken=b03f5f7f11d50a3a" className="SharpBag.UtilsTest, SharpBag.Tests, Version=0.0.0.0, Culture=neutral, PublicKeyToken=null" name="ReadLinesFromFileThrowsContractException787" />
    </UnitTest>
    <UnitTest name="As0132105" storage="c:\users\suprdewd\documents\projects\sharpbag\sharpbag.tests\bin\release\sharpbag.tests.dll" id="febe8afb-7bc1-3f13-831b-73b163a8c327">
      <Execution id="ccc92e3a-3a2c-4ab7-9131-947cd3fb5693" />
      <TestMethod codeBase="C:/Users/SuprDewd/Documents/Projects/SharpBag/SharpBag.Tests/bin/Release/SharpBag.Tests.DLL" adapterTypeName="Microsoft.VisualStudio.TestTools.TestTypes.Unit.UnitTestAdapter, Microsoft.VisualStudio.QualityTools.Tips.UnitTest.Adapter, Version=10.0.0.0, Culture=neutral, PublicKeyToken=b03f5f7f11d50a3a" className="SharpBag.ExtensionsTest, SharpBag.Tests, Version=0.0.0.0, Culture=neutral, PublicKeyToken=null" name="As0132105" />
    </UnitTest>
    <UnitTest name="UnionAll13601" storage="c:\users\suprdewd\documents\projects\sharpbag\sharpbag.tests\bin\release\sharpbag.tests.dll" id="382ae704-dd0b-2259-d31c-dfbfb69a1305">
      <Execution id="d4d6ba68-2f9d-46e5-a866-3800435164b0" />
      <TestMethod codeBase="C:/Users/SuprDewd/Documents/Projects/SharpBag/SharpBag.Tests/bin/Release/SharpBag.Tests.DLL" adapterTypeName="Microsoft.VisualStudio.TestTools.TestTypes.Unit.UnitTestAdapter, Microsoft.VisualStudio.QualityTools.Tips.UnitTest.Adapter, Version=10.0.0.0, Culture=neutral, PublicKeyToken=b03f5f7f11d50a3a" className="SharpBag.ExtensionsTest, SharpBag.Tests, Version=0.0.0.0, Culture=neutral, PublicKeyToken=null" name="UnionAll13601" />
    </UnitTest>
    <UnitTest name="As0163206" storage="c:\users\suprdewd\documents\projects\sharpbag\sharpbag.tests\bin\release\sharpbag.tests.dll" id="e3e433dc-f656-51bd-faab-b6cc3200c3cc">
      <Execution id="ec90adc8-bce0-400e-8642-82e1c9bd673c" />
      <TestMethod codeBase="C:/Users/SuprDewd/Documents/Projects/SharpBag/SharpBag.Tests/bin/Release/SharpBag.Tests.DLL" adapterTypeName="Microsoft.VisualStudio.TestTools.TestTypes.Unit.UnitTestAdapter, Microsoft.VisualStudio.QualityTools.Tips.UnitTest.Adapter, Version=10.0.0.0, Culture=neutral, PublicKeyToken=b03f5f7f11d50a3a" className="SharpBag.ExtensionsTest, SharpBag.Tests, Version=0.0.0.0, Culture=neutral, PublicKeyToken=null" name="As0163206" />
    </UnitTest>
    <UnitTest name="As0166001" storage="c:\users\suprdewd\documents\projects\sharpbag\sharpbag.tests\bin\release\sharpbag.tests.dll" id="4a5ccd91-8853-f0cc-c6d0-af1603a36ab2">
      <Execution id="46ecb7f6-ac5e-479b-b590-795d7e8872d9" />
      <TestMethod codeBase="C:/Users/SuprDewd/Documents/Projects/SharpBag/SharpBag.Tests/bin/Release/SharpBag.Tests.DLL" adapterTypeName="Microsoft.VisualStudio.TestTools.TestTypes.Unit.UnitTestAdapter, Microsoft.VisualStudio.QualityTools.Tips.UnitTest.Adapter, Version=10.0.0.0, Culture=neutral, PublicKeyToken=b03f5f7f11d50a3a" className="SharpBag.ExtensionsTest, SharpBag.Tests, Version=0.0.0.0, Culture=neutral, PublicKeyToken=null" name="As0166001" />
    </UnitTest>
    <UnitTest name="As0163221" storage="c:\users\suprdewd\documents\projects\sharpbag\sharpbag.tests\bin\release\sharpbag.tests.dll" id="559ad5fd-9c89-3fab-e602-368a88629e35">
      <Execution id="1995c1d7-08ae-4090-a655-77fee8ad4905" />
      <TestMethod codeBase="C:/Users/SuprDewd/Documents/Projects/SharpBag/SharpBag.Tests/bin/Release/SharpBag.Tests.DLL" adapterTypeName="Microsoft.VisualStudio.TestTools.TestTypes.Unit.UnitTestAdapter, Microsoft.VisualStudio.QualityTools.Tips.UnitTest.Adapter, Version=10.0.0.0, Culture=neutral, PublicKeyToken=b03f5f7f11d50a3a" className="SharpBag.ExtensionsTest, SharpBag.Tests, Version=0.0.0.0, Culture=neutral, PublicKeyToken=null" name="As0163221" />
    </UnitTest>
    <UnitTest name="UnionAll01ThrowsContractException68" storage="c:\users\suprdewd\documents\projects\sharpbag\sharpbag.tests\bin\release\sharpbag.tests.dll" id="cc8275a0-551e-d39e-ef08-c6785391cae1">
      <Execution id="9ecc9984-d3f4-4e8a-a88e-1c14540e0b9f" />
      <TestMethod codeBase="C:/Users/SuprDewd/Documents/Projects/SharpBag/SharpBag.Tests/bin/Release/SharpBag.Tests.DLL" adapterTypeName="Microsoft.VisualStudio.TestTools.TestTypes.Unit.UnitTestAdapter, Microsoft.VisualStudio.QualityTools.Tips.UnitTest.Adapter, Version=10.0.0.0, Culture=neutral, PublicKeyToken=b03f5f7f11d50a3a" className="SharpBag.ExtensionsTest, SharpBag.Tests, Version=0.0.0.0, Culture=neutral, PublicKeyToken=null" name="UnionAll01ThrowsContractException68" />
    </UnitTest>
    <UnitTest name="GetEntry195" storage="c:\users\suprdewd\documents\projects\sharpbag\sharpbag.tests\bin\release\sharpbag.tests.dll" id="43b966b3-46a6-2c68-ed24-575462007214">
      <Execution id="ae242a27-82ce-490d-9a8c-524fb7f2b338" />
      <TestMethod codeBase="C:/Users/SuprDewd/Documents/Projects/SharpBag/SharpBag.Tests/bin/Release/SharpBag.Tests.DLL" adapterTypeName="Microsoft.VisualStudio.TestTools.TestTypes.Unit.UnitTestAdapter, Microsoft.VisualStudio.QualityTools.Tips.UnitTest.Adapter, Version=10.0.0.0, Culture=neutral, PublicKeyToken=b03f5f7f11d50a3a" className="SharpBag.Math.PascalTriangleTest, SharpBag.Tests, Version=0.0.0.0, Culture=neutral, PublicKeyToken=null" name="GetEntry195" />
    </UnitTest>
    <UnitTest name="As21521" storage="c:\users\suprdewd\documents\projects\sharpbag\sharpbag.tests\bin\release\sharpbag.tests.dll" id="c120e67a-ca3d-ad4a-6e13-a8ac39d90a59">
      <Execution id="85b80f15-a8f8-4ecd-bd65-ffe770d1a60b" />
      <TestMethod codeBase="C:/Users/SuprDewd/Documents/Projects/SharpBag/SharpBag.Tests/bin/Release/SharpBag.Tests.DLL" adapterTypeName="Microsoft.VisualStudio.TestTools.TestTypes.Unit.UnitTestAdapter, Microsoft.VisualStudio.QualityTools.Tips.UnitTest.Adapter, Version=10.0.0.0, Culture=neutral, PublicKeyToken=b03f5f7f11d50a3a" className="SharpBag.ExtensionsTest, SharpBag.Tests, Version=0.0.0.0, Culture=neutral, PublicKeyToken=null" name="As21521" />
    </UnitTest>
    <UnitTest name="AsEnumerable0128301" storage="c:\users\suprdewd\documents\projects\sharpbag\sharpbag.tests\bin\release\sharpbag.tests.dll" id="42f45f10-504d-0d19-0e58-1ea2105c69e9">
      <Execution id="997ec103-efb0-44f3-8411-e15209b05151" />
      <TestMethod codeBase="C:/Users/SuprDewd/Documents/Projects/SharpBag/SharpBag.Tests/bin/Release/SharpBag.Tests.DLL" adapterTypeName="Microsoft.VisualStudio.TestTools.TestTypes.Unit.UnitTestAdapter, Microsoft.VisualStudio.QualityTools.Tips.UnitTest.Adapter, Version=10.0.0.0, Culture=neutral, PublicKeyToken=b03f5f7f11d50a3a" className="SharpBag.ExtensionsTest, SharpBag.Tests, Version=0.0.0.0, Culture=neutral, PublicKeyToken=null" name="AsEnumerable0128301" />
    </UnitTest>
    <UnitTest name="As0163242" storage="c:\users\suprdewd\documents\projects\sharpbag\sharpbag.tests\bin\release\sharpbag.tests.dll" id="5d663026-8403-d8b3-571f-dbc623bc2b0e">
      <Execution id="837ea2d2-7c26-4eff-b10c-8af5798b2131" />
      <TestMethod codeBase="C:/Users/SuprDewd/Documents/Projects/SharpBag/SharpBag.Tests/bin/Release/SharpBag.Tests.DLL" adapterTypeName="Microsoft.VisualStudio.TestTools.TestTypes.Unit.UnitTestAdapter, Microsoft.VisualStudio.QualityTools.Tips.UnitTest.Adapter, Version=10.0.0.0, Culture=neutral, PublicKeyToken=b03f5f7f11d50a3a" className="SharpBag.ExtensionsTest, SharpBag.Tests, Version=0.0.0.0, Culture=neutral, PublicKeyToken=null" name="As0163242" />
    </UnitTest>
    <UnitTest name="Add60903" storage="c:\users\suprdewd\documents\projects\sharpbag\sharpbag.tests\bin\release\sharpbag.tests.dll" id="f4a16930-7fb5-1364-b2bb-1dffeb9040de">
      <Execution id="e4bc0873-8bbd-45e4-9ddc-251a2a3ff300" />
      <TestMethod codeBase="C:/Users/SuprDewd/Documents/Projects/SharpBag/SharpBag.Tests/bin/Release/SharpBag.Tests.DLL" adapterTypeName="Microsoft.VisualStudio.TestTools.TestTypes.Unit.UnitTestAdapter, Microsoft.VisualStudio.QualityTools.Tips.UnitTest.Adapter, Version=10.0.0.0, Culture=neutral, PublicKeyToken=b03f5f7f11d50a3a" className="SharpBag.ExtensionsTest, SharpBag.Tests, Version=0.0.0.0, Culture=neutral, PublicKeyToken=null" name="Add60903" />
    </UnitTest>
    <UnitTest name="As0163227" storage="c:\users\suprdewd\documents\projects\sharpbag\sharpbag.tests\bin\release\sharpbag.tests.dll" id="1a41ca06-c399-fb41-1b68-4e54f6d9fba0">
      <Execution id="49d9dd83-1174-4169-b4b2-aec562822732" />
      <TestMethod codeBase="C:/Users/SuprDewd/Documents/Projects/SharpBag/SharpBag.Tests/bin/Release/SharpBag.Tests.DLL" adapterTypeName="Microsoft.VisualStudio.TestTools.TestTypes.Unit.UnitTestAdapter, Microsoft.VisualStudio.QualityTools.Tips.UnitTest.Adapter, Version=10.0.0.0, Culture=neutral, PublicKeyToken=b03f5f7f11d50a3a" className="SharpBag.ExtensionsTest, SharpBag.Tests, Version=0.0.0.0, Culture=neutral, PublicKeyToken=null" name="As0163227" />
    </UnitTest>
    <UnitTest name="AsEnumerable56002" storage="c:\users\suprdewd\documents\projects\sharpbag\sharpbag.tests\bin\release\sharpbag.tests.dll" id="ec99d1a9-4b49-a94f-134c-f58d11b57222">
      <Execution id="a8f26107-c2bd-4a87-b540-fd697eed67d7" />
      <TestMethod codeBase="C:/Users/SuprDewd/Documents/Projects/SharpBag/SharpBag.Tests/bin/Release/SharpBag.Tests.DLL" adapterTypeName="Microsoft.VisualStudio.TestTools.TestTypes.Unit.UnitTestAdapter, Microsoft.VisualStudio.QualityTools.Tips.UnitTest.Adapter, Version=10.0.0.0, Culture=neutral, PublicKeyToken=b03f5f7f11d50a3a" className="SharpBag.ExtensionsTest, SharpBag.Tests, Version=0.0.0.0, Culture=neutral, PublicKeyToken=null" name="AsEnumerable56002" />
    </UnitTest>
    <UnitTest name="As01664" storage="c:\users\suprdewd\documents\projects\sharpbag\sharpbag.tests\bin\release\sharpbag.tests.dll" id="dfddd698-039d-4cb7-341a-94646b1b9270">
      <Execution id="5127c220-8202-4ff9-b359-9c5ffeba01fc" />
      <TestMethod codeBase="C:/Users/SuprDewd/Documents/Projects/SharpBag/SharpBag.Tests/bin/Release/SharpBag.Tests.DLL" adapterTypeName="Microsoft.VisualStudio.TestTools.TestTypes.Unit.UnitTestAdapter, Microsoft.VisualStudio.QualityTools.Tips.UnitTest.Adapter, Version=10.0.0.0, Culture=neutral, PublicKeyToken=b03f5f7f11d50a3a" className="SharpBag.ExtensionsTest, SharpBag.Tests, Version=0.0.0.0, Culture=neutral, PublicKeyToken=null" name="As01664" />
    </UnitTest>
    <UnitTest name="NextCharThrowsContractException997" storage="c:\users\suprdewd\documents\projects\sharpbag\sharpbag.tests\bin\release\sharpbag.tests.dll" id="c915ebab-6006-9244-c1bb-93a0e94b6128">
      <Execution id="c8f93031-5232-4c5e-aaca-453cf1acf028" />
      <TestMethod codeBase="C:/Users/SuprDewd/Documents/Projects/SharpBag/SharpBag.Tests/bin/Release/SharpBag.Tests.DLL" adapterTypeName="Microsoft.VisualStudio.TestTools.TestTypes.Unit.UnitTestAdapter, Microsoft.VisualStudio.QualityTools.Tips.UnitTest.Adapter, Version=10.0.0.0, Culture=neutral, PublicKeyToken=b03f5f7f11d50a3a" className="SharpBag.RandomExtensionsTest, SharpBag.Tests, Version=0.0.0.0, Culture=neutral, PublicKeyToken=null" name="NextCharThrowsContractException997" />
    </UnitTest>
    <UnitTest name="Shuffle63201" storage="c:\users\suprdewd\documents\projects\sharpbag\sharpbag.tests\bin\release\sharpbag.tests.dll" id="344e42b2-441e-1ac7-2103-3d35eead278e">
      <Execution id="d13e74ca-f002-4c31-a11c-7fff3fc6d7c5" />
      <TestMethod codeBase="C:/Users/SuprDewd/Documents/Projects/SharpBag/SharpBag.Tests/bin/Release/SharpBag.Tests.DLL" adapterTypeName="Microsoft.VisualStudio.TestTools.TestTypes.Unit.UnitTestAdapter, Microsoft.VisualStudio.QualityTools.Tips.UnitTest.Adapter, Version=10.0.0.0, Culture=neutral, PublicKeyToken=b03f5f7f11d50a3a" className="SharpBag.ExtensionsTest, SharpBag.Tests, Version=0.0.0.0, Culture=neutral, PublicKeyToken=null" name="Shuffle63201" />
    </UnitTest>
    <UnitTest name="Fill0110502" storage="c:\users\suprdewd\documents\projects\sharpbag\sharpbag.tests\bin\release\sharpbag.tests.dll" id="8449ab5e-c7c8-6deb-cb03-833888a032c6">
      <Execution id="42412333-64b5-497e-b7cf-d4397eacef9b" />
      <TestMethod codeBase="C:/Users/SuprDewd/Documents/Projects/SharpBag/SharpBag.Tests/bin/Release/SharpBag.Tests.DLL" adapterTypeName="Microsoft.VisualStudio.TestTools.TestTypes.Unit.UnitTestAdapter, Microsoft.VisualStudio.QualityTools.Tips.UnitTest.Adapter, Version=10.0.0.0, Culture=neutral, PublicKeyToken=b03f5f7f11d50a3a" className="SharpBag.ExtensionsTest, SharpBag.Tests, Version=0.0.0.0, Culture=neutral, PublicKeyToken=null" name="Fill0110502" />
    </UnitTest>
    <UnitTest name="ShuffleThrowsContractException13" storage="c:\users\suprdewd\documents\projects\sharpbag\sharpbag.tests\bin\release\sharpbag.tests.dll" id="63d33d75-845b-94b5-c155-a4fa9c5d7359">
      <Execution id="225479c4-52e9-42ef-bba6-8ef2c2538535" />
      <TestMethod codeBase="C:/Users/SuprDewd/Documents/Projects/SharpBag/SharpBag.Tests/bin/Release/SharpBag.Tests.DLL" adapterTypeName="Microsoft.VisualStudio.TestTools.TestTypes.Unit.UnitTestAdapter, Microsoft.VisualStudio.QualityTools.Tips.UnitTest.Adapter, Version=10.0.0.0, Culture=neutral, PublicKeyToken=b03f5f7f11d50a3a" className="SharpBag.ExtensionsTest, SharpBag.Tests, Version=0.0.0.0, Culture=neutral, PublicKeyToken=null" name="ShuffleThrowsContractException13" />
    </UnitTest>
    <UnitTest name="As0163230" storage="c:\users\suprdewd\documents\projects\sharpbag\sharpbag.tests\bin\release\sharpbag.tests.dll" id="eaed8830-28b9-0d81-19c8-50909473733c">
      <Execution id="7fbe44b4-f4e9-47c6-9b80-e0fc4290575c" />
      <TestMethod codeBase="C:/Users/SuprDewd/Documents/Projects/SharpBag/SharpBag.Tests/bin/Release/SharpBag.Tests.DLL" adapterTypeName="Microsoft.VisualStudio.TestTools.TestTypes.Unit.UnitTestAdapter, Microsoft.VisualStudio.QualityTools.Tips.UnitTest.Adapter, Version=10.0.0.0, Culture=neutral, PublicKeyToken=b03f5f7f11d50a3a" className="SharpBag.ExtensionsTest, SharpBag.Tests, Version=0.0.0.0, Culture=neutral, PublicKeyToken=null" name="As0163230" />
    </UnitTest>
    <UnitTest name="IfNotNull0159705" storage="c:\users\suprdewd\documents\projects\sharpbag\sharpbag.tests\bin\release\sharpbag.tests.dll" id="3c2e9b97-7181-c8d2-2f10-0abc89251ccc">
      <Execution id="f44805f0-c7e1-45ac-ac9c-e24aaa692514" />
      <TestMethod codeBase="C:/Users/SuprDewd/Documents/Projects/SharpBag/SharpBag.Tests/bin/Release/SharpBag.Tests.DLL" adapterTypeName="Microsoft.VisualStudio.TestTools.TestTypes.Unit.UnitTestAdapter, Microsoft.VisualStudio.QualityTools.Tips.UnitTest.Adapter, Version=10.0.0.0, Culture=neutral, PublicKeyToken=b03f5f7f11d50a3a" className="SharpBag.ExtensionsTest, SharpBag.Tests, Version=0.0.0.0, Culture=neutral, PublicKeyToken=null" name="IfNotNull0159705" />
    </UnitTest>
    <UnitTest name="GetPixelsThrowsContractException443" storage="c:\users\suprdewd\documents\projects\sharpbag\sharpbag.tests\bin\release\sharpbag.tests.dll" id="143eb567-4397-2625-6014-2a2400dd294f">
      <Execution id="78e25351-5502-4121-b81c-2be6a30c4a3f" />
      <TestMethod codeBase="C:/Users/SuprDewd/Documents/Projects/SharpBag/SharpBag.Tests/bin/Release/SharpBag.Tests.DLL" adapterTypeName="Microsoft.VisualStudio.TestTools.TestTypes.Unit.UnitTestAdapter, Microsoft.VisualStudio.QualityTools.Tips.UnitTest.Adapter, Version=10.0.0.0, Culture=neutral, PublicKeyToken=b03f5f7f11d50a3a" className="SharpBag.Media.MediaExtensionsTest, SharpBag.Tests, Version=0.0.0.0, Culture=neutral, PublicKeyToken=null" name="GetPixelsThrowsContractException443" />
    </UnitTest>
    <UnitTest name="To0482501" storage="c:\users\suprdewd\documents\projects\sharpbag\sharpbag.tests\bin\release\sharpbag.tests.dll" id="86a0d6ba-240b-81ef-7612-a91dd0bac5dd">
      <Execution id="29cb6da3-539f-4a2c-9b60-47bfc54b7a04" />
      <TestMethod codeBase="C:/Users/SuprDewd/Documents/Projects/SharpBag/SharpBag.Tests/bin/Release/SharpBag.Tests.DLL" adapterTypeName="Microsoft.VisualStudio.TestTools.TestTypes.Unit.UnitTestAdapter, Microsoft.VisualStudio.QualityTools.Tips.UnitTest.Adapter, Version=10.0.0.0, Culture=neutral, PublicKeyToken=b03f5f7f11d50a3a" className="SharpBag.ExtensionsTest, SharpBag.Tests, Version=0.0.0.0, Culture=neutral, PublicKeyToken=null" name="To0482501" />
    </UnitTest>
    <UnitTest name="As0163217" storage="c:\users\suprdewd\documents\projects\sharpbag\sharpbag.tests\bin\release\sharpbag.tests.dll" id="e966bfbe-0422-eb75-f093-b800f9c629b7">
      <Execution id="f2c33098-5a3f-47dd-8875-5c66d2023d3a" />
      <TestMethod codeBase="C:/Users/SuprDewd/Documents/Projects/SharpBag/SharpBag.Tests/bin/Release/SharpBag.Tests.DLL" adapterTypeName="Microsoft.VisualStudio.TestTools.TestTypes.Unit.UnitTestAdapter, Microsoft.VisualStudio.QualityTools.Tips.UnitTest.Adapter, Version=10.0.0.0, Culture=neutral, PublicKeyToken=b03f5f7f11d50a3a" className="SharpBag.ExtensionsTest, SharpBag.Tests, Version=0.0.0.0, Culture=neutral, PublicKeyToken=null" name="As0163217" />
    </UnitTest>
    <UnitTest name="Fill0168804" storage="c:\users\suprdewd\documents\projects\sharpbag\sharpbag.tests\bin\release\sharpbag.tests.dll" id="39a24eb5-a45d-f931-6682-86b278494085">
      <Execution id="8951329d-5f67-46d7-b4a0-d79e6648efcc" />
      <TestMethod codeBase="C:/Users/SuprDewd/Documents/Projects/SharpBag/SharpBag.Tests/bin/Release/SharpBag.Tests.DLL" adapterTypeName="Microsoft.VisualStudio.TestTools.TestTypes.Unit.UnitTestAdapter, Microsoft.VisualStudio.QualityTools.Tips.UnitTest.Adapter, Version=10.0.0.0, Culture=neutral, PublicKeyToken=b03f5f7f11d50a3a" className="SharpBag.ExtensionsTest, SharpBag.Tests, Version=0.0.0.0, Culture=neutral, PublicKeyToken=null" name="Fill0168804" />
    </UnitTest>
    <UnitTest name="Bound01232" storage="c:\users\suprdewd\documents\projects\sharpbag\sharpbag.tests\bin\release\sharpbag.tests.dll" id="53857a93-24c6-17ef-97dc-e0adc3a32915">
      <Execution id="04991f98-ae31-437c-83b9-029b4dccabe2" />
      <TestMethod codeBase="C:/Users/SuprDewd/Documents/Projects/SharpBag/SharpBag.Tests/bin/Release/SharpBag.Tests.DLL" adapterTypeName="Microsoft.VisualStudio.TestTools.TestTypes.Unit.UnitTestAdapter, Microsoft.VisualStudio.QualityTools.Tips.UnitTest.Adapter, Version=10.0.0.0, Culture=neutral, PublicKeyToken=b03f5f7f11d50a3a" className="SharpBag.Math.MathExtensionsTest, SharpBag.Tests, Version=0.0.0.0, Culture=neutral, PublicKeyToken=null" name="Bound01232" />
    </UnitTest>
    <UnitTest name="ForEach908" storage="c:\users\suprdewd\documents\projects\sharpbag\sharpbag.tests\bin\release\sharpbag.tests.dll" id="af3c2eea-1341-4d08-8112-791e701a0e4e">
      <Execution id="3bb81bd5-e7e8-4418-b58f-ce4ec747eec4" />
      <TestMethod codeBase="C:/Users/SuprDewd/Documents/Projects/SharpBag/SharpBag.Tests/bin/Release/SharpBag.Tests.DLL" adapterTypeName="Microsoft.VisualStudio.TestTools.TestTypes.Unit.UnitTestAdapter, Microsoft.VisualStudio.QualityTools.Tips.UnitTest.Adapter, Version=10.0.0.0, Culture=neutral, PublicKeyToken=b03f5f7f11d50a3a" className="SharpBag.ExtensionsTest, SharpBag.Tests, Version=0.0.0.0, Culture=neutral, PublicKeyToken=null" name="ForEach908" />
    </UnitTest>
    <UnitTest name="IfNotNull47705" storage="c:\users\suprdewd\documents\projects\sharpbag\sharpbag.tests\bin\release\sharpbag.tests.dll" id="c1838d98-ca12-2824-62bc-37efa629a0f1">
      <Execution id="faa589a8-95d1-4ad5-b81c-f23ca4b65198" />
      <TestMethod codeBase="C:/Users/SuprDewd/Documents/Projects/SharpBag/SharpBag.Tests/bin/Release/SharpBag.Tests.DLL" adapterTypeName="Microsoft.VisualStudio.TestTools.TestTypes.Unit.UnitTestAdapter, Microsoft.VisualStudio.QualityTools.Tips.UnitTest.Adapter, Version=10.0.0.0, Culture=neutral, PublicKeyToken=b03f5f7f11d50a3a" className="SharpBag.ExtensionsTest, SharpBag.Tests, Version=0.0.0.0, Culture=neutral, PublicKeyToken=null" name="IfNotNull47705" />
    </UnitTest>
    <UnitTest name="Contrast204" storage="c:\users\suprdewd\documents\projects\sharpbag\sharpbag.tests\bin\release\sharpbag.tests.dll" id="89bed9d2-b230-1858-2102-76e62b11adeb">
      <Execution id="33dd3c12-3f1a-4382-bf3b-0b2e48bcd3f9" />
      <TestMethod codeBase="C:/Users/SuprDewd/Documents/Projects/SharpBag/SharpBag.Tests/bin/Release/SharpBag.Tests.DLL" adapterTypeName="Microsoft.VisualStudio.TestTools.TestTypes.Unit.UnitTestAdapter, Microsoft.VisualStudio.QualityTools.Tips.UnitTest.Adapter, Version=10.0.0.0, Culture=neutral, PublicKeyToken=b03f5f7f11d50a3a" className="SharpBag.Media.MediaExtensionsTest, SharpBag.Tests, Version=0.0.0.0, Culture=neutral, PublicKeyToken=null" name="Contrast204" />
    </UnitTest>
    <UnitTest name="As0163238" storage="c:\users\suprdewd\documents\projects\sharpbag\sharpbag.tests\bin\release\sharpbag.tests.dll" id="a56170ce-b399-e27e-e213-58e00eb4c436">
      <Execution id="27e8e8b7-d637-438d-b456-e89a769b015e" />
      <TestMethod codeBase="C:/Users/SuprDewd/Documents/Projects/SharpBag/SharpBag.Tests/bin/Release/SharpBag.Tests.DLL" adapterTypeName="Microsoft.VisualStudio.TestTools.TestTypes.Unit.UnitTestAdapter, Microsoft.VisualStudio.QualityTools.Tips.UnitTest.Adapter, Version=10.0.0.0, Culture=neutral, PublicKeyToken=b03f5f7f11d50a3a" className="SharpBag.ExtensionsTest, SharpBag.Tests, Version=0.0.0.0, Culture=neutral, PublicKeyToken=null" name="As0163238" />
    </UnitTest>
    <UnitTest name="As01405" storage="c:\users\suprdewd\documents\projects\sharpbag\sharpbag.tests\bin\release\sharpbag.tests.dll" id="fd8b4436-5b05-e5cd-4153-53edada97a9b">
      <Execution id="525e59eb-de6f-4ad3-894d-18b972b823cb" />
      <TestMethod codeBase="C:/Users/SuprDewd/Documents/Projects/SharpBag/SharpBag.Tests/bin/Release/SharpBag.Tests.DLL" adapterTypeName="Microsoft.VisualStudio.TestTools.TestTypes.Unit.UnitTestAdapter, Microsoft.VisualStudio.QualityTools.Tips.UnitTest.Adapter, Version=10.0.0.0, Culture=neutral, PublicKeyToken=b03f5f7f11d50a3a" className="SharpBag.ExtensionsTest, SharpBag.Tests, Version=0.0.0.0, Culture=neutral, PublicKeyToken=null" name="As01405" />
    </UnitTest>
    <UnitTest name="CollatzCount132" storage="c:\users\suprdewd\documents\projects\sharpbag\sharpbag.tests\bin\release\sharpbag.tests.dll" id="87e43b2d-037f-c02a-4ec1-bb30b85b838b">
      <Execution id="c5d8a9d6-fa73-4ecf-887c-4e3aa511e4bd" />
      <TestMethod codeBase="C:/Users/SuprDewd/Documents/Projects/SharpBag/SharpBag.Tests/bin/Release/SharpBag.Tests.DLL" adapterTypeName="Microsoft.VisualStudio.TestTools.TestTypes.Unit.UnitTestAdapter, Microsoft.VisualStudio.QualityTools.Tips.UnitTest.Adapter, Version=10.0.0.0, Culture=neutral, PublicKeyToken=b03f5f7f11d50a3a" className="SharpBag.Math.MathExtensionsTest, SharpBag.Tests, Version=0.0.0.0, Culture=neutral, PublicKeyToken=null" name="CollatzCount132" />
    </UnitTest>
    <UnitTest name="As01403" storage="c:\users\suprdewd\documents\projects\sharpbag\sharpbag.tests\bin\release\sharpbag.tests.dll" id="baf4ce3c-1fc7-efc9-3438-7f66d5c18bcf">
      <Execution id="a037181f-30da-4f42-97ec-88f965431610" />
      <TestMethod codeBase="C:/Users/SuprDewd/Documents/Projects/SharpBag/SharpBag.Tests/bin/Release/SharpBag.Tests.DLL" adapterTypeName="Microsoft.VisualStudio.TestTools.TestTypes.Unit.UnitTestAdapter, Microsoft.VisualStudio.QualityTools.Tips.UnitTest.Adapter, Version=10.0.0.0, Culture=neutral, PublicKeyToken=b03f5f7f11d50a3a" className="SharpBag.ExtensionsTest, SharpBag.Tests, Version=0.0.0.0, Culture=neutral, PublicKeyToken=null" name="As01403" />
    </UnitTest>
    <UnitTest name="As0163237" storage="c:\users\suprdewd\documents\projects\sharpbag\sharpbag.tests\bin\release\sharpbag.tests.dll" id="0c1112ce-06b8-6d36-f7fb-a3574f6e2065">
      <Execution id="8307fe7a-1962-49b1-91dc-729eb51804f0" />
      <TestMethod codeBase="C:/Users/SuprDewd/Documents/Projects/SharpBag/SharpBag.Tests/bin/Release/SharpBag.Tests.DLL" adapterTypeName="Microsoft.VisualStudio.TestTools.TestTypes.Unit.UnitTestAdapter, Microsoft.VisualStudio.QualityTools.Tips.UnitTest.Adapter, Version=10.0.0.0, Culture=neutral, PublicKeyToken=b03f5f7f11d50a3a" className="SharpBag.ExtensionsTest, SharpBag.Tests, Version=0.0.0.0, Culture=neutral, PublicKeyToken=null" name="As0163237" />
    </UnitTest>
    <UnitTest name="UnionAll0233901" storage="c:\users\suprdewd\documents\projects\sharpbag\sharpbag.tests\bin\release\sharpbag.tests.dll" id="4c766330-2a1a-c11f-5958-fa0e45c2a866">
      <Execution id="b0e4cf68-8659-4ced-aee8-500c11869680" />
      <TestMethod codeBase="C:/Users/SuprDewd/Documents/Projects/SharpBag/SharpBag.Tests/bin/Release/SharpBag.Tests.DLL" adapterTypeName="Microsoft.VisualStudio.TestTools.TestTypes.Unit.UnitTestAdapter, Microsoft.VisualStudio.QualityTools.Tips.UnitTest.Adapter, Version=10.0.0.0, Culture=neutral, PublicKeyToken=b03f5f7f11d50a3a" className="SharpBag.ExtensionsTest, SharpBag.Tests, Version=0.0.0.0, Culture=neutral, PublicKeyToken=null" name="UnionAll0233901" />
    </UnitTest>
    <UnitTest name="Add88505" storage="c:\users\suprdewd\documents\projects\sharpbag\sharpbag.tests\bin\release\sharpbag.tests.dll" id="b82459f8-9193-4181-e1c2-7a58eee94293">
      <Execution id="68b1de26-7d18-4cd0-b0f9-3506d0010949" />
      <TestMethod codeBase="C:/Users/SuprDewd/Documents/Projects/SharpBag/SharpBag.Tests/bin/Release/SharpBag.Tests.DLL" adapterTypeName="Microsoft.VisualStudio.TestTools.TestTypes.Unit.UnitTestAdapter, Microsoft.VisualStudio.QualityTools.Tips.UnitTest.Adapter, Version=10.0.0.0, Culture=neutral, PublicKeyToken=b03f5f7f11d50a3a" className="SharpBag.ExtensionsTest, SharpBag.Tests, Version=0.0.0.0, Culture=neutral, PublicKeyToken=null" name="Add88505" />
    </UnitTest>
    <UnitTest name="As0163225" storage="c:\users\suprdewd\documents\projects\sharpbag\sharpbag.tests\bin\release\sharpbag.tests.dll" id="2b9734bf-2716-3fbd-907d-b338c9f5816c">
      <Execution id="54c147fe-c3a4-429d-ae2f-a1c050bc5bab" />
      <TestMethod codeBase="C:/Users/SuprDewd/Documents/Projects/SharpBag/SharpBag.Tests/bin/Release/SharpBag.Tests.DLL" adapterTypeName="Microsoft.VisualStudio.TestTools.TestTypes.Unit.UnitTestAdapter, Microsoft.VisualStudio.QualityTools.Tips.UnitTest.Adapter, Version=10.0.0.0, Culture=neutral, PublicKeyToken=b03f5f7f11d50a3a" className="SharpBag.ExtensionsTest, SharpBag.Tests, Version=0.0.0.0, Culture=neutral, PublicKeyToken=null" name="As0163225" />
    </UnitTest>
    <UnitTest name="Add29604" storage="c:\users\suprdewd\documents\projects\sharpbag\sharpbag.tests\bin\release\sharpbag.tests.dll" id="eeb34c89-a7df-f580-faa2-1b58190ee5be">
      <Execution id="15d93a63-1cec-4b22-972b-72378f1c78d2" />
      <TestMethod codeBase="C:/Users/SuprDewd/Documents/Projects/SharpBag/SharpBag.Tests/bin/Release/SharpBag.Tests.DLL" adapterTypeName="Microsoft.VisualStudio.TestTools.TestTypes.Unit.UnitTestAdapter, Microsoft.VisualStudio.QualityTools.Tips.UnitTest.Adapter, Version=10.0.0.0, Culture=neutral, PublicKeyToken=b03f5f7f11d50a3a" className="SharpBag.ExtensionsTest, SharpBag.Tests, Version=0.0.0.0, Culture=neutral, PublicKeyToken=null" name="Add29604" />
    </UnitTest>
    <UnitTest name="Add88501" storage="c:\users\suprdewd\documents\projects\sharpbag\sharpbag.tests\bin\release\sharpbag.tests.dll" id="8795f817-2bb9-9d00-f981-a3a8a2b7335e">
      <Execution id="39db95b0-9d18-43a1-8bd8-b117616b92cb" />
      <TestMethod codeBase="C:/Users/SuprDewd/Documents/Projects/SharpBag/SharpBag.Tests/bin/Release/SharpBag.Tests.DLL" adapterTypeName="Microsoft.VisualStudio.TestTools.TestTypes.Unit.UnitTestAdapter, Microsoft.VisualStudio.QualityTools.Tips.UnitTest.Adapter, Version=10.0.0.0, Culture=neutral, PublicKeyToken=b03f5f7f11d50a3a" className="SharpBag.ExtensionsTest, SharpBag.Tests, Version=0.0.0.0, Culture=neutral, PublicKeyToken=null" name="Add88501" />
    </UnitTest>
    <UnitTest name="As0163220" storage="c:\users\suprdewd\documents\projects\sharpbag\sharpbag.tests\bin\release\sharpbag.tests.dll" id="e37183df-04ce-aa53-28d5-e792188a2202">
      <Execution id="de1f7b11-6158-4e4e-8484-ab9065224866" />
      <TestMethod codeBase="C:/Users/SuprDewd/Documents/Projects/SharpBag/SharpBag.Tests/bin/Release/SharpBag.Tests.DLL" adapterTypeName="Microsoft.VisualStudio.TestTools.TestTypes.Unit.UnitTestAdapter, Microsoft.VisualStudio.QualityTools.Tips.UnitTest.Adapter, Version=10.0.0.0, Culture=neutral, PublicKeyToken=b03f5f7f11d50a3a" className="SharpBag.ExtensionsTest, SharpBag.Tests, Version=0.0.0.0, Culture=neutral, PublicKeyToken=null" name="As0163220" />
    </UnitTest>
    <UnitTest name="As0163231" storage="c:\users\suprdewd\documents\projects\sharpbag\sharpbag.tests\bin\release\sharpbag.tests.dll" id="466bff3f-4c8e-a9c1-50f6-91ffeb15d3a1">
      <Execution id="19389ec0-5fb9-4e22-a5f9-28850718a6c6" />
      <TestMethod codeBase="C:/Users/SuprDewd/Documents/Projects/SharpBag/SharpBag.Tests/bin/Release/SharpBag.Tests.DLL" adapterTypeName="Microsoft.VisualStudio.TestTools.TestTypes.Unit.UnitTestAdapter, Microsoft.VisualStudio.QualityTools.Tips.UnitTest.Adapter, Version=10.0.0.0, Culture=neutral, PublicKeyToken=b03f5f7f11d50a3a" className="SharpBag.ExtensionsTest, SharpBag.Tests, Version=0.0.0.0, Culture=neutral, PublicKeyToken=null" name="As0163231" />
    </UnitTest>
    <UnitTest name="ForEach90803" storage="c:\users\suprdewd\documents\projects\sharpbag\sharpbag.tests\bin\release\sharpbag.tests.dll" id="41b53b6b-04c0-c784-5da0-bab31b4fb4d7">
      <Execution id="b88084fc-b850-4e8c-aba8-915c32542298" />
      <TestMethod codeBase="C:/Users/SuprDewd/Documents/Projects/SharpBag/SharpBag.Tests/bin/Release/SharpBag.Tests.DLL" adapterTypeName="Microsoft.VisualStudio.TestTools.TestTypes.Unit.UnitTestAdapter, Microsoft.VisualStudio.QualityTools.Tips.UnitTest.Adapter, Version=10.0.0.0, Culture=neutral, PublicKeyToken=b03f5f7f11d50a3a" className="SharpBag.ExtensionsTest, SharpBag.Tests, Version=0.0.0.0, Culture=neutral, PublicKeyToken=null" name="ForEach90803" />
    </UnitTest>
    <UnitTest name="As763" storage="c:\users\suprdewd\documents\projects\sharpbag\sharpbag.tests\bin\release\sharpbag.tests.dll" id="808822f6-9c85-0a33-f1f9-4d64c79fb975">
      <Execution id="de73010f-b171-4529-b8d9-791d04bbe349" />
      <TestMethod codeBase="C:/Users/SuprDewd/Documents/Projects/SharpBag/SharpBag.Tests/bin/Release/SharpBag.Tests.DLL" adapterTypeName="Microsoft.VisualStudio.TestTools.TestTypes.Unit.UnitTestAdapter, Microsoft.VisualStudio.QualityTools.Tips.UnitTest.Adapter, Version=10.0.0.0, Culture=neutral, PublicKeyToken=b03f5f7f11d50a3a" className="SharpBag.ExtensionsTest, SharpBag.Tests, Version=0.0.0.0, Culture=neutral, PublicKeyToken=null" name="As763" />
    </UnitTest>
    <UnitTest name="TakeEveryThrowsContractException368" storage="c:\users\suprdewd\documents\projects\sharpbag\sharpbag.tests\bin\release\sharpbag.tests.dll" id="2ff38794-ad92-1998-3c20-e3ee775a8969">
      <Execution id="a46fd965-1a9f-4264-8dc7-789e634477ce" />
      <TestMethod codeBase="C:/Users/SuprDewd/Documents/Projects/SharpBag/SharpBag.Tests/bin/Release/SharpBag.Tests.DLL" adapterTypeName="Microsoft.VisualStudio.TestTools.TestTypes.Unit.UnitTestAdapter, Microsoft.VisualStudio.QualityTools.Tips.UnitTest.Adapter, Version=10.0.0.0, Culture=neutral, PublicKeyToken=b03f5f7f11d50a3a" className="SharpBag.ExtensionsTest, SharpBag.Tests, Version=0.0.0.0, Culture=neutral, PublicKeyToken=null" name="TakeEveryThrowsContractException368" />
    </UnitTest>
    <UnitTest name="AsEnumerable03148" storage="c:\users\suprdewd\documents\projects\sharpbag\sharpbag.tests\bin\release\sharpbag.tests.dll" id="b2aadfc0-b55c-fa15-a9e1-9405ae9a9cc7">
      <Execution id="8e7c9d10-7483-4354-8545-3c95c76cc3f2" />
      <TestMethod codeBase="C:/Users/SuprDewd/Documents/Projects/SharpBag/SharpBag.Tests/bin/Release/SharpBag.Tests.DLL" adapterTypeName="Microsoft.VisualStudio.TestTools.TestTypes.Unit.UnitTestAdapter, Microsoft.VisualStudio.QualityTools.Tips.UnitTest.Adapter, Version=10.0.0.0, Culture=neutral, PublicKeyToken=b03f5f7f11d50a3a" className="SharpBag.ExtensionsTest, SharpBag.Tests, Version=0.0.0.0, Culture=neutral, PublicKeyToken=null" name="AsEnumerable03148" />
    </UnitTest>
    <UnitTest name="NullOr907" storage="c:\users\suprdewd\documents\projects\sharpbag\sharpbag.tests\bin\release\sharpbag.tests.dll" id="1fa5b7ed-be1a-69d3-e35d-61c48c394d37">
      <Execution id="4366e68a-9d4c-4299-8601-5a40b4d910d9" />
      <TestMethod codeBase="C:/Users/SuprDewd/Documents/Projects/SharpBag/SharpBag.Tests/bin/Release/SharpBag.Tests.DLL" adapterTypeName="Microsoft.VisualStudio.TestTools.TestTypes.Unit.UnitTestAdapter, Microsoft.VisualStudio.QualityTools.Tips.UnitTest.Adapter, Version=10.0.0.0, Culture=neutral, PublicKeyToken=b03f5f7f11d50a3a" className="SharpBag.ExtensionsTest, SharpBag.Tests, Version=0.0.0.0, Culture=neutral, PublicKeyToken=null" name="NullOr907" />
    </UnitTest>
    <UnitTest name="ToDictionaryThrowsContractException478" storage="c:\users\suprdewd\documents\projects\sharpbag\sharpbag.tests\bin\release\sharpbag.tests.dll" id="59990ab9-8064-95a7-969b-da2dc269c717">
      <Execution id="676e5c6b-5929-414a-9428-69ec636c03da" />
      <TestMethod codeBase="C:/Users/SuprDewd/Documents/Projects/SharpBag/SharpBag.Tests/bin/Release/SharpBag.Tests.DLL" adapterTypeName="Microsoft.VisualStudio.TestTools.TestTypes.Unit.UnitTestAdapter, Microsoft.VisualStudio.QualityTools.Tips.UnitTest.Adapter, Version=10.0.0.0, Culture=neutral, PublicKeyToken=b03f5f7f11d50a3a" className="SharpBag.ExtensionsTest, SharpBag.Tests, Version=0.0.0.0, Culture=neutral, PublicKeyToken=null" name="ToDictionaryThrowsContractException478" />
    </UnitTest>
    <UnitTest name="As0163211" storage="c:\users\suprdewd\documents\projects\sharpbag\sharpbag.tests\bin\release\sharpbag.tests.dll" id="7206ff03-56a7-ec6c-ffc0-c8679263faa3">
      <Execution id="64bca178-cefc-4cbc-98d7-fc3ddacc4a13" />
      <TestMethod codeBase="C:/Users/SuprDewd/Documents/Projects/SharpBag/SharpBag.Tests/bin/Release/SharpBag.Tests.DLL" adapterTypeName="Microsoft.VisualStudio.TestTools.TestTypes.Unit.UnitTestAdapter, Microsoft.VisualStudio.QualityTools.Tips.UnitTest.Adapter, Version=10.0.0.0, Culture=neutral, PublicKeyToken=b03f5f7f11d50a3a" className="SharpBag.ExtensionsTest, SharpBag.Tests, Version=0.0.0.0, Culture=neutral, PublicKeyToken=null" name="As0163211" />
    </UnitTest>
    <UnitTest name="GetPriorityEnumerator72901" storage="c:\users\suprdewd\documents\projects\sharpbag\sharpbag.tests\bin\release\sharpbag.tests.dll" id="8d13964e-5c5a-1ee4-b9d1-2f111aabda85">
      <Execution id="df2522a1-3f33-48e6-bd60-3c7c53f31c7a" />
      <TestMethod codeBase="C:/Users/SuprDewd/Documents/Projects/SharpBag/SharpBag.Tests/bin/Release/SharpBag.Tests.DLL" adapterTypeName="Microsoft.VisualStudio.TestTools.TestTypes.Unit.UnitTestAdapter, Microsoft.VisualStudio.QualityTools.Tips.UnitTest.Adapter, Version=10.0.0.0, Culture=neutral, PublicKeyToken=b03f5f7f11d50a3a" className="SharpBag.Algorithms.PriorityQueueTTest, SharpBag.Tests, Version=0.0.0.0, Culture=neutral, PublicKeyToken=null" name="GetPriorityEnumerator72901" />
    </UnitTest>
    <UnitTest name="As01303" storage="c:\users\suprdewd\documents\projects\sharpbag\sharpbag.tests\bin\release\sharpbag.tests.dll" id="3d3988d3-9563-f144-e6f1-47341372fdea">
      <Execution id="dc8d1da2-f943-47e4-8792-47ffac2b3a6a" />
      <TestMethod codeBase="C:/Users/SuprDewd/Documents/Projects/SharpBag/SharpBag.Tests/bin/Release/SharpBag.Tests.DLL" adapterTypeName="Microsoft.VisualStudio.TestTools.TestTypes.Unit.UnitTestAdapter, Microsoft.VisualStudio.QualityTools.Tips.UnitTest.Adapter, Version=10.0.0.0, Culture=neutral, PublicKeyToken=b03f5f7f11d50a3a" className="SharpBag.ExtensionsTest, SharpBag.Tests, Version=0.0.0.0, Culture=neutral, PublicKeyToken=null" name="As01303" />
    </UnitTest>
    <UnitTest name="As0163229" storage="c:\users\suprdewd\documents\projects\sharpbag\sharpbag.tests\bin\release\sharpbag.tests.dll" id="c80221bd-ca0a-aa23-6b81-2ed5f20f8d5f">
      <Execution id="f9a2f96d-5a2c-458d-9798-1197be4e77eb" />
      <TestMethod codeBase="C:/Users/SuprDewd/Documents/Projects/SharpBag/SharpBag.Tests/bin/Release/SharpBag.Tests.DLL" adapterTypeName="Microsoft.VisualStudio.TestTools.TestTypes.Unit.UnitTestAdapter, Microsoft.VisualStudio.QualityTools.Tips.UnitTest.Adapter, Version=10.0.0.0, Culture=neutral, PublicKeyToken=b03f5f7f11d50a3a" className="SharpBag.ExtensionsTest, SharpBag.Tests, Version=0.0.0.0, Culture=neutral, PublicKeyToken=null" name="As0163229" />
    </UnitTest>
    <UnitTest name="As0163204" storage="c:\users\suprdewd\documents\projects\sharpbag\sharpbag.tests\bin\release\sharpbag.tests.dll" id="d9b4351c-7a62-1cab-5792-b4bc31c2d3e2">
      <Execution id="c138021d-56e3-4558-83da-fa86a5edf38d" />
      <TestMethod codeBase="C:/Users/SuprDewd/Documents/Projects/SharpBag/SharpBag.Tests/bin/Release/SharpBag.Tests.DLL" adapterTypeName="Microsoft.VisualStudio.TestTools.TestTypes.Unit.UnitTestAdapter, Microsoft.VisualStudio.QualityTools.Tips.UnitTest.Adapter, Version=10.0.0.0, Culture=neutral, PublicKeyToken=b03f5f7f11d50a3a" className="SharpBag.ExtensionsTest, SharpBag.Tests, Version=0.0.0.0, Culture=neutral, PublicKeyToken=null" name="As0163204" />
    </UnitTest>
    <UnitTest name="Add60904" storage="c:\users\suprdewd\documents\projects\sharpbag\sharpbag.tests\bin\release\sharpbag.tests.dll" id="1cb6fca5-5cbd-75cb-cfee-a358b8315906">
      <Execution id="80d8f6d6-6641-4334-b431-2dcba7d993d8" />
      <TestMethod codeBase="C:/Users/SuprDewd/Documents/Projects/SharpBag/SharpBag.Tests/bin/Release/SharpBag.Tests.DLL" adapterTypeName="Microsoft.VisualStudio.TestTools.TestTypes.Unit.UnitTestAdapter, Microsoft.VisualStudio.QualityTools.Tips.UnitTest.Adapter, Version=10.0.0.0, Culture=neutral, PublicKeyToken=b03f5f7f11d50a3a" className="SharpBag.ExtensionsTest, SharpBag.Tests, Version=0.0.0.0, Culture=neutral, PublicKeyToken=null" name="Add60904" />
    </UnitTest>
    <UnitTest name="AsEnumerable02588" storage="c:\users\suprdewd\documents\projects\sharpbag\sharpbag.tests\bin\release\sharpbag.tests.dll" id="099b6629-b323-a9b6-3641-ebce58ee0f7c">
      <Execution id="96e56aa8-f875-4939-b25c-b348a8cec51a" />
      <TestMethod codeBase="C:/Users/SuprDewd/Documents/Projects/SharpBag/SharpBag.Tests/bin/Release/SharpBag.Tests.DLL" adapterTypeName="Microsoft.VisualStudio.TestTools.TestTypes.Unit.UnitTestAdapter, Microsoft.VisualStudio.QualityTools.Tips.UnitTest.Adapter, Version=10.0.0.0, Culture=neutral, PublicKeyToken=b03f5f7f11d50a3a" className="SharpBag.ExtensionsTest, SharpBag.Tests, Version=0.0.0.0, Culture=neutral, PublicKeyToken=null" name="AsEnumerable02588" />
    </UnitTest>
    <UnitTest name="As21503" storage="c:\users\suprdewd\documents\projects\sharpbag\sharpbag.tests\bin\release\sharpbag.tests.dll" id="b03d2b82-a5f5-4a0a-521f-fd9e431b28da">
      <Execution id="7d14acf6-ecea-482a-b701-7f15743cf31f" />
      <TestMethod codeBase="C:/Users/SuprDewd/Documents/Projects/SharpBag/SharpBag.Tests/bin/Release/SharpBag.Tests.DLL" adapterTypeName="Microsoft.VisualStudio.TestTools.TestTypes.Unit.UnitTestAdapter, Microsoft.VisualStudio.QualityTools.Tips.UnitTest.Adapter, Version=10.0.0.0, Culture=neutral, PublicKeyToken=b03f5f7f11d50a3a" className="SharpBag.ExtensionsTest, SharpBag.Tests, Version=0.0.0.0, Culture=neutral, PublicKeyToken=null" name="As21503" />
    </UnitTest>
    <UnitTest name="NextBoolThrowsContractException356" storage="c:\users\suprdewd\documents\projects\sharpbag\sharpbag.tests\bin\release\sharpbag.tests.dll" id="5c94f4eb-6c23-cce6-4e00-2079c09ad7c7">
      <Execution id="ce400132-1bce-48d1-8ab3-6f302f7f8bef" />
      <TestMethod codeBase="C:/Users/SuprDewd/Documents/Projects/SharpBag/SharpBag.Tests/bin/Release/SharpBag.Tests.DLL" adapterTypeName="Microsoft.VisualStudio.TestTools.TestTypes.Unit.UnitTestAdapter, Microsoft.VisualStudio.QualityTools.Tips.UnitTest.Adapter, Version=10.0.0.0, Culture=neutral, PublicKeyToken=b03f5f7f11d50a3a" className="SharpBag.RandomExtensionsTest, SharpBag.Tests, Version=0.0.0.0, Culture=neutral, PublicKeyToken=null" name="NextBoolThrowsContractException356" />
    </UnitTest>
    <UnitTest name="IfNotNull173" storage="c:\users\suprdewd\documents\projects\sharpbag\sharpbag.tests\bin\release\sharpbag.tests.dll" id="7f627b84-c634-6195-b636-ad9c00404c56">
      <Execution id="24f22a7f-49f1-4f72-b26e-4cbadc9206b1" />
      <TestMethod codeBase="C:/Users/SuprDewd/Documents/Projects/SharpBag/SharpBag.Tests/bin/Release/SharpBag.Tests.DLL" adapterTypeName="Microsoft.VisualStudio.TestTools.TestTypes.Unit.UnitTestAdapter, Microsoft.VisualStudio.QualityTools.Tips.UnitTest.Adapter, Version=10.0.0.0, Culture=neutral, PublicKeyToken=b03f5f7f11d50a3a" className="SharpBag.ExtensionsTest, SharpBag.Tests, Version=0.0.0.0, Culture=neutral, PublicKeyToken=null" name="IfNotNull173" />
    </UnitTest>
    <UnitTest name="As568" storage="c:\users\suprdewd\documents\projects\sharpbag\sharpbag.tests\bin\release\sharpbag.tests.dll" id="8dec4c0d-9137-8bca-e823-6edddad67b2a">
      <Execution id="3e3bb9a5-5d6e-498c-aa90-a5c6c9a228a6" />
      <TestMethod codeBase="C:/Users/SuprDewd/Documents/Projects/SharpBag/SharpBag.Tests/bin/Release/SharpBag.Tests.DLL" adapterTypeName="Microsoft.VisualStudio.TestTools.TestTypes.Unit.UnitTestAdapter, Microsoft.VisualStudio.QualityTools.Tips.UnitTest.Adapter, Version=10.0.0.0, Culture=neutral, PublicKeyToken=b03f5f7f11d50a3a" className="SharpBag.ExtensionsTest, SharpBag.Tests, Version=0.0.0.0, Culture=neutral, PublicKeyToken=null" name="As568" />
    </UnitTest>
    <UnitTest name="AsEnumerable0128303" storage="c:\users\suprdewd\documents\projects\sharpbag\sharpbag.tests\bin\release\sharpbag.tests.dll" id="c441e89e-f895-2b6d-e75c-6ac07c647d62">
      <Execution id="e2777478-2ecb-464e-888f-613dbea8364e" />
      <TestMethod codeBase="C:/Users/SuprDewd/Documents/Projects/SharpBag/SharpBag.Tests/bin/Release/SharpBag.Tests.DLL" adapterTypeName="Microsoft.VisualStudio.TestTools.TestTypes.Unit.UnitTestAdapter, Microsoft.VisualStudio.QualityTools.Tips.UnitTest.Adapter, Version=10.0.0.0, Culture=neutral, PublicKeyToken=b03f5f7f11d50a3a" className="SharpBag.ExtensionsTest, SharpBag.Tests, Version=0.0.0.0, Culture=neutral, PublicKeyToken=null" name="AsEnumerable0128303" />
    </UnitTest>
    <UnitTest name="IsIn34" storage="c:\users\suprdewd\documents\projects\sharpbag\sharpbag.tests\bin\release\sharpbag.tests.dll" id="6f205f53-5c1d-2d23-0592-7823ba18d3aa">
      <Execution id="b0141db1-3f54-40e0-9153-8c1f65038e35" />
      <TestMethod codeBase="C:/Users/SuprDewd/Documents/Projects/SharpBag/SharpBag.Tests/bin/Release/SharpBag.Tests.DLL" adapterTypeName="Microsoft.VisualStudio.TestTools.TestTypes.Unit.UnitTestAdapter, Microsoft.VisualStudio.QualityTools.Tips.UnitTest.Adapter, Version=10.0.0.0, Culture=neutral, PublicKeyToken=b03f5f7f11d50a3a" className="SharpBag.ExtensionsTest, SharpBag.Tests, Version=0.0.0.0, Culture=neutral, PublicKeyToken=null" name="IsIn34" />
    </UnitTest>
    <UnitTest name="ReadLinesFrom335" storage="c:\users\suprdewd\documents\projects\sharpbag\sharpbag.tests\bin\release\sharpbag.tests.dll" id="c6e56d30-e4b1-0266-4be4-81fd81816d37">
      <Execution id="e4b4bf53-23d0-448d-9816-4d8884ecbbb1" />
      <TestMethod codeBase="C:/Users/SuprDewd/Documents/Projects/SharpBag/SharpBag.Tests/bin/Release/SharpBag.Tests.DLL" adapterTypeName="Microsoft.VisualStudio.TestTools.TestTypes.Unit.UnitTestAdapter, Microsoft.VisualStudio.QualityTools.Tips.UnitTest.Adapter, Version=10.0.0.0, Culture=neutral, PublicKeyToken=b03f5f7f11d50a3a" className="SharpBag.UtilsTest, SharpBag.Tests, Version=0.0.0.0, Culture=neutral, PublicKeyToken=null" name="ReadLinesFrom335" />
    </UnitTest>
    <UnitTest name="SubarrayThrowsContractException966" storage="c:\users\suprdewd\documents\projects\sharpbag\sharpbag.tests\bin\release\sharpbag.tests.dll" id="51819a1f-c4ce-ae98-f248-c4cc70983131">
      <Execution id="a4148fe0-4897-4bca-bcc3-ea5a56956506" />
      <TestMethod codeBase="C:/Users/SuprDewd/Documents/Projects/SharpBag/SharpBag.Tests/bin/Release/SharpBag.Tests.DLL" adapterTypeName="Microsoft.VisualStudio.TestTools.TestTypes.Unit.UnitTestAdapter, Microsoft.VisualStudio.QualityTools.Tips.UnitTest.Adapter, Version=10.0.0.0, Culture=neutral, PublicKeyToken=b03f5f7f11d50a3a" className="SharpBag.ExtensionsTest, SharpBag.Tests, Version=0.0.0.0, Culture=neutral, PublicKeyToken=null" name="SubarrayThrowsContractException966" />
    </UnitTest>
    <UnitTest name="Fill105" storage="c:\users\suprdewd\documents\projects\sharpbag\sharpbag.tests\bin\release\sharpbag.tests.dll" id="a51caca7-6a0e-8bea-fb89-3104ddb0e38a">
      <Execution id="f8960a42-be34-40e8-ae2f-8f03b6915554" />
      <TestMethod codeBase="C:/Users/SuprDewd/Documents/Projects/SharpBag/SharpBag.Tests/bin/Release/SharpBag.Tests.DLL" adapterTypeName="Microsoft.VisualStudio.TestTools.TestTypes.Unit.UnitTestAdapter, Microsoft.VisualStudio.QualityTools.Tips.UnitTest.Adapter, Version=10.0.0.0, Culture=neutral, PublicKeyToken=b03f5f7f11d50a3a" className="SharpBag.ExtensionsTest, SharpBag.Tests, Version=0.0.0.0, Culture=neutral, PublicKeyToken=null" name="Fill105" />
    </UnitTest>
    <UnitTest name="Fill0157105" storage="c:\users\suprdewd\documents\projects\sharpbag\sharpbag.tests\bin\release\sharpbag.tests.dll" id="d654d0fa-e627-5ae5-cf4d-55765a616a3e">
      <Execution id="da80dffd-1aa0-438c-aa01-8a34eeacbad8" />
      <TestMethod codeBase="C:/Users/SuprDewd/Documents/Projects/SharpBag/SharpBag.Tests/bin/Release/SharpBag.Tests.DLL" adapterTypeName="Microsoft.VisualStudio.TestTools.TestTypes.Unit.UnitTestAdapter, Microsoft.VisualStudio.QualityTools.Tips.UnitTest.Adapter, Version=10.0.0.0, Culture=neutral, PublicKeyToken=b03f5f7f11d50a3a" className="SharpBag.ExtensionsTest, SharpBag.Tests, Version=0.0.0.0, Culture=neutral, PublicKeyToken=null" name="Fill0157105" />
    </UnitTest>
    <UnitTest name="As0166004" storage="c:\users\suprdewd\documents\projects\sharpbag\sharpbag.tests\bin\release\sharpbag.tests.dll" id="97495e35-0952-692a-91b0-3d721dc574e4">
      <Execution id="425b013e-6c46-447a-a550-f5d33a122a7d" />
      <TestMethod codeBase="C:/Users/SuprDewd/Documents/Projects/SharpBag/SharpBag.Tests/bin/Release/SharpBag.Tests.DLL" adapterTypeName="Microsoft.VisualStudio.TestTools.TestTypes.Unit.UnitTestAdapter, Microsoft.VisualStudio.QualityTools.Tips.UnitTest.Adapter, Version=10.0.0.0, Culture=neutral, PublicKeyToken=b03f5f7f11d50a3a" className="SharpBag.ExtensionsTest, SharpBag.Tests, Version=0.0.0.0, Culture=neutral, PublicKeyToken=null" name="As0166004" />
    </UnitTest>
    <UnitTest name="As0163226" storage="c:\users\suprdewd\documents\projects\sharpbag\sharpbag.tests\bin\release\sharpbag.tests.dll" id="be772578-3bd6-fe1e-69ad-baa513f62b0b">
      <Execution id="c31e8241-1c03-4264-b59d-603c19eb37fd" />
      <TestMethod codeBase="C:/Users/SuprDewd/Documents/Projects/SharpBag/SharpBag.Tests/bin/Release/SharpBag.Tests.DLL" adapterTypeName="Microsoft.VisualStudio.TestTools.TestTypes.Unit.UnitTestAdapter, Microsoft.VisualStudio.QualityTools.Tips.UnitTest.Adapter, Version=10.0.0.0, Culture=neutral, PublicKeyToken=b03f5f7f11d50a3a" className="SharpBag.ExtensionsTest, SharpBag.Tests, Version=0.0.0.0, Culture=neutral, PublicKeyToken=null" name="As0163226" />
    </UnitTest>
    <UnitTest name="Fill0168802" storage="c:\users\suprdewd\documents\projects\sharpbag\sharpbag.tests\bin\release\sharpbag.tests.dll" id="c3e8dcc2-bac7-2a0c-9c06-8dc4838145f3">
      <Execution id="926ec8bb-2037-4c67-9337-69059b2d4469" />
      <TestMethod codeBase="C:/Users/SuprDewd/Documents/Projects/SharpBag/SharpBag.Tests/bin/Release/SharpBag.Tests.DLL" adapterTypeName="Microsoft.VisualStudio.TestTools.TestTypes.Unit.UnitTestAdapter, Microsoft.VisualStudio.QualityTools.Tips.UnitTest.Adapter, Version=10.0.0.0, Culture=neutral, PublicKeyToken=b03f5f7f11d50a3a" className="SharpBag.ExtensionsTest, SharpBag.Tests, Version=0.0.0.0, Culture=neutral, PublicKeyToken=null" name="Fill0168802" />
    </UnitTest>
    <UnitTest name="Add29605" storage="c:\users\suprdewd\documents\projects\sharpbag\sharpbag.tests\bin\release\sharpbag.tests.dll" id="f508d895-6987-1ba4-4750-b5ae512c4eca">
      <Execution id="518df06c-fdb9-47bd-95cf-25fd5210addd" />
      <TestMethod codeBase="C:/Users/SuprDewd/Documents/Projects/SharpBag/SharpBag.Tests/bin/Release/SharpBag.Tests.DLL" adapterTypeName="Microsoft.VisualStudio.TestTools.TestTypes.Unit.UnitTestAdapter, Microsoft.VisualStudio.QualityTools.Tips.UnitTest.Adapter, Version=10.0.0.0, Culture=neutral, PublicKeyToken=b03f5f7f11d50a3a" className="SharpBag.ExtensionsTest, SharpBag.Tests, Version=0.0.0.0, Culture=neutral, PublicKeyToken=null" name="Add29605" />
    </UnitTest>
    <UnitTest name="As21507" storage="c:\users\suprdewd\documents\projects\sharpbag\sharpbag.tests\bin\release\sharpbag.tests.dll" id="1a1204f8-80dc-63b9-41bb-196d59b5bd9c">
      <Execution id="7602f739-099b-4902-b7d7-336195aa1a8d" />
      <TestMethod codeBase="C:/Users/SuprDewd/Documents/Projects/SharpBag/SharpBag.Tests/bin/Release/SharpBag.Tests.DLL" adapterTypeName="Microsoft.VisualStudio.TestTools.TestTypes.Unit.UnitTestAdapter, Microsoft.VisualStudio.QualityTools.Tips.UnitTest.Adapter, Version=10.0.0.0, Culture=neutral, PublicKeyToken=b03f5f7f11d50a3a" className="SharpBag.ExtensionsTest, SharpBag.Tests, Version=0.0.0.0, Culture=neutral, PublicKeyToken=null" name="As21507" />
    </UnitTest>
    <UnitTest name="As21502" storage="c:\users\suprdewd\documents\projects\sharpbag\sharpbag.tests\bin\release\sharpbag.tests.dll" id="7896ac03-38fd-b99c-d27e-6cbd208a3f1e">
      <Execution id="984d60a6-37f2-4902-ba0c-a53191dfa13b" />
      <TestMethod codeBase="C:/Users/SuprDewd/Documents/Projects/SharpBag/SharpBag.Tests/bin/Release/SharpBag.Tests.DLL" adapterTypeName="Microsoft.VisualStudio.TestTools.TestTypes.Unit.UnitTestAdapter, Microsoft.VisualStudio.QualityTools.Tips.UnitTest.Adapter, Version=10.0.0.0, Culture=neutral, PublicKeyToken=b03f5f7f11d50a3a" className="SharpBag.ExtensionsTest, SharpBag.Tests, Version=0.0.0.0, Culture=neutral, PublicKeyToken=null" name="As21502" />
    </UnitTest>
    <UnitTest name="As0163243" storage="c:\users\suprdewd\documents\projects\sharpbag\sharpbag.tests\bin\release\sharpbag.tests.dll" id="4fbb91c1-c965-1543-022c-12856d2ae5ad">
      <Execution id="c539c752-8232-45f3-ac3e-19c0ef723305" />
      <TestMethod codeBase="C:/Users/SuprDewd/Documents/Projects/SharpBag/SharpBag.Tests/bin/Release/SharpBag.Tests.DLL" adapterTypeName="Microsoft.VisualStudio.TestTools.TestTypes.Unit.UnitTestAdapter, Microsoft.VisualStudio.QualityTools.Tips.UnitTest.Adapter, Version=10.0.0.0, Culture=neutral, PublicKeyToken=b03f5f7f11d50a3a" className="SharpBag.ExtensionsTest, SharpBag.Tests, Version=0.0.0.0, Culture=neutral, PublicKeyToken=null" name="As0163243" />
    </UnitTest>
    <UnitTest name="AsEnumerable0258805" storage="c:\users\suprdewd\documents\projects\sharpbag\sharpbag.tests\bin\release\sharpbag.tests.dll" id="5c5adf85-1214-e9f8-047f-44815dc050b1">
      <Execution id="efd2d2f9-a7a0-4791-9673-24fa42932236" />
      <TestMethod codeBase="C:/Users/SuprDewd/Documents/Projects/SharpBag/SharpBag.Tests/bin/Release/SharpBag.Tests.DLL" adapterTypeName="Microsoft.VisualStudio.TestTools.TestTypes.Unit.UnitTestAdapter, Microsoft.VisualStudio.QualityTools.Tips.UnitTest.Adapter, Version=10.0.0.0, Culture=neutral, PublicKeyToken=b03f5f7f11d50a3a" className="SharpBag.ExtensionsTest, SharpBag.Tests, Version=0.0.0.0, Culture=neutral, PublicKeyToken=null" name="AsEnumerable0258805" />
    </UnitTest>
    <UnitTest name="As01321" storage="c:\users\suprdewd\documents\projects\sharpbag\sharpbag.tests\bin\release\sharpbag.tests.dll" id="ec491029-dab5-3481-ec80-f35631103905">
      <Execution id="576fe088-e1d0-4b9f-a58c-863ef9394332" />
      <TestMethod codeBase="C:/Users/SuprDewd/Documents/Projects/SharpBag/SharpBag.Tests/bin/Release/SharpBag.Tests.DLL" adapterTypeName="Microsoft.VisualStudio.TestTools.TestTypes.Unit.UnitTestAdapter, Microsoft.VisualStudio.QualityTools.Tips.UnitTest.Adapter, Version=10.0.0.0, Culture=neutral, PublicKeyToken=b03f5f7f11d50a3a" className="SharpBag.ExtensionsTest, SharpBag.Tests, Version=0.0.0.0, Culture=neutral, PublicKeyToken=null" name="As01321" />
    </UnitTest>
    <UnitTest name="ReadLinesFromThrowsContractException838" storage="c:\users\suprdewd\documents\projects\sharpbag\sharpbag.tests\bin\release\sharpbag.tests.dll" id="29c9ba2a-8918-92c1-edbc-ad1fd40c77e1">
      <Execution id="7d45a677-a7af-40ae-a38a-1d6e340d882e" />
      <TestMethod codeBase="C:/Users/SuprDewd/Documents/Projects/SharpBag/SharpBag.Tests/bin/Release/SharpBag.Tests.DLL" adapterTypeName="Microsoft.VisualStudio.TestTools.TestTypes.Unit.UnitTestAdapter, Microsoft.VisualStudio.QualityTools.Tips.UnitTest.Adapter, Version=10.0.0.0, Culture=neutral, PublicKeyToken=b03f5f7f11d50a3a" className="SharpBag.UtilsTest, SharpBag.Tests, Version=0.0.0.0, Culture=neutral, PublicKeyToken=null" name="ReadLinesFromThrowsContractException838" />
    </UnitTest>
    <UnitTest name="Iter96003" storage="c:\users\suprdewd\documents\projects\sharpbag\sharpbag.tests\bin\release\sharpbag.tests.dll" id="9bfa0b14-def6-4233-8f09-efbae74ca192">
      <Execution id="27b446aa-7b84-47d7-a4f3-555f00d12243" />
      <TestMethod codeBase="C:/Users/SuprDewd/Documents/Projects/SharpBag/SharpBag.Tests/bin/Release/SharpBag.Tests.DLL" adapterTypeName="Microsoft.VisualStudio.TestTools.TestTypes.Unit.UnitTestAdapter, Microsoft.VisualStudio.QualityTools.Tips.UnitTest.Adapter, Version=10.0.0.0, Culture=neutral, PublicKeyToken=b03f5f7f11d50a3a" className="SharpBag.ExtensionsTest, SharpBag.Tests, Version=0.0.0.0, Culture=neutral, PublicKeyToken=null" name="Iter96003" />
    </UnitTest>
    <UnitTest name="ForEach12501" storage="c:\users\suprdewd\documents\projects\sharpbag\sharpbag.tests\bin\release\sharpbag.tests.dll" id="8a248c8c-38d6-117a-cb08-bb2fddeae117">
      <Execution id="dcfd5226-0e07-418a-a21b-6f74e636d8e7" />
      <TestMethod codeBase="C:/Users/SuprDewd/Documents/Projects/SharpBag/SharpBag.Tests/bin/Release/SharpBag.Tests.DLL" adapterTypeName="Microsoft.VisualStudio.TestTools.TestTypes.Unit.UnitTestAdapter, Microsoft.VisualStudio.QualityTools.Tips.UnitTest.Adapter, Version=10.0.0.0, Culture=neutral, PublicKeyToken=b03f5f7f11d50a3a" className="SharpBag.ExtensionsTest, SharpBag.Tests, Version=0.0.0.0, Culture=neutral, PublicKeyToken=null" name="ForEach12501" />
    </UnitTest>
    <UnitTest name="As21520" storage="c:\users\suprdewd\documents\projects\sharpbag\sharpbag.tests\bin\release\sharpbag.tests.dll" id="585eea8b-8fa4-71e8-9d43-5274aef9fa35">
      <Execution id="2bc2e697-2198-416c-91c6-7bc2f11dc805" />
      <TestMethod codeBase="C:/Users/SuprDewd/Documents/Projects/SharpBag/SharpBag.Tests/bin/Release/SharpBag.Tests.DLL" adapterTypeName="Microsoft.VisualStudio.TestTools.TestTypes.Unit.UnitTestAdapter, Microsoft.VisualStudio.QualityTools.Tips.UnitTest.Adapter, Version=10.0.0.0, Culture=neutral, PublicKeyToken=b03f5f7f11d50a3a" className="SharpBag.ExtensionsTest, SharpBag.Tests, Version=0.0.0.0, Culture=neutral, PublicKeyToken=null" name="As21520" />
    </UnitTest>
    <UnitTest name="As0163239" storage="c:\users\suprdewd\documents\projects\sharpbag\sharpbag.tests\bin\release\sharpbag.tests.dll" id="91ad74e2-7f98-39c5-b2ac-d6979eb1e521">
      <Execution id="d67d9923-d04e-4f14-b972-81963357bc27" />
      <TestMethod codeBase="C:/Users/SuprDewd/Documents/Projects/SharpBag/SharpBag.Tests/bin/Release/SharpBag.Tests.DLL" adapterTypeName="Microsoft.VisualStudio.TestTools.TestTypes.Unit.UnitTestAdapter, Microsoft.VisualStudio.QualityTools.Tips.UnitTest.Adapter, Version=10.0.0.0, Culture=neutral, PublicKeyToken=b03f5f7f11d50a3a" className="SharpBag.ExtensionsTest, SharpBag.Tests, Version=0.0.0.0, Culture=neutral, PublicKeyToken=null" name="As0163239" />
    </UnitTest>
    <UnitTest name="As0132106" storage="c:\users\suprdewd\documents\projects\sharpbag\sharpbag.tests\bin\release\sharpbag.tests.dll" id="de9d9ca9-6d6f-fece-a7ad-0d011ee5cf94">
      <Execution id="d9e3d42f-ac98-4b36-a515-90f27db9a477" />
      <TestMethod codeBase="C:/Users/SuprDewd/Documents/Projects/SharpBag/SharpBag.Tests/bin/Release/SharpBag.Tests.DLL" adapterTypeName="Microsoft.VisualStudio.TestTools.TestTypes.Unit.UnitTestAdapter, Microsoft.VisualStudio.QualityTools.Tips.UnitTest.Adapter, Version=10.0.0.0, Culture=neutral, PublicKeyToken=b03f5f7f11d50a3a" className="SharpBag.ExtensionsTest, SharpBag.Tests, Version=0.0.0.0, Culture=neutral, PublicKeyToken=null" name="As0132106" />
    </UnitTest>
    <UnitTest name="AsEnumerable0314804" storage="c:\users\suprdewd\documents\projects\sharpbag\sharpbag.tests\bin\release\sharpbag.tests.dll" id="787c2aca-5007-7e56-5e10-28020b3be468">
      <Execution id="90e9332c-a119-47be-8fdf-997441fcdebd" />
      <TestMethod codeBase="C:/Users/SuprDewd/Documents/Projects/SharpBag/SharpBag.Tests/bin/Release/SharpBag.Tests.DLL" adapterTypeName="Microsoft.VisualStudio.TestTools.TestTypes.Unit.UnitTestAdapter, Microsoft.VisualStudio.QualityTools.Tips.UnitTest.Adapter, Version=10.0.0.0, Culture=neutral, PublicKeyToken=b03f5f7f11d50a3a" className="SharpBag.ExtensionsTest, SharpBag.Tests, Version=0.0.0.0, Culture=neutral, PublicKeyToken=null" name="AsEnumerable0314804" />
    </UnitTest>
    <UnitTest name="As0163248" storage="c:\users\suprdewd\documents\projects\sharpbag\sharpbag.tests\bin\release\sharpbag.tests.dll" id="21fd8c5c-e865-d794-56d0-ebbbdfae46d7">
      <Execution id="4666f1b4-f3cd-4b3e-b998-61509f925831" />
      <TestMethod codeBase="C:/Users/SuprDewd/Documents/Projects/SharpBag/SharpBag.Tests/bin/Release/SharpBag.Tests.DLL" adapterTypeName="Microsoft.VisualStudio.TestTools.TestTypes.Unit.UnitTestAdapter, Microsoft.VisualStudio.QualityTools.Tips.UnitTest.Adapter, Version=10.0.0.0, Culture=neutral, PublicKeyToken=b03f5f7f11d50a3a" className="SharpBag.ExtensionsTest, SharpBag.Tests, Version=0.0.0.0, Culture=neutral, PublicKeyToken=null" name="As0163248" />
    </UnitTest>
    <UnitTest name="UnionAll02ThrowsContractException903" storage="c:\users\suprdewd\documents\projects\sharpbag\sharpbag.tests\bin\release\sharpbag.tests.dll" id="49b4e1b0-9a60-f1f3-7d8e-e1f63ecc7d50">
      <Execution id="9cd3ccfc-11c9-4e52-8b09-16d7f24ceb0a" />
      <TestMethod codeBase="C:/Users/SuprDewd/Documents/Projects/SharpBag/SharpBag.Tests/bin/Release/SharpBag.Tests.DLL" adapterTypeName="Microsoft.VisualStudio.TestTools.TestTypes.Unit.UnitTestAdapter, Microsoft.VisualStudio.QualityTools.Tips.UnitTest.Adapter, Version=10.0.0.0, Culture=neutral, PublicKeyToken=b03f5f7f11d50a3a" className="SharpBag.ExtensionsTest, SharpBag.Tests, Version=0.0.0.0, Culture=neutral, PublicKeyToken=null" name="UnionAll02ThrowsContractException903" />
    </UnitTest>
    <UnitTest name="ForEach78805" storage="c:\users\suprdewd\documents\projects\sharpbag\sharpbag.tests\bin\release\sharpbag.tests.dll" id="d049d90a-3dba-26cb-52eb-d9fac6863bbe">
      <Execution id="4b0cf010-b5a4-4053-aeb6-b0565cd039de" />
      <TestMethod codeBase="C:/Users/SuprDewd/Documents/Projects/SharpBag/SharpBag.Tests/bin/Release/SharpBag.Tests.DLL" adapterTypeName="Microsoft.VisualStudio.TestTools.TestTypes.Unit.UnitTestAdapter, Microsoft.VisualStudio.QualityTools.Tips.UnitTest.Adapter, Version=10.0.0.0, Culture=neutral, PublicKeyToken=b03f5f7f11d50a3a" className="SharpBag.ExtensionsTest, SharpBag.Tests, Version=0.0.0.0, Culture=neutral, PublicKeyToken=null" name="ForEach78805" />
    </UnitTest>
    <UnitTest name="As0198301" storage="c:\users\suprdewd\documents\projects\sharpbag\sharpbag.tests\bin\release\sharpbag.tests.dll" id="43271b50-9462-4bb7-5e78-3783a2d68504">
      <Execution id="aa38035f-2ec8-4156-8eb1-5d76bceb27fc" />
      <TestMethod codeBase="C:/Users/SuprDewd/Documents/Projects/SharpBag/SharpBag.Tests/bin/Release/SharpBag.Tests.DLL" adapterTypeName="Microsoft.VisualStudio.TestTools.TestTypes.Unit.UnitTestAdapter, Microsoft.VisualStudio.QualityTools.Tips.UnitTest.Adapter, Version=10.0.0.0, Culture=neutral, PublicKeyToken=b03f5f7f11d50a3a" className="SharpBag.ExtensionsTest, SharpBag.Tests, Version=0.0.0.0, Culture=neutral, PublicKeyToken=null" name="As0198301" />
    </UnitTest>
    <UnitTest name="Subarray709" storage="c:\users\suprdewd\documents\projects\sharpbag\sharpbag.tests\bin\release\sharpbag.tests.dll" id="04c53adc-df51-85a8-3dcb-278e962fc112">
      <Execution id="2cbc7495-0b01-4d19-8523-0b27060f638a" />
      <TestMethod codeBase="C:/Users/SuprDewd/Documents/Projects/SharpBag/SharpBag.Tests/bin/Release/SharpBag.Tests.DLL" adapterTypeName="Microsoft.VisualStudio.TestTools.TestTypes.Unit.UnitTestAdapter, Microsoft.VisualStudio.QualityTools.Tips.UnitTest.Adapter, Version=10.0.0.0, Culture=neutral, PublicKeyToken=b03f5f7f11d50a3a" className="SharpBag.ExtensionsTest, SharpBag.Tests, Version=0.0.0.0, Culture=neutral, PublicKeyToken=null" name="Subarray709" />
    </UnitTest>
    <UnitTest name="ExecutionTime01ThrowsContractException363" storage="c:\users\suprdewd\documents\projects\sharpbag\sharpbag.tests\bin\release\sharpbag.tests.dll" id="382f1a18-8c5b-b8b8-72e6-323b201ac9b0">
      <Execution id="f7ab6616-9794-4fcb-adbe-9a8232f9c9be" />
      <TestMethod codeBase="C:/Users/SuprDewd/Documents/Projects/SharpBag/SharpBag.Tests/bin/Release/SharpBag.Tests.DLL" adapterTypeName="Microsoft.VisualStudio.TestTools.TestTypes.Unit.UnitTestAdapter, Microsoft.VisualStudio.QualityTools.Tips.UnitTest.Adapter, Version=10.0.0.0, Culture=neutral, PublicKeyToken=b03f5f7f11d50a3a" className="SharpBag.UtilsTest, SharpBag.Tests, Version=0.0.0.0, Culture=neutral, PublicKeyToken=null" name="ExecutionTime01ThrowsContractException363" />
    </UnitTest>
    <UnitTest name="FromEnumerator55" storage="c:\users\suprdewd\documents\projects\sharpbag\sharpbag.tests\bin\release\sharpbag.tests.dll" id="be5f5722-e49c-2552-3b23-55e7eba52bdb">
      <Execution id="a592d117-a95c-47d2-84b0-c0433b9e07de" />
      <TestMethod codeBase="C:/Users/SuprDewd/Documents/Projects/SharpBag/SharpBag.Tests/bin/Release/SharpBag.Tests.DLL" adapterTypeName="Microsoft.VisualStudio.TestTools.TestTypes.Unit.UnitTestAdapter, Microsoft.VisualStudio.QualityTools.Tips.UnitTest.Adapter, Version=10.0.0.0, Culture=neutral, PublicKeyToken=b03f5f7f11d50a3a" className="SharpBag.UtilsTest, SharpBag.Tests, Version=0.0.0.0, Culture=neutral, PublicKeyToken=null" name="FromEnumerator55" />
    </UnitTest>
    <UnitTest name="As0132103" storage="c:\users\suprdewd\documents\projects\sharpbag\sharpbag.tests\bin\release\sharpbag.tests.dll" id="0c58cf0b-ac72-a134-206f-98daff22c7f5">
      <Execution id="0b913b4d-c7dc-4a7b-a5d5-8029034e5523" />
      <TestMethod codeBase="C:/Users/SuprDewd/Documents/Projects/SharpBag/SharpBag.Tests/bin/Release/SharpBag.Tests.DLL" adapterTypeName="Microsoft.VisualStudio.TestTools.TestTypes.Unit.UnitTestAdapter, Microsoft.VisualStudio.QualityTools.Tips.UnitTest.Adapter, Version=10.0.0.0, Culture=neutral, PublicKeyToken=b03f5f7f11d50a3a" className="SharpBag.ExtensionsTest, SharpBag.Tests, Version=0.0.0.0, Culture=neutral, PublicKeyToken=null" name="As0132103" />
    </UnitTest>
    <UnitTest name="Random43101" storage="c:\users\suprdewd\documents\projects\sharpbag\sharpbag.tests\bin\release\sharpbag.tests.dll" id="1281f517-45b5-6723-bc3e-71da88a02141">
      <Execution id="5b29980a-2a92-48b8-bd12-beaf0cecd87b" />
      <TestMethod codeBase="C:/Users/SuprDewd/Documents/Projects/SharpBag/SharpBag.Tests/bin/Release/SharpBag.Tests.DLL" adapterTypeName="Microsoft.VisualStudio.TestTools.TestTypes.Unit.UnitTestAdapter, Microsoft.VisualStudio.QualityTools.Tips.UnitTest.Adapter, Version=10.0.0.0, Culture=neutral, PublicKeyToken=b03f5f7f11d50a3a" className="SharpBag.ExtensionsTest, SharpBag.Tests, Version=0.0.0.0, Culture=neutral, PublicKeyToken=null" name="Random43101" />
    </UnitTest>
    <UnitTest name="UnionAll0135501" storage="c:\users\suprdewd\documents\projects\sharpbag\sharpbag.tests\bin\release\sharpbag.tests.dll" id="640310df-d648-7294-c434-32af677c30c3">
      <Execution id="3367a446-28ef-4410-8e51-9da6e651a1ac" />
      <TestMethod codeBase="C:/Users/SuprDewd/Documents/Projects/SharpBag/SharpBag.Tests/bin/Release/SharpBag.Tests.DLL" adapterTypeName="Microsoft.VisualStudio.TestTools.TestTypes.Unit.UnitTestAdapter, Microsoft.VisualStudio.QualityTools.Tips.UnitTest.Adapter, Version=10.0.0.0, Culture=neutral, PublicKeyToken=b03f5f7f11d50a3a" className="SharpBag.ExtensionsTest, SharpBag.Tests, Version=0.0.0.0, Culture=neutral, PublicKeyToken=null" name="UnionAll0135501" />
    </UnitTest>
    <UnitTest name="As0163210" storage="c:\users\suprdewd\documents\projects\sharpbag\sharpbag.tests\bin\release\sharpbag.tests.dll" id="ab4705e8-14a4-6e9f-baf9-e3d238e84cf8">
      <Execution id="e345e7c3-c6b1-4357-a409-0f72e03d85f9" />
      <TestMethod codeBase="C:/Users/SuprDewd/Documents/Projects/SharpBag/SharpBag.Tests/bin/Release/SharpBag.Tests.DLL" adapterTypeName="Microsoft.VisualStudio.TestTools.TestTypes.Unit.UnitTestAdapter, Microsoft.VisualStudio.QualityTools.Tips.UnitTest.Adapter, Version=10.0.0.0, Culture=neutral, PublicKeyToken=b03f5f7f11d50a3a" className="SharpBag.ExtensionsTest, SharpBag.Tests, Version=0.0.0.0, Culture=neutral, PublicKeyToken=null" name="As0163210" />
    </UnitTest>
    <UnitTest name="GetByPercent562" storage="c:\users\suprdewd\documents\projects\sharpbag\sharpbag.tests\bin\release\sharpbag.tests.dll" id="2e107be2-e3af-1a8b-fb4b-bdb5534db4b8">
      <Execution id="c2d3f40d-04dd-4c20-92f5-c3c43a669841" />
      <TestMethod codeBase="C:/Users/SuprDewd/Documents/Projects/SharpBag/SharpBag.Tests/bin/Release/SharpBag.Tests.DLL" adapterTypeName="Microsoft.VisualStudio.TestTools.TestTypes.Unit.UnitTestAdapter, Microsoft.VisualStudio.QualityTools.Tips.UnitTest.Adapter, Version=10.0.0.0, Culture=neutral, PublicKeyToken=b03f5f7f11d50a3a" className="SharpBag.ExtensionsTest, SharpBag.Tests, Version=0.0.0.0, Culture=neutral, PublicKeyToken=null" name="GetByPercent562" />
    </UnitTest>
    <UnitTest name="If79" storage="c:\users\suprdewd\documents\projects\sharpbag\sharpbag.tests\bin\release\sharpbag.tests.dll" id="18234ca5-6af0-1355-5140-f92645f28e01">
      <Execution id="030ad9f8-9992-478c-aa46-db6064ce4e74" />
      <TestMethod codeBase="C:/Users/SuprDewd/Documents/Projects/SharpBag/SharpBag.Tests/bin/Release/SharpBag.Tests.DLL" adapterTypeName="Microsoft.VisualStudio.TestTools.TestTypes.Unit.UnitTestAdapter, Microsoft.VisualStudio.QualityTools.Tips.UnitTest.Adapter, Version=10.0.0.0, Culture=neutral, PublicKeyToken=b03f5f7f11d50a3a" className="SharpBag.ExtensionsTest, SharpBag.Tests, Version=0.0.0.0, Culture=neutral, PublicKeyToken=null" name="If79" />
    </UnitTest>
    <UnitTest name="AsEnumerable01ThrowsContractException781" storage="c:\users\suprdewd\documents\projects\sharpbag\sharpbag.tests\bin\release\sharpbag.tests.dll" id="c3d74631-4198-0bf7-31b4-c57e4e43d97c">
      <Execution id="d890bae1-c56f-4e41-9cfc-08757811f28c" />
      <TestMethod codeBase="C:/Users/SuprDewd/Documents/Projects/SharpBag/SharpBag.Tests/bin/Release/SharpBag.Tests.DLL" adapterTypeName="Microsoft.VisualStudio.TestTools.TestTypes.Unit.UnitTestAdapter, Microsoft.VisualStudio.QualityTools.Tips.UnitTest.Adapter, Version=10.0.0.0, Culture=neutral, PublicKeyToken=b03f5f7f11d50a3a" className="SharpBag.ExtensionsTest, SharpBag.Tests, Version=0.0.0.0, Culture=neutral, PublicKeyToken=null" name="AsEnumerable01ThrowsContractException781" />
    </UnitTest>
    <UnitTest name="ToThrowsContractException88" storage="c:\users\suprdewd\documents\projects\sharpbag\sharpbag.tests\bin\release\sharpbag.tests.dll" id="06856cc0-d338-2fce-b65e-89181f957a9c">
      <Execution id="7b861190-8d3e-4da6-a56a-8c2df6f40f17" />
      <TestMethod codeBase="C:/Users/SuprDewd/Documents/Projects/SharpBag/SharpBag.Tests/bin/Release/SharpBag.Tests.DLL" adapterTypeName="Microsoft.VisualStudio.TestTools.TestTypes.Unit.UnitTestAdapter, Microsoft.VisualStudio.QualityTools.Tips.UnitTest.Adapter, Version=10.0.0.0, Culture=neutral, PublicKeyToken=b03f5f7f11d50a3a" className="SharpBag.ExtensionsTest, SharpBag.Tests, Version=0.0.0.0, Culture=neutral, PublicKeyToken=null" name="ToThrowsContractException88" />
    </UnitTest>
    <UnitTest name="ForEach12505" storage="c:\users\suprdewd\documents\projects\sharpbag\sharpbag.tests\bin\release\sharpbag.tests.dll" id="4c6a72c8-f168-62bf-d7c0-83140d0efec5">
      <Execution id="4f17a487-94b8-4d77-b38a-687c605db7d7" />
      <TestMethod codeBase="C:/Users/SuprDewd/Documents/Projects/SharpBag/SharpBag.Tests/bin/Release/SharpBag.Tests.DLL" adapterTypeName="Microsoft.VisualStudio.TestTools.TestTypes.Unit.UnitTestAdapter, Microsoft.VisualStudio.QualityTools.Tips.UnitTest.Adapter, Version=10.0.0.0, Culture=neutral, PublicKeyToken=b03f5f7f11d50a3a" className="SharpBag.ExtensionsTest, SharpBag.Tests, Version=0.0.0.0, Culture=neutral, PublicKeyToken=null" name="ForEach12505" />
    </UnitTest>
    <UnitTest name="As0163203" storage="c:\users\suprdewd\documents\projects\sharpbag\sharpbag.tests\bin\release\sharpbag.tests.dll" id="4796da93-05be-09dc-4928-16eafddcfcc3">
      <Execution id="80bf3095-b47b-4d59-9483-668b858eaa78" />
      <TestMethod codeBase="C:/Users/SuprDewd/Documents/Projects/SharpBag/SharpBag.Tests/bin/Release/SharpBag.Tests.DLL" adapterTypeName="Microsoft.VisualStudio.TestTools.TestTypes.Unit.UnitTestAdapter, Microsoft.VisualStudio.QualityTools.Tips.UnitTest.Adapter, Version=10.0.0.0, Culture=neutral, PublicKeyToken=b03f5f7f11d50a3a" className="SharpBag.ExtensionsTest, SharpBag.Tests, Version=0.0.0.0, Culture=neutral, PublicKeyToken=null" name="As0163203" />
    </UnitTest>
    <UnitTest name="As01367" storage="c:\users\suprdewd\documents\projects\sharpbag\sharpbag.tests\bin\release\sharpbag.tests.dll" id="3e37c17d-90fa-e89c-9aa5-d591fc3b0dec">
      <Execution id="3ff1a3e0-9ff0-4981-9c49-5889ff172618" />
      <TestMethod codeBase="C:/Users/SuprDewd/Documents/Projects/SharpBag/SharpBag.Tests/bin/Release/SharpBag.Tests.DLL" adapterTypeName="Microsoft.VisualStudio.TestTools.TestTypes.Unit.UnitTestAdapter, Microsoft.VisualStudio.QualityTools.Tips.UnitTest.Adapter, Version=10.0.0.0, Culture=neutral, PublicKeyToken=b03f5f7f11d50a3a" className="SharpBag.ExtensionsTest, SharpBag.Tests, Version=0.0.0.0, Culture=neutral, PublicKeyToken=null" name="As01367" />
    </UnitTest>
    <UnitTest name="ForEachThrowsContractException615" storage="c:\users\suprdewd\documents\projects\sharpbag\sharpbag.tests\bin\release\sharpbag.tests.dll" id="876b3f41-8b66-5cdb-8b9f-ad4f6f6688fd">
      <Execution id="f3de476b-2ac5-4520-a261-6bc8c94d2a69" />
      <TestMethod codeBase="C:/Users/SuprDewd/Documents/Projects/SharpBag/SharpBag.Tests/bin/Release/SharpBag.Tests.DLL" adapterTypeName="Microsoft.VisualStudio.TestTools.TestTypes.Unit.UnitTestAdapter, Microsoft.VisualStudio.QualityTools.Tips.UnitTest.Adapter, Version=10.0.0.0, Culture=neutral, PublicKeyToken=b03f5f7f11d50a3a" className="SharpBag.ExtensionsTest, SharpBag.Tests, Version=0.0.0.0, Culture=neutral, PublicKeyToken=null" name="ForEachThrowsContractException615" />
    </UnitTest>
    <UnitTest name="SubarrayThrowsContractException304" storage="c:\users\suprdewd\documents\projects\sharpbag\sharpbag.tests\bin\release\sharpbag.tests.dll" id="23289518-cff6-51c7-cbca-8f7fc69c7429">
      <Execution id="bc5d099f-ef5e-4e90-89bd-a7829d206094" />
      <TestMethod codeBase="C:/Users/SuprDewd/Documents/Projects/SharpBag/SharpBag.Tests/bin/Release/SharpBag.Tests.DLL" adapterTypeName="Microsoft.VisualStudio.TestTools.TestTypes.Unit.UnitTestAdapter, Microsoft.VisualStudio.QualityTools.Tips.UnitTest.Adapter, Version=10.0.0.0, Culture=neutral, PublicKeyToken=b03f5f7f11d50a3a" className="SharpBag.ExtensionsTest, SharpBag.Tests, Version=0.0.0.0, Culture=neutral, PublicKeyToken=null" name="SubarrayThrowsContractException304" />
    </UnitTest>
    <UnitTest name="As0163224" storage="c:\users\suprdewd\documents\projects\sharpbag\sharpbag.tests\bin\release\sharpbag.tests.dll" id="389db5b6-ab96-a436-4af4-f75359c85bc2">
      <Execution id="e3506f11-9443-4426-a9e3-c3a5c457a400" />
      <TestMethod codeBase="C:/Users/SuprDewd/Documents/Projects/SharpBag/SharpBag.Tests/bin/Release/SharpBag.Tests.DLL" adapterTypeName="Microsoft.VisualStudio.TestTools.TestTypes.Unit.UnitTestAdapter, Microsoft.VisualStudio.QualityTools.Tips.UnitTest.Adapter, Version=10.0.0.0, Culture=neutral, PublicKeyToken=b03f5f7f11d50a3a" className="SharpBag.ExtensionsTest, SharpBag.Tests, Version=0.0.0.0, Culture=neutral, PublicKeyToken=null" name="As0163224" />
    </UnitTest>
    <UnitTest name="Range377" storage="c:\users\suprdewd\documents\projects\sharpbag\sharpbag.tests\bin\release\sharpbag.tests.dll" id="567a07ee-04bb-68f0-b054-7c3ac20e04d0">
      <Execution id="2374468d-d78e-48c8-9526-6f240cd6bbdd" />
      <TestMethod codeBase="C:/Users/SuprDewd/Documents/Projects/SharpBag/SharpBag.Tests/bin/Release/SharpBag.Tests.DLL" adapterTypeName="Microsoft.VisualStudio.TestTools.TestTypes.Unit.UnitTestAdapter, Microsoft.VisualStudio.QualityTools.Tips.UnitTest.Adapter, Version=10.0.0.0, Culture=neutral, PublicKeyToken=b03f5f7f11d50a3a" className="SharpBag.ExtensionsTest, SharpBag.Tests, Version=0.0.0.0, Culture=neutral, PublicKeyToken=null" name="Range377" />
    </UnitTest>
    <UnitTest name="NextDateTimeThrowsContractException762" storage="c:\users\suprdewd\documents\projects\sharpbag\sharpbag.tests\bin\release\sharpbag.tests.dll" id="b2f30ec3-5e04-5411-1ff4-09fa134b1c9b">
      <Execution id="735a5dd7-c355-4e04-94df-34d3e4bba693" />
      <TestMethod codeBase="C:/Users/SuprDewd/Documents/Projects/SharpBag/SharpBag.Tests/bin/Release/SharpBag.Tests.DLL" adapterTypeName="Microsoft.VisualStudio.TestTools.TestTypes.Unit.UnitTestAdapter, Microsoft.VisualStudio.QualityTools.Tips.UnitTest.Adapter, Version=10.0.0.0, Culture=neutral, PublicKeyToken=b03f5f7f11d50a3a" className="SharpBag.RandomExtensionsTest, SharpBag.Tests, Version=0.0.0.0, Culture=neutral, PublicKeyToken=null" name="NextDateTimeThrowsContractException762" />
    </UnitTest>
    <UnitTest name="Bound01415" storage="c:\users\suprdewd\documents\projects\sharpbag\sharpbag.tests\bin\release\sharpbag.tests.dll" id="d2b87ca7-13bf-5225-5027-20d84a20b6c5">
      <Execution id="91d79c3c-7cf9-465d-8694-23e67ce5b3d4" />
      <TestMethod codeBase="C:/Users/SuprDewd/Documents/Projects/SharpBag/SharpBag.Tests/bin/Release/SharpBag.Tests.DLL" adapterTypeName="Microsoft.VisualStudio.TestTools.TestTypes.Unit.UnitTestAdapter, Microsoft.VisualStudio.QualityTools.Tips.UnitTest.Adapter, Version=10.0.0.0, Culture=neutral, PublicKeyToken=b03f5f7f11d50a3a" className="SharpBag.Math.MathExtensionsTest, SharpBag.Tests, Version=0.0.0.0, Culture=neutral, PublicKeyToken=null" name="Bound01415" />
    </UnitTest>
    <UnitTest name="As21505" storage="c:\users\suprdewd\documents\projects\sharpbag\sharpbag.tests\bin\release\sharpbag.tests.dll" id="2250a8be-6947-1057-ceec-e49c62f651fa">
      <Execution id="35cc50ca-8dc4-405b-b6b3-4f13b6c966ba" />
      <TestMethod codeBase="C:/Users/SuprDewd/Documents/Projects/SharpBag/SharpBag.Tests/bin/Release/SharpBag.Tests.DLL" adapterTypeName="Microsoft.VisualStudio.TestTools.TestTypes.Unit.UnitTestAdapter, Microsoft.VisualStudio.QualityTools.Tips.UnitTest.Adapter, Version=10.0.0.0, Culture=neutral, PublicKeyToken=b03f5f7f11d50a3a" className="SharpBag.ExtensionsTest, SharpBag.Tests, Version=0.0.0.0, Culture=neutral, PublicKeyToken=null" name="As21505" />
    </UnitTest>
    <UnitTest name="Iter96002" storage="c:\users\suprdewd\documents\projects\sharpbag\sharpbag.tests\bin\release\sharpbag.tests.dll" id="33d00c5c-c888-05a3-fa39-c11369cf7bd7">
      <Execution id="c7f6a00b-4332-43fc-b183-2d0259d322c9" />
      <TestMethod codeBase="C:/Users/SuprDewd/Documents/Projects/SharpBag/SharpBag.Tests/bin/Release/SharpBag.Tests.DLL" adapterTypeName="Microsoft.VisualStudio.TestTools.TestTypes.Unit.UnitTestAdapter, Microsoft.VisualStudio.QualityTools.Tips.UnitTest.Adapter, Version=10.0.0.0, Culture=neutral, PublicKeyToken=b03f5f7f11d50a3a" className="SharpBag.ExtensionsTest, SharpBag.Tests, Version=0.0.0.0, Culture=neutral, PublicKeyToken=null" name="Iter96002" />
    </UnitTest>
    <UnitTest name="As01404" storage="c:\users\suprdewd\documents\projects\sharpbag\sharpbag.tests\bin\release\sharpbag.tests.dll" id="40e83519-1225-601d-0c17-661b77e82314">
      <Execution id="36dd2692-b782-4467-b6d2-cf01f76c7857" />
      <TestMethod codeBase="C:/Users/SuprDewd/Documents/Projects/SharpBag/SharpBag.Tests/bin/Release/SharpBag.Tests.DLL" adapterTypeName="Microsoft.VisualStudio.TestTools.TestTypes.Unit.UnitTestAdapter, Microsoft.VisualStudio.QualityTools.Tips.UnitTest.Adapter, Version=10.0.0.0, Culture=neutral, PublicKeyToken=b03f5f7f11d50a3a" className="SharpBag.ExtensionsTest, SharpBag.Tests, Version=0.0.0.0, Culture=neutral, PublicKeyToken=null" name="As01404" />
    </UnitTest>
  </TestDefinitions>
  <TestLists>
    <TestList name="Results Not in a List" id="8c84fa94-04c1-424b-9868-57a2d4851a1d" />
    <TestList name="All Loaded Results" id="19431567-8539-422a-85d7-44ee4e166bda" />
  </TestLists>
  <TestEntries>
    <TestEntry testId="013a48c5-946e-02f6-4064-7f83cd8d7665" executionId="96e77340-a4f4-4813-b8b4-7275c8ddfa2f" testListId="8c84fa94-04c1-424b-9868-57a2d4851a1d" />
    <TestEntry testId="028f28fd-be8d-20f6-580d-7908e85c567f" executionId="87274f97-eb0d-44f3-b7d0-da9b266a314d" testListId="8c84fa94-04c1-424b-9868-57a2d4851a1d" />
    <TestEntry testId="03c88b26-e4eb-d38e-6683-3ac55f8aeeac" executionId="d7f123e5-0db6-4cc6-8e2a-f6b460b148c8" testListId="8c84fa94-04c1-424b-9868-57a2d4851a1d" />
    <TestEntry testId="04c53adc-df51-85a8-3dcb-278e962fc112" executionId="2cbc7495-0b01-4d19-8523-0b27060f638a" testListId="8c84fa94-04c1-424b-9868-57a2d4851a1d" />
    <TestEntry testId="055e48df-0214-9f4b-ed2b-c5a320ca2c7d" executionId="919a39df-25a6-4966-b3d3-9b418f04c704" testListId="8c84fa94-04c1-424b-9868-57a2d4851a1d" />
    <TestEntry testId="06856cc0-d338-2fce-b65e-89181f957a9c" executionId="7b861190-8d3e-4da6-a56a-8c2df6f40f17" testListId="8c84fa94-04c1-424b-9868-57a2d4851a1d" />
    <TestEntry testId="07802348-e3dc-037c-ce88-1e51ccef97b0" executionId="b10b95a7-232b-4781-8a11-7b8ea96ee80c" testListId="8c84fa94-04c1-424b-9868-57a2d4851a1d" />
    <TestEntry testId="0860ee19-0524-5919-2b3c-8316527f7933" executionId="e5206f23-77f1-417b-b8b3-e26b431897eb" testListId="8c84fa94-04c1-424b-9868-57a2d4851a1d" />
    <TestEntry testId="099b6629-b323-a9b6-3641-ebce58ee0f7c" executionId="96e56aa8-f875-4939-b25c-b348a8cec51a" testListId="8c84fa94-04c1-424b-9868-57a2d4851a1d" />
    <TestEntry testId="09abec53-bc8a-0db2-1ff6-28ad5ea0f559" executionId="1e180835-0a2b-4cc6-97dc-04a0380ef038" testListId="8c84fa94-04c1-424b-9868-57a2d4851a1d" />
    <TestEntry testId="09d5fce9-d98a-1fa1-f446-d10c4751e838" executionId="28f2c754-a19c-4df4-b49a-404a59d5873c" testListId="8c84fa94-04c1-424b-9868-57a2d4851a1d" />
    <TestEntry testId="0b76aeed-ae7b-38c5-60da-c9243d875dc1" executionId="ba5f4d54-ad0f-4d90-bc97-a3ed7b5a8a10" testListId="8c84fa94-04c1-424b-9868-57a2d4851a1d" />
    <TestEntry testId="0b8785c2-8bd4-a826-60eb-f295a2d7fcb3" executionId="b4a932da-a2a8-4642-b575-594bccc4cc23" testListId="8c84fa94-04c1-424b-9868-57a2d4851a1d" />
    <TestEntry testId="0c1112ce-06b8-6d36-f7fb-a3574f6e2065" executionId="8307fe7a-1962-49b1-91dc-729eb51804f0" testListId="8c84fa94-04c1-424b-9868-57a2d4851a1d" />
    <TestEntry testId="0c58cf0b-ac72-a134-206f-98daff22c7f5" executionId="0b913b4d-c7dc-4a7b-a5d5-8029034e5523" testListId="8c84fa94-04c1-424b-9868-57a2d4851a1d" />
    <TestEntry testId="0c6370f1-3a15-0de1-18cb-8da30dd57ee7" executionId="a6f2a3b5-d2ad-49f1-a848-37e17bde84bd" testListId="8c84fa94-04c1-424b-9868-57a2d4851a1d" />
    <TestEntry testId="0cb477c5-7b02-500d-45eb-bb863b0c13bb" executionId="d3353862-d9b1-4fc5-baab-b5a6f0e3ac18" testListId="8c84fa94-04c1-424b-9868-57a2d4851a1d" />
    <TestEntry testId="0cf9c414-1497-f4be-8e70-721d9337c834" executionId="3e8487c0-20b8-4391-8c29-4c0f45f61796" testListId="8c84fa94-04c1-424b-9868-57a2d4851a1d" />
    <TestEntry testId="0e44207d-1ccf-04c5-6aef-2081653ff131" executionId="792fadea-7778-406e-8b95-60fd86297e1f" testListId="8c84fa94-04c1-424b-9868-57a2d4851a1d" />
    <TestEntry testId="0e645c38-e73b-967d-e94f-74a8d38a05b3" executionId="d3905bba-8365-4c96-bc21-c1e2d1cdeeae" testListId="8c84fa94-04c1-424b-9868-57a2d4851a1d" />
    <TestEntry testId="0e73a463-cb0d-f992-9d84-5941849f04d6" executionId="4b5a59db-b338-4aae-9977-59960e75bc75" testListId="8c84fa94-04c1-424b-9868-57a2d4851a1d" />
    <TestEntry testId="0e90738b-70d8-2788-4a26-d16c8666f6ca" executionId="e7ef5303-190b-47f3-8acc-03745375ad16" testListId="8c84fa94-04c1-424b-9868-57a2d4851a1d" />
    <TestEntry testId="0f614d48-4580-1835-c34d-314b56fdf70c" executionId="458fa80b-cbb2-4535-9c75-afb7fa47a3b2" testListId="8c84fa94-04c1-424b-9868-57a2d4851a1d" />
    <TestEntry testId="0fff3361-456c-b23e-a549-242fc6d0887e" executionId="4279e23f-ab77-4111-8ab2-f5ecd7ebdb8d" testListId="8c84fa94-04c1-424b-9868-57a2d4851a1d" />
    <TestEntry testId="106b7a63-3c06-2f97-097e-1a5d38b1a1ac" executionId="efdd4a7d-b8ed-4810-b45b-dc2012a1d7b3" testListId="8c84fa94-04c1-424b-9868-57a2d4851a1d" />
    <TestEntry testId="11187b04-c546-bd3e-0bbb-d3f71bff1f4f" executionId="d8ab6c14-a2cc-4298-b8a9-94c0becec876" testListId="8c84fa94-04c1-424b-9868-57a2d4851a1d" />
    <TestEntry testId="116bcbca-67a9-cf3b-0614-27721784c6e2" executionId="84b33416-f727-4d52-afab-ffe86ba05b56" testListId="8c84fa94-04c1-424b-9868-57a2d4851a1d" />
    <TestEntry testId="116e53ad-53cc-1f8c-5eeb-a61eba3cd5e8" executionId="43ec8f11-9095-4572-b989-fd70d9d774c2" testListId="8c84fa94-04c1-424b-9868-57a2d4851a1d" />
    <TestEntry testId="1199c9cc-d8e3-0309-8136-cef199801af6" executionId="1b449cea-e666-4768-89e9-59cf3b62781e" testListId="8c84fa94-04c1-424b-9868-57a2d4851a1d" />
    <TestEntry testId="1220cf5e-04a1-0c63-1e54-72250893445a" executionId="aebce0f3-b1f2-417c-8768-14109bd74bb6" testListId="8c84fa94-04c1-424b-9868-57a2d4851a1d" />
    <TestEntry testId="1281f517-45b5-6723-bc3e-71da88a02141" executionId="5b29980a-2a92-48b8-bd12-beaf0cecd87b" testListId="8c84fa94-04c1-424b-9868-57a2d4851a1d" />
    <TestEntry testId="143eb567-4397-2625-6014-2a2400dd294f" executionId="78e25351-5502-4121-b81c-2be6a30c4a3f" testListId="8c84fa94-04c1-424b-9868-57a2d4851a1d" />
    <TestEntry testId="14c4d8f7-99c5-9b56-48f1-16bece872cd1" executionId="269faf0e-3bc5-4269-b849-4efa4fd83869" testListId="8c84fa94-04c1-424b-9868-57a2d4851a1d" />
    <TestEntry testId="14e07649-4bb1-965c-d352-f5e6a62d38fd" executionId="77827704-4937-4750-bbde-08938369f879" testListId="8c84fa94-04c1-424b-9868-57a2d4851a1d" />
    <TestEntry testId="15f6ec28-2881-7c22-a597-01fe1093749a" executionId="1d1d7641-1ce9-4b0a-8255-0beffd041c21" testListId="8c84fa94-04c1-424b-9868-57a2d4851a1d" />
    <TestEntry testId="1614cc64-5cbc-b082-cb61-089f874d65b1" executionId="8e0f7897-30b5-4647-b6ac-c8b4e9eb0943" testListId="8c84fa94-04c1-424b-9868-57a2d4851a1d" />
    <TestEntry testId="16bc510b-963f-30e5-6517-13389edd4fdc" executionId="1b2de735-22f1-4f22-afd0-8673e875692b" testListId="8c84fa94-04c1-424b-9868-57a2d4851a1d" />
    <TestEntry testId="16eccf92-0ec9-930b-cfbe-252e74468966" executionId="f172ff34-d22a-4f8e-811a-3c29ce347c95" testListId="8c84fa94-04c1-424b-9868-57a2d4851a1d" />
    <TestEntry testId="17cbf434-78e7-42a5-6758-242cc94ac703" executionId="a4ecb52d-157a-4128-9f8a-c59e1ce06a64" testListId="8c84fa94-04c1-424b-9868-57a2d4851a1d" />
    <TestEntry testId="18234ca5-6af0-1355-5140-f92645f28e01" executionId="030ad9f8-9992-478c-aa46-db6064ce4e74" testListId="8c84fa94-04c1-424b-9868-57a2d4851a1d" />
    <TestEntry testId="19033310-a8dd-db0b-1dcd-2bf1bef510ca" executionId="6d5817cd-9245-49ae-b71e-4fe6207f64e6" testListId="8c84fa94-04c1-424b-9868-57a2d4851a1d" />
    <TestEntry testId="1903a639-b5d9-1b4f-9c30-0405b15e8f12" executionId="1bdf7600-fc97-4fdb-b786-7e48b83b1633" testListId="8c84fa94-04c1-424b-9868-57a2d4851a1d" />
    <TestEntry testId="193af604-0c49-1c0a-39c2-739404c2ca21" executionId="81bb0857-f126-4f48-a9bd-53c098a5b7c8" testListId="8c84fa94-04c1-424b-9868-57a2d4851a1d" />
    <TestEntry testId="1a1204f8-80dc-63b9-41bb-196d59b5bd9c" executionId="7602f739-099b-4902-b7d7-336195aa1a8d" testListId="8c84fa94-04c1-424b-9868-57a2d4851a1d" />
    <TestEntry testId="1a41ca06-c399-fb41-1b68-4e54f6d9fba0" executionId="49d9dd83-1174-4169-b4b2-aec562822732" testListId="8c84fa94-04c1-424b-9868-57a2d4851a1d" />
    <TestEntry testId="1ac879f8-3c0a-1016-6157-e481eddd5c9f" executionId="d5cb2d8b-6fe7-4d4f-b48e-f1cb89e2b6f9" testListId="8c84fa94-04c1-424b-9868-57a2d4851a1d" />
    <TestEntry testId="1b50a732-77b4-82a3-8153-f8dad0640018" executionId="5c33d219-9c32-44e3-862b-c630601697c1" testListId="8c84fa94-04c1-424b-9868-57a2d4851a1d" />
    <TestEntry testId="1b741696-a239-fa83-4bfb-5be27d6d2eb3" executionId="5e84dfbf-71fb-4984-a48c-f24d6275c092" testListId="8c84fa94-04c1-424b-9868-57a2d4851a1d" />
    <TestEntry testId="1c5ab376-6152-4272-31e3-55dc91a07a86" executionId="23c756dd-0f52-44ec-99ae-f3be818568f9" testListId="8c84fa94-04c1-424b-9868-57a2d4851a1d" />
    <TestEntry testId="1ca82a0b-7842-06c7-ecd3-2f81b62f1e0e" executionId="a670c875-9bb9-4713-9fa3-cd78bad0e4b7" testListId="8c84fa94-04c1-424b-9868-57a2d4851a1d" />
    <TestEntry testId="1cb6fca5-5cbd-75cb-cfee-a358b8315906" executionId="80d8f6d6-6641-4334-b431-2dcba7d993d8" testListId="8c84fa94-04c1-424b-9868-57a2d4851a1d" />
    <TestEntry testId="1cdb2f2c-09f6-d6d8-6d16-a0ea90824aba" executionId="d92f0ae5-cf45-4d0a-9b3a-818c24d3fc1c" testListId="8c84fa94-04c1-424b-9868-57a2d4851a1d" />
    <TestEntry testId="1e0ca069-996e-4bc0-6164-74e9ee8107ac" executionId="253711eb-f49b-4062-9e60-30a786d2b363" testListId="8c84fa94-04c1-424b-9868-57a2d4851a1d" />
    <TestEntry testId="1e811e95-82b3-7182-a1a6-ec99686bab87" executionId="e454a854-9289-4df7-992b-3089ef030b92" testListId="8c84fa94-04c1-424b-9868-57a2d4851a1d" />
    <TestEntry testId="1ed065ef-ce8b-7235-fc5f-cca130d48e00" executionId="9e8305af-5d63-4cd3-8255-0cc3403fbd6d" testListId="8c84fa94-04c1-424b-9868-57a2d4851a1d" />
    <TestEntry testId="1fa5b7ed-be1a-69d3-e35d-61c48c394d37" executionId="4366e68a-9d4c-4299-8601-5a40b4d910d9" testListId="8c84fa94-04c1-424b-9868-57a2d4851a1d" />
    <TestEntry testId="1fd730db-48ad-68c2-a560-921c988f9a38" executionId="f33af4ea-fa6c-4fe3-a15a-da0b98440495" testListId="8c84fa94-04c1-424b-9868-57a2d4851a1d" />
    <TestEntry testId="20789601-3bb2-517f-9c07-8755507d968d" executionId="ce4be99d-206e-4124-b7fe-78bebeea74d6" testListId="8c84fa94-04c1-424b-9868-57a2d4851a1d" />
    <TestEntry testId="21fd8c5c-e865-d794-56d0-ebbbdfae46d7" executionId="4666f1b4-f3cd-4b3e-b998-61509f925831" testListId="8c84fa94-04c1-424b-9868-57a2d4851a1d" />
    <TestEntry testId="221d319c-8869-0d4c-725e-9ea36949d716" executionId="d187ca1b-cea8-4806-a62e-c5f2e0834468" testListId="8c84fa94-04c1-424b-9868-57a2d4851a1d" />
    <TestEntry testId="2250a8be-6947-1057-ceec-e49c62f651fa" executionId="35cc50ca-8dc4-405b-b6b3-4f13b6c966ba" testListId="8c84fa94-04c1-424b-9868-57a2d4851a1d" />
    <TestEntry testId="22b3bc9e-2d91-4747-086b-d415be2c5776" executionId="c49c0908-a072-4c4f-a077-a422e003bec1" testListId="8c84fa94-04c1-424b-9868-57a2d4851a1d" />
    <TestEntry testId="22fb3f0c-8177-2102-3c97-5cd124eaf953" executionId="0683761a-e5ca-4c93-9e9e-c0b03a87aaca" testListId="8c84fa94-04c1-424b-9868-57a2d4851a1d" />
    <TestEntry testId="23289518-cff6-51c7-cbca-8f7fc69c7429" executionId="bc5d099f-ef5e-4e90-89bd-a7829d206094" testListId="8c84fa94-04c1-424b-9868-57a2d4851a1d" />
    <TestEntry testId="236dd585-9363-168d-3729-7ab007ad8692" executionId="b2a91958-67de-49a1-ab33-b1603eb55c6d" testListId="8c84fa94-04c1-424b-9868-57a2d4851a1d" />
    <TestEntry testId="24fadf38-4396-5113-e8f4-c4d70d185024" executionId="243906f6-6a16-4259-a72d-7029a758e33e" testListId="8c84fa94-04c1-424b-9868-57a2d4851a1d" />
    <TestEntry testId="25d5b35a-db1f-e192-1a83-5fbd23003a20" executionId="b450c536-8418-4eba-8f44-7caea04c113b" testListId="8c84fa94-04c1-424b-9868-57a2d4851a1d" />
    <TestEntry testId="25e137bf-b11b-a709-2200-80de04831d5b" executionId="a09b4276-3b22-4ec4-910c-818e0ad4f549" testListId="8c84fa94-04c1-424b-9868-57a2d4851a1d" />
    <TestEntry testId="28805317-a840-3e77-4899-69199b1265d9" executionId="dd785e0f-35e1-432c-9420-d5e280b618cc" testListId="8c84fa94-04c1-424b-9868-57a2d4851a1d" />
    <TestEntry testId="29095a51-c311-c865-7cf1-7076578258b7" executionId="7b8f407b-4a35-4f5e-8a26-aaa036b7573c" testListId="8c84fa94-04c1-424b-9868-57a2d4851a1d" />
    <TestEntry testId="29c9ba2a-8918-92c1-edbc-ad1fd40c77e1" executionId="7d45a677-a7af-40ae-a38a-1d6e340d882e" testListId="8c84fa94-04c1-424b-9868-57a2d4851a1d" />
    <TestEntry testId="29e140f3-0b7d-028a-f85f-e65d5e7a4460" executionId="cb4a420f-9b1d-4c77-91d2-159f5742fdc0" testListId="8c84fa94-04c1-424b-9868-57a2d4851a1d" />
    <TestEntry testId="2a3bccbe-42e2-9009-af11-20e5efc1eb2e" executionId="623c582c-3b27-46ca-8d8a-80298e16b452" testListId="8c84fa94-04c1-424b-9868-57a2d4851a1d" />
    <TestEntry testId="2a492a9b-f563-5e1e-f60c-76d1e2ee9ce9" executionId="20ed4d0f-8584-41f9-9e71-f35c7a188e2e" testListId="8c84fa94-04c1-424b-9868-57a2d4851a1d" />
    <TestEntry testId="2a73a8ee-edb3-255b-de40-e76f0ee6887d" executionId="6f32b7b4-95e5-4727-920a-fb745e6fbcef" testListId="8c84fa94-04c1-424b-9868-57a2d4851a1d" />
    <TestEntry testId="2b100bf6-e6a4-9f38-c22a-f01b6c39f024" executionId="7ef7160a-48cc-4d9d-83fe-1bc4a2a02884" testListId="8c84fa94-04c1-424b-9868-57a2d4851a1d" />
    <TestEntry testId="2b6a1fd0-ad89-86fe-c32f-c850f3486570" executionId="fe4de084-cd7a-4896-81d5-816ed17aada8" testListId="8c84fa94-04c1-424b-9868-57a2d4851a1d" />
    <TestEntry testId="2b9734bf-2716-3fbd-907d-b338c9f5816c" executionId="54c147fe-c3a4-429d-ae2f-a1c050bc5bab" testListId="8c84fa94-04c1-424b-9868-57a2d4851a1d" />
    <TestEntry testId="2c678190-6575-f47a-afde-b3eb80b1856c" executionId="8783e931-6e6f-43cc-ae92-e59d9cc28af2" testListId="8c84fa94-04c1-424b-9868-57a2d4851a1d" />
    <TestEntry testId="2cb985a5-30e0-1631-ebdb-14215fcd5267" executionId="eb6dc0f5-894b-40d4-92eb-27d1629500bd" testListId="8c84fa94-04c1-424b-9868-57a2d4851a1d" />
    <TestEntry testId="2cd94b85-ca28-7ec9-b7f9-ff8305b67d1c" executionId="15716840-c7ce-4382-afea-52b5f73692a0" testListId="8c84fa94-04c1-424b-9868-57a2d4851a1d" />
    <TestEntry testId="2d5e0c73-6690-aba4-5ea6-eafc09214675" executionId="ee1a6a26-7a55-4859-a3c9-0fd7006bd65d" testListId="8c84fa94-04c1-424b-9868-57a2d4851a1d" />
    <TestEntry testId="2e107be2-e3af-1a8b-fb4b-bdb5534db4b8" executionId="c2d3f40d-04dd-4c20-92f5-c3c43a669841" testListId="8c84fa94-04c1-424b-9868-57a2d4851a1d" />
    <TestEntry testId="2e27cda4-16b0-824b-d141-c5b5382ec851" executionId="aade3068-6f3f-4df9-873c-80fdfd1467e6" testListId="8c84fa94-04c1-424b-9868-57a2d4851a1d" />
    <TestEntry testId="2e9abde5-72f2-18f2-ec62-8da36318a8ed" executionId="05d9c06a-a929-4f7b-a320-5a1acb48bbb3" testListId="8c84fa94-04c1-424b-9868-57a2d4851a1d" />
    <TestEntry testId="2f442340-39d2-2141-feae-caa93af13693" executionId="1954b8e0-f9b9-4fa4-84e6-9af1d2a2e96a" testListId="8c84fa94-04c1-424b-9868-57a2d4851a1d" />
    <TestEntry testId="2f5ec1c4-04f0-fa9c-5150-6f7abf584f74" executionId="1347460f-eb83-4f52-9533-a12c3f6a91ff" testListId="8c84fa94-04c1-424b-9868-57a2d4851a1d" />
    <TestEntry testId="2f965438-892b-963f-1d2d-a0dc16402531" executionId="ee414a82-56a1-4667-bcda-20ef0e1e08f4" testListId="8c84fa94-04c1-424b-9868-57a2d4851a1d" />
    <TestEntry testId="2fd85783-fc83-f96f-d9bf-a6bcc5a252f1" executionId="7a31f97f-a24c-48c3-9022-cae2fd6f254f" testListId="8c84fa94-04c1-424b-9868-57a2d4851a1d" />
    <TestEntry testId="2ff38794-ad92-1998-3c20-e3ee775a8969" executionId="a46fd965-1a9f-4264-8dc7-789e634477ce" testListId="8c84fa94-04c1-424b-9868-57a2d4851a1d" />
    <TestEntry testId="30d8e69f-8aa2-c29f-376f-bcb878c7b97b" executionId="6d464e01-f26a-490c-9cbb-d22c2db196e4" testListId="8c84fa94-04c1-424b-9868-57a2d4851a1d" />
    <TestEntry testId="3141d6f7-4f77-e316-0fab-9f0803c256ce" executionId="f5788bb1-e360-4e59-ae8b-4fe92dadf63b" testListId="8c84fa94-04c1-424b-9868-57a2d4851a1d" />
    <TestEntry testId="31751606-0e00-3ddd-298e-e7c2d6c445a2" executionId="1f05e41b-8df4-4560-8731-0c433a1ecd34" testListId="8c84fa94-04c1-424b-9868-57a2d4851a1d" />
    <TestEntry testId="31a88d64-bb5b-6217-2758-d493dee381b6" executionId="440fc192-ad85-40e5-bda3-8938a85518fa" testListId="8c84fa94-04c1-424b-9868-57a2d4851a1d" />
    <TestEntry testId="31a904fb-b5e5-f95a-175a-584bb2addaff" executionId="c42faf70-ef74-4e33-a8a6-2a0ea34306a7" testListId="8c84fa94-04c1-424b-9868-57a2d4851a1d" />
    <TestEntry testId="3340cb14-cf3b-8e1f-ca28-73acf64d833a" executionId="cbaf68a8-f47c-4d08-925c-fdf12975973c" testListId="8c84fa94-04c1-424b-9868-57a2d4851a1d" />
    <TestEntry testId="33d00c5c-c888-05a3-fa39-c11369cf7bd7" executionId="c7f6a00b-4332-43fc-b183-2d0259d322c9" testListId="8c84fa94-04c1-424b-9868-57a2d4851a1d" />
    <TestEntry testId="3403c50d-2a71-9a27-1ea8-652ff438ba45" executionId="bb68d814-03e6-412d-b957-bdcf5953dcd7" testListId="8c84fa94-04c1-424b-9868-57a2d4851a1d" />
    <TestEntry testId="344e42b2-441e-1ac7-2103-3d35eead278e" executionId="d13e74ca-f002-4c31-a11c-7fff3fc6d7c5" testListId="8c84fa94-04c1-424b-9868-57a2d4851a1d" />
    <TestEntry testId="34aa3cd1-c558-0302-e5aa-355d37850848" executionId="f3d3d14b-2bb3-48a5-b9ac-ccb2607eca57" testListId="8c84fa94-04c1-424b-9868-57a2d4851a1d" />
    <TestEntry testId="352720fc-addb-8a50-aed2-2c94197dd6d3" executionId="95c7ae01-fdcf-44d4-beb8-6e70185764c2" testListId="8c84fa94-04c1-424b-9868-57a2d4851a1d" />
    <TestEntry testId="361a1550-e2b2-7624-b616-00a1d7f9e7ef" executionId="9904a4d3-38c5-4672-897d-6ddd2ac9d7ce" testListId="8c84fa94-04c1-424b-9868-57a2d4851a1d" />
    <TestEntry testId="36c0ac7a-9f37-b952-7a17-2ad1e9132b69" executionId="7b7d8635-d469-4643-8fb1-23d922740c1a" testListId="8c84fa94-04c1-424b-9868-57a2d4851a1d" />
    <TestEntry testId="37513ae8-9597-0d8b-e168-0cedc873d749" executionId="5f38e255-8a07-4b97-91e7-3b4beb1251e5" testListId="8c84fa94-04c1-424b-9868-57a2d4851a1d" />
    <TestEntry testId="37c5e788-97a2-ee7f-c1df-5b64dcc3fb4c" executionId="d4865b26-f3e8-48a2-a00f-78a192dd614b" testListId="8c84fa94-04c1-424b-9868-57a2d4851a1d" />
    <TestEntry testId="382ae704-dd0b-2259-d31c-dfbfb69a1305" executionId="d4d6ba68-2f9d-46e5-a866-3800435164b0" testListId="8c84fa94-04c1-424b-9868-57a2d4851a1d" />
    <TestEntry testId="382f1a18-8c5b-b8b8-72e6-323b201ac9b0" executionId="f7ab6616-9794-4fcb-adbe-9a8232f9c9be" testListId="8c84fa94-04c1-424b-9868-57a2d4851a1d" />
    <TestEntry testId="389db5b6-ab96-a436-4af4-f75359c85bc2" executionId="e3506f11-9443-4426-a9e3-c3a5c457a400" testListId="8c84fa94-04c1-424b-9868-57a2d4851a1d" />
    <TestEntry testId="3902168e-77cb-c1b4-c44f-4336ab3b86bd" executionId="fa808757-b6df-4941-a00a-c3faef9ca50b" testListId="8c84fa94-04c1-424b-9868-57a2d4851a1d" />
    <TestEntry testId="3950117e-1257-8bcc-63aa-35e8e8daf9e2" executionId="43cc6998-fd3d-4fde-85da-e1ca35534fac" testListId="8c84fa94-04c1-424b-9868-57a2d4851a1d" />
    <TestEntry testId="39820720-af85-1690-8f39-546deff2b7b4" executionId="18a57bdd-3642-46bb-8680-f1a3eff39cb8" testListId="8c84fa94-04c1-424b-9868-57a2d4851a1d" />
    <TestEntry testId="39a24eb5-a45d-f931-6682-86b278494085" executionId="8951329d-5f67-46d7-b4a0-d79e6648efcc" testListId="8c84fa94-04c1-424b-9868-57a2d4851a1d" />
    <TestEntry testId="3a633eaa-632f-f936-1d35-4e407b494884" executionId="65bfbebd-7d14-4ca4-99ab-2f8930e80e41" testListId="8c84fa94-04c1-424b-9868-57a2d4851a1d" />
    <TestEntry testId="3c1d094b-ca29-adfc-cfcd-77289a3cce3f" executionId="f647380e-9c1c-4598-8764-d9d47d8e2b29" testListId="8c84fa94-04c1-424b-9868-57a2d4851a1d" />
    <TestEntry testId="3c2e9b97-7181-c8d2-2f10-0abc89251ccc" executionId="f44805f0-c7e1-45ac-ac9c-e24aaa692514" testListId="8c84fa94-04c1-424b-9868-57a2d4851a1d" />
    <TestEntry testId="3c579db0-0876-cedf-1e56-2a6de957c366" executionId="f2085996-9ad1-4622-93d9-56175ed95ce6" testListId="8c84fa94-04c1-424b-9868-57a2d4851a1d" />
    <TestEntry testId="3ca3afbe-4155-3a78-1581-d034645ac0e9" executionId="30fb9bbb-afff-4ab2-a9a0-bb2bbeacbcc1" testListId="8c84fa94-04c1-424b-9868-57a2d4851a1d" />
    <TestEntry testId="3cd342db-3464-b39f-d797-78a5b44d7bab" executionId="8b6429cf-3238-4207-b009-d3ec91473cd7" testListId="8c84fa94-04c1-424b-9868-57a2d4851a1d" />
    <TestEntry testId="3cd79fab-d2b4-f532-5d2a-fc7f89f94523" executionId="2af1bc3a-987d-429e-99d3-8d9174d22eb2" testListId="8c84fa94-04c1-424b-9868-57a2d4851a1d" />
    <TestEntry testId="3d3988d3-9563-f144-e6f1-47341372fdea" executionId="dc8d1da2-f943-47e4-8792-47ffac2b3a6a" testListId="8c84fa94-04c1-424b-9868-57a2d4851a1d" />
    <TestEntry testId="3dde4b4b-e27c-57a9-155e-da4fc130f503" executionId="ced27f4c-e17a-4095-8bb9-f0b475dad668" testListId="8c84fa94-04c1-424b-9868-57a2d4851a1d" />
    <TestEntry testId="3e37c17d-90fa-e89c-9aa5-d591fc3b0dec" executionId="3ff1a3e0-9ff0-4981-9c49-5889ff172618" testListId="8c84fa94-04c1-424b-9868-57a2d4851a1d" />
    <TestEntry testId="3f99a1d3-4dae-8b7d-a361-9ebbf5115b1e" executionId="54b7bb97-791e-4c6a-93ba-4534b39fb5c8" testListId="8c84fa94-04c1-424b-9868-57a2d4851a1d" />
    <TestEntry testId="3febe6f3-67ab-23b3-dd85-d4b7c1206b0c" executionId="de89a601-f64e-44e3-89be-7668923ba607" testListId="8c84fa94-04c1-424b-9868-57a2d4851a1d" />
    <TestEntry testId="40b13692-f736-7aca-afa5-678a24ba3ffc" executionId="a10fd42d-dcab-47f7-82c0-7ebc7b695fcc" testListId="8c84fa94-04c1-424b-9868-57a2d4851a1d" />
    <TestEntry testId="40e83519-1225-601d-0c17-661b77e82314" executionId="36dd2692-b782-4467-b6d2-cf01f76c7857" testListId="8c84fa94-04c1-424b-9868-57a2d4851a1d" />
    <TestEntry testId="4183213a-6645-16c2-af8b-e5bfcf7442d8" executionId="1035ed9c-cc5e-401a-a270-c95739a1121f" testListId="8c84fa94-04c1-424b-9868-57a2d4851a1d" />
    <TestEntry testId="41b53b6b-04c0-c784-5da0-bab31b4fb4d7" executionId="b88084fc-b850-4e8c-aba8-915c32542298" testListId="8c84fa94-04c1-424b-9868-57a2d4851a1d" />
    <TestEntry testId="41c73ee5-f5f2-636b-5a9a-3a3fb22aecad" executionId="1c242d7a-b471-4c03-bd25-0bc0aff46941" testListId="8c84fa94-04c1-424b-9868-57a2d4851a1d" />
    <TestEntry testId="42f45f10-504d-0d19-0e58-1ea2105c69e9" executionId="997ec103-efb0-44f3-8411-e15209b05151" testListId="8c84fa94-04c1-424b-9868-57a2d4851a1d" />
    <TestEntry testId="43271b50-9462-4bb7-5e78-3783a2d68504" executionId="aa38035f-2ec8-4156-8eb1-5d76bceb27fc" testListId="8c84fa94-04c1-424b-9868-57a2d4851a1d" />
    <TestEntry testId="43b966b3-46a6-2c68-ed24-575462007214" executionId="ae242a27-82ce-490d-9a8c-524fb7f2b338" testListId="8c84fa94-04c1-424b-9868-57a2d4851a1d" />
    <TestEntry testId="446e633f-49f1-1108-f723-4032f6b7dd87" executionId="aa3fbdc6-bd4f-41c6-8e41-57166603188f" testListId="8c84fa94-04c1-424b-9868-57a2d4851a1d" />
    <TestEntry testId="44ddd54b-7a43-e4f9-ebb3-b78badce4585" executionId="e450c8d4-bd58-4645-8ee2-382b37166874" testListId="8c84fa94-04c1-424b-9868-57a2d4851a1d" />
    <TestEntry testId="466bff3f-4c8e-a9c1-50f6-91ffeb15d3a1" executionId="19389ec0-5fb9-4e22-a5f9-28850718a6c6" testListId="8c84fa94-04c1-424b-9868-57a2d4851a1d" />
    <TestEntry testId="46ca0fd9-03e1-55e3-3ad7-b4625d8d07c0" executionId="a324ab41-5ce6-4e6b-97e3-3f4880a400b9" testListId="8c84fa94-04c1-424b-9868-57a2d4851a1d" />
    <TestEntry testId="46f11c29-0946-1ee3-1afe-afb72995b905" executionId="ad7e5647-04bf-46e2-97cc-76e1ae6337c5" testListId="8c84fa94-04c1-424b-9868-57a2d4851a1d" />
    <TestEntry testId="473a2b39-cb44-1d62-3c12-9fd92e3b377f" executionId="1f427881-8a22-4ad8-9dee-0b03b3a92154" testListId="8c84fa94-04c1-424b-9868-57a2d4851a1d" />
    <TestEntry testId="4796da93-05be-09dc-4928-16eafddcfcc3" executionId="80bf3095-b47b-4d59-9483-668b858eaa78" testListId="8c84fa94-04c1-424b-9868-57a2d4851a1d" />
    <TestEntry testId="4828b82d-197c-d38d-1052-fb24855ec6ae" executionId="5aa73fc7-280b-49ed-b578-1469f8b39052" testListId="8c84fa94-04c1-424b-9868-57a2d4851a1d" />
    <TestEntry testId="48745f52-01da-5495-8edc-495e0a033ca1" executionId="0ef2ad14-3071-4e55-8376-6f7673f2d5ff" testListId="8c84fa94-04c1-424b-9868-57a2d4851a1d" />
    <TestEntry testId="49aa9228-e307-ef3c-566e-386137588923" executionId="927bd872-29d7-411c-aaee-746881aa6755" testListId="8c84fa94-04c1-424b-9868-57a2d4851a1d" />
    <TestEntry testId="49b4e1b0-9a60-f1f3-7d8e-e1f63ecc7d50" executionId="9cd3ccfc-11c9-4e52-8b09-16d7f24ceb0a" testListId="8c84fa94-04c1-424b-9868-57a2d4851a1d" />
    <TestEntry testId="4a5ccd91-8853-f0cc-c6d0-af1603a36ab2" executionId="46ecb7f6-ac5e-479b-b590-795d7e8872d9" testListId="8c84fa94-04c1-424b-9868-57a2d4851a1d" />
    <TestEntry testId="4c1abec7-91f0-7672-2e0f-302cf26fbd1a" executionId="f7bed755-5e3d-4061-aeef-07484a6af0cd" testListId="8c84fa94-04c1-424b-9868-57a2d4851a1d" />
    <TestEntry testId="4c6a72c8-f168-62bf-d7c0-83140d0efec5" executionId="4f17a487-94b8-4d77-b38a-687c605db7d7" testListId="8c84fa94-04c1-424b-9868-57a2d4851a1d" />
    <TestEntry testId="4c766330-2a1a-c11f-5958-fa0e45c2a866" executionId="b0e4cf68-8659-4ced-aee8-500c11869680" testListId="8c84fa94-04c1-424b-9868-57a2d4851a1d" />
    <TestEntry testId="4d41008a-7d5b-c195-89ca-25e2bba2803d" executionId="0c1c8bc9-1c6d-4ae9-a384-cc7017581cf7" testListId="8c84fa94-04c1-424b-9868-57a2d4851a1d" />
    <TestEntry testId="4f308a7f-5339-1197-c196-e8c2a3294cdb" executionId="6a756ff1-e326-48b3-a286-684e342b3427" testListId="8c84fa94-04c1-424b-9868-57a2d4851a1d" />
    <TestEntry testId="4fbb91c1-c965-1543-022c-12856d2ae5ad" executionId="c539c752-8232-45f3-ac3e-19c0ef723305" testListId="8c84fa94-04c1-424b-9868-57a2d4851a1d" />
    <TestEntry testId="51819a1f-c4ce-ae98-f248-c4cc70983131" executionId="a4148fe0-4897-4bca-bcc3-ea5a56956506" testListId="8c84fa94-04c1-424b-9868-57a2d4851a1d" />
    <TestEntry testId="52bb5c10-8020-64c9-2ecd-899322f38be6" executionId="3cf00e7d-7e51-45c2-83ac-ac42bbd16541" testListId="8c84fa94-04c1-424b-9868-57a2d4851a1d" />
    <TestEntry testId="530e9426-a117-1e44-3c23-eb9bc838bd65" executionId="781d99fa-964d-4852-ba53-22b639f050d4" testListId="8c84fa94-04c1-424b-9868-57a2d4851a1d" />
    <TestEntry testId="536b6a19-3a08-b70f-2e38-9f6c85ff083a" executionId="b950d0e1-0709-4d5a-8ae8-03ccb0b91f51" testListId="8c84fa94-04c1-424b-9868-57a2d4851a1d" />
    <TestEntry testId="53857a93-24c6-17ef-97dc-e0adc3a32915" executionId="04991f98-ae31-437c-83b9-029b4dccabe2" testListId="8c84fa94-04c1-424b-9868-57a2d4851a1d" />
    <TestEntry testId="54298867-2de1-54e3-939d-7ba756012afc" executionId="7cf2173d-23b5-4a06-8585-35ffe18e33cf" testListId="8c84fa94-04c1-424b-9868-57a2d4851a1d" />
    <TestEntry testId="54c53908-aa18-b805-dfbf-38b92f93913c" executionId="5224ab53-bf01-4a96-8e2a-370d5408a822" testListId="8c84fa94-04c1-424b-9868-57a2d4851a1d" />
    <TestEntry testId="54dfb2f2-edab-6914-c734-746381ef028e" executionId="2b6a357a-6c81-4bc6-915c-ac6cf6d20326" testListId="8c84fa94-04c1-424b-9868-57a2d4851a1d" />
    <TestEntry testId="5514446b-a7eb-a40a-85ab-240a248bba2a" executionId="79f28528-b2d3-4273-9fb9-38a31613ea46" testListId="8c84fa94-04c1-424b-9868-57a2d4851a1d" />
    <TestEntry testId="559ad5fd-9c89-3fab-e602-368a88629e35" executionId="1995c1d7-08ae-4090-a655-77fee8ad4905" testListId="8c84fa94-04c1-424b-9868-57a2d4851a1d" />
    <TestEntry testId="55e01e02-7bca-1246-be49-4c21bab190b5" executionId="50b2e256-1c45-4b93-9c81-ca6b12fa2586" testListId="8c84fa94-04c1-424b-9868-57a2d4851a1d" />
    <TestEntry testId="567a07ee-04bb-68f0-b054-7c3ac20e04d0" executionId="2374468d-d78e-48c8-9526-6f240cd6bbdd" testListId="8c84fa94-04c1-424b-9868-57a2d4851a1d" />
    <TestEntry testId="56fc1a57-6e5c-088b-8f95-88d9f697c097" executionId="4768399b-31f5-418e-ae54-2d4b8d67a71c" testListId="8c84fa94-04c1-424b-9868-57a2d4851a1d" />
    <TestEntry testId="583a3c4e-73f0-f6e0-0816-cbe45229841d" executionId="718a28d4-9390-4985-b96d-06e9ce969dcd" testListId="8c84fa94-04c1-424b-9868-57a2d4851a1d" />
    <TestEntry testId="585eea8b-8fa4-71e8-9d43-5274aef9fa35" executionId="2bc2e697-2198-416c-91c6-7bc2f11dc805" testListId="8c84fa94-04c1-424b-9868-57a2d4851a1d" />
    <TestEntry testId="59990ab9-8064-95a7-969b-da2dc269c717" executionId="676e5c6b-5929-414a-9428-69ec636c03da" testListId="8c84fa94-04c1-424b-9868-57a2d4851a1d" />
    <TestEntry testId="5aba0e57-1e97-6240-5ce7-34738ec9892e" executionId="1b9f827f-75d5-4269-9358-062ec7680be1" testListId="8c84fa94-04c1-424b-9868-57a2d4851a1d" />
    <TestEntry testId="5b905b9d-179c-2930-2f2f-ad7751aea174" executionId="2c9ff977-978b-42e1-8f92-867b520d90b3" testListId="8c84fa94-04c1-424b-9868-57a2d4851a1d" />
    <TestEntry testId="5c5adf85-1214-e9f8-047f-44815dc050b1" executionId="efd2d2f9-a7a0-4791-9673-24fa42932236" testListId="8c84fa94-04c1-424b-9868-57a2d4851a1d" />
    <TestEntry testId="5c94f4eb-6c23-cce6-4e00-2079c09ad7c7" executionId="ce400132-1bce-48d1-8ab3-6f302f7f8bef" testListId="8c84fa94-04c1-424b-9868-57a2d4851a1d" />
    <TestEntry testId="5d3e9240-0aab-ea59-1a14-d23dae50d829" executionId="846f8412-f270-45c9-b338-ad97786664f2" testListId="8c84fa94-04c1-424b-9868-57a2d4851a1d" />
    <TestEntry testId="5d4547ce-a6eb-4a5d-11b5-fd4fb3f2b4c4" executionId="a4ae2eb8-0151-4096-b9fc-aec2d8a45efc" testListId="8c84fa94-04c1-424b-9868-57a2d4851a1d" />
    <TestEntry testId="5d663026-8403-d8b3-571f-dbc623bc2b0e" executionId="837ea2d2-7c26-4eff-b10c-8af5798b2131" testListId="8c84fa94-04c1-424b-9868-57a2d4851a1d" />
    <TestEntry testId="5f0a5483-d074-35b1-500e-1196c2881235" executionId="fe3172d0-32e9-4a46-9d3b-0a439d17c8dc" testListId="8c84fa94-04c1-424b-9868-57a2d4851a1d" />
    <TestEntry testId="5f6c8af1-2825-3c27-b802-e1be0e1eeb12" executionId="218870eb-a888-46bf-9b65-00b034c1de44" testListId="8c84fa94-04c1-424b-9868-57a2d4851a1d" />
    <TestEntry testId="5fdc84ef-63cf-5a14-fe7e-7e23560c2d19" executionId="60b7af76-4914-4ae0-892e-5006dd765c5d" testListId="8c84fa94-04c1-424b-9868-57a2d4851a1d" />
    <TestEntry testId="603d3527-31ad-433b-f22d-64c8d067b62d" executionId="05c43783-36c6-4804-b92f-0e4b38e454ff" testListId="8c84fa94-04c1-424b-9868-57a2d4851a1d" />
    <TestEntry testId="619cbe95-853c-eb3c-526b-15e254b297ac" executionId="cb044f1d-6d74-4ee4-980a-dc16b95b3a46" testListId="8c84fa94-04c1-424b-9868-57a2d4851a1d" />
    <TestEntry testId="61a82769-7381-8ac4-d5a7-8e88dfdda588" executionId="98c1286e-9ca9-4dca-a93e-6aadd27dd3a2" testListId="8c84fa94-04c1-424b-9868-57a2d4851a1d" />
    <TestEntry testId="61f7685b-d775-dd59-8bb8-b9d96ff30e56" executionId="aadca690-c7a3-4234-80f0-bce5f11388f5" testListId="8c84fa94-04c1-424b-9868-57a2d4851a1d" />
    <TestEntry testId="633e6a31-e7c1-dc4e-810e-71a427cf70a8" executionId="6d463d3f-7f54-41e4-9735-67e28658b45a" testListId="8c84fa94-04c1-424b-9868-57a2d4851a1d" />
    <TestEntry testId="63d33d75-845b-94b5-c155-a4fa9c5d7359" executionId="225479c4-52e9-42ef-bba6-8ef2c2538535" testListId="8c84fa94-04c1-424b-9868-57a2d4851a1d" />
    <TestEntry testId="640310df-d648-7294-c434-32af677c30c3" executionId="3367a446-28ef-4410-8e51-9da6e651a1ac" testListId="8c84fa94-04c1-424b-9868-57a2d4851a1d" />
    <TestEntry testId="644c941d-d40b-5655-7852-107ffef9acae" executionId="0467305f-cfbe-41a0-8c6d-327b55d8eba0" testListId="8c84fa94-04c1-424b-9868-57a2d4851a1d" />
    <TestEntry testId="65cd41cd-3590-8447-2d3a-ee7f389d323c" executionId="44edfefe-a47e-4610-a5b3-9f6f69de4065" testListId="8c84fa94-04c1-424b-9868-57a2d4851a1d" />
    <TestEntry testId="69d4fcec-3787-b518-9138-fc65c3d09ecc" executionId="1537fde5-e42e-4d48-94b1-d69df6f0da2c" testListId="8c84fa94-04c1-424b-9868-57a2d4851a1d" />
    <TestEntry testId="6a1f2a29-ccc8-fc38-2175-50dd5959bbb5" executionId="53672acb-41e3-4f32-8c89-97bd93ffe736" testListId="8c84fa94-04c1-424b-9868-57a2d4851a1d" />
    <TestEntry testId="6b5ea87c-ca8e-cd07-2a54-53cd363577f8" executionId="e8c51bcc-a267-4451-95a5-aa5915c552f5" testListId="8c84fa94-04c1-424b-9868-57a2d4851a1d" />
    <TestEntry testId="6e33d2cd-b750-0799-4e58-46b5850c6cde" executionId="9f956429-26af-4e5e-bae3-e81b10dd4517" testListId="8c84fa94-04c1-424b-9868-57a2d4851a1d" />
    <TestEntry testId="6e8b504e-1179-c8e0-b7f7-d2e7e3a8ccae" executionId="05ac7dde-32cd-4297-89f9-646eca00541f" testListId="8c84fa94-04c1-424b-9868-57a2d4851a1d" />
    <TestEntry testId="6ea29e89-2e15-126e-eecf-3f7b211c52eb" executionId="5be9528b-f2f7-4f64-9226-b7f6aea299e8" testListId="8c84fa94-04c1-424b-9868-57a2d4851a1d" />
    <TestEntry testId="6f205f53-5c1d-2d23-0592-7823ba18d3aa" executionId="b0141db1-3f54-40e0-9153-8c1f65038e35" testListId="8c84fa94-04c1-424b-9868-57a2d4851a1d" />
    <TestEntry testId="6fb9b650-50a8-89e9-0d35-3a3dc4939152" executionId="0b9d2e88-2bf1-4f52-b2a4-e343d2db10ea" testListId="8c84fa94-04c1-424b-9868-57a2d4851a1d" />
    <TestEntry testId="7068f11c-cf82-d38d-0f16-16dd9f7c090f" executionId="620bc88c-9d07-48c3-aceb-4ec9cc517b56" testListId="8c84fa94-04c1-424b-9868-57a2d4851a1d" />
    <TestEntry testId="70ecef07-25d9-9298-9faa-26825e270b46" executionId="8dba2ba6-2ca0-4af7-9627-dc5a0841f270" testListId="8c84fa94-04c1-424b-9868-57a2d4851a1d" />
    <TestEntry testId="71153c10-625e-eee7-0105-ad1f18f9fb72" executionId="ddd60455-87a7-435c-aaf5-3f2e79878ec7" testListId="8c84fa94-04c1-424b-9868-57a2d4851a1d" />
    <TestEntry testId="71a360e3-d81d-a30a-382f-721ef096f5b1" executionId="0d7c0d78-d333-41ad-8397-2e1a74867590" testListId="8c84fa94-04c1-424b-9868-57a2d4851a1d" />
    <TestEntry testId="7206ff03-56a7-ec6c-ffc0-c8679263faa3" executionId="64bca178-cefc-4cbc-98d7-fc3ddacc4a13" testListId="8c84fa94-04c1-424b-9868-57a2d4851a1d" />
    <TestEntry testId="72d5e817-798e-11fb-c5e1-586687370685" executionId="94d8cedf-71f8-4240-95ec-556e838030f3" testListId="8c84fa94-04c1-424b-9868-57a2d4851a1d" />
    <TestEntry testId="73dedb08-3777-9f76-6412-b3470bb8b574" executionId="109b2650-b29f-40fa-8947-af9d09ac2356" testListId="8c84fa94-04c1-424b-9868-57a2d4851a1d" />
    <TestEntry testId="76549838-3cd5-8196-8fe5-c215d6bd242f" executionId="b2dec25b-90a9-4632-993f-dd155044187a" testListId="8c84fa94-04c1-424b-9868-57a2d4851a1d" />
    <TestEntry testId="767e3845-1b47-6225-c38c-e6345e12262a" executionId="327ee001-91a5-4b95-a8db-4b83b9a6f533" testListId="8c84fa94-04c1-424b-9868-57a2d4851a1d" />
    <TestEntry testId="7743f34e-ac5f-23a3-8e8f-212222420029" executionId="5ab4115e-45ac-4d2c-94a6-6f8313abe890" testListId="8c84fa94-04c1-424b-9868-57a2d4851a1d" />
    <TestEntry testId="7838b58c-a9ae-e08a-edf4-f9593db060d6" executionId="0b0dca87-b97e-4803-b789-6e13a12ec58f" testListId="8c84fa94-04c1-424b-9868-57a2d4851a1d" />
    <TestEntry testId="787c2aca-5007-7e56-5e10-28020b3be468" executionId="90e9332c-a119-47be-8fdf-997441fcdebd" testListId="8c84fa94-04c1-424b-9868-57a2d4851a1d" />
    <TestEntry testId="7896ac03-38fd-b99c-d27e-6cbd208a3f1e" executionId="984d60a6-37f2-4902-ba0c-a53191dfa13b" testListId="8c84fa94-04c1-424b-9868-57a2d4851a1d" />
    <TestEntry testId="78cde1d7-dc20-60c9-ac3e-224ced9a536f" executionId="23b74cdc-8397-4487-8b3c-fdc51e8f94dc" testListId="8c84fa94-04c1-424b-9868-57a2d4851a1d" />
    <TestEntry testId="7a9400e0-6f1a-74cc-aaf2-4e620d01eac4" executionId="b47600b7-b6a8-43fc-83c3-da561258d7ee" testListId="8c84fa94-04c1-424b-9868-57a2d4851a1d" />
    <TestEntry testId="7a965cd2-e1cf-8636-b94b-9bb1e4688fd0" executionId="28b7e2af-b406-43ea-a1fe-e70d7599fde6" testListId="8c84fa94-04c1-424b-9868-57a2d4851a1d" />
    <TestEntry testId="7a9b0937-239f-a7cc-e1fc-09bbc3508e89" executionId="8cbf6939-9592-46f3-8233-95c69b609a14" testListId="8c84fa94-04c1-424b-9868-57a2d4851a1d" />
    <TestEntry testId="7acd9860-9837-fbe5-5425-b774d050444a" executionId="eca12475-7852-4392-903f-98b698e4d1cb" testListId="8c84fa94-04c1-424b-9868-57a2d4851a1d" />
    <TestEntry testId="7ba074f7-37b4-86ab-f897-639c59c7afb2" executionId="82c04aa7-9caa-4f15-97e4-858fd35fd63a" testListId="8c84fa94-04c1-424b-9868-57a2d4851a1d" />
    <TestEntry testId="7c50cc41-afad-5d78-8e16-c7b6d605577a" executionId="ba47e0c6-afc6-4fae-8e3f-7477fc75f62b" testListId="8c84fa94-04c1-424b-9868-57a2d4851a1d" />
    <TestEntry testId="7d85dd6d-e955-0c88-df95-d36cadd3d7ff" executionId="eceecb31-94a8-488d-aba4-e9c086383ad0" testListId="8c84fa94-04c1-424b-9868-57a2d4851a1d" />
    <TestEntry testId="7edd5b56-0f03-8716-c3c8-130b2e422ca5" executionId="d58f6a32-04fb-4ea8-8321-889b98d5dfd1" testListId="8c84fa94-04c1-424b-9868-57a2d4851a1d" />
    <TestEntry testId="7f5b067d-004d-00c6-05f1-6ba4459536c9" executionId="7d07f12e-8c88-48bf-beae-f7a3eef8fb8a" testListId="8c84fa94-04c1-424b-9868-57a2d4851a1d" />
    <TestEntry testId="7f627b84-c634-6195-b636-ad9c00404c56" executionId="24f22a7f-49f1-4f72-b26e-4cbadc9206b1" testListId="8c84fa94-04c1-424b-9868-57a2d4851a1d" />
    <TestEntry testId="80003646-df99-feba-93b2-6a809b884bf6" executionId="9bdb6a22-7f6f-434d-815f-f9f74c3d75d9" testListId="8c84fa94-04c1-424b-9868-57a2d4851a1d" />
    <TestEntry testId="8076c83d-2717-5964-7e9d-50cc5e2706b9" executionId="7e85fd81-add7-4043-ba0d-816a3ce61d2f" testListId="8c84fa94-04c1-424b-9868-57a2d4851a1d" />
    <TestEntry testId="808822f6-9c85-0a33-f1f9-4d64c79fb975" executionId="de73010f-b171-4529-b8d9-791d04bbe349" testListId="8c84fa94-04c1-424b-9868-57a2d4851a1d" />
    <TestEntry testId="80c446f8-daa9-dd90-7ba0-f56b79877aec" executionId="ec23fd33-5293-4d4d-996e-1f164fb127ac" testListId="8c84fa94-04c1-424b-9868-57a2d4851a1d" />
    <TestEntry testId="81ae6575-42cf-3ee5-249e-6da4cf14831c" executionId="a310941a-81fb-43a6-b5db-f09999f4c959" testListId="8c84fa94-04c1-424b-9868-57a2d4851a1d" />
    <TestEntry testId="81c4858e-2ab2-b121-25c5-9c96ee04a442" executionId="a9b9db9e-5caf-4046-a2f8-69389442e859" testListId="8c84fa94-04c1-424b-9868-57a2d4851a1d" />
    <TestEntry testId="83b2b843-a328-2103-e83d-4b3241d960cd" executionId="d9234092-6780-42ae-998e-6b147992c271" testListId="8c84fa94-04c1-424b-9868-57a2d4851a1d" />
    <TestEntry testId="8449ab5e-c7c8-6deb-cb03-833888a032c6" executionId="42412333-64b5-497e-b7cf-d4397eacef9b" testListId="8c84fa94-04c1-424b-9868-57a2d4851a1d" />
    <TestEntry testId="84a133d0-001f-a986-72f9-cc05e5f25751" executionId="30cf1fe5-5282-4355-807d-adbfc3f79d50" testListId="8c84fa94-04c1-424b-9868-57a2d4851a1d" />
    <TestEntry testId="850912a6-5065-5531-7451-3014a79cee54" executionId="a91d8b26-d131-47fe-a0da-c6380d8de2ab" testListId="8c84fa94-04c1-424b-9868-57a2d4851a1d" />
    <TestEntry testId="86a0d6ba-240b-81ef-7612-a91dd0bac5dd" executionId="29cb6da3-539f-4a2c-9b60-47bfc54b7a04" testListId="8c84fa94-04c1-424b-9868-57a2d4851a1d" />
    <TestEntry testId="86c02588-b87f-32bd-880b-56b0d73c1993" executionId="c289a1db-bd58-466a-8d8a-d95b16b259fe" testListId="8c84fa94-04c1-424b-9868-57a2d4851a1d" />
    <TestEntry testId="876b3f41-8b66-5cdb-8b9f-ad4f6f6688fd" executionId="f3de476b-2ac5-4520-a261-6bc8c94d2a69" testListId="8c84fa94-04c1-424b-9868-57a2d4851a1d" />
    <TestEntry testId="8795f817-2bb9-9d00-f981-a3a8a2b7335e" executionId="39db95b0-9d18-43a1-8bd8-b117616b92cb" testListId="8c84fa94-04c1-424b-9868-57a2d4851a1d" />
    <TestEntry testId="87e43b2d-037f-c02a-4ec1-bb30b85b838b" executionId="c5d8a9d6-fa73-4ecf-887c-4e3aa511e4bd" testListId="8c84fa94-04c1-424b-9868-57a2d4851a1d" />
    <TestEntry testId="892a3b87-6eb6-1cb1-2f32-1bd29fed6734" executionId="a2843734-38f2-43cc-bfa4-2fb06300a23d" testListId="8c84fa94-04c1-424b-9868-57a2d4851a1d" />
    <TestEntry testId="89bed9d2-b230-1858-2102-76e62b11adeb" executionId="33dd3c12-3f1a-4382-bf3b-0b2e48bcd3f9" testListId="8c84fa94-04c1-424b-9868-57a2d4851a1d" />
    <TestEntry testId="8a248c8c-38d6-117a-cb08-bb2fddeae117" executionId="dcfd5226-0e07-418a-a21b-6f74e636d8e7" testListId="8c84fa94-04c1-424b-9868-57a2d4851a1d" />
    <TestEntry testId="8a89149d-fc38-f8c9-1fbe-1bd1d7237593" executionId="c01c19b3-a09b-4f0d-8183-65228d353154" testListId="8c84fa94-04c1-424b-9868-57a2d4851a1d" />
    <TestEntry testId="8d13964e-5c5a-1ee4-b9d1-2f111aabda85" executionId="df2522a1-3f33-48e6-bd60-3c7c53f31c7a" testListId="8c84fa94-04c1-424b-9868-57a2d4851a1d" />
    <TestEntry testId="8dec4c0d-9137-8bca-e823-6edddad67b2a" executionId="3e3bb9a5-5d6e-498c-aa90-a5c6c9a228a6" testListId="8c84fa94-04c1-424b-9868-57a2d4851a1d" />
    <TestEntry testId="8f15350a-b612-7c9b-89ff-1e54a29d9340" executionId="4be19052-6276-4e2e-a744-58fc5bd84b1a" testListId="8c84fa94-04c1-424b-9868-57a2d4851a1d" />
    <TestEntry testId="8f214c0c-af12-b9fb-ae32-e2f0e522a10f" executionId="df240c0a-4203-4c6f-94d2-5604edef2893" testListId="8c84fa94-04c1-424b-9868-57a2d4851a1d" />
    <TestEntry testId="8f949d67-2000-ad4f-76a8-a640e3b0f2ea" executionId="50870a5f-75d4-40b6-be15-ca2e0b6c03b4" testListId="8c84fa94-04c1-424b-9868-57a2d4851a1d" />
    <TestEntry testId="8fa3fd2f-ba25-de78-c47b-e00d25c74cb6" executionId="7c21431b-3aaa-4629-8c79-10b6b7caa9d6" testListId="8c84fa94-04c1-424b-9868-57a2d4851a1d" />
    <TestEntry testId="8fabe6be-0a48-74a9-97ec-54d046e764bc" executionId="712d854a-a187-41f2-adad-d2463e2e1f5f" testListId="8c84fa94-04c1-424b-9868-57a2d4851a1d" />
    <TestEntry testId="90427aa6-8cf4-b956-2b3f-9546b7107ae7" executionId="4cd8496b-4718-4ebc-9f58-42744a3b9c7f" testListId="8c84fa94-04c1-424b-9868-57a2d4851a1d" />
    <TestEntry testId="91ad74e2-7f98-39c5-b2ac-d6979eb1e521" executionId="d67d9923-d04e-4f14-b972-81963357bc27" testListId="8c84fa94-04c1-424b-9868-57a2d4851a1d" />
    <TestEntry testId="920395ef-4d81-2796-a8e3-57b62c679836" executionId="c0db2511-0b99-4e9c-b037-3398570db09c" testListId="8c84fa94-04c1-424b-9868-57a2d4851a1d" />
    <TestEntry testId="92c796c7-6140-7467-0f72-263f4de0d5fd" executionId="dd985065-061f-4e24-899d-c85764517873" testListId="8c84fa94-04c1-424b-9868-57a2d4851a1d" />
    <TestEntry testId="92caeb3a-566c-6fce-a8ab-3dccc358efd9" executionId="8028d2c9-adfc-4c34-ab26-26f03f4a5bcc" testListId="8c84fa94-04c1-424b-9868-57a2d4851a1d" />
    <TestEntry testId="93237b41-2edc-1e5e-efe4-c865b1af2b62" executionId="393242b3-d99d-4695-bcfc-d67f7aa6d15c" testListId="8c84fa94-04c1-424b-9868-57a2d4851a1d" />
    <TestEntry testId="93882b4b-b43e-315e-5540-34512bfc71a7" executionId="e52db173-15b9-4d5c-b8c5-5fe965e6e0c9" testListId="8c84fa94-04c1-424b-9868-57a2d4851a1d" />
    <TestEntry testId="94035d88-ed3c-a1c6-5571-0e7a52145b86" executionId="c8c711ab-d967-46eb-9590-14117f27e9d0" testListId="8c84fa94-04c1-424b-9868-57a2d4851a1d" />
    <TestEntry testId="95816ce1-0531-2f11-d3d8-9f96ac610bcc" executionId="f54c151b-d3a8-4b7a-ac29-1740cf602a23" testListId="8c84fa94-04c1-424b-9868-57a2d4851a1d" />
    <TestEntry testId="9611d5ba-c78e-b7b6-592f-64194d91b456" executionId="9eca7c14-4562-4271-95b1-74aa81e85278" testListId="8c84fa94-04c1-424b-9868-57a2d4851a1d" />
    <TestEntry testId="966b1426-163f-7f22-4eab-268da60e78c2" executionId="73b3e599-9c41-4608-8416-3f82b140c067" testListId="8c84fa94-04c1-424b-9868-57a2d4851a1d" />
    <TestEntry testId="97102229-37fa-e978-ffae-7fd4c7300f98" executionId="f0ee6630-745d-4cd4-98db-f54665094492" testListId="8c84fa94-04c1-424b-9868-57a2d4851a1d" />
    <TestEntry testId="97495e35-0952-692a-91b0-3d721dc574e4" executionId="425b013e-6c46-447a-a550-f5d33a122a7d" testListId="8c84fa94-04c1-424b-9868-57a2d4851a1d" />
    <TestEntry testId="976d989e-cf59-5cea-2b30-323b52da07dc" executionId="c7aa37c2-61c9-4b2f-bfb1-86a7440d129b" testListId="8c84fa94-04c1-424b-9868-57a2d4851a1d" />
    <TestEntry testId="990a1706-3c38-5c79-dd26-6bf2a85de470" executionId="6082950e-680d-453e-92f2-cfc945ae466a" testListId="8c84fa94-04c1-424b-9868-57a2d4851a1d" />
    <TestEntry testId="9a12b8c7-dd2a-27a8-8e5c-846cf91e7a67" executionId="6a671f3e-b1f6-4ac4-8da5-c99b765d3c8e" testListId="8c84fa94-04c1-424b-9868-57a2d4851a1d" />
    <TestEntry testId="9b2baef8-8cea-f431-96b6-95e1ddfaf4a9" executionId="32f4ac14-961e-4378-b3af-2d8c79074e12" testListId="8c84fa94-04c1-424b-9868-57a2d4851a1d" />
    <TestEntry testId="9bfa0b14-def6-4233-8f09-efbae74ca192" executionId="27b446aa-7b84-47d7-a4f3-555f00d12243" testListId="8c84fa94-04c1-424b-9868-57a2d4851a1d" />
    <TestEntry testId="9d4922e1-95bb-cc07-dd59-02aa21bc0c9d" executionId="0af24d06-c930-4180-a7ee-a6a8b44c88aa" testListId="8c84fa94-04c1-424b-9868-57a2d4851a1d" />
    <TestEntry testId="9e14e25f-07a5-efe4-0506-4f19b4be256b" executionId="7beaf070-aca5-4ee6-8278-916c7ef2f289" testListId="8c84fa94-04c1-424b-9868-57a2d4851a1d" />
    <TestEntry testId="9e62e436-d347-f0d4-fadd-560760980b01" executionId="07f78984-eef3-4463-b557-72266a3471b9" testListId="8c84fa94-04c1-424b-9868-57a2d4851a1d" />
    <TestEntry testId="9ed7c416-1a7b-4673-195d-ca2e196d2a2e" executionId="59c5dde6-7c4b-48dc-9dd3-cb5340c78929" testListId="8c84fa94-04c1-424b-9868-57a2d4851a1d" />
    <TestEntry testId="9f8161de-d8d9-0a40-2ccf-5f45a6d4b367" executionId="89ec1aa0-4752-418d-a7e0-5b250fcad691" testListId="8c84fa94-04c1-424b-9868-57a2d4851a1d" />
    <TestEntry testId="a1e0f884-6f4f-6b96-6595-df107952cc43" executionId="e033c211-78f2-44d6-b424-a99a85b37dee" testListId="8c84fa94-04c1-424b-9868-57a2d4851a1d" />
    <TestEntry testId="a45582f8-3825-adac-44bf-8fa9e3381e89" executionId="06193b99-ded3-4534-9058-f18af2621ccb" testListId="8c84fa94-04c1-424b-9868-57a2d4851a1d" />
    <TestEntry testId="a5017919-7828-b52a-3fcf-0e88954eb83a" executionId="3cdd3ac0-b830-4005-bbb0-cd519a3737ee" testListId="8c84fa94-04c1-424b-9868-57a2d4851a1d" />
    <TestEntry testId="a5088dbd-9f6a-bb83-e64a-07cfd5052c81" executionId="df70b5c5-50dc-4b43-98d7-6b5e50ab3099" testListId="8c84fa94-04c1-424b-9868-57a2d4851a1d" />
    <TestEntry testId="a51caca7-6a0e-8bea-fb89-3104ddb0e38a" executionId="f8960a42-be34-40e8-ae2f-8f03b6915554" testListId="8c84fa94-04c1-424b-9868-57a2d4851a1d" />
    <TestEntry testId="a56170ce-b399-e27e-e213-58e00eb4c436" executionId="27e8e8b7-d637-438d-b456-e89a769b015e" testListId="8c84fa94-04c1-424b-9868-57a2d4851a1d" />
    <TestEntry testId="a5cd160e-17d6-fbbc-87f0-05f243caef08" executionId="b0ca9a51-068b-496d-b856-ef6c713f6bb7" testListId="8c84fa94-04c1-424b-9868-57a2d4851a1d" />
    <TestEntry testId="a5e95aa9-bc38-31cc-9093-9339a7e10a1b" executionId="e40cb663-4170-45b6-bcae-35a63a5a7f66" testListId="8c84fa94-04c1-424b-9868-57a2d4851a1d" />
    <TestEntry testId="a65b5eab-4121-901b-449c-fc9aba07d07b" executionId="c97e0bd9-8ed3-47a8-8746-cb65d6a05148" testListId="8c84fa94-04c1-424b-9868-57a2d4851a1d" />
    <TestEntry testId="a9c998c1-d601-9d48-a5aa-e5458f5ccef5" executionId="454bfec7-7f5f-49bb-ad3d-ebcd2cb4e1b5" testListId="8c84fa94-04c1-424b-9868-57a2d4851a1d" />
    <TestEntry testId="aa951c3d-ee4a-9ede-aac2-7e390167d171" executionId="f6ab1704-4cbf-4ed4-8891-8140d7d6e028" testListId="8c84fa94-04c1-424b-9868-57a2d4851a1d" />
    <TestEntry testId="aaf3c258-db99-aef3-b307-c0f8c95577a9" executionId="bcea7b5b-ff28-48d0-b9d9-a6ce54b5c768" testListId="8c84fa94-04c1-424b-9868-57a2d4851a1d" />
    <TestEntry testId="ab328c1b-fd51-1dad-6b49-0a3734c2c2e7" executionId="73fb0b68-8e0d-4a74-ba53-20f48680c0d2" testListId="8c84fa94-04c1-424b-9868-57a2d4851a1d" />
    <TestEntry testId="ab4705e8-14a4-6e9f-baf9-e3d238e84cf8" executionId="e345e7c3-c6b1-4357-a409-0f72e03d85f9" testListId="8c84fa94-04c1-424b-9868-57a2d4851a1d" />
    <TestEntry testId="ab8ea52f-3bbb-7d59-5174-ec7db8071eb4" executionId="fd00cbb9-cdcf-4e4f-82b3-8cf341a0a385" testListId="8c84fa94-04c1-424b-9868-57a2d4851a1d" />
    <TestEntry testId="af3c2eea-1341-4d08-8112-791e701a0e4e" executionId="3bb81bd5-e7e8-4418-b58f-ce4ec747eec4" testListId="8c84fa94-04c1-424b-9868-57a2d4851a1d" />
    <TestEntry testId="b03d2b82-a5f5-4a0a-521f-fd9e431b28da" executionId="7d14acf6-ecea-482a-b701-7f15743cf31f" testListId="8c84fa94-04c1-424b-9868-57a2d4851a1d" />
    <TestEntry testId="b086ebe0-6bb0-f4b4-2d74-97b1a10dd517" executionId="8c161b3e-2d90-4b90-a76a-b24ffee64b4f" testListId="8c84fa94-04c1-424b-9868-57a2d4851a1d" />
    <TestEntry testId="b1e8fb4c-7380-ad76-529d-dbdac5528194" executionId="055ddad0-c547-420f-a932-9b1597e6d19c" testListId="8c84fa94-04c1-424b-9868-57a2d4851a1d" />
    <TestEntry testId="b20907a7-3144-45e5-c78a-5e9a4f58d7c0" executionId="868e772b-36fd-4255-b856-58c0bf4da439" testListId="8c84fa94-04c1-424b-9868-57a2d4851a1d" />
    <TestEntry testId="b2aadfc0-b55c-fa15-a9e1-9405ae9a9cc7" executionId="8e7c9d10-7483-4354-8545-3c95c76cc3f2" testListId="8c84fa94-04c1-424b-9868-57a2d4851a1d" />
    <TestEntry testId="b2c4141e-1dfd-f110-5623-435719fb340e" executionId="80312073-ff00-4088-b4f3-dab9bbfa075d" testListId="8c84fa94-04c1-424b-9868-57a2d4851a1d" />
    <TestEntry testId="b2f30ec3-5e04-5411-1ff4-09fa134b1c9b" executionId="735a5dd7-c355-4e04-94df-34d3e4bba693" testListId="8c84fa94-04c1-424b-9868-57a2d4851a1d" />
    <TestEntry testId="b30e4a1d-f330-da4d-3e81-5c536003275c" executionId="b1c06e82-4267-4272-b456-a6a1be71bbf9" testListId="8c84fa94-04c1-424b-9868-57a2d4851a1d" />
    <TestEntry testId="b32008e9-7a6b-e8be-077f-aa699d6cced0" executionId="df7c5f77-8bb7-415e-bc4d-609768cb6782" testListId="8c84fa94-04c1-424b-9868-57a2d4851a1d" />
    <TestEntry testId="b43d3839-897a-8359-f8af-bc2aa0d853ca" executionId="252f22e1-aae1-49ae-ad05-2b48411ae02d" testListId="8c84fa94-04c1-424b-9868-57a2d4851a1d" />
    <TestEntry testId="b51e8365-ff64-84bf-89d7-6e6cedcc3dbf" executionId="04c59a0e-54dd-4071-8b4e-c08e592dae8b" testListId="8c84fa94-04c1-424b-9868-57a2d4851a1d" />
    <TestEntry testId="b56ad954-f39f-415d-b4cd-5cf900faebf0" executionId="0482e5d0-922c-45ed-a2a4-7a9b69430af9" testListId="8c84fa94-04c1-424b-9868-57a2d4851a1d" />
    <TestEntry testId="b6dfae7d-5cf1-2d64-17e8-8a5ce5813218" executionId="b8f2014a-14fd-4109-bf3b-e22083c5a701" testListId="8c84fa94-04c1-424b-9868-57a2d4851a1d" />
    <TestEntry testId="b70adbd0-590e-daec-704e-6b8d2f1eef4b" executionId="d753d923-5517-4491-a494-6ad8f7eb312a" testListId="8c84fa94-04c1-424b-9868-57a2d4851a1d" />
    <TestEntry testId="b70d24a9-e4cc-d879-39c7-bc30de9e70ab" executionId="47a31827-71bc-43fd-8ec5-99597c4cd62d" testListId="8c84fa94-04c1-424b-9868-57a2d4851a1d" />
    <TestEntry testId="b74830d0-a6ce-14b6-0d35-7c2e849267f3" executionId="f3f3201d-0ca8-4a04-9e01-5a3790ef3e32" testListId="8c84fa94-04c1-424b-9868-57a2d4851a1d" />
    <TestEntry testId="b81ff0f8-4bd4-95ca-3a1e-ebf2dd6ff95a" executionId="b1347956-ca26-45ac-99c2-b51495cc284a" testListId="8c84fa94-04c1-424b-9868-57a2d4851a1d" />
    <TestEntry testId="b82459f8-9193-4181-e1c2-7a58eee94293" executionId="68b1de26-7d18-4cd0-b0f9-3506d0010949" testListId="8c84fa94-04c1-424b-9868-57a2d4851a1d" />
    <TestEntry testId="b8e531ca-ec94-5331-cc83-d2332ab01f85" executionId="d0e22248-24b4-4b0d-a745-fdbab864c54c" testListId="8c84fa94-04c1-424b-9868-57a2d4851a1d" />
    <TestEntry testId="b99ec452-b626-078c-5efb-2041d6f255c4" executionId="886c2b5a-0276-4c43-8730-68d48a3cd904" testListId="8c84fa94-04c1-424b-9868-57a2d4851a1d" />
    <TestEntry testId="ba4ad856-2aca-f1cb-f1f3-4abe5647b176" executionId="95b79d70-5f97-4e07-8759-f435903537d8" testListId="8c84fa94-04c1-424b-9868-57a2d4851a1d" />
    <TestEntry testId="ba655519-84b5-616e-0933-0bcd320e888d" executionId="81e1df30-7198-42b0-9d95-5cf02c1a6476" testListId="8c84fa94-04c1-424b-9868-57a2d4851a1d" />
    <TestEntry testId="baf4ce3c-1fc7-efc9-3438-7f66d5c18bcf" executionId="a037181f-30da-4f42-97ec-88f965431610" testListId="8c84fa94-04c1-424b-9868-57a2d4851a1d" />
    <TestEntry testId="bbc45056-7304-0cf8-18ec-0f56b7abf591" executionId="91c3ba2f-fe75-421e-a7a9-5f85a3e835fa" testListId="8c84fa94-04c1-424b-9868-57a2d4851a1d" />
    <TestEntry testId="bbe65d68-71ba-72ec-21d1-a0b54bdef612" executionId="81dfc9e9-b40f-4a16-99b3-bc4cdd6394b4" testListId="8c84fa94-04c1-424b-9868-57a2d4851a1d" />
    <TestEntry testId="bd00057e-88b2-1e9c-846b-ed190ddc5717" executionId="246994d9-a1b4-488e-9f35-0bbe35799f2e" testListId="8c84fa94-04c1-424b-9868-57a2d4851a1d" />
    <TestEntry testId="bdf76499-e0f6-3d7b-4432-982ba6c3b223" executionId="eff39ec8-a88b-4a88-9791-93b963c14c4b" testListId="8c84fa94-04c1-424b-9868-57a2d4851a1d" />
    <TestEntry testId="be4a640d-264d-b6fa-ba99-6f190c20c0bb" executionId="4bdafb2b-5e6a-4d80-b329-54f471502cfc" testListId="8c84fa94-04c1-424b-9868-57a2d4851a1d" />
    <TestEntry testId="be5f5722-e49c-2552-3b23-55e7eba52bdb" executionId="a592d117-a95c-47d2-84b0-c0433b9e07de" testListId="8c84fa94-04c1-424b-9868-57a2d4851a1d" />
    <TestEntry testId="be772578-3bd6-fe1e-69ad-baa513f62b0b" executionId="c31e8241-1c03-4264-b59d-603c19eb37fd" testListId="8c84fa94-04c1-424b-9868-57a2d4851a1d" />
    <TestEntry testId="bf4b4d8f-a9c5-278f-9d0c-4140566dfe7e" executionId="32bf9fb8-ab40-402a-980d-ce3fbbb6befc" testListId="8c84fa94-04c1-424b-9868-57a2d4851a1d" />
    <TestEntry testId="bff4cadd-4f1c-2dc8-fd6c-9d55b780efae" executionId="e2623a9b-f48d-484f-8045-9e75787faaf9" testListId="8c84fa94-04c1-424b-9868-57a2d4851a1d" />
    <TestEntry testId="c0b049d8-5af1-212d-f646-b9a7aa76e7aa" executionId="1a4db9ae-b759-4f37-9508-86d267c22763" testListId="8c84fa94-04c1-424b-9868-57a2d4851a1d" />
    <TestEntry testId="c120e67a-ca3d-ad4a-6e13-a8ac39d90a59" executionId="85b80f15-a8f8-4ecd-bd65-ffe770d1a60b" testListId="8c84fa94-04c1-424b-9868-57a2d4851a1d" />
    <TestEntry testId="c1838d98-ca12-2824-62bc-37efa629a0f1" executionId="faa589a8-95d1-4ad5-b81c-f23ca4b65198" testListId="8c84fa94-04c1-424b-9868-57a2d4851a1d" />
    <TestEntry testId="c2a16b22-9983-ed58-4351-7fd3ef453798" executionId="3778cf05-9f07-4208-9de6-499db934df39" testListId="8c84fa94-04c1-424b-9868-57a2d4851a1d" />
    <TestEntry testId="c35eb805-49e5-7d06-b69d-ba684aaa6791" executionId="b78b86b7-1e44-43b5-8682-0ff5270d8c1f" testListId="8c84fa94-04c1-424b-9868-57a2d4851a1d" />
    <TestEntry testId="c3a5f774-5c25-7fa7-593c-10a98b5db768" executionId="5b85dcac-a3ec-4090-89d7-14b2a2d0e5bf" testListId="8c84fa94-04c1-424b-9868-57a2d4851a1d" />
    <TestEntry testId="c3abe281-9f8b-f567-4c3c-8146a5220784" executionId="75335a9f-4a2b-47a1-be8f-05a61a0e8b81" testListId="8c84fa94-04c1-424b-9868-57a2d4851a1d" />
    <TestEntry testId="c3b85211-1b55-61c6-8d42-782c04048184" executionId="c7fb4885-1ceb-4a54-8f64-7203f3e7e0f6" testListId="8c84fa94-04c1-424b-9868-57a2d4851a1d" />
    <TestEntry testId="c3d74631-4198-0bf7-31b4-c57e4e43d97c" executionId="d890bae1-c56f-4e41-9cfc-08757811f28c" testListId="8c84fa94-04c1-424b-9868-57a2d4851a1d" />
    <TestEntry testId="c3e8dcc2-bac7-2a0c-9c06-8dc4838145f3" executionId="926ec8bb-2037-4c67-9337-69059b2d4469" testListId="8c84fa94-04c1-424b-9868-57a2d4851a1d" />
    <TestEntry testId="c3ee02a5-293b-7ff9-c709-98157fa3a3be" executionId="faff36a1-799a-4d53-9b2b-941191dac533" testListId="8c84fa94-04c1-424b-9868-57a2d4851a1d" />
    <TestEntry testId="c441e89e-f895-2b6d-e75c-6ac07c647d62" executionId="e2777478-2ecb-464e-888f-613dbea8364e" testListId="8c84fa94-04c1-424b-9868-57a2d4851a1d" />
    <TestEntry testId="c4c6dbc5-8988-fc78-6c24-cd9bba7d228f" executionId="969ecf54-3150-4df0-8086-5234483a7342" testListId="8c84fa94-04c1-424b-9868-57a2d4851a1d" />
    <TestEntry testId="c5e910ca-b0f3-fe99-9027-8d0c98206539" executionId="857906d3-37ff-4d76-b58c-3a45b688e332" testListId="8c84fa94-04c1-424b-9868-57a2d4851a1d" />
    <TestEntry testId="c6e56d30-e4b1-0266-4be4-81fd81816d37" executionId="e4b4bf53-23d0-448d-9816-4d8884ecbbb1" testListId="8c84fa94-04c1-424b-9868-57a2d4851a1d" />
    <TestEntry testId="c764531a-8b43-978a-82fa-64e183192f81" executionId="ccb233bb-4489-4890-9e22-70704b21ecc4" testListId="8c84fa94-04c1-424b-9868-57a2d4851a1d" />
    <TestEntry testId="c80221bd-ca0a-aa23-6b81-2ed5f20f8d5f" executionId="f9a2f96d-5a2c-458d-9798-1197be4e77eb" testListId="8c84fa94-04c1-424b-9868-57a2d4851a1d" />
    <TestEntry testId="c915ebab-6006-9244-c1bb-93a0e94b6128" executionId="c8f93031-5232-4c5e-aaca-453cf1acf028" testListId="8c84fa94-04c1-424b-9868-57a2d4851a1d" />
    <TestEntry testId="cc8275a0-551e-d39e-ef08-c6785391cae1" executionId="9ecc9984-d3f4-4e8a-a88e-1c14540e0b9f" testListId="8c84fa94-04c1-424b-9868-57a2d4851a1d" />
    <TestEntry testId="cde3f8df-5511-2974-1851-e9e6d6fb436e" executionId="685c48d3-41d1-4213-8c06-9748ec2c3169" testListId="8c84fa94-04c1-424b-9868-57a2d4851a1d" />
    <TestEntry testId="cdf50321-c0eb-ddc4-0179-2919c2028903" executionId="6a3f3964-2137-4a21-82fa-89e72fb99807" testListId="8c84fa94-04c1-424b-9868-57a2d4851a1d" />
    <TestEntry testId="cf0ed431-1996-776b-ee72-64e564d77181" executionId="5e600e27-d06c-4e24-87b0-a8cda2e17add" testListId="8c84fa94-04c1-424b-9868-57a2d4851a1d" />
    <TestEntry testId="cf67e106-470b-64ee-b4ec-daf199d3db2f" executionId="bcbe1cf1-7c7b-4039-8eb7-7245455a1f1f" testListId="8c84fa94-04c1-424b-9868-57a2d4851a1d" />
    <TestEntry testId="d0140d76-78ce-58b3-2274-c95b28b0ccfb" executionId="7c3a8bfa-39c5-43b0-ae9c-5e196cb3a176" testListId="8c84fa94-04c1-424b-9868-57a2d4851a1d" />
    <TestEntry testId="d049d90a-3dba-26cb-52eb-d9fac6863bbe" executionId="4b0cf010-b5a4-4053-aeb6-b0565cd039de" testListId="8c84fa94-04c1-424b-9868-57a2d4851a1d" />
    <TestEntry testId="d11783f8-e784-d3a8-e59d-63f92290584b" executionId="4758b6ca-0f1e-4a7b-b9bf-a44e716a57ef" testListId="8c84fa94-04c1-424b-9868-57a2d4851a1d" />
    <TestEntry testId="d1244455-073f-9dfb-7627-1dfedd276854" executionId="03865dbd-e6d3-409c-9390-8700bb40ac67" testListId="8c84fa94-04c1-424b-9868-57a2d4851a1d" />
    <TestEntry testId="d2b87ca7-13bf-5225-5027-20d84a20b6c5" executionId="91d79c3c-7cf9-465d-8694-23e67ce5b3d4" testListId="8c84fa94-04c1-424b-9868-57a2d4851a1d" />
    <TestEntry testId="d400fa75-dd71-d01b-c6b4-e354835a9d50" executionId="92e46253-20c8-41cc-aa24-b4568f1405c1" testListId="8c84fa94-04c1-424b-9868-57a2d4851a1d" />
    <TestEntry testId="d5027f5f-1da1-2a25-97cf-1e7da6a062b5" executionId="281b076a-c91c-4c96-8fdb-fecb5bfbce88" testListId="8c84fa94-04c1-424b-9868-57a2d4851a1d" />
    <TestEntry testId="d547ad6e-782f-a39e-e1be-9fb7bf1da3b9" executionId="e143f4e5-c4f7-4316-83c1-071ed40f5bd8" testListId="8c84fa94-04c1-424b-9868-57a2d4851a1d" />
    <TestEntry testId="d56f2fbf-3f3e-cba1-4f8d-7b34cec35b0a" executionId="d73798e1-73ad-4c24-8ed9-4a0b8e248ee1" testListId="8c84fa94-04c1-424b-9868-57a2d4851a1d" />
    <TestEntry testId="d5c0936a-c599-0b52-ccd7-56cf32ad0c4f" executionId="0229297f-5b82-4155-a184-fe11fee6da74" testListId="8c84fa94-04c1-424b-9868-57a2d4851a1d" />
    <TestEntry testId="d654d0fa-e627-5ae5-cf4d-55765a616a3e" executionId="da80dffd-1aa0-438c-aa01-8a34eeacbad8" testListId="8c84fa94-04c1-424b-9868-57a2d4851a1d" />
    <TestEntry testId="d75bbbff-3e3e-ac68-2b4f-48cfb14f2d0a" executionId="7134cdd8-e8e6-41ae-b3c1-9daffd73d6c9" testListId="8c84fa94-04c1-424b-9868-57a2d4851a1d" />
    <TestEntry testId="d8115cf2-acd6-b8cc-aa75-b519347ccd23" executionId="38f5c7af-24e0-4c4b-8fa2-f18c97a53b84" testListId="8c84fa94-04c1-424b-9868-57a2d4851a1d" />
    <TestEntry testId="d820847a-a64d-718b-5774-4886058277c3" executionId="1bed7092-f2fc-4cf2-a1f4-ecab2076b6fa" testListId="8c84fa94-04c1-424b-9868-57a2d4851a1d" />
    <TestEntry testId="d8af0a27-8cd9-d036-917e-00672cd2689b" executionId="a91194fb-5003-45f3-a922-d426fbc0559c" testListId="8c84fa94-04c1-424b-9868-57a2d4851a1d" />
    <TestEntry testId="d97a225a-e31a-2138-2fae-7b4109b25275" executionId="61005cf2-6381-42f5-b235-ed6a21b5130b" testListId="8c84fa94-04c1-424b-9868-57a2d4851a1d" />
    <TestEntry testId="d982986f-d5cc-bb8f-d6d8-e2a54e2f4dd0" executionId="a03663b0-f8ca-46e9-94d3-5621ad26b237" testListId="8c84fa94-04c1-424b-9868-57a2d4851a1d" />
    <TestEntry testId="d9b4351c-7a62-1cab-5792-b4bc31c2d3e2" executionId="c138021d-56e3-4558-83da-fa86a5edf38d" testListId="8c84fa94-04c1-424b-9868-57a2d4851a1d" />
    <TestEntry testId="db3591dc-f825-55e5-4b39-c42cda4bfcd4" executionId="18a39c25-4fad-491c-8dde-4653be6ec7de" testListId="8c84fa94-04c1-424b-9868-57a2d4851a1d" />
    <TestEntry testId="db3b4c9b-bf56-f07b-1edd-3db630376de3" executionId="c0fb866a-494a-46ee-a9f4-c5e4b2a62406" testListId="8c84fa94-04c1-424b-9868-57a2d4851a1d" />
    <TestEntry testId="dc08494a-5655-aecb-96fc-b52817050a2a" executionId="066e5864-14be-4f24-b0b4-c971d726ea70" testListId="8c84fa94-04c1-424b-9868-57a2d4851a1d" />
    <TestEntry testId="dc78d455-e59d-ace7-23e4-df6c3ad29814" executionId="18878717-0003-4ba9-a6e1-7743f3254478" testListId="8c84fa94-04c1-424b-9868-57a2d4851a1d" />
    <TestEntry testId="de06015f-869e-46b8-4b51-8c7b049b2b96" executionId="9708487b-6e79-4e7e-8034-24463fc04b81" testListId="8c84fa94-04c1-424b-9868-57a2d4851a1d" />
    <TestEntry testId="de9d9ca9-6d6f-fece-a7ad-0d011ee5cf94" executionId="d9e3d42f-ac98-4b36-a515-90f27db9a477" testListId="8c84fa94-04c1-424b-9868-57a2d4851a1d" />
    <TestEntry testId="dfddd698-039d-4cb7-341a-94646b1b9270" executionId="5127c220-8202-4ff9-b359-9c5ffeba01fc" testListId="8c84fa94-04c1-424b-9868-57a2d4851a1d" />
    <TestEntry testId="e18cfbc3-f9cf-311e-f710-177b71a46e6d" executionId="4ddc1402-2997-4b72-be28-0294da92f25e" testListId="8c84fa94-04c1-424b-9868-57a2d4851a1d" />
    <TestEntry testId="e197bdfc-0045-603d-fd55-1b37a447bd99" executionId="973d0a9e-2dea-4971-b7b8-be8351cfd40b" testListId="8c84fa94-04c1-424b-9868-57a2d4851a1d" />
    <TestEntry testId="e2bf1cdc-50b4-47f6-3dd7-62edeb57bce2" executionId="e661459c-1736-441d-9d3b-40c7950bb916" testListId="8c84fa94-04c1-424b-9868-57a2d4851a1d" />
    <TestEntry testId="e2cc1bd6-a2a2-cb02-4b55-fe1eccb8526b" executionId="5b9b8c8a-0cf7-4e2a-b613-06cd722ec072" testListId="8c84fa94-04c1-424b-9868-57a2d4851a1d" />
    <TestEntry testId="e2ea95fb-c5c4-8579-22e2-2d857f0fee1f" executionId="416daa9e-d806-4fb4-be13-f731f155e487" testListId="8c84fa94-04c1-424b-9868-57a2d4851a1d" />
    <TestEntry testId="e30391ee-1b3b-ee9f-b02c-b47de478c33f" executionId="e5769fe4-a6f6-4182-a3a6-9fe6a66a5221" testListId="8c84fa94-04c1-424b-9868-57a2d4851a1d" />
    <TestEntry testId="e37183df-04ce-aa53-28d5-e792188a2202" executionId="de1f7b11-6158-4e4e-8484-ab9065224866" testListId="8c84fa94-04c1-424b-9868-57a2d4851a1d" />
    <TestEntry testId="e3e433dc-f656-51bd-faab-b6cc3200c3cc" executionId="ec90adc8-bce0-400e-8642-82e1c9bd673c" testListId="8c84fa94-04c1-424b-9868-57a2d4851a1d" />
    <TestEntry testId="e4451568-6212-a798-2a99-bf5d281a2d5f" executionId="5f338e1f-4e10-4c53-b599-607712d1c5ce" testListId="8c84fa94-04c1-424b-9868-57a2d4851a1d" />
    <TestEntry testId="e5750d14-09bb-ec70-127b-652a47b7dd9c" executionId="e4fe6fb9-3f95-4f81-87d4-cc9c382c205d" testListId="8c84fa94-04c1-424b-9868-57a2d4851a1d" />
    <TestEntry testId="e75a22b2-c563-8631-1997-baffb42f02e0" executionId="2e3d2c2d-7f7e-425e-b495-462d7034c567" testListId="8c84fa94-04c1-424b-9868-57a2d4851a1d" />
    <TestEntry testId="e7744f00-f1f0-3f04-ae6a-e86613496233" executionId="49213828-9649-4845-b3c9-7cc48edfeacf" testListId="8c84fa94-04c1-424b-9868-57a2d4851a1d" />
    <TestEntry testId="e77c7ab7-183b-1f93-57a3-77e0403bec4c" executionId="7d2ca08e-c9c5-496b-8cd5-4a19a562aed4" testListId="8c84fa94-04c1-424b-9868-57a2d4851a1d" />
    <TestEntry testId="e80fc0c4-2914-56fc-191b-489f27774cbc" executionId="71becb3c-3afa-4d16-9576-a1a8d50dbfb2" testListId="8c84fa94-04c1-424b-9868-57a2d4851a1d" />
    <TestEntry testId="e860bbd5-6ce1-07c3-fd03-d14cbeda5d8f" executionId="b8edf1c7-0afa-44f6-98a3-25e5ec6e1224" testListId="8c84fa94-04c1-424b-9868-57a2d4851a1d" />
    <TestEntry testId="e89c0529-2532-190e-5936-91edd9263fb1" executionId="6904ae69-e626-415f-8a37-d960b98298c8" testListId="8c84fa94-04c1-424b-9868-57a2d4851a1d" />
    <TestEntry testId="e8dd01cd-30c9-943f-8fc4-f4240bad21f1" executionId="268a8d7f-a574-4ebe-a128-0b80f5d1872e" testListId="8c84fa94-04c1-424b-9868-57a2d4851a1d" />
    <TestEntry testId="e966bfbe-0422-eb75-f093-b800f9c629b7" executionId="f2c33098-5a3f-47dd-8875-5c66d2023d3a" testListId="8c84fa94-04c1-424b-9868-57a2d4851a1d" />
    <TestEntry testId="ea12baf4-c62d-b0ca-b8ec-0dd742c09890" executionId="4e90dc98-6475-4b12-9471-0273a7346699" testListId="8c84fa94-04c1-424b-9868-57a2d4851a1d" />
    <TestEntry testId="ea8ee283-08b1-8adf-4aa4-5e76e4a476d8" executionId="686e57f4-d5b8-4fed-a185-e5617d104d39" testListId="8c84fa94-04c1-424b-9868-57a2d4851a1d" />
    <TestEntry testId="ea9a1e87-93ad-3a52-2165-5f8c61f04d38" executionId="7adb226a-a664-4ac2-8bef-da79705c0f42" testListId="8c84fa94-04c1-424b-9868-57a2d4851a1d" />
    <TestEntry testId="eaed8830-28b9-0d81-19c8-50909473733c" executionId="7fbe44b4-f4e9-47c6-9b80-e0fc4290575c" testListId="8c84fa94-04c1-424b-9868-57a2d4851a1d" />
    <TestEntry testId="ebf62956-8cad-1ea9-be23-3282e8e24cf9" executionId="a06254af-4c0e-4844-82fd-5c3cba5edaf2" testListId="8c84fa94-04c1-424b-9868-57a2d4851a1d" />
    <TestEntry testId="ec491029-dab5-3481-ec80-f35631103905" executionId="576fe088-e1d0-4b9f-a58c-863ef9394332" testListId="8c84fa94-04c1-424b-9868-57a2d4851a1d" />
    <TestEntry testId="ec55615d-1e36-c752-f2bf-b20284d0ae33" executionId="ad0c099e-41b6-4136-a0e1-8fa7f2a3d08b" testListId="8c84fa94-04c1-424b-9868-57a2d4851a1d" />
    <TestEntry testId="ec99d1a9-4b49-a94f-134c-f58d11b57222" executionId="a8f26107-c2bd-4a87-b540-fd697eed67d7" testListId="8c84fa94-04c1-424b-9868-57a2d4851a1d" />
    <TestEntry testId="eda1af69-c93e-56bb-5fe9-14115441188c" executionId="1f90c37a-7d74-46fd-a589-25985524d20d" testListId="8c84fa94-04c1-424b-9868-57a2d4851a1d" />
    <TestEntry testId="ee7a26ae-f08b-c1d5-713f-d21139c592b9" executionId="023f1efe-09a8-46b1-bd20-b2cbc8f1ca28" testListId="8c84fa94-04c1-424b-9868-57a2d4851a1d" />
    <TestEntry testId="eeb34c89-a7df-f580-faa2-1b58190ee5be" executionId="15d93a63-1cec-4b22-972b-72378f1c78d2" testListId="8c84fa94-04c1-424b-9868-57a2d4851a1d" />
    <TestEntry testId="ef82270c-3036-3051-f3de-27b622229225" executionId="b81ed5cf-9223-4ee8-a903-edd56dd520d6" testListId="8c84fa94-04c1-424b-9868-57a2d4851a1d" />
    <TestEntry testId="f20d04ec-6bdf-2adb-3ea0-dea4791f58d1" executionId="f6379ff0-7a62-4646-96bf-3f3fb4fd810c" testListId="8c84fa94-04c1-424b-9868-57a2d4851a1d" />
    <TestEntry testId="f342f959-584b-70f7-fc12-f7e45c365653" executionId="e1c35ce8-e94c-4a72-b87e-1e1e8f39078f" testListId="8c84fa94-04c1-424b-9868-57a2d4851a1d" />
    <TestEntry testId="f379b7c1-eb43-f239-1226-f41b6efc1dcd" executionId="6bf1a7bc-d55b-4e3e-895b-3502698196f1" testListId="8c84fa94-04c1-424b-9868-57a2d4851a1d" />
    <TestEntry testId="f3c8111d-0bf8-839f-284c-12420a9a1467" executionId="0c9bb7bb-e073-4ff1-9174-b5a2903ffcd8" testListId="8c84fa94-04c1-424b-9868-57a2d4851a1d" />
    <TestEntry testId="f4332708-2d9b-652b-a920-66192f9cdfaf" executionId="98419cac-8d03-4d0b-94e4-476d5b41c7f4" testListId="8c84fa94-04c1-424b-9868-57a2d4851a1d" />
    <TestEntry testId="f4511594-467b-74f8-7fee-b4f5edc20b84" executionId="325e3661-0be6-4334-9f21-1863078d7856" testListId="8c84fa94-04c1-424b-9868-57a2d4851a1d" />
    <TestEntry testId="f4a16930-7fb5-1364-b2bb-1dffeb9040de" executionId="e4bc0873-8bbd-45e4-9ddc-251a2a3ff300" testListId="8c84fa94-04c1-424b-9868-57a2d4851a1d" />
    <TestEntry testId="f4f76af5-0d54-7bf8-8ba4-b32803d7a374" executionId="aa9bd3e6-6f1c-4b17-9de9-ed38ae73167f" testListId="8c84fa94-04c1-424b-9868-57a2d4851a1d" />
    <TestEntry testId="f4fcc51c-8f8e-7431-03c1-95529343e3ab" executionId="f2963bfa-c0db-4d33-bc83-9e0d38ae3f0f" testListId="8c84fa94-04c1-424b-9868-57a2d4851a1d" />
    <TestEntry testId="f50339b2-56a6-fab9-1b43-e437b5e0a59d" executionId="2f740410-7327-4d31-89ed-c78a35d7835d" testListId="8c84fa94-04c1-424b-9868-57a2d4851a1d" />
    <TestEntry testId="f508d895-6987-1ba4-4750-b5ae512c4eca" executionId="518df06c-fdb9-47bd-95cf-25fd5210addd" testListId="8c84fa94-04c1-424b-9868-57a2d4851a1d" />
    <TestEntry testId="f51de229-4761-6e36-e9f5-2ae1d5b346f0" executionId="62fe9af1-1b67-4def-bff3-7b5e0cb86535" testListId="8c84fa94-04c1-424b-9868-57a2d4851a1d" />
    <TestEntry testId="f54b9d87-7e35-d661-8f30-1a09064c130c" executionId="ca242da9-6468-4179-b92b-d235f1664672" testListId="8c84fa94-04c1-424b-9868-57a2d4851a1d" />
    <TestEntry testId="f55b9351-7cff-05be-34ae-f71cd06467b8" executionId="cd9bdf08-ef5a-4a44-bbd9-9e35957249bd" testListId="8c84fa94-04c1-424b-9868-57a2d4851a1d" />
    <TestEntry testId="f5f02455-4aef-8763-5044-dc094bc64ba2" executionId="6c6c477c-7fa9-43a2-bb6f-5749aef286c6" testListId="8c84fa94-04c1-424b-9868-57a2d4851a1d" />
    <TestEntry testId="f66902ae-2eb8-36de-bdb4-af24338ae682" executionId="36a05256-2945-4ac6-b214-c52df82b86a8" testListId="8c84fa94-04c1-424b-9868-57a2d4851a1d" />
    <TestEntry testId="f685a220-cae8-50b0-d543-46e310017a33" executionId="9cf4f15a-448d-4c41-b664-16cd964d995d" testListId="8c84fa94-04c1-424b-9868-57a2d4851a1d" />
    <TestEntry testId="f791b1fc-7ecf-06ad-9b72-838a0f1da804" executionId="61dde6e3-a093-4828-9fa8-f851d5b62d17" testListId="8c84fa94-04c1-424b-9868-57a2d4851a1d" />
    <TestEntry testId="f96aeaaa-982a-50fe-9819-4fadbbdc5555" executionId="9ce79189-b916-4f3a-8e28-bcc6f576b7c5" testListId="8c84fa94-04c1-424b-9868-57a2d4851a1d" />
    <TestEntry testId="fa1989e4-dedf-2eca-f2e1-6a1893f9bfd6" executionId="6f81a0db-fd07-45ba-b79b-2dea77e67286" testListId="8c84fa94-04c1-424b-9868-57a2d4851a1d" />
    <TestEntry testId="fa540630-b33a-7141-4c49-c4e59268577a" executionId="609e34f6-efd9-4406-a297-d634cab2c5d4" testListId="8c84fa94-04c1-424b-9868-57a2d4851a1d" />
    <TestEntry testId="fbd930ae-612e-63f9-7d85-96b5097af772" executionId="d3f7456e-a253-4215-90ef-6b1c28ac6bc6" testListId="8c84fa94-04c1-424b-9868-57a2d4851a1d" />
    <TestEntry testId="fc92c33d-a24e-4715-be4e-9ee45be3958a" executionId="bd84e394-91bb-4618-a853-26e2891d8166" testListId="8c84fa94-04c1-424b-9868-57a2d4851a1d" />
    <TestEntry testId="fd09b993-a9b4-e74b-ac25-fcabec687112" executionId="81a972d9-073f-49fe-b2e7-1d7623415702" testListId="8c84fa94-04c1-424b-9868-57a2d4851a1d" />
    <TestEntry testId="fd8b4436-5b05-e5cd-4153-53edada97a9b" executionId="525e59eb-de6f-4ad3-894d-18b972b823cb" testListId="8c84fa94-04c1-424b-9868-57a2d4851a1d" />
    <TestEntry testId="fdc59520-9564-0684-d4f9-2091f576f931" executionId="ebbc854f-2a09-4bef-a65b-491276b69055" testListId="8c84fa94-04c1-424b-9868-57a2d4851a1d" />
    <TestEntry testId="fdc6582f-0eab-5f36-d160-7547a6de5dbb" executionId="f15b6d0a-9685-47f8-8452-6493d83ff16f" testListId="8c84fa94-04c1-424b-9868-57a2d4851a1d" />
    <TestEntry testId="febe8afb-7bc1-3f13-831b-73b163a8c327" executionId="ccc92e3a-3a2c-4ab7-9131-947cd3fb5693" testListId="8c84fa94-04c1-424b-9868-57a2d4851a1d" />
  </TestEntries>
  <Results>
    <UnitTestResult executionId="96e77340-a4f4-4813-b8b4-7275c8ddfa2f" testId="013a48c5-946e-02f6-4064-7f83cd8d7665" testName="Shuffle395" computerName="MINIAC" duration="00:00:00.0188245" startTime="2011-01-06T10:30:35.3437087+00:00" endTime="2011-01-06T10:30:35.9537436+00:00" testType="13cdc9d9-ddb5-4fa4-a97d-d965ccfc6d4b" outcome="Passed" testListId="8c84fa94-04c1-424b-9868-57a2d4851a1d" relativeResultsDirectory="96e77340-a4f4-4813-b8b4-7275c8ddfa2f">
    </UnitTestResult>
    <UnitTestResult executionId="87274f97-eb0d-44f3-b7d0-da9b266a314d" testId="028f28fd-be8d-20f6-580d-7908e85c567f" testName="Random01ThrowsContractException508" computerName="MINIAC" duration="00:00:00.0016214" startTime="2011-01-06T10:30:35.9567438+00:00" endTime="2011-01-06T10:30:35.9967461+00:00" testType="13cdc9d9-ddb5-4fa4-a97d-d965ccfc6d4b" outcome="Passed" testListId="8c84fa94-04c1-424b-9868-57a2d4851a1d" relativeResultsDirectory="87274f97-eb0d-44f3-b7d0-da9b266a314d">
    </UnitTestResult>
    <UnitTestResult executionId="d7f123e5-0db6-4cc6-8e2a-f6b460b148c8" testId="03c88b26-e4eb-d38e-6683-3ac55f8aeeac" testName="Add60901" computerName="MINIAC" duration="00:00:00.0027380" startTime="2011-01-06T10:30:36.0097468+00:00" endTime="2011-01-06T10:30:36.0227476+00:00" testType="13cdc9d9-ddb5-4fa4-a97d-d965ccfc6d4b" outcome="Passed" testListId="8c84fa94-04c1-424b-9868-57a2d4851a1d" relativeResultsDirectory="d7f123e5-0db6-4cc6-8e2a-f6b460b148c8">
    </UnitTestResult>
    <UnitTestResult executionId="2cbc7495-0b01-4d19-8523-0b27060f638a" testId="04c53adc-df51-85a8-3dcb-278e962fc112" testName="Subarray709" computerName="MINIAC" duration="00:00:00.0066184" startTime="2011-01-06T10:30:36.0267478+00:00" endTime="2011-01-06T10:30:36.0487491+00:00" testType="13cdc9d9-ddb5-4fa4-a97d-d965ccfc6d4b" outcome="Passed" testListId="8c84fa94-04c1-424b-9868-57a2d4851a1d" relativeResultsDirectory="2cbc7495-0b01-4d19-8523-0b27060f638a">
    </UnitTestResult>
    <UnitTestResult executionId="919a39df-25a6-4966-b3d3-9b418f04c704" testId="055e48df-0214-9f4b-ed2b-c5a320ca2c7d" testName="As0163236" computerName="MINIAC" duration="00:00:00.0040529" startTime="2011-01-06T10:30:36.0617498+00:00" endTime="2011-01-06T10:30:36.0747506+00:00" testType="13cdc9d9-ddb5-4fa4-a97d-d965ccfc6d4b" outcome="Passed" testListId="8c84fa94-04c1-424b-9868-57a2d4851a1d" relativeResultsDirectory="919a39df-25a6-4966-b3d3-9b418f04c704">
    </UnitTestResult>
    <UnitTestResult executionId="7b861190-8d3e-4da6-a56a-8c2df6f40f17" testId="06856cc0-d338-2fce-b65e-89181f957a9c" testName="ToThrowsContractException88" computerName="MINIAC" duration="00:00:00.0041402" startTime="2011-01-06T10:30:36.0787508+00:00" endTime="2011-01-06T10:30:36.0947517+00:00" testType="13cdc9d9-ddb5-4fa4-a97d-d965ccfc6d4b" outcome="Passed" testListId="8c84fa94-04c1-424b-9868-57a2d4851a1d" relativeResultsDirectory="7b861190-8d3e-4da6-a56a-8c2df6f40f17">
    </UnitTestResult>
    <UnitTestResult executionId="b10b95a7-232b-4781-8a11-7b8ea96ee80c" testId="07802348-e3dc-037c-ce88-1e51ccef97b0" testName="NextTimeSpan01ThrowsContractException279" computerName="MINIAC" duration="00:00:00.0030367" startTime="2011-01-06T10:30:36.0987519+00:00" endTime="2011-01-06T10:30:36.1227533+00:00" testType="13cdc9d9-ddb5-4fa4-a97d-d965ccfc6d4b" outcome="Passed" testListId="8c84fa94-04c1-424b-9868-57a2d4851a1d" relativeResultsDirectory="b10b95a7-232b-4781-8a11-7b8ea96ee80c">
    </UnitTestResult>
    <UnitTestResult executionId="e5206f23-77f1-417b-b8b3-e26b431897eb" testId="0860ee19-0524-5919-2b3c-8316527f7933" testName="If921" computerName="MINIAC" duration="00:00:00.0024352" startTime="2011-01-06T10:30:36.1307538+00:00" endTime="2011-01-06T10:30:36.1477547+00:00" testType="13cdc9d9-ddb5-4fa4-a97d-d965ccfc6d4b" outcome="Passed" testListId="8c84fa94-04c1-424b-9868-57a2d4851a1d" relativeResultsDirectory="e5206f23-77f1-417b-b8b3-e26b431897eb">
    </UnitTestResult>
    <UnitTestResult executionId="96e56aa8-f875-4939-b25c-b348a8cec51a" testId="099b6629-b323-a9b6-3641-ebce58ee0f7c" testName="AsEnumerable02588" computerName="MINIAC" duration="00:00:00.0058541" startTime="2011-01-06T10:30:36.1617555+00:00" endTime="2011-01-06T10:30:36.1747563+00:00" testType="13cdc9d9-ddb5-4fa4-a97d-d965ccfc6d4b" outcome="Passed" testListId="8c84fa94-04c1-424b-9868-57a2d4851a1d" relativeResultsDirectory="96e56aa8-f875-4939-b25c-b348a8cec51a">
    </UnitTestResult>
    <UnitTestResult executionId="1e180835-0a2b-4cc6-97dc-04a0380ef038" testId="09abec53-bc8a-0db2-1ff6-28ad5ea0f559" testName="As0166404" computerName="MINIAC" duration="00:00:00.0030497" startTime="2011-01-06T10:30:36.1787565+00:00" endTime="2011-01-06T10:30:36.1907572+00:00" testType="13cdc9d9-ddb5-4fa4-a97d-d965ccfc6d4b" outcome="Passed" testListId="8c84fa94-04c1-424b-9868-57a2d4851a1d" relativeResultsDirectory="1e180835-0a2b-4cc6-97dc-04a0380ef038">
    </UnitTestResult>
    <UnitTestResult executionId="28f2c754-a19c-4df4-b49a-404a59d5873c" testId="09d5fce9-d98a-1fa1-f446-d10c4751e838" testName="ToBitmapSourceThrowsContractException871" computerName="MINIAC" duration="00:00:00.0036904" startTime="2011-01-06T10:30:36.1997577+00:00" endTime="2011-01-06T10:30:36.2207589+00:00" testType="13cdc9d9-ddb5-4fa4-a97d-d965ccfc6d4b" outcome="Passed" testListId="8c84fa94-04c1-424b-9868-57a2d4851a1d" relativeResultsDirectory="28f2c754-a19c-4df4-b49a-404a59d5873c">
    </UnitTestResult>
    <UnitTestResult executionId="ba5f4d54-ad0f-4d90-bc97-a3ed7b5a8a10" testId="0b76aeed-ae7b-38c5-60da-c9243d875dc1" testName="NullOr90705" computerName="MINIAC" duration="00:00:00.0272763" startTime="2011-01-06T10:30:36.2227590+00:00" endTime="2011-01-06T10:30:36.2817624+00:00" testType="13cdc9d9-ddb5-4fa4-a97d-d965ccfc6d4b" outcome="Passed" testListId="8c84fa94-04c1-424b-9868-57a2d4851a1d" relativeResultsDirectory="ba5f4d54-ad0f-4d90-bc97-a3ed7b5a8a10">
    </UnitTestResult>
    <UnitTestResult executionId="b4a932da-a2a8-4642-b575-594bccc4cc23" testId="0b8785c2-8bd4-a826-60eb-f295a2d7fcb3" testName="As01660" computerName="MINIAC" duration="00:00:00.0017992" startTime="2011-01-06T10:30:36.3167644+00:00" endTime="2011-01-06T10:30:36.3427659+00:00" testType="13cdc9d9-ddb5-4fa4-a97d-d965ccfc6d4b" outcome="Passed" testListId="8c84fa94-04c1-424b-9868-57a2d4851a1d" relativeResultsDirectory="b4a932da-a2a8-4642-b575-594bccc4cc23">
    </UnitTestResult>
    <UnitTestResult executionId="8307fe7a-1962-49b1-91dc-729eb51804f0" testId="0c1112ce-06b8-6d36-f7fb-a3574f6e2065" testName="As0163237" computerName="MINIAC" duration="00:00:00.0046591" startTime="2011-01-06T10:30:36.3547666+00:00" endTime="2011-01-06T10:30:36.3807681+00:00" testType="13cdc9d9-ddb5-4fa4-a97d-d965ccfc6d4b" outcome="Passed" testListId="8c84fa94-04c1-424b-9868-57a2d4851a1d" relativeResultsDirectory="8307fe7a-1962-49b1-91dc-729eb51804f0">
    </UnitTestResult>
    <UnitTestResult executionId="0b913b4d-c7dc-4a7b-a5d5-8029034e5523" testId="0c58cf0b-ac72-a134-206f-98daff22c7f5" testName="As0132103" computerName="MINIAC" duration="00:00:00.0024091" startTime="2011-01-06T10:30:36.3927687+00:00" endTime="2011-01-06T10:30:36.4027693+00:00" testType="13cdc9d9-ddb5-4fa4-a97d-d965ccfc6d4b" outcome="Passed" testListId="8c84fa94-04c1-424b-9868-57a2d4851a1d" relativeResultsDirectory="0b913b4d-c7dc-4a7b-a5d5-8029034e5523">
    </UnitTestResult>
    <UnitTestResult executionId="a6f2a3b5-d2ad-49f1-a848-37e17bde84bd" testId="0c6370f1-3a15-0de1-18cb-8da30dd57ee7" testName="UnionAllThrowsContractException498" computerName="MINIAC" duration="00:00:00.0048168" startTime="2011-01-06T10:30:36.4157701+00:00" endTime="2011-01-06T10:30:36.4287708+00:00" testType="13cdc9d9-ddb5-4fa4-a97d-d965ccfc6d4b" outcome="Passed" testListId="8c84fa94-04c1-424b-9868-57a2d4851a1d" relativeResultsDirectory="a6f2a3b5-d2ad-49f1-a848-37e17bde84bd">
    </UnitTestResult>
    <UnitTestResult executionId="d3353862-d9b1-4fc5-baab-b5a6f0e3ac18" testId="0cb477c5-7b02-500d-45eb-bb863b0c13bb" testName="RangeThrowsContractException958" computerName="MINIAC" duration="00:00:00.0036923" startTime="2011-01-06T10:30:36.4387714+00:00" endTime="2011-01-06T10:30:36.4567724+00:00" testType="13cdc9d9-ddb5-4fa4-a97d-d965ccfc6d4b" outcome="Passed" testListId="8c84fa94-04c1-424b-9868-57a2d4851a1d" relativeResultsDirectory="d3353862-d9b1-4fc5-baab-b5a6f0e3ac18">
    </UnitTestResult>
    <UnitTestResult executionId="3e8487c0-20b8-4391-8c29-4c0f45f61796" testId="0cf9c414-1497-f4be-8e70-721d9337c834" testName="ToString01530" computerName="MINIAC" duration="00:00:00.0051005" startTime="2011-01-06T10:30:36.4687731+00:00" endTime="2011-01-06T10:30:36.4927745+00:00" testType="13cdc9d9-ddb5-4fa4-a97d-d965ccfc6d4b" outcome="Passed" testListId="8c84fa94-04c1-424b-9868-57a2d4851a1d" relativeResultsDirectory="3e8487c0-20b8-4391-8c29-4c0f45f61796">
    </UnitTestResult>
    <UnitTestResult executionId="792fadea-7778-406e-8b95-60fd86297e1f" testId="0e44207d-1ccf-04c5-6aef-2081653ff131" testName="IfNotNull0159703" computerName="MINIAC" duration="00:00:00.0016345" startTime="2011-01-06T10:30:36.5037751+00:00" endTime="2011-01-06T10:30:36.5247763+00:00" testType="13cdc9d9-ddb5-4fa4-a97d-d965ccfc6d4b" outcome="Passed" testListId="8c84fa94-04c1-424b-9868-57a2d4851a1d" relativeResultsDirectory="792fadea-7778-406e-8b95-60fd86297e1f">
    </UnitTestResult>
    <UnitTestResult executionId="d3905bba-8365-4c96-bc21-c1e2d1cdeeae" testId="0e645c38-e73b-967d-e94f-74a8d38a05b3" testName="As170" computerName="MINIAC" duration="00:00:00.0074910" startTime="2011-01-06T10:30:36.5387771+00:00" endTime="2011-01-06T10:30:36.5617784+00:00" testType="13cdc9d9-ddb5-4fa4-a97d-d965ccfc6d4b" outcome="Passed" testListId="8c84fa94-04c1-424b-9868-57a2d4851a1d" relativeResultsDirectory="d3905bba-8365-4c96-bc21-c1e2d1cdeeae">
    </UnitTestResult>
    <UnitTestResult executionId="4b5a59db-b338-4aae-9977-59960e75bc75" testId="0e73a463-cb0d-f992-9d84-5941849f04d6" testName="To0459801" computerName="MINIAC" duration="00:00:00.0053576" startTime="2011-01-06T10:30:36.5887800+00:00" endTime="2011-01-06T10:30:36.7027865+00:00" testType="13cdc9d9-ddb5-4fa4-a97d-d965ccfc6d4b" outcome="Passed" testListId="8c84fa94-04c1-424b-9868-57a2d4851a1d" relativeResultsDirectory="4b5a59db-b338-4aae-9977-59960e75bc75">
    </UnitTestResult>
    <UnitTestResult executionId="e7ef5303-190b-47f3-8acc-03745375ad16" testId="0e90738b-70d8-2788-4a26-d16c8666f6ca" testName="As0163232" computerName="MINIAC" duration="00:00:00.0007657" startTime="2011-01-06T10:30:36.7667901+00:00" endTime="2011-01-06T10:30:36.7917916+00:00" testType="13cdc9d9-ddb5-4fa4-a97d-d965ccfc6d4b" outcome="Passed" testListId="8c84fa94-04c1-424b-9868-57a2d4851a1d" relativeResultsDirectory="e7ef5303-190b-47f3-8acc-03745375ad16">
    </UnitTestResult>
    <UnitTestResult executionId="458fa80b-cbb2-4535-9c75-afb7fa47a3b2" testId="0f614d48-4580-1835-c34d-314b56fdf70c" testName="AsEnumerable56003" computerName="MINIAC" duration="00:00:00.0048266" startTime="2011-01-06T10:30:36.8077925+00:00" endTime="2011-01-06T10:30:36.8197932+00:00" testType="13cdc9d9-ddb5-4fa4-a97d-d965ccfc6d4b" outcome="Passed" testListId="8c84fa94-04c1-424b-9868-57a2d4851a1d" relativeResultsDirectory="458fa80b-cbb2-4535-9c75-afb7fa47a3b2">
    </UnitTestResult>
    <UnitTestResult executionId="4279e23f-ab77-4111-8ab2-f5ecd7ebdb8d" testId="0fff3361-456c-b23e-a549-242fc6d0887e" testName="IfNotNullThrowsContractException522" computerName="MINIAC" duration="00:00:00.0046306" startTime="2011-01-06T10:30:36.8217933+00:00" endTime="2011-01-06T10:30:36.8427945+00:00" testType="13cdc9d9-ddb5-4fa4-a97d-d965ccfc6d4b" outcome="Passed" testListId="8c84fa94-04c1-424b-9868-57a2d4851a1d" relativeResultsDirectory="4279e23f-ab77-4111-8ab2-f5ecd7ebdb8d">
    </UnitTestResult>
    <UnitTestResult executionId="efdd4a7d-b8ed-4810-b45b-dc2012a1d7b3" testId="106b7a63-3c06-2f97-097e-1a5d38b1a1ac" testName="Add88503" computerName="MINIAC" duration="00:00:00.0007451" startTime="2011-01-06T10:30:36.8587954+00:00" endTime="2011-01-06T10:30:36.8897972+00:00" testType="13cdc9d9-ddb5-4fa4-a97d-d965ccfc6d4b" outcome="Passed" testListId="8c84fa94-04c1-424b-9868-57a2d4851a1d" relativeResultsDirectory="efdd4a7d-b8ed-4810-b45b-dc2012a1d7b3">
    </UnitTestResult>
    <UnitTestResult executionId="d8ab6c14-a2cc-4298-b8a9-94c0becec876" testId="11187b04-c546-bd3e-0bbb-d3f71bff1f4f" testName="AsEnumerable0314803" computerName="MINIAC" duration="00:00:00.0061998" startTime="2011-01-06T10:30:36.9047980+00:00" endTime="2011-01-06T10:30:36.9267993+00:00" testType="13cdc9d9-ddb5-4fa4-a97d-d965ccfc6d4b" outcome="Passed" testListId="8c84fa94-04c1-424b-9868-57a2d4851a1d" relativeResultsDirectory="d8ab6c14-a2cc-4298-b8a9-94c0becec876">
    </UnitTestResult>
    <UnitTestResult executionId="84b33416-f727-4d52-afab-ffe86ba05b56" testId="116bcbca-67a9-cf3b-0614-27721784c6e2" testName="IfNotNull0159704" computerName="MINIAC" duration="00:00:00.0027600" startTime="2011-01-06T10:30:36.9347998+00:00" endTime="2011-01-06T10:30:36.9468004+00:00" testType="13cdc9d9-ddb5-4fa4-a97d-d965ccfc6d4b" outcome="Passed" testListId="8c84fa94-04c1-424b-9868-57a2d4851a1d" relativeResultsDirectory="84b33416-f727-4d52-afab-ffe86ba05b56">
    </UnitTestResult>
    <UnitTestResult executionId="43ec8f11-9095-4572-b989-fd70d9d774c2" testId="116e53ad-53cc-1f8c-5eeb-a61eba3cd5e8" testName="ForEach90804" computerName="MINIAC" duration="00:00:00.0037758" startTime="2011-01-06T10:30:36.9598012+00:00" endTime="2011-01-06T10:30:36.9788023+00:00" testType="13cdc9d9-ddb5-4fa4-a97d-d965ccfc6d4b" outcome="Passed" testListId="8c84fa94-04c1-424b-9868-57a2d4851a1d" relativeResultsDirectory="43ec8f11-9095-4572-b989-fd70d9d774c2">
    </UnitTestResult>
    <UnitTestResult executionId="1b449cea-e666-4768-89e9-59cf3b62781e" testId="1199c9cc-d8e3-0309-8136-cef199801af6" testName="To01203" computerName="MINIAC" duration="00:00:00.0026354" startTime="2011-01-06T10:30:37.0018036+00:00" endTime="2011-01-06T10:30:37.0258050+00:00" testType="13cdc9d9-ddb5-4fa4-a97d-d965ccfc6d4b" outcome="Passed" testListId="8c84fa94-04c1-424b-9868-57a2d4851a1d" relativeResultsDirectory="1b449cea-e666-4768-89e9-59cf3b62781e">
    </UnitTestResult>
    <UnitTestResult executionId="aebce0f3-b1f2-417c-8768-14109bd74bb6" testId="1220cf5e-04a1-0c63-1e54-72250893445a" testName="As0132110" computerName="MINIAC" duration="00:00:00.0082114" startTime="2011-01-06T10:30:37.0438060+00:00" endTime="2011-01-06T10:30:37.0648072+00:00" testType="13cdc9d9-ddb5-4fa4-a97d-d965ccfc6d4b" outcome="Passed" testListId="8c84fa94-04c1-424b-9868-57a2d4851a1d" relativeResultsDirectory="aebce0f3-b1f2-417c-8768-14109bd74bb6">
    </UnitTestResult>
    <UnitTestResult executionId="5b29980a-2a92-48b8-bd12-beaf0cecd87b" testId="1281f517-45b5-6723-bc3e-71da88a02141" testName="Random43101" computerName="MINIAC" duration="00:00:00.0125266" startTime="2011-01-06T10:30:37.0668073+00:00" endTime="2011-01-06T10:30:37.0938088+00:00" testType="13cdc9d9-ddb5-4fa4-a97d-d965ccfc6d4b" outcome="Passed" testListId="8c84fa94-04c1-424b-9868-57a2d4851a1d" relativeResultsDirectory="5b29980a-2a92-48b8-bd12-beaf0cecd87b">
    </UnitTestResult>
    <UnitTestResult executionId="78e25351-5502-4121-b81c-2be6a30c4a3f" testId="143eb567-4397-2625-6014-2a2400dd294f" testName="GetPixelsThrowsContractException443" computerName="MINIAC" duration="00:00:00.0020320" startTime="2011-01-06T10:30:37.1068096+00:00" endTime="2011-01-06T10:30:37.1218104+00:00" testType="13cdc9d9-ddb5-4fa4-a97d-d965ccfc6d4b" outcome="Passed" testListId="8c84fa94-04c1-424b-9868-57a2d4851a1d" relativeResultsDirectory="78e25351-5502-4121-b81c-2be6a30c4a3f">
    </UnitTestResult>
    <UnitTestResult executionId="269faf0e-3bc5-4269-b849-4efa4fd83869" testId="14c4d8f7-99c5-9b56-48f1-16bece872cd1" testName="As76301" computerName="MINIAC" duration="00:00:00.0046889" startTime="2011-01-06T10:30:37.1278108+00:00" endTime="2011-01-06T10:30:37.1408115+00:00" testType="13cdc9d9-ddb5-4fa4-a97d-d965ccfc6d4b" outcome="Passed" testListId="8c84fa94-04c1-424b-9868-57a2d4851a1d" relativeResultsDirectory="269faf0e-3bc5-4269-b849-4efa4fd83869">
    </UnitTestResult>
    <UnitTestResult executionId="77827704-4937-4750-bbde-08938369f879" testId="14e07649-4bb1-965c-d352-f5e6a62d38fd" testName="IsNullOrEmpty177" computerName="MINIAC" duration="00:00:00.0124188" startTime="2011-01-06T10:30:37.1508121+00:00" endTime="2011-01-06T10:30:37.1788137+00:00" testType="13cdc9d9-ddb5-4fa4-a97d-d965ccfc6d4b" outcome="Passed" testListId="8c84fa94-04c1-424b-9868-57a2d4851a1d" relativeResultsDirectory="77827704-4937-4750-bbde-08938369f879">
    </UnitTestResult>
    <UnitTestResult executionId="1d1d7641-1ce9-4b0a-8255-0beffd041c21" testId="15f6ec28-2881-7c22-a597-01fe1093749a" testName="As21516" computerName="MINIAC" duration="00:00:00.0022658" startTime="2011-01-06T10:30:37.1968147+00:00" endTime="2011-01-06T10:30:37.2068153+00:00" testType="13cdc9d9-ddb5-4fa4-a97d-d965ccfc6d4b" outcome="Passed" testListId="8c84fa94-04c1-424b-9868-57a2d4851a1d" relativeResultsDirectory="1d1d7641-1ce9-4b0a-8255-0beffd041c21">
    </UnitTestResult>
    <UnitTestResult executionId="8e0f7897-30b5-4647-b6ac-c8b4e9eb0943" testId="1614cc64-5cbc-b082-cb61-089f874d65b1" testName="TakeEveryThrowsContractException265" computerName="MINIAC" duration="00:00:00.0134473" startTime="2011-01-06T10:30:37.2188160+00:00" endTime="2011-01-06T10:30:37.2468176+00:00" testType="13cdc9d9-ddb5-4fa4-a97d-d965ccfc6d4b" outcome="Passed" testListId="8c84fa94-04c1-424b-9868-57a2d4851a1d" relativeResultsDirectory="8e0f7897-30b5-4647-b6ac-c8b4e9eb0943">
    </UnitTestResult>
    <UnitTestResult executionId="1b2de735-22f1-4f22-afd0-8673e875692b" testId="16bc510b-963f-30e5-6517-13389edd4fdc" testName="GetByPercentThrowsIndexOutOfRangeException858" computerName="MINIAC" duration="00:00:00.0044897" startTime="2011-01-06T10:30:37.2578182+00:00" endTime="2011-01-06T10:30:37.2698189+00:00" testType="13cdc9d9-ddb5-4fa4-a97d-d965ccfc6d4b" outcome="Passed" testListId="8c84fa94-04c1-424b-9868-57a2d4851a1d" relativeResultsDirectory="1b2de735-22f1-4f22-afd0-8673e875692b">
    </UnitTestResult>
    <UnitTestResult executionId="f172ff34-d22a-4f8e-811a-3c29ce347c95" testId="16eccf92-0ec9-930b-cfbe-252e74468966" testName="GenerateEndlessThrowsContractException760" computerName="MINIAC" duration="00:00:00.0081013" startTime="2011-01-06T10:30:37.2818196+00:00" endTime="2011-01-06T10:30:37.3028208+00:00" testType="13cdc9d9-ddb5-4fa4-a97d-d965ccfc6d4b" outcome="Passed" testListId="8c84fa94-04c1-424b-9868-57a2d4851a1d" relativeResultsDirectory="f172ff34-d22a-4f8e-811a-3c29ce347c95">
    </UnitTestResult>
    <UnitTestResult executionId="a4ecb52d-157a-4128-9f8a-c59e1ce06a64" testId="17cbf434-78e7-42a5-6758-242cc94ac703" testName="CastAs434" computerName="MINIAC" duration="00:00:00.0003886" startTime="2011-01-06T10:30:37.3128214+00:00" endTime="2011-01-06T10:30:37.3298223+00:00" testType="13cdc9d9-ddb5-4fa4-a97d-d965ccfc6d4b" outcome="Passed" testListId="8c84fa94-04c1-424b-9868-57a2d4851a1d" relativeResultsDirectory="a4ecb52d-157a-4128-9f8a-c59e1ce06a64">
    </UnitTestResult>
    <UnitTestResult executionId="030ad9f8-9992-478c-aa46-db6064ce4e74" testId="18234ca5-6af0-1355-5140-f92645f28e01" testName="If79" computerName="MINIAC" duration="00:00:00.0003116" startTime="2011-01-06T10:30:37.3368227+00:00" endTime="2011-01-06T10:30:37.3508235+00:00" testType="13cdc9d9-ddb5-4fa4-a97d-d965ccfc6d4b" outcome="Passed" testListId="8c84fa94-04c1-424b-9868-57a2d4851a1d" relativeResultsDirectory="030ad9f8-9992-478c-aa46-db6064ce4e74">
    </UnitTestResult>
    <UnitTestResult executionId="6d5817cd-9245-49ae-b71e-4fe6207f64e6" testId="19033310-a8dd-db0b-1dcd-2bf1bef510ca" testName="Fill0110501" computerName="MINIAC" duration="00:00:00.0026242" startTime="2011-01-06T10:30:37.3568239+00:00" endTime="2011-01-06T10:30:37.3748249+00:00" testType="13cdc9d9-ddb5-4fa4-a97d-d965ccfc6d4b" outcome="Passed" testListId="8c84fa94-04c1-424b-9868-57a2d4851a1d" relativeResultsDirectory="6d5817cd-9245-49ae-b71e-4fe6207f64e6">
    </UnitTestResult>
    <UnitTestResult executionId="1bdf7600-fc97-4fdb-b786-7e48b83b1633" testId="1903a639-b5d9-1b4f-9c30-0405b15e8f12" testName="ForEach90802" computerName="MINIAC" duration="00:00:00.0035719" startTime="2011-01-06T10:30:37.3798252+00:00" endTime="2011-01-06T10:30:37.3998263+00:00" testType="13cdc9d9-ddb5-4fa4-a97d-d965ccfc6d4b" outcome="Passed" testListId="8c84fa94-04c1-424b-9868-57a2d4851a1d" relativeResultsDirectory="1bdf7600-fc97-4fdb-b786-7e48b83b1633">
    </UnitTestResult>
    <UnitTestResult executionId="81bb0857-f126-4f48-a9bd-53c098a5b7c8" testId="193af604-0c49-1c0a-39c2-739404c2ca21" testName="ForEach125" computerName="MINIAC" duration="00:00:00.0007260" startTime="2011-01-06T10:30:37.4048266+00:00" endTime="2011-01-06T10:30:37.4198275+00:00" testType="13cdc9d9-ddb5-4fa4-a97d-d965ccfc6d4b" outcome="Passed" testListId="8c84fa94-04c1-424b-9868-57a2d4851a1d" relativeResultsDirectory="81bb0857-f126-4f48-a9bd-53c098a5b7c8">
    </UnitTestResult>
    <UnitTestResult executionId="7602f739-099b-4902-b7d7-336195aa1a8d" testId="1a1204f8-80dc-63b9-41bb-196d59b5bd9c" testName="As21507" computerName="MINIAC" duration="00:00:00.0028006" startTime="2011-01-06T10:30:37.4328282+00:00" endTime="2011-01-06T10:30:37.4448289+00:00" testType="13cdc9d9-ddb5-4fa4-a97d-d965ccfc6d4b" outcome="Passed" testListId="8c84fa94-04c1-424b-9868-57a2d4851a1d" relativeResultsDirectory="7602f739-099b-4902-b7d7-336195aa1a8d">
    </UnitTestResult>
    <UnitTestResult executionId="49d9dd83-1174-4169-b4b2-aec562822732" testId="1a41ca06-c399-fb41-1b68-4e54f6d9fba0" testName="As0163227" computerName="MINIAC" duration="00:00:00.0026153" startTime="2011-01-06T10:30:37.4468290+00:00" endTime="2011-01-06T10:30:37.4618299+00:00" testType="13cdc9d9-ddb5-4fa4-a97d-d965ccfc6d4b" outcome="Passed" testListId="8c84fa94-04c1-424b-9868-57a2d4851a1d" relativeResultsDirectory="49d9dd83-1174-4169-b4b2-aec562822732">
    </UnitTestResult>
    <UnitTestResult executionId="d5cb2d8b-6fe7-4d4f-b48e-f1cb89e2b6f9" testId="1ac879f8-3c0a-1016-6157-e481eddd5c9f" testName="Add74301" computerName="MINIAC" duration="00:00:00.0069613" startTime="2011-01-06T10:30:37.4678302+00:00" endTime="2011-01-06T10:30:37.4818310+00:00" testType="13cdc9d9-ddb5-4fa4-a97d-d965ccfc6d4b" outcome="Passed" testListId="8c84fa94-04c1-424b-9868-57a2d4851a1d" relativeResultsDirectory="d5cb2d8b-6fe7-4d4f-b48e-f1cb89e2b6f9">
    </UnitTestResult>
    <UnitTestResult executionId="5c33d219-9c32-44e3-862b-c630601697c1" testId="1b50a732-77b4-82a3-8153-f8dad0640018" testName="IfNotNull47704" computerName="MINIAC" duration="00:00:00.0012682" startTime="2011-01-06T10:30:37.4938317+00:00" endTime="2011-01-06T10:30:37.5108327+00:00" testType="13cdc9d9-ddb5-4fa4-a97d-d965ccfc6d4b" outcome="Passed" testListId="8c84fa94-04c1-424b-9868-57a2d4851a1d" relativeResultsDirectory="5c33d219-9c32-44e3-862b-c630601697c1">
    </UnitTestResult>
    <UnitTestResult executionId="5e84dfbf-71fb-4984-a48c-f24d6275c092" testId="1b741696-a239-fa83-4bfb-5be27d6d2eb3" testName="CollatzCount510" computerName="MINIAC" duration="00:00:00.0007479" startTime="2011-01-06T10:30:37.5188332+00:00" endTime="2011-01-06T10:30:37.5258336+00:00" testType="13cdc9d9-ddb5-4fa4-a97d-d965ccfc6d4b" outcome="Passed" testListId="8c84fa94-04c1-424b-9868-57a2d4851a1d" relativeResultsDirectory="5e84dfbf-71fb-4984-a48c-f24d6275c092">
    </UnitTestResult>
    <UnitTestResult executionId="23c756dd-0f52-44ec-99ae-f3be818568f9" testId="1c5ab376-6152-4272-31e3-55dc91a07a86" testName="Fill0110504" computerName="MINIAC" duration="00:00:00.0109052" startTime="2011-01-06T10:30:37.5278337+00:00" endTime="2011-01-06T10:30:37.5538352+00:00" testType="13cdc9d9-ddb5-4fa4-a97d-d965ccfc6d4b" outcome="Passed" testListId="8c84fa94-04c1-424b-9868-57a2d4851a1d" relativeResultsDirectory="23c756dd-0f52-44ec-99ae-f3be818568f9">
    </UnitTestResult>
    <UnitTestResult executionId="a670c875-9bb9-4713-9fa3-cd78bad0e4b7" testId="1ca82a0b-7842-06c7-ecd3-2f81b62f1e0e" testName="ReadLinesFromFileThrowsContractException244" computerName="MINIAC" duration="00:00:00.0016107" startTime="2011-01-06T10:30:37.5558353+00:00" endTime="2011-01-06T10:30:37.5778365+00:00" testType="13cdc9d9-ddb5-4fa4-a97d-d965ccfc6d4b" outcome="Passed" testListId="8c84fa94-04c1-424b-9868-57a2d4851a1d" relativeResultsDirectory="a670c875-9bb9-4713-9fa3-cd78bad0e4b7">
    </UnitTestResult>
    <UnitTestResult executionId="80d8f6d6-6641-4334-b431-2dcba7d993d8" testId="1cb6fca5-5cbd-75cb-cfee-a358b8315906" testName="Add60904" computerName="MINIAC" duration="00:00:00.0005594" startTime="2011-01-06T10:30:37.5838369+00:00" endTime="2011-01-06T10:30:37.5998378+00:00" testType="13cdc9d9-ddb5-4fa4-a97d-d965ccfc6d4b" outcome="Passed" testListId="8c84fa94-04c1-424b-9868-57a2d4851a1d" relativeResultsDirectory="80d8f6d6-6641-4334-b431-2dcba7d993d8">
    </UnitTestResult>
    <UnitTestResult executionId="d92f0ae5-cf45-4d0a-9b3a-818c24d3fc1c" testId="1cdb2f2c-09f6-d6d8-6d16-a0ea90824aba" testName="As21518" computerName="MINIAC" duration="00:00:00.0009122" startTime="2011-01-06T10:30:37.6058381+00:00" endTime="2011-01-06T10:30:37.6208390+00:00" testType="13cdc9d9-ddb5-4fa4-a97d-d965ccfc6d4b" outcome="Passed" testListId="8c84fa94-04c1-424b-9868-57a2d4851a1d" relativeResultsDirectory="d92f0ae5-cf45-4d0a-9b3a-818c24d3fc1c">
    </UnitTestResult>
    <UnitTestResult executionId="253711eb-f49b-4062-9e60-30a786d2b363" testId="1e0ca069-996e-4bc0-6164-74e9ee8107ac" testName="GetByPercentThrowsContractException730" computerName="MINIAC" duration="00:00:00.0035369" startTime="2011-01-06T10:30:37.6258393+00:00" endTime="2011-01-06T10:30:37.6478405+00:00" testType="13cdc9d9-ddb5-4fa4-a97d-d965ccfc6d4b" outcome="Passed" testListId="8c84fa94-04c1-424b-9868-57a2d4851a1d" relativeResultsDirectory="253711eb-f49b-4062-9e60-30a786d2b363">
    </UnitTestResult>
    <UnitTestResult executionId="e454a854-9289-4df7-992b-3089ef030b92" testId="1e811e95-82b3-7182-a1a6-ec99686bab87" testName="IsIn570" computerName="MINIAC" duration="00:00:00.0010008" startTime="2011-01-06T10:30:37.6528408+00:00" endTime="2011-01-06T10:30:37.6678417+00:00" testType="13cdc9d9-ddb5-4fa4-a97d-d965ccfc6d4b" outcome="Passed" testListId="8c84fa94-04c1-424b-9868-57a2d4851a1d" relativeResultsDirectory="e454a854-9289-4df7-992b-3089ef030b92">
    </UnitTestResult>
    <UnitTestResult executionId="9e8305af-5d63-4cd3-8255-0cc3403fbd6d" testId="1ed065ef-ce8b-7235-fc5f-cca130d48e00" testName="AsEnumerable0128305" computerName="MINIAC" duration="00:00:00.0020577" startTime="2011-01-06T10:30:37.6738420+00:00" endTime="2011-01-06T10:30:37.6908430+00:00" testType="13cdc9d9-ddb5-4fa4-a97d-d965ccfc6d4b" outcome="Passed" testListId="8c84fa94-04c1-424b-9868-57a2d4851a1d" relativeResultsDirectory="9e8305af-5d63-4cd3-8255-0cc3403fbd6d">
    </UnitTestResult>
    <UnitTestResult executionId="4366e68a-9d4c-4299-8601-5a40b4d910d9" testId="1fa5b7ed-be1a-69d3-e35d-61c48c394d37" testName="NullOr907" computerName="MINIAC" duration="00:00:00.0004563" startTime="2011-01-06T10:30:37.6958433+00:00" endTime="2011-01-06T10:30:37.7098441+00:00" testType="13cdc9d9-ddb5-4fa4-a97d-d965ccfc6d4b" outcome="Passed" testListId="8c84fa94-04c1-424b-9868-57a2d4851a1d" relativeResultsDirectory="4366e68a-9d4c-4299-8601-5a40b4d910d9">
    </UnitTestResult>
    <UnitTestResult executionId="f33af4ea-fa6c-4fe3-a15a-da0b98440495" testId="1fd730db-48ad-68c2-a560-921c988f9a38" testName="GenerateEndless277" computerName="MINIAC" duration="00:00:00.0039732" startTime="2011-01-06T10:30:37.7118442+00:00" endTime="2011-01-06T10:30:37.7268451+00:00" testType="13cdc9d9-ddb5-4fa4-a97d-d965ccfc6d4b" outcome="Passed" testListId="8c84fa94-04c1-424b-9868-57a2d4851a1d" relativeResultsDirectory="f33af4ea-fa6c-4fe3-a15a-da0b98440495">
    </UnitTestResult>
    <UnitTestResult executionId="ce4be99d-206e-4124-b7fe-78bebeea74d6" testId="20789601-3bb2-517f-9c07-8755507d968d" testName="IsIn0134" computerName="MINIAC" duration="00:00:00.0028608" startTime="2011-01-06T10:30:37.7288452+00:00" endTime="2011-01-06T10:30:37.7438460+00:00" testType="13cdc9d9-ddb5-4fa4-a97d-d965ccfc6d4b" outcome="Passed" testListId="8c84fa94-04c1-424b-9868-57a2d4851a1d" relativeResultsDirectory="ce4be99d-206e-4124-b7fe-78bebeea74d6">
    </UnitTestResult>
    <UnitTestResult executionId="4666f1b4-f3cd-4b3e-b998-61509f925831" testId="21fd8c5c-e865-d794-56d0-ebbbdfae46d7" testName="As0163248" computerName="MINIAC" duration="00:00:00.0004199" startTime="2011-01-06T10:30:37.7608470+00:00" endTime="2011-01-06T10:30:37.7808481+00:00" testType="13cdc9d9-ddb5-4fa4-a97d-d965ccfc6d4b" outcome="Passed" testListId="8c84fa94-04c1-424b-9868-57a2d4851a1d" relativeResultsDirectory="4666f1b4-f3cd-4b3e-b998-61509f925831">
    </UnitTestResult>
    <UnitTestResult executionId="d187ca1b-cea8-4806-a62e-c5f2e0834468" testId="221d319c-8869-0d4c-725e-9ea36949d716" testName="Iter960" computerName="MINIAC" duration="00:00:00.0040539" startTime="2011-01-06T10:30:37.7858484+00:00" endTime="2011-01-06T10:30:37.7978491+00:00" testType="13cdc9d9-ddb5-4fa4-a97d-d965ccfc6d4b" outcome="Passed" testListId="8c84fa94-04c1-424b-9868-57a2d4851a1d" relativeResultsDirectory="d187ca1b-cea8-4806-a62e-c5f2e0834468">
    </UnitTestResult>
    <UnitTestResult executionId="35cc50ca-8dc4-405b-b6b3-4f13b6c966ba" testId="2250a8be-6947-1057-ceec-e49c62f651fa" testName="As21505" computerName="MINIAC" duration="00:00:00.0004619" startTime="2011-01-06T10:30:37.8098498+00:00" endTime="2011-01-06T10:30:37.8238506+00:00" testType="13cdc9d9-ddb5-4fa4-a97d-d965ccfc6d4b" outcome="Passed" testListId="8c84fa94-04c1-424b-9868-57a2d4851a1d" relativeResultsDirectory="35cc50ca-8dc4-405b-b6b3-4f13b6c966ba">
    </UnitTestResult>
    <UnitTestResult executionId="c49c0908-a072-4c4f-a077-a422e003bec1" testId="22b3bc9e-2d91-4747-086b-d415be2c5776" testName="RangeThrowsContractException560" computerName="MINIAC" duration="00:00:00.0007815" startTime="2011-01-06T10:30:37.8298509+00:00" endTime="2011-01-06T10:30:37.8418516+00:00" testType="13cdc9d9-ddb5-4fa4-a97d-d965ccfc6d4b" outcome="Passed" testListId="8c84fa94-04c1-424b-9868-57a2d4851a1d" relativeResultsDirectory="c49c0908-a072-4c4f-a077-a422e003bec1">
    </UnitTestResult>
    <UnitTestResult executionId="0683761a-e5ca-4c93-9e9e-c0b03a87aaca" testId="22fb3f0c-8177-2102-3c97-5cd124eaf953" testName="Add60902" computerName="MINIAC" duration="00:00:00.0021515" startTime="2011-01-06T10:30:37.8448518+00:00" endTime="2011-01-06T10:30:37.8608527+00:00" testType="13cdc9d9-ddb5-4fa4-a97d-d965ccfc6d4b" outcome="Passed" testListId="8c84fa94-04c1-424b-9868-57a2d4851a1d" relativeResultsDirectory="0683761a-e5ca-4c93-9e9e-c0b03a87aaca">
    </UnitTestResult>
    <UnitTestResult executionId="bc5d099f-ef5e-4e90-89bd-a7829d206094" testId="23289518-cff6-51c7-cbca-8f7fc69c7429" testName="SubarrayThrowsContractException304" computerName="MINIAC" duration="00:00:00.0005212" startTime="2011-01-06T10:30:37.8628528+00:00" endTime="2011-01-06T10:30:37.8788537+00:00" testType="13cdc9d9-ddb5-4fa4-a97d-d965ccfc6d4b" outcome="Passed" testListId="8c84fa94-04c1-424b-9868-57a2d4851a1d" relativeResultsDirectory="bc5d099f-ef5e-4e90-89bd-a7829d206094">
    </UnitTestResult>
    <UnitTestResult executionId="b2a91958-67de-49a1-ab33-b1603eb55c6d" testId="236dd585-9363-168d-3729-7ab007ad8692" testName="Fill68801" computerName="MINIAC" duration="00:00:00.0023372" startTime="2011-01-06T10:30:37.8848541+00:00" endTime="2011-01-06T10:30:37.9098555+00:00" testType="13cdc9d9-ddb5-4fa4-a97d-d965ccfc6d4b" outcome="Passed" testListId="8c84fa94-04c1-424b-9868-57a2d4851a1d" relativeResultsDirectory="b2a91958-67de-49a1-ab33-b1603eb55c6d">
    </UnitTestResult>
    <UnitTestResult executionId="243906f6-6a16-4259-a72d-7029a758e33e" testId="24fadf38-4396-5113-e8f4-c4d70d185024" testName="IfNotNull0192305" computerName="MINIAC" duration="00:00:00.0018790" startTime="2011-01-06T10:30:37.9148558+00:00" endTime="2011-01-06T10:30:37.9318568+00:00" testType="13cdc9d9-ddb5-4fa4-a97d-d965ccfc6d4b" outcome="Passed" testListId="8c84fa94-04c1-424b-9868-57a2d4851a1d" relativeResultsDirectory="243906f6-6a16-4259-a72d-7029a758e33e">
    </UnitTestResult>
    <UnitTestResult executionId="b450c536-8418-4eba-8f44-7caea04c113b" testId="25d5b35a-db1f-e192-1a83-5fbd23003a20" testName="Execute53301" computerName="MINIAC" duration="00:00:00.0011987" startTime="2011-01-06T10:30:37.9388572+00:00" endTime="2011-01-06T10:30:37.9488578+00:00" testType="13cdc9d9-ddb5-4fa4-a97d-d965ccfc6d4b" outcome="Passed" testListId="8c84fa94-04c1-424b-9868-57a2d4851a1d" relativeResultsDirectory="b450c536-8418-4eba-8f44-7caea04c113b">
    </UnitTestResult>
    <UnitTestResult executionId="a09b4276-3b22-4ec4-910c-818e0ad4f549" testId="25e137bf-b11b-a709-2200-80de04831d5b" testName="As0163228" computerName="MINIAC" duration="00:00:00.0003882" startTime="2011-01-06T10:30:37.9608584+00:00" endTime="2011-01-06T10:30:37.9748592+00:00" testType="13cdc9d9-ddb5-4fa4-a97d-d965ccfc6d4b" outcome="Passed" testListId="8c84fa94-04c1-424b-9868-57a2d4851a1d" relativeResultsDirectory="a09b4276-3b22-4ec4-910c-818e0ad4f549">
    </UnitTestResult>
    <UnitTestResult executionId="dd785e0f-35e1-432c-9420-d5e280b618cc" testId="28805317-a840-3e77-4899-69199b1265d9" testName="CreateIEnumerableThrowsContractException485" computerName="MINIAC" duration="00:00:00.0012822" startTime="2011-01-06T10:30:37.9798595+00:00" endTime="2011-01-06T10:30:37.9888600+00:00" testType="13cdc9d9-ddb5-4fa4-a97d-d965ccfc6d4b" outcome="Passed" testListId="8c84fa94-04c1-424b-9868-57a2d4851a1d" relativeResultsDirectory="dd785e0f-35e1-432c-9420-d5e280b618cc">
    </UnitTestResult>
    <UnitTestResult executionId="7b8f407b-4a35-4f5e-8a26-aaa036b7573c" testId="29095a51-c311-c865-7cf1-7076578258b7" testName="As0136704" computerName="MINIAC" duration="00:00:00.0021963" startTime="2011-01-06T10:30:37.9968605+00:00" endTime="2011-01-06T10:30:38.0168616+00:00" testType="13cdc9d9-ddb5-4fa4-a97d-d965ccfc6d4b" outcome="Passed" testListId="8c84fa94-04c1-424b-9868-57a2d4851a1d" relativeResultsDirectory="7b8f407b-4a35-4f5e-8a26-aaa036b7573c">
    </UnitTestResult>
    <UnitTestResult executionId="7d45a677-a7af-40ae-a38a-1d6e340d882e" testId="29c9ba2a-8918-92c1-edbc-ad1fd40c77e1" testName="ReadLinesFromThrowsContractException838" computerName="MINIAC" duration="00:00:00.0018599" startTime="2011-01-06T10:30:38.0218619+00:00" endTime="2011-01-06T10:30:38.0318625+00:00" testType="13cdc9d9-ddb5-4fa4-a97d-d965ccfc6d4b" outcome="Passed" testListId="8c84fa94-04c1-424b-9868-57a2d4851a1d" relativeResultsDirectory="7d45a677-a7af-40ae-a38a-1d6e340d882e">
    </UnitTestResult>
    <UnitTestResult executionId="cb4a420f-9b1d-4c77-91d2-159f5742fdc0" testId="29e140f3-0b7d-028a-f85f-e65d5e7a4460" testName="Add29601" computerName="MINIAC" duration="00:00:00.0019966" startTime="2011-01-06T10:30:38.0358627+00:00" endTime="2011-01-06T10:30:38.0558639+00:00" testType="13cdc9d9-ddb5-4fa4-a97d-d965ccfc6d4b" outcome="Passed" testListId="8c84fa94-04c1-424b-9868-57a2d4851a1d" relativeResultsDirectory="cb4a420f-9b1d-4c77-91d2-159f5742fdc0">
    </UnitTestResult>
    <UnitTestResult executionId="623c582c-3b27-46ca-8d8a-80298e16b452" testId="2a3bccbe-42e2-9009-af11-20e5efc1eb2e" testName="As0163241" computerName="MINIAC" duration="00:00:00.0006397" startTime="2011-01-06T10:30:38.0598641+00:00" endTime="2011-01-06T10:30:38.0688646+00:00" testType="13cdc9d9-ddb5-4fa4-a97d-d965ccfc6d4b" outcome="Passed" testListId="8c84fa94-04c1-424b-9868-57a2d4851a1d" relativeResultsDirectory="623c582c-3b27-46ca-8d8a-80298e16b452">
    </UnitTestResult>
    <UnitTestResult executionId="20ed4d0f-8584-41f9-9e71-f35c7a188e2e" testId="2a492a9b-f563-5e1e-f60c-76d1e2ee9ce9" testName="To723" computerName="MINIAC" duration="00:00:00.0013951" startTime="2011-01-06T10:30:38.0798652+00:00" endTime="2011-01-06T10:30:38.0948661+00:00" testType="13cdc9d9-ddb5-4fa4-a97d-d965ccfc6d4b" outcome="Passed" testListId="8c84fa94-04c1-424b-9868-57a2d4851a1d" relativeResultsDirectory="20ed4d0f-8584-41f9-9e71-f35c7a188e2e">
    </UnitTestResult>
    <UnitTestResult executionId="6f32b7b4-95e5-4727-920a-fb745e6fbcef" testId="2a73a8ee-edb3-255b-de40-e76f0ee6887d" testName="Bound01171" computerName="MINIAC" duration="00:00:00.0003340" startTime="2011-01-06T10:30:38.0968662+00:00" endTime="2011-01-06T10:30:38.1278680+00:00" testType="13cdc9d9-ddb5-4fa4-a97d-d965ccfc6d4b" outcome="Passed" testListId="8c84fa94-04c1-424b-9868-57a2d4851a1d" relativeResultsDirectory="6f32b7b4-95e5-4727-920a-fb745e6fbcef">
    </UnitTestResult>
    <UnitTestResult executionId="7ef7160a-48cc-4d9d-83fe-1bc4a2a02884" testId="2b100bf6-e6a4-9f38-c22a-f01b6c39f024" testName="GetSubRectangles899" computerName="MINIAC" duration="00:00:00.0050025" startTime="2011-01-06T10:30:38.1418688+00:00" endTime="2011-01-06T10:30:38.1648701+00:00" testType="13cdc9d9-ddb5-4fa4-a97d-d965ccfc6d4b" outcome="Passed" testListId="8c84fa94-04c1-424b-9868-57a2d4851a1d" relativeResultsDirectory="7ef7160a-48cc-4d9d-83fe-1bc4a2a02884">
    </UnitTestResult>
    <UnitTestResult executionId="fe4de084-cd7a-4896-81d5-816ed17aada8" testId="2b6a1fd0-ad89-86fe-c32f-c850f3486570" testName="As0166401" computerName="MINIAC" duration="00:00:00.0007185" startTime="2011-01-06T10:30:38.1758707+00:00" endTime="2011-01-06T10:30:38.1948718+00:00" testType="13cdc9d9-ddb5-4fa4-a97d-d965ccfc6d4b" outcome="Passed" testListId="8c84fa94-04c1-424b-9868-57a2d4851a1d" relativeResultsDirectory="fe4de084-cd7a-4896-81d5-816ed17aada8">
    </UnitTestResult>
    <UnitTestResult executionId="54c147fe-c3a4-429d-ae2f-a1c050bc5bab" testId="2b9734bf-2716-3fbd-907d-b338c9f5816c" testName="As0163225" computerName="MINIAC" duration="00:00:00.0050688" startTime="2011-01-06T10:30:38.1988721+00:00" endTime="2011-01-06T10:30:38.2158730+00:00" testType="13cdc9d9-ddb5-4fa4-a97d-d965ccfc6d4b" outcome="Passed" testListId="8c84fa94-04c1-424b-9868-57a2d4851a1d" relativeResultsDirectory="54c147fe-c3a4-429d-ae2f-a1c050bc5bab">
    </UnitTestResult>
    <UnitTestResult executionId="8783e931-6e6f-43cc-ae92-e59d9cc28af2" testId="2c678190-6575-f47a-afde-b3eb80b1856c" testName="As0166003" computerName="MINIAC" duration="00:00:00.0003816" startTime="2011-01-06T10:30:38.2228734+00:00" endTime="2011-01-06T10:30:38.2308739+00:00" testType="13cdc9d9-ddb5-4fa4-a97d-d965ccfc6d4b" outcome="Passed" testListId="8c84fa94-04c1-424b-9868-57a2d4851a1d" relativeResultsDirectory="8783e931-6e6f-43cc-ae92-e59d9cc28af2">
    </UnitTestResult>
    <UnitTestResult executionId="eb6dc0f5-894b-40d4-92eb-27d1629500bd" testId="2cb985a5-30e0-1631-ebdb-14215fcd5267" testName="Random575" computerName="MINIAC" duration="00:00:00.0007157" startTime="2011-01-06T10:30:38.2428746+00:00" endTime="2011-01-06T10:30:38.2568754+00:00" testType="13cdc9d9-ddb5-4fa4-a97d-d965ccfc6d4b" outcome="Passed" testListId="8c84fa94-04c1-424b-9868-57a2d4851a1d" relativeResultsDirectory="eb6dc0f5-894b-40d4-92eb-27d1629500bd">
    </UnitTestResult>
    <UnitTestResult executionId="15716840-c7ce-4382-afea-52b5f73692a0" testId="2cd94b85-ca28-7ec9-b7f9-ff8305b67d1c" testName="CollatzCount01510" computerName="MINIAC" duration="00:00:00.0021011" startTime="2011-01-06T10:30:38.2618757+00:00" endTime="2011-01-06T10:30:38.2808767+00:00" testType="13cdc9d9-ddb5-4fa4-a97d-d965ccfc6d4b" outcome="Passed" testListId="8c84fa94-04c1-424b-9868-57a2d4851a1d" relativeResultsDirectory="15716840-c7ce-4382-afea-52b5f73692a0">
    </UnitTestResult>
    <UnitTestResult executionId="ee1a6a26-7a55-4859-a3c9-0fd7006bd65d" testId="2d5e0c73-6690-aba4-5ea6-eafc09214675" testName="IsInThrowsContractException588" computerName="MINIAC" duration="00:00:00.0025575" startTime="2011-01-06T10:30:38.2948775+00:00" endTime="2011-01-06T10:30:38.3108785+00:00" testType="13cdc9d9-ddb5-4fa4-a97d-d965ccfc6d4b" outcome="Passed" testListId="8c84fa94-04c1-424b-9868-57a2d4851a1d" relativeResultsDirectory="ee1a6a26-7a55-4859-a3c9-0fd7006bd65d">
    </UnitTestResult>
    <UnitTestResult executionId="c2d3f40d-04dd-4c20-92f5-c3c43a669841" testId="2e107be2-e3af-1a8b-fb4b-bdb5534db4b8" testName="GetByPercent562" computerName="MINIAC" duration="00:00:00.0003770" startTime="2011-01-06T10:30:38.3208790+00:00" endTime="2011-01-06T10:30:38.3378800+00:00" testType="13cdc9d9-ddb5-4fa4-a97d-d965ccfc6d4b" outcome="Passed" testListId="8c84fa94-04c1-424b-9868-57a2d4851a1d" relativeResultsDirectory="c2d3f40d-04dd-4c20-92f5-c3c43a669841">
    </UnitTestResult>
    <UnitTestResult executionId="aade3068-6f3f-4df9-873c-80fdfd1467e6" testId="2e27cda4-16b0-824b-d141-c5b5382ec851" testName="Shuffle52101" computerName="MINIAC" duration="00:00:00.0007227" startTime="2011-01-06T10:30:38.3428803+00:00" endTime="2011-01-06T10:30:38.3658816+00:00" testType="13cdc9d9-ddb5-4fa4-a97d-d965ccfc6d4b" outcome="Passed" testListId="8c84fa94-04c1-424b-9868-57a2d4851a1d" relativeResultsDirectory="aade3068-6f3f-4df9-873c-80fdfd1467e6">
    </UnitTestResult>
    <UnitTestResult executionId="05d9c06a-a929-4f7b-a320-5a1acb48bbb3" testId="2e9abde5-72f2-18f2-ec62-8da36318a8ed" testName="As0163213" computerName="MINIAC" duration="00:00:00.0014516" startTime="2011-01-06T10:30:38.3708819+00:00" endTime="2011-01-06T10:30:38.3858827+00:00" testType="13cdc9d9-ddb5-4fa4-a97d-d965ccfc6d4b" outcome="Passed" testListId="8c84fa94-04c1-424b-9868-57a2d4851a1d" relativeResultsDirectory="05d9c06a-a929-4f7b-a320-5a1acb48bbb3">
    </UnitTestResult>
    <UnitTestResult executionId="1954b8e0-f9b9-4fa4-84e6-9af1d2a2e96a" testId="2f442340-39d2-2141-feae-caa93af13693" testName="To203" computerName="MINIAC" duration="00:00:00.0005851" startTime="2011-01-06T10:30:38.3898830+00:00" endTime="2011-01-06T10:30:38.4048838+00:00" testType="13cdc9d9-ddb5-4fa4-a97d-d965ccfc6d4b" outcome="Passed" testListId="8c84fa94-04c1-424b-9868-57a2d4851a1d" relativeResultsDirectory="1954b8e0-f9b9-4fa4-84e6-9af1d2a2e96a">
    </UnitTestResult>
    <UnitTestResult executionId="1347460f-eb83-4f52-9533-a12c3f6a91ff" testId="2f5ec1c4-04f0-fa9c-5150-6f7abf584f74" testName="ExecutionTime01ThrowsContractException820" computerName="MINIAC" duration="00:00:00.0019709" startTime="2011-01-06T10:30:38.4098841+00:00" endTime="2011-01-06T10:30:38.4198847+00:00" testType="13cdc9d9-ddb5-4fa4-a97d-d965ccfc6d4b" outcome="Passed" testListId="8c84fa94-04c1-424b-9868-57a2d4851a1d" relativeResultsDirectory="1347460f-eb83-4f52-9533-a12c3f6a91ff">
    </UnitTestResult>
    <UnitTestResult executionId="ee414a82-56a1-4667-bcda-20ef0e1e08f4" testId="2f965438-892b-963f-1d2d-a0dc16402531" testName="Fill0110503" computerName="MINIAC" duration="00:00:00.0022504" startTime="2011-01-06T10:30:38.4298853+00:00" endTime="2011-01-06T10:30:38.4418860+00:00" testType="13cdc9d9-ddb5-4fa4-a97d-d965ccfc6d4b" outcome="Passed" testListId="8c84fa94-04c1-424b-9868-57a2d4851a1d" relativeResultsDirectory="ee414a82-56a1-4667-bcda-20ef0e1e08f4">
    </UnitTestResult>
    <UnitTestResult executionId="7a31f97f-a24c-48c3-9022-cae2fd6f254f" testId="2fd85783-fc83-f96f-d9bf-a6bcc5a252f1" testName="UnionAllThrowsContractException888" computerName="MINIAC" duration="00:00:00.0009075" startTime="2011-01-06T10:30:38.4448861+00:00" endTime="2011-01-06T10:30:38.4588869+00:00" testType="13cdc9d9-ddb5-4fa4-a97d-d965ccfc6d4b" outcome="Passed" testListId="8c84fa94-04c1-424b-9868-57a2d4851a1d" relativeResultsDirectory="7a31f97f-a24c-48c3-9022-cae2fd6f254f">
    </UnitTestResult>
    <UnitTestResult executionId="a46fd965-1a9f-4264-8dc7-789e634477ce" testId="2ff38794-ad92-1998-3c20-e3ee775a8969" testName="TakeEveryThrowsContractException368" computerName="MINIAC" duration="00:00:00.0005482" startTime="2011-01-06T10:30:38.4638872+00:00" endTime="2011-01-06T10:30:38.4718877+00:00" testType="13cdc9d9-ddb5-4fa4-a97d-d965ccfc6d4b" outcome="Passed" testListId="8c84fa94-04c1-424b-9868-57a2d4851a1d" relativeResultsDirectory="a46fd965-1a9f-4264-8dc7-789e634477ce">
    </UnitTestResult>
    <UnitTestResult executionId="6d464e01-f26a-490c-9cbb-d22c2db196e4" testId="30d8e69f-8aa2-c29f-376f-bcb878c7b97b" testName="AddThrowsContractException261" computerName="MINIAC" duration="00:00:00.0025621" startTime="2011-01-06T10:30:38.4738878+00:00" endTime="2011-01-06T10:30:38.4948890+00:00" testType="13cdc9d9-ddb5-4fa4-a97d-d965ccfc6d4b" outcome="Passed" testListId="8c84fa94-04c1-424b-9868-57a2d4851a1d" relativeResultsDirectory="6d464e01-f26a-490c-9cbb-d22c2db196e4">
    </UnitTestResult>
    <UnitTestResult executionId="f5788bb1-e360-4e59-ae8b-4fe92dadf63b" testId="3141d6f7-4f77-e316-0fab-9f0803c256ce" testName="Contrast768" computerName="MINIAC" duration="00:00:00.0046502" startTime="2011-01-06T10:30:38.5038895+00:00" endTime="2011-01-06T10:30:38.5228906+00:00" testType="13cdc9d9-ddb5-4fa4-a97d-d965ccfc6d4b" outcome="Passed" testListId="8c84fa94-04c1-424b-9868-57a2d4851a1d" relativeResultsDirectory="f5788bb1-e360-4e59-ae8b-4fe92dadf63b">
    </UnitTestResult>
    <UnitTestResult executionId="1f05e41b-8df4-4560-8731-0c433a1ecd34" testId="31751606-0e00-3ddd-298e-e7c2d6c445a2" testName="As0198302" computerName="MINIAC" duration="00:00:00.0011385" startTime="2011-01-06T10:30:38.5298910+00:00" endTime="2011-01-06T10:30:38.5438918+00:00" testType="13cdc9d9-ddb5-4fa4-a97d-d965ccfc6d4b" outcome="Passed" testListId="8c84fa94-04c1-424b-9868-57a2d4851a1d" relativeResultsDirectory="1f05e41b-8df4-4560-8731-0c433a1ecd34">
    </UnitTestResult>
    <UnitTestResult executionId="440fc192-ad85-40e5-bda3-8938a85518fa" testId="31a88d64-bb5b-6217-2758-d493dee381b6" testName="To02632" computerName="MINIAC" duration="00:00:00.0313675" startTime="2011-01-06T10:30:38.5568925+00:00" endTime="2011-01-06T10:30:38.5938941+00:00" testType="13cdc9d9-ddb5-4fa4-a97d-d965ccfc6d4b" outcome="Passed" testListId="8c84fa94-04c1-424b-9868-57a2d4851a1d" relativeResultsDirectory="440fc192-ad85-40e5-bda3-8938a85518fa">
    </UnitTestResult>
    <UnitTestResult executionId="c42faf70-ef74-4e33-a8a6-2a0ea34306a7" testId="31a904fb-b5e5-f95a-175a-584bb2addaff" testName="As0163209" computerName="MINIAC" duration="00:00:00.0027912" startTime="2011-01-06T10:30:38.5938941+00:00" endTime="2011-01-06T10:30:38.6138941+00:00" testType="13cdc9d9-ddb5-4fa4-a97d-d965ccfc6d4b" outcome="Passed" testListId="8c84fa94-04c1-424b-9868-57a2d4851a1d" relativeResultsDirectory="c42faf70-ef74-4e33-a8a6-2a0ea34306a7">
    </UnitTestResult>
    <UnitTestResult executionId="cbaf68a8-f47c-4d08-925c-fdf12975973c" testId="3340cb14-cf3b-8e1f-ca28-73acf64d833a" testName="GetEnumerator016901" computerName="MINIAC" duration="00:00:00.0016345" startTime="2011-01-06T10:30:38.6238941+00:00" endTime="2011-01-06T10:30:38.6338941+00:00" testType="13cdc9d9-ddb5-4fa4-a97d-d965ccfc6d4b" outcome="Passed" testListId="8c84fa94-04c1-424b-9868-57a2d4851a1d" relativeResultsDirectory="cbaf68a8-f47c-4d08-925c-fdf12975973c">
    </UnitTestResult>
    <UnitTestResult executionId="c7f6a00b-4332-43fc-b183-2d0259d322c9" testId="33d00c5c-c888-05a3-fa39-c11369cf7bd7" testName="Iter96002" computerName="MINIAC" duration="00:00:00.0009084" startTime="2011-01-06T10:30:38.6438942+00:00" endTime="2011-01-06T10:30:38.6608946+00:00" testType="13cdc9d9-ddb5-4fa4-a97d-d965ccfc6d4b" outcome="Passed" testListId="8c84fa94-04c1-424b-9868-57a2d4851a1d" relativeResultsDirectory="c7f6a00b-4332-43fc-b183-2d0259d322c9">
    </UnitTestResult>
    <UnitTestResult executionId="bb68d814-03e6-412d-b957-bdcf5953dcd7" testId="3403c50d-2a71-9a27-1ea8-652ff438ba45" testName="As0163218" computerName="MINIAC" duration="00:00:00.0006047" startTime="2011-01-06T10:30:38.6648948+00:00" endTime="2011-01-06T10:30:38.6738953+00:00" testType="13cdc9d9-ddb5-4fa4-a97d-d965ccfc6d4b" outcome="Passed" testListId="8c84fa94-04c1-424b-9868-57a2d4851a1d" relativeResultsDirectory="bb68d814-03e6-412d-b957-bdcf5953dcd7">
    </UnitTestResult>
    <UnitTestResult executionId="d13e74ca-f002-4c31-a11c-7fff3fc6d7c5" testId="344e42b2-441e-1ac7-2103-3d35eead278e" testName="Shuffle63201" computerName="MINIAC" duration="00:00:00.0050086" startTime="2011-01-06T10:30:38.6858960+00:00" endTime="2011-01-06T10:30:38.7058971+00:00" testType="13cdc9d9-ddb5-4fa4-a97d-d965ccfc6d4b" outcome="Passed" testListId="8c84fa94-04c1-424b-9868-57a2d4851a1d" relativeResultsDirectory="d13e74ca-f002-4c31-a11c-7fff3fc6d7c5">
    </UnitTestResult>
    <UnitTestResult executionId="f3d3d14b-2bb3-48a5-b9ac-ccb2607eca57" testId="34aa3cd1-c558-0302-e5aa-355d37850848" testName="ForEach78802" computerName="MINIAC" duration="00:00:00.0006663" startTime="2011-01-06T10:30:38.7168978+00:00" endTime="2011-01-06T10:30:38.7308986+00:00" testType="13cdc9d9-ddb5-4fa4-a97d-d965ccfc6d4b" outcome="Passed" testListId="8c84fa94-04c1-424b-9868-57a2d4851a1d" relativeResultsDirectory="f3d3d14b-2bb3-48a5-b9ac-ccb2607eca57">
    </UnitTestResult>
    <UnitTestResult executionId="95c7ae01-fdcf-44d4-beb8-6e70185764c2" testId="352720fc-addb-8a50-aed2-2c94197dd6d3" testName="FillThrowsContractException184" computerName="MINIAC" duration="00:00:00.0029153" startTime="2011-01-06T10:30:38.7348988+00:00" endTime="2011-01-06T10:30:38.7448994+00:00" testType="13cdc9d9-ddb5-4fa4-a97d-d965ccfc6d4b" outcome="Passed" testListId="8c84fa94-04c1-424b-9868-57a2d4851a1d" relativeResultsDirectory="95c7ae01-fdcf-44d4-beb8-6e70185764c2">
    </UnitTestResult>
    <UnitTestResult executionId="9904a4d3-38c5-4672-897d-6ddd2ac9d7ce" testId="361a1550-e2b2-7624-b616-00a1d7f9e7ef" testName="ForEachThrowsContractException599" computerName="MINIAC" duration="00:00:00.0008259" startTime="2011-01-06T10:30:38.7488996+00:00" endTime="2011-01-06T10:30:38.7589002+00:00" testType="13cdc9d9-ddb5-4fa4-a97d-d965ccfc6d4b" outcome="Passed" testListId="8c84fa94-04c1-424b-9868-57a2d4851a1d" relativeResultsDirectory="9904a4d3-38c5-4672-897d-6ddd2ac9d7ce">
    </UnitTestResult>
    <UnitTestResult executionId="7b7d8635-d469-4643-8fb1-23d922740c1a" testId="36c0ac7a-9f37-b952-7a17-2ad1e9132b69" testName="ForEach12504" computerName="MINIAC" duration="00:00:00.0018160" startTime="2011-01-06T10:30:38.7699008+00:00" endTime="2011-01-06T10:30:38.7909020+00:00" testType="13cdc9d9-ddb5-4fa4-a97d-d965ccfc6d4b" outcome="Passed" testListId="8c84fa94-04c1-424b-9868-57a2d4851a1d" relativeResultsDirectory="7b7d8635-d469-4643-8fb1-23d922740c1a">
    </UnitTestResult>
    <UnitTestResult executionId="5f38e255-8a07-4b97-91e7-3b4beb1251e5" testId="37513ae8-9597-0d8b-e168-0cedc873d749" testName="As0136705" computerName="MINIAC" duration="00:00:00.0006313" startTime="2011-01-06T10:30:38.7949022+00:00" endTime="2011-01-06T10:30:38.8089030+00:00" testType="13cdc9d9-ddb5-4fa4-a97d-d965ccfc6d4b" outcome="Passed" testListId="8c84fa94-04c1-424b-9868-57a2d4851a1d" relativeResultsDirectory="5f38e255-8a07-4b97-91e7-3b4beb1251e5">
    </UnitTestResult>
    <UnitTestResult executionId="d4865b26-f3e8-48a2-a00f-78a192dd614b" testId="37c5e788-97a2-ee7f-c1df-5b64dcc3fb4c" testName="As0166002" computerName="MINIAC" duration="00:00:00.0006079" startTime="2011-01-06T10:30:38.8259040+00:00" endTime="2011-01-06T10:30:38.8359046+00:00" testType="13cdc9d9-ddb5-4fa4-a97d-d965ccfc6d4b" outcome="Passed" testListId="8c84fa94-04c1-424b-9868-57a2d4851a1d" relativeResultsDirectory="d4865b26-f3e8-48a2-a00f-78a192dd614b">
    </UnitTestResult>
    <UnitTestResult executionId="d4d6ba68-2f9d-46e5-a866-3800435164b0" testId="382ae704-dd0b-2259-d31c-dfbfb69a1305" testName="UnionAll13601" computerName="MINIAC" duration="00:00:00.0006303" startTime="2011-01-06T10:30:38.8459052+00:00" endTime="2011-01-06T10:30:38.8599060+00:00" testType="13cdc9d9-ddb5-4fa4-a97d-d965ccfc6d4b" outcome="Passed" testListId="8c84fa94-04c1-424b-9868-57a2d4851a1d" relativeResultsDirectory="d4d6ba68-2f9d-46e5-a866-3800435164b0">
    </UnitTestResult>
    <UnitTestResult executionId="f7ab6616-9794-4fcb-adbe-9a8232f9c9be" testId="382f1a18-8c5b-b8b8-72e6-323b201ac9b0" testName="ExecutionTime01ThrowsContractException363" computerName="MINIAC" duration="00:00:00.0008697" startTime="2011-01-06T10:30:38.8649062+00:00" endTime="2011-01-06T10:30:38.8759069+00:00" testType="13cdc9d9-ddb5-4fa4-a97d-d965ccfc6d4b" outcome="Passed" testListId="8c84fa94-04c1-424b-9868-57a2d4851a1d" relativeResultsDirectory="f7ab6616-9794-4fcb-adbe-9a8232f9c9be">
    </UnitTestResult>
    <UnitTestResult executionId="e3506f11-9443-4426-a9e3-c3a5c457a400" testId="389db5b6-ab96-a436-4af4-f75359c85bc2" testName="As0163224" computerName="MINIAC" duration="00:00:00.0008301" startTime="2011-01-06T10:30:38.8829073+00:00" endTime="2011-01-06T10:30:38.8979081+00:00" testType="13cdc9d9-ddb5-4fa4-a97d-d965ccfc6d4b" outcome="Passed" testListId="8c84fa94-04c1-424b-9868-57a2d4851a1d" relativeResultsDirectory="e3506f11-9443-4426-a9e3-c3a5c457a400">
    </UnitTestResult>
    <UnitTestResult executionId="fa808757-b6df-4941-a00a-c3faef9ca50b" testId="3902168e-77cb-c1b4-c44f-4336ab3b86bd" testName="EmptyIfNull122" computerName="MINIAC" duration="00:00:00.0013093" startTime="2011-01-06T10:30:38.9039085+00:00" endTime="2011-01-06T10:30:38.9139090+00:00" testType="13cdc9d9-ddb5-4fa4-a97d-d965ccfc6d4b" outcome="Passed" testListId="8c84fa94-04c1-424b-9868-57a2d4851a1d" relativeResultsDirectory="fa808757-b6df-4941-a00a-c3faef9ca50b">
    </UnitTestResult>
    <UnitTestResult executionId="43cc6998-fd3d-4fde-85da-e1ca35534fac" testId="3950117e-1257-8bcc-63aa-35e8e8daf9e2" testName="To463" computerName="MINIAC" duration="00:00:00.0017199" startTime="2011-01-06T10:30:38.9209094+00:00" endTime="2011-01-06T10:30:38.9359103+00:00" testType="13cdc9d9-ddb5-4fa4-a97d-d965ccfc6d4b" outcome="Passed" testListId="8c84fa94-04c1-424b-9868-57a2d4851a1d" relativeResultsDirectory="43cc6998-fd3d-4fde-85da-e1ca35534fac">
    </UnitTestResult>
    <UnitTestResult executionId="18a57bdd-3642-46bb-8680-f1a3eff39cb8" testId="39820720-af85-1690-8f39-546deff2b7b4" testName="AsEnumerable0128302" computerName="MINIAC" duration="00:00:00.0006033" startTime="2011-01-06T10:30:38.9419106+00:00" endTime="2011-01-06T10:30:38.9549114+00:00" testType="13cdc9d9-ddb5-4fa4-a97d-d965ccfc6d4b" outcome="Passed" testListId="8c84fa94-04c1-424b-9868-57a2d4851a1d" relativeResultsDirectory="18a57bdd-3642-46bb-8680-f1a3eff39cb8">
    </UnitTestResult>
    <UnitTestResult executionId="8951329d-5f67-46d7-b4a0-d79e6648efcc" testId="39a24eb5-a45d-f931-6682-86b278494085" testName="Fill0168804" computerName="MINIAC" duration="00:00:00.0019999" startTime="2011-01-06T10:30:38.9669121+00:00" endTime="2011-01-06T10:30:38.9839130+00:00" testType="13cdc9d9-ddb5-4fa4-a97d-d965ccfc6d4b" outcome="Passed" testListId="8c84fa94-04c1-424b-9868-57a2d4851a1d" relativeResultsDirectory="8951329d-5f67-46d7-b4a0-d79e6648efcc">
    </UnitTestResult>
    <UnitTestResult executionId="65bfbebd-7d14-4ca4-99ab-2f8930e80e41" testId="3a633eaa-632f-f936-1d35-4e407b494884" testName="As0163207" computerName="MINIAC" duration="00:00:00.0003844" startTime="2011-01-06T10:30:38.9959137+00:00" endTime="2011-01-06T10:30:39.0099145+00:00" testType="13cdc9d9-ddb5-4fa4-a97d-d965ccfc6d4b" outcome="Passed" testListId="8c84fa94-04c1-424b-9868-57a2d4851a1d" relativeResultsDirectory="65bfbebd-7d14-4ca4-99ab-2f8930e80e41">
    </UnitTestResult>
    <UnitTestResult executionId="f647380e-9c1c-4598-8764-d9d47d8e2b29" testId="3c1d094b-ca29-adfc-cfcd-77289a3cce3f" testName="As0130304" computerName="MINIAC" duration="00:00:00.0006289" startTime="2011-01-06T10:30:39.0159149+00:00" endTime="2011-01-06T10:30:39.0259154+00:00" testType="13cdc9d9-ddb5-4fa4-a97d-d965ccfc6d4b" outcome="Passed" testListId="8c84fa94-04c1-424b-9868-57a2d4851a1d" relativeResultsDirectory="f647380e-9c1c-4598-8764-d9d47d8e2b29">
    </UnitTestResult>
    <UnitTestResult executionId="f44805f0-c7e1-45ac-ac9c-e24aaa692514" testId="3c2e9b97-7181-c8d2-2f10-0abc89251ccc" testName="IfNotNull0159705" computerName="MINIAC" duration="00:00:00.0019742" startTime="2011-01-06T10:30:39.0309157+00:00" endTime="2011-01-06T10:30:39.0489168+00:00" testType="13cdc9d9-ddb5-4fa4-a97d-d965ccfc6d4b" outcome="Passed" testListId="8c84fa94-04c1-424b-9868-57a2d4851a1d" relativeResultsDirectory="f44805f0-c7e1-45ac-ac9c-e24aaa692514">
    </UnitTestResult>
    <UnitTestResult executionId="f2085996-9ad1-4622-93d9-56175ed95ce6" testId="3c579db0-0876-cedf-1e56-2a6de957c366" testName="GetByPercentThrowsContractException15101" computerName="MINIAC" duration="00:00:00.0026428" startTime="2011-01-06T10:30:39.0509169+00:00" endTime="2011-01-06T10:30:39.0669178+00:00" testType="13cdc9d9-ddb5-4fa4-a97d-d965ccfc6d4b" outcome="Passed" testListId="8c84fa94-04c1-424b-9868-57a2d4851a1d" relativeResultsDirectory="f2085996-9ad1-4622-93d9-56175ed95ce6">
    </UnitTestResult>
    <UnitTestResult executionId="30fb9bbb-afff-4ab2-a9a0-bb2bbeacbcc1" testId="3ca3afbe-4155-3a78-1581-d034645ac0e9" testName="To04ThrowsContractException193" computerName="MINIAC" duration="00:00:00.0022878" startTime="2011-01-06T10:30:39.0689179+00:00" endTime="2011-01-06T10:30:39.0899191+00:00" testType="13cdc9d9-ddb5-4fa4-a97d-d965ccfc6d4b" outcome="Passed" testListId="8c84fa94-04c1-424b-9868-57a2d4851a1d" relativeResultsDirectory="30fb9bbb-afff-4ab2-a9a0-bb2bbeacbcc1">
    </UnitTestResult>
    <UnitTestResult executionId="8b6429cf-3238-4207-b009-d3ec91473cd7" testId="3cd342db-3464-b39f-d797-78a5b44d7bab" testName="GetSubRectangles179" computerName="MINIAC" duration="00:00:00.0018393" startTime="2011-01-06T10:30:39.0969195+00:00" endTime="2011-01-06T10:30:39.1199208+00:00" testType="13cdc9d9-ddb5-4fa4-a97d-d965ccfc6d4b" outcome="Passed" testListId="8c84fa94-04c1-424b-9868-57a2d4851a1d" relativeResultsDirectory="8b6429cf-3238-4207-b009-d3ec91473cd7">
    </UnitTestResult>
    <UnitTestResult executionId="2af1bc3a-987d-429e-99d3-8d9174d22eb2" testId="3cd79fab-d2b4-f532-5d2a-fc7f89f94523" testName="CollatzCount01606" computerName="MINIAC" duration="00:00:00.0019229" startTime="2011-01-06T10:30:39.1219209+00:00" endTime="2011-01-06T10:30:39.1369218+00:00" testType="13cdc9d9-ddb5-4fa4-a97d-d965ccfc6d4b" outcome="Passed" testListId="8c84fa94-04c1-424b-9868-57a2d4851a1d" relativeResultsDirectory="2af1bc3a-987d-429e-99d3-8d9174d22eb2">
    </UnitTestResult>
    <UnitTestResult executionId="dc8d1da2-f943-47e4-8792-47ffac2b3a6a" testId="3d3988d3-9563-f144-e6f1-47341372fdea" testName="As01303" computerName="MINIAC" duration="00:00:00.0003784" startTime="2011-01-06T10:30:39.1439222+00:00" endTime="2011-01-06T10:30:39.1609232+00:00" testType="13cdc9d9-ddb5-4fa4-a97d-d965ccfc6d4b" outcome="Passed" testListId="8c84fa94-04c1-424b-9868-57a2d4851a1d" relativeResultsDirectory="dc8d1da2-f943-47e4-8792-47ffac2b3a6a">
    </UnitTestResult>
    <UnitTestResult executionId="ced27f4c-e17a-4095-8bb9-f0b475dad668" testId="3dde4b4b-e27c-57a9-155e-da4fc130f503" testName="ExecuteThrowsContractException357" computerName="MINIAC" duration="00:00:00.0007573" startTime="2011-01-06T10:30:39.1669235+00:00" endTime="2011-01-06T10:30:39.1769241+00:00" testType="13cdc9d9-ddb5-4fa4-a97d-d965ccfc6d4b" outcome="Passed" testListId="8c84fa94-04c1-424b-9868-57a2d4851a1d" relativeResultsDirectory="ced27f4c-e17a-4095-8bb9-f0b475dad668">
    </UnitTestResult>
    <UnitTestResult executionId="3ff1a3e0-9ff0-4981-9c49-5889ff172618" testId="3e37c17d-90fa-e89c-9aa5-d591fc3b0dec" testName="As01367" computerName="MINIAC" duration="00:00:00.0006751" startTime="2011-01-06T10:30:39.1829244+00:00" endTime="2011-01-06T10:30:39.1989253+00:00" testType="13cdc9d9-ddb5-4fa4-a97d-d965ccfc6d4b" outcome="Passed" testListId="8c84fa94-04c1-424b-9868-57a2d4851a1d" relativeResultsDirectory="3ff1a3e0-9ff0-4981-9c49-5889ff172618">
    </UnitTestResult>
    <UnitTestResult executionId="54b7bb97-791e-4c6a-93ba-4534b39fb5c8" testId="3f99a1d3-4dae-8b7d-a361-9ebbf5115b1e" testName="As0163240" computerName="MINIAC" duration="00:00:00.0006023" startTime="2011-01-06T10:30:39.2089259+00:00" endTime="2011-01-06T10:30:39.2179264+00:00" testType="13cdc9d9-ddb5-4fa4-a97d-d965ccfc6d4b" outcome="Passed" testListId="8c84fa94-04c1-424b-9868-57a2d4851a1d" relativeResultsDirectory="54b7bb97-791e-4c6a-93ba-4534b39fb5c8">
    </UnitTestResult>
    <UnitTestResult executionId="de89a601-f64e-44e3-89be-7668923ba607" testId="3febe6f3-67ab-23b3-dd85-d4b7c1206b0c" testName="TakeEvery57301" computerName="MINIAC" duration="00:00:00.0009915" startTime="2011-01-06T10:30:39.2269269+00:00" endTime="2011-01-06T10:30:39.2439279+00:00" testType="13cdc9d9-ddb5-4fa4-a97d-d965ccfc6d4b" outcome="Passed" testListId="8c84fa94-04c1-424b-9868-57a2d4851a1d" relativeResultsDirectory="de89a601-f64e-44e3-89be-7668923ba607">
    </UnitTestResult>
    <UnitTestResult executionId="a10fd42d-dcab-47f7-82c0-7ebc7b695fcc" testId="40b13692-f736-7aca-afa5-678a24ba3ffc" testName="As0163219" computerName="MINIAC" duration="00:00:00.0007064" startTime="2011-01-06T10:30:39.2519284+00:00" endTime="2011-01-06T10:30:39.2659292+00:00" testType="13cdc9d9-ddb5-4fa4-a97d-d965ccfc6d4b" outcome="Passed" testListId="8c84fa94-04c1-424b-9868-57a2d4851a1d" relativeResultsDirectory="a10fd42d-dcab-47f7-82c0-7ebc7b695fcc">
    </UnitTestResult>
    <UnitTestResult executionId="36dd2692-b782-4467-b6d2-cf01f76c7857" testId="40e83519-1225-601d-0c17-661b77e82314" testName="As01404" computerName="MINIAC" duration="00:00:00.0005692" startTime="2011-01-06T10:30:39.2699294+00:00" endTime="2011-01-06T10:30:39.2889305+00:00" testType="13cdc9d9-ddb5-4fa4-a97d-d965ccfc6d4b" outcome="Passed" testListId="8c84fa94-04c1-424b-9868-57a2d4851a1d" relativeResultsDirectory="36dd2692-b782-4467-b6d2-cf01f76c7857">
    </UnitTestResult>
    <UnitTestResult executionId="1035ed9c-cc5e-401a-a270-c95739a1121f" testId="4183213a-6645-16c2-af8b-e5bfcf7442d8" testName="NullOr90701" computerName="MINIAC" duration="00:00:00.0019593" startTime="2011-01-06T10:30:39.2909306+00:00" endTime="2011-01-06T10:30:39.3059315+00:00" testType="13cdc9d9-ddb5-4fa4-a97d-d965ccfc6d4b" outcome="Passed" testListId="8c84fa94-04c1-424b-9868-57a2d4851a1d" relativeResultsDirectory="1035ed9c-cc5e-401a-a270-c95739a1121f">
    </UnitTestResult>
    <UnitTestResult executionId="b88084fc-b850-4e8c-aba8-915c32542298" testId="41b53b6b-04c0-c784-5da0-bab31b4fb4d7" testName="ForEach90803" computerName="MINIAC" duration="00:00:00.0006075" startTime="2011-01-06T10:30:39.3129319+00:00" endTime="2011-01-06T10:30:39.3229324+00:00" testType="13cdc9d9-ddb5-4fa4-a97d-d965ccfc6d4b" outcome="Passed" testListId="8c84fa94-04c1-424b-9868-57a2d4851a1d" relativeResultsDirectory="b88084fc-b850-4e8c-aba8-915c32542298">
    </UnitTestResult>
    <UnitTestResult executionId="1c242d7a-b471-4c03-bd25-0bc0aff46941" testId="41c73ee5-f5f2-636b-5a9a-3a3fb22aecad" testName="NullOrThrowsContractException745" computerName="MINIAC" duration="00:00:00.0020782" startTime="2011-01-06T10:30:39.3379333+00:00" endTime="2011-01-06T10:30:39.3539342+00:00" testType="13cdc9d9-ddb5-4fa4-a97d-d965ccfc6d4b" outcome="Passed" testListId="8c84fa94-04c1-424b-9868-57a2d4851a1d" relativeResultsDirectory="1c242d7a-b471-4c03-bd25-0bc0aff46941">
    </UnitTestResult>
    <UnitTestResult executionId="997ec103-efb0-44f3-8411-e15209b05151" testId="42f45f10-504d-0d19-0e58-1ea2105c69e9" testName="AsEnumerable0128301" computerName="MINIAC" duration="00:00:00.0045882" startTime="2011-01-06T10:30:39.3769355+00:00" endTime="2011-01-06T10:30:39.3879362+00:00" testType="13cdc9d9-ddb5-4fa4-a97d-d965ccfc6d4b" outcome="Passed" testListId="8c84fa94-04c1-424b-9868-57a2d4851a1d" relativeResultsDirectory="997ec103-efb0-44f3-8411-e15209b05151">
    </UnitTestResult>
    <UnitTestResult executionId="aa38035f-2ec8-4156-8eb1-5d76bceb27fc" testId="43271b50-9462-4bb7-5e78-3783a2d68504" testName="As0198301" computerName="MINIAC" duration="00:00:00.0030292" startTime="2011-01-06T10:30:39.3899363+00:00" endTime="2011-01-06T10:30:39.4149377+00:00" testType="13cdc9d9-ddb5-4fa4-a97d-d965ccfc6d4b" outcome="Passed" testListId="8c84fa94-04c1-424b-9868-57a2d4851a1d" relativeResultsDirectory="aa38035f-2ec8-4156-8eb1-5d76bceb27fc">
    </UnitTestResult>
    <UnitTestResult executionId="ae242a27-82ce-490d-9a8c-524fb7f2b338" testId="43b966b3-46a6-2c68-ed24-575462007214" testName="GetEntry195" computerName="MINIAC" duration="00:00:00.0026811" startTime="2011-01-06T10:30:39.4169378+00:00" endTime="2011-01-06T10:30:39.4259383+00:00" testType="13cdc9d9-ddb5-4fa4-a97d-d965ccfc6d4b" outcome="Passed" testListId="8c84fa94-04c1-424b-9868-57a2d4851a1d" relativeResultsDirectory="ae242a27-82ce-490d-9a8c-524fb7f2b338">
    </UnitTestResult>
    <UnitTestResult executionId="aa3fbdc6-bd4f-41c6-8e41-57166603188f" testId="446e633f-49f1-1108-f723-4032f6b7dd87" testName="CreateRectangleThrowsContractException799" computerName="MINIAC" duration="00:00:00.0041071" startTime="2011-01-06T10:30:39.4459384+00:00" endTime="2011-01-06T10:30:39.4729388+00:00" testType="13cdc9d9-ddb5-4fa4-a97d-d965ccfc6d4b" outcome="Passed" testListId="8c84fa94-04c1-424b-9868-57a2d4851a1d" relativeResultsDirectory="aa3fbdc6-bd4f-41c6-8e41-57166603188f">
    </UnitTestResult>
    <UnitTestResult executionId="e450c8d4-bd58-4645-8ee2-382b37166874" testId="44ddd54b-7a43-e4f9-ebb3-b78badce4585" testName="As21517" computerName="MINIAC" duration="00:00:00.0031771" startTime="2011-01-06T10:30:39.4799392+00:00" endTime="2011-01-06T10:30:39.4969402+00:00" testType="13cdc9d9-ddb5-4fa4-a97d-d965ccfc6d4b" outcome="Passed" testListId="8c84fa94-04c1-424b-9868-57a2d4851a1d" relativeResultsDirectory="e450c8d4-bd58-4645-8ee2-382b37166874">
    </UnitTestResult>
    <UnitTestResult executionId="19389ec0-5fb9-4e22-a5f9-28850718a6c6" testId="466bff3f-4c8e-a9c1-50f6-91ffeb15d3a1" testName="As0163231" computerName="MINIAC" duration="00:00:00.0026923" startTime="2011-01-06T10:30:39.5009404+00:00" endTime="2011-01-06T10:30:39.5169413+00:00" testType="13cdc9d9-ddb5-4fa4-a97d-d965ccfc6d4b" outcome="Passed" testListId="8c84fa94-04c1-424b-9868-57a2d4851a1d" relativeResultsDirectory="19389ec0-5fb9-4e22-a5f9-28850718a6c6">
    </UnitTestResult>
    <UnitTestResult executionId="a324ab41-5ce6-4e6b-97e3-3f4880a400b9" testId="46ca0fd9-03e1-55e3-3ad7-b4625d8d07c0" testName="IfNotNull17302" computerName="MINIAC" duration="00:00:00.0026998" startTime="2011-01-06T10:30:39.5209415+00:00" endTime="2011-01-06T10:30:39.5459430+00:00" testType="13cdc9d9-ddb5-4fa4-a97d-d965ccfc6d4b" outcome="Passed" testListId="8c84fa94-04c1-424b-9868-57a2d4851a1d" relativeResultsDirectory="a324ab41-5ce6-4e6b-97e3-3f4880a400b9">
    </UnitTestResult>
    <UnitTestResult executionId="ad7e5647-04bf-46e2-97cc-76e1ae6337c5" testId="46f11c29-0946-1ee3-1afe-afb72995b905" testName="IfNotNull01923" computerName="MINIAC" duration="00:00:00.0004946" startTime="2011-01-06T10:30:39.5489431+00:00" endTime="2011-01-06T10:30:39.5619439+00:00" testType="13cdc9d9-ddb5-4fa4-a97d-d965ccfc6d4b" outcome="Passed" testListId="8c84fa94-04c1-424b-9868-57a2d4851a1d" relativeResultsDirectory="ad7e5647-04bf-46e2-97cc-76e1ae6337c5">
    </UnitTestResult>
    <UnitTestResult executionId="1f427881-8a22-4ad8-9dee-0b03b3a92154" testId="473a2b39-cb44-1d62-3c12-9fd92e3b377f" testName="As0163222" computerName="MINIAC" duration="00:00:00.0178246" startTime="2011-01-06T10:30:39.5639440+00:00" endTime="2011-01-06T10:30:39.5969459+00:00" testType="13cdc9d9-ddb5-4fa4-a97d-d965ccfc6d4b" outcome="Passed" testListId="8c84fa94-04c1-424b-9868-57a2d4851a1d" relativeResultsDirectory="1f427881-8a22-4ad8-9dee-0b03b3a92154">
    </UnitTestResult>
    <UnitTestResult executionId="80bf3095-b47b-4d59-9483-668b858eaa78" testId="4796da93-05be-09dc-4928-16eafddcfcc3" testName="As0163203" computerName="MINIAC" duration="00:00:00.0026340" startTime="2011-01-06T10:30:39.5989460+00:00" endTime="2011-01-06T10:30:39.6239474+00:00" testType="13cdc9d9-ddb5-4fa4-a97d-d965ccfc6d4b" outcome="Passed" testListId="8c84fa94-04c1-424b-9868-57a2d4851a1d" relativeResultsDirectory="80bf3095-b47b-4d59-9483-668b858eaa78">
    </UnitTestResult>
    <UnitTestResult executionId="5aa73fc7-280b-49ed-b578-1469f8b39052" testId="4828b82d-197c-d38d-1052-fb24855ec6ae" testName="UnionAll02ThrowsContractException669" computerName="MINIAC" duration="00:00:00.0046404" startTime="2011-01-06T10:30:39.6319479+00:00" endTime="2011-01-06T10:30:39.6459487+00:00" testType="13cdc9d9-ddb5-4fa4-a97d-d965ccfc6d4b" outcome="Passed" testListId="8c84fa94-04c1-424b-9868-57a2d4851a1d" relativeResultsDirectory="5aa73fc7-280b-49ed-b578-1469f8b39052">
    </UnitTestResult>
    <UnitTestResult executionId="0ef2ad14-3071-4e55-8376-6f7673f2d5ff" testId="48745f52-01da-5495-8edc-495e0a033ca1" testName="As0163205" computerName="MINIAC" duration="00:00:00.0111287" startTime="2011-01-06T10:30:39.6499489+00:00" endTime="2011-01-06T10:30:39.6699501+00:00" testType="13cdc9d9-ddb5-4fa4-a97d-d965ccfc6d4b" outcome="Passed" testListId="8c84fa94-04c1-424b-9868-57a2d4851a1d" relativeResultsDirectory="0ef2ad14-3071-4e55-8376-6f7673f2d5ff">
    </UnitTestResult>
    <UnitTestResult executionId="927bd872-29d7-411c-aaee-746881aa6755" testId="49aa9228-e307-ef3c-566e-386137588923" testName="IfNotNull0192301" computerName="MINIAC" duration="00:00:00.0052283" startTime="2011-01-06T10:30:39.6819507+00:00" endTime="2011-01-06T10:30:39.6939514+00:00" testType="13cdc9d9-ddb5-4fa4-a97d-d965ccfc6d4b" outcome="Passed" testListId="8c84fa94-04c1-424b-9868-57a2d4851a1d" relativeResultsDirectory="927bd872-29d7-411c-aaee-746881aa6755">
    </UnitTestResult>
    <UnitTestResult executionId="9cd3ccfc-11c9-4e52-8b09-16d7f24ceb0a" testId="49b4e1b0-9a60-f1f3-7d8e-e1f63ecc7d50" testName="UnionAll02ThrowsContractException903" computerName="MINIAC" duration="00:00:00.0062946" startTime="2011-01-06T10:30:39.7029519+00:00" endTime="2011-01-06T10:30:39.7159527+00:00" testType="13cdc9d9-ddb5-4fa4-a97d-d965ccfc6d4b" outcome="Passed" testListId="8c84fa94-04c1-424b-9868-57a2d4851a1d" relativeResultsDirectory="9cd3ccfc-11c9-4e52-8b09-16d7f24ceb0a">
    </UnitTestResult>
    <UnitTestResult executionId="46ecb7f6-ac5e-479b-b590-795d7e8872d9" testId="4a5ccd91-8853-f0cc-c6d0-af1603a36ab2" testName="As0166001" computerName="MINIAC" duration="00:00:00.0045368" startTime="2011-01-06T10:30:39.7289534+00:00" endTime="2011-01-06T10:30:39.7389540+00:00" testType="13cdc9d9-ddb5-4fa4-a97d-d965ccfc6d4b" outcome="Passed" testListId="8c84fa94-04c1-424b-9868-57a2d4851a1d" relativeResultsDirectory="46ecb7f6-ac5e-479b-b590-795d7e8872d9">
    </UnitTestResult>
    <UnitTestResult executionId="f7bed755-5e3d-4061-aeef-07484a6af0cd" testId="4c1abec7-91f0-7672-2e0f-302cf26fbd1a" testName="As0166403" computerName="MINIAC" duration="00:00:00.0051061" startTime="2011-01-06T10:30:39.7569550+00:00" endTime="2011-01-06T10:30:39.7759561+00:00" testType="13cdc9d9-ddb5-4fa4-a97d-d965ccfc6d4b" outcome="Passed" testListId="8c84fa94-04c1-424b-9868-57a2d4851a1d" relativeResultsDirectory="f7bed755-5e3d-4061-aeef-07484a6af0cd">
    </UnitTestResult>
    <UnitTestResult executionId="4f17a487-94b8-4d77-b38a-687c605db7d7" testId="4c6a72c8-f168-62bf-d7c0-83140d0efec5" testName="ForEach12505" computerName="MINIAC" duration="00:00:00.0068391" startTime="2011-01-06T10:30:39.7849566+00:00" endTime="2011-01-06T10:30:39.8099581+00:00" testType="13cdc9d9-ddb5-4fa4-a97d-d965ccfc6d4b" outcome="Passed" testListId="8c84fa94-04c1-424b-9868-57a2d4851a1d" relativeResultsDirectory="4f17a487-94b8-4d77-b38a-687c605db7d7">
    </UnitTestResult>
    <UnitTestResult executionId="b0e4cf68-8659-4ced-aee8-500c11869680" testId="4c766330-2a1a-c11f-5958-fa0e45c2a866" testName="UnionAll0233901" computerName="MINIAC" duration="00:00:00.0033054" startTime="2011-01-06T10:30:39.8189586+00:00" endTime="2011-01-06T10:30:39.8409598+00:00" testType="13cdc9d9-ddb5-4fa4-a97d-d965ccfc6d4b" outcome="Passed" testListId="8c84fa94-04c1-424b-9868-57a2d4851a1d" relativeResultsDirectory="b0e4cf68-8659-4ced-aee8-500c11869680">
    </UnitTestResult>
    <UnitTestResult executionId="0c1c8bc9-1c6d-4ae9-a384-cc7017581cf7" testId="4d41008a-7d5b-c195-89ca-25e2bba2803d" testName="NullOr71404" computerName="MINIAC" duration="00:00:00.0026452" startTime="2011-01-06T10:30:39.8489603+00:00" endTime="2011-01-06T10:30:39.8569607+00:00" testType="13cdc9d9-ddb5-4fa4-a97d-d965ccfc6d4b" outcome="Passed" testListId="8c84fa94-04c1-424b-9868-57a2d4851a1d" relativeResultsDirectory="0c1c8bc9-1c6d-4ae9-a384-cc7017581cf7">
    </UnitTestResult>
    <UnitTestResult executionId="6a756ff1-e326-48b3-a286-684e342b3427" testId="4f308a7f-5339-1197-c196-e8c2a3294cdb" testName="AsEnumerable0258803" computerName="MINIAC" duration="00:00:00.0006047" startTime="2011-01-06T10:30:39.8769619+00:00" endTime="2011-01-06T10:30:39.8899626+00:00" testType="13cdc9d9-ddb5-4fa4-a97d-d965ccfc6d4b" outcome="Passed" testListId="8c84fa94-04c1-424b-9868-57a2d4851a1d" relativeResultsDirectory="6a756ff1-e326-48b3-a286-684e342b3427">
    </UnitTestResult>
    <UnitTestResult executionId="c539c752-8232-45f3-ac3e-19c0ef723305" testId="4fbb91c1-c965-1543-022c-12856d2ae5ad" testName="As0163243" computerName="MINIAC" duration="00:00:00.0067392" startTime="2011-01-06T10:30:39.9019633+00:00" endTime="2011-01-06T10:30:39.9139640+00:00" testType="13cdc9d9-ddb5-4fa4-a97d-d965ccfc6d4b" outcome="Passed" testListId="8c84fa94-04c1-424b-9868-57a2d4851a1d" relativeResultsDirectory="c539c752-8232-45f3-ac3e-19c0ef723305">
    </UnitTestResult>
    <UnitTestResult executionId="a4148fe0-4897-4bca-bcc3-ea5a56956506" testId="51819a1f-c4ce-ae98-f248-c4cc70983131" testName="SubarrayThrowsContractException966" computerName="MINIAC" duration="00:00:00.0049213" startTime="2011-01-06T10:30:39.9229645+00:00" endTime="2011-01-06T10:30:39.9409656+00:00" testType="13cdc9d9-ddb5-4fa4-a97d-d965ccfc6d4b" outcome="Passed" testListId="8c84fa94-04c1-424b-9868-57a2d4851a1d" relativeResultsDirectory="a4148fe0-4897-4bca-bcc3-ea5a56956506">
    </UnitTestResult>
    <UnitTestResult executionId="3cf00e7d-7e51-45c2-83ac-ac42bbd16541" testId="52bb5c10-8020-64c9-2ecd-899322f38be6" testName="As0163252" computerName="MINIAC" duration="00:00:00.0006658" startTime="2011-01-06T10:30:39.9459658+00:00" endTime="2011-01-06T10:30:39.9529662+00:00" testType="13cdc9d9-ddb5-4fa4-a97d-d965ccfc6d4b" outcome="Passed" testListId="8c84fa94-04c1-424b-9868-57a2d4851a1d" relativeResultsDirectory="3cf00e7d-7e51-45c2-83ac-ac42bbd16541">
    </UnitTestResult>
    <UnitTestResult executionId="781d99fa-964d-4852-ba53-22b639f050d4" testId="530e9426-a117-1e44-3c23-eb9bc838bd65" testName="DequeueThrowsContractException38" computerName="MINIAC" duration="00:00:00.0038542" startTime="2011-01-06T10:30:39.9729674+00:00" endTime="2011-01-06T10:30:39.9819679+00:00" testType="13cdc9d9-ddb5-4fa4-a97d-d965ccfc6d4b" outcome="Passed" testListId="8c84fa94-04c1-424b-9868-57a2d4851a1d" relativeResultsDirectory="781d99fa-964d-4852-ba53-22b639f050d4">
    </UnitTestResult>
    <UnitTestResult executionId="b950d0e1-0709-4d5a-8ae8-03ccb0b91f51" testId="536b6a19-3a08-b70f-2e38-9f6c85ff083a" testName="ReadLinesFromConsole864" computerName="MINIAC" duration="00:00:00.0104432" startTime="2011-01-06T10:30:39.9949686+00:00" endTime="2011-01-06T10:30:40.0199701+00:00" testType="13cdc9d9-ddb5-4fa4-a97d-d965ccfc6d4b" outcome="Passed" testListId="8c84fa94-04c1-424b-9868-57a2d4851a1d" relativeResultsDirectory="b950d0e1-0709-4d5a-8ae8-03ccb0b91f51">
    </UnitTestResult>
    <UnitTestResult executionId="04991f98-ae31-437c-83b9-029b4dccabe2" testId="53857a93-24c6-17ef-97dc-e0adc3a32915" testName="Bound01232" computerName="MINIAC" duration="00:00:00.0048602" startTime="2011-01-06T10:30:40.0279705+00:00" endTime="2011-01-06T10:30:40.0389712+00:00" testType="13cdc9d9-ddb5-4fa4-a97d-d965ccfc6d4b" outcome="Passed" testListId="8c84fa94-04c1-424b-9868-57a2d4851a1d" relativeResultsDirectory="04991f98-ae31-437c-83b9-029b4dccabe2">
    </UnitTestResult>
    <UnitTestResult executionId="7cf2173d-23b5-4a06-8585-35ffe18e33cf" testId="54298867-2de1-54e3-939d-7ba756012afc" testName="Fill0110505" computerName="MINIAC" duration="00:00:00.0033162" startTime="2011-01-06T10:30:40.0519719+00:00" endTime="2011-01-06T10:30:40.0659727+00:00" testType="13cdc9d9-ddb5-4fa4-a97d-d965ccfc6d4b" outcome="Passed" testListId="8c84fa94-04c1-424b-9868-57a2d4851a1d" relativeResultsDirectory="7cf2173d-23b5-4a06-8585-35ffe18e33cf">
    </UnitTestResult>
    <UnitTestResult executionId="5224ab53-bf01-4a96-8e2a-370d5408a822" testId="54c53908-aa18-b805-dfbf-38b92f93913c" testName="GenerateThrowsContractException133" computerName="MINIAC" duration="00:00:00.0046530" startTime="2011-01-06T10:30:40.0779734+00:00" endTime="2011-01-06T10:30:40.0949744+00:00" testType="13cdc9d9-ddb5-4fa4-a97d-d965ccfc6d4b" outcome="Passed" testListId="8c84fa94-04c1-424b-9868-57a2d4851a1d" relativeResultsDirectory="5224ab53-bf01-4a96-8e2a-370d5408a822">
    </UnitTestResult>
    <UnitTestResult executionId="2b6a357a-6c81-4bc6-915c-ac6cf6d20326" testId="54dfb2f2-edab-6914-c734-746381ef028e" testName="Times25801" computerName="MINIAC" duration="00:00:00.0041248" startTime="2011-01-06T10:30:40.1029748+00:00" endTime="2011-01-06T10:30:40.1319765+00:00" testType="13cdc9d9-ddb5-4fa4-a97d-d965ccfc6d4b" outcome="Passed" testListId="8c84fa94-04c1-424b-9868-57a2d4851a1d" relativeResultsDirectory="2b6a357a-6c81-4bc6-915c-ac6cf6d20326">
    </UnitTestResult>
    <UnitTestResult executionId="79f28528-b2d3-4273-9fb9-38a31613ea46" testId="5514446b-a7eb-a40a-85ab-240a248bba2a" testName="To01637" computerName="MINIAC" duration="00:00:00.0042107" startTime="2011-01-06T10:30:40.1389769+00:00" endTime="2011-01-06T10:30:40.1499775+00:00" testType="13cdc9d9-ddb5-4fa4-a97d-d965ccfc6d4b" outcome="Passed" testListId="8c84fa94-04c1-424b-9868-57a2d4851a1d" relativeResultsDirectory="79f28528-b2d3-4273-9fb9-38a31613ea46">
    </UnitTestResult>
    <UnitTestResult executionId="1995c1d7-08ae-4090-a655-77fee8ad4905" testId="559ad5fd-9c89-3fab-e602-368a88629e35" testName="As0163221" computerName="MINIAC" duration="00:00:00.0024865" startTime="2011-01-06T10:30:40.1619782+00:00" endTime="2011-01-06T10:30:40.1759790+00:00" testType="13cdc9d9-ddb5-4fa4-a97d-d965ccfc6d4b" outcome="Passed" testListId="8c84fa94-04c1-424b-9868-57a2d4851a1d" relativeResultsDirectory="1995c1d7-08ae-4090-a655-77fee8ad4905">
    </UnitTestResult>
    <UnitTestResult executionId="50b2e256-1c45-4b93-9c81-ca6b12fa2586" testId="55e01e02-7bca-1246-be49-4c21bab190b5" testName="AsEnumerable56005" computerName="MINIAC" duration="00:00:00.0003961" startTime="2011-01-06T10:30:40.1789792+00:00" endTime="2011-01-06T10:30:40.1959801+00:00" testType="13cdc9d9-ddb5-4fa4-a97d-d965ccfc6d4b" outcome="Passed" testListId="8c84fa94-04c1-424b-9868-57a2d4851a1d" relativeResultsDirectory="50b2e256-1c45-4b93-9c81-ca6b12fa2586">
    </UnitTestResult>
    <UnitTestResult executionId="2374468d-d78e-48c8-9526-6f240cd6bbdd" testId="567a07ee-04bb-68f0-b054-7c3ac20e04d0" testName="Range377" computerName="MINIAC" duration="00:00:00.0022518" startTime="2011-01-06T10:30:40.2039806+00:00" endTime="2011-01-06T10:30:40.2219816+00:00" testType="13cdc9d9-ddb5-4fa4-a97d-d965ccfc6d4b" outcome="Passed" testListId="8c84fa94-04c1-424b-9868-57a2d4851a1d" relativeResultsDirectory="2374468d-d78e-48c8-9526-6f240cd6bbdd">
    </UnitTestResult>
    <UnitTestResult executionId="4768399b-31f5-418e-ae54-2d4b8d67a71c" testId="56fc1a57-6e5c-088b-8f95-88d9f697c097" testName="NullOr71402" computerName="MINIAC" duration="00:00:00.0017689" startTime="2011-01-06T10:30:40.2319822+00:00" endTime="2011-01-06T10:30:40.2479831+00:00" testType="13cdc9d9-ddb5-4fa4-a97d-d965ccfc6d4b" outcome="Passed" testListId="8c84fa94-04c1-424b-9868-57a2d4851a1d" relativeResultsDirectory="4768399b-31f5-418e-ae54-2d4b8d67a71c">
    </UnitTestResult>
    <UnitTestResult executionId="718a28d4-9390-4985-b96d-06e9ce969dcd" testId="583a3c4e-73f0-f6e0-0816-cbe45229841d" testName="AsEnumerable56001" computerName="MINIAC" duration="00:00:00.0020232" startTime="2011-01-06T10:30:40.2569836+00:00" endTime="2011-01-06T10:30:40.2759847+00:00" testType="13cdc9d9-ddb5-4fa4-a97d-d965ccfc6d4b" outcome="Passed" testListId="8c84fa94-04c1-424b-9868-57a2d4851a1d" relativeResultsDirectory="718a28d4-9390-4985-b96d-06e9ce969dcd">
    </UnitTestResult>
    <UnitTestResult executionId="2bc2e697-2198-416c-91c6-7bc2f11dc805" testId="585eea8b-8fa4-71e8-9d43-5274aef9fa35" testName="As21520" computerName="MINIAC" duration="00:00:00.0023302" startTime="2011-01-06T10:30:40.2839852+00:00" endTime="2011-01-06T10:30:40.3039863+00:00" testType="13cdc9d9-ddb5-4fa4-a97d-d965ccfc6d4b" outcome="Passed" testListId="8c84fa94-04c1-424b-9868-57a2d4851a1d" relativeResultsDirectory="2bc2e697-2198-416c-91c6-7bc2f11dc805">
    </UnitTestResult>
    <UnitTestResult executionId="676e5c6b-5929-414a-9428-69ec636c03da" testId="59990ab9-8064-95a7-969b-da2dc269c717" testName="ToDictionaryThrowsContractException478" computerName="MINIAC" duration="00:00:00.0085441" startTime="2011-01-06T10:30:40.3139869+00:00" endTime="2011-01-06T10:30:40.3399884+00:00" testType="13cdc9d9-ddb5-4fa4-a97d-d965ccfc6d4b" outcome="Passed" testListId="8c84fa94-04c1-424b-9868-57a2d4851a1d" relativeResultsDirectory="676e5c6b-5929-414a-9428-69ec636c03da">
    </UnitTestResult>
    <UnitTestResult executionId="1b9f827f-75d5-4269-9358-062ec7680be1" testId="5aba0e57-1e97-6240-5ce7-34738ec9892e" testName="As0163202" computerName="MINIAC" duration="00:00:00.0110451" startTime="2011-01-06T10:30:40.3419885+00:00" endTime="2011-01-06T10:30:40.3679900+00:00" testType="13cdc9d9-ddb5-4fa4-a97d-d965ccfc6d4b" outcome="Passed" testListId="8c84fa94-04c1-424b-9868-57a2d4851a1d" relativeResultsDirectory="1b9f827f-75d5-4269-9358-062ec7680be1">
    </UnitTestResult>
    <UnitTestResult executionId="2c9ff977-978b-42e1-8f92-867b520d90b3" testId="5b905b9d-179c-2930-2f2f-ad7751aea174" testName="As01401" computerName="MINIAC" duration="00:00:00.0024898" startTime="2011-01-06T10:30:40.3819908+00:00" endTime="2011-01-06T10:30:40.3939915+00:00" testType="13cdc9d9-ddb5-4fa4-a97d-d965ccfc6d4b" outcome="Passed" testListId="8c84fa94-04c1-424b-9868-57a2d4851a1d" relativeResultsDirectory="2c9ff977-978b-42e1-8f92-867b520d90b3">
    </UnitTestResult>
    <UnitTestResult executionId="efd2d2f9-a7a0-4791-9673-24fa42932236" testId="5c5adf85-1214-e9f8-047f-44815dc050b1" testName="AsEnumerable0258805" computerName="MINIAC" duration="00:00:00.0007456" startTime="2011-01-06T10:30:40.4039920+00:00" endTime="2011-01-06T10:30:40.4129926+00:00" testType="13cdc9d9-ddb5-4fa4-a97d-d965ccfc6d4b" outcome="Passed" testListId="8c84fa94-04c1-424b-9868-57a2d4851a1d" relativeResultsDirectory="efd2d2f9-a7a0-4791-9673-24fa42932236">
    </UnitTestResult>
    <UnitTestResult executionId="ce400132-1bce-48d1-8ab3-6f302f7f8bef" testId="5c94f4eb-6c23-cce6-4e00-2079c09ad7c7" testName="NextBoolThrowsContractException356" computerName="MINIAC" duration="00:00:00.0032415" startTime="2011-01-06T10:30:40.4219931+00:00" endTime="2011-01-06T10:30:40.4419942+00:00" testType="13cdc9d9-ddb5-4fa4-a97d-d965ccfc6d4b" outcome="Passed" testListId="8c84fa94-04c1-424b-9868-57a2d4851a1d" relativeResultsDirectory="ce400132-1bce-48d1-8ab3-6f302f7f8bef">
    </UnitTestResult>
    <UnitTestResult executionId="846f8412-f270-45c9-b338-ad97786664f2" testId="5d3e9240-0aab-ea59-1a14-d23dae50d829" testName="NextStringThrowsContractException707" computerName="MINIAC" duration="00:00:00.0030735" startTime="2011-01-06T10:30:40.4509947+00:00" endTime="2011-01-06T10:30:40.4639955+00:00" testType="13cdc9d9-ddb5-4fa4-a97d-d965ccfc6d4b" outcome="Passed" testListId="8c84fa94-04c1-424b-9868-57a2d4851a1d" relativeResultsDirectory="846f8412-f270-45c9-b338-ad97786664f2">
    </UnitTestResult>
    <UnitTestResult executionId="a4ae2eb8-0151-4096-b9fc-aec2d8a45efc" testId="5d4547ce-a6eb-4a5d-11b5-fd4fb3f2b4c4" testName="IfNotNull17304" computerName="MINIAC" duration="00:00:00.0005613" startTime="2011-01-06T10:30:40.4779963+00:00" endTime="2011-01-06T10:30:40.4869968+00:00" testType="13cdc9d9-ddb5-4fa4-a97d-d965ccfc6d4b" outcome="Passed" testListId="8c84fa94-04c1-424b-9868-57a2d4851a1d" relativeResultsDirectory="a4ae2eb8-0151-4096-b9fc-aec2d8a45efc">
    </UnitTestResult>
    <UnitTestResult executionId="837ea2d2-7c26-4eff-b10c-8af5798b2131" testId="5d663026-8403-d8b3-571f-dbc623bc2b0e" testName="As0163242" computerName="MINIAC" duration="00:00:00.0023932" startTime="2011-01-06T10:30:40.4899970+00:00" endTime="2011-01-06T10:30:40.5079980+00:00" testType="13cdc9d9-ddb5-4fa4-a97d-d965ccfc6d4b" outcome="Passed" testListId="8c84fa94-04c1-424b-9868-57a2d4851a1d" relativeResultsDirectory="837ea2d2-7c26-4eff-b10c-8af5798b2131">
    </UnitTestResult>
    <UnitTestResult executionId="fe3172d0-32e9-4a46-9d3b-0a439d17c8dc" testId="5f0a5483-d074-35b1-500e-1196c2881235" testName="Enqueue74301" computerName="MINIAC" duration="00:00:00.0030194" startTime="2011-01-06T10:30:40.5209987+00:00" endTime="2011-01-06T10:30:40.5329994+00:00" testType="13cdc9d9-ddb5-4fa4-a97d-d965ccfc6d4b" outcome="Passed" testListId="8c84fa94-04c1-424b-9868-57a2d4851a1d" relativeResultsDirectory="fe3172d0-32e9-4a46-9d3b-0a439d17c8dc">
    </UnitTestResult>
    <UnitTestResult executionId="218870eb-a888-46bf-9b65-00b034c1de44" testId="5f6c8af1-2825-3c27-b802-e1be0e1eeb12" testName="Iter96001" computerName="MINIAC" duration="00:00:00.0027380" startTime="2011-01-06T10:30:40.5430000+00:00" endTime="2011-01-06T10:30:40.5560007+00:00" testType="13cdc9d9-ddb5-4fa4-a97d-d965ccfc6d4b" outcome="Passed" testListId="8c84fa94-04c1-424b-9868-57a2d4851a1d" relativeResultsDirectory="218870eb-a888-46bf-9b65-00b034c1de44">
    </UnitTestResult>
    <UnitTestResult executionId="60b7af76-4914-4ae0-892e-5006dd765c5d" testId="5fdc84ef-63cf-5a14-fe7e-7e23560c2d19" testName="ItemGetThrowsContractException130" computerName="MINIAC" duration="00:00:00.0036591" startTime="2011-01-06T10:30:40.5650012+00:00" endTime="2011-01-06T10:30:40.5830023+00:00" testType="13cdc9d9-ddb5-4fa4-a97d-d965ccfc6d4b" outcome="Passed" testListId="8c84fa94-04c1-424b-9868-57a2d4851a1d" relativeResultsDirectory="60b7af76-4914-4ae0-892e-5006dd765c5d">
    </UnitTestResult>
    <UnitTestResult executionId="05c43783-36c6-4804-b92f-0e4b38e454ff" testId="603d3527-31ad-433b-f22d-64c8d067b62d" testName="NullOr90704" computerName="MINIAC" duration="00:00:00.0022500" startTime="2011-01-06T10:30:40.5900027+00:00" endTime="2011-01-06T10:30:40.6100038+00:00" testType="13cdc9d9-ddb5-4fa4-a97d-d965ccfc6d4b" outcome="Passed" testListId="8c84fa94-04c1-424b-9868-57a2d4851a1d" relativeResultsDirectory="05c43783-36c6-4804-b92f-0e4b38e454ff">
    </UnitTestResult>
    <UnitTestResult executionId="cb044f1d-6d74-4ee4-980a-dc16b95b3a46" testId="619cbe95-853c-eb3c-526b-15e254b297ac" testName="GetSubRectangles932" computerName="MINIAC" duration="00:00:00.0150533" startTime="2011-01-06T10:30:40.6190043+00:00" endTime="2011-01-06T10:30:40.6510062+00:00" testType="13cdc9d9-ddb5-4fa4-a97d-d965ccfc6d4b" outcome="Passed" testListId="8c84fa94-04c1-424b-9868-57a2d4851a1d" relativeResultsDirectory="cb044f1d-6d74-4ee4-980a-dc16b95b3a46">
    </UnitTestResult>
    <UnitTestResult executionId="98c1286e-9ca9-4dca-a93e-6aadd27dd3a2" testId="61a82769-7381-8ac4-d5a7-8e88dfdda588" testName="Fill0168805" computerName="MINIAC" duration="00:00:00.0072880" startTime="2011-01-06T10:30:40.6590066+00:00" endTime="2011-01-06T10:30:40.6810079+00:00" testType="13cdc9d9-ddb5-4fa4-a97d-d965ccfc6d4b" outcome="Passed" testListId="8c84fa94-04c1-424b-9868-57a2d4851a1d" relativeResultsDirectory="98c1286e-9ca9-4dca-a93e-6aadd27dd3a2">
    </UnitTestResult>
    <UnitTestResult executionId="aadca690-c7a3-4234-80f0-bce5f11388f5" testId="61f7685b-d775-dd59-8bb8-b9d96ff30e56" testName="ToString01827" computerName="MINIAC" duration="00:00:00.0007395" startTime="2011-01-06T10:30:40.6870082+00:00" endTime="2011-01-06T10:30:40.7050093+00:00" testType="13cdc9d9-ddb5-4fa4-a97d-d965ccfc6d4b" outcome="Passed" testListId="8c84fa94-04c1-424b-9868-57a2d4851a1d" relativeResultsDirectory="aadca690-c7a3-4234-80f0-bce5f11388f5">
    </UnitTestResult>
    <UnitTestResult executionId="6d463d3f-7f54-41e4-9735-67e28658b45a" testId="633e6a31-e7c1-dc4e-810e-71a427cf70a8" testName="IsNot859" computerName="MINIAC" duration="00:00:00.0025313" startTime="2011-01-06T10:30:40.7130097+00:00" endTime="2011-01-06T10:30:40.7320108+00:00" testType="13cdc9d9-ddb5-4fa4-a97d-d965ccfc6d4b" outcome="Passed" testListId="8c84fa94-04c1-424b-9868-57a2d4851a1d" relativeResultsDirectory="6d463d3f-7f54-41e4-9735-67e28658b45a">
    </UnitTestResult>
    <UnitTestResult executionId="225479c4-52e9-42ef-bba6-8ef2c2538535" testId="63d33d75-845b-94b5-c155-a4fa9c5d7359" testName="ShuffleThrowsContractException13" computerName="MINIAC" duration="00:00:00.0028995" startTime="2011-01-06T10:30:40.7390112+00:00" endTime="2011-01-06T10:30:40.7600124+00:00" testType="13cdc9d9-ddb5-4fa4-a97d-d965ccfc6d4b" outcome="Passed" testListId="8c84fa94-04c1-424b-9868-57a2d4851a1d" relativeResultsDirectory="225479c4-52e9-42ef-bba6-8ef2c2538535">
    </UnitTestResult>
    <UnitTestResult executionId="3367a446-28ef-4410-8e51-9da6e651a1ac" testId="640310df-d648-7294-c434-32af677c30c3" testName="UnionAll0135501" computerName="MINIAC" duration="00:00:00.0067906" startTime="2011-01-06T10:30:40.7650127+00:00" endTime="2011-01-06T10:30:40.7860139+00:00" testType="13cdc9d9-ddb5-4fa4-a97d-d965ccfc6d4b" outcome="Passed" testListId="8c84fa94-04c1-424b-9868-57a2d4851a1d" relativeResultsDirectory="3367a446-28ef-4410-8e51-9da6e651a1ac">
    </UnitTestResult>
    <UnitTestResult executionId="0467305f-cfbe-41a0-8c6d-327b55d8eba0" testId="644c941d-d40b-5655-7852-107ffef9acae" testName="Subarray305" computerName="MINIAC" duration="00:00:00.0072464" startTime="2011-01-06T10:30:40.7960145+00:00" endTime="2011-01-06T10:30:40.8260162+00:00" testType="13cdc9d9-ddb5-4fa4-a97d-d965ccfc6d4b" outcome="Passed" testListId="8c84fa94-04c1-424b-9868-57a2d4851a1d" relativeResultsDirectory="0467305f-cfbe-41a0-8c6d-327b55d8eba0">
    </UnitTestResult>
    <UnitTestResult executionId="44edfefe-a47e-4610-a5b3-9f6f69de4065" testId="65cd41cd-3590-8447-2d3a-ee7f389d323c" testName="NullOr71405" computerName="MINIAC" duration="00:00:00.0151247" startTime="2011-01-06T10:30:40.8290163+00:00" endTime="2011-01-06T10:30:40.8550178+00:00" testType="13cdc9d9-ddb5-4fa4-a97d-d965ccfc6d4b" outcome="Passed" testListId="8c84fa94-04c1-424b-9868-57a2d4851a1d" relativeResultsDirectory="44edfefe-a47e-4610-a5b3-9f6f69de4065">
    </UnitTestResult>
    <UnitTestResult executionId="1537fde5-e42e-4d48-94b1-d69df6f0da2c" testId="69d4fcec-3787-b518-9138-fc65c3d09ecc" testName="IfNotNull47701" computerName="MINIAC" duration="00:00:00.0006107" startTime="2011-01-06T10:30:40.8640183+00:00" endTime="2011-01-06T10:30:40.8880197+00:00" testType="13cdc9d9-ddb5-4fa4-a97d-d965ccfc6d4b" outcome="Passed" testListId="8c84fa94-04c1-424b-9868-57a2d4851a1d" relativeResultsDirectory="1537fde5-e42e-4d48-94b1-d69df6f0da2c">
    </UnitTestResult>
    <UnitTestResult executionId="53672acb-41e3-4f32-8c89-97bd93ffe736" testId="6a1f2a29-ccc8-fc38-2175-50dd5959bbb5" testName="As0130305" computerName="MINIAC" duration="00:00:00.0033913" startTime="2011-01-06T10:30:40.8950201+00:00" endTime="2011-01-06T10:30:40.9150213+00:00" testType="13cdc9d9-ddb5-4fa4-a97d-d965ccfc6d4b" outcome="Passed" testListId="8c84fa94-04c1-424b-9868-57a2d4851a1d" relativeResultsDirectory="53672acb-41e3-4f32-8c89-97bd93ffe736">
    </UnitTestResult>
    <UnitTestResult executionId="e8c51bcc-a267-4451-95a5-aa5915c552f5" testId="6b5ea87c-ca8e-cd07-2a54-53cd363577f8" testName="ToDictionary65201" computerName="MINIAC" duration="00:00:00.0027408" startTime="2011-01-06T10:30:40.9250218+00:00" endTime="2011-01-06T10:30:40.9410228+00:00" testType="13cdc9d9-ddb5-4fa4-a97d-d965ccfc6d4b" outcome="Passed" testListId="8c84fa94-04c1-424b-9868-57a2d4851a1d" relativeResultsDirectory="e8c51bcc-a267-4451-95a5-aa5915c552f5">
    </UnitTestResult>
    <UnitTestResult executionId="9f956429-26af-4e5e-bae3-e81b10dd4517" testId="6e33d2cd-b750-0799-4e58-46b5850c6cde" testName="GetEntry793" computerName="MINIAC" duration="00:00:00.0003242" startTime="2011-01-06T10:30:40.9520234+00:00" endTime="2011-01-06T10:30:40.9670242+00:00" testType="13cdc9d9-ddb5-4fa4-a97d-d965ccfc6d4b" outcome="Passed" testListId="8c84fa94-04c1-424b-9868-57a2d4851a1d" relativeResultsDirectory="9f956429-26af-4e5e-bae3-e81b10dd4517">
    </UnitTestResult>
    <UnitTestResult executionId="05ac7dde-32cd-4297-89f9-646eca00541f" testId="6e8b504e-1179-c8e0-b7f7-d2e7e3a8ccae" testName="IsIn01ThrowsContractException937" computerName="MINIAC" duration="00:00:00.0023582" startTime="2011-01-06T10:30:40.9720245+00:00" endTime="2011-01-06T10:30:40.9890255+00:00" testType="13cdc9d9-ddb5-4fa4-a97d-d965ccfc6d4b" outcome="Passed" testListId="8c84fa94-04c1-424b-9868-57a2d4851a1d" relativeResultsDirectory="05ac7dde-32cd-4297-89f9-646eca00541f">
    </UnitTestResult>
    <UnitTestResult executionId="5be9528b-f2f7-4f64-9226-b7f6aea299e8" testId="6ea29e89-2e15-126e-eecf-3f7b211c52eb" testName="Subarray142" computerName="MINIAC" duration="00:00:00.0025509" startTime="2011-01-06T10:30:40.9920257+00:00" endTime="2011-01-06T10:30:41.0120268+00:00" testType="13cdc9d9-ddb5-4fa4-a97d-d965ccfc6d4b" outcome="Passed" testListId="8c84fa94-04c1-424b-9868-57a2d4851a1d" relativeResultsDirectory="5be9528b-f2f7-4f64-9226-b7f6aea299e8">
    </UnitTestResult>
    <UnitTestResult executionId="b0141db1-3f54-40e0-9153-8c1f65038e35" testId="6f205f53-5c1d-2d23-0592-7823ba18d3aa" testName="IsIn34" computerName="MINIAC" duration="00:00:00.0007932" startTime="2011-01-06T10:30:41.0180272+00:00" endTime="2011-01-06T10:30:41.0370282+00:00" testType="13cdc9d9-ddb5-4fa4-a97d-d965ccfc6d4b" outcome="Passed" testListId="8c84fa94-04c1-424b-9868-57a2d4851a1d" relativeResultsDirectory="b0141db1-3f54-40e0-9153-8c1f65038e35">
    </UnitTestResult>
    <UnitTestResult executionId="0b9d2e88-2bf1-4f52-b2a4-e343d2db10ea" testId="6fb9b650-50a8-89e9-0d35-3a3dc4939152" testName="Add88502" computerName="MINIAC" duration="00:00:00.0020013" startTime="2011-01-06T10:30:41.0390284+00:00" endTime="2011-01-06T10:30:41.0570294+00:00" testType="13cdc9d9-ddb5-4fa4-a97d-d965ccfc6d4b" outcome="Passed" testListId="8c84fa94-04c1-424b-9868-57a2d4851a1d" relativeResultsDirectory="0b9d2e88-2bf1-4f52-b2a4-e343d2db10ea">
    </UnitTestResult>
    <UnitTestResult executionId="620bc88c-9d07-48c3-aceb-4ec9cc517b56" testId="7068f11c-cf82-d38d-0f16-16dd9f7c090f" testName="Add609" computerName="MINIAC" duration="00:00:00.0006639" startTime="2011-01-06T10:30:41.0690301+00:00" endTime="2011-01-06T10:30:41.0790306+00:00" testType="13cdc9d9-ddb5-4fa4-a97d-d965ccfc6d4b" outcome="Passed" testListId="8c84fa94-04c1-424b-9868-57a2d4851a1d" relativeResultsDirectory="620bc88c-9d07-48c3-aceb-4ec9cc517b56">
    </UnitTestResult>
    <UnitTestResult executionId="8dba2ba6-2ca0-4af7-9627-dc5a0841f270" testId="70ecef07-25d9-9298-9faa-26825e270b46" testName="Fill0168803" computerName="MINIAC" duration="00:00:00.0061056" startTime="2011-01-06T10:30:41.0910313+00:00" endTime="2011-01-06T10:30:41.1110325+00:00" testType="13cdc9d9-ddb5-4fa4-a97d-d965ccfc6d4b" outcome="Passed" testListId="8c84fa94-04c1-424b-9868-57a2d4851a1d" relativeResultsDirectory="8dba2ba6-2ca0-4af7-9627-dc5a0841f270">
    </UnitTestResult>
    <UnitTestResult executionId="ddd60455-87a7-435c-aaf5-3f2e79878ec7" testId="71153c10-625e-eee7-0105-ad1f18f9fb72" testName="ForEach78803" computerName="MINIAC" duration="00:00:00.0071275" startTime="2011-01-06T10:30:41.1240332+00:00" endTime="2011-01-06T10:30:41.1370340+00:00" testType="13cdc9d9-ddb5-4fa4-a97d-d965ccfc6d4b" outcome="Passed" testListId="8c84fa94-04c1-424b-9868-57a2d4851a1d" relativeResultsDirectory="ddd60455-87a7-435c-aaf5-3f2e79878ec7">
    </UnitTestResult>
    <UnitTestResult executionId="0d7c0d78-d333-41ad-8397-2e1a74867590" testId="71a360e3-d81d-a30a-382f-721ef096f5b1" testName="IfNotNull0192303" computerName="MINIAC" duration="00:00:00.0101119" startTime="2011-01-06T10:30:41.1470345+00:00" endTime="2011-01-06T10:30:41.1790364+00:00" testType="13cdc9d9-ddb5-4fa4-a97d-d965ccfc6d4b" outcome="Passed" testListId="8c84fa94-04c1-424b-9868-57a2d4851a1d" relativeResultsDirectory="0d7c0d78-d333-41ad-8397-2e1a74867590">
    </UnitTestResult>
    <UnitTestResult executionId="64bca178-cefc-4cbc-98d7-fc3ddacc4a13" testId="7206ff03-56a7-ec6c-ffc0-c8679263faa3" testName="As0163211" computerName="MINIAC" duration="00:00:00.0019798" startTime="2011-01-06T10:30:41.1850367+00:00" endTime="2011-01-06T10:30:41.2030377+00:00" testType="13cdc9d9-ddb5-4fa4-a97d-d965ccfc6d4b" outcome="Passed" testListId="8c84fa94-04c1-424b-9868-57a2d4851a1d" relativeResultsDirectory="64bca178-cefc-4cbc-98d7-fc3ddacc4a13">
    </UnitTestResult>
    <UnitTestResult executionId="94d8cedf-71f8-4240-95ec-556e838030f3" testId="72d5e817-798e-11fb-c5e1-586687370685" testName="IsNullableTypeThrowsContractException691" computerName="MINIAC" duration="00:00:00.0037371" startTime="2011-01-06T10:30:41.2090381+00:00" endTime="2011-01-06T10:30:41.2270391+00:00" testType="13cdc9d9-ddb5-4fa4-a97d-d965ccfc6d4b" outcome="Passed" testListId="8c84fa94-04c1-424b-9868-57a2d4851a1d" relativeResultsDirectory="94d8cedf-71f8-4240-95ec-556e838030f3">
    </UnitTestResult>
    <UnitTestResult executionId="109b2650-b29f-40fa-8947-af9d09ac2356" testId="73dedb08-3777-9f76-6412-b3470bb8b574" testName="AsEnumerable0314801" computerName="MINIAC" duration="00:00:00.0021814" startTime="2011-01-06T10:30:41.2400399+00:00" endTime="2011-01-06T10:30:41.2590409+00:00" testType="13cdc9d9-ddb5-4fa4-a97d-d965ccfc6d4b" outcome="Passed" testListId="8c84fa94-04c1-424b-9868-57a2d4851a1d" relativeResultsDirectory="109b2650-b29f-40fa-8947-af9d09ac2356">
    </UnitTestResult>
    <UnitTestResult executionId="b2dec25b-90a9-4632-993f-dd155044187a" testId="76549838-3cd5-8196-8fe5-c215d6bd242f" testName="CollatzCount735" computerName="MINIAC" duration="00:00:00.0024875" startTime="2011-01-06T10:30:41.2730417+00:00" endTime="2011-01-06T10:30:41.2950430+00:00" testType="13cdc9d9-ddb5-4fa4-a97d-d965ccfc6d4b" outcome="Passed" testListId="8c84fa94-04c1-424b-9868-57a2d4851a1d" relativeResultsDirectory="b2dec25b-90a9-4632-993f-dd155044187a">
    </UnitTestResult>
    <UnitTestResult executionId="327ee001-91a5-4b95-a8db-4b83b9a6f533" testId="767e3845-1b47-6225-c38c-e6345e12262a" testName="Is373" computerName="MINIAC" duration="00:00:00.0034459" startTime="2011-01-06T10:30:41.3050436+00:00" endTime="2011-01-06T10:30:41.3230446+00:00" testType="13cdc9d9-ddb5-4fa4-a97d-d965ccfc6d4b" outcome="Passed" testListId="8c84fa94-04c1-424b-9868-57a2d4851a1d" relativeResultsDirectory="327ee001-91a5-4b95-a8db-4b83b9a6f533">
    </UnitTestResult>
    <UnitTestResult executionId="5ab4115e-45ac-4d2c-94a6-6f8313abe890" testId="7743f34e-ac5f-23a3-8e8f-212222420029" testName="As215" computerName="MINIAC" duration="00:00:00.0007377" startTime="2011-01-06T10:30:41.3370454+00:00" endTime="2011-01-06T10:30:41.3450459+00:00" testType="13cdc9d9-ddb5-4fa4-a97d-d965ccfc6d4b" outcome="Passed" testListId="8c84fa94-04c1-424b-9868-57a2d4851a1d" relativeResultsDirectory="5ab4115e-45ac-4d2c-94a6-6f8313abe890">
    </UnitTestResult>
    <UnitTestResult executionId="0b0dca87-b97e-4803-b789-6e13a12ec58f" testId="7838b58c-a9ae-e08a-edf4-f9593db060d6" testName="RangeThrowsContractException480" computerName="MINIAC" duration="00:00:00.0005977" startTime="2011-01-06T10:30:41.3470460+00:00" endTime="2011-01-06T10:30:41.3690472+00:00" testType="13cdc9d9-ddb5-4fa4-a97d-d965ccfc6d4b" outcome="Passed" testListId="8c84fa94-04c1-424b-9868-57a2d4851a1d" relativeResultsDirectory="0b0dca87-b97e-4803-b789-6e13a12ec58f">
    </UnitTestResult>
    <UnitTestResult executionId="90e9332c-a119-47be-8fdf-997441fcdebd" testId="787c2aca-5007-7e56-5e10-28020b3be468" testName="AsEnumerable0314804" computerName="MINIAC" duration="00:00:00.0008305" startTime="2011-01-06T10:30:41.3810479+00:00" endTime="2011-01-06T10:30:41.3990490+00:00" testType="13cdc9d9-ddb5-4fa4-a97d-d965ccfc6d4b" outcome="Passed" testListId="8c84fa94-04c1-424b-9868-57a2d4851a1d" relativeResultsDirectory="90e9332c-a119-47be-8fdf-997441fcdebd">
    </UnitTestResult>
    <UnitTestResult executionId="984d60a6-37f2-4902-ba0c-a53191dfa13b" testId="7896ac03-38fd-b99c-d27e-6cbd208a3f1e" testName="As21502" computerName="MINIAC" duration="00:00:00.0030432" startTime="2011-01-06T10:30:41.4110496+00:00" endTime="2011-01-06T10:30:41.4250504+00:00" testType="13cdc9d9-ddb5-4fa4-a97d-d965ccfc6d4b" outcome="Passed" testListId="8c84fa94-04c1-424b-9868-57a2d4851a1d" relativeResultsDirectory="984d60a6-37f2-4902-ba0c-a53191dfa13b">
    </UnitTestResult>
    <UnitTestResult executionId="23b74cdc-8397-4487-8b3c-fdc51e8f94dc" testId="78cde1d7-dc20-60c9-ac3e-224ced9a536f" testName="Shuffle960" computerName="MINIAC" duration="00:00:00.0042186" startTime="2011-01-06T10:30:41.4320508+00:00" endTime="2011-01-06T10:30:41.4510519+00:00" testType="13cdc9d9-ddb5-4fa4-a97d-d965ccfc6d4b" outcome="Passed" testListId="8c84fa94-04c1-424b-9868-57a2d4851a1d" relativeResultsDirectory="23b74cdc-8397-4487-8b3c-fdc51e8f94dc">
    </UnitTestResult>
    <UnitTestResult executionId="b47600b7-b6a8-43fc-83c3-da561258d7ee" testId="7a9400e0-6f1a-74cc-aaf2-4e620d01eac4" testName="As0166402" computerName="MINIAC" duration="00:00:00.0008870" startTime="2011-01-06T10:30:41.4560522+00:00" endTime="2011-01-06T10:30:41.4650527+00:00" testType="13cdc9d9-ddb5-4fa4-a97d-d965ccfc6d4b" outcome="Passed" testListId="8c84fa94-04c1-424b-9868-57a2d4851a1d" relativeResultsDirectory="b47600b7-b6a8-43fc-83c3-da561258d7ee">
    </UnitTestResult>
    <UnitTestResult executionId="28b7e2af-b406-43ea-a1fe-e70d7599fde6" testId="7a965cd2-e1cf-8636-b94b-9bb1e4688fd0" testName="Iter96004" computerName="MINIAC" duration="00:00:00.0058284" startTime="2011-01-06T10:30:41.4730532+00:00" endTime="2011-01-06T10:30:41.4950544+00:00" testType="13cdc9d9-ddb5-4fa4-a97d-d965ccfc6d4b" outcome="Passed" testListId="8c84fa94-04c1-424b-9868-57a2d4851a1d" relativeResultsDirectory="28b7e2af-b406-43ea-a1fe-e70d7599fde6">
    </UnitTestResult>
    <UnitTestResult executionId="8cbf6939-9592-46f3-8233-95c69b609a14" testId="7a9b0937-239f-a7cc-e1fc-09bbc3508e89" testName="As0130301" computerName="MINIAC" duration="00:00:00.0024879" startTime="2011-01-06T10:30:41.5050550+00:00" endTime="2011-01-06T10:30:41.5180558+00:00" testType="13cdc9d9-ddb5-4fa4-a97d-d965ccfc6d4b" outcome="Passed" testListId="8c84fa94-04c1-424b-9868-57a2d4851a1d" relativeResultsDirectory="8cbf6939-9592-46f3-8233-95c69b609a14">
    </UnitTestResult>
    <UnitTestResult executionId="eca12475-7852-4392-903f-98b698e4d1cb" testId="7acd9860-9837-fbe5-5425-b774d050444a" testName="ForEach12503" computerName="MINIAC" duration="00:00:00.0078782" startTime="2011-01-06T10:30:41.5270563+00:00" endTime="2011-01-06T10:30:41.5440572+00:00" testType="13cdc9d9-ddb5-4fa4-a97d-d965ccfc6d4b" outcome="Passed" testListId="8c84fa94-04c1-424b-9868-57a2d4851a1d" relativeResultsDirectory="eca12475-7852-4392-903f-98b698e4d1cb">
    </UnitTestResult>
    <UnitTestResult executionId="82c04aa7-9caa-4f15-97e4-858fd35fd63a" testId="7ba074f7-37b4-86ab-f897-639c59c7afb2" testName="As01402" computerName="MINIAC" duration="00:00:00.0005771" startTime="2011-01-06T10:30:41.5490575+00:00" endTime="2011-01-06T10:30:41.5690587+00:00" testType="13cdc9d9-ddb5-4fa4-a97d-d965ccfc6d4b" outcome="Passed" testListId="8c84fa94-04c1-424b-9868-57a2d4851a1d" relativeResultsDirectory="82c04aa7-9caa-4f15-97e4-858fd35fd63a">
    </UnitTestResult>
    <UnitTestResult executionId="ba47e0c6-afc6-4fae-8e3f-7477fc75f62b" testId="7c50cc41-afad-5d78-8e16-c7b6d605577a" testName="Fill01ThrowsContractException489" computerName="MINIAC" duration="00:00:00.0021048" startTime="2011-01-06T10:30:41.5770591+00:00" endTime="2011-01-06T10:30:41.5910599+00:00" testType="13cdc9d9-ddb5-4fa4-a97d-d965ccfc6d4b" outcome="Passed" testListId="8c84fa94-04c1-424b-9868-57a2d4851a1d" relativeResultsDirectory="ba47e0c6-afc6-4fae-8e3f-7477fc75f62b">
    </UnitTestResult>
    <UnitTestResult executionId="eceecb31-94a8-488d-aba4-e9c086383ad0" testId="7d85dd6d-e955-0c88-df95-d36cadd3d7ff" testName="IsNullOrEmpty839" computerName="MINIAC" duration="00:00:00.0003751" startTime="2011-01-06T10:30:41.6000604+00:00" endTime="2011-01-06T10:30:41.6140612+00:00" testType="13cdc9d9-ddb5-4fa4-a97d-d965ccfc6d4b" outcome="Passed" testListId="8c84fa94-04c1-424b-9868-57a2d4851a1d" relativeResultsDirectory="eceecb31-94a8-488d-aba4-e9c086383ad0">
    </UnitTestResult>
    <UnitTestResult executionId="d58f6a32-04fb-4ea8-8321-889b98d5dfd1" testId="7edd5b56-0f03-8716-c3c8-130b2e422ca5" testName="As014" computerName="MINIAC" duration="00:00:00.0005534" startTime="2011-01-06T10:30:41.6200616+00:00" endTime="2011-01-06T10:30:41.6390627+00:00" testType="13cdc9d9-ddb5-4fa4-a97d-d965ccfc6d4b" outcome="Passed" testListId="8c84fa94-04c1-424b-9868-57a2d4851a1d" relativeResultsDirectory="d58f6a32-04fb-4ea8-8321-889b98d5dfd1">
    </UnitTestResult>
    <UnitTestResult executionId="7d07f12e-8c88-48bf-beae-f7a3eef8fb8a" testId="7f5b067d-004d-00c6-05f1-6ba4459536c9" testName="Shuffle875" computerName="MINIAC" duration="00:00:00.0021184" startTime="2011-01-06T10:30:41.6420629+00:00" endTime="2011-01-06T10:30:41.6580638+00:00" testType="13cdc9d9-ddb5-4fa4-a97d-d965ccfc6d4b" outcome="Passed" testListId="8c84fa94-04c1-424b-9868-57a2d4851a1d" relativeResultsDirectory="7d07f12e-8c88-48bf-beae-f7a3eef8fb8a">
    </UnitTestResult>
    <UnitTestResult executionId="24f22a7f-49f1-4f72-b26e-4cbadc9206b1" testId="7f627b84-c634-6195-b636-ad9c00404c56" testName="IfNotNull173" computerName="MINIAC" duration="00:00:00.0004395" startTime="2011-01-06T10:30:41.6760648+00:00" endTime="2011-01-06T10:30:41.6960659+00:00" testType="13cdc9d9-ddb5-4fa4-a97d-d965ccfc6d4b" outcome="Passed" testListId="8c84fa94-04c1-424b-9868-57a2d4851a1d" relativeResultsDirectory="24f22a7f-49f1-4f72-b26e-4cbadc9206b1">
    </UnitTestResult>
    <UnitTestResult executionId="9bdb6a22-7f6f-434d-815f-f9f74c3d75d9" testId="80003646-df99-feba-93b2-6a809b884bf6" testName="Fill0157102" computerName="MINIAC" duration="00:00:00.0003429" startTime="2011-01-06T10:30:41.7060665+00:00" endTime="2011-01-06T10:30:41.7240675+00:00" testType="13cdc9d9-ddb5-4fa4-a97d-d965ccfc6d4b" outcome="Passed" testListId="8c84fa94-04c1-424b-9868-57a2d4851a1d" relativeResultsDirectory="9bdb6a22-7f6f-434d-815f-f9f74c3d75d9">
    </UnitTestResult>
    <UnitTestResult executionId="7e85fd81-add7-4043-ba0d-816a3ce61d2f" testId="8076c83d-2717-5964-7e9d-50cc5e2706b9" testName="Add885" computerName="MINIAC" duration="00:00:00.0006649" startTime="2011-01-06T10:30:41.7330681+00:00" endTime="2011-01-06T10:30:41.7510691+00:00" testType="13cdc9d9-ddb5-4fa4-a97d-d965ccfc6d4b" outcome="Passed" testListId="8c84fa94-04c1-424b-9868-57a2d4851a1d" relativeResultsDirectory="7e85fd81-add7-4043-ba0d-816a3ce61d2f">
    </UnitTestResult>
    <UnitTestResult executionId="de73010f-b171-4529-b8d9-791d04bbe349" testId="808822f6-9c85-0a33-f1f9-4d64c79fb975" testName="As763" computerName="MINIAC" duration="00:00:00.0025663" startTime="2011-01-06T10:30:41.7540693+00:00" endTime="2011-01-06T10:30:41.7730703+00:00" testType="13cdc9d9-ddb5-4fa4-a97d-d965ccfc6d4b" outcome="Passed" testListId="8c84fa94-04c1-424b-9868-57a2d4851a1d" relativeResultsDirectory="de73010f-b171-4529-b8d9-791d04bbe349">
    </UnitTestResult>
    <UnitTestResult executionId="ec23fd33-5293-4d4d-996e-1f164fb127ac" testId="80c446f8-daa9-dd90-7ba0-f56b79877aec" testName="AsEnumerable0258802" computerName="MINIAC" duration="00:00:00.0025402" startTime="2011-01-06T10:30:41.7770706+00:00" endTime="2011-01-06T10:30:41.7980718+00:00" testType="13cdc9d9-ddb5-4fa4-a97d-d965ccfc6d4b" outcome="Passed" testListId="8c84fa94-04c1-424b-9868-57a2d4851a1d" relativeResultsDirectory="ec23fd33-5293-4d4d-996e-1f164fb127ac">
    </UnitTestResult>
    <UnitTestResult executionId="a310941a-81fb-43a6-b5db-f09999f4c959" testId="81ae6575-42cf-3ee5-249e-6da4cf14831c" testName="AsEnumerable02ThrowsContractException447" computerName="MINIAC" duration="00:00:00.0025617" startTime="2011-01-06T10:30:41.8080723+00:00" endTime="2011-01-06T10:30:41.8240733+00:00" testType="13cdc9d9-ddb5-4fa4-a97d-d965ccfc6d4b" outcome="Passed" testListId="8c84fa94-04c1-424b-9868-57a2d4851a1d" relativeResultsDirectory="a310941a-81fb-43a6-b5db-f09999f4c959">
    </UnitTestResult>
    <UnitTestResult executionId="a9b9db9e-5caf-4046-a2f8-69389442e859" testId="81c4858e-2ab2-b121-25c5-9c96ee04a442" testName="ForEach788" computerName="MINIAC" duration="00:00:00.0006579" startTime="2011-01-06T10:30:41.8310737+00:00" endTime="2011-01-06T10:30:41.8420743+00:00" testType="13cdc9d9-ddb5-4fa4-a97d-d965ccfc6d4b" outcome="Passed" testListId="8c84fa94-04c1-424b-9868-57a2d4851a1d" relativeResultsDirectory="a9b9db9e-5caf-4046-a2f8-69389442e859">
    </UnitTestResult>
    <UnitTestResult executionId="d9234092-6780-42ae-998e-6b147992c271" testId="83b2b843-a328-2103-e83d-4b3241d960cd" testName="As0163246" computerName="MINIAC" duration="00:00:00.0026256" startTime="2011-01-06T10:30:41.8510748+00:00" endTime="2011-01-06T10:30:41.8660757+00:00" testType="13cdc9d9-ddb5-4fa4-a97d-d965ccfc6d4b" outcome="Passed" testListId="8c84fa94-04c1-424b-9868-57a2d4851a1d" relativeResultsDirectory="d9234092-6780-42ae-998e-6b147992c271">
    </UnitTestResult>
    <UnitTestResult executionId="42412333-64b5-497e-b7cf-d4397eacef9b" testId="8449ab5e-c7c8-6deb-cb03-833888a032c6" testName="Fill0110502" computerName="MINIAC" duration="00:00:00.0023783" startTime="2011-01-06T10:30:41.8870769+00:00" endTime="2011-01-06T10:30:41.9060780+00:00" testType="13cdc9d9-ddb5-4fa4-a97d-d965ccfc6d4b" outcome="Passed" testListId="8c84fa94-04c1-424b-9868-57a2d4851a1d" relativeResultsDirectory="42412333-64b5-497e-b7cf-d4397eacef9b">
    </UnitTestResult>
    <UnitTestResult executionId="30cf1fe5-5282-4355-807d-adbfc3f79d50" testId="84a133d0-001f-a986-72f9-cc05e5f25751" testName="AsEnumerable560" computerName="MINIAC" duration="00:00:00.0020465" startTime="2011-01-06T10:30:41.9120783+00:00" endTime="2011-01-06T10:30:41.9310794+00:00" testType="13cdc9d9-ddb5-4fa4-a97d-d965ccfc6d4b" outcome="Passed" testListId="8c84fa94-04c1-424b-9868-57a2d4851a1d" relativeResultsDirectory="30cf1fe5-5282-4355-807d-adbfc3f79d50">
    </UnitTestResult>
    <UnitTestResult executionId="a91d8b26-d131-47fe-a0da-c6380d8de2ab" testId="850912a6-5065-5531-7451-3014a79cee54" testName="As0132107" computerName="MINIAC" duration="00:00:00.0003998" startTime="2011-01-06T10:30:41.9400799+00:00" endTime="2011-01-06T10:30:41.9470803+00:00" testType="13cdc9d9-ddb5-4fa4-a97d-d965ccfc6d4b" outcome="Passed" testListId="8c84fa94-04c1-424b-9868-57a2d4851a1d" relativeResultsDirectory="a91d8b26-d131-47fe-a0da-c6380d8de2ab">
    </UnitTestResult>
    <UnitTestResult executionId="29cb6da3-539f-4a2c-9b60-47bfc54b7a04" testId="86a0d6ba-240b-81ef-7612-a91dd0bac5dd" testName="To0482501" computerName="MINIAC" duration="00:00:00.0018944" startTime="2011-01-06T10:30:41.9680815+00:00" endTime="2011-01-06T10:30:41.9880826+00:00" testType="13cdc9d9-ddb5-4fa4-a97d-d965ccfc6d4b" outcome="Passed" testListId="8c84fa94-04c1-424b-9868-57a2d4851a1d" relativeResultsDirectory="29cb6da3-539f-4a2c-9b60-47bfc54b7a04">
    </UnitTestResult>
    <UnitTestResult executionId="c289a1db-bd58-466a-8d8a-d95b16b259fe" testId="86c02588-b87f-32bd-880b-56b0d73c1993" testName="NullOr71401" computerName="MINIAC" duration="00:00:00.0022420" startTime="2011-01-06T10:30:41.9920829+00:00" endTime="2011-01-06T10:30:42.0120840+00:00" testType="13cdc9d9-ddb5-4fa4-a97d-d965ccfc6d4b" outcome="Passed" testListId="8c84fa94-04c1-424b-9868-57a2d4851a1d" relativeResultsDirectory="c289a1db-bd58-466a-8d8a-d95b16b259fe">
    </UnitTestResult>
    <UnitTestResult executionId="f3de476b-2ac5-4520-a261-6bc8c94d2a69" testId="876b3f41-8b66-5cdb-8b9f-ad4f6f6688fd" testName="ForEachThrowsContractException615" computerName="MINIAC" duration="00:00:00.0032056" startTime="2011-01-06T10:30:42.0140841+00:00" endTime="2011-01-06T10:30:42.0320852+00:00" testType="13cdc9d9-ddb5-4fa4-a97d-d965ccfc6d4b" outcome="Passed" testListId="8c84fa94-04c1-424b-9868-57a2d4851a1d" relativeResultsDirectory="f3de476b-2ac5-4520-a261-6bc8c94d2a69">
    </UnitTestResult>
    <UnitTestResult executionId="39db95b0-9d18-43a1-8bd8-b117616b92cb" testId="8795f817-2bb9-9d00-f981-a3a8a2b7335e" testName="Add88501" computerName="MINIAC" duration="00:00:00.0021585" startTime="2011-01-06T10:30:42.0350853+00:00" endTime="2011-01-06T10:30:42.0560865+00:00" testType="13cdc9d9-ddb5-4fa4-a97d-d965ccfc6d4b" outcome="Passed" testListId="8c84fa94-04c1-424b-9868-57a2d4851a1d" relativeResultsDirectory="39db95b0-9d18-43a1-8bd8-b117616b92cb">
    </UnitTestResult>
    <UnitTestResult executionId="c5d8a9d6-fa73-4ecf-887c-4e3aa511e4bd" testId="87e43b2d-037f-c02a-4ec1-bb30b85b838b" testName="CollatzCount132" computerName="MINIAC" duration="00:00:00.0019868" startTime="2011-01-06T10:30:42.0580866+00:00" endTime="2011-01-06T10:30:42.0790878+00:00" testType="13cdc9d9-ddb5-4fa4-a97d-d965ccfc6d4b" outcome="Passed" testListId="8c84fa94-04c1-424b-9868-57a2d4851a1d" relativeResultsDirectory="c5d8a9d6-fa73-4ecf-887c-4e3aa511e4bd">
    </UnitTestResult>
    <UnitTestResult executionId="a2843734-38f2-43cc-bfa4-2fb06300a23d" testId="892a3b87-6eb6-1cb1-2f32-1bd29fed6734" testName="GetEntry399" computerName="MINIAC" duration="00:00:00.0022472" startTime="2011-01-06T10:30:42.0870883+00:00" endTime="2011-01-06T10:30:42.1120897+00:00" testType="13cdc9d9-ddb5-4fa4-a97d-d965ccfc6d4b" outcome="Passed" testListId="8c84fa94-04c1-424b-9868-57a2d4851a1d" relativeResultsDirectory="a2843734-38f2-43cc-bfa4-2fb06300a23d">
    </UnitTestResult>
    <UnitTestResult executionId="33dd3c12-3f1a-4382-bf3b-0b2e48bcd3f9" testId="89bed9d2-b230-1858-2102-76e62b11adeb" testName="Contrast204" computerName="MINIAC" duration="00:00:00.0026713" startTime="2011-01-06T10:30:42.1220903+00:00" endTime="2011-01-06T10:30:42.1320909+00:00" testType="13cdc9d9-ddb5-4fa4-a97d-d965ccfc6d4b" outcome="Passed" testListId="8c84fa94-04c1-424b-9868-57a2d4851a1d" relativeResultsDirectory="33dd3c12-3f1a-4382-bf3b-0b2e48bcd3f9">
    </UnitTestResult>
    <UnitTestResult executionId="dcfd5226-0e07-418a-a21b-6f74e636d8e7" testId="8a248c8c-38d6-117a-cb08-bb2fddeae117" testName="ForEach12501" computerName="MINIAC" duration="00:00:00.0072399" startTime="2011-01-06T10:30:42.1420915+00:00" endTime="2011-01-06T10:30:42.1630927+00:00" testType="13cdc9d9-ddb5-4fa4-a97d-d965ccfc6d4b" outcome="Passed" testListId="8c84fa94-04c1-424b-9868-57a2d4851a1d" relativeResultsDirectory="dcfd5226-0e07-418a-a21b-6f74e636d8e7">
    </UnitTestResult>
    <UnitTestResult executionId="c01c19b3-a09b-4f0d-8183-65228d353154" testId="8a89149d-fc38-f8c9-1fbe-1bd1d7237593" testName="As0163245" computerName="MINIAC" duration="00:00:00.0003868" startTime="2011-01-06T10:30:42.1650928+00:00" endTime="2011-01-06T10:30:42.1830938+00:00" testType="13cdc9d9-ddb5-4fa4-a97d-d965ccfc6d4b" outcome="Passed" testListId="8c84fa94-04c1-424b-9868-57a2d4851a1d" relativeResultsDirectory="c01c19b3-a09b-4f0d-8183-65228d353154">
    </UnitTestResult>
    <UnitTestResult executionId="df2522a1-3f33-48e6-bd60-3c7c53f31c7a" testId="8d13964e-5c5a-1ee4-b9d1-2f111aabda85" testName="GetPriorityEnumerator72901" computerName="MINIAC" duration="00:00:00.0380727" startTime="2011-01-06T10:30:42.1960945+00:00" endTime="2011-01-06T10:30:42.2410971+00:00" testType="13cdc9d9-ddb5-4fa4-a97d-d965ccfc6d4b" outcome="Passed" testListId="8c84fa94-04c1-424b-9868-57a2d4851a1d" relativeResultsDirectory="df2522a1-3f33-48e6-bd60-3c7c53f31c7a">
    </UnitTestResult>
    <UnitTestResult executionId="3e3bb9a5-5d6e-498c-aa90-a5c6c9a228a6" testId="8dec4c0d-9137-8bca-e823-6edddad67b2a" testName="As568" computerName="MINIAC" duration="00:00:00.0010396" startTime="2011-01-06T10:30:42.2510977+00:00" endTime="2011-01-06T10:30:42.2680987+00:00" testType="13cdc9d9-ddb5-4fa4-a97d-d965ccfc6d4b" outcome="Passed" testListId="8c84fa94-04c1-424b-9868-57a2d4851a1d" relativeResultsDirectory="3e3bb9a5-5d6e-498c-aa90-a5c6c9a228a6">
    </UnitTestResult>
    <UnitTestResult executionId="4be19052-6276-4e2e-a744-58fc5bd84b1a" testId="8f15350a-b612-7c9b-89ff-1e54a29d9340" testName="To03ThrowsContractException968" computerName="MINIAC" duration="00:00:00.0011189" startTime="2011-01-06T10:30:42.2770992+00:00" endTime="2011-01-06T10:30:42.2991004+00:00" testType="13cdc9d9-ddb5-4fa4-a97d-d965ccfc6d4b" outcome="Passed" testListId="8c84fa94-04c1-424b-9868-57a2d4851a1d" relativeResultsDirectory="4be19052-6276-4e2e-a744-58fc5bd84b1a">
    </UnitTestResult>
    <UnitTestResult executionId="df240c0a-4203-4c6f-94d2-5604edef2893" testId="8f214c0c-af12-b9fb-ae32-e2f0e522a10f" testName="NullOr90702" computerName="MINIAC" duration="00:00:00.0041117" startTime="2011-01-06T10:30:42.3071009+00:00" endTime="2011-01-06T10:30:42.3241019+00:00" testType="13cdc9d9-ddb5-4fa4-a97d-d965ccfc6d4b" outcome="Passed" testListId="8c84fa94-04c1-424b-9868-57a2d4851a1d" relativeResultsDirectory="df240c0a-4203-4c6f-94d2-5604edef2893">
    </UnitTestResult>
    <UnitTestResult executionId="50870a5f-75d4-40b6-be15-ca2e0b6c03b4" testId="8f949d67-2000-ad4f-76a8-a640e3b0f2ea" testName="As0163249" computerName="MINIAC" duration="00:00:00.0003868" startTime="2011-01-06T10:30:42.3341024+00:00" endTime="2011-01-06T10:30:42.3441030+00:00" testType="13cdc9d9-ddb5-4fa4-a97d-d965ccfc6d4b" outcome="Passed" testListId="8c84fa94-04c1-424b-9868-57a2d4851a1d" relativeResultsDirectory="50870a5f-75d4-40b6-be15-ca2e0b6c03b4">
    </UnitTestResult>
    <UnitTestResult executionId="7c21431b-3aaa-4629-8c79-10b6b7caa9d6" testId="8fa3fd2f-ba25-de78-c47b-e00d25c74cb6" testName="As0166005" computerName="MINIAC" duration="00:00:00.0024100" startTime="2011-01-06T10:30:42.3541036+00:00" endTime="2011-01-06T10:30:42.3781050+00:00" testType="13cdc9d9-ddb5-4fa4-a97d-d965ccfc6d4b" outcome="Passed" testListId="8c84fa94-04c1-424b-9868-57a2d4851a1d" relativeResultsDirectory="7c21431b-3aaa-4629-8c79-10b6b7caa9d6">
    </UnitTestResult>
    <UnitTestResult executionId="712d854a-a187-41f2-adad-d2463e2e1f5f" testId="8fabe6be-0a48-74a9-97ec-54d046e764bc" testName="Constructor94201" computerName="MINIAC" duration="00:00:00.0036003" startTime="2011-01-06T10:30:42.3881055+00:00" endTime="2011-01-06T10:30:42.4101068+00:00" testType="13cdc9d9-ddb5-4fa4-a97d-d965ccfc6d4b" outcome="Passed" testListId="8c84fa94-04c1-424b-9868-57a2d4851a1d" relativeResultsDirectory="712d854a-a187-41f2-adad-d2463e2e1f5f">
    </UnitTestResult>
    <UnitTestResult executionId="4cd8496b-4718-4ebc-9f58-42744a3b9c7f" testId="90427aa6-8cf4-b956-2b3f-9546b7107ae7" testName="TimesThrowsContractException662" computerName="MINIAC" duration="00:00:00.0040772" startTime="2011-01-06T10:30:42.4191073+00:00" endTime="2011-01-06T10:30:42.4411086+00:00" testType="13cdc9d9-ddb5-4fa4-a97d-d965ccfc6d4b" outcome="Passed" testListId="8c84fa94-04c1-424b-9868-57a2d4851a1d" relativeResultsDirectory="4cd8496b-4718-4ebc-9f58-42744a3b9c7f">
    </UnitTestResult>
    <UnitTestResult executionId="d67d9923-d04e-4f14-b972-81963357bc27" testId="91ad74e2-7f98-39c5-b2ac-d6979eb1e521" testName="As0163239" computerName="MINIAC" duration="00:00:00.0059754" startTime="2011-01-06T10:30:42.4571095+00:00" endTime="2011-01-06T10:30:42.4801108+00:00" testType="13cdc9d9-ddb5-4fa4-a97d-d965ccfc6d4b" outcome="Passed" testListId="8c84fa94-04c1-424b-9868-57a2d4851a1d" relativeResultsDirectory="d67d9923-d04e-4f14-b972-81963357bc27">
    </UnitTestResult>
    <UnitTestResult executionId="c0db2511-0b99-4e9c-b037-3398570db09c" testId="920395ef-4d81-2796-a8e3-57b62c679836" testName="As0132102" computerName="MINIAC" duration="00:00:00.0024590" startTime="2011-01-06T10:30:42.4891113+00:00" endTime="2011-01-06T10:30:42.5121126+00:00" testType="13cdc9d9-ddb5-4fa4-a97d-d965ccfc6d4b" outcome="Passed" testListId="8c84fa94-04c1-424b-9868-57a2d4851a1d" relativeResultsDirectory="c0db2511-0b99-4e9c-b037-3398570db09c">
    </UnitTestResult>
    <UnitTestResult executionId="dd985065-061f-4e24-899d-c85764517873" testId="92c796c7-6140-7467-0f72-263f4de0d5fd" testName="Add88504" computerName="MINIAC" duration="00:00:00.0027236" startTime="2011-01-06T10:30:42.5211131+00:00" endTime="2011-01-06T10:30:42.5411143+00:00" testType="13cdc9d9-ddb5-4fa4-a97d-d965ccfc6d4b" outcome="Passed" testListId="8c84fa94-04c1-424b-9868-57a2d4851a1d" relativeResultsDirectory="dd985065-061f-4e24-899d-c85764517873">
    </UnitTestResult>
    <UnitTestResult executionId="8028d2c9-adfc-4c34-ab26-26f03f4a5bcc" testId="92caeb3a-566c-6fce-a8ab-3dccc358efd9" testName="RandomThrowsContractException730" computerName="MINIAC" duration="00:00:00.0025220" startTime="2011-01-06T10:30:42.5481147+00:00" endTime="2011-01-06T10:30:42.5641156+00:00" testType="13cdc9d9-ddb5-4fa4-a97d-d965ccfc6d4b" outcome="Passed" testListId="8c84fa94-04c1-424b-9868-57a2d4851a1d" relativeResultsDirectory="8028d2c9-adfc-4c34-ab26-26f03f4a5bcc">
    </UnitTestResult>
    <UnitTestResult executionId="393242b3-d99d-4695-bcfc-d67f7aa6d15c" testId="93237b41-2edc-1e5e-efe4-c865b1af2b62" testName="PeekThrowsContractException550" computerName="MINIAC" duration="00:00:00.0069408" startTime="2011-01-06T10:30:42.5791164+00:00" endTime="2011-01-06T10:30:42.6011177+00:00" testType="13cdc9d9-ddb5-4fa4-a97d-d965ccfc6d4b" outcome="Passed" testListId="8c84fa94-04c1-424b-9868-57a2d4851a1d" relativeResultsDirectory="393242b3-d99d-4695-bcfc-d67f7aa6d15c">
    </UnitTestResult>
    <UnitTestResult executionId="e52db173-15b9-4d5c-b8c5-5fe965e6e0c9" testId="93882b4b-b43e-315e-5540-34512bfc71a7" testName="InvokeIfRequiredThrowsContractException964" computerName="MINIAC" duration="00:00:00.0040030" startTime="2011-01-06T10:30:42.6101182+00:00" endTime="2011-01-06T10:30:42.6261191+00:00" testType="13cdc9d9-ddb5-4fa4-a97d-d965ccfc6d4b" outcome="Passed" testListId="8c84fa94-04c1-424b-9868-57a2d4851a1d" relativeResultsDirectory="e52db173-15b9-4d5c-b8c5-5fe965e6e0c9">
    </UnitTestResult>
    <UnitTestResult executionId="c8c711ab-d967-46eb-9590-14117f27e9d0" testId="94035d88-ed3c-a1c6-5571-0e7a52145b86" testName="GetEnumerator20301" computerName="MINIAC" duration="00:00:00.0038948" startTime="2011-01-06T10:30:42.6401199+00:00" endTime="2011-01-06T10:30:42.6611211+00:00" testType="13cdc9d9-ddb5-4fa4-a97d-d965ccfc6d4b" outcome="Passed" testListId="8c84fa94-04c1-424b-9868-57a2d4851a1d" relativeResultsDirectory="c8c711ab-d967-46eb-9590-14117f27e9d0">
    </UnitTestResult>
    <UnitTestResult executionId="f54c151b-d3a8-4b7a-ac29-1740cf602a23" testId="95816ce1-0531-2f11-d3d8-9f96ac610bcc" testName="As0163251" computerName="MINIAC" duration="00:00:00.0008179" startTime="2011-01-06T10:30:42.6711217+00:00" endTime="2011-01-06T10:30:42.6911229+00:00" testType="13cdc9d9-ddb5-4fa4-a97d-d965ccfc6d4b" outcome="Passed" testListId="8c84fa94-04c1-424b-9868-57a2d4851a1d" relativeResultsDirectory="f54c151b-d3a8-4b7a-ac29-1740cf602a23">
    </UnitTestResult>
    <UnitTestResult executionId="9eca7c14-4562-4271-95b1-74aa81e85278" testId="9611d5ba-c78e-b7b6-592f-64194d91b456" testName="AsEnumerable56004" computerName="MINIAC" duration="00:00:00.0006947" startTime="2011-01-06T10:30:42.6961231+00:00" endTime="2011-01-06T10:30:42.7081238+00:00" testType="13cdc9d9-ddb5-4fa4-a97d-d965ccfc6d4b" outcome="Passed" testListId="8c84fa94-04c1-424b-9868-57a2d4851a1d" relativeResultsDirectory="9eca7c14-4562-4271-95b1-74aa81e85278">
    </UnitTestResult>
    <UnitTestResult executionId="73b3e599-9c41-4608-8416-3f82b140c067" testId="966b1426-163f-7f22-4eab-268da60e78c2" testName="GetLuminosityThrowsContractException408" computerName="MINIAC" duration="00:00:00.0057841" startTime="2011-01-06T10:30:42.7151242+00:00" endTime="2011-01-06T10:30:42.7351254+00:00" testType="13cdc9d9-ddb5-4fa4-a97d-d965ccfc6d4b" outcome="Passed" testListId="8c84fa94-04c1-424b-9868-57a2d4851a1d" relativeResultsDirectory="73b3e599-9c41-4608-8416-3f82b140c067">
    </UnitTestResult>
    <UnitTestResult executionId="f0ee6630-745d-4cd4-98db-f54665094492" testId="97102229-37fa-e978-ffae-7fd4c7300f98" testName="NullOr90703" computerName="MINIAC" duration="00:00:00.0024515" startTime="2011-01-06T10:30:42.7431258+00:00" endTime="2011-01-06T10:30:42.7681273+00:00" testType="13cdc9d9-ddb5-4fa4-a97d-d965ccfc6d4b" outcome="Passed" testListId="8c84fa94-04c1-424b-9868-57a2d4851a1d" relativeResultsDirectory="f0ee6630-745d-4cd4-98db-f54665094492">
    </UnitTestResult>
    <UnitTestResult executionId="425b013e-6c46-447a-a550-f5d33a122a7d" testId="97495e35-0952-692a-91b0-3d721dc574e4" testName="As0166004" computerName="MINIAC" duration="00:00:00.0012337" startTime="2011-01-06T10:30:42.7751277+00:00" endTime="2011-01-06T10:30:42.7851282+00:00" testType="13cdc9d9-ddb5-4fa4-a97d-d965ccfc6d4b" outcome="Passed" testListId="8c84fa94-04c1-424b-9868-57a2d4851a1d" relativeResultsDirectory="425b013e-6c46-447a-a550-f5d33a122a7d">
    </UnitTestResult>
    <UnitTestResult executionId="c7aa37c2-61c9-4b2f-bfb1-86a7440d129b" testId="976d989e-cf59-5cea-2b30-323b52da07dc" testName="IfNotNull01ThrowsContractException708" computerName="MINIAC" duration="00:00:00.0068284" startTime="2011-01-06T10:30:42.7961289+00:00" endTime="2011-01-06T10:30:42.8171301+00:00" testType="13cdc9d9-ddb5-4fa4-a97d-d965ccfc6d4b" outcome="Passed" testListId="8c84fa94-04c1-424b-9868-57a2d4851a1d" relativeResultsDirectory="c7aa37c2-61c9-4b2f-bfb1-86a7440d129b">
    </UnitTestResult>
    <UnitTestResult executionId="6082950e-680d-453e-92f2-cfc945ae466a" testId="990a1706-3c38-5c79-dd26-6bf2a85de470" testName="As0163233" computerName="MINIAC" duration="00:00:00.0122420" startTime="2011-01-06T10:30:42.8271306+00:00" endTime="2011-01-06T10:30:42.8531321+00:00" testType="13cdc9d9-ddb5-4fa4-a97d-d965ccfc6d4b" outcome="Passed" testListId="8c84fa94-04c1-424b-9868-57a2d4851a1d" relativeResultsDirectory="6082950e-680d-453e-92f2-cfc945ae466a">
    </UnitTestResult>
    <UnitTestResult executionId="6a671f3e-b1f6-4ac4-8da5-c99b765d3c8e" testId="9a12b8c7-dd2a-27a8-8e5c-846cf91e7a67" testName="ForEach78804" computerName="MINIAC" duration="00:00:00.0055083" startTime="2011-01-06T10:30:42.8621326+00:00" endTime="2011-01-06T10:30:42.8811337+00:00" testType="13cdc9d9-ddb5-4fa4-a97d-d965ccfc6d4b" outcome="Passed" testListId="8c84fa94-04c1-424b-9868-57a2d4851a1d" relativeResultsDirectory="6a671f3e-b1f6-4ac4-8da5-c99b765d3c8e">
    </UnitTestResult>
    <UnitTestResult executionId="32f4ac14-961e-4378-b3af-2d8c79074e12" testId="9b2baef8-8cea-f431-96b6-95e1ddfaf4a9" testName="As29401" computerName="MINIAC" duration="00:00:00.0007129" startTime="2011-01-06T10:30:42.8891342+00:00" endTime="2011-01-06T10:30:42.9031350+00:00" testType="13cdc9d9-ddb5-4fa4-a97d-d965ccfc6d4b" outcome="Passed" testListId="8c84fa94-04c1-424b-9868-57a2d4851a1d" relativeResultsDirectory="32f4ac14-961e-4378-b3af-2d8c79074e12">
    </UnitTestResult>
    <UnitTestResult executionId="27b446aa-7b84-47d7-a4f3-555f00d12243" testId="9bfa0b14-def6-4233-8f09-efbae74ca192" testName="Iter96003" computerName="MINIAC" duration="00:00:00.0089892" startTime="2011-01-06T10:30:42.9131356+00:00" endTime="2011-01-06T10:30:42.9401371+00:00" testType="13cdc9d9-ddb5-4fa4-a97d-d965ccfc6d4b" outcome="Passed" testListId="8c84fa94-04c1-424b-9868-57a2d4851a1d" relativeResultsDirectory="27b446aa-7b84-47d7-a4f3-555f00d12243">
    </UnitTestResult>
    <UnitTestResult executionId="0af24d06-c930-4180-a7ee-a6a8b44c88aa" testId="9d4922e1-95bb-cc07-dd59-02aa21bc0c9d" testName="As6" computerName="MINIAC" duration="00:00:00.0041640" startTime="2011-01-06T10:30:42.9431373+00:00" endTime="2011-01-06T10:30:42.9601382+00:00" testType="13cdc9d9-ddb5-4fa4-a97d-d965ccfc6d4b" outcome="Passed" testListId="8c84fa94-04c1-424b-9868-57a2d4851a1d" relativeResultsDirectory="0af24d06-c930-4180-a7ee-a6a8b44c88aa">
    </UnitTestResult>
    <UnitTestResult executionId="7beaf070-aca5-4ee6-8278-916c7ef2f289" testId="9e14e25f-07a5-efe4-0506-4f19b4be256b" testName="NextDoubleThrowsContractException907" computerName="MINIAC" duration="00:00:00.0028356" startTime="2011-01-06T10:30:42.9671386+00:00" endTime="2011-01-06T10:30:42.9881398+00:00" testType="13cdc9d9-ddb5-4fa4-a97d-d965ccfc6d4b" outcome="Passed" testListId="8c84fa94-04c1-424b-9868-57a2d4851a1d" relativeResultsDirectory="7beaf070-aca5-4ee6-8278-916c7ef2f289">
    </UnitTestResult>
    <UnitTestResult executionId="07f78984-eef3-4463-b557-72266a3471b9" testId="9e62e436-d347-f0d4-fadd-560760980b01" testName="NextChar01ThrowsContractException654" computerName="MINIAC" duration="00:00:00.0043217" startTime="2011-01-06T10:30:42.9971404+00:00" endTime="2011-01-06T10:30:43.0151414+00:00" testType="13cdc9d9-ddb5-4fa4-a97d-d965ccfc6d4b" outcome="Passed" testListId="8c84fa94-04c1-424b-9868-57a2d4851a1d" relativeResultsDirectory="07f78984-eef3-4463-b557-72266a3471b9">
    </UnitTestResult>
    <UnitTestResult executionId="59c5dde6-7c4b-48dc-9dd3-cb5340c78929" testId="9ed7c416-1a7b-4673-195d-ca2e196d2a2e" testName="With25501" computerName="MINIAC" duration="00:00:00.0074387" startTime="2011-01-06T10:30:43.0191416+00:00" endTime="2011-01-06T10:30:43.0411429+00:00" testType="13cdc9d9-ddb5-4fa4-a97d-d965ccfc6d4b" outcome="Passed" testListId="8c84fa94-04c1-424b-9868-57a2d4851a1d" relativeResultsDirectory="59c5dde6-7c4b-48dc-9dd3-cb5340c78929">
    </UnitTestResult>
    <UnitTestResult executionId="89ec1aa0-4752-418d-a7e0-5b250fcad691" testId="9f8161de-d8d9-0a40-2ccf-5f45a6d4b367" testName="InvokeIfRequired01ThrowsContractException497" computerName="MINIAC" duration="00:00:00.0030012" startTime="2011-01-06T10:30:43.0501434+00:00" endTime="2011-01-06T10:30:43.0681444+00:00" testType="13cdc9d9-ddb5-4fa4-a97d-d965ccfc6d4b" outcome="Passed" testListId="8c84fa94-04c1-424b-9868-57a2d4851a1d" relativeResultsDirectory="89ec1aa0-4752-418d-a7e0-5b250fcad691">
    </UnitTestResult>
    <UnitTestResult executionId="e033c211-78f2-44d6-b424-a99a85b37dee" testId="a1e0f884-6f4f-6b96-6595-df107952cc43" testName="IfNotNull17305" computerName="MINIAC" duration="00:00:00.0003438" startTime="2011-01-06T10:30:43.0731447+00:00" endTime="2011-01-06T10:30:43.0941459+00:00" testType="13cdc9d9-ddb5-4fa4-a97d-d965ccfc6d4b" outcome="Passed" testListId="8c84fa94-04c1-424b-9868-57a2d4851a1d" relativeResultsDirectory="e033c211-78f2-44d6-b424-a99a85b37dee">
    </UnitTestResult>
    <UnitTestResult executionId="06193b99-ded3-4534-9058-f18af2621ccb" testId="a45582f8-3825-adac-44bf-8fa9e3381e89" testName="ForEach78801" computerName="MINIAC" duration="00:00:00.0019765" startTime="2011-01-06T10:30:43.1021464+00:00" endTime="2011-01-06T10:30:43.1181473+00:00" testType="13cdc9d9-ddb5-4fa4-a97d-d965ccfc6d4b" outcome="Passed" testListId="8c84fa94-04c1-424b-9868-57a2d4851a1d" relativeResultsDirectory="06193b99-ded3-4534-9058-f18af2621ccb">
    </UnitTestResult>
    <UnitTestResult executionId="3cdd3ac0-b830-4005-bbb0-cd519a3737ee" testId="a5017919-7828-b52a-3fcf-0e88954eb83a" testName="IfNotNull01597" computerName="MINIAC" duration="00:00:00.0003093" startTime="2011-01-06T10:30:43.1261477+00:00" endTime="2011-01-06T10:30:43.1401485+00:00" testType="13cdc9d9-ddb5-4fa4-a97d-d965ccfc6d4b" outcome="Passed" testListId="8c84fa94-04c1-424b-9868-57a2d4851a1d" relativeResultsDirectory="3cdd3ac0-b830-4005-bbb0-cd519a3737ee">
    </UnitTestResult>
    <UnitTestResult executionId="df70b5c5-50dc-4b43-98d7-6b5e50ab3099" testId="a5088dbd-9f6a-bb83-e64a-07cfd5052c81" testName="As0130303" computerName="MINIAC" duration="00:00:00.0024394" startTime="2011-01-06T10:30:43.1461489+00:00" endTime="2011-01-06T10:30:43.1561495+00:00" testType="13cdc9d9-ddb5-4fa4-a97d-d965ccfc6d4b" outcome="Passed" testListId="8c84fa94-04c1-424b-9868-57a2d4851a1d" relativeResultsDirectory="df70b5c5-50dc-4b43-98d7-6b5e50ab3099">
    </UnitTestResult>
    <UnitTestResult executionId="f8960a42-be34-40e8-ae2f-8f03b6915554" testId="a51caca7-6a0e-8bea-fb89-3104ddb0e38a" testName="Fill105" computerName="MINIAC" duration="00:00:00.0002403" startTime="2011-01-06T10:30:43.1601497+00:00" endTime="2011-01-06T10:30:43.1781507+00:00" testType="13cdc9d9-ddb5-4fa4-a97d-d965ccfc6d4b" outcome="Passed" testListId="8c84fa94-04c1-424b-9868-57a2d4851a1d" relativeResultsDirectory="f8960a42-be34-40e8-ae2f-8f03b6915554">
    </UnitTestResult>
    <UnitTestResult executionId="27e8e8b7-d637-438d-b456-e89a769b015e" testId="a56170ce-b399-e27e-e213-58e00eb4c436" testName="As0163238" computerName="MINIAC" duration="00:00:00.0006971" startTime="2011-01-06T10:30:43.1851511+00:00" endTime="2011-01-06T10:30:43.2021521+00:00" testType="13cdc9d9-ddb5-4fa4-a97d-d965ccfc6d4b" outcome="Passed" testListId="8c84fa94-04c1-424b-9868-57a2d4851a1d" relativeResultsDirectory="27e8e8b7-d637-438d-b456-e89a769b015e">
    </UnitTestResult>
    <UnitTestResult executionId="b0ca9a51-068b-496d-b856-ef6c713f6bb7" testId="a5cd160e-17d6-fbbc-87f0-05f243caef08" testName="CollatzCount01735" computerName="MINIAC" duration="00:00:00.0002934" startTime="2011-01-06T10:30:43.2071524+00:00" endTime="2011-01-06T10:30:43.2231533+00:00" testType="13cdc9d9-ddb5-4fa4-a97d-d965ccfc6d4b" outcome="Passed" testListId="8c84fa94-04c1-424b-9868-57a2d4851a1d" relativeResultsDirectory="b0ca9a51-068b-496d-b856-ef6c713f6bb7">
    </UnitTestResult>
    <UnitTestResult executionId="e40cb663-4170-45b6-bcae-35a63a5a7f66" testId="a5e95aa9-bc38-31cc-9093-9339a7e10a1b" testName="ItemSetThrowsContractException48" computerName="MINIAC" duration="00:00:00.0059357" startTime="2011-01-06T10:30:43.2331539+00:00" endTime="2011-01-06T10:30:43.2601554+00:00" testType="13cdc9d9-ddb5-4fa4-a97d-d965ccfc6d4b" outcome="Passed" testListId="8c84fa94-04c1-424b-9868-57a2d4851a1d" relativeResultsDirectory="e40cb663-4170-45b6-bcae-35a63a5a7f66">
    </UnitTestResult>
    <UnitTestResult executionId="c97e0bd9-8ed3-47a8-8746-cb65d6a05148" testId="a65b5eab-4121-901b-449c-fc9aba07d07b" testName="IfNotNull0192302" computerName="MINIAC" duration="00:00:00.0019443" startTime="2011-01-06T10:30:43.2671558+00:00" endTime="2011-01-06T10:30:43.2771564+00:00" testType="13cdc9d9-ddb5-4fa4-a97d-d965ccfc6d4b" outcome="Passed" testListId="8c84fa94-04c1-424b-9868-57a2d4851a1d" relativeResultsDirectory="c97e0bd9-8ed3-47a8-8746-cb65d6a05148">
    </UnitTestResult>
    <UnitTestResult executionId="454bfec7-7f5f-49bb-ad3d-ebcd2cb4e1b5" testId="a9c998c1-d601-9d48-a5aa-e5458f5ccef5" testName="Fill01571" computerName="MINIAC" duration="00:00:00.0003662" startTime="2011-01-06T10:30:43.2881570+00:00" endTime="2011-01-06T10:30:43.3031579+00:00" testType="13cdc9d9-ddb5-4fa4-a97d-d965ccfc6d4b" outcome="Passed" testListId="8c84fa94-04c1-424b-9868-57a2d4851a1d" relativeResultsDirectory="454bfec7-7f5f-49bb-ad3d-ebcd2cb4e1b5">
    </UnitTestResult>
    <UnitTestResult executionId="f6ab1704-4cbf-4ed4-8891-8140d7d6e028" testId="aa951c3d-ee4a-9ede-aac2-7e390167d171" testName="As0163244" computerName="MINIAC" duration="00:00:00.0054663" startTime="2011-01-06T10:30:43.3141585+00:00" endTime="2011-01-06T10:30:43.3331596+00:00" testType="13cdc9d9-ddb5-4fa4-a97d-d965ccfc6d4b" outcome="Passed" testListId="8c84fa94-04c1-424b-9868-57a2d4851a1d" relativeResultsDirectory="f6ab1704-4cbf-4ed4-8891-8140d7d6e028">
    </UnitTestResult>
    <UnitTestResult executionId="bcea7b5b-ff28-48d0-b9d9-a6ce54b5c768" testId="aaf3c258-db99-aef3-b307-c0f8c95577a9" testName="Contrast121" computerName="MINIAC" duration="00:00:00.0002939" startTime="2011-01-06T10:30:43.3431601+00:00" endTime="2011-01-06T10:30:43.3571609+00:00" testType="13cdc9d9-ddb5-4fa4-a97d-d965ccfc6d4b" outcome="Passed" testListId="8c84fa94-04c1-424b-9868-57a2d4851a1d" relativeResultsDirectory="bcea7b5b-ff28-48d0-b9d9-a6ce54b5c768">
    </UnitTestResult>
    <UnitTestResult executionId="73fb0b68-8e0d-4a74-ba53-20f48680c0d2" testId="ab328c1b-fd51-1dad-6b49-0a3734c2c2e7" testName="Generate602" computerName="MINIAC" duration="00:00:00.0015384" startTime="2011-01-06T10:30:43.3681616+00:00" endTime="2011-01-06T10:30:43.3791622+00:00" testType="13cdc9d9-ddb5-4fa4-a97d-d965ccfc6d4b" outcome="Passed" testListId="8c84fa94-04c1-424b-9868-57a2d4851a1d" relativeResultsDirectory="73fb0b68-8e0d-4a74-ba53-20f48680c0d2">
    </UnitTestResult>
    <UnitTestResult executionId="e345e7c3-c6b1-4357-a409-0f72e03d85f9" testId="ab4705e8-14a4-6e9f-baf9-e3d238e84cf8" testName="As0163210" computerName="MINIAC" duration="00:00:00.0006061" startTime="2011-01-06T10:30:43.3851626+00:00" endTime="2011-01-06T10:30:43.3941631+00:00" testType="13cdc9d9-ddb5-4fa4-a97d-d965ccfc6d4b" outcome="Passed" testListId="8c84fa94-04c1-424b-9868-57a2d4851a1d" relativeResultsDirectory="e345e7c3-c6b1-4357-a409-0f72e03d85f9">
    </UnitTestResult>
    <UnitTestResult executionId="fd00cbb9-cdcf-4e4f-82b3-8cf341a0a385" testId="ab8ea52f-3bbb-7d59-5174-ec7db8071eb4" testName="NextTimeSpanThrowsContractException287" computerName="MINIAC" duration="00:00:00.0027637" startTime="2011-01-06T10:30:43.4071638+00:00" endTime="2011-01-06T10:30:43.4281650+00:00" testType="13cdc9d9-ddb5-4fa4-a97d-d965ccfc6d4b" outcome="Passed" testListId="8c84fa94-04c1-424b-9868-57a2d4851a1d" relativeResultsDirectory="fd00cbb9-cdcf-4e4f-82b3-8cf341a0a385">
    </UnitTestResult>
    <UnitTestResult executionId="3bb81bd5-e7e8-4418-b58f-ce4ec747eec4" testId="af3c2eea-1341-4d08-8112-791e701a0e4e" testName="ForEach908" computerName="MINIAC" duration="00:00:00.0025575" startTime="2011-01-06T10:30:43.4391656+00:00" endTime="2011-01-06T10:30:43.4551666+00:00" testType="13cdc9d9-ddb5-4fa4-a97d-d965ccfc6d4b" outcome="Passed" testListId="8c84fa94-04c1-424b-9868-57a2d4851a1d" relativeResultsDirectory="3bb81bd5-e7e8-4418-b58f-ce4ec747eec4">
    </UnitTestResult>
    <UnitTestResult executionId="7d14acf6-ecea-482a-b701-7f15743cf31f" testId="b03d2b82-a5f5-4a0a-521f-fd9e431b28da" testName="As21503" computerName="MINIAC" duration="00:00:00.0006770" startTime="2011-01-06T10:30:43.4601668+00:00" endTime="2011-01-06T10:30:43.4711675+00:00" testType="13cdc9d9-ddb5-4fa4-a97d-d965ccfc6d4b" outcome="Passed" testListId="8c84fa94-04c1-424b-9868-57a2d4851a1d" relativeResultsDirectory="7d14acf6-ecea-482a-b701-7f15743cf31f">
    </UnitTestResult>
    <UnitTestResult executionId="8c161b3e-2d90-4b90-a76a-b24ffee64b4f" testId="b086ebe0-6bb0-f4b4-2d74-97b1a10dd517" testName="IfNotNull0159702" computerName="MINIAC" duration="00:00:00.0036591" startTime="2011-01-06T10:30:43.4791679+00:00" endTime="2011-01-06T10:30:43.5021692+00:00" testType="13cdc9d9-ddb5-4fa4-a97d-d965ccfc6d4b" outcome="Passed" testListId="8c84fa94-04c1-424b-9868-57a2d4851a1d" relativeResultsDirectory="8c161b3e-2d90-4b90-a76a-b24ffee64b4f">
    </UnitTestResult>
    <UnitTestResult executionId="055ddad0-c547-420f-a932-9b1597e6d19c" testId="b1e8fb4c-7380-ad76-529d-dbdac5528194" testName="As21519" computerName="MINIAC" duration="00:00:00.0009285" startTime="2011-01-06T10:30:43.5111698+00:00" endTime="2011-01-06T10:30:43.5211703+00:00" testType="13cdc9d9-ddb5-4fa4-a97d-d965ccfc6d4b" outcome="Passed" testListId="8c84fa94-04c1-424b-9868-57a2d4851a1d" relativeResultsDirectory="055ddad0-c547-420f-a932-9b1597e6d19c">
    </UnitTestResult>
    <UnitTestResult executionId="868e772b-36fd-4255-b856-58c0bf4da439" testId="b20907a7-3144-45e5-c78a-5e9a4f58d7c0" testName="As0163247" computerName="MINIAC" duration="00:00:00.0020502" startTime="2011-01-06T10:30:43.5271707+00:00" endTime="2011-01-06T10:30:43.5481719+00:00" testType="13cdc9d9-ddb5-4fa4-a97d-d965ccfc6d4b" outcome="Passed" testListId="8c84fa94-04c1-424b-9868-57a2d4851a1d" relativeResultsDirectory="868e772b-36fd-4255-b856-58c0bf4da439">
    </UnitTestResult>
    <UnitTestResult executionId="8e7c9d10-7483-4354-8545-3c95c76cc3f2" testId="b2aadfc0-b55c-fa15-a9e1-9405ae9a9cc7" testName="AsEnumerable03148" computerName="MINIAC" duration="00:00:00.0021445" startTime="2011-01-06T10:30:43.5601726+00:00" endTime="2011-01-06T10:30:43.5761735+00:00" testType="13cdc9d9-ddb5-4fa4-a97d-d965ccfc6d4b" outcome="Passed" testListId="8c84fa94-04c1-424b-9868-57a2d4851a1d" relativeResultsDirectory="8e7c9d10-7483-4354-8545-3c95c76cc3f2">
    </UnitTestResult>
    <UnitTestResult executionId="80312073-ff00-4088-b4f3-dab9bbfa075d" testId="b2c4141e-1dfd-f110-5623-435719fb340e" testName="AsEnumerable0258801" computerName="MINIAC" duration="00:00:00.0005132" startTime="2011-01-06T10:30:43.5821738+00:00" endTime="2011-01-06T10:30:43.5981747+00:00" testType="13cdc9d9-ddb5-4fa4-a97d-d965ccfc6d4b" outcome="Passed" testListId="8c84fa94-04c1-424b-9868-57a2d4851a1d" relativeResultsDirectory="80312073-ff00-4088-b4f3-dab9bbfa075d">
    </UnitTestResult>
    <UnitTestResult executionId="735a5dd7-c355-4e04-94df-34d3e4bba693" testId="b2f30ec3-5e04-5411-1ff4-09fa134b1c9b" testName="NextDateTimeThrowsContractException762" computerName="MINIAC" duration="00:00:00.0011795" startTime="2011-01-06T10:30:43.6041751+00:00" endTime="2011-01-06T10:30:43.6191759+00:00" testType="13cdc9d9-ddb5-4fa4-a97d-d965ccfc6d4b" outcome="Passed" testListId="8c84fa94-04c1-424b-9868-57a2d4851a1d" relativeResultsDirectory="735a5dd7-c355-4e04-94df-34d3e4bba693">
    </UnitTestResult>
    <UnitTestResult executionId="b1c06e82-4267-4272-b456-a6a1be71bbf9" testId="b30e4a1d-f330-da4d-3e81-5c536003275c" testName="As0132104" computerName="MINIAC" duration="00:00:00.0008469" startTime="2011-01-06T10:30:43.6281765+00:00" endTime="2011-01-06T10:30:43.6391771+00:00" testType="13cdc9d9-ddb5-4fa4-a97d-d965ccfc6d4b" outcome="Passed" testListId="8c84fa94-04c1-424b-9868-57a2d4851a1d" relativeResultsDirectory="b1c06e82-4267-4272-b456-a6a1be71bbf9">
    </UnitTestResult>
    <UnitTestResult executionId="df7c5f77-8bb7-415e-bc4d-609768cb6782" testId="b32008e9-7a6b-e8be-077f-aa699d6cced0" testName="Constructor25201" computerName="MINIAC" duration="00:00:00.0008011" startTime="2011-01-06T10:30:43.6511778+00:00" endTime="2011-01-06T10:30:43.6641785+00:00" testType="13cdc9d9-ddb5-4fa4-a97d-d965ccfc6d4b" outcome="Passed" testListId="8c84fa94-04c1-424b-9868-57a2d4851a1d" relativeResultsDirectory="df7c5f77-8bb7-415e-bc4d-609768cb6782">
    </UnitTestResult>
    <UnitTestResult executionId="252f22e1-aae1-49ae-ad05-2b48411ae02d" testId="b43d3839-897a-8359-f8af-bc2aa0d853ca" testName="ExecutionTimeThrowsContractException15" computerName="MINIAC" duration="00:00:00.0011142" startTime="2011-01-06T10:30:43.6691788+00:00" endTime="2011-01-06T10:30:43.6851797+00:00" testType="13cdc9d9-ddb5-4fa4-a97d-d965ccfc6d4b" outcome="Passed" testListId="8c84fa94-04c1-424b-9868-57a2d4851a1d" relativeResultsDirectory="252f22e1-aae1-49ae-ad05-2b48411ae02d">
    </UnitTestResult>
    <UnitTestResult executionId="04c59a0e-54dd-4071-8b4e-c08e592dae8b" testId="b51e8365-ff64-84bf-89d7-6e6cedcc3dbf" testName="As0163208" computerName="MINIAC" duration="00:00:00.0008221" startTime="2011-01-06T10:30:43.6901800+00:00" endTime="2011-01-06T10:30:43.6991805+00:00" testType="13cdc9d9-ddb5-4fa4-a97d-d965ccfc6d4b" outcome="Passed" testListId="8c84fa94-04c1-424b-9868-57a2d4851a1d" relativeResultsDirectory="04c59a0e-54dd-4071-8b4e-c08e592dae8b">
    </UnitTestResult>
    <UnitTestResult executionId="0482e5d0-922c-45ed-a2a4-7a9b69430af9" testId="b56ad954-f39f-415d-b4cd-5cf900faebf0" testName="Bound415" computerName="MINIAC" duration="00:00:00.0006695" startTime="2011-01-06T10:30:43.7081810+00:00" endTime="2011-01-06T10:30:43.7201817+00:00" testType="13cdc9d9-ddb5-4fa4-a97d-d965ccfc6d4b" outcome="Passed" testListId="8c84fa94-04c1-424b-9868-57a2d4851a1d" relativeResultsDirectory="0482e5d0-922c-45ed-a2a4-7a9b69430af9">
    </UnitTestResult>
    <UnitTestResult executionId="b8f2014a-14fd-4109-bf3b-e22083c5a701" testId="b6dfae7d-5cf1-2d64-17e8-8a5ce5813218" testName="Single617" computerName="MINIAC" duration="00:00:00.0024819" startTime="2011-01-06T10:30:43.7301823+00:00" endTime="2011-01-06T10:30:43.7481833+00:00" testType="13cdc9d9-ddb5-4fa4-a97d-d965ccfc6d4b" outcome="Passed" testListId="8c84fa94-04c1-424b-9868-57a2d4851a1d" relativeResultsDirectory="b8f2014a-14fd-4109-bf3b-e22083c5a701">
    </UnitTestResult>
    <UnitTestResult executionId="d753d923-5517-4491-a494-6ad8f7eb312a" testId="b70adbd0-590e-daec-704e-6b8d2f1eef4b" testName="ForEach90805" computerName="MINIAC" duration="00:00:00.0026629" startTime="2011-01-06T10:30:43.7601840+00:00" endTime="2011-01-06T10:30:43.7721847+00:00" testType="13cdc9d9-ddb5-4fa4-a97d-d965ccfc6d4b" outcome="Passed" testListId="8c84fa94-04c1-424b-9868-57a2d4851a1d" relativeResultsDirectory="d753d923-5517-4491-a494-6ad8f7eb312a">
    </UnitTestResult>
    <UnitTestResult executionId="47a31827-71bc-43fd-8ec5-99597c4cd62d" testId="b70d24a9-e4cc-d879-39c7-bc30de9e70ab" testName="As0163215" computerName="MINIAC" duration="00:00:00.0085866" startTime="2011-01-06T10:30:43.7811852+00:00" endTime="2011-01-06T10:30:43.8041865+00:00" testType="13cdc9d9-ddb5-4fa4-a97d-d965ccfc6d4b" outcome="Passed" testListId="8c84fa94-04c1-424b-9868-57a2d4851a1d" relativeResultsDirectory="47a31827-71bc-43fd-8ec5-99597c4cd62d">
    </UnitTestResult>
    <UnitTestResult executionId="f3f3201d-0ca8-4a04-9e01-5a3790ef3e32" testId="b74830d0-a6ce-14b6-0d35-7c2e849267f3" testName="Add29603" computerName="MINIAC" duration="00:00:00.0004409" startTime="2011-01-06T10:30:43.8171873+00:00" endTime="2011-01-06T10:30:43.8311881+00:00" testType="13cdc9d9-ddb5-4fa4-a97d-d965ccfc6d4b" outcome="Passed" testListId="8c84fa94-04c1-424b-9868-57a2d4851a1d" relativeResultsDirectory="f3f3201d-0ca8-4a04-9e01-5a3790ef3e32">
    </UnitTestResult>
    <UnitTestResult executionId="b1347956-ca26-45ac-99c2-b51495cc284a" testId="b81ff0f8-4bd4-95ca-3a1e-ebf2dd6ff95a" testName="Shuffle713" computerName="MINIAC" duration="00:00:00.0019145" startTime="2011-01-06T10:30:43.8371884+00:00" endTime="2011-01-06T10:30:43.8531893+00:00" testType="13cdc9d9-ddb5-4fa4-a97d-d965ccfc6d4b" outcome="Passed" testListId="8c84fa94-04c1-424b-9868-57a2d4851a1d" relativeResultsDirectory="b1347956-ca26-45ac-99c2-b51495cc284a">
    </UnitTestResult>
    <UnitTestResult executionId="68b1de26-7d18-4cd0-b0f9-3506d0010949" testId="b82459f8-9193-4181-e1c2-7a58eee94293" testName="Add88505" computerName="MINIAC" duration="00:00:00.0008231" startTime="2011-01-06T10:30:43.8601897+00:00" endTime="2011-01-06T10:30:43.8771907+00:00" testType="13cdc9d9-ddb5-4fa4-a97d-d965ccfc6d4b" outcome="Passed" testListId="8c84fa94-04c1-424b-9868-57a2d4851a1d" relativeResultsDirectory="68b1de26-7d18-4cd0-b0f9-3506d0010949">
    </UnitTestResult>
    <UnitTestResult executionId="d0e22248-24b4-4b0d-a745-fdbab864c54c" testId="b8e531ca-ec94-5331-cc83-d2332ab01f85" testName="Fill0157101" computerName="MINIAC" duration="00:00:00.0026918" startTime="2011-01-06T10:30:43.8881913+00:00" endTime="2011-01-06T10:30:43.8991920+00:00" testType="13cdc9d9-ddb5-4fa4-a97d-d965ccfc6d4b" outcome="Passed" testListId="8c84fa94-04c1-424b-9868-57a2d4851a1d" relativeResultsDirectory="d0e22248-24b4-4b0d-a745-fdbab864c54c">
    </UnitTestResult>
    <UnitTestResult executionId="886c2b5a-0276-4c43-8730-68d48a3cd904" testId="b99ec452-b626-078c-5efb-2041d6f255c4" testName="As21504" computerName="MINIAC" duration="00:00:00.0007190" startTime="2011-01-06T10:30:43.9041922+00:00" endTime="2011-01-06T10:30:43.9131928+00:00" testType="13cdc9d9-ddb5-4fa4-a97d-d965ccfc6d4b" outcome="Passed" testListId="8c84fa94-04c1-424b-9868-57a2d4851a1d" relativeResultsDirectory="886c2b5a-0276-4c43-8730-68d48a3cd904">
    </UnitTestResult>
    <UnitTestResult executionId="95b79d70-5f97-4e07-8759-f435903537d8" testId="ba4ad856-2aca-f1cb-f1f3-4abe5647b176" testName="Random01ThrowsContractException791" computerName="MINIAC" duration="00:00:00.0023227" startTime="2011-01-06T10:30:43.9251934+00:00" endTime="2011-01-06T10:30:43.9371941+00:00" testType="13cdc9d9-ddb5-4fa4-a97d-d965ccfc6d4b" outcome="Passed" testListId="8c84fa94-04c1-424b-9868-57a2d4851a1d" relativeResultsDirectory="95b79d70-5f97-4e07-8759-f435903537d8">
    </UnitTestResult>
    <UnitTestResult executionId="81e1df30-7198-42b0-9d95-5cf02c1a6476" testId="ba655519-84b5-616e-0933-0bcd320e888d" testName="CreateRectangleThrowsContractException295" computerName="MINIAC" duration="00:00:00.0005454" startTime="2011-01-06T10:30:43.9471947+00:00" endTime="2011-01-06T10:30:43.9651957+00:00" testType="13cdc9d9-ddb5-4fa4-a97d-d965ccfc6d4b" outcome="Passed" testListId="8c84fa94-04c1-424b-9868-57a2d4851a1d" relativeResultsDirectory="81e1df30-7198-42b0-9d95-5cf02c1a6476">
    </UnitTestResult>
    <UnitTestResult executionId="a037181f-30da-4f42-97ec-88f965431610" testId="baf4ce3c-1fc7-efc9-3438-7f66d5c18bcf" testName="As01403" computerName="MINIAC" duration="00:00:00.0005669" startTime="2011-01-06T10:30:43.9731962+00:00" endTime="2011-01-06T10:30:43.9911972+00:00" testType="13cdc9d9-ddb5-4fa4-a97d-d965ccfc6d4b" outcome="Passed" testListId="8c84fa94-04c1-424b-9868-57a2d4851a1d" relativeResultsDirectory="a037181f-30da-4f42-97ec-88f965431610">
    </UnitTestResult>
    <UnitTestResult executionId="91c3ba2f-fe75-421e-a7a9-5f85a3e835fa" testId="bbc45056-7304-0cf8-18ec-0f56b7abf591" testName="As0198304" computerName="MINIAC" duration="00:00:00.0030600" startTime="2011-01-06T10:30:44.0001977+00:00" endTime="2011-01-06T10:30:44.0101983+00:00" testType="13cdc9d9-ddb5-4fa4-a97d-d965ccfc6d4b" outcome="Passed" testListId="8c84fa94-04c1-424b-9868-57a2d4851a1d" relativeResultsDirectory="91c3ba2f-fe75-421e-a7a9-5f85a3e835fa">
    </UnitTestResult>
    <UnitTestResult executionId="81dfc9e9-b40f-4a16-99b3-bc4cdd6394b4" testId="bbe65d68-71ba-72ec-21d1-a0b54bdef612" testName="AsEnumerable0128304" computerName="MINIAC" duration="00:00:00.0085240" startTime="2011-01-06T10:30:44.0191988+00:00" endTime="2011-01-06T10:30:44.0422001+00:00" testType="13cdc9d9-ddb5-4fa4-a97d-d965ccfc6d4b" outcome="Passed" testListId="8c84fa94-04c1-424b-9868-57a2d4851a1d" relativeResultsDirectory="81dfc9e9-b40f-4a16-99b3-bc4cdd6394b4">
    </UnitTestResult>
    <UnitTestResult executionId="246994d9-a1b4-488e-9f35-0bbe35799f2e" testId="bd00057e-88b2-1e9c-846b-ed190ddc5717" testName="To0488601" computerName="MINIAC" duration="00:00:00.0019411" startTime="2011-01-06T10:30:44.0492005+00:00" endTime="2011-01-06T10:30:44.0722018+00:00" testType="13cdc9d9-ddb5-4fa4-a97d-d965ccfc6d4b" outcome="Passed" testListId="8c84fa94-04c1-424b-9868-57a2d4851a1d" relativeResultsDirectory="246994d9-a1b4-488e-9f35-0bbe35799f2e">
    </UnitTestResult>
    <UnitTestResult executionId="eff39ec8-a88b-4a88-9791-93b963c14c4b" testId="bdf76499-e0f6-3d7b-4432-982ba6c3b223" testName="Fill0168801" computerName="MINIAC" duration="00:00:00.0012337" startTime="2011-01-06T10:30:44.0812024+00:00" endTime="2011-01-06T10:30:44.0912029+00:00" testType="13cdc9d9-ddb5-4fa4-a97d-d965ccfc6d4b" outcome="Passed" testListId="8c84fa94-04c1-424b-9868-57a2d4851a1d" relativeResultsDirectory="eff39ec8-a88b-4a88-9791-93b963c14c4b">
    </UnitTestResult>
    <UnitTestResult executionId="4bdafb2b-5e6a-4d80-b329-54f471502cfc" testId="be4a640d-264d-b6fa-ba99-6f190c20c0bb" testName="To01463" computerName="MINIAC" duration="00:00:00.0081745" startTime="2011-01-06T10:30:44.0952032+00:00" endTime="2011-01-06T10:30:44.1182045+00:00" testType="13cdc9d9-ddb5-4fa4-a97d-d965ccfc6d4b" outcome="Passed" testListId="8c84fa94-04c1-424b-9868-57a2d4851a1d" relativeResultsDirectory="4bdafb2b-5e6a-4d80-b329-54f471502cfc">
    </UnitTestResult>
    <UnitTestResult executionId="a592d117-a95c-47d2-84b0-c0433b9e07de" testId="be5f5722-e49c-2552-3b23-55e7eba52bdb" testName="FromEnumerator55" computerName="MINIAC" duration="00:00:00.0020017" startTime="2011-01-06T10:30:44.1252049+00:00" endTime="2011-01-06T10:30:44.1442060+00:00" testType="13cdc9d9-ddb5-4fa4-a97d-d965ccfc6d4b" outcome="Passed" testListId="8c84fa94-04c1-424b-9868-57a2d4851a1d" relativeResultsDirectory="a592d117-a95c-47d2-84b0-c0433b9e07de">
    </UnitTestResult>
    <UnitTestResult executionId="c31e8241-1c03-4264-b59d-603c19eb37fd" testId="be772578-3bd6-fe1e-69ad-baa513f62b0b" testName="As0163226" computerName="MINIAC" duration="00:00:00.0096924" startTime="2011-01-06T10:30:44.1532065+00:00" endTime="2011-01-06T10:30:44.1782079+00:00" testType="13cdc9d9-ddb5-4fa4-a97d-d965ccfc6d4b" outcome="Passed" testListId="8c84fa94-04c1-424b-9868-57a2d4851a1d" relativeResultsDirectory="c31e8241-1c03-4264-b59d-603c19eb37fd">
    </UnitTestResult>
    <UnitTestResult executionId="32bf9fb8-ab40-402a-980d-ce3fbbb6befc" testId="bf4b4d8f-a9c5-278f-9d0c-4140566dfe7e" testName="As0130302" computerName="MINIAC" duration="00:00:00.0042261" startTime="2011-01-06T10:30:44.1842083+00:00" endTime="2011-01-06T10:30:44.2022093+00:00" testType="13cdc9d9-ddb5-4fa4-a97d-d965ccfc6d4b" outcome="Passed" testListId="8c84fa94-04c1-424b-9868-57a2d4851a1d" relativeResultsDirectory="32bf9fb8-ab40-402a-980d-ce3fbbb6befc">
    </UnitTestResult>
    <UnitTestResult executionId="e2623a9b-f48d-484f-8045-9e75787faaf9" testId="bff4cadd-4f1c-2dc8-fd6c-9d55b780efae" testName="GetRectangleThrowsContractException636" computerName="MINIAC" duration="00:00:00.0013531" startTime="2011-01-06T10:30:44.2162101+00:00" endTime="2011-01-06T10:30:44.2302109+00:00" testType="13cdc9d9-ddb5-4fa4-a97d-d965ccfc6d4b" outcome="Passed" testListId="8c84fa94-04c1-424b-9868-57a2d4851a1d" relativeResultsDirectory="e2623a9b-f48d-484f-8045-9e75787faaf9">
    </UnitTestResult>
    <UnitTestResult executionId="1a4db9ae-b759-4f37-9508-86d267c22763" testId="c0b049d8-5af1-212d-f646-b9a7aa76e7aa" testName="As0163235" computerName="MINIAC" duration="00:00:00.0027973" startTime="2011-01-06T10:30:44.2422116+00:00" endTime="2011-01-06T10:30:44.2672130+00:00" testType="13cdc9d9-ddb5-4fa4-a97d-d965ccfc6d4b" outcome="Passed" testListId="8c84fa94-04c1-424b-9868-57a2d4851a1d" relativeResultsDirectory="1a4db9ae-b759-4f37-9508-86d267c22763">
    </UnitTestResult>
    <UnitTestResult executionId="85b80f15-a8f8-4ecd-bd65-ffe770d1a60b" testId="c120e67a-ca3d-ad4a-6e13-a8ac39d90a59" testName="As21521" computerName="MINIAC" duration="00:00:00.0037520" startTime="2011-01-06T10:30:44.2692131+00:00" endTime="2011-01-06T10:30:44.2952146+00:00" testType="13cdc9d9-ddb5-4fa4-a97d-d965ccfc6d4b" outcome="Passed" testListId="8c84fa94-04c1-424b-9868-57a2d4851a1d" relativeResultsDirectory="85b80f15-a8f8-4ecd-bd65-ffe770d1a60b">
    </UnitTestResult>
    <UnitTestResult executionId="faa589a8-95d1-4ad5-b81c-f23ca4b65198" testId="c1838d98-ca12-2824-62bc-37efa629a0f1" testName="IfNotNull47705" computerName="MINIAC" duration="00:00:00.0084951" startTime="2011-01-06T10:30:44.3032151+00:00" endTime="2011-01-06T10:30:44.3332168+00:00" testType="13cdc9d9-ddb5-4fa4-a97d-d965ccfc6d4b" outcome="Passed" testListId="8c84fa94-04c1-424b-9868-57a2d4851a1d" relativeResultsDirectory="faa589a8-95d1-4ad5-b81c-f23ca4b65198">
    </UnitTestResult>
    <UnitTestResult executionId="3778cf05-9f07-4208-9de6-499db934df39" testId="c2a16b22-9983-ed58-4351-7fd3ef453798" testName="SubarrayThrowsContractException629" computerName="MINIAC" duration="00:00:00.0006831" startTime="2011-01-06T10:30:44.3352169+00:00" endTime="2011-01-06T10:30:44.3502177+00:00" testType="13cdc9d9-ddb5-4fa4-a97d-d965ccfc6d4b" outcome="Passed" testListId="8c84fa94-04c1-424b-9868-57a2d4851a1d" relativeResultsDirectory="3778cf05-9f07-4208-9de6-499db934df39">
    </UnitTestResult>
    <UnitTestResult executionId="b78b86b7-1e44-43b5-8682-0ff5270d8c1f" testId="c35eb805-49e5-7d06-b69d-ba684aaa6791" testName="TakeEveryThrowsContractException998" computerName="MINIAC" duration="00:00:00.0025192" startTime="2011-01-06T10:30:44.3652186+00:00" endTime="2011-01-06T10:30:44.3802195+00:00" testType="13cdc9d9-ddb5-4fa4-a97d-d965ccfc6d4b" outcome="Passed" testListId="8c84fa94-04c1-424b-9868-57a2d4851a1d" relativeResultsDirectory="b78b86b7-1e44-43b5-8682-0ff5270d8c1f">
    </UnitTestResult>
    <UnitTestResult executionId="5b85dcac-a3ec-4090-89d7-14b2a2d0e5bf" testId="c3a5f774-5c25-7fa7-593c-10a98b5db768" testName="Execute424" computerName="MINIAC" duration="00:00:00.0004913" startTime="2011-01-06T10:30:44.3862198+00:00" endTime="2011-01-06T10:30:44.3962204+00:00" testType="13cdc9d9-ddb5-4fa4-a97d-d965ccfc6d4b" outcome="Passed" testListId="8c84fa94-04c1-424b-9868-57a2d4851a1d" relativeResultsDirectory="5b85dcac-a3ec-4090-89d7-14b2a2d0e5bf">
    </UnitTestResult>
    <UnitTestResult executionId="75335a9f-4a2b-47a1-be8f-05a61a0e8b81" testId="c3abe281-9f8b-f567-4c3c-8146a5220784" testName="Bound8" computerName="MINIAC" duration="00:00:00.0019686" startTime="2011-01-06T10:30:44.4072210+00:00" endTime="2011-01-06T10:30:44.4272222+00:00" testType="13cdc9d9-ddb5-4fa4-a97d-d965ccfc6d4b" outcome="Passed" testListId="8c84fa94-04c1-424b-9868-57a2d4851a1d" relativeResultsDirectory="75335a9f-4a2b-47a1-be8f-05a61a0e8b81">
    </UnitTestResult>
    <UnitTestResult executionId="c7fb4885-1ceb-4a54-8f64-7203f3e7e0f6" testId="c3b85211-1b55-61c6-8d42-782c04048184" testName="AsEnumerable0258804" computerName="MINIAC" duration="00:00:00.0030166" startTime="2011-01-06T10:30:44.4352226+00:00" endTime="2011-01-06T10:30:44.4442231+00:00" testType="13cdc9d9-ddb5-4fa4-a97d-d965ccfc6d4b" outcome="Passed" testListId="8c84fa94-04c1-424b-9868-57a2d4851a1d" relativeResultsDirectory="c7fb4885-1ceb-4a54-8f64-7203f3e7e0f6">
    </UnitTestResult>
    <UnitTestResult executionId="d890bae1-c56f-4e41-9cfc-08757811f28c" testId="c3d74631-4198-0bf7-31b4-c57e4e43d97c" testName="AsEnumerable01ThrowsContractException781" computerName="MINIAC" duration="00:00:00.0005813" startTime="2011-01-06T10:30:44.4472233+00:00" endTime="2011-01-06T10:30:44.4672244+00:00" testType="13cdc9d9-ddb5-4fa4-a97d-d965ccfc6d4b" outcome="Passed" testListId="8c84fa94-04c1-424b-9868-57a2d4851a1d" relativeResultsDirectory="d890bae1-c56f-4e41-9cfc-08757811f28c">
    </UnitTestResult>
    <UnitTestResult executionId="926ec8bb-2037-4c67-9337-69059b2d4469" testId="c3e8dcc2-bac7-2a0c-9c06-8dc4838145f3" testName="Fill0168802" computerName="MINIAC" duration="00:00:00.0048975" startTime="2011-01-06T10:30:44.4752249+00:00" endTime="2011-01-06T10:30:44.4982262+00:00" testType="13cdc9d9-ddb5-4fa4-a97d-d965ccfc6d4b" outcome="Passed" testListId="8c84fa94-04c1-424b-9868-57a2d4851a1d" relativeResultsDirectory="926ec8bb-2037-4c67-9337-69059b2d4469">
    </UnitTestResult>
    <UnitTestResult executionId="faff36a1-799a-4d53-9b2b-941191dac533" testId="c3ee02a5-293b-7ff9-c709-98157fa3a3be" testName="GetByPercentThrowsContractException75" computerName="MINIAC" duration="00:00:00.0082795" startTime="2011-01-06T10:30:44.5012264+00:00" endTime="2011-01-06T10:30:44.5262278+00:00" testType="13cdc9d9-ddb5-4fa4-a97d-d965ccfc6d4b" outcome="Passed" testListId="8c84fa94-04c1-424b-9868-57a2d4851a1d" relativeResultsDirectory="faff36a1-799a-4d53-9b2b-941191dac533">
    </UnitTestResult>
    <UnitTestResult executionId="e2777478-2ecb-464e-888f-613dbea8364e" testId="c441e89e-f895-2b6d-e75c-6ac07c647d62" testName="AsEnumerable0128303" computerName="MINIAC" duration="00:00:00.0014646" startTime="2011-01-06T10:30:44.5292280+00:00" endTime="2011-01-06T10:30:44.5522293+00:00" testType="13cdc9d9-ddb5-4fa4-a97d-d965ccfc6d4b" outcome="Passed" testListId="8c84fa94-04c1-424b-9868-57a2d4851a1d" relativeResultsDirectory="e2777478-2ecb-464e-888f-613dbea8364e">
    </UnitTestResult>
    <UnitTestResult executionId="969ecf54-3150-4df0-8086-5234483a7342" testId="c4c6dbc5-8988-fc78-6c24-cd9bba7d228f" testName="Add29606" computerName="MINIAC" duration="00:00:00.0047225" startTime="2011-01-06T10:30:44.5672302+00:00" endTime="2011-01-06T10:30:44.5892314+00:00" testType="13cdc9d9-ddb5-4fa4-a97d-d965ccfc6d4b" outcome="Passed" testListId="8c84fa94-04c1-424b-9868-57a2d4851a1d" relativeResultsDirectory="969ecf54-3150-4df0-8086-5234483a7342">
    </UnitTestResult>
    <UnitTestResult executionId="857906d3-37ff-4d76-b58c-3a45b688e332" testId="c5e910ca-b0f3-fe99-9027-8d0c98206539" testName="IsPortFree204" computerName="MINIAC" duration="00:00:00.0306970" startTime="2011-01-06T10:30:44.5962318+00:00" endTime="2011-01-06T10:30:44.6382342+00:00" testType="13cdc9d9-ddb5-4fa4-a97d-d965ccfc6d4b" outcome="Passed" testListId="8c84fa94-04c1-424b-9868-57a2d4851a1d" relativeResultsDirectory="857906d3-37ff-4d76-b58c-3a45b688e332">
    </UnitTestResult>
    <UnitTestResult executionId="e4b4bf53-23d0-448d-9816-4d8884ecbbb1" testId="c6e56d30-e4b1-0266-4be4-81fd81816d37" testName="ReadLinesFrom335" computerName="MINIAC" duration="00:00:00.0026951" startTime="2011-01-06T10:30:44.6712361+00:00" endTime="2011-01-06T10:30:44.6912373+00:00" testType="13cdc9d9-ddb5-4fa4-a97d-d965ccfc6d4b" outcome="Passed" testListId="8c84fa94-04c1-424b-9868-57a2d4851a1d" relativeResultsDirectory="e4b4bf53-23d0-448d-9816-4d8884ecbbb1">
    </UnitTestResult>
    <UnitTestResult executionId="ccb233bb-4489-4890-9e22-70704b21ecc4" testId="c764531a-8b43-978a-82fa-64e183192f81" testName="IsNullOrEmpty963" computerName="MINIAC" duration="00:00:00.0166949" startTime="2011-01-06T10:30:44.6942374+00:00" endTime="2011-01-06T10:30:44.7272393+00:00" testType="13cdc9d9-ddb5-4fa4-a97d-d965ccfc6d4b" outcome="Passed" testListId="8c84fa94-04c1-424b-9868-57a2d4851a1d" relativeResultsDirectory="ccb233bb-4489-4890-9e22-70704b21ecc4">
    </UnitTestResult>
    <UnitTestResult executionId="f9a2f96d-5a2c-458d-9798-1197be4e77eb" testId="c80221bd-ca0a-aa23-6b81-2ed5f20f8d5f" testName="As0163229" computerName="MINIAC" duration="00:00:00.0030936" startTime="2011-01-06T10:30:44.7372399+00:00" endTime="2011-01-06T10:30:44.8292451+00:00" testType="13cdc9d9-ddb5-4fa4-a97d-d965ccfc6d4b" outcome="Passed" testListId="8c84fa94-04c1-424b-9868-57a2d4851a1d" relativeResultsDirectory="f9a2f96d-5a2c-458d-9798-1197be4e77eb">
    </UnitTestResult>
    <UnitTestResult executionId="c8f93031-5232-4c5e-aaca-453cf1acf028" testId="c915ebab-6006-9244-c1bb-93a0e94b6128" testName="NextCharThrowsContractException997" computerName="MINIAC" duration="00:00:00.0047389" startTime="2011-01-06T10:30:44.8622470+00:00" endTime="2011-01-06T10:30:44.8842483+00:00" testType="13cdc9d9-ddb5-4fa4-a97d-d965ccfc6d4b" outcome="Passed" testListId="8c84fa94-04c1-424b-9868-57a2d4851a1d" relativeResultsDirectory="c8f93031-5232-4c5e-aaca-453cf1acf028">
    </UnitTestResult>
    <UnitTestResult executionId="9ecc9984-d3f4-4e8a-a88e-1c14540e0b9f" testId="cc8275a0-551e-d39e-ef08-c6785391cae1" testName="UnionAll01ThrowsContractException68" computerName="MINIAC" duration="00:00:00.0058858" startTime="2011-01-06T10:30:44.8912487+00:00" endTime="2011-01-06T10:30:44.9132500+00:00" testType="13cdc9d9-ddb5-4fa4-a97d-d965ccfc6d4b" outcome="Passed" testListId="8c84fa94-04c1-424b-9868-57a2d4851a1d" relativeResultsDirectory="9ecc9984-d3f4-4e8a-a88e-1c14540e0b9f">
    </UnitTestResult>
    <UnitTestResult executionId="685c48d3-41d1-4213-8c06-9748ec2c3169" testId="cde3f8df-5511-2974-1851-e9e6d6fb436e" testName="Add88506" computerName="MINIAC" duration="00:00:00.0045084" startTime="2011-01-06T10:30:44.9202504+00:00" endTime="2011-01-06T10:30:44.9422516+00:00" testType="13cdc9d9-ddb5-4fa4-a97d-d965ccfc6d4b" outcome="Passed" testListId="8c84fa94-04c1-424b-9868-57a2d4851a1d" relativeResultsDirectory="685c48d3-41d1-4213-8c06-9748ec2c3169">
    </UnitTestResult>
    <UnitTestResult executionId="6a3f3964-2137-4a21-82fa-89e72fb99807" testId="cdf50321-c0eb-ddc4-0179-2919c2028903" testName="IsIn01570" computerName="MINIAC" duration="00:00:00.0005683" startTime="2011-01-06T10:30:44.9502521+00:00" endTime="2011-01-06T10:30:44.9582525+00:00" testType="13cdc9d9-ddb5-4fa4-a97d-d965ccfc6d4b" outcome="Passed" testListId="8c84fa94-04c1-424b-9868-57a2d4851a1d" relativeResultsDirectory="6a3f3964-2137-4a21-82fa-89e72fb99807">
    </UnitTestResult>
    <UnitTestResult executionId="5e600e27-d06c-4e24-87b0-a8cda2e17add" testId="cf0ed431-1996-776b-ee72-64e564d77181" testName="IterThrowsContractException105" computerName="MINIAC" duration="00:00:00.0032294" startTime="2011-01-06T10:30:44.9682531+00:00" endTime="2011-01-06T10:30:44.9792537+00:00" testType="13cdc9d9-ddb5-4fa4-a97d-d965ccfc6d4b" outcome="Passed" testListId="8c84fa94-04c1-424b-9868-57a2d4851a1d" relativeResultsDirectory="5e600e27-d06c-4e24-87b0-a8cda2e17add">
    </UnitTestResult>
    <UnitTestResult executionId="bcbe1cf1-7c7b-4039-8eb7-7245455a1f1f" testId="cf67e106-470b-64ee-b4ec-daf199d3db2f" testName="Add296" computerName="MINIAC" duration="00:00:00.0029653" startTime="2011-01-06T10:30:44.9882542+00:00" endTime="2011-01-06T10:30:44.9972548+00:00" testType="13cdc9d9-ddb5-4fa4-a97d-d965ccfc6d4b" outcome="Passed" testListId="8c84fa94-04c1-424b-9868-57a2d4851a1d" relativeResultsDirectory="bcbe1cf1-7c7b-4039-8eb7-7245455a1f1f">
    </UnitTestResult>
    <UnitTestResult executionId="7c3a8bfa-39c5-43b0-ae9c-5e196cb3a176" testId="d0140d76-78ce-58b3-2274-c95b28b0ccfb" testName="As0163234" computerName="MINIAC" duration="00:00:00.0003905" startTime="2011-01-06T10:30:45.0012550+00:00" endTime="2011-01-06T10:30:45.0242563+00:00" testType="13cdc9d9-ddb5-4fa4-a97d-d965ccfc6d4b" outcome="Passed" testListId="8c84fa94-04c1-424b-9868-57a2d4851a1d" relativeResultsDirectory="7c3a8bfa-39c5-43b0-ae9c-5e196cb3a176">
    </UnitTestResult>
    <UnitTestResult executionId="4b0cf010-b5a4-4053-aeb6-b0565cd039de" testId="d049d90a-3dba-26cb-52eb-d9fac6863bbe" testName="ForEach78805" computerName="MINIAC" duration="00:00:00.0071522" startTime="2011-01-06T10:30:45.0322568+00:00" endTime="2011-01-06T10:30:45.0462576+00:00" testType="13cdc9d9-ddb5-4fa4-a97d-d965ccfc6d4b" outcome="Passed" testListId="8c84fa94-04c1-424b-9868-57a2d4851a1d" relativeResultsDirectory="4b0cf010-b5a4-4053-aeb6-b0565cd039de">
    </UnitTestResult>
    <UnitTestResult executionId="4758b6ca-0f1e-4a7b-b9bf-a44e716a57ef" testId="d11783f8-e784-d3a8-e59d-63f92290584b" testName="CreateRectangle621" computerName="MINIAC" duration="00:00:00.0064751" startTime="2011-01-06T10:30:45.0552581+00:00" endTime="2011-01-06T10:30:45.0672588+00:00" testType="13cdc9d9-ddb5-4fa4-a97d-d965ccfc6d4b" outcome="Passed" testListId="8c84fa94-04c1-424b-9868-57a2d4851a1d" relativeResultsDirectory="4758b6ca-0f1e-4a7b-b9bf-a44e716a57ef">
    </UnitTestResult>
    <UnitTestResult executionId="03865dbd-e6d3-409c-9390-8700bb40ac67" testId="d1244455-073f-9dfb-7627-1dfedd276854" testName="Fill01105" computerName="MINIAC" duration="00:00:00.0053637" startTime="2011-01-06T10:30:45.0742592+00:00" endTime="2011-01-06T10:30:45.0972605+00:00" testType="13cdc9d9-ddb5-4fa4-a97d-d965ccfc6d4b" outcome="Passed" testListId="8c84fa94-04c1-424b-9868-57a2d4851a1d" relativeResultsDirectory="03865dbd-e6d3-409c-9390-8700bb40ac67">
    </UnitTestResult>
    <UnitTestResult executionId="91d79c3c-7cf9-465d-8694-23e67ce5b3d4" testId="d2b87ca7-13bf-5225-5027-20d84a20b6c5" testName="Bound01415" computerName="MINIAC" duration="00:00:00.0023004" startTime="2011-01-06T10:30:45.1022608+00:00" endTime="2011-01-06T10:30:45.1202618+00:00" testType="13cdc9d9-ddb5-4fa4-a97d-d965ccfc6d4b" outcome="Passed" testListId="8c84fa94-04c1-424b-9868-57a2d4851a1d" relativeResultsDirectory="91d79c3c-7cf9-465d-8694-23e67ce5b3d4">
    </UnitTestResult>
    <UnitTestResult executionId="92e46253-20c8-41cc-aa24-b4568f1405c1" testId="d400fa75-dd71-d01b-c6b4-e354835a9d50" testName="Fill01688" computerName="MINIAC" duration="00:00:00.0028454" startTime="2011-01-06T10:30:45.1282623+00:00" endTime="2011-01-06T10:30:45.1392629+00:00" testType="13cdc9d9-ddb5-4fa4-a97d-d965ccfc6d4b" outcome="Passed" testListId="8c84fa94-04c1-424b-9868-57a2d4851a1d" relativeResultsDirectory="92e46253-20c8-41cc-aa24-b4568f1405c1">
    </UnitTestResult>
    <UnitTestResult executionId="281b076a-c91c-4c96-8fdb-fecb5bfbce88" testId="d5027f5f-1da1-2a25-97cf-1e7da6a062b5" testName="Fill0157104" computerName="MINIAC" duration="00:00:00.0020362" startTime="2011-01-06T10:30:45.1482634+00:00" endTime="2011-01-06T10:30:45.1692646+00:00" testType="13cdc9d9-ddb5-4fa4-a97d-d965ccfc6d4b" outcome="Passed" testListId="8c84fa94-04c1-424b-9868-57a2d4851a1d" relativeResultsDirectory="281b076a-c91c-4c96-8fdb-fecb5bfbce88">
    </UnitTestResult>
    <UnitTestResult executionId="e143f4e5-c4f7-4316-83c1-071ed40f5bd8" testId="d547ad6e-782f-a39e-e1be-9fb7bf1da3b9" testName="As01ThrowsContractException598" computerName="MINIAC" duration="00:00:00.0068442" startTime="2011-01-06T10:30:45.1832654+00:00" endTime="2011-01-06T10:30:45.2082668+00:00" testType="13cdc9d9-ddb5-4fa4-a97d-d965ccfc6d4b" outcome="Passed" testListId="8c84fa94-04c1-424b-9868-57a2d4851a1d" relativeResultsDirectory="e143f4e5-c4f7-4316-83c1-071ed40f5bd8">
    </UnitTestResult>
    <UnitTestResult executionId="d73798e1-73ad-4c24-8ed9-4a0b8e248ee1" testId="d56f2fbf-3f3e-cba1-4f8d-7b34cec35b0a" testName="As0198303" computerName="MINIAC" duration="00:00:00.0016037" startTime="2011-01-06T10:30:45.2202675+00:00" endTime="2011-01-06T10:30:45.2312681+00:00" testType="13cdc9d9-ddb5-4fa4-a97d-d965ccfc6d4b" outcome="Passed" testListId="8c84fa94-04c1-424b-9868-57a2d4851a1d" relativeResultsDirectory="d73798e1-73ad-4c24-8ed9-4a0b8e248ee1">
    </UnitTestResult>
    <UnitTestResult executionId="0229297f-5b82-4155-a184-fe11fee6da74" testId="d5c0936a-c599-0b52-ccd7-56cf32ad0c4f" testName="AsEnumerable03ThrowsContractException218" computerName="MINIAC" duration="00:00:00.0057584" startTime="2011-01-06T10:30:45.2732705+00:00" endTime="2011-01-06T10:30:45.3382743+00:00" testType="13cdc9d9-ddb5-4fa4-a97d-d965ccfc6d4b" outcome="Passed" testListId="8c84fa94-04c1-424b-9868-57a2d4851a1d" relativeResultsDirectory="0229297f-5b82-4155-a184-fe11fee6da74">
    </UnitTestResult>
    <UnitTestResult executionId="da80dffd-1aa0-438c-aa01-8a34eeacbad8" testId="d654d0fa-e627-5ae5-cf4d-55765a616a3e" testName="Fill0157105" computerName="MINIAC" duration="00:00:00.0003602" startTime="2011-01-06T10:30:45.3622756+00:00" endTime="2011-01-06T10:30:45.3792766+00:00" testType="13cdc9d9-ddb5-4fa4-a97d-d965ccfc6d4b" outcome="Passed" testListId="8c84fa94-04c1-424b-9868-57a2d4851a1d" relativeResultsDirectory="da80dffd-1aa0-438c-aa01-8a34eeacbad8">
    </UnitTestResult>
    <UnitTestResult executionId="7134cdd8-e8e6-41ae-b3c1-9daffd73d6c9" testId="d75bbbff-3e3e-ac68-2b4f-48cfb14f2d0a" testName="IfNotNull17303" computerName="MINIAC" duration="00:00:00.0109635" startTime="2011-01-06T10:30:45.3812767+00:00" endTime="2011-01-06T10:30:45.4052781+00:00" testType="13cdc9d9-ddb5-4fa4-a97d-d965ccfc6d4b" outcome="Passed" testListId="8c84fa94-04c1-424b-9868-57a2d4851a1d" relativeResultsDirectory="7134cdd8-e8e6-41ae-b3c1-9daffd73d6c9">
    </UnitTestResult>
    <UnitTestResult executionId="38f5c7af-24e0-4c4b-8fa2-f18c97a53b84" testId="d8115cf2-acd6-b8cc-aa75-b519347ccd23" testName="ContainsArrayThrowsContractException828" computerName="MINIAC" duration="00:00:00.0030082" startTime="2011-01-06T10:30:45.4082783+00:00" endTime="2011-01-06T10:30:45.4342798+00:00" testType="13cdc9d9-ddb5-4fa4-a97d-d965ccfc6d4b" outcome="Passed" testListId="8c84fa94-04c1-424b-9868-57a2d4851a1d" relativeResultsDirectory="38f5c7af-24e0-4c4b-8fa2-f18c97a53b84">
    </UnitTestResult>
    <UnitTestResult executionId="1bed7092-f2fc-4cf2-a1f4-ecab2076b6fa" testId="d820847a-a64d-718b-5774-4886058277c3" testName="Add29602" computerName="MINIAC" duration="00:00:00.0043301" startTime="2011-01-06T10:30:45.4502807+00:00" endTime="2011-01-06T10:30:45.4702818+00:00" testType="13cdc9d9-ddb5-4fa4-a97d-d965ccfc6d4b" outcome="Passed" testListId="8c84fa94-04c1-424b-9868-57a2d4851a1d" relativeResultsDirectory="1bed7092-f2fc-4cf2-a1f4-ecab2076b6fa">
    </UnitTestResult>
    <UnitTestResult executionId="a91194fb-5003-45f3-a922-d426fbc0559c" testId="d8af0a27-8cd9-d036-917e-00672cd2689b" testName="IfNotNull47703" computerName="MINIAC" duration="00:00:00.0030936" startTime="2011-01-06T10:30:45.4732820+00:00" endTime="2011-01-06T10:30:45.4952832+00:00" testType="13cdc9d9-ddb5-4fa4-a97d-d965ccfc6d4b" outcome="Passed" testListId="8c84fa94-04c1-424b-9868-57a2d4851a1d" relativeResultsDirectory="a91194fb-5003-45f3-a922-d426fbc0559c">
    </UnitTestResult>
    <UnitTestResult executionId="61005cf2-6381-42f5-b235-ed6a21b5130b" testId="d97a225a-e31a-2138-2fae-7b4109b25275" testName="As928" computerName="MINIAC" duration="00:00:00.0041967" startTime="2011-01-06T10:30:45.5052838+00:00" endTime="2011-01-06T10:30:45.5242849+00:00" testType="13cdc9d9-ddb5-4fa4-a97d-d965ccfc6d4b" outcome="Passed" testListId="8c84fa94-04c1-424b-9868-57a2d4851a1d" relativeResultsDirectory="61005cf2-6381-42f5-b235-ed6a21b5130b">
    </UnitTestResult>
    <UnitTestResult executionId="a03663b0-f8ca-46e9-94d3-5621ad26b237" testId="d982986f-d5cc-bb8f-d6d8-e2a54e2f4dd0" testName="EmptyIfNull574" computerName="MINIAC" duration="00:00:00.0024679" startTime="2011-01-06T10:30:45.5322854+00:00" endTime="2011-01-06T10:30:45.5452861+00:00" testType="13cdc9d9-ddb5-4fa4-a97d-d965ccfc6d4b" outcome="Passed" testListId="8c84fa94-04c1-424b-9868-57a2d4851a1d" relativeResultsDirectory="a03663b0-f8ca-46e9-94d3-5621ad26b237">
    </UnitTestResult>
    <UnitTestResult executionId="c138021d-56e3-4558-83da-fa86a5edf38d" testId="d9b4351c-7a62-1cab-5792-b4bc31c2d3e2" testName="As0163204" computerName="MINIAC" duration="00:00:00.0004012" startTime="2011-01-06T10:30:45.5472862+00:00" endTime="2011-01-06T10:30:45.5742878+00:00" testType="13cdc9d9-ddb5-4fa4-a97d-d965ccfc6d4b" outcome="Passed" testListId="8c84fa94-04c1-424b-9868-57a2d4851a1d" relativeResultsDirectory="c138021d-56e3-4558-83da-fa86a5edf38d">
    </UnitTestResult>
    <UnitTestResult executionId="18a39c25-4fad-491c-8dde-4653be6ec7de" testId="db3591dc-f825-55e5-4b39-c42cda4bfcd4" testName="NextDateTime01ThrowsContractException939" computerName="MINIAC" duration="00:00:00.0009476" startTime="2011-01-06T10:30:45.5772879+00:00" endTime="2011-01-06T10:30:45.6012893+00:00" testType="13cdc9d9-ddb5-4fa4-a97d-d965ccfc6d4b" outcome="Passed" testListId="8c84fa94-04c1-424b-9868-57a2d4851a1d" relativeResultsDirectory="18a39c25-4fad-491c-8dde-4653be6ec7de">
    </UnitTestResult>
    <UnitTestResult executionId="c0fb866a-494a-46ee-a9f4-c5e4b2a62406" testId="db3b4c9b-bf56-f07b-1edd-3db630376de3" testName="IfNotNull47702" computerName="MINIAC" duration="00:00:00.0043903" startTime="2011-01-06T10:30:45.6102898+00:00" endTime="2011-01-06T10:30:45.6282909+00:00" testType="13cdc9d9-ddb5-4fa4-a97d-d965ccfc6d4b" outcome="Passed" testListId="8c84fa94-04c1-424b-9868-57a2d4851a1d" relativeResultsDirectory="c0fb866a-494a-46ee-a9f4-c5e4b2a62406">
    </UnitTestResult>
    <UnitTestResult executionId="066e5864-14be-4f24-b0b4-c971d726ea70" testId="dc08494a-5655-aecb-96fc-b52817050a2a" testName="As0163212" computerName="MINIAC" duration="00:00:00.0150743" startTime="2011-01-06T10:30:45.6302910+00:00" endTime="2011-01-06T10:30:45.6612927+00:00" testType="13cdc9d9-ddb5-4fa4-a97d-d965ccfc6d4b" outcome="Passed" testListId="8c84fa94-04c1-424b-9868-57a2d4851a1d" relativeResultsDirectory="066e5864-14be-4f24-b0b4-c971d726ea70">
    </UnitTestResult>
    <UnitTestResult executionId="18878717-0003-4ba9-a6e1-7743f3254478" testId="dc78d455-e59d-ace7-23e4-df6c3ad29814" testName="AsEnumerableThrowsContractException497" computerName="MINIAC" duration="00:00:00.0011086" startTime="2011-01-06T10:30:45.6722934+00:00" endTime="2011-01-06T10:30:45.6882943+00:00" testType="13cdc9d9-ddb5-4fa4-a97d-d965ccfc6d4b" outcome="Passed" testListId="8c84fa94-04c1-424b-9868-57a2d4851a1d" relativeResultsDirectory="18878717-0003-4ba9-a6e1-7743f3254478">
    </UnitTestResult>
    <UnitTestResult executionId="9708487b-6e79-4e7e-8034-24463fc04b81" testId="de06015f-869e-46b8-4b51-8c7b049b2b96" testName="As0136701" computerName="MINIAC" duration="00:00:00.0029228" startTime="2011-01-06T10:30:45.6952947+00:00" endTime="2011-01-06T10:30:45.7082954+00:00" testType="13cdc9d9-ddb5-4fa4-a97d-d965ccfc6d4b" outcome="Passed" testListId="8c84fa94-04c1-424b-9868-57a2d4851a1d" relativeResultsDirectory="9708487b-6e79-4e7e-8034-24463fc04b81">
    </UnitTestResult>
    <UnitTestResult executionId="d9e3d42f-ac98-4b36-a515-90f27db9a477" testId="de9d9ca9-6d6f-fece-a7ad-0d011ee5cf94" testName="As0132106" computerName="MINIAC" duration="00:00:00.0003844" startTime="2011-01-06T10:30:45.7192961+00:00" endTime="2011-01-06T10:30:45.7332969+00:00" testType="13cdc9d9-ddb5-4fa4-a97d-d965ccfc6d4b" outcome="Passed" testListId="8c84fa94-04c1-424b-9868-57a2d4851a1d" relativeResultsDirectory="d9e3d42f-ac98-4b36-a515-90f27db9a477">
    </UnitTestResult>
    <UnitTestResult executionId="5127c220-8202-4ff9-b359-9c5ffeba01fc" testId="dfddd698-039d-4cb7-341a-94646b1b9270" testName="As01664" computerName="MINIAC" duration="00:00:00.0006807" startTime="2011-01-06T10:30:45.7392972+00:00" endTime="2011-01-06T10:30:45.7532980+00:00" testType="13cdc9d9-ddb5-4fa4-a97d-d965ccfc6d4b" outcome="Passed" testListId="8c84fa94-04c1-424b-9868-57a2d4851a1d" relativeResultsDirectory="5127c220-8202-4ff9-b359-9c5ffeba01fc">
    </UnitTestResult>
    <UnitTestResult executionId="4ddc1402-2997-4b72-be28-0294da92f25e" testId="e18cfbc3-f9cf-311e-f710-177b71a46e6d" testName="WithThrowsContractException374" computerName="MINIAC" duration="00:00:00.0005394" startTime="2011-01-06T10:30:45.7592983+00:00" endTime="2011-01-06T10:30:45.7762993+00:00" testType="13cdc9d9-ddb5-4fa4-a97d-d965ccfc6d4b" outcome="Passed" testListId="8c84fa94-04c1-424b-9868-57a2d4851a1d" relativeResultsDirectory="4ddc1402-2997-4b72-be28-0294da92f25e">
    </UnitTestResult>
    <UnitTestResult executionId="973d0a9e-2dea-4971-b7b8-be8351cfd40b" testId="e197bdfc-0045-603d-fd55-1b37a447bd99" testName="As0166405" computerName="MINIAC" duration="00:00:00.0040063" startTime="2011-01-06T10:30:45.7883000+00:00" endTime="2011-01-06T10:30:45.8083011+00:00" testType="13cdc9d9-ddb5-4fa4-a97d-d965ccfc6d4b" outcome="Passed" testListId="8c84fa94-04c1-424b-9868-57a2d4851a1d" relativeResultsDirectory="973d0a9e-2dea-4971-b7b8-be8351cfd40b">
    </UnitTestResult>
    <UnitTestResult executionId="e661459c-1736-441d-9d3b-40c7950bb916" testId="e2bf1cdc-50b4-47f6-3dd7-62edeb57bce2" testName="As0163250" computerName="MINIAC" duration="00:00:00.0027166" startTime="2011-01-06T10:30:45.8153015+00:00" endTime="2011-01-06T10:30:45.8333026+00:00" testType="13cdc9d9-ddb5-4fa4-a97d-d965ccfc6d4b" outcome="Passed" testListId="8c84fa94-04c1-424b-9868-57a2d4851a1d" relativeResultsDirectory="e661459c-1736-441d-9d3b-40c7950bb916">
    </UnitTestResult>
    <UnitTestResult executionId="5b9b8c8a-0cf7-4e2a-b613-06cd722ec072" testId="e2cc1bd6-a2a2-cb02-4b55-fe1eccb8526b" testName="Bound171" computerName="MINIAC" duration="00:00:00.0059175" startTime="2011-01-06T10:30:45.8423031+00:00" endTime="2011-01-06T10:30:45.8613042+00:00" testType="13cdc9d9-ddb5-4fa4-a97d-d965ccfc6d4b" outcome="Passed" testListId="8c84fa94-04c1-424b-9868-57a2d4851a1d" relativeResultsDirectory="5b9b8c8a-0cf7-4e2a-b613-06cd722ec072">
    </UnitTestResult>
    <UnitTestResult executionId="416daa9e-d806-4fb4-be13-f731f155e487" testId="e2ea95fb-c5c4-8579-22e2-2d857f0fee1f" testName="NullOr714" computerName="MINIAC" duration="00:00:00.0004726" startTime="2011-01-06T10:30:45.8683046+00:00" endTime="2011-01-06T10:30:45.8853056+00:00" testType="13cdc9d9-ddb5-4fa4-a97d-d965ccfc6d4b" outcome="Passed" testListId="8c84fa94-04c1-424b-9868-57a2d4851a1d" relativeResultsDirectory="416daa9e-d806-4fb4-be13-f731f155e487">
    </UnitTestResult>
    <UnitTestResult executionId="e5769fe4-a6f6-4182-a3a6-9fe6a66a5221" testId="e30391ee-1b3b-ee9f-b02c-b47de478c33f" testName="As0132108" computerName="MINIAC" duration="00:00:00.0024641" startTime="2011-01-06T10:30:45.8943061+00:00" endTime="2011-01-06T10:30:45.9113070+00:00" testType="13cdc9d9-ddb5-4fa4-a97d-d965ccfc6d4b" outcome="Passed" testListId="8c84fa94-04c1-424b-9868-57a2d4851a1d" relativeResultsDirectory="e5769fe4-a6f6-4182-a3a6-9fe6a66a5221">
    </UnitTestResult>
    <UnitTestResult executionId="de1f7b11-6158-4e4e-8484-ab9065224866" testId="e37183df-04ce-aa53-28d5-e792188a2202" testName="As0163220" computerName="MINIAC" duration="00:00:00.0060524" startTime="2011-01-06T10:30:45.9223077+00:00" endTime="2011-01-06T10:30:45.9423088+00:00" testType="13cdc9d9-ddb5-4fa4-a97d-d965ccfc6d4b" outcome="Passed" testListId="8c84fa94-04c1-424b-9868-57a2d4851a1d" relativeResultsDirectory="de1f7b11-6158-4e4e-8484-ab9065224866">
    </UnitTestResult>
    <UnitTestResult executionId="ec90adc8-bce0-400e-8642-82e1c9bd673c" testId="e3e433dc-f656-51bd-faab-b6cc3200c3cc" testName="As0163206" computerName="MINIAC" duration="00:00:00.0024767" startTime="2011-01-06T10:30:45.9503093+00:00" endTime="2011-01-06T10:30:45.9703104+00:00" testType="13cdc9d9-ddb5-4fa4-a97d-d965ccfc6d4b" outcome="Passed" testListId="8c84fa94-04c1-424b-9868-57a2d4851a1d" relativeResultsDirectory="ec90adc8-bce0-400e-8642-82e1c9bd673c">
    </UnitTestResult>
    <UnitTestResult executionId="5f338e1f-4e10-4c53-b599-607712d1c5ce" testId="e4451568-6212-a798-2a99-bf5d281a2d5f" testName="CreateIEnumerable420" computerName="MINIAC" duration="00:00:00.0003275" startTime="2011-01-06T10:30:45.9803110+00:00" endTime="2011-01-06T10:30:45.9973120+00:00" testType="13cdc9d9-ddb5-4fa4-a97d-d965ccfc6d4b" outcome="Passed" testListId="8c84fa94-04c1-424b-9868-57a2d4851a1d" relativeResultsDirectory="5f338e1f-4e10-4c53-b599-607712d1c5ce">
    </UnitTestResult>
    <UnitTestResult executionId="e4fe6fb9-3f95-4f81-87d4-cc9c382c205d" testId="e5750d14-09bb-ec70-127b-652a47b7dd9c" testName="As0163214" computerName="MINIAC" duration="00:00:00.0006639" startTime="2011-01-06T10:30:46.0033123+00:00" endTime="2011-01-06T10:30:46.0113128+00:00" testType="13cdc9d9-ddb5-4fa4-a97d-d965ccfc6d4b" outcome="Passed" testListId="8c84fa94-04c1-424b-9868-57a2d4851a1d" relativeResultsDirectory="e4fe6fb9-3f95-4f81-87d4-cc9c382c205d">
    </UnitTestResult>
    <UnitTestResult executionId="2e3d2c2d-7f7e-425e-b495-462d7034c567" testId="e75a22b2-c563-8631-1997-baffb42f02e0" testName="AsEnumerable0314805" computerName="MINIAC" duration="00:00:00.0004773" startTime="2011-01-06T10:30:46.0173131+00:00" endTime="2011-01-06T10:30:46.0283137+00:00" testType="13cdc9d9-ddb5-4fa4-a97d-d965ccfc6d4b" outcome="Passed" testListId="8c84fa94-04c1-424b-9868-57a2d4851a1d" relativeResultsDirectory="2e3d2c2d-7f7e-425e-b495-462d7034c567">
    </UnitTestResult>
    <UnitTestResult executionId="49213828-9649-4845-b3c9-7cc48edfeacf" testId="e7744f00-f1f0-3f04-ae6a-e86613496233" testName="Add60905" computerName="MINIAC" duration="00:00:00.0025621" startTime="2011-01-06T10:30:46.0303138+00:00" endTime="2011-01-06T10:30:46.0513150+00:00" testType="13cdc9d9-ddb5-4fa4-a97d-d965ccfc6d4b" outcome="Passed" testListId="8c84fa94-04c1-424b-9868-57a2d4851a1d" relativeResultsDirectory="49213828-9649-4845-b3c9-7cc48edfeacf">
    </UnitTestResult>
    <UnitTestResult executionId="7d2ca08e-c9c5-496b-8cd5-4a19a562aed4" testId="e77c7ab7-183b-1f93-57a3-77e0403bec4c" testName="Fill0157103" computerName="MINIAC" duration="00:00:00.0003616" startTime="2011-01-06T10:30:46.0573154+00:00" endTime="2011-01-06T10:30:46.0753164+00:00" testType="13cdc9d9-ddb5-4fa4-a97d-d965ccfc6d4b" outcome="Passed" testListId="8c84fa94-04c1-424b-9868-57a2d4851a1d" relativeResultsDirectory="7d2ca08e-c9c5-496b-8cd5-4a19a562aed4">
    </UnitTestResult>
    <UnitTestResult executionId="71becb3c-3afa-4d16-9576-a1a8d50dbfb2" testId="e80fc0c4-2914-56fc-191b-489f27774cbc" testName="As0136703" computerName="MINIAC" duration="00:00:00.0020628" startTime="2011-01-06T10:30:46.0813168+00:00" endTime="2011-01-06T10:30:46.0993178+00:00" testType="13cdc9d9-ddb5-4fa4-a97d-d965ccfc6d4b" outcome="Passed" testListId="8c84fa94-04c1-424b-9868-57a2d4851a1d" relativeResultsDirectory="71becb3c-3afa-4d16-9576-a1a8d50dbfb2">
    </UnitTestResult>
    <UnitTestResult executionId="b8edf1c7-0afa-44f6-98a3-25e5ec6e1224" testId="e860bbd5-6ce1-07c3-fd03-d14cbeda5d8f" testName="Fill57101" computerName="MINIAC" duration="00:00:00.0005314" startTime="2011-01-06T10:30:46.1033180+00:00" endTime="2011-01-06T10:30:46.1143186+00:00" testType="13cdc9d9-ddb5-4fa4-a97d-d965ccfc6d4b" outcome="Passed" testListId="8c84fa94-04c1-424b-9868-57a2d4851a1d" relativeResultsDirectory="b8edf1c7-0afa-44f6-98a3-25e5ec6e1224">
    </UnitTestResult>
    <UnitTestResult executionId="6904ae69-e626-415f-8a37-d960b98298c8" testId="e89c0529-2532-190e-5936-91edd9263fb1" testName="IfNotNull0192304" computerName="MINIAC" duration="00:00:00.0003504" startTime="2011-01-06T10:30:46.1243192+00:00" endTime="2011-01-06T10:30:46.1393201+00:00" testType="13cdc9d9-ddb5-4fa4-a97d-d965ccfc6d4b" outcome="Passed" testListId="8c84fa94-04c1-424b-9868-57a2d4851a1d" relativeResultsDirectory="6904ae69-e626-415f-8a37-d960b98298c8">
    </UnitTestResult>
    <UnitTestResult executionId="268a8d7f-a574-4ebe-a128-0b80f5d1872e" testId="e8dd01cd-30c9-943f-8fc4-f4240bad21f1" testName="As0163253" computerName="MINIAC" duration="00:00:00.0003840" startTime="2011-01-06T10:30:46.1423203+00:00" endTime="2011-01-06T10:30:46.1623214+00:00" testType="13cdc9d9-ddb5-4fa4-a97d-d965ccfc6d4b" outcome="Passed" testListId="8c84fa94-04c1-424b-9868-57a2d4851a1d" relativeResultsDirectory="268a8d7f-a574-4ebe-a128-0b80f5d1872e">
    </UnitTestResult>
    <UnitTestResult executionId="f2c33098-5a3f-47dd-8875-5c66d2023d3a" testId="e966bfbe-0422-eb75-f093-b800f9c629b7" testName="As0163217" computerName="MINIAC" duration="00:00:00.0008053" startTime="2011-01-06T10:30:46.1733220+00:00" endTime="2011-01-06T10:30:46.1893229+00:00" testType="13cdc9d9-ddb5-4fa4-a97d-d965ccfc6d4b" outcome="Passed" testListId="8c84fa94-04c1-424b-9868-57a2d4851a1d" relativeResultsDirectory="f2c33098-5a3f-47dd-8875-5c66d2023d3a">
    </UnitTestResult>
    <UnitTestResult executionId="4e90dc98-6475-4b12-9471-0273a7346699" testId="ea12baf4-c62d-b0ca-b8ec-0dd742c09890" testName="As21501" computerName="MINIAC" duration="00:00:00.0025211" startTime="2011-01-06T10:30:46.1973234+00:00" endTime="2011-01-06T10:30:46.2133243+00:00" testType="13cdc9d9-ddb5-4fa4-a97d-d965ccfc6d4b" outcome="Passed" testListId="8c84fa94-04c1-424b-9868-57a2d4851a1d" relativeResultsDirectory="4e90dc98-6475-4b12-9471-0273a7346699">
    </UnitTestResult>
    <UnitTestResult executionId="686e57f4-d5b8-4fed-a185-e5617d104d39" testId="ea8ee283-08b1-8adf-4aa4-5e76e4a476d8" testName="As0132109" computerName="MINIAC" duration="00:00:00.0003956" startTime="2011-01-06T10:30:46.2233249+00:00" endTime="2011-01-06T10:30:46.2373257+00:00" testType="13cdc9d9-ddb5-4fa4-a97d-d965ccfc6d4b" outcome="Passed" testListId="8c84fa94-04c1-424b-9868-57a2d4851a1d" relativeResultsDirectory="686e57f4-d5b8-4fed-a185-e5617d104d39">
    </UnitTestResult>
    <UnitTestResult executionId="7adb226a-a664-4ac2-8bef-da79705c0f42" testId="ea9a1e87-93ad-3a52-2165-5f8c61f04d38" testName="RangeThrowsContractException95" computerName="MINIAC" duration="00:00:00.0027072" startTime="2011-01-06T10:30:46.2473263+00:00" endTime="2011-01-06T10:30:46.2663273+00:00" testType="13cdc9d9-ddb5-4fa4-a97d-d965ccfc6d4b" outcome="Passed" testListId="8c84fa94-04c1-424b-9868-57a2d4851a1d" relativeResultsDirectory="7adb226a-a664-4ac2-8bef-da79705c0f42">
    </UnitTestResult>
    <UnitTestResult executionId="7fbe44b4-f4e9-47c6-9b80-e0fc4290575c" testId="eaed8830-28b9-0d81-19c8-50909473733c" testName="As0163230" computerName="MINIAC" duration="00:00:00.0048406" startTime="2011-01-06T10:30:46.2793281+00:00" endTime="2011-01-06T10:30:46.2993292+00:00" testType="13cdc9d9-ddb5-4fa4-a97d-d965ccfc6d4b" outcome="Passed" testListId="8c84fa94-04c1-424b-9868-57a2d4851a1d" relativeResultsDirectory="7fbe44b4-f4e9-47c6-9b80-e0fc4290575c">
    </UnitTestResult>
    <UnitTestResult executionId="a06254af-4c0e-4844-82fd-5c3cba5edaf2" testId="ebf62956-8cad-1ea9-be23-3282e8e24cf9" testName="CollatzCount606" computerName="MINIAC" duration="00:00:00.0003144" startTime="2011-01-06T10:30:46.3023294+00:00" endTime="2011-01-06T10:30:46.3233306+00:00" testType="13cdc9d9-ddb5-4fa4-a97d-d965ccfc6d4b" outcome="Passed" testListId="8c84fa94-04c1-424b-9868-57a2d4851a1d" relativeResultsDirectory="a06254af-4c0e-4844-82fd-5c3cba5edaf2">
    </UnitTestResult>
    <UnitTestResult executionId="576fe088-e1d0-4b9f-a58c-863ef9394332" testId="ec491029-dab5-3481-ec80-f35631103905" testName="As01321" computerName="MINIAC" duration="00:00:00.0053469" startTime="2011-01-06T10:30:46.3343312+00:00" endTime="2011-01-06T10:30:46.3543324+00:00" testType="13cdc9d9-ddb5-4fa4-a97d-d965ccfc6d4b" outcome="Passed" testListId="8c84fa94-04c1-424b-9868-57a2d4851a1d" relativeResultsDirectory="576fe088-e1d0-4b9f-a58c-863ef9394332">
    </UnitTestResult>
    <UnitTestResult executionId="ad0c099e-41b6-4136-a0e1-8fa7f2a3d08b" testId="ec55615d-1e36-c752-f2bf-b20284d0ae33" testName="As0163223" computerName="MINIAC" duration="00:00:00.0046161" startTime="2011-01-06T10:30:46.3583326+00:00" endTime="2011-01-06T10:30:46.3793338+00:00" testType="13cdc9d9-ddb5-4fa4-a97d-d965ccfc6d4b" outcome="Passed" testListId="8c84fa94-04c1-424b-9868-57a2d4851a1d" relativeResultsDirectory="ad0c099e-41b6-4136-a0e1-8fa7f2a3d08b">
    </UnitTestResult>
    <UnitTestResult executionId="a8f26107-c2bd-4a87-b540-fd697eed67d7" testId="ec99d1a9-4b49-a94f-134c-f58d11b57222" testName="AsEnumerable56002" computerName="MINIAC" duration="00:00:00.0022476" startTime="2011-01-06T10:30:46.3863342+00:00" endTime="2011-01-06T10:30:46.4043352+00:00" testType="13cdc9d9-ddb5-4fa4-a97d-d965ccfc6d4b" outcome="Passed" testListId="8c84fa94-04c1-424b-9868-57a2d4851a1d" relativeResultsDirectory="a8f26107-c2bd-4a87-b540-fd697eed67d7">
    </UnitTestResult>
    <UnitTestResult executionId="1f90c37a-7d74-46fd-a589-25985524d20d" testId="eda1af69-c93e-56bb-5fe9-14115441188c" testName="ReadLinesFromFileThrowsContractException787" computerName="MINIAC" duration="00:00:00.0005104" startTime="2011-01-06T10:30:46.4383372+00:00" endTime="2011-01-06T10:30:46.4523380+00:00" testType="13cdc9d9-ddb5-4fa4-a97d-d965ccfc6d4b" outcome="Passed" testListId="8c84fa94-04c1-424b-9868-57a2d4851a1d" relativeResultsDirectory="1f90c37a-7d74-46fd-a589-25985524d20d">
    </UnitTestResult>
    <UnitTestResult executionId="023f1efe-09a8-46b1-bd20-b2cbc8f1ca28" testId="ee7a26ae-f08b-c1d5-713f-d21139c592b9" testName="As0163216" computerName="MINIAC" duration="00:00:00.0065983" startTime="2011-01-06T10:30:46.4593384+00:00" endTime="2011-01-06T10:30:46.4803396+00:00" testType="13cdc9d9-ddb5-4fa4-a97d-d965ccfc6d4b" outcome="Passed" testListId="8c84fa94-04c1-424b-9868-57a2d4851a1d" relativeResultsDirectory="023f1efe-09a8-46b1-bd20-b2cbc8f1ca28">
    </UnitTestResult>
    <UnitTestResult executionId="15d93a63-1cec-4b22-972b-72378f1c78d2" testId="eeb34c89-a7df-f580-faa2-1b58190ee5be" testName="Add29604" computerName="MINIAC" duration="00:00:00.0008441" startTime="2011-01-06T10:30:46.4863399+00:00" endTime="2011-01-06T10:30:46.4973406+00:00" testType="13cdc9d9-ddb5-4fa4-a97d-d965ccfc6d4b" outcome="Passed" testListId="8c84fa94-04c1-424b-9868-57a2d4851a1d" relativeResultsDirectory="15d93a63-1cec-4b22-972b-72378f1c78d2">
    </UnitTestResult>
    <UnitTestResult executionId="b81ed5cf-9223-4ee8-a903-edd56dd520d6" testId="ef82270c-3036-3051-f3de-27b622229225" testName="As0198305" computerName="MINIAC" duration="00:00:00.0044155" startTime="2011-01-06T10:30:46.4993407+00:00" endTime="2011-01-06T10:30:46.5193418+00:00" testType="13cdc9d9-ddb5-4fa4-a97d-d965ccfc6d4b" outcome="Passed" testListId="8c84fa94-04c1-424b-9868-57a2d4851a1d" relativeResultsDirectory="b81ed5cf-9223-4ee8-a903-edd56dd520d6">
    </UnitTestResult>
    <UnitTestResult executionId="f6379ff0-7a62-4646-96bf-3f3fb4fd810c" testId="f20d04ec-6bdf-2adb-3ea0-dea4791f58d1" testName="AsEnumerable01283" computerName="MINIAC" duration="00:00:00.0105823" startTime="2011-01-06T10:30:46.5213419+00:00" endTime="2011-01-06T10:30:46.5443432+00:00" testType="13cdc9d9-ddb5-4fa4-a97d-d965ccfc6d4b" outcome="Passed" testListId="8c84fa94-04c1-424b-9868-57a2d4851a1d" relativeResultsDirectory="f6379ff0-7a62-4646-96bf-3f3fb4fd810c">
    </UnitTestResult>
    <UnitTestResult executionId="e1c35ce8-e94c-4a72-b87e-1e1e8f39078f" testId="f342f959-584b-70f7-fc12-f7e45c365653" testName="AsEnumerable0314802" computerName="MINIAC" duration="00:00:00.0035117" startTime="2011-01-06T10:30:46.5523437+00:00" endTime="2011-01-06T10:30:46.5643444+00:00" testType="13cdc9d9-ddb5-4fa4-a97d-d965ccfc6d4b" outcome="Passed" testListId="8c84fa94-04c1-424b-9868-57a2d4851a1d" relativeResultsDirectory="e1c35ce8-e94c-4a72-b87e-1e1e8f39078f">
    </UnitTestResult>
    <UnitTestResult executionId="6bf1a7bc-d55b-4e3e-895b-3502698196f1" testId="f379b7c1-eb43-f239-1226-f41b6efc1dcd" testName="IterThrowsContractException577" computerName="MINIAC" duration="00:00:00.0060277" startTime="2011-01-06T10:30:46.5733449+00:00" endTime="2011-01-06T10:30:46.6063468+00:00" testType="13cdc9d9-ddb5-4fa4-a97d-d965ccfc6d4b" outcome="Passed" testListId="8c84fa94-04c1-424b-9868-57a2d4851a1d" relativeResultsDirectory="6bf1a7bc-d55b-4e3e-895b-3502698196f1">
    </UnitTestResult>
    <UnitTestResult executionId="0c9bb7bb-e073-4ff1-9174-b5a2903ffcd8" testId="f3c8111d-0bf8-839f-284c-12420a9a1467" testName="As0132111" computerName="MINIAC" duration="00:00:00.0003933" startTime="2011-01-06T10:30:46.6263479+00:00" endTime="2011-01-06T10:30:46.6523494+00:00" testType="13cdc9d9-ddb5-4fa4-a97d-d965ccfc6d4b" outcome="Passed" testListId="8c84fa94-04c1-424b-9868-57a2d4851a1d" relativeResultsDirectory="0c9bb7bb-e073-4ff1-9174-b5a2903ffcd8">
    </UnitTestResult>
    <UnitTestResult executionId="98419cac-8d03-4d0b-94e4-476d5b41c7f4" testId="f4332708-2d9b-652b-a920-66192f9cdfaf" testName="As0132101" computerName="MINIAC" duration="00:00:00.0021165" startTime="2011-01-06T10:30:46.6613499+00:00" endTime="2011-01-06T10:30:46.6793510+00:00" testType="13cdc9d9-ddb5-4fa4-a97d-d965ccfc6d4b" outcome="Passed" testListId="8c84fa94-04c1-424b-9868-57a2d4851a1d" relativeResultsDirectory="98419cac-8d03-4d0b-94e4-476d5b41c7f4">
    </UnitTestResult>
    <UnitTestResult executionId="325e3661-0be6-4334-9f21-1863078d7856" testId="f4511594-467b-74f8-7fee-b4f5edc20b84" testName="Iter96005" computerName="MINIAC" duration="00:00:00.0049456" startTime="2011-01-06T10:30:46.6943518+00:00" endTime="2011-01-06T10:30:46.7063525+00:00" testType="13cdc9d9-ddb5-4fa4-a97d-d965ccfc6d4b" outcome="Passed" testListId="8c84fa94-04c1-424b-9868-57a2d4851a1d" relativeResultsDirectory="325e3661-0be6-4334-9f21-1863078d7856">
    </UnitTestResult>
    <UnitTestResult executionId="e4bc0873-8bbd-45e4-9ddc-251a2a3ff300" testId="f4a16930-7fb5-1364-b2bb-1dffeb9040de" testName="Add60903" computerName="MINIAC" duration="00:00:00.0018599" startTime="2011-01-06T10:30:46.7163531+00:00" endTime="2011-01-06T10:30:46.7343541+00:00" testType="13cdc9d9-ddb5-4fa4-a97d-d965ccfc6d4b" outcome="Passed" testListId="8c84fa94-04c1-424b-9868-57a2d4851a1d" relativeResultsDirectory="e4bc0873-8bbd-45e4-9ddc-251a2a3ff300">
    </UnitTestResult>
    <UnitTestResult executionId="aa9bd3e6-6f1c-4b17-9de9-ed38ae73167f" testId="f4f76af5-0d54-7bf8-8ba4-b32803d7a374" testName="As21508" computerName="MINIAC" duration="00:00:00.0039718" startTime="2011-01-06T10:30:46.7463548+00:00" endTime="2011-01-06T10:30:46.7573554+00:00" testType="13cdc9d9-ddb5-4fa4-a97d-d965ccfc6d4b" outcome="Passed" testListId="8c84fa94-04c1-424b-9868-57a2d4851a1d" relativeResultsDirectory="aa9bd3e6-6f1c-4b17-9de9-ed38ae73167f">
    </UnitTestResult>
    <UnitTestResult executionId="f2963bfa-c0db-4d33-bc83-9e0d38ae3f0f" testId="f4fcc51c-8f8e-7431-03c1-95529343e3ab" testName="As0163201" computerName="MINIAC" duration="00:00:00.0029517" startTime="2011-01-06T10:30:46.7643558+00:00" endTime="2011-01-06T10:30:46.7833569+00:00" testType="13cdc9d9-ddb5-4fa4-a97d-d965ccfc6d4b" outcome="Passed" testListId="8c84fa94-04c1-424b-9868-57a2d4851a1d" relativeResultsDirectory="f2963bfa-c0db-4d33-bc83-9e0d38ae3f0f">
    </UnitTestResult>
    <UnitTestResult executionId="2f740410-7327-4d31-89ed-c78a35d7835d" testId="f50339b2-56a6-fab9-1b43-e437b5e0a59d" testName="As01983" computerName="MINIAC" duration="00:00:00.0027217" startTime="2011-01-06T10:30:46.7853570+00:00" endTime="2011-01-06T10:30:46.8043581+00:00" testType="13cdc9d9-ddb5-4fa4-a97d-d965ccfc6d4b" outcome="Passed" testListId="8c84fa94-04c1-424b-9868-57a2d4851a1d" relativeResultsDirectory="2f740410-7327-4d31-89ed-c78a35d7835d">
    </UnitTestResult>
    <UnitTestResult executionId="518df06c-fdb9-47bd-95cf-25fd5210addd" testId="f508d895-6987-1ba4-4750-b5ae512c4eca" testName="Add29605" computerName="MINIAC" duration="00:00:00.0004400" startTime="2011-01-06T10:30:46.8103585+00:00" endTime="2011-01-06T10:30:46.8253593+00:00" testType="13cdc9d9-ddb5-4fa4-a97d-d965ccfc6d4b" outcome="Passed" testListId="8c84fa94-04c1-424b-9868-57a2d4851a1d" relativeResultsDirectory="518df06c-fdb9-47bd-95cf-25fd5210addd">
    </UnitTestResult>
    <UnitTestResult executionId="62fe9af1-1b67-4def-bff3-7b5e0cb86535" testId="f51de229-4761-6e36-e9f5-2ae1d5b346f0" testName="ForEach90801" computerName="MINIAC" duration="00:00:00.0041873" startTime="2011-01-06T10:30:46.8303596+00:00" endTime="2011-01-06T10:30:46.8403602+00:00" testType="13cdc9d9-ddb5-4fa4-a97d-d965ccfc6d4b" outcome="Passed" testListId="8c84fa94-04c1-424b-9868-57a2d4851a1d" relativeResultsDirectory="62fe9af1-1b67-4def-bff3-7b5e0cb86535">
    </UnitTestResult>
    <UnitTestResult executionId="ca242da9-6468-4179-b92b-d235f1664672" testId="f54b9d87-7e35-d661-8f30-1a09064c130c" testName="IsPortFree18" computerName="MINIAC" duration="00:00:00.0019989" startTime="2011-01-06T10:30:46.8463605+00:00" endTime="2011-01-06T10:30:46.8633615+00:00" testType="13cdc9d9-ddb5-4fa4-a97d-d965ccfc6d4b" outcome="Passed" testListId="8c84fa94-04c1-424b-9868-57a2d4851a1d" relativeResultsDirectory="ca242da9-6468-4179-b92b-d235f1664672">
    </UnitTestResult>
    <UnitTestResult executionId="cd9bdf08-ef5a-4a44-bbd9-9e35957249bd" testId="f55b9351-7cff-05be-34ae-f71cd06467b8" testName="FromEnumeratorThrowsContractException632" computerName="MINIAC" duration="00:00:00.0025575" startTime="2011-01-06T10:30:46.8713619+00:00" endTime="2011-01-06T10:30:46.8913620+00:00" testType="13cdc9d9-ddb5-4fa4-a97d-d965ccfc6d4b" outcome="Passed" testListId="8c84fa94-04c1-424b-9868-57a2d4851a1d" relativeResultsDirectory="cd9bdf08-ef5a-4a44-bbd9-9e35957249bd">
    </UnitTestResult>
    <UnitTestResult executionId="6c6c477c-7fa9-43a2-bb6f-5749aef286c6" testId="f5f02455-4aef-8763-5044-dc094bc64ba2" testName="ForEach12502" computerName="MINIAC" duration="00:00:00.0025925" startTime="2011-01-06T10:30:46.9013620+00:00" endTime="2011-01-06T10:30:46.9273629+00:00" testType="13cdc9d9-ddb5-4fa4-a97d-d965ccfc6d4b" outcome="Passed" testListId="8c84fa94-04c1-424b-9868-57a2d4851a1d" relativeResultsDirectory="6c6c477c-7fa9-43a2-bb6f-5749aef286c6">
    </UnitTestResult>
    <UnitTestResult executionId="36a05256-2945-4ac6-b214-c52df82b86a8" testId="f66902ae-2eb8-36de-bdb4-af24338ae682" testName="TakeEveryThrowsContractException597" computerName="MINIAC" duration="00:00:00.0008828" startTime="2011-01-06T10:30:46.9403637+00:00" endTime="2011-01-06T10:30:46.9563646+00:00" testType="13cdc9d9-ddb5-4fa4-a97d-d965ccfc6d4b" outcome="Passed" testListId="8c84fa94-04c1-424b-9868-57a2d4851a1d" relativeResultsDirectory="36a05256-2945-4ac6-b214-c52df82b86a8">
    </UnitTestResult>
    <UnitTestResult executionId="9cf4f15a-448d-4c41-b664-16cd964d995d" testId="f685a220-cae8-50b0-d543-46e310017a33" testName="As01632" computerName="MINIAC" duration="00:00:00.0003928" startTime="2011-01-06T10:30:46.9593648+00:00" endTime="2011-01-06T10:30:46.9773658+00:00" testType="13cdc9d9-ddb5-4fa4-a97d-d965ccfc6d4b" outcome="Passed" testListId="8c84fa94-04c1-424b-9868-57a2d4851a1d" relativeResultsDirectory="9cf4f15a-448d-4c41-b664-16cd964d995d">
    </UnitTestResult>
    <UnitTestResult executionId="61dde6e3-a093-4828-9fa8-f851d5b62d17" testId="f791b1fc-7ecf-06ad-9b72-838a0f1da804" testName="As0136702" computerName="MINIAC" duration="00:00:00.0033600" startTime="2011-01-06T10:30:46.9823661+00:00" endTime="2011-01-06T10:30:47.0003671+00:00" testType="13cdc9d9-ddb5-4fa4-a97d-d965ccfc6d4b" outcome="Passed" testListId="8c84fa94-04c1-424b-9868-57a2d4851a1d" relativeResultsDirectory="61dde6e3-a093-4828-9fa8-f851d5b62d17">
    </UnitTestResult>
    <UnitTestResult executionId="9ce79189-b916-4f3a-8e28-bcc6f576b7c5" testId="f96aeaaa-982a-50fe-9819-4fadbbdc5555" testName="IfNotNull0159701" computerName="MINIAC" duration="00:00:00.0003140" startTime="2011-01-06T10:30:47.0093676+00:00" endTime="2011-01-06T10:30:47.0243685+00:00" testType="13cdc9d9-ddb5-4fa4-a97d-d965ccfc6d4b" outcome="Passed" testListId="8c84fa94-04c1-424b-9868-57a2d4851a1d" relativeResultsDirectory="9ce79189-b916-4f3a-8e28-bcc6f576b7c5">
    </UnitTestResult>
    <UnitTestResult executionId="6f81a0db-fd07-45ba-b79b-2dea77e67286" testId="fa1989e4-dedf-2eca-f2e1-6a1893f9bfd6" testName="Add60906" computerName="MINIAC" duration="00:00:00.0043614" startTime="2011-01-06T10:30:47.0293688+00:00" endTime="2011-01-06T10:30:47.0423695+00:00" testType="13cdc9d9-ddb5-4fa4-a97d-d965ccfc6d4b" outcome="Passed" testListId="8c84fa94-04c1-424b-9868-57a2d4851a1d" relativeResultsDirectory="6f81a0db-fd07-45ba-b79b-2dea77e67286">
    </UnitTestResult>
    <UnitTestResult executionId="609e34f6-efd9-4406-a297-d634cab2c5d4" testId="fa540630-b33a-7141-4c49-c4e59268577a" testName="CountGet1901" computerName="MINIAC" duration="00:00:00.0009663" startTime="2011-01-06T10:30:47.0443696+00:00" endTime="2011-01-06T10:30:47.0623706+00:00" testType="13cdc9d9-ddb5-4fa4-a97d-d965ccfc6d4b" outcome="Passed" testListId="8c84fa94-04c1-424b-9868-57a2d4851a1d" relativeResultsDirectory="609e34f6-efd9-4406-a297-d634cab2c5d4">
    </UnitTestResult>
    <UnitTestResult executionId="d3f7456e-a253-4215-90ef-6b1c28ac6bc6" testId="fbd930ae-612e-63f9-7d85-96b5097af772" testName="ThrowTest" computerName="MINIAC" duration="00:00:00.0034244" startTime="2011-01-06T10:30:47.0683710+00:00" endTime="2011-01-06T10:30:47.0873721+00:00" testType="13cdc9d9-ddb5-4fa4-a97d-d965ccfc6d4b" outcome="Passed" testListId="8c84fa94-04c1-424b-9868-57a2d4851a1d" relativeResultsDirectory="d3f7456e-a253-4215-90ef-6b1c28ac6bc6">
    </UnitTestResult>
    <UnitTestResult executionId="bd84e394-91bb-4618-a853-26e2891d8166" testId="fc92c33d-a24e-4715-be4e-9ee45be3958a" testName="IfNotNull477" computerName="MINIAC" duration="00:00:00.0018580" startTime="2011-01-06T10:30:47.0933724+00:00" endTime="2011-01-06T10:30:47.1143736+00:00" testType="13cdc9d9-ddb5-4fa4-a97d-d965ccfc6d4b" outcome="Passed" testListId="8c84fa94-04c1-424b-9868-57a2d4851a1d" relativeResultsDirectory="bd84e394-91bb-4618-a853-26e2891d8166">
    </UnitTestResult>
    <UnitTestResult executionId="81a972d9-073f-49fe-b2e7-1d7623415702" testId="fd09b993-a9b4-e74b-ac25-fcabec687112" testName="Execute93301" computerName="MINIAC" duration="00:00:00.0004521" startTime="2011-01-06T10:30:47.1163737+00:00" endTime="2011-01-06T10:30:47.1343748+00:00" testType="13cdc9d9-ddb5-4fa4-a97d-d965ccfc6d4b" outcome="Passed" testListId="8c84fa94-04c1-424b-9868-57a2d4851a1d" relativeResultsDirectory="81a972d9-073f-49fe-b2e7-1d7623415702">
    </UnitTestResult>
    <UnitTestResult executionId="525e59eb-de6f-4ad3-894d-18b972b823cb" testId="fd8b4436-5b05-e5cd-4153-53edada97a9b" testName="As01405" computerName="MINIAC" duration="00:00:00.0028127" startTime="2011-01-06T10:30:47.1463754+00:00" endTime="2011-01-06T10:30:47.1573761+00:00" testType="13cdc9d9-ddb5-4fa4-a97d-d965ccfc6d4b" outcome="Passed" testListId="8c84fa94-04c1-424b-9868-57a2d4851a1d" relativeResultsDirectory="525e59eb-de6f-4ad3-894d-18b972b823cb">
    </UnitTestResult>
    <UnitTestResult executionId="ebbc854f-2a09-4bef-a65b-491276b69055" testId="fdc59520-9564-0684-d4f9-2091f576f931" testName="NullOr71403" computerName="MINIAC" duration="00:00:00.0027072" startTime="2011-01-06T10:30:47.1653765+00:00" endTime="2011-01-06T10:30:47.1773772+00:00" testType="13cdc9d9-ddb5-4fa4-a97d-d965ccfc6d4b" outcome="Passed" testListId="8c84fa94-04c1-424b-9868-57a2d4851a1d" relativeResultsDirectory="ebbc854f-2a09-4bef-a65b-491276b69055">
    </UnitTestResult>
    <UnitTestResult executionId="f15b6d0a-9685-47f8-8452-6493d83ff16f" testId="fdc6582f-0eab-5f36-d160-7547a6de5dbb" testName="IfNotNull17301" computerName="MINIAC" duration="00:00:00.0025323" startTime="2011-01-06T10:30:47.1793773+00:00" endTime="2011-01-06T10:30:47.1953782+00:00" testType="13cdc9d9-ddb5-4fa4-a97d-d965ccfc6d4b" outcome="Passed" testListId="8c84fa94-04c1-424b-9868-57a2d4851a1d" relativeResultsDirectory="f15b6d0a-9685-47f8-8452-6493d83ff16f">
    </UnitTestResult>
    <UnitTestResult executionId="ccc92e3a-3a2c-4ab7-9131-947cd3fb5693" testId="febe8afb-7bc1-3f13-831b-73b163a8c327" testName="As0132105" computerName="MINIAC" duration="00:00:00.0022551" startTime="2011-01-06T10:30:47.2013786+00:00" endTime="2011-01-06T10:30:47.2183796+00:00" testType="13cdc9d9-ddb5-4fa4-a97d-d965ccfc6d4b" outcome="Passed" testListId="8c84fa94-04c1-424b-9868-57a2d4851a1d" relativeResultsDirectory="ccc92e3a-3a2c-4ab7-9131-947cd3fb5693">
    </UnitTestResult>
  </Results>
</TestRun>