<?xml version="1.0" encoding="UTF-8"?>
<TestRun id="30a74cf6-3705-4213-83d4-cb0d3acc3885" name="SuprDewd@MINIAC 2011-01-06 09:19:39" runUser="Miniac\SuprDewd" xmlns="http://microsoft.com/schemas/VisualStudio/TeamTest/2010">
  <TestSettings name="Local" id="4c59a5fa-d837-49f8-8b62-15cf0be0742f">
    <Description>These are default test settings for a local test run.</Description>
    <Deployment enabled="false" runDeploymentRoot="SuprDewd_MINIAC 2011-01-06 09_19_39">
      <DeploymentItem filename="C:\Users\SuprDewd\Documents\Projects\SharpBag\SharpBag.Tests\bin\Release\mysql.data.dll" />
      <DeploymentItem filename="C:\Users\SuprDewd\Documents\Projects\SharpBag\SharpBag.Tests\MolesAssemblies\SharpBag.Moles.dll" />
      <DeploymentItem filename="C:\Users\SuprDewd\Documents\Projects\SharpBag\SharpBag\bin\Release\SharpBag.dll" />
    </Deployment>
    <Execution>
      <TestTypeSpecific />
      <AgentRule name="Execution Agents">
      </AgentRule>
    </Execution>
  </TestSettings>
  <Times creation="2011-01-06T09:19:39.3896261+00:00" queuing="2011-01-06T09:19:43.1328402+00:00" start="2011-01-06T09:19:43.5598630+00:00" finish="2011-01-06T09:19:49.7731824+00:00" />
  <ResultSummary outcome="Completed">
    <Counters total="381" executed="381" passed="381" error="0" failed="0" timeout="0" aborted="0" inconclusive="0" passedButRunAborted="0" notRunnable="0" notExecuted="0" disconnected="0" warning="0" completed="0" inProgress="0" pending="0" />
  </ResultSummary>
  <TestDefinitions>
    <UnitTest name="IfNotNull0192303" storage="c:\users\suprdewd\documents\projects\sharpbag\sharpbag.tests\bin\release\sharpbag.tests.dll" id="71a360e3-d81d-a30a-382f-721ef096f5b1">
      <Execution id="53f5b205-f1b3-44fb-9632-0a28666794c3" />
      <TestMethod codeBase="C:/Users/SuprDewd/Documents/Projects/SharpBag/SharpBag.Tests/bin/Release/SharpBag.Tests.DLL" adapterTypeName="Microsoft.VisualStudio.TestTools.TestTypes.Unit.UnitTestAdapter, Microsoft.VisualStudio.QualityTools.Tips.UnitTest.Adapter, Version=10.0.0.0, Culture=neutral, PublicKeyToken=b03f5f7f11d50a3a" className="SharpBag.ExtensionsTest, SharpBag.Tests, Version=0.0.0.0, Culture=neutral, PublicKeyToken=null" name="IfNotNull0192303" />
    </UnitTest>
    <UnitTest name="NullOr90702" storage="c:\users\suprdewd\documents\projects\sharpbag\sharpbag.tests\bin\release\sharpbag.tests.dll" id="8f214c0c-af12-b9fb-ae32-e2f0e522a10f">
      <Execution id="d6b406b6-4b1c-485a-a00f-c1e0fd830aec" />
      <TestMethod codeBase="C:/Users/SuprDewd/Documents/Projects/SharpBag/SharpBag.Tests/bin/Release/SharpBag.Tests.DLL" adapterTypeName="Microsoft.VisualStudio.TestTools.TestTypes.Unit.UnitTestAdapter, Microsoft.VisualStudio.QualityTools.Tips.UnitTest.Adapter, Version=10.0.0.0, Culture=neutral, PublicKeyToken=b03f5f7f11d50a3a" className="SharpBag.ExtensionsTest, SharpBag.Tests, Version=0.0.0.0, Culture=neutral, PublicKeyToken=null" name="NullOr90702" />
    </UnitTest>
    <UnitTest name="Fill68801" storage="c:\users\suprdewd\documents\projects\sharpbag\sharpbag.tests\bin\release\sharpbag.tests.dll" id="236dd585-9363-168d-3729-7ab007ad8692">
      <Execution id="123b70b8-7cb9-4615-91ea-154b8b87ade7" />
      <TestMethod codeBase="C:/Users/SuprDewd/Documents/Projects/SharpBag/SharpBag.Tests/bin/Release/SharpBag.Tests.DLL" adapterTypeName="Microsoft.VisualStudio.TestTools.TestTypes.Unit.UnitTestAdapter, Microsoft.VisualStudio.QualityTools.Tips.UnitTest.Adapter, Version=10.0.0.0, Culture=neutral, PublicKeyToken=b03f5f7f11d50a3a" className="SharpBag.ExtensionsTest, SharpBag.Tests, Version=0.0.0.0, Culture=neutral, PublicKeyToken=null" name="Fill68801" />
    </UnitTest>
    <UnitTest name="As0163207" storage="c:\users\suprdewd\documents\projects\sharpbag\sharpbag.tests\bin\release\sharpbag.tests.dll" id="3a633eaa-632f-f936-1d35-4e407b494884">
      <Execution id="7619c273-e97a-44b8-ac77-210abcc32382" />
      <TestMethod codeBase="C:/Users/SuprDewd/Documents/Projects/SharpBag/SharpBag.Tests/bin/Release/SharpBag.Tests.DLL" adapterTypeName="Microsoft.VisualStudio.TestTools.TestTypes.Unit.UnitTestAdapter, Microsoft.VisualStudio.QualityTools.Tips.UnitTest.Adapter, Version=10.0.0.0, Culture=neutral, PublicKeyToken=b03f5f7f11d50a3a" className="SharpBag.ExtensionsTest, SharpBag.Tests, Version=0.0.0.0, Culture=neutral, PublicKeyToken=null" name="As0163207" />
    </UnitTest>
    <UnitTest name="As0166003" storage="c:\users\suprdewd\documents\projects\sharpbag\sharpbag.tests\bin\release\sharpbag.tests.dll" id="2c678190-6575-f47a-afde-b3eb80b1856c">
      <Execution id="6acc06b8-416d-4c5f-b832-70a93f77028a" />
      <TestMethod codeBase="C:/Users/SuprDewd/Documents/Projects/SharpBag/SharpBag.Tests/bin/Release/SharpBag.Tests.DLL" adapterTypeName="Microsoft.VisualStudio.TestTools.TestTypes.Unit.UnitTestAdapter, Microsoft.VisualStudio.QualityTools.Tips.UnitTest.Adapter, Version=10.0.0.0, Culture=neutral, PublicKeyToken=b03f5f7f11d50a3a" className="SharpBag.ExtensionsTest, SharpBag.Tests, Version=0.0.0.0, Culture=neutral, PublicKeyToken=null" name="As0166003" />
    </UnitTest>
    <UnitTest name="As0163244" storage="c:\users\suprdewd\documents\projects\sharpbag\sharpbag.tests\bin\release\sharpbag.tests.dll" id="aa951c3d-ee4a-9ede-aac2-7e390167d171">
      <Execution id="82fe2994-3a75-4082-81a4-5756644ba189" />
      <TestMethod codeBase="C:/Users/SuprDewd/Documents/Projects/SharpBag/SharpBag.Tests/bin/Release/SharpBag.Tests.DLL" adapterTypeName="Microsoft.VisualStudio.TestTools.TestTypes.Unit.UnitTestAdapter, Microsoft.VisualStudio.QualityTools.Tips.UnitTest.Adapter, Version=10.0.0.0, Culture=neutral, PublicKeyToken=b03f5f7f11d50a3a" className="SharpBag.ExtensionsTest, SharpBag.Tests, Version=0.0.0.0, Culture=neutral, PublicKeyToken=null" name="As0163244" />
    </UnitTest>
    <UnitTest name="As0136701" storage="c:\users\suprdewd\documents\projects\sharpbag\sharpbag.tests\bin\release\sharpbag.tests.dll" id="de06015f-869e-46b8-4b51-8c7b049b2b96">
      <Execution id="a633c7e2-97a9-4a87-9e82-9d727bd598ae" />
      <TestMethod codeBase="C:/Users/SuprDewd/Documents/Projects/SharpBag/SharpBag.Tests/bin/Release/SharpBag.Tests.DLL" adapterTypeName="Microsoft.VisualStudio.TestTools.TestTypes.Unit.UnitTestAdapter, Microsoft.VisualStudio.QualityTools.Tips.UnitTest.Adapter, Version=10.0.0.0, Culture=neutral, PublicKeyToken=b03f5f7f11d50a3a" className="SharpBag.ExtensionsTest, SharpBag.Tests, Version=0.0.0.0, Culture=neutral, PublicKeyToken=null" name="As0136701" />
    </UnitTest>
    <UnitTest name="As0132108" storage="c:\users\suprdewd\documents\projects\sharpbag\sharpbag.tests\bin\release\sharpbag.tests.dll" id="e30391ee-1b3b-ee9f-b02c-b47de478c33f">
      <Execution id="9739464e-f2f1-48f8-b16c-b474a177add6" />
      <TestMethod codeBase="C:/Users/SuprDewd/Documents/Projects/SharpBag/SharpBag.Tests/bin/Release/SharpBag.Tests.DLL" adapterTypeName="Microsoft.VisualStudio.TestTools.TestTypes.Unit.UnitTestAdapter, Microsoft.VisualStudio.QualityTools.Tips.UnitTest.Adapter, Version=10.0.0.0, Culture=neutral, PublicKeyToken=b03f5f7f11d50a3a" className="SharpBag.ExtensionsTest, SharpBag.Tests, Version=0.0.0.0, Culture=neutral, PublicKeyToken=null" name="As0132108" />
    </UnitTest>
    <UnitTest name="IfNotNull0159703" storage="c:\users\suprdewd\documents\projects\sharpbag\sharpbag.tests\bin\release\sharpbag.tests.dll" id="0e44207d-1ccf-04c5-6aef-2081653ff131">
      <Execution id="2366dfca-baef-4227-8b43-4a41e41ffcdb" />
      <TestMethod codeBase="C:/Users/SuprDewd/Documents/Projects/SharpBag/SharpBag.Tests/bin/Release/SharpBag.Tests.DLL" adapterTypeName="Microsoft.VisualStudio.TestTools.TestTypes.Unit.UnitTestAdapter, Microsoft.VisualStudio.QualityTools.Tips.UnitTest.Adapter, Version=10.0.0.0, Culture=neutral, PublicKeyToken=b03f5f7f11d50a3a" className="SharpBag.ExtensionsTest, SharpBag.Tests, Version=0.0.0.0, Culture=neutral, PublicKeyToken=null" name="IfNotNull0159703" />
    </UnitTest>
    <UnitTest name="CollatzCount735" storage="c:\users\suprdewd\documents\projects\sharpbag\sharpbag.tests\bin\release\sharpbag.tests.dll" id="76549838-3cd5-8196-8fe5-c215d6bd242f">
      <Execution id="dd95dccb-c678-4e30-a7a4-44a2f32bce0f" />
      <TestMethod codeBase="C:/Users/SuprDewd/Documents/Projects/SharpBag/SharpBag.Tests/bin/Release/SharpBag.Tests.DLL" adapterTypeName="Microsoft.VisualStudio.TestTools.TestTypes.Unit.UnitTestAdapter, Microsoft.VisualStudio.QualityTools.Tips.UnitTest.Adapter, Version=10.0.0.0, Culture=neutral, PublicKeyToken=b03f5f7f11d50a3a" className="SharpBag.Math.MathExtensionsTest, SharpBag.Tests, Version=0.0.0.0, Culture=neutral, PublicKeyToken=null" name="CollatzCount735" />
    </UnitTest>
    <UnitTest name="ToBitmapSourceThrowsContractException871" storage="c:\users\suprdewd\documents\projects\sharpbag\sharpbag.tests\bin\release\sharpbag.tests.dll" id="09d5fce9-d98a-1fa1-f446-d10c4751e838">
      <Execution id="4d575e07-56b7-4d19-8cac-ab7fae3c134b" />
      <TestMethod codeBase="C:/Users/SuprDewd/Documents/Projects/SharpBag/SharpBag.Tests/bin/Release/SharpBag.Tests.DLL" adapterTypeName="Microsoft.VisualStudio.TestTools.TestTypes.Unit.UnitTestAdapter, Microsoft.VisualStudio.QualityTools.Tips.UnitTest.Adapter, Version=10.0.0.0, Culture=neutral, PublicKeyToken=b03f5f7f11d50a3a" className="SharpBag.Media.MediaExtensionsTest, SharpBag.Tests, Version=0.0.0.0, Culture=neutral, PublicKeyToken=null" name="ToBitmapSourceThrowsContractException871" />
    </UnitTest>
    <UnitTest name="GetRectangleThrowsContractException636" storage="c:\users\suprdewd\documents\projects\sharpbag\sharpbag.tests\bin\release\sharpbag.tests.dll" id="bff4cadd-4f1c-2dc8-fd6c-9d55b780efae">
      <Execution id="1a226058-1c26-4622-860e-5396e4f30732" />
      <TestMethod codeBase="C:/Users/SuprDewd/Documents/Projects/SharpBag/SharpBag.Tests/bin/Release/SharpBag.Tests.DLL" adapterTypeName="Microsoft.VisualStudio.TestTools.TestTypes.Unit.UnitTestAdapter, Microsoft.VisualStudio.QualityTools.Tips.UnitTest.Adapter, Version=10.0.0.0, Culture=neutral, PublicKeyToken=b03f5f7f11d50a3a" className="SharpBag.Media.MediaExtensionsTest, SharpBag.Tests, Version=0.0.0.0, Culture=neutral, PublicKeyToken=null" name="GetRectangleThrowsContractException636" />
    </UnitTest>
    <UnitTest name="AsEnumerable01ThrowsContractException811" storage="c:\users\suprdewd\documents\projects\sharpbag\sharpbag.tests\bin\release\sharpbag.tests.dll" id="0eb1a35f-2d95-2bd4-e6e7-1f1c134e7c74">
      <Execution id="e34db4e7-5245-4b7b-acba-869724418a2a" />
      <TestMethod codeBase="C:/Users/SuprDewd/Documents/Projects/SharpBag/SharpBag.Tests/bin/Release/SharpBag.Tests.DLL" adapterTypeName="Microsoft.VisualStudio.TestTools.TestTypes.Unit.UnitTestAdapter, Microsoft.VisualStudio.QualityTools.Tips.UnitTest.Adapter, Version=10.0.0.0, Culture=neutral, PublicKeyToken=b03f5f7f11d50a3a" className="SharpBag.ExtensionsTest, SharpBag.Tests, Version=0.0.0.0, Culture=neutral, PublicKeyToken=null" name="AsEnumerable01ThrowsContractException811" />
    </UnitTest>
    <UnitTest name="IfNotNull0192301" storage="c:\users\suprdewd\documents\projects\sharpbag\sharpbag.tests\bin\release\sharpbag.tests.dll" id="49aa9228-e307-ef3c-566e-386137588923">
      <Execution id="c3751985-5978-4abb-af23-6757c15117a6" />
      <TestMethod codeBase="C:/Users/SuprDewd/Documents/Projects/SharpBag/SharpBag.Tests/bin/Release/SharpBag.Tests.DLL" adapterTypeName="Microsoft.VisualStudio.TestTools.TestTypes.Unit.UnitTestAdapter, Microsoft.VisualStudio.QualityTools.Tips.UnitTest.Adapter, Version=10.0.0.0, Culture=neutral, PublicKeyToken=b03f5f7f11d50a3a" className="SharpBag.ExtensionsTest, SharpBag.Tests, Version=0.0.0.0, Culture=neutral, PublicKeyToken=null" name="IfNotNull0192301" />
    </UnitTest>
    <UnitTest name="IsNullOrEmpty83901" storage="c:\users\suprdewd\documents\projects\sharpbag\sharpbag.tests\bin\release\sharpbag.tests.dll" id="d0796111-6a05-132b-ff5c-b6d72e8d605c">
      <Execution id="1bfb3b7b-84b2-49ad-a3eb-34a0b37e14e8" />
      <TestMethod codeBase="C:/Users/SuprDewd/Documents/Projects/SharpBag/SharpBag.Tests/bin/Release/SharpBag.Tests.DLL" adapterTypeName="Microsoft.VisualStudio.TestTools.TestTypes.Unit.UnitTestAdapter, Microsoft.VisualStudio.QualityTools.Tips.UnitTest.Adapter, Version=10.0.0.0, Culture=neutral, PublicKeyToken=b03f5f7f11d50a3a" className="SharpBag.ExtensionsTest, SharpBag.Tests, Version=0.0.0.0, Culture=neutral, PublicKeyToken=null" name="IsNullOrEmpty83901" />
    </UnitTest>
    <UnitTest name="NextChar01ThrowsContractException654" storage="c:\users\suprdewd\documents\projects\sharpbag\sharpbag.tests\bin\release\sharpbag.tests.dll" id="9e62e436-d347-f0d4-fadd-560760980b01">
      <Execution id="71ab9cfc-752d-4194-b334-6deed14ea094" />
      <TestMethod codeBase="C:/Users/SuprDewd/Documents/Projects/SharpBag/SharpBag.Tests/bin/Release/SharpBag.Tests.DLL" adapterTypeName="Microsoft.VisualStudio.TestTools.TestTypes.Unit.UnitTestAdapter, Microsoft.VisualStudio.QualityTools.Tips.UnitTest.Adapter, Version=10.0.0.0, Culture=neutral, PublicKeyToken=b03f5f7f11d50a3a" className="SharpBag.RandomExtensionsTest, SharpBag.Tests, Version=0.0.0.0, Culture=neutral, PublicKeyToken=null" name="NextChar01ThrowsContractException654" />
    </UnitTest>
    <UnitTest name="As0163217" storage="c:\users\suprdewd\documents\projects\sharpbag\sharpbag.tests\bin\release\sharpbag.tests.dll" id="e966bfbe-0422-eb75-f093-b800f9c629b7">
      <Execution id="f038606b-1955-40e1-a6ee-7a73ffcfe9d5" />
      <TestMethod codeBase="C:/Users/SuprDewd/Documents/Projects/SharpBag/SharpBag.Tests/bin/Release/SharpBag.Tests.DLL" adapterTypeName="Microsoft.VisualStudio.TestTools.TestTypes.Unit.UnitTestAdapter, Microsoft.VisualStudio.QualityTools.Tips.UnitTest.Adapter, Version=10.0.0.0, Culture=neutral, PublicKeyToken=b03f5f7f11d50a3a" className="SharpBag.ExtensionsTest, SharpBag.Tests, Version=0.0.0.0, Culture=neutral, PublicKeyToken=null" name="As0163217" />
    </UnitTest>
    <UnitTest name="As21513" storage="c:\users\suprdewd\documents\projects\sharpbag\sharpbag.tests\bin\release\sharpbag.tests.dll" id="ab421b8a-6335-fc53-4e9e-57496cbdcbe1">
      <Execution id="5c9ce32f-bdfb-4e69-8a10-51e630c017fb" />
      <TestMethod codeBase="C:/Users/SuprDewd/Documents/Projects/SharpBag/SharpBag.Tests/bin/Release/SharpBag.Tests.DLL" adapterTypeName="Microsoft.VisualStudio.TestTools.TestTypes.Unit.UnitTestAdapter, Microsoft.VisualStudio.QualityTools.Tips.UnitTest.Adapter, Version=10.0.0.0, Culture=neutral, PublicKeyToken=b03f5f7f11d50a3a" className="SharpBag.ExtensionsTest, SharpBag.Tests, Version=0.0.0.0, Culture=neutral, PublicKeyToken=null" name="As21513" />
    </UnitTest>
    <UnitTest name="AsEnumerable0258801" storage="c:\users\suprdewd\documents\projects\sharpbag\sharpbag.tests\bin\release\sharpbag.tests.dll" id="b2c4141e-1dfd-f110-5623-435719fb340e">
      <Execution id="d62b9ad0-81ee-4535-bd21-9bab45eb7a89" />
      <TestMethod codeBase="C:/Users/SuprDewd/Documents/Projects/SharpBag/SharpBag.Tests/bin/Release/SharpBag.Tests.DLL" adapterTypeName="Microsoft.VisualStudio.TestTools.TestTypes.Unit.UnitTestAdapter, Microsoft.VisualStudio.QualityTools.Tips.UnitTest.Adapter, Version=10.0.0.0, Culture=neutral, PublicKeyToken=b03f5f7f11d50a3a" className="SharpBag.ExtensionsTest, SharpBag.Tests, Version=0.0.0.0, Culture=neutral, PublicKeyToken=null" name="AsEnumerable0258801" />
    </UnitTest>
    <UnitTest name="As0136704" storage="c:\users\suprdewd\documents\projects\sharpbag\sharpbag.tests\bin\release\sharpbag.tests.dll" id="29095a51-c311-c865-7cf1-7076578258b7">
      <Execution id="1db346a1-061a-4aea-8cf1-97de384909ed" />
      <TestMethod codeBase="C:/Users/SuprDewd/Documents/Projects/SharpBag/SharpBag.Tests/bin/Release/SharpBag.Tests.DLL" adapterTypeName="Microsoft.VisualStudio.TestTools.TestTypes.Unit.UnitTestAdapter, Microsoft.VisualStudio.QualityTools.Tips.UnitTest.Adapter, Version=10.0.0.0, Culture=neutral, PublicKeyToken=b03f5f7f11d50a3a" className="SharpBag.ExtensionsTest, SharpBag.Tests, Version=0.0.0.0, Culture=neutral, PublicKeyToken=null" name="As0136704" />
    </UnitTest>
    <UnitTest name="As0198304" storage="c:\users\suprdewd\documents\projects\sharpbag\sharpbag.tests\bin\release\sharpbag.tests.dll" id="bbc45056-7304-0cf8-18ec-0f56b7abf591">
      <Execution id="56e6e92c-6381-4fee-b348-2f555031b4b3" />
      <TestMethod codeBase="C:/Users/SuprDewd/Documents/Projects/SharpBag/SharpBag.Tests/bin/Release/SharpBag.Tests.DLL" adapterTypeName="Microsoft.VisualStudio.TestTools.TestTypes.Unit.UnitTestAdapter, Microsoft.VisualStudio.QualityTools.Tips.UnitTest.Adapter, Version=10.0.0.0, Culture=neutral, PublicKeyToken=b03f5f7f11d50a3a" className="SharpBag.ExtensionsTest, SharpBag.Tests, Version=0.0.0.0, Culture=neutral, PublicKeyToken=null" name="As0198304" />
    </UnitTest>
    <UnitTest name="CreateRectangleThrowsContractException295" storage="c:\users\suprdewd\documents\projects\sharpbag\sharpbag.tests\bin\release\sharpbag.tests.dll" id="ba655519-84b5-616e-0933-0bcd320e888d">
      <Execution id="5b8b6a63-d808-458a-a33b-e2cc48957b77" />
      <TestMethod codeBase="C:/Users/SuprDewd/Documents/Projects/SharpBag/SharpBag.Tests/bin/Release/SharpBag.Tests.DLL" adapterTypeName="Microsoft.VisualStudio.TestTools.TestTypes.Unit.UnitTestAdapter, Microsoft.VisualStudio.QualityTools.Tips.UnitTest.Adapter, Version=10.0.0.0, Culture=neutral, PublicKeyToken=b03f5f7f11d50a3a" className="SharpBag.Media.MediaExtensionsTest, SharpBag.Tests, Version=0.0.0.0, Culture=neutral, PublicKeyToken=null" name="CreateRectangleThrowsContractException295" />
    </UnitTest>
    <UnitTest name="As0198303" storage="c:\users\suprdewd\documents\projects\sharpbag\sharpbag.tests\bin\release\sharpbag.tests.dll" id="d56f2fbf-3f3e-cba1-4f8d-7b34cec35b0a">
      <Execution id="a8f2ce11-1cb2-449c-a2b8-deb7d80125f9" />
      <TestMethod codeBase="C:/Users/SuprDewd/Documents/Projects/SharpBag/SharpBag.Tests/bin/Release/SharpBag.Tests.DLL" adapterTypeName="Microsoft.VisualStudio.TestTools.TestTypes.Unit.UnitTestAdapter, Microsoft.VisualStudio.QualityTools.Tips.UnitTest.Adapter, Version=10.0.0.0, Culture=neutral, PublicKeyToken=b03f5f7f11d50a3a" className="SharpBag.ExtensionsTest, SharpBag.Tests, Version=0.0.0.0, Culture=neutral, PublicKeyToken=null" name="As0198303" />
    </UnitTest>
    <UnitTest name="AsEnumerable01283" storage="c:\users\suprdewd\documents\projects\sharpbag\sharpbag.tests\bin\release\sharpbag.tests.dll" id="f20d04ec-6bdf-2adb-3ea0-dea4791f58d1">
      <Execution id="ad355260-f190-4334-925b-b9c5ac69690e" />
      <TestMethod codeBase="C:/Users/SuprDewd/Documents/Projects/SharpBag/SharpBag.Tests/bin/Release/SharpBag.Tests.DLL" adapterTypeName="Microsoft.VisualStudio.TestTools.TestTypes.Unit.UnitTestAdapter, Microsoft.VisualStudio.QualityTools.Tips.UnitTest.Adapter, Version=10.0.0.0, Culture=neutral, PublicKeyToken=b03f5f7f11d50a3a" className="SharpBag.ExtensionsTest, SharpBag.Tests, Version=0.0.0.0, Culture=neutral, PublicKeyToken=null" name="AsEnumerable01283" />
    </UnitTest>
    <UnitTest name="Add88502" storage="c:\users\suprdewd\documents\projects\sharpbag\sharpbag.tests\bin\release\sharpbag.tests.dll" id="6fb9b650-50a8-89e9-0d35-3a3dc4939152">
      <Execution id="3efaea82-2624-41b8-ac82-bf9e064edb6b" />
      <TestMethod codeBase="C:/Users/SuprDewd/Documents/Projects/SharpBag/SharpBag.Tests/bin/Release/SharpBag.Tests.DLL" adapterTypeName="Microsoft.VisualStudio.TestTools.TestTypes.Unit.UnitTestAdapter, Microsoft.VisualStudio.QualityTools.Tips.UnitTest.Adapter, Version=10.0.0.0, Culture=neutral, PublicKeyToken=b03f5f7f11d50a3a" className="SharpBag.ExtensionsTest, SharpBag.Tests, Version=0.0.0.0, Culture=neutral, PublicKeyToken=null" name="Add88502" />
    </UnitTest>
    <UnitTest name="With25501" storage="c:\users\suprdewd\documents\projects\sharpbag\sharpbag.tests\bin\release\sharpbag.tests.dll" id="9ed7c416-1a7b-4673-195d-ca2e196d2a2e">
      <Execution id="9facbac3-2473-45dd-8aea-1a7dd43be1dc" />
      <TestMethod codeBase="C:/Users/SuprDewd/Documents/Projects/SharpBag/SharpBag.Tests/bin/Release/SharpBag.Tests.DLL" adapterTypeName="Microsoft.VisualStudio.TestTools.TestTypes.Unit.UnitTestAdapter, Microsoft.VisualStudio.QualityTools.Tips.UnitTest.Adapter, Version=10.0.0.0, Culture=neutral, PublicKeyToken=b03f5f7f11d50a3a" className="SharpBag.ExtensionsTest, SharpBag.Tests, Version=0.0.0.0, Culture=neutral, PublicKeyToken=null" name="With25501" />
    </UnitTest>
    <UnitTest name="If92101" storage="c:\users\suprdewd\documents\projects\sharpbag\sharpbag.tests\bin\release\sharpbag.tests.dll" id="2df82623-33bd-df5b-7142-249281b6ca57">
      <Execution id="e4a22f2b-2ac2-4d03-8631-3f18a511a912" />
      <TestMethod codeBase="C:/Users/SuprDewd/Documents/Projects/SharpBag/SharpBag.Tests/bin/Release/SharpBag.Tests.DLL" adapterTypeName="Microsoft.VisualStudio.TestTools.TestTypes.Unit.UnitTestAdapter, Microsoft.VisualStudio.QualityTools.Tips.UnitTest.Adapter, Version=10.0.0.0, Culture=neutral, PublicKeyToken=b03f5f7f11d50a3a" className="SharpBag.ExtensionsTest, SharpBag.Tests, Version=0.0.0.0, Culture=neutral, PublicKeyToken=null" name="If92101" />
    </UnitTest>
    <UnitTest name="IterThrowsContractException919" storage="c:\users\suprdewd\documents\projects\sharpbag\sharpbag.tests\bin\release\sharpbag.tests.dll" id="190e9c3f-d107-1b47-1211-423b930a255a">
      <Execution id="a7238d48-b503-4956-b45c-80408111ab4b" />
      <TestMethod codeBase="C:/Users/SuprDewd/Documents/Projects/SharpBag/SharpBag.Tests/bin/Release/SharpBag.Tests.DLL" adapterTypeName="Microsoft.VisualStudio.TestTools.TestTypes.Unit.UnitTestAdapter, Microsoft.VisualStudio.QualityTools.Tips.UnitTest.Adapter, Version=10.0.0.0, Culture=neutral, PublicKeyToken=b03f5f7f11d50a3a" className="SharpBag.ExtensionsTest, SharpBag.Tests, Version=0.0.0.0, Culture=neutral, PublicKeyToken=null" name="IterThrowsContractException919" />
    </UnitTest>
    <UnitTest name="TakeEveryThrowsContractException998" storage="c:\users\suprdewd\documents\projects\sharpbag\sharpbag.tests\bin\release\sharpbag.tests.dll" id="c35eb805-49e5-7d06-b69d-ba684aaa6791">
      <Execution id="c9d1684e-6ed1-47b2-812c-b1d97ed49279" />
      <TestMethod codeBase="C:/Users/SuprDewd/Documents/Projects/SharpBag/SharpBag.Tests/bin/Release/SharpBag.Tests.DLL" adapterTypeName="Microsoft.VisualStudio.TestTools.TestTypes.Unit.UnitTestAdapter, Microsoft.VisualStudio.QualityTools.Tips.UnitTest.Adapter, Version=10.0.0.0, Culture=neutral, PublicKeyToken=b03f5f7f11d50a3a" className="SharpBag.ExtensionsTest, SharpBag.Tests, Version=0.0.0.0, Culture=neutral, PublicKeyToken=null" name="TakeEveryThrowsContractException998" />
    </UnitTest>
    <UnitTest name="Constructor94201" storage="c:\users\suprdewd\documents\projects\sharpbag\sharpbag.tests\bin\release\sharpbag.tests.dll" id="8fabe6be-0a48-74a9-97ec-54d046e764bc">
      <Execution id="dcdde0db-b6a0-418f-ad51-970bd9693292" />
      <TestMethod codeBase="C:/Users/SuprDewd/Documents/Projects/SharpBag/SharpBag.Tests/bin/Release/SharpBag.Tests.DLL" adapterTypeName="Microsoft.VisualStudio.TestTools.TestTypes.Unit.UnitTestAdapter, Microsoft.VisualStudio.QualityTools.Tips.UnitTest.Adapter, Version=10.0.0.0, Culture=neutral, PublicKeyToken=b03f5f7f11d50a3a" className="SharpBag.Algorithms.PriorityQueueItemTTest, SharpBag.Tests, Version=0.0.0.0, Culture=neutral, PublicKeyToken=null" name="Constructor94201" />
    </UnitTest>
    <UnitTest name="DequeueThrowsContractException38" storage="c:\users\suprdewd\documents\projects\sharpbag\sharpbag.tests\bin\release\sharpbag.tests.dll" id="530e9426-a117-1e44-3c23-eb9bc838bd65">
      <Execution id="4bda07d2-4ada-4921-b9f5-df1d2a2ca58e" />
      <TestMethod codeBase="C:/Users/SuprDewd/Documents/Projects/SharpBag/SharpBag.Tests/bin/Release/SharpBag.Tests.DLL" adapterTypeName="Microsoft.VisualStudio.TestTools.TestTypes.Unit.UnitTestAdapter, Microsoft.VisualStudio.QualityTools.Tips.UnitTest.Adapter, Version=10.0.0.0, Culture=neutral, PublicKeyToken=b03f5f7f11d50a3a" className="SharpBag.Algorithms.PriorityQueueTTest, SharpBag.Tests, Version=0.0.0.0, Culture=neutral, PublicKeyToken=null" name="DequeueThrowsContractException38" />
    </UnitTest>
    <UnitTest name="As56801" storage="c:\users\suprdewd\documents\projects\sharpbag\sharpbag.tests\bin\release\sharpbag.tests.dll" id="e9bdc9dc-adb5-78db-0cb8-fdededd15551">
      <Execution id="87d6956f-cc88-49f6-90ee-ef98a5a1acd2" />
      <TestMethod codeBase="C:/Users/SuprDewd/Documents/Projects/SharpBag/SharpBag.Tests/bin/Release/SharpBag.Tests.DLL" adapterTypeName="Microsoft.VisualStudio.TestTools.TestTypes.Unit.UnitTestAdapter, Microsoft.VisualStudio.QualityTools.Tips.UnitTest.Adapter, Version=10.0.0.0, Culture=neutral, PublicKeyToken=b03f5f7f11d50a3a" className="SharpBag.ExtensionsTest, SharpBag.Tests, Version=0.0.0.0, Culture=neutral, PublicKeyToken=null" name="As56801" />
    </UnitTest>
    <UnitTest name="CreateIEnumerableThrowsContractException485" storage="c:\users\suprdewd\documents\projects\sharpbag\sharpbag.tests\bin\release\sharpbag.tests.dll" id="28805317-a840-3e77-4899-69199b1265d9">
      <Execution id="1cb7eb4e-4c0c-4b35-be5f-44829dff2f69" />
      <TestMethod codeBase="C:/Users/SuprDewd/Documents/Projects/SharpBag/SharpBag.Tests/bin/Release/SharpBag.Tests.DLL" adapterTypeName="Microsoft.VisualStudio.TestTools.TestTypes.Unit.UnitTestAdapter, Microsoft.VisualStudio.QualityTools.Tips.UnitTest.Adapter, Version=10.0.0.0, Culture=neutral, PublicKeyToken=b03f5f7f11d50a3a" className="SharpBag.UtilsTest, SharpBag.Tests, Version=0.0.0.0, Culture=neutral, PublicKeyToken=null" name="CreateIEnumerableThrowsContractException485" />
    </UnitTest>
    <UnitTest name="IfNotNull01923" storage="c:\users\suprdewd\documents\projects\sharpbag\sharpbag.tests\bin\release\sharpbag.tests.dll" id="46f11c29-0946-1ee3-1afe-afb72995b905">
      <Execution id="3e59e078-b3dc-4350-923d-2ae3005495ec" />
      <TestMethod codeBase="C:/Users/SuprDewd/Documents/Projects/SharpBag/SharpBag.Tests/bin/Release/SharpBag.Tests.DLL" adapterTypeName="Microsoft.VisualStudio.TestTools.TestTypes.Unit.UnitTestAdapter, Microsoft.VisualStudio.QualityTools.Tips.UnitTest.Adapter, Version=10.0.0.0, Culture=neutral, PublicKeyToken=b03f5f7f11d50a3a" className="SharpBag.ExtensionsTest, SharpBag.Tests, Version=0.0.0.0, Culture=neutral, PublicKeyToken=null" name="IfNotNull01923" />
    </UnitTest>
    <UnitTest name="As0163214" storage="c:\users\suprdewd\documents\projects\sharpbag\sharpbag.tests\bin\release\sharpbag.tests.dll" id="e5750d14-09bb-ec70-127b-652a47b7dd9c">
      <Execution id="364f372d-fafb-408c-9286-ad4a8445ad32" />
      <TestMethod codeBase="C:/Users/SuprDewd/Documents/Projects/SharpBag/SharpBag.Tests/bin/Release/SharpBag.Tests.DLL" adapterTypeName="Microsoft.VisualStudio.TestTools.TestTypes.Unit.UnitTestAdapter, Microsoft.VisualStudio.QualityTools.Tips.UnitTest.Adapter, Version=10.0.0.0, Culture=neutral, PublicKeyToken=b03f5f7f11d50a3a" className="SharpBag.ExtensionsTest, SharpBag.Tests, Version=0.0.0.0, Culture=neutral, PublicKeyToken=null" name="As0163214" />
    </UnitTest>
    <UnitTest name="As0136702" storage="c:\users\suprdewd\documents\projects\sharpbag\sharpbag.tests\bin\release\sharpbag.tests.dll" id="f791b1fc-7ecf-06ad-9b72-838a0f1da804">
      <Execution id="eaf2efeb-6dae-47e9-aafc-78912a8726fe" />
      <TestMethod codeBase="C:/Users/SuprDewd/Documents/Projects/SharpBag/SharpBag.Tests/bin/Release/SharpBag.Tests.DLL" adapterTypeName="Microsoft.VisualStudio.TestTools.TestTypes.Unit.UnitTestAdapter, Microsoft.VisualStudio.QualityTools.Tips.UnitTest.Adapter, Version=10.0.0.0, Culture=neutral, PublicKeyToken=b03f5f7f11d50a3a" className="SharpBag.ExtensionsTest, SharpBag.Tests, Version=0.0.0.0, Culture=neutral, PublicKeyToken=null" name="As0136702" />
    </UnitTest>
    <UnitTest name="AsEnumerable0258802" storage="c:\users\suprdewd\documents\projects\sharpbag\sharpbag.tests\bin\release\sharpbag.tests.dll" id="80c446f8-daa9-dd90-7ba0-f56b79877aec">
      <Execution id="7d0aa655-a31c-47d3-932d-c8a2e2a595c0" />
      <TestMethod codeBase="C:/Users/SuprDewd/Documents/Projects/SharpBag/SharpBag.Tests/bin/Release/SharpBag.Tests.DLL" adapterTypeName="Microsoft.VisualStudio.TestTools.TestTypes.Unit.UnitTestAdapter, Microsoft.VisualStudio.QualityTools.Tips.UnitTest.Adapter, Version=10.0.0.0, Culture=neutral, PublicKeyToken=b03f5f7f11d50a3a" className="SharpBag.ExtensionsTest, SharpBag.Tests, Version=0.0.0.0, Culture=neutral, PublicKeyToken=null" name="AsEnumerable0258802" />
    </UnitTest>
    <UnitTest name="GetEnumerator016901" storage="c:\users\suprdewd\documents\projects\sharpbag\sharpbag.tests\bin\release\sharpbag.tests.dll" id="3340cb14-cf3b-8e1f-ca28-73acf64d833a">
      <Execution id="f123643b-b125-45b6-99fa-df6871dcdf8c" />
      <TestMethod codeBase="C:/Users/SuprDewd/Documents/Projects/SharpBag/SharpBag.Tests/bin/Release/SharpBag.Tests.DLL" adapterTypeName="Microsoft.VisualStudio.TestTools.TestTypes.Unit.UnitTestAdapter, Microsoft.VisualStudio.QualityTools.Tips.UnitTest.Adapter, Version=10.0.0.0, Culture=neutral, PublicKeyToken=b03f5f7f11d50a3a" className="SharpBag.Algorithms.PriorityQueueTTest, SharpBag.Tests, Version=0.0.0.0, Culture=neutral, PublicKeyToken=null" name="GetEnumerator016901" />
    </UnitTest>
    <UnitTest name="ForEach12504" storage="c:\users\suprdewd\documents\projects\sharpbag\sharpbag.tests\bin\release\sharpbag.tests.dll" id="36c0ac7a-9f37-b952-7a17-2ad1e9132b69">
      <Execution id="5066990f-65fe-49d1-8baf-4c3ae2d0edd1" />
      <TestMethod codeBase="C:/Users/SuprDewd/Documents/Projects/SharpBag/SharpBag.Tests/bin/Release/SharpBag.Tests.DLL" adapterTypeName="Microsoft.VisualStudio.TestTools.TestTypes.Unit.UnitTestAdapter, Microsoft.VisualStudio.QualityTools.Tips.UnitTest.Adapter, Version=10.0.0.0, Culture=neutral, PublicKeyToken=b03f5f7f11d50a3a" className="SharpBag.ExtensionsTest, SharpBag.Tests, Version=0.0.0.0, Culture=neutral, PublicKeyToken=null" name="ForEach12504" />
    </UnitTest>
    <UnitTest name="As0136703" storage="c:\users\suprdewd\documents\projects\sharpbag\sharpbag.tests\bin\release\sharpbag.tests.dll" id="e80fc0c4-2914-56fc-191b-489f27774cbc">
      <Execution id="58fa4dcf-4cd8-429f-b09a-2c719b9145f5" />
      <TestMethod codeBase="C:/Users/SuprDewd/Documents/Projects/SharpBag/SharpBag.Tests/bin/Release/SharpBag.Tests.DLL" adapterTypeName="Microsoft.VisualStudio.TestTools.TestTypes.Unit.UnitTestAdapter, Microsoft.VisualStudio.QualityTools.Tips.UnitTest.Adapter, Version=10.0.0.0, Culture=neutral, PublicKeyToken=b03f5f7f11d50a3a" className="SharpBag.ExtensionsTest, SharpBag.Tests, Version=0.0.0.0, Culture=neutral, PublicKeyToken=null" name="As0136703" />
    </UnitTest>
    <UnitTest name="NullOr90703" storage="c:\users\suprdewd\documents\projects\sharpbag\sharpbag.tests\bin\release\sharpbag.tests.dll" id="97102229-37fa-e978-ffae-7fd4c7300f98">
      <Execution id="f043dd81-9029-4c19-a1bb-d3e62fdb4e8c" />
      <TestMethod codeBase="C:/Users/SuprDewd/Documents/Projects/SharpBag/SharpBag.Tests/bin/Release/SharpBag.Tests.DLL" adapterTypeName="Microsoft.VisualStudio.TestTools.TestTypes.Unit.UnitTestAdapter, Microsoft.VisualStudio.QualityTools.Tips.UnitTest.Adapter, Version=10.0.0.0, Culture=neutral, PublicKeyToken=b03f5f7f11d50a3a" className="SharpBag.ExtensionsTest, SharpBag.Tests, Version=0.0.0.0, Culture=neutral, PublicKeyToken=null" name="NullOr90703" />
    </UnitTest>
    <UnitTest name="As0163223" storage="c:\users\suprdewd\documents\projects\sharpbag\sharpbag.tests\bin\release\sharpbag.tests.dll" id="ec55615d-1e36-c752-f2bf-b20284d0ae33">
      <Execution id="f973207a-9dc1-4795-9242-301548a2fd53" />
      <TestMethod codeBase="C:/Users/SuprDewd/Documents/Projects/SharpBag/SharpBag.Tests/bin/Release/SharpBag.Tests.DLL" adapterTypeName="Microsoft.VisualStudio.TestTools.TestTypes.Unit.UnitTestAdapter, Microsoft.VisualStudio.QualityTools.Tips.UnitTest.Adapter, Version=10.0.0.0, Culture=neutral, PublicKeyToken=b03f5f7f11d50a3a" className="SharpBag.ExtensionsTest, SharpBag.Tests, Version=0.0.0.0, Culture=neutral, PublicKeyToken=null" name="As0163223" />
    </UnitTest>
    <UnitTest name="ThrowTest" storage="c:\users\suprdewd\documents\projects\sharpbag\sharpbag.tests\bin\release\sharpbag.tests.dll" id="fbd930ae-612e-63f9-7d85-96b5097af772">
      <Execution id="c94c2510-0361-4cc1-85aa-57b53d62d3c7" />
      <TestMethod codeBase="C:/Users/SuprDewd/Documents/Projects/SharpBag/SharpBag.Tests/bin/Release/SharpBag.Tests.DLL" adapterTypeName="Microsoft.VisualStudio.TestTools.TestTypes.Unit.UnitTestAdapter, Microsoft.VisualStudio.QualityTools.Tips.UnitTest.Adapter, Version=10.0.0.0, Culture=neutral, PublicKeyToken=b03f5f7f11d50a3a" className="SharpBag.Tests.DiceTest, SharpBag.Tests, Version=0.0.0.0, Culture=neutral, PublicKeyToken=null" name="ThrowTest" />
    </UnitTest>
    <UnitTest name="As0166402" storage="c:\users\suprdewd\documents\projects\sharpbag\sharpbag.tests\bin\release\sharpbag.tests.dll" id="7a9400e0-6f1a-74cc-aaf2-4e620d01eac4">
      <Execution id="8424e0e1-5f47-40fe-9071-61109c4e70d5" />
      <TestMethod codeBase="C:/Users/SuprDewd/Documents/Projects/SharpBag/SharpBag.Tests/bin/Release/SharpBag.Tests.DLL" adapterTypeName="Microsoft.VisualStudio.TestTools.TestTypes.Unit.UnitTestAdapter, Microsoft.VisualStudio.QualityTools.Tips.UnitTest.Adapter, Version=10.0.0.0, Culture=neutral, PublicKeyToken=b03f5f7f11d50a3a" className="SharpBag.ExtensionsTest, SharpBag.Tests, Version=0.0.0.0, Culture=neutral, PublicKeyToken=null" name="As0166402" />
    </UnitTest>
    <UnitTest name="GetEnumerator20301" storage="c:\users\suprdewd\documents\projects\sharpbag\sharpbag.tests\bin\release\sharpbag.tests.dll" id="94035d88-ed3c-a1c6-5571-0e7a52145b86">
      <Execution id="54ac1097-7ad7-43f1-8b5b-8969423187d0" />
      <TestMethod codeBase="C:/Users/SuprDewd/Documents/Projects/SharpBag/SharpBag.Tests/bin/Release/SharpBag.Tests.DLL" adapterTypeName="Microsoft.VisualStudio.TestTools.TestTypes.Unit.UnitTestAdapter, Microsoft.VisualStudio.QualityTools.Tips.UnitTest.Adapter, Version=10.0.0.0, Culture=neutral, PublicKeyToken=b03f5f7f11d50a3a" className="SharpBag.Algorithms.PriorityQueueTTest, SharpBag.Tests, Version=0.0.0.0, Culture=neutral, PublicKeyToken=null" name="GetEnumerator20301" />
    </UnitTest>
    <UnitTest name="IsNot85901" storage="c:\users\suprdewd\documents\projects\sharpbag\sharpbag.tests\bin\release\sharpbag.tests.dll" id="1307dc5b-75f8-92ef-4a33-aeb8175b4d4d">
      <Execution id="eb27fb0c-b857-47bb-b7bd-032f19fc1465" />
      <TestMethod codeBase="C:/Users/SuprDewd/Documents/Projects/SharpBag/SharpBag.Tests/bin/Release/SharpBag.Tests.DLL" adapterTypeName="Microsoft.VisualStudio.TestTools.TestTypes.Unit.UnitTestAdapter, Microsoft.VisualStudio.QualityTools.Tips.UnitTest.Adapter, Version=10.0.0.0, Culture=neutral, PublicKeyToken=b03f5f7f11d50a3a" className="SharpBag.ExtensionsTest, SharpBag.Tests, Version=0.0.0.0, Culture=neutral, PublicKeyToken=null" name="IsNot85901" />
    </UnitTest>
    <UnitTest name="Fill0110503" storage="c:\users\suprdewd\documents\projects\sharpbag\sharpbag.tests\bin\release\sharpbag.tests.dll" id="2f965438-892b-963f-1d2d-a0dc16402531">
      <Execution id="a2490d14-9f52-4f5e-adb2-d05969ccfc77" />
      <TestMethod codeBase="C:/Users/SuprDewd/Documents/Projects/SharpBag/SharpBag.Tests/bin/Release/SharpBag.Tests.DLL" adapterTypeName="Microsoft.VisualStudio.TestTools.TestTypes.Unit.UnitTestAdapter, Microsoft.VisualStudio.QualityTools.Tips.UnitTest.Adapter, Version=10.0.0.0, Culture=neutral, PublicKeyToken=b03f5f7f11d50a3a" className="SharpBag.ExtensionsTest, SharpBag.Tests, Version=0.0.0.0, Culture=neutral, PublicKeyToken=null" name="Fill0110503" />
    </UnitTest>
    <UnitTest name="IfNotNull17302" storage="c:\users\suprdewd\documents\projects\sharpbag\sharpbag.tests\bin\release\sharpbag.tests.dll" id="46ca0fd9-03e1-55e3-3ad7-b4625d8d07c0">
      <Execution id="f1d52562-f399-4ce4-95d2-82d92e2cc654" />
      <TestMethod codeBase="C:/Users/SuprDewd/Documents/Projects/SharpBag/SharpBag.Tests/bin/Release/SharpBag.Tests.DLL" adapterTypeName="Microsoft.VisualStudio.TestTools.TestTypes.Unit.UnitTestAdapter, Microsoft.VisualStudio.QualityTools.Tips.UnitTest.Adapter, Version=10.0.0.0, Culture=neutral, PublicKeyToken=b03f5f7f11d50a3a" className="SharpBag.ExtensionsTest, SharpBag.Tests, Version=0.0.0.0, Culture=neutral, PublicKeyToken=null" name="IfNotNull17302" />
    </UnitTest>
    <UnitTest name="AsEnumerableThrowsContractException962" storage="c:\users\suprdewd\documents\projects\sharpbag\sharpbag.tests\bin\release\sharpbag.tests.dll" id="8495c6b2-3ced-c23a-374f-c91093e4e12e">
      <Execution id="dc567ae7-4237-4c29-8add-65123e8532a8" />
      <TestMethod codeBase="C:/Users/SuprDewd/Documents/Projects/SharpBag/SharpBag.Tests/bin/Release/SharpBag.Tests.DLL" adapterTypeName="Microsoft.VisualStudio.TestTools.TestTypes.Unit.UnitTestAdapter, Microsoft.VisualStudio.QualityTools.Tips.UnitTest.Adapter, Version=10.0.0.0, Culture=neutral, PublicKeyToken=b03f5f7f11d50a3a" className="SharpBag.ExtensionsTest, SharpBag.Tests, Version=0.0.0.0, Culture=neutral, PublicKeyToken=null" name="AsEnumerableThrowsContractException962" />
    </UnitTest>
    <UnitTest name="IsIn0157001" storage="c:\users\suprdewd\documents\projects\sharpbag\sharpbag.tests\bin\release\sharpbag.tests.dll" id="601f589a-42f0-a91d-7641-c0a8eea06f45">
      <Execution id="0ac78d78-67fa-4f3d-909b-906fac35db42" />
      <TestMethod codeBase="C:/Users/SuprDewd/Documents/Projects/SharpBag/SharpBag.Tests/bin/Release/SharpBag.Tests.DLL" adapterTypeName="Microsoft.VisualStudio.TestTools.TestTypes.Unit.UnitTestAdapter, Microsoft.VisualStudio.QualityTools.Tips.UnitTest.Adapter, Version=10.0.0.0, Culture=neutral, PublicKeyToken=b03f5f7f11d50a3a" className="SharpBag.ExtensionsTest, SharpBag.Tests, Version=0.0.0.0, Culture=neutral, PublicKeyToken=null" name="IsIn0157001" />
    </UnitTest>
    <UnitTest name="UnionAll02ThrowsContractException669" storage="c:\users\suprdewd\documents\projects\sharpbag\sharpbag.tests\bin\release\sharpbag.tests.dll" id="4828b82d-197c-d38d-1052-fb24855ec6ae">
      <Execution id="ad0bddaf-9e2a-47ac-9bb8-55bef590356f" />
      <TestMethod codeBase="C:/Users/SuprDewd/Documents/Projects/SharpBag/SharpBag.Tests/bin/Release/SharpBag.Tests.DLL" adapterTypeName="Microsoft.VisualStudio.TestTools.TestTypes.Unit.UnitTestAdapter, Microsoft.VisualStudio.QualityTools.Tips.UnitTest.Adapter, Version=10.0.0.0, Culture=neutral, PublicKeyToken=b03f5f7f11d50a3a" className="SharpBag.ExtensionsTest, SharpBag.Tests, Version=0.0.0.0, Culture=neutral, PublicKeyToken=null" name="UnionAll02ThrowsContractException669" />
    </UnitTest>
    <UnitTest name="UnionAllThrowsContractException498" storage="c:\users\suprdewd\documents\projects\sharpbag\sharpbag.tests\bin\release\sharpbag.tests.dll" id="0c6370f1-3a15-0de1-18cb-8da30dd57ee7">
      <Execution id="ef38789a-5e31-4884-975e-fde3873eed2d" />
      <TestMethod codeBase="C:/Users/SuprDewd/Documents/Projects/SharpBag/SharpBag.Tests/bin/Release/SharpBag.Tests.DLL" adapterTypeName="Microsoft.VisualStudio.TestTools.TestTypes.Unit.UnitTestAdapter, Microsoft.VisualStudio.QualityTools.Tips.UnitTest.Adapter, Version=10.0.0.0, Culture=neutral, PublicKeyToken=b03f5f7f11d50a3a" className="SharpBag.ExtensionsTest, SharpBag.Tests, Version=0.0.0.0, Culture=neutral, PublicKeyToken=null" name="UnionAllThrowsContractException498" />
    </UnitTest>
    <UnitTest name="RangeThrowsContractException958" storage="c:\users\suprdewd\documents\projects\sharpbag\sharpbag.tests\bin\release\sharpbag.tests.dll" id="0cb477c5-7b02-500d-45eb-bb863b0c13bb">
      <Execution id="042d1cd3-2ed1-41cb-97c8-0f1943a05691" />
      <TestMethod codeBase="C:/Users/SuprDewd/Documents/Projects/SharpBag/SharpBag.Tests/bin/Release/SharpBag.Tests.DLL" adapterTypeName="Microsoft.VisualStudio.TestTools.TestTypes.Unit.UnitTestAdapter, Microsoft.VisualStudio.QualityTools.Tips.UnitTest.Adapter, Version=10.0.0.0, Culture=neutral, PublicKeyToken=b03f5f7f11d50a3a" className="SharpBag.ExtensionsTest, SharpBag.Tests, Version=0.0.0.0, Culture=neutral, PublicKeyToken=null" name="RangeThrowsContractException958" />
    </UnitTest>
    <UnitTest name="IsInThrowsContractException401" storage="c:\users\suprdewd\documents\projects\sharpbag\sharpbag.tests\bin\release\sharpbag.tests.dll" id="16e2011d-5b89-0c00-2883-d68cf1f627cd">
      <Execution id="71942bc8-ca0c-45be-a1d0-64b3eac03a4f" />
      <TestMethod codeBase="C:/Users/SuprDewd/Documents/Projects/SharpBag/SharpBag.Tests/bin/Release/SharpBag.Tests.DLL" adapterTypeName="Microsoft.VisualStudio.TestTools.TestTypes.Unit.UnitTestAdapter, Microsoft.VisualStudio.QualityTools.Tips.UnitTest.Adapter, Version=10.0.0.0, Culture=neutral, PublicKeyToken=b03f5f7f11d50a3a" className="SharpBag.ExtensionsTest, SharpBag.Tests, Version=0.0.0.0, Culture=neutral, PublicKeyToken=null" name="IsInThrowsContractException401" />
    </UnitTest>
    <UnitTest name="As0132102" storage="c:\users\suprdewd\documents\projects\sharpbag\sharpbag.tests\bin\release\sharpbag.tests.dll" id="920395ef-4d81-2796-a8e3-57b62c679836">
      <Execution id="249e2a56-15bb-43b6-86e0-a00e6ba69531" />
      <TestMethod codeBase="C:/Users/SuprDewd/Documents/Projects/SharpBag/SharpBag.Tests/bin/Release/SharpBag.Tests.DLL" adapterTypeName="Microsoft.VisualStudio.TestTools.TestTypes.Unit.UnitTestAdapter, Microsoft.VisualStudio.QualityTools.Tips.UnitTest.Adapter, Version=10.0.0.0, Culture=neutral, PublicKeyToken=b03f5f7f11d50a3a" className="SharpBag.ExtensionsTest, SharpBag.Tests, Version=0.0.0.0, Culture=neutral, PublicKeyToken=null" name="As0132102" />
    </UnitTest>
    <UnitTest name="CollatzCount510" storage="c:\users\suprdewd\documents\projects\sharpbag\sharpbag.tests\bin\release\sharpbag.tests.dll" id="1b741696-a239-fa83-4bfb-5be27d6d2eb3">
      <Execution id="f4cb89f2-9768-4cc5-9b14-53d78cfca484" />
      <TestMethod codeBase="C:/Users/SuprDewd/Documents/Projects/SharpBag/SharpBag.Tests/bin/Release/SharpBag.Tests.DLL" adapterTypeName="Microsoft.VisualStudio.TestTools.TestTypes.Unit.UnitTestAdapter, Microsoft.VisualStudio.QualityTools.Tips.UnitTest.Adapter, Version=10.0.0.0, Culture=neutral, PublicKeyToken=b03f5f7f11d50a3a" className="SharpBag.Math.MathExtensionsTest, SharpBag.Tests, Version=0.0.0.0, Culture=neutral, PublicKeyToken=null" name="CollatzCount510" />
    </UnitTest>
    <UnitTest name="Single617" storage="c:\users\suprdewd\documents\projects\sharpbag\sharpbag.tests\bin\release\sharpbag.tests.dll" id="b6dfae7d-5cf1-2d64-17e8-8a5ce5813218">
      <Execution id="738983fc-ebce-4180-a521-4f3217b1f318" />
      <TestMethod codeBase="C:/Users/SuprDewd/Documents/Projects/SharpBag/SharpBag.Tests/bin/Release/SharpBag.Tests.DLL" adapterTypeName="Microsoft.VisualStudio.TestTools.TestTypes.Unit.UnitTestAdapter, Microsoft.VisualStudio.QualityTools.Tips.UnitTest.Adapter, Version=10.0.0.0, Culture=neutral, PublicKeyToken=b03f5f7f11d50a3a" className="SharpBag.UtilsTest, SharpBag.Tests, Version=0.0.0.0, Culture=neutral, PublicKeyToken=null" name="Single617" />
    </UnitTest>
    <UnitTest name="To0459801" storage="c:\users\suprdewd\documents\projects\sharpbag\sharpbag.tests\bin\release\sharpbag.tests.dll" id="0e73a463-cb0d-f992-9d84-5941849f04d6">
      <Execution id="14a1d049-1370-44e4-85e6-ac927d2da544" />
      <TestMethod codeBase="C:/Users/SuprDewd/Documents/Projects/SharpBag/SharpBag.Tests/bin/Release/SharpBag.Tests.DLL" adapterTypeName="Microsoft.VisualStudio.TestTools.TestTypes.Unit.UnitTestAdapter, Microsoft.VisualStudio.QualityTools.Tips.UnitTest.Adapter, Version=10.0.0.0, Culture=neutral, PublicKeyToken=b03f5f7f11d50a3a" className="SharpBag.ExtensionsTest, SharpBag.Tests, Version=0.0.0.0, Culture=neutral, PublicKeyToken=null" name="To0459801" />
    </UnitTest>
    <UnitTest name="CountGet1901" storage="c:\users\suprdewd\documents\projects\sharpbag\sharpbag.tests\bin\release\sharpbag.tests.dll" id="fa540630-b33a-7141-4c49-c4e59268577a">
      <Execution id="21f2b803-7853-40b2-92b4-3288289b75ee" />
      <TestMethod codeBase="C:/Users/SuprDewd/Documents/Projects/SharpBag/SharpBag.Tests/bin/Release/SharpBag.Tests.DLL" adapterTypeName="Microsoft.VisualStudio.TestTools.TestTypes.Unit.UnitTestAdapter, Microsoft.VisualStudio.QualityTools.Tips.UnitTest.Adapter, Version=10.0.0.0, Culture=neutral, PublicKeyToken=b03f5f7f11d50a3a" className="SharpBag.Algorithms.PriorityQueueTTest, SharpBag.Tests, Version=0.0.0.0, Culture=neutral, PublicKeyToken=null" name="CountGet1901" />
    </UnitTest>
    <UnitTest name="Add609" storage="c:\users\suprdewd\documents\projects\sharpbag\sharpbag.tests\bin\release\sharpbag.tests.dll" id="7068f11c-cf82-d38d-0f16-16dd9f7c090f">
      <Execution id="722dfc17-6ff0-4f8b-931e-510541806987" />
      <TestMethod codeBase="C:/Users/SuprDewd/Documents/Projects/SharpBag/SharpBag.Tests/bin/Release/SharpBag.Tests.DLL" adapterTypeName="Microsoft.VisualStudio.TestTools.TestTypes.Unit.UnitTestAdapter, Microsoft.VisualStudio.QualityTools.Tips.UnitTest.Adapter, Version=10.0.0.0, Culture=neutral, PublicKeyToken=b03f5f7f11d50a3a" className="SharpBag.ExtensionsTest, SharpBag.Tests, Version=0.0.0.0, Culture=neutral, PublicKeyToken=null" name="Add609" />
    </UnitTest>
    <UnitTest name="ForEach78803" storage="c:\users\suprdewd\documents\projects\sharpbag\sharpbag.tests\bin\release\sharpbag.tests.dll" id="71153c10-625e-eee7-0105-ad1f18f9fb72">
      <Execution id="a49e796c-0075-4b85-8c57-5713fc5eef91" />
      <TestMethod codeBase="C:/Users/SuprDewd/Documents/Projects/SharpBag/SharpBag.Tests/bin/Release/SharpBag.Tests.DLL" adapterTypeName="Microsoft.VisualStudio.TestTools.TestTypes.Unit.UnitTestAdapter, Microsoft.VisualStudio.QualityTools.Tips.UnitTest.Adapter, Version=10.0.0.0, Culture=neutral, PublicKeyToken=b03f5f7f11d50a3a" className="SharpBag.ExtensionsTest, SharpBag.Tests, Version=0.0.0.0, Culture=neutral, PublicKeyToken=null" name="ForEach78803" />
    </UnitTest>
    <UnitTest name="Fill0110501" storage="c:\users\suprdewd\documents\projects\sharpbag\sharpbag.tests\bin\release\sharpbag.tests.dll" id="19033310-a8dd-db0b-1dcd-2bf1bef510ca">
      <Execution id="a3897520-2d6a-4e61-9b0d-f3938e44a791" />
      <TestMethod codeBase="C:/Users/SuprDewd/Documents/Projects/SharpBag/SharpBag.Tests/bin/Release/SharpBag.Tests.DLL" adapterTypeName="Microsoft.VisualStudio.TestTools.TestTypes.Unit.UnitTestAdapter, Microsoft.VisualStudio.QualityTools.Tips.UnitTest.Adapter, Version=10.0.0.0, Culture=neutral, PublicKeyToken=b03f5f7f11d50a3a" className="SharpBag.ExtensionsTest, SharpBag.Tests, Version=0.0.0.0, Culture=neutral, PublicKeyToken=null" name="Fill0110501" />
    </UnitTest>
    <UnitTest name="RangeThrowsContractException560" storage="c:\users\suprdewd\documents\projects\sharpbag\sharpbag.tests\bin\release\sharpbag.tests.dll" id="22b3bc9e-2d91-4747-086b-d415be2c5776">
      <Execution id="9f7be30b-a710-41ba-927d-ac57f76dfe50" />
      <TestMethod codeBase="C:/Users/SuprDewd/Documents/Projects/SharpBag/SharpBag.Tests/bin/Release/SharpBag.Tests.DLL" adapterTypeName="Microsoft.VisualStudio.TestTools.TestTypes.Unit.UnitTestAdapter, Microsoft.VisualStudio.QualityTools.Tips.UnitTest.Adapter, Version=10.0.0.0, Culture=neutral, PublicKeyToken=b03f5f7f11d50a3a" className="SharpBag.ExtensionsTest, SharpBag.Tests, Version=0.0.0.0, Culture=neutral, PublicKeyToken=null" name="RangeThrowsContractException560" />
    </UnitTest>
    <UnitTest name="NullOr71404" storage="c:\users\suprdewd\documents\projects\sharpbag\sharpbag.tests\bin\release\sharpbag.tests.dll" id="4d41008a-7d5b-c195-89ca-25e2bba2803d">
      <Execution id="4d8846eb-cbe9-4e03-95e1-2c1b38f96fe0" />
      <TestMethod codeBase="C:/Users/SuprDewd/Documents/Projects/SharpBag/SharpBag.Tests/bin/Release/SharpBag.Tests.DLL" adapterTypeName="Microsoft.VisualStudio.TestTools.TestTypes.Unit.UnitTestAdapter, Microsoft.VisualStudio.QualityTools.Tips.UnitTest.Adapter, Version=10.0.0.0, Culture=neutral, PublicKeyToken=b03f5f7f11d50a3a" className="SharpBag.ExtensionsTest, SharpBag.Tests, Version=0.0.0.0, Culture=neutral, PublicKeyToken=null" name="NullOr71404" />
    </UnitTest>
    <UnitTest name="ForEach125" storage="c:\users\suprdewd\documents\projects\sharpbag\sharpbag.tests\bin\release\sharpbag.tests.dll" id="193af604-0c49-1c0a-39c2-739404c2ca21">
      <Execution id="0a53a419-013f-42b1-9d79-49021c632478" />
      <TestMethod codeBase="C:/Users/SuprDewd/Documents/Projects/SharpBag/SharpBag.Tests/bin/Release/SharpBag.Tests.DLL" adapterTypeName="Microsoft.VisualStudio.TestTools.TestTypes.Unit.UnitTestAdapter, Microsoft.VisualStudio.QualityTools.Tips.UnitTest.Adapter, Version=10.0.0.0, Culture=neutral, PublicKeyToken=b03f5f7f11d50a3a" className="SharpBag.ExtensionsTest, SharpBag.Tests, Version=0.0.0.0, Culture=neutral, PublicKeyToken=null" name="ForEach125" />
    </UnitTest>
    <UnitTest name="ForEachThrowsContractException917" storage="c:\users\suprdewd\documents\projects\sharpbag\sharpbag.tests\bin\release\sharpbag.tests.dll" id="5bc8e954-9533-694e-e2d2-b1683e15a646">
      <Execution id="9e8f2e7b-a624-432b-a21b-63df35dded8e" />
      <TestMethod codeBase="C:/Users/SuprDewd/Documents/Projects/SharpBag/SharpBag.Tests/bin/Release/SharpBag.Tests.DLL" adapterTypeName="Microsoft.VisualStudio.TestTools.TestTypes.Unit.UnitTestAdapter, Microsoft.VisualStudio.QualityTools.Tips.UnitTest.Adapter, Version=10.0.0.0, Culture=neutral, PublicKeyToken=b03f5f7f11d50a3a" className="SharpBag.ExtensionsTest, SharpBag.Tests, Version=0.0.0.0, Culture=neutral, PublicKeyToken=null" name="ForEachThrowsContractException917" />
    </UnitTest>
    <UnitTest name="Enqueue74301" storage="c:\users\suprdewd\documents\projects\sharpbag\sharpbag.tests\bin\release\sharpbag.tests.dll" id="5f0a5483-d074-35b1-500e-1196c2881235">
      <Execution id="7116f3af-1957-48e6-bfa2-22e58fd677e8" />
      <TestMethod codeBase="C:/Users/SuprDewd/Documents/Projects/SharpBag/SharpBag.Tests/bin/Release/SharpBag.Tests.DLL" adapterTypeName="Microsoft.VisualStudio.TestTools.TestTypes.Unit.UnitTestAdapter, Microsoft.VisualStudio.QualityTools.Tips.UnitTest.Adapter, Version=10.0.0.0, Culture=neutral, PublicKeyToken=b03f5f7f11d50a3a" className="SharpBag.Algorithms.PriorityQueueTTest, SharpBag.Tests, Version=0.0.0.0, Culture=neutral, PublicKeyToken=null" name="Enqueue74301" />
    </UnitTest>
    <UnitTest name="UnionAllThrowsContractException888" storage="c:\users\suprdewd\documents\projects\sharpbag\sharpbag.tests\bin\release\sharpbag.tests.dll" id="2fd85783-fc83-f96f-d9bf-a6bcc5a252f1">
      <Execution id="927e3e69-f771-4960-bf6d-77603dc1ffcf" />
      <TestMethod codeBase="C:/Users/SuprDewd/Documents/Projects/SharpBag/SharpBag.Tests/bin/Release/SharpBag.Tests.DLL" adapterTypeName="Microsoft.VisualStudio.TestTools.TestTypes.Unit.UnitTestAdapter, Microsoft.VisualStudio.QualityTools.Tips.UnitTest.Adapter, Version=10.0.0.0, Culture=neutral, PublicKeyToken=b03f5f7f11d50a3a" className="SharpBag.ExtensionsTest, SharpBag.Tests, Version=0.0.0.0, Culture=neutral, PublicKeyToken=null" name="UnionAllThrowsContractException888" />
    </UnitTest>
    <UnitTest name="CollatzCount01510" storage="c:\users\suprdewd\documents\projects\sharpbag\sharpbag.tests\bin\release\sharpbag.tests.dll" id="2cd94b85-ca28-7ec9-b7f9-ff8305b67d1c">
      <Execution id="047fda6e-2e29-4c15-9858-c1bbd6179ddf" />
      <TestMethod codeBase="C:/Users/SuprDewd/Documents/Projects/SharpBag/SharpBag.Tests/bin/Release/SharpBag.Tests.DLL" adapterTypeName="Microsoft.VisualStudio.TestTools.TestTypes.Unit.UnitTestAdapter, Microsoft.VisualStudio.QualityTools.Tips.UnitTest.Adapter, Version=10.0.0.0, Culture=neutral, PublicKeyToken=b03f5f7f11d50a3a" className="SharpBag.Math.MathExtensionsTest, SharpBag.Tests, Version=0.0.0.0, Culture=neutral, PublicKeyToken=null" name="CollatzCount01510" />
    </UnitTest>
    <UnitTest name="As0163215" storage="c:\users\suprdewd\documents\projects\sharpbag\sharpbag.tests\bin\release\sharpbag.tests.dll" id="b70d24a9-e4cc-d879-39c7-bc30de9e70ab">
      <Execution id="cc6c3f63-e6c2-451c-b048-82516a929f42" />
      <TestMethod codeBase="C:/Users/SuprDewd/Documents/Projects/SharpBag/SharpBag.Tests/bin/Release/SharpBag.Tests.DLL" adapterTypeName="Microsoft.VisualStudio.TestTools.TestTypes.Unit.UnitTestAdapter, Microsoft.VisualStudio.QualityTools.Tips.UnitTest.Adapter, Version=10.0.0.0, Culture=neutral, PublicKeyToken=b03f5f7f11d50a3a" className="SharpBag.ExtensionsTest, SharpBag.Tests, Version=0.0.0.0, Culture=neutral, PublicKeyToken=null" name="As0163215" />
    </UnitTest>
    <UnitTest name="NullOr71401" storage="c:\users\suprdewd\documents\projects\sharpbag\sharpbag.tests\bin\release\sharpbag.tests.dll" id="86c02588-b87f-32bd-880b-56b0d73c1993">
      <Execution id="e4fdab69-2f3c-40cf-b71d-da66013f6650" />
      <TestMethod codeBase="C:/Users/SuprDewd/Documents/Projects/SharpBag/SharpBag.Tests/bin/Release/SharpBag.Tests.DLL" adapterTypeName="Microsoft.VisualStudio.TestTools.TestTypes.Unit.UnitTestAdapter, Microsoft.VisualStudio.QualityTools.Tips.UnitTest.Adapter, Version=10.0.0.0, Culture=neutral, PublicKeyToken=b03f5f7f11d50a3a" className="SharpBag.ExtensionsTest, SharpBag.Tests, Version=0.0.0.0, Culture=neutral, PublicKeyToken=null" name="NullOr71401" />
    </UnitTest>
    <UnitTest name="TakeEveryThrowsContractException597" storage="c:\users\suprdewd\documents\projects\sharpbag\sharpbag.tests\bin\release\sharpbag.tests.dll" id="f66902ae-2eb8-36de-bdb4-af24338ae682">
      <Execution id="91f145ca-c0a0-4164-9bf6-01fedffc96dd" />
      <TestMethod codeBase="C:/Users/SuprDewd/Documents/Projects/SharpBag/SharpBag.Tests/bin/Release/SharpBag.Tests.DLL" adapterTypeName="Microsoft.VisualStudio.TestTools.TestTypes.Unit.UnitTestAdapter, Microsoft.VisualStudio.QualityTools.Tips.UnitTest.Adapter, Version=10.0.0.0, Culture=neutral, PublicKeyToken=b03f5f7f11d50a3a" className="SharpBag.ExtensionsTest, SharpBag.Tests, Version=0.0.0.0, Culture=neutral, PublicKeyToken=null" name="TakeEveryThrowsContractException597" />
    </UnitTest>
    <UnitTest name="As0163241" storage="c:\users\suprdewd\documents\projects\sharpbag\sharpbag.tests\bin\release\sharpbag.tests.dll" id="2a3bccbe-42e2-9009-af11-20e5efc1eb2e">
      <Execution id="54670bcb-0706-4c43-bb63-243dcd70b8ba" />
      <TestMethod codeBase="C:/Users/SuprDewd/Documents/Projects/SharpBag/SharpBag.Tests/bin/Release/SharpBag.Tests.DLL" adapterTypeName="Microsoft.VisualStudio.TestTools.TestTypes.Unit.UnitTestAdapter, Microsoft.VisualStudio.QualityTools.Tips.UnitTest.Adapter, Version=10.0.0.0, Culture=neutral, PublicKeyToken=b03f5f7f11d50a3a" className="SharpBag.ExtensionsTest, SharpBag.Tests, Version=0.0.0.0, Culture=neutral, PublicKeyToken=null" name="As0163241" />
    </UnitTest>
    <UnitTest name="FromEnumeratorThrowsContractException632" storage="c:\users\suprdewd\documents\projects\sharpbag\sharpbag.tests\bin\release\sharpbag.tests.dll" id="f55b9351-7cff-05be-34ae-f71cd06467b8">
      <Execution id="ac661821-d114-4a8f-9ff5-c009e9247c0e" />
      <TestMethod codeBase="C:/Users/SuprDewd/Documents/Projects/SharpBag/SharpBag.Tests/bin/Release/SharpBag.Tests.DLL" adapterTypeName="Microsoft.VisualStudio.TestTools.TestTypes.Unit.UnitTestAdapter, Microsoft.VisualStudio.QualityTools.Tips.UnitTest.Adapter, Version=10.0.0.0, Culture=neutral, PublicKeyToken=b03f5f7f11d50a3a" className="SharpBag.UtilsTest, SharpBag.Tests, Version=0.0.0.0, Culture=neutral, PublicKeyToken=null" name="FromEnumeratorThrowsContractException632" />
    </UnitTest>
    <UnitTest name="Constructor25201" storage="c:\users\suprdewd\documents\projects\sharpbag\sharpbag.tests\bin\release\sharpbag.tests.dll" id="b32008e9-7a6b-e8be-077f-aa699d6cced0">
      <Execution id="8a36a047-c10d-475b-b36f-4fdd4d67b1b1" />
      <TestMethod codeBase="C:/Users/SuprDewd/Documents/Projects/SharpBag/SharpBag.Tests/bin/Release/SharpBag.Tests.DLL" adapterTypeName="Microsoft.VisualStudio.TestTools.TestTypes.Unit.UnitTestAdapter, Microsoft.VisualStudio.QualityTools.Tips.UnitTest.Adapter, Version=10.0.0.0, Culture=neutral, PublicKeyToken=b03f5f7f11d50a3a" className="SharpBag.Algorithms.PriorityQueueTTest, SharpBag.Tests, Version=0.0.0.0, Culture=neutral, PublicKeyToken=null" name="Constructor25201" />
    </UnitTest>
    <UnitTest name="PeekThrowsContractException550" storage="c:\users\suprdewd\documents\projects\sharpbag\sharpbag.tests\bin\release\sharpbag.tests.dll" id="93237b41-2edc-1e5e-efe4-c865b1af2b62">
      <Execution id="cca9bb3d-a35b-47b2-abf4-32a50ad4561d" />
      <TestMethod codeBase="C:/Users/SuprDewd/Documents/Projects/SharpBag/SharpBag.Tests/bin/Release/SharpBag.Tests.DLL" adapterTypeName="Microsoft.VisualStudio.TestTools.TestTypes.Unit.UnitTestAdapter, Microsoft.VisualStudio.QualityTools.Tips.UnitTest.Adapter, Version=10.0.0.0, Culture=neutral, PublicKeyToken=b03f5f7f11d50a3a" className="SharpBag.Algorithms.PriorityQueueTTest, SharpBag.Tests, Version=0.0.0.0, Culture=neutral, PublicKeyToken=null" name="PeekThrowsContractException550" />
    </UnitTest>
    <UnitTest name="Subarray305" storage="c:\users\suprdewd\documents\projects\sharpbag\sharpbag.tests\bin\release\sharpbag.tests.dll" id="644c941d-d40b-5655-7852-107ffef9acae">
      <Execution id="b6229de3-6b9c-4388-910d-3a607bbecdb8" />
      <TestMethod codeBase="C:/Users/SuprDewd/Documents/Projects/SharpBag/SharpBag.Tests/bin/Release/SharpBag.Tests.DLL" adapterTypeName="Microsoft.VisualStudio.TestTools.TestTypes.Unit.UnitTestAdapter, Microsoft.VisualStudio.QualityTools.Tips.UnitTest.Adapter, Version=10.0.0.0, Culture=neutral, PublicKeyToken=b03f5f7f11d50a3a" className="SharpBag.ExtensionsTest, SharpBag.Tests, Version=0.0.0.0, Culture=neutral, PublicKeyToken=null" name="Subarray305" />
    </UnitTest>
    <UnitTest name="Bound01171" storage="c:\users\suprdewd\documents\projects\sharpbag\sharpbag.tests\bin\release\sharpbag.tests.dll" id="2a73a8ee-edb3-255b-de40-e76f0ee6887d">
      <Execution id="87003455-7eea-4529-8831-998db05ea302" />
      <TestMethod codeBase="C:/Users/SuprDewd/Documents/Projects/SharpBag/SharpBag.Tests/bin/Release/SharpBag.Tests.DLL" adapterTypeName="Microsoft.VisualStudio.TestTools.TestTypes.Unit.UnitTestAdapter, Microsoft.VisualStudio.QualityTools.Tips.UnitTest.Adapter, Version=10.0.0.0, Culture=neutral, PublicKeyToken=b03f5f7f11d50a3a" className="SharpBag.Math.MathExtensionsTest, SharpBag.Tests, Version=0.0.0.0, Culture=neutral, PublicKeyToken=null" name="Bound01171" />
    </UnitTest>
    <UnitTest name="GetEntry793" storage="c:\users\suprdewd\documents\projects\sharpbag\sharpbag.tests\bin\release\sharpbag.tests.dll" id="6e33d2cd-b750-0799-4e58-46b5850c6cde">
      <Execution id="21f525af-87ab-4c97-90ac-9494a51acec3" />
      <TestMethod codeBase="C:/Users/SuprDewd/Documents/Projects/SharpBag/SharpBag.Tests/bin/Release/SharpBag.Tests.DLL" adapterTypeName="Microsoft.VisualStudio.TestTools.TestTypes.Unit.UnitTestAdapter, Microsoft.VisualStudio.QualityTools.Tips.UnitTest.Adapter, Version=10.0.0.0, Culture=neutral, PublicKeyToken=b03f5f7f11d50a3a" className="SharpBag.Math.PascalTriangleTest, SharpBag.Tests, Version=0.0.0.0, Culture=neutral, PublicKeyToken=null" name="GetEntry793" />
    </UnitTest>
    <UnitTest name="IfNotNull17304" storage="c:\users\suprdewd\documents\projects\sharpbag\sharpbag.tests\bin\release\sharpbag.tests.dll" id="5d4547ce-a6eb-4a5d-11b5-fd4fb3f2b4c4">
      <Execution id="de3a9314-c626-449a-baa1-5a995e6b1ca9" />
      <TestMethod codeBase="C:/Users/SuprDewd/Documents/Projects/SharpBag/SharpBag.Tests/bin/Release/SharpBag.Tests.DLL" adapterTypeName="Microsoft.VisualStudio.TestTools.TestTypes.Unit.UnitTestAdapter, Microsoft.VisualStudio.QualityTools.Tips.UnitTest.Adapter, Version=10.0.0.0, Culture=neutral, PublicKeyToken=b03f5f7f11d50a3a" className="SharpBag.ExtensionsTest, SharpBag.Tests, Version=0.0.0.0, Culture=neutral, PublicKeyToken=null" name="IfNotNull17304" />
    </UnitTest>
    <UnitTest name="To0488601" storage="c:\users\suprdewd\documents\projects\sharpbag\sharpbag.tests\bin\release\sharpbag.tests.dll" id="bd00057e-88b2-1e9c-846b-ed190ddc5717">
      <Execution id="b7a37a28-29ba-4b7d-a3e8-8a21f626e1bb" />
      <TestMethod codeBase="C:/Users/SuprDewd/Documents/Projects/SharpBag/SharpBag.Tests/bin/Release/SharpBag.Tests.DLL" adapterTypeName="Microsoft.VisualStudio.TestTools.TestTypes.Unit.UnitTestAdapter, Microsoft.VisualStudio.QualityTools.Tips.UnitTest.Adapter, Version=10.0.0.0, Culture=neutral, PublicKeyToken=b03f5f7f11d50a3a" className="SharpBag.ExtensionsTest, SharpBag.Tests, Version=0.0.0.0, Culture=neutral, PublicKeyToken=null" name="To0488601" />
    </UnitTest>
    <UnitTest name="AddThrowsContractException315" storage="c:\users\suprdewd\documents\projects\sharpbag\sharpbag.tests\bin\release\sharpbag.tests.dll" id="3b7492e4-a6c9-f27d-cbcd-b4d711370215">
      <Execution id="48aa8b82-26b3-42b2-a0ce-40b05d78a26d" />
      <TestMethod codeBase="C:/Users/SuprDewd/Documents/Projects/SharpBag/SharpBag.Tests/bin/Release/SharpBag.Tests.DLL" adapterTypeName="Microsoft.VisualStudio.TestTools.TestTypes.Unit.UnitTestAdapter, Microsoft.VisualStudio.QualityTools.Tips.UnitTest.Adapter, Version=10.0.0.0, Culture=neutral, PublicKeyToken=b03f5f7f11d50a3a" className="SharpBag.ExtensionsTest, SharpBag.Tests, Version=0.0.0.0, Culture=neutral, PublicKeyToken=null" name="AddThrowsContractException315" />
    </UnitTest>
    <UnitTest name="As21506" storage="c:\users\suprdewd\documents\projects\sharpbag\sharpbag.tests\bin\release\sharpbag.tests.dll" id="bdf234ab-0f12-2337-9094-2671833caeec">
      <Execution id="330ec67b-c572-459e-94d3-9b28ab0a4357" />
      <TestMethod codeBase="C:/Users/SuprDewd/Documents/Projects/SharpBag/SharpBag.Tests/bin/Release/SharpBag.Tests.DLL" adapterTypeName="Microsoft.VisualStudio.TestTools.TestTypes.Unit.UnitTestAdapter, Microsoft.VisualStudio.QualityTools.Tips.UnitTest.Adapter, Version=10.0.0.0, Culture=neutral, PublicKeyToken=b03f5f7f11d50a3a" className="SharpBag.ExtensionsTest, SharpBag.Tests, Version=0.0.0.0, Culture=neutral, PublicKeyToken=null" name="As21506" />
    </UnitTest>
    <UnitTest name="To02632" storage="c:\users\suprdewd\documents\projects\sharpbag\sharpbag.tests\bin\release\sharpbag.tests.dll" id="31a88d64-bb5b-6217-2758-d493dee381b6">
      <Execution id="882fe0d4-3b38-4a01-bdbc-8cf9a9d7f17b" />
      <TestMethod codeBase="C:/Users/SuprDewd/Documents/Projects/SharpBag/SharpBag.Tests/bin/Release/SharpBag.Tests.DLL" adapterTypeName="Microsoft.VisualStudio.TestTools.TestTypes.Unit.UnitTestAdapter, Microsoft.VisualStudio.QualityTools.Tips.UnitTest.Adapter, Version=10.0.0.0, Culture=neutral, PublicKeyToken=b03f5f7f11d50a3a" className="SharpBag.ExtensionsTest, SharpBag.Tests, Version=0.0.0.0, Culture=neutral, PublicKeyToken=null" name="To02632" />
    </UnitTest>
    <UnitTest name="Bound415" storage="c:\users\suprdewd\documents\projects\sharpbag\sharpbag.tests\bin\release\sharpbag.tests.dll" id="b56ad954-f39f-415d-b4cd-5cf900faebf0">
      <Execution id="90ebe0f6-619e-4f32-9ec7-315315afad52" />
      <TestMethod codeBase="C:/Users/SuprDewd/Documents/Projects/SharpBag/SharpBag.Tests/bin/Release/SharpBag.Tests.DLL" adapterTypeName="Microsoft.VisualStudio.TestTools.TestTypes.Unit.UnitTestAdapter, Microsoft.VisualStudio.QualityTools.Tips.UnitTest.Adapter, Version=10.0.0.0, Culture=neutral, PublicKeyToken=b03f5f7f11d50a3a" className="SharpBag.Math.MathExtensionsTest, SharpBag.Tests, Version=0.0.0.0, Culture=neutral, PublicKeyToken=null" name="Bound415" />
    </UnitTest>
    <UnitTest name="IfNotNull47702" storage="c:\users\suprdewd\documents\projects\sharpbag\sharpbag.tests\bin\release\sharpbag.tests.dll" id="db3b4c9b-bf56-f07b-1edd-3db630376de3">
      <Execution id="df82c4ea-fd02-4ca6-94c6-634100c923cb" />
      <TestMethod codeBase="C:/Users/SuprDewd/Documents/Projects/SharpBag/SharpBag.Tests/bin/Release/SharpBag.Tests.DLL" adapterTypeName="Microsoft.VisualStudio.TestTools.TestTypes.Unit.UnitTestAdapter, Microsoft.VisualStudio.QualityTools.Tips.UnitTest.Adapter, Version=10.0.0.0, Culture=neutral, PublicKeyToken=b03f5f7f11d50a3a" className="SharpBag.ExtensionsTest, SharpBag.Tests, Version=0.0.0.0, Culture=neutral, PublicKeyToken=null" name="IfNotNull47702" />
    </UnitTest>
    <UnitTest name="As0163218" storage="c:\users\suprdewd\documents\projects\sharpbag\sharpbag.tests\bin\release\sharpbag.tests.dll" id="3403c50d-2a71-9a27-1ea8-652ff438ba45">
      <Execution id="7a5c9b86-10bc-490f-a740-29be50d171be" />
      <TestMethod codeBase="C:/Users/SuprDewd/Documents/Projects/SharpBag/SharpBag.Tests/bin/Release/SharpBag.Tests.DLL" adapterTypeName="Microsoft.VisualStudio.TestTools.TestTypes.Unit.UnitTestAdapter, Microsoft.VisualStudio.QualityTools.Tips.UnitTest.Adapter, Version=10.0.0.0, Culture=neutral, PublicKeyToken=b03f5f7f11d50a3a" className="SharpBag.ExtensionsTest, SharpBag.Tests, Version=0.0.0.0, Culture=neutral, PublicKeyToken=null" name="As0163218" />
    </UnitTest>
    <UnitTest name="As0163234" storage="c:\users\suprdewd\documents\projects\sharpbag\sharpbag.tests\bin\release\sharpbag.tests.dll" id="d0140d76-78ce-58b3-2274-c95b28b0ccfb">
      <Execution id="58dbe85a-2c67-48d7-a423-aec74973b35d" />
      <TestMethod codeBase="C:/Users/SuprDewd/Documents/Projects/SharpBag/SharpBag.Tests/bin/Release/SharpBag.Tests.DLL" adapterTypeName="Microsoft.VisualStudio.TestTools.TestTypes.Unit.UnitTestAdapter, Microsoft.VisualStudio.QualityTools.Tips.UnitTest.Adapter, Version=10.0.0.0, Culture=neutral, PublicKeyToken=b03f5f7f11d50a3a" className="SharpBag.ExtensionsTest, SharpBag.Tests, Version=0.0.0.0, Culture=neutral, PublicKeyToken=null" name="As0163234" />
    </UnitTest>
    <UnitTest name="ForEach90804" storage="c:\users\suprdewd\documents\projects\sharpbag\sharpbag.tests\bin\release\sharpbag.tests.dll" id="116e53ad-53cc-1f8c-5eeb-a61eba3cd5e8">
      <Execution id="c13936a8-f7d6-478e-86a5-115873178391" />
      <TestMethod codeBase="C:/Users/SuprDewd/Documents/Projects/SharpBag/SharpBag.Tests/bin/Release/SharpBag.Tests.DLL" adapterTypeName="Microsoft.VisualStudio.TestTools.TestTypes.Unit.UnitTestAdapter, Microsoft.VisualStudio.QualityTools.Tips.UnitTest.Adapter, Version=10.0.0.0, Culture=neutral, PublicKeyToken=b03f5f7f11d50a3a" className="SharpBag.ExtensionsTest, SharpBag.Tests, Version=0.0.0.0, Culture=neutral, PublicKeyToken=null" name="ForEach90804" />
    </UnitTest>
    <UnitTest name="To203" storage="c:\users\suprdewd\documents\projects\sharpbag\sharpbag.tests\bin\release\sharpbag.tests.dll" id="2f442340-39d2-2141-feae-caa93af13693">
      <Execution id="ed21dcc8-085e-40d4-b45b-d4fdaf08e0a1" />
      <TestMethod codeBase="C:/Users/SuprDewd/Documents/Projects/SharpBag/SharpBag.Tests/bin/Release/SharpBag.Tests.DLL" adapterTypeName="Microsoft.VisualStudio.TestTools.TestTypes.Unit.UnitTestAdapter, Microsoft.VisualStudio.QualityTools.Tips.UnitTest.Adapter, Version=10.0.0.0, Culture=neutral, PublicKeyToken=b03f5f7f11d50a3a" className="SharpBag.ExtensionsTest, SharpBag.Tests, Version=0.0.0.0, Culture=neutral, PublicKeyToken=null" name="To203" />
    </UnitTest>
    <UnitTest name="NextStringThrowsContractException707" storage="c:\users\suprdewd\documents\projects\sharpbag\sharpbag.tests\bin\release\sharpbag.tests.dll" id="5d3e9240-0aab-ea59-1a14-d23dae50d829">
      <Execution id="f5e1ddfc-3782-4f9e-b13a-bd68619ca70e" />
      <TestMethod codeBase="C:/Users/SuprDewd/Documents/Projects/SharpBag/SharpBag.Tests/bin/Release/SharpBag.Tests.DLL" adapterTypeName="Microsoft.VisualStudio.TestTools.TestTypes.Unit.UnitTestAdapter, Microsoft.VisualStudio.QualityTools.Tips.UnitTest.Adapter, Version=10.0.0.0, Culture=neutral, PublicKeyToken=b03f5f7f11d50a3a" className="SharpBag.RandomExtensionsTest, SharpBag.Tests, Version=0.0.0.0, Culture=neutral, PublicKeyToken=null" name="NextStringThrowsContractException707" />
    </UnitTest>
    <UnitTest name="GetByPercentThrowsContractException15101" storage="c:\users\suprdewd\documents\projects\sharpbag\sharpbag.tests\bin\release\sharpbag.tests.dll" id="3c579db0-0876-cedf-1e56-2a6de957c366">
      <Execution id="5251e4b8-098e-47a1-991f-cbd340c35a12" />
      <TestMethod codeBase="C:/Users/SuprDewd/Documents/Projects/SharpBag/SharpBag.Tests/bin/Release/SharpBag.Tests.DLL" adapterTypeName="Microsoft.VisualStudio.TestTools.TestTypes.Unit.UnitTestAdapter, Microsoft.VisualStudio.QualityTools.Tips.UnitTest.Adapter, Version=10.0.0.0, Culture=neutral, PublicKeyToken=b03f5f7f11d50a3a" className="SharpBag.ExtensionsTest, SharpBag.Tests, Version=0.0.0.0, Culture=neutral, PublicKeyToken=null" name="GetByPercentThrowsContractException15101" />
    </UnitTest>
    <UnitTest name="GetSubRectangles932" storage="c:\users\suprdewd\documents\projects\sharpbag\sharpbag.tests\bin\release\sharpbag.tests.dll" id="619cbe95-853c-eb3c-526b-15e254b297ac">
      <Execution id="05f08a51-8b3c-478e-8196-41f5a0654467" />
      <TestMethod codeBase="C:/Users/SuprDewd/Documents/Projects/SharpBag/SharpBag.Tests/bin/Release/SharpBag.Tests.DLL" adapterTypeName="Microsoft.VisualStudio.TestTools.TestTypes.Unit.UnitTestAdapter, Microsoft.VisualStudio.QualityTools.Tips.UnitTest.Adapter, Version=10.0.0.0, Culture=neutral, PublicKeyToken=b03f5f7f11d50a3a" className="SharpBag.Media.MediaExtensionsTest, SharpBag.Tests, Version=0.0.0.0, Culture=neutral, PublicKeyToken=null" name="GetSubRectangles932" />
    </UnitTest>
    <UnitTest name="Generate602" storage="c:\users\suprdewd\documents\projects\sharpbag\sharpbag.tests\bin\release\sharpbag.tests.dll" id="ab328c1b-fd51-1dad-6b49-0a3734c2c2e7">
      <Execution id="864a1317-0f29-48f4-8fc8-8f90038d332b" />
      <TestMethod codeBase="C:/Users/SuprDewd/Documents/Projects/SharpBag/SharpBag.Tests/bin/Release/SharpBag.Tests.DLL" adapterTypeName="Microsoft.VisualStudio.TestTools.TestTypes.Unit.UnitTestAdapter, Microsoft.VisualStudio.QualityTools.Tips.UnitTest.Adapter, Version=10.0.0.0, Culture=neutral, PublicKeyToken=b03f5f7f11d50a3a" className="SharpBag.UtilsTest, SharpBag.Tests, Version=0.0.0.0, Culture=neutral, PublicKeyToken=null" name="Generate602" />
    </UnitTest>
    <UnitTest name="As0163211" storage="c:\users\suprdewd\documents\projects\sharpbag\sharpbag.tests\bin\release\sharpbag.tests.dll" id="7206ff03-56a7-ec6c-ffc0-c8679263faa3">
      <Execution id="db5571d2-77b0-4cbf-9ec9-0da2fb1e1dea" />
      <TestMethod codeBase="C:/Users/SuprDewd/Documents/Projects/SharpBag/SharpBag.Tests/bin/Release/SharpBag.Tests.DLL" adapterTypeName="Microsoft.VisualStudio.TestTools.TestTypes.Unit.UnitTestAdapter, Microsoft.VisualStudio.QualityTools.Tips.UnitTest.Adapter, Version=10.0.0.0, Culture=neutral, PublicKeyToken=b03f5f7f11d50a3a" className="SharpBag.ExtensionsTest, SharpBag.Tests, Version=0.0.0.0, Culture=neutral, PublicKeyToken=null" name="As0163211" />
    </UnitTest>
    <UnitTest name="As014" storage="c:\users\suprdewd\documents\projects\sharpbag\sharpbag.tests\bin\release\sharpbag.tests.dll" id="7edd5b56-0f03-8716-c3c8-130b2e422ca5">
      <Execution id="dd3a18da-d101-42ff-810b-2827259f3ab0" />
      <TestMethod codeBase="C:/Users/SuprDewd/Documents/Projects/SharpBag/SharpBag.Tests/bin/Release/SharpBag.Tests.DLL" adapterTypeName="Microsoft.VisualStudio.TestTools.TestTypes.Unit.UnitTestAdapter, Microsoft.VisualStudio.QualityTools.Tips.UnitTest.Adapter, Version=10.0.0.0, Culture=neutral, PublicKeyToken=b03f5f7f11d50a3a" className="SharpBag.ExtensionsTest, SharpBag.Tests, Version=0.0.0.0, Culture=neutral, PublicKeyToken=null" name="As014" />
    </UnitTest>
    <UnitTest name="NullOr90701" storage="c:\users\suprdewd\documents\projects\sharpbag\sharpbag.tests\bin\release\sharpbag.tests.dll" id="4183213a-6645-16c2-af8b-e5bfcf7442d8">
      <Execution id="844edd75-2061-4ea3-bf4b-dc71f1eefc62" />
      <TestMethod codeBase="C:/Users/SuprDewd/Documents/Projects/SharpBag/SharpBag.Tests/bin/Release/SharpBag.Tests.DLL" adapterTypeName="Microsoft.VisualStudio.TestTools.TestTypes.Unit.UnitTestAdapter, Microsoft.VisualStudio.QualityTools.Tips.UnitTest.Adapter, Version=10.0.0.0, Culture=neutral, PublicKeyToken=b03f5f7f11d50a3a" className="SharpBag.ExtensionsTest, SharpBag.Tests, Version=0.0.0.0, Culture=neutral, PublicKeyToken=null" name="NullOr90701" />
    </UnitTest>
    <UnitTest name="ForEach78802" storage="c:\users\suprdewd\documents\projects\sharpbag\sharpbag.tests\bin\release\sharpbag.tests.dll" id="34aa3cd1-c558-0302-e5aa-355d37850848">
      <Execution id="faa62dd1-012b-4582-8473-cc968f4ae1dc" />
      <TestMethod codeBase="C:/Users/SuprDewd/Documents/Projects/SharpBag/SharpBag.Tests/bin/Release/SharpBag.Tests.DLL" adapterTypeName="Microsoft.VisualStudio.TestTools.TestTypes.Unit.UnitTestAdapter, Microsoft.VisualStudio.QualityTools.Tips.UnitTest.Adapter, Version=10.0.0.0, Culture=neutral, PublicKeyToken=b03f5f7f11d50a3a" className="SharpBag.ExtensionsTest, SharpBag.Tests, Version=0.0.0.0, Culture=neutral, PublicKeyToken=null" name="ForEach78802" />
    </UnitTest>
    <UnitTest name="Execute42401" storage="c:\users\suprdewd\documents\projects\sharpbag\sharpbag.tests\bin\release\sharpbag.tests.dll" id="65b9de14-2a45-8bd0-c8b6-6b756e114724">
      <Execution id="b7b4e02b-dc32-49ed-9635-9a23003b6733" />
      <TestMethod codeBase="C:/Users/SuprDewd/Documents/Projects/SharpBag/SharpBag.Tests/bin/Release/SharpBag.Tests.DLL" adapterTypeName="Microsoft.VisualStudio.TestTools.TestTypes.Unit.UnitTestAdapter, Microsoft.VisualStudio.QualityTools.Tips.UnitTest.Adapter, Version=10.0.0.0, Culture=neutral, PublicKeyToken=b03f5f7f11d50a3a" className="SharpBag.ExtensionsTest, SharpBag.Tests, Version=0.0.0.0, Culture=neutral, PublicKeyToken=null" name="Execute42401" />
    </UnitTest>
    <UnitTest name="As21509" storage="c:\users\suprdewd\documents\projects\sharpbag\sharpbag.tests\bin\release\sharpbag.tests.dll" id="7d0a919a-439c-072d-b44b-171c265ca551">
      <Execution id="595ee724-e710-4a4a-be46-70fa4d4b47d9" />
      <TestMethod codeBase="C:/Users/SuprDewd/Documents/Projects/SharpBag/SharpBag.Tests/bin/Release/SharpBag.Tests.DLL" adapterTypeName="Microsoft.VisualStudio.TestTools.TestTypes.Unit.UnitTestAdapter, Microsoft.VisualStudio.QualityTools.Tips.UnitTest.Adapter, Version=10.0.0.0, Culture=neutral, PublicKeyToken=b03f5f7f11d50a3a" className="SharpBag.ExtensionsTest, SharpBag.Tests, Version=0.0.0.0, Culture=neutral, PublicKeyToken=null" name="As21509" />
    </UnitTest>
    <UnitTest name="Fill0157102" storage="c:\users\suprdewd\documents\projects\sharpbag\sharpbag.tests\bin\release\sharpbag.tests.dll" id="80003646-df99-feba-93b2-6a809b884bf6">
      <Execution id="6916f61d-396d-49ee-ae34-9f88a48ce174" />
      <TestMethod codeBase="C:/Users/SuprDewd/Documents/Projects/SharpBag/SharpBag.Tests/bin/Release/SharpBag.Tests.DLL" adapterTypeName="Microsoft.VisualStudio.TestTools.TestTypes.Unit.UnitTestAdapter, Microsoft.VisualStudio.QualityTools.Tips.UnitTest.Adapter, Version=10.0.0.0, Culture=neutral, PublicKeyToken=b03f5f7f11d50a3a" className="SharpBag.ExtensionsTest, SharpBag.Tests, Version=0.0.0.0, Culture=neutral, PublicKeyToken=null" name="Fill0157102" />
    </UnitTest>
    <UnitTest name="As21518" storage="c:\users\suprdewd\documents\projects\sharpbag\sharpbag.tests\bin\release\sharpbag.tests.dll" id="1cdb2f2c-09f6-d6d8-6d16-a0ea90824aba">
      <Execution id="c3c35a66-f6f4-4c89-b2d6-d5b2420097a9" />
      <TestMethod codeBase="C:/Users/SuprDewd/Documents/Projects/SharpBag/SharpBag.Tests/bin/Release/SharpBag.Tests.DLL" adapterTypeName="Microsoft.VisualStudio.TestTools.TestTypes.Unit.UnitTestAdapter, Microsoft.VisualStudio.QualityTools.Tips.UnitTest.Adapter, Version=10.0.0.0, Culture=neutral, PublicKeyToken=b03f5f7f11d50a3a" className="SharpBag.ExtensionsTest, SharpBag.Tests, Version=0.0.0.0, Culture=neutral, PublicKeyToken=null" name="As21518" />
    </UnitTest>
    <UnitTest name="ForEach90801" storage="c:\users\suprdewd\documents\projects\sharpbag\sharpbag.tests\bin\release\sharpbag.tests.dll" id="f51de229-4761-6e36-e9f5-2ae1d5b346f0">
      <Execution id="004973c6-789f-4a42-9db2-107d0beb3e44" />
      <TestMethod codeBase="C:/Users/SuprDewd/Documents/Projects/SharpBag/SharpBag.Tests/bin/Release/SharpBag.Tests.DLL" adapterTypeName="Microsoft.VisualStudio.TestTools.TestTypes.Unit.UnitTestAdapter, Microsoft.VisualStudio.QualityTools.Tips.UnitTest.Adapter, Version=10.0.0.0, Culture=neutral, PublicKeyToken=b03f5f7f11d50a3a" className="SharpBag.ExtensionsTest, SharpBag.Tests, Version=0.0.0.0, Culture=neutral, PublicKeyToken=null" name="ForEach90801" />
    </UnitTest>
    <UnitTest name="NullOrThrowsContractException951" storage="c:\users\suprdewd\documents\projects\sharpbag\sharpbag.tests\bin\release\sharpbag.tests.dll" id="e735690e-b140-3e4d-e258-1945f6f47208">
      <Execution id="f0bd3889-e1bd-4f6c-90ed-79a89365e564" />
      <TestMethod codeBase="C:/Users/SuprDewd/Documents/Projects/SharpBag/SharpBag.Tests/bin/Release/SharpBag.Tests.DLL" adapterTypeName="Microsoft.VisualStudio.TestTools.TestTypes.Unit.UnitTestAdapter, Microsoft.VisualStudio.QualityTools.Tips.UnitTest.Adapter, Version=10.0.0.0, Culture=neutral, PublicKeyToken=b03f5f7f11d50a3a" className="SharpBag.ExtensionsTest, SharpBag.Tests, Version=0.0.0.0, Culture=neutral, PublicKeyToken=null" name="NullOrThrowsContractException951" />
    </UnitTest>
    <UnitTest name="ToString01827" storage="c:\users\suprdewd\documents\projects\sharpbag\sharpbag.tests\bin\release\sharpbag.tests.dll" id="61f7685b-d775-dd59-8bb8-b9d96ff30e56">
      <Execution id="4a90c889-aa4a-441e-b71e-f538477f15e9" />
      <TestMethod codeBase="C:/Users/SuprDewd/Documents/Projects/SharpBag/SharpBag.Tests/bin/Release/SharpBag.Tests.DLL" adapterTypeName="Microsoft.VisualStudio.TestTools.TestTypes.Unit.UnitTestAdapter, Microsoft.VisualStudio.QualityTools.Tips.UnitTest.Adapter, Version=10.0.0.0, Culture=neutral, PublicKeyToken=b03f5f7f11d50a3a" className="SharpBag.Algorithms.PriorityQueueItemTTest, SharpBag.Tests, Version=0.0.0.0, Culture=neutral, PublicKeyToken=null" name="ToString01827" />
    </UnitTest>
    <UnitTest name="ForEach788" storage="c:\users\suprdewd\documents\projects\sharpbag\sharpbag.tests\bin\release\sharpbag.tests.dll" id="81c4858e-2ab2-b121-25c5-9c96ee04a442">
      <Execution id="e0ae8bd4-44fd-4a82-a1e6-8aa902cd2ae1" />
      <TestMethod codeBase="C:/Users/SuprDewd/Documents/Projects/SharpBag/SharpBag.Tests/bin/Release/SharpBag.Tests.DLL" adapterTypeName="Microsoft.VisualStudio.TestTools.TestTypes.Unit.UnitTestAdapter, Microsoft.VisualStudio.QualityTools.Tips.UnitTest.Adapter, Version=10.0.0.0, Culture=neutral, PublicKeyToken=b03f5f7f11d50a3a" className="SharpBag.ExtensionsTest, SharpBag.Tests, Version=0.0.0.0, Culture=neutral, PublicKeyToken=null" name="ForEach788" />
    </UnitTest>
    <UnitTest name="TimesThrowsContractException662" storage="c:\users\suprdewd\documents\projects\sharpbag\sharpbag.tests\bin\release\sharpbag.tests.dll" id="90427aa6-8cf4-b956-2b3f-9546b7107ae7">
      <Execution id="d2185678-ad63-4858-ad38-e57735ee8b2b" />
      <TestMethod codeBase="C:/Users/SuprDewd/Documents/Projects/SharpBag/SharpBag.Tests/bin/Release/SharpBag.Tests.DLL" adapterTypeName="Microsoft.VisualStudio.TestTools.TestTypes.Unit.UnitTestAdapter, Microsoft.VisualStudio.QualityTools.Tips.UnitTest.Adapter, Version=10.0.0.0, Culture=neutral, PublicKeyToken=b03f5f7f11d50a3a" className="SharpBag.ExtensionsTest, SharpBag.Tests, Version=0.0.0.0, Culture=neutral, PublicKeyToken=null" name="TimesThrowsContractException662" />
    </UnitTest>
    <UnitTest name="To03ThrowsContractException968" storage="c:\users\suprdewd\documents\projects\sharpbag\sharpbag.tests\bin\release\sharpbag.tests.dll" id="8f15350a-b612-7c9b-89ff-1e54a29d9340">
      <Execution id="71fc274a-42ef-4891-9526-f2a2b5dde89a" />
      <TestMethod codeBase="C:/Users/SuprDewd/Documents/Projects/SharpBag/SharpBag.Tests/bin/Release/SharpBag.Tests.DLL" adapterTypeName="Microsoft.VisualStudio.TestTools.TestTypes.Unit.UnitTestAdapter, Microsoft.VisualStudio.QualityTools.Tips.UnitTest.Adapter, Version=10.0.0.0, Culture=neutral, PublicKeyToken=b03f5f7f11d50a3a" className="SharpBag.ExtensionsTest, SharpBag.Tests, Version=0.0.0.0, Culture=neutral, PublicKeyToken=null" name="To03ThrowsContractException968" />
    </UnitTest>
    <UnitTest name="Fill0168801" storage="c:\users\suprdewd\documents\projects\sharpbag\sharpbag.tests\bin\release\sharpbag.tests.dll" id="bdf76499-e0f6-3d7b-4432-982ba6c3b223">
      <Execution id="ba299b5d-600c-46d1-9e08-30caba33e4ce" />
      <TestMethod codeBase="C:/Users/SuprDewd/Documents/Projects/SharpBag/SharpBag.Tests/bin/Release/SharpBag.Tests.DLL" adapterTypeName="Microsoft.VisualStudio.TestTools.TestTypes.Unit.UnitTestAdapter, Microsoft.VisualStudio.QualityTools.Tips.UnitTest.Adapter, Version=10.0.0.0, Culture=neutral, PublicKeyToken=b03f5f7f11d50a3a" className="SharpBag.ExtensionsTest, SharpBag.Tests, Version=0.0.0.0, Culture=neutral, PublicKeyToken=null" name="Fill0168801" />
    </UnitTest>
    <UnitTest name="IsIn57001" storage="c:\users\suprdewd\documents\projects\sharpbag\sharpbag.tests\bin\release\sharpbag.tests.dll" id="a088d91d-8d9b-f068-f57f-8d75d960fe62">
      <Execution id="a0e2b17d-7f36-4836-a54c-a6d45d164d3b" />
      <TestMethod codeBase="C:/Users/SuprDewd/Documents/Projects/SharpBag/SharpBag.Tests/bin/Release/SharpBag.Tests.DLL" adapterTypeName="Microsoft.VisualStudio.TestTools.TestTypes.Unit.UnitTestAdapter, Microsoft.VisualStudio.QualityTools.Tips.UnitTest.Adapter, Version=10.0.0.0, Culture=neutral, PublicKeyToken=b03f5f7f11d50a3a" className="SharpBag.ExtensionsTest, SharpBag.Tests, Version=0.0.0.0, Culture=neutral, PublicKeyToken=null" name="IsIn57001" />
    </UnitTest>
    <UnitTest name="CollatzCount01606" storage="c:\users\suprdewd\documents\projects\sharpbag\sharpbag.tests\bin\release\sharpbag.tests.dll" id="3cd79fab-d2b4-f532-5d2a-fc7f89f94523">
      <Execution id="c4bb8623-c6b7-498c-b4c6-2934eac7fdf2" />
      <TestMethod codeBase="C:/Users/SuprDewd/Documents/Projects/SharpBag/SharpBag.Tests/bin/Release/SharpBag.Tests.DLL" adapterTypeName="Microsoft.VisualStudio.TestTools.TestTypes.Unit.UnitTestAdapter, Microsoft.VisualStudio.QualityTools.Tips.UnitTest.Adapter, Version=10.0.0.0, Culture=neutral, PublicKeyToken=b03f5f7f11d50a3a" className="SharpBag.Math.MathExtensionsTest, SharpBag.Tests, Version=0.0.0.0, Culture=neutral, PublicKeyToken=null" name="CollatzCount01606" />
    </UnitTest>
    <UnitTest name="As0163220" storage="c:\users\suprdewd\documents\projects\sharpbag\sharpbag.tests\bin\release\sharpbag.tests.dll" id="e37183df-04ce-aa53-28d5-e792188a2202">
      <Execution id="3fa9c76a-bd95-4c11-a54e-4c7ab32eda57" />
      <TestMethod codeBase="C:/Users/SuprDewd/Documents/Projects/SharpBag/SharpBag.Tests/bin/Release/SharpBag.Tests.DLL" adapterTypeName="Microsoft.VisualStudio.TestTools.TestTypes.Unit.UnitTestAdapter, Microsoft.VisualStudio.QualityTools.Tips.UnitTest.Adapter, Version=10.0.0.0, Culture=neutral, PublicKeyToken=b03f5f7f11d50a3a" className="SharpBag.ExtensionsTest, SharpBag.Tests, Version=0.0.0.0, Culture=neutral, PublicKeyToken=null" name="As0163220" />
    </UnitTest>
    <UnitTest name="GetSubRectangles179" storage="c:\users\suprdewd\documents\projects\sharpbag\sharpbag.tests\bin\release\sharpbag.tests.dll" id="3cd342db-3464-b39f-d797-78a5b44d7bab">
      <Execution id="9bff5f60-4b77-4e89-9abd-247e0fa012fe" />
      <TestMethod codeBase="C:/Users/SuprDewd/Documents/Projects/SharpBag/SharpBag.Tests/bin/Release/SharpBag.Tests.DLL" adapterTypeName="Microsoft.VisualStudio.TestTools.TestTypes.Unit.UnitTestAdapter, Microsoft.VisualStudio.QualityTools.Tips.UnitTest.Adapter, Version=10.0.0.0, Culture=neutral, PublicKeyToken=b03f5f7f11d50a3a" className="SharpBag.Media.MediaExtensionsTest, SharpBag.Tests, Version=0.0.0.0, Culture=neutral, PublicKeyToken=null" name="GetSubRectangles179" />
    </UnitTest>
    <UnitTest name="InvokeIfRequiredThrowsContractException66" storage="c:\users\suprdewd\documents\projects\sharpbag\sharpbag.tests\bin\release\sharpbag.tests.dll" id="c3d3e44f-b8f2-c6c6-6587-83f69e120621">
      <Execution id="da5d9736-2390-4763-9948-7de8caf55f2b" />
      <TestMethod codeBase="C:/Users/SuprDewd/Documents/Projects/SharpBag/SharpBag.Tests/bin/Release/SharpBag.Tests.DLL" adapterTypeName="Microsoft.VisualStudio.TestTools.TestTypes.Unit.UnitTestAdapter, Microsoft.VisualStudio.QualityTools.Tips.UnitTest.Adapter, Version=10.0.0.0, Culture=neutral, PublicKeyToken=b03f5f7f11d50a3a" className="SharpBag.ExtensionsTest, SharpBag.Tests, Version=0.0.0.0, Culture=neutral, PublicKeyToken=null" name="InvokeIfRequiredThrowsContractException66" />
    </UnitTest>
    <UnitTest name="ItemSetThrowsContractException48" storage="c:\users\suprdewd\documents\projects\sharpbag\sharpbag.tests\bin\release\sharpbag.tests.dll" id="a5e95aa9-bc38-31cc-9093-9339a7e10a1b">
      <Execution id="1424ad2e-9e02-459a-b105-f498dd2fd439" />
      <TestMethod codeBase="C:/Users/SuprDewd/Documents/Projects/SharpBag/SharpBag.Tests/bin/Release/SharpBag.Tests.DLL" adapterTypeName="Microsoft.VisualStudio.TestTools.TestTypes.Unit.UnitTestAdapter, Microsoft.VisualStudio.QualityTools.Tips.UnitTest.Adapter, Version=10.0.0.0, Culture=neutral, PublicKeyToken=b03f5f7f11d50a3a" className="SharpBag.Algorithms.PriorityQueueTTest, SharpBag.Tests, Version=0.0.0.0, Culture=neutral, PublicKeyToken=null" name="ItemSetThrowsContractException48" />
    </UnitTest>
    <UnitTest name="As0163236" storage="c:\users\suprdewd\documents\projects\sharpbag\sharpbag.tests\bin\release\sharpbag.tests.dll" id="055e48df-0214-9f4b-ed2b-c5a320ca2c7d">
      <Execution id="78afab3c-e5af-4888-864b-6461842c0c22" />
      <TestMethod codeBase="C:/Users/SuprDewd/Documents/Projects/SharpBag/SharpBag.Tests/bin/Release/SharpBag.Tests.DLL" adapterTypeName="Microsoft.VisualStudio.TestTools.TestTypes.Unit.UnitTestAdapter, Microsoft.VisualStudio.QualityTools.Tips.UnitTest.Adapter, Version=10.0.0.0, Culture=neutral, PublicKeyToken=b03f5f7f11d50a3a" className="SharpBag.ExtensionsTest, SharpBag.Tests, Version=0.0.0.0, Culture=neutral, PublicKeyToken=null" name="As0163236" />
    </UnitTest>
    <UnitTest name="Fill0110504" storage="c:\users\suprdewd\documents\projects\sharpbag\sharpbag.tests\bin\release\sharpbag.tests.dll" id="1c5ab376-6152-4272-31e3-55dc91a07a86">
      <Execution id="0fd7edcd-692c-415b-a79f-ab98a76456ee" />
      <TestMethod codeBase="C:/Users/SuprDewd/Documents/Projects/SharpBag/SharpBag.Tests/bin/Release/SharpBag.Tests.DLL" adapterTypeName="Microsoft.VisualStudio.TestTools.TestTypes.Unit.UnitTestAdapter, Microsoft.VisualStudio.QualityTools.Tips.UnitTest.Adapter, Version=10.0.0.0, Culture=neutral, PublicKeyToken=b03f5f7f11d50a3a" className="SharpBag.ExtensionsTest, SharpBag.Tests, Version=0.0.0.0, Culture=neutral, PublicKeyToken=null" name="Fill0110504" />
    </UnitTest>
    <UnitTest name="CollatzCount01735" storage="c:\users\suprdewd\documents\projects\sharpbag\sharpbag.tests\bin\release\sharpbag.tests.dll" id="a5cd160e-17d6-fbbc-87f0-05f243caef08">
      <Execution id="0e06420a-6d2e-4bde-b6e1-69fb64f86513" />
      <TestMethod codeBase="C:/Users/SuprDewd/Documents/Projects/SharpBag/SharpBag.Tests/bin/Release/SharpBag.Tests.DLL" adapterTypeName="Microsoft.VisualStudio.TestTools.TestTypes.Unit.UnitTestAdapter, Microsoft.VisualStudio.QualityTools.Tips.UnitTest.Adapter, Version=10.0.0.0, Culture=neutral, PublicKeyToken=b03f5f7f11d50a3a" className="SharpBag.Math.MathExtensionsTest, SharpBag.Tests, Version=0.0.0.0, Culture=neutral, PublicKeyToken=null" name="CollatzCount01735" />
    </UnitTest>
    <UnitTest name="WithThrowsContractException374" storage="c:\users\suprdewd\documents\projects\sharpbag\sharpbag.tests\bin\release\sharpbag.tests.dll" id="e18cfbc3-f9cf-311e-f710-177b71a46e6d">
      <Execution id="9f6b21d2-fd85-47dd-b1ce-69c17acc945b" />
      <TestMethod codeBase="C:/Users/SuprDewd/Documents/Projects/SharpBag/SharpBag.Tests/bin/Release/SharpBag.Tests.DLL" adapterTypeName="Microsoft.VisualStudio.TestTools.TestTypes.Unit.UnitTestAdapter, Microsoft.VisualStudio.QualityTools.Tips.UnitTest.Adapter, Version=10.0.0.0, Culture=neutral, PublicKeyToken=b03f5f7f11d50a3a" className="SharpBag.ExtensionsTest, SharpBag.Tests, Version=0.0.0.0, Culture=neutral, PublicKeyToken=null" name="WithThrowsContractException374" />
    </UnitTest>
    <UnitTest name="Shuffle632" storage="c:\users\suprdewd\documents\projects\sharpbag\sharpbag.tests\bin\release\sharpbag.tests.dll" id="60d45e5d-fc73-853e-dfaf-76f19b246053">
      <Execution id="2422c599-ca8a-4b4f-b61b-cf4d5606eb6d" />
      <TestMethod codeBase="C:/Users/SuprDewd/Documents/Projects/SharpBag/SharpBag.Tests/bin/Release/SharpBag.Tests.DLL" adapterTypeName="Microsoft.VisualStudio.TestTools.TestTypes.Unit.UnitTestAdapter, Microsoft.VisualStudio.QualityTools.Tips.UnitTest.Adapter, Version=10.0.0.0, Culture=neutral, PublicKeyToken=b03f5f7f11d50a3a" className="SharpBag.ExtensionsTest, SharpBag.Tests, Version=0.0.0.0, Culture=neutral, PublicKeyToken=null" name="Shuffle632" />
    </UnitTest>
    <UnitTest name="As01401" storage="c:\users\suprdewd\documents\projects\sharpbag\sharpbag.tests\bin\release\sharpbag.tests.dll" id="5b905b9d-179c-2930-2f2f-ad7751aea174">
      <Execution id="786d3788-6316-4435-be95-bb29f8a0b009" />
      <TestMethod codeBase="C:/Users/SuprDewd/Documents/Projects/SharpBag/SharpBag.Tests/bin/Release/SharpBag.Tests.DLL" adapterTypeName="Microsoft.VisualStudio.TestTools.TestTypes.Unit.UnitTestAdapter, Microsoft.VisualStudio.QualityTools.Tips.UnitTest.Adapter, Version=10.0.0.0, Culture=neutral, PublicKeyToken=b03f5f7f11d50a3a" className="SharpBag.ExtensionsTest, SharpBag.Tests, Version=0.0.0.0, Culture=neutral, PublicKeyToken=null" name="As01401" />
    </UnitTest>
    <UnitTest name="As76302" storage="c:\users\suprdewd\documents\projects\sharpbag\sharpbag.tests\bin\release\sharpbag.tests.dll" id="de49d3a3-2439-97c8-e419-0307ce6753c3">
      <Execution id="36827518-f9ea-4d16-9626-7b331bf93758" />
      <TestMethod codeBase="C:/Users/SuprDewd/Documents/Projects/SharpBag/SharpBag.Tests/bin/Release/SharpBag.Tests.DLL" adapterTypeName="Microsoft.VisualStudio.TestTools.TestTypes.Unit.UnitTestAdapter, Microsoft.VisualStudio.QualityTools.Tips.UnitTest.Adapter, Version=10.0.0.0, Culture=neutral, PublicKeyToken=b03f5f7f11d50a3a" className="SharpBag.ExtensionsTest, SharpBag.Tests, Version=0.0.0.0, Culture=neutral, PublicKeyToken=null" name="As76302" />
    </UnitTest>
    <UnitTest name="As0130303" storage="c:\users\suprdewd\documents\projects\sharpbag\sharpbag.tests\bin\release\sharpbag.tests.dll" id="a5088dbd-9f6a-bb83-e64a-07cfd5052c81">
      <Execution id="e7b2a69a-3b1d-4fec-afca-4ffc86aee12a" />
      <TestMethod codeBase="C:/Users/SuprDewd/Documents/Projects/SharpBag/SharpBag.Tests/bin/Release/SharpBag.Tests.DLL" adapterTypeName="Microsoft.VisualStudio.TestTools.TestTypes.Unit.UnitTestAdapter, Microsoft.VisualStudio.QualityTools.Tips.UnitTest.Adapter, Version=10.0.0.0, Culture=neutral, PublicKeyToken=b03f5f7f11d50a3a" className="SharpBag.ExtensionsTest, SharpBag.Tests, Version=0.0.0.0, Culture=neutral, PublicKeyToken=null" name="As0130303" />
    </UnitTest>
    <UnitTest name="As0166404" storage="c:\users\suprdewd\documents\projects\sharpbag\sharpbag.tests\bin\release\sharpbag.tests.dll" id="09abec53-bc8a-0db2-1ff6-28ad5ea0f559">
      <Execution id="a4c4d6db-c564-4030-87ea-5b5866d6fb5f" />
      <TestMethod codeBase="C:/Users/SuprDewd/Documents/Projects/SharpBag/SharpBag.Tests/bin/Release/SharpBag.Tests.DLL" adapterTypeName="Microsoft.VisualStudio.TestTools.TestTypes.Unit.UnitTestAdapter, Microsoft.VisualStudio.QualityTools.Tips.UnitTest.Adapter, Version=10.0.0.0, Culture=neutral, PublicKeyToken=b03f5f7f11d50a3a" className="SharpBag.ExtensionsTest, SharpBag.Tests, Version=0.0.0.0, Culture=neutral, PublicKeyToken=null" name="As0166404" />
    </UnitTest>
    <UnitTest name="As0130301" storage="c:\users\suprdewd\documents\projects\sharpbag\sharpbag.tests\bin\release\sharpbag.tests.dll" id="7a9b0937-239f-a7cc-e1fc-09bbc3508e89">
      <Execution id="6c4f3cc6-3704-44ae-b833-406d04c263a0" />
      <TestMethod codeBase="C:/Users/SuprDewd/Documents/Projects/SharpBag/SharpBag.Tests/bin/Release/SharpBag.Tests.DLL" adapterTypeName="Microsoft.VisualStudio.TestTools.TestTypes.Unit.UnitTestAdapter, Microsoft.VisualStudio.QualityTools.Tips.UnitTest.Adapter, Version=10.0.0.0, Culture=neutral, PublicKeyToken=b03f5f7f11d50a3a" className="SharpBag.ExtensionsTest, SharpBag.Tests, Version=0.0.0.0, Culture=neutral, PublicKeyToken=null" name="As0130301" />
    </UnitTest>
    <UnitTest name="RangeThrowsContractException480" storage="c:\users\suprdewd\documents\projects\sharpbag\sharpbag.tests\bin\release\sharpbag.tests.dll" id="7838b58c-a9ae-e08a-edf4-f9593db060d6">
      <Execution id="13a64eea-b368-46ab-81c1-2da92fc5901b" />
      <TestMethod codeBase="C:/Users/SuprDewd/Documents/Projects/SharpBag/SharpBag.Tests/bin/Release/SharpBag.Tests.DLL" adapterTypeName="Microsoft.VisualStudio.TestTools.TestTypes.Unit.UnitTestAdapter, Microsoft.VisualStudio.QualityTools.Tips.UnitTest.Adapter, Version=10.0.0.0, Culture=neutral, PublicKeyToken=b03f5f7f11d50a3a" className="SharpBag.ExtensionsTest, SharpBag.Tests, Version=0.0.0.0, Culture=neutral, PublicKeyToken=null" name="RangeThrowsContractException480" />
    </UnitTest>
    <UnitTest name="TakeEveryThrowsContractException265" storage="c:\users\suprdewd\documents\projects\sharpbag\sharpbag.tests\bin\release\sharpbag.tests.dll" id="1614cc64-5cbc-b082-cb61-089f874d65b1">
      <Execution id="6d3bb9dc-f939-40bf-acce-cc45bff3c6ed" />
      <TestMethod codeBase="C:/Users/SuprDewd/Documents/Projects/SharpBag/SharpBag.Tests/bin/Release/SharpBag.Tests.DLL" adapterTypeName="Microsoft.VisualStudio.TestTools.TestTypes.Unit.UnitTestAdapter, Microsoft.VisualStudio.QualityTools.Tips.UnitTest.Adapter, Version=10.0.0.0, Culture=neutral, PublicKeyToken=b03f5f7f11d50a3a" className="SharpBag.ExtensionsTest, SharpBag.Tests, Version=0.0.0.0, Culture=neutral, PublicKeyToken=null" name="TakeEveryThrowsContractException265" />
    </UnitTest>
    <UnitTest name="Bound8" storage="c:\users\suprdewd\documents\projects\sharpbag\sharpbag.tests\bin\release\sharpbag.tests.dll" id="c3abe281-9f8b-f567-4c3c-8146a5220784">
      <Execution id="8b4ab14f-64f1-461e-ab19-c99f83a4bb16" />
      <TestMethod codeBase="C:/Users/SuprDewd/Documents/Projects/SharpBag/SharpBag.Tests/bin/Release/SharpBag.Tests.DLL" adapterTypeName="Microsoft.VisualStudio.TestTools.TestTypes.Unit.UnitTestAdapter, Microsoft.VisualStudio.QualityTools.Tips.UnitTest.Adapter, Version=10.0.0.0, Culture=neutral, PublicKeyToken=b03f5f7f11d50a3a" className="SharpBag.Math.MathExtensionsTest, SharpBag.Tests, Version=0.0.0.0, Culture=neutral, PublicKeyToken=null" name="Bound8" />
    </UnitTest>
    <UnitTest name="As0163232" storage="c:\users\suprdewd\documents\projects\sharpbag\sharpbag.tests\bin\release\sharpbag.tests.dll" id="0e90738b-70d8-2788-4a26-d16c8666f6ca">
      <Execution id="54b06786-be98-4349-8bf0-f8e71d1f8e06" />
      <TestMethod codeBase="C:/Users/SuprDewd/Documents/Projects/SharpBag/SharpBag.Tests/bin/Release/SharpBag.Tests.DLL" adapterTypeName="Microsoft.VisualStudio.TestTools.TestTypes.Unit.UnitTestAdapter, Microsoft.VisualStudio.QualityTools.Tips.UnitTest.Adapter, Version=10.0.0.0, Culture=neutral, PublicKeyToken=b03f5f7f11d50a3a" className="SharpBag.ExtensionsTest, SharpBag.Tests, Version=0.0.0.0, Culture=neutral, PublicKeyToken=null" name="As0163232" />
    </UnitTest>
    <UnitTest name="As0166401" storage="c:\users\suprdewd\documents\projects\sharpbag\sharpbag.tests\bin\release\sharpbag.tests.dll" id="2b6a1fd0-ad89-86fe-c32f-c850f3486570">
      <Execution id="efd4fd34-4c1f-4b44-9ba9-268c16dda931" />
      <TestMethod codeBase="C:/Users/SuprDewd/Documents/Projects/SharpBag/SharpBag.Tests/bin/Release/SharpBag.Tests.DLL" adapterTypeName="Microsoft.VisualStudio.TestTools.TestTypes.Unit.UnitTestAdapter, Microsoft.VisualStudio.QualityTools.Tips.UnitTest.Adapter, Version=10.0.0.0, Culture=neutral, PublicKeyToken=b03f5f7f11d50a3a" className="SharpBag.ExtensionsTest, SharpBag.Tests, Version=0.0.0.0, Culture=neutral, PublicKeyToken=null" name="As0166401" />
    </UnitTest>
    <UnitTest name="Add885" storage="c:\users\suprdewd\documents\projects\sharpbag\sharpbag.tests\bin\release\sharpbag.tests.dll" id="8076c83d-2717-5964-7e9d-50cc5e2706b9">
      <Execution id="9ffeb350-3d5d-43ee-93c8-8263dbd689e7" />
      <TestMethod codeBase="C:/Users/SuprDewd/Documents/Projects/SharpBag/SharpBag.Tests/bin/Release/SharpBag.Tests.DLL" adapterTypeName="Microsoft.VisualStudio.TestTools.TestTypes.Unit.UnitTestAdapter, Microsoft.VisualStudio.QualityTools.Tips.UnitTest.Adapter, Version=10.0.0.0, Culture=neutral, PublicKeyToken=b03f5f7f11d50a3a" className="SharpBag.ExtensionsTest, SharpBag.Tests, Version=0.0.0.0, Culture=neutral, PublicKeyToken=null" name="Add885" />
    </UnitTest>
    <UnitTest name="Add296" storage="c:\users\suprdewd\documents\projects\sharpbag\sharpbag.tests\bin\release\sharpbag.tests.dll" id="cf67e106-470b-64ee-b4ec-daf199d3db2f">
      <Execution id="3e4fab1a-ddd7-4099-9de0-4cc7fa9d8cff" />
      <TestMethod codeBase="C:/Users/SuprDewd/Documents/Projects/SharpBag/SharpBag.Tests/bin/Release/SharpBag.Tests.DLL" adapterTypeName="Microsoft.VisualStudio.TestTools.TestTypes.Unit.UnitTestAdapter, Microsoft.VisualStudio.QualityTools.Tips.UnitTest.Adapter, Version=10.0.0.0, Culture=neutral, PublicKeyToken=b03f5f7f11d50a3a" className="SharpBag.ExtensionsTest, SharpBag.Tests, Version=0.0.0.0, Culture=neutral, PublicKeyToken=null" name="Add296" />
    </UnitTest>
    <UnitTest name="AsEnumerable56003" storage="c:\users\suprdewd\documents\projects\sharpbag\sharpbag.tests\bin\release\sharpbag.tests.dll" id="0f614d48-4580-1835-c34d-314b56fdf70c">
      <Execution id="81c0e010-54bb-4d59-a320-a3a70b5f9984" />
      <TestMethod codeBase="C:/Users/SuprDewd/Documents/Projects/SharpBag/SharpBag.Tests/bin/Release/SharpBag.Tests.DLL" adapterTypeName="Microsoft.VisualStudio.TestTools.TestTypes.Unit.UnitTestAdapter, Microsoft.VisualStudio.QualityTools.Tips.UnitTest.Adapter, Version=10.0.0.0, Culture=neutral, PublicKeyToken=b03f5f7f11d50a3a" className="SharpBag.ExtensionsTest, SharpBag.Tests, Version=0.0.0.0, Culture=neutral, PublicKeyToken=null" name="AsEnumerable56003" />
    </UnitTest>
    <UnitTest name="AsEnumerable0258804" storage="c:\users\suprdewd\documents\projects\sharpbag\sharpbag.tests\bin\release\sharpbag.tests.dll" id="c3b85211-1b55-61c6-8d42-782c04048184">
      <Execution id="4af0566e-44d5-4782-a8b9-29f6a57107aa" />
      <TestMethod codeBase="C:/Users/SuprDewd/Documents/Projects/SharpBag/SharpBag.Tests/bin/Release/SharpBag.Tests.DLL" adapterTypeName="Microsoft.VisualStudio.TestTools.TestTypes.Unit.UnitTestAdapter, Microsoft.VisualStudio.QualityTools.Tips.UnitTest.Adapter, Version=10.0.0.0, Culture=neutral, PublicKeyToken=b03f5f7f11d50a3a" className="SharpBag.ExtensionsTest, SharpBag.Tests, Version=0.0.0.0, Culture=neutral, PublicKeyToken=null" name="AsEnumerable0258804" />
    </UnitTest>
    <UnitTest name="As0163216" storage="c:\users\suprdewd\documents\projects\sharpbag\sharpbag.tests\bin\release\sharpbag.tests.dll" id="ee7a26ae-f08b-c1d5-713f-d21139c592b9">
      <Execution id="87ce6ce8-711b-4187-a5a7-f9483f3665be" />
      <TestMethod codeBase="C:/Users/SuprDewd/Documents/Projects/SharpBag/SharpBag.Tests/bin/Release/SharpBag.Tests.DLL" adapterTypeName="Microsoft.VisualStudio.TestTools.TestTypes.Unit.UnitTestAdapter, Microsoft.VisualStudio.QualityTools.Tips.UnitTest.Adapter, Version=10.0.0.0, Culture=neutral, PublicKeyToken=b03f5f7f11d50a3a" className="SharpBag.ExtensionsTest, SharpBag.Tests, Version=0.0.0.0, Culture=neutral, PublicKeyToken=null" name="As0163216" />
    </UnitTest>
    <UnitTest name="InvokeIfRequired01ThrowsContractException171" storage="c:\users\suprdewd\documents\projects\sharpbag\sharpbag.tests\bin\release\sharpbag.tests.dll" id="da1ca9d9-3cf8-19c0-56e3-f6bf27a71cc5">
      <Execution id="b7032866-2a68-44fa-b572-c00405605a39" />
      <TestMethod codeBase="C:/Users/SuprDewd/Documents/Projects/SharpBag/SharpBag.Tests/bin/Release/SharpBag.Tests.DLL" adapterTypeName="Microsoft.VisualStudio.TestTools.TestTypes.Unit.UnitTestAdapter, Microsoft.VisualStudio.QualityTools.Tips.UnitTest.Adapter, Version=10.0.0.0, Culture=neutral, PublicKeyToken=b03f5f7f11d50a3a" className="SharpBag.ExtensionsTest, SharpBag.Tests, Version=0.0.0.0, Culture=neutral, PublicKeyToken=null" name="InvokeIfRequired01ThrowsContractException171" />
    </UnitTest>
    <UnitTest name="NextDoubleThrowsContractException907" storage="c:\users\suprdewd\documents\projects\sharpbag\sharpbag.tests\bin\release\sharpbag.tests.dll" id="9e14e25f-07a5-efe4-0506-4f19b4be256b">
      <Execution id="2f7e917f-fbc2-471f-8837-394c9f99e1da" />
      <TestMethod codeBase="C:/Users/SuprDewd/Documents/Projects/SharpBag/SharpBag.Tests/bin/Release/SharpBag.Tests.DLL" adapterTypeName="Microsoft.VisualStudio.TestTools.TestTypes.Unit.UnitTestAdapter, Microsoft.VisualStudio.QualityTools.Tips.UnitTest.Adapter, Version=10.0.0.0, Culture=neutral, PublicKeyToken=b03f5f7f11d50a3a" className="SharpBag.RandomExtensionsTest, SharpBag.Tests, Version=0.0.0.0, Culture=neutral, PublicKeyToken=null" name="NextDoubleThrowsContractException907" />
    </UnitTest>
    <UnitTest name="Contrast121" storage="c:\users\suprdewd\documents\projects\sharpbag\sharpbag.tests\bin\release\sharpbag.tests.dll" id="aaf3c258-db99-aef3-b307-c0f8c95577a9">
      <Execution id="fe2d9929-efab-405a-8a68-6d715b4b609a" />
      <TestMethod codeBase="C:/Users/SuprDewd/Documents/Projects/SharpBag/SharpBag.Tests/bin/Release/SharpBag.Tests.DLL" adapterTypeName="Microsoft.VisualStudio.TestTools.TestTypes.Unit.UnitTestAdapter, Microsoft.VisualStudio.QualityTools.Tips.UnitTest.Adapter, Version=10.0.0.0, Culture=neutral, PublicKeyToken=b03f5f7f11d50a3a" className="SharpBag.Media.MediaExtensionsTest, SharpBag.Tests, Version=0.0.0.0, Culture=neutral, PublicKeyToken=null" name="Contrast121" />
    </UnitTest>
    <UnitTest name="NullOr71403" storage="c:\users\suprdewd\documents\projects\sharpbag\sharpbag.tests\bin\release\sharpbag.tests.dll" id="fdc59520-9564-0684-d4f9-2091f576f931">
      <Execution id="86fc669b-81f9-46d9-89c5-5af06fd2c291" />
      <TestMethod codeBase="C:/Users/SuprDewd/Documents/Projects/SharpBag/SharpBag.Tests/bin/Release/SharpBag.Tests.DLL" adapterTypeName="Microsoft.VisualStudio.TestTools.TestTypes.Unit.UnitTestAdapter, Microsoft.VisualStudio.QualityTools.Tips.UnitTest.Adapter, Version=10.0.0.0, Culture=neutral, PublicKeyToken=b03f5f7f11d50a3a" className="SharpBag.ExtensionsTest, SharpBag.Tests, Version=0.0.0.0, Culture=neutral, PublicKeyToken=null" name="NullOr71403" />
    </UnitTest>
    <UnitTest name="Fill01571" storage="c:\users\suprdewd\documents\projects\sharpbag\sharpbag.tests\bin\release\sharpbag.tests.dll" id="a9c998c1-d601-9d48-a5aa-e5458f5ccef5">
      <Execution id="1e45cab9-0043-4249-85b8-b81f58c22d60" />
      <TestMethod codeBase="C:/Users/SuprDewd/Documents/Projects/SharpBag/SharpBag.Tests/bin/Release/SharpBag.Tests.DLL" adapterTypeName="Microsoft.VisualStudio.TestTools.TestTypes.Unit.UnitTestAdapter, Microsoft.VisualStudio.QualityTools.Tips.UnitTest.Adapter, Version=10.0.0.0, Culture=neutral, PublicKeyToken=b03f5f7f11d50a3a" className="SharpBag.ExtensionsTest, SharpBag.Tests, Version=0.0.0.0, Culture=neutral, PublicKeyToken=null" name="Fill01571" />
    </UnitTest>
    <UnitTest name="AsEnumerable02ThrowsContractException259" storage="c:\users\suprdewd\documents\projects\sharpbag\sharpbag.tests\bin\release\sharpbag.tests.dll" id="c599e10a-3bce-c00e-5ae7-dc4630cc5522">
      <Execution id="dabfcb4f-65d9-4694-b1bd-6c81f4030357" />
      <TestMethod codeBase="C:/Users/SuprDewd/Documents/Projects/SharpBag/SharpBag.Tests/bin/Release/SharpBag.Tests.DLL" adapterTypeName="Microsoft.VisualStudio.TestTools.TestTypes.Unit.UnitTestAdapter, Microsoft.VisualStudio.QualityTools.Tips.UnitTest.Adapter, Version=10.0.0.0, Culture=neutral, PublicKeyToken=b03f5f7f11d50a3a" className="SharpBag.ExtensionsTest, SharpBag.Tests, Version=0.0.0.0, Culture=neutral, PublicKeyToken=null" name="AsEnumerable02ThrowsContractException259" />
    </UnitTest>
    <UnitTest name="To01637" storage="c:\users\suprdewd\documents\projects\sharpbag\sharpbag.tests\bin\release\sharpbag.tests.dll" id="5514446b-a7eb-a40a-85ab-240a248bba2a">
      <Execution id="99681d3e-d3f9-495e-87be-f511d552c7fb" />
      <TestMethod codeBase="C:/Users/SuprDewd/Documents/Projects/SharpBag/SharpBag.Tests/bin/Release/SharpBag.Tests.DLL" adapterTypeName="Microsoft.VisualStudio.TestTools.TestTypes.Unit.UnitTestAdapter, Microsoft.VisualStudio.QualityTools.Tips.UnitTest.Adapter, Version=10.0.0.0, Culture=neutral, PublicKeyToken=b03f5f7f11d50a3a" className="SharpBag.ExtensionsTest, SharpBag.Tests, Version=0.0.0.0, Culture=neutral, PublicKeyToken=null" name="To01637" />
    </UnitTest>
    <UnitTest name="Shuffle875" storage="c:\users\suprdewd\documents\projects\sharpbag\sharpbag.tests\bin\release\sharpbag.tests.dll" id="7f5b067d-004d-00c6-05f1-6ba4459536c9">
      <Execution id="05b78326-3799-4b45-bf66-2fb7350be7b0" />
      <TestMethod codeBase="C:/Users/SuprDewd/Documents/Projects/SharpBag/SharpBag.Tests/bin/Release/SharpBag.Tests.DLL" adapterTypeName="Microsoft.VisualStudio.TestTools.TestTypes.Unit.UnitTestAdapter, Microsoft.VisualStudio.QualityTools.Tips.UnitTest.Adapter, Version=10.0.0.0, Culture=neutral, PublicKeyToken=b03f5f7f11d50a3a" className="SharpBag.ExtensionsTest, SharpBag.Tests, Version=0.0.0.0, Culture=neutral, PublicKeyToken=null" name="Shuffle875" />
    </UnitTest>
    <UnitTest name="IfNotNull47704" storage="c:\users\suprdewd\documents\projects\sharpbag\sharpbag.tests\bin\release\sharpbag.tests.dll" id="1b50a732-77b4-82a3-8153-f8dad0640018">
      <Execution id="855a008d-f1e8-46f8-b87d-3e3357e0bd4b" />
      <TestMethod codeBase="C:/Users/SuprDewd/Documents/Projects/SharpBag/SharpBag.Tests/bin/Release/SharpBag.Tests.DLL" adapterTypeName="Microsoft.VisualStudio.TestTools.TestTypes.Unit.UnitTestAdapter, Microsoft.VisualStudio.QualityTools.Tips.UnitTest.Adapter, Version=10.0.0.0, Culture=neutral, PublicKeyToken=b03f5f7f11d50a3a" className="SharpBag.ExtensionsTest, SharpBag.Tests, Version=0.0.0.0, Culture=neutral, PublicKeyToken=null" name="IfNotNull47704" />
    </UnitTest>
    <UnitTest name="CreateRectangle621" storage="c:\users\suprdewd\documents\projects\sharpbag\sharpbag.tests\bin\release\sharpbag.tests.dll" id="d11783f8-e784-d3a8-e59d-63f92290584b">
      <Execution id="de809a00-77ad-410a-af88-aa919b38b458" />
      <TestMethod codeBase="C:/Users/SuprDewd/Documents/Projects/SharpBag/SharpBag.Tests/bin/Release/SharpBag.Tests.DLL" adapterTypeName="Microsoft.VisualStudio.TestTools.TestTypes.Unit.UnitTestAdapter, Microsoft.VisualStudio.QualityTools.Tips.UnitTest.Adapter, Version=10.0.0.0, Culture=neutral, PublicKeyToken=b03f5f7f11d50a3a" className="SharpBag.Media.MediaExtensionsTest, SharpBag.Tests, Version=0.0.0.0, Culture=neutral, PublicKeyToken=null" name="CreateRectangle621" />
    </UnitTest>
    <UnitTest name="Contrast768" storage="c:\users\suprdewd\documents\projects\sharpbag\sharpbag.tests\bin\release\sharpbag.tests.dll" id="3141d6f7-4f77-e316-0fab-9f0803c256ce">
      <Execution id="179805d8-ec46-47d0-9568-02cb639704ce" />
      <TestMethod codeBase="C:/Users/SuprDewd/Documents/Projects/SharpBag/SharpBag.Tests/bin/Release/SharpBag.Tests.DLL" adapterTypeName="Microsoft.VisualStudio.TestTools.TestTypes.Unit.UnitTestAdapter, Microsoft.VisualStudio.QualityTools.Tips.UnitTest.Adapter, Version=10.0.0.0, Culture=neutral, PublicKeyToken=b03f5f7f11d50a3a" className="SharpBag.Media.MediaExtensionsTest, SharpBag.Tests, Version=0.0.0.0, Culture=neutral, PublicKeyToken=null" name="Contrast768" />
    </UnitTest>
    <UnitTest name="To01203" storage="c:\users\suprdewd\documents\projects\sharpbag\sharpbag.tests\bin\release\sharpbag.tests.dll" id="1199c9cc-d8e3-0309-8136-cef199801af6">
      <Execution id="1ad60c03-3acc-496a-af29-3690bfffbd19" />
      <TestMethod codeBase="C:/Users/SuprDewd/Documents/Projects/SharpBag/SharpBag.Tests/bin/Release/SharpBag.Tests.DLL" adapterTypeName="Microsoft.VisualStudio.TestTools.TestTypes.Unit.UnitTestAdapter, Microsoft.VisualStudio.QualityTools.Tips.UnitTest.Adapter, Version=10.0.0.0, Culture=neutral, PublicKeyToken=b03f5f7f11d50a3a" className="SharpBag.ExtensionsTest, SharpBag.Tests, Version=0.0.0.0, Culture=neutral, PublicKeyToken=null" name="To01203" />
    </UnitTest>
    <UnitTest name="IsPortFree18" storage="c:\users\suprdewd\documents\projects\sharpbag\sharpbag.tests\bin\release\sharpbag.tests.dll" id="f54b9d87-7e35-d661-8f30-1a09064c130c">
      <Execution id="3011e58a-a131-429c-a669-3d8bf98bdd5d" />
      <TestMethod codeBase="C:/Users/SuprDewd/Documents/Projects/SharpBag/SharpBag.Tests/bin/Release/SharpBag.Tests.DLL" adapterTypeName="Microsoft.VisualStudio.TestTools.TestTypes.Unit.UnitTestAdapter, Microsoft.VisualStudio.QualityTools.Tips.UnitTest.Adapter, Version=10.0.0.0, Culture=neutral, PublicKeyToken=b03f5f7f11d50a3a" className="SharpBag.Net.InternetTest, SharpBag.Tests, Version=0.0.0.0, Culture=neutral, PublicKeyToken=null" name="IsPortFree18" />
    </UnitTest>
    <UnitTest name="As0132109" storage="c:\users\suprdewd\documents\projects\sharpbag\sharpbag.tests\bin\release\sharpbag.tests.dll" id="ea8ee283-08b1-8adf-4aa4-5e76e4a476d8">
      <Execution id="4530495b-e891-4d47-af60-95adb3f56956" />
      <TestMethod codeBase="C:/Users/SuprDewd/Documents/Projects/SharpBag/SharpBag.Tests/bin/Release/SharpBag.Tests.DLL" adapterTypeName="Microsoft.VisualStudio.TestTools.TestTypes.Unit.UnitTestAdapter, Microsoft.VisualStudio.QualityTools.Tips.UnitTest.Adapter, Version=10.0.0.0, Culture=neutral, PublicKeyToken=b03f5f7f11d50a3a" className="SharpBag.ExtensionsTest, SharpBag.Tests, Version=0.0.0.0, Culture=neutral, PublicKeyToken=null" name="As0132109" />
    </UnitTest>
    <UnitTest name="To463" storage="c:\users\suprdewd\documents\projects\sharpbag\sharpbag.tests\bin\release\sharpbag.tests.dll" id="3950117e-1257-8bcc-63aa-35e8e8daf9e2">
      <Execution id="1d1881ae-b01c-4d3b-9050-408e234d2ea1" />
      <TestMethod codeBase="C:/Users/SuprDewd/Documents/Projects/SharpBag/SharpBag.Tests/bin/Release/SharpBag.Tests.DLL" adapterTypeName="Microsoft.VisualStudio.TestTools.TestTypes.Unit.UnitTestAdapter, Microsoft.VisualStudio.QualityTools.Tips.UnitTest.Adapter, Version=10.0.0.0, Culture=neutral, PublicKeyToken=b03f5f7f11d50a3a" className="SharpBag.ExtensionsTest, SharpBag.Tests, Version=0.0.0.0, Culture=neutral, PublicKeyToken=null" name="To463" />
    </UnitTest>
    <UnitTest name="IfNotNull0159702" storage="c:\users\suprdewd\documents\projects\sharpbag\sharpbag.tests\bin\release\sharpbag.tests.dll" id="b086ebe0-6bb0-f4b4-2d74-97b1a10dd517">
      <Execution id="8a3dac17-0ece-4100-830f-70964fbd0624" />
      <TestMethod codeBase="C:/Users/SuprDewd/Documents/Projects/SharpBag/SharpBag.Tests/bin/Release/SharpBag.Tests.DLL" adapterTypeName="Microsoft.VisualStudio.TestTools.TestTypes.Unit.UnitTestAdapter, Microsoft.VisualStudio.QualityTools.Tips.UnitTest.Adapter, Version=10.0.0.0, Culture=neutral, PublicKeyToken=b03f5f7f11d50a3a" className="SharpBag.ExtensionsTest, SharpBag.Tests, Version=0.0.0.0, Culture=neutral, PublicKeyToken=null" name="IfNotNull0159702" />
    </UnitTest>
    <UnitTest name="Fill0168803" storage="c:\users\suprdewd\documents\projects\sharpbag\sharpbag.tests\bin\release\sharpbag.tests.dll" id="70ecef07-25d9-9298-9faa-26825e270b46">
      <Execution id="1446ecac-ea92-45a4-a349-79e4884ab3c0" />
      <TestMethod codeBase="C:/Users/SuprDewd/Documents/Projects/SharpBag/SharpBag.Tests/bin/Release/SharpBag.Tests.DLL" adapterTypeName="Microsoft.VisualStudio.TestTools.TestTypes.Unit.UnitTestAdapter, Microsoft.VisualStudio.QualityTools.Tips.UnitTest.Adapter, Version=10.0.0.0, Culture=neutral, PublicKeyToken=b03f5f7f11d50a3a" className="SharpBag.ExtensionsTest, SharpBag.Tests, Version=0.0.0.0, Culture=neutral, PublicKeyToken=null" name="Fill0168803" />
    </UnitTest>
    <UnitTest name="As01660" storage="c:\users\suprdewd\documents\projects\sharpbag\sharpbag.tests\bin\release\sharpbag.tests.dll" id="0b8785c2-8bd4-a826-60eb-f295a2d7fcb3">
      <Execution id="5f3db92c-7dec-4c00-9a6c-f5e38f8ceb90" />
      <TestMethod codeBase="C:/Users/SuprDewd/Documents/Projects/SharpBag/SharpBag.Tests/bin/Release/SharpBag.Tests.DLL" adapterTypeName="Microsoft.VisualStudio.TestTools.TestTypes.Unit.UnitTestAdapter, Microsoft.VisualStudio.QualityTools.Tips.UnitTest.Adapter, Version=10.0.0.0, Culture=neutral, PublicKeyToken=b03f5f7f11d50a3a" className="SharpBag.ExtensionsTest, SharpBag.Tests, Version=0.0.0.0, Culture=neutral, PublicKeyToken=null" name="As01660" />
    </UnitTest>
    <UnitTest name="As0163221" storage="c:\users\suprdewd\documents\projects\sharpbag\sharpbag.tests\bin\release\sharpbag.tests.dll" id="559ad5fd-9c89-3fab-e602-368a88629e35">
      <Execution id="b46c381f-28c2-4e39-869a-24d8e03061bb" />
      <TestMethod codeBase="C:/Users/SuprDewd/Documents/Projects/SharpBag/SharpBag.Tests/bin/Release/SharpBag.Tests.DLL" adapterTypeName="Microsoft.VisualStudio.TestTools.TestTypes.Unit.UnitTestAdapter, Microsoft.VisualStudio.QualityTools.Tips.UnitTest.Adapter, Version=10.0.0.0, Culture=neutral, PublicKeyToken=b03f5f7f11d50a3a" className="SharpBag.ExtensionsTest, SharpBag.Tests, Version=0.0.0.0, Culture=neutral, PublicKeyToken=null" name="As0163221" />
    </UnitTest>
    <UnitTest name="Add60901" storage="c:\users\suprdewd\documents\projects\sharpbag\sharpbag.tests\bin\release\sharpbag.tests.dll" id="03c88b26-e4eb-d38e-6683-3ac55f8aeeac">
      <Execution id="7fa31bf6-0c85-4ecf-ae55-2f0f1a8689b3" />
      <TestMethod codeBase="C:/Users/SuprDewd/Documents/Projects/SharpBag/SharpBag.Tests/bin/Release/SharpBag.Tests.DLL" adapterTypeName="Microsoft.VisualStudio.TestTools.TestTypes.Unit.UnitTestAdapter, Microsoft.VisualStudio.QualityTools.Tips.UnitTest.Adapter, Version=10.0.0.0, Culture=neutral, PublicKeyToken=b03f5f7f11d50a3a" className="SharpBag.ExtensionsTest, SharpBag.Tests, Version=0.0.0.0, Culture=neutral, PublicKeyToken=null" name="Add60901" />
    </UnitTest>
    <UnitTest name="As0130304" storage="c:\users\suprdewd\documents\projects\sharpbag\sharpbag.tests\bin\release\sharpbag.tests.dll" id="3c1d094b-ca29-adfc-cfcd-77289a3cce3f">
      <Execution id="11545e61-b5a4-4883-959f-510fde0cf062" />
      <TestMethod codeBase="C:/Users/SuprDewd/Documents/Projects/SharpBag/SharpBag.Tests/bin/Release/SharpBag.Tests.DLL" adapterTypeName="Microsoft.VisualStudio.TestTools.TestTypes.Unit.UnitTestAdapter, Microsoft.VisualStudio.QualityTools.Tips.UnitTest.Adapter, Version=10.0.0.0, Culture=neutral, PublicKeyToken=b03f5f7f11d50a3a" className="SharpBag.ExtensionsTest, SharpBag.Tests, Version=0.0.0.0, Culture=neutral, PublicKeyToken=null" name="As0130304" />
    </UnitTest>
    <UnitTest name="As21517" storage="c:\users\suprdewd\documents\projects\sharpbag\sharpbag.tests\bin\release\sharpbag.tests.dll" id="44ddd54b-7a43-e4f9-ebb3-b78badce4585">
      <Execution id="26cb9202-694a-469a-80a7-59c5a0f03c92" />
      <TestMethod codeBase="C:/Users/SuprDewd/Documents/Projects/SharpBag/SharpBag.Tests/bin/Release/SharpBag.Tests.DLL" adapterTypeName="Microsoft.VisualStudio.TestTools.TestTypes.Unit.UnitTestAdapter, Microsoft.VisualStudio.QualityTools.Tips.UnitTest.Adapter, Version=10.0.0.0, Culture=neutral, PublicKeyToken=b03f5f7f11d50a3a" className="SharpBag.ExtensionsTest, SharpBag.Tests, Version=0.0.0.0, Culture=neutral, PublicKeyToken=null" name="As21517" />
    </UnitTest>
    <UnitTest name="CreateRectangleThrowsContractException799" storage="c:\users\suprdewd\documents\projects\sharpbag\sharpbag.tests\bin\release\sharpbag.tests.dll" id="446e633f-49f1-1108-f723-4032f6b7dd87">
      <Execution id="8a55bf57-935c-4f57-a576-d7bb4bac1d13" />
      <TestMethod codeBase="C:/Users/SuprDewd/Documents/Projects/SharpBag/SharpBag.Tests/bin/Release/SharpBag.Tests.DLL" adapterTypeName="Microsoft.VisualStudio.TestTools.TestTypes.Unit.UnitTestAdapter, Microsoft.VisualStudio.QualityTools.Tips.UnitTest.Adapter, Version=10.0.0.0, Culture=neutral, PublicKeyToken=b03f5f7f11d50a3a" className="SharpBag.Media.MediaExtensionsTest, SharpBag.Tests, Version=0.0.0.0, Culture=neutral, PublicKeyToken=null" name="CreateRectangleThrowsContractException799" />
    </UnitTest>
    <UnitTest name="Add29601" storage="c:\users\suprdewd\documents\projects\sharpbag\sharpbag.tests\bin\release\sharpbag.tests.dll" id="29e140f3-0b7d-028a-f85f-e65d5e7a4460">
      <Execution id="a788c54e-f0af-4821-bdd8-9de0e54bf03b" />
      <TestMethod codeBase="C:/Users/SuprDewd/Documents/Projects/SharpBag/SharpBag.Tests/bin/Release/SharpBag.Tests.DLL" adapterTypeName="Microsoft.VisualStudio.TestTools.TestTypes.Unit.UnitTestAdapter, Microsoft.VisualStudio.QualityTools.Tips.UnitTest.Adapter, Version=10.0.0.0, Culture=neutral, PublicKeyToken=b03f5f7f11d50a3a" className="SharpBag.ExtensionsTest, SharpBag.Tests, Version=0.0.0.0, Culture=neutral, PublicKeyToken=null" name="Add29601" />
    </UnitTest>
    <UnitTest name="Iter96004" storage="c:\users\suprdewd\documents\projects\sharpbag\sharpbag.tests\bin\release\sharpbag.tests.dll" id="7a965cd2-e1cf-8636-b94b-9bb1e4688fd0">
      <Execution id="03ac4ae6-2063-43f5-81b3-f9fada77cfcd" />
      <TestMethod codeBase="C:/Users/SuprDewd/Documents/Projects/SharpBag/SharpBag.Tests/bin/Release/SharpBag.Tests.DLL" adapterTypeName="Microsoft.VisualStudio.TestTools.TestTypes.Unit.UnitTestAdapter, Microsoft.VisualStudio.QualityTools.Tips.UnitTest.Adapter, Version=10.0.0.0, Culture=neutral, PublicKeyToken=b03f5f7f11d50a3a" className="SharpBag.ExtensionsTest, SharpBag.Tests, Version=0.0.0.0, Culture=neutral, PublicKeyToken=null" name="Iter96004" />
    </UnitTest>
    <UnitTest name="Is37301" storage="c:\users\suprdewd\documents\projects\sharpbag\sharpbag.tests\bin\release\sharpbag.tests.dll" id="afb4669b-127e-65f4-0cb0-0f6806edc499">
      <Execution id="534a346c-a13e-49ff-8d59-2b8d17de8cfa" />
      <TestMethod codeBase="C:/Users/SuprDewd/Documents/Projects/SharpBag/SharpBag.Tests/bin/Release/SharpBag.Tests.DLL" adapterTypeName="Microsoft.VisualStudio.TestTools.TestTypes.Unit.UnitTestAdapter, Microsoft.VisualStudio.QualityTools.Tips.UnitTest.Adapter, Version=10.0.0.0, Culture=neutral, PublicKeyToken=b03f5f7f11d50a3a" className="SharpBag.ExtensionsTest, SharpBag.Tests, Version=0.0.0.0, Culture=neutral, PublicKeyToken=null" name="Is37301" />
    </UnitTest>
    <UnitTest name="ItemGetThrowsContractException130" storage="c:\users\suprdewd\documents\projects\sharpbag\sharpbag.tests\bin\release\sharpbag.tests.dll" id="5fdc84ef-63cf-5a14-fe7e-7e23560c2d19">
      <Execution id="c0ab4860-0c6a-414a-89cc-604d231ccea5" />
      <TestMethod codeBase="C:/Users/SuprDewd/Documents/Projects/SharpBag/SharpBag.Tests/bin/Release/SharpBag.Tests.DLL" adapterTypeName="Microsoft.VisualStudio.TestTools.TestTypes.Unit.UnitTestAdapter, Microsoft.VisualStudio.QualityTools.Tips.UnitTest.Adapter, Version=10.0.0.0, Culture=neutral, PublicKeyToken=b03f5f7f11d50a3a" className="SharpBag.Algorithms.PriorityQueueTTest, SharpBag.Tests, Version=0.0.0.0, Culture=neutral, PublicKeyToken=null" name="ItemGetThrowsContractException130" />
    </UnitTest>
    <UnitTest name="As0132101" storage="c:\users\suprdewd\documents\projects\sharpbag\sharpbag.tests\bin\release\sharpbag.tests.dll" id="f4332708-2d9b-652b-a920-66192f9cdfaf">
      <Execution id="60f5dbed-cebd-4ce4-bea1-d0eab45e8a1b" />
      <TestMethod codeBase="C:/Users/SuprDewd/Documents/Projects/SharpBag/SharpBag.Tests/bin/Release/SharpBag.Tests.DLL" adapterTypeName="Microsoft.VisualStudio.TestTools.TestTypes.Unit.UnitTestAdapter, Microsoft.VisualStudio.QualityTools.Tips.UnitTest.Adapter, Version=10.0.0.0, Culture=neutral, PublicKeyToken=b03f5f7f11d50a3a" className="SharpBag.ExtensionsTest, SharpBag.Tests, Version=0.0.0.0, Culture=neutral, PublicKeyToken=null" name="As0132101" />
    </UnitTest>
    <UnitTest name="IfNotNull17301" storage="c:\users\suprdewd\documents\projects\sharpbag\sharpbag.tests\bin\release\sharpbag.tests.dll" id="fdc6582f-0eab-5f36-d160-7547a6de5dbb">
      <Execution id="50edc21c-f848-41fd-a7b2-fa6cce252410" />
      <TestMethod codeBase="C:/Users/SuprDewd/Documents/Projects/SharpBag/SharpBag.Tests/bin/Release/SharpBag.Tests.DLL" adapterTypeName="Microsoft.VisualStudio.TestTools.TestTypes.Unit.UnitTestAdapter, Microsoft.VisualStudio.QualityTools.Tips.UnitTest.Adapter, Version=10.0.0.0, Culture=neutral, PublicKeyToken=b03f5f7f11d50a3a" className="SharpBag.ExtensionsTest, SharpBag.Tests, Version=0.0.0.0, Culture=neutral, PublicKeyToken=null" name="IfNotNull17301" />
    </UnitTest>
    <UnitTest name="ForEachThrowsContractException904" storage="c:\users\suprdewd\documents\projects\sharpbag\sharpbag.tests\bin\release\sharpbag.tests.dll" id="aef19ea6-eb47-a1be-032c-8930cda21d9c">
      <Execution id="5cf7dc09-a798-44c1-b8ea-e6a482503935" />
      <TestMethod codeBase="C:/Users/SuprDewd/Documents/Projects/SharpBag/SharpBag.Tests/bin/Release/SharpBag.Tests.DLL" adapterTypeName="Microsoft.VisualStudio.TestTools.TestTypes.Unit.UnitTestAdapter, Microsoft.VisualStudio.QualityTools.Tips.UnitTest.Adapter, Version=10.0.0.0, Culture=neutral, PublicKeyToken=b03f5f7f11d50a3a" className="SharpBag.ExtensionsTest, SharpBag.Tests, Version=0.0.0.0, Culture=neutral, PublicKeyToken=null" name="ForEachThrowsContractException904" />
    </UnitTest>
    <UnitTest name="Iter96001" storage="c:\users\suprdewd\documents\projects\sharpbag\sharpbag.tests\bin\release\sharpbag.tests.dll" id="5f6c8af1-2825-3c27-b802-e1be0e1eeb12">
      <Execution id="474e020c-7cdb-4f74-934c-b271d60f656f" />
      <TestMethod codeBase="C:/Users/SuprDewd/Documents/Projects/SharpBag/SharpBag.Tests/bin/Release/SharpBag.Tests.DLL" adapterTypeName="Microsoft.VisualStudio.TestTools.TestTypes.Unit.UnitTestAdapter, Microsoft.VisualStudio.QualityTools.Tips.UnitTest.Adapter, Version=10.0.0.0, Culture=neutral, PublicKeyToken=b03f5f7f11d50a3a" className="SharpBag.ExtensionsTest, SharpBag.Tests, Version=0.0.0.0, Culture=neutral, PublicKeyToken=null" name="Iter96001" />
    </UnitTest>
    <UnitTest name="NullOr71402" storage="c:\users\suprdewd\documents\projects\sharpbag\sharpbag.tests\bin\release\sharpbag.tests.dll" id="56fc1a57-6e5c-088b-8f95-88d9f697c097">
      <Execution id="7f6bb722-b279-4918-9006-a9b46ac0e3ec" />
      <TestMethod codeBase="C:/Users/SuprDewd/Documents/Projects/SharpBag/SharpBag.Tests/bin/Release/SharpBag.Tests.DLL" adapterTypeName="Microsoft.VisualStudio.TestTools.TestTypes.Unit.UnitTestAdapter, Microsoft.VisualStudio.QualityTools.Tips.UnitTest.Adapter, Version=10.0.0.0, Culture=neutral, PublicKeyToken=b03f5f7f11d50a3a" className="SharpBag.ExtensionsTest, SharpBag.Tests, Version=0.0.0.0, Culture=neutral, PublicKeyToken=null" name="NullOr71402" />
    </UnitTest>
    <UnitTest name="To01463" storage="c:\users\suprdewd\documents\projects\sharpbag\sharpbag.tests\bin\release\sharpbag.tests.dll" id="be4a640d-264d-b6fa-ba99-6f190c20c0bb">
      <Execution id="f4723dad-950c-4ae6-92ff-742e1c1c6c2d" />
      <TestMethod codeBase="C:/Users/SuprDewd/Documents/Projects/SharpBag/SharpBag.Tests/bin/Release/SharpBag.Tests.DLL" adapterTypeName="Microsoft.VisualStudio.TestTools.TestTypes.Unit.UnitTestAdapter, Microsoft.VisualStudio.QualityTools.Tips.UnitTest.Adapter, Version=10.0.0.0, Culture=neutral, PublicKeyToken=b03f5f7f11d50a3a" className="SharpBag.ExtensionsTest, SharpBag.Tests, Version=0.0.0.0, Culture=neutral, PublicKeyToken=null" name="To01463" />
    </UnitTest>
    <UnitTest name="Add60902" storage="c:\users\suprdewd\documents\projects\sharpbag\sharpbag.tests\bin\release\sharpbag.tests.dll" id="22fb3f0c-8177-2102-3c97-5cd124eaf953">
      <Execution id="0456bf5e-020b-4416-93c2-d29404c33047" />
      <TestMethod codeBase="C:/Users/SuprDewd/Documents/Projects/SharpBag/SharpBag.Tests/bin/Release/SharpBag.Tests.DLL" adapterTypeName="Microsoft.VisualStudio.TestTools.TestTypes.Unit.UnitTestAdapter, Microsoft.VisualStudio.QualityTools.Tips.UnitTest.Adapter, Version=10.0.0.0, Culture=neutral, PublicKeyToken=b03f5f7f11d50a3a" className="SharpBag.ExtensionsTest, SharpBag.Tests, Version=0.0.0.0, Culture=neutral, PublicKeyToken=null" name="Add60902" />
    </UnitTest>
    <UnitTest name="As0163235" storage="c:\users\suprdewd\documents\projects\sharpbag\sharpbag.tests\bin\release\sharpbag.tests.dll" id="c0b049d8-5af1-212d-f646-b9a7aa76e7aa">
      <Execution id="ba53d947-dea0-4ea9-a824-797064049fb5" />
      <TestMethod codeBase="C:/Users/SuprDewd/Documents/Projects/SharpBag/SharpBag.Tests/bin/Release/SharpBag.Tests.DLL" adapterTypeName="Microsoft.VisualStudio.TestTools.TestTypes.Unit.UnitTestAdapter, Microsoft.VisualStudio.QualityTools.Tips.UnitTest.Adapter, Version=10.0.0.0, Culture=neutral, PublicKeyToken=b03f5f7f11d50a3a" className="SharpBag.ExtensionsTest, SharpBag.Tests, Version=0.0.0.0, Culture=neutral, PublicKeyToken=null" name="As0163235" />
    </UnitTest>
    <UnitTest name="Range37701" storage="c:\users\suprdewd\documents\projects\sharpbag\sharpbag.tests\bin\release\sharpbag.tests.dll" id="6e515a95-0960-03b8-e29e-884fc5feaace">
      <Execution id="024fa549-481e-4058-96d5-1eea88876c8d" />
      <TestMethod codeBase="C:/Users/SuprDewd/Documents/Projects/SharpBag/SharpBag.Tests/bin/Release/SharpBag.Tests.DLL" adapterTypeName="Microsoft.VisualStudio.TestTools.TestTypes.Unit.UnitTestAdapter, Microsoft.VisualStudio.QualityTools.Tips.UnitTest.Adapter, Version=10.0.0.0, Culture=neutral, PublicKeyToken=b03f5f7f11d50a3a" className="SharpBag.ExtensionsTest, SharpBag.Tests, Version=0.0.0.0, Culture=neutral, PublicKeyToken=null" name="Range37701" />
    </UnitTest>
    <UnitTest name="Add60904" storage="c:\users\suprdewd\documents\projects\sharpbag\sharpbag.tests\bin\release\sharpbag.tests.dll" id="1cb6fca5-5cbd-75cb-cfee-a358b8315906">
      <Execution id="4355c2b1-837b-4f7e-bf67-8161a1bc2eb4" />
      <TestMethod codeBase="C:/Users/SuprDewd/Documents/Projects/SharpBag/SharpBag.Tests/bin/Release/SharpBag.Tests.DLL" adapterTypeName="Microsoft.VisualStudio.TestTools.TestTypes.Unit.UnitTestAdapter, Microsoft.VisualStudio.QualityTools.Tips.UnitTest.Adapter, Version=10.0.0.0, Culture=neutral, PublicKeyToken=b03f5f7f11d50a3a" className="SharpBag.ExtensionsTest, SharpBag.Tests, Version=0.0.0.0, Culture=neutral, PublicKeyToken=null" name="Add60904" />
    </UnitTest>
    <UnitTest name="IsIn013401" storage="c:\users\suprdewd\documents\projects\sharpbag\sharpbag.tests\bin\release\sharpbag.tests.dll" id="8dcb0d05-7109-cf52-51f6-fed4c83d2c47">
      <Execution id="bf0b0ad5-e1a3-4a1e-a21f-84fee77955f9" />
      <TestMethod codeBase="C:/Users/SuprDewd/Documents/Projects/SharpBag/SharpBag.Tests/bin/Release/SharpBag.Tests.DLL" adapterTypeName="Microsoft.VisualStudio.TestTools.TestTypes.Unit.UnitTestAdapter, Microsoft.VisualStudio.QualityTools.Tips.UnitTest.Adapter, Version=10.0.0.0, Culture=neutral, PublicKeyToken=b03f5f7f11d50a3a" className="SharpBag.ExtensionsTest, SharpBag.Tests, Version=0.0.0.0, Culture=neutral, PublicKeyToken=null" name="IsIn013401" />
    </UnitTest>
    <UnitTest name="ForEach90802" storage="c:\users\suprdewd\documents\projects\sharpbag\sharpbag.tests\bin\release\sharpbag.tests.dll" id="1903a639-b5d9-1b4f-9c30-0405b15e8f12">
      <Execution id="cec09539-b3e9-4e80-95dd-4d484e83629f" />
      <TestMethod codeBase="C:/Users/SuprDewd/Documents/Projects/SharpBag/SharpBag.Tests/bin/Release/SharpBag.Tests.DLL" adapterTypeName="Microsoft.VisualStudio.TestTools.TestTypes.Unit.UnitTestAdapter, Microsoft.VisualStudio.QualityTools.Tips.UnitTest.Adapter, Version=10.0.0.0, Culture=neutral, PublicKeyToken=b03f5f7f11d50a3a" className="SharpBag.ExtensionsTest, SharpBag.Tests, Version=0.0.0.0, Culture=neutral, PublicKeyToken=null" name="ForEach90802" />
    </UnitTest>
    <UnitTest name="To04ThrowsContractException193" storage="c:\users\suprdewd\documents\projects\sharpbag\sharpbag.tests\bin\release\sharpbag.tests.dll" id="3ca3afbe-4155-3a78-1581-d034645ac0e9">
      <Execution id="1554b964-f82c-4131-a3d9-5f8f2697561d" />
      <TestMethod codeBase="C:/Users/SuprDewd/Documents/Projects/SharpBag/SharpBag.Tests/bin/Release/SharpBag.Tests.DLL" adapterTypeName="Microsoft.VisualStudio.TestTools.TestTypes.Unit.UnitTestAdapter, Microsoft.VisualStudio.QualityTools.Tips.UnitTest.Adapter, Version=10.0.0.0, Culture=neutral, PublicKeyToken=b03f5f7f11d50a3a" className="SharpBag.ExtensionsTest, SharpBag.Tests, Version=0.0.0.0, Culture=neutral, PublicKeyToken=null" name="To04ThrowsContractException193" />
    </UnitTest>
    <UnitTest name="AsEnumerable56001" storage="c:\users\suprdewd\documents\projects\sharpbag\sharpbag.tests\bin\release\sharpbag.tests.dll" id="583a3c4e-73f0-f6e0-0816-cbe45229841d">
      <Execution id="ded4bd8d-89b0-4f29-8631-45432e61d80a" />
      <TestMethod codeBase="C:/Users/SuprDewd/Documents/Projects/SharpBag/SharpBag.Tests/bin/Release/SharpBag.Tests.DLL" adapterTypeName="Microsoft.VisualStudio.TestTools.TestTypes.Unit.UnitTestAdapter, Microsoft.VisualStudio.QualityTools.Tips.UnitTest.Adapter, Version=10.0.0.0, Culture=neutral, PublicKeyToken=b03f5f7f11d50a3a" className="SharpBag.ExtensionsTest, SharpBag.Tests, Version=0.0.0.0, Culture=neutral, PublicKeyToken=null" name="AsEnumerable56001" />
    </UnitTest>
    <UnitTest name="Subarray142" storage="c:\users\suprdewd\documents\projects\sharpbag\sharpbag.tests\bin\release\sharpbag.tests.dll" id="6ea29e89-2e15-126e-eecf-3f7b211c52eb">
      <Execution id="bb25afd7-7043-466c-b2ed-aca500adfc0a" />
      <TestMethod codeBase="C:/Users/SuprDewd/Documents/Projects/SharpBag/SharpBag.Tests/bin/Release/SharpBag.Tests.DLL" adapterTypeName="Microsoft.VisualStudio.TestTools.TestTypes.Unit.UnitTestAdapter, Microsoft.VisualStudio.QualityTools.Tips.UnitTest.Adapter, Version=10.0.0.0, Culture=neutral, PublicKeyToken=b03f5f7f11d50a3a" className="SharpBag.ExtensionsTest, SharpBag.Tests, Version=0.0.0.0, Culture=neutral, PublicKeyToken=null" name="Subarray142" />
    </UnitTest>
    <UnitTest name="GetByPercentThrowsContractException730" storage="c:\users\suprdewd\documents\projects\sharpbag\sharpbag.tests\bin\release\sharpbag.tests.dll" id="1e0ca069-996e-4bc0-6164-74e9ee8107ac">
      <Execution id="c9b4395d-4f20-437c-ae41-c9ae074a1fa6" />
      <TestMethod codeBase="C:/Users/SuprDewd/Documents/Projects/SharpBag/SharpBag.Tests/bin/Release/SharpBag.Tests.DLL" adapterTypeName="Microsoft.VisualStudio.TestTools.TestTypes.Unit.UnitTestAdapter, Microsoft.VisualStudio.QualityTools.Tips.UnitTest.Adapter, Version=10.0.0.0, Culture=neutral, PublicKeyToken=b03f5f7f11d50a3a" className="SharpBag.ExtensionsTest, SharpBag.Tests, Version=0.0.0.0, Culture=neutral, PublicKeyToken=null" name="GetByPercentThrowsContractException730" />
    </UnitTest>
    <UnitTest name="ForEach12502" storage="c:\users\suprdewd\documents\projects\sharpbag\sharpbag.tests\bin\release\sharpbag.tests.dll" id="f5f02455-4aef-8763-5044-dc094bc64ba2">
      <Execution id="acc9e0d4-4fad-456e-94c0-d07318c64b40" />
      <TestMethod codeBase="C:/Users/SuprDewd/Documents/Projects/SharpBag/SharpBag.Tests/bin/Release/SharpBag.Tests.DLL" adapterTypeName="Microsoft.VisualStudio.TestTools.TestTypes.Unit.UnitTestAdapter, Microsoft.VisualStudio.QualityTools.Tips.UnitTest.Adapter, Version=10.0.0.0, Culture=neutral, PublicKeyToken=b03f5f7f11d50a3a" className="SharpBag.ExtensionsTest, SharpBag.Tests, Version=0.0.0.0, Culture=neutral, PublicKeyToken=null" name="ForEach12502" />
    </UnitTest>
    <UnitTest name="Add29602" storage="c:\users\suprdewd\documents\projects\sharpbag\sharpbag.tests\bin\release\sharpbag.tests.dll" id="d820847a-a64d-718b-5774-4886058277c3">
      <Execution id="851087a9-309e-4e72-aae5-d5a79339de9d" />
      <TestMethod codeBase="C:/Users/SuprDewd/Documents/Projects/SharpBag/SharpBag.Tests/bin/Release/SharpBag.Tests.DLL" adapterTypeName="Microsoft.VisualStudio.TestTools.TestTypes.Unit.UnitTestAdapter, Microsoft.VisualStudio.QualityTools.Tips.UnitTest.Adapter, Version=10.0.0.0, Culture=neutral, PublicKeyToken=b03f5f7f11d50a3a" className="SharpBag.ExtensionsTest, SharpBag.Tests, Version=0.0.0.0, Culture=neutral, PublicKeyToken=null" name="Add29602" />
    </UnitTest>
    <UnitTest name="If7901" storage="c:\users\suprdewd\documents\projects\sharpbag\sharpbag.tests\bin\release\sharpbag.tests.dll" id="54a905e4-23d3-6e8d-704d-1df818e276e2">
      <Execution id="87a3ce94-f124-47ba-8244-edd378013982" />
      <TestMethod codeBase="C:/Users/SuprDewd/Documents/Projects/SharpBag/SharpBag.Tests/bin/Release/SharpBag.Tests.DLL" adapterTypeName="Microsoft.VisualStudio.TestTools.TestTypes.Unit.UnitTestAdapter, Microsoft.VisualStudio.QualityTools.Tips.UnitTest.Adapter, Version=10.0.0.0, Culture=neutral, PublicKeyToken=b03f5f7f11d50a3a" className="SharpBag.ExtensionsTest, SharpBag.Tests, Version=0.0.0.0, Culture=neutral, PublicKeyToken=null" name="If7901" />
    </UnitTest>
    <UnitTest name="Fill01688" storage="c:\users\suprdewd\documents\projects\sharpbag\sharpbag.tests\bin\release\sharpbag.tests.dll" id="d400fa75-dd71-d01b-c6b4-e354835a9d50">
      <Execution id="879632fd-3ebb-4091-a404-3536414daeeb" />
      <TestMethod codeBase="C:/Users/SuprDewd/Documents/Projects/SharpBag/SharpBag.Tests/bin/Release/SharpBag.Tests.DLL" adapterTypeName="Microsoft.VisualStudio.TestTools.TestTypes.Unit.UnitTestAdapter, Microsoft.VisualStudio.QualityTools.Tips.UnitTest.Adapter, Version=10.0.0.0, Culture=neutral, PublicKeyToken=b03f5f7f11d50a3a" className="SharpBag.ExtensionsTest, SharpBag.Tests, Version=0.0.0.0, Culture=neutral, PublicKeyToken=null" name="Fill01688" />
    </UnitTest>
    <UnitTest name="EmptyIfNull57401" storage="c:\users\suprdewd\documents\projects\sharpbag\sharpbag.tests\bin\release\sharpbag.tests.dll" id="b617e732-b927-e82d-9cd2-abc14274c2cd">
      <Execution id="2fa5a448-f682-4950-8da7-8dfcfc2758e9" />
      <TestMethod codeBase="C:/Users/SuprDewd/Documents/Projects/SharpBag/SharpBag.Tests/bin/Release/SharpBag.Tests.DLL" adapterTypeName="Microsoft.VisualStudio.TestTools.TestTypes.Unit.UnitTestAdapter, Microsoft.VisualStudio.QualityTools.Tips.UnitTest.Adapter, Version=10.0.0.0, Culture=neutral, PublicKeyToken=b03f5f7f11d50a3a" className="SharpBag.ExtensionsTest, SharpBag.Tests, Version=0.0.0.0, Culture=neutral, PublicKeyToken=null" name="EmptyIfNull57401" />
    </UnitTest>
    <UnitTest name="AsEnumerable0314801" storage="c:\users\suprdewd\documents\projects\sharpbag\sharpbag.tests\bin\release\sharpbag.tests.dll" id="73dedb08-3777-9f76-6412-b3470bb8b574">
      <Execution id="38118cb3-a708-4c96-b999-c9ebd15d60d0" />
      <TestMethod codeBase="C:/Users/SuprDewd/Documents/Projects/SharpBag/SharpBag.Tests/bin/Release/SharpBag.Tests.DLL" adapterTypeName="Microsoft.VisualStudio.TestTools.TestTypes.Unit.UnitTestAdapter, Microsoft.VisualStudio.QualityTools.Tips.UnitTest.Adapter, Version=10.0.0.0, Culture=neutral, PublicKeyToken=b03f5f7f11d50a3a" className="SharpBag.ExtensionsTest, SharpBag.Tests, Version=0.0.0.0, Culture=neutral, PublicKeyToken=null" name="AsEnumerable0314801" />
    </UnitTest>
    <UnitTest name="As0163205" storage="c:\users\suprdewd\documents\projects\sharpbag\sharpbag.tests\bin\release\sharpbag.tests.dll" id="48745f52-01da-5495-8edc-495e0a033ca1">
      <Execution id="82bcf7ea-0773-4b8d-9838-8e3e35b8f2c1" />
      <TestMethod codeBase="C:/Users/SuprDewd/Documents/Projects/SharpBag/SharpBag.Tests/bin/Release/SharpBag.Tests.DLL" adapterTypeName="Microsoft.VisualStudio.TestTools.TestTypes.Unit.UnitTestAdapter, Microsoft.VisualStudio.QualityTools.Tips.UnitTest.Adapter, Version=10.0.0.0, Culture=neutral, PublicKeyToken=b03f5f7f11d50a3a" className="SharpBag.ExtensionsTest, SharpBag.Tests, Version=0.0.0.0, Culture=neutral, PublicKeyToken=null" name="As0163205" />
    </UnitTest>
    <UnitTest name="IsNullableTypeThrowsContractException305" storage="c:\users\suprdewd\documents\projects\sharpbag\sharpbag.tests\bin\release\sharpbag.tests.dll" id="c5ce8148-8dc2-90ee-1678-f5c16664a761">
      <Execution id="061f6d3a-2bb4-4681-b2d4-c88f7dca5de5" />
      <TestMethod codeBase="C:/Users/SuprDewd/Documents/Projects/SharpBag/SharpBag.Tests/bin/Release/SharpBag.Tests.DLL" adapterTypeName="Microsoft.VisualStudio.TestTools.TestTypes.Unit.UnitTestAdapter, Microsoft.VisualStudio.QualityTools.Tips.UnitTest.Adapter, Version=10.0.0.0, Culture=neutral, PublicKeyToken=b03f5f7f11d50a3a" className="SharpBag.ExtensionsTest, SharpBag.Tests, Version=0.0.0.0, Culture=neutral, PublicKeyToken=null" name="IsNullableTypeThrowsContractException305" />
    </UnitTest>
    <UnitTest name="As76303" storage="c:\users\suprdewd\documents\projects\sharpbag\sharpbag.tests\bin\release\sharpbag.tests.dll" id="1bcc15c4-61d7-3b94-4bbd-0be40d5ef4ca">
      <Execution id="29381454-a24b-4e20-80fa-f6a623549652" />
      <TestMethod codeBase="C:/Users/SuprDewd/Documents/Projects/SharpBag/SharpBag.Tests/bin/Release/SharpBag.Tests.DLL" adapterTypeName="Microsoft.VisualStudio.TestTools.TestTypes.Unit.UnitTestAdapter, Microsoft.VisualStudio.QualityTools.Tips.UnitTest.Adapter, Version=10.0.0.0, Culture=neutral, PublicKeyToken=b03f5f7f11d50a3a" className="SharpBag.ExtensionsTest, SharpBag.Tests, Version=0.0.0.0, Culture=neutral, PublicKeyToken=null" name="As76303" />
    </UnitTest>
    <UnitTest name="Add74301" storage="c:\users\suprdewd\documents\projects\sharpbag\sharpbag.tests\bin\release\sharpbag.tests.dll" id="1ac879f8-3c0a-1016-6157-e481eddd5c9f">
      <Execution id="4e77a75e-4621-4224-9d05-24b55d901751" />
      <TestMethod codeBase="C:/Users/SuprDewd/Documents/Projects/SharpBag/SharpBag.Tests/bin/Release/SharpBag.Tests.DLL" adapterTypeName="Microsoft.VisualStudio.TestTools.TestTypes.Unit.UnitTestAdapter, Microsoft.VisualStudio.QualityTools.Tips.UnitTest.Adapter, Version=10.0.0.0, Culture=neutral, PublicKeyToken=b03f5f7f11d50a3a" className="SharpBag.Algorithms.PriorityQueueTTest, SharpBag.Tests, Version=0.0.0.0, Culture=neutral, PublicKeyToken=null" name="Add74301" />
    </UnitTest>
    <UnitTest name="GetSubRectangles899" storage="c:\users\suprdewd\documents\projects\sharpbag\sharpbag.tests\bin\release\sharpbag.tests.dll" id="2b100bf6-e6a4-9f38-c22a-f01b6c39f024">
      <Execution id="9fb18395-6e7a-481b-953a-bfddd64886d5" />
      <TestMethod codeBase="C:/Users/SuprDewd/Documents/Projects/SharpBag/SharpBag.Tests/bin/Release/SharpBag.Tests.DLL" adapterTypeName="Microsoft.VisualStudio.TestTools.TestTypes.Unit.UnitTestAdapter, Microsoft.VisualStudio.QualityTools.Tips.UnitTest.Adapter, Version=10.0.0.0, Culture=neutral, PublicKeyToken=b03f5f7f11d50a3a" className="SharpBag.Media.MediaExtensionsTest, SharpBag.Tests, Version=0.0.0.0, Culture=neutral, PublicKeyToken=null" name="GetSubRectangles899" />
    </UnitTest>
    <UnitTest name="As0163209" storage="c:\users\suprdewd\documents\projects\sharpbag\sharpbag.tests\bin\release\sharpbag.tests.dll" id="31a904fb-b5e5-f95a-175a-584bb2addaff">
      <Execution id="6a693710-38ff-40cd-804b-f4a6ee0392a7" />
      <TestMethod codeBase="C:/Users/SuprDewd/Documents/Projects/SharpBag/SharpBag.Tests/bin/Release/SharpBag.Tests.DLL" adapterTypeName="Microsoft.VisualStudio.TestTools.TestTypes.Unit.UnitTestAdapter, Microsoft.VisualStudio.QualityTools.Tips.UnitTest.Adapter, Version=10.0.0.0, Culture=neutral, PublicKeyToken=b03f5f7f11d50a3a" className="SharpBag.ExtensionsTest, SharpBag.Tests, Version=0.0.0.0, Culture=neutral, PublicKeyToken=null" name="As0163209" />
    </UnitTest>
    <UnitTest name="GetPixelsThrowsContractException443" storage="c:\users\suprdewd\documents\projects\sharpbag\sharpbag.tests\bin\release\sharpbag.tests.dll" id="143eb567-4397-2625-6014-2a2400dd294f">
      <Execution id="9b5c10ea-7061-487e-b175-7cbbb3837733" />
      <TestMethod codeBase="C:/Users/SuprDewd/Documents/Projects/SharpBag/SharpBag.Tests/bin/Release/SharpBag.Tests.DLL" adapterTypeName="Microsoft.VisualStudio.TestTools.TestTypes.Unit.UnitTestAdapter, Microsoft.VisualStudio.QualityTools.Tips.UnitTest.Adapter, Version=10.0.0.0, Culture=neutral, PublicKeyToken=b03f5f7f11d50a3a" className="SharpBag.Media.MediaExtensionsTest, SharpBag.Tests, Version=0.0.0.0, Culture=neutral, PublicKeyToken=null" name="GetPixelsThrowsContractException443" />
    </UnitTest>
    <UnitTest name="IfNotNull01597" storage="c:\users\suprdewd\documents\projects\sharpbag\sharpbag.tests\bin\release\sharpbag.tests.dll" id="a5017919-7828-b52a-3fcf-0e88954eb83a">
      <Execution id="401525b8-3ab6-416a-8e23-ca57285bcb2e" />
      <TestMethod codeBase="C:/Users/SuprDewd/Documents/Projects/SharpBag/SharpBag.Tests/bin/Release/SharpBag.Tests.DLL" adapterTypeName="Microsoft.VisualStudio.TestTools.TestTypes.Unit.UnitTestAdapter, Microsoft.VisualStudio.QualityTools.Tips.UnitTest.Adapter, Version=10.0.0.0, Culture=neutral, PublicKeyToken=b03f5f7f11d50a3a" className="SharpBag.ExtensionsTest, SharpBag.Tests, Version=0.0.0.0, Culture=neutral, PublicKeyToken=null" name="IfNotNull01597" />
    </UnitTest>
    <UnitTest name="IfNotNull0192304" storage="c:\users\suprdewd\documents\projects\sharpbag\sharpbag.tests\bin\release\sharpbag.tests.dll" id="e89c0529-2532-190e-5936-91edd9263fb1">
      <Execution id="2079cb11-a0e9-4841-9413-e6b3a1b27625" />
      <TestMethod codeBase="C:/Users/SuprDewd/Documents/Projects/SharpBag/SharpBag.Tests/bin/Release/SharpBag.Tests.DLL" adapterTypeName="Microsoft.VisualStudio.TestTools.TestTypes.Unit.UnitTestAdapter, Microsoft.VisualStudio.QualityTools.Tips.UnitTest.Adapter, Version=10.0.0.0, Culture=neutral, PublicKeyToken=b03f5f7f11d50a3a" className="SharpBag.ExtensionsTest, SharpBag.Tests, Version=0.0.0.0, Culture=neutral, PublicKeyToken=null" name="IfNotNull0192304" />
    </UnitTest>
    <UnitTest name="Random57501" storage="c:\users\suprdewd\documents\projects\sharpbag\sharpbag.tests\bin\release\sharpbag.tests.dll" id="6eb910cd-d3bf-b481-5048-c8c0cee58961">
      <Execution id="f098547f-d9e3-44be-b29a-1568b5c37de3" />
      <TestMethod codeBase="C:/Users/SuprDewd/Documents/Projects/SharpBag/SharpBag.Tests/bin/Release/SharpBag.Tests.DLL" adapterTypeName="Microsoft.VisualStudio.TestTools.TestTypes.Unit.UnitTestAdapter, Microsoft.VisualStudio.QualityTools.Tips.UnitTest.Adapter, Version=10.0.0.0, Culture=neutral, PublicKeyToken=b03f5f7f11d50a3a" className="SharpBag.ExtensionsTest, SharpBag.Tests, Version=0.0.0.0, Culture=neutral, PublicKeyToken=null" name="Random57501" />
    </UnitTest>
    <UnitTest name="As0163230" storage="c:\users\suprdewd\documents\projects\sharpbag\sharpbag.tests\bin\release\sharpbag.tests.dll" id="eaed8830-28b9-0d81-19c8-50909473733c">
      <Execution id="911689bf-5668-482c-b36b-7e3d9bdcf4a9" />
      <TestMethod codeBase="C:/Users/SuprDewd/Documents/Projects/SharpBag/SharpBag.Tests/bin/Release/SharpBag.Tests.DLL" adapterTypeName="Microsoft.VisualStudio.TestTools.TestTypes.Unit.UnitTestAdapter, Microsoft.VisualStudio.QualityTools.Tips.UnitTest.Adapter, Version=10.0.0.0, Culture=neutral, PublicKeyToken=b03f5f7f11d50a3a" className="SharpBag.ExtensionsTest, SharpBag.Tests, Version=0.0.0.0, Culture=neutral, PublicKeyToken=null" name="As0163230" />
    </UnitTest>
    <UnitTest name="AsEnumerable03ThrowsContractException191" storage="c:\users\suprdewd\documents\projects\sharpbag\sharpbag.tests\bin\release\sharpbag.tests.dll" id="ac8be3a4-e623-9c4a-51b5-0fefa1713907">
      <Execution id="24b8fca7-a542-458d-aead-38c4c4ccaf36" />
      <TestMethod codeBase="C:/Users/SuprDewd/Documents/Projects/SharpBag/SharpBag.Tests/bin/Release/SharpBag.Tests.DLL" adapterTypeName="Microsoft.VisualStudio.TestTools.TestTypes.Unit.UnitTestAdapter, Microsoft.VisualStudio.QualityTools.Tips.UnitTest.Adapter, Version=10.0.0.0, Culture=neutral, PublicKeyToken=b03f5f7f11d50a3a" className="SharpBag.ExtensionsTest, SharpBag.Tests, Version=0.0.0.0, Culture=neutral, PublicKeyToken=null" name="AsEnumerable03ThrowsContractException191" />
    </UnitTest>
    <UnitTest name="IfNotNull0159704" storage="c:\users\suprdewd\documents\projects\sharpbag\sharpbag.tests\bin\release\sharpbag.tests.dll" id="116bcbca-67a9-cf3b-0614-27721784c6e2">
      <Execution id="d3ac9a17-b77b-435b-84d7-f9e5de51f290" />
      <TestMethod codeBase="C:/Users/SuprDewd/Documents/Projects/SharpBag/SharpBag.Tests/bin/Release/SharpBag.Tests.DLL" adapterTypeName="Microsoft.VisualStudio.TestTools.TestTypes.Unit.UnitTestAdapter, Microsoft.VisualStudio.QualityTools.Tips.UnitTest.Adapter, Version=10.0.0.0, Culture=neutral, PublicKeyToken=b03f5f7f11d50a3a" className="SharpBag.ExtensionsTest, SharpBag.Tests, Version=0.0.0.0, Culture=neutral, PublicKeyToken=null" name="IfNotNull0159704" />
    </UnitTest>
    <UnitTest name="Fill0157103" storage="c:\users\suprdewd\documents\projects\sharpbag\sharpbag.tests\bin\release\sharpbag.tests.dll" id="e77c7ab7-183b-1f93-57a3-77e0403bec4c">
      <Execution id="50c217b1-bb6c-45fb-b578-475a56ec55aa" />
      <TestMethod codeBase="C:/Users/SuprDewd/Documents/Projects/SharpBag/SharpBag.Tests/bin/Release/SharpBag.Tests.DLL" adapterTypeName="Microsoft.VisualStudio.TestTools.TestTypes.Unit.UnitTestAdapter, Microsoft.VisualStudio.QualityTools.Tips.UnitTest.Adapter, Version=10.0.0.0, Culture=neutral, PublicKeyToken=b03f5f7f11d50a3a" className="SharpBag.ExtensionsTest, SharpBag.Tests, Version=0.0.0.0, Culture=neutral, PublicKeyToken=null" name="Fill0157103" />
    </UnitTest>
    <UnitTest name="As0163213" storage="c:\users\suprdewd\documents\projects\sharpbag\sharpbag.tests\bin\release\sharpbag.tests.dll" id="2e9abde5-72f2-18f2-ec62-8da36318a8ed">
      <Execution id="2edbf4e3-46a7-4ff1-98eb-fcc1a76089f9" />
      <TestMethod codeBase="C:/Users/SuprDewd/Documents/Projects/SharpBag/SharpBag.Tests/bin/Release/SharpBag.Tests.DLL" adapterTypeName="Microsoft.VisualStudio.TestTools.TestTypes.Unit.UnitTestAdapter, Microsoft.VisualStudio.QualityTools.Tips.UnitTest.Adapter, Version=10.0.0.0, Culture=neutral, PublicKeyToken=b03f5f7f11d50a3a" className="SharpBag.ExtensionsTest, SharpBag.Tests, Version=0.0.0.0, Culture=neutral, PublicKeyToken=null" name="As0163213" />
    </UnitTest>
    <UnitTest name="AsEnumerable560" storage="c:\users\suprdewd\documents\projects\sharpbag\sharpbag.tests\bin\release\sharpbag.tests.dll" id="84a133d0-001f-a986-72f9-cc05e5f25751">
      <Execution id="bd53145a-045a-426d-b57e-5b49aa206810" />
      <TestMethod codeBase="C:/Users/SuprDewd/Documents/Projects/SharpBag/SharpBag.Tests/bin/Release/SharpBag.Tests.DLL" adapterTypeName="Microsoft.VisualStudio.TestTools.TestTypes.Unit.UnitTestAdapter, Microsoft.VisualStudio.QualityTools.Tips.UnitTest.Adapter, Version=10.0.0.0, Culture=neutral, PublicKeyToken=b03f5f7f11d50a3a" className="SharpBag.ExtensionsTest, SharpBag.Tests, Version=0.0.0.0, Culture=neutral, PublicKeyToken=null" name="AsEnumerable560" />
    </UnitTest>
    <UnitTest name="As01ThrowsContractException684" storage="c:\users\suprdewd\documents\projects\sharpbag\sharpbag.tests\bin\release\sharpbag.tests.dll" id="1bc4937e-b347-cc6e-764b-80d0275d20a2">
      <Execution id="84d49ba4-5f75-4d0f-8e85-22288626a253" />
      <TestMethod codeBase="C:/Users/SuprDewd/Documents/Projects/SharpBag/SharpBag.Tests/bin/Release/SharpBag.Tests.DLL" adapterTypeName="Microsoft.VisualStudio.TestTools.TestTypes.Unit.UnitTestAdapter, Microsoft.VisualStudio.QualityTools.Tips.UnitTest.Adapter, Version=10.0.0.0, Culture=neutral, PublicKeyToken=b03f5f7f11d50a3a" className="SharpBag.ExtensionsTest, SharpBag.Tests, Version=0.0.0.0, Culture=neutral, PublicKeyToken=null" name="As01ThrowsContractException684" />
    </UnitTest>
    <UnitTest name="As17001" storage="c:\users\suprdewd\documents\projects\sharpbag\sharpbag.tests\bin\release\sharpbag.tests.dll" id="00c14203-8bf0-0e19-b6f3-8f956cc00cd8">
      <Execution id="78ab3436-409e-4e82-85fe-5a0f9d28ff5c" />
      <TestMethod codeBase="C:/Users/SuprDewd/Documents/Projects/SharpBag/SharpBag.Tests/bin/Release/SharpBag.Tests.DLL" adapterTypeName="Microsoft.VisualStudio.TestTools.TestTypes.Unit.UnitTestAdapter, Microsoft.VisualStudio.QualityTools.Tips.UnitTest.Adapter, Version=10.0.0.0, Culture=neutral, PublicKeyToken=b03f5f7f11d50a3a" className="SharpBag.ExtensionsTest, SharpBag.Tests, Version=0.0.0.0, Culture=neutral, PublicKeyToken=null" name="As17001" />
    </UnitTest>
    <UnitTest name="NextDateTime01ThrowsContractException939" storage="c:\users\suprdewd\documents\projects\sharpbag\sharpbag.tests\bin\release\sharpbag.tests.dll" id="db3591dc-f825-55e5-4b39-c42cda4bfcd4">
      <Execution id="8b99d04a-b443-49c7-8d3c-48412926f37c" />
      <TestMethod codeBase="C:/Users/SuprDewd/Documents/Projects/SharpBag/SharpBag.Tests/bin/Release/SharpBag.Tests.DLL" adapterTypeName="Microsoft.VisualStudio.TestTools.TestTypes.Unit.UnitTestAdapter, Microsoft.VisualStudio.QualityTools.Tips.UnitTest.Adapter, Version=10.0.0.0, Culture=neutral, PublicKeyToken=b03f5f7f11d50a3a" className="SharpBag.RandomExtensionsTest, SharpBag.Tests, Version=0.0.0.0, Culture=neutral, PublicKeyToken=null" name="NextDateTime01ThrowsContractException939" />
    </UnitTest>
    <UnitTest name="UnionAll0233901" storage="c:\users\suprdewd\documents\projects\sharpbag\sharpbag.tests\bin\release\sharpbag.tests.dll" id="4c766330-2a1a-c11f-5958-fa0e45c2a866">
      <Execution id="0e6bea6d-a648-48dd-962a-8c6ff34a3914" />
      <TestMethod codeBase="C:/Users/SuprDewd/Documents/Projects/SharpBag/SharpBag.Tests/bin/Release/SharpBag.Tests.DLL" adapterTypeName="Microsoft.VisualStudio.TestTools.TestTypes.Unit.UnitTestAdapter, Microsoft.VisualStudio.QualityTools.Tips.UnitTest.Adapter, Version=10.0.0.0, Culture=neutral, PublicKeyToken=b03f5f7f11d50a3a" className="SharpBag.ExtensionsTest, SharpBag.Tests, Version=0.0.0.0, Culture=neutral, PublicKeyToken=null" name="UnionAll0233901" />
    </UnitTest>
    <UnitTest name="NullOr714" storage="c:\users\suprdewd\documents\projects\sharpbag\sharpbag.tests\bin\release\sharpbag.tests.dll" id="e2ea95fb-c5c4-8579-22e2-2d857f0fee1f">
      <Execution id="945ebc5c-0622-4c9b-8c03-06c12041a0c7" />
      <TestMethod codeBase="C:/Users/SuprDewd/Documents/Projects/SharpBag/SharpBag.Tests/bin/Release/SharpBag.Tests.DLL" adapterTypeName="Microsoft.VisualStudio.TestTools.TestTypes.Unit.UnitTestAdapter, Microsoft.VisualStudio.QualityTools.Tips.UnitTest.Adapter, Version=10.0.0.0, Culture=neutral, PublicKeyToken=b03f5f7f11d50a3a" className="SharpBag.ExtensionsTest, SharpBag.Tests, Version=0.0.0.0, Culture=neutral, PublicKeyToken=null" name="NullOr714" />
    </UnitTest>
    <UnitTest name="As0130302" storage="c:\users\suprdewd\documents\projects\sharpbag\sharpbag.tests\bin\release\sharpbag.tests.dll" id="bf4b4d8f-a9c5-278f-9d0c-4140566dfe7e">
      <Execution id="68dec683-055b-4caf-952f-4745b44d6084" />
      <TestMethod codeBase="C:/Users/SuprDewd/Documents/Projects/SharpBag/SharpBag.Tests/bin/Release/SharpBag.Tests.DLL" adapterTypeName="Microsoft.VisualStudio.TestTools.TestTypes.Unit.UnitTestAdapter, Microsoft.VisualStudio.QualityTools.Tips.UnitTest.Adapter, Version=10.0.0.0, Culture=neutral, PublicKeyToken=b03f5f7f11d50a3a" className="SharpBag.ExtensionsTest, SharpBag.Tests, Version=0.0.0.0, Culture=neutral, PublicKeyToken=null" name="As0130302" />
    </UnitTest>
    <UnitTest name="As01402" storage="c:\users\suprdewd\documents\projects\sharpbag\sharpbag.tests\bin\release\sharpbag.tests.dll" id="7ba074f7-37b4-86ab-f897-639c59c7afb2">
      <Execution id="5c62c025-f42d-4858-8f7d-2f95fc00a361" />
      <TestMethod codeBase="C:/Users/SuprDewd/Documents/Projects/SharpBag/SharpBag.Tests/bin/Release/SharpBag.Tests.DLL" adapterTypeName="Microsoft.VisualStudio.TestTools.TestTypes.Unit.UnitTestAdapter, Microsoft.VisualStudio.QualityTools.Tips.UnitTest.Adapter, Version=10.0.0.0, Culture=neutral, PublicKeyToken=b03f5f7f11d50a3a" className="SharpBag.ExtensionsTest, SharpBag.Tests, Version=0.0.0.0, Culture=neutral, PublicKeyToken=null" name="As01402" />
    </UnitTest>
    <UnitTest name="Add60905" storage="c:\users\suprdewd\documents\projects\sharpbag\sharpbag.tests\bin\release\sharpbag.tests.dll" id="e7744f00-f1f0-3f04-ae6a-e86613496233">
      <Execution id="fb99c736-7d87-4322-bb75-1a6f33fb4ab7" />
      <TestMethod codeBase="C:/Users/SuprDewd/Documents/Projects/SharpBag/SharpBag.Tests/bin/Release/SharpBag.Tests.DLL" adapterTypeName="Microsoft.VisualStudio.TestTools.TestTypes.Unit.UnitTestAdapter, Microsoft.VisualStudio.QualityTools.Tips.UnitTest.Adapter, Version=10.0.0.0, Culture=neutral, PublicKeyToken=b03f5f7f11d50a3a" className="SharpBag.ExtensionsTest, SharpBag.Tests, Version=0.0.0.0, Culture=neutral, PublicKeyToken=null" name="Add60905" />
    </UnitTest>
    <UnitTest name="As0163240" storage="c:\users\suprdewd\documents\projects\sharpbag\sharpbag.tests\bin\release\sharpbag.tests.dll" id="3f99a1d3-4dae-8b7d-a361-9ebbf5115b1e">
      <Execution id="c1fb5615-9c13-4a25-88fc-626dd9fa9f11" />
      <TestMethod codeBase="C:/Users/SuprDewd/Documents/Projects/SharpBag/SharpBag.Tests/bin/Release/SharpBag.Tests.DLL" adapterTypeName="Microsoft.VisualStudio.TestTools.TestTypes.Unit.UnitTestAdapter, Microsoft.VisualStudio.QualityTools.Tips.UnitTest.Adapter, Version=10.0.0.0, Culture=neutral, PublicKeyToken=b03f5f7f11d50a3a" className="SharpBag.ExtensionsTest, SharpBag.Tests, Version=0.0.0.0, Culture=neutral, PublicKeyToken=null" name="As0163240" />
    </UnitTest>
    <UnitTest name="Fill01ThrowsContractException166" storage="c:\users\suprdewd\documents\projects\sharpbag\sharpbag.tests\bin\release\sharpbag.tests.dll" id="a64b466d-bdfa-cdd1-ea88-e7cc26204599">
      <Execution id="e19e0248-01c6-401c-bde5-cce1f99e49f0" />
      <TestMethod codeBase="C:/Users/SuprDewd/Documents/Projects/SharpBag/SharpBag.Tests/bin/Release/SharpBag.Tests.DLL" adapterTypeName="Microsoft.VisualStudio.TestTools.TestTypes.Unit.UnitTestAdapter, Microsoft.VisualStudio.QualityTools.Tips.UnitTest.Adapter, Version=10.0.0.0, Culture=neutral, PublicKeyToken=b03f5f7f11d50a3a" className="SharpBag.ExtensionsTest, SharpBag.Tests, Version=0.0.0.0, Culture=neutral, PublicKeyToken=null" name="Fill01ThrowsContractException166" />
    </UnitTest>
    <UnitTest name="Execute53301" storage="c:\users\suprdewd\documents\projects\sharpbag\sharpbag.tests\bin\release\sharpbag.tests.dll" id="25d5b35a-db1f-e192-1a83-5fbd23003a20">
      <Execution id="d4f383e5-ef6d-41bf-9be3-606d124d2957" />
      <TestMethod codeBase="C:/Users/SuprDewd/Documents/Projects/SharpBag/SharpBag.Tests/bin/Release/SharpBag.Tests.DLL" adapterTypeName="Microsoft.VisualStudio.TestTools.TestTypes.Unit.UnitTestAdapter, Microsoft.VisualStudio.QualityTools.Tips.UnitTest.Adapter, Version=10.0.0.0, Culture=neutral, PublicKeyToken=b03f5f7f11d50a3a" className="SharpBag.ExtensionsTest, SharpBag.Tests, Version=0.0.0.0, Culture=neutral, PublicKeyToken=null" name="Execute53301" />
    </UnitTest>
    <UnitTest name="As0166002" storage="c:\users\suprdewd\documents\projects\sharpbag\sharpbag.tests\bin\release\sharpbag.tests.dll" id="37c5e788-97a2-ee7f-c1df-5b64dcc3fb4c">
      <Execution id="8417d456-9b22-4548-ace6-58c9464c05df" />
      <TestMethod codeBase="C:/Users/SuprDewd/Documents/Projects/SharpBag/SharpBag.Tests/bin/Release/SharpBag.Tests.DLL" adapterTypeName="Microsoft.VisualStudio.TestTools.TestTypes.Unit.UnitTestAdapter, Microsoft.VisualStudio.QualityTools.Tips.UnitTest.Adapter, Version=10.0.0.0, Culture=neutral, PublicKeyToken=b03f5f7f11d50a3a" className="SharpBag.ExtensionsTest, SharpBag.Tests, Version=0.0.0.0, Culture=neutral, PublicKeyToken=null" name="As0166002" />
    </UnitTest>
    <UnitTest name="AsEnumerable0128304" storage="c:\users\suprdewd\documents\projects\sharpbag\sharpbag.tests\bin\release\sharpbag.tests.dll" id="bbe65d68-71ba-72ec-21d1-a0b54bdef612">
      <Execution id="936d145d-f22c-4be8-b7cd-409edf55c3ae" />
      <TestMethod codeBase="C:/Users/SuprDewd/Documents/Projects/SharpBag/SharpBag.Tests/bin/Release/SharpBag.Tests.DLL" adapterTypeName="Microsoft.VisualStudio.TestTools.TestTypes.Unit.UnitTestAdapter, Microsoft.VisualStudio.QualityTools.Tips.UnitTest.Adapter, Version=10.0.0.0, Culture=neutral, PublicKeyToken=b03f5f7f11d50a3a" className="SharpBag.ExtensionsTest, SharpBag.Tests, Version=0.0.0.0, Culture=neutral, PublicKeyToken=null" name="AsEnumerable0128304" />
    </UnitTest>
    <UnitTest name="As0163233" storage="c:\users\suprdewd\documents\projects\sharpbag\sharpbag.tests\bin\release\sharpbag.tests.dll" id="990a1706-3c38-5c79-dd26-6bf2a85de470">
      <Execution id="099c76c2-d84d-4f02-ac31-c8acf73ece8d" />
      <TestMethod codeBase="C:/Users/SuprDewd/Documents/Projects/SharpBag/SharpBag.Tests/bin/Release/SharpBag.Tests.DLL" adapterTypeName="Microsoft.VisualStudio.TestTools.TestTypes.Unit.UnitTestAdapter, Microsoft.VisualStudio.QualityTools.Tips.UnitTest.Adapter, Version=10.0.0.0, Culture=neutral, PublicKeyToken=b03f5f7f11d50a3a" className="SharpBag.ExtensionsTest, SharpBag.Tests, Version=0.0.0.0, Culture=neutral, PublicKeyToken=null" name="As0163233" />
    </UnitTest>
    <UnitTest name="CreateIEnumerable420" storage="c:\users\suprdewd\documents\projects\sharpbag\sharpbag.tests\bin\release\sharpbag.tests.dll" id="e4451568-6212-a798-2a99-bf5d281a2d5f">
      <Execution id="ab01a78b-18d6-4b67-87e0-4d2ff9d7d89e" />
      <TestMethod codeBase="C:/Users/SuprDewd/Documents/Projects/SharpBag/SharpBag.Tests/bin/Release/SharpBag.Tests.DLL" adapterTypeName="Microsoft.VisualStudio.TestTools.TestTypes.Unit.UnitTestAdapter, Microsoft.VisualStudio.QualityTools.Tips.UnitTest.Adapter, Version=10.0.0.0, Culture=neutral, PublicKeyToken=b03f5f7f11d50a3a" className="SharpBag.UtilsTest, SharpBag.Tests, Version=0.0.0.0, Culture=neutral, PublicKeyToken=null" name="CreateIEnumerable420" />
    </UnitTest>
    <UnitTest name="NextTimeSpanThrowsContractException287" storage="c:\users\suprdewd\documents\projects\sharpbag\sharpbag.tests\bin\release\sharpbag.tests.dll" id="ab8ea52f-3bbb-7d59-5174-ec7db8071eb4">
      <Execution id="45ff3fbe-bc26-4856-a5b2-c400af9841fc" />
      <TestMethod codeBase="C:/Users/SuprDewd/Documents/Projects/SharpBag/SharpBag.Tests/bin/Release/SharpBag.Tests.DLL" adapterTypeName="Microsoft.VisualStudio.TestTools.TestTypes.Unit.UnitTestAdapter, Microsoft.VisualStudio.QualityTools.Tips.UnitTest.Adapter, Version=10.0.0.0, Culture=neutral, PublicKeyToken=b03f5f7f11d50a3a" className="SharpBag.RandomExtensionsTest, SharpBag.Tests, Version=0.0.0.0, Culture=neutral, PublicKeyToken=null" name="NextTimeSpanThrowsContractException287" />
    </UnitTest>
    <UnitTest name="As0132107" storage="c:\users\suprdewd\documents\projects\sharpbag\sharpbag.tests\bin\release\sharpbag.tests.dll" id="850912a6-5065-5531-7451-3014a79cee54">
      <Execution id="a5c3dd80-6cd1-4c09-8b0b-13fd42d3691a" />
      <TestMethod codeBase="C:/Users/SuprDewd/Documents/Projects/SharpBag/SharpBag.Tests/bin/Release/SharpBag.Tests.DLL" adapterTypeName="Microsoft.VisualStudio.TestTools.TestTypes.Unit.UnitTestAdapter, Microsoft.VisualStudio.QualityTools.Tips.UnitTest.Adapter, Version=10.0.0.0, Culture=neutral, PublicKeyToken=b03f5f7f11d50a3a" className="SharpBag.ExtensionsTest, SharpBag.Tests, Version=0.0.0.0, Culture=neutral, PublicKeyToken=null" name="As0132107" />
    </UnitTest>
    <UnitTest name="ShuffleThrowsContractException566" storage="c:\users\suprdewd\documents\projects\sharpbag\sharpbag.tests\bin\release\sharpbag.tests.dll" id="983a09c4-7fd1-1423-82c6-129d1f5452aa">
      <Execution id="9fdfbeb8-89a2-4996-b8a7-fa369eabe726" />
      <TestMethod codeBase="C:/Users/SuprDewd/Documents/Projects/SharpBag/SharpBag.Tests/bin/Release/SharpBag.Tests.DLL" adapterTypeName="Microsoft.VisualStudio.TestTools.TestTypes.Unit.UnitTestAdapter, Microsoft.VisualStudio.QualityTools.Tips.UnitTest.Adapter, Version=10.0.0.0, Culture=neutral, PublicKeyToken=b03f5f7f11d50a3a" className="SharpBag.ExtensionsTest, SharpBag.Tests, Version=0.0.0.0, Culture=neutral, PublicKeyToken=null" name="ShuffleThrowsContractException566" />
    </UnitTest>
    <UnitTest name="Iter960" storage="c:\users\suprdewd\documents\projects\sharpbag\sharpbag.tests\bin\release\sharpbag.tests.dll" id="221d319c-8869-0d4c-725e-9ea36949d716">
      <Execution id="be7adc0b-b59e-4819-83bc-a64ac0408b9c" />
      <TestMethod codeBase="C:/Users/SuprDewd/Documents/Projects/SharpBag/SharpBag.Tests/bin/Release/SharpBag.Tests.DLL" adapterTypeName="Microsoft.VisualStudio.TestTools.TestTypes.Unit.UnitTestAdapter, Microsoft.VisualStudio.QualityTools.Tips.UnitTest.Adapter, Version=10.0.0.0, Culture=neutral, PublicKeyToken=b03f5f7f11d50a3a" className="SharpBag.ExtensionsTest, SharpBag.Tests, Version=0.0.0.0, Culture=neutral, PublicKeyToken=null" name="Iter960" />
    </UnitTest>
    <UnitTest name="As0163222" storage="c:\users\suprdewd\documents\projects\sharpbag\sharpbag.tests\bin\release\sharpbag.tests.dll" id="473a2b39-cb44-1d62-3c12-9fd92e3b377f">
      <Execution id="0992c538-1f76-4370-85ee-3ffdf097fde8" />
      <TestMethod codeBase="C:/Users/SuprDewd/Documents/Projects/SharpBag/SharpBag.Tests/bin/Release/SharpBag.Tests.DLL" adapterTypeName="Microsoft.VisualStudio.TestTools.TestTypes.Unit.UnitTestAdapter, Microsoft.VisualStudio.QualityTools.Tips.UnitTest.Adapter, Version=10.0.0.0, Culture=neutral, PublicKeyToken=b03f5f7f11d50a3a" className="SharpBag.ExtensionsTest, SharpBag.Tests, Version=0.0.0.0, Culture=neutral, PublicKeyToken=null" name="As0163222" />
    </UnitTest>
    <UnitTest name="ForEach12503" storage="c:\users\suprdewd\documents\projects\sharpbag\sharpbag.tests\bin\release\sharpbag.tests.dll" id="7acd9860-9837-fbe5-5425-b774d050444a">
      <Execution id="108b7aa5-3619-4c00-a00d-dfcdccd22d00" />
      <TestMethod codeBase="C:/Users/SuprDewd/Documents/Projects/SharpBag/SharpBag.Tests/bin/Release/SharpBag.Tests.DLL" adapterTypeName="Microsoft.VisualStudio.TestTools.TestTypes.Unit.UnitTestAdapter, Microsoft.VisualStudio.QualityTools.Tips.UnitTest.Adapter, Version=10.0.0.0, Culture=neutral, PublicKeyToken=b03f5f7f11d50a3a" className="SharpBag.ExtensionsTest, SharpBag.Tests, Version=0.0.0.0, Culture=neutral, PublicKeyToken=null" name="ForEach12503" />
    </UnitTest>
    <UnitTest name="ReadLinesFrom335" storage="c:\users\suprdewd\documents\projects\sharpbag\sharpbag.tests\bin\release\sharpbag.tests.dll" id="c6e56d30-e4b1-0266-4be4-81fd81816d37">
      <Execution id="f74a06f7-5f9e-44a0-bb08-07373c2dfdc0" />
      <TestMethod codeBase="C:/Users/SuprDewd/Documents/Projects/SharpBag/SharpBag.Tests/bin/Release/SharpBag.Tests.DLL" adapterTypeName="Microsoft.VisualStudio.TestTools.TestTypes.Unit.UnitTestAdapter, Microsoft.VisualStudio.QualityTools.Tips.UnitTest.Adapter, Version=10.0.0.0, Culture=neutral, PublicKeyToken=b03f5f7f11d50a3a" className="SharpBag.UtilsTest, SharpBag.Tests, Version=0.0.0.0, Culture=neutral, PublicKeyToken=null" name="ReadLinesFrom335" />
    </UnitTest>
    <UnitTest name="As0163212" storage="c:\users\suprdewd\documents\projects\sharpbag\sharpbag.tests\bin\release\sharpbag.tests.dll" id="dc08494a-5655-aecb-96fc-b52817050a2a">
      <Execution id="78a1f6f4-7075-446d-8d3d-d2d740bab87e" />
      <TestMethod codeBase="C:/Users/SuprDewd/Documents/Projects/SharpBag/SharpBag.Tests/bin/Release/SharpBag.Tests.DLL" adapterTypeName="Microsoft.VisualStudio.TestTools.TestTypes.Unit.UnitTestAdapter, Microsoft.VisualStudio.QualityTools.Tips.UnitTest.Adapter, Version=10.0.0.0, Culture=neutral, PublicKeyToken=b03f5f7f11d50a3a" className="SharpBag.ExtensionsTest, SharpBag.Tests, Version=0.0.0.0, Culture=neutral, PublicKeyToken=null" name="As0163212" />
    </UnitTest>
    <UnitTest name="RandomThrowsContractException872" storage="c:\users\suprdewd\documents\projects\sharpbag\sharpbag.tests\bin\release\sharpbag.tests.dll" id="1f40669e-af15-3df6-04e7-ce43fe026d00">
      <Execution id="7be87df9-c5f3-4612-a951-d83385fcd7fa" />
      <TestMethod codeBase="C:/Users/SuprDewd/Documents/Projects/SharpBag/SharpBag.Tests/bin/Release/SharpBag.Tests.DLL" adapterTypeName="Microsoft.VisualStudio.TestTools.TestTypes.Unit.UnitTestAdapter, Microsoft.VisualStudio.QualityTools.Tips.UnitTest.Adapter, Version=10.0.0.0, Culture=neutral, PublicKeyToken=b03f5f7f11d50a3a" className="SharpBag.ExtensionsTest, SharpBag.Tests, Version=0.0.0.0, Culture=neutral, PublicKeyToken=null" name="RandomThrowsContractException872" />
    </UnitTest>
    <UnitTest name="GetByPercent56201" storage="c:\users\suprdewd\documents\projects\sharpbag\sharpbag.tests\bin\release\sharpbag.tests.dll" id="42cd3761-649c-3df0-5f4b-fa8aa48d1117">
      <Execution id="e3ffa0aa-4f77-4c8b-ac81-777d458b2656" />
      <TestMethod codeBase="C:/Users/SuprDewd/Documents/Projects/SharpBag/SharpBag.Tests/bin/Release/SharpBag.Tests.DLL" adapterTypeName="Microsoft.VisualStudio.TestTools.TestTypes.Unit.UnitTestAdapter, Microsoft.VisualStudio.QualityTools.Tips.UnitTest.Adapter, Version=10.0.0.0, Culture=neutral, PublicKeyToken=b03f5f7f11d50a3a" className="SharpBag.ExtensionsTest, SharpBag.Tests, Version=0.0.0.0, Culture=neutral, PublicKeyToken=null" name="GetByPercent56201" />
    </UnitTest>
    <UnitTest name="As21510" storage="c:\users\suprdewd\documents\projects\sharpbag\sharpbag.tests\bin\release\sharpbag.tests.dll" id="8118e565-451d-8ba1-0335-1880350004d1">
      <Execution id="355c4a95-1fe3-42aa-b38b-2e5dee21aa5c" />
      <TestMethod codeBase="C:/Users/SuprDewd/Documents/Projects/SharpBag/SharpBag.Tests/bin/Release/SharpBag.Tests.DLL" adapterTypeName="Microsoft.VisualStudio.TestTools.TestTypes.Unit.UnitTestAdapter, Microsoft.VisualStudio.QualityTools.Tips.UnitTest.Adapter, Version=10.0.0.0, Culture=neutral, PublicKeyToken=b03f5f7f11d50a3a" className="SharpBag.ExtensionsTest, SharpBag.Tests, Version=0.0.0.0, Culture=neutral, PublicKeyToken=null" name="As21510" />
    </UnitTest>
    <UnitTest name="NextTimeSpan01ThrowsContractException279" storage="c:\users\suprdewd\documents\projects\sharpbag\sharpbag.tests\bin\release\sharpbag.tests.dll" id="07802348-e3dc-037c-ce88-1e51ccef97b0">
      <Execution id="11efafd2-42ad-4097-b6ae-cf7dd758175d" />
      <TestMethod codeBase="C:/Users/SuprDewd/Documents/Projects/SharpBag/SharpBag.Tests/bin/Release/SharpBag.Tests.DLL" adapterTypeName="Microsoft.VisualStudio.TestTools.TestTypes.Unit.UnitTestAdapter, Microsoft.VisualStudio.QualityTools.Tips.UnitTest.Adapter, Version=10.0.0.0, Culture=neutral, PublicKeyToken=b03f5f7f11d50a3a" className="SharpBag.RandomExtensionsTest, SharpBag.Tests, Version=0.0.0.0, Culture=neutral, PublicKeyToken=null" name="NextTimeSpan01ThrowsContractException279" />
    </UnitTest>
    <UnitTest name="Fill0157101" storage="c:\users\suprdewd\documents\projects\sharpbag\sharpbag.tests\bin\release\sharpbag.tests.dll" id="b8e531ca-ec94-5331-cc83-d2332ab01f85">
      <Execution id="9833b3e3-c5a9-4a39-be3f-ad22771806b3" />
      <TestMethod codeBase="C:/Users/SuprDewd/Documents/Projects/SharpBag/SharpBag.Tests/bin/Release/SharpBag.Tests.DLL" adapterTypeName="Microsoft.VisualStudio.TestTools.TestTypes.Unit.UnitTestAdapter, Microsoft.VisualStudio.QualityTools.Tips.UnitTest.Adapter, Version=10.0.0.0, Culture=neutral, PublicKeyToken=b03f5f7f11d50a3a" className="SharpBag.ExtensionsTest, SharpBag.Tests, Version=0.0.0.0, Culture=neutral, PublicKeyToken=null" name="Fill0157101" />
    </UnitTest>
    <UnitTest name="Random431" storage="c:\users\suprdewd\documents\projects\sharpbag\sharpbag.tests\bin\release\sharpbag.tests.dll" id="a54e40a4-c460-0f5a-3324-94dd8c77f779">
      <Execution id="b70a5864-f94c-47f8-8a01-5592503a239b" />
      <TestMethod codeBase="C:/Users/SuprDewd/Documents/Projects/SharpBag/SharpBag.Tests/bin/Release/SharpBag.Tests.DLL" adapterTypeName="Microsoft.VisualStudio.TestTools.TestTypes.Unit.UnitTestAdapter, Microsoft.VisualStudio.QualityTools.Tips.UnitTest.Adapter, Version=10.0.0.0, Culture=neutral, PublicKeyToken=b03f5f7f11d50a3a" className="SharpBag.ExtensionsTest, SharpBag.Tests, Version=0.0.0.0, Culture=neutral, PublicKeyToken=null" name="Random431" />
    </UnitTest>
    <UnitTest name="To723" storage="c:\users\suprdewd\documents\projects\sharpbag\sharpbag.tests\bin\release\sharpbag.tests.dll" id="2a492a9b-f563-5e1e-f60c-76d1e2ee9ce9">
      <Execution id="78c489da-c370-4543-8bb1-27b17b8fa62a" />
      <TestMethod codeBase="C:/Users/SuprDewd/Documents/Projects/SharpBag/SharpBag.Tests/bin/Release/SharpBag.Tests.DLL" adapterTypeName="Microsoft.VisualStudio.TestTools.TestTypes.Unit.UnitTestAdapter, Microsoft.VisualStudio.QualityTools.Tips.UnitTest.Adapter, Version=10.0.0.0, Culture=neutral, PublicKeyToken=b03f5f7f11d50a3a" className="SharpBag.ExtensionsTest, SharpBag.Tests, Version=0.0.0.0, Culture=neutral, PublicKeyToken=null" name="To723" />
    </UnitTest>
    <UnitTest name="ContainsArrayThrowsContractException850" storage="c:\users\suprdewd\documents\projects\sharpbag\sharpbag.tests\bin\release\sharpbag.tests.dll" id="9e55ddbc-84c3-88cf-3d32-19ae0b0e6c57">
      <Execution id="46a7ad2c-b459-475b-967a-552bcce70c4b" />
      <TestMethod codeBase="C:/Users/SuprDewd/Documents/Projects/SharpBag/SharpBag.Tests/bin/Release/SharpBag.Tests.DLL" adapterTypeName="Microsoft.VisualStudio.TestTools.TestTypes.Unit.UnitTestAdapter, Microsoft.VisualStudio.QualityTools.Tips.UnitTest.Adapter, Version=10.0.0.0, Culture=neutral, PublicKeyToken=b03f5f7f11d50a3a" className="SharpBag.ExtensionsTest, SharpBag.Tests, Version=0.0.0.0, Culture=neutral, PublicKeyToken=null" name="ContainsArrayThrowsContractException850" />
    </UnitTest>
    <UnitTest name="RangeThrowsContractException204" storage="c:\users\suprdewd\documents\projects\sharpbag\sharpbag.tests\bin\release\sharpbag.tests.dll" id="7f2217b8-89e7-0ad9-048a-ae99758b473e">
      <Execution id="b4c717a1-cdea-430f-a876-e3ed0dc14fa0" />
      <TestMethod codeBase="C:/Users/SuprDewd/Documents/Projects/SharpBag/SharpBag.Tests/bin/Release/SharpBag.Tests.DLL" adapterTypeName="Microsoft.VisualStudio.TestTools.TestTypes.Unit.UnitTestAdapter, Microsoft.VisualStudio.QualityTools.Tips.UnitTest.Adapter, Version=10.0.0.0, Culture=neutral, PublicKeyToken=b03f5f7f11d50a3a" className="SharpBag.ExtensionsTest, SharpBag.Tests, Version=0.0.0.0, Culture=neutral, PublicKeyToken=null" name="RangeThrowsContractException204" />
    </UnitTest>
    <UnitTest name="As0163228" storage="c:\users\suprdewd\documents\projects\sharpbag\sharpbag.tests\bin\release\sharpbag.tests.dll" id="25e137bf-b11b-a709-2200-80de04831d5b">
      <Execution id="fd07a5cf-447f-418e-ab5b-cac3dc4b75a8" />
      <TestMethod codeBase="C:/Users/SuprDewd/Documents/Projects/SharpBag/SharpBag.Tests/bin/Release/SharpBag.Tests.DLL" adapterTypeName="Microsoft.VisualStudio.TestTools.TestTypes.Unit.UnitTestAdapter, Microsoft.VisualStudio.QualityTools.Tips.UnitTest.Adapter, Version=10.0.0.0, Culture=neutral, PublicKeyToken=b03f5f7f11d50a3a" className="SharpBag.ExtensionsTest, SharpBag.Tests, Version=0.0.0.0, Culture=neutral, PublicKeyToken=null" name="As0163228" />
    </UnitTest>
    <UnitTest name="IfNotNull0159701" storage="c:\users\suprdewd\documents\projects\sharpbag\sharpbag.tests\bin\release\sharpbag.tests.dll" id="f96aeaaa-982a-50fe-9819-4fadbbdc5555">
      <Execution id="ff8b6810-4aad-40fa-880d-962b35ca24f6" />
      <TestMethod codeBase="C:/Users/SuprDewd/Documents/Projects/SharpBag/SharpBag.Tests/bin/Release/SharpBag.Tests.DLL" adapterTypeName="Microsoft.VisualStudio.TestTools.TestTypes.Unit.UnitTestAdapter, Microsoft.VisualStudio.QualityTools.Tips.UnitTest.Adapter, Version=10.0.0.0, Culture=neutral, PublicKeyToken=b03f5f7f11d50a3a" className="SharpBag.ExtensionsTest, SharpBag.Tests, Version=0.0.0.0, Culture=neutral, PublicKeyToken=null" name="IfNotNull0159701" />
    </UnitTest>
    <UnitTest name="ExecutionTimeThrowsContractException15" storage="c:\users\suprdewd\documents\projects\sharpbag\sharpbag.tests\bin\release\sharpbag.tests.dll" id="b43d3839-897a-8359-f8af-bc2aa0d853ca">
      <Execution id="8728d733-6d2f-498c-b726-7bbd3dd39463" />
      <TestMethod codeBase="C:/Users/SuprDewd/Documents/Projects/SharpBag/SharpBag.Tests/bin/Release/SharpBag.Tests.DLL" adapterTypeName="Microsoft.VisualStudio.TestTools.TestTypes.Unit.UnitTestAdapter, Microsoft.VisualStudio.QualityTools.Tips.UnitTest.Adapter, Version=10.0.0.0, Culture=neutral, PublicKeyToken=b03f5f7f11d50a3a" className="SharpBag.UtilsTest, SharpBag.Tests, Version=0.0.0.0, Culture=neutral, PublicKeyToken=null" name="ExecutionTimeThrowsContractException15" />
    </UnitTest>
    <UnitTest name="IfNotNull17303" storage="c:\users\suprdewd\documents\projects\sharpbag\sharpbag.tests\bin\release\sharpbag.tests.dll" id="d75bbbff-3e3e-ac68-2b4f-48cfb14f2d0a">
      <Execution id="db31437f-2e0e-448e-8ce6-7f0cab9db557" />
      <TestMethod codeBase="C:/Users/SuprDewd/Documents/Projects/SharpBag/SharpBag.Tests/bin/Release/SharpBag.Tests.DLL" adapterTypeName="Microsoft.VisualStudio.TestTools.TestTypes.Unit.UnitTestAdapter, Microsoft.VisualStudio.QualityTools.Tips.UnitTest.Adapter, Version=10.0.0.0, Culture=neutral, PublicKeyToken=b03f5f7f11d50a3a" className="SharpBag.ExtensionsTest, SharpBag.Tests, Version=0.0.0.0, Culture=neutral, PublicKeyToken=null" name="IfNotNull17303" />
    </UnitTest>
    <UnitTest name="As21512" storage="c:\users\suprdewd\documents\projects\sharpbag\sharpbag.tests\bin\release\sharpbag.tests.dll" id="5fca3757-7a2b-c50a-d1ee-768afad2bd70">
      <Execution id="274cc42a-f8b7-4652-bfb1-ca5002f6bc0e" />
      <TestMethod codeBase="C:/Users/SuprDewd/Documents/Projects/SharpBag/SharpBag.Tests/bin/Release/SharpBag.Tests.DLL" adapterTypeName="Microsoft.VisualStudio.TestTools.TestTypes.Unit.UnitTestAdapter, Microsoft.VisualStudio.QualityTools.Tips.UnitTest.Adapter, Version=10.0.0.0, Culture=neutral, PublicKeyToken=b03f5f7f11d50a3a" className="SharpBag.ExtensionsTest, SharpBag.Tests, Version=0.0.0.0, Culture=neutral, PublicKeyToken=null" name="As21512" />
    </UnitTest>
    <UnitTest name="Shuffle713" storage="c:\users\suprdewd\documents\projects\sharpbag\sharpbag.tests\bin\release\sharpbag.tests.dll" id="b81ff0f8-4bd4-95ca-3a1e-ebf2dd6ff95a">
      <Execution id="d0a7d5c3-c4ec-471c-87a2-00d02e35deca" />
      <TestMethod codeBase="C:/Users/SuprDewd/Documents/Projects/SharpBag/SharpBag.Tests/bin/Release/SharpBag.Tests.DLL" adapterTypeName="Microsoft.VisualStudio.TestTools.TestTypes.Unit.UnitTestAdapter, Microsoft.VisualStudio.QualityTools.Tips.UnitTest.Adapter, Version=10.0.0.0, Culture=neutral, PublicKeyToken=b03f5f7f11d50a3a" className="SharpBag.ExtensionsTest, SharpBag.Tests, Version=0.0.0.0, Culture=neutral, PublicKeyToken=null" name="Shuffle713" />
    </UnitTest>
    <UnitTest name="As21511" storage="c:\users\suprdewd\documents\projects\sharpbag\sharpbag.tests\bin\release\sharpbag.tests.dll" id="67dbcc00-13e5-f7dc-2520-6969d91ffbbc">
      <Execution id="dd9dfd46-481a-44a8-8f3a-31fa47c4f5a1" />
      <TestMethod codeBase="C:/Users/SuprDewd/Documents/Projects/SharpBag/SharpBag.Tests/bin/Release/SharpBag.Tests.DLL" adapterTypeName="Microsoft.VisualStudio.TestTools.TestTypes.Unit.UnitTestAdapter, Microsoft.VisualStudio.QualityTools.Tips.UnitTest.Adapter, Version=10.0.0.0, Culture=neutral, PublicKeyToken=b03f5f7f11d50a3a" className="SharpBag.ExtensionsTest, SharpBag.Tests, Version=0.0.0.0, Culture=neutral, PublicKeyToken=null" name="As21511" />
    </UnitTest>
    <UnitTest name="Fill57101" storage="c:\users\suprdewd\documents\projects\sharpbag\sharpbag.tests\bin\release\sharpbag.tests.dll" id="e860bbd5-6ce1-07c3-fd03-d14cbeda5d8f">
      <Execution id="983d573c-effd-4037-88ff-457d61806de0" />
      <TestMethod codeBase="C:/Users/SuprDewd/Documents/Projects/SharpBag/SharpBag.Tests/bin/Release/SharpBag.Tests.DLL" adapterTypeName="Microsoft.VisualStudio.TestTools.TestTypes.Unit.UnitTestAdapter, Microsoft.VisualStudio.QualityTools.Tips.UnitTest.Adapter, Version=10.0.0.0, Culture=neutral, PublicKeyToken=b03f5f7f11d50a3a" className="SharpBag.ExtensionsTest, SharpBag.Tests, Version=0.0.0.0, Culture=neutral, PublicKeyToken=null" name="Fill57101" />
    </UnitTest>
    <UnitTest name="Add88503" storage="c:\users\suprdewd\documents\projects\sharpbag\sharpbag.tests\bin\release\sharpbag.tests.dll" id="106b7a63-3c06-2f97-097e-1a5d38b1a1ac">
      <Execution id="d432da4f-7043-43a8-9650-a209834a73ca" />
      <TestMethod codeBase="C:/Users/SuprDewd/Documents/Projects/SharpBag/SharpBag.Tests/bin/Release/SharpBag.Tests.DLL" adapterTypeName="Microsoft.VisualStudio.TestTools.TestTypes.Unit.UnitTestAdapter, Microsoft.VisualStudio.QualityTools.Tips.UnitTest.Adapter, Version=10.0.0.0, Culture=neutral, PublicKeyToken=b03f5f7f11d50a3a" className="SharpBag.ExtensionsTest, SharpBag.Tests, Version=0.0.0.0, Culture=neutral, PublicKeyToken=null" name="Add88503" />
    </UnitTest>
    <UnitTest name="GetByPercentThrowsIndexOutOfRangeException858" storage="c:\users\suprdewd\documents\projects\sharpbag\sharpbag.tests\bin\release\sharpbag.tests.dll" id="16bc510b-963f-30e5-6517-13389edd4fdc">
      <Execution id="ce053529-d238-4aef-be4d-2e23750f8376" />
      <TestMethod codeBase="C:/Users/SuprDewd/Documents/Projects/SharpBag/SharpBag.Tests/bin/Release/SharpBag.Tests.DLL" adapterTypeName="Microsoft.VisualStudio.TestTools.TestTypes.Unit.UnitTestAdapter, Microsoft.VisualStudio.QualityTools.Tips.UnitTest.Adapter, Version=10.0.0.0, Culture=neutral, PublicKeyToken=b03f5f7f11d50a3a" className="SharpBag.ExtensionsTest, SharpBag.Tests, Version=0.0.0.0, Culture=neutral, PublicKeyToken=null" name="GetByPercentThrowsIndexOutOfRangeException858" />
    </UnitTest>
    <UnitTest name="ReadLinesFromConsole864" storage="c:\users\suprdewd\documents\projects\sharpbag\sharpbag.tests\bin\release\sharpbag.tests.dll" id="536b6a19-3a08-b70f-2e38-9f6c85ff083a">
      <Execution id="e12ab339-fc78-4e89-ac9d-987efcf0096b" />
      <TestMethod codeBase="C:/Users/SuprDewd/Documents/Projects/SharpBag/SharpBag.Tests/bin/Release/SharpBag.Tests.DLL" adapterTypeName="Microsoft.VisualStudio.TestTools.TestTypes.Unit.UnitTestAdapter, Microsoft.VisualStudio.QualityTools.Tips.UnitTest.Adapter, Version=10.0.0.0, Culture=neutral, PublicKeyToken=b03f5f7f11d50a3a" className="SharpBag.UtilsTest, SharpBag.Tests, Version=0.0.0.0, Culture=neutral, PublicKeyToken=null" name="ReadLinesFromConsole864" />
    </UnitTest>
    <UnitTest name="ToString01530" storage="c:\users\suprdewd\documents\projects\sharpbag\sharpbag.tests\bin\release\sharpbag.tests.dll" id="0cf9c414-1497-f4be-8e70-721d9337c834">
      <Execution id="b3a36590-883a-4828-8ae8-f8429b9e68a1" />
      <TestMethod codeBase="C:/Users/SuprDewd/Documents/Projects/SharpBag/SharpBag.Tests/bin/Release/SharpBag.Tests.DLL" adapterTypeName="Microsoft.VisualStudio.TestTools.TestTypes.Unit.UnitTestAdapter, Microsoft.VisualStudio.QualityTools.Tips.UnitTest.Adapter, Version=10.0.0.0, Culture=neutral, PublicKeyToken=b03f5f7f11d50a3a" className="SharpBag.Algorithms.PriorityQueueItemTTest, SharpBag.Tests, Version=0.0.0.0, Culture=neutral, PublicKeyToken=null" name="ToString01530" />
    </UnitTest>
    <UnitTest name="As0163202" storage="c:\users\suprdewd\documents\projects\sharpbag\sharpbag.tests\bin\release\sharpbag.tests.dll" id="5aba0e57-1e97-6240-5ce7-34738ec9892e">
      <Execution id="33a6cdcc-a546-4d00-9019-902cbbb5ef6b" />
      <TestMethod codeBase="C:/Users/SuprDewd/Documents/Projects/SharpBag/SharpBag.Tests/bin/Release/SharpBag.Tests.DLL" adapterTypeName="Microsoft.VisualStudio.TestTools.TestTypes.Unit.UnitTestAdapter, Microsoft.VisualStudio.QualityTools.Tips.UnitTest.Adapter, Version=10.0.0.0, Culture=neutral, PublicKeyToken=b03f5f7f11d50a3a" className="SharpBag.ExtensionsTest, SharpBag.Tests, Version=0.0.0.0, Culture=neutral, PublicKeyToken=null" name="As0163202" />
    </UnitTest>
    <UnitTest name="GenerateThrowsContractException133" storage="c:\users\suprdewd\documents\projects\sharpbag\sharpbag.tests\bin\release\sharpbag.tests.dll" id="54c53908-aa18-b805-dfbf-38b92f93913c">
      <Execution id="13039d9d-cbf7-4fc2-9e56-d6b4331fa19e" />
      <TestMethod codeBase="C:/Users/SuprDewd/Documents/Projects/SharpBag/SharpBag.Tests/bin/Release/SharpBag.Tests.DLL" adapterTypeName="Microsoft.VisualStudio.TestTools.TestTypes.Unit.UnitTestAdapter, Microsoft.VisualStudio.QualityTools.Tips.UnitTest.Adapter, Version=10.0.0.0, Culture=neutral, PublicKeyToken=b03f5f7f11d50a3a" className="SharpBag.UtilsTest, SharpBag.Tests, Version=0.0.0.0, Culture=neutral, PublicKeyToken=null" name="GenerateThrowsContractException133" />
    </UnitTest>
    <UnitTest name="Add29603" storage="c:\users\suprdewd\documents\projects\sharpbag\sharpbag.tests\bin\release\sharpbag.tests.dll" id="b74830d0-a6ce-14b6-0d35-7c2e849267f3">
      <Execution id="a00e846d-4596-4a81-827b-37260238cec3" />
      <TestMethod codeBase="C:/Users/SuprDewd/Documents/Projects/SharpBag/SharpBag.Tests/bin/Release/SharpBag.Tests.DLL" adapterTypeName="Microsoft.VisualStudio.TestTools.TestTypes.Unit.UnitTestAdapter, Microsoft.VisualStudio.QualityTools.Tips.UnitTest.Adapter, Version=10.0.0.0, Culture=neutral, PublicKeyToken=b03f5f7f11d50a3a" className="SharpBag.ExtensionsTest, SharpBag.Tests, Version=0.0.0.0, Culture=neutral, PublicKeyToken=null" name="Add29603" />
    </UnitTest>
    <UnitTest name="As29401" storage="c:\users\suprdewd\documents\projects\sharpbag\sharpbag.tests\bin\release\sharpbag.tests.dll" id="9b2baef8-8cea-f431-96b6-95e1ddfaf4a9">
      <Execution id="8fe96efe-1f15-4164-9c5f-0cdd12110160" />
      <TestMethod codeBase="C:/Users/SuprDewd/Documents/Projects/SharpBag/SharpBag.Tests/bin/Release/SharpBag.Tests.DLL" adapterTypeName="Microsoft.VisualStudio.TestTools.TestTypes.Unit.UnitTestAdapter, Microsoft.VisualStudio.QualityTools.Tips.UnitTest.Adapter, Version=10.0.0.0, Culture=neutral, PublicKeyToken=b03f5f7f11d50a3a" className="SharpBag.ExtensionsTest, SharpBag.Tests, Version=0.0.0.0, Culture=neutral, PublicKeyToken=null" name="As29401" />
    </UnitTest>
    <UnitTest name="IfNotNull47703" storage="c:\users\suprdewd\documents\projects\sharpbag\sharpbag.tests\bin\release\sharpbag.tests.dll" id="d8af0a27-8cd9-d036-917e-00672cd2689b">
      <Execution id="939a8bb6-5297-481b-b8bc-5d74f94453f6" />
      <TestMethod codeBase="C:/Users/SuprDewd/Documents/Projects/SharpBag/SharpBag.Tests/bin/Release/SharpBag.Tests.DLL" adapterTypeName="Microsoft.VisualStudio.TestTools.TestTypes.Unit.UnitTestAdapter, Microsoft.VisualStudio.QualityTools.Tips.UnitTest.Adapter, Version=10.0.0.0, Culture=neutral, PublicKeyToken=b03f5f7f11d50a3a" className="SharpBag.ExtensionsTest, SharpBag.Tests, Version=0.0.0.0, Culture=neutral, PublicKeyToken=null" name="IfNotNull47703" />
    </UnitTest>
    <UnitTest name="Execute93301" storage="c:\users\suprdewd\documents\projects\sharpbag\sharpbag.tests\bin\release\sharpbag.tests.dll" id="fd09b993-a9b4-e74b-ac25-fcabec687112">
      <Execution id="70fe94e9-59cb-4f3a-aefc-21b74e28843c" />
      <TestMethod codeBase="C:/Users/SuprDewd/Documents/Projects/SharpBag/SharpBag.Tests/bin/Release/SharpBag.Tests.DLL" adapterTypeName="Microsoft.VisualStudio.TestTools.TestTypes.Unit.UnitTestAdapter, Microsoft.VisualStudio.QualityTools.Tips.UnitTest.Adapter, Version=10.0.0.0, Culture=neutral, PublicKeyToken=b03f5f7f11d50a3a" className="SharpBag.ExtensionsTest, SharpBag.Tests, Version=0.0.0.0, Culture=neutral, PublicKeyToken=null" name="Execute93301" />
    </UnitTest>
    <UnitTest name="Shuffle960" storage="c:\users\suprdewd\documents\projects\sharpbag\sharpbag.tests\bin\release\sharpbag.tests.dll" id="78cde1d7-dc20-60c9-ac3e-224ced9a536f">
      <Execution id="39cd224c-003c-441d-ad73-54640c9898f5" />
      <TestMethod codeBase="C:/Users/SuprDewd/Documents/Projects/SharpBag/SharpBag.Tests/bin/Release/SharpBag.Tests.DLL" adapterTypeName="Microsoft.VisualStudio.TestTools.TestTypes.Unit.UnitTestAdapter, Microsoft.VisualStudio.QualityTools.Tips.UnitTest.Adapter, Version=10.0.0.0, Culture=neutral, PublicKeyToken=b03f5f7f11d50a3a" className="SharpBag.ExtensionsTest, SharpBag.Tests, Version=0.0.0.0, Culture=neutral, PublicKeyToken=null" name="Shuffle960" />
    </UnitTest>
    <UnitTest name="As01403" storage="c:\users\suprdewd\documents\projects\sharpbag\sharpbag.tests\bin\release\sharpbag.tests.dll" id="baf4ce3c-1fc7-efc9-3438-7f66d5c18bcf">
      <Execution id="d53a335b-89e0-42ab-b9b9-ba79cab9844d" />
      <TestMethod codeBase="C:/Users/SuprDewd/Documents/Projects/SharpBag/SharpBag.Tests/bin/Release/SharpBag.Tests.DLL" adapterTypeName="Microsoft.VisualStudio.TestTools.TestTypes.Unit.UnitTestAdapter, Microsoft.VisualStudio.QualityTools.Tips.UnitTest.Adapter, Version=10.0.0.0, Culture=neutral, PublicKeyToken=b03f5f7f11d50a3a" className="SharpBag.ExtensionsTest, SharpBag.Tests, Version=0.0.0.0, Culture=neutral, PublicKeyToken=null" name="As01403" />
    </UnitTest>
    <UnitTest name="As0163219" storage="c:\users\suprdewd\documents\projects\sharpbag\sharpbag.tests\bin\release\sharpbag.tests.dll" id="40b13692-f736-7aca-afa5-678a24ba3ffc">
      <Execution id="7ed0ccd5-ac78-4b9b-ab24-6c661600af62" />
      <TestMethod codeBase="C:/Users/SuprDewd/Documents/Projects/SharpBag/SharpBag.Tests/bin/Release/SharpBag.Tests.DLL" adapterTypeName="Microsoft.VisualStudio.TestTools.TestTypes.Unit.UnitTestAdapter, Microsoft.VisualStudio.QualityTools.Tips.UnitTest.Adapter, Version=10.0.0.0, Culture=neutral, PublicKeyToken=b03f5f7f11d50a3a" className="SharpBag.ExtensionsTest, SharpBag.Tests, Version=0.0.0.0, Culture=neutral, PublicKeyToken=null" name="As0163219" />
    </UnitTest>
    <UnitTest name="Shuffle521" storage="c:\users\suprdewd\documents\projects\sharpbag\sharpbag.tests\bin\release\sharpbag.tests.dll" id="4a6ab862-71b2-27a3-9da1-313f7454d29c">
      <Execution id="f4f735d0-050d-4ad0-bec1-bc732cc98da2" />
      <TestMethod codeBase="C:/Users/SuprDewd/Documents/Projects/SharpBag/SharpBag.Tests/bin/Release/SharpBag.Tests.DLL" adapterTypeName="Microsoft.VisualStudio.TestTools.TestTypes.Unit.UnitTestAdapter, Microsoft.VisualStudio.QualityTools.Tips.UnitTest.Adapter, Version=10.0.0.0, Culture=neutral, PublicKeyToken=b03f5f7f11d50a3a" className="SharpBag.ExtensionsTest, SharpBag.Tests, Version=0.0.0.0, Culture=neutral, PublicKeyToken=null" name="Shuffle521" />
    </UnitTest>
    <UnitTest name="Times25801" storage="c:\users\suprdewd\documents\projects\sharpbag\sharpbag.tests\bin\release\sharpbag.tests.dll" id="54dfb2f2-edab-6914-c734-746381ef028e">
      <Execution id="c57da31c-edb2-428c-a3a5-4333730abb65" />
      <TestMethod codeBase="C:/Users/SuprDewd/Documents/Projects/SharpBag/SharpBag.Tests/bin/Release/SharpBag.Tests.DLL" adapterTypeName="Microsoft.VisualStudio.TestTools.TestTypes.Unit.UnitTestAdapter, Microsoft.VisualStudio.QualityTools.Tips.UnitTest.Adapter, Version=10.0.0.0, Culture=neutral, PublicKeyToken=b03f5f7f11d50a3a" className="SharpBag.ExtensionsTest, SharpBag.Tests, Version=0.0.0.0, Culture=neutral, PublicKeyToken=null" name="Times25801" />
    </UnitTest>
    <UnitTest name="As21514" storage="c:\users\suprdewd\documents\projects\sharpbag\sharpbag.tests\bin\release\sharpbag.tests.dll" id="7f68f257-d1bf-51ca-d4af-90bac0a65697">
      <Execution id="13321c77-7247-4c26-b436-82658f6f3219" />
      <TestMethod codeBase="C:/Users/SuprDewd/Documents/Projects/SharpBag/SharpBag.Tests/bin/Release/SharpBag.Tests.DLL" adapterTypeName="Microsoft.VisualStudio.TestTools.TestTypes.Unit.UnitTestAdapter, Microsoft.VisualStudio.QualityTools.Tips.UnitTest.Adapter, Version=10.0.0.0, Culture=neutral, PublicKeyToken=b03f5f7f11d50a3a" className="SharpBag.ExtensionsTest, SharpBag.Tests, Version=0.0.0.0, Culture=neutral, PublicKeyToken=null" name="As21514" />
    </UnitTest>
    <UnitTest name="TakeEvery57301" storage="c:\users\suprdewd\documents\projects\sharpbag\sharpbag.tests\bin\release\sharpbag.tests.dll" id="3febe6f3-67ab-23b3-dd85-d4b7c1206b0c">
      <Execution id="56bfded9-7737-4027-a1a7-cb0a8922d265" />
      <TestMethod codeBase="C:/Users/SuprDewd/Documents/Projects/SharpBag/SharpBag.Tests/bin/Release/SharpBag.Tests.DLL" adapterTypeName="Microsoft.VisualStudio.TestTools.TestTypes.Unit.UnitTestAdapter, Microsoft.VisualStudio.QualityTools.Tips.UnitTest.Adapter, Version=10.0.0.0, Culture=neutral, PublicKeyToken=b03f5f7f11d50a3a" className="SharpBag.ExtensionsTest, SharpBag.Tests, Version=0.0.0.0, Culture=neutral, PublicKeyToken=null" name="TakeEvery57301" />
    </UnitTest>
    <UnitTest name="As21519" storage="c:\users\suprdewd\documents\projects\sharpbag\sharpbag.tests\bin\release\sharpbag.tests.dll" id="b1e8fb4c-7380-ad76-529d-dbdac5528194">
      <Execution id="96a2496d-ce7f-4187-aacf-4c42af3455a8" />
      <TestMethod codeBase="C:/Users/SuprDewd/Documents/Projects/SharpBag/SharpBag.Tests/bin/Release/SharpBag.Tests.DLL" adapterTypeName="Microsoft.VisualStudio.TestTools.TestTypes.Unit.UnitTestAdapter, Microsoft.VisualStudio.QualityTools.Tips.UnitTest.Adapter, Version=10.0.0.0, Culture=neutral, PublicKeyToken=b03f5f7f11d50a3a" className="SharpBag.ExtensionsTest, SharpBag.Tests, Version=0.0.0.0, Culture=neutral, PublicKeyToken=null" name="As21519" />
    </UnitTest>
    <UnitTest name="ForEach78801" storage="c:\users\suprdewd\documents\projects\sharpbag\sharpbag.tests\bin\release\sharpbag.tests.dll" id="a45582f8-3825-adac-44bf-8fa9e3381e89">
      <Execution id="4b6d9f2f-e5af-44e1-a0b9-8f27ca33b495" />
      <TestMethod codeBase="C:/Users/SuprDewd/Documents/Projects/SharpBag/SharpBag.Tests/bin/Release/SharpBag.Tests.DLL" adapterTypeName="Microsoft.VisualStudio.TestTools.TestTypes.Unit.UnitTestAdapter, Microsoft.VisualStudio.QualityTools.Tips.UnitTest.Adapter, Version=10.0.0.0, Culture=neutral, PublicKeyToken=b03f5f7f11d50a3a" className="SharpBag.ExtensionsTest, SharpBag.Tests, Version=0.0.0.0, Culture=neutral, PublicKeyToken=null" name="ForEach78801" />
    </UnitTest>
    <UnitTest name="AsEnumerable0258803" storage="c:\users\suprdewd\documents\projects\sharpbag\sharpbag.tests\bin\release\sharpbag.tests.dll" id="4f308a7f-5339-1197-c196-e8c2a3294cdb">
      <Execution id="1312cf31-4cb1-453f-8581-d50c11328669" />
      <TestMethod codeBase="C:/Users/SuprDewd/Documents/Projects/SharpBag/SharpBag.Tests/bin/Release/SharpBag.Tests.DLL" adapterTypeName="Microsoft.VisualStudio.TestTools.TestTypes.Unit.UnitTestAdapter, Microsoft.VisualStudio.QualityTools.Tips.UnitTest.Adapter, Version=10.0.0.0, Culture=neutral, PublicKeyToken=b03f5f7f11d50a3a" className="SharpBag.ExtensionsTest, SharpBag.Tests, Version=0.0.0.0, Culture=neutral, PublicKeyToken=null" name="AsEnumerable0258803" />
    </UnitTest>
    <UnitTest name="Fill0157104" storage="c:\users\suprdewd\documents\projects\sharpbag\sharpbag.tests\bin\release\sharpbag.tests.dll" id="d5027f5f-1da1-2a25-97cf-1e7da6a062b5">
      <Execution id="bbc79579-eb99-4659-9888-84b145fb5a54" />
      <TestMethod codeBase="C:/Users/SuprDewd/Documents/Projects/SharpBag/SharpBag.Tests/bin/Release/SharpBag.Tests.DLL" adapterTypeName="Microsoft.VisualStudio.TestTools.TestTypes.Unit.UnitTestAdapter, Microsoft.VisualStudio.QualityTools.Tips.UnitTest.Adapter, Version=10.0.0.0, Culture=neutral, PublicKeyToken=b03f5f7f11d50a3a" className="SharpBag.ExtensionsTest, SharpBag.Tests, Version=0.0.0.0, Culture=neutral, PublicKeyToken=null" name="Fill0157104" />
    </UnitTest>
    <UnitTest name="EmptyIfNull12201" storage="c:\users\suprdewd\documents\projects\sharpbag\sharpbag.tests\bin\release\sharpbag.tests.dll" id="dfa79718-b47c-3d98-c515-96c741fc2ad6">
      <Execution id="47463258-56e6-4bae-be50-68be38e30f56" />
      <TestMethod codeBase="C:/Users/SuprDewd/Documents/Projects/SharpBag/SharpBag.Tests/bin/Release/SharpBag.Tests.DLL" adapterTypeName="Microsoft.VisualStudio.TestTools.TestTypes.Unit.UnitTestAdapter, Microsoft.VisualStudio.QualityTools.Tips.UnitTest.Adapter, Version=10.0.0.0, Culture=neutral, PublicKeyToken=b03f5f7f11d50a3a" className="SharpBag.ExtensionsTest, SharpBag.Tests, Version=0.0.0.0, Culture=neutral, PublicKeyToken=null" name="EmptyIfNull12201" />
    </UnitTest>
    <UnitTest name="SubarrayThrowsContractException629" storage="c:\users\suprdewd\documents\projects\sharpbag\sharpbag.tests\bin\release\sharpbag.tests.dll" id="c2a16b22-9983-ed58-4351-7fd3ef453798">
      <Execution id="a24f9cd4-ba85-48fc-8773-eeebcfb6a9c0" />
      <TestMethod codeBase="C:/Users/SuprDewd/Documents/Projects/SharpBag/SharpBag.Tests/bin/Release/SharpBag.Tests.DLL" adapterTypeName="Microsoft.VisualStudio.TestTools.TestTypes.Unit.UnitTestAdapter, Microsoft.VisualStudio.QualityTools.Tips.UnitTest.Adapter, Version=10.0.0.0, Culture=neutral, PublicKeyToken=b03f5f7f11d50a3a" className="SharpBag.ExtensionsTest, SharpBag.Tests, Version=0.0.0.0, Culture=neutral, PublicKeyToken=null" name="SubarrayThrowsContractException629" />
    </UnitTest>
    <UnitTest name="IfNotNull477" storage="c:\users\suprdewd\documents\projects\sharpbag\sharpbag.tests\bin\release\sharpbag.tests.dll" id="fc92c33d-a24e-4715-be4e-9ee45be3958a">
      <Execution id="2b7413a0-dca8-43d7-a876-19a6c5a47eaa" />
      <TestMethod codeBase="C:/Users/SuprDewd/Documents/Projects/SharpBag/SharpBag.Tests/bin/Release/SharpBag.Tests.DLL" adapterTypeName="Microsoft.VisualStudio.TestTools.TestTypes.Unit.UnitTestAdapter, Microsoft.VisualStudio.QualityTools.Tips.UnitTest.Adapter, Version=10.0.0.0, Culture=neutral, PublicKeyToken=b03f5f7f11d50a3a" className="SharpBag.ExtensionsTest, SharpBag.Tests, Version=0.0.0.0, Culture=neutral, PublicKeyToken=null" name="IfNotNull477" />
    </UnitTest>
    <UnitTest name="As0163201" storage="c:\users\suprdewd\documents\projects\sharpbag\sharpbag.tests\bin\release\sharpbag.tests.dll" id="f4fcc51c-8f8e-7431-03c1-95529343e3ab">
      <Execution id="407a46f5-ee81-40da-98c2-d8c73757721c" />
      <TestMethod codeBase="C:/Users/SuprDewd/Documents/Projects/SharpBag/SharpBag.Tests/bin/Release/SharpBag.Tests.DLL" adapterTypeName="Microsoft.VisualStudio.TestTools.TestTypes.Unit.UnitTestAdapter, Microsoft.VisualStudio.QualityTools.Tips.UnitTest.Adapter, Version=10.0.0.0, Culture=neutral, PublicKeyToken=b03f5f7f11d50a3a" className="SharpBag.ExtensionsTest, SharpBag.Tests, Version=0.0.0.0, Culture=neutral, PublicKeyToken=null" name="As0163201" />
    </UnitTest>
    <UnitTest name="CollatzCount606" storage="c:\users\suprdewd\documents\projects\sharpbag\sharpbag.tests\bin\release\sharpbag.tests.dll" id="ebf62956-8cad-1ea9-be23-3282e8e24cf9">
      <Execution id="29e60cdb-e45f-4399-90a2-856d28610fbc" />
      <TestMethod codeBase="C:/Users/SuprDewd/Documents/Projects/SharpBag/SharpBag.Tests/bin/Release/SharpBag.Tests.DLL" adapterTypeName="Microsoft.VisualStudio.TestTools.TestTypes.Unit.UnitTestAdapter, Microsoft.VisualStudio.QualityTools.Tips.UnitTest.Adapter, Version=10.0.0.0, Culture=neutral, PublicKeyToken=b03f5f7f11d50a3a" className="SharpBag.Math.MathExtensionsTest, SharpBag.Tests, Version=0.0.0.0, Culture=neutral, PublicKeyToken=null" name="CollatzCount606" />
    </UnitTest>
    <UnitTest name="As92801" storage="c:\users\suprdewd\documents\projects\sharpbag\sharpbag.tests\bin\release\sharpbag.tests.dll" id="43ec9cb9-8bbb-8dbf-cdc5-7d3a31acaa9d">
      <Execution id="bfdcfa40-00ee-4bd0-8fd9-50e04fc6be2a" />
      <TestMethod codeBase="C:/Users/SuprDewd/Documents/Projects/SharpBag/SharpBag.Tests/bin/Release/SharpBag.Tests.DLL" adapterTypeName="Microsoft.VisualStudio.TestTools.TestTypes.Unit.UnitTestAdapter, Microsoft.VisualStudio.QualityTools.Tips.UnitTest.Adapter, Version=10.0.0.0, Culture=neutral, PublicKeyToken=b03f5f7f11d50a3a" className="SharpBag.ExtensionsTest, SharpBag.Tests, Version=0.0.0.0, Culture=neutral, PublicKeyToken=null" name="As92801" />
    </UnitTest>
    <UnitTest name="As01983" storage="c:\users\suprdewd\documents\projects\sharpbag\sharpbag.tests\bin\release\sharpbag.tests.dll" id="f50339b2-56a6-fab9-1b43-e437b5e0a59d">
      <Execution id="319262a7-2dd4-49ae-a49c-f7773503fb7e" />
      <TestMethod codeBase="C:/Users/SuprDewd/Documents/Projects/SharpBag/SharpBag.Tests/bin/Release/SharpBag.Tests.DLL" adapterTypeName="Microsoft.VisualStudio.TestTools.TestTypes.Unit.UnitTestAdapter, Microsoft.VisualStudio.QualityTools.Tips.UnitTest.Adapter, Version=10.0.0.0, Culture=neutral, PublicKeyToken=b03f5f7f11d50a3a" className="SharpBag.ExtensionsTest, SharpBag.Tests, Version=0.0.0.0, Culture=neutral, PublicKeyToken=null" name="As01983" />
    </UnitTest>
    <UnitTest name="IfNotNull47701" storage="c:\users\suprdewd\documents\projects\sharpbag\sharpbag.tests\bin\release\sharpbag.tests.dll" id="69d4fcec-3787-b518-9138-fc65c3d09ecc">
      <Execution id="9d8c1b76-9369-4eac-ac53-1671b1d084ea" />
      <TestMethod codeBase="C:/Users/SuprDewd/Documents/Projects/SharpBag/SharpBag.Tests/bin/Release/SharpBag.Tests.DLL" adapterTypeName="Microsoft.VisualStudio.TestTools.TestTypes.Unit.UnitTestAdapter, Microsoft.VisualStudio.QualityTools.Tips.UnitTest.Adapter, Version=10.0.0.0, Culture=neutral, PublicKeyToken=b03f5f7f11d50a3a" className="SharpBag.ExtensionsTest, SharpBag.Tests, Version=0.0.0.0, Culture=neutral, PublicKeyToken=null" name="IfNotNull47701" />
    </UnitTest>
    <UnitTest name="CastAs43401" storage="c:\users\suprdewd\documents\projects\sharpbag\sharpbag.tests\bin\release\sharpbag.tests.dll" id="b1b3cc0b-6a90-d0f7-3c02-c76d499b2ee2">
      <Execution id="2b0f1ea5-c6dc-4657-8afe-745ce2681e4c" />
      <TestMethod codeBase="C:/Users/SuprDewd/Documents/Projects/SharpBag/SharpBag.Tests/bin/Release/SharpBag.Tests.DLL" adapterTypeName="Microsoft.VisualStudio.TestTools.TestTypes.Unit.UnitTestAdapter, Microsoft.VisualStudio.QualityTools.Tips.UnitTest.Adapter, Version=10.0.0.0, Culture=neutral, PublicKeyToken=b03f5f7f11d50a3a" className="SharpBag.ExtensionsTest, SharpBag.Tests, Version=0.0.0.0, Culture=neutral, PublicKeyToken=null" name="CastAs43401" />
    </UnitTest>
    <UnitTest name="As21516" storage="c:\users\suprdewd\documents\projects\sharpbag\sharpbag.tests\bin\release\sharpbag.tests.dll" id="15f6ec28-2881-7c22-a597-01fe1093749a">
      <Execution id="899581f0-9e4c-475f-b72e-a2e171083c66" />
      <TestMethod codeBase="C:/Users/SuprDewd/Documents/Projects/SharpBag/SharpBag.Tests/bin/Release/SharpBag.Tests.DLL" adapterTypeName="Microsoft.VisualStudio.TestTools.TestTypes.Unit.UnitTestAdapter, Microsoft.VisualStudio.QualityTools.Tips.UnitTest.Adapter, Version=10.0.0.0, Culture=neutral, PublicKeyToken=b03f5f7f11d50a3a" className="SharpBag.ExtensionsTest, SharpBag.Tests, Version=0.0.0.0, Culture=neutral, PublicKeyToken=null" name="As21516" />
    </UnitTest>
    <UnitTest name="IsIn3401" storage="c:\users\suprdewd\documents\projects\sharpbag\sharpbag.tests\bin\release\sharpbag.tests.dll" id="67a4c730-5c5c-6d36-4a1d-33cc4b179e29">
      <Execution id="1bd7f9b0-e74b-4ae2-8807-ec759a8c1751" />
      <TestMethod codeBase="C:/Users/SuprDewd/Documents/Projects/SharpBag/SharpBag.Tests/bin/Release/SharpBag.Tests.DLL" adapterTypeName="Microsoft.VisualStudio.TestTools.TestTypes.Unit.UnitTestAdapter, Microsoft.VisualStudio.QualityTools.Tips.UnitTest.Adapter, Version=10.0.0.0, Culture=neutral, PublicKeyToken=b03f5f7f11d50a3a" className="SharpBag.ExtensionsTest, SharpBag.Tests, Version=0.0.0.0, Culture=neutral, PublicKeyToken=null" name="IsIn3401" />
    </UnitTest>
    <UnitTest name="IfNotNull0192302" storage="c:\users\suprdewd\documents\projects\sharpbag\sharpbag.tests\bin\release\sharpbag.tests.dll" id="a65b5eab-4121-901b-449c-fc9aba07d07b">
      <Execution id="9c224c42-90af-4e85-947c-eac0beed0679" />
      <TestMethod codeBase="C:/Users/SuprDewd/Documents/Projects/SharpBag/SharpBag.Tests/bin/Release/SharpBag.Tests.DLL" adapterTypeName="Microsoft.VisualStudio.TestTools.TestTypes.Unit.UnitTestAdapter, Microsoft.VisualStudio.QualityTools.Tips.UnitTest.Adapter, Version=10.0.0.0, Culture=neutral, PublicKeyToken=b03f5f7f11d50a3a" className="SharpBag.ExtensionsTest, SharpBag.Tests, Version=0.0.0.0, Culture=neutral, PublicKeyToken=null" name="IfNotNull0192302" />
    </UnitTest>
    <UnitTest name="FillThrowsContractException503" storage="c:\users\suprdewd\documents\projects\sharpbag\sharpbag.tests\bin\release\sharpbag.tests.dll" id="9c395ae5-eee8-5ee4-9bdc-e5fb08218b2e">
      <Execution id="b698a22f-4859-4100-b53e-d2ac88fdc299" />
      <TestMethod codeBase="C:/Users/SuprDewd/Documents/Projects/SharpBag/SharpBag.Tests/bin/Release/SharpBag.Tests.DLL" adapterTypeName="Microsoft.VisualStudio.TestTools.TestTypes.Unit.UnitTestAdapter, Microsoft.VisualStudio.QualityTools.Tips.UnitTest.Adapter, Version=10.0.0.0, Culture=neutral, PublicKeyToken=b03f5f7f11d50a3a" className="SharpBag.ExtensionsTest, SharpBag.Tests, Version=0.0.0.0, Culture=neutral, PublicKeyToken=null" name="FillThrowsContractException503" />
    </UnitTest>
    <UnitTest name="GetByPercentThrowsContractException122" storage="c:\users\suprdewd\documents\projects\sharpbag\sharpbag.tests\bin\release\sharpbag.tests.dll" id="adb8d414-ae64-3ae2-d846-3626315ffdc3">
      <Execution id="76c606fb-73c5-4e74-954f-f2ee6551d510" />
      <TestMethod codeBase="C:/Users/SuprDewd/Documents/Projects/SharpBag/SharpBag.Tests/bin/Release/SharpBag.Tests.DLL" adapterTypeName="Microsoft.VisualStudio.TestTools.TestTypes.Unit.UnitTestAdapter, Microsoft.VisualStudio.QualityTools.Tips.UnitTest.Adapter, Version=10.0.0.0, Culture=neutral, PublicKeyToken=b03f5f7f11d50a3a" className="SharpBag.ExtensionsTest, SharpBag.Tests, Version=0.0.0.0, Culture=neutral, PublicKeyToken=null" name="GetByPercentThrowsContractException122" />
    </UnitTest>
    <UnitTest name="As601" storage="c:\users\suprdewd\documents\projects\sharpbag\sharpbag.tests\bin\release\sharpbag.tests.dll" id="1ba64111-f510-59f1-348e-baa48180e56e">
      <Execution id="658ee8ca-7a4a-439d-a3f0-3ed6d0d84a84" />
      <TestMethod codeBase="C:/Users/SuprDewd/Documents/Projects/SharpBag/SharpBag.Tests/bin/Release/SharpBag.Tests.DLL" adapterTypeName="Microsoft.VisualStudio.TestTools.TestTypes.Unit.UnitTestAdapter, Microsoft.VisualStudio.QualityTools.Tips.UnitTest.Adapter, Version=10.0.0.0, Culture=neutral, PublicKeyToken=b03f5f7f11d50a3a" className="SharpBag.ExtensionsTest, SharpBag.Tests, Version=0.0.0.0, Culture=neutral, PublicKeyToken=null" name="As601" />
    </UnitTest>
    <UnitTest name="ForEach78804" storage="c:\users\suprdewd\documents\projects\sharpbag\sharpbag.tests\bin\release\sharpbag.tests.dll" id="9a12b8c7-dd2a-27a8-8e5c-846cf91e7a67">
      <Execution id="129f7281-cd17-4363-abaa-d580baa84c8a" />
      <TestMethod codeBase="C:/Users/SuprDewd/Documents/Projects/SharpBag/SharpBag.Tests/bin/Release/SharpBag.Tests.DLL" adapterTypeName="Microsoft.VisualStudio.TestTools.TestTypes.Unit.UnitTestAdapter, Microsoft.VisualStudio.QualityTools.Tips.UnitTest.Adapter, Version=10.0.0.0, Culture=neutral, PublicKeyToken=b03f5f7f11d50a3a" className="SharpBag.ExtensionsTest, SharpBag.Tests, Version=0.0.0.0, Culture=neutral, PublicKeyToken=null" name="ForEach78804" />
    </UnitTest>
    <UnitTest name="As0166403" storage="c:\users\suprdewd\documents\projects\sharpbag\sharpbag.tests\bin\release\sharpbag.tests.dll" id="4c1abec7-91f0-7672-2e0f-302cf26fbd1a">
      <Execution id="c63d1ab2-7319-4cd0-95c4-67796e5a9a4e" />
      <TestMethod codeBase="C:/Users/SuprDewd/Documents/Projects/SharpBag/SharpBag.Tests/bin/Release/SharpBag.Tests.DLL" adapterTypeName="Microsoft.VisualStudio.TestTools.TestTypes.Unit.UnitTestAdapter, Microsoft.VisualStudio.QualityTools.Tips.UnitTest.Adapter, Version=10.0.0.0, Culture=neutral, PublicKeyToken=b03f5f7f11d50a3a" className="SharpBag.ExtensionsTest, SharpBag.Tests, Version=0.0.0.0, Culture=neutral, PublicKeyToken=null" name="As0166403" />
    </UnitTest>
    <UnitTest name="AsEnumerable56004" storage="c:\users\suprdewd\documents\projects\sharpbag\sharpbag.tests\bin\release\sharpbag.tests.dll" id="9611d5ba-c78e-b7b6-592f-64194d91b456">
      <Execution id="843b8d71-640c-4916-8ad0-fe271392eaf2" />
      <TestMethod codeBase="C:/Users/SuprDewd/Documents/Projects/SharpBag/SharpBag.Tests/bin/Release/SharpBag.Tests.DLL" adapterTypeName="Microsoft.VisualStudio.TestTools.TestTypes.Unit.UnitTestAdapter, Microsoft.VisualStudio.QualityTools.Tips.UnitTest.Adapter, Version=10.0.0.0, Culture=neutral, PublicKeyToken=b03f5f7f11d50a3a" className="SharpBag.ExtensionsTest, SharpBag.Tests, Version=0.0.0.0, Culture=neutral, PublicKeyToken=null" name="AsEnumerable56004" />
    </UnitTest>
    <UnitTest name="ToDictionary65201" storage="c:\users\suprdewd\documents\projects\sharpbag\sharpbag.tests\bin\release\sharpbag.tests.dll" id="6b5ea87c-ca8e-cd07-2a54-53cd363577f8">
      <Execution id="3bb2b080-5bbd-490a-abc1-6315c5dc4984" />
      <TestMethod codeBase="C:/Users/SuprDewd/Documents/Projects/SharpBag/SharpBag.Tests/bin/Release/SharpBag.Tests.DLL" adapterTypeName="Microsoft.VisualStudio.TestTools.TestTypes.Unit.UnitTestAdapter, Microsoft.VisualStudio.QualityTools.Tips.UnitTest.Adapter, Version=10.0.0.0, Culture=neutral, PublicKeyToken=b03f5f7f11d50a3a" className="SharpBag.ExtensionsTest, SharpBag.Tests, Version=0.0.0.0, Culture=neutral, PublicKeyToken=null" name="ToDictionary65201" />
    </UnitTest>
    <UnitTest name="As0163208" storage="c:\users\suprdewd\documents\projects\sharpbag\sharpbag.tests\bin\release\sharpbag.tests.dll" id="b51e8365-ff64-84bf-89d7-6e6cedcc3dbf">
      <Execution id="f43adb83-3822-453b-9385-042474d536c1" />
      <TestMethod codeBase="C:/Users/SuprDewd/Documents/Projects/SharpBag/SharpBag.Tests/bin/Release/SharpBag.Tests.DLL" adapterTypeName="Microsoft.VisualStudio.TestTools.TestTypes.Unit.UnitTestAdapter, Microsoft.VisualStudio.QualityTools.Tips.UnitTest.Adapter, Version=10.0.0.0, Culture=neutral, PublicKeyToken=b03f5f7f11d50a3a" className="SharpBag.ExtensionsTest, SharpBag.Tests, Version=0.0.0.0, Culture=neutral, PublicKeyToken=null" name="As0163208" />
    </UnitTest>
    <UnitTest name="IfNotNull01ThrowsContractException904" storage="c:\users\suprdewd\documents\projects\sharpbag\sharpbag.tests\bin\release\sharpbag.tests.dll" id="0161e0da-ca21-0417-0696-663c1366fbb8">
      <Execution id="66c42e9d-7903-4301-accb-ebf38538038a" />
      <TestMethod codeBase="C:/Users/SuprDewd/Documents/Projects/SharpBag/SharpBag.Tests/bin/Release/SharpBag.Tests.DLL" adapterTypeName="Microsoft.VisualStudio.TestTools.TestTypes.Unit.UnitTestAdapter, Microsoft.VisualStudio.QualityTools.Tips.UnitTest.Adapter, Version=10.0.0.0, Culture=neutral, PublicKeyToken=b03f5f7f11d50a3a" className="SharpBag.ExtensionsTest, SharpBag.Tests, Version=0.0.0.0, Culture=neutral, PublicKeyToken=null" name="IfNotNull01ThrowsContractException904" />
    </UnitTest>
    <UnitTest name="GenerateEndlessThrowsContractException760" storage="c:\users\suprdewd\documents\projects\sharpbag\sharpbag.tests\bin\release\sharpbag.tests.dll" id="16eccf92-0ec9-930b-cfbe-252e74468966">
      <Execution id="efb4c22c-f74a-4318-83ef-c10269580e72" />
      <TestMethod codeBase="C:/Users/SuprDewd/Documents/Projects/SharpBag/SharpBag.Tests/bin/Release/SharpBag.Tests.DLL" adapterTypeName="Microsoft.VisualStudio.TestTools.TestTypes.Unit.UnitTestAdapter, Microsoft.VisualStudio.QualityTools.Tips.UnitTest.Adapter, Version=10.0.0.0, Culture=neutral, PublicKeyToken=b03f5f7f11d50a3a" className="SharpBag.UtilsTest, SharpBag.Tests, Version=0.0.0.0, Culture=neutral, PublicKeyToken=null" name="GenerateEndlessThrowsContractException760" />
    </UnitTest>
    <UnitTest name="AsEnumerable0314803" storage="c:\users\suprdewd\documents\projects\sharpbag\sharpbag.tests\bin\release\sharpbag.tests.dll" id="11187b04-c546-bd3e-0bbb-d3f71bff1f4f">
      <Execution id="261ed371-f25e-4c2a-b028-9374cce347c0" />
      <TestMethod codeBase="C:/Users/SuprDewd/Documents/Projects/SharpBag/SharpBag.Tests/bin/Release/SharpBag.Tests.DLL" adapterTypeName="Microsoft.VisualStudio.TestTools.TestTypes.Unit.UnitTestAdapter, Microsoft.VisualStudio.QualityTools.Tips.UnitTest.Adapter, Version=10.0.0.0, Culture=neutral, PublicKeyToken=b03f5f7f11d50a3a" className="SharpBag.ExtensionsTest, SharpBag.Tests, Version=0.0.0.0, Culture=neutral, PublicKeyToken=null" name="AsEnumerable0314803" />
    </UnitTest>
    <UnitTest name="ExecutionTime01ThrowsContractException820" storage="c:\users\suprdewd\documents\projects\sharpbag\sharpbag.tests\bin\release\sharpbag.tests.dll" id="2f5ec1c4-04f0-fa9c-5150-6f7abf584f74">
      <Execution id="834acc3d-03f6-4909-90bc-83994b7fe14d" />
      <TestMethod codeBase="C:/Users/SuprDewd/Documents/Projects/SharpBag/SharpBag.Tests/bin/Release/SharpBag.Tests.DLL" adapterTypeName="Microsoft.VisualStudio.TestTools.TestTypes.Unit.UnitTestAdapter, Microsoft.VisualStudio.QualityTools.Tips.UnitTest.Adapter, Version=10.0.0.0, Culture=neutral, PublicKeyToken=b03f5f7f11d50a3a" className="SharpBag.UtilsTest, SharpBag.Tests, Version=0.0.0.0, Culture=neutral, PublicKeyToken=null" name="ExecutionTime01ThrowsContractException820" />
    </UnitTest>
    <UnitTest name="GetLuminosityThrowsContractException408" storage="c:\users\suprdewd\documents\projects\sharpbag\sharpbag.tests\bin\release\sharpbag.tests.dll" id="966b1426-163f-7f22-4eab-268da60e78c2">
      <Execution id="6b1d53f9-b13a-41de-963d-164468b8aee6" />
      <TestMethod codeBase="C:/Users/SuprDewd/Documents/Projects/SharpBag/SharpBag.Tests/bin/Release/SharpBag.Tests.DLL" adapterTypeName="Microsoft.VisualStudio.TestTools.TestTypes.Unit.UnitTestAdapter, Microsoft.VisualStudio.QualityTools.Tips.UnitTest.Adapter, Version=10.0.0.0, Culture=neutral, PublicKeyToken=b03f5f7f11d50a3a" className="SharpBag.Media.MediaExtensionsTest, SharpBag.Tests, Version=0.0.0.0, Culture=neutral, PublicKeyToken=null" name="GetLuminosityThrowsContractException408" />
    </UnitTest>
    <UnitTest name="IsPortFree204" storage="c:\users\suprdewd\documents\projects\sharpbag\sharpbag.tests\bin\release\sharpbag.tests.dll" id="c5e910ca-b0f3-fe99-9027-8d0c98206539">
      <Execution id="c8faba56-6d7b-4538-878e-148d634fe5ae" />
      <TestMethod codeBase="C:/Users/SuprDewd/Documents/Projects/SharpBag/SharpBag.Tests/bin/Release/SharpBag.Tests.DLL" adapterTypeName="Microsoft.VisualStudio.TestTools.TestTypes.Unit.UnitTestAdapter, Microsoft.VisualStudio.QualityTools.Tips.UnitTest.Adapter, Version=10.0.0.0, Culture=neutral, PublicKeyToken=b03f5f7f11d50a3a" className="SharpBag.Net.InternetTest, SharpBag.Tests, Version=0.0.0.0, Culture=neutral, PublicKeyToken=null" name="IsPortFree204" />
    </UnitTest>
    <UnitTest name="Bound171" storage="c:\users\suprdewd\documents\projects\sharpbag\sharpbag.tests\bin\release\sharpbag.tests.dll" id="e2cc1bd6-a2a2-cb02-4b55-fe1eccb8526b">
      <Execution id="a2bc3e11-d68a-4163-8fbf-21ca5903decf" />
      <TestMethod codeBase="C:/Users/SuprDewd/Documents/Projects/SharpBag/SharpBag.Tests/bin/Release/SharpBag.Tests.DLL" adapterTypeName="Microsoft.VisualStudio.TestTools.TestTypes.Unit.UnitTestAdapter, Microsoft.VisualStudio.QualityTools.Tips.UnitTest.Adapter, Version=10.0.0.0, Culture=neutral, PublicKeyToken=b03f5f7f11d50a3a" className="SharpBag.Math.MathExtensionsTest, SharpBag.Tests, Version=0.0.0.0, Culture=neutral, PublicKeyToken=null" name="Bound171" />
    </UnitTest>
    <UnitTest name="GenerateEndless277" storage="c:\users\suprdewd\documents\projects\sharpbag\sharpbag.tests\bin\release\sharpbag.tests.dll" id="1fd730db-48ad-68c2-a560-921c988f9a38">
      <Execution id="3cd2f1c0-7df8-450b-9655-77c95ebdd83f" />
      <TestMethod codeBase="C:/Users/SuprDewd/Documents/Projects/SharpBag/SharpBag.Tests/bin/Release/SharpBag.Tests.DLL" adapterTypeName="Microsoft.VisualStudio.TestTools.TestTypes.Unit.UnitTestAdapter, Microsoft.VisualStudio.QualityTools.Tips.UnitTest.Adapter, Version=10.0.0.0, Culture=neutral, PublicKeyToken=b03f5f7f11d50a3a" className="SharpBag.UtilsTest, SharpBag.Tests, Version=0.0.0.0, Culture=neutral, PublicKeyToken=null" name="GenerateEndless277" />
    </UnitTest>
    <UnitTest name="ReadLinesFromFileThrowsContractException787" storage="c:\users\suprdewd\documents\projects\sharpbag\sharpbag.tests\bin\release\sharpbag.tests.dll" id="eda1af69-c93e-56bb-5fe9-14115441188c">
      <Execution id="100929a6-c8ae-4626-a4f8-0013874f18ef" />
      <TestMethod codeBase="C:/Users/SuprDewd/Documents/Projects/SharpBag/SharpBag.Tests/bin/Release/SharpBag.Tests.DLL" adapterTypeName="Microsoft.VisualStudio.TestTools.TestTypes.Unit.UnitTestAdapter, Microsoft.VisualStudio.QualityTools.Tips.UnitTest.Adapter, Version=10.0.0.0, Culture=neutral, PublicKeyToken=b03f5f7f11d50a3a" className="SharpBag.UtilsTest, SharpBag.Tests, Version=0.0.0.0, Culture=neutral, PublicKeyToken=null" name="ReadLinesFromFileThrowsContractException787" />
    </UnitTest>
    <UnitTest name="As0132105" storage="c:\users\suprdewd\documents\projects\sharpbag\sharpbag.tests\bin\release\sharpbag.tests.dll" id="febe8afb-7bc1-3f13-831b-73b163a8c327">
      <Execution id="61aa932e-b381-4cf9-8369-d4e549a310fa" />
      <TestMethod codeBase="C:/Users/SuprDewd/Documents/Projects/SharpBag/SharpBag.Tests/bin/Release/SharpBag.Tests.DLL" adapterTypeName="Microsoft.VisualStudio.TestTools.TestTypes.Unit.UnitTestAdapter, Microsoft.VisualStudio.QualityTools.Tips.UnitTest.Adapter, Version=10.0.0.0, Culture=neutral, PublicKeyToken=b03f5f7f11d50a3a" className="SharpBag.ExtensionsTest, SharpBag.Tests, Version=0.0.0.0, Culture=neutral, PublicKeyToken=null" name="As0132105" />
    </UnitTest>
    <UnitTest name="UnionAll13601" storage="c:\users\suprdewd\documents\projects\sharpbag\sharpbag.tests\bin\release\sharpbag.tests.dll" id="382ae704-dd0b-2259-d31c-dfbfb69a1305">
      <Execution id="88f766eb-b246-4659-942e-86c0a15dea02" />
      <TestMethod codeBase="C:/Users/SuprDewd/Documents/Projects/SharpBag/SharpBag.Tests/bin/Release/SharpBag.Tests.DLL" adapterTypeName="Microsoft.VisualStudio.TestTools.TestTypes.Unit.UnitTestAdapter, Microsoft.VisualStudio.QualityTools.Tips.UnitTest.Adapter, Version=10.0.0.0, Culture=neutral, PublicKeyToken=b03f5f7f11d50a3a" className="SharpBag.ExtensionsTest, SharpBag.Tests, Version=0.0.0.0, Culture=neutral, PublicKeyToken=null" name="UnionAll13601" />
    </UnitTest>
    <UnitTest name="As0163206" storage="c:\users\suprdewd\documents\projects\sharpbag\sharpbag.tests\bin\release\sharpbag.tests.dll" id="e3e433dc-f656-51bd-faab-b6cc3200c3cc">
      <Execution id="dfce3d5a-bfdb-44d7-842f-e1869cc6f225" />
      <TestMethod codeBase="C:/Users/SuprDewd/Documents/Projects/SharpBag/SharpBag.Tests/bin/Release/SharpBag.Tests.DLL" adapterTypeName="Microsoft.VisualStudio.TestTools.TestTypes.Unit.UnitTestAdapter, Microsoft.VisualStudio.QualityTools.Tips.UnitTest.Adapter, Version=10.0.0.0, Culture=neutral, PublicKeyToken=b03f5f7f11d50a3a" className="SharpBag.ExtensionsTest, SharpBag.Tests, Version=0.0.0.0, Culture=neutral, PublicKeyToken=null" name="As0163206" />
    </UnitTest>
    <UnitTest name="As0166001" storage="c:\users\suprdewd\documents\projects\sharpbag\sharpbag.tests\bin\release\sharpbag.tests.dll" id="4a5ccd91-8853-f0cc-c6d0-af1603a36ab2">
      <Execution id="ba857de9-043d-4556-bcdf-2271a4a87df3" />
      <TestMethod codeBase="C:/Users/SuprDewd/Documents/Projects/SharpBag/SharpBag.Tests/bin/Release/SharpBag.Tests.DLL" adapterTypeName="Microsoft.VisualStudio.TestTools.TestTypes.Unit.UnitTestAdapter, Microsoft.VisualStudio.QualityTools.Tips.UnitTest.Adapter, Version=10.0.0.0, Culture=neutral, PublicKeyToken=b03f5f7f11d50a3a" className="SharpBag.ExtensionsTest, SharpBag.Tests, Version=0.0.0.0, Culture=neutral, PublicKeyToken=null" name="As0166001" />
    </UnitTest>
    <UnitTest name="IsNullOrEmpty17701" storage="c:\users\suprdewd\documents\projects\sharpbag\sharpbag.tests\bin\release\sharpbag.tests.dll" id="e40a6513-5491-eb58-1445-136a4b443728">
      <Execution id="7efb7d93-ae8c-43df-a18f-cf96bfbca51a" />
      <TestMethod codeBase="C:/Users/SuprDewd/Documents/Projects/SharpBag/SharpBag.Tests/bin/Release/SharpBag.Tests.DLL" adapterTypeName="Microsoft.VisualStudio.TestTools.TestTypes.Unit.UnitTestAdapter, Microsoft.VisualStudio.QualityTools.Tips.UnitTest.Adapter, Version=10.0.0.0, Culture=neutral, PublicKeyToken=b03f5f7f11d50a3a" className="SharpBag.ExtensionsTest, SharpBag.Tests, Version=0.0.0.0, Culture=neutral, PublicKeyToken=null" name="IsNullOrEmpty17701" />
    </UnitTest>
    <UnitTest name="UnionAll01ThrowsContractException68" storage="c:\users\suprdewd\documents\projects\sharpbag\sharpbag.tests\bin\release\sharpbag.tests.dll" id="cc8275a0-551e-d39e-ef08-c6785391cae1">
      <Execution id="edfee35c-71dc-40c7-b18e-53d488492616" />
      <TestMethod codeBase="C:/Users/SuprDewd/Documents/Projects/SharpBag/SharpBag.Tests/bin/Release/SharpBag.Tests.DLL" adapterTypeName="Microsoft.VisualStudio.TestTools.TestTypes.Unit.UnitTestAdapter, Microsoft.VisualStudio.QualityTools.Tips.UnitTest.Adapter, Version=10.0.0.0, Culture=neutral, PublicKeyToken=b03f5f7f11d50a3a" className="SharpBag.ExtensionsTest, SharpBag.Tests, Version=0.0.0.0, Culture=neutral, PublicKeyToken=null" name="UnionAll01ThrowsContractException68" />
    </UnitTest>
    <UnitTest name="GetEntry195" storage="c:\users\suprdewd\documents\projects\sharpbag\sharpbag.tests\bin\release\sharpbag.tests.dll" id="43b966b3-46a6-2c68-ed24-575462007214">
      <Execution id="cc7ed332-483c-4088-8ce7-400b97bb8c45" />
      <TestMethod codeBase="C:/Users/SuprDewd/Documents/Projects/SharpBag/SharpBag.Tests/bin/Release/SharpBag.Tests.DLL" adapterTypeName="Microsoft.VisualStudio.TestTools.TestTypes.Unit.UnitTestAdapter, Microsoft.VisualStudio.QualityTools.Tips.UnitTest.Adapter, Version=10.0.0.0, Culture=neutral, PublicKeyToken=b03f5f7f11d50a3a" className="SharpBag.Math.PascalTriangleTest, SharpBag.Tests, Version=0.0.0.0, Culture=neutral, PublicKeyToken=null" name="GetEntry195" />
    </UnitTest>
    <UnitTest name="Fill01105" storage="c:\users\suprdewd\documents\projects\sharpbag\sharpbag.tests\bin\release\sharpbag.tests.dll" id="d1244455-073f-9dfb-7627-1dfedd276854">
      <Execution id="23f8ded0-85fd-4cf3-8282-4b9424e184d0" />
      <TestMethod codeBase="C:/Users/SuprDewd/Documents/Projects/SharpBag/SharpBag.Tests/bin/Release/SharpBag.Tests.DLL" adapterTypeName="Microsoft.VisualStudio.TestTools.TestTypes.Unit.UnitTestAdapter, Microsoft.VisualStudio.QualityTools.Tips.UnitTest.Adapter, Version=10.0.0.0, Culture=neutral, PublicKeyToken=b03f5f7f11d50a3a" className="SharpBag.ExtensionsTest, SharpBag.Tests, Version=0.0.0.0, Culture=neutral, PublicKeyToken=null" name="Fill01105" />
    </UnitTest>
    <UnitTest name="AsEnumerable0128301" storage="c:\users\suprdewd\documents\projects\sharpbag\sharpbag.tests\bin\release\sharpbag.tests.dll" id="42f45f10-504d-0d19-0e58-1ea2105c69e9">
      <Execution id="0be76cdf-b9c3-4c0d-80cb-e16ae6b7dbed" />
      <TestMethod codeBase="C:/Users/SuprDewd/Documents/Projects/SharpBag/SharpBag.Tests/bin/Release/SharpBag.Tests.DLL" adapterTypeName="Microsoft.VisualStudio.TestTools.TestTypes.Unit.UnitTestAdapter, Microsoft.VisualStudio.QualityTools.Tips.UnitTest.Adapter, Version=10.0.0.0, Culture=neutral, PublicKeyToken=b03f5f7f11d50a3a" className="SharpBag.ExtensionsTest, SharpBag.Tests, Version=0.0.0.0, Culture=neutral, PublicKeyToken=null" name="AsEnumerable0128301" />
    </UnitTest>
    <UnitTest name="As0163242" storage="c:\users\suprdewd\documents\projects\sharpbag\sharpbag.tests\bin\release\sharpbag.tests.dll" id="5d663026-8403-d8b3-571f-dbc623bc2b0e">
      <Execution id="c24d6704-b7f3-4218-b497-67be33034aaa" />
      <TestMethod codeBase="C:/Users/SuprDewd/Documents/Projects/SharpBag/SharpBag.Tests/bin/Release/SharpBag.Tests.DLL" adapterTypeName="Microsoft.VisualStudio.TestTools.TestTypes.Unit.UnitTestAdapter, Microsoft.VisualStudio.QualityTools.Tips.UnitTest.Adapter, Version=10.0.0.0, Culture=neutral, PublicKeyToken=b03f5f7f11d50a3a" className="SharpBag.ExtensionsTest, SharpBag.Tests, Version=0.0.0.0, Culture=neutral, PublicKeyToken=null" name="As0163242" />
    </UnitTest>
    <UnitTest name="Add60903" storage="c:\users\suprdewd\documents\projects\sharpbag\sharpbag.tests\bin\release\sharpbag.tests.dll" id="f4a16930-7fb5-1364-b2bb-1dffeb9040de">
      <Execution id="c1587820-32a7-43fe-a0af-9028dd943516" />
      <TestMethod codeBase="C:/Users/SuprDewd/Documents/Projects/SharpBag/SharpBag.Tests/bin/Release/SharpBag.Tests.DLL" adapterTypeName="Microsoft.VisualStudio.TestTools.TestTypes.Unit.UnitTestAdapter, Microsoft.VisualStudio.QualityTools.Tips.UnitTest.Adapter, Version=10.0.0.0, Culture=neutral, PublicKeyToken=b03f5f7f11d50a3a" className="SharpBag.ExtensionsTest, SharpBag.Tests, Version=0.0.0.0, Culture=neutral, PublicKeyToken=null" name="Add60903" />
    </UnitTest>
    <UnitTest name="As0163227" storage="c:\users\suprdewd\documents\projects\sharpbag\sharpbag.tests\bin\release\sharpbag.tests.dll" id="1a41ca06-c399-fb41-1b68-4e54f6d9fba0">
      <Execution id="5becea95-5d68-4248-a64b-a712d5895bd8" />
      <TestMethod codeBase="C:/Users/SuprDewd/Documents/Projects/SharpBag/SharpBag.Tests/bin/Release/SharpBag.Tests.DLL" adapterTypeName="Microsoft.VisualStudio.TestTools.TestTypes.Unit.UnitTestAdapter, Microsoft.VisualStudio.QualityTools.Tips.UnitTest.Adapter, Version=10.0.0.0, Culture=neutral, PublicKeyToken=b03f5f7f11d50a3a" className="SharpBag.ExtensionsTest, SharpBag.Tests, Version=0.0.0.0, Culture=neutral, PublicKeyToken=null" name="As0163227" />
    </UnitTest>
    <UnitTest name="AsEnumerable56002" storage="c:\users\suprdewd\documents\projects\sharpbag\sharpbag.tests\bin\release\sharpbag.tests.dll" id="ec99d1a9-4b49-a94f-134c-f58d11b57222">
      <Execution id="f0815582-e813-4140-bb2e-8c4a9f3839fd" />
      <TestMethod codeBase="C:/Users/SuprDewd/Documents/Projects/SharpBag/SharpBag.Tests/bin/Release/SharpBag.Tests.DLL" adapterTypeName="Microsoft.VisualStudio.TestTools.TestTypes.Unit.UnitTestAdapter, Microsoft.VisualStudio.QualityTools.Tips.UnitTest.Adapter, Version=10.0.0.0, Culture=neutral, PublicKeyToken=b03f5f7f11d50a3a" className="SharpBag.ExtensionsTest, SharpBag.Tests, Version=0.0.0.0, Culture=neutral, PublicKeyToken=null" name="AsEnumerable56002" />
    </UnitTest>
    <UnitTest name="As01664" storage="c:\users\suprdewd\documents\projects\sharpbag\sharpbag.tests\bin\release\sharpbag.tests.dll" id="dfddd698-039d-4cb7-341a-94646b1b9270">
      <Execution id="9312a8f2-3e1c-4cdc-a940-8feee7ca7d9f" />
      <TestMethod codeBase="C:/Users/SuprDewd/Documents/Projects/SharpBag/SharpBag.Tests/bin/Release/SharpBag.Tests.DLL" adapterTypeName="Microsoft.VisualStudio.TestTools.TestTypes.Unit.UnitTestAdapter, Microsoft.VisualStudio.QualityTools.Tips.UnitTest.Adapter, Version=10.0.0.0, Culture=neutral, PublicKeyToken=b03f5f7f11d50a3a" className="SharpBag.ExtensionsTest, SharpBag.Tests, Version=0.0.0.0, Culture=neutral, PublicKeyToken=null" name="As01664" />
    </UnitTest>
    <UnitTest name="NextCharThrowsContractException997" storage="c:\users\suprdewd\documents\projects\sharpbag\sharpbag.tests\bin\release\sharpbag.tests.dll" id="c915ebab-6006-9244-c1bb-93a0e94b6128">
      <Execution id="c998de16-0e35-48e4-b794-a61523752a7c" />
      <TestMethod codeBase="C:/Users/SuprDewd/Documents/Projects/SharpBag/SharpBag.Tests/bin/Release/SharpBag.Tests.DLL" adapterTypeName="Microsoft.VisualStudio.TestTools.TestTypes.Unit.UnitTestAdapter, Microsoft.VisualStudio.QualityTools.Tips.UnitTest.Adapter, Version=10.0.0.0, Culture=neutral, PublicKeyToken=b03f5f7f11d50a3a" className="SharpBag.RandomExtensionsTest, SharpBag.Tests, Version=0.0.0.0, Culture=neutral, PublicKeyToken=null" name="NextCharThrowsContractException997" />
    </UnitTest>
    <UnitTest name="Fill0110502" storage="c:\users\suprdewd\documents\projects\sharpbag\sharpbag.tests\bin\release\sharpbag.tests.dll" id="8449ab5e-c7c8-6deb-cb03-833888a032c6">
      <Execution id="c3d034e0-942b-437c-994a-0c111b3f0f9f" />
      <TestMethod codeBase="C:/Users/SuprDewd/Documents/Projects/SharpBag/SharpBag.Tests/bin/Release/SharpBag.Tests.DLL" adapterTypeName="Microsoft.VisualStudio.TestTools.TestTypes.Unit.UnitTestAdapter, Microsoft.VisualStudio.QualityTools.Tips.UnitTest.Adapter, Version=10.0.0.0, Culture=neutral, PublicKeyToken=b03f5f7f11d50a3a" className="SharpBag.ExtensionsTest, SharpBag.Tests, Version=0.0.0.0, Culture=neutral, PublicKeyToken=null" name="Fill0110502" />
    </UnitTest>
    <UnitTest name="Fill0168802" storage="c:\users\suprdewd\documents\projects\sharpbag\sharpbag.tests\bin\release\sharpbag.tests.dll" id="c3e8dcc2-bac7-2a0c-9c06-8dc4838145f3">
      <Execution id="63e2afaa-26c2-44f3-8913-67ee9e91532c" />
      <TestMethod codeBase="C:/Users/SuprDewd/Documents/Projects/SharpBag/SharpBag.Tests/bin/Release/SharpBag.Tests.DLL" adapterTypeName="Microsoft.VisualStudio.TestTools.TestTypes.Unit.UnitTestAdapter, Microsoft.VisualStudio.QualityTools.Tips.UnitTest.Adapter, Version=10.0.0.0, Culture=neutral, PublicKeyToken=b03f5f7f11d50a3a" className="SharpBag.ExtensionsTest, SharpBag.Tests, Version=0.0.0.0, Culture=neutral, PublicKeyToken=null" name="Fill0168802" />
    </UnitTest>
    <UnitTest name="To0482501" storage="c:\users\suprdewd\documents\projects\sharpbag\sharpbag.tests\bin\release\sharpbag.tests.dll" id="86a0d6ba-240b-81ef-7612-a91dd0bac5dd">
      <Execution id="60844196-f7fb-4622-8bd9-11ea0471635f" />
      <TestMethod codeBase="C:/Users/SuprDewd/Documents/Projects/SharpBag/SharpBag.Tests/bin/Release/SharpBag.Tests.DLL" adapterTypeName="Microsoft.VisualStudio.TestTools.TestTypes.Unit.UnitTestAdapter, Microsoft.VisualStudio.QualityTools.Tips.UnitTest.Adapter, Version=10.0.0.0, Culture=neutral, PublicKeyToken=b03f5f7f11d50a3a" className="SharpBag.ExtensionsTest, SharpBag.Tests, Version=0.0.0.0, Culture=neutral, PublicKeyToken=null" name="To0482501" />
    </UnitTest>
    <UnitTest name="IsNullOrEmpty96301" storage="c:\users\suprdewd\documents\projects\sharpbag\sharpbag.tests\bin\release\sharpbag.tests.dll" id="0a3fdb66-22d4-099d-e280-8c9d091bd243">
      <Execution id="9548cc72-858b-4ffa-ba6d-8da9937743bc" />
      <TestMethod codeBase="C:/Users/SuprDewd/Documents/Projects/SharpBag/SharpBag.Tests/bin/Release/SharpBag.Tests.DLL" adapterTypeName="Microsoft.VisualStudio.TestTools.TestTypes.Unit.UnitTestAdapter, Microsoft.VisualStudio.QualityTools.Tips.UnitTest.Adapter, Version=10.0.0.0, Culture=neutral, PublicKeyToken=b03f5f7f11d50a3a" className="SharpBag.ExtensionsTest, SharpBag.Tests, Version=0.0.0.0, Culture=neutral, PublicKeyToken=null" name="IsNullOrEmpty96301" />
    </UnitTest>
    <UnitTest name="Fill0168804" storage="c:\users\suprdewd\documents\projects\sharpbag\sharpbag.tests\bin\release\sharpbag.tests.dll" id="39a24eb5-a45d-f931-6682-86b278494085">
      <Execution id="93d34771-0d4a-4eb6-8a07-201d3ce33248" />
      <TestMethod codeBase="C:/Users/SuprDewd/Documents/Projects/SharpBag/SharpBag.Tests/bin/Release/SharpBag.Tests.DLL" adapterTypeName="Microsoft.VisualStudio.TestTools.TestTypes.Unit.UnitTestAdapter, Microsoft.VisualStudio.QualityTools.Tips.UnitTest.Adapter, Version=10.0.0.0, Culture=neutral, PublicKeyToken=b03f5f7f11d50a3a" className="SharpBag.ExtensionsTest, SharpBag.Tests, Version=0.0.0.0, Culture=neutral, PublicKeyToken=null" name="Fill0168804" />
    </UnitTest>
    <UnitTest name="Bound01232" storage="c:\users\suprdewd\documents\projects\sharpbag\sharpbag.tests\bin\release\sharpbag.tests.dll" id="53857a93-24c6-17ef-97dc-e0adc3a32915">
      <Execution id="e998dd99-6d31-47a7-bac5-f4ceca00dcd1" />
      <TestMethod codeBase="C:/Users/SuprDewd/Documents/Projects/SharpBag/SharpBag.Tests/bin/Release/SharpBag.Tests.DLL" adapterTypeName="Microsoft.VisualStudio.TestTools.TestTypes.Unit.UnitTestAdapter, Microsoft.VisualStudio.QualityTools.Tips.UnitTest.Adapter, Version=10.0.0.0, Culture=neutral, PublicKeyToken=b03f5f7f11d50a3a" className="SharpBag.Math.MathExtensionsTest, SharpBag.Tests, Version=0.0.0.0, Culture=neutral, PublicKeyToken=null" name="Bound01232" />
    </UnitTest>
    <UnitTest name="ForEach908" storage="c:\users\suprdewd\documents\projects\sharpbag\sharpbag.tests\bin\release\sharpbag.tests.dll" id="af3c2eea-1341-4d08-8112-791e701a0e4e">
      <Execution id="0affdbfe-abe7-48c3-81eb-f58b1844221c" />
      <TestMethod codeBase="C:/Users/SuprDewd/Documents/Projects/SharpBag/SharpBag.Tests/bin/Release/SharpBag.Tests.DLL" adapterTypeName="Microsoft.VisualStudio.TestTools.TestTypes.Unit.UnitTestAdapter, Microsoft.VisualStudio.QualityTools.Tips.UnitTest.Adapter, Version=10.0.0.0, Culture=neutral, PublicKeyToken=b03f5f7f11d50a3a" className="SharpBag.ExtensionsTest, SharpBag.Tests, Version=0.0.0.0, Culture=neutral, PublicKeyToken=null" name="ForEach908" />
    </UnitTest>
    <UnitTest name="Contrast204" storage="c:\users\suprdewd\documents\projects\sharpbag\sharpbag.tests\bin\release\sharpbag.tests.dll" id="89bed9d2-b230-1858-2102-76e62b11adeb">
      <Execution id="711f7022-911f-475c-8a81-5da3b3a72538" />
      <TestMethod codeBase="C:/Users/SuprDewd/Documents/Projects/SharpBag/SharpBag.Tests/bin/Release/SharpBag.Tests.DLL" adapterTypeName="Microsoft.VisualStudio.TestTools.TestTypes.Unit.UnitTestAdapter, Microsoft.VisualStudio.QualityTools.Tips.UnitTest.Adapter, Version=10.0.0.0, Culture=neutral, PublicKeyToken=b03f5f7f11d50a3a" className="SharpBag.Media.MediaExtensionsTest, SharpBag.Tests, Version=0.0.0.0, Culture=neutral, PublicKeyToken=null" name="Contrast204" />
    </UnitTest>
    <UnitTest name="As0163238" storage="c:\users\suprdewd\documents\projects\sharpbag\sharpbag.tests\bin\release\sharpbag.tests.dll" id="a56170ce-b399-e27e-e213-58e00eb4c436">
      <Execution id="e3429de3-a314-46f2-a56b-9ae209bce78b" />
      <TestMethod codeBase="C:/Users/SuprDewd/Documents/Projects/SharpBag/SharpBag.Tests/bin/Release/SharpBag.Tests.DLL" adapterTypeName="Microsoft.VisualStudio.TestTools.TestTypes.Unit.UnitTestAdapter, Microsoft.VisualStudio.QualityTools.Tips.UnitTest.Adapter, Version=10.0.0.0, Culture=neutral, PublicKeyToken=b03f5f7f11d50a3a" className="SharpBag.ExtensionsTest, SharpBag.Tests, Version=0.0.0.0, Culture=neutral, PublicKeyToken=null" name="As0163238" />
    </UnitTest>
    <UnitTest name="CollatzCount132" storage="c:\users\suprdewd\documents\projects\sharpbag\sharpbag.tests\bin\release\sharpbag.tests.dll" id="87e43b2d-037f-c02a-4ec1-bb30b85b838b">
      <Execution id="b6754ba0-0c5a-4176-88cd-d263020553a5" />
      <TestMethod codeBase="C:/Users/SuprDewd/Documents/Projects/SharpBag/SharpBag.Tests/bin/Release/SharpBag.Tests.DLL" adapterTypeName="Microsoft.VisualStudio.TestTools.TestTypes.Unit.UnitTestAdapter, Microsoft.VisualStudio.QualityTools.Tips.UnitTest.Adapter, Version=10.0.0.0, Culture=neutral, PublicKeyToken=b03f5f7f11d50a3a" className="SharpBag.Math.MathExtensionsTest, SharpBag.Tests, Version=0.0.0.0, Culture=neutral, PublicKeyToken=null" name="CollatzCount132" />
    </UnitTest>
    <UnitTest name="As0163237" storage="c:\users\suprdewd\documents\projects\sharpbag\sharpbag.tests\bin\release\sharpbag.tests.dll" id="0c1112ce-06b8-6d36-f7fb-a3574f6e2065">
      <Execution id="956d1b9f-9cda-40c7-90cc-b9a208c0b3a5" />
      <TestMethod codeBase="C:/Users/SuprDewd/Documents/Projects/SharpBag/SharpBag.Tests/bin/Release/SharpBag.Tests.DLL" adapterTypeName="Microsoft.VisualStudio.TestTools.TestTypes.Unit.UnitTestAdapter, Microsoft.VisualStudio.QualityTools.Tips.UnitTest.Adapter, Version=10.0.0.0, Culture=neutral, PublicKeyToken=b03f5f7f11d50a3a" className="SharpBag.ExtensionsTest, SharpBag.Tests, Version=0.0.0.0, Culture=neutral, PublicKeyToken=null" name="As0163237" />
    </UnitTest>
    <UnitTest name="Add88505" storage="c:\users\suprdewd\documents\projects\sharpbag\sharpbag.tests\bin\release\sharpbag.tests.dll" id="b82459f8-9193-4181-e1c2-7a58eee94293">
      <Execution id="0fba31de-c1a4-446e-b0ea-4d3c96c8daf7" />
      <TestMethod codeBase="C:/Users/SuprDewd/Documents/Projects/SharpBag/SharpBag.Tests/bin/Release/SharpBag.Tests.DLL" adapterTypeName="Microsoft.VisualStudio.TestTools.TestTypes.Unit.UnitTestAdapter, Microsoft.VisualStudio.QualityTools.Tips.UnitTest.Adapter, Version=10.0.0.0, Culture=neutral, PublicKeyToken=b03f5f7f11d50a3a" className="SharpBag.ExtensionsTest, SharpBag.Tests, Version=0.0.0.0, Culture=neutral, PublicKeyToken=null" name="Add88505" />
    </UnitTest>
    <UnitTest name="As0163225" storage="c:\users\suprdewd\documents\projects\sharpbag\sharpbag.tests\bin\release\sharpbag.tests.dll" id="2b9734bf-2716-3fbd-907d-b338c9f5816c">
      <Execution id="48948b99-4599-4c37-86a8-212591a13a4f" />
      <TestMethod codeBase="C:/Users/SuprDewd/Documents/Projects/SharpBag/SharpBag.Tests/bin/Release/SharpBag.Tests.DLL" adapterTypeName="Microsoft.VisualStudio.TestTools.TestTypes.Unit.UnitTestAdapter, Microsoft.VisualStudio.QualityTools.Tips.UnitTest.Adapter, Version=10.0.0.0, Culture=neutral, PublicKeyToken=b03f5f7f11d50a3a" className="SharpBag.ExtensionsTest, SharpBag.Tests, Version=0.0.0.0, Culture=neutral, PublicKeyToken=null" name="As0163225" />
    </UnitTest>
    <UnitTest name="Add29604" storage="c:\users\suprdewd\documents\projects\sharpbag\sharpbag.tests\bin\release\sharpbag.tests.dll" id="eeb34c89-a7df-f580-faa2-1b58190ee5be">
      <Execution id="73d6c974-60a9-474c-9d3a-9ebb49872b9e" />
      <TestMethod codeBase="C:/Users/SuprDewd/Documents/Projects/SharpBag/SharpBag.Tests/bin/Release/SharpBag.Tests.DLL" adapterTypeName="Microsoft.VisualStudio.TestTools.TestTypes.Unit.UnitTestAdapter, Microsoft.VisualStudio.QualityTools.Tips.UnitTest.Adapter, Version=10.0.0.0, Culture=neutral, PublicKeyToken=b03f5f7f11d50a3a" className="SharpBag.ExtensionsTest, SharpBag.Tests, Version=0.0.0.0, Culture=neutral, PublicKeyToken=null" name="Add29604" />
    </UnitTest>
    <UnitTest name="Add88501" storage="c:\users\suprdewd\documents\projects\sharpbag\sharpbag.tests\bin\release\sharpbag.tests.dll" id="8795f817-2bb9-9d00-f981-a3a8a2b7335e">
      <Execution id="a49bb5e5-0404-442b-826c-14750a1413a6" />
      <TestMethod codeBase="C:/Users/SuprDewd/Documents/Projects/SharpBag/SharpBag.Tests/bin/Release/SharpBag.Tests.DLL" adapterTypeName="Microsoft.VisualStudio.TestTools.TestTypes.Unit.UnitTestAdapter, Microsoft.VisualStudio.QualityTools.Tips.UnitTest.Adapter, Version=10.0.0.0, Culture=neutral, PublicKeyToken=b03f5f7f11d50a3a" className="SharpBag.ExtensionsTest, SharpBag.Tests, Version=0.0.0.0, Culture=neutral, PublicKeyToken=null" name="Add88501" />
    </UnitTest>
    <UnitTest name="IterThrowsContractException766" storage="c:\users\suprdewd\documents\projects\sharpbag\sharpbag.tests\bin\release\sharpbag.tests.dll" id="3ee2643e-ead7-691a-f95c-40871a623a07">
      <Execution id="2478f37c-fc98-4cab-8237-8235e2cbc045" />
      <TestMethod codeBase="C:/Users/SuprDewd/Documents/Projects/SharpBag/SharpBag.Tests/bin/Release/SharpBag.Tests.DLL" adapterTypeName="Microsoft.VisualStudio.TestTools.TestTypes.Unit.UnitTestAdapter, Microsoft.VisualStudio.QualityTools.Tips.UnitTest.Adapter, Version=10.0.0.0, Culture=neutral, PublicKeyToken=b03f5f7f11d50a3a" className="SharpBag.ExtensionsTest, SharpBag.Tests, Version=0.0.0.0, Culture=neutral, PublicKeyToken=null" name="IterThrowsContractException766" />
    </UnitTest>
    <UnitTest name="As0163231" storage="c:\users\suprdewd\documents\projects\sharpbag\sharpbag.tests\bin\release\sharpbag.tests.dll" id="466bff3f-4c8e-a9c1-50f6-91ffeb15d3a1">
      <Execution id="af1f8a8d-3608-4a53-b904-d0f3f845b2f0" />
      <TestMethod codeBase="C:/Users/SuprDewd/Documents/Projects/SharpBag/SharpBag.Tests/bin/Release/SharpBag.Tests.DLL" adapterTypeName="Microsoft.VisualStudio.TestTools.TestTypes.Unit.UnitTestAdapter, Microsoft.VisualStudio.QualityTools.Tips.UnitTest.Adapter, Version=10.0.0.0, Culture=neutral, PublicKeyToken=b03f5f7f11d50a3a" className="SharpBag.ExtensionsTest, SharpBag.Tests, Version=0.0.0.0, Culture=neutral, PublicKeyToken=null" name="As0163231" />
    </UnitTest>
    <UnitTest name="ForEach90803" storage="c:\users\suprdewd\documents\projects\sharpbag\sharpbag.tests\bin\release\sharpbag.tests.dll" id="41b53b6b-04c0-c784-5da0-bab31b4fb4d7">
      <Execution id="6ed3b670-5ef4-42ab-988c-70ed13bb79fb" />
      <TestMethod codeBase="C:/Users/SuprDewd/Documents/Projects/SharpBag/SharpBag.Tests/bin/Release/SharpBag.Tests.DLL" adapterTypeName="Microsoft.VisualStudio.TestTools.TestTypes.Unit.UnitTestAdapter, Microsoft.VisualStudio.QualityTools.Tips.UnitTest.Adapter, Version=10.0.0.0, Culture=neutral, PublicKeyToken=b03f5f7f11d50a3a" className="SharpBag.ExtensionsTest, SharpBag.Tests, Version=0.0.0.0, Culture=neutral, PublicKeyToken=null" name="ForEach90803" />
    </UnitTest>
    <UnitTest name="TakeEveryThrowsContractException368" storage="c:\users\suprdewd\documents\projects\sharpbag\sharpbag.tests\bin\release\sharpbag.tests.dll" id="2ff38794-ad92-1998-3c20-e3ee775a8969">
      <Execution id="ac132066-a4e5-4b80-8847-670b3551811b" />
      <TestMethod codeBase="C:/Users/SuprDewd/Documents/Projects/SharpBag/SharpBag.Tests/bin/Release/SharpBag.Tests.DLL" adapterTypeName="Microsoft.VisualStudio.TestTools.TestTypes.Unit.UnitTestAdapter, Microsoft.VisualStudio.QualityTools.Tips.UnitTest.Adapter, Version=10.0.0.0, Culture=neutral, PublicKeyToken=b03f5f7f11d50a3a" className="SharpBag.ExtensionsTest, SharpBag.Tests, Version=0.0.0.0, Culture=neutral, PublicKeyToken=null" name="TakeEveryThrowsContractException368" />
    </UnitTest>
    <UnitTest name="AsEnumerable03148" storage="c:\users\suprdewd\documents\projects\sharpbag\sharpbag.tests\bin\release\sharpbag.tests.dll" id="b2aadfc0-b55c-fa15-a9e1-9405ae9a9cc7">
      <Execution id="6a6c0c17-d66d-4aca-b5f8-30558ec3e32b" />
      <TestMethod codeBase="C:/Users/SuprDewd/Documents/Projects/SharpBag/SharpBag.Tests/bin/Release/SharpBag.Tests.DLL" adapterTypeName="Microsoft.VisualStudio.TestTools.TestTypes.Unit.UnitTestAdapter, Microsoft.VisualStudio.QualityTools.Tips.UnitTest.Adapter, Version=10.0.0.0, Culture=neutral, PublicKeyToken=b03f5f7f11d50a3a" className="SharpBag.ExtensionsTest, SharpBag.Tests, Version=0.0.0.0, Culture=neutral, PublicKeyToken=null" name="AsEnumerable03148" />
    </UnitTest>
    <UnitTest name="NullOr907" storage="c:\users\suprdewd\documents\projects\sharpbag\sharpbag.tests\bin\release\sharpbag.tests.dll" id="1fa5b7ed-be1a-69d3-e35d-61c48c394d37">
      <Execution id="e76d64d1-f917-4f73-9df5-2ab44fefc4a7" />
      <TestMethod codeBase="C:/Users/SuprDewd/Documents/Projects/SharpBag/SharpBag.Tests/bin/Release/SharpBag.Tests.DLL" adapterTypeName="Microsoft.VisualStudio.TestTools.TestTypes.Unit.UnitTestAdapter, Microsoft.VisualStudio.QualityTools.Tips.UnitTest.Adapter, Version=10.0.0.0, Culture=neutral, PublicKeyToken=b03f5f7f11d50a3a" className="SharpBag.ExtensionsTest, SharpBag.Tests, Version=0.0.0.0, Culture=neutral, PublicKeyToken=null" name="NullOr907" />
    </UnitTest>
    <UnitTest name="ToDictionaryThrowsContractException478" storage="c:\users\suprdewd\documents\projects\sharpbag\sharpbag.tests\bin\release\sharpbag.tests.dll" id="59990ab9-8064-95a7-969b-da2dc269c717">
      <Execution id="c542cc14-9811-41a6-8036-40d54692d959" />
      <TestMethod codeBase="C:/Users/SuprDewd/Documents/Projects/SharpBag/SharpBag.Tests/bin/Release/SharpBag.Tests.DLL" adapterTypeName="Microsoft.VisualStudio.TestTools.TestTypes.Unit.UnitTestAdapter, Microsoft.VisualStudio.QualityTools.Tips.UnitTest.Adapter, Version=10.0.0.0, Culture=neutral, PublicKeyToken=b03f5f7f11d50a3a" className="SharpBag.ExtensionsTest, SharpBag.Tests, Version=0.0.0.0, Culture=neutral, PublicKeyToken=null" name="ToDictionaryThrowsContractException478" />
    </UnitTest>
    <UnitTest name="AsEnumerable0128302" storage="c:\users\suprdewd\documents\projects\sharpbag\sharpbag.tests\bin\release\sharpbag.tests.dll" id="39820720-af85-1690-8f39-546deff2b7b4">
      <Execution id="415257da-dd58-4b5b-b106-975e7573403a" />
      <TestMethod codeBase="C:/Users/SuprDewd/Documents/Projects/SharpBag/SharpBag.Tests/bin/Release/SharpBag.Tests.DLL" adapterTypeName="Microsoft.VisualStudio.TestTools.TestTypes.Unit.UnitTestAdapter, Microsoft.VisualStudio.QualityTools.Tips.UnitTest.Adapter, Version=10.0.0.0, Culture=neutral, PublicKeyToken=b03f5f7f11d50a3a" className="SharpBag.ExtensionsTest, SharpBag.Tests, Version=0.0.0.0, Culture=neutral, PublicKeyToken=null" name="AsEnumerable0128302" />
    </UnitTest>
    <UnitTest name="GetPriorityEnumerator72901" storage="c:\users\suprdewd\documents\projects\sharpbag\sharpbag.tests\bin\release\sharpbag.tests.dll" id="8d13964e-5c5a-1ee4-b9d1-2f111aabda85">
      <Execution id="b8dbb95d-d3b6-426a-a9bf-6d047e55fd1e" />
      <TestMethod codeBase="C:/Users/SuprDewd/Documents/Projects/SharpBag/SharpBag.Tests/bin/Release/SharpBag.Tests.DLL" adapterTypeName="Microsoft.VisualStudio.TestTools.TestTypes.Unit.UnitTestAdapter, Microsoft.VisualStudio.QualityTools.Tips.UnitTest.Adapter, Version=10.0.0.0, Culture=neutral, PublicKeyToken=b03f5f7f11d50a3a" className="SharpBag.Algorithms.PriorityQueueTTest, SharpBag.Tests, Version=0.0.0.0, Culture=neutral, PublicKeyToken=null" name="GetPriorityEnumerator72901" />
    </UnitTest>
    <UnitTest name="As01303" storage="c:\users\suprdewd\documents\projects\sharpbag\sharpbag.tests\bin\release\sharpbag.tests.dll" id="3d3988d3-9563-f144-e6f1-47341372fdea">
      <Execution id="0339805c-e598-4dc0-8309-ceb0868f3f7e" />
      <TestMethod codeBase="C:/Users/SuprDewd/Documents/Projects/SharpBag/SharpBag.Tests/bin/Release/SharpBag.Tests.DLL" adapterTypeName="Microsoft.VisualStudio.TestTools.TestTypes.Unit.UnitTestAdapter, Microsoft.VisualStudio.QualityTools.Tips.UnitTest.Adapter, Version=10.0.0.0, Culture=neutral, PublicKeyToken=b03f5f7f11d50a3a" className="SharpBag.ExtensionsTest, SharpBag.Tests, Version=0.0.0.0, Culture=neutral, PublicKeyToken=null" name="As01303" />
    </UnitTest>
    <UnitTest name="As0163204" storage="c:\users\suprdewd\documents\projects\sharpbag\sharpbag.tests\bin\release\sharpbag.tests.dll" id="d9b4351c-7a62-1cab-5792-b4bc31c2d3e2">
      <Execution id="0a9dff58-ced3-4823-90ad-1e666b7aab4f" />
      <TestMethod codeBase="C:/Users/SuprDewd/Documents/Projects/SharpBag/SharpBag.Tests/bin/Release/SharpBag.Tests.DLL" adapterTypeName="Microsoft.VisualStudio.TestTools.TestTypes.Unit.UnitTestAdapter, Microsoft.VisualStudio.QualityTools.Tips.UnitTest.Adapter, Version=10.0.0.0, Culture=neutral, PublicKeyToken=b03f5f7f11d50a3a" className="SharpBag.ExtensionsTest, SharpBag.Tests, Version=0.0.0.0, Culture=neutral, PublicKeyToken=null" name="As0163204" />
    </UnitTest>
    <UnitTest name="AsEnumerable02588" storage="c:\users\suprdewd\documents\projects\sharpbag\sharpbag.tests\bin\release\sharpbag.tests.dll" id="099b6629-b323-a9b6-3641-ebce58ee0f7c">
      <Execution id="49b7af73-299a-43d8-9815-4be73d2027d1" />
      <TestMethod codeBase="C:/Users/SuprDewd/Documents/Projects/SharpBag/SharpBag.Tests/bin/Release/SharpBag.Tests.DLL" adapterTypeName="Microsoft.VisualStudio.TestTools.TestTypes.Unit.UnitTestAdapter, Microsoft.VisualStudio.QualityTools.Tips.UnitTest.Adapter, Version=10.0.0.0, Culture=neutral, PublicKeyToken=b03f5f7f11d50a3a" className="SharpBag.ExtensionsTest, SharpBag.Tests, Version=0.0.0.0, Culture=neutral, PublicKeyToken=null" name="AsEnumerable02588" />
    </UnitTest>
    <UnitTest name="NextBoolThrowsContractException356" storage="c:\users\suprdewd\documents\projects\sharpbag\sharpbag.tests\bin\release\sharpbag.tests.dll" id="5c94f4eb-6c23-cce6-4e00-2079c09ad7c7">
      <Execution id="2693be96-f4c0-4cb5-89cc-6374cb04c447" />
      <TestMethod codeBase="C:/Users/SuprDewd/Documents/Projects/SharpBag/SharpBag.Tests/bin/Release/SharpBag.Tests.DLL" adapterTypeName="Microsoft.VisualStudio.TestTools.TestTypes.Unit.UnitTestAdapter, Microsoft.VisualStudio.QualityTools.Tips.UnitTest.Adapter, Version=10.0.0.0, Culture=neutral, PublicKeyToken=b03f5f7f11d50a3a" className="SharpBag.RandomExtensionsTest, SharpBag.Tests, Version=0.0.0.0, Culture=neutral, PublicKeyToken=null" name="NextBoolThrowsContractException356" />
    </UnitTest>
    <UnitTest name="IfNotNull173" storage="c:\users\suprdewd\documents\projects\sharpbag\sharpbag.tests\bin\release\sharpbag.tests.dll" id="7f627b84-c634-6195-b636-ad9c00404c56">
      <Execution id="f3808403-4d1a-42a3-8041-6ed856f2ab11" />
      <TestMethod codeBase="C:/Users/SuprDewd/Documents/Projects/SharpBag/SharpBag.Tests/bin/Release/SharpBag.Tests.DLL" adapterTypeName="Microsoft.VisualStudio.TestTools.TestTypes.Unit.UnitTestAdapter, Microsoft.VisualStudio.QualityTools.Tips.UnitTest.Adapter, Version=10.0.0.0, Culture=neutral, PublicKeyToken=b03f5f7f11d50a3a" className="SharpBag.ExtensionsTest, SharpBag.Tests, Version=0.0.0.0, Culture=neutral, PublicKeyToken=null" name="IfNotNull173" />
    </UnitTest>
    <UnitTest name="As0163229" storage="c:\users\suprdewd\documents\projects\sharpbag\sharpbag.tests\bin\release\sharpbag.tests.dll" id="c80221bd-ca0a-aa23-6b81-2ed5f20f8d5f">
      <Execution id="ca54f4e9-9833-440a-aff0-27a0f339d857" />
      <TestMethod codeBase="C:/Users/SuprDewd/Documents/Projects/SharpBag/SharpBag.Tests/bin/Release/SharpBag.Tests.DLL" adapterTypeName="Microsoft.VisualStudio.TestTools.TestTypes.Unit.UnitTestAdapter, Microsoft.VisualStudio.QualityTools.Tips.UnitTest.Adapter, Version=10.0.0.0, Culture=neutral, PublicKeyToken=b03f5f7f11d50a3a" className="SharpBag.ExtensionsTest, SharpBag.Tests, Version=0.0.0.0, Culture=neutral, PublicKeyToken=null" name="As0163229" />
    </UnitTest>
    <UnitTest name="AsEnumerable0128303" storage="c:\users\suprdewd\documents\projects\sharpbag\sharpbag.tests\bin\release\sharpbag.tests.dll" id="c441e89e-f895-2b6d-e75c-6ac07c647d62">
      <Execution id="4f2b4658-b460-45eb-bcfe-914db3748d48" />
      <TestMethod codeBase="C:/Users/SuprDewd/Documents/Projects/SharpBag/SharpBag.Tests/bin/Release/SharpBag.Tests.DLL" adapterTypeName="Microsoft.VisualStudio.TestTools.TestTypes.Unit.UnitTestAdapter, Microsoft.VisualStudio.QualityTools.Tips.UnitTest.Adapter, Version=10.0.0.0, Culture=neutral, PublicKeyToken=b03f5f7f11d50a3a" className="SharpBag.ExtensionsTest, SharpBag.Tests, Version=0.0.0.0, Culture=neutral, PublicKeyToken=null" name="AsEnumerable0128303" />
    </UnitTest>
    <UnitTest name="NullOr90704" storage="c:\users\suprdewd\documents\projects\sharpbag\sharpbag.tests\bin\release\sharpbag.tests.dll" id="603d3527-31ad-433b-f22d-64c8d067b62d">
      <Execution id="8440299b-6a6c-4e68-9be8-87fb894fd2b6" />
      <TestMethod codeBase="C:/Users/SuprDewd/Documents/Projects/SharpBag/SharpBag.Tests/bin/Release/SharpBag.Tests.DLL" adapterTypeName="Microsoft.VisualStudio.TestTools.TestTypes.Unit.UnitTestAdapter, Microsoft.VisualStudio.QualityTools.Tips.UnitTest.Adapter, Version=10.0.0.0, Culture=neutral, PublicKeyToken=b03f5f7f11d50a3a" className="SharpBag.ExtensionsTest, SharpBag.Tests, Version=0.0.0.0, Culture=neutral, PublicKeyToken=null" name="NullOr90704" />
    </UnitTest>
    <UnitTest name="SubarrayThrowsContractException966" storage="c:\users\suprdewd\documents\projects\sharpbag\sharpbag.tests\bin\release\sharpbag.tests.dll" id="51819a1f-c4ce-ae98-f248-c4cc70983131">
      <Execution id="48c20fc4-6a23-47d4-a183-e2e77ce25ab4" />
      <TestMethod codeBase="C:/Users/SuprDewd/Documents/Projects/SharpBag/SharpBag.Tests/bin/Release/SharpBag.Tests.DLL" adapterTypeName="Microsoft.VisualStudio.TestTools.TestTypes.Unit.UnitTestAdapter, Microsoft.VisualStudio.QualityTools.Tips.UnitTest.Adapter, Version=10.0.0.0, Culture=neutral, PublicKeyToken=b03f5f7f11d50a3a" className="SharpBag.ExtensionsTest, SharpBag.Tests, Version=0.0.0.0, Culture=neutral, PublicKeyToken=null" name="SubarrayThrowsContractException966" />
    </UnitTest>
    <UnitTest name="Random01ThrowsContractException859" storage="c:\users\suprdewd\documents\projects\sharpbag\sharpbag.tests\bin\release\sharpbag.tests.dll" id="80650f6a-5c42-4976-d721-00508b71c4c3">
      <Execution id="c6f56b5d-24da-4b3c-8981-740823dd9c96" />
      <TestMethod codeBase="C:/Users/SuprDewd/Documents/Projects/SharpBag/SharpBag.Tests/bin/Release/SharpBag.Tests.DLL" adapterTypeName="Microsoft.VisualStudio.TestTools.TestTypes.Unit.UnitTestAdapter, Microsoft.VisualStudio.QualityTools.Tips.UnitTest.Adapter, Version=10.0.0.0, Culture=neutral, PublicKeyToken=b03f5f7f11d50a3a" className="SharpBag.ExtensionsTest, SharpBag.Tests, Version=0.0.0.0, Culture=neutral, PublicKeyToken=null" name="Random01ThrowsContractException859" />
    </UnitTest>
    <UnitTest name="As0166004" storage="c:\users\suprdewd\documents\projects\sharpbag\sharpbag.tests\bin\release\sharpbag.tests.dll" id="97495e35-0952-692a-91b0-3d721dc574e4">
      <Execution id="91cfd43b-3db0-49ee-939a-9d9f09b3c153" />
      <TestMethod codeBase="C:/Users/SuprDewd/Documents/Projects/SharpBag/SharpBag.Tests/bin/Release/SharpBag.Tests.DLL" adapterTypeName="Microsoft.VisualStudio.TestTools.TestTypes.Unit.UnitTestAdapter, Microsoft.VisualStudio.QualityTools.Tips.UnitTest.Adapter, Version=10.0.0.0, Culture=neutral, PublicKeyToken=b03f5f7f11d50a3a" className="SharpBag.ExtensionsTest, SharpBag.Tests, Version=0.0.0.0, Culture=neutral, PublicKeyToken=null" name="As0166004" />
    </UnitTest>
    <UnitTest name="Random01ThrowsContractException824" storage="c:\users\suprdewd\documents\projects\sharpbag\sharpbag.tests\bin\release\sharpbag.tests.dll" id="1b9103d0-5cae-0f4c-09ff-459b405bb125">
      <Execution id="aa63aebb-2a6d-46c2-8fe6-f8c3d05100eb" />
      <TestMethod codeBase="C:/Users/SuprDewd/Documents/Projects/SharpBag/SharpBag.Tests/bin/Release/SharpBag.Tests.DLL" adapterTypeName="Microsoft.VisualStudio.TestTools.TestTypes.Unit.UnitTestAdapter, Microsoft.VisualStudio.QualityTools.Tips.UnitTest.Adapter, Version=10.0.0.0, Culture=neutral, PublicKeyToken=b03f5f7f11d50a3a" className="SharpBag.ExtensionsTest, SharpBag.Tests, Version=0.0.0.0, Culture=neutral, PublicKeyToken=null" name="Random01ThrowsContractException824" />
    </UnitTest>
    <UnitTest name="As0163226" storage="c:\users\suprdewd\documents\projects\sharpbag\sharpbag.tests\bin\release\sharpbag.tests.dll" id="be772578-3bd6-fe1e-69ad-baa513f62b0b">
      <Execution id="3cc87a0f-8243-4f97-a1b7-0caad11d1edc" />
      <TestMethod codeBase="C:/Users/SuprDewd/Documents/Projects/SharpBag/SharpBag.Tests/bin/Release/SharpBag.Tests.DLL" adapterTypeName="Microsoft.VisualStudio.TestTools.TestTypes.Unit.UnitTestAdapter, Microsoft.VisualStudio.QualityTools.Tips.UnitTest.Adapter, Version=10.0.0.0, Culture=neutral, PublicKeyToken=b03f5f7f11d50a3a" className="SharpBag.ExtensionsTest, SharpBag.Tests, Version=0.0.0.0, Culture=neutral, PublicKeyToken=null" name="As0163226" />
    </UnitTest>
    <UnitTest name="Add88504" storage="c:\users\suprdewd\documents\projects\sharpbag\sharpbag.tests\bin\release\sharpbag.tests.dll" id="92c796c7-6140-7467-0f72-263f4de0d5fd">
      <Execution id="b71a94c0-8afa-4b7a-a447-0a9b67594b46" />
      <TestMethod codeBase="C:/Users/SuprDewd/Documents/Projects/SharpBag/SharpBag.Tests/bin/Release/SharpBag.Tests.DLL" adapterTypeName="Microsoft.VisualStudio.TestTools.TestTypes.Unit.UnitTestAdapter, Microsoft.VisualStudio.QualityTools.Tips.UnitTest.Adapter, Version=10.0.0.0, Culture=neutral, PublicKeyToken=b03f5f7f11d50a3a" className="SharpBag.ExtensionsTest, SharpBag.Tests, Version=0.0.0.0, Culture=neutral, PublicKeyToken=null" name="Add88504" />
    </UnitTest>
    <UnitTest name="Add29605" storage="c:\users\suprdewd\documents\projects\sharpbag\sharpbag.tests\bin\release\sharpbag.tests.dll" id="f508d895-6987-1ba4-4750-b5ae512c4eca">
      <Execution id="c811bba4-76b2-4c68-b3e5-837cc0bb5f1c" />
      <TestMethod codeBase="C:/Users/SuprDewd/Documents/Projects/SharpBag/SharpBag.Tests/bin/Release/SharpBag.Tests.DLL" adapterTypeName="Microsoft.VisualStudio.TestTools.TestTypes.Unit.UnitTestAdapter, Microsoft.VisualStudio.QualityTools.Tips.UnitTest.Adapter, Version=10.0.0.0, Culture=neutral, PublicKeyToken=b03f5f7f11d50a3a" className="SharpBag.ExtensionsTest, SharpBag.Tests, Version=0.0.0.0, Culture=neutral, PublicKeyToken=null" name="Add29605" />
    </UnitTest>
    <UnitTest name="GetEntry399" storage="c:\users\suprdewd\documents\projects\sharpbag\sharpbag.tests\bin\release\sharpbag.tests.dll" id="892a3b87-6eb6-1cb1-2f32-1bd29fed6734">
      <Execution id="4f9e2fd4-29ce-4f52-a5a2-9a41ea51a7fb" />
      <TestMethod codeBase="C:/Users/SuprDewd/Documents/Projects/SharpBag/SharpBag.Tests/bin/Release/SharpBag.Tests.DLL" adapterTypeName="Microsoft.VisualStudio.TestTools.TestTypes.Unit.UnitTestAdapter, Microsoft.VisualStudio.QualityTools.Tips.UnitTest.Adapter, Version=10.0.0.0, Culture=neutral, PublicKeyToken=b03f5f7f11d50a3a" className="SharpBag.Math.PascalTriangleTest, SharpBag.Tests, Version=0.0.0.0, Culture=neutral, PublicKeyToken=null" name="GetEntry399" />
    </UnitTest>
    <UnitTest name="As0163243" storage="c:\users\suprdewd\documents\projects\sharpbag\sharpbag.tests\bin\release\sharpbag.tests.dll" id="4fbb91c1-c965-1543-022c-12856d2ae5ad">
      <Execution id="033f2e0a-41cb-4afb-9b7d-0361da03d9a4" />
      <TestMethod codeBase="C:/Users/SuprDewd/Documents/Projects/SharpBag/SharpBag.Tests/bin/Release/SharpBag.Tests.DLL" adapterTypeName="Microsoft.VisualStudio.TestTools.TestTypes.Unit.UnitTestAdapter, Microsoft.VisualStudio.QualityTools.Tips.UnitTest.Adapter, Version=10.0.0.0, Culture=neutral, PublicKeyToken=b03f5f7f11d50a3a" className="SharpBag.ExtensionsTest, SharpBag.Tests, Version=0.0.0.0, Culture=neutral, PublicKeyToken=null" name="As0163243" />
    </UnitTest>
    <UnitTest name="As01321" storage="c:\users\suprdewd\documents\projects\sharpbag\sharpbag.tests\bin\release\sharpbag.tests.dll" id="ec491029-dab5-3481-ec80-f35631103905">
      <Execution id="65c7a618-94d7-42e9-a878-847261aa96fb" />
      <TestMethod codeBase="C:/Users/SuprDewd/Documents/Projects/SharpBag/SharpBag.Tests/bin/Release/SharpBag.Tests.DLL" adapterTypeName="Microsoft.VisualStudio.TestTools.TestTypes.Unit.UnitTestAdapter, Microsoft.VisualStudio.QualityTools.Tips.UnitTest.Adapter, Version=10.0.0.0, Culture=neutral, PublicKeyToken=b03f5f7f11d50a3a" className="SharpBag.ExtensionsTest, SharpBag.Tests, Version=0.0.0.0, Culture=neutral, PublicKeyToken=null" name="As01321" />
    </UnitTest>
    <UnitTest name="ReadLinesFromThrowsContractException838" storage="c:\users\suprdewd\documents\projects\sharpbag\sharpbag.tests\bin\release\sharpbag.tests.dll" id="29c9ba2a-8918-92c1-edbc-ad1fd40c77e1">
      <Execution id="d3a737d0-0510-49ce-909c-98e952d31f74" />
      <TestMethod codeBase="C:/Users/SuprDewd/Documents/Projects/SharpBag/SharpBag.Tests/bin/Release/SharpBag.Tests.DLL" adapterTypeName="Microsoft.VisualStudio.TestTools.TestTypes.Unit.UnitTestAdapter, Microsoft.VisualStudio.QualityTools.Tips.UnitTest.Adapter, Version=10.0.0.0, Culture=neutral, PublicKeyToken=b03f5f7f11d50a3a" className="SharpBag.UtilsTest, SharpBag.Tests, Version=0.0.0.0, Culture=neutral, PublicKeyToken=null" name="ReadLinesFromThrowsContractException838" />
    </UnitTest>
    <UnitTest name="Iter96003" storage="c:\users\suprdewd\documents\projects\sharpbag\sharpbag.tests\bin\release\sharpbag.tests.dll" id="9bfa0b14-def6-4233-8f09-efbae74ca192">
      <Execution id="c9e7fa4e-4a83-45cc-96bb-ec4a78db23c9" />
      <TestMethod codeBase="C:/Users/SuprDewd/Documents/Projects/SharpBag/SharpBag.Tests/bin/Release/SharpBag.Tests.DLL" adapterTypeName="Microsoft.VisualStudio.TestTools.TestTypes.Unit.UnitTestAdapter, Microsoft.VisualStudio.QualityTools.Tips.UnitTest.Adapter, Version=10.0.0.0, Culture=neutral, PublicKeyToken=b03f5f7f11d50a3a" className="SharpBag.ExtensionsTest, SharpBag.Tests, Version=0.0.0.0, Culture=neutral, PublicKeyToken=null" name="Iter96003" />
    </UnitTest>
    <UnitTest name="ForEach12501" storage="c:\users\suprdewd\documents\projects\sharpbag\sharpbag.tests\bin\release\sharpbag.tests.dll" id="8a248c8c-38d6-117a-cb08-bb2fddeae117">
      <Execution id="7adc7f0e-0558-4d5c-a4c8-67b86ae7060d" />
      <TestMethod codeBase="C:/Users/SuprDewd/Documents/Projects/SharpBag/SharpBag.Tests/bin/Release/SharpBag.Tests.DLL" adapterTypeName="Microsoft.VisualStudio.TestTools.TestTypes.Unit.UnitTestAdapter, Microsoft.VisualStudio.QualityTools.Tips.UnitTest.Adapter, Version=10.0.0.0, Culture=neutral, PublicKeyToken=b03f5f7f11d50a3a" className="SharpBag.ExtensionsTest, SharpBag.Tests, Version=0.0.0.0, Culture=neutral, PublicKeyToken=null" name="ForEach12501" />
    </UnitTest>
    <UnitTest name="As21520" storage="c:\users\suprdewd\documents\projects\sharpbag\sharpbag.tests\bin\release\sharpbag.tests.dll" id="585eea8b-8fa4-71e8-9d43-5274aef9fa35">
      <Execution id="1c68818b-bdcc-44d8-899f-9dcdeb5d2f23" />
      <TestMethod codeBase="C:/Users/SuprDewd/Documents/Projects/SharpBag/SharpBag.Tests/bin/Release/SharpBag.Tests.DLL" adapterTypeName="Microsoft.VisualStudio.TestTools.TestTypes.Unit.UnitTestAdapter, Microsoft.VisualStudio.QualityTools.Tips.UnitTest.Adapter, Version=10.0.0.0, Culture=neutral, PublicKeyToken=b03f5f7f11d50a3a" className="SharpBag.ExtensionsTest, SharpBag.Tests, Version=0.0.0.0, Culture=neutral, PublicKeyToken=null" name="As21520" />
    </UnitTest>
    <UnitTest name="As0163239" storage="c:\users\suprdewd\documents\projects\sharpbag\sharpbag.tests\bin\release\sharpbag.tests.dll" id="91ad74e2-7f98-39c5-b2ac-d6979eb1e521">
      <Execution id="cc8fa410-e28e-4f1f-ae18-898cbacf8db9" />
      <TestMethod codeBase="C:/Users/SuprDewd/Documents/Projects/SharpBag/SharpBag.Tests/bin/Release/SharpBag.Tests.DLL" adapterTypeName="Microsoft.VisualStudio.TestTools.TestTypes.Unit.UnitTestAdapter, Microsoft.VisualStudio.QualityTools.Tips.UnitTest.Adapter, Version=10.0.0.0, Culture=neutral, PublicKeyToken=b03f5f7f11d50a3a" className="SharpBag.ExtensionsTest, SharpBag.Tests, Version=0.0.0.0, Culture=neutral, PublicKeyToken=null" name="As0163239" />
    </UnitTest>
    <UnitTest name="As0132106" storage="c:\users\suprdewd\documents\projects\sharpbag\sharpbag.tests\bin\release\sharpbag.tests.dll" id="de9d9ca9-6d6f-fece-a7ad-0d011ee5cf94">
      <Execution id="25b3ba06-f983-404b-bb5b-c559b9341f8b" />
      <TestMethod codeBase="C:/Users/SuprDewd/Documents/Projects/SharpBag/SharpBag.Tests/bin/Release/SharpBag.Tests.DLL" adapterTypeName="Microsoft.VisualStudio.TestTools.TestTypes.Unit.UnitTestAdapter, Microsoft.VisualStudio.QualityTools.Tips.UnitTest.Adapter, Version=10.0.0.0, Culture=neutral, PublicKeyToken=b03f5f7f11d50a3a" className="SharpBag.ExtensionsTest, SharpBag.Tests, Version=0.0.0.0, Culture=neutral, PublicKeyToken=null" name="As0132106" />
    </UnitTest>
    <UnitTest name="AsEnumerable0314804" storage="c:\users\suprdewd\documents\projects\sharpbag\sharpbag.tests\bin\release\sharpbag.tests.dll" id="787c2aca-5007-7e56-5e10-28020b3be468">
      <Execution id="49e143cf-3001-4a7f-a20f-2bff8c1cb98b" />
      <TestMethod codeBase="C:/Users/SuprDewd/Documents/Projects/SharpBag/SharpBag.Tests/bin/Release/SharpBag.Tests.DLL" adapterTypeName="Microsoft.VisualStudio.TestTools.TestTypes.Unit.UnitTestAdapter, Microsoft.VisualStudio.QualityTools.Tips.UnitTest.Adapter, Version=10.0.0.0, Culture=neutral, PublicKeyToken=b03f5f7f11d50a3a" className="SharpBag.ExtensionsTest, SharpBag.Tests, Version=0.0.0.0, Culture=neutral, PublicKeyToken=null" name="AsEnumerable0314804" />
    </UnitTest>
    <UnitTest name="IfNotNullThrowsContractException244" storage="c:\users\suprdewd\documents\projects\sharpbag\sharpbag.tests\bin\release\sharpbag.tests.dll" id="f31f6586-bd67-7bb8-9aa9-4e4da8495dd1">
      <Execution id="3a7fc293-7959-4813-a49c-5cb0bc8c42e8" />
      <TestMethod codeBase="C:/Users/SuprDewd/Documents/Projects/SharpBag/SharpBag.Tests/bin/Release/SharpBag.Tests.DLL" adapterTypeName="Microsoft.VisualStudio.TestTools.TestTypes.Unit.UnitTestAdapter, Microsoft.VisualStudio.QualityTools.Tips.UnitTest.Adapter, Version=10.0.0.0, Culture=neutral, PublicKeyToken=b03f5f7f11d50a3a" className="SharpBag.ExtensionsTest, SharpBag.Tests, Version=0.0.0.0, Culture=neutral, PublicKeyToken=null" name="IfNotNullThrowsContractException244" />
    </UnitTest>
    <UnitTest name="UnionAll02ThrowsContractException903" storage="c:\users\suprdewd\documents\projects\sharpbag\sharpbag.tests\bin\release\sharpbag.tests.dll" id="49b4e1b0-9a60-f1f3-7d8e-e1f63ecc7d50">
      <Execution id="31608480-fdec-423a-859f-37facef9e49e" />
      <TestMethod codeBase="C:/Users/SuprDewd/Documents/Projects/SharpBag/SharpBag.Tests/bin/Release/SharpBag.Tests.DLL" adapterTypeName="Microsoft.VisualStudio.TestTools.TestTypes.Unit.UnitTestAdapter, Microsoft.VisualStudio.QualityTools.Tips.UnitTest.Adapter, Version=10.0.0.0, Culture=neutral, PublicKeyToken=b03f5f7f11d50a3a" className="SharpBag.ExtensionsTest, SharpBag.Tests, Version=0.0.0.0, Culture=neutral, PublicKeyToken=null" name="UnionAll02ThrowsContractException903" />
    </UnitTest>
    <UnitTest name="As01632" storage="c:\users\suprdewd\documents\projects\sharpbag\sharpbag.tests\bin\release\sharpbag.tests.dll" id="f685a220-cae8-50b0-d543-46e310017a33">
      <Execution id="a497565a-8bb9-44e6-88a4-720d736ac35a" />
      <TestMethod codeBase="C:/Users/SuprDewd/Documents/Projects/SharpBag/SharpBag.Tests/bin/Release/SharpBag.Tests.DLL" adapterTypeName="Microsoft.VisualStudio.TestTools.TestTypes.Unit.UnitTestAdapter, Microsoft.VisualStudio.QualityTools.Tips.UnitTest.Adapter, Version=10.0.0.0, Culture=neutral, PublicKeyToken=b03f5f7f11d50a3a" className="SharpBag.ExtensionsTest, SharpBag.Tests, Version=0.0.0.0, Culture=neutral, PublicKeyToken=null" name="As01632" />
    </UnitTest>
    <UnitTest name="As0198301" storage="c:\users\suprdewd\documents\projects\sharpbag\sharpbag.tests\bin\release\sharpbag.tests.dll" id="43271b50-9462-4bb7-5e78-3783a2d68504">
      <Execution id="2d220309-02c5-4d5c-bb80-01aae34a2bd4" />
      <TestMethod codeBase="C:/Users/SuprDewd/Documents/Projects/SharpBag/SharpBag.Tests/bin/Release/SharpBag.Tests.DLL" adapterTypeName="Microsoft.VisualStudio.TestTools.TestTypes.Unit.UnitTestAdapter, Microsoft.VisualStudio.QualityTools.Tips.UnitTest.Adapter, Version=10.0.0.0, Culture=neutral, PublicKeyToken=b03f5f7f11d50a3a" className="SharpBag.ExtensionsTest, SharpBag.Tests, Version=0.0.0.0, Culture=neutral, PublicKeyToken=null" name="As0198301" />
    </UnitTest>
    <UnitTest name="ExecuteThrowsContractException956" storage="c:\users\suprdewd\documents\projects\sharpbag\sharpbag.tests\bin\release\sharpbag.tests.dll" id="f0b252fe-1565-bae0-f55f-bb06055c22a4">
      <Execution id="80765fe5-087d-4913-93c1-b62e79a5df16" />
      <TestMethod codeBase="C:/Users/SuprDewd/Documents/Projects/SharpBag/SharpBag.Tests/bin/Release/SharpBag.Tests.DLL" adapterTypeName="Microsoft.VisualStudio.TestTools.TestTypes.Unit.UnitTestAdapter, Microsoft.VisualStudio.QualityTools.Tips.UnitTest.Adapter, Version=10.0.0.0, Culture=neutral, PublicKeyToken=b03f5f7f11d50a3a" className="SharpBag.ExtensionsTest, SharpBag.Tests, Version=0.0.0.0, Culture=neutral, PublicKeyToken=null" name="ExecuteThrowsContractException956" />
    </UnitTest>
    <UnitTest name="Subarray709" storage="c:\users\suprdewd\documents\projects\sharpbag\sharpbag.tests\bin\release\sharpbag.tests.dll" id="04c53adc-df51-85a8-3dcb-278e962fc112">
      <Execution id="8aacd908-f5f6-4c63-869f-530530d81507" />
      <TestMethod codeBase="C:/Users/SuprDewd/Documents/Projects/SharpBag/SharpBag.Tests/bin/Release/SharpBag.Tests.DLL" adapterTypeName="Microsoft.VisualStudio.TestTools.TestTypes.Unit.UnitTestAdapter, Microsoft.VisualStudio.QualityTools.Tips.UnitTest.Adapter, Version=10.0.0.0, Culture=neutral, PublicKeyToken=b03f5f7f11d50a3a" className="SharpBag.ExtensionsTest, SharpBag.Tests, Version=0.0.0.0, Culture=neutral, PublicKeyToken=null" name="Subarray709" />
    </UnitTest>
    <UnitTest name="ExecutionTime01ThrowsContractException363" storage="c:\users\suprdewd\documents\projects\sharpbag\sharpbag.tests\bin\release\sharpbag.tests.dll" id="382f1a18-8c5b-b8b8-72e6-323b201ac9b0">
      <Execution id="933ea1b9-aa33-4058-aca7-b0d0d4f2f6d0" />
      <TestMethod codeBase="C:/Users/SuprDewd/Documents/Projects/SharpBag/SharpBag.Tests/bin/Release/SharpBag.Tests.DLL" adapterTypeName="Microsoft.VisualStudio.TestTools.TestTypes.Unit.UnitTestAdapter, Microsoft.VisualStudio.QualityTools.Tips.UnitTest.Adapter, Version=10.0.0.0, Culture=neutral, PublicKeyToken=b03f5f7f11d50a3a" className="SharpBag.UtilsTest, SharpBag.Tests, Version=0.0.0.0, Culture=neutral, PublicKeyToken=null" name="ExecutionTime01ThrowsContractException363" />
    </UnitTest>
    <UnitTest name="FromEnumerator55" storage="c:\users\suprdewd\documents\projects\sharpbag\sharpbag.tests\bin\release\sharpbag.tests.dll" id="be5f5722-e49c-2552-3b23-55e7eba52bdb">
      <Execution id="7ba0d43f-ef5c-41e1-928c-9bf960001155" />
      <TestMethod codeBase="C:/Users/SuprDewd/Documents/Projects/SharpBag/SharpBag.Tests/bin/Release/SharpBag.Tests.DLL" adapterTypeName="Microsoft.VisualStudio.TestTools.TestTypes.Unit.UnitTestAdapter, Microsoft.VisualStudio.QualityTools.Tips.UnitTest.Adapter, Version=10.0.0.0, Culture=neutral, PublicKeyToken=b03f5f7f11d50a3a" className="SharpBag.UtilsTest, SharpBag.Tests, Version=0.0.0.0, Culture=neutral, PublicKeyToken=null" name="FromEnumerator55" />
    </UnitTest>
    <UnitTest name="AsEnumerable0314802" storage="c:\users\suprdewd\documents\projects\sharpbag\sharpbag.tests\bin\release\sharpbag.tests.dll" id="f342f959-584b-70f7-fc12-f7e45c365653">
      <Execution id="69aca2d9-4639-44c9-935c-de8aecfff48c" />
      <TestMethod codeBase="C:/Users/SuprDewd/Documents/Projects/SharpBag/SharpBag.Tests/bin/Release/SharpBag.Tests.DLL" adapterTypeName="Microsoft.VisualStudio.TestTools.TestTypes.Unit.UnitTestAdapter, Microsoft.VisualStudio.QualityTools.Tips.UnitTest.Adapter, Version=10.0.0.0, Culture=neutral, PublicKeyToken=b03f5f7f11d50a3a" className="SharpBag.ExtensionsTest, SharpBag.Tests, Version=0.0.0.0, Culture=neutral, PublicKeyToken=null" name="AsEnumerable0314802" />
    </UnitTest>
    <UnitTest name="As0132103" storage="c:\users\suprdewd\documents\projects\sharpbag\sharpbag.tests\bin\release\sharpbag.tests.dll" id="0c58cf0b-ac72-a134-206f-98daff22c7f5">
      <Execution id="4f495daf-e4f2-458f-84fb-72616fe876c2" />
      <TestMethod codeBase="C:/Users/SuprDewd/Documents/Projects/SharpBag/SharpBag.Tests/bin/Release/SharpBag.Tests.DLL" adapterTypeName="Microsoft.VisualStudio.TestTools.TestTypes.Unit.UnitTestAdapter, Microsoft.VisualStudio.QualityTools.Tips.UnitTest.Adapter, Version=10.0.0.0, Culture=neutral, PublicKeyToken=b03f5f7f11d50a3a" className="SharpBag.ExtensionsTest, SharpBag.Tests, Version=0.0.0.0, Culture=neutral, PublicKeyToken=null" name="As0132103" />
    </UnitTest>
    <UnitTest name="As0198302" storage="c:\users\suprdewd\documents\projects\sharpbag\sharpbag.tests\bin\release\sharpbag.tests.dll" id="31751606-0e00-3ddd-298e-e7c2d6c445a2">
      <Execution id="d873bece-3b05-4a2d-865e-5f5ce8813e15" />
      <TestMethod codeBase="C:/Users/SuprDewd/Documents/Projects/SharpBag/SharpBag.Tests/bin/Release/SharpBag.Tests.DLL" adapterTypeName="Microsoft.VisualStudio.TestTools.TestTypes.Unit.UnitTestAdapter, Microsoft.VisualStudio.QualityTools.Tips.UnitTest.Adapter, Version=10.0.0.0, Culture=neutral, PublicKeyToken=b03f5f7f11d50a3a" className="SharpBag.ExtensionsTest, SharpBag.Tests, Version=0.0.0.0, Culture=neutral, PublicKeyToken=null" name="As0198302" />
    </UnitTest>
    <UnitTest name="UnionAll0135501" storage="c:\users\suprdewd\documents\projects\sharpbag\sharpbag.tests\bin\release\sharpbag.tests.dll" id="640310df-d648-7294-c434-32af677c30c3">
      <Execution id="2940e7c6-3846-4b3f-b3eb-1d68bd4a3866" />
      <TestMethod codeBase="C:/Users/SuprDewd/Documents/Projects/SharpBag/SharpBag.Tests/bin/Release/SharpBag.Tests.DLL" adapterTypeName="Microsoft.VisualStudio.TestTools.TestTypes.Unit.UnitTestAdapter, Microsoft.VisualStudio.QualityTools.Tips.UnitTest.Adapter, Version=10.0.0.0, Culture=neutral, PublicKeyToken=b03f5f7f11d50a3a" className="SharpBag.ExtensionsTest, SharpBag.Tests, Version=0.0.0.0, Culture=neutral, PublicKeyToken=null" name="UnionAll0135501" />
    </UnitTest>
    <UnitTest name="As0163210" storage="c:\users\suprdewd\documents\projects\sharpbag\sharpbag.tests\bin\release\sharpbag.tests.dll" id="ab4705e8-14a4-6e9f-baf9-e3d238e84cf8">
      <Execution id="f5e362d6-f034-42c3-b8ad-d0c9a51e5ed1" />
      <TestMethod codeBase="C:/Users/SuprDewd/Documents/Projects/SharpBag/SharpBag.Tests/bin/Release/SharpBag.Tests.DLL" adapterTypeName="Microsoft.VisualStudio.TestTools.TestTypes.Unit.UnitTestAdapter, Microsoft.VisualStudio.QualityTools.Tips.UnitTest.Adapter, Version=10.0.0.0, Culture=neutral, PublicKeyToken=b03f5f7f11d50a3a" className="SharpBag.ExtensionsTest, SharpBag.Tests, Version=0.0.0.0, Culture=neutral, PublicKeyToken=null" name="As0163210" />
    </UnitTest>
    <UnitTest name="ReadLinesFromFileThrowsContractException244" storage="c:\users\suprdewd\documents\projects\sharpbag\sharpbag.tests\bin\release\sharpbag.tests.dll" id="1ca82a0b-7842-06c7-ecd3-2f81b62f1e0e">
      <Execution id="14f6064e-68a0-42a1-935a-24266bf6d947" />
      <TestMethod codeBase="C:/Users/SuprDewd/Documents/Projects/SharpBag/SharpBag.Tests/bin/Release/SharpBag.Tests.DLL" adapterTypeName="Microsoft.VisualStudio.TestTools.TestTypes.Unit.UnitTestAdapter, Microsoft.VisualStudio.QualityTools.Tips.UnitTest.Adapter, Version=10.0.0.0, Culture=neutral, PublicKeyToken=b03f5f7f11d50a3a" className="SharpBag.UtilsTest, SharpBag.Tests, Version=0.0.0.0, Culture=neutral, PublicKeyToken=null" name="ReadLinesFromFileThrowsContractException244" />
    </UnitTest>
    <UnitTest name="ToThrowsContractException88" storage="c:\users\suprdewd\documents\projects\sharpbag\sharpbag.tests\bin\release\sharpbag.tests.dll" id="06856cc0-d338-2fce-b65e-89181f957a9c">
      <Execution id="048b66b8-ad23-4116-9e10-46d03a4d1ff1" />
      <TestMethod codeBase="C:/Users/SuprDewd/Documents/Projects/SharpBag/SharpBag.Tests/bin/Release/SharpBag.Tests.DLL" adapterTypeName="Microsoft.VisualStudio.TestTools.TestTypes.Unit.UnitTestAdapter, Microsoft.VisualStudio.QualityTools.Tips.UnitTest.Adapter, Version=10.0.0.0, Culture=neutral, PublicKeyToken=b03f5f7f11d50a3a" className="SharpBag.ExtensionsTest, SharpBag.Tests, Version=0.0.0.0, Culture=neutral, PublicKeyToken=null" name="ToThrowsContractException88" />
    </UnitTest>
    <UnitTest name="IsIn01ThrowsContractException541" storage="c:\users\suprdewd\documents\projects\sharpbag\sharpbag.tests\bin\release\sharpbag.tests.dll" id="71fee49d-9778-cdd0-20ec-1f703e488c02">
      <Execution id="0f5c0d15-7ce1-489e-825a-fd282d8c274c" />
      <TestMethod codeBase="C:/Users/SuprDewd/Documents/Projects/SharpBag/SharpBag.Tests/bin/Release/SharpBag.Tests.DLL" adapterTypeName="Microsoft.VisualStudio.TestTools.TestTypes.Unit.UnitTestAdapter, Microsoft.VisualStudio.QualityTools.Tips.UnitTest.Adapter, Version=10.0.0.0, Culture=neutral, PublicKeyToken=b03f5f7f11d50a3a" className="SharpBag.ExtensionsTest, SharpBag.Tests, Version=0.0.0.0, Culture=neutral, PublicKeyToken=null" name="IsIn01ThrowsContractException541" />
    </UnitTest>
    <UnitTest name="As0163203" storage="c:\users\suprdewd\documents\projects\sharpbag\sharpbag.tests\bin\release\sharpbag.tests.dll" id="4796da93-05be-09dc-4928-16eafddcfcc3">
      <Execution id="6eca921e-fe28-408b-834f-a80545c83841" />
      <TestMethod codeBase="C:/Users/SuprDewd/Documents/Projects/SharpBag/SharpBag.Tests/bin/Release/SharpBag.Tests.DLL" adapterTypeName="Microsoft.VisualStudio.TestTools.TestTypes.Unit.UnitTestAdapter, Microsoft.VisualStudio.QualityTools.Tips.UnitTest.Adapter, Version=10.0.0.0, Culture=neutral, PublicKeyToken=b03f5f7f11d50a3a" className="SharpBag.ExtensionsTest, SharpBag.Tests, Version=0.0.0.0, Culture=neutral, PublicKeyToken=null" name="As0163203" />
    </UnitTest>
    <UnitTest name="As01367" storage="c:\users\suprdewd\documents\projects\sharpbag\sharpbag.tests\bin\release\sharpbag.tests.dll" id="3e37c17d-90fa-e89c-9aa5-d591fc3b0dec">
      <Execution id="9d01fdc4-5ce3-439a-b840-790395f41dab" />
      <TestMethod codeBase="C:/Users/SuprDewd/Documents/Projects/SharpBag/SharpBag.Tests/bin/Release/SharpBag.Tests.DLL" adapterTypeName="Microsoft.VisualStudio.TestTools.TestTypes.Unit.UnitTestAdapter, Microsoft.VisualStudio.QualityTools.Tips.UnitTest.Adapter, Version=10.0.0.0, Culture=neutral, PublicKeyToken=b03f5f7f11d50a3a" className="SharpBag.ExtensionsTest, SharpBag.Tests, Version=0.0.0.0, Culture=neutral, PublicKeyToken=null" name="As01367" />
    </UnitTest>
    <UnitTest name="Fill10501" storage="c:\users\suprdewd\documents\projects\sharpbag\sharpbag.tests\bin\release\sharpbag.tests.dll" id="e4db398c-24ce-cfbd-5f58-d6e71460af67">
      <Execution id="db805869-78af-4d3b-ba52-be71caf36a3a" />
      <TestMethod codeBase="C:/Users/SuprDewd/Documents/Projects/SharpBag/SharpBag.Tests/bin/Release/SharpBag.Tests.DLL" adapterTypeName="Microsoft.VisualStudio.TestTools.TestTypes.Unit.UnitTestAdapter, Microsoft.VisualStudio.QualityTools.Tips.UnitTest.Adapter, Version=10.0.0.0, Culture=neutral, PublicKeyToken=b03f5f7f11d50a3a" className="SharpBag.ExtensionsTest, SharpBag.Tests, Version=0.0.0.0, Culture=neutral, PublicKeyToken=null" name="Fill10501" />
    </UnitTest>
    <UnitTest name="As0132104" storage="c:\users\suprdewd\documents\projects\sharpbag\sharpbag.tests\bin\release\sharpbag.tests.dll" id="b30e4a1d-f330-da4d-3e81-5c536003275c">
      <Execution id="84fbc47e-d52b-494a-b910-5a29b8323a2f" />
      <TestMethod codeBase="C:/Users/SuprDewd/Documents/Projects/SharpBag/SharpBag.Tests/bin/Release/SharpBag.Tests.DLL" adapterTypeName="Microsoft.VisualStudio.TestTools.TestTypes.Unit.UnitTestAdapter, Microsoft.VisualStudio.QualityTools.Tips.UnitTest.Adapter, Version=10.0.0.0, Culture=neutral, PublicKeyToken=b03f5f7f11d50a3a" className="SharpBag.ExtensionsTest, SharpBag.Tests, Version=0.0.0.0, Culture=neutral, PublicKeyToken=null" name="As0132104" />
    </UnitTest>
    <UnitTest name="SubarrayThrowsContractException304" storage="c:\users\suprdewd\documents\projects\sharpbag\sharpbag.tests\bin\release\sharpbag.tests.dll" id="23289518-cff6-51c7-cbca-8f7fc69c7429">
      <Execution id="136853b4-b4d5-4f2e-b6ba-b04a1783de7d" />
      <TestMethod codeBase="C:/Users/SuprDewd/Documents/Projects/SharpBag/SharpBag.Tests/bin/Release/SharpBag.Tests.DLL" adapterTypeName="Microsoft.VisualStudio.TestTools.TestTypes.Unit.UnitTestAdapter, Microsoft.VisualStudio.QualityTools.Tips.UnitTest.Adapter, Version=10.0.0.0, Culture=neutral, PublicKeyToken=b03f5f7f11d50a3a" className="SharpBag.ExtensionsTest, SharpBag.Tests, Version=0.0.0.0, Culture=neutral, PublicKeyToken=null" name="SubarrayThrowsContractException304" />
    </UnitTest>
    <UnitTest name="As0163224" storage="c:\users\suprdewd\documents\projects\sharpbag\sharpbag.tests\bin\release\sharpbag.tests.dll" id="389db5b6-ab96-a436-4af4-f75359c85bc2">
      <Execution id="6377deca-d2ee-492d-b84d-4b4ff0e6941f" />
      <TestMethod codeBase="C:/Users/SuprDewd/Documents/Projects/SharpBag/SharpBag.Tests/bin/Release/SharpBag.Tests.DLL" adapterTypeName="Microsoft.VisualStudio.TestTools.TestTypes.Unit.UnitTestAdapter, Microsoft.VisualStudio.QualityTools.Tips.UnitTest.Adapter, Version=10.0.0.0, Culture=neutral, PublicKeyToken=b03f5f7f11d50a3a" className="SharpBag.ExtensionsTest, SharpBag.Tests, Version=0.0.0.0, Culture=neutral, PublicKeyToken=null" name="As0163224" />
    </UnitTest>
    <UnitTest name="NextDateTimeThrowsContractException762" storage="c:\users\suprdewd\documents\projects\sharpbag\sharpbag.tests\bin\release\sharpbag.tests.dll" id="b2f30ec3-5e04-5411-1ff4-09fa134b1c9b">
      <Execution id="cef7395e-ffe2-457a-83ef-34832e90426d" />
      <TestMethod codeBase="C:/Users/SuprDewd/Documents/Projects/SharpBag/SharpBag.Tests/bin/Release/SharpBag.Tests.DLL" adapterTypeName="Microsoft.VisualStudio.TestTools.TestTypes.Unit.UnitTestAdapter, Microsoft.VisualStudio.QualityTools.Tips.UnitTest.Adapter, Version=10.0.0.0, Culture=neutral, PublicKeyToken=b03f5f7f11d50a3a" className="SharpBag.RandomExtensionsTest, SharpBag.Tests, Version=0.0.0.0, Culture=neutral, PublicKeyToken=null" name="NextDateTimeThrowsContractException762" />
    </UnitTest>
    <UnitTest name="Bound01415" storage="c:\users\suprdewd\documents\projects\sharpbag\sharpbag.tests\bin\release\sharpbag.tests.dll" id="d2b87ca7-13bf-5225-5027-20d84a20b6c5">
      <Execution id="e703d41e-e2cd-4ef1-8dd5-fa4e3b551f5f" />
      <TestMethod codeBase="C:/Users/SuprDewd/Documents/Projects/SharpBag/SharpBag.Tests/bin/Release/SharpBag.Tests.DLL" adapterTypeName="Microsoft.VisualStudio.TestTools.TestTypes.Unit.UnitTestAdapter, Microsoft.VisualStudio.QualityTools.Tips.UnitTest.Adapter, Version=10.0.0.0, Culture=neutral, PublicKeyToken=b03f5f7f11d50a3a" className="SharpBag.Math.MathExtensionsTest, SharpBag.Tests, Version=0.0.0.0, Culture=neutral, PublicKeyToken=null" name="Bound01415" />
    </UnitTest>
    <UnitTest name="As21515" storage="c:\users\suprdewd\documents\projects\sharpbag\sharpbag.tests\bin\release\sharpbag.tests.dll" id="39d51485-c4b8-96d0-eea4-f4eb3886369b">
      <Execution id="0f88ecc7-eafb-48c6-9758-03c8827d8584" />
      <TestMethod codeBase="C:/Users/SuprDewd/Documents/Projects/SharpBag/SharpBag.Tests/bin/Release/SharpBag.Tests.DLL" adapterTypeName="Microsoft.VisualStudio.TestTools.TestTypes.Unit.UnitTestAdapter, Microsoft.VisualStudio.QualityTools.Tips.UnitTest.Adapter, Version=10.0.0.0, Culture=neutral, PublicKeyToken=b03f5f7f11d50a3a" className="SharpBag.ExtensionsTest, SharpBag.Tests, Version=0.0.0.0, Culture=neutral, PublicKeyToken=null" name="As21515" />
    </UnitTest>
    <UnitTest name="Iter96002" storage="c:\users\suprdewd\documents\projects\sharpbag\sharpbag.tests\bin\release\sharpbag.tests.dll" id="33d00c5c-c888-05a3-fa39-c11369cf7bd7">
      <Execution id="36ebe84d-f9cd-4c42-b6b9-d7c556532681" />
      <TestMethod codeBase="C:/Users/SuprDewd/Documents/Projects/SharpBag/SharpBag.Tests/bin/Release/SharpBag.Tests.DLL" adapterTypeName="Microsoft.VisualStudio.TestTools.TestTypes.Unit.UnitTestAdapter, Microsoft.VisualStudio.QualityTools.Tips.UnitTest.Adapter, Version=10.0.0.0, Culture=neutral, PublicKeyToken=b03f5f7f11d50a3a" className="SharpBag.ExtensionsTest, SharpBag.Tests, Version=0.0.0.0, Culture=neutral, PublicKeyToken=null" name="Iter96002" />
    </UnitTest>
    <UnitTest name="As01404" storage="c:\users\suprdewd\documents\projects\sharpbag\sharpbag.tests\bin\release\sharpbag.tests.dll" id="40e83519-1225-601d-0c17-661b77e82314">
      <Execution id="97fc2755-717c-4c99-b96a-1f67baf1bb7f" />
      <TestMethod codeBase="C:/Users/SuprDewd/Documents/Projects/SharpBag/SharpBag.Tests/bin/Release/SharpBag.Tests.DLL" adapterTypeName="Microsoft.VisualStudio.TestTools.TestTypes.Unit.UnitTestAdapter, Microsoft.VisualStudio.QualityTools.Tips.UnitTest.Adapter, Version=10.0.0.0, Culture=neutral, PublicKeyToken=b03f5f7f11d50a3a" className="SharpBag.ExtensionsTest, SharpBag.Tests, Version=0.0.0.0, Culture=neutral, PublicKeyToken=null" name="As01404" />
    </UnitTest>
  </TestDefinitions>
  <TestLists>
    <TestList name="Results Not in a List" id="8c84fa94-04c1-424b-9868-57a2d4851a1d" />
    <TestList name="All Loaded Results" id="19431567-8539-422a-85d7-44ee4e166bda" />
  </TestLists>
  <TestEntries>
    <TestEntry testId="00c14203-8bf0-0e19-b6f3-8f956cc00cd8" executionId="78ab3436-409e-4e82-85fe-5a0f9d28ff5c" testListId="8c84fa94-04c1-424b-9868-57a2d4851a1d" />
    <TestEntry testId="0161e0da-ca21-0417-0696-663c1366fbb8" executionId="66c42e9d-7903-4301-accb-ebf38538038a" testListId="8c84fa94-04c1-424b-9868-57a2d4851a1d" />
    <TestEntry testId="03c88b26-e4eb-d38e-6683-3ac55f8aeeac" executionId="7fa31bf6-0c85-4ecf-ae55-2f0f1a8689b3" testListId="8c84fa94-04c1-424b-9868-57a2d4851a1d" />
    <TestEntry testId="04c53adc-df51-85a8-3dcb-278e962fc112" executionId="8aacd908-f5f6-4c63-869f-530530d81507" testListId="8c84fa94-04c1-424b-9868-57a2d4851a1d" />
    <TestEntry testId="055e48df-0214-9f4b-ed2b-c5a320ca2c7d" executionId="78afab3c-e5af-4888-864b-6461842c0c22" testListId="8c84fa94-04c1-424b-9868-57a2d4851a1d" />
    <TestEntry testId="06856cc0-d338-2fce-b65e-89181f957a9c" executionId="048b66b8-ad23-4116-9e10-46d03a4d1ff1" testListId="8c84fa94-04c1-424b-9868-57a2d4851a1d" />
    <TestEntry testId="07802348-e3dc-037c-ce88-1e51ccef97b0" executionId="11efafd2-42ad-4097-b6ae-cf7dd758175d" testListId="8c84fa94-04c1-424b-9868-57a2d4851a1d" />
    <TestEntry testId="099b6629-b323-a9b6-3641-ebce58ee0f7c" executionId="49b7af73-299a-43d8-9815-4be73d2027d1" testListId="8c84fa94-04c1-424b-9868-57a2d4851a1d" />
    <TestEntry testId="09abec53-bc8a-0db2-1ff6-28ad5ea0f559" executionId="a4c4d6db-c564-4030-87ea-5b5866d6fb5f" testListId="8c84fa94-04c1-424b-9868-57a2d4851a1d" />
    <TestEntry testId="09d5fce9-d98a-1fa1-f446-d10c4751e838" executionId="4d575e07-56b7-4d19-8cac-ab7fae3c134b" testListId="8c84fa94-04c1-424b-9868-57a2d4851a1d" />
    <TestEntry testId="0a3fdb66-22d4-099d-e280-8c9d091bd243" executionId="9548cc72-858b-4ffa-ba6d-8da9937743bc" testListId="8c84fa94-04c1-424b-9868-57a2d4851a1d" />
    <TestEntry testId="0b8785c2-8bd4-a826-60eb-f295a2d7fcb3" executionId="5f3db92c-7dec-4c00-9a6c-f5e38f8ceb90" testListId="8c84fa94-04c1-424b-9868-57a2d4851a1d" />
    <TestEntry testId="0c1112ce-06b8-6d36-f7fb-a3574f6e2065" executionId="956d1b9f-9cda-40c7-90cc-b9a208c0b3a5" testListId="8c84fa94-04c1-424b-9868-57a2d4851a1d" />
    <TestEntry testId="0c58cf0b-ac72-a134-206f-98daff22c7f5" executionId="4f495daf-e4f2-458f-84fb-72616fe876c2" testListId="8c84fa94-04c1-424b-9868-57a2d4851a1d" />
    <TestEntry testId="0c6370f1-3a15-0de1-18cb-8da30dd57ee7" executionId="ef38789a-5e31-4884-975e-fde3873eed2d" testListId="8c84fa94-04c1-424b-9868-57a2d4851a1d" />
    <TestEntry testId="0cb477c5-7b02-500d-45eb-bb863b0c13bb" executionId="042d1cd3-2ed1-41cb-97c8-0f1943a05691" testListId="8c84fa94-04c1-424b-9868-57a2d4851a1d" />
    <TestEntry testId="0cf9c414-1497-f4be-8e70-721d9337c834" executionId="b3a36590-883a-4828-8ae8-f8429b9e68a1" testListId="8c84fa94-04c1-424b-9868-57a2d4851a1d" />
    <TestEntry testId="0e44207d-1ccf-04c5-6aef-2081653ff131" executionId="2366dfca-baef-4227-8b43-4a41e41ffcdb" testListId="8c84fa94-04c1-424b-9868-57a2d4851a1d" />
    <TestEntry testId="0e73a463-cb0d-f992-9d84-5941849f04d6" executionId="14a1d049-1370-44e4-85e6-ac927d2da544" testListId="8c84fa94-04c1-424b-9868-57a2d4851a1d" />
    <TestEntry testId="0e90738b-70d8-2788-4a26-d16c8666f6ca" executionId="54b06786-be98-4349-8bf0-f8e71d1f8e06" testListId="8c84fa94-04c1-424b-9868-57a2d4851a1d" />
    <TestEntry testId="0eb1a35f-2d95-2bd4-e6e7-1f1c134e7c74" executionId="e34db4e7-5245-4b7b-acba-869724418a2a" testListId="8c84fa94-04c1-424b-9868-57a2d4851a1d" />
    <TestEntry testId="0f614d48-4580-1835-c34d-314b56fdf70c" executionId="81c0e010-54bb-4d59-a320-a3a70b5f9984" testListId="8c84fa94-04c1-424b-9868-57a2d4851a1d" />
    <TestEntry testId="106b7a63-3c06-2f97-097e-1a5d38b1a1ac" executionId="d432da4f-7043-43a8-9650-a209834a73ca" testListId="8c84fa94-04c1-424b-9868-57a2d4851a1d" />
    <TestEntry testId="11187b04-c546-bd3e-0bbb-d3f71bff1f4f" executionId="261ed371-f25e-4c2a-b028-9374cce347c0" testListId="8c84fa94-04c1-424b-9868-57a2d4851a1d" />
    <TestEntry testId="116bcbca-67a9-cf3b-0614-27721784c6e2" executionId="d3ac9a17-b77b-435b-84d7-f9e5de51f290" testListId="8c84fa94-04c1-424b-9868-57a2d4851a1d" />
    <TestEntry testId="116e53ad-53cc-1f8c-5eeb-a61eba3cd5e8" executionId="c13936a8-f7d6-478e-86a5-115873178391" testListId="8c84fa94-04c1-424b-9868-57a2d4851a1d" />
    <TestEntry testId="1199c9cc-d8e3-0309-8136-cef199801af6" executionId="1ad60c03-3acc-496a-af29-3690bfffbd19" testListId="8c84fa94-04c1-424b-9868-57a2d4851a1d" />
    <TestEntry testId="1307dc5b-75f8-92ef-4a33-aeb8175b4d4d" executionId="eb27fb0c-b857-47bb-b7bd-032f19fc1465" testListId="8c84fa94-04c1-424b-9868-57a2d4851a1d" />
    <TestEntry testId="143eb567-4397-2625-6014-2a2400dd294f" executionId="9b5c10ea-7061-487e-b175-7cbbb3837733" testListId="8c84fa94-04c1-424b-9868-57a2d4851a1d" />
    <TestEntry testId="15f6ec28-2881-7c22-a597-01fe1093749a" executionId="899581f0-9e4c-475f-b72e-a2e171083c66" testListId="8c84fa94-04c1-424b-9868-57a2d4851a1d" />
    <TestEntry testId="1614cc64-5cbc-b082-cb61-089f874d65b1" executionId="6d3bb9dc-f939-40bf-acce-cc45bff3c6ed" testListId="8c84fa94-04c1-424b-9868-57a2d4851a1d" />
    <TestEntry testId="16bc510b-963f-30e5-6517-13389edd4fdc" executionId="ce053529-d238-4aef-be4d-2e23750f8376" testListId="8c84fa94-04c1-424b-9868-57a2d4851a1d" />
    <TestEntry testId="16e2011d-5b89-0c00-2883-d68cf1f627cd" executionId="71942bc8-ca0c-45be-a1d0-64b3eac03a4f" testListId="8c84fa94-04c1-424b-9868-57a2d4851a1d" />
    <TestEntry testId="16eccf92-0ec9-930b-cfbe-252e74468966" executionId="efb4c22c-f74a-4318-83ef-c10269580e72" testListId="8c84fa94-04c1-424b-9868-57a2d4851a1d" />
    <TestEntry testId="19033310-a8dd-db0b-1dcd-2bf1bef510ca" executionId="a3897520-2d6a-4e61-9b0d-f3938e44a791" testListId="8c84fa94-04c1-424b-9868-57a2d4851a1d" />
    <TestEntry testId="1903a639-b5d9-1b4f-9c30-0405b15e8f12" executionId="cec09539-b3e9-4e80-95dd-4d484e83629f" testListId="8c84fa94-04c1-424b-9868-57a2d4851a1d" />
    <TestEntry testId="190e9c3f-d107-1b47-1211-423b930a255a" executionId="a7238d48-b503-4956-b45c-80408111ab4b" testListId="8c84fa94-04c1-424b-9868-57a2d4851a1d" />
    <TestEntry testId="193af604-0c49-1c0a-39c2-739404c2ca21" executionId="0a53a419-013f-42b1-9d79-49021c632478" testListId="8c84fa94-04c1-424b-9868-57a2d4851a1d" />
    <TestEntry testId="1a41ca06-c399-fb41-1b68-4e54f6d9fba0" executionId="5becea95-5d68-4248-a64b-a712d5895bd8" testListId="8c84fa94-04c1-424b-9868-57a2d4851a1d" />
    <TestEntry testId="1ac879f8-3c0a-1016-6157-e481eddd5c9f" executionId="4e77a75e-4621-4224-9d05-24b55d901751" testListId="8c84fa94-04c1-424b-9868-57a2d4851a1d" />
    <TestEntry testId="1b50a732-77b4-82a3-8153-f8dad0640018" executionId="855a008d-f1e8-46f8-b87d-3e3357e0bd4b" testListId="8c84fa94-04c1-424b-9868-57a2d4851a1d" />
    <TestEntry testId="1b741696-a239-fa83-4bfb-5be27d6d2eb3" executionId="f4cb89f2-9768-4cc5-9b14-53d78cfca484" testListId="8c84fa94-04c1-424b-9868-57a2d4851a1d" />
    <TestEntry testId="1b9103d0-5cae-0f4c-09ff-459b405bb125" executionId="aa63aebb-2a6d-46c2-8fe6-f8c3d05100eb" testListId="8c84fa94-04c1-424b-9868-57a2d4851a1d" />
    <TestEntry testId="1ba64111-f510-59f1-348e-baa48180e56e" executionId="658ee8ca-7a4a-439d-a3f0-3ed6d0d84a84" testListId="8c84fa94-04c1-424b-9868-57a2d4851a1d" />
    <TestEntry testId="1bc4937e-b347-cc6e-764b-80d0275d20a2" executionId="84d49ba4-5f75-4d0f-8e85-22288626a253" testListId="8c84fa94-04c1-424b-9868-57a2d4851a1d" />
    <TestEntry testId="1bcc15c4-61d7-3b94-4bbd-0be40d5ef4ca" executionId="29381454-a24b-4e20-80fa-f6a623549652" testListId="8c84fa94-04c1-424b-9868-57a2d4851a1d" />
    <TestEntry testId="1c5ab376-6152-4272-31e3-55dc91a07a86" executionId="0fd7edcd-692c-415b-a79f-ab98a76456ee" testListId="8c84fa94-04c1-424b-9868-57a2d4851a1d" />
    <TestEntry testId="1ca82a0b-7842-06c7-ecd3-2f81b62f1e0e" executionId="14f6064e-68a0-42a1-935a-24266bf6d947" testListId="8c84fa94-04c1-424b-9868-57a2d4851a1d" />
    <TestEntry testId="1cb6fca5-5cbd-75cb-cfee-a358b8315906" executionId="4355c2b1-837b-4f7e-bf67-8161a1bc2eb4" testListId="8c84fa94-04c1-424b-9868-57a2d4851a1d" />
    <TestEntry testId="1cdb2f2c-09f6-d6d8-6d16-a0ea90824aba" executionId="c3c35a66-f6f4-4c89-b2d6-d5b2420097a9" testListId="8c84fa94-04c1-424b-9868-57a2d4851a1d" />
    <TestEntry testId="1e0ca069-996e-4bc0-6164-74e9ee8107ac" executionId="c9b4395d-4f20-437c-ae41-c9ae074a1fa6" testListId="8c84fa94-04c1-424b-9868-57a2d4851a1d" />
    <TestEntry testId="1f40669e-af15-3df6-04e7-ce43fe026d00" executionId="7be87df9-c5f3-4612-a951-d83385fcd7fa" testListId="8c84fa94-04c1-424b-9868-57a2d4851a1d" />
    <TestEntry testId="1fa5b7ed-be1a-69d3-e35d-61c48c394d37" executionId="e76d64d1-f917-4f73-9df5-2ab44fefc4a7" testListId="8c84fa94-04c1-424b-9868-57a2d4851a1d" />
    <TestEntry testId="1fd730db-48ad-68c2-a560-921c988f9a38" executionId="3cd2f1c0-7df8-450b-9655-77c95ebdd83f" testListId="8c84fa94-04c1-424b-9868-57a2d4851a1d" />
    <TestEntry testId="221d319c-8869-0d4c-725e-9ea36949d716" executionId="be7adc0b-b59e-4819-83bc-a64ac0408b9c" testListId="8c84fa94-04c1-424b-9868-57a2d4851a1d" />
    <TestEntry testId="22b3bc9e-2d91-4747-086b-d415be2c5776" executionId="9f7be30b-a710-41ba-927d-ac57f76dfe50" testListId="8c84fa94-04c1-424b-9868-57a2d4851a1d" />
    <TestEntry testId="22fb3f0c-8177-2102-3c97-5cd124eaf953" executionId="0456bf5e-020b-4416-93c2-d29404c33047" testListId="8c84fa94-04c1-424b-9868-57a2d4851a1d" />
    <TestEntry testId="23289518-cff6-51c7-cbca-8f7fc69c7429" executionId="136853b4-b4d5-4f2e-b6ba-b04a1783de7d" testListId="8c84fa94-04c1-424b-9868-57a2d4851a1d" />
    <TestEntry testId="236dd585-9363-168d-3729-7ab007ad8692" executionId="123b70b8-7cb9-4615-91ea-154b8b87ade7" testListId="8c84fa94-04c1-424b-9868-57a2d4851a1d" />
    <TestEntry testId="25d5b35a-db1f-e192-1a83-5fbd23003a20" executionId="d4f383e5-ef6d-41bf-9be3-606d124d2957" testListId="8c84fa94-04c1-424b-9868-57a2d4851a1d" />
    <TestEntry testId="25e137bf-b11b-a709-2200-80de04831d5b" executionId="fd07a5cf-447f-418e-ab5b-cac3dc4b75a8" testListId="8c84fa94-04c1-424b-9868-57a2d4851a1d" />
    <TestEntry testId="28805317-a840-3e77-4899-69199b1265d9" executionId="1cb7eb4e-4c0c-4b35-be5f-44829dff2f69" testListId="8c84fa94-04c1-424b-9868-57a2d4851a1d" />
    <TestEntry testId="29095a51-c311-c865-7cf1-7076578258b7" executionId="1db346a1-061a-4aea-8cf1-97de384909ed" testListId="8c84fa94-04c1-424b-9868-57a2d4851a1d" />
    <TestEntry testId="29c9ba2a-8918-92c1-edbc-ad1fd40c77e1" executionId="d3a737d0-0510-49ce-909c-98e952d31f74" testListId="8c84fa94-04c1-424b-9868-57a2d4851a1d" />
    <TestEntry testId="29e140f3-0b7d-028a-f85f-e65d5e7a4460" executionId="a788c54e-f0af-4821-bdd8-9de0e54bf03b" testListId="8c84fa94-04c1-424b-9868-57a2d4851a1d" />
    <TestEntry testId="2a3bccbe-42e2-9009-af11-20e5efc1eb2e" executionId="54670bcb-0706-4c43-bb63-243dcd70b8ba" testListId="8c84fa94-04c1-424b-9868-57a2d4851a1d" />
    <TestEntry testId="2a492a9b-f563-5e1e-f60c-76d1e2ee9ce9" executionId="78c489da-c370-4543-8bb1-27b17b8fa62a" testListId="8c84fa94-04c1-424b-9868-57a2d4851a1d" />
    <TestEntry testId="2a73a8ee-edb3-255b-de40-e76f0ee6887d" executionId="87003455-7eea-4529-8831-998db05ea302" testListId="8c84fa94-04c1-424b-9868-57a2d4851a1d" />
    <TestEntry testId="2b100bf6-e6a4-9f38-c22a-f01b6c39f024" executionId="9fb18395-6e7a-481b-953a-bfddd64886d5" testListId="8c84fa94-04c1-424b-9868-57a2d4851a1d" />
    <TestEntry testId="2b6a1fd0-ad89-86fe-c32f-c850f3486570" executionId="efd4fd34-4c1f-4b44-9ba9-268c16dda931" testListId="8c84fa94-04c1-424b-9868-57a2d4851a1d" />
    <TestEntry testId="2b9734bf-2716-3fbd-907d-b338c9f5816c" executionId="48948b99-4599-4c37-86a8-212591a13a4f" testListId="8c84fa94-04c1-424b-9868-57a2d4851a1d" />
    <TestEntry testId="2c678190-6575-f47a-afde-b3eb80b1856c" executionId="6acc06b8-416d-4c5f-b832-70a93f77028a" testListId="8c84fa94-04c1-424b-9868-57a2d4851a1d" />
    <TestEntry testId="2cd94b85-ca28-7ec9-b7f9-ff8305b67d1c" executionId="047fda6e-2e29-4c15-9858-c1bbd6179ddf" testListId="8c84fa94-04c1-424b-9868-57a2d4851a1d" />
    <TestEntry testId="2df82623-33bd-df5b-7142-249281b6ca57" executionId="e4a22f2b-2ac2-4d03-8631-3f18a511a912" testListId="8c84fa94-04c1-424b-9868-57a2d4851a1d" />
    <TestEntry testId="2e9abde5-72f2-18f2-ec62-8da36318a8ed" executionId="2edbf4e3-46a7-4ff1-98eb-fcc1a76089f9" testListId="8c84fa94-04c1-424b-9868-57a2d4851a1d" />
    <TestEntry testId="2f442340-39d2-2141-feae-caa93af13693" executionId="ed21dcc8-085e-40d4-b45b-d4fdaf08e0a1" testListId="8c84fa94-04c1-424b-9868-57a2d4851a1d" />
    <TestEntry testId="2f5ec1c4-04f0-fa9c-5150-6f7abf584f74" executionId="834acc3d-03f6-4909-90bc-83994b7fe14d" testListId="8c84fa94-04c1-424b-9868-57a2d4851a1d" />
    <TestEntry testId="2f965438-892b-963f-1d2d-a0dc16402531" executionId="a2490d14-9f52-4f5e-adb2-d05969ccfc77" testListId="8c84fa94-04c1-424b-9868-57a2d4851a1d" />
    <TestEntry testId="2fd85783-fc83-f96f-d9bf-a6bcc5a252f1" executionId="927e3e69-f771-4960-bf6d-77603dc1ffcf" testListId="8c84fa94-04c1-424b-9868-57a2d4851a1d" />
    <TestEntry testId="2ff38794-ad92-1998-3c20-e3ee775a8969" executionId="ac132066-a4e5-4b80-8847-670b3551811b" testListId="8c84fa94-04c1-424b-9868-57a2d4851a1d" />
    <TestEntry testId="3141d6f7-4f77-e316-0fab-9f0803c256ce" executionId="179805d8-ec46-47d0-9568-02cb639704ce" testListId="8c84fa94-04c1-424b-9868-57a2d4851a1d" />
    <TestEntry testId="31751606-0e00-3ddd-298e-e7c2d6c445a2" executionId="d873bece-3b05-4a2d-865e-5f5ce8813e15" testListId="8c84fa94-04c1-424b-9868-57a2d4851a1d" />
    <TestEntry testId="31a88d64-bb5b-6217-2758-d493dee381b6" executionId="882fe0d4-3b38-4a01-bdbc-8cf9a9d7f17b" testListId="8c84fa94-04c1-424b-9868-57a2d4851a1d" />
    <TestEntry testId="31a904fb-b5e5-f95a-175a-584bb2addaff" executionId="6a693710-38ff-40cd-804b-f4a6ee0392a7" testListId="8c84fa94-04c1-424b-9868-57a2d4851a1d" />
    <TestEntry testId="3340cb14-cf3b-8e1f-ca28-73acf64d833a" executionId="f123643b-b125-45b6-99fa-df6871dcdf8c" testListId="8c84fa94-04c1-424b-9868-57a2d4851a1d" />
    <TestEntry testId="33d00c5c-c888-05a3-fa39-c11369cf7bd7" executionId="36ebe84d-f9cd-4c42-b6b9-d7c556532681" testListId="8c84fa94-04c1-424b-9868-57a2d4851a1d" />
    <TestEntry testId="3403c50d-2a71-9a27-1ea8-652ff438ba45" executionId="7a5c9b86-10bc-490f-a740-29be50d171be" testListId="8c84fa94-04c1-424b-9868-57a2d4851a1d" />
    <TestEntry testId="34aa3cd1-c558-0302-e5aa-355d37850848" executionId="faa62dd1-012b-4582-8473-cc968f4ae1dc" testListId="8c84fa94-04c1-424b-9868-57a2d4851a1d" />
    <TestEntry testId="36c0ac7a-9f37-b952-7a17-2ad1e9132b69" executionId="5066990f-65fe-49d1-8baf-4c3ae2d0edd1" testListId="8c84fa94-04c1-424b-9868-57a2d4851a1d" />
    <TestEntry testId="37c5e788-97a2-ee7f-c1df-5b64dcc3fb4c" executionId="8417d456-9b22-4548-ace6-58c9464c05df" testListId="8c84fa94-04c1-424b-9868-57a2d4851a1d" />
    <TestEntry testId="382ae704-dd0b-2259-d31c-dfbfb69a1305" executionId="88f766eb-b246-4659-942e-86c0a15dea02" testListId="8c84fa94-04c1-424b-9868-57a2d4851a1d" />
    <TestEntry testId="382f1a18-8c5b-b8b8-72e6-323b201ac9b0" executionId="933ea1b9-aa33-4058-aca7-b0d0d4f2f6d0" testListId="8c84fa94-04c1-424b-9868-57a2d4851a1d" />
    <TestEntry testId="389db5b6-ab96-a436-4af4-f75359c85bc2" executionId="6377deca-d2ee-492d-b84d-4b4ff0e6941f" testListId="8c84fa94-04c1-424b-9868-57a2d4851a1d" />
    <TestEntry testId="3950117e-1257-8bcc-63aa-35e8e8daf9e2" executionId="1d1881ae-b01c-4d3b-9050-408e234d2ea1" testListId="8c84fa94-04c1-424b-9868-57a2d4851a1d" />
    <TestEntry testId="39820720-af85-1690-8f39-546deff2b7b4" executionId="415257da-dd58-4b5b-b106-975e7573403a" testListId="8c84fa94-04c1-424b-9868-57a2d4851a1d" />
    <TestEntry testId="39a24eb5-a45d-f931-6682-86b278494085" executionId="93d34771-0d4a-4eb6-8a07-201d3ce33248" testListId="8c84fa94-04c1-424b-9868-57a2d4851a1d" />
    <TestEntry testId="39d51485-c4b8-96d0-eea4-f4eb3886369b" executionId="0f88ecc7-eafb-48c6-9758-03c8827d8584" testListId="8c84fa94-04c1-424b-9868-57a2d4851a1d" />
    <TestEntry testId="3a633eaa-632f-f936-1d35-4e407b494884" executionId="7619c273-e97a-44b8-ac77-210abcc32382" testListId="8c84fa94-04c1-424b-9868-57a2d4851a1d" />
    <TestEntry testId="3b7492e4-a6c9-f27d-cbcd-b4d711370215" executionId="48aa8b82-26b3-42b2-a0ce-40b05d78a26d" testListId="8c84fa94-04c1-424b-9868-57a2d4851a1d" />
    <TestEntry testId="3c1d094b-ca29-adfc-cfcd-77289a3cce3f" executionId="11545e61-b5a4-4883-959f-510fde0cf062" testListId="8c84fa94-04c1-424b-9868-57a2d4851a1d" />
    <TestEntry testId="3c579db0-0876-cedf-1e56-2a6de957c366" executionId="5251e4b8-098e-47a1-991f-cbd340c35a12" testListId="8c84fa94-04c1-424b-9868-57a2d4851a1d" />
    <TestEntry testId="3ca3afbe-4155-3a78-1581-d034645ac0e9" executionId="1554b964-f82c-4131-a3d9-5f8f2697561d" testListId="8c84fa94-04c1-424b-9868-57a2d4851a1d" />
    <TestEntry testId="3cd342db-3464-b39f-d797-78a5b44d7bab" executionId="9bff5f60-4b77-4e89-9abd-247e0fa012fe" testListId="8c84fa94-04c1-424b-9868-57a2d4851a1d" />
    <TestEntry testId="3cd79fab-d2b4-f532-5d2a-fc7f89f94523" executionId="c4bb8623-c6b7-498c-b4c6-2934eac7fdf2" testListId="8c84fa94-04c1-424b-9868-57a2d4851a1d" />
    <TestEntry testId="3d3988d3-9563-f144-e6f1-47341372fdea" executionId="0339805c-e598-4dc0-8309-ceb0868f3f7e" testListId="8c84fa94-04c1-424b-9868-57a2d4851a1d" />
    <TestEntry testId="3e37c17d-90fa-e89c-9aa5-d591fc3b0dec" executionId="9d01fdc4-5ce3-439a-b840-790395f41dab" testListId="8c84fa94-04c1-424b-9868-57a2d4851a1d" />
    <TestEntry testId="3ee2643e-ead7-691a-f95c-40871a623a07" executionId="2478f37c-fc98-4cab-8237-8235e2cbc045" testListId="8c84fa94-04c1-424b-9868-57a2d4851a1d" />
    <TestEntry testId="3f99a1d3-4dae-8b7d-a361-9ebbf5115b1e" executionId="c1fb5615-9c13-4a25-88fc-626dd9fa9f11" testListId="8c84fa94-04c1-424b-9868-57a2d4851a1d" />
    <TestEntry testId="3febe6f3-67ab-23b3-dd85-d4b7c1206b0c" executionId="56bfded9-7737-4027-a1a7-cb0a8922d265" testListId="8c84fa94-04c1-424b-9868-57a2d4851a1d" />
    <TestEntry testId="40b13692-f736-7aca-afa5-678a24ba3ffc" executionId="7ed0ccd5-ac78-4b9b-ab24-6c661600af62" testListId="8c84fa94-04c1-424b-9868-57a2d4851a1d" />
    <TestEntry testId="40e83519-1225-601d-0c17-661b77e82314" executionId="97fc2755-717c-4c99-b96a-1f67baf1bb7f" testListId="8c84fa94-04c1-424b-9868-57a2d4851a1d" />
    <TestEntry testId="4183213a-6645-16c2-af8b-e5bfcf7442d8" executionId="844edd75-2061-4ea3-bf4b-dc71f1eefc62" testListId="8c84fa94-04c1-424b-9868-57a2d4851a1d" />
    <TestEntry testId="41b53b6b-04c0-c784-5da0-bab31b4fb4d7" executionId="6ed3b670-5ef4-42ab-988c-70ed13bb79fb" testListId="8c84fa94-04c1-424b-9868-57a2d4851a1d" />
    <TestEntry testId="42cd3761-649c-3df0-5f4b-fa8aa48d1117" executionId="e3ffa0aa-4f77-4c8b-ac81-777d458b2656" testListId="8c84fa94-04c1-424b-9868-57a2d4851a1d" />
    <TestEntry testId="42f45f10-504d-0d19-0e58-1ea2105c69e9" executionId="0be76cdf-b9c3-4c0d-80cb-e16ae6b7dbed" testListId="8c84fa94-04c1-424b-9868-57a2d4851a1d" />
    <TestEntry testId="43271b50-9462-4bb7-5e78-3783a2d68504" executionId="2d220309-02c5-4d5c-bb80-01aae34a2bd4" testListId="8c84fa94-04c1-424b-9868-57a2d4851a1d" />
    <TestEntry testId="43b966b3-46a6-2c68-ed24-575462007214" executionId="cc7ed332-483c-4088-8ce7-400b97bb8c45" testListId="8c84fa94-04c1-424b-9868-57a2d4851a1d" />
    <TestEntry testId="43ec9cb9-8bbb-8dbf-cdc5-7d3a31acaa9d" executionId="bfdcfa40-00ee-4bd0-8fd9-50e04fc6be2a" testListId="8c84fa94-04c1-424b-9868-57a2d4851a1d" />
    <TestEntry testId="446e633f-49f1-1108-f723-4032f6b7dd87" executionId="8a55bf57-935c-4f57-a576-d7bb4bac1d13" testListId="8c84fa94-04c1-424b-9868-57a2d4851a1d" />
    <TestEntry testId="44ddd54b-7a43-e4f9-ebb3-b78badce4585" executionId="26cb9202-694a-469a-80a7-59c5a0f03c92" testListId="8c84fa94-04c1-424b-9868-57a2d4851a1d" />
    <TestEntry testId="466bff3f-4c8e-a9c1-50f6-91ffeb15d3a1" executionId="af1f8a8d-3608-4a53-b904-d0f3f845b2f0" testListId="8c84fa94-04c1-424b-9868-57a2d4851a1d" />
    <TestEntry testId="46ca0fd9-03e1-55e3-3ad7-b4625d8d07c0" executionId="f1d52562-f399-4ce4-95d2-82d92e2cc654" testListId="8c84fa94-04c1-424b-9868-57a2d4851a1d" />
    <TestEntry testId="46f11c29-0946-1ee3-1afe-afb72995b905" executionId="3e59e078-b3dc-4350-923d-2ae3005495ec" testListId="8c84fa94-04c1-424b-9868-57a2d4851a1d" />
    <TestEntry testId="473a2b39-cb44-1d62-3c12-9fd92e3b377f" executionId="0992c538-1f76-4370-85ee-3ffdf097fde8" testListId="8c84fa94-04c1-424b-9868-57a2d4851a1d" />
    <TestEntry testId="4796da93-05be-09dc-4928-16eafddcfcc3" executionId="6eca921e-fe28-408b-834f-a80545c83841" testListId="8c84fa94-04c1-424b-9868-57a2d4851a1d" />
    <TestEntry testId="4828b82d-197c-d38d-1052-fb24855ec6ae" executionId="ad0bddaf-9e2a-47ac-9bb8-55bef590356f" testListId="8c84fa94-04c1-424b-9868-57a2d4851a1d" />
    <TestEntry testId="48745f52-01da-5495-8edc-495e0a033ca1" executionId="82bcf7ea-0773-4b8d-9838-8e3e35b8f2c1" testListId="8c84fa94-04c1-424b-9868-57a2d4851a1d" />
    <TestEntry testId="49aa9228-e307-ef3c-566e-386137588923" executionId="c3751985-5978-4abb-af23-6757c15117a6" testListId="8c84fa94-04c1-424b-9868-57a2d4851a1d" />
    <TestEntry testId="49b4e1b0-9a60-f1f3-7d8e-e1f63ecc7d50" executionId="31608480-fdec-423a-859f-37facef9e49e" testListId="8c84fa94-04c1-424b-9868-57a2d4851a1d" />
    <TestEntry testId="4a5ccd91-8853-f0cc-c6d0-af1603a36ab2" executionId="ba857de9-043d-4556-bcdf-2271a4a87df3" testListId="8c84fa94-04c1-424b-9868-57a2d4851a1d" />
    <TestEntry testId="4a6ab862-71b2-27a3-9da1-313f7454d29c" executionId="f4f735d0-050d-4ad0-bec1-bc732cc98da2" testListId="8c84fa94-04c1-424b-9868-57a2d4851a1d" />
    <TestEntry testId="4c1abec7-91f0-7672-2e0f-302cf26fbd1a" executionId="c63d1ab2-7319-4cd0-95c4-67796e5a9a4e" testListId="8c84fa94-04c1-424b-9868-57a2d4851a1d" />
    <TestEntry testId="4c766330-2a1a-c11f-5958-fa0e45c2a866" executionId="0e6bea6d-a648-48dd-962a-8c6ff34a3914" testListId="8c84fa94-04c1-424b-9868-57a2d4851a1d" />
    <TestEntry testId="4d41008a-7d5b-c195-89ca-25e2bba2803d" executionId="4d8846eb-cbe9-4e03-95e1-2c1b38f96fe0" testListId="8c84fa94-04c1-424b-9868-57a2d4851a1d" />
    <TestEntry testId="4f308a7f-5339-1197-c196-e8c2a3294cdb" executionId="1312cf31-4cb1-453f-8581-d50c11328669" testListId="8c84fa94-04c1-424b-9868-57a2d4851a1d" />
    <TestEntry testId="4fbb91c1-c965-1543-022c-12856d2ae5ad" executionId="033f2e0a-41cb-4afb-9b7d-0361da03d9a4" testListId="8c84fa94-04c1-424b-9868-57a2d4851a1d" />
    <TestEntry testId="51819a1f-c4ce-ae98-f248-c4cc70983131" executionId="48c20fc4-6a23-47d4-a183-e2e77ce25ab4" testListId="8c84fa94-04c1-424b-9868-57a2d4851a1d" />
    <TestEntry testId="530e9426-a117-1e44-3c23-eb9bc838bd65" executionId="4bda07d2-4ada-4921-b9f5-df1d2a2ca58e" testListId="8c84fa94-04c1-424b-9868-57a2d4851a1d" />
    <TestEntry testId="536b6a19-3a08-b70f-2e38-9f6c85ff083a" executionId="e12ab339-fc78-4e89-ac9d-987efcf0096b" testListId="8c84fa94-04c1-424b-9868-57a2d4851a1d" />
    <TestEntry testId="53857a93-24c6-17ef-97dc-e0adc3a32915" executionId="e998dd99-6d31-47a7-bac5-f4ceca00dcd1" testListId="8c84fa94-04c1-424b-9868-57a2d4851a1d" />
    <TestEntry testId="54a905e4-23d3-6e8d-704d-1df818e276e2" executionId="87a3ce94-f124-47ba-8244-edd378013982" testListId="8c84fa94-04c1-424b-9868-57a2d4851a1d" />
    <TestEntry testId="54c53908-aa18-b805-dfbf-38b92f93913c" executionId="13039d9d-cbf7-4fc2-9e56-d6b4331fa19e" testListId="8c84fa94-04c1-424b-9868-57a2d4851a1d" />
    <TestEntry testId="54dfb2f2-edab-6914-c734-746381ef028e" executionId="c57da31c-edb2-428c-a3a5-4333730abb65" testListId="8c84fa94-04c1-424b-9868-57a2d4851a1d" />
    <TestEntry testId="5514446b-a7eb-a40a-85ab-240a248bba2a" executionId="99681d3e-d3f9-495e-87be-f511d552c7fb" testListId="8c84fa94-04c1-424b-9868-57a2d4851a1d" />
    <TestEntry testId="559ad5fd-9c89-3fab-e602-368a88629e35" executionId="b46c381f-28c2-4e39-869a-24d8e03061bb" testListId="8c84fa94-04c1-424b-9868-57a2d4851a1d" />
    <TestEntry testId="56fc1a57-6e5c-088b-8f95-88d9f697c097" executionId="7f6bb722-b279-4918-9006-a9b46ac0e3ec" testListId="8c84fa94-04c1-424b-9868-57a2d4851a1d" />
    <TestEntry testId="583a3c4e-73f0-f6e0-0816-cbe45229841d" executionId="ded4bd8d-89b0-4f29-8631-45432e61d80a" testListId="8c84fa94-04c1-424b-9868-57a2d4851a1d" />
    <TestEntry testId="585eea8b-8fa4-71e8-9d43-5274aef9fa35" executionId="1c68818b-bdcc-44d8-899f-9dcdeb5d2f23" testListId="8c84fa94-04c1-424b-9868-57a2d4851a1d" />
    <TestEntry testId="59990ab9-8064-95a7-969b-da2dc269c717" executionId="c542cc14-9811-41a6-8036-40d54692d959" testListId="8c84fa94-04c1-424b-9868-57a2d4851a1d" />
    <TestEntry testId="5aba0e57-1e97-6240-5ce7-34738ec9892e" executionId="33a6cdcc-a546-4d00-9019-902cbbb5ef6b" testListId="8c84fa94-04c1-424b-9868-57a2d4851a1d" />
    <TestEntry testId="5b905b9d-179c-2930-2f2f-ad7751aea174" executionId="786d3788-6316-4435-be95-bb29f8a0b009" testListId="8c84fa94-04c1-424b-9868-57a2d4851a1d" />
    <TestEntry testId="5bc8e954-9533-694e-e2d2-b1683e15a646" executionId="9e8f2e7b-a624-432b-a21b-63df35dded8e" testListId="8c84fa94-04c1-424b-9868-57a2d4851a1d" />
    <TestEntry testId="5c94f4eb-6c23-cce6-4e00-2079c09ad7c7" executionId="2693be96-f4c0-4cb5-89cc-6374cb04c447" testListId="8c84fa94-04c1-424b-9868-57a2d4851a1d" />
    <TestEntry testId="5d3e9240-0aab-ea59-1a14-d23dae50d829" executionId="f5e1ddfc-3782-4f9e-b13a-bd68619ca70e" testListId="8c84fa94-04c1-424b-9868-57a2d4851a1d" />
    <TestEntry testId="5d4547ce-a6eb-4a5d-11b5-fd4fb3f2b4c4" executionId="de3a9314-c626-449a-baa1-5a995e6b1ca9" testListId="8c84fa94-04c1-424b-9868-57a2d4851a1d" />
    <TestEntry testId="5d663026-8403-d8b3-571f-dbc623bc2b0e" executionId="c24d6704-b7f3-4218-b497-67be33034aaa" testListId="8c84fa94-04c1-424b-9868-57a2d4851a1d" />
    <TestEntry testId="5f0a5483-d074-35b1-500e-1196c2881235" executionId="7116f3af-1957-48e6-bfa2-22e58fd677e8" testListId="8c84fa94-04c1-424b-9868-57a2d4851a1d" />
    <TestEntry testId="5f6c8af1-2825-3c27-b802-e1be0e1eeb12" executionId="474e020c-7cdb-4f74-934c-b271d60f656f" testListId="8c84fa94-04c1-424b-9868-57a2d4851a1d" />
    <TestEntry testId="5fca3757-7a2b-c50a-d1ee-768afad2bd70" executionId="274cc42a-f8b7-4652-bfb1-ca5002f6bc0e" testListId="8c84fa94-04c1-424b-9868-57a2d4851a1d" />
    <TestEntry testId="5fdc84ef-63cf-5a14-fe7e-7e23560c2d19" executionId="c0ab4860-0c6a-414a-89cc-604d231ccea5" testListId="8c84fa94-04c1-424b-9868-57a2d4851a1d" />
    <TestEntry testId="601f589a-42f0-a91d-7641-c0a8eea06f45" executionId="0ac78d78-67fa-4f3d-909b-906fac35db42" testListId="8c84fa94-04c1-424b-9868-57a2d4851a1d" />
    <TestEntry testId="603d3527-31ad-433b-f22d-64c8d067b62d" executionId="8440299b-6a6c-4e68-9be8-87fb894fd2b6" testListId="8c84fa94-04c1-424b-9868-57a2d4851a1d" />
    <TestEntry testId="60d45e5d-fc73-853e-dfaf-76f19b246053" executionId="2422c599-ca8a-4b4f-b61b-cf4d5606eb6d" testListId="8c84fa94-04c1-424b-9868-57a2d4851a1d" />
    <TestEntry testId="619cbe95-853c-eb3c-526b-15e254b297ac" executionId="05f08a51-8b3c-478e-8196-41f5a0654467" testListId="8c84fa94-04c1-424b-9868-57a2d4851a1d" />
    <TestEntry testId="61f7685b-d775-dd59-8bb8-b9d96ff30e56" executionId="4a90c889-aa4a-441e-b71e-f538477f15e9" testListId="8c84fa94-04c1-424b-9868-57a2d4851a1d" />
    <TestEntry testId="640310df-d648-7294-c434-32af677c30c3" executionId="2940e7c6-3846-4b3f-b3eb-1d68bd4a3866" testListId="8c84fa94-04c1-424b-9868-57a2d4851a1d" />
    <TestEntry testId="644c941d-d40b-5655-7852-107ffef9acae" executionId="b6229de3-6b9c-4388-910d-3a607bbecdb8" testListId="8c84fa94-04c1-424b-9868-57a2d4851a1d" />
    <TestEntry testId="65b9de14-2a45-8bd0-c8b6-6b756e114724" executionId="b7b4e02b-dc32-49ed-9635-9a23003b6733" testListId="8c84fa94-04c1-424b-9868-57a2d4851a1d" />
    <TestEntry testId="67a4c730-5c5c-6d36-4a1d-33cc4b179e29" executionId="1bd7f9b0-e74b-4ae2-8807-ec759a8c1751" testListId="8c84fa94-04c1-424b-9868-57a2d4851a1d" />
    <TestEntry testId="67dbcc00-13e5-f7dc-2520-6969d91ffbbc" executionId="dd9dfd46-481a-44a8-8f3a-31fa47c4f5a1" testListId="8c84fa94-04c1-424b-9868-57a2d4851a1d" />
    <TestEntry testId="69d4fcec-3787-b518-9138-fc65c3d09ecc" executionId="9d8c1b76-9369-4eac-ac53-1671b1d084ea" testListId="8c84fa94-04c1-424b-9868-57a2d4851a1d" />
    <TestEntry testId="6b5ea87c-ca8e-cd07-2a54-53cd363577f8" executionId="3bb2b080-5bbd-490a-abc1-6315c5dc4984" testListId="8c84fa94-04c1-424b-9868-57a2d4851a1d" />
    <TestEntry testId="6e33d2cd-b750-0799-4e58-46b5850c6cde" executionId="21f525af-87ab-4c97-90ac-9494a51acec3" testListId="8c84fa94-04c1-424b-9868-57a2d4851a1d" />
    <TestEntry testId="6e515a95-0960-03b8-e29e-884fc5feaace" executionId="024fa549-481e-4058-96d5-1eea88876c8d" testListId="8c84fa94-04c1-424b-9868-57a2d4851a1d" />
    <TestEntry testId="6ea29e89-2e15-126e-eecf-3f7b211c52eb" executionId="bb25afd7-7043-466c-b2ed-aca500adfc0a" testListId="8c84fa94-04c1-424b-9868-57a2d4851a1d" />
    <TestEntry testId="6eb910cd-d3bf-b481-5048-c8c0cee58961" executionId="f098547f-d9e3-44be-b29a-1568b5c37de3" testListId="8c84fa94-04c1-424b-9868-57a2d4851a1d" />
    <TestEntry testId="6fb9b650-50a8-89e9-0d35-3a3dc4939152" executionId="3efaea82-2624-41b8-ac82-bf9e064edb6b" testListId="8c84fa94-04c1-424b-9868-57a2d4851a1d" />
    <TestEntry testId="7068f11c-cf82-d38d-0f16-16dd9f7c090f" executionId="722dfc17-6ff0-4f8b-931e-510541806987" testListId="8c84fa94-04c1-424b-9868-57a2d4851a1d" />
    <TestEntry testId="70ecef07-25d9-9298-9faa-26825e270b46" executionId="1446ecac-ea92-45a4-a349-79e4884ab3c0" testListId="8c84fa94-04c1-424b-9868-57a2d4851a1d" />
    <TestEntry testId="71153c10-625e-eee7-0105-ad1f18f9fb72" executionId="a49e796c-0075-4b85-8c57-5713fc5eef91" testListId="8c84fa94-04c1-424b-9868-57a2d4851a1d" />
    <TestEntry testId="71a360e3-d81d-a30a-382f-721ef096f5b1" executionId="53f5b205-f1b3-44fb-9632-0a28666794c3" testListId="8c84fa94-04c1-424b-9868-57a2d4851a1d" />
    <TestEntry testId="71fee49d-9778-cdd0-20ec-1f703e488c02" executionId="0f5c0d15-7ce1-489e-825a-fd282d8c274c" testListId="8c84fa94-04c1-424b-9868-57a2d4851a1d" />
    <TestEntry testId="7206ff03-56a7-ec6c-ffc0-c8679263faa3" executionId="db5571d2-77b0-4cbf-9ec9-0da2fb1e1dea" testListId="8c84fa94-04c1-424b-9868-57a2d4851a1d" />
    <TestEntry testId="73dedb08-3777-9f76-6412-b3470bb8b574" executionId="38118cb3-a708-4c96-b999-c9ebd15d60d0" testListId="8c84fa94-04c1-424b-9868-57a2d4851a1d" />
    <TestEntry testId="76549838-3cd5-8196-8fe5-c215d6bd242f" executionId="dd95dccb-c678-4e30-a7a4-44a2f32bce0f" testListId="8c84fa94-04c1-424b-9868-57a2d4851a1d" />
    <TestEntry testId="7838b58c-a9ae-e08a-edf4-f9593db060d6" executionId="13a64eea-b368-46ab-81c1-2da92fc5901b" testListId="8c84fa94-04c1-424b-9868-57a2d4851a1d" />
    <TestEntry testId="787c2aca-5007-7e56-5e10-28020b3be468" executionId="49e143cf-3001-4a7f-a20f-2bff8c1cb98b" testListId="8c84fa94-04c1-424b-9868-57a2d4851a1d" />
    <TestEntry testId="78cde1d7-dc20-60c9-ac3e-224ced9a536f" executionId="39cd224c-003c-441d-ad73-54640c9898f5" testListId="8c84fa94-04c1-424b-9868-57a2d4851a1d" />
    <TestEntry testId="7a9400e0-6f1a-74cc-aaf2-4e620d01eac4" executionId="8424e0e1-5f47-40fe-9071-61109c4e70d5" testListId="8c84fa94-04c1-424b-9868-57a2d4851a1d" />
    <TestEntry testId="7a965cd2-e1cf-8636-b94b-9bb1e4688fd0" executionId="03ac4ae6-2063-43f5-81b3-f9fada77cfcd" testListId="8c84fa94-04c1-424b-9868-57a2d4851a1d" />
    <TestEntry testId="7a9b0937-239f-a7cc-e1fc-09bbc3508e89" executionId="6c4f3cc6-3704-44ae-b833-406d04c263a0" testListId="8c84fa94-04c1-424b-9868-57a2d4851a1d" />
    <TestEntry testId="7acd9860-9837-fbe5-5425-b774d050444a" executionId="108b7aa5-3619-4c00-a00d-dfcdccd22d00" testListId="8c84fa94-04c1-424b-9868-57a2d4851a1d" />
    <TestEntry testId="7ba074f7-37b4-86ab-f897-639c59c7afb2" executionId="5c62c025-f42d-4858-8f7d-2f95fc00a361" testListId="8c84fa94-04c1-424b-9868-57a2d4851a1d" />
    <TestEntry testId="7d0a919a-439c-072d-b44b-171c265ca551" executionId="595ee724-e710-4a4a-be46-70fa4d4b47d9" testListId="8c84fa94-04c1-424b-9868-57a2d4851a1d" />
    <TestEntry testId="7edd5b56-0f03-8716-c3c8-130b2e422ca5" executionId="dd3a18da-d101-42ff-810b-2827259f3ab0" testListId="8c84fa94-04c1-424b-9868-57a2d4851a1d" />
    <TestEntry testId="7f2217b8-89e7-0ad9-048a-ae99758b473e" executionId="b4c717a1-cdea-430f-a876-e3ed0dc14fa0" testListId="8c84fa94-04c1-424b-9868-57a2d4851a1d" />
    <TestEntry testId="7f5b067d-004d-00c6-05f1-6ba4459536c9" executionId="05b78326-3799-4b45-bf66-2fb7350be7b0" testListId="8c84fa94-04c1-424b-9868-57a2d4851a1d" />
    <TestEntry testId="7f627b84-c634-6195-b636-ad9c00404c56" executionId="f3808403-4d1a-42a3-8041-6ed856f2ab11" testListId="8c84fa94-04c1-424b-9868-57a2d4851a1d" />
    <TestEntry testId="7f68f257-d1bf-51ca-d4af-90bac0a65697" executionId="13321c77-7247-4c26-b436-82658f6f3219" testListId="8c84fa94-04c1-424b-9868-57a2d4851a1d" />
    <TestEntry testId="80003646-df99-feba-93b2-6a809b884bf6" executionId="6916f61d-396d-49ee-ae34-9f88a48ce174" testListId="8c84fa94-04c1-424b-9868-57a2d4851a1d" />
    <TestEntry testId="80650f6a-5c42-4976-d721-00508b71c4c3" executionId="c6f56b5d-24da-4b3c-8981-740823dd9c96" testListId="8c84fa94-04c1-424b-9868-57a2d4851a1d" />
    <TestEntry testId="8076c83d-2717-5964-7e9d-50cc5e2706b9" executionId="9ffeb350-3d5d-43ee-93c8-8263dbd689e7" testListId="8c84fa94-04c1-424b-9868-57a2d4851a1d" />
    <TestEntry testId="80c446f8-daa9-dd90-7ba0-f56b79877aec" executionId="7d0aa655-a31c-47d3-932d-c8a2e2a595c0" testListId="8c84fa94-04c1-424b-9868-57a2d4851a1d" />
    <TestEntry testId="8118e565-451d-8ba1-0335-1880350004d1" executionId="355c4a95-1fe3-42aa-b38b-2e5dee21aa5c" testListId="8c84fa94-04c1-424b-9868-57a2d4851a1d" />
    <TestEntry testId="81c4858e-2ab2-b121-25c5-9c96ee04a442" executionId="e0ae8bd4-44fd-4a82-a1e6-8aa902cd2ae1" testListId="8c84fa94-04c1-424b-9868-57a2d4851a1d" />
    <TestEntry testId="8449ab5e-c7c8-6deb-cb03-833888a032c6" executionId="c3d034e0-942b-437c-994a-0c111b3f0f9f" testListId="8c84fa94-04c1-424b-9868-57a2d4851a1d" />
    <TestEntry testId="8495c6b2-3ced-c23a-374f-c91093e4e12e" executionId="dc567ae7-4237-4c29-8add-65123e8532a8" testListId="8c84fa94-04c1-424b-9868-57a2d4851a1d" />
    <TestEntry testId="84a133d0-001f-a986-72f9-cc05e5f25751" executionId="bd53145a-045a-426d-b57e-5b49aa206810" testListId="8c84fa94-04c1-424b-9868-57a2d4851a1d" />
    <TestEntry testId="850912a6-5065-5531-7451-3014a79cee54" executionId="a5c3dd80-6cd1-4c09-8b0b-13fd42d3691a" testListId="8c84fa94-04c1-424b-9868-57a2d4851a1d" />
    <TestEntry testId="86a0d6ba-240b-81ef-7612-a91dd0bac5dd" executionId="60844196-f7fb-4622-8bd9-11ea0471635f" testListId="8c84fa94-04c1-424b-9868-57a2d4851a1d" />
    <TestEntry testId="86c02588-b87f-32bd-880b-56b0d73c1993" executionId="e4fdab69-2f3c-40cf-b71d-da66013f6650" testListId="8c84fa94-04c1-424b-9868-57a2d4851a1d" />
    <TestEntry testId="8795f817-2bb9-9d00-f981-a3a8a2b7335e" executionId="a49bb5e5-0404-442b-826c-14750a1413a6" testListId="8c84fa94-04c1-424b-9868-57a2d4851a1d" />
    <TestEntry testId="87e43b2d-037f-c02a-4ec1-bb30b85b838b" executionId="b6754ba0-0c5a-4176-88cd-d263020553a5" testListId="8c84fa94-04c1-424b-9868-57a2d4851a1d" />
    <TestEntry testId="892a3b87-6eb6-1cb1-2f32-1bd29fed6734" executionId="4f9e2fd4-29ce-4f52-a5a2-9a41ea51a7fb" testListId="8c84fa94-04c1-424b-9868-57a2d4851a1d" />
    <TestEntry testId="89bed9d2-b230-1858-2102-76e62b11adeb" executionId="711f7022-911f-475c-8a81-5da3b3a72538" testListId="8c84fa94-04c1-424b-9868-57a2d4851a1d" />
    <TestEntry testId="8a248c8c-38d6-117a-cb08-bb2fddeae117" executionId="7adc7f0e-0558-4d5c-a4c8-67b86ae7060d" testListId="8c84fa94-04c1-424b-9868-57a2d4851a1d" />
    <TestEntry testId="8d13964e-5c5a-1ee4-b9d1-2f111aabda85" executionId="b8dbb95d-d3b6-426a-a9bf-6d047e55fd1e" testListId="8c84fa94-04c1-424b-9868-57a2d4851a1d" />
    <TestEntry testId="8dcb0d05-7109-cf52-51f6-fed4c83d2c47" executionId="bf0b0ad5-e1a3-4a1e-a21f-84fee77955f9" testListId="8c84fa94-04c1-424b-9868-57a2d4851a1d" />
    <TestEntry testId="8f15350a-b612-7c9b-89ff-1e54a29d9340" executionId="71fc274a-42ef-4891-9526-f2a2b5dde89a" testListId="8c84fa94-04c1-424b-9868-57a2d4851a1d" />
    <TestEntry testId="8f214c0c-af12-b9fb-ae32-e2f0e522a10f" executionId="d6b406b6-4b1c-485a-a00f-c1e0fd830aec" testListId="8c84fa94-04c1-424b-9868-57a2d4851a1d" />
    <TestEntry testId="8fabe6be-0a48-74a9-97ec-54d046e764bc" executionId="dcdde0db-b6a0-418f-ad51-970bd9693292" testListId="8c84fa94-04c1-424b-9868-57a2d4851a1d" />
    <TestEntry testId="90427aa6-8cf4-b956-2b3f-9546b7107ae7" executionId="d2185678-ad63-4858-ad38-e57735ee8b2b" testListId="8c84fa94-04c1-424b-9868-57a2d4851a1d" />
    <TestEntry testId="91ad74e2-7f98-39c5-b2ac-d6979eb1e521" executionId="cc8fa410-e28e-4f1f-ae18-898cbacf8db9" testListId="8c84fa94-04c1-424b-9868-57a2d4851a1d" />
    <TestEntry testId="920395ef-4d81-2796-a8e3-57b62c679836" executionId="249e2a56-15bb-43b6-86e0-a00e6ba69531" testListId="8c84fa94-04c1-424b-9868-57a2d4851a1d" />
    <TestEntry testId="92c796c7-6140-7467-0f72-263f4de0d5fd" executionId="b71a94c0-8afa-4b7a-a447-0a9b67594b46" testListId="8c84fa94-04c1-424b-9868-57a2d4851a1d" />
    <TestEntry testId="93237b41-2edc-1e5e-efe4-c865b1af2b62" executionId="cca9bb3d-a35b-47b2-abf4-32a50ad4561d" testListId="8c84fa94-04c1-424b-9868-57a2d4851a1d" />
    <TestEntry testId="94035d88-ed3c-a1c6-5571-0e7a52145b86" executionId="54ac1097-7ad7-43f1-8b5b-8969423187d0" testListId="8c84fa94-04c1-424b-9868-57a2d4851a1d" />
    <TestEntry testId="9611d5ba-c78e-b7b6-592f-64194d91b456" executionId="843b8d71-640c-4916-8ad0-fe271392eaf2" testListId="8c84fa94-04c1-424b-9868-57a2d4851a1d" />
    <TestEntry testId="966b1426-163f-7f22-4eab-268da60e78c2" executionId="6b1d53f9-b13a-41de-963d-164468b8aee6" testListId="8c84fa94-04c1-424b-9868-57a2d4851a1d" />
    <TestEntry testId="97102229-37fa-e978-ffae-7fd4c7300f98" executionId="f043dd81-9029-4c19-a1bb-d3e62fdb4e8c" testListId="8c84fa94-04c1-424b-9868-57a2d4851a1d" />
    <TestEntry testId="97495e35-0952-692a-91b0-3d721dc574e4" executionId="91cfd43b-3db0-49ee-939a-9d9f09b3c153" testListId="8c84fa94-04c1-424b-9868-57a2d4851a1d" />
    <TestEntry testId="983a09c4-7fd1-1423-82c6-129d1f5452aa" executionId="9fdfbeb8-89a2-4996-b8a7-fa369eabe726" testListId="8c84fa94-04c1-424b-9868-57a2d4851a1d" />
    <TestEntry testId="990a1706-3c38-5c79-dd26-6bf2a85de470" executionId="099c76c2-d84d-4f02-ac31-c8acf73ece8d" testListId="8c84fa94-04c1-424b-9868-57a2d4851a1d" />
    <TestEntry testId="9a12b8c7-dd2a-27a8-8e5c-846cf91e7a67" executionId="129f7281-cd17-4363-abaa-d580baa84c8a" testListId="8c84fa94-04c1-424b-9868-57a2d4851a1d" />
    <TestEntry testId="9b2baef8-8cea-f431-96b6-95e1ddfaf4a9" executionId="8fe96efe-1f15-4164-9c5f-0cdd12110160" testListId="8c84fa94-04c1-424b-9868-57a2d4851a1d" />
    <TestEntry testId="9bfa0b14-def6-4233-8f09-efbae74ca192" executionId="c9e7fa4e-4a83-45cc-96bb-ec4a78db23c9" testListId="8c84fa94-04c1-424b-9868-57a2d4851a1d" />
    <TestEntry testId="9c395ae5-eee8-5ee4-9bdc-e5fb08218b2e" executionId="b698a22f-4859-4100-b53e-d2ac88fdc299" testListId="8c84fa94-04c1-424b-9868-57a2d4851a1d" />
    <TestEntry testId="9e14e25f-07a5-efe4-0506-4f19b4be256b" executionId="2f7e917f-fbc2-471f-8837-394c9f99e1da" testListId="8c84fa94-04c1-424b-9868-57a2d4851a1d" />
    <TestEntry testId="9e55ddbc-84c3-88cf-3d32-19ae0b0e6c57" executionId="46a7ad2c-b459-475b-967a-552bcce70c4b" testListId="8c84fa94-04c1-424b-9868-57a2d4851a1d" />
    <TestEntry testId="9e62e436-d347-f0d4-fadd-560760980b01" executionId="71ab9cfc-752d-4194-b334-6deed14ea094" testListId="8c84fa94-04c1-424b-9868-57a2d4851a1d" />
    <TestEntry testId="9ed7c416-1a7b-4673-195d-ca2e196d2a2e" executionId="9facbac3-2473-45dd-8aea-1a7dd43be1dc" testListId="8c84fa94-04c1-424b-9868-57a2d4851a1d" />
    <TestEntry testId="a088d91d-8d9b-f068-f57f-8d75d960fe62" executionId="a0e2b17d-7f36-4836-a54c-a6d45d164d3b" testListId="8c84fa94-04c1-424b-9868-57a2d4851a1d" />
    <TestEntry testId="a45582f8-3825-adac-44bf-8fa9e3381e89" executionId="4b6d9f2f-e5af-44e1-a0b9-8f27ca33b495" testListId="8c84fa94-04c1-424b-9868-57a2d4851a1d" />
    <TestEntry testId="a5017919-7828-b52a-3fcf-0e88954eb83a" executionId="401525b8-3ab6-416a-8e23-ca57285bcb2e" testListId="8c84fa94-04c1-424b-9868-57a2d4851a1d" />
    <TestEntry testId="a5088dbd-9f6a-bb83-e64a-07cfd5052c81" executionId="e7b2a69a-3b1d-4fec-afca-4ffc86aee12a" testListId="8c84fa94-04c1-424b-9868-57a2d4851a1d" />
    <TestEntry testId="a54e40a4-c460-0f5a-3324-94dd8c77f779" executionId="b70a5864-f94c-47f8-8a01-5592503a239b" testListId="8c84fa94-04c1-424b-9868-57a2d4851a1d" />
    <TestEntry testId="a56170ce-b399-e27e-e213-58e00eb4c436" executionId="e3429de3-a314-46f2-a56b-9ae209bce78b" testListId="8c84fa94-04c1-424b-9868-57a2d4851a1d" />
    <TestEntry testId="a5cd160e-17d6-fbbc-87f0-05f243caef08" executionId="0e06420a-6d2e-4bde-b6e1-69fb64f86513" testListId="8c84fa94-04c1-424b-9868-57a2d4851a1d" />
    <TestEntry testId="a5e95aa9-bc38-31cc-9093-9339a7e10a1b" executionId="1424ad2e-9e02-459a-b105-f498dd2fd439" testListId="8c84fa94-04c1-424b-9868-57a2d4851a1d" />
    <TestEntry testId="a64b466d-bdfa-cdd1-ea88-e7cc26204599" executionId="e19e0248-01c6-401c-bde5-cce1f99e49f0" testListId="8c84fa94-04c1-424b-9868-57a2d4851a1d" />
    <TestEntry testId="a65b5eab-4121-901b-449c-fc9aba07d07b" executionId="9c224c42-90af-4e85-947c-eac0beed0679" testListId="8c84fa94-04c1-424b-9868-57a2d4851a1d" />
    <TestEntry testId="a9c998c1-d601-9d48-a5aa-e5458f5ccef5" executionId="1e45cab9-0043-4249-85b8-b81f58c22d60" testListId="8c84fa94-04c1-424b-9868-57a2d4851a1d" />
    <TestEntry testId="aa951c3d-ee4a-9ede-aac2-7e390167d171" executionId="82fe2994-3a75-4082-81a4-5756644ba189" testListId="8c84fa94-04c1-424b-9868-57a2d4851a1d" />
    <TestEntry testId="aaf3c258-db99-aef3-b307-c0f8c95577a9" executionId="fe2d9929-efab-405a-8a68-6d715b4b609a" testListId="8c84fa94-04c1-424b-9868-57a2d4851a1d" />
    <TestEntry testId="ab328c1b-fd51-1dad-6b49-0a3734c2c2e7" executionId="864a1317-0f29-48f4-8fc8-8f90038d332b" testListId="8c84fa94-04c1-424b-9868-57a2d4851a1d" />
    <TestEntry testId="ab421b8a-6335-fc53-4e9e-57496cbdcbe1" executionId="5c9ce32f-bdfb-4e69-8a10-51e630c017fb" testListId="8c84fa94-04c1-424b-9868-57a2d4851a1d" />
    <TestEntry testId="ab4705e8-14a4-6e9f-baf9-e3d238e84cf8" executionId="f5e362d6-f034-42c3-b8ad-d0c9a51e5ed1" testListId="8c84fa94-04c1-424b-9868-57a2d4851a1d" />
    <TestEntry testId="ab8ea52f-3bbb-7d59-5174-ec7db8071eb4" executionId="45ff3fbe-bc26-4856-a5b2-c400af9841fc" testListId="8c84fa94-04c1-424b-9868-57a2d4851a1d" />
    <TestEntry testId="ac8be3a4-e623-9c4a-51b5-0fefa1713907" executionId="24b8fca7-a542-458d-aead-38c4c4ccaf36" testListId="8c84fa94-04c1-424b-9868-57a2d4851a1d" />
    <TestEntry testId="adb8d414-ae64-3ae2-d846-3626315ffdc3" executionId="76c606fb-73c5-4e74-954f-f2ee6551d510" testListId="8c84fa94-04c1-424b-9868-57a2d4851a1d" />
    <TestEntry testId="aef19ea6-eb47-a1be-032c-8930cda21d9c" executionId="5cf7dc09-a798-44c1-b8ea-e6a482503935" testListId="8c84fa94-04c1-424b-9868-57a2d4851a1d" />
    <TestEntry testId="af3c2eea-1341-4d08-8112-791e701a0e4e" executionId="0affdbfe-abe7-48c3-81eb-f58b1844221c" testListId="8c84fa94-04c1-424b-9868-57a2d4851a1d" />
    <TestEntry testId="afb4669b-127e-65f4-0cb0-0f6806edc499" executionId="534a346c-a13e-49ff-8d59-2b8d17de8cfa" testListId="8c84fa94-04c1-424b-9868-57a2d4851a1d" />
    <TestEntry testId="b086ebe0-6bb0-f4b4-2d74-97b1a10dd517" executionId="8a3dac17-0ece-4100-830f-70964fbd0624" testListId="8c84fa94-04c1-424b-9868-57a2d4851a1d" />
    <TestEntry testId="b1b3cc0b-6a90-d0f7-3c02-c76d499b2ee2" executionId="2b0f1ea5-c6dc-4657-8afe-745ce2681e4c" testListId="8c84fa94-04c1-424b-9868-57a2d4851a1d" />
    <TestEntry testId="b1e8fb4c-7380-ad76-529d-dbdac5528194" executionId="96a2496d-ce7f-4187-aacf-4c42af3455a8" testListId="8c84fa94-04c1-424b-9868-57a2d4851a1d" />
    <TestEntry testId="b2aadfc0-b55c-fa15-a9e1-9405ae9a9cc7" executionId="6a6c0c17-d66d-4aca-b5f8-30558ec3e32b" testListId="8c84fa94-04c1-424b-9868-57a2d4851a1d" />
    <TestEntry testId="b2c4141e-1dfd-f110-5623-435719fb340e" executionId="d62b9ad0-81ee-4535-bd21-9bab45eb7a89" testListId="8c84fa94-04c1-424b-9868-57a2d4851a1d" />
    <TestEntry testId="b2f30ec3-5e04-5411-1ff4-09fa134b1c9b" executionId="cef7395e-ffe2-457a-83ef-34832e90426d" testListId="8c84fa94-04c1-424b-9868-57a2d4851a1d" />
    <TestEntry testId="b30e4a1d-f330-da4d-3e81-5c536003275c" executionId="84fbc47e-d52b-494a-b910-5a29b8323a2f" testListId="8c84fa94-04c1-424b-9868-57a2d4851a1d" />
    <TestEntry testId="b32008e9-7a6b-e8be-077f-aa699d6cced0" executionId="8a36a047-c10d-475b-b36f-4fdd4d67b1b1" testListId="8c84fa94-04c1-424b-9868-57a2d4851a1d" />
    <TestEntry testId="b43d3839-897a-8359-f8af-bc2aa0d853ca" executionId="8728d733-6d2f-498c-b726-7bbd3dd39463" testListId="8c84fa94-04c1-424b-9868-57a2d4851a1d" />
    <TestEntry testId="b51e8365-ff64-84bf-89d7-6e6cedcc3dbf" executionId="f43adb83-3822-453b-9385-042474d536c1" testListId="8c84fa94-04c1-424b-9868-57a2d4851a1d" />
    <TestEntry testId="b56ad954-f39f-415d-b4cd-5cf900faebf0" executionId="90ebe0f6-619e-4f32-9ec7-315315afad52" testListId="8c84fa94-04c1-424b-9868-57a2d4851a1d" />
    <TestEntry testId="b617e732-b927-e82d-9cd2-abc14274c2cd" executionId="2fa5a448-f682-4950-8da7-8dfcfc2758e9" testListId="8c84fa94-04c1-424b-9868-57a2d4851a1d" />
    <TestEntry testId="b6dfae7d-5cf1-2d64-17e8-8a5ce5813218" executionId="738983fc-ebce-4180-a521-4f3217b1f318" testListId="8c84fa94-04c1-424b-9868-57a2d4851a1d" />
    <TestEntry testId="b70d24a9-e4cc-d879-39c7-bc30de9e70ab" executionId="cc6c3f63-e6c2-451c-b048-82516a929f42" testListId="8c84fa94-04c1-424b-9868-57a2d4851a1d" />
    <TestEntry testId="b74830d0-a6ce-14b6-0d35-7c2e849267f3" executionId="a00e846d-4596-4a81-827b-37260238cec3" testListId="8c84fa94-04c1-424b-9868-57a2d4851a1d" />
    <TestEntry testId="b81ff0f8-4bd4-95ca-3a1e-ebf2dd6ff95a" executionId="d0a7d5c3-c4ec-471c-87a2-00d02e35deca" testListId="8c84fa94-04c1-424b-9868-57a2d4851a1d" />
    <TestEntry testId="b82459f8-9193-4181-e1c2-7a58eee94293" executionId="0fba31de-c1a4-446e-b0ea-4d3c96c8daf7" testListId="8c84fa94-04c1-424b-9868-57a2d4851a1d" />
    <TestEntry testId="b8e531ca-ec94-5331-cc83-d2332ab01f85" executionId="9833b3e3-c5a9-4a39-be3f-ad22771806b3" testListId="8c84fa94-04c1-424b-9868-57a2d4851a1d" />
    <TestEntry testId="ba655519-84b5-616e-0933-0bcd320e888d" executionId="5b8b6a63-d808-458a-a33b-e2cc48957b77" testListId="8c84fa94-04c1-424b-9868-57a2d4851a1d" />
    <TestEntry testId="baf4ce3c-1fc7-efc9-3438-7f66d5c18bcf" executionId="d53a335b-89e0-42ab-b9b9-ba79cab9844d" testListId="8c84fa94-04c1-424b-9868-57a2d4851a1d" />
    <TestEntry testId="bbc45056-7304-0cf8-18ec-0f56b7abf591" executionId="56e6e92c-6381-4fee-b348-2f555031b4b3" testListId="8c84fa94-04c1-424b-9868-57a2d4851a1d" />
    <TestEntry testId="bbe65d68-71ba-72ec-21d1-a0b54bdef612" executionId="936d145d-f22c-4be8-b7cd-409edf55c3ae" testListId="8c84fa94-04c1-424b-9868-57a2d4851a1d" />
    <TestEntry testId="bd00057e-88b2-1e9c-846b-ed190ddc5717" executionId="b7a37a28-29ba-4b7d-a3e8-8a21f626e1bb" testListId="8c84fa94-04c1-424b-9868-57a2d4851a1d" />
    <TestEntry testId="bdf234ab-0f12-2337-9094-2671833caeec" executionId="330ec67b-c572-459e-94d3-9b28ab0a4357" testListId="8c84fa94-04c1-424b-9868-57a2d4851a1d" />
    <TestEntry testId="bdf76499-e0f6-3d7b-4432-982ba6c3b223" executionId="ba299b5d-600c-46d1-9e08-30caba33e4ce" testListId="8c84fa94-04c1-424b-9868-57a2d4851a1d" />
    <TestEntry testId="be4a640d-264d-b6fa-ba99-6f190c20c0bb" executionId="f4723dad-950c-4ae6-92ff-742e1c1c6c2d" testListId="8c84fa94-04c1-424b-9868-57a2d4851a1d" />
    <TestEntry testId="be5f5722-e49c-2552-3b23-55e7eba52bdb" executionId="7ba0d43f-ef5c-41e1-928c-9bf960001155" testListId="8c84fa94-04c1-424b-9868-57a2d4851a1d" />
    <TestEntry testId="be772578-3bd6-fe1e-69ad-baa513f62b0b" executionId="3cc87a0f-8243-4f97-a1b7-0caad11d1edc" testListId="8c84fa94-04c1-424b-9868-57a2d4851a1d" />
    <TestEntry testId="bf4b4d8f-a9c5-278f-9d0c-4140566dfe7e" executionId="68dec683-055b-4caf-952f-4745b44d6084" testListId="8c84fa94-04c1-424b-9868-57a2d4851a1d" />
    <TestEntry testId="bff4cadd-4f1c-2dc8-fd6c-9d55b780efae" executionId="1a226058-1c26-4622-860e-5396e4f30732" testListId="8c84fa94-04c1-424b-9868-57a2d4851a1d" />
    <TestEntry testId="c0b049d8-5af1-212d-f646-b9a7aa76e7aa" executionId="ba53d947-dea0-4ea9-a824-797064049fb5" testListId="8c84fa94-04c1-424b-9868-57a2d4851a1d" />
    <TestEntry testId="c2a16b22-9983-ed58-4351-7fd3ef453798" executionId="a24f9cd4-ba85-48fc-8773-eeebcfb6a9c0" testListId="8c84fa94-04c1-424b-9868-57a2d4851a1d" />
    <TestEntry testId="c35eb805-49e5-7d06-b69d-ba684aaa6791" executionId="c9d1684e-6ed1-47b2-812c-b1d97ed49279" testListId="8c84fa94-04c1-424b-9868-57a2d4851a1d" />
    <TestEntry testId="c3abe281-9f8b-f567-4c3c-8146a5220784" executionId="8b4ab14f-64f1-461e-ab19-c99f83a4bb16" testListId="8c84fa94-04c1-424b-9868-57a2d4851a1d" />
    <TestEntry testId="c3b85211-1b55-61c6-8d42-782c04048184" executionId="4af0566e-44d5-4782-a8b9-29f6a57107aa" testListId="8c84fa94-04c1-424b-9868-57a2d4851a1d" />
    <TestEntry testId="c3d3e44f-b8f2-c6c6-6587-83f69e120621" executionId="da5d9736-2390-4763-9948-7de8caf55f2b" testListId="8c84fa94-04c1-424b-9868-57a2d4851a1d" />
    <TestEntry testId="c3e8dcc2-bac7-2a0c-9c06-8dc4838145f3" executionId="63e2afaa-26c2-44f3-8913-67ee9e91532c" testListId="8c84fa94-04c1-424b-9868-57a2d4851a1d" />
    <TestEntry testId="c441e89e-f895-2b6d-e75c-6ac07c647d62" executionId="4f2b4658-b460-45eb-bcfe-914db3748d48" testListId="8c84fa94-04c1-424b-9868-57a2d4851a1d" />
    <TestEntry testId="c599e10a-3bce-c00e-5ae7-dc4630cc5522" executionId="dabfcb4f-65d9-4694-b1bd-6c81f4030357" testListId="8c84fa94-04c1-424b-9868-57a2d4851a1d" />
    <TestEntry testId="c5ce8148-8dc2-90ee-1678-f5c16664a761" executionId="061f6d3a-2bb4-4681-b2d4-c88f7dca5de5" testListId="8c84fa94-04c1-424b-9868-57a2d4851a1d" />
    <TestEntry testId="c5e910ca-b0f3-fe99-9027-8d0c98206539" executionId="c8faba56-6d7b-4538-878e-148d634fe5ae" testListId="8c84fa94-04c1-424b-9868-57a2d4851a1d" />
    <TestEntry testId="c6e56d30-e4b1-0266-4be4-81fd81816d37" executionId="f74a06f7-5f9e-44a0-bb08-07373c2dfdc0" testListId="8c84fa94-04c1-424b-9868-57a2d4851a1d" />
    <TestEntry testId="c80221bd-ca0a-aa23-6b81-2ed5f20f8d5f" executionId="ca54f4e9-9833-440a-aff0-27a0f339d857" testListId="8c84fa94-04c1-424b-9868-57a2d4851a1d" />
    <TestEntry testId="c915ebab-6006-9244-c1bb-93a0e94b6128" executionId="c998de16-0e35-48e4-b794-a61523752a7c" testListId="8c84fa94-04c1-424b-9868-57a2d4851a1d" />
    <TestEntry testId="cc8275a0-551e-d39e-ef08-c6785391cae1" executionId="edfee35c-71dc-40c7-b18e-53d488492616" testListId="8c84fa94-04c1-424b-9868-57a2d4851a1d" />
    <TestEntry testId="cf67e106-470b-64ee-b4ec-daf199d3db2f" executionId="3e4fab1a-ddd7-4099-9de0-4cc7fa9d8cff" testListId="8c84fa94-04c1-424b-9868-57a2d4851a1d" />
    <TestEntry testId="d0140d76-78ce-58b3-2274-c95b28b0ccfb" executionId="58dbe85a-2c67-48d7-a423-aec74973b35d" testListId="8c84fa94-04c1-424b-9868-57a2d4851a1d" />
    <TestEntry testId="d0796111-6a05-132b-ff5c-b6d72e8d605c" executionId="1bfb3b7b-84b2-49ad-a3eb-34a0b37e14e8" testListId="8c84fa94-04c1-424b-9868-57a2d4851a1d" />
    <TestEntry testId="d11783f8-e784-d3a8-e59d-63f92290584b" executionId="de809a00-77ad-410a-af88-aa919b38b458" testListId="8c84fa94-04c1-424b-9868-57a2d4851a1d" />
    <TestEntry testId="d1244455-073f-9dfb-7627-1dfedd276854" executionId="23f8ded0-85fd-4cf3-8282-4b9424e184d0" testListId="8c84fa94-04c1-424b-9868-57a2d4851a1d" />
    <TestEntry testId="d2b87ca7-13bf-5225-5027-20d84a20b6c5" executionId="e703d41e-e2cd-4ef1-8dd5-fa4e3b551f5f" testListId="8c84fa94-04c1-424b-9868-57a2d4851a1d" />
    <TestEntry testId="d400fa75-dd71-d01b-c6b4-e354835a9d50" executionId="879632fd-3ebb-4091-a404-3536414daeeb" testListId="8c84fa94-04c1-424b-9868-57a2d4851a1d" />
    <TestEntry testId="d5027f5f-1da1-2a25-97cf-1e7da6a062b5" executionId="bbc79579-eb99-4659-9888-84b145fb5a54" testListId="8c84fa94-04c1-424b-9868-57a2d4851a1d" />
    <TestEntry testId="d56f2fbf-3f3e-cba1-4f8d-7b34cec35b0a" executionId="a8f2ce11-1cb2-449c-a2b8-deb7d80125f9" testListId="8c84fa94-04c1-424b-9868-57a2d4851a1d" />
    <TestEntry testId="d75bbbff-3e3e-ac68-2b4f-48cfb14f2d0a" executionId="db31437f-2e0e-448e-8ce6-7f0cab9db557" testListId="8c84fa94-04c1-424b-9868-57a2d4851a1d" />
    <TestEntry testId="d820847a-a64d-718b-5774-4886058277c3" executionId="851087a9-309e-4e72-aae5-d5a79339de9d" testListId="8c84fa94-04c1-424b-9868-57a2d4851a1d" />
    <TestEntry testId="d8af0a27-8cd9-d036-917e-00672cd2689b" executionId="939a8bb6-5297-481b-b8bc-5d74f94453f6" testListId="8c84fa94-04c1-424b-9868-57a2d4851a1d" />
    <TestEntry testId="d9b4351c-7a62-1cab-5792-b4bc31c2d3e2" executionId="0a9dff58-ced3-4823-90ad-1e666b7aab4f" testListId="8c84fa94-04c1-424b-9868-57a2d4851a1d" />
    <TestEntry testId="da1ca9d9-3cf8-19c0-56e3-f6bf27a71cc5" executionId="b7032866-2a68-44fa-b572-c00405605a39" testListId="8c84fa94-04c1-424b-9868-57a2d4851a1d" />
    <TestEntry testId="db3591dc-f825-55e5-4b39-c42cda4bfcd4" executionId="8b99d04a-b443-49c7-8d3c-48412926f37c" testListId="8c84fa94-04c1-424b-9868-57a2d4851a1d" />
    <TestEntry testId="db3b4c9b-bf56-f07b-1edd-3db630376de3" executionId="df82c4ea-fd02-4ca6-94c6-634100c923cb" testListId="8c84fa94-04c1-424b-9868-57a2d4851a1d" />
    <TestEntry testId="dc08494a-5655-aecb-96fc-b52817050a2a" executionId="78a1f6f4-7075-446d-8d3d-d2d740bab87e" testListId="8c84fa94-04c1-424b-9868-57a2d4851a1d" />
    <TestEntry testId="de06015f-869e-46b8-4b51-8c7b049b2b96" executionId="a633c7e2-97a9-4a87-9e82-9d727bd598ae" testListId="8c84fa94-04c1-424b-9868-57a2d4851a1d" />
    <TestEntry testId="de49d3a3-2439-97c8-e419-0307ce6753c3" executionId="36827518-f9ea-4d16-9626-7b331bf93758" testListId="8c84fa94-04c1-424b-9868-57a2d4851a1d" />
    <TestEntry testId="de9d9ca9-6d6f-fece-a7ad-0d011ee5cf94" executionId="25b3ba06-f983-404b-bb5b-c559b9341f8b" testListId="8c84fa94-04c1-424b-9868-57a2d4851a1d" />
    <TestEntry testId="dfa79718-b47c-3d98-c515-96c741fc2ad6" executionId="47463258-56e6-4bae-be50-68be38e30f56" testListId="8c84fa94-04c1-424b-9868-57a2d4851a1d" />
    <TestEntry testId="dfddd698-039d-4cb7-341a-94646b1b9270" executionId="9312a8f2-3e1c-4cdc-a940-8feee7ca7d9f" testListId="8c84fa94-04c1-424b-9868-57a2d4851a1d" />
    <TestEntry testId="e18cfbc3-f9cf-311e-f710-177b71a46e6d" executionId="9f6b21d2-fd85-47dd-b1ce-69c17acc945b" testListId="8c84fa94-04c1-424b-9868-57a2d4851a1d" />
    <TestEntry testId="e2cc1bd6-a2a2-cb02-4b55-fe1eccb8526b" executionId="a2bc3e11-d68a-4163-8fbf-21ca5903decf" testListId="8c84fa94-04c1-424b-9868-57a2d4851a1d" />
    <TestEntry testId="e2ea95fb-c5c4-8579-22e2-2d857f0fee1f" executionId="945ebc5c-0622-4c9b-8c03-06c12041a0c7" testListId="8c84fa94-04c1-424b-9868-57a2d4851a1d" />
    <TestEntry testId="e30391ee-1b3b-ee9f-b02c-b47de478c33f" executionId="9739464e-f2f1-48f8-b16c-b474a177add6" testListId="8c84fa94-04c1-424b-9868-57a2d4851a1d" />
    <TestEntry testId="e37183df-04ce-aa53-28d5-e792188a2202" executionId="3fa9c76a-bd95-4c11-a54e-4c7ab32eda57" testListId="8c84fa94-04c1-424b-9868-57a2d4851a1d" />
    <TestEntry testId="e3e433dc-f656-51bd-faab-b6cc3200c3cc" executionId="dfce3d5a-bfdb-44d7-842f-e1869cc6f225" testListId="8c84fa94-04c1-424b-9868-57a2d4851a1d" />
    <TestEntry testId="e40a6513-5491-eb58-1445-136a4b443728" executionId="7efb7d93-ae8c-43df-a18f-cf96bfbca51a" testListId="8c84fa94-04c1-424b-9868-57a2d4851a1d" />
    <TestEntry testId="e4451568-6212-a798-2a99-bf5d281a2d5f" executionId="ab01a78b-18d6-4b67-87e0-4d2ff9d7d89e" testListId="8c84fa94-04c1-424b-9868-57a2d4851a1d" />
    <TestEntry testId="e4db398c-24ce-cfbd-5f58-d6e71460af67" executionId="db805869-78af-4d3b-ba52-be71caf36a3a" testListId="8c84fa94-04c1-424b-9868-57a2d4851a1d" />
    <TestEntry testId="e5750d14-09bb-ec70-127b-652a47b7dd9c" executionId="364f372d-fafb-408c-9286-ad4a8445ad32" testListId="8c84fa94-04c1-424b-9868-57a2d4851a1d" />
    <TestEntry testId="e735690e-b140-3e4d-e258-1945f6f47208" executionId="f0bd3889-e1bd-4f6c-90ed-79a89365e564" testListId="8c84fa94-04c1-424b-9868-57a2d4851a1d" />
    <TestEntry testId="e7744f00-f1f0-3f04-ae6a-e86613496233" executionId="fb99c736-7d87-4322-bb75-1a6f33fb4ab7" testListId="8c84fa94-04c1-424b-9868-57a2d4851a1d" />
    <TestEntry testId="e77c7ab7-183b-1f93-57a3-77e0403bec4c" executionId="50c217b1-bb6c-45fb-b578-475a56ec55aa" testListId="8c84fa94-04c1-424b-9868-57a2d4851a1d" />
    <TestEntry testId="e80fc0c4-2914-56fc-191b-489f27774cbc" executionId="58fa4dcf-4cd8-429f-b09a-2c719b9145f5" testListId="8c84fa94-04c1-424b-9868-57a2d4851a1d" />
    <TestEntry testId="e860bbd5-6ce1-07c3-fd03-d14cbeda5d8f" executionId="983d573c-effd-4037-88ff-457d61806de0" testListId="8c84fa94-04c1-424b-9868-57a2d4851a1d" />
    <TestEntry testId="e89c0529-2532-190e-5936-91edd9263fb1" executionId="2079cb11-a0e9-4841-9413-e6b3a1b27625" testListId="8c84fa94-04c1-424b-9868-57a2d4851a1d" />
    <TestEntry testId="e966bfbe-0422-eb75-f093-b800f9c629b7" executionId="f038606b-1955-40e1-a6ee-7a73ffcfe9d5" testListId="8c84fa94-04c1-424b-9868-57a2d4851a1d" />
    <TestEntry testId="e9bdc9dc-adb5-78db-0cb8-fdededd15551" executionId="87d6956f-cc88-49f6-90ee-ef98a5a1acd2" testListId="8c84fa94-04c1-424b-9868-57a2d4851a1d" />
    <TestEntry testId="ea8ee283-08b1-8adf-4aa4-5e76e4a476d8" executionId="4530495b-e891-4d47-af60-95adb3f56956" testListId="8c84fa94-04c1-424b-9868-57a2d4851a1d" />
    <TestEntry testId="eaed8830-28b9-0d81-19c8-50909473733c" executionId="911689bf-5668-482c-b36b-7e3d9bdcf4a9" testListId="8c84fa94-04c1-424b-9868-57a2d4851a1d" />
    <TestEntry testId="ebf62956-8cad-1ea9-be23-3282e8e24cf9" executionId="29e60cdb-e45f-4399-90a2-856d28610fbc" testListId="8c84fa94-04c1-424b-9868-57a2d4851a1d" />
    <TestEntry testId="ec491029-dab5-3481-ec80-f35631103905" executionId="65c7a618-94d7-42e9-a878-847261aa96fb" testListId="8c84fa94-04c1-424b-9868-57a2d4851a1d" />
    <TestEntry testId="ec55615d-1e36-c752-f2bf-b20284d0ae33" executionId="f973207a-9dc1-4795-9242-301548a2fd53" testListId="8c84fa94-04c1-424b-9868-57a2d4851a1d" />
    <TestEntry testId="ec99d1a9-4b49-a94f-134c-f58d11b57222" executionId="f0815582-e813-4140-bb2e-8c4a9f3839fd" testListId="8c84fa94-04c1-424b-9868-57a2d4851a1d" />
    <TestEntry testId="eda1af69-c93e-56bb-5fe9-14115441188c" executionId="100929a6-c8ae-4626-a4f8-0013874f18ef" testListId="8c84fa94-04c1-424b-9868-57a2d4851a1d" />
    <TestEntry testId="ee7a26ae-f08b-c1d5-713f-d21139c592b9" executionId="87ce6ce8-711b-4187-a5a7-f9483f3665be" testListId="8c84fa94-04c1-424b-9868-57a2d4851a1d" />
    <TestEntry testId="eeb34c89-a7df-f580-faa2-1b58190ee5be" executionId="73d6c974-60a9-474c-9d3a-9ebb49872b9e" testListId="8c84fa94-04c1-424b-9868-57a2d4851a1d" />
    <TestEntry testId="f0b252fe-1565-bae0-f55f-bb06055c22a4" executionId="80765fe5-087d-4913-93c1-b62e79a5df16" testListId="8c84fa94-04c1-424b-9868-57a2d4851a1d" />
    <TestEntry testId="f20d04ec-6bdf-2adb-3ea0-dea4791f58d1" executionId="ad355260-f190-4334-925b-b9c5ac69690e" testListId="8c84fa94-04c1-424b-9868-57a2d4851a1d" />
    <TestEntry testId="f31f6586-bd67-7bb8-9aa9-4e4da8495dd1" executionId="3a7fc293-7959-4813-a49c-5cb0bc8c42e8" testListId="8c84fa94-04c1-424b-9868-57a2d4851a1d" />
    <TestEntry testId="f342f959-584b-70f7-fc12-f7e45c365653" executionId="69aca2d9-4639-44c9-935c-de8aecfff48c" testListId="8c84fa94-04c1-424b-9868-57a2d4851a1d" />
    <TestEntry testId="f4332708-2d9b-652b-a920-66192f9cdfaf" executionId="60f5dbed-cebd-4ce4-bea1-d0eab45e8a1b" testListId="8c84fa94-04c1-424b-9868-57a2d4851a1d" />
    <TestEntry testId="f4a16930-7fb5-1364-b2bb-1dffeb9040de" executionId="c1587820-32a7-43fe-a0af-9028dd943516" testListId="8c84fa94-04c1-424b-9868-57a2d4851a1d" />
    <TestEntry testId="f4fcc51c-8f8e-7431-03c1-95529343e3ab" executionId="407a46f5-ee81-40da-98c2-d8c73757721c" testListId="8c84fa94-04c1-424b-9868-57a2d4851a1d" />
    <TestEntry testId="f50339b2-56a6-fab9-1b43-e437b5e0a59d" executionId="319262a7-2dd4-49ae-a49c-f7773503fb7e" testListId="8c84fa94-04c1-424b-9868-57a2d4851a1d" />
    <TestEntry testId="f508d895-6987-1ba4-4750-b5ae512c4eca" executionId="c811bba4-76b2-4c68-b3e5-837cc0bb5f1c" testListId="8c84fa94-04c1-424b-9868-57a2d4851a1d" />
    <TestEntry testId="f51de229-4761-6e36-e9f5-2ae1d5b346f0" executionId="004973c6-789f-4a42-9db2-107d0beb3e44" testListId="8c84fa94-04c1-424b-9868-57a2d4851a1d" />
    <TestEntry testId="f54b9d87-7e35-d661-8f30-1a09064c130c" executionId="3011e58a-a131-429c-a669-3d8bf98bdd5d" testListId="8c84fa94-04c1-424b-9868-57a2d4851a1d" />
    <TestEntry testId="f55b9351-7cff-05be-34ae-f71cd06467b8" executionId="ac661821-d114-4a8f-9ff5-c009e9247c0e" testListId="8c84fa94-04c1-424b-9868-57a2d4851a1d" />
    <TestEntry testId="f5f02455-4aef-8763-5044-dc094bc64ba2" executionId="acc9e0d4-4fad-456e-94c0-d07318c64b40" testListId="8c84fa94-04c1-424b-9868-57a2d4851a1d" />
    <TestEntry testId="f66902ae-2eb8-36de-bdb4-af24338ae682" executionId="91f145ca-c0a0-4164-9bf6-01fedffc96dd" testListId="8c84fa94-04c1-424b-9868-57a2d4851a1d" />
    <TestEntry testId="f685a220-cae8-50b0-d543-46e310017a33" executionId="a497565a-8bb9-44e6-88a4-720d736ac35a" testListId="8c84fa94-04c1-424b-9868-57a2d4851a1d" />
    <TestEntry testId="f791b1fc-7ecf-06ad-9b72-838a0f1da804" executionId="eaf2efeb-6dae-47e9-aafc-78912a8726fe" testListId="8c84fa94-04c1-424b-9868-57a2d4851a1d" />
    <TestEntry testId="f96aeaaa-982a-50fe-9819-4fadbbdc5555" executionId="ff8b6810-4aad-40fa-880d-962b35ca24f6" testListId="8c84fa94-04c1-424b-9868-57a2d4851a1d" />
    <TestEntry testId="fa540630-b33a-7141-4c49-c4e59268577a" executionId="21f2b803-7853-40b2-92b4-3288289b75ee" testListId="8c84fa94-04c1-424b-9868-57a2d4851a1d" />
    <TestEntry testId="fbd930ae-612e-63f9-7d85-96b5097af772" executionId="c94c2510-0361-4cc1-85aa-57b53d62d3c7" testListId="8c84fa94-04c1-424b-9868-57a2d4851a1d" />
    <TestEntry testId="fc92c33d-a24e-4715-be4e-9ee45be3958a" executionId="2b7413a0-dca8-43d7-a876-19a6c5a47eaa" testListId="8c84fa94-04c1-424b-9868-57a2d4851a1d" />
    <TestEntry testId="fd09b993-a9b4-e74b-ac25-fcabec687112" executionId="70fe94e9-59cb-4f3a-aefc-21b74e28843c" testListId="8c84fa94-04c1-424b-9868-57a2d4851a1d" />
    <TestEntry testId="fdc59520-9564-0684-d4f9-2091f576f931" executionId="86fc669b-81f9-46d9-89c5-5af06fd2c291" testListId="8c84fa94-04c1-424b-9868-57a2d4851a1d" />
    <TestEntry testId="fdc6582f-0eab-5f36-d160-7547a6de5dbb" executionId="50edc21c-f848-41fd-a7b2-fa6cce252410" testListId="8c84fa94-04c1-424b-9868-57a2d4851a1d" />
    <TestEntry testId="febe8afb-7bc1-3f13-831b-73b163a8c327" executionId="61aa932e-b381-4cf9-8369-d4e549a310fa" testListId="8c84fa94-04c1-424b-9868-57a2d4851a1d" />
  </TestEntries>
  <Results>
    <UnitTestResult executionId="78ab3436-409e-4e82-85fe-5a0f9d28ff5c" testId="00c14203-8bf0-0e19-b6f3-8f956cc00cd8" testName="As17001" computerName="MINIAC" duration="00:00:00.0205225" startTime="2011-01-06T09:19:43.6818660+00:00" endTime="2011-01-06T09:19:44.4458991+00:00" testType="13cdc9d9-ddb5-4fa4-a97d-d965ccfc6d4b" outcome="Passed" testListId="8c84fa94-04c1-424b-9868-57a2d4851a1d" relativeResultsDirectory="78ab3436-409e-4e82-85fe-5a0f9d28ff5c">
    </UnitTestResult>
    <UnitTestResult executionId="66c42e9d-7903-4301-accb-ebf38538038a" testId="0161e0da-ca21-0417-0696-663c1366fbb8" testName="IfNotNull01ThrowsContractException904" computerName="MINIAC" duration="00:00:00.0245097" startTime="2011-01-06T09:19:44.4488993+00:00" endTime="2011-01-06T09:19:44.4959020+00:00" testType="13cdc9d9-ddb5-4fa4-a97d-d965ccfc6d4b" outcome="Passed" testListId="8c84fa94-04c1-424b-9868-57a2d4851a1d" relativeResultsDirectory="66c42e9d-7903-4301-accb-ebf38538038a">
    </UnitTestResult>
    <UnitTestResult executionId="7fa31bf6-0c85-4ecf-ae55-2f0f1a8689b3" testId="03c88b26-e4eb-d38e-6683-3ac55f8aeeac" testName="Add60901" computerName="MINIAC" duration="00:00:00.0028407" startTime="2011-01-06T09:19:44.4999022+00:00" endTime="2011-01-06T09:19:44.5099028+00:00" testType="13cdc9d9-ddb5-4fa4-a97d-d965ccfc6d4b" outcome="Passed" testListId="8c84fa94-04c1-424b-9868-57a2d4851a1d" relativeResultsDirectory="7fa31bf6-0c85-4ecf-ae55-2f0f1a8689b3">
    </UnitTestResult>
    <UnitTestResult executionId="8aacd908-f5f6-4c63-869f-530530d81507" testId="04c53adc-df51-85a8-3dcb-278e962fc112" testName="Subarray709" computerName="MINIAC" duration="00:00:00.0049703" startTime="2011-01-06T09:19:44.5109029+00:00" endTime="2011-01-06T09:19:44.5289039+00:00" testType="13cdc9d9-ddb5-4fa4-a97d-d965ccfc6d4b" outcome="Passed" testListId="8c84fa94-04c1-424b-9868-57a2d4851a1d" relativeResultsDirectory="8aacd908-f5f6-4c63-869f-530530d81507">
    </UnitTestResult>
    <UnitTestResult executionId="78afab3c-e5af-4888-864b-6461842c0c22" testId="055e48df-0214-9f4b-ed2b-c5a320ca2c7d" testName="As0163236" computerName="MINIAC" duration="00:00:00.0004717" startTime="2011-01-06T09:19:44.5329041+00:00" endTime="2011-01-06T09:19:44.5469049+00:00" testType="13cdc9d9-ddb5-4fa4-a97d-d965ccfc6d4b" outcome="Passed" testListId="8c84fa94-04c1-424b-9868-57a2d4851a1d" relativeResultsDirectory="78afab3c-e5af-4888-864b-6461842c0c22">
    </UnitTestResult>
    <UnitTestResult executionId="048b66b8-ad23-4116-9e10-46d03a4d1ff1" testId="06856cc0-d338-2fce-b65e-89181f957a9c" testName="ToThrowsContractException88" computerName="MINIAC" duration="00:00:00.0022607" startTime="2011-01-06T09:19:44.5479050+00:00" endTime="2011-01-06T09:19:44.5609057+00:00" testType="13cdc9d9-ddb5-4fa4-a97d-d965ccfc6d4b" outcome="Passed" testListId="8c84fa94-04c1-424b-9868-57a2d4851a1d" relativeResultsDirectory="048b66b8-ad23-4116-9e10-46d03a4d1ff1">
    </UnitTestResult>
    <UnitTestResult executionId="11efafd2-42ad-4097-b6ae-cf7dd758175d" testId="07802348-e3dc-037c-ce88-1e51ccef97b0" testName="NextTimeSpan01ThrowsContractException279" computerName="MINIAC" duration="00:00:00.0015160" startTime="2011-01-06T09:19:44.5619058+00:00" endTime="2011-01-06T09:19:44.5739065+00:00" testType="13cdc9d9-ddb5-4fa4-a97d-d965ccfc6d4b" outcome="Passed" testListId="8c84fa94-04c1-424b-9868-57a2d4851a1d" relativeResultsDirectory="11efafd2-42ad-4097-b6ae-cf7dd758175d">
    </UnitTestResult>
    <UnitTestResult executionId="49b7af73-299a-43d8-9815-4be73d2027d1" testId="099b6629-b323-a9b6-3641-ebce58ee0f7c" testName="AsEnumerable02588" computerName="MINIAC" duration="00:00:00.0236110" startTime="2011-01-06T09:19:44.5779067+00:00" endTime="2011-01-06T09:19:44.6129087+00:00" testType="13cdc9d9-ddb5-4fa4-a97d-d965ccfc6d4b" outcome="Passed" testListId="8c84fa94-04c1-424b-9868-57a2d4851a1d" relativeResultsDirectory="49b7af73-299a-43d8-9815-4be73d2027d1">
    </UnitTestResult>
    <UnitTestResult executionId="a4c4d6db-c564-4030-87ea-5b5866d6fb5f" testId="09abec53-bc8a-0db2-1ff6-28ad5ea0f559" testName="As0166404" computerName="MINIAC" duration="00:00:00.0034146" startTime="2011-01-06T09:19:44.6149088+00:00" endTime="2011-01-06T09:19:44.6279096+00:00" testType="13cdc9d9-ddb5-4fa4-a97d-d965ccfc6d4b" outcome="Passed" testListId="8c84fa94-04c1-424b-9868-57a2d4851a1d" relativeResultsDirectory="a4c4d6db-c564-4030-87ea-5b5866d6fb5f">
    </UnitTestResult>
    <UnitTestResult executionId="4d575e07-56b7-4d19-8cac-ab7fae3c134b" testId="09d5fce9-d98a-1fa1-f446-d10c4751e838" testName="ToBitmapSourceThrowsContractException871" computerName="MINIAC" duration="00:00:00.0078134" startTime="2011-01-06T09:19:44.6299097+00:00" endTime="2011-01-06T09:19:44.6489108+00:00" testType="13cdc9d9-ddb5-4fa4-a97d-d965ccfc6d4b" outcome="Passed" testListId="8c84fa94-04c1-424b-9868-57a2d4851a1d" relativeResultsDirectory="4d575e07-56b7-4d19-8cac-ab7fae3c134b">
    </UnitTestResult>
    <UnitTestResult executionId="9548cc72-858b-4ffa-ba6d-8da9937743bc" testId="0a3fdb66-22d4-099d-e280-8c9d091bd243" testName="IsNullOrEmpty96301" computerName="MINIAC" duration="00:00:00.0013671" startTime="2011-01-06T09:19:44.6519109+00:00" endTime="2011-01-06T09:19:44.6639116+00:00" testType="13cdc9d9-ddb5-4fa4-a97d-d965ccfc6d4b" outcome="Passed" testListId="8c84fa94-04c1-424b-9868-57a2d4851a1d" relativeResultsDirectory="9548cc72-858b-4ffa-ba6d-8da9937743bc">
    </UnitTestResult>
    <UnitTestResult executionId="5f3db92c-7dec-4c00-9a6c-f5e38f8ceb90" testId="0b8785c2-8bd4-a826-60eb-f295a2d7fcb3" testName="As01660" computerName="MINIAC" duration="00:00:00.0004218" startTime="2011-01-06T09:19:44.6659117+00:00" endTime="2011-01-06T09:19:44.6769124+00:00" testType="13cdc9d9-ddb5-4fa4-a97d-d965ccfc6d4b" outcome="Passed" testListId="8c84fa94-04c1-424b-9868-57a2d4851a1d" relativeResultsDirectory="5f3db92c-7dec-4c00-9a6c-f5e38f8ceb90">
    </UnitTestResult>
    <UnitTestResult executionId="956d1b9f-9cda-40c7-90cc-b9a208c0b3a5" testId="0c1112ce-06b8-6d36-f7fb-a3574f6e2065" testName="As0163237" computerName="MINIAC" duration="00:00:00.0005515" startTime="2011-01-06T09:19:44.6789125+00:00" endTime="2011-01-06T09:19:44.6889130+00:00" testType="13cdc9d9-ddb5-4fa4-a97d-d965ccfc6d4b" outcome="Passed" testListId="8c84fa94-04c1-424b-9868-57a2d4851a1d" relativeResultsDirectory="956d1b9f-9cda-40c7-90cc-b9a208c0b3a5">
    </UnitTestResult>
    <UnitTestResult executionId="4f495daf-e4f2-458f-84fb-72616fe876c2" testId="0c58cf0b-ac72-a134-206f-98daff22c7f5" testName="As0132103" computerName="MINIAC" duration="00:00:00.0004554" startTime="2011-01-06T09:19:44.6909132+00:00" endTime="2011-01-06T09:19:44.7039139+00:00" testType="13cdc9d9-ddb5-4fa4-a97d-d965ccfc6d4b" outcome="Passed" testListId="8c84fa94-04c1-424b-9868-57a2d4851a1d" relativeResultsDirectory="4f495daf-e4f2-458f-84fb-72616fe876c2">
    </UnitTestResult>
    <UnitTestResult executionId="ef38789a-5e31-4884-975e-fde3873eed2d" testId="0c6370f1-3a15-0de1-18cb-8da30dd57ee7" testName="UnionAllThrowsContractException498" computerName="MINIAC" duration="00:00:00.0025430" startTime="2011-01-06T09:19:44.7059140+00:00" endTime="2011-01-06T09:19:44.7189148+00:00" testType="13cdc9d9-ddb5-4fa4-a97d-d965ccfc6d4b" outcome="Passed" testListId="8c84fa94-04c1-424b-9868-57a2d4851a1d" relativeResultsDirectory="ef38789a-5e31-4884-975e-fde3873eed2d">
    </UnitTestResult>
    <UnitTestResult executionId="042d1cd3-2ed1-41cb-97c8-0f1943a05691" testId="0cb477c5-7b02-500d-45eb-bb863b0c13bb" testName="RangeThrowsContractException958" computerName="MINIAC" duration="00:00:00.0041491" startTime="2011-01-06T09:19:44.7209149+00:00" endTime="2011-01-06T09:19:44.7359157+00:00" testType="13cdc9d9-ddb5-4fa4-a97d-d965ccfc6d4b" outcome="Passed" testListId="8c84fa94-04c1-424b-9868-57a2d4851a1d" relativeResultsDirectory="042d1cd3-2ed1-41cb-97c8-0f1943a05691">
    </UnitTestResult>
    <UnitTestResult executionId="b3a36590-883a-4828-8ae8-f8429b9e68a1" testId="0cf9c414-1497-f4be-8e70-721d9337c834" testName="ToString01530" computerName="MINIAC" duration="00:00:00.0027049" startTime="2011-01-06T09:19:44.7379158+00:00" endTime="2011-01-06T09:19:44.7529167+00:00" testType="13cdc9d9-ddb5-4fa4-a97d-d965ccfc6d4b" outcome="Passed" testListId="8c84fa94-04c1-424b-9868-57a2d4851a1d" relativeResultsDirectory="b3a36590-883a-4828-8ae8-f8429b9e68a1">
    </UnitTestResult>
    <UnitTestResult executionId="2366dfca-baef-4227-8b43-4a41e41ffcdb" testId="0e44207d-1ccf-04c5-6aef-2081653ff131" testName="IfNotNull0159703" computerName="MINIAC" duration="00:00:00.0282184" startTime="2011-01-06T09:19:44.7559169+00:00" endTime="2011-01-06T09:19:44.7969192+00:00" testType="13cdc9d9-ddb5-4fa4-a97d-d965ccfc6d4b" outcome="Passed" testListId="8c84fa94-04c1-424b-9868-57a2d4851a1d" relativeResultsDirectory="2366dfca-baef-4227-8b43-4a41e41ffcdb">
    </UnitTestResult>
    <UnitTestResult executionId="14a1d049-1370-44e4-85e6-ac927d2da544" testId="0e73a463-cb0d-f992-9d84-5941849f04d6" testName="To0459801" computerName="MINIAC" duration="00:00:00.0050254" startTime="2011-01-06T09:19:44.7989193+00:00" endTime="2011-01-06T09:19:44.8179204+00:00" testType="13cdc9d9-ddb5-4fa4-a97d-d965ccfc6d4b" outcome="Passed" testListId="8c84fa94-04c1-424b-9868-57a2d4851a1d" relativeResultsDirectory="14a1d049-1370-44e4-85e6-ac927d2da544">
    </UnitTestResult>
    <UnitTestResult executionId="54b06786-be98-4349-8bf0-f8e71d1f8e06" testId="0e90738b-70d8-2788-4a26-d16c8666f6ca" testName="As0163232" computerName="MINIAC" duration="00:00:00.0004157" startTime="2011-01-06T09:19:44.8209206+00:00" endTime="2011-01-06T09:19:44.8339213+00:00" testType="13cdc9d9-ddb5-4fa4-a97d-d965ccfc6d4b" outcome="Passed" testListId="8c84fa94-04c1-424b-9868-57a2d4851a1d" relativeResultsDirectory="54b06786-be98-4349-8bf0-f8e71d1f8e06">
    </UnitTestResult>
    <UnitTestResult executionId="e34db4e7-5245-4b7b-acba-869724418a2a" testId="0eb1a35f-2d95-2bd4-e6e7-1f1c134e7c74" testName="AsEnumerable01ThrowsContractException811" computerName="MINIAC" duration="00:00:00.0022794" startTime="2011-01-06T09:19:44.8349214+00:00" endTime="2011-01-06T09:19:44.8469221+00:00" testType="13cdc9d9-ddb5-4fa4-a97d-d965ccfc6d4b" outcome="Passed" testListId="8c84fa94-04c1-424b-9868-57a2d4851a1d" relativeResultsDirectory="e34db4e7-5245-4b7b-acba-869724418a2a">
    </UnitTestResult>
    <UnitTestResult executionId="81c0e010-54bb-4d59-a320-a3a70b5f9984" testId="0f614d48-4580-1835-c34d-314b56fdf70c" testName="AsEnumerable56003" computerName="MINIAC" duration="00:00:00.0020871" startTime="2011-01-06T09:19:44.8489222+00:00" endTime="2011-01-06T09:19:44.8609229+00:00" testType="13cdc9d9-ddb5-4fa4-a97d-d965ccfc6d4b" outcome="Passed" testListId="8c84fa94-04c1-424b-9868-57a2d4851a1d" relativeResultsDirectory="81c0e010-54bb-4d59-a320-a3a70b5f9984">
    </UnitTestResult>
    <UnitTestResult executionId="d432da4f-7043-43a8-9650-a209834a73ca" testId="106b7a63-3c06-2f97-097e-1a5d38b1a1ac" testName="Add88503" computerName="MINIAC" duration="00:00:00.0005216" startTime="2011-01-06T09:19:44.8629230+00:00" endTime="2011-01-06T09:19:44.8769238+00:00" testType="13cdc9d9-ddb5-4fa4-a97d-d965ccfc6d4b" outcome="Passed" testListId="8c84fa94-04c1-424b-9868-57a2d4851a1d" relativeResultsDirectory="d432da4f-7043-43a8-9650-a209834a73ca">
    </UnitTestResult>
    <UnitTestResult executionId="261ed371-f25e-4c2a-b028-9374cce347c0" testId="11187b04-c546-bd3e-0bbb-d3f71bff1f4f" testName="AsEnumerable0314803" computerName="MINIAC" duration="00:00:00.0015001" startTime="2011-01-06T09:19:44.8789239+00:00" endTime="2011-01-06T09:19:44.8899245+00:00" testType="13cdc9d9-ddb5-4fa4-a97d-d965ccfc6d4b" outcome="Passed" testListId="8c84fa94-04c1-424b-9868-57a2d4851a1d" relativeResultsDirectory="261ed371-f25e-4c2a-b028-9374cce347c0">
    </UnitTestResult>
    <UnitTestResult executionId="d3ac9a17-b77b-435b-84d7-f9e5de51f290" testId="116bcbca-67a9-cf3b-0614-27721784c6e2" testName="IfNotNull0159704" computerName="MINIAC" duration="00:00:00.0004241" startTime="2011-01-06T09:19:44.8919247+00:00" endTime="2011-01-06T09:19:44.9089256+00:00" testType="13cdc9d9-ddb5-4fa4-a97d-d965ccfc6d4b" outcome="Passed" testListId="8c84fa94-04c1-424b-9868-57a2d4851a1d" relativeResultsDirectory="d3ac9a17-b77b-435b-84d7-f9e5de51f290">
    </UnitTestResult>
    <UnitTestResult executionId="c13936a8-f7d6-478e-86a5-115873178391" testId="116e53ad-53cc-1f8c-5eeb-a61eba3cd5e8" testName="ForEach90804" computerName="MINIAC" duration="00:00:00.0031752" startTime="2011-01-06T09:19:44.9109257+00:00" endTime="2011-01-06T09:19:44.9229264+00:00" testType="13cdc9d9-ddb5-4fa4-a97d-d965ccfc6d4b" outcome="Passed" testListId="8c84fa94-04c1-424b-9868-57a2d4851a1d" relativeResultsDirectory="c13936a8-f7d6-478e-86a5-115873178391">
    </UnitTestResult>
    <UnitTestResult executionId="1ad60c03-3acc-496a-af29-3690bfffbd19" testId="1199c9cc-d8e3-0309-8136-cef199801af6" testName="To01203" computerName="MINIAC" duration="00:00:00.0037203" startTime="2011-01-06T09:19:44.9249265+00:00" endTime="2011-01-06T09:19:44.9389273+00:00" testType="13cdc9d9-ddb5-4fa4-a97d-d965ccfc6d4b" outcome="Passed" testListId="8c84fa94-04c1-424b-9868-57a2d4851a1d" relativeResultsDirectory="1ad60c03-3acc-496a-af29-3690bfffbd19">
    </UnitTestResult>
    <UnitTestResult executionId="eb27fb0c-b857-47bb-b7bd-032f19fc1465" testId="1307dc5b-75f8-92ef-4a33-aeb8175b4d4d" testName="IsNot85901" computerName="MINIAC" duration="00:00:00.0004390" startTime="2011-01-06T09:19:44.9409275+00:00" endTime="2011-01-06T09:19:44.9519281+00:00" testType="13cdc9d9-ddb5-4fa4-a97d-d965ccfc6d4b" outcome="Passed" testListId="8c84fa94-04c1-424b-9868-57a2d4851a1d" relativeResultsDirectory="eb27fb0c-b857-47bb-b7bd-032f19fc1465">
    </UnitTestResult>
    <UnitTestResult executionId="9b5c10ea-7061-487e-b175-7cbbb3837733" testId="143eb567-4397-2625-6014-2a2400dd294f" testName="GetPixelsThrowsContractException443" computerName="MINIAC" duration="00:00:00.0023255" startTime="2011-01-06T09:19:44.9549283+00:00" endTime="2011-01-06T09:19:44.9649288+00:00" testType="13cdc9d9-ddb5-4fa4-a97d-d965ccfc6d4b" outcome="Passed" testListId="8c84fa94-04c1-424b-9868-57a2d4851a1d" relativeResultsDirectory="9b5c10ea-7061-487e-b175-7cbbb3837733">
    </UnitTestResult>
    <UnitTestResult executionId="899581f0-9e4c-475f-b72e-a2e171083c66" testId="15f6ec28-2881-7c22-a597-01fe1093749a" testName="As21516" computerName="MINIAC" duration="00:00:00.0012365" startTime="2011-01-06T09:19:44.9689291+00:00" endTime="2011-01-06T09:19:44.9799297+00:00" testType="13cdc9d9-ddb5-4fa4-a97d-d965ccfc6d4b" outcome="Passed" testListId="8c84fa94-04c1-424b-9868-57a2d4851a1d" relativeResultsDirectory="899581f0-9e4c-475f-b72e-a2e171083c66">
    </UnitTestResult>
    <UnitTestResult executionId="6d3bb9dc-f939-40bf-acce-cc45bff3c6ed" testId="1614cc64-5cbc-b082-cb61-089f874d65b1" testName="TakeEveryThrowsContractException265" computerName="MINIAC" duration="00:00:00.0031874" startTime="2011-01-06T09:19:44.9849300+00:00" endTime="2011-01-06T09:19:44.9969307+00:00" testType="13cdc9d9-ddb5-4fa4-a97d-d965ccfc6d4b" outcome="Passed" testListId="8c84fa94-04c1-424b-9868-57a2d4851a1d" relativeResultsDirectory="6d3bb9dc-f939-40bf-acce-cc45bff3c6ed">
    </UnitTestResult>
    <UnitTestResult executionId="ce053529-d238-4aef-be4d-2e23750f8376" testId="16bc510b-963f-30e5-6517-13389edd4fdc" testName="GetByPercentThrowsIndexOutOfRangeException858" computerName="MINIAC" duration="00:00:00.0017735" startTime="2011-01-06T09:19:45.0019309+00:00" endTime="2011-01-06T09:19:45.0109315+00:00" testType="13cdc9d9-ddb5-4fa4-a97d-d965ccfc6d4b" outcome="Passed" testListId="8c84fa94-04c1-424b-9868-57a2d4851a1d" relativeResultsDirectory="ce053529-d238-4aef-be4d-2e23750f8376">
    </UnitTestResult>
    <UnitTestResult executionId="71942bc8-ca0c-45be-a1d0-64b3eac03a4f" testId="16e2011d-5b89-0c00-2883-d68cf1f627cd" testName="IsInThrowsContractException401" computerName="MINIAC" duration="00:00:00.0010937" startTime="2011-01-06T09:19:45.0129316+00:00" endTime="2011-01-06T09:19:45.0249323+00:00" testType="13cdc9d9-ddb5-4fa4-a97d-d965ccfc6d4b" outcome="Passed" testListId="8c84fa94-04c1-424b-9868-57a2d4851a1d" relativeResultsDirectory="71942bc8-ca0c-45be-a1d0-64b3eac03a4f">
    </UnitTestResult>
    <UnitTestResult executionId="efb4c22c-f74a-4318-83ef-c10269580e72" testId="16eccf92-0ec9-930b-cfbe-252e74468966" testName="GenerateEndlessThrowsContractException760" computerName="MINIAC" duration="00:00:00.0022206" startTime="2011-01-06T09:19:45.0289325+00:00" endTime="2011-01-06T09:19:45.0389331+00:00" testType="13cdc9d9-ddb5-4fa4-a97d-d965ccfc6d4b" outcome="Passed" testListId="8c84fa94-04c1-424b-9868-57a2d4851a1d" relativeResultsDirectory="efb4c22c-f74a-4318-83ef-c10269580e72">
    </UnitTestResult>
    <UnitTestResult executionId="a3897520-2d6a-4e61-9b0d-f3938e44a791" testId="19033310-a8dd-db0b-1dcd-2bf1bef510ca" testName="Fill0110501" computerName="MINIAC" duration="00:00:00.0026036" startTime="2011-01-06T09:19:45.0429333+00:00" endTime="2011-01-06T09:19:45.0559340+00:00" testType="13cdc9d9-ddb5-4fa4-a97d-d965ccfc6d4b" outcome="Passed" testListId="8c84fa94-04c1-424b-9868-57a2d4851a1d" relativeResultsDirectory="a3897520-2d6a-4e61-9b0d-f3938e44a791">
    </UnitTestResult>
    <UnitTestResult executionId="cec09539-b3e9-4e80-95dd-4d484e83629f" testId="1903a639-b5d9-1b4f-9c30-0405b15e8f12" testName="ForEach90802" computerName="MINIAC" duration="00:00:00.0003840" startTime="2011-01-06T09:19:45.0629344+00:00" endTime="2011-01-06T09:19:45.0739351+00:00" testType="13cdc9d9-ddb5-4fa4-a97d-d965ccfc6d4b" outcome="Passed" testListId="8c84fa94-04c1-424b-9868-57a2d4851a1d" relativeResultsDirectory="cec09539-b3e9-4e80-95dd-4d484e83629f">
    </UnitTestResult>
    <UnitTestResult executionId="a7238d48-b503-4956-b45c-80408111ab4b" testId="190e9c3f-d107-1b47-1211-423b930a255a" testName="IterThrowsContractException919" computerName="MINIAC" duration="00:00:00.0024324" startTime="2011-01-06T09:19:45.0779353+00:00" endTime="2011-01-06T09:19:45.0879359+00:00" testType="13cdc9d9-ddb5-4fa4-a97d-d965ccfc6d4b" outcome="Passed" testListId="8c84fa94-04c1-424b-9868-57a2d4851a1d" relativeResultsDirectory="a7238d48-b503-4956-b45c-80408111ab4b">
    </UnitTestResult>
    <UnitTestResult executionId="0a53a419-013f-42b1-9d79-49021c632478" testId="193af604-0c49-1c0a-39c2-739404c2ca21" testName="ForEach125" computerName="MINIAC" duration="00:00:00.0004908" startTime="2011-01-06T09:19:45.0909360+00:00" endTime="2011-01-06T09:19:45.1009366+00:00" testType="13cdc9d9-ddb5-4fa4-a97d-d965ccfc6d4b" outcome="Passed" testListId="8c84fa94-04c1-424b-9868-57a2d4851a1d" relativeResultsDirectory="0a53a419-013f-42b1-9d79-49021c632478">
    </UnitTestResult>
    <UnitTestResult executionId="5becea95-5d68-4248-a64b-a712d5895bd8" testId="1a41ca06-c399-fb41-1b68-4e54f6d9fba0" testName="As0163227" computerName="MINIAC" duration="00:00:00.0004843" startTime="2011-01-06T09:19:45.1029367+00:00" endTime="2011-01-06T09:19:45.1129373+00:00" testType="13cdc9d9-ddb5-4fa4-a97d-d965ccfc6d4b" outcome="Passed" testListId="8c84fa94-04c1-424b-9868-57a2d4851a1d" relativeResultsDirectory="5becea95-5d68-4248-a64b-a712d5895bd8">
    </UnitTestResult>
    <UnitTestResult executionId="4e77a75e-4621-4224-9d05-24b55d901751" testId="1ac879f8-3c0a-1016-6157-e481eddd5c9f" testName="Add74301" computerName="MINIAC" duration="00:00:00.0018701" startTime="2011-01-06T09:19:45.1169375+00:00" endTime="2011-01-06T09:19:45.1269381+00:00" testType="13cdc9d9-ddb5-4fa4-a97d-d965ccfc6d4b" outcome="Passed" testListId="8c84fa94-04c1-424b-9868-57a2d4851a1d" relativeResultsDirectory="4e77a75e-4621-4224-9d05-24b55d901751">
    </UnitTestResult>
    <UnitTestResult executionId="855a008d-f1e8-46f8-b87d-3e3357e0bd4b" testId="1b50a732-77b4-82a3-8153-f8dad0640018" testName="IfNotNull47704" computerName="MINIAC" duration="00:00:00.0032690" startTime="2011-01-06T09:19:45.1289382+00:00" endTime="2011-01-06T09:19:45.1379387+00:00" testType="13cdc9d9-ddb5-4fa4-a97d-d965ccfc6d4b" outcome="Passed" testListId="8c84fa94-04c1-424b-9868-57a2d4851a1d" relativeResultsDirectory="855a008d-f1e8-46f8-b87d-3e3357e0bd4b">
    </UnitTestResult>
    <UnitTestResult executionId="f4cb89f2-9768-4cc5-9b14-53d78cfca484" testId="1b741696-a239-fa83-4bfb-5be27d6d2eb3" testName="CollatzCount510" computerName="MINIAC" duration="00:00:00.0005020" startTime="2011-01-06T09:19:45.1429390+00:00" endTime="2011-01-06T09:19:45.1539396+00:00" testType="13cdc9d9-ddb5-4fa4-a97d-d965ccfc6d4b" outcome="Passed" testListId="8c84fa94-04c1-424b-9868-57a2d4851a1d" relativeResultsDirectory="f4cb89f2-9768-4cc5-9b14-53d78cfca484">
    </UnitTestResult>
    <UnitTestResult executionId="aa63aebb-2a6d-46c2-8fe6-f8c3d05100eb" testId="1b9103d0-5cae-0f4c-09ff-459b405bb125" testName="Random01ThrowsContractException824" computerName="MINIAC" duration="00:00:00.0015118" startTime="2011-01-06T09:19:45.1579399+00:00" endTime="2011-01-06T09:19:45.1659403+00:00" testType="13cdc9d9-ddb5-4fa4-a97d-d965ccfc6d4b" outcome="Passed" testListId="8c84fa94-04c1-424b-9868-57a2d4851a1d" relativeResultsDirectory="aa63aebb-2a6d-46c2-8fe6-f8c3d05100eb">
    </UnitTestResult>
    <UnitTestResult executionId="658ee8ca-7a4a-439d-a3f0-3ed6d0d84a84" testId="1ba64111-f510-59f1-348e-baa48180e56e" testName="As601" computerName="MINIAC" duration="00:00:00.0023876" startTime="2011-01-06T09:19:45.1729407+00:00" endTime="2011-01-06T09:19:45.1819412+00:00" testType="13cdc9d9-ddb5-4fa4-a97d-d965ccfc6d4b" outcome="Passed" testListId="8c84fa94-04c1-424b-9868-57a2d4851a1d" relativeResultsDirectory="658ee8ca-7a4a-439d-a3f0-3ed6d0d84a84">
    </UnitTestResult>
    <UnitTestResult executionId="84d49ba4-5f75-4d0f-8e85-22288626a253" testId="1bc4937e-b347-cc6e-764b-80d0275d20a2" testName="As01ThrowsContractException684" computerName="MINIAC" duration="00:00:00.0005403" startTime="2011-01-06T09:19:45.1869415+00:00" endTime="2011-01-06T09:19:45.1939419+00:00" testType="13cdc9d9-ddb5-4fa4-a97d-d965ccfc6d4b" outcome="Passed" testListId="8c84fa94-04c1-424b-9868-57a2d4851a1d" relativeResultsDirectory="84d49ba4-5f75-4d0f-8e85-22288626a253">
    </UnitTestResult>
    <UnitTestResult executionId="29381454-a24b-4e20-80fa-f6a623549652" testId="1bcc15c4-61d7-3b94-4bbd-0be40d5ef4ca" testName="As76303" computerName="MINIAC" duration="00:00:00.0005090" startTime="2011-01-06T09:19:45.1989422+00:00" endTime="2011-01-06T09:19:45.2059426+00:00" testType="13cdc9d9-ddb5-4fa4-a97d-d965ccfc6d4b" outcome="Passed" testListId="8c84fa94-04c1-424b-9868-57a2d4851a1d" relativeResultsDirectory="29381454-a24b-4e20-80fa-f6a623549652">
    </UnitTestResult>
    <UnitTestResult executionId="0fd7edcd-692c-415b-a79f-ab98a76456ee" testId="1c5ab376-6152-4272-31e3-55dc91a07a86" testName="Fill0110504" computerName="MINIAC" duration="00:00:00.0003466" startTime="2011-01-06T09:19:45.2109429+00:00" endTime="2011-01-06T09:19:45.2209435+00:00" testType="13cdc9d9-ddb5-4fa4-a97d-d965ccfc6d4b" outcome="Passed" testListId="8c84fa94-04c1-424b-9868-57a2d4851a1d" relativeResultsDirectory="0fd7edcd-692c-415b-a79f-ab98a76456ee">
    </UnitTestResult>
    <UnitTestResult executionId="14f6064e-68a0-42a1-935a-24266bf6d947" testId="1ca82a0b-7842-06c7-ecd3-2f81b62f1e0e" testName="ReadLinesFromFileThrowsContractException244" computerName="MINIAC" duration="00:00:00.0017115" startTime="2011-01-06T09:19:45.2249437+00:00" endTime="2011-01-06T09:19:45.2339442+00:00" testType="13cdc9d9-ddb5-4fa4-a97d-d965ccfc6d4b" outcome="Passed" testListId="8c84fa94-04c1-424b-9868-57a2d4851a1d" relativeResultsDirectory="14f6064e-68a0-42a1-935a-24266bf6d947">
    </UnitTestResult>
    <UnitTestResult executionId="4355c2b1-837b-4f7e-bf67-8161a1bc2eb4" testId="1cb6fca5-5cbd-75cb-cfee-a358b8315906" testName="Add60904" computerName="MINIAC" duration="00:00:00.0004946" startTime="2011-01-06T09:19:45.2389445+00:00" endTime="2011-01-06T09:19:45.2459449+00:00" testType="13cdc9d9-ddb5-4fa4-a97d-d965ccfc6d4b" outcome="Passed" testListId="8c84fa94-04c1-424b-9868-57a2d4851a1d" relativeResultsDirectory="4355c2b1-837b-4f7e-bf67-8161a1bc2eb4">
    </UnitTestResult>
    <UnitTestResult executionId="c3c35a66-f6f4-4c89-b2d6-d5b2420097a9" testId="1cdb2f2c-09f6-d6d8-6d16-a0ea90824aba" testName="As21518" computerName="MINIAC" duration="00:00:00.0006313" startTime="2011-01-06T09:19:45.2499451+00:00" endTime="2011-01-06T09:19:45.2589456+00:00" testType="13cdc9d9-ddb5-4fa4-a97d-d965ccfc6d4b" outcome="Passed" testListId="8c84fa94-04c1-424b-9868-57a2d4851a1d" relativeResultsDirectory="c3c35a66-f6f4-4c89-b2d6-d5b2420097a9">
    </UnitTestResult>
    <UnitTestResult executionId="c9b4395d-4f20-437c-ae41-c9ae074a1fa6" testId="1e0ca069-996e-4bc0-6164-74e9ee8107ac" testName="GetByPercentThrowsContractException730" computerName="MINIAC" duration="00:00:00.0005496" startTime="2011-01-06T09:19:45.2639459+00:00" endTime="2011-01-06T09:19:45.2709463+00:00" testType="13cdc9d9-ddb5-4fa4-a97d-d965ccfc6d4b" outcome="Passed" testListId="8c84fa94-04c1-424b-9868-57a2d4851a1d" relativeResultsDirectory="c9b4395d-4f20-437c-ae41-c9ae074a1fa6">
    </UnitTestResult>
    <UnitTestResult executionId="7be87df9-c5f3-4612-a951-d83385fcd7fa" testId="1f40669e-af15-3df6-04e7-ce43fe026d00" testName="RandomThrowsContractException872" computerName="MINIAC" duration="00:00:00.0013849" startTime="2011-01-06T09:19:45.2749466+00:00" endTime="2011-01-06T09:19:45.2829470+00:00" testType="13cdc9d9-ddb5-4fa4-a97d-d965ccfc6d4b" outcome="Passed" testListId="8c84fa94-04c1-424b-9868-57a2d4851a1d" relativeResultsDirectory="7be87df9-c5f3-4612-a951-d83385fcd7fa">
    </UnitTestResult>
    <UnitTestResult executionId="e76d64d1-f917-4f73-9df5-2ab44fefc4a7" testId="1fa5b7ed-be1a-69d3-e35d-61c48c394d37" testName="NullOr907" computerName="MINIAC" duration="00:00:00.0051621" startTime="2011-01-06T09:19:45.2869472+00:00" endTime="2011-01-06T09:19:45.2999480+00:00" testType="13cdc9d9-ddb5-4fa4-a97d-d965ccfc6d4b" outcome="Passed" testListId="8c84fa94-04c1-424b-9868-57a2d4851a1d" relativeResultsDirectory="e76d64d1-f917-4f73-9df5-2ab44fefc4a7">
    </UnitTestResult>
    <UnitTestResult executionId="3cd2f1c0-7df8-450b-9655-77c95ebdd83f" testId="1fd730db-48ad-68c2-a560-921c988f9a38" testName="GenerateEndless277" computerName="MINIAC" duration="00:00:00.0015678" startTime="2011-01-06T09:19:45.3039482+00:00" endTime="2011-01-06T09:19:45.3119487+00:00" testType="13cdc9d9-ddb5-4fa4-a97d-d965ccfc6d4b" outcome="Passed" testListId="8c84fa94-04c1-424b-9868-57a2d4851a1d" relativeResultsDirectory="3cd2f1c0-7df8-450b-9655-77c95ebdd83f">
    </UnitTestResult>
    <UnitTestResult executionId="be7adc0b-b59e-4819-83bc-a64ac0408b9c" testId="221d319c-8869-0d4c-725e-9ea36949d716" testName="Iter960" computerName="MINIAC" duration="00:00:00.0006513" startTime="2011-01-06T09:19:45.3359501+00:00" endTime="2011-01-06T09:19:45.3449506+00:00" testType="13cdc9d9-ddb5-4fa4-a97d-d965ccfc6d4b" outcome="Passed" testListId="8c84fa94-04c1-424b-9868-57a2d4851a1d" relativeResultsDirectory="be7adc0b-b59e-4819-83bc-a64ac0408b9c">
    </UnitTestResult>
    <UnitTestResult executionId="9f7be30b-a710-41ba-927d-ac57f76dfe50" testId="22b3bc9e-2d91-4747-086b-d415be2c5776" testName="RangeThrowsContractException560" computerName="MINIAC" duration="00:00:00.0006588" startTime="2011-01-06T09:19:45.3489508+00:00" endTime="2011-01-06T09:19:45.3569513+00:00" testType="13cdc9d9-ddb5-4fa4-a97d-d965ccfc6d4b" outcome="Passed" testListId="8c84fa94-04c1-424b-9868-57a2d4851a1d" relativeResultsDirectory="9f7be30b-a710-41ba-927d-ac57f76dfe50">
    </UnitTestResult>
    <UnitTestResult executionId="0456bf5e-020b-4416-93c2-d29404c33047" testId="22fb3f0c-8177-2102-3c97-5cd124eaf953" testName="Add60902" computerName="MINIAC" duration="00:00:00.0020297" startTime="2011-01-06T09:19:45.3609515+00:00" endTime="2011-01-06T09:19:45.3689519+00:00" testType="13cdc9d9-ddb5-4fa4-a97d-d965ccfc6d4b" outcome="Passed" testListId="8c84fa94-04c1-424b-9868-57a2d4851a1d" relativeResultsDirectory="0456bf5e-020b-4416-93c2-d29404c33047">
    </UnitTestResult>
    <UnitTestResult executionId="136853b4-b4d5-4f2e-b6ba-b04a1783de7d" testId="23289518-cff6-51c7-cbca-8f7fc69c7429" testName="SubarrayThrowsContractException304" computerName="MINIAC" duration="00:00:00.0005053" startTime="2011-01-06T09:19:45.3739522+00:00" endTime="2011-01-06T09:19:45.3829527+00:00" testType="13cdc9d9-ddb5-4fa4-a97d-d965ccfc6d4b" outcome="Passed" testListId="8c84fa94-04c1-424b-9868-57a2d4851a1d" relativeResultsDirectory="136853b4-b4d5-4f2e-b6ba-b04a1783de7d">
    </UnitTestResult>
    <UnitTestResult executionId="123b70b8-7cb9-4615-91ea-154b8b87ade7" testId="236dd585-9363-168d-3729-7ab007ad8692" testName="Fill68801" computerName="MINIAC" duration="00:00:00.0010307" startTime="2011-01-06T09:19:45.3879530+00:00" endTime="2011-01-06T09:19:45.3949534+00:00" testType="13cdc9d9-ddb5-4fa4-a97d-d965ccfc6d4b" outcome="Passed" testListId="8c84fa94-04c1-424b-9868-57a2d4851a1d" relativeResultsDirectory="123b70b8-7cb9-4615-91ea-154b8b87ade7">
    </UnitTestResult>
    <UnitTestResult executionId="d4f383e5-ef6d-41bf-9be3-606d124d2957" testId="25d5b35a-db1f-e192-1a83-5fbd23003a20" testName="Execute53301" computerName="MINIAC" duration="00:00:00.0012691" startTime="2011-01-06T09:19:45.4009538+00:00" endTime="2011-01-06T09:19:45.4089542+00:00" testType="13cdc9d9-ddb5-4fa4-a97d-d965ccfc6d4b" outcome="Passed" testListId="8c84fa94-04c1-424b-9868-57a2d4851a1d" relativeResultsDirectory="d4f383e5-ef6d-41bf-9be3-606d124d2957">
    </UnitTestResult>
    <UnitTestResult executionId="fd07a5cf-447f-418e-ab5b-cac3dc4b75a8" testId="25e137bf-b11b-a709-2200-80de04831d5b" testName="As0163228" computerName="MINIAC" duration="00:00:00.0004157" startTime="2011-01-06T09:19:45.4139545+00:00" endTime="2011-01-06T09:19:45.4209549+00:00" testType="13cdc9d9-ddb5-4fa4-a97d-d965ccfc6d4b" outcome="Passed" testListId="8c84fa94-04c1-424b-9868-57a2d4851a1d" relativeResultsDirectory="fd07a5cf-447f-418e-ab5b-cac3dc4b75a8">
    </UnitTestResult>
    <UnitTestResult executionId="1cb7eb4e-4c0c-4b35-be5f-44829dff2f69" testId="28805317-a840-3e77-4899-69199b1265d9" testName="CreateIEnumerableThrowsContractException485" computerName="MINIAC" duration="00:00:00.0009976" startTime="2011-01-06T09:19:45.4279553+00:00" endTime="2011-01-06T09:19:45.4359558+00:00" testType="13cdc9d9-ddb5-4fa4-a97d-d965ccfc6d4b" outcome="Passed" testListId="8c84fa94-04c1-424b-9868-57a2d4851a1d" relativeResultsDirectory="1cb7eb4e-4c0c-4b35-be5f-44829dff2f69">
    </UnitTestResult>
    <UnitTestResult executionId="1db346a1-061a-4aea-8cf1-97de384909ed" testId="29095a51-c311-c865-7cf1-7076578258b7" testName="As0136704" computerName="MINIAC" duration="00:00:00.0006065" startTime="2011-01-06T09:19:45.4409561+00:00" endTime="2011-01-06T09:19:45.4479565+00:00" testType="13cdc9d9-ddb5-4fa4-a97d-d965ccfc6d4b" outcome="Passed" testListId="8c84fa94-04c1-424b-9868-57a2d4851a1d" relativeResultsDirectory="1db346a1-061a-4aea-8cf1-97de384909ed">
    </UnitTestResult>
    <UnitTestResult executionId="d3a737d0-0510-49ce-909c-98e952d31f74" testId="29c9ba2a-8918-92c1-edbc-ad1fd40c77e1" testName="ReadLinesFromThrowsContractException838" computerName="MINIAC" duration="00:00:00.0019835" startTime="2011-01-06T09:19:45.4549569+00:00" endTime="2011-01-06T09:19:45.4639574+00:00" testType="13cdc9d9-ddb5-4fa4-a97d-d965ccfc6d4b" outcome="Passed" testListId="8c84fa94-04c1-424b-9868-57a2d4851a1d" relativeResultsDirectory="d3a737d0-0510-49ce-909c-98e952d31f74">
    </UnitTestResult>
    <UnitTestResult executionId="a788c54e-f0af-4821-bdd8-9de0e54bf03b" testId="29e140f3-0b7d-028a-f85f-e65d5e7a4460" testName="Add29601" computerName="MINIAC" duration="00:00:00.0004409" startTime="2011-01-06T09:19:45.4709578+00:00" endTime="2011-01-06T09:19:45.4779582+00:00" testType="13cdc9d9-ddb5-4fa4-a97d-d965ccfc6d4b" outcome="Passed" testListId="8c84fa94-04c1-424b-9868-57a2d4851a1d" relativeResultsDirectory="a788c54e-f0af-4821-bdd8-9de0e54bf03b">
    </UnitTestResult>
    <UnitTestResult executionId="54670bcb-0706-4c43-bb63-243dcd70b8ba" testId="2a3bccbe-42e2-9009-af11-20e5efc1eb2e" testName="As0163241" computerName="MINIAC" duration="00:00:00.0004782" startTime="2011-01-06T09:19:45.4829585+00:00" endTime="2011-01-06T09:19:45.4899589+00:00" testType="13cdc9d9-ddb5-4fa4-a97d-d965ccfc6d4b" outcome="Passed" testListId="8c84fa94-04c1-424b-9868-57a2d4851a1d" relativeResultsDirectory="54670bcb-0706-4c43-bb63-243dcd70b8ba">
    </UnitTestResult>
    <UnitTestResult executionId="78c489da-c370-4543-8bb1-27b17b8fa62a" testId="2a492a9b-f563-5e1e-f60c-76d1e2ee9ce9" testName="To723" computerName="MINIAC" duration="00:00:00.0029951" startTime="2011-01-06T09:19:45.4949591+00:00" endTime="2011-01-06T09:19:45.5049597+00:00" testType="13cdc9d9-ddb5-4fa4-a97d-d965ccfc6d4b" outcome="Passed" testListId="8c84fa94-04c1-424b-9868-57a2d4851a1d" relativeResultsDirectory="78c489da-c370-4543-8bb1-27b17b8fa62a">
    </UnitTestResult>
    <UnitTestResult executionId="87003455-7eea-4529-8831-998db05ea302" testId="2a73a8ee-edb3-255b-de40-e76f0ee6887d" testName="Bound01171" computerName="MINIAC" duration="00:00:00.0021319" startTime="2011-01-06T09:19:45.5079599+00:00" endTime="2011-01-06T09:19:45.5169604+00:00" testType="13cdc9d9-ddb5-4fa4-a97d-d965ccfc6d4b" outcome="Passed" testListId="8c84fa94-04c1-424b-9868-57a2d4851a1d" relativeResultsDirectory="87003455-7eea-4529-8831-998db05ea302">
    </UnitTestResult>
    <UnitTestResult executionId="9fb18395-6e7a-481b-953a-bfddd64886d5" testId="2b100bf6-e6a4-9f38-c22a-f01b6c39f024" testName="GetSubRectangles899" computerName="MINIAC" duration="00:00:00.0135093" startTime="2011-01-06T09:19:45.5199606+00:00" endTime="2011-01-06T09:19:45.5409618+00:00" testType="13cdc9d9-ddb5-4fa4-a97d-d965ccfc6d4b" outcome="Passed" testListId="8c84fa94-04c1-424b-9868-57a2d4851a1d" relativeResultsDirectory="9fb18395-6e7a-481b-953a-bfddd64886d5">
    </UnitTestResult>
    <UnitTestResult executionId="efd4fd34-4c1f-4b44-9ba9-268c16dda931" testId="2b6a1fd0-ad89-86fe-c32f-c850f3486570" testName="As0166401" computerName="MINIAC" duration="00:00:00.0006658" startTime="2011-01-06T09:19:45.5459621+00:00" endTime="2011-01-06T09:19:45.5529625+00:00" testType="13cdc9d9-ddb5-4fa4-a97d-d965ccfc6d4b" outcome="Passed" testListId="8c84fa94-04c1-424b-9868-57a2d4851a1d" relativeResultsDirectory="efd4fd34-4c1f-4b44-9ba9-268c16dda931">
    </UnitTestResult>
    <UnitTestResult executionId="48948b99-4599-4c37-86a8-212591a13a4f" testId="2b9734bf-2716-3fbd-907d-b338c9f5816c" testName="As0163225" computerName="MINIAC" duration="00:00:00.0006481" startTime="2011-01-06T09:19:45.5589628+00:00" endTime="2011-01-06T09:19:45.5659632+00:00" testType="13cdc9d9-ddb5-4fa4-a97d-d965ccfc6d4b" outcome="Passed" testListId="8c84fa94-04c1-424b-9868-57a2d4851a1d" relativeResultsDirectory="48948b99-4599-4c37-86a8-212591a13a4f">
    </UnitTestResult>
    <UnitTestResult executionId="6acc06b8-416d-4c5f-b832-70a93f77028a" testId="2c678190-6575-f47a-afde-b3eb80b1856c" testName="As0166003" computerName="MINIAC" duration="00:00:00.0003854" startTime="2011-01-06T09:19:45.5709635+00:00" endTime="2011-01-06T09:19:45.5769638+00:00" testType="13cdc9d9-ddb5-4fa4-a97d-d965ccfc6d4b" outcome="Passed" testListId="8c84fa94-04c1-424b-9868-57a2d4851a1d" relativeResultsDirectory="6acc06b8-416d-4c5f-b832-70a93f77028a">
    </UnitTestResult>
    <UnitTestResult executionId="047fda6e-2e29-4c15-9858-c1bbd6179ddf" testId="2cd94b85-ca28-7ec9-b7f9-ff8305b67d1c" testName="CollatzCount01510" computerName="MINIAC" duration="00:00:00.0015664" startTime="2011-01-06T09:19:45.5819641+00:00" endTime="2011-01-06T09:19:45.5899646+00:00" testType="13cdc9d9-ddb5-4fa4-a97d-d965ccfc6d4b" outcome="Passed" testListId="8c84fa94-04c1-424b-9868-57a2d4851a1d" relativeResultsDirectory="047fda6e-2e29-4c15-9858-c1bbd6179ddf">
    </UnitTestResult>
    <UnitTestResult executionId="e4a22f2b-2ac2-4d03-8631-3f18a511a912" testId="2df82623-33bd-df5b-7142-249281b6ca57" testName="If92101" computerName="MINIAC" duration="00:00:00.0004484" startTime="2011-01-06T09:19:45.5949649+00:00" endTime="2011-01-06T09:19:45.6019653+00:00" testType="13cdc9d9-ddb5-4fa4-a97d-d965ccfc6d4b" outcome="Passed" testListId="8c84fa94-04c1-424b-9868-57a2d4851a1d" relativeResultsDirectory="e4a22f2b-2ac2-4d03-8631-3f18a511a912">
    </UnitTestResult>
    <UnitTestResult executionId="2edbf4e3-46a7-4ff1-98eb-fcc1a76089f9" testId="2e9abde5-72f2-18f2-ec62-8da36318a8ed" testName="As0163213" computerName="MINIAC" duration="00:00:00.0004040" startTime="2011-01-06T09:19:45.6109658+00:00" endTime="2011-01-06T09:19:45.6179662+00:00" testType="13cdc9d9-ddb5-4fa4-a97d-d965ccfc6d4b" outcome="Passed" testListId="8c84fa94-04c1-424b-9868-57a2d4851a1d" relativeResultsDirectory="2edbf4e3-46a7-4ff1-98eb-fcc1a76089f9">
    </UnitTestResult>
    <UnitTestResult executionId="ed21dcc8-085e-40d4-b45b-d4fdaf08e0a1" testId="2f442340-39d2-2141-feae-caa93af13693" testName="To203" computerName="MINIAC" duration="00:00:00.0002673" startTime="2011-01-06T09:19:45.6239665+00:00" endTime="2011-01-06T09:19:45.6299669+00:00" testType="13cdc9d9-ddb5-4fa4-a97d-d965ccfc6d4b" outcome="Passed" testListId="8c84fa94-04c1-424b-9868-57a2d4851a1d" relativeResultsDirectory="ed21dcc8-085e-40d4-b45b-d4fdaf08e0a1">
    </UnitTestResult>
    <UnitTestResult executionId="834acc3d-03f6-4909-90bc-83994b7fe14d" testId="2f5ec1c4-04f0-fa9c-5150-6f7abf584f74" testName="ExecutionTime01ThrowsContractException820" computerName="MINIAC" duration="00:00:00.0020339" startTime="2011-01-06T09:19:45.6369673+00:00" endTime="2011-01-06T09:19:45.6459678+00:00" testType="13cdc9d9-ddb5-4fa4-a97d-d965ccfc6d4b" outcome="Passed" testListId="8c84fa94-04c1-424b-9868-57a2d4851a1d" relativeResultsDirectory="834acc3d-03f6-4909-90bc-83994b7fe14d">
    </UnitTestResult>
    <UnitTestResult executionId="a2490d14-9f52-4f5e-adb2-d05969ccfc77" testId="2f965438-892b-963f-1d2d-a0dc16402531" testName="Fill0110503" computerName="MINIAC" duration="00:00:00.0003541" startTime="2011-01-06T09:19:45.6509681+00:00" endTime="2011-01-06T09:19:45.6599686+00:00" testType="13cdc9d9-ddb5-4fa4-a97d-d965ccfc6d4b" outcome="Passed" testListId="8c84fa94-04c1-424b-9868-57a2d4851a1d" relativeResultsDirectory="a2490d14-9f52-4f5e-adb2-d05969ccfc77">
    </UnitTestResult>
    <UnitTestResult executionId="927e3e69-f771-4960-bf6d-77603dc1ffcf" testId="2fd85783-fc83-f96f-d9bf-a6bcc5a252f1" testName="UnionAllThrowsContractException888" computerName="MINIAC" duration="00:00:00.0005944" startTime="2011-01-06T09:19:45.6629688+00:00" endTime="2011-01-06T09:19:45.6729693+00:00" testType="13cdc9d9-ddb5-4fa4-a97d-d965ccfc6d4b" outcome="Passed" testListId="8c84fa94-04c1-424b-9868-57a2d4851a1d" relativeResultsDirectory="927e3e69-f771-4960-bf6d-77603dc1ffcf">
    </UnitTestResult>
    <UnitTestResult executionId="ac132066-a4e5-4b80-8847-670b3551811b" testId="2ff38794-ad92-1998-3c20-e3ee775a8969" testName="TakeEveryThrowsContractException368" computerName="MINIAC" duration="00:00:00.0005496" startTime="2011-01-06T09:19:45.6789697+00:00" endTime="2011-01-06T09:19:45.6849700+00:00" testType="13cdc9d9-ddb5-4fa4-a97d-d965ccfc6d4b" outcome="Passed" testListId="8c84fa94-04c1-424b-9868-57a2d4851a1d" relativeResultsDirectory="ac132066-a4e5-4b80-8847-670b3551811b">
    </UnitTestResult>
    <UnitTestResult executionId="179805d8-ec46-47d0-9568-02cb639704ce" testId="3141d6f7-4f77-e316-0fab-9f0803c256ce" testName="Contrast768" computerName="MINIAC" duration="00:00:00.0004274" startTime="2011-01-06T09:19:45.6899703+00:00" endTime="2011-01-06T09:19:45.6989708+00:00" testType="13cdc9d9-ddb5-4fa4-a97d-d965ccfc6d4b" outcome="Passed" testListId="8c84fa94-04c1-424b-9868-57a2d4851a1d" relativeResultsDirectory="179805d8-ec46-47d0-9568-02cb639704ce">
    </UnitTestResult>
    <UnitTestResult executionId="d873bece-3b05-4a2d-865e-5f5ce8813e15" testId="31751606-0e00-3ddd-298e-e7c2d6c445a2" testName="As0198302" computerName="MINIAC" duration="00:00:00.0007078" startTime="2011-01-06T09:19:45.7019710+00:00" endTime="2011-01-06T09:19:45.7089714+00:00" testType="13cdc9d9-ddb5-4fa4-a97d-d965ccfc6d4b" outcome="Passed" testListId="8c84fa94-04c1-424b-9868-57a2d4851a1d" relativeResultsDirectory="d873bece-3b05-4a2d-865e-5f5ce8813e15">
    </UnitTestResult>
    <UnitTestResult executionId="882fe0d4-3b38-4a01-bdbc-8cf9a9d7f17b" testId="31a88d64-bb5b-6217-2758-d493dee381b6" testName="To02632" computerName="MINIAC" duration="00:00:00.0379696" startTime="2011-01-06T09:19:45.7139717+00:00" endTime="2011-01-06T09:19:45.7589742+00:00" testType="13cdc9d9-ddb5-4fa4-a97d-d965ccfc6d4b" outcome="Passed" testListId="8c84fa94-04c1-424b-9868-57a2d4851a1d" relativeResultsDirectory="882fe0d4-3b38-4a01-bdbc-8cf9a9d7f17b">
    </UnitTestResult>
    <UnitTestResult executionId="6a693710-38ff-40cd-804b-f4a6ee0392a7" testId="31a904fb-b5e5-f95a-175a-584bb2addaff" testName="As0163209" computerName="MINIAC" duration="00:00:00.0003905" startTime="2011-01-06T09:19:45.7619744+00:00" endTime="2011-01-06T09:19:45.7689748+00:00" testType="13cdc9d9-ddb5-4fa4-a97d-d965ccfc6d4b" outcome="Passed" testListId="8c84fa94-04c1-424b-9868-57a2d4851a1d" relativeResultsDirectory="6a693710-38ff-40cd-804b-f4a6ee0392a7">
    </UnitTestResult>
    <UnitTestResult executionId="f123643b-b125-45b6-99fa-df6871dcdf8c" testId="3340cb14-cf3b-8e1f-ca28-73acf64d833a" testName="GetEnumerator016901" computerName="MINIAC" duration="00:00:00.0018123" startTime="2011-01-06T09:19:45.7729750+00:00" endTime="2011-01-06T09:19:45.7829756+00:00" testType="13cdc9d9-ddb5-4fa4-a97d-d965ccfc6d4b" outcome="Passed" testListId="8c84fa94-04c1-424b-9868-57a2d4851a1d" relativeResultsDirectory="f123643b-b125-45b6-99fa-df6871dcdf8c">
    </UnitTestResult>
    <UnitTestResult executionId="36ebe84d-f9cd-4c42-b6b9-d7c556532681" testId="33d00c5c-c888-05a3-fa39-c11369cf7bd7" testName="Iter96002" computerName="MINIAC" duration="00:00:00.0004829" startTime="2011-01-06T09:19:45.7899760+00:00" endTime="2011-01-06T09:19:45.8009766+00:00" testType="13cdc9d9-ddb5-4fa4-a97d-d965ccfc6d4b" outcome="Passed" testListId="8c84fa94-04c1-424b-9868-57a2d4851a1d" relativeResultsDirectory="36ebe84d-f9cd-4c42-b6b9-d7c556532681">
    </UnitTestResult>
    <UnitTestResult executionId="7a5c9b86-10bc-490f-a740-29be50d171be" testId="3403c50d-2a71-9a27-1ea8-652ff438ba45" testName="As0163218" computerName="MINIAC" duration="00:00:00.0004218" startTime="2011-01-06T09:19:45.8039768+00:00" endTime="2011-01-06T09:19:45.8119773+00:00" testType="13cdc9d9-ddb5-4fa4-a97d-d965ccfc6d4b" outcome="Passed" testListId="8c84fa94-04c1-424b-9868-57a2d4851a1d" relativeResultsDirectory="7a5c9b86-10bc-490f-a740-29be50d171be">
    </UnitTestResult>
    <UnitTestResult executionId="faa62dd1-012b-4582-8473-cc968f4ae1dc" testId="34aa3cd1-c558-0302-e5aa-355d37850848" testName="ForEach78802" computerName="MINIAC" duration="00:00:00.0003592" startTime="2011-01-06T09:19:45.8169776+00:00" endTime="2011-01-06T09:19:45.8259781+00:00" testType="13cdc9d9-ddb5-4fa4-a97d-d965ccfc6d4b" outcome="Passed" testListId="8c84fa94-04c1-424b-9868-57a2d4851a1d" relativeResultsDirectory="faa62dd1-012b-4582-8473-cc968f4ae1dc">
    </UnitTestResult>
    <UnitTestResult executionId="5066990f-65fe-49d1-8baf-4c3ae2d0edd1" testId="36c0ac7a-9f37-b952-7a17-2ad1e9132b69" testName="ForEach12504" computerName="MINIAC" duration="00:00:00.0003676" startTime="2011-01-06T09:19:45.8299783+00:00" endTime="2011-01-06T09:19:45.8369787+00:00" testType="13cdc9d9-ddb5-4fa4-a97d-d965ccfc6d4b" outcome="Passed" testListId="8c84fa94-04c1-424b-9868-57a2d4851a1d" relativeResultsDirectory="5066990f-65fe-49d1-8baf-4c3ae2d0edd1">
    </UnitTestResult>
    <UnitTestResult executionId="8417d456-9b22-4548-ace6-58c9464c05df" testId="37c5e788-97a2-ee7f-c1df-5b64dcc3fb4c" testName="As0166002" computerName="MINIAC" duration="00:00:00.0003779" startTime="2011-01-06T09:19:45.8419790+00:00" endTime="2011-01-06T09:19:45.8499795+00:00" testType="13cdc9d9-ddb5-4fa4-a97d-d965ccfc6d4b" outcome="Passed" testListId="8c84fa94-04c1-424b-9868-57a2d4851a1d" relativeResultsDirectory="8417d456-9b22-4548-ace6-58c9464c05df">
    </UnitTestResult>
    <UnitTestResult executionId="88f766eb-b246-4659-942e-86c0a15dea02" testId="382ae704-dd0b-2259-d31c-dfbfb69a1305" testName="UnionAll13601" computerName="MINIAC" duration="00:00:00.0006107" startTime="2011-01-06T09:19:45.8529796+00:00" endTime="2011-01-06T09:19:45.8609801+00:00" testType="13cdc9d9-ddb5-4fa4-a97d-d965ccfc6d4b" outcome="Passed" testListId="8c84fa94-04c1-424b-9868-57a2d4851a1d" relativeResultsDirectory="88f766eb-b246-4659-942e-86c0a15dea02">
    </UnitTestResult>
    <UnitTestResult executionId="933ea1b9-aa33-4058-aca7-b0d0d4f2f6d0" testId="382f1a18-8c5b-b8b8-72e6-323b201ac9b0" testName="ExecutionTime01ThrowsContractException363" computerName="MINIAC" duration="00:00:00.0006238" startTime="2011-01-06T09:19:45.8669804+00:00" endTime="2011-01-06T09:19:45.8749809+00:00" testType="13cdc9d9-ddb5-4fa4-a97d-d965ccfc6d4b" outcome="Passed" testListId="8c84fa94-04c1-424b-9868-57a2d4851a1d" relativeResultsDirectory="933ea1b9-aa33-4058-aca7-b0d0d4f2f6d0">
    </UnitTestResult>
    <UnitTestResult executionId="6377deca-d2ee-492d-b84d-4b4ff0e6941f" testId="389db5b6-ab96-a436-4af4-f75359c85bc2" testName="As0163224" computerName="MINIAC" duration="00:00:00.0005207" startTime="2011-01-06T09:19:45.8789811+00:00" endTime="2011-01-06T09:19:45.8859815+00:00" testType="13cdc9d9-ddb5-4fa4-a97d-d965ccfc6d4b" outcome="Passed" testListId="8c84fa94-04c1-424b-9868-57a2d4851a1d" relativeResultsDirectory="6377deca-d2ee-492d-b84d-4b4ff0e6941f">
    </UnitTestResult>
    <UnitTestResult executionId="1d1881ae-b01c-4d3b-9050-408e234d2ea1" testId="3950117e-1257-8bcc-63aa-35e8e8daf9e2" testName="To463" computerName="MINIAC" duration="00:00:00.0002655" startTime="2011-01-06T09:19:45.8899817+00:00" endTime="2011-01-06T09:19:45.8989823+00:00" testType="13cdc9d9-ddb5-4fa4-a97d-d965ccfc6d4b" outcome="Passed" testListId="8c84fa94-04c1-424b-9868-57a2d4851a1d" relativeResultsDirectory="1d1881ae-b01c-4d3b-9050-408e234d2ea1">
    </UnitTestResult>
    <UnitTestResult executionId="415257da-dd58-4b5b-b106-975e7573403a" testId="39820720-af85-1690-8f39-546deff2b7b4" testName="AsEnumerable0128302" computerName="MINIAC" duration="00:00:00.0005590" startTime="2011-01-06T09:19:45.9079828+00:00" endTime="2011-01-06T09:19:45.9169833+00:00" testType="13cdc9d9-ddb5-4fa4-a97d-d965ccfc6d4b" outcome="Passed" testListId="8c84fa94-04c1-424b-9868-57a2d4851a1d" relativeResultsDirectory="415257da-dd58-4b5b-b106-975e7573403a">
    </UnitTestResult>
    <UnitTestResult executionId="93d34771-0d4a-4eb6-8a07-201d3ce33248" testId="39a24eb5-a45d-f931-6682-86b278494085" testName="Fill0168804" computerName="MINIAC" duration="00:00:00.0020157" startTime="2011-01-06T09:19:45.9199835+00:00" endTime="2011-01-06T09:19:45.9279839+00:00" testType="13cdc9d9-ddb5-4fa4-a97d-d965ccfc6d4b" outcome="Passed" testListId="8c84fa94-04c1-424b-9868-57a2d4851a1d" relativeResultsDirectory="93d34771-0d4a-4eb6-8a07-201d3ce33248">
    </UnitTestResult>
    <UnitTestResult executionId="0f88ecc7-eafb-48c6-9758-03c8827d8584" testId="39d51485-c4b8-96d0-eea4-f4eb3886369b" testName="As21515" computerName="MINIAC" duration="00:00:00.0004647" startTime="2011-01-06T09:19:45.9319841+00:00" endTime="2011-01-06T09:19:45.9409847+00:00" testType="13cdc9d9-ddb5-4fa4-a97d-d965ccfc6d4b" outcome="Passed" testListId="8c84fa94-04c1-424b-9868-57a2d4851a1d" relativeResultsDirectory="0f88ecc7-eafb-48c6-9758-03c8827d8584">
    </UnitTestResult>
    <UnitTestResult executionId="7619c273-e97a-44b8-ac77-210abcc32382" testId="3a633eaa-632f-f936-1d35-4e407b494884" testName="As0163207" computerName="MINIAC" duration="00:00:00.0004054" startTime="2011-01-06T09:19:45.9439848+00:00" endTime="2011-01-06T09:19:45.9519853+00:00" testType="13cdc9d9-ddb5-4fa4-a97d-d965ccfc6d4b" outcome="Passed" testListId="8c84fa94-04c1-424b-9868-57a2d4851a1d" relativeResultsDirectory="7619c273-e97a-44b8-ac77-210abcc32382">
    </UnitTestResult>
    <UnitTestResult executionId="48aa8b82-26b3-42b2-a0ce-40b05d78a26d" testId="3b7492e4-a6c9-f27d-cbcd-b4d711370215" testName="AddThrowsContractException315" computerName="MINIAC" duration="00:00:00.0005520" startTime="2011-01-06T09:19:45.9559855+00:00" endTime="2011-01-06T09:19:45.9639860+00:00" testType="13cdc9d9-ddb5-4fa4-a97d-d965ccfc6d4b" outcome="Passed" testListId="8c84fa94-04c1-424b-9868-57a2d4851a1d" relativeResultsDirectory="48aa8b82-26b3-42b2-a0ce-40b05d78a26d">
    </UnitTestResult>
    <UnitTestResult executionId="11545e61-b5a4-4883-959f-510fde0cf062" testId="3c1d094b-ca29-adfc-cfcd-77289a3cce3f" testName="As0130304" computerName="MINIAC" duration="00:00:00.0004260" startTime="2011-01-06T09:19:45.9689863+00:00" endTime="2011-01-06T09:19:45.9789868+00:00" testType="13cdc9d9-ddb5-4fa4-a97d-d965ccfc6d4b" outcome="Passed" testListId="8c84fa94-04c1-424b-9868-57a2d4851a1d" relativeResultsDirectory="11545e61-b5a4-4883-959f-510fde0cf062">
    </UnitTestResult>
    <UnitTestResult executionId="5251e4b8-098e-47a1-991f-cbd340c35a12" testId="3c579db0-0876-cedf-1e56-2a6de957c366" testName="GetByPercentThrowsContractException15101" computerName="MINIAC" duration="00:00:00.0005865" startTime="2011-01-06T09:19:45.9819870+00:00" endTime="2011-01-06T09:19:45.9899875+00:00" testType="13cdc9d9-ddb5-4fa4-a97d-d965ccfc6d4b" outcome="Passed" testListId="8c84fa94-04c1-424b-9868-57a2d4851a1d" relativeResultsDirectory="5251e4b8-098e-47a1-991f-cbd340c35a12">
    </UnitTestResult>
    <UnitTestResult executionId="1554b964-f82c-4131-a3d9-5f8f2697561d" testId="3ca3afbe-4155-3a78-1581-d034645ac0e9" testName="To04ThrowsContractException193" computerName="MINIAC" duration="00:00:00.0005347" startTime="2011-01-06T09:19:45.9939877+00:00" endTime="2011-01-06T09:19:46.0009881+00:00" testType="13cdc9d9-ddb5-4fa4-a97d-d965ccfc6d4b" outcome="Passed" testListId="8c84fa94-04c1-424b-9868-57a2d4851a1d" relativeResultsDirectory="1554b964-f82c-4131-a3d9-5f8f2697561d">
    </UnitTestResult>
    <UnitTestResult executionId="9bff5f60-4b77-4e89-9abd-247e0fa012fe" testId="3cd342db-3464-b39f-d797-78a5b44d7bab" testName="GetSubRectangles179" computerName="MINIAC" duration="00:00:00.0003709" startTime="2011-01-06T09:19:46.0049883+00:00" endTime="2011-01-06T09:19:46.0119887+00:00" testType="13cdc9d9-ddb5-4fa4-a97d-d965ccfc6d4b" outcome="Passed" testListId="8c84fa94-04c1-424b-9868-57a2d4851a1d" relativeResultsDirectory="9bff5f60-4b77-4e89-9abd-247e0fa012fe">
    </UnitTestResult>
    <UnitTestResult executionId="c4bb8623-c6b7-498c-b4c6-2934eac7fdf2" testId="3cd79fab-d2b4-f532-5d2a-fc7f89f94523" testName="CollatzCount01606" computerName="MINIAC" duration="00:00:00.0004302" startTime="2011-01-06T09:19:46.0169890+00:00" endTime="2011-01-06T09:19:46.0249895+00:00" testType="13cdc9d9-ddb5-4fa4-a97d-d965ccfc6d4b" outcome="Passed" testListId="8c84fa94-04c1-424b-9868-57a2d4851a1d" relativeResultsDirectory="c4bb8623-c6b7-498c-b4c6-2934eac7fdf2">
    </UnitTestResult>
    <UnitTestResult executionId="0339805c-e598-4dc0-8309-ceb0868f3f7e" testId="3d3988d3-9563-f144-e6f1-47341372fdea" testName="As01303" computerName="MINIAC" duration="00:00:00.0004316" startTime="2011-01-06T09:19:46.0299897+00:00" endTime="2011-01-06T09:19:46.0369901+00:00" testType="13cdc9d9-ddb5-4fa4-a97d-d965ccfc6d4b" outcome="Passed" testListId="8c84fa94-04c1-424b-9868-57a2d4851a1d" relativeResultsDirectory="0339805c-e598-4dc0-8309-ceb0868f3f7e">
    </UnitTestResult>
    <UnitTestResult executionId="9d01fdc4-5ce3-439a-b840-790395f41dab" testId="3e37c17d-90fa-e89c-9aa5-d591fc3b0dec" testName="As01367" computerName="MINIAC" duration="00:00:00.0005720" startTime="2011-01-06T09:19:46.0409904+00:00" endTime="2011-01-06T09:19:46.0479908+00:00" testType="13cdc9d9-ddb5-4fa4-a97d-d965ccfc6d4b" outcome="Passed" testListId="8c84fa94-04c1-424b-9868-57a2d4851a1d" relativeResultsDirectory="9d01fdc4-5ce3-439a-b840-790395f41dab">
    </UnitTestResult>
    <UnitTestResult executionId="2478f37c-fc98-4cab-8237-8235e2cbc045" testId="3ee2643e-ead7-691a-f95c-40871a623a07" testName="IterThrowsContractException766" computerName="MINIAC" duration="00:00:00.0005865" startTime="2011-01-06T09:19:46.0509909+00:00" endTime="2011-01-06T09:19:46.0609915+00:00" testType="13cdc9d9-ddb5-4fa4-a97d-d965ccfc6d4b" outcome="Passed" testListId="8c84fa94-04c1-424b-9868-57a2d4851a1d" relativeResultsDirectory="2478f37c-fc98-4cab-8237-8235e2cbc045">
    </UnitTestResult>
    <UnitTestResult executionId="c1fb5615-9c13-4a25-88fc-626dd9fa9f11" testId="3f99a1d3-4dae-8b7d-a361-9ebbf5115b1e" testName="As0163240" computerName="MINIAC" duration="00:00:00.0003994" startTime="2011-01-06T09:19:46.0659918+00:00" endTime="2011-01-06T09:19:46.0739923+00:00" testType="13cdc9d9-ddb5-4fa4-a97d-d965ccfc6d4b" outcome="Passed" testListId="8c84fa94-04c1-424b-9868-57a2d4851a1d" relativeResultsDirectory="c1fb5615-9c13-4a25-88fc-626dd9fa9f11">
    </UnitTestResult>
    <UnitTestResult executionId="56bfded9-7737-4027-a1a7-cb0a8922d265" testId="3febe6f3-67ab-23b3-dd85-d4b7c1206b0c" testName="TakeEvery57301" computerName="MINIAC" duration="00:00:00.0005272" startTime="2011-01-06T09:19:46.0759924+00:00" endTime="2011-01-06T09:19:46.0839928+00:00" testType="13cdc9d9-ddb5-4fa4-a97d-d965ccfc6d4b" outcome="Passed" testListId="8c84fa94-04c1-424b-9868-57a2d4851a1d" relativeResultsDirectory="56bfded9-7737-4027-a1a7-cb0a8922d265">
    </UnitTestResult>
    <UnitTestResult executionId="7ed0ccd5-ac78-4b9b-ab24-6c661600af62" testId="40b13692-f736-7aca-afa5-678a24ba3ffc" testName="As0163219" computerName="MINIAC" duration="00:00:00.0004017" startTime="2011-01-06T09:19:46.0869930+00:00" endTime="2011-01-06T09:19:46.0959935+00:00" testType="13cdc9d9-ddb5-4fa4-a97d-d965ccfc6d4b" outcome="Passed" testListId="8c84fa94-04c1-424b-9868-57a2d4851a1d" relativeResultsDirectory="7ed0ccd5-ac78-4b9b-ab24-6c661600af62">
    </UnitTestResult>
    <UnitTestResult executionId="97fc2755-717c-4c99-b96a-1f67baf1bb7f" testId="40e83519-1225-601d-0c17-661b77e82314" testName="As01404" computerName="MINIAC" duration="00:00:00.0008767" startTime="2011-01-06T09:19:46.0989937+00:00" endTime="2011-01-06T09:19:46.1079942+00:00" testType="13cdc9d9-ddb5-4fa4-a97d-d965ccfc6d4b" outcome="Passed" testListId="8c84fa94-04c1-424b-9868-57a2d4851a1d" relativeResultsDirectory="97fc2755-717c-4c99-b96a-1f67baf1bb7f">
    </UnitTestResult>
    <UnitTestResult executionId="844edd75-2061-4ea3-bf4b-dc71f1eefc62" testId="4183213a-6645-16c2-af8b-e5bfcf7442d8" testName="NullOr90701" computerName="MINIAC" duration="00:00:00.0004404" startTime="2011-01-06T09:19:46.1109944+00:00" endTime="2011-01-06T09:19:46.1179948+00:00" testType="13cdc9d9-ddb5-4fa4-a97d-d965ccfc6d4b" outcome="Passed" testListId="8c84fa94-04c1-424b-9868-57a2d4851a1d" relativeResultsDirectory="844edd75-2061-4ea3-bf4b-dc71f1eefc62">
    </UnitTestResult>
    <UnitTestResult executionId="6ed3b670-5ef4-42ab-988c-70ed13bb79fb" testId="41b53b6b-04c0-c784-5da0-bab31b4fb4d7" testName="ForEach90803" computerName="MINIAC" duration="00:00:00.0006919" startTime="2011-01-06T09:19:46.1229951+00:00" endTime="2011-01-06T09:19:46.1319956+00:00" testType="13cdc9d9-ddb5-4fa4-a97d-d965ccfc6d4b" outcome="Passed" testListId="8c84fa94-04c1-424b-9868-57a2d4851a1d" relativeResultsDirectory="6ed3b670-5ef4-42ab-988c-70ed13bb79fb">
    </UnitTestResult>
    <UnitTestResult executionId="e3ffa0aa-4f77-4c8b-ac81-777d458b2656" testId="42cd3761-649c-3df0-5f4b-fa8aa48d1117" testName="GetByPercent56201" computerName="MINIAC" duration="00:00:00.0003266" startTime="2011-01-06T09:19:46.1349958+00:00" endTime="2011-01-06T09:19:46.1459964+00:00" testType="13cdc9d9-ddb5-4fa4-a97d-d965ccfc6d4b" outcome="Passed" testListId="8c84fa94-04c1-424b-9868-57a2d4851a1d" relativeResultsDirectory="e3ffa0aa-4f77-4c8b-ac81-777d458b2656">
    </UnitTestResult>
    <UnitTestResult executionId="0be76cdf-b9c3-4c0d-80cb-e16ae6b7dbed" testId="42f45f10-504d-0d19-0e58-1ea2105c69e9" testName="AsEnumerable0128301" computerName="MINIAC" duration="00:00:00.0004054" startTime="2011-01-06T09:19:46.1499966+00:00" endTime="2011-01-06T09:19:46.1609972+00:00" testType="13cdc9d9-ddb5-4fa4-a97d-d965ccfc6d4b" outcome="Passed" testListId="8c84fa94-04c1-424b-9868-57a2d4851a1d" relativeResultsDirectory="0be76cdf-b9c3-4c0d-80cb-e16ae6b7dbed">
    </UnitTestResult>
    <UnitTestResult executionId="2d220309-02c5-4d5c-bb80-01aae34a2bd4" testId="43271b50-9462-4bb7-5e78-3783a2d68504" testName="As0198301" computerName="MINIAC" duration="00:00:00.0008650" startTime="2011-01-06T09:19:46.1649975+00:00" endTime="2011-01-06T09:19:46.1729979+00:00" testType="13cdc9d9-ddb5-4fa4-a97d-d965ccfc6d4b" outcome="Passed" testListId="8c84fa94-04c1-424b-9868-57a2d4851a1d" relativeResultsDirectory="2d220309-02c5-4d5c-bb80-01aae34a2bd4">
    </UnitTestResult>
    <UnitTestResult executionId="cc7ed332-483c-4088-8ce7-400b97bb8c45" testId="43b966b3-46a6-2c68-ed24-575462007214" testName="GetEntry195" computerName="MINIAC" duration="00:00:00.0005883" startTime="2011-01-06T09:19:46.1779982+00:00" endTime="2011-01-06T09:19:46.1849986+00:00" testType="13cdc9d9-ddb5-4fa4-a97d-d965ccfc6d4b" outcome="Passed" testListId="8c84fa94-04c1-424b-9868-57a2d4851a1d" relativeResultsDirectory="cc7ed332-483c-4088-8ce7-400b97bb8c45">
    </UnitTestResult>
    <UnitTestResult executionId="bfdcfa40-00ee-4bd0-8fd9-50e04fc6be2a" testId="43ec9cb9-8bbb-8dbf-cdc5-7d3a31acaa9d" testName="As92801" computerName="MINIAC" duration="00:00:00.0004745" startTime="2011-01-06T09:19:46.1879988+00:00" endTime="2011-01-06T09:19:46.1969993+00:00" testType="13cdc9d9-ddb5-4fa4-a97d-d965ccfc6d4b" outcome="Passed" testListId="8c84fa94-04c1-424b-9868-57a2d4851a1d" relativeResultsDirectory="bfdcfa40-00ee-4bd0-8fd9-50e04fc6be2a">
    </UnitTestResult>
    <UnitTestResult executionId="8a55bf57-935c-4f57-a576-d7bb4bac1d13" testId="446e633f-49f1-1108-f723-4032f6b7dd87" testName="CreateRectangleThrowsContractException799" computerName="MINIAC" duration="00:00:00.0014250" startTime="2011-01-06T09:19:46.1999995+00:00" endTime="2011-01-06T09:19:46.2079999+00:00" testType="13cdc9d9-ddb5-4fa4-a97d-d965ccfc6d4b" outcome="Passed" testListId="8c84fa94-04c1-424b-9868-57a2d4851a1d" relativeResultsDirectory="8a55bf57-935c-4f57-a576-d7bb4bac1d13">
    </UnitTestResult>
    <UnitTestResult executionId="26cb9202-694a-469a-80a7-59c5a0f03c92" testId="44ddd54b-7a43-e4f9-ebb3-b78badce4585" testName="As21517" computerName="MINIAC" duration="00:00:00.0005799" startTime="2011-01-06T09:19:46.2140003+00:00" endTime="2011-01-06T09:19:46.2210007+00:00" testType="13cdc9d9-ddb5-4fa4-a97d-d965ccfc6d4b" outcome="Passed" testListId="8c84fa94-04c1-424b-9868-57a2d4851a1d" relativeResultsDirectory="26cb9202-694a-469a-80a7-59c5a0f03c92">
    </UnitTestResult>
    <UnitTestResult executionId="af1f8a8d-3608-4a53-b904-d0f3f845b2f0" testId="466bff3f-4c8e-a9c1-50f6-91ffeb15d3a1" testName="As0163231" computerName="MINIAC" duration="00:00:00.0003746" startTime="2011-01-06T09:19:46.2250009+00:00" endTime="2011-01-06T09:19:46.2320013+00:00" testType="13cdc9d9-ddb5-4fa4-a97d-d965ccfc6d4b" outcome="Passed" testListId="8c84fa94-04c1-424b-9868-57a2d4851a1d" relativeResultsDirectory="af1f8a8d-3608-4a53-b904-d0f3f845b2f0">
    </UnitTestResult>
    <UnitTestResult executionId="f1d52562-f399-4ce4-95d2-82d92e2cc654" testId="46ca0fd9-03e1-55e3-3ad7-b4625d8d07c0" testName="IfNotNull17302" computerName="MINIAC" duration="00:00:00.0003284" startTime="2011-01-06T09:19:46.2360015+00:00" endTime="2011-01-06T09:19:46.2440020+00:00" testType="13cdc9d9-ddb5-4fa4-a97d-d965ccfc6d4b" outcome="Passed" testListId="8c84fa94-04c1-424b-9868-57a2d4851a1d" relativeResultsDirectory="f1d52562-f399-4ce4-95d2-82d92e2cc654">
    </UnitTestResult>
    <UnitTestResult executionId="3e59e078-b3dc-4350-923d-2ae3005495ec" testId="46f11c29-0946-1ee3-1afe-afb72995b905" testName="IfNotNull01923" computerName="MINIAC" duration="00:00:00.0003751" startTime="2011-01-06T09:19:46.2480022+00:00" endTime="2011-01-06T09:19:46.2570027+00:00" testType="13cdc9d9-ddb5-4fa4-a97d-d965ccfc6d4b" outcome="Passed" testListId="8c84fa94-04c1-424b-9868-57a2d4851a1d" relativeResultsDirectory="3e59e078-b3dc-4350-923d-2ae3005495ec">
    </UnitTestResult>
    <UnitTestResult executionId="0992c538-1f76-4370-85ee-3ffdf097fde8" testId="473a2b39-cb44-1d62-3c12-9fd92e3b377f" testName="As0163222" computerName="MINIAC" duration="00:00:00.0020143" startTime="2011-01-06T09:19:46.2600029+00:00" endTime="2011-01-06T09:19:46.2680034+00:00" testType="13cdc9d9-ddb5-4fa4-a97d-d965ccfc6d4b" outcome="Passed" testListId="8c84fa94-04c1-424b-9868-57a2d4851a1d" relativeResultsDirectory="0992c538-1f76-4370-85ee-3ffdf097fde8">
    </UnitTestResult>
    <UnitTestResult executionId="6eca921e-fe28-408b-834f-a80545c83841" testId="4796da93-05be-09dc-4928-16eafddcfcc3" testName="As0163203" computerName="MINIAC" duration="00:00:00.0004106" startTime="2011-01-06T09:19:46.2710035+00:00" endTime="2011-01-06T09:19:46.2790040+00:00" testType="13cdc9d9-ddb5-4fa4-a97d-d965ccfc6d4b" outcome="Passed" testListId="8c84fa94-04c1-424b-9868-57a2d4851a1d" relativeResultsDirectory="6eca921e-fe28-408b-834f-a80545c83841">
    </UnitTestResult>
    <UnitTestResult executionId="ad0bddaf-9e2a-47ac-9bb8-55bef590356f" testId="4828b82d-197c-d38d-1052-fb24855ec6ae" testName="UnionAll02ThrowsContractException669" computerName="MINIAC" duration="00:00:00.0025813" startTime="2011-01-06T09:19:46.2810041+00:00" endTime="2011-01-06T09:19:46.2910047+00:00" testType="13cdc9d9-ddb5-4fa4-a97d-d965ccfc6d4b" outcome="Passed" testListId="8c84fa94-04c1-424b-9868-57a2d4851a1d" relativeResultsDirectory="ad0bddaf-9e2a-47ac-9bb8-55bef590356f">
    </UnitTestResult>
    <UnitTestResult executionId="82bcf7ea-0773-4b8d-9838-8e3e35b8f2c1" testId="48745f52-01da-5495-8edc-495e0a033ca1" testName="As0163205" computerName="MINIAC" duration="00:00:00.0003886" startTime="2011-01-06T09:19:46.2970050+00:00" endTime="2011-01-06T09:19:46.3040054+00:00" testType="13cdc9d9-ddb5-4fa4-a97d-d965ccfc6d4b" outcome="Passed" testListId="8c84fa94-04c1-424b-9868-57a2d4851a1d" relativeResultsDirectory="82bcf7ea-0773-4b8d-9838-8e3e35b8f2c1">
    </UnitTestResult>
    <UnitTestResult executionId="c3751985-5978-4abb-af23-6757c15117a6" testId="49aa9228-e307-ef3c-566e-386137588923" testName="IfNotNull0192301" computerName="MINIAC" duration="00:00:00.0003513" startTime="2011-01-06T09:19:46.3080056+00:00" endTime="2011-01-06T09:19:46.3160061+00:00" testType="13cdc9d9-ddb5-4fa4-a97d-d965ccfc6d4b" outcome="Passed" testListId="8c84fa94-04c1-424b-9868-57a2d4851a1d" relativeResultsDirectory="c3751985-5978-4abb-af23-6757c15117a6">
    </UnitTestResult>
    <UnitTestResult executionId="31608480-fdec-423a-859f-37facef9e49e" testId="49b4e1b0-9a60-f1f3-7d8e-e1f63ecc7d50" testName="UnionAll02ThrowsContractException903" computerName="MINIAC" duration="00:00:00.0014553" startTime="2011-01-06T09:19:46.3200063+00:00" endTime="2011-01-06T09:19:46.3280068+00:00" testType="13cdc9d9-ddb5-4fa4-a97d-d965ccfc6d4b" outcome="Passed" testListId="8c84fa94-04c1-424b-9868-57a2d4851a1d" relativeResultsDirectory="31608480-fdec-423a-859f-37facef9e49e">
    </UnitTestResult>
    <UnitTestResult executionId="ba857de9-043d-4556-bcdf-2271a4a87df3" testId="4a5ccd91-8853-f0cc-c6d0-af1603a36ab2" testName="As0166001" computerName="MINIAC" duration="00:00:00.0003914" startTime="2011-01-06T09:19:46.3310070+00:00" endTime="2011-01-06T09:19:46.3400075+00:00" testType="13cdc9d9-ddb5-4fa4-a97d-d965ccfc6d4b" outcome="Passed" testListId="8c84fa94-04c1-424b-9868-57a2d4851a1d" relativeResultsDirectory="ba857de9-043d-4556-bcdf-2271a4a87df3">
    </UnitTestResult>
    <UnitTestResult executionId="f4f735d0-050d-4ad0-bec1-bc732cc98da2" testId="4a6ab862-71b2-27a3-9da1-313f7454d29c" testName="Shuffle521" computerName="MINIAC" duration="00:00:00.0355633" startTime="2011-01-06T09:19:46.3420076+00:00" endTime="2011-01-06T09:19:46.3840100+00:00" testType="13cdc9d9-ddb5-4fa4-a97d-d965ccfc6d4b" outcome="Passed" testListId="8c84fa94-04c1-424b-9868-57a2d4851a1d" relativeResultsDirectory="f4f735d0-050d-4ad0-bec1-bc732cc98da2">
    </UnitTestResult>
    <UnitTestResult executionId="c63d1ab2-7319-4cd0-95c4-67796e5a9a4e" testId="4c1abec7-91f0-7672-2e0f-302cf26fbd1a" testName="As0166403" computerName="MINIAC" duration="00:00:00.0025677" startTime="2011-01-06T09:19:46.3870102+00:00" endTime="2011-01-06T09:19:46.3980108+00:00" testType="13cdc9d9-ddb5-4fa4-a97d-d965ccfc6d4b" outcome="Passed" testListId="8c84fa94-04c1-424b-9868-57a2d4851a1d" relativeResultsDirectory="c63d1ab2-7319-4cd0-95c4-67796e5a9a4e">
    </UnitTestResult>
    <UnitTestResult executionId="0e6bea6d-a648-48dd-962a-8c6ff34a3914" testId="4c766330-2a1a-c11f-5958-fa0e45c2a866" testName="UnionAll0233901" computerName="MINIAC" duration="00:00:00.0005767" startTime="2011-01-06T09:19:46.4020110+00:00" endTime="2011-01-06T09:19:46.4120116+00:00" testType="13cdc9d9-ddb5-4fa4-a97d-d965ccfc6d4b" outcome="Passed" testListId="8c84fa94-04c1-424b-9868-57a2d4851a1d" relativeResultsDirectory="0e6bea6d-a648-48dd-962a-8c6ff34a3914">
    </UnitTestResult>
    <UnitTestResult executionId="4d8846eb-cbe9-4e03-95e1-2c1b38f96fe0" testId="4d41008a-7d5b-c195-89ca-25e2bba2803d" testName="NullOr71404" computerName="MINIAC" duration="00:00:00.0097134" startTime="2011-01-06T09:19:46.4140117+00:00" endTime="2011-01-06T09:19:46.4310127+00:00" testType="13cdc9d9-ddb5-4fa4-a97d-d965ccfc6d4b" outcome="Passed" testListId="8c84fa94-04c1-424b-9868-57a2d4851a1d" relativeResultsDirectory="4d8846eb-cbe9-4e03-95e1-2c1b38f96fe0">
    </UnitTestResult>
    <UnitTestResult executionId="1312cf31-4cb1-453f-8581-d50c11328669" testId="4f308a7f-5339-1197-c196-e8c2a3294cdb" testName="AsEnumerable0258803" computerName="MINIAC" duration="00:00:00.0005282" startTime="2011-01-06T09:19:46.4340129+00:00" endTime="2011-01-06T09:19:46.4430134+00:00" testType="13cdc9d9-ddb5-4fa4-a97d-d965ccfc6d4b" outcome="Passed" testListId="8c84fa94-04c1-424b-9868-57a2d4851a1d" relativeResultsDirectory="1312cf31-4cb1-453f-8581-d50c11328669">
    </UnitTestResult>
    <UnitTestResult executionId="033f2e0a-41cb-4afb-9b7d-0361da03d9a4" testId="4fbb91c1-c965-1543-022c-12856d2ae5ad" testName="As0163243" computerName="MINIAC" duration="00:00:00.0003784" startTime="2011-01-06T09:19:46.4460135+00:00" endTime="2011-01-06T09:19:46.4560141+00:00" testType="13cdc9d9-ddb5-4fa4-a97d-d965ccfc6d4b" outcome="Passed" testListId="8c84fa94-04c1-424b-9868-57a2d4851a1d" relativeResultsDirectory="033f2e0a-41cb-4afb-9b7d-0361da03d9a4">
    </UnitTestResult>
    <UnitTestResult executionId="48c20fc4-6a23-47d4-a183-e2e77ce25ab4" testId="51819a1f-c4ce-ae98-f248-c4cc70983131" testName="SubarrayThrowsContractException966" computerName="MINIAC" duration="00:00:00.0005590" startTime="2011-01-06T09:19:46.4590143+00:00" endTime="2011-01-06T09:19:46.4670147+00:00" testType="13cdc9d9-ddb5-4fa4-a97d-d965ccfc6d4b" outcome="Passed" testListId="8c84fa94-04c1-424b-9868-57a2d4851a1d" relativeResultsDirectory="48c20fc4-6a23-47d4-a183-e2e77ce25ab4">
    </UnitTestResult>
    <UnitTestResult executionId="4bda07d2-4ada-4921-b9f5-df1d2a2ca58e" testId="530e9426-a117-1e44-3c23-eb9bc838bd65" testName="DequeueThrowsContractException38" computerName="MINIAC" duration="00:00:00.0017222" startTime="2011-01-06T09:19:46.4710150+00:00" endTime="2011-01-06T09:19:46.4800155+00:00" testType="13cdc9d9-ddb5-4fa4-a97d-d965ccfc6d4b" outcome="Passed" testListId="8c84fa94-04c1-424b-9868-57a2d4851a1d" relativeResultsDirectory="4bda07d2-4ada-4921-b9f5-df1d2a2ca58e">
    </UnitTestResult>
    <UnitTestResult executionId="e12ab339-fc78-4e89-ac9d-987efcf0096b" testId="536b6a19-3a08-b70f-2e38-9f6c85ff083a" testName="ReadLinesFromConsole864" computerName="MINIAC" duration="00:00:00.0020586" startTime="2011-01-06T09:19:46.4820156+00:00" endTime="2011-01-06T09:19:46.4920162+00:00" testType="13cdc9d9-ddb5-4fa4-a97d-d965ccfc6d4b" outcome="Passed" testListId="8c84fa94-04c1-424b-9868-57a2d4851a1d" relativeResultsDirectory="e12ab339-fc78-4e89-ac9d-987efcf0096b">
    </UnitTestResult>
    <UnitTestResult executionId="e998dd99-6d31-47a7-bac5-f4ceca00dcd1" testId="53857a93-24c6-17ef-97dc-e0adc3a32915" testName="Bound01232" computerName="MINIAC" duration="00:00:00.0003452" startTime="2011-01-06T09:19:46.4960164+00:00" endTime="2011-01-06T09:19:46.5030168+00:00" testType="13cdc9d9-ddb5-4fa4-a97d-d965ccfc6d4b" outcome="Passed" testListId="8c84fa94-04c1-424b-9868-57a2d4851a1d" relativeResultsDirectory="e998dd99-6d31-47a7-bac5-f4ceca00dcd1">
    </UnitTestResult>
    <UnitTestResult executionId="87a3ce94-f124-47ba-8244-edd378013982" testId="54a905e4-23d3-6e8d-704d-1df818e276e2" testName="If7901" computerName="MINIAC" duration="00:00:00.0003247" startTime="2011-01-06T09:19:46.5050169+00:00" endTime="2011-01-06T09:19:46.5130174+00:00" testType="13cdc9d9-ddb5-4fa4-a97d-d965ccfc6d4b" outcome="Passed" testListId="8c84fa94-04c1-424b-9868-57a2d4851a1d" relativeResultsDirectory="87a3ce94-f124-47ba-8244-edd378013982">
    </UnitTestResult>
    <UnitTestResult executionId="13039d9d-cbf7-4fc2-9e56-d6b4331fa19e" testId="54c53908-aa18-b805-dfbf-38b92f93913c" testName="GenerateThrowsContractException133" computerName="MINIAC" duration="00:00:00.0007157" startTime="2011-01-06T09:19:46.5160175+00:00" endTime="2011-01-06T09:19:46.5240180+00:00" testType="13cdc9d9-ddb5-4fa4-a97d-d965ccfc6d4b" outcome="Passed" testListId="8c84fa94-04c1-424b-9868-57a2d4851a1d" relativeResultsDirectory="13039d9d-cbf7-4fc2-9e56-d6b4331fa19e">
    </UnitTestResult>
    <UnitTestResult executionId="c57da31c-edb2-428c-a3a5-4333730abb65" testId="54dfb2f2-edab-6914-c734-746381ef028e" testName="Times25801" computerName="MINIAC" duration="00:00:00.0023391" startTime="2011-01-06T09:19:46.5280182+00:00" endTime="2011-01-06T09:19:46.5380188+00:00" testType="13cdc9d9-ddb5-4fa4-a97d-d965ccfc6d4b" outcome="Passed" testListId="8c84fa94-04c1-424b-9868-57a2d4851a1d" relativeResultsDirectory="c57da31c-edb2-428c-a3a5-4333730abb65">
    </UnitTestResult>
    <UnitTestResult executionId="99681d3e-d3f9-495e-87be-f511d552c7fb" testId="5514446b-a7eb-a40a-85ab-240a248bba2a" testName="To01637" computerName="MINIAC" duration="00:00:00.0003088" startTime="2011-01-06T09:19:46.5400189+00:00" endTime="2011-01-06T09:19:46.5480194+00:00" testType="13cdc9d9-ddb5-4fa4-a97d-d965ccfc6d4b" outcome="Passed" testListId="8c84fa94-04c1-424b-9868-57a2d4851a1d" relativeResultsDirectory="99681d3e-d3f9-495e-87be-f511d552c7fb">
    </UnitTestResult>
    <UnitTestResult executionId="b46c381f-28c2-4e39-869a-24d8e03061bb" testId="559ad5fd-9c89-3fab-e602-368a88629e35" testName="As0163221" computerName="MINIAC" duration="00:00:00.0004124" startTime="2011-01-06T09:19:46.5500195+00:00" endTime="2011-01-06T09:19:46.5580199+00:00" testType="13cdc9d9-ddb5-4fa4-a97d-d965ccfc6d4b" outcome="Passed" testListId="8c84fa94-04c1-424b-9868-57a2d4851a1d" relativeResultsDirectory="b46c381f-28c2-4e39-869a-24d8e03061bb">
    </UnitTestResult>
    <UnitTestResult executionId="7f6bb722-b279-4918-9006-a9b46ac0e3ec" testId="56fc1a57-6e5c-088b-8f95-88d9f697c097" testName="NullOr71402" computerName="MINIAC" duration="00:00:00.0004782" startTime="2011-01-06T09:19:46.5640203+00:00" endTime="2011-01-06T09:19:46.5710207+00:00" testType="13cdc9d9-ddb5-4fa4-a97d-d965ccfc6d4b" outcome="Passed" testListId="8c84fa94-04c1-424b-9868-57a2d4851a1d" relativeResultsDirectory="7f6bb722-b279-4918-9006-a9b46ac0e3ec">
    </UnitTestResult>
    <UnitTestResult executionId="ded4bd8d-89b0-4f29-8631-45432e61d80a" testId="583a3c4e-73f0-f6e0-0816-cbe45229841d" testName="AsEnumerable56001" computerName="MINIAC" duration="00:00:00.0003700" startTime="2011-01-06T09:19:46.5730208+00:00" endTime="2011-01-06T09:19:46.5830214+00:00" testType="13cdc9d9-ddb5-4fa4-a97d-d965ccfc6d4b" outcome="Passed" testListId="8c84fa94-04c1-424b-9868-57a2d4851a1d" relativeResultsDirectory="ded4bd8d-89b0-4f29-8631-45432e61d80a">
    </UnitTestResult>
    <UnitTestResult executionId="1c68818b-bdcc-44d8-899f-9dcdeb5d2f23" testId="585eea8b-8fa4-71e8-9d43-5274aef9fa35" testName="As21520" computerName="MINIAC" duration="00:00:00.0007447" startTime="2011-01-06T09:19:46.5860216+00:00" endTime="2011-01-06T09:19:46.5940220+00:00" testType="13cdc9d9-ddb5-4fa4-a97d-d965ccfc6d4b" outcome="Passed" testListId="8c84fa94-04c1-424b-9868-57a2d4851a1d" relativeResultsDirectory="1c68818b-bdcc-44d8-899f-9dcdeb5d2f23">
    </UnitTestResult>
    <UnitTestResult executionId="c542cc14-9811-41a6-8036-40d54692d959" testId="59990ab9-8064-95a7-969b-da2dc269c717" testName="ToDictionaryThrowsContractException478" computerName="MINIAC" duration="00:00:00.0042489" startTime="2011-01-06T09:19:46.5960221+00:00" endTime="2011-01-06T09:19:46.6070228+00:00" testType="13cdc9d9-ddb5-4fa4-a97d-d965ccfc6d4b" outcome="Passed" testListId="8c84fa94-04c1-424b-9868-57a2d4851a1d" relativeResultsDirectory="c542cc14-9811-41a6-8036-40d54692d959">
    </UnitTestResult>
    <UnitTestResult executionId="33a6cdcc-a546-4d00-9019-902cbbb5ef6b" testId="5aba0e57-1e97-6240-5ce7-34738ec9892e" testName="As0163202" computerName="MINIAC" duration="00:00:00.0004274" startTime="2011-01-06T09:19:46.6120230+00:00" endTime="2011-01-06T09:19:46.6200235+00:00" testType="13cdc9d9-ddb5-4fa4-a97d-d965ccfc6d4b" outcome="Passed" testListId="8c84fa94-04c1-424b-9868-57a2d4851a1d" relativeResultsDirectory="33a6cdcc-a546-4d00-9019-902cbbb5ef6b">
    </UnitTestResult>
    <UnitTestResult executionId="786d3788-6316-4435-be95-bb29f8a0b009" testId="5b905b9d-179c-2930-2f2f-ad7751aea174" testName="As01401" computerName="MINIAC" duration="00:00:00.0005813" startTime="2011-01-06T09:19:46.6240237+00:00" endTime="2011-01-06T09:19:46.6320242+00:00" testType="13cdc9d9-ddb5-4fa4-a97d-d965ccfc6d4b" outcome="Passed" testListId="8c84fa94-04c1-424b-9868-57a2d4851a1d" relativeResultsDirectory="786d3788-6316-4435-be95-bb29f8a0b009">
    </UnitTestResult>
    <UnitTestResult executionId="9e8f2e7b-a624-432b-a21b-63df35dded8e" testId="5bc8e954-9533-694e-e2d2-b1683e15a646" testName="ForEachThrowsContractException917" computerName="MINIAC" duration="00:00:00.0005860" startTime="2011-01-06T09:19:46.6360244+00:00" endTime="2011-01-06T09:19:46.6430248+00:00" testType="13cdc9d9-ddb5-4fa4-a97d-d965ccfc6d4b" outcome="Passed" testListId="8c84fa94-04c1-424b-9868-57a2d4851a1d" relativeResultsDirectory="9e8f2e7b-a624-432b-a21b-63df35dded8e">
    </UnitTestResult>
    <UnitTestResult executionId="2693be96-f4c0-4cb5-89cc-6374cb04c447" testId="5c94f4eb-6c23-cce6-4e00-2079c09ad7c7" testName="NextBoolThrowsContractException356" computerName="MINIAC" duration="00:00:00.0010116" startTime="2011-01-06T09:19:46.6460250+00:00" endTime="2011-01-06T09:19:46.6560256+00:00" testType="13cdc9d9-ddb5-4fa4-a97d-d965ccfc6d4b" outcome="Passed" testListId="8c84fa94-04c1-424b-9868-57a2d4851a1d" relativeResultsDirectory="2693be96-f4c0-4cb5-89cc-6374cb04c447">
    </UnitTestResult>
    <UnitTestResult executionId="f5e1ddfc-3782-4f9e-b13a-bd68619ca70e" testId="5d3e9240-0aab-ea59-1a14-d23dae50d829" testName="NextStringThrowsContractException707" computerName="MINIAC" duration="00:00:00.0010116" startTime="2011-01-06T09:19:46.6590257+00:00" endTime="2011-01-06T09:19:46.6680262+00:00" testType="13cdc9d9-ddb5-4fa4-a97d-d965ccfc6d4b" outcome="Passed" testListId="8c84fa94-04c1-424b-9868-57a2d4851a1d" relativeResultsDirectory="f5e1ddfc-3782-4f9e-b13a-bd68619ca70e">
    </UnitTestResult>
    <UnitTestResult executionId="de3a9314-c626-449a-baa1-5a995e6b1ca9" testId="5d4547ce-a6eb-4a5d-11b5-fd4fb3f2b4c4" testName="IfNotNull17304" computerName="MINIAC" duration="00:00:00.0003630" startTime="2011-01-06T09:19:46.6720265+00:00" endTime="2011-01-06T09:19:46.6790269+00:00" testType="13cdc9d9-ddb5-4fa4-a97d-d965ccfc6d4b" outcome="Passed" testListId="8c84fa94-04c1-424b-9868-57a2d4851a1d" relativeResultsDirectory="de3a9314-c626-449a-baa1-5a995e6b1ca9">
    </UnitTestResult>
    <UnitTestResult executionId="c24d6704-b7f3-4218-b497-67be33034aaa" testId="5d663026-8403-d8b3-571f-dbc623bc2b0e" testName="As0163242" computerName="MINIAC" duration="00:00:00.0005170" startTime="2011-01-06T09:19:46.6820270+00:00" endTime="2011-01-06T09:19:46.6900275+00:00" testType="13cdc9d9-ddb5-4fa4-a97d-d965ccfc6d4b" outcome="Passed" testListId="8c84fa94-04c1-424b-9868-57a2d4851a1d" relativeResultsDirectory="c24d6704-b7f3-4218-b497-67be33034aaa">
    </UnitTestResult>
    <UnitTestResult executionId="7116f3af-1957-48e6-bfa2-22e58fd677e8" testId="5f0a5483-d074-35b1-500e-1196c2881235" testName="Enqueue74301" computerName="MINIAC" duration="00:00:00.0010092" startTime="2011-01-06T09:19:46.6930277+00:00" endTime="2011-01-06T09:19:46.7040283+00:00" testType="13cdc9d9-ddb5-4fa4-a97d-d965ccfc6d4b" outcome="Passed" testListId="8c84fa94-04c1-424b-9868-57a2d4851a1d" relativeResultsDirectory="7116f3af-1957-48e6-bfa2-22e58fd677e8">
    </UnitTestResult>
    <UnitTestResult executionId="474e020c-7cdb-4f74-934c-b271d60f656f" testId="5f6c8af1-2825-3c27-b802-e1be0e1eeb12" testName="Iter96001" computerName="MINIAC" duration="00:00:00.0004815" startTime="2011-01-06T09:19:46.7060284+00:00" endTime="2011-01-06T09:19:46.7260296+00:00" testType="13cdc9d9-ddb5-4fa4-a97d-d965ccfc6d4b" outcome="Passed" testListId="8c84fa94-04c1-424b-9868-57a2d4851a1d" relativeResultsDirectory="474e020c-7cdb-4f74-934c-b271d60f656f">
    </UnitTestResult>
    <UnitTestResult executionId="274cc42a-f8b7-4652-bfb1-ca5002f6bc0e" testId="5fca3757-7a2b-c50a-d1ee-768afad2bd70" testName="As21512" computerName="MINIAC" duration="00:00:00.0012668" startTime="2011-01-06T09:19:46.7280297+00:00" endTime="2011-01-06T09:19:46.7440306+00:00" testType="13cdc9d9-ddb5-4fa4-a97d-d965ccfc6d4b" outcome="Passed" testListId="8c84fa94-04c1-424b-9868-57a2d4851a1d" relativeResultsDirectory="274cc42a-f8b7-4652-bfb1-ca5002f6bc0e">
    </UnitTestResult>
    <UnitTestResult executionId="c0ab4860-0c6a-414a-89cc-604d231ccea5" testId="5fdc84ef-63cf-5a14-fe7e-7e23560c2d19" testName="ItemGetThrowsContractException130" computerName="MINIAC" duration="00:00:00.0025416" startTime="2011-01-06T09:19:46.7480308+00:00" endTime="2011-01-06T09:19:46.7580314+00:00" testType="13cdc9d9-ddb5-4fa4-a97d-d965ccfc6d4b" outcome="Passed" testListId="8c84fa94-04c1-424b-9868-57a2d4851a1d" relativeResultsDirectory="c0ab4860-0c6a-414a-89cc-604d231ccea5">
    </UnitTestResult>
    <UnitTestResult executionId="0ac78d78-67fa-4f3d-909b-906fac35db42" testId="601f589a-42f0-a91d-7641-c0a8eea06f45" testName="IsIn0157001" computerName="MINIAC" duration="00:00:00.0014371" startTime="2011-01-06T09:19:46.7620316+00:00" endTime="2011-01-06T09:19:46.7700321+00:00" testType="13cdc9d9-ddb5-4fa4-a97d-d965ccfc6d4b" outcome="Passed" testListId="8c84fa94-04c1-424b-9868-57a2d4851a1d" relativeResultsDirectory="0ac78d78-67fa-4f3d-909b-906fac35db42">
    </UnitTestResult>
    <UnitTestResult executionId="8440299b-6a6c-4e68-9be8-87fb894fd2b6" testId="603d3527-31ad-433b-f22d-64c8d067b62d" testName="NullOr90704" computerName="MINIAC" duration="00:00:00.0004353" startTime="2011-01-06T09:19:46.7730322+00:00" endTime="2011-01-06T09:19:46.7830328+00:00" testType="13cdc9d9-ddb5-4fa4-a97d-d965ccfc6d4b" outcome="Passed" testListId="8c84fa94-04c1-424b-9868-57a2d4851a1d" relativeResultsDirectory="8440299b-6a6c-4e68-9be8-87fb894fd2b6">
    </UnitTestResult>
    <UnitTestResult executionId="2422c599-ca8a-4b4f-b61b-cf4d5606eb6d" testId="60d45e5d-fc73-853e-dfaf-76f19b246053" testName="Shuffle632" computerName="MINIAC" duration="00:00:00.0003830" startTime="2011-01-06T09:19:46.7870330+00:00" endTime="2011-01-06T09:19:46.7950335+00:00" testType="13cdc9d9-ddb5-4fa4-a97d-d965ccfc6d4b" outcome="Passed" testListId="8c84fa94-04c1-424b-9868-57a2d4851a1d" relativeResultsDirectory="2422c599-ca8a-4b4f-b61b-cf4d5606eb6d">
    </UnitTestResult>
    <UnitTestResult executionId="05f08a51-8b3c-478e-8196-41f5a0654467" testId="619cbe95-853c-eb3c-526b-15e254b297ac" testName="GetSubRectangles932" computerName="MINIAC" duration="00:00:00.0003457" startTime="2011-01-06T09:19:46.7970336+00:00" endTime="2011-01-06T09:19:46.8050341+00:00" testType="13cdc9d9-ddb5-4fa4-a97d-d965ccfc6d4b" outcome="Passed" testListId="8c84fa94-04c1-424b-9868-57a2d4851a1d" relativeResultsDirectory="05f08a51-8b3c-478e-8196-41f5a0654467">
    </UnitTestResult>
    <UnitTestResult executionId="4a90c889-aa4a-441e-b71e-f538477f15e9" testId="61f7685b-d775-dd59-8bb8-b9d96ff30e56" testName="ToString01827" computerName="MINIAC" duration="00:00:00.0006681" startTime="2011-01-06T09:19:46.8110344+00:00" endTime="2011-01-06T09:19:46.8190349+00:00" testType="13cdc9d9-ddb5-4fa4-a97d-d965ccfc6d4b" outcome="Passed" testListId="8c84fa94-04c1-424b-9868-57a2d4851a1d" relativeResultsDirectory="4a90c889-aa4a-441e-b71e-f538477f15e9">
    </UnitTestResult>
    <UnitTestResult executionId="2940e7c6-3846-4b3f-b3eb-1d68bd4a3866" testId="640310df-d648-7294-c434-32af677c30c3" testName="UnionAll0135501" computerName="MINIAC" duration="00:00:00.0029923" startTime="2011-01-06T09:19:46.8220351+00:00" endTime="2011-01-06T09:19:46.8320356+00:00" testType="13cdc9d9-ddb5-4fa4-a97d-d965ccfc6d4b" outcome="Passed" testListId="8c84fa94-04c1-424b-9868-57a2d4851a1d" relativeResultsDirectory="2940e7c6-3846-4b3f-b3eb-1d68bd4a3866">
    </UnitTestResult>
    <UnitTestResult executionId="b6229de3-6b9c-4388-910d-3a607bbecdb8" testId="644c941d-d40b-5655-7852-107ffef9acae" testName="Subarray305" computerName="MINIAC" duration="00:00:00.0007209" startTime="2011-01-06T09:19:46.8360359+00:00" endTime="2011-01-06T09:19:46.8440363+00:00" testType="13cdc9d9-ddb5-4fa4-a97d-d965ccfc6d4b" outcome="Passed" testListId="8c84fa94-04c1-424b-9868-57a2d4851a1d" relativeResultsDirectory="b6229de3-6b9c-4388-910d-3a607bbecdb8">
    </UnitTestResult>
    <UnitTestResult executionId="b7b4e02b-dc32-49ed-9635-9a23003b6733" testId="65b9de14-2a45-8bd0-c8b6-6b756e114724" testName="Execute42401" computerName="MINIAC" duration="00:00:00.0003868" startTime="2011-01-06T09:19:46.8460364+00:00" endTime="2011-01-06T09:19:46.8540369+00:00" testType="13cdc9d9-ddb5-4fa4-a97d-d965ccfc6d4b" outcome="Passed" testListId="8c84fa94-04c1-424b-9868-57a2d4851a1d" relativeResultsDirectory="b7b4e02b-dc32-49ed-9635-9a23003b6733">
    </UnitTestResult>
    <UnitTestResult executionId="1bd7f9b0-e74b-4ae2-8807-ec759a8c1751" testId="67a4c730-5c5c-6d36-4a1d-33cc4b179e29" testName="IsIn3401" computerName="MINIAC" duration="00:00:00.0003924" startTime="2011-01-06T09:19:46.8580371+00:00" endTime="2011-01-06T09:19:46.8670376+00:00" testType="13cdc9d9-ddb5-4fa4-a97d-d965ccfc6d4b" outcome="Passed" testListId="8c84fa94-04c1-424b-9868-57a2d4851a1d" relativeResultsDirectory="1bd7f9b0-e74b-4ae2-8807-ec759a8c1751">
    </UnitTestResult>
    <UnitTestResult executionId="dd9dfd46-481a-44a8-8f3a-31fa47c4f5a1" testId="67dbcc00-13e5-f7dc-2520-6969d91ffbbc" testName="As21511" computerName="MINIAC" duration="00:00:00.0004572" startTime="2011-01-06T09:19:46.8700378+00:00" endTime="2011-01-06T09:19:46.8780383+00:00" testType="13cdc9d9-ddb5-4fa4-a97d-d965ccfc6d4b" outcome="Passed" testListId="8c84fa94-04c1-424b-9868-57a2d4851a1d" relativeResultsDirectory="dd9dfd46-481a-44a8-8f3a-31fa47c4f5a1">
    </UnitTestResult>
    <UnitTestResult executionId="9d8c1b76-9369-4eac-ac53-1671b1d084ea" testId="69d4fcec-3787-b518-9138-fc65c3d09ecc" testName="IfNotNull47701" computerName="MINIAC" duration="00:00:00.0003966" startTime="2011-01-06T09:19:46.8800384+00:00" endTime="2011-01-06T09:19:46.8890389+00:00" testType="13cdc9d9-ddb5-4fa4-a97d-d965ccfc6d4b" outcome="Passed" testListId="8c84fa94-04c1-424b-9868-57a2d4851a1d" relativeResultsDirectory="9d8c1b76-9369-4eac-ac53-1671b1d084ea">
    </UnitTestResult>
    <UnitTestResult executionId="3bb2b080-5bbd-490a-abc1-6315c5dc4984" testId="6b5ea87c-ca8e-cd07-2a54-53cd363577f8" testName="ToDictionary65201" computerName="MINIAC" duration="00:00:00.0008086" startTime="2011-01-06T09:19:46.8910390+00:00" endTime="2011-01-06T09:19:46.9010396+00:00" testType="13cdc9d9-ddb5-4fa4-a97d-d965ccfc6d4b" outcome="Passed" testListId="8c84fa94-04c1-424b-9868-57a2d4851a1d" relativeResultsDirectory="3bb2b080-5bbd-490a-abc1-6315c5dc4984">
    </UnitTestResult>
    <UnitTestResult executionId="21f525af-87ab-4c97-90ac-9494a51acec3" testId="6e33d2cd-b750-0799-4e58-46b5850c6cde" testName="GetEntry793" computerName="MINIAC" duration="00:00:00.0003028" startTime="2011-01-06T09:19:46.9060399+00:00" endTime="2011-01-06T09:19:46.9150404+00:00" testType="13cdc9d9-ddb5-4fa4-a97d-d965ccfc6d4b" outcome="Passed" testListId="8c84fa94-04c1-424b-9868-57a2d4851a1d" relativeResultsDirectory="21f525af-87ab-4c97-90ac-9494a51acec3">
    </UnitTestResult>
    <UnitTestResult executionId="024fa549-481e-4058-96d5-1eea88876c8d" testId="6e515a95-0960-03b8-e29e-884fc5feaace" testName="Range37701" computerName="MINIAC" duration="00:00:00.0005403" startTime="2011-01-06T09:19:46.9170405+00:00" endTime="2011-01-06T09:19:46.9260410+00:00" testType="13cdc9d9-ddb5-4fa4-a97d-d965ccfc6d4b" outcome="Passed" testListId="8c84fa94-04c1-424b-9868-57a2d4851a1d" relativeResultsDirectory="024fa549-481e-4058-96d5-1eea88876c8d">
    </UnitTestResult>
    <UnitTestResult executionId="bb25afd7-7043-466c-b2ed-aca500adfc0a" testId="6ea29e89-2e15-126e-eecf-3f7b211c52eb" testName="Subarray142" computerName="MINIAC" duration="00:00:00.0008781" startTime="2011-01-06T09:19:46.9280411+00:00" endTime="2011-01-06T09:19:46.9380417+00:00" testType="13cdc9d9-ddb5-4fa4-a97d-d965ccfc6d4b" outcome="Passed" testListId="8c84fa94-04c1-424b-9868-57a2d4851a1d" relativeResultsDirectory="bb25afd7-7043-466c-b2ed-aca500adfc0a">
    </UnitTestResult>
    <UnitTestResult executionId="f098547f-d9e3-44be-b29a-1568b5c37de3" testId="6eb910cd-d3bf-b481-5048-c8c0cee58961" testName="Random57501" computerName="MINIAC" duration="00:00:00.0004166" startTime="2011-01-06T09:19:46.9400418+00:00" endTime="2011-01-06T09:19:46.9480423+00:00" testType="13cdc9d9-ddb5-4fa4-a97d-d965ccfc6d4b" outcome="Passed" testListId="8c84fa94-04c1-424b-9868-57a2d4851a1d" relativeResultsDirectory="f098547f-d9e3-44be-b29a-1568b5c37de3">
    </UnitTestResult>
    <UnitTestResult executionId="3efaea82-2624-41b8-ac82-bf9e064edb6b" testId="6fb9b650-50a8-89e9-0d35-3a3dc4939152" testName="Add88502" computerName="MINIAC" duration="00:00:00.0004400" startTime="2011-01-06T09:19:46.9510424+00:00" endTime="2011-01-06T09:19:46.9610430+00:00" testType="13cdc9d9-ddb5-4fa4-a97d-d965ccfc6d4b" outcome="Passed" testListId="8c84fa94-04c1-424b-9868-57a2d4851a1d" relativeResultsDirectory="3efaea82-2624-41b8-ac82-bf9e064edb6b">
    </UnitTestResult>
    <UnitTestResult executionId="722dfc17-6ff0-4f8b-931e-510541806987" testId="7068f11c-cf82-d38d-0f16-16dd9f7c090f" testName="Add609" computerName="MINIAC" duration="00:00:00.0004432" startTime="2011-01-06T09:19:46.9630431+00:00" endTime="2011-01-06T09:19:46.9710436+00:00" testType="13cdc9d9-ddb5-4fa4-a97d-d965ccfc6d4b" outcome="Passed" testListId="8c84fa94-04c1-424b-9868-57a2d4851a1d" relativeResultsDirectory="722dfc17-6ff0-4f8b-931e-510541806987">
    </UnitTestResult>
    <UnitTestResult executionId="1446ecac-ea92-45a4-a349-79e4884ab3c0" testId="70ecef07-25d9-9298-9faa-26825e270b46" testName="Fill0168803" computerName="MINIAC" duration="00:00:00.0003695" startTime="2011-01-06T09:19:46.9780440+00:00" endTime="2011-01-06T09:19:46.9860444+00:00" testType="13cdc9d9-ddb5-4fa4-a97d-d965ccfc6d4b" outcome="Passed" testListId="8c84fa94-04c1-424b-9868-57a2d4851a1d" relativeResultsDirectory="1446ecac-ea92-45a4-a349-79e4884ab3c0">
    </UnitTestResult>
    <UnitTestResult executionId="a49e796c-0075-4b85-8c57-5713fc5eef91" testId="71153c10-625e-eee7-0105-ad1f18f9fb72" testName="ForEach78803" computerName="MINIAC" duration="00:00:00.0003742" startTime="2011-01-06T09:19:46.9910447+00:00" endTime="2011-01-06T09:19:46.9990452+00:00" testType="13cdc9d9-ddb5-4fa4-a97d-d965ccfc6d4b" outcome="Passed" testListId="8c84fa94-04c1-424b-9868-57a2d4851a1d" relativeResultsDirectory="a49e796c-0075-4b85-8c57-5713fc5eef91">
    </UnitTestResult>
    <UnitTestResult executionId="53f5b205-f1b3-44fb-9632-0a28666794c3" testId="71a360e3-d81d-a30a-382f-721ef096f5b1" testName="IfNotNull0192303" computerName="MINIAC" duration="00:00:00.0004297" startTime="2011-01-06T09:19:47.0030454+00:00" endTime="2011-01-06T09:19:47.0110459+00:00" testType="13cdc9d9-ddb5-4fa4-a97d-d965ccfc6d4b" outcome="Passed" testListId="8c84fa94-04c1-424b-9868-57a2d4851a1d" relativeResultsDirectory="53f5b205-f1b3-44fb-9632-0a28666794c3">
    </UnitTestResult>
    <UnitTestResult executionId="0f5c0d15-7ce1-489e-825a-fd282d8c274c" testId="71fee49d-9778-cdd0-20ec-1f703e488c02" testName="IsIn01ThrowsContractException541" computerName="MINIAC" duration="00:00:00.0005576" startTime="2011-01-06T09:19:47.0150461+00:00" endTime="2011-01-06T09:19:47.0230465+00:00" testType="13cdc9d9-ddb5-4fa4-a97d-d965ccfc6d4b" outcome="Passed" testListId="8c84fa94-04c1-424b-9868-57a2d4851a1d" relativeResultsDirectory="0f5c0d15-7ce1-489e-825a-fd282d8c274c">
    </UnitTestResult>
    <UnitTestResult executionId="db5571d2-77b0-4cbf-9ec9-0da2fb1e1dea" testId="7206ff03-56a7-ec6c-ffc0-c8679263faa3" testName="As0163211" computerName="MINIAC" duration="00:00:00.0003989" startTime="2011-01-06T09:19:47.0280466+00:00" endTime="2011-01-06T09:19:47.0330466+00:00" testType="13cdc9d9-ddb5-4fa4-a97d-d965ccfc6d4b" outcome="Passed" testListId="8c84fa94-04c1-424b-9868-57a2d4851a1d" relativeResultsDirectory="db5571d2-77b0-4cbf-9ec9-0da2fb1e1dea">
    </UnitTestResult>
    <UnitTestResult executionId="38118cb3-a708-4c96-b999-c9ebd15d60d0" testId="73dedb08-3777-9f76-6412-b3470bb8b574" testName="AsEnumerable0314801" computerName="MINIAC" duration="00:00:00.0005207" startTime="2011-01-06T09:19:47.0380466+00:00" endTime="2011-01-06T09:19:47.0480466+00:00" testType="13cdc9d9-ddb5-4fa4-a97d-d965ccfc6d4b" outcome="Passed" testListId="8c84fa94-04c1-424b-9868-57a2d4851a1d" relativeResultsDirectory="38118cb3-a708-4c96-b999-c9ebd15d60d0">
    </UnitTestResult>
    <UnitTestResult executionId="dd95dccb-c678-4e30-a7a4-44a2f32bce0f" testId="76549838-3cd5-8196-8fe5-c215d6bd242f" testName="CollatzCount735" computerName="MINIAC" duration="00:00:00.0002883" startTime="2011-01-06T09:19:47.0480466+00:00" endTime="2011-01-06T09:19:47.0610468+00:00" testType="13cdc9d9-ddb5-4fa4-a97d-d965ccfc6d4b" outcome="Passed" testListId="8c84fa94-04c1-424b-9868-57a2d4851a1d" relativeResultsDirectory="dd95dccb-c678-4e30-a7a4-44a2f32bce0f">
    </UnitTestResult>
    <UnitTestResult executionId="13a64eea-b368-46ab-81c1-2da92fc5901b" testId="7838b58c-a9ae-e08a-edf4-f9593db060d6" testName="RangeThrowsContractException480" computerName="MINIAC" duration="00:00:00.0006322" startTime="2011-01-06T09:19:47.0640469+00:00" endTime="2011-01-06T09:19:47.0720474+00:00" testType="13cdc9d9-ddb5-4fa4-a97d-d965ccfc6d4b" outcome="Passed" testListId="8c84fa94-04c1-424b-9868-57a2d4851a1d" relativeResultsDirectory="13a64eea-b368-46ab-81c1-2da92fc5901b">
    </UnitTestResult>
    <UnitTestResult executionId="49e143cf-3001-4a7f-a20f-2bff8c1cb98b" testId="787c2aca-5007-7e56-5e10-28020b3be468" testName="AsEnumerable0314804" computerName="MINIAC" duration="00:00:00.0004694" startTime="2011-01-06T09:19:47.0780477+00:00" endTime="2011-01-06T09:19:47.0850481+00:00" testType="13cdc9d9-ddb5-4fa4-a97d-d965ccfc6d4b" outcome="Passed" testListId="8c84fa94-04c1-424b-9868-57a2d4851a1d" relativeResultsDirectory="49e143cf-3001-4a7f-a20f-2bff8c1cb98b">
    </UnitTestResult>
    <UnitTestResult executionId="39cd224c-003c-441d-ad73-54640c9898f5" testId="78cde1d7-dc20-60c9-ac3e-224ced9a536f" testName="Shuffle960" computerName="MINIAC" duration="00:00:00.0026195" startTime="2011-01-06T09:19:47.0870483+00:00" endTime="2011-01-06T09:19:47.0990489+00:00" testType="13cdc9d9-ddb5-4fa4-a97d-d965ccfc6d4b" outcome="Passed" testListId="8c84fa94-04c1-424b-9868-57a2d4851a1d" relativeResultsDirectory="39cd224c-003c-441d-ad73-54640c9898f5">
    </UnitTestResult>
    <UnitTestResult executionId="8424e0e1-5f47-40fe-9071-61109c4e70d5" testId="7a9400e0-6f1a-74cc-aaf2-4e620d01eac4" testName="As0166402" computerName="MINIAC" duration="00:00:00.0007111" startTime="2011-01-06T09:19:47.1020491+00:00" endTime="2011-01-06T09:19:47.1150499+00:00" testType="13cdc9d9-ddb5-4fa4-a97d-d965ccfc6d4b" outcome="Passed" testListId="8c84fa94-04c1-424b-9868-57a2d4851a1d" relativeResultsDirectory="8424e0e1-5f47-40fe-9071-61109c4e70d5">
    </UnitTestResult>
    <UnitTestResult executionId="03ac4ae6-2063-43f5-81b3-f9fada77cfcd" testId="7a965cd2-e1cf-8636-b94b-9bb1e4688fd0" testName="Iter96004" computerName="MINIAC" duration="00:00:00.0004787" startTime="2011-01-06T09:19:47.1190501+00:00" endTime="2011-01-06T09:19:47.1290507+00:00" testType="13cdc9d9-ddb5-4fa4-a97d-d965ccfc6d4b" outcome="Passed" testListId="8c84fa94-04c1-424b-9868-57a2d4851a1d" relativeResultsDirectory="03ac4ae6-2063-43f5-81b3-f9fada77cfcd">
    </UnitTestResult>
    <UnitTestResult executionId="6c4f3cc6-3704-44ae-b833-406d04c263a0" testId="7a9b0937-239f-a7cc-e1fc-09bbc3508e89" testName="As0130301" computerName="MINIAC" duration="00:00:00.0003900" startTime="2011-01-06T09:19:47.1320508+00:00" endTime="2011-01-06T09:19:47.1420514+00:00" testType="13cdc9d9-ddb5-4fa4-a97d-d965ccfc6d4b" outcome="Passed" testListId="8c84fa94-04c1-424b-9868-57a2d4851a1d" relativeResultsDirectory="6c4f3cc6-3704-44ae-b833-406d04c263a0">
    </UnitTestResult>
    <UnitTestResult executionId="108b7aa5-3619-4c00-a00d-dfcdccd22d00" testId="7acd9860-9837-fbe5-5425-b774d050444a" testName="ForEach12503" computerName="MINIAC" duration="00:00:00.0003877" startTime="2011-01-06T09:19:47.1480517+00:00" endTime="2011-01-06T09:19:47.1570523+00:00" testType="13cdc9d9-ddb5-4fa4-a97d-d965ccfc6d4b" outcome="Passed" testListId="8c84fa94-04c1-424b-9868-57a2d4851a1d" relativeResultsDirectory="108b7aa5-3619-4c00-a00d-dfcdccd22d00">
    </UnitTestResult>
    <UnitTestResult executionId="5c62c025-f42d-4858-8f7d-2f95fc00a361" testId="7ba074f7-37b4-86ab-f897-639c59c7afb2" testName="As01402" computerName="MINIAC" duration="00:00:00.0005865" startTime="2011-01-06T09:19:47.1600524+00:00" endTime="2011-01-06T09:19:47.1690529+00:00" testType="13cdc9d9-ddb5-4fa4-a97d-d965ccfc6d4b" outcome="Passed" testListId="8c84fa94-04c1-424b-9868-57a2d4851a1d" relativeResultsDirectory="5c62c025-f42d-4858-8f7d-2f95fc00a361">
    </UnitTestResult>
    <UnitTestResult executionId="595ee724-e710-4a4a-be46-70fa4d4b47d9" testId="7d0a919a-439c-072d-b44b-171c265ca551" testName="As21509" computerName="MINIAC" duration="00:00:00.0005841" startTime="2011-01-06T09:19:47.1740532+00:00" endTime="2011-01-06T09:19:47.1850539+00:00" testType="13cdc9d9-ddb5-4fa4-a97d-d965ccfc6d4b" outcome="Passed" testListId="8c84fa94-04c1-424b-9868-57a2d4851a1d" relativeResultsDirectory="595ee724-e710-4a4a-be46-70fa4d4b47d9">
    </UnitTestResult>
    <UnitTestResult executionId="dd3a18da-d101-42ff-810b-2827259f3ab0" testId="7edd5b56-0f03-8716-c3c8-130b2e422ca5" testName="As014" computerName="MINIAC" duration="00:00:00.0025500" startTime="2011-01-06T09:19:47.1890541+00:00" endTime="2011-01-06T09:19:47.1990547+00:00" testType="13cdc9d9-ddb5-4fa4-a97d-d965ccfc6d4b" outcome="Passed" testListId="8c84fa94-04c1-424b-9868-57a2d4851a1d" relativeResultsDirectory="dd3a18da-d101-42ff-810b-2827259f3ab0">
    </UnitTestResult>
    <UnitTestResult executionId="b4c717a1-cdea-430f-a876-e3ed0dc14fa0" testId="7f2217b8-89e7-0ad9-048a-ae99758b473e" testName="RangeThrowsContractException204" computerName="MINIAC" duration="00:00:00.0016256" startTime="2011-01-06T09:19:47.2010548+00:00" endTime="2011-01-06T09:19:47.2110553+00:00" testType="13cdc9d9-ddb5-4fa4-a97d-d965ccfc6d4b" outcome="Passed" testListId="8c84fa94-04c1-424b-9868-57a2d4851a1d" relativeResultsDirectory="b4c717a1-cdea-430f-a876-e3ed0dc14fa0">
    </UnitTestResult>
    <UnitTestResult executionId="05b78326-3799-4b45-bf66-2fb7350be7b0" testId="7f5b067d-004d-00c6-05f1-6ba4459536c9" testName="Shuffle875" computerName="MINIAC" duration="00:00:00.0036722" startTime="2011-01-06T09:19:47.2150556+00:00" endTime="2011-01-06T09:19:47.2250561+00:00" testType="13cdc9d9-ddb5-4fa4-a97d-d965ccfc6d4b" outcome="Passed" testListId="8c84fa94-04c1-424b-9868-57a2d4851a1d" relativeResultsDirectory="05b78326-3799-4b45-bf66-2fb7350be7b0">
    </UnitTestResult>
    <UnitTestResult executionId="f3808403-4d1a-42a3-8041-6ed856f2ab11" testId="7f627b84-c634-6195-b636-ad9c00404c56" testName="IfNotNull173" computerName="MINIAC" duration="00:00:00.0003331" startTime="2011-01-06T09:19:47.2300564+00:00" endTime="2011-01-06T09:19:47.2360568+00:00" testType="13cdc9d9-ddb5-4fa4-a97d-d965ccfc6d4b" outcome="Passed" testListId="8c84fa94-04c1-424b-9868-57a2d4851a1d" relativeResultsDirectory="f3808403-4d1a-42a3-8041-6ed856f2ab11">
    </UnitTestResult>
    <UnitTestResult executionId="13321c77-7247-4c26-b436-82658f6f3219" testId="7f68f257-d1bf-51ca-d4af-90bac0a65697" testName="As21514" computerName="MINIAC" duration="00:00:00.0023526" startTime="2011-01-06T09:19:47.2390569+00:00" endTime="2011-01-06T09:19:47.2480575+00:00" testType="13cdc9d9-ddb5-4fa4-a97d-d965ccfc6d4b" outcome="Passed" testListId="8c84fa94-04c1-424b-9868-57a2d4851a1d" relativeResultsDirectory="13321c77-7247-4c26-b436-82658f6f3219">
    </UnitTestResult>
    <UnitTestResult executionId="6916f61d-396d-49ee-ae34-9f88a48ce174" testId="80003646-df99-feba-93b2-6a809b884bf6" testName="Fill0157102" computerName="MINIAC" duration="00:00:00.0004045" startTime="2011-01-06T09:19:47.2550579+00:00" endTime="2011-01-06T09:19:47.2630583+00:00" testType="13cdc9d9-ddb5-4fa4-a97d-d965ccfc6d4b" outcome="Passed" testListId="8c84fa94-04c1-424b-9868-57a2d4851a1d" relativeResultsDirectory="6916f61d-396d-49ee-ae34-9f88a48ce174">
    </UnitTestResult>
    <UnitTestResult executionId="c6f56b5d-24da-4b3c-8981-740823dd9c96" testId="80650f6a-5c42-4976-d721-00508b71c4c3" testName="Random01ThrowsContractException859" computerName="MINIAC" duration="00:00:00.0006075" startTime="2011-01-06T09:19:47.2670586+00:00" endTime="2011-01-06T09:19:47.2780592+00:00" testType="13cdc9d9-ddb5-4fa4-a97d-d965ccfc6d4b" outcome="Passed" testListId="8c84fa94-04c1-424b-9868-57a2d4851a1d" relativeResultsDirectory="c6f56b5d-24da-4b3c-8981-740823dd9c96">
    </UnitTestResult>
    <UnitTestResult executionId="9ffeb350-3d5d-43ee-93c8-8263dbd689e7" testId="8076c83d-2717-5964-7e9d-50cc5e2706b9" testName="Add885" computerName="MINIAC" duration="00:00:00.0004348" startTime="2011-01-06T09:19:47.2790592+00:00" endTime="2011-01-06T09:19:47.2890598+00:00" testType="13cdc9d9-ddb5-4fa4-a97d-d965ccfc6d4b" outcome="Passed" testListId="8c84fa94-04c1-424b-9868-57a2d4851a1d" relativeResultsDirectory="9ffeb350-3d5d-43ee-93c8-8263dbd689e7">
    </UnitTestResult>
    <UnitTestResult executionId="7d0aa655-a31c-47d3-932d-c8a2e2a595c0" testId="80c446f8-daa9-dd90-7ba0-f56b79877aec" testName="AsEnumerable0258802" computerName="MINIAC" duration="00:00:00.0005319" startTime="2011-01-06T09:19:47.2930600+00:00" endTime="2011-01-06T09:19:47.3040607+00:00" testType="13cdc9d9-ddb5-4fa4-a97d-d965ccfc6d4b" outcome="Passed" testListId="8c84fa94-04c1-424b-9868-57a2d4851a1d" relativeResultsDirectory="7d0aa655-a31c-47d3-932d-c8a2e2a595c0">
    </UnitTestResult>
    <UnitTestResult executionId="355c4a95-1fe3-42aa-b38b-2e5dee21aa5c" testId="8118e565-451d-8ba1-0335-1880350004d1" testName="As21510" computerName="MINIAC" duration="00:00:00.0004638" startTime="2011-01-06T09:19:47.3070608+00:00" endTime="2011-01-06T09:19:47.3150613+00:00" testType="13cdc9d9-ddb5-4fa4-a97d-d965ccfc6d4b" outcome="Passed" testListId="8c84fa94-04c1-424b-9868-57a2d4851a1d" relativeResultsDirectory="355c4a95-1fe3-42aa-b38b-2e5dee21aa5c">
    </UnitTestResult>
    <UnitTestResult executionId="e0ae8bd4-44fd-4a82-a1e6-8aa902cd2ae1" testId="81c4858e-2ab2-b121-25c5-9c96ee04a442" testName="ForEach788" computerName="MINIAC" duration="00:00:00.0004040" startTime="2011-01-06T09:19:47.3180615+00:00" endTime="2011-01-06T09:19:47.3260619+00:00" testType="13cdc9d9-ddb5-4fa4-a97d-d965ccfc6d4b" outcome="Passed" testListId="8c84fa94-04c1-424b-9868-57a2d4851a1d" relativeResultsDirectory="e0ae8bd4-44fd-4a82-a1e6-8aa902cd2ae1">
    </UnitTestResult>
    <UnitTestResult executionId="c3d034e0-942b-437c-994a-0c111b3f0f9f" testId="8449ab5e-c7c8-6deb-cb03-833888a032c6" testName="Fill0110502" computerName="MINIAC" duration="00:00:00.0016074" startTime="2011-01-06T09:19:47.3300622+00:00" endTime="2011-01-06T09:19:47.3380626+00:00" testType="13cdc9d9-ddb5-4fa4-a97d-d965ccfc6d4b" outcome="Passed" testListId="8c84fa94-04c1-424b-9868-57a2d4851a1d" relativeResultsDirectory="c3d034e0-942b-437c-994a-0c111b3f0f9f">
    </UnitTestResult>
    <UnitTestResult executionId="dc567ae7-4237-4c29-8add-65123e8532a8" testId="8495c6b2-3ced-c23a-374f-c91093e4e12e" testName="AsEnumerableThrowsContractException962" computerName="MINIAC" duration="00:00:00.0007428" startTime="2011-01-06T09:19:47.3430629+00:00" endTime="2011-01-06T09:19:47.3530635+00:00" testType="13cdc9d9-ddb5-4fa4-a97d-d965ccfc6d4b" outcome="Passed" testListId="8c84fa94-04c1-424b-9868-57a2d4851a1d" relativeResultsDirectory="dc567ae7-4237-4c29-8add-65123e8532a8">
    </UnitTestResult>
    <UnitTestResult executionId="bd53145a-045a-426d-b57e-5b49aa206810" testId="84a133d0-001f-a986-72f9-cc05e5f25751" testName="AsEnumerable560" computerName="MINIAC" duration="00:00:00.0003858" startTime="2011-01-06T09:19:47.3570637+00:00" endTime="2011-01-06T09:19:47.3650642+00:00" testType="13cdc9d9-ddb5-4fa4-a97d-d965ccfc6d4b" outcome="Passed" testListId="8c84fa94-04c1-424b-9868-57a2d4851a1d" relativeResultsDirectory="bd53145a-045a-426d-b57e-5b49aa206810">
    </UnitTestResult>
    <UnitTestResult executionId="a5c3dd80-6cd1-4c09-8b0b-13fd42d3691a" testId="850912a6-5065-5531-7451-3014a79cee54" testName="As0132107" computerName="MINIAC" duration="00:00:00.0026055" startTime="2011-01-06T09:19:47.3680643+00:00" endTime="2011-01-06T09:19:47.3790650+00:00" testType="13cdc9d9-ddb5-4fa4-a97d-d965ccfc6d4b" outcome="Passed" testListId="8c84fa94-04c1-424b-9868-57a2d4851a1d" relativeResultsDirectory="a5c3dd80-6cd1-4c09-8b0b-13fd42d3691a">
    </UnitTestResult>
    <UnitTestResult executionId="60844196-f7fb-4622-8bd9-11ea0471635f" testId="86a0d6ba-240b-81ef-7612-a91dd0bac5dd" testName="To0482501" computerName="MINIAC" duration="00:00:00.0003158" startTime="2011-01-06T09:19:47.3840652+00:00" endTime="2011-01-06T09:19:47.3910656+00:00" testType="13cdc9d9-ddb5-4fa4-a97d-d965ccfc6d4b" outcome="Passed" testListId="8c84fa94-04c1-424b-9868-57a2d4851a1d" relativeResultsDirectory="60844196-f7fb-4622-8bd9-11ea0471635f">
    </UnitTestResult>
    <UnitTestResult executionId="e4fdab69-2f3c-40cf-b71d-da66013f6650" testId="86c02588-b87f-32bd-880b-56b0d73c1993" testName="NullOr71401" computerName="MINIAC" duration="00:00:00.0004642" startTime="2011-01-06T09:19:47.3950659+00:00" endTime="2011-01-06T09:19:47.4030663+00:00" testType="13cdc9d9-ddb5-4fa4-a97d-d965ccfc6d4b" outcome="Passed" testListId="8c84fa94-04c1-424b-9868-57a2d4851a1d" relativeResultsDirectory="e4fdab69-2f3c-40cf-b71d-da66013f6650">
    </UnitTestResult>
    <UnitTestResult executionId="a49bb5e5-0404-442b-826c-14750a1413a6" testId="8795f817-2bb9-9d00-f981-a3a8a2b7335e" testName="Add88501" computerName="MINIAC" duration="00:00:00.0004484" startTime="2011-01-06T09:19:47.4050664+00:00" endTime="2011-01-06T09:19:47.4140670+00:00" testType="13cdc9d9-ddb5-4fa4-a97d-d965ccfc6d4b" outcome="Passed" testListId="8c84fa94-04c1-424b-9868-57a2d4851a1d" relativeResultsDirectory="a49bb5e5-0404-442b-826c-14750a1413a6">
    </UnitTestResult>
    <UnitTestResult executionId="b6754ba0-0c5a-4176-88cd-d263020553a5" testId="87e43b2d-037f-c02a-4ec1-bb30b85b838b" testName="CollatzCount132" computerName="MINIAC" duration="00:00:00.0004176" startTime="2011-01-06T09:19:47.4180672+00:00" endTime="2011-01-06T09:19:47.4250676+00:00" testType="13cdc9d9-ddb5-4fa4-a97d-d965ccfc6d4b" outcome="Passed" testListId="8c84fa94-04c1-424b-9868-57a2d4851a1d" relativeResultsDirectory="b6754ba0-0c5a-4176-88cd-d263020553a5">
    </UnitTestResult>
    <UnitTestResult executionId="4f9e2fd4-29ce-4f52-a5a2-9a41ea51a7fb" testId="892a3b87-6eb6-1cb1-2f32-1bd29fed6734" testName="GetEntry399" computerName="MINIAC" duration="00:00:00.0003079" startTime="2011-01-06T09:19:47.4330680+00:00" endTime="2011-01-06T09:19:47.4430686+00:00" testType="13cdc9d9-ddb5-4fa4-a97d-d965ccfc6d4b" outcome="Passed" testListId="8c84fa94-04c1-424b-9868-57a2d4851a1d" relativeResultsDirectory="4f9e2fd4-29ce-4f52-a5a2-9a41ea51a7fb">
    </UnitTestResult>
    <UnitTestResult executionId="711f7022-911f-475c-8a81-5da3b3a72538" testId="89bed9d2-b230-1858-2102-76e62b11adeb" testName="Contrast204" computerName="MINIAC" duration="00:00:00.0002916" startTime="2011-01-06T09:19:47.4460688+00:00" endTime="2011-01-06T09:19:47.4570694+00:00" testType="13cdc9d9-ddb5-4fa4-a97d-d965ccfc6d4b" outcome="Passed" testListId="8c84fa94-04c1-424b-9868-57a2d4851a1d" relativeResultsDirectory="711f7022-911f-475c-8a81-5da3b3a72538">
    </UnitTestResult>
    <UnitTestResult executionId="7adc7f0e-0558-4d5c-a4c8-67b86ae7060d" testId="8a248c8c-38d6-117a-cb08-bb2fddeae117" testName="ForEach12501" computerName="MINIAC" duration="00:00:00.0003886" startTime="2011-01-06T09:19:47.4590695+00:00" endTime="2011-01-06T09:19:47.4660699+00:00" testType="13cdc9d9-ddb5-4fa4-a97d-d965ccfc6d4b" outcome="Passed" testListId="8c84fa94-04c1-424b-9868-57a2d4851a1d" relativeResultsDirectory="7adc7f0e-0558-4d5c-a4c8-67b86ae7060d">
    </UnitTestResult>
    <UnitTestResult executionId="b8dbb95d-d3b6-426a-a9bf-6d047e55fd1e" testId="8d13964e-5c5a-1ee4-b9d1-2f111aabda85" testName="GetPriorityEnumerator72901" computerName="MINIAC" duration="00:00:00.0039634" startTime="2011-01-06T09:19:47.4690701+00:00" endTime="2011-01-06T09:19:47.4800707+00:00" testType="13cdc9d9-ddb5-4fa4-a97d-d965ccfc6d4b" outcome="Passed" testListId="8c84fa94-04c1-424b-9868-57a2d4851a1d" relativeResultsDirectory="b8dbb95d-d3b6-426a-a9bf-6d047e55fd1e">
    </UnitTestResult>
    <UnitTestResult executionId="bf0b0ad5-e1a3-4a1e-a21f-84fee77955f9" testId="8dcb0d05-7109-cf52-51f6-fed4c83d2c47" testName="IsIn013401" computerName="MINIAC" duration="00:00:00.0003513" startTime="2011-01-06T09:19:47.4820708+00:00" endTime="2011-01-06T09:19:47.4920714+00:00" testType="13cdc9d9-ddb5-4fa4-a97d-d965ccfc6d4b" outcome="Passed" testListId="8c84fa94-04c1-424b-9868-57a2d4851a1d" relativeResultsDirectory="bf0b0ad5-e1a3-4a1e-a21f-84fee77955f9">
    </UnitTestResult>
    <UnitTestResult executionId="71fc274a-42ef-4891-9526-f2a2b5dde89a" testId="8f15350a-b612-7c9b-89ff-1e54a29d9340" testName="To03ThrowsContractException968" computerName="MINIAC" duration="00:00:00.0006905" startTime="2011-01-06T09:19:47.4970717+00:00" endTime="2011-01-06T09:19:47.5040721+00:00" testType="13cdc9d9-ddb5-4fa4-a97d-d965ccfc6d4b" outcome="Passed" testListId="8c84fa94-04c1-424b-9868-57a2d4851a1d" relativeResultsDirectory="71fc274a-42ef-4891-9526-f2a2b5dde89a">
    </UnitTestResult>
    <UnitTestResult executionId="d6b406b6-4b1c-485a-a00f-c1e0fd830aec" testId="8f214c0c-af12-b9fb-ae32-e2f0e522a10f" testName="NullOr90702" computerName="MINIAC" duration="00:00:00.0004381" startTime="2011-01-06T09:19:47.5060722+00:00" endTime="2011-01-06T09:19:47.5150727+00:00" testType="13cdc9d9-ddb5-4fa4-a97d-d965ccfc6d4b" outcome="Passed" testListId="8c84fa94-04c1-424b-9868-57a2d4851a1d" relativeResultsDirectory="d6b406b6-4b1c-485a-a00f-c1e0fd830aec">
    </UnitTestResult>
    <UnitTestResult executionId="dcdde0db-b6a0-418f-ad51-970bd9693292" testId="8fabe6be-0a48-74a9-97ec-54d046e764bc" testName="Constructor94201" computerName="MINIAC" duration="00:00:00.0007045" startTime="2011-01-06T09:19:47.5170729+00:00" endTime="2011-01-06T09:19:47.5260734+00:00" testType="13cdc9d9-ddb5-4fa4-a97d-d965ccfc6d4b" outcome="Passed" testListId="8c84fa94-04c1-424b-9868-57a2d4851a1d" relativeResultsDirectory="dcdde0db-b6a0-418f-ad51-970bd9693292">
    </UnitTestResult>
    <UnitTestResult executionId="d2185678-ad63-4858-ad38-e57735ee8b2b" testId="90427aa6-8cf4-b956-2b3f-9546b7107ae7" testName="TimesThrowsContractException662" computerName="MINIAC" duration="00:00:00.0009812" startTime="2011-01-06T09:19:47.5300736+00:00" endTime="2011-01-06T09:19:47.5390741+00:00" testType="13cdc9d9-ddb5-4fa4-a97d-d965ccfc6d4b" outcome="Passed" testListId="8c84fa94-04c1-424b-9868-57a2d4851a1d" relativeResultsDirectory="d2185678-ad63-4858-ad38-e57735ee8b2b">
    </UnitTestResult>
    <UnitTestResult executionId="cc8fa410-e28e-4f1f-ae18-898cbacf8db9" testId="91ad74e2-7f98-39c5-b2ac-d6979eb1e521" testName="As0163239" computerName="MINIAC" duration="00:00:00.0003886" startTime="2011-01-06T09:19:47.5440744+00:00" endTime="2011-01-06T09:19:47.5520749+00:00" testType="13cdc9d9-ddb5-4fa4-a97d-d965ccfc6d4b" outcome="Passed" testListId="8c84fa94-04c1-424b-9868-57a2d4851a1d" relativeResultsDirectory="cc8fa410-e28e-4f1f-ae18-898cbacf8db9">
    </UnitTestResult>
    <UnitTestResult executionId="249e2a56-15bb-43b6-86e0-a00e6ba69531" testId="920395ef-4d81-2796-a8e3-57b62c679836" testName="As0132102" computerName="MINIAC" duration="00:00:00.0005538" startTime="2011-01-06T09:19:47.5550750+00:00" endTime="2011-01-06T09:19:47.5630755+00:00" testType="13cdc9d9-ddb5-4fa4-a97d-d965ccfc6d4b" outcome="Passed" testListId="8c84fa94-04c1-424b-9868-57a2d4851a1d" relativeResultsDirectory="249e2a56-15bb-43b6-86e0-a00e6ba69531">
    </UnitTestResult>
    <UnitTestResult executionId="b71a94c0-8afa-4b7a-a447-0a9b67594b46" testId="92c796c7-6140-7467-0f72-263f4de0d5fd" testName="Add88504" computerName="MINIAC" duration="00:00:00.0004596" startTime="2011-01-06T09:19:47.5660757+00:00" endTime="2011-01-06T09:19:47.5730761+00:00" testType="13cdc9d9-ddb5-4fa4-a97d-d965ccfc6d4b" outcome="Passed" testListId="8c84fa94-04c1-424b-9868-57a2d4851a1d" relativeResultsDirectory="b71a94c0-8afa-4b7a-a447-0a9b67594b46">
    </UnitTestResult>
    <UnitTestResult executionId="cca9bb3d-a35b-47b2-abf4-32a50ad4561d" testId="93237b41-2edc-1e5e-efe4-c865b1af2b62" testName="PeekThrowsContractException550" computerName="MINIAC" duration="00:00:00.0015188" startTime="2011-01-06T09:19:47.5780763+00:00" endTime="2011-01-06T09:19:47.5870769+00:00" testType="13cdc9d9-ddb5-4fa4-a97d-d965ccfc6d4b" outcome="Passed" testListId="8c84fa94-04c1-424b-9868-57a2d4851a1d" relativeResultsDirectory="cca9bb3d-a35b-47b2-abf4-32a50ad4561d">
    </UnitTestResult>
    <UnitTestResult executionId="54ac1097-7ad7-43f1-8b5b-8969423187d0" testId="94035d88-ed3c-a1c6-5571-0e7a52145b86" testName="GetEnumerator20301" computerName="MINIAC" duration="00:00:00.0020843" startTime="2011-01-06T09:19:47.5890770+00:00" endTime="2011-01-06T09:19:47.5990775+00:00" testType="13cdc9d9-ddb5-4fa4-a97d-d965ccfc6d4b" outcome="Passed" testListId="8c84fa94-04c1-424b-9868-57a2d4851a1d" relativeResultsDirectory="54ac1097-7ad7-43f1-8b5b-8969423187d0">
    </UnitTestResult>
    <UnitTestResult executionId="843b8d71-640c-4916-8ad0-fe271392eaf2" testId="9611d5ba-c78e-b7b6-592f-64194d91b456" testName="AsEnumerable56004" computerName="MINIAC" duration="00:00:00.0004124" startTime="2011-01-06T09:19:47.6030778+00:00" endTime="2011-01-06T09:19:47.6130783+00:00" testType="13cdc9d9-ddb5-4fa4-a97d-d965ccfc6d4b" outcome="Passed" testListId="8c84fa94-04c1-424b-9868-57a2d4851a1d" relativeResultsDirectory="843b8d71-640c-4916-8ad0-fe271392eaf2">
    </UnitTestResult>
    <UnitTestResult executionId="6b1d53f9-b13a-41de-963d-164468b8aee6" testId="966b1426-163f-7f22-4eab-268da60e78c2" testName="GetLuminosityThrowsContractException408" computerName="MINIAC" duration="00:00:00.0021986" startTime="2011-01-06T09:19:47.6160785+00:00" endTime="2011-01-06T09:19:47.6250790+00:00" testType="13cdc9d9-ddb5-4fa4-a97d-d965ccfc6d4b" outcome="Passed" testListId="8c84fa94-04c1-424b-9868-57a2d4851a1d" relativeResultsDirectory="6b1d53f9-b13a-41de-963d-164468b8aee6">
    </UnitTestResult>
    <UnitTestResult executionId="f043dd81-9029-4c19-a1bb-d3e62fdb4e8c" testId="97102229-37fa-e978-ffae-7fd4c7300f98" testName="NullOr90703" computerName="MINIAC" duration="00:00:00.0004488" startTime="2011-01-06T09:19:47.6310794+00:00" endTime="2011-01-06T09:19:47.6400799+00:00" testType="13cdc9d9-ddb5-4fa4-a97d-d965ccfc6d4b" outcome="Passed" testListId="8c84fa94-04c1-424b-9868-57a2d4851a1d" relativeResultsDirectory="f043dd81-9029-4c19-a1bb-d3e62fdb4e8c">
    </UnitTestResult>
    <UnitTestResult executionId="91cfd43b-3db0-49ee-939a-9d9f09b3c153" testId="97495e35-0952-692a-91b0-3d721dc574e4" testName="As0166004" computerName="MINIAC" duration="00:00:00.0003849" startTime="2011-01-06T09:19:47.6440801+00:00" endTime="2011-01-06T09:19:47.6530806+00:00" testType="13cdc9d9-ddb5-4fa4-a97d-d965ccfc6d4b" outcome="Passed" testListId="8c84fa94-04c1-424b-9868-57a2d4851a1d" relativeResultsDirectory="91cfd43b-3db0-49ee-939a-9d9f09b3c153">
    </UnitTestResult>
    <UnitTestResult executionId="9fdfbeb8-89a2-4996-b8a7-fa369eabe726" testId="983a09c4-7fd1-1423-82c6-129d1f5452aa" testName="ShuffleThrowsContractException566" computerName="MINIAC" duration="00:00:00.0005641" startTime="2011-01-06T09:19:47.6590810+00:00" endTime="2011-01-06T09:19:47.6690815+00:00" testType="13cdc9d9-ddb5-4fa4-a97d-d965ccfc6d4b" outcome="Passed" testListId="8c84fa94-04c1-424b-9868-57a2d4851a1d" relativeResultsDirectory="9fdfbeb8-89a2-4996-b8a7-fa369eabe726">
    </UnitTestResult>
    <UnitTestResult executionId="099c76c2-d84d-4f02-ac31-c8acf73ece8d" testId="990a1706-3c38-5c79-dd26-6bf2a85de470" testName="As0163233" computerName="MINIAC" duration="00:00:00.0004992" startTime="2011-01-06T09:19:47.6730818+00:00" endTime="2011-01-06T09:19:47.6800822+00:00" testType="13cdc9d9-ddb5-4fa4-a97d-d965ccfc6d4b" outcome="Passed" testListId="8c84fa94-04c1-424b-9868-57a2d4851a1d" relativeResultsDirectory="099c76c2-d84d-4f02-ac31-c8acf73ece8d">
    </UnitTestResult>
    <UnitTestResult executionId="129f7281-cd17-4363-abaa-d580baa84c8a" testId="9a12b8c7-dd2a-27a8-8e5c-846cf91e7a67" testName="ForEach78804" computerName="MINIAC" duration="00:00:00.0003746" startTime="2011-01-06T09:19:47.6880826+00:00" endTime="2011-01-06T09:19:47.6950830+00:00" testType="13cdc9d9-ddb5-4fa4-a97d-d965ccfc6d4b" outcome="Passed" testListId="8c84fa94-04c1-424b-9868-57a2d4851a1d" relativeResultsDirectory="129f7281-cd17-4363-abaa-d580baa84c8a">
    </UnitTestResult>
    <UnitTestResult executionId="8fe96efe-1f15-4164-9c5f-0cdd12110160" testId="9b2baef8-8cea-f431-96b6-95e1ddfaf4a9" testName="As29401" computerName="MINIAC" duration="00:00:00.0006812" startTime="2011-01-06T09:19:47.6980832+00:00" endTime="2011-01-06T09:19:47.7060837+00:00" testType="13cdc9d9-ddb5-4fa4-a97d-d965ccfc6d4b" outcome="Passed" testListId="8c84fa94-04c1-424b-9868-57a2d4851a1d" relativeResultsDirectory="8fe96efe-1f15-4164-9c5f-0cdd12110160">
    </UnitTestResult>
    <UnitTestResult executionId="c9e7fa4e-4a83-45cc-96bb-ec4a78db23c9" testId="9bfa0b14-def6-4233-8f09-efbae74ca192" testName="Iter96003" computerName="MINIAC" duration="00:00:00.0005132" startTime="2011-01-06T09:19:47.7110839+00:00" endTime="2011-01-06T09:19:47.7190844+00:00" testType="13cdc9d9-ddb5-4fa4-a97d-d965ccfc6d4b" outcome="Passed" testListId="8c84fa94-04c1-424b-9868-57a2d4851a1d" relativeResultsDirectory="c9e7fa4e-4a83-45cc-96bb-ec4a78db23c9">
    </UnitTestResult>
    <UnitTestResult executionId="b698a22f-4859-4100-b53e-d2ac88fdc299" testId="9c395ae5-eee8-5ee4-9bdc-e5fb08218b2e" testName="FillThrowsContractException503" computerName="MINIAC" duration="00:00:00.0005272" startTime="2011-01-06T09:19:47.7220846+00:00" endTime="2011-01-06T09:19:47.7310851+00:00" testType="13cdc9d9-ddb5-4fa4-a97d-d965ccfc6d4b" outcome="Passed" testListId="8c84fa94-04c1-424b-9868-57a2d4851a1d" relativeResultsDirectory="b698a22f-4859-4100-b53e-d2ac88fdc299">
    </UnitTestResult>
    <UnitTestResult executionId="2f7e917f-fbc2-471f-8837-394c9f99e1da" testId="9e14e25f-07a5-efe4-0506-4f19b4be256b" testName="NextDoubleThrowsContractException907" computerName="MINIAC" duration="00:00:00.0021464" startTime="2011-01-06T09:19:47.7340853+00:00" endTime="2011-01-06T09:19:47.7460859+00:00" testType="13cdc9d9-ddb5-4fa4-a97d-d965ccfc6d4b" outcome="Passed" testListId="8c84fa94-04c1-424b-9868-57a2d4851a1d" relativeResultsDirectory="2f7e917f-fbc2-471f-8837-394c9f99e1da">
    </UnitTestResult>
    <UnitTestResult executionId="46a7ad2c-b459-475b-967a-552bcce70c4b" testId="9e55ddbc-84c3-88cf-3d32-19ae0b0e6c57" testName="ContainsArrayThrowsContractException850" computerName="MINIAC" duration="00:00:00.0020180" startTime="2011-01-06T09:19:47.7490861+00:00" endTime="2011-01-06T09:19:47.7580866+00:00" testType="13cdc9d9-ddb5-4fa4-a97d-d965ccfc6d4b" outcome="Passed" testListId="8c84fa94-04c1-424b-9868-57a2d4851a1d" relativeResultsDirectory="46a7ad2c-b459-475b-967a-552bcce70c4b">
    </UnitTestResult>
    <UnitTestResult executionId="71ab9cfc-752d-4194-b334-6deed14ea094" testId="9e62e436-d347-f0d4-fadd-560760980b01" testName="NextChar01ThrowsContractException654" computerName="MINIAC" duration="00:00:00.0009430" startTime="2011-01-06T09:19:47.7630869+00:00" endTime="2011-01-06T09:19:47.7710874+00:00" testType="13cdc9d9-ddb5-4fa4-a97d-d965ccfc6d4b" outcome="Passed" testListId="8c84fa94-04c1-424b-9868-57a2d4851a1d" relativeResultsDirectory="71ab9cfc-752d-4194-b334-6deed14ea094">
    </UnitTestResult>
    <UnitTestResult executionId="9facbac3-2473-45dd-8aea-1a7dd43be1dc" testId="9ed7c416-1a7b-4673-195d-ca2e196d2a2e" testName="With25501" computerName="MINIAC" duration="00:00:00.0011571" startTime="2011-01-06T09:19:47.7750876+00:00" endTime="2011-01-06T09:19:47.7860882+00:00" testType="13cdc9d9-ddb5-4fa4-a97d-d965ccfc6d4b" outcome="Passed" testListId="8c84fa94-04c1-424b-9868-57a2d4851a1d" relativeResultsDirectory="9facbac3-2473-45dd-8aea-1a7dd43be1dc">
    </UnitTestResult>
    <UnitTestResult executionId="a0e2b17d-7f36-4836-a54c-a6d45d164d3b" testId="a088d91d-8d9b-f068-f57f-8d75d960fe62" testName="IsIn57001" computerName="MINIAC" duration="00:00:00.0004073" startTime="2011-01-06T09:19:47.7910885+00:00" endTime="2011-01-06T09:19:47.7980889+00:00" testType="13cdc9d9-ddb5-4fa4-a97d-d965ccfc6d4b" outcome="Passed" testListId="8c84fa94-04c1-424b-9868-57a2d4851a1d" relativeResultsDirectory="a0e2b17d-7f36-4836-a54c-a6d45d164d3b">
    </UnitTestResult>
    <UnitTestResult executionId="4b6d9f2f-e5af-44e1-a0b9-8f27ca33b495" testId="a45582f8-3825-adac-44bf-8fa9e3381e89" testName="ForEach78801" computerName="MINIAC" duration="00:00:00.0003779" startTime="2011-01-06T09:19:47.8020892+00:00" endTime="2011-01-06T09:19:47.8120897+00:00" testType="13cdc9d9-ddb5-4fa4-a97d-d965ccfc6d4b" outcome="Passed" testListId="8c84fa94-04c1-424b-9868-57a2d4851a1d" relativeResultsDirectory="4b6d9f2f-e5af-44e1-a0b9-8f27ca33b495">
    </UnitTestResult>
    <UnitTestResult executionId="401525b8-3ab6-416a-8e23-ca57285bcb2e" testId="a5017919-7828-b52a-3fcf-0e88954eb83a" testName="IfNotNull01597" computerName="MINIAC" duration="00:00:00.0003172" startTime="2011-01-06T09:19:47.8250905+00:00" endTime="2011-01-06T09:19:47.8330909+00:00" testType="13cdc9d9-ddb5-4fa4-a97d-d965ccfc6d4b" outcome="Passed" testListId="8c84fa94-04c1-424b-9868-57a2d4851a1d" relativeResultsDirectory="401525b8-3ab6-416a-8e23-ca57285bcb2e">
    </UnitTestResult>
    <UnitTestResult executionId="e7b2a69a-3b1d-4fec-afca-4ffc86aee12a" testId="a5088dbd-9f6a-bb83-e64a-07cfd5052c81" testName="As0130303" computerName="MINIAC" duration="00:00:00.0004068" startTime="2011-01-06T09:19:47.8360911+00:00" endTime="2011-01-06T09:19:47.8440916+00:00" testType="13cdc9d9-ddb5-4fa4-a97d-d965ccfc6d4b" outcome="Passed" testListId="8c84fa94-04c1-424b-9868-57a2d4851a1d" relativeResultsDirectory="e7b2a69a-3b1d-4fec-afca-4ffc86aee12a">
    </UnitTestResult>
    <UnitTestResult executionId="b70a5864-f94c-47f8-8a01-5592503a239b" testId="a54e40a4-c460-0f5a-3324-94dd8c77f779" testName="Random431" computerName="MINIAC" duration="00:00:00.0003924" startTime="2011-01-06T09:19:47.8470917+00:00" endTime="2011-01-06T09:19:47.8550922+00:00" testType="13cdc9d9-ddb5-4fa4-a97d-d965ccfc6d4b" outcome="Passed" testListId="8c84fa94-04c1-424b-9868-57a2d4851a1d" relativeResultsDirectory="b70a5864-f94c-47f8-8a01-5592503a239b">
    </UnitTestResult>
    <UnitTestResult executionId="e3429de3-a314-46f2-a56b-9ae209bce78b" testId="a56170ce-b399-e27e-e213-58e00eb4c436" testName="As0163238" computerName="MINIAC" duration="00:00:00.0003868" startTime="2011-01-06T09:19:47.8580924+00:00" endTime="2011-01-06T09:19:47.8670929+00:00" testType="13cdc9d9-ddb5-4fa4-a97d-d965ccfc6d4b" outcome="Passed" testListId="8c84fa94-04c1-424b-9868-57a2d4851a1d" relativeResultsDirectory="e3429de3-a314-46f2-a56b-9ae209bce78b">
    </UnitTestResult>
    <UnitTestResult executionId="0e06420a-6d2e-4bde-b6e1-69fb64f86513" testId="a5cd160e-17d6-fbbc-87f0-05f243caef08" testName="CollatzCount01735" computerName="MINIAC" duration="00:00:00.0003252" startTime="2011-01-06T09:19:47.8690930+00:00" endTime="2011-01-06T09:19:47.8760934+00:00" testType="13cdc9d9-ddb5-4fa4-a97d-d965ccfc6d4b" outcome="Passed" testListId="8c84fa94-04c1-424b-9868-57a2d4851a1d" relativeResultsDirectory="0e06420a-6d2e-4bde-b6e1-69fb64f86513">
    </UnitTestResult>
    <UnitTestResult executionId="1424ad2e-9e02-459a-b105-f498dd2fd439" testId="a5e95aa9-bc38-31cc-9093-9339a7e10a1b" testName="ItemSetThrowsContractException48" computerName="MINIAC" duration="00:00:00.0019849" startTime="2011-01-06T09:19:47.8800936+00:00" endTime="2011-01-06T09:19:47.8900942+00:00" testType="13cdc9d9-ddb5-4fa4-a97d-d965ccfc6d4b" outcome="Passed" testListId="8c84fa94-04c1-424b-9868-57a2d4851a1d" relativeResultsDirectory="1424ad2e-9e02-459a-b105-f498dd2fd439">
    </UnitTestResult>
    <UnitTestResult executionId="e19e0248-01c6-401c-bde5-cce1f99e49f0" testId="a64b466d-bdfa-cdd1-ea88-e7cc26204599" testName="Fill01ThrowsContractException166" computerName="MINIAC" duration="00:00:00.0013769" startTime="2011-01-06T09:19:47.8950945+00:00" endTime="2011-01-06T09:19:47.9120954+00:00" testType="13cdc9d9-ddb5-4fa4-a97d-d965ccfc6d4b" outcome="Passed" testListId="8c84fa94-04c1-424b-9868-57a2d4851a1d" relativeResultsDirectory="e19e0248-01c6-401c-bde5-cce1f99e49f0">
    </UnitTestResult>
    <UnitTestResult executionId="9c224c42-90af-4e85-947c-eac0beed0679" testId="a65b5eab-4121-901b-449c-fc9aba07d07b" testName="IfNotNull0192302" computerName="MINIAC" duration="00:00:00.0003653" startTime="2011-01-06T09:19:47.9140956+00:00" endTime="2011-01-06T09:19:47.9220960+00:00" testType="13cdc9d9-ddb5-4fa4-a97d-d965ccfc6d4b" outcome="Passed" testListId="8c84fa94-04c1-424b-9868-57a2d4851a1d" relativeResultsDirectory="9c224c42-90af-4e85-947c-eac0beed0679">
    </UnitTestResult>
    <UnitTestResult executionId="1e45cab9-0043-4249-85b8-b81f58c22d60" testId="a9c998c1-d601-9d48-a5aa-e5458f5ccef5" testName="Fill01571" computerName="MINIAC" duration="00:00:00.0003420" startTime="2011-01-06T09:19:47.9250962+00:00" endTime="2011-01-06T09:19:47.9330966+00:00" testType="13cdc9d9-ddb5-4fa4-a97d-d965ccfc6d4b" outcome="Passed" testListId="8c84fa94-04c1-424b-9868-57a2d4851a1d" relativeResultsDirectory="1e45cab9-0043-4249-85b8-b81f58c22d60">
    </UnitTestResult>
    <UnitTestResult executionId="82fe2994-3a75-4082-81a4-5756644ba189" testId="aa951c3d-ee4a-9ede-aac2-7e390167d171" testName="As0163244" computerName="MINIAC" duration="00:00:00.0003975" startTime="2011-01-06T09:19:47.9390970+00:00" endTime="2011-01-06T09:19:47.9500976+00:00" testType="13cdc9d9-ddb5-4fa4-a97d-d965ccfc6d4b" outcome="Passed" testListId="8c84fa94-04c1-424b-9868-57a2d4851a1d" relativeResultsDirectory="82fe2994-3a75-4082-81a4-5756644ba189">
    </UnitTestResult>
    <UnitTestResult executionId="fe2d9929-efab-405a-8a68-6d715b4b609a" testId="aaf3c258-db99-aef3-b307-c0f8c95577a9" testName="Contrast121" computerName="MINIAC" duration="00:00:00.0052157" startTime="2011-01-06T09:19:47.9550979+00:00" endTime="2011-01-06T09:19:47.9730989+00:00" testType="13cdc9d9-ddb5-4fa4-a97d-d965ccfc6d4b" outcome="Passed" testListId="8c84fa94-04c1-424b-9868-57a2d4851a1d" relativeResultsDirectory="fe2d9929-efab-405a-8a68-6d715b4b609a">
    </UnitTestResult>
    <UnitTestResult executionId="864a1317-0f29-48f4-8fc8-8f90038d332b" testId="ab328c1b-fd51-1dad-6b49-0a3734c2c2e7" testName="Generate602" computerName="MINIAC" duration="00:00:00.0040618" startTime="2011-01-06T09:19:47.9780992+00:00" endTime="2011-01-06T09:19:47.9911000+00:00" testType="13cdc9d9-ddb5-4fa4-a97d-d965ccfc6d4b" outcome="Passed" testListId="8c84fa94-04c1-424b-9868-57a2d4851a1d" relativeResultsDirectory="864a1317-0f29-48f4-8fc8-8f90038d332b">
    </UnitTestResult>
    <UnitTestResult executionId="5c9ce32f-bdfb-4e69-8a10-51e630c017fb" testId="ab421b8a-6335-fc53-4e9e-57496cbdcbe1" testName="As21513" computerName="MINIAC" duration="00:00:00.0004913" startTime="2011-01-06T09:19:48.0001005+00:00" endTime="2011-01-06T09:19:48.0091010+00:00" testType="13cdc9d9-ddb5-4fa4-a97d-d965ccfc6d4b" outcome="Passed" testListId="8c84fa94-04c1-424b-9868-57a2d4851a1d" relativeResultsDirectory="5c9ce32f-bdfb-4e69-8a10-51e630c017fb">
    </UnitTestResult>
    <UnitTestResult executionId="f5e362d6-f034-42c3-b8ad-d0c9a51e5ed1" testId="ab4705e8-14a4-6e9f-baf9-e3d238e84cf8" testName="As0163210" computerName="MINIAC" duration="00:00:00.0005174" startTime="2011-01-06T09:19:48.0211017+00:00" endTime="2011-01-06T09:19:48.0311023+00:00" testType="13cdc9d9-ddb5-4fa4-a97d-d965ccfc6d4b" outcome="Passed" testListId="8c84fa94-04c1-424b-9868-57a2d4851a1d" relativeResultsDirectory="f5e362d6-f034-42c3-b8ad-d0c9a51e5ed1">
    </UnitTestResult>
    <UnitTestResult executionId="45ff3fbe-bc26-4856-a5b2-c400af9841fc" testId="ab8ea52f-3bbb-7d59-5174-ec7db8071eb4" testName="NextTimeSpanThrowsContractException287" computerName="MINIAC" duration="00:00:00.0016690" startTime="2011-01-06T09:19:48.0361025+00:00" endTime="2011-01-06T09:19:48.0461031+00:00" testType="13cdc9d9-ddb5-4fa4-a97d-d965ccfc6d4b" outcome="Passed" testListId="8c84fa94-04c1-424b-9868-57a2d4851a1d" relativeResultsDirectory="45ff3fbe-bc26-4856-a5b2-c400af9841fc">
    </UnitTestResult>
    <UnitTestResult executionId="24b8fca7-a542-458d-aead-38c4c4ccaf36" testId="ac8be3a4-e623-9c4a-51b5-0fefa1713907" testName="AsEnumerable03ThrowsContractException191" computerName="MINIAC" duration="00:00:00.0007489" startTime="2011-01-06T09:19:48.0481032+00:00" endTime="2011-01-06T09:19:48.0621040+00:00" testType="13cdc9d9-ddb5-4fa4-a97d-d965ccfc6d4b" outcome="Passed" testListId="8c84fa94-04c1-424b-9868-57a2d4851a1d" relativeResultsDirectory="24b8fca7-a542-458d-aead-38c4c4ccaf36">
    </UnitTestResult>
    <UnitTestResult executionId="76c606fb-73c5-4e74-954f-f2ee6551d510" testId="adb8d414-ae64-3ae2-d846-3626315ffdc3" testName="GetByPercentThrowsContractException122" computerName="MINIAC" duration="00:00:00.0012822" startTime="2011-01-06T09:19:48.0661043+00:00" endTime="2011-01-06T09:19:48.0751048+00:00" testType="13cdc9d9-ddb5-4fa4-a97d-d965ccfc6d4b" outcome="Passed" testListId="8c84fa94-04c1-424b-9868-57a2d4851a1d" relativeResultsDirectory="76c606fb-73c5-4e74-954f-f2ee6551d510">
    </UnitTestResult>
    <UnitTestResult executionId="5cf7dc09-a798-44c1-b8ea-e6a482503935" testId="aef19ea6-eb47-a1be-032c-8930cda21d9c" testName="ForEachThrowsContractException904" computerName="MINIAC" duration="00:00:00.0006728" startTime="2011-01-06T09:19:48.0841053+00:00" endTime="2011-01-06T09:19:48.0991061+00:00" testType="13cdc9d9-ddb5-4fa4-a97d-d965ccfc6d4b" outcome="Passed" testListId="8c84fa94-04c1-424b-9868-57a2d4851a1d" relativeResultsDirectory="5cf7dc09-a798-44c1-b8ea-e6a482503935">
    </UnitTestResult>
    <UnitTestResult executionId="0affdbfe-abe7-48c3-81eb-f58b1844221c" testId="af3c2eea-1341-4d08-8112-791e701a0e4e" testName="ForEach908" computerName="MINIAC" duration="00:00:00.0005170" startTime="2011-01-06T09:19:48.1021063+00:00" endTime="2011-01-06T09:19:48.1131069+00:00" testType="13cdc9d9-ddb5-4fa4-a97d-d965ccfc6d4b" outcome="Passed" testListId="8c84fa94-04c1-424b-9868-57a2d4851a1d" relativeResultsDirectory="0affdbfe-abe7-48c3-81eb-f58b1844221c">
    </UnitTestResult>
    <UnitTestResult executionId="534a346c-a13e-49ff-8d59-2b8d17de8cfa" testId="afb4669b-127e-65f4-0cb0-0f6806edc499" testName="Is37301" computerName="MINIAC" duration="00:00:00.0015612" startTime="2011-01-06T09:19:48.1191073+00:00" endTime="2011-01-06T09:19:48.1321080+00:00" testType="13cdc9d9-ddb5-4fa4-a97d-d965ccfc6d4b" outcome="Passed" testListId="8c84fa94-04c1-424b-9868-57a2d4851a1d" relativeResultsDirectory="534a346c-a13e-49ff-8d59-2b8d17de8cfa">
    </UnitTestResult>
    <UnitTestResult executionId="8a3dac17-0ece-4100-830f-70964fbd0624" testId="b086ebe0-6bb0-f4b4-2d74-97b1a10dd517" testName="IfNotNull0159702" computerName="MINIAC" duration="00:00:00.0004530" startTime="2011-01-06T09:19:48.1381084+00:00" endTime="2011-01-06T09:19:48.1551093+00:00" testType="13cdc9d9-ddb5-4fa4-a97d-d965ccfc6d4b" outcome="Passed" testListId="8c84fa94-04c1-424b-9868-57a2d4851a1d" relativeResultsDirectory="8a3dac17-0ece-4100-830f-70964fbd0624">
    </UnitTestResult>
    <UnitTestResult executionId="2b0f1ea5-c6dc-4657-8afe-745ce2681e4c" testId="b1b3cc0b-6a90-d0f7-3c02-c76d499b2ee2" testName="CastAs43401" computerName="MINIAC" duration="00:00:00.0005114" startTime="2011-01-06T09:19:48.1711103+00:00" endTime="2011-01-06T09:19:48.1811108+00:00" testType="13cdc9d9-ddb5-4fa4-a97d-d965ccfc6d4b" outcome="Passed" testListId="8c84fa94-04c1-424b-9868-57a2d4851a1d" relativeResultsDirectory="2b0f1ea5-c6dc-4657-8afe-745ce2681e4c">
    </UnitTestResult>
    <UnitTestResult executionId="96a2496d-ce7f-4187-aacf-4c42af3455a8" testId="b1e8fb4c-7380-ad76-529d-dbdac5528194" testName="As21519" computerName="MINIAC" duration="00:00:00.0029079" startTime="2011-01-06T09:19:48.1851111+00:00" endTime="2011-01-06T09:19:48.2021120+00:00" testType="13cdc9d9-ddb5-4fa4-a97d-d965ccfc6d4b" outcome="Passed" testListId="8c84fa94-04c1-424b-9868-57a2d4851a1d" relativeResultsDirectory="96a2496d-ce7f-4187-aacf-4c42af3455a8">
    </UnitTestResult>
    <UnitTestResult executionId="6a6c0c17-d66d-4aca-b5f8-30558ec3e32b" testId="b2aadfc0-b55c-fa15-a9e1-9405ae9a9cc7" testName="AsEnumerable03148" computerName="MINIAC" duration="00:00:00.0004950" startTime="2011-01-06T09:19:48.2071123+00:00" endTime="2011-01-06T09:19:48.2231132+00:00" testType="13cdc9d9-ddb5-4fa4-a97d-d965ccfc6d4b" outcome="Passed" testListId="8c84fa94-04c1-424b-9868-57a2d4851a1d" relativeResultsDirectory="6a6c0c17-d66d-4aca-b5f8-30558ec3e32b">
    </UnitTestResult>
    <UnitTestResult executionId="d62b9ad0-81ee-4535-bd21-9bab45eb7a89" testId="b2c4141e-1dfd-f110-5623-435719fb340e" testName="AsEnumerable0258801" computerName="MINIAC" duration="00:00:00.0005314" startTime="2011-01-06T09:19:48.2271135+00:00" endTime="2011-01-06T09:19:48.2351139+00:00" testType="13cdc9d9-ddb5-4fa4-a97d-d965ccfc6d4b" outcome="Passed" testListId="8c84fa94-04c1-424b-9868-57a2d4851a1d" relativeResultsDirectory="d62b9ad0-81ee-4535-bd21-9bab45eb7a89">
    </UnitTestResult>
    <UnitTestResult executionId="cef7395e-ffe2-457a-83ef-34832e90426d" testId="b2f30ec3-5e04-5411-1ff4-09fa134b1c9b" testName="NextDateTimeThrowsContractException762" computerName="MINIAC" duration="00:00:00.0014838" startTime="2011-01-06T09:19:48.2391141+00:00" endTime="2011-01-06T09:19:48.2491147+00:00" testType="13cdc9d9-ddb5-4fa4-a97d-d965ccfc6d4b" outcome="Passed" testListId="8c84fa94-04c1-424b-9868-57a2d4851a1d" relativeResultsDirectory="cef7395e-ffe2-457a-83ef-34832e90426d">
    </UnitTestResult>
    <UnitTestResult executionId="84fbc47e-d52b-494a-b910-5a29b8323a2f" testId="b30e4a1d-f330-da4d-3e81-5c536003275c" testName="As0132104" computerName="MINIAC" duration="00:00:00.0022850" startTime="2011-01-06T09:19:48.2511148+00:00" endTime="2011-01-06T09:19:48.2631155+00:00" testType="13cdc9d9-ddb5-4fa4-a97d-d965ccfc6d4b" outcome="Passed" testListId="8c84fa94-04c1-424b-9868-57a2d4851a1d" relativeResultsDirectory="84fbc47e-d52b-494a-b910-5a29b8323a2f">
    </UnitTestResult>
    <UnitTestResult executionId="8a36a047-c10d-475b-b36f-4fdd4d67b1b1" testId="b32008e9-7a6b-e8be-077f-aa699d6cced0" testName="Constructor25201" computerName="MINIAC" duration="00:00:00.0007750" startTime="2011-01-06T09:19:48.2681158+00:00" endTime="2011-01-06T09:19:48.2781164+00:00" testType="13cdc9d9-ddb5-4fa4-a97d-d965ccfc6d4b" outcome="Passed" testListId="8c84fa94-04c1-424b-9868-57a2d4851a1d" relativeResultsDirectory="8a36a047-c10d-475b-b36f-4fdd4d67b1b1">
    </UnitTestResult>
    <UnitTestResult executionId="8728d733-6d2f-498c-b726-7bbd3dd39463" testId="b43d3839-897a-8359-f8af-bc2aa0d853ca" testName="ExecutionTimeThrowsContractException15" computerName="MINIAC" duration="00:00:00.0027763" startTime="2011-01-06T09:19:48.2821166+00:00" endTime="2011-01-06T09:19:48.2921172+00:00" testType="13cdc9d9-ddb5-4fa4-a97d-d965ccfc6d4b" outcome="Passed" testListId="8c84fa94-04c1-424b-9868-57a2d4851a1d" relativeResultsDirectory="8728d733-6d2f-498c-b726-7bbd3dd39463">
    </UnitTestResult>
    <UnitTestResult executionId="f43adb83-3822-453b-9385-042474d536c1" testId="b51e8365-ff64-84bf-89d7-6e6cedcc3dbf" testName="As0163208" computerName="MINIAC" duration="00:00:00.0003938" startTime="2011-01-06T09:19:48.2981175+00:00" endTime="2011-01-06T09:19:48.3051179+00:00" testType="13cdc9d9-ddb5-4fa4-a97d-d965ccfc6d4b" outcome="Passed" testListId="8c84fa94-04c1-424b-9868-57a2d4851a1d" relativeResultsDirectory="f43adb83-3822-453b-9385-042474d536c1">
    </UnitTestResult>
    <UnitTestResult executionId="90ebe0f6-619e-4f32-9ec7-315315afad52" testId="b56ad954-f39f-415d-b4cd-5cf900faebf0" testName="Bound415" computerName="MINIAC" duration="00:00:00.0002930" startTime="2011-01-06T09:19:48.3101182+00:00" endTime="2011-01-06T09:19:48.3181187+00:00" testType="13cdc9d9-ddb5-4fa4-a97d-d965ccfc6d4b" outcome="Passed" testListId="8c84fa94-04c1-424b-9868-57a2d4851a1d" relativeResultsDirectory="90ebe0f6-619e-4f32-9ec7-315315afad52">
    </UnitTestResult>
    <UnitTestResult executionId="2fa5a448-f682-4950-8da7-8dfcfc2758e9" testId="b617e732-b927-e82d-9cd2-abc14274c2cd" testName="EmptyIfNull57401" computerName="MINIAC" duration="00:00:00.0019546" startTime="2011-01-06T09:19:48.3211188+00:00" endTime="2011-01-06T09:19:48.3301194+00:00" testType="13cdc9d9-ddb5-4fa4-a97d-d965ccfc6d4b" outcome="Passed" testListId="8c84fa94-04c1-424b-9868-57a2d4851a1d" relativeResultsDirectory="2fa5a448-f682-4950-8da7-8dfcfc2758e9">
    </UnitTestResult>
    <UnitTestResult executionId="738983fc-ebce-4180-a521-4f3217b1f318" testId="b6dfae7d-5cf1-2d64-17e8-8a5ce5813218" testName="Single617" computerName="MINIAC" duration="00:00:00.0044384" startTime="2011-01-06T09:19:48.3321195+00:00" endTime="2011-01-06T09:19:48.3511206+00:00" testType="13cdc9d9-ddb5-4fa4-a97d-d965ccfc6d4b" outcome="Passed" testListId="8c84fa94-04c1-424b-9868-57a2d4851a1d" relativeResultsDirectory="738983fc-ebce-4180-a521-4f3217b1f318">
    </UnitTestResult>
    <UnitTestResult executionId="cc6c3f63-e6c2-451c-b048-82516a929f42" testId="b70d24a9-e4cc-d879-39c7-bc30de9e70ab" testName="As0163215" computerName="MINIAC" duration="00:00:00.0005282" startTime="2011-01-06T09:19:48.3561208+00:00" endTime="2011-01-06T09:19:48.3651214+00:00" testType="13cdc9d9-ddb5-4fa4-a97d-d965ccfc6d4b" outcome="Passed" testListId="8c84fa94-04c1-424b-9868-57a2d4851a1d" relativeResultsDirectory="cc6c3f63-e6c2-451c-b048-82516a929f42">
    </UnitTestResult>
    <UnitTestResult executionId="a00e846d-4596-4a81-827b-37260238cec3" testId="b74830d0-a6ce-14b6-0d35-7c2e849267f3" testName="Add29603" computerName="MINIAC" duration="00:00:00.0005020" startTime="2011-01-06T09:19:48.3731218+00:00" endTime="2011-01-06T09:19:48.3831224+00:00" testType="13cdc9d9-ddb5-4fa4-a97d-d965ccfc6d4b" outcome="Passed" testListId="8c84fa94-04c1-424b-9868-57a2d4851a1d" relativeResultsDirectory="a00e846d-4596-4a81-827b-37260238cec3">
    </UnitTestResult>
    <UnitTestResult executionId="d0a7d5c3-c4ec-471c-87a2-00d02e35deca" testId="b81ff0f8-4bd4-95ca-3a1e-ebf2dd6ff95a" testName="Shuffle713" computerName="MINIAC" duration="00:00:00.0004040" startTime="2011-01-06T09:19:48.3871226+00:00" endTime="2011-01-06T09:19:48.3951231+00:00" testType="13cdc9d9-ddb5-4fa4-a97d-d965ccfc6d4b" outcome="Passed" testListId="8c84fa94-04c1-424b-9868-57a2d4851a1d" relativeResultsDirectory="d0a7d5c3-c4ec-471c-87a2-00d02e35deca">
    </UnitTestResult>
    <UnitTestResult executionId="0fba31de-c1a4-446e-b0ea-4d3c96c8daf7" testId="b82459f8-9193-4181-e1c2-7a58eee94293" testName="Add88505" computerName="MINIAC" duration="00:00:00.0004437" startTime="2011-01-06T09:19:48.3991233+00:00" endTime="2011-01-06T09:19:48.4071238+00:00" testType="13cdc9d9-ddb5-4fa4-a97d-d965ccfc6d4b" outcome="Passed" testListId="8c84fa94-04c1-424b-9868-57a2d4851a1d" relativeResultsDirectory="0fba31de-c1a4-446e-b0ea-4d3c96c8daf7">
    </UnitTestResult>
    <UnitTestResult executionId="9833b3e3-c5a9-4a39-be3f-ad22771806b3" testId="b8e531ca-ec94-5331-cc83-d2332ab01f85" testName="Fill0157101" computerName="MINIAC" duration="00:00:00.0003494" startTime="2011-01-06T09:19:48.4131241+00:00" endTime="2011-01-06T09:19:48.4211246+00:00" testType="13cdc9d9-ddb5-4fa4-a97d-d965ccfc6d4b" outcome="Passed" testListId="8c84fa94-04c1-424b-9868-57a2d4851a1d" relativeResultsDirectory="9833b3e3-c5a9-4a39-be3f-ad22771806b3">
    </UnitTestResult>
    <UnitTestResult executionId="5b8b6a63-d808-458a-a33b-e2cc48957b77" testId="ba655519-84b5-616e-0933-0bcd320e888d" testName="CreateRectangleThrowsContractException295" computerName="MINIAC" duration="00:00:00.0005608" startTime="2011-01-06T09:19:48.4261248+00:00" endTime="2011-01-06T09:19:48.4371255+00:00" testType="13cdc9d9-ddb5-4fa4-a97d-d965ccfc6d4b" outcome="Passed" testListId="8c84fa94-04c1-424b-9868-57a2d4851a1d" relativeResultsDirectory="5b8b6a63-d808-458a-a33b-e2cc48957b77">
    </UnitTestResult>
    <UnitTestResult executionId="d53a335b-89e0-42ab-b9b9-ba79cab9844d" testId="baf4ce3c-1fc7-efc9-3438-7f66d5c18bcf" testName="As01403" computerName="MINIAC" duration="00:00:00.0009355" startTime="2011-01-06T09:19:48.4421258+00:00" endTime="2011-01-06T09:19:48.4511263+00:00" testType="13cdc9d9-ddb5-4fa4-a97d-d965ccfc6d4b" outcome="Passed" testListId="8c84fa94-04c1-424b-9868-57a2d4851a1d" relativeResultsDirectory="d53a335b-89e0-42ab-b9b9-ba79cab9844d">
    </UnitTestResult>
    <UnitTestResult executionId="56e6e92c-6381-4fee-b348-2f555031b4b3" testId="bbc45056-7304-0cf8-18ec-0f56b7abf591" testName="As0198304" computerName="MINIAC" duration="00:00:00.0033092" startTime="2011-01-06T09:19:48.4551265+00:00" endTime="2011-01-06T09:19:48.4741276+00:00" testType="13cdc9d9-ddb5-4fa4-a97d-d965ccfc6d4b" outcome="Passed" testListId="8c84fa94-04c1-424b-9868-57a2d4851a1d" relativeResultsDirectory="56e6e92c-6381-4fee-b348-2f555031b4b3">
    </UnitTestResult>
    <UnitTestResult executionId="936d145d-f22c-4be8-b7cd-409edf55c3ae" testId="bbe65d68-71ba-72ec-21d1-a0b54bdef612" testName="AsEnumerable0128304" computerName="MINIAC" duration="00:00:00.0003994" startTime="2011-01-06T09:19:48.4781278+00:00" endTime="2011-01-06T09:19:48.4861283+00:00" testType="13cdc9d9-ddb5-4fa4-a97d-d965ccfc6d4b" outcome="Passed" testListId="8c84fa94-04c1-424b-9868-57a2d4851a1d" relativeResultsDirectory="936d145d-f22c-4be8-b7cd-409edf55c3ae">
    </UnitTestResult>
    <UnitTestResult executionId="b7a37a28-29ba-4b7d-a3e8-8a21f626e1bb" testId="bd00057e-88b2-1e9c-846b-ed190ddc5717" testName="To0488601" computerName="MINIAC" duration="00:00:00.0002697" startTime="2011-01-06T09:19:48.4911286+00:00" endTime="2011-01-06T09:19:48.5001291+00:00" testType="13cdc9d9-ddb5-4fa4-a97d-d965ccfc6d4b" outcome="Passed" testListId="8c84fa94-04c1-424b-9868-57a2d4851a1d" relativeResultsDirectory="b7a37a28-29ba-4b7d-a3e8-8a21f626e1bb">
    </UnitTestResult>
    <UnitTestResult executionId="330ec67b-c572-459e-94d3-9b28ab0a4357" testId="bdf234ab-0f12-2337-9094-2671833caeec" testName="As21506" computerName="MINIAC" duration="00:00:00.0005011" startTime="2011-01-06T09:19:48.5011291+00:00" endTime="2011-01-06T09:19:48.5081295+00:00" testType="13cdc9d9-ddb5-4fa4-a97d-d965ccfc6d4b" outcome="Passed" testListId="8c84fa94-04c1-424b-9868-57a2d4851a1d" relativeResultsDirectory="330ec67b-c572-459e-94d3-9b28ab0a4357">
    </UnitTestResult>
    <UnitTestResult executionId="ba299b5d-600c-46d1-9e08-30caba33e4ce" testId="bdf76499-e0f6-3d7b-4432-982ba6c3b223" testName="Fill0168801" computerName="MINIAC" duration="00:00:00.0004955" startTime="2011-01-06T09:19:48.5091296+00:00" endTime="2011-01-06T09:19:48.5171301+00:00" testType="13cdc9d9-ddb5-4fa4-a97d-d965ccfc6d4b" outcome="Passed" testListId="8c84fa94-04c1-424b-9868-57a2d4851a1d" relativeResultsDirectory="ba299b5d-600c-46d1-9e08-30caba33e4ce">
    </UnitTestResult>
    <UnitTestResult executionId="f4723dad-950c-4ae6-92ff-742e1c1c6c2d" testId="be4a640d-264d-b6fa-ba99-6f190c20c0bb" testName="To01463" computerName="MINIAC" duration="00:00:00.0002897" startTime="2011-01-06T09:19:48.5181301+00:00" endTime="2011-01-06T09:19:48.5261306+00:00" testType="13cdc9d9-ddb5-4fa4-a97d-d965ccfc6d4b" outcome="Passed" testListId="8c84fa94-04c1-424b-9868-57a2d4851a1d" relativeResultsDirectory="f4723dad-950c-4ae6-92ff-742e1c1c6c2d">
    </UnitTestResult>
    <UnitTestResult executionId="7ba0d43f-ef5c-41e1-928c-9bf960001155" testId="be5f5722-e49c-2552-3b23-55e7eba52bdb" testName="FromEnumerator55" computerName="MINIAC" duration="00:00:00.0021641" startTime="2011-01-06T09:19:48.5271306+00:00" endTime="2011-01-06T09:19:48.5376309+00:00" testType="13cdc9d9-ddb5-4fa4-a97d-d965ccfc6d4b" outcome="Passed" testListId="8c84fa94-04c1-424b-9868-57a2d4851a1d" relativeResultsDirectory="7ba0d43f-ef5c-41e1-928c-9bf960001155">
    </UnitTestResult>
    <UnitTestResult executionId="3cc87a0f-8243-4f97-a1b7-0caad11d1edc" testId="be772578-3bd6-fe1e-69ad-baa513f62b0b" testName="As0163226" computerName="MINIAC" duration="00:00:00.0003980" startTime="2011-01-06T09:19:48.5376309+00:00" endTime="2011-01-06T09:19:48.5451310+00:00" testType="13cdc9d9-ddb5-4fa4-a97d-d965ccfc6d4b" outcome="Passed" testListId="8c84fa94-04c1-424b-9868-57a2d4851a1d" relativeResultsDirectory="3cc87a0f-8243-4f97-a1b7-0caad11d1edc">
    </UnitTestResult>
    <UnitTestResult executionId="68dec683-055b-4caf-952f-4745b44d6084" testId="bf4b4d8f-a9c5-278f-9d0c-4140566dfe7e" testName="As0130302" computerName="MINIAC" duration="00:00:00.0003872" startTime="2011-01-06T09:19:48.5476311+00:00" endTime="2011-01-06T09:19:48.5526311+00:00" testType="13cdc9d9-ddb5-4fa4-a97d-d965ccfc6d4b" outcome="Passed" testListId="8c84fa94-04c1-424b-9868-57a2d4851a1d" relativeResultsDirectory="68dec683-055b-4caf-952f-4745b44d6084">
    </UnitTestResult>
    <UnitTestResult executionId="1a226058-1c26-4622-860e-5396e4f30732" testId="bff4cadd-4f1c-2dc8-fd6c-9d55b780efae" testName="GetRectangleThrowsContractException636" computerName="MINIAC" duration="00:00:00.0010573" startTime="2011-01-06T09:19:48.5551312+00:00" endTime="2011-01-06T09:19:48.5626313+00:00" testType="13cdc9d9-ddb5-4fa4-a97d-d965ccfc6d4b" outcome="Passed" testListId="8c84fa94-04c1-424b-9868-57a2d4851a1d" relativeResultsDirectory="1a226058-1c26-4622-860e-5396e4f30732">
    </UnitTestResult>
    <UnitTestResult executionId="ba53d947-dea0-4ea9-a824-797064049fb5" testId="c0b049d8-5af1-212d-f646-b9a7aa76e7aa" testName="As0163235" computerName="MINIAC" duration="00:00:00.0003900" startTime="2011-01-06T09:19:48.5651313+00:00" endTime="2011-01-06T09:19:48.5726314+00:00" testType="13cdc9d9-ddb5-4fa4-a97d-d965ccfc6d4b" outcome="Passed" testListId="8c84fa94-04c1-424b-9868-57a2d4851a1d" relativeResultsDirectory="ba53d947-dea0-4ea9-a824-797064049fb5">
    </UnitTestResult>
    <UnitTestResult executionId="a24f9cd4-ba85-48fc-8773-eeebcfb6a9c0" testId="c2a16b22-9983-ed58-4351-7fd3ef453798" testName="SubarrayThrowsContractException629" computerName="MINIAC" duration="00:00:00.0005487" startTime="2011-01-06T09:19:48.5726314+00:00" endTime="2011-01-06T09:19:48.5801316+00:00" testType="13cdc9d9-ddb5-4fa4-a97d-d965ccfc6d4b" outcome="Passed" testListId="8c84fa94-04c1-424b-9868-57a2d4851a1d" relativeResultsDirectory="a24f9cd4-ba85-48fc-8773-eeebcfb6a9c0">
    </UnitTestResult>
    <UnitTestResult executionId="c9d1684e-6ed1-47b2-812c-b1d97ed49279" testId="c35eb805-49e5-7d06-b69d-ba684aaa6791" testName="TakeEveryThrowsContractException998" computerName="MINIAC" duration="00:00:00.0006047" startTime="2011-01-06T09:19:48.5826316+00:00" endTime="2011-01-06T09:19:48.5901317+00:00" testType="13cdc9d9-ddb5-4fa4-a97d-d965ccfc6d4b" outcome="Passed" testListId="8c84fa94-04c1-424b-9868-57a2d4851a1d" relativeResultsDirectory="c9d1684e-6ed1-47b2-812c-b1d97ed49279">
    </UnitTestResult>
    <UnitTestResult executionId="8b4ab14f-64f1-461e-ab19-c99f83a4bb16" testId="c3abe281-9f8b-f567-4c3c-8146a5220784" testName="Bound8" computerName="MINIAC" duration="00:00:00.0002813" startTime="2011-01-06T09:19:48.5926318+00:00" endTime="2011-01-06T09:19:48.5976318+00:00" testType="13cdc9d9-ddb5-4fa4-a97d-d965ccfc6d4b" outcome="Passed" testListId="8c84fa94-04c1-424b-9868-57a2d4851a1d" relativeResultsDirectory="8b4ab14f-64f1-461e-ab19-c99f83a4bb16">
    </UnitTestResult>
    <UnitTestResult executionId="4af0566e-44d5-4782-a8b9-29f6a57107aa" testId="c3b85211-1b55-61c6-8d42-782c04048184" testName="AsEnumerable0258804" computerName="MINIAC" duration="00:00:00.0005249" startTime="2011-01-06T09:19:48.6001319+00:00" endTime="2011-01-06T09:19:48.6051319+00:00" testType="13cdc9d9-ddb5-4fa4-a97d-d965ccfc6d4b" outcome="Passed" testListId="8c84fa94-04c1-424b-9868-57a2d4851a1d" relativeResultsDirectory="4af0566e-44d5-4782-a8b9-29f6a57107aa">
    </UnitTestResult>
    <UnitTestResult executionId="da5d9736-2390-4763-9948-7de8caf55f2b" testId="c3d3e44f-b8f2-c6c6-6587-83f69e120621" testName="InvokeIfRequiredThrowsContractException66" computerName="MINIAC" duration="00:00:00.0012878" startTime="2011-01-06T09:19:48.6076320+00:00" endTime="2011-01-06T09:19:48.6151321+00:00" testType="13cdc9d9-ddb5-4fa4-a97d-d965ccfc6d4b" outcome="Passed" testListId="8c84fa94-04c1-424b-9868-57a2d4851a1d" relativeResultsDirectory="da5d9736-2390-4763-9948-7de8caf55f2b">
    </UnitTestResult>
    <UnitTestResult executionId="63e2afaa-26c2-44f3-8913-67ee9e91532c" testId="c3e8dcc2-bac7-2a0c-9c06-8dc4838145f3" testName="Fill0168802" computerName="MINIAC" duration="00:00:00.0003420" startTime="2011-01-06T09:19:48.6176321+00:00" endTime="2011-01-06T09:19:48.6226322+00:00" testType="13cdc9d9-ddb5-4fa4-a97d-d965ccfc6d4b" outcome="Passed" testListId="8c84fa94-04c1-424b-9868-57a2d4851a1d" relativeResultsDirectory="63e2afaa-26c2-44f3-8913-67ee9e91532c">
    </UnitTestResult>
    <UnitTestResult executionId="4f2b4658-b460-45eb-bcfe-914db3748d48" testId="c441e89e-f895-2b6d-e75c-6ac07c647d62" testName="AsEnumerable0128303" computerName="MINIAC" duration="00:00:00.0004563" startTime="2011-01-06T09:19:48.6251322+00:00" endTime="2011-01-06T09:19:48.6351324+00:00" testType="13cdc9d9-ddb5-4fa4-a97d-d965ccfc6d4b" outcome="Passed" testListId="8c84fa94-04c1-424b-9868-57a2d4851a1d" relativeResultsDirectory="4f2b4658-b460-45eb-bcfe-914db3748d48">
    </UnitTestResult>
    <UnitTestResult executionId="dabfcb4f-65d9-4694-b1bd-6c81f4030357" testId="c599e10a-3bce-c00e-5ae7-dc4630cc5522" testName="AsEnumerable02ThrowsContractException259" computerName="MINIAC" duration="00:00:00.0005865" startTime="2011-01-06T09:19:48.6376324+00:00" endTime="2011-01-06T09:19:48.6536327+00:00" testType="13cdc9d9-ddb5-4fa4-a97d-d965ccfc6d4b" outcome="Passed" testListId="8c84fa94-04c1-424b-9868-57a2d4851a1d" relativeResultsDirectory="dabfcb4f-65d9-4694-b1bd-6c81f4030357">
    </UnitTestResult>
    <UnitTestResult executionId="061f6d3a-2bb4-4681-b2d4-c88f7dca5de5" testId="c5ce8148-8dc2-90ee-1678-f5c16664a761" testName="IsNullableTypeThrowsContractException305" computerName="MINIAC" duration="00:00:00.0005249" startTime="2011-01-06T09:19:48.6636333+00:00" endTime="2011-01-06T09:19:48.6746339+00:00" testType="13cdc9d9-ddb5-4fa4-a97d-d965ccfc6d4b" outcome="Passed" testListId="8c84fa94-04c1-424b-9868-57a2d4851a1d" relativeResultsDirectory="061f6d3a-2bb4-4681-b2d4-c88f7dca5de5">
    </UnitTestResult>
    <UnitTestResult executionId="c8faba56-6d7b-4538-878e-148d634fe5ae" testId="c5e910ca-b0f3-fe99-9027-8d0c98206539" testName="IsPortFree204" computerName="MINIAC" duration="00:00:00.0010186" startTime="2011-01-06T09:19:48.6806343+00:00" endTime="2011-01-06T09:19:48.6886347+00:00" testType="13cdc9d9-ddb5-4fa4-a97d-d965ccfc6d4b" outcome="Passed" testListId="8c84fa94-04c1-424b-9868-57a2d4851a1d" relativeResultsDirectory="c8faba56-6d7b-4538-878e-148d634fe5ae">
    </UnitTestResult>
    <UnitTestResult executionId="f74a06f7-5f9e-44a0-bb08-07373c2dfdc0" testId="c6e56d30-e4b1-0266-4be4-81fd81816d37" testName="ReadLinesFrom335" computerName="MINIAC" duration="00:00:00.0004596" startTime="2011-01-06T09:19:48.6916349+00:00" endTime="2011-01-06T09:19:48.7001351+00:00" testType="13cdc9d9-ddb5-4fa4-a97d-d965ccfc6d4b" outcome="Passed" testListId="8c84fa94-04c1-424b-9868-57a2d4851a1d" relativeResultsDirectory="f74a06f7-5f9e-44a0-bb08-07373c2dfdc0">
    </UnitTestResult>
    <UnitTestResult executionId="ca54f4e9-9833-440a-aff0-27a0f339d857" testId="c80221bd-ca0a-aa23-6b81-2ed5f20f8d5f" testName="As0163229" computerName="MINIAC" duration="00:00:00.0003896" startTime="2011-01-06T09:19:48.7026351+00:00" endTime="2011-01-06T09:19:48.7101352+00:00" testType="13cdc9d9-ddb5-4fa4-a97d-d965ccfc6d4b" outcome="Passed" testListId="8c84fa94-04c1-424b-9868-57a2d4851a1d" relativeResultsDirectory="ca54f4e9-9833-440a-aff0-27a0f339d857">
    </UnitTestResult>
    <UnitTestResult executionId="c998de16-0e35-48e4-b794-a61523752a7c" testId="c915ebab-6006-9244-c1bb-93a0e94b6128" testName="NextCharThrowsContractException997" computerName="MINIAC" duration="00:00:00.0010125" startTime="2011-01-06T09:19:48.7151353+00:00" endTime="2011-01-06T09:19:48.7276355+00:00" testType="13cdc9d9-ddb5-4fa4-a97d-d965ccfc6d4b" outcome="Passed" testListId="8c84fa94-04c1-424b-9868-57a2d4851a1d" relativeResultsDirectory="c998de16-0e35-48e4-b794-a61523752a7c">
    </UnitTestResult>
    <UnitTestResult executionId="edfee35c-71dc-40c7-b18e-53d488492616" testId="cc8275a0-551e-d39e-ef08-c6785391cae1" testName="UnionAll01ThrowsContractException68" computerName="MINIAC" duration="00:00:00.0006322" startTime="2011-01-06T09:19:48.7301355+00:00" endTime="2011-01-06T09:19:48.7401357+00:00" testType="13cdc9d9-ddb5-4fa4-a97d-d965ccfc6d4b" outcome="Passed" testListId="8c84fa94-04c1-424b-9868-57a2d4851a1d" relativeResultsDirectory="edfee35c-71dc-40c7-b18e-53d488492616">
    </UnitTestResult>
    <UnitTestResult executionId="3e4fab1a-ddd7-4099-9de0-4cc7fa9d8cff" testId="cf67e106-470b-64ee-b4ec-daf199d3db2f" testName="Add296" computerName="MINIAC" duration="00:00:00.0004418" startTime="2011-01-06T09:19:48.7426357+00:00" endTime="2011-01-06T09:19:48.7501358+00:00" testType="13cdc9d9-ddb5-4fa4-a97d-d965ccfc6d4b" outcome="Passed" testListId="8c84fa94-04c1-424b-9868-57a2d4851a1d" relativeResultsDirectory="3e4fab1a-ddd7-4099-9de0-4cc7fa9d8cff">
    </UnitTestResult>
    <UnitTestResult executionId="58dbe85a-2c67-48d7-a423-aec74973b35d" testId="d0140d76-78ce-58b3-2274-c95b28b0ccfb" testName="As0163234" computerName="MINIAC" duration="00:00:00.0003947" startTime="2011-01-06T09:19:48.7551359+00:00" endTime="2011-01-06T09:19:48.7626360+00:00" testType="13cdc9d9-ddb5-4fa4-a97d-d965ccfc6d4b" outcome="Passed" testListId="8c84fa94-04c1-424b-9868-57a2d4851a1d" relativeResultsDirectory="58dbe85a-2c67-48d7-a423-aec74973b35d">
    </UnitTestResult>
    <UnitTestResult executionId="1bfb3b7b-84b2-49ad-a3eb-34a0b37e14e8" testId="d0796111-6a05-132b-ff5c-b6d72e8d605c" testName="IsNullOrEmpty83901" computerName="MINIAC" duration="00:00:00.0005506" startTime="2011-01-06T09:19:48.7676361+00:00" endTime="2011-01-06T09:19:48.7751362+00:00" testType="13cdc9d9-ddb5-4fa4-a97d-d965ccfc6d4b" outcome="Passed" testListId="8c84fa94-04c1-424b-9868-57a2d4851a1d" relativeResultsDirectory="1bfb3b7b-84b2-49ad-a3eb-34a0b37e14e8">
    </UnitTestResult>
    <UnitTestResult executionId="de809a00-77ad-410a-af88-aa919b38b458" testId="d11783f8-e784-d3a8-e59d-63f92290584b" testName="CreateRectangle621" computerName="MINIAC" duration="00:00:00.0007470" startTime="2011-01-06T09:19:48.7776363+00:00" endTime="2011-01-06T09:19:48.7876364+00:00" testType="13cdc9d9-ddb5-4fa4-a97d-d965ccfc6d4b" outcome="Passed" testListId="8c84fa94-04c1-424b-9868-57a2d4851a1d" relativeResultsDirectory="de809a00-77ad-410a-af88-aa919b38b458">
    </UnitTestResult>
    <UnitTestResult executionId="23f8ded0-85fd-4cf3-8282-4b9424e184d0" testId="d1244455-073f-9dfb-7627-1dfedd276854" testName="Fill01105" computerName="MINIAC" duration="00:00:00.0003518" startTime="2011-01-06T09:19:48.7901365+00:00" endTime="2011-01-06T09:19:48.8001366+00:00" testType="13cdc9d9-ddb5-4fa4-a97d-d965ccfc6d4b" outcome="Passed" testListId="8c84fa94-04c1-424b-9868-57a2d4851a1d" relativeResultsDirectory="23f8ded0-85fd-4cf3-8282-4b9424e184d0">
    </UnitTestResult>
    <UnitTestResult executionId="e703d41e-e2cd-4ef1-8dd5-fa4e3b551f5f" testId="d2b87ca7-13bf-5225-5027-20d84a20b6c5" testName="Bound01415" computerName="MINIAC" duration="00:00:00.0003121" startTime="2011-01-06T09:19:48.8026366+00:00" endTime="2011-01-06T09:19:48.8126368+00:00" testType="13cdc9d9-ddb5-4fa4-a97d-d965ccfc6d4b" outcome="Passed" testListId="8c84fa94-04c1-424b-9868-57a2d4851a1d" relativeResultsDirectory="e703d41e-e2cd-4ef1-8dd5-fa4e3b551f5f">
    </UnitTestResult>
    <UnitTestResult executionId="879632fd-3ebb-4091-a404-3536414daeeb" testId="d400fa75-dd71-d01b-c6b4-e354835a9d50" testName="Fill01688" computerName="MINIAC" duration="00:00:00.0003588" startTime="2011-01-06T09:19:48.8176369+00:00" endTime="2011-01-06T09:19:48.8251370+00:00" testType="13cdc9d9-ddb5-4fa4-a97d-d965ccfc6d4b" outcome="Passed" testListId="8c84fa94-04c1-424b-9868-57a2d4851a1d" relativeResultsDirectory="879632fd-3ebb-4091-a404-3536414daeeb">
    </UnitTestResult>
    <UnitTestResult executionId="bbc79579-eb99-4659-9888-84b145fb5a54" testId="d5027f5f-1da1-2a25-97cf-1e7da6a062b5" testName="Fill0157104" computerName="MINIAC" duration="00:00:00.0003308" startTime="2011-01-06T09:19:48.8276370+00:00" endTime="2011-01-06T09:19:48.8351371+00:00" testType="13cdc9d9-ddb5-4fa4-a97d-d965ccfc6d4b" outcome="Passed" testListId="8c84fa94-04c1-424b-9868-57a2d4851a1d" relativeResultsDirectory="bbc79579-eb99-4659-9888-84b145fb5a54">
    </UnitTestResult>
    <UnitTestResult executionId="a8f2ce11-1cb2-449c-a2b8-deb7d80125f9" testId="d56f2fbf-3f3e-cba1-4f8d-7b34cec35b0a" testName="As0198303" computerName="MINIAC" duration="00:00:00.0006784" startTime="2011-01-06T09:19:48.8401372+00:00" endTime="2011-01-06T09:19:48.8476373+00:00" testType="13cdc9d9-ddb5-4fa4-a97d-d965ccfc6d4b" outcome="Passed" testListId="8c84fa94-04c1-424b-9868-57a2d4851a1d" relativeResultsDirectory="a8f2ce11-1cb2-449c-a2b8-deb7d80125f9">
    </UnitTestResult>
    <UnitTestResult executionId="db31437f-2e0e-448e-8ce6-7f0cab9db557" testId="d75bbbff-3e3e-ac68-2b4f-48cfb14f2d0a" testName="IfNotNull17303" computerName="MINIAC" duration="00:00:00.0038453" startTime="2011-01-06T09:19:48.8501374+00:00" endTime="2011-01-06T09:19:48.8601375+00:00" testType="13cdc9d9-ddb5-4fa4-a97d-d965ccfc6d4b" outcome="Passed" testListId="8c84fa94-04c1-424b-9868-57a2d4851a1d" relativeResultsDirectory="db31437f-2e0e-448e-8ce6-7f0cab9db557">
    </UnitTestResult>
    <UnitTestResult executionId="851087a9-309e-4e72-aae5-d5a79339de9d" testId="d820847a-a64d-718b-5774-4886058277c3" testName="Add29602" computerName="MINIAC" duration="00:00:00.0004344" startTime="2011-01-06T09:19:48.8626376+00:00" endTime="2011-01-06T09:19:48.8701377+00:00" testType="13cdc9d9-ddb5-4fa4-a97d-d965ccfc6d4b" outcome="Passed" testListId="8c84fa94-04c1-424b-9868-57a2d4851a1d" relativeResultsDirectory="851087a9-309e-4e72-aae5-d5a79339de9d">
    </UnitTestResult>
    <UnitTestResult executionId="939a8bb6-5297-481b-b8bc-5d74f94453f6" testId="d8af0a27-8cd9-d036-917e-00672cd2689b" testName="IfNotNull47703" computerName="MINIAC" duration="00:00:00.0007974" startTime="2011-01-06T09:19:48.8726377+00:00" endTime="2011-01-06T09:19:48.8826379+00:00" testType="13cdc9d9-ddb5-4fa4-a97d-d965ccfc6d4b" outcome="Passed" testListId="8c84fa94-04c1-424b-9868-57a2d4851a1d" relativeResultsDirectory="939a8bb6-5297-481b-b8bc-5d74f94453f6">
    </UnitTestResult>
    <UnitTestResult executionId="0a9dff58-ced3-4823-90ad-1e666b7aab4f" testId="d9b4351c-7a62-1cab-5792-b4bc31c2d3e2" testName="As0163204" computerName="MINIAC" duration="00:00:00.0004054" startTime="2011-01-06T09:19:48.8851379+00:00" endTime="2011-01-06T09:19:48.8976381+00:00" testType="13cdc9d9-ddb5-4fa4-a97d-d965ccfc6d4b" outcome="Passed" testListId="8c84fa94-04c1-424b-9868-57a2d4851a1d" relativeResultsDirectory="0a9dff58-ced3-4823-90ad-1e666b7aab4f">
    </UnitTestResult>
    <UnitTestResult executionId="b7032866-2a68-44fa-b572-c00405605a39" testId="da1ca9d9-3cf8-19c0-56e3-f6bf27a71cc5" testName="InvokeIfRequired01ThrowsContractException171" computerName="MINIAC" duration="00:00:00.0014147" startTime="2011-01-06T09:19:48.9001381+00:00" endTime="2011-01-06T09:19:48.9101383+00:00" testType="13cdc9d9-ddb5-4fa4-a97d-d965ccfc6d4b" outcome="Passed" testListId="8c84fa94-04c1-424b-9868-57a2d4851a1d" relativeResultsDirectory="b7032866-2a68-44fa-b572-c00405605a39">
    </UnitTestResult>
    <UnitTestResult executionId="8b99d04a-b443-49c7-8d3c-48412926f37c" testId="db3591dc-f825-55e5-4b39-c42cda4bfcd4" testName="NextDateTime01ThrowsContractException939" computerName="MINIAC" duration="00:00:00.0009756" startTime="2011-01-06T09:19:48.9126383+00:00" endTime="2011-01-06T09:19:48.9201384+00:00" testType="13cdc9d9-ddb5-4fa4-a97d-d965ccfc6d4b" outcome="Passed" testListId="8c84fa94-04c1-424b-9868-57a2d4851a1d" relativeResultsDirectory="8b99d04a-b443-49c7-8d3c-48412926f37c">
    </UnitTestResult>
    <UnitTestResult executionId="df82c4ea-fd02-4ca6-94c6-634100c923cb" testId="db3b4c9b-bf56-f07b-1edd-3db630376de3" testName="IfNotNull47702" computerName="MINIAC" duration="00:00:00.0003868" startTime="2011-01-06T09:19:48.9226385+00:00" endTime="2011-01-06T09:19:48.9301386+00:00" testType="13cdc9d9-ddb5-4fa4-a97d-d965ccfc6d4b" outcome="Passed" testListId="8c84fa94-04c1-424b-9868-57a2d4851a1d" relativeResultsDirectory="df82c4ea-fd02-4ca6-94c6-634100c923cb">
    </UnitTestResult>
    <UnitTestResult executionId="78a1f6f4-7075-446d-8d3d-d2d740bab87e" testId="dc08494a-5655-aecb-96fc-b52817050a2a" testName="As0163212" computerName="MINIAC" duration="00:00:00.0003872" startTime="2011-01-06T09:19:48.9351387+00:00" endTime="2011-01-06T09:19:48.9451388+00:00" testType="13cdc9d9-ddb5-4fa4-a97d-d965ccfc6d4b" outcome="Passed" testListId="8c84fa94-04c1-424b-9868-57a2d4851a1d" relativeResultsDirectory="78a1f6f4-7075-446d-8d3d-d2d740bab87e">
    </UnitTestResult>
    <UnitTestResult executionId="a633c7e2-97a9-4a87-9e82-9d727bd598ae" testId="de06015f-869e-46b8-4b51-8c7b049b2b96" testName="As0136701" computerName="MINIAC" duration="00:00:00.0005697" startTime="2011-01-06T09:19:48.9501389+00:00" endTime="2011-01-06T09:19:48.9576390+00:00" testType="13cdc9d9-ddb5-4fa4-a97d-d965ccfc6d4b" outcome="Passed" testListId="8c84fa94-04c1-424b-9868-57a2d4851a1d" relativeResultsDirectory="a633c7e2-97a9-4a87-9e82-9d727bd598ae">
    </UnitTestResult>
    <UnitTestResult executionId="36827518-f9ea-4d16-9626-7b331bf93758" testId="de49d3a3-2439-97c8-e419-0307ce6753c3" testName="As76302" computerName="MINIAC" duration="00:00:00.0004624" startTime="2011-01-06T09:19:48.9601391+00:00" endTime="2011-01-06T09:19:48.9701392+00:00" testType="13cdc9d9-ddb5-4fa4-a97d-d965ccfc6d4b" outcome="Passed" testListId="8c84fa94-04c1-424b-9868-57a2d4851a1d" relativeResultsDirectory="36827518-f9ea-4d16-9626-7b331bf93758">
    </UnitTestResult>
    <UnitTestResult executionId="25b3ba06-f983-404b-bb5b-c559b9341f8b" testId="de9d9ca9-6d6f-fece-a7ad-0d011ee5cf94" testName="As0132106" computerName="MINIAC" duration="00:00:00.0004456" startTime="2011-01-06T09:19:48.9751393+00:00" endTime="2011-01-06T09:19:48.9826394+00:00" testType="13cdc9d9-ddb5-4fa4-a97d-d965ccfc6d4b" outcome="Passed" testListId="8c84fa94-04c1-424b-9868-57a2d4851a1d" relativeResultsDirectory="25b3ba06-f983-404b-bb5b-c559b9341f8b">
    </UnitTestResult>
    <UnitTestResult executionId="47463258-56e6-4bae-be50-68be38e30f56" testId="dfa79718-b47c-3d98-c515-96c741fc2ad6" testName="EmptyIfNull12201" computerName="MINIAC" duration="00:00:00.0003686" startTime="2011-01-06T09:19:48.9851394+00:00" endTime="2011-01-06T09:19:48.9951396+00:00" testType="13cdc9d9-ddb5-4fa4-a97d-d965ccfc6d4b" outcome="Passed" testListId="8c84fa94-04c1-424b-9868-57a2d4851a1d" relativeResultsDirectory="47463258-56e6-4bae-be50-68be38e30f56">
    </UnitTestResult>
    <UnitTestResult executionId="9312a8f2-3e1c-4cdc-a940-8feee7ca7d9f" testId="dfddd698-039d-4cb7-341a-94646b1b9270" testName="As01664" computerName="MINIAC" duration="00:00:00.0008352" startTime="2011-01-06T09:19:48.9976396+00:00" endTime="2011-01-06T09:19:49.0051397+00:00" testType="13cdc9d9-ddb5-4fa4-a97d-d965ccfc6d4b" outcome="Passed" testListId="8c84fa94-04c1-424b-9868-57a2d4851a1d" relativeResultsDirectory="9312a8f2-3e1c-4cdc-a940-8feee7ca7d9f">
    </UnitTestResult>
    <UnitTestResult executionId="9f6b21d2-fd85-47dd-b1ce-69c17acc945b" testId="e18cfbc3-f9cf-311e-f710-177b71a46e6d" testName="WithThrowsContractException374" computerName="MINIAC" duration="00:00:00.0005478" startTime="2011-01-06T09:19:49.0101398+00:00" endTime="2011-01-06T09:19:49.0201400+00:00" testType="13cdc9d9-ddb5-4fa4-a97d-d965ccfc6d4b" outcome="Passed" testListId="8c84fa94-04c1-424b-9868-57a2d4851a1d" relativeResultsDirectory="9f6b21d2-fd85-47dd-b1ce-69c17acc945b">
    </UnitTestResult>
    <UnitTestResult executionId="a2bc3e11-d68a-4163-8fbf-21ca5903decf" testId="e2cc1bd6-a2a2-cb02-4b55-fe1eccb8526b" testName="Bound171" computerName="MINIAC" duration="00:00:00.0002906" startTime="2011-01-06T09:19:49.0276401+00:00" endTime="2011-01-06T09:19:49.0351402+00:00" testType="13cdc9d9-ddb5-4fa4-a97d-d965ccfc6d4b" outcome="Passed" testListId="8c84fa94-04c1-424b-9868-57a2d4851a1d" relativeResultsDirectory="a2bc3e11-d68a-4163-8fbf-21ca5903decf">
    </UnitTestResult>
    <UnitTestResult executionId="945ebc5c-0622-4c9b-8c03-06c12041a0c7" testId="e2ea95fb-c5c4-8579-22e2-2d857f0fee1f" testName="NullOr714" computerName="MINIAC" duration="00:00:00.0005725" startTime="2011-01-06T09:19:49.0391404+00:00" endTime="2011-01-06T09:19:49.0471409+00:00" testType="13cdc9d9-ddb5-4fa4-a97d-d965ccfc6d4b" outcome="Passed" testListId="8c84fa94-04c1-424b-9868-57a2d4851a1d" relativeResultsDirectory="945ebc5c-0622-4c9b-8c03-06c12041a0c7">
    </UnitTestResult>
    <UnitTestResult executionId="9739464e-f2f1-48f8-b16c-b474a177add6" testId="e30391ee-1b3b-ee9f-b02c-b47de478c33f" testName="As0132108" computerName="MINIAC" duration="00:00:00.0003910" startTime="2011-01-06T09:19:49.0521412+00:00" endTime="2011-01-06T09:19:49.0661420+00:00" testType="13cdc9d9-ddb5-4fa4-a97d-d965ccfc6d4b" outcome="Passed" testListId="8c84fa94-04c1-424b-9868-57a2d4851a1d" relativeResultsDirectory="9739464e-f2f1-48f8-b16c-b474a177add6">
    </UnitTestResult>
    <UnitTestResult executionId="3fa9c76a-bd95-4c11-a54e-4c7ab32eda57" testId="e37183df-04ce-aa53-28d5-e792188a2202" testName="As0163220" computerName="MINIAC" duration="00:00:00.0003760" startTime="2011-01-06T09:19:49.0701422+00:00" endTime="2011-01-06T09:19:49.0791427+00:00" testType="13cdc9d9-ddb5-4fa4-a97d-d965ccfc6d4b" outcome="Passed" testListId="8c84fa94-04c1-424b-9868-57a2d4851a1d" relativeResultsDirectory="3fa9c76a-bd95-4c11-a54e-4c7ab32eda57">
    </UnitTestResult>
    <UnitTestResult executionId="dfce3d5a-bfdb-44d7-842f-e1869cc6f225" testId="e3e433dc-f656-51bd-faab-b6cc3200c3cc" testName="As0163206" computerName="MINIAC" duration="00:00:00.0005394" startTime="2011-01-06T09:19:49.0821429+00:00" endTime="2011-01-06T09:19:49.0901434+00:00" testType="13cdc9d9-ddb5-4fa4-a97d-d965ccfc6d4b" outcome="Passed" testListId="8c84fa94-04c1-424b-9868-57a2d4851a1d" relativeResultsDirectory="dfce3d5a-bfdb-44d7-842f-e1869cc6f225">
    </UnitTestResult>
    <UnitTestResult executionId="7efb7d93-ae8c-43df-a18f-cf96bfbca51a" testId="e40a6513-5491-eb58-1445-136a4b443728" testName="IsNullOrEmpty17701" computerName="MINIAC" duration="00:00:00.0003807" startTime="2011-01-06T09:19:49.0941436+00:00" endTime="2011-01-06T09:19:49.1031441+00:00" testType="13cdc9d9-ddb5-4fa4-a97d-d965ccfc6d4b" outcome="Passed" testListId="8c84fa94-04c1-424b-9868-57a2d4851a1d" relativeResultsDirectory="7efb7d93-ae8c-43df-a18f-cf96bfbca51a">
    </UnitTestResult>
    <UnitTestResult executionId="ab01a78b-18d6-4b67-87e0-4d2ff9d7d89e" testId="e4451568-6212-a798-2a99-bf5d281a2d5f" testName="CreateIEnumerable420" computerName="MINIAC" duration="00:00:00.0003252" startTime="2011-01-06T09:19:49.1071443+00:00" endTime="2011-01-06T09:19:49.1151448+00:00" testType="13cdc9d9-ddb5-4fa4-a97d-d965ccfc6d4b" outcome="Passed" testListId="8c84fa94-04c1-424b-9868-57a2d4851a1d" relativeResultsDirectory="ab01a78b-18d6-4b67-87e0-4d2ff9d7d89e">
    </UnitTestResult>
    <UnitTestResult executionId="db805869-78af-4d3b-ba52-be71caf36a3a" testId="e4db398c-24ce-cfbd-5f58-d6e71460af67" testName="Fill10501" computerName="MINIAC" duration="00:00:00.0002440" startTime="2011-01-06T09:19:49.1171449+00:00" endTime="2011-01-06T09:19:49.1251454+00:00" testType="13cdc9d9-ddb5-4fa4-a97d-d965ccfc6d4b" outcome="Passed" testListId="8c84fa94-04c1-424b-9868-57a2d4851a1d" relativeResultsDirectory="db805869-78af-4d3b-ba52-be71caf36a3a">
    </UnitTestResult>
    <UnitTestResult executionId="364f372d-fafb-408c-9286-ad4a8445ad32" testId="e5750d14-09bb-ec70-127b-652a47b7dd9c" testName="As0163214" computerName="MINIAC" duration="00:00:00.0003970" startTime="2011-01-06T09:19:49.1281455+00:00" endTime="2011-01-06T09:19:49.1391462+00:00" testType="13cdc9d9-ddb5-4fa4-a97d-d965ccfc6d4b" outcome="Passed" testListId="8c84fa94-04c1-424b-9868-57a2d4851a1d" relativeResultsDirectory="364f372d-fafb-408c-9286-ad4a8445ad32">
    </UnitTestResult>
    <UnitTestResult executionId="f0bd3889-e1bd-4f6c-90ed-79a89365e564" testId="e735690e-b140-3e4d-e258-1945f6f47208" testName="NullOrThrowsContractException951" computerName="MINIAC" duration="00:00:00.0005813" startTime="2011-01-06T09:19:49.1441464+00:00" endTime="2011-01-06T09:19:49.1521469+00:00" testType="13cdc9d9-ddb5-4fa4-a97d-d965ccfc6d4b" outcome="Passed" testListId="8c84fa94-04c1-424b-9868-57a2d4851a1d" relativeResultsDirectory="f0bd3889-e1bd-4f6c-90ed-79a89365e564">
    </UnitTestResult>
    <UnitTestResult executionId="fb99c736-7d87-4322-bb75-1a6f33fb4ab7" testId="e7744f00-f1f0-3f04-ae6a-e86613496233" testName="Add60905" computerName="MINIAC" duration="00:00:00.0004484" startTime="2011-01-06T09:19:49.1551471+00:00" endTime="2011-01-06T09:19:49.1621475+00:00" testType="13cdc9d9-ddb5-4fa4-a97d-d965ccfc6d4b" outcome="Passed" testListId="8c84fa94-04c1-424b-9868-57a2d4851a1d" relativeResultsDirectory="fb99c736-7d87-4322-bb75-1a6f33fb4ab7">
    </UnitTestResult>
    <UnitTestResult executionId="50c217b1-bb6c-45fb-b578-475a56ec55aa" testId="e77c7ab7-183b-1f93-57a3-77e0403bec4c" testName="Fill0157103" computerName="MINIAC" duration="00:00:00.0003639" startTime="2011-01-06T09:19:49.1651476+00:00" endTime="2011-01-06T09:19:49.1751482+00:00" testType="13cdc9d9-ddb5-4fa4-a97d-d965ccfc6d4b" outcome="Passed" testListId="8c84fa94-04c1-424b-9868-57a2d4851a1d" relativeResultsDirectory="50c217b1-bb6c-45fb-b578-475a56ec55aa">
    </UnitTestResult>
    <UnitTestResult executionId="58fa4dcf-4cd8-429f-b09a-2c719b9145f5" testId="e80fc0c4-2914-56fc-191b-489f27774cbc" testName="As0136703" computerName="MINIAC" duration="00:00:00.0005851" startTime="2011-01-06T09:19:49.1791484+00:00" endTime="2011-01-06T09:19:49.1871489+00:00" testType="13cdc9d9-ddb5-4fa4-a97d-d965ccfc6d4b" outcome="Passed" testListId="8c84fa94-04c1-424b-9868-57a2d4851a1d" relativeResultsDirectory="58fa4dcf-4cd8-429f-b09a-2c719b9145f5">
    </UnitTestResult>
    <UnitTestResult executionId="983d573c-effd-4037-88ff-457d61806de0" testId="e860bbd5-6ce1-07c3-fd03-d14cbeda5d8f" testName="Fill57101" computerName="MINIAC" duration="00:00:00.0002510" startTime="2011-01-06T09:19:49.1901491+00:00" endTime="2011-01-06T09:19:49.1991496+00:00" testType="13cdc9d9-ddb5-4fa4-a97d-d965ccfc6d4b" outcome="Passed" testListId="8c84fa94-04c1-424b-9868-57a2d4851a1d" relativeResultsDirectory="983d573c-effd-4037-88ff-457d61806de0">
    </UnitTestResult>
    <UnitTestResult executionId="2079cb11-a0e9-4841-9413-e6b3a1b27625" testId="e89c0529-2532-190e-5936-91edd9263fb1" testName="IfNotNull0192304" computerName="MINIAC" duration="00:00:00.0003686" startTime="2011-01-06T09:19:49.2021498+00:00" endTime="2011-01-06T09:19:49.2131504+00:00" testType="13cdc9d9-ddb5-4fa4-a97d-d965ccfc6d4b" outcome="Passed" testListId="8c84fa94-04c1-424b-9868-57a2d4851a1d" relativeResultsDirectory="2079cb11-a0e9-4841-9413-e6b3a1b27625">
    </UnitTestResult>
    <UnitTestResult executionId="f038606b-1955-40e1-a6ee-7a73ffcfe9d5" testId="e966bfbe-0422-eb75-f093-b800f9c629b7" testName="As0163217" computerName="MINIAC" duration="00:00:00.0003774" startTime="2011-01-06T09:19:49.2161506+00:00" endTime="2011-01-06T09:19:49.2251511+00:00" testType="13cdc9d9-ddb5-4fa4-a97d-d965ccfc6d4b" outcome="Passed" testListId="8c84fa94-04c1-424b-9868-57a2d4851a1d" relativeResultsDirectory="f038606b-1955-40e1-a6ee-7a73ffcfe9d5">
    </UnitTestResult>
    <UnitTestResult executionId="87d6956f-cc88-49f6-90ee-ef98a5a1acd2" testId="e9bdc9dc-adb5-78db-0cb8-fdededd15551" testName="As56801" computerName="MINIAC" duration="00:00:00.0006887" startTime="2011-01-06T09:19:49.2281512+00:00" endTime="2011-01-06T09:19:49.2351516+00:00" testType="13cdc9d9-ddb5-4fa4-a97d-d965ccfc6d4b" outcome="Passed" testListId="8c84fa94-04c1-424b-9868-57a2d4851a1d" relativeResultsDirectory="87d6956f-cc88-49f6-90ee-ef98a5a1acd2">
    </UnitTestResult>
    <UnitTestResult executionId="4530495b-e891-4d47-af60-95adb3f56956" testId="ea8ee283-08b1-8adf-4aa4-5e76e4a476d8" testName="As0132109" computerName="MINIAC" duration="00:00:00.0004703" startTime="2011-01-06T09:19:49.2381518+00:00" endTime="2011-01-06T09:19:49.2461523+00:00" testType="13cdc9d9-ddb5-4fa4-a97d-d965ccfc6d4b" outcome="Passed" testListId="8c84fa94-04c1-424b-9868-57a2d4851a1d" relativeResultsDirectory="4530495b-e891-4d47-af60-95adb3f56956">
    </UnitTestResult>
    <UnitTestResult executionId="911689bf-5668-482c-b36b-7e3d9bdcf4a9" testId="eaed8830-28b9-0d81-19c8-50909473733c" testName="As0163230" computerName="MINIAC" duration="00:00:00.0004479" startTime="2011-01-06T09:19:49.2531527+00:00" endTime="2011-01-06T09:19:49.2631532+00:00" testType="13cdc9d9-ddb5-4fa4-a97d-d965ccfc6d4b" outcome="Passed" testListId="8c84fa94-04c1-424b-9868-57a2d4851a1d" relativeResultsDirectory="911689bf-5668-482c-b36b-7e3d9bdcf4a9">
    </UnitTestResult>
    <UnitTestResult executionId="29e60cdb-e45f-4399-90a2-856d28610fbc" testId="ebf62956-8cad-1ea9-be23-3282e8e24cf9" testName="CollatzCount606" computerName="MINIAC" duration="00:00:00.0005688" startTime="2011-01-06T09:19:49.2661534+00:00" endTime="2011-01-06T09:19:49.2741539+00:00" testType="13cdc9d9-ddb5-4fa4-a97d-d965ccfc6d4b" outcome="Passed" testListId="8c84fa94-04c1-424b-9868-57a2d4851a1d" relativeResultsDirectory="29e60cdb-e45f-4399-90a2-856d28610fbc">
    </UnitTestResult>
    <UnitTestResult executionId="65c7a618-94d7-42e9-a878-847261aa96fb" testId="ec491029-dab5-3481-ec80-f35631103905" testName="As01321" computerName="MINIAC" duration="00:00:00.0009140" startTime="2011-01-06T09:19:49.2771540+00:00" endTime="2011-01-06T09:19:49.2841544+00:00" testType="13cdc9d9-ddb5-4fa4-a97d-d965ccfc6d4b" outcome="Passed" testListId="8c84fa94-04c1-424b-9868-57a2d4851a1d" relativeResultsDirectory="65c7a618-94d7-42e9-a878-847261aa96fb">
    </UnitTestResult>
    <UnitTestResult executionId="f973207a-9dc1-4795-9242-301548a2fd53" testId="ec55615d-1e36-c752-f2bf-b20284d0ae33" testName="As0163223" computerName="MINIAC" duration="00:00:00.0004362" startTime="2011-01-06T09:19:49.2891547+00:00" endTime="2011-01-06T09:19:49.2971552+00:00" testType="13cdc9d9-ddb5-4fa4-a97d-d965ccfc6d4b" outcome="Passed" testListId="8c84fa94-04c1-424b-9868-57a2d4851a1d" relativeResultsDirectory="f973207a-9dc1-4795-9242-301548a2fd53">
    </UnitTestResult>
    <UnitTestResult executionId="f0815582-e813-4140-bb2e-8c4a9f3839fd" testId="ec99d1a9-4b49-a94f-134c-f58d11b57222" testName="AsEnumerable56002" computerName="MINIAC" duration="00:00:00.0003718" startTime="2011-01-06T09:19:49.3071558+00:00" endTime="2011-01-06T09:19:49.3161563+00:00" testType="13cdc9d9-ddb5-4fa4-a97d-d965ccfc6d4b" outcome="Passed" testListId="8c84fa94-04c1-424b-9868-57a2d4851a1d" relativeResultsDirectory="f0815582-e813-4140-bb2e-8c4a9f3839fd">
    </UnitTestResult>
    <UnitTestResult executionId="100929a6-c8ae-4626-a4f8-0013874f18ef" testId="eda1af69-c93e-56bb-5fe9-14115441188c" testName="ReadLinesFromFileThrowsContractException787" computerName="MINIAC" duration="00:00:00.0005104" startTime="2011-01-06T09:19:49.3201565+00:00" endTime="2011-01-06T09:19:49.3281570+00:00" testType="13cdc9d9-ddb5-4fa4-a97d-d965ccfc6d4b" outcome="Passed" testListId="8c84fa94-04c1-424b-9868-57a2d4851a1d" relativeResultsDirectory="100929a6-c8ae-4626-a4f8-0013874f18ef">
    </UnitTestResult>
    <UnitTestResult executionId="87ce6ce8-711b-4187-a5a7-f9483f3665be" testId="ee7a26ae-f08b-c1d5-713f-d21139c592b9" testName="As0163216" computerName="MINIAC" duration="00:00:00.0003760" startTime="2011-01-06T09:19:49.3321572+00:00" endTime="2011-01-06T09:19:49.3421578+00:00" testType="13cdc9d9-ddb5-4fa4-a97d-d965ccfc6d4b" outcome="Passed" testListId="8c84fa94-04c1-424b-9868-57a2d4851a1d" relativeResultsDirectory="87ce6ce8-711b-4187-a5a7-f9483f3665be">
    </UnitTestResult>
    <UnitTestResult executionId="73d6c974-60a9-474c-9d3a-9ebb49872b9e" testId="eeb34c89-a7df-f580-faa2-1b58190ee5be" testName="Add29604" computerName="MINIAC" duration="00:00:00.0005193" startTime="2011-01-06T09:19:49.3451579+00:00" endTime="2011-01-06T09:19:49.3541585+00:00" testType="13cdc9d9-ddb5-4fa4-a97d-d965ccfc6d4b" outcome="Passed" testListId="8c84fa94-04c1-424b-9868-57a2d4851a1d" relativeResultsDirectory="73d6c974-60a9-474c-9d3a-9ebb49872b9e">
    </UnitTestResult>
    <UnitTestResult executionId="80765fe5-087d-4913-93c1-b62e79a5df16" testId="f0b252fe-1565-bae0-f55f-bb06055c22a4" testName="ExecuteThrowsContractException956" computerName="MINIAC" duration="00:00:00.0023391" startTime="2011-01-06T09:19:49.3561586+00:00" endTime="2011-01-06T09:19:49.3661591+00:00" testType="13cdc9d9-ddb5-4fa4-a97d-d965ccfc6d4b" outcome="Passed" testListId="8c84fa94-04c1-424b-9868-57a2d4851a1d" relativeResultsDirectory="80765fe5-087d-4913-93c1-b62e79a5df16">
    </UnitTestResult>
    <UnitTestResult executionId="ad355260-f190-4334-925b-b9c5ac69690e" testId="f20d04ec-6bdf-2adb-3ea0-dea4791f58d1" testName="AsEnumerable01283" computerName="MINIAC" duration="00:00:00.0004115" startTime="2011-01-06T09:19:49.3691593+00:00" endTime="2011-01-06T09:19:49.3791599+00:00" testType="13cdc9d9-ddb5-4fa4-a97d-d965ccfc6d4b" outcome="Passed" testListId="8c84fa94-04c1-424b-9868-57a2d4851a1d" relativeResultsDirectory="ad355260-f190-4334-925b-b9c5ac69690e">
    </UnitTestResult>
    <UnitTestResult executionId="3a7fc293-7959-4813-a49c-5cb0bc8c42e8" testId="f31f6586-bd67-7bb8-9aa9-4e4da8495dd1" testName="IfNotNullThrowsContractException244" computerName="MINIAC" duration="00:00:00.0005478" startTime="2011-01-06T09:19:49.3841602+00:00" endTime="2011-01-06T09:19:49.3921606+00:00" testType="13cdc9d9-ddb5-4fa4-a97d-d965ccfc6d4b" outcome="Passed" testListId="8c84fa94-04c1-424b-9868-57a2d4851a1d" relativeResultsDirectory="3a7fc293-7959-4813-a49c-5cb0bc8c42e8">
    </UnitTestResult>
    <UnitTestResult executionId="69aca2d9-4639-44c9-935c-de8aecfff48c" testId="f342f959-584b-70f7-fc12-f7e45c365653" testName="AsEnumerable0314802" computerName="MINIAC" duration="00:00:00.0004810" startTime="2011-01-06T09:19:49.3971609+00:00" endTime="2011-01-06T09:19:49.4051614+00:00" testType="13cdc9d9-ddb5-4fa4-a97d-d965ccfc6d4b" outcome="Passed" testListId="8c84fa94-04c1-424b-9868-57a2d4851a1d" relativeResultsDirectory="69aca2d9-4639-44c9-935c-de8aecfff48c">
    </UnitTestResult>
    <UnitTestResult executionId="60f5dbed-cebd-4ce4-bea1-d0eab45e8a1b" testId="f4332708-2d9b-652b-a920-66192f9cdfaf" testName="As0132101" computerName="MINIAC" duration="00:00:00.0004544" startTime="2011-01-06T09:19:49.4091616+00:00" endTime="2011-01-06T09:19:49.4181621+00:00" testType="13cdc9d9-ddb5-4fa4-a97d-d965ccfc6d4b" outcome="Passed" testListId="8c84fa94-04c1-424b-9868-57a2d4851a1d" relativeResultsDirectory="60f5dbed-cebd-4ce4-bea1-d0eab45e8a1b">
    </UnitTestResult>
    <UnitTestResult executionId="c1587820-32a7-43fe-a0af-9028dd943516" testId="f4a16930-7fb5-1364-b2bb-1dffeb9040de" testName="Add60903" computerName="MINIAC" duration="00:00:00.0006649" startTime="2011-01-06T09:19:49.4211623+00:00" endTime="2011-01-06T09:19:49.4291627+00:00" testType="13cdc9d9-ddb5-4fa4-a97d-d965ccfc6d4b" outcome="Passed" testListId="8c84fa94-04c1-424b-9868-57a2d4851a1d" relativeResultsDirectory="c1587820-32a7-43fe-a0af-9028dd943516">
    </UnitTestResult>
    <UnitTestResult executionId="407a46f5-ee81-40da-98c2-d8c73757721c" testId="f4fcc51c-8f8e-7431-03c1-95529343e3ab" testName="As0163201" computerName="MINIAC" duration="00:00:00.0005114" startTime="2011-01-06T09:19:49.4321629+00:00" endTime="2011-01-06T09:19:49.4391633+00:00" testType="13cdc9d9-ddb5-4fa4-a97d-d965ccfc6d4b" outcome="Passed" testListId="8c84fa94-04c1-424b-9868-57a2d4851a1d" relativeResultsDirectory="407a46f5-ee81-40da-98c2-d8c73757721c">
    </UnitTestResult>
    <UnitTestResult executionId="319262a7-2dd4-49ae-a49c-f7773503fb7e" testId="f50339b2-56a6-fab9-1b43-e437b5e0a59d" testName="As01983" computerName="MINIAC" duration="00:00:00.0006798" startTime="2011-01-06T09:19:49.4421635+00:00" endTime="2011-01-06T09:19:49.4511640+00:00" testType="13cdc9d9-ddb5-4fa4-a97d-d965ccfc6d4b" outcome="Passed" testListId="8c84fa94-04c1-424b-9868-57a2d4851a1d" relativeResultsDirectory="319262a7-2dd4-49ae-a49c-f7773503fb7e">
    </UnitTestResult>
    <UnitTestResult executionId="c811bba4-76b2-4c68-b3e5-837cc0bb5f1c" testId="f508d895-6987-1ba4-4750-b5ae512c4eca" testName="Add29605" computerName="MINIAC" duration="00:00:00.0004325" startTime="2011-01-06T09:19:49.4531641+00:00" endTime="2011-01-06T09:19:49.4631647+00:00" testType="13cdc9d9-ddb5-4fa4-a97d-d965ccfc6d4b" outcome="Passed" testListId="8c84fa94-04c1-424b-9868-57a2d4851a1d" relativeResultsDirectory="c811bba4-76b2-4c68-b3e5-837cc0bb5f1c">
    </UnitTestResult>
    <UnitTestResult executionId="004973c6-789f-4a42-9db2-107d0beb3e44" testId="f51de229-4761-6e36-e9f5-2ae1d5b346f0" testName="ForEach90801" computerName="MINIAC" duration="00:00:00.0005412" startTime="2011-01-06T09:19:49.4661649+00:00" endTime="2011-01-06T09:19:49.4741653+00:00" testType="13cdc9d9-ddb5-4fa4-a97d-d965ccfc6d4b" outcome="Passed" testListId="8c84fa94-04c1-424b-9868-57a2d4851a1d" relativeResultsDirectory="004973c6-789f-4a42-9db2-107d0beb3e44">
    </UnitTestResult>
    <UnitTestResult executionId="3011e58a-a131-429c-a669-3d8bf98bdd5d" testId="f54b9d87-7e35-d661-8f30-1a09064c130c" testName="IsPortFree18" computerName="MINIAC" duration="00:00:00.0003074" startTime="2011-01-06T09:19:49.4761654+00:00" endTime="2011-01-06T09:19:49.4831658+00:00" testType="13cdc9d9-ddb5-4fa4-a97d-d965ccfc6d4b" outcome="Passed" testListId="8c84fa94-04c1-424b-9868-57a2d4851a1d" relativeResultsDirectory="3011e58a-a131-429c-a669-3d8bf98bdd5d">
    </UnitTestResult>
    <UnitTestResult executionId="ac661821-d114-4a8f-9ff5-c009e9247c0e" testId="f55b9351-7cff-05be-34ae-f71cd06467b8" testName="FromEnumeratorThrowsContractException632" computerName="MINIAC" duration="00:00:00.0005758" startTime="2011-01-06T09:19:49.4881661+00:00" endTime="2011-01-06T09:19:49.4971666+00:00" testType="13cdc9d9-ddb5-4fa4-a97d-d965ccfc6d4b" outcome="Passed" testListId="8c84fa94-04c1-424b-9868-57a2d4851a1d" relativeResultsDirectory="ac661821-d114-4a8f-9ff5-c009e9247c0e">
    </UnitTestResult>
    <UnitTestResult executionId="acc9e0d4-4fad-456e-94c0-d07318c64b40" testId="f5f02455-4aef-8763-5044-dc094bc64ba2" testName="ForEach12502" computerName="MINIAC" duration="00:00:00.0021916" startTime="2011-01-06T09:19:49.5001668+00:00" endTime="2011-01-06T09:19:49.5091673+00:00" testType="13cdc9d9-ddb5-4fa4-a97d-d965ccfc6d4b" outcome="Passed" testListId="8c84fa94-04c1-424b-9868-57a2d4851a1d" relativeResultsDirectory="acc9e0d4-4fad-456e-94c0-d07318c64b40">
    </UnitTestResult>
    <UnitTestResult executionId="91f145ca-c0a0-4164-9bf6-01fedffc96dd" testId="f66902ae-2eb8-36de-bdb4-af24338ae682" testName="TakeEveryThrowsContractException597" computerName="MINIAC" duration="00:00:00.0006131" startTime="2011-01-06T09:19:49.5121675+00:00" endTime="2011-01-06T09:19:49.5201679+00:00" testType="13cdc9d9-ddb5-4fa4-a97d-d965ccfc6d4b" outcome="Passed" testListId="8c84fa94-04c1-424b-9868-57a2d4851a1d" relativeResultsDirectory="91f145ca-c0a0-4164-9bf6-01fedffc96dd">
    </UnitTestResult>
    <UnitTestResult executionId="a497565a-8bb9-44e6-88a4-720d736ac35a" testId="f685a220-cae8-50b0-d543-46e310017a33" testName="As01632" computerName="MINIAC" duration="00:00:00.0003844" startTime="2011-01-06T09:19:49.5281684+00:00" endTime="2011-01-06T09:19:49.5371689+00:00" testType="13cdc9d9-ddb5-4fa4-a97d-d965ccfc6d4b" outcome="Passed" testListId="8c84fa94-04c1-424b-9868-57a2d4851a1d" relativeResultsDirectory="a497565a-8bb9-44e6-88a4-720d736ac35a">
    </UnitTestResult>
    <UnitTestResult executionId="eaf2efeb-6dae-47e9-aafc-78912a8726fe" testId="f791b1fc-7ecf-06ad-9b72-838a0f1da804" testName="As0136702" computerName="MINIAC" duration="00:00:00.0005790" startTime="2011-01-06T09:19:49.5411691+00:00" endTime="2011-01-06T09:19:49.5491696+00:00" testType="13cdc9d9-ddb5-4fa4-a97d-d965ccfc6d4b" outcome="Passed" testListId="8c84fa94-04c1-424b-9868-57a2d4851a1d" relativeResultsDirectory="eaf2efeb-6dae-47e9-aafc-78912a8726fe">
    </UnitTestResult>
    <UnitTestResult executionId="ff8b6810-4aad-40fa-880d-962b35ca24f6" testId="f96aeaaa-982a-50fe-9819-4fadbbdc5555" testName="IfNotNull0159701" computerName="MINIAC" duration="00:00:00.0003233" startTime="2011-01-06T09:19:49.5531698+00:00" endTime="2011-01-06T09:19:49.5611703+00:00" testType="13cdc9d9-ddb5-4fa4-a97d-d965ccfc6d4b" outcome="Passed" testListId="8c84fa94-04c1-424b-9868-57a2d4851a1d" relativeResultsDirectory="ff8b6810-4aad-40fa-880d-962b35ca24f6">
    </UnitTestResult>
    <UnitTestResult executionId="21f2b803-7853-40b2-92b4-3288289b75ee" testId="fa540630-b33a-7141-4c49-c4e59268577a" testName="CountGet1901" computerName="MINIAC" duration="00:00:00.0010890" startTime="2011-01-06T09:19:49.5641705+00:00" endTime="2011-01-06T09:19:49.5731710+00:00" testType="13cdc9d9-ddb5-4fa4-a97d-d965ccfc6d4b" outcome="Passed" testListId="8c84fa94-04c1-424b-9868-57a2d4851a1d" relativeResultsDirectory="21f2b803-7853-40b2-92b4-3288289b75ee">
    </UnitTestResult>
    <UnitTestResult executionId="c94c2510-0361-4cc1-85aa-57b53d62d3c7" testId="fbd930ae-612e-63f9-7d85-96b5097af772" testName="ThrowTest" computerName="MINIAC" duration="00:00:00.0020367" startTime="2011-01-06T09:19:49.5791713+00:00" endTime="2011-01-06T09:19:49.5871718+00:00" testType="13cdc9d9-ddb5-4fa4-a97d-d965ccfc6d4b" outcome="Passed" testListId="8c84fa94-04c1-424b-9868-57a2d4851a1d" relativeResultsDirectory="c94c2510-0361-4cc1-85aa-57b53d62d3c7">
    </UnitTestResult>
    <UnitTestResult executionId="2b7413a0-dca8-43d7-a876-19a6c5a47eaa" testId="fc92c33d-a24e-4715-be4e-9ee45be3958a" testName="IfNotNull477" computerName="MINIAC" duration="00:00:00.0003728" startTime="2011-01-06T09:19:49.5911720+00:00" endTime="2011-01-06T09:19:49.5981724+00:00" testType="13cdc9d9-ddb5-4fa4-a97d-d965ccfc6d4b" outcome="Passed" testListId="8c84fa94-04c1-424b-9868-57a2d4851a1d" relativeResultsDirectory="2b7413a0-dca8-43d7-a876-19a6c5a47eaa">
    </UnitTestResult>
    <UnitTestResult executionId="70fe94e9-59cb-4f3a-aefc-21b74e28843c" testId="fd09b993-a9b4-e74b-ac25-fcabec687112" testName="Execute93301" computerName="MINIAC" duration="00:00:00.0002538" startTime="2011-01-06T09:19:49.6031727+00:00" endTime="2011-01-06T09:19:49.6091730+00:00" testType="13cdc9d9-ddb5-4fa4-a97d-d965ccfc6d4b" outcome="Passed" testListId="8c84fa94-04c1-424b-9868-57a2d4851a1d" relativeResultsDirectory="70fe94e9-59cb-4f3a-aefc-21b74e28843c">
    </UnitTestResult>
    <UnitTestResult executionId="86fc669b-81f9-46d9-89c5-5af06fd2c291" testId="fdc59520-9564-0684-d4f9-2091f576f931" testName="NullOr71403" computerName="MINIAC" duration="00:00:00.0004708" startTime="2011-01-06T09:19:49.6131733+00:00" endTime="2011-01-06T09:19:49.6231738+00:00" testType="13cdc9d9-ddb5-4fa4-a97d-d965ccfc6d4b" outcome="Passed" testListId="8c84fa94-04c1-424b-9868-57a2d4851a1d" relativeResultsDirectory="86fc669b-81f9-46d9-89c5-5af06fd2c291">
    </UnitTestResult>
    <UnitTestResult executionId="50edc21c-f848-41fd-a7b2-fa6cce252410" testId="fdc6582f-0eab-5f36-d160-7547a6de5dbb" testName="IfNotNull17301" computerName="MINIAC" duration="00:00:00.0003298" startTime="2011-01-06T09:19:49.6291742+00:00" endTime="2011-01-06T09:19:49.6371746+00:00" testType="13cdc9d9-ddb5-4fa4-a97d-d965ccfc6d4b" outcome="Passed" testListId="8c84fa94-04c1-424b-9868-57a2d4851a1d" relativeResultsDirectory="50edc21c-f848-41fd-a7b2-fa6cce252410">
    </UnitTestResult>
    <UnitTestResult executionId="61aa932e-b381-4cf9-8369-d4e549a310fa" testId="febe8afb-7bc1-3f13-831b-73b163a8c327" testName="As0132105" computerName="MINIAC" duration="00:00:00.0004059" startTime="2011-01-06T09:19:49.6391748+00:00" endTime="2011-01-06T09:19:49.6471752+00:00" testType="13cdc9d9-ddb5-4fa4-a97d-d965ccfc6d4b" outcome="Passed" testListId="8c84fa94-04c1-424b-9868-57a2d4851a1d" relativeResultsDirectory="61aa932e-b381-4cf9-8369-d4e549a310fa">
    </UnitTestResult>
  </Results>
</TestRun>