<?xml version="1.0" encoding="UTF-8"?>
<TestRun id="06243771-8370-48cc-a559-c57d965a2432" name="SuprDewd@EDSAC 2010-12-04 14:24:40" runUser="EDSAC\SuprDewd" xmlns="http://microsoft.com/schemas/VisualStudio/TeamTest/2010">
  <TestSettings name="Local" id="4c59a5fa-d837-49f8-8b62-15cf0be0742f">
    <Description>These are default test settings for a local test run.</Description>
    <Deployment enabled="false" runDeploymentRoot="SuprDewd_EDSAC 2010-12-04 14_24_40">
      <DeploymentItem filename="C:\Users\SuprDewd\Desktop\Projects\Forritun\SharpBag\SharpBag.Tests01\MolesAssemblies\SharpBag.Moles.dll" />
      <DeploymentItem filename="C:\Users\SuprDewd\Desktop\Projects\Forritun\SharpBag\SharpBag\bin\Release\SharpBag.dll" />
    </Deployment>
    <Execution>
      <TestTypeSpecific />
      <AgentRule name="Execution Agents">
      </AgentRule>
    </Execution>
  </TestSettings>
  <Times creation="2010-12-04T14:24:40.9371689+00:00" queuing="2010-12-04T14:24:41.1721824+00:00" start="2010-12-04T14:24:41.4061958+00:00" finish="2010-12-04T14:24:47.4915438+00:00" />
  <ResultSummary outcome="Failed">
    <Counters total="267" executed="267" passed="265" error="0" failed="2" timeout="0" aborted="0" inconclusive="0" passedButRunAborted="0" notRunnable="0" notExecuted="0" disconnected="0" warning="0" completed="0" inProgress="0" pending="0" />
  </ResultSummary>
  <TestDefinitions>
    <UnitTest name="SubarrayThrowsIndexOutOfRangeException166" storage="c:\users\suprdewd\desktop\projects\forritun\sharpbag\sharpbag.tests01\bin\release\sharpbag.tests.dll" id="830b7e4e-1e9d-8453-edde-ba93d873d94b">
      <Execution id="8112384d-4395-4dcd-a0a4-71ade4f34f66" />
      <TestMethod codeBase="C:/Users/SuprDewd/Desktop/Projects/Forritun/SharpBag/SharpBag.Tests01/bin/Release/SharpBag.Tests.DLL" adapterTypeName="Microsoft.VisualStudio.TestTools.TestTypes.Unit.UnitTestAdapter, Microsoft.VisualStudio.QualityTools.Tips.UnitTest.Adapter, Version=10.0.0.0, Culture=neutral, PublicKeyToken=b03f5f7f11d50a3a" className="SharpBag.ExtensionsTest, SharpBag.Tests, Version=0.0.0.0, Culture=neutral, PublicKeyToken=null" name="SubarrayThrowsIndexOutOfRangeException166" />
    </UnitTest>
    <UnitTest name="As0136704" storage="c:\users\suprdewd\desktop\projects\forritun\sharpbag\sharpbag.tests01\bin\release\sharpbag.tests.dll" id="29095a51-c311-c865-7cf1-7076578258b7">
      <Execution id="9e04399e-b264-4d56-97a0-4fa7da27cd1b" />
      <TestMethod codeBase="C:/Users/SuprDewd/Desktop/Projects/Forritun/SharpBag/SharpBag.Tests01/bin/Release/SharpBag.Tests.DLL" adapterTypeName="Microsoft.VisualStudio.TestTools.TestTypes.Unit.UnitTestAdapter, Microsoft.VisualStudio.QualityTools.Tips.UnitTest.Adapter, Version=10.0.0.0, Culture=neutral, PublicKeyToken=b03f5f7f11d50a3a" className="SharpBag.ExtensionsTest, SharpBag.Tests, Version=0.0.0.0, Culture=neutral, PublicKeyToken=null" name="As0136704" />
    </UnitTest>
    <UnitTest name="As0163239" storage="c:\users\suprdewd\desktop\projects\forritun\sharpbag\sharpbag.tests01\bin\release\sharpbag.tests.dll" id="91ad74e2-7f98-39c5-b2ac-d6979eb1e521">
      <Execution id="ced0c880-cbb7-4be3-829e-a0abf5deeeb4" />
      <TestMethod codeBase="C:/Users/SuprDewd/Desktop/Projects/Forritun/SharpBag/SharpBag.Tests01/bin/Release/SharpBag.Tests.DLL" adapterTypeName="Microsoft.VisualStudio.TestTools.TestTypes.Unit.UnitTestAdapter, Microsoft.VisualStudio.QualityTools.Tips.UnitTest.Adapter, Version=10.0.0.0, Culture=neutral, PublicKeyToken=b03f5f7f11d50a3a" className="SharpBag.ExtensionsTest, SharpBag.Tests, Version=0.0.0.0, Culture=neutral, PublicKeyToken=null" name="As0163239" />
    </UnitTest>
    <UnitTest name="As0163213" storage="c:\users\suprdewd\desktop\projects\forritun\sharpbag\sharpbag.tests01\bin\release\sharpbag.tests.dll" id="2e9abde5-72f2-18f2-ec62-8da36318a8ed">
      <Execution id="87d08fda-6419-45b8-9833-bb1d4c9546e7" />
      <TestMethod codeBase="C:/Users/SuprDewd/Desktop/Projects/Forritun/SharpBag/SharpBag.Tests01/bin/Release/SharpBag.Tests.DLL" adapterTypeName="Microsoft.VisualStudio.TestTools.TestTypes.Unit.UnitTestAdapter, Microsoft.VisualStudio.QualityTools.Tips.UnitTest.Adapter, Version=10.0.0.0, Culture=neutral, PublicKeyToken=b03f5f7f11d50a3a" className="SharpBag.ExtensionsTest, SharpBag.Tests, Version=0.0.0.0, Culture=neutral, PublicKeyToken=null" name="As0163213" />
    </UnitTest>
    <UnitTest name="As0163214" storage="c:\users\suprdewd\desktop\projects\forritun\sharpbag\sharpbag.tests01\bin\release\sharpbag.tests.dll" id="e5750d14-09bb-ec70-127b-652a47b7dd9c">
      <Execution id="28f352ff-fb4e-4fec-b6d5-f5a88ef59d1b" />
      <TestMethod codeBase="C:/Users/SuprDewd/Desktop/Projects/Forritun/SharpBag/SharpBag.Tests01/bin/Release/SharpBag.Tests.DLL" adapterTypeName="Microsoft.VisualStudio.TestTools.TestTypes.Unit.UnitTestAdapter, Microsoft.VisualStudio.QualityTools.Tips.UnitTest.Adapter, Version=10.0.0.0, Culture=neutral, PublicKeyToken=b03f5f7f11d50a3a" className="SharpBag.ExtensionsTest, SharpBag.Tests, Version=0.0.0.0, Culture=neutral, PublicKeyToken=null" name="As0163214" />
    </UnitTest>
    <UnitTest name="UnionAll02ThrowsContractException669" storage="c:\users\suprdewd\desktop\projects\forritun\sharpbag\sharpbag.tests01\bin\release\sharpbag.tests.dll" id="4828b82d-197c-d38d-1052-fb24855ec6ae">
      <Execution id="c6078f6c-536f-484b-aa09-6507fec79c1f" />
      <TestMethod codeBase="C:/Users/SuprDewd/Desktop/Projects/Forritun/SharpBag/SharpBag.Tests01/bin/Release/SharpBag.Tests.DLL" adapterTypeName="Microsoft.VisualStudio.TestTools.TestTypes.Unit.UnitTestAdapter, Microsoft.VisualStudio.QualityTools.Tips.UnitTest.Adapter, Version=10.0.0.0, Culture=neutral, PublicKeyToken=b03f5f7f11d50a3a" className="SharpBag.ExtensionsTest, SharpBag.Tests, Version=0.0.0.0, Culture=neutral, PublicKeyToken=null" name="UnionAll02ThrowsContractException669" />
    </UnitTest>
    <UnitTest name="As0163240" storage="c:\users\suprdewd\desktop\projects\forritun\sharpbag\sharpbag.tests01\bin\release\sharpbag.tests.dll" id="3f99a1d3-4dae-8b7d-a361-9ebbf5115b1e">
      <Execution id="c5f8e6c9-8e2b-42d0-8abc-29052c97daad" />
      <TestMethod codeBase="C:/Users/SuprDewd/Desktop/Projects/Forritun/SharpBag/SharpBag.Tests01/bin/Release/SharpBag.Tests.DLL" adapterTypeName="Microsoft.VisualStudio.TestTools.TestTypes.Unit.UnitTestAdapter, Microsoft.VisualStudio.QualityTools.Tips.UnitTest.Adapter, Version=10.0.0.0, Culture=neutral, PublicKeyToken=b03f5f7f11d50a3a" className="SharpBag.ExtensionsTest, SharpBag.Tests, Version=0.0.0.0, Culture=neutral, PublicKeyToken=null" name="As0163240" />
    </UnitTest>
    <UnitTest name="As0163243" storage="c:\users\suprdewd\desktop\projects\forritun\sharpbag\sharpbag.tests01\bin\release\sharpbag.tests.dll" id="4fbb91c1-c965-1543-022c-12856d2ae5ad">
      <Execution id="b8c8886b-324a-4f4e-8e5b-f5b2f3de57af" />
      <TestMethod codeBase="C:/Users/SuprDewd/Desktop/Projects/Forritun/SharpBag/SharpBag.Tests01/bin/Release/SharpBag.Tests.DLL" adapterTypeName="Microsoft.VisualStudio.TestTools.TestTypes.Unit.UnitTestAdapter, Microsoft.VisualStudio.QualityTools.Tips.UnitTest.Adapter, Version=10.0.0.0, Culture=neutral, PublicKeyToken=b03f5f7f11d50a3a" className="SharpBag.ExtensionsTest, SharpBag.Tests, Version=0.0.0.0, Culture=neutral, PublicKeyToken=null" name="As0163243" />
    </UnitTest>
    <UnitTest name="Shuffle565" storage="c:\users\suprdewd\desktop\projects\forritun\sharpbag\sharpbag.tests01\bin\release\sharpbag.tests.dll" id="8d424c8f-9c8d-8bdb-c98c-1e76a87f52e2">
      <Execution id="97924630-069e-4632-b060-b692e8cc73e7" />
      <TestMethod codeBase="C:/Users/SuprDewd/Desktop/Projects/Forritun/SharpBag/SharpBag.Tests01/bin/Release/SharpBag.Tests.DLL" adapterTypeName="Microsoft.VisualStudio.TestTools.TestTypes.Unit.UnitTestAdapter, Microsoft.VisualStudio.QualityTools.Tips.UnitTest.Adapter, Version=10.0.0.0, Culture=neutral, PublicKeyToken=b03f5f7f11d50a3a" className="SharpBag.ExtensionsTest, SharpBag.Tests, Version=0.0.0.0, Culture=neutral, PublicKeyToken=null" name="Shuffle565" />
    </UnitTest>
    <UnitTest name="ToDictionary65201" storage="c:\users\suprdewd\desktop\projects\forritun\sharpbag\sharpbag.tests01\bin\release\sharpbag.tests.dll" id="6b5ea87c-ca8e-cd07-2a54-53cd363577f8">
      <Execution id="39c9c1d0-0e4e-4398-8e25-4b4ae1310e2c" />
      <TestMethod codeBase="C:/Users/SuprDewd/Desktop/Projects/Forritun/SharpBag/SharpBag.Tests01/bin/Release/SharpBag.Tests.DLL" adapterTypeName="Microsoft.VisualStudio.TestTools.TestTypes.Unit.UnitTestAdapter, Microsoft.VisualStudio.QualityTools.Tips.UnitTest.Adapter, Version=10.0.0.0, Culture=neutral, PublicKeyToken=b03f5f7f11d50a3a" className="SharpBag.ExtensionsTest, SharpBag.Tests, Version=0.0.0.0, Culture=neutral, PublicKeyToken=null" name="ToDictionary65201" />
    </UnitTest>
    <UnitTest name="AsEnumerable0258804" storage="c:\users\suprdewd\desktop\projects\forritun\sharpbag\sharpbag.tests01\bin\release\sharpbag.tests.dll" id="c3b85211-1b55-61c6-8d42-782c04048184">
      <Execution id="61cb115f-1f64-47ec-9ad0-486df6294cfa" />
      <TestMethod codeBase="C:/Users/SuprDewd/Desktop/Projects/Forritun/SharpBag/SharpBag.Tests01/bin/Release/SharpBag.Tests.DLL" adapterTypeName="Microsoft.VisualStudio.TestTools.TestTypes.Unit.UnitTestAdapter, Microsoft.VisualStudio.QualityTools.Tips.UnitTest.Adapter, Version=10.0.0.0, Culture=neutral, PublicKeyToken=b03f5f7f11d50a3a" className="SharpBag.ExtensionsTest, SharpBag.Tests, Version=0.0.0.0, Culture=neutral, PublicKeyToken=null" name="AsEnumerable0258804" />
    </UnitTest>
    <UnitTest name="Add60901" storage="c:\users\suprdewd\desktop\projects\forritun\sharpbag\sharpbag.tests01\bin\release\sharpbag.tests.dll" id="03c88b26-e4eb-d38e-6683-3ac55f8aeeac">
      <Execution id="487ebf59-079e-474b-bc25-818d32b174f3" />
      <TestMethod codeBase="C:/Users/SuprDewd/Desktop/Projects/Forritun/SharpBag/SharpBag.Tests01/bin/Release/SharpBag.Tests.DLL" adapterTypeName="Microsoft.VisualStudio.TestTools.TestTypes.Unit.UnitTestAdapter, Microsoft.VisualStudio.QualityTools.Tips.UnitTest.Adapter, Version=10.0.0.0, Culture=neutral, PublicKeyToken=b03f5f7f11d50a3a" className="SharpBag.ExtensionsTest, SharpBag.Tests, Version=0.0.0.0, Culture=neutral, PublicKeyToken=null" name="Add60901" />
    </UnitTest>
    <UnitTest name="As21502" storage="c:\users\suprdewd\desktop\projects\forritun\sharpbag\sharpbag.tests01\bin\release\sharpbag.tests.dll" id="7896ac03-38fd-b99c-d27e-6cbd208a3f1e">
      <Execution id="f049a156-0509-4aff-a15b-f6834282f75c" />
      <TestMethod codeBase="C:/Users/SuprDewd/Desktop/Projects/Forritun/SharpBag/SharpBag.Tests01/bin/Release/SharpBag.Tests.DLL" adapterTypeName="Microsoft.VisualStudio.TestTools.TestTypes.Unit.UnitTestAdapter, Microsoft.VisualStudio.QualityTools.Tips.UnitTest.Adapter, Version=10.0.0.0, Culture=neutral, PublicKeyToken=b03f5f7f11d50a3a" className="SharpBag.ExtensionsTest, SharpBag.Tests, Version=0.0.0.0, Culture=neutral, PublicKeyToken=null" name="As21502" />
    </UnitTest>
    <UnitTest name="As0163225" storage="c:\users\suprdewd\desktop\projects\forritun\sharpbag\sharpbag.tests01\bin\release\sharpbag.tests.dll" id="2b9734bf-2716-3fbd-907d-b338c9f5816c">
      <Execution id="41a71f85-8f7b-4c8e-a14d-0f8cf2a3697d" />
      <TestMethod codeBase="C:/Users/SuprDewd/Desktop/Projects/Forritun/SharpBag/SharpBag.Tests01/bin/Release/SharpBag.Tests.DLL" adapterTypeName="Microsoft.VisualStudio.TestTools.TestTypes.Unit.UnitTestAdapter, Microsoft.VisualStudio.QualityTools.Tips.UnitTest.Adapter, Version=10.0.0.0, Culture=neutral, PublicKeyToken=b03f5f7f11d50a3a" className="SharpBag.ExtensionsTest, SharpBag.Tests, Version=0.0.0.0, Culture=neutral, PublicKeyToken=null" name="As0163225" />
    </UnitTest>
    <UnitTest name="WithThrowsContractException374" storage="c:\users\suprdewd\desktop\projects\forritun\sharpbag\sharpbag.tests01\bin\release\sharpbag.tests.dll" id="e18cfbc3-f9cf-311e-f710-177b71a46e6d">
      <Execution id="65a2d038-c708-4609-904a-7b9a67b9e0e8" />
      <TestMethod codeBase="C:/Users/SuprDewd/Desktop/Projects/Forritun/SharpBag/SharpBag.Tests01/bin/Release/SharpBag.Tests.DLL" adapterTypeName="Microsoft.VisualStudio.TestTools.TestTypes.Unit.UnitTestAdapter, Microsoft.VisualStudio.QualityTools.Tips.UnitTest.Adapter, Version=10.0.0.0, Culture=neutral, PublicKeyToken=b03f5f7f11d50a3a" className="SharpBag.ExtensionsTest, SharpBag.Tests, Version=0.0.0.0, Culture=neutral, PublicKeyToken=null" name="WithThrowsContractException374" />
    </UnitTest>
    <UnitTest name="As0163231" storage="c:\users\suprdewd\desktop\projects\forritun\sharpbag\sharpbag.tests01\bin\release\sharpbag.tests.dll" id="466bff3f-4c8e-a9c1-50f6-91ffeb15d3a1">
      <Execution id="b55a51f9-26ee-4832-bc5e-b0b84d8eb4fa" />
      <TestMethod codeBase="C:/Users/SuprDewd/Desktop/Projects/Forritun/SharpBag/SharpBag.Tests01/bin/Release/SharpBag.Tests.DLL" adapterTypeName="Microsoft.VisualStudio.TestTools.TestTypes.Unit.UnitTestAdapter, Microsoft.VisualStudio.QualityTools.Tips.UnitTest.Adapter, Version=10.0.0.0, Culture=neutral, PublicKeyToken=b03f5f7f11d50a3a" className="SharpBag.ExtensionsTest, SharpBag.Tests, Version=0.0.0.0, Culture=neutral, PublicKeyToken=null" name="As0163231" />
    </UnitTest>
    <UnitTest name="AsEnumerable0314802" storage="c:\users\suprdewd\desktop\projects\forritun\sharpbag\sharpbag.tests01\bin\release\sharpbag.tests.dll" id="f342f959-584b-70f7-fc12-f7e45c365653">
      <Execution id="4b8abbec-51ea-44d9-9682-329fa38ae446" />
      <TestMethod codeBase="C:/Users/SuprDewd/Desktop/Projects/Forritun/SharpBag/SharpBag.Tests01/bin/Release/SharpBag.Tests.DLL" adapterTypeName="Microsoft.VisualStudio.TestTools.TestTypes.Unit.UnitTestAdapter, Microsoft.VisualStudio.QualityTools.Tips.UnitTest.Adapter, Version=10.0.0.0, Culture=neutral, PublicKeyToken=b03f5f7f11d50a3a" className="SharpBag.ExtensionsTest, SharpBag.Tests, Version=0.0.0.0, Culture=neutral, PublicKeyToken=null" name="AsEnumerable0314802" />
    </UnitTest>
    <UnitTest name="With25501" storage="c:\users\suprdewd\desktop\projects\forritun\sharpbag\sharpbag.tests01\bin\release\sharpbag.tests.dll" id="9ed7c416-1a7b-4673-195d-ca2e196d2a2e">
      <Execution id="07b8bff5-2c13-48f9-8395-fa5cd78fe0aa" />
      <TestMethod codeBase="C:/Users/SuprDewd/Desktop/Projects/Forritun/SharpBag/SharpBag.Tests01/bin/Release/SharpBag.Tests.DLL" adapterTypeName="Microsoft.VisualStudio.TestTools.TestTypes.Unit.UnitTestAdapter, Microsoft.VisualStudio.QualityTools.Tips.UnitTest.Adapter, Version=10.0.0.0, Culture=neutral, PublicKeyToken=b03f5f7f11d50a3a" className="SharpBag.ExtensionsTest, SharpBag.Tests, Version=0.0.0.0, Culture=neutral, PublicKeyToken=null" name="With25501" />
    </UnitTest>
    <UnitTest name="To02632" storage="c:\users\suprdewd\desktop\projects\forritun\sharpbag\sharpbag.tests01\bin\release\sharpbag.tests.dll" id="31a88d64-bb5b-6217-2758-d493dee381b6">
      <Execution id="8ffeda87-9e37-4f26-99fb-413a72201190" />
      <TestMethod codeBase="C:/Users/SuprDewd/Desktop/Projects/Forritun/SharpBag/SharpBag.Tests01/bin/Release/SharpBag.Tests.DLL" adapterTypeName="Microsoft.VisualStudio.TestTools.TestTypes.Unit.UnitTestAdapter, Microsoft.VisualStudio.QualityTools.Tips.UnitTest.Adapter, Version=10.0.0.0, Culture=neutral, PublicKeyToken=b03f5f7f11d50a3a" className="SharpBag.ExtensionsTest, SharpBag.Tests, Version=0.0.0.0, Culture=neutral, PublicKeyToken=null" name="To02632" />
    </UnitTest>
    <UnitTest name="NullOrThrowsContractException472" storage="c:\users\suprdewd\desktop\projects\forritun\sharpbag\sharpbag.tests01\bin\release\sharpbag.tests.dll" id="2ff335b0-14c8-89c8-7e7b-05ade8625c3d">
      <Execution id="ccdce944-4da8-4165-bed3-d61bc58419cc" />
      <TestMethod codeBase="C:/Users/SuprDewd/Desktop/Projects/Forritun/SharpBag/SharpBag.Tests01/bin/Release/SharpBag.Tests.DLL" adapterTypeName="Microsoft.VisualStudio.TestTools.TestTypes.Unit.UnitTestAdapter, Microsoft.VisualStudio.QualityTools.Tips.UnitTest.Adapter, Version=10.0.0.0, Culture=neutral, PublicKeyToken=b03f5f7f11d50a3a" className="SharpBag.ExtensionsTest, SharpBag.Tests, Version=0.0.0.0, Culture=neutral, PublicKeyToken=null" name="NullOrThrowsContractException472" />
    </UnitTest>
    <UnitTest name="As21507" storage="c:\users\suprdewd\desktop\projects\forritun\sharpbag\sharpbag.tests01\bin\release\sharpbag.tests.dll" id="1a1204f8-80dc-63b9-41bb-196d59b5bd9c">
      <Execution id="b640d369-2f10-424e-8c18-1c3de838d996" />
      <TestMethod codeBase="C:/Users/SuprDewd/Desktop/Projects/Forritun/SharpBag/SharpBag.Tests01/bin/Release/SharpBag.Tests.DLL" adapterTypeName="Microsoft.VisualStudio.TestTools.TestTypes.Unit.UnitTestAdapter, Microsoft.VisualStudio.QualityTools.Tips.UnitTest.Adapter, Version=10.0.0.0, Culture=neutral, PublicKeyToken=b03f5f7f11d50a3a" className="SharpBag.ExtensionsTest, SharpBag.Tests, Version=0.0.0.0, Culture=neutral, PublicKeyToken=null" name="As21507" />
    </UnitTest>
    <UnitTest name="Execute53301" storage="c:\users\suprdewd\desktop\projects\forritun\sharpbag\sharpbag.tests01\bin\release\sharpbag.tests.dll" id="25d5b35a-db1f-e192-1a83-5fbd23003a20">
      <Execution id="20217c2f-27bd-4125-b9e1-e8032b004518" />
      <TestMethod codeBase="C:/Users/SuprDewd/Desktop/Projects/Forritun/SharpBag/SharpBag.Tests01/bin/Release/SharpBag.Tests.DLL" adapterTypeName="Microsoft.VisualStudio.TestTools.TestTypes.Unit.UnitTestAdapter, Microsoft.VisualStudio.QualityTools.Tips.UnitTest.Adapter, Version=10.0.0.0, Culture=neutral, PublicKeyToken=b03f5f7f11d50a3a" className="SharpBag.ExtensionsTest, SharpBag.Tests, Version=0.0.0.0, Culture=neutral, PublicKeyToken=null" name="Execute53301" />
    </UnitTest>
    <UnitTest name="InvokeIfRequired01ThrowsContractException382" storage="c:\users\suprdewd\desktop\projects\forritun\sharpbag\sharpbag.tests01\bin\release\sharpbag.tests.dll" id="f56d5205-e252-235c-3244-90ee14efb3f4">
      <Execution id="bbe5b3d1-4d32-4710-b81c-cfde6466318a" />
      <TestMethod codeBase="C:/Users/SuprDewd/Desktop/Projects/Forritun/SharpBag/SharpBag.Tests01/bin/Release/SharpBag.Tests.DLL" adapterTypeName="Microsoft.VisualStudio.TestTools.TestTypes.Unit.UnitTestAdapter, Microsoft.VisualStudio.QualityTools.Tips.UnitTest.Adapter, Version=10.0.0.0, Culture=neutral, PublicKeyToken=b03f5f7f11d50a3a" className="SharpBag.ExtensionsTest, SharpBag.Tests, Version=0.0.0.0, Culture=neutral, PublicKeyToken=null" name="InvokeIfRequired01ThrowsContractException382" />
    </UnitTest>
    <UnitTest name="As0166002" storage="c:\users\suprdewd\desktop\projects\forritun\sharpbag\sharpbag.tests01\bin\release\sharpbag.tests.dll" id="37c5e788-97a2-ee7f-c1df-5b64dcc3fb4c">
      <Execution id="5eb38b0e-1c4e-43b6-8eed-418132303e81" />
      <TestMethod codeBase="C:/Users/SuprDewd/Desktop/Projects/Forritun/SharpBag/SharpBag.Tests01/bin/Release/SharpBag.Tests.DLL" adapterTypeName="Microsoft.VisualStudio.TestTools.TestTypes.Unit.UnitTestAdapter, Microsoft.VisualStudio.QualityTools.Tips.UnitTest.Adapter, Version=10.0.0.0, Culture=neutral, PublicKeyToken=b03f5f7f11d50a3a" className="SharpBag.ExtensionsTest, SharpBag.Tests, Version=0.0.0.0, Culture=neutral, PublicKeyToken=null" name="As0166002" />
    </UnitTest>
    <UnitTest name="IsNullOrEmpty839" storage="c:\users\suprdewd\desktop\projects\forritun\sharpbag\sharpbag.tests01\bin\release\sharpbag.tests.dll" id="7d85dd6d-e955-0c88-df95-d36cadd3d7ff">
      <Execution id="ecd40182-7ed3-4304-9acc-c9d3a6cdd66d" />
      <TestMethod codeBase="C:/Users/SuprDewd/Desktop/Projects/Forritun/SharpBag/SharpBag.Tests01/bin/Release/SharpBag.Tests.DLL" adapterTypeName="Microsoft.VisualStudio.TestTools.TestTypes.Unit.UnitTestAdapter, Microsoft.VisualStudio.QualityTools.Tips.UnitTest.Adapter, Version=10.0.0.0, Culture=neutral, PublicKeyToken=b03f5f7f11d50a3a" className="SharpBag.ExtensionsTest, SharpBag.Tests, Version=0.0.0.0, Culture=neutral, PublicKeyToken=null" name="IsNullOrEmpty839" />
    </UnitTest>
    <UnitTest name="AsEnumerable0128304" storage="c:\users\suprdewd\desktop\projects\forritun\sharpbag\sharpbag.tests01\bin\release\sharpbag.tests.dll" id="bbe65d68-71ba-72ec-21d1-a0b54bdef612">
      <Execution id="eb97a25b-4aa8-456a-b984-8cfdd819f70a" />
      <TestMethod codeBase="C:/Users/SuprDewd/Desktop/Projects/Forritun/SharpBag/SharpBag.Tests01/bin/Release/SharpBag.Tests.DLL" adapterTypeName="Microsoft.VisualStudio.TestTools.TestTypes.Unit.UnitTestAdapter, Microsoft.VisualStudio.QualityTools.Tips.UnitTest.Adapter, Version=10.0.0.0, Culture=neutral, PublicKeyToken=b03f5f7f11d50a3a" className="SharpBag.ExtensionsTest, SharpBag.Tests, Version=0.0.0.0, Culture=neutral, PublicKeyToken=null" name="AsEnumerable0128304" />
    </UnitTest>
    <UnitTest name="AsEnumerable0314803" storage="c:\users\suprdewd\desktop\projects\forritun\sharpbag\sharpbag.tests01\bin\release\sharpbag.tests.dll" id="11187b04-c546-bd3e-0bbb-d3f71bff1f4f">
      <Execution id="17fc519d-a866-45dc-9229-c694bd2ef3a6" />
      <TestMethod codeBase="C:/Users/SuprDewd/Desktop/Projects/Forritun/SharpBag/SharpBag.Tests01/bin/Release/SharpBag.Tests.DLL" adapterTypeName="Microsoft.VisualStudio.TestTools.TestTypes.Unit.UnitTestAdapter, Microsoft.VisualStudio.QualityTools.Tips.UnitTest.Adapter, Version=10.0.0.0, Culture=neutral, PublicKeyToken=b03f5f7f11d50a3a" className="SharpBag.ExtensionsTest, SharpBag.Tests, Version=0.0.0.0, Culture=neutral, PublicKeyToken=null" name="AsEnumerable0314803" />
    </UnitTest>
    <UnitTest name="Range377" storage="c:\users\suprdewd\desktop\projects\forritun\sharpbag\sharpbag.tests01\bin\release\sharpbag.tests.dll" id="567a07ee-04bb-68f0-b054-7c3ac20e04d0">
      <Execution id="5c9a00b1-2d4b-4018-be47-9b1b030bfa50" />
      <TestMethod codeBase="C:/Users/SuprDewd/Desktop/Projects/Forritun/SharpBag/SharpBag.Tests01/bin/Release/SharpBag.Tests.DLL" adapterTypeName="Microsoft.VisualStudio.TestTools.TestTypes.Unit.UnitTestAdapter, Microsoft.VisualStudio.QualityTools.Tips.UnitTest.Adapter, Version=10.0.0.0, Culture=neutral, PublicKeyToken=b03f5f7f11d50a3a" className="SharpBag.ExtensionsTest, SharpBag.Tests, Version=0.0.0.0, Culture=neutral, PublicKeyToken=null" name="Range377" />
    </UnitTest>
    <UnitTest name="AsEnumerable03ThrowsContractException289" storage="c:\users\suprdewd\desktop\projects\forritun\sharpbag\sharpbag.tests01\bin\release\sharpbag.tests.dll" id="8e9dd2cf-ab74-a19e-4fae-41caa637e0ed">
      <Execution id="f2b28802-65c3-4629-a5a2-f1bb16cbf7e4" />
      <TestMethod codeBase="C:/Users/SuprDewd/Desktop/Projects/Forritun/SharpBag/SharpBag.Tests01/bin/Release/SharpBag.Tests.DLL" adapterTypeName="Microsoft.VisualStudio.TestTools.TestTypes.Unit.UnitTestAdapter, Microsoft.VisualStudio.QualityTools.Tips.UnitTest.Adapter, Version=10.0.0.0, Culture=neutral, PublicKeyToken=b03f5f7f11d50a3a" className="SharpBag.ExtensionsTest, SharpBag.Tests, Version=0.0.0.0, Culture=neutral, PublicKeyToken=null" name="AsEnumerable03ThrowsContractException289" />
    </UnitTest>
    <UnitTest name="As21504" storage="c:\users\suprdewd\desktop\projects\forritun\sharpbag\sharpbag.tests01\bin\release\sharpbag.tests.dll" id="b99ec452-b626-078c-5efb-2041d6f255c4">
      <Execution id="1af4c3b5-156d-4203-bc09-166e94e361f8" />
      <TestMethod codeBase="C:/Users/SuprDewd/Desktop/Projects/Forritun/SharpBag/SharpBag.Tests01/bin/Release/SharpBag.Tests.DLL" adapterTypeName="Microsoft.VisualStudio.TestTools.TestTypes.Unit.UnitTestAdapter, Microsoft.VisualStudio.QualityTools.Tips.UnitTest.Adapter, Version=10.0.0.0, Culture=neutral, PublicKeyToken=b03f5f7f11d50a3a" className="SharpBag.ExtensionsTest, SharpBag.Tests, Version=0.0.0.0, Culture=neutral, PublicKeyToken=null" name="As21504" />
    </UnitTest>
    <UnitTest name="Subarray305" storage="c:\users\suprdewd\desktop\projects\forritun\sharpbag\sharpbag.tests01\bin\release\sharpbag.tests.dll" id="644c941d-d40b-5655-7852-107ffef9acae">
      <Execution id="e7d330ab-a541-4a82-bbd7-0b6d58943445" />
      <TestMethod codeBase="C:/Users/SuprDewd/Desktop/Projects/Forritun/SharpBag/SharpBag.Tests01/bin/Release/SharpBag.Tests.DLL" adapterTypeName="Microsoft.VisualStudio.TestTools.TestTypes.Unit.UnitTestAdapter, Microsoft.VisualStudio.QualityTools.Tips.UnitTest.Adapter, Version=10.0.0.0, Culture=neutral, PublicKeyToken=b03f5f7f11d50a3a" className="SharpBag.ExtensionsTest, SharpBag.Tests, Version=0.0.0.0, Culture=neutral, PublicKeyToken=null" name="Subarray305" />
    </UnitTest>
    <UnitTest name="IsInThrowsContractException285" storage="c:\users\suprdewd\desktop\projects\forritun\sharpbag\sharpbag.tests01\bin\release\sharpbag.tests.dll" id="ad25e31e-4a53-f08b-b3bd-cfdcb07226a0">
      <Execution id="3ab3c816-43f7-40fe-bd9f-4944a36e8208" />
      <TestMethod codeBase="C:/Users/SuprDewd/Desktop/Projects/Forritun/SharpBag/SharpBag.Tests01/bin/Release/SharpBag.Tests.DLL" adapterTypeName="Microsoft.VisualStudio.TestTools.TestTypes.Unit.UnitTestAdapter, Microsoft.VisualStudio.QualityTools.Tips.UnitTest.Adapter, Version=10.0.0.0, Culture=neutral, PublicKeyToken=b03f5f7f11d50a3a" className="SharpBag.ExtensionsTest, SharpBag.Tests, Version=0.0.0.0, Culture=neutral, PublicKeyToken=null" name="IsInThrowsContractException285" />
    </UnitTest>
    <UnitTest name="As0130304" storage="c:\users\suprdewd\desktop\projects\forritun\sharpbag\sharpbag.tests01\bin\release\sharpbag.tests.dll" id="3c1d094b-ca29-adfc-cfcd-77289a3cce3f">
      <Execution id="7468a489-6ef9-45bc-a097-1928e16574be" />
      <TestMethod codeBase="C:/Users/SuprDewd/Desktop/Projects/Forritun/SharpBag/SharpBag.Tests01/bin/Release/SharpBag.Tests.DLL" adapterTypeName="Microsoft.VisualStudio.TestTools.TestTypes.Unit.UnitTestAdapter, Microsoft.VisualStudio.QualityTools.Tips.UnitTest.Adapter, Version=10.0.0.0, Culture=neutral, PublicKeyToken=b03f5f7f11d50a3a" className="SharpBag.ExtensionsTest, SharpBag.Tests, Version=0.0.0.0, Culture=neutral, PublicKeyToken=null" name="As0130304" />
    </UnitTest>
    <UnitTest name="Random575" storage="c:\users\suprdewd\desktop\projects\forritun\sharpbag\sharpbag.tests01\bin\release\sharpbag.tests.dll" id="2cb985a5-30e0-1631-ebdb-14215fcd5267">
      <Execution id="cd78c696-c2ac-49b1-9824-1ca547b33831" />
      <TestMethod codeBase="C:/Users/SuprDewd/Desktop/Projects/Forritun/SharpBag/SharpBag.Tests01/bin/Release/SharpBag.Tests.DLL" adapterTypeName="Microsoft.VisualStudio.TestTools.TestTypes.Unit.UnitTestAdapter, Microsoft.VisualStudio.QualityTools.Tips.UnitTest.Adapter, Version=10.0.0.0, Culture=neutral, PublicKeyToken=b03f5f7f11d50a3a" className="SharpBag.ExtensionsTest, SharpBag.Tests, Version=0.0.0.0, Culture=neutral, PublicKeyToken=null" name="Random575" />
    </UnitTest>
    <UnitTest name="As0198301" storage="c:\users\suprdewd\desktop\projects\forritun\sharpbag\sharpbag.tests01\bin\release\sharpbag.tests.dll" id="43271b50-9462-4bb7-5e78-3783a2d68504">
      <Execution id="fc4a3777-695a-4b9a-bbe2-4b3534ce1896" />
      <TestMethod codeBase="C:/Users/SuprDewd/Desktop/Projects/Forritun/SharpBag/SharpBag.Tests01/bin/Release/SharpBag.Tests.DLL" adapterTypeName="Microsoft.VisualStudio.TestTools.TestTypes.Unit.UnitTestAdapter, Microsoft.VisualStudio.QualityTools.Tips.UnitTest.Adapter, Version=10.0.0.0, Culture=neutral, PublicKeyToken=b03f5f7f11d50a3a" className="SharpBag.ExtensionsTest, SharpBag.Tests, Version=0.0.0.0, Culture=neutral, PublicKeyToken=null" name="As0198301" />
    </UnitTest>
    <UnitTest name="AsEnumerable0128303" storage="c:\users\suprdewd\desktop\projects\forritun\sharpbag\sharpbag.tests01\bin\release\sharpbag.tests.dll" id="c441e89e-f895-2b6d-e75c-6ac07c647d62">
      <Execution id="c5fbfacc-71b0-4db1-b0ea-84d237c05998" />
      <TestMethod codeBase="C:/Users/SuprDewd/Desktop/Projects/Forritun/SharpBag/SharpBag.Tests01/bin/Release/SharpBag.Tests.DLL" adapterTypeName="Microsoft.VisualStudio.TestTools.TestTypes.Unit.UnitTestAdapter, Microsoft.VisualStudio.QualityTools.Tips.UnitTest.Adapter, Version=10.0.0.0, Culture=neutral, PublicKeyToken=b03f5f7f11d50a3a" className="SharpBag.ExtensionsTest, SharpBag.Tests, Version=0.0.0.0, Culture=neutral, PublicKeyToken=null" name="AsEnumerable0128303" />
    </UnitTest>
    <UnitTest name="Fill0157102" storage="c:\users\suprdewd\desktop\projects\forritun\sharpbag\sharpbag.tests01\bin\release\sharpbag.tests.dll" id="80003646-df99-feba-93b2-6a809b884bf6">
      <Execution id="a41b6bef-6fc3-428f-8363-0acd2aa83958" />
      <TestMethod codeBase="C:/Users/SuprDewd/Desktop/Projects/Forritun/SharpBag/SharpBag.Tests01/bin/Release/SharpBag.Tests.DLL" adapterTypeName="Microsoft.VisualStudio.TestTools.TestTypes.Unit.UnitTestAdapter, Microsoft.VisualStudio.QualityTools.Tips.UnitTest.Adapter, Version=10.0.0.0, Culture=neutral, PublicKeyToken=b03f5f7f11d50a3a" className="SharpBag.ExtensionsTest, SharpBag.Tests, Version=0.0.0.0, Culture=neutral, PublicKeyToken=null" name="Fill0157102" />
    </UnitTest>
    <UnitTest name="As0163212" storage="c:\users\suprdewd\desktop\projects\forritun\sharpbag\sharpbag.tests01\bin\release\sharpbag.tests.dll" id="dc08494a-5655-aecb-96fc-b52817050a2a">
      <Execution id="1917d0c2-2740-4a4b-a1f5-8fb96454e553" />
      <TestMethod codeBase="C:/Users/SuprDewd/Desktop/Projects/Forritun/SharpBag/SharpBag.Tests01/bin/Release/SharpBag.Tests.DLL" adapterTypeName="Microsoft.VisualStudio.TestTools.TestTypes.Unit.UnitTestAdapter, Microsoft.VisualStudio.QualityTools.Tips.UnitTest.Adapter, Version=10.0.0.0, Culture=neutral, PublicKeyToken=b03f5f7f11d50a3a" className="SharpBag.ExtensionsTest, SharpBag.Tests, Version=0.0.0.0, Culture=neutral, PublicKeyToken=null" name="As0163212" />
    </UnitTest>
    <UnitTest name="UnionAll13601" storage="c:\users\suprdewd\desktop\projects\forritun\sharpbag\sharpbag.tests01\bin\release\sharpbag.tests.dll" id="382ae704-dd0b-2259-d31c-dfbfb69a1305">
      <Execution id="d5c74dea-248b-4b27-abb2-8345c5f0a087" />
      <TestMethod codeBase="C:/Users/SuprDewd/Desktop/Projects/Forritun/SharpBag/SharpBag.Tests01/bin/Release/SharpBag.Tests.DLL" adapterTypeName="Microsoft.VisualStudio.TestTools.TestTypes.Unit.UnitTestAdapter, Microsoft.VisualStudio.QualityTools.Tips.UnitTest.Adapter, Version=10.0.0.0, Culture=neutral, PublicKeyToken=b03f5f7f11d50a3a" className="SharpBag.ExtensionsTest, SharpBag.Tests, Version=0.0.0.0, Culture=neutral, PublicKeyToken=null" name="UnionAll13601" />
    </UnitTest>
    <UnitTest name="ShuffleThrowsContractException285" storage="c:\users\suprdewd\desktop\projects\forritun\sharpbag\sharpbag.tests01\bin\release\sharpbag.tests.dll" id="a8ed7a3a-0e05-4105-ece6-4d106523c6c6">
      <Execution id="b96d6354-daf2-4aaa-88c9-b4d59e9d2de8" />
      <TestMethod codeBase="C:/Users/SuprDewd/Desktop/Projects/Forritun/SharpBag/SharpBag.Tests01/bin/Release/SharpBag.Tests.DLL" adapterTypeName="Microsoft.VisualStudio.TestTools.TestTypes.Unit.UnitTestAdapter, Microsoft.VisualStudio.QualityTools.Tips.UnitTest.Adapter, Version=10.0.0.0, Culture=neutral, PublicKeyToken=b03f5f7f11d50a3a" className="SharpBag.ExtensionsTest, SharpBag.Tests, Version=0.0.0.0, Culture=neutral, PublicKeyToken=null" name="ShuffleThrowsContractException285" />
    </UnitTest>
    <UnitTest name="Fill68801" storage="c:\users\suprdewd\desktop\projects\forritun\sharpbag\sharpbag.tests01\bin\release\sharpbag.tests.dll" id="236dd585-9363-168d-3729-7ab007ad8692">
      <Execution id="237025f2-b1ae-4d93-8007-cdafa8153e9c" />
      <TestMethod codeBase="C:/Users/SuprDewd/Desktop/Projects/Forritun/SharpBag/SharpBag.Tests01/bin/Release/SharpBag.Tests.DLL" adapterTypeName="Microsoft.VisualStudio.TestTools.TestTypes.Unit.UnitTestAdapter, Microsoft.VisualStudio.QualityTools.Tips.UnitTest.Adapter, Version=10.0.0.0, Culture=neutral, PublicKeyToken=b03f5f7f11d50a3a" className="SharpBag.ExtensionsTest, SharpBag.Tests, Version=0.0.0.0, Culture=neutral, PublicKeyToken=null" name="Fill68801" />
    </UnitTest>
    <UnitTest name="IterThrowsContractException889" storage="c:\users\suprdewd\desktop\projects\forritun\sharpbag\sharpbag.tests01\bin\release\sharpbag.tests.dll" id="7b6ad291-8507-bfdb-b921-bf2c15c5fff5">
      <Execution id="76b09f7d-ea7e-4405-88bc-110a607a95e3" />
      <TestMethod codeBase="C:/Users/SuprDewd/Desktop/Projects/Forritun/SharpBag/SharpBag.Tests01/bin/Release/SharpBag.Tests.DLL" adapterTypeName="Microsoft.VisualStudio.TestTools.TestTypes.Unit.UnitTestAdapter, Microsoft.VisualStudio.QualityTools.Tips.UnitTest.Adapter, Version=10.0.0.0, Culture=neutral, PublicKeyToken=b03f5f7f11d50a3a" className="SharpBag.ExtensionsTest, SharpBag.Tests, Version=0.0.0.0, Culture=neutral, PublicKeyToken=null" name="IterThrowsContractException889" />
    </UnitTest>
    <UnitTest name="As29401" storage="c:\users\suprdewd\desktop\projects\forritun\sharpbag\sharpbag.tests01\bin\release\sharpbag.tests.dll" id="9b2baef8-8cea-f431-96b6-95e1ddfaf4a9">
      <Execution id="4a944bd1-598e-4970-9a84-b9d59e649d4a" />
      <TestMethod codeBase="C:/Users/SuprDewd/Desktop/Projects/Forritun/SharpBag/SharpBag.Tests01/bin/Release/SharpBag.Tests.DLL" adapterTypeName="Microsoft.VisualStudio.TestTools.TestTypes.Unit.UnitTestAdapter, Microsoft.VisualStudio.QualityTools.Tips.UnitTest.Adapter, Version=10.0.0.0, Culture=neutral, PublicKeyToken=b03f5f7f11d50a3a" className="SharpBag.ExtensionsTest, SharpBag.Tests, Version=0.0.0.0, Culture=neutral, PublicKeyToken=null" name="As29401" />
    </UnitTest>
    <UnitTest name="ForEach90802" storage="c:\users\suprdewd\desktop\projects\forritun\sharpbag\sharpbag.tests01\bin\release\sharpbag.tests.dll" id="1903a639-b5d9-1b4f-9c30-0405b15e8f12">
      <Execution id="a7e7dcef-618b-43bf-bdfc-67694e79aeed" />
      <TestMethod codeBase="C:/Users/SuprDewd/Desktop/Projects/Forritun/SharpBag/SharpBag.Tests01/bin/Release/SharpBag.Tests.DLL" adapterTypeName="Microsoft.VisualStudio.TestTools.TestTypes.Unit.UnitTestAdapter, Microsoft.VisualStudio.QualityTools.Tips.UnitTest.Adapter, Version=10.0.0.0, Culture=neutral, PublicKeyToken=b03f5f7f11d50a3a" className="SharpBag.ExtensionsTest, SharpBag.Tests, Version=0.0.0.0, Culture=neutral, PublicKeyToken=null" name="ForEach90802" />
    </UnitTest>
    <UnitTest name="Fill105" storage="c:\users\suprdewd\desktop\projects\forritun\sharpbag\sharpbag.tests01\bin\release\sharpbag.tests.dll" id="a51caca7-6a0e-8bea-fb89-3104ddb0e38a">
      <Execution id="cb2554d6-f831-4e7a-aa5e-2a1d3ed47148" />
      <TestMethod codeBase="C:/Users/SuprDewd/Desktop/Projects/Forritun/SharpBag/SharpBag.Tests01/bin/Release/SharpBag.Tests.DLL" adapterTypeName="Microsoft.VisualStudio.TestTools.TestTypes.Unit.UnitTestAdapter, Microsoft.VisualStudio.QualityTools.Tips.UnitTest.Adapter, Version=10.0.0.0, Culture=neutral, PublicKeyToken=b03f5f7f11d50a3a" className="SharpBag.ExtensionsTest, SharpBag.Tests, Version=0.0.0.0, Culture=neutral, PublicKeyToken=null" name="Fill105" />
    </UnitTest>
    <UnitTest name="IfNotNull0192303" storage="c:\users\suprdewd\desktop\projects\forritun\sharpbag\sharpbag.tests01\bin\release\sharpbag.tests.dll" id="71a360e3-d81d-a30a-382f-721ef096f5b1">
      <Execution id="ff5b6422-c169-42b8-bc92-64ee7e56890d" />
      <TestMethod codeBase="C:/Users/SuprDewd/Desktop/Projects/Forritun/SharpBag/SharpBag.Tests01/bin/Release/SharpBag.Tests.DLL" adapterTypeName="Microsoft.VisualStudio.TestTools.TestTypes.Unit.UnitTestAdapter, Microsoft.VisualStudio.QualityTools.Tips.UnitTest.Adapter, Version=10.0.0.0, Culture=neutral, PublicKeyToken=b03f5f7f11d50a3a" className="SharpBag.ExtensionsTest, SharpBag.Tests, Version=0.0.0.0, Culture=neutral, PublicKeyToken=null" name="IfNotNull0192303" />
    </UnitTest>
    <UnitTest name="GetByPercentThrowsIndexOutOfRangeException858" storage="c:\users\suprdewd\desktop\projects\forritun\sharpbag\sharpbag.tests01\bin\release\sharpbag.tests.dll" id="16bc510b-963f-30e5-6517-13389edd4fdc">
      <Execution id="3bdcccf8-7277-4ee1-95b1-ff1f236aad7c" />
      <TestMethod codeBase="C:/Users/SuprDewd/Desktop/Projects/Forritun/SharpBag/SharpBag.Tests01/bin/Release/SharpBag.Tests.DLL" adapterTypeName="Microsoft.VisualStudio.TestTools.TestTypes.Unit.UnitTestAdapter, Microsoft.VisualStudio.QualityTools.Tips.UnitTest.Adapter, Version=10.0.0.0, Culture=neutral, PublicKeyToken=b03f5f7f11d50a3a" className="SharpBag.ExtensionsTest, SharpBag.Tests, Version=0.0.0.0, Culture=neutral, PublicKeyToken=null" name="GetByPercentThrowsIndexOutOfRangeException858" />
    </UnitTest>
    <UnitTest name="IsNullOrEmpty177" storage="c:\users\suprdewd\desktop\projects\forritun\sharpbag\sharpbag.tests01\bin\release\sharpbag.tests.dll" id="14e07649-4bb1-965c-d352-f5e6a62d38fd">
      <Execution id="b216a5d5-27ba-424a-aa0b-2cb8307a0cb9" />
      <TestMethod codeBase="C:/Users/SuprDewd/Desktop/Projects/Forritun/SharpBag/SharpBag.Tests01/bin/Release/SharpBag.Tests.DLL" adapterTypeName="Microsoft.VisualStudio.TestTools.TestTypes.Unit.UnitTestAdapter, Microsoft.VisualStudio.QualityTools.Tips.UnitTest.Adapter, Version=10.0.0.0, Culture=neutral, PublicKeyToken=b03f5f7f11d50a3a" className="SharpBag.ExtensionsTest, SharpBag.Tests, Version=0.0.0.0, Culture=neutral, PublicKeyToken=null" name="IsNullOrEmpty177" />
    </UnitTest>
    <UnitTest name="TakeEvery57301" storage="c:\users\suprdewd\desktop\projects\forritun\sharpbag\sharpbag.tests01\bin\release\sharpbag.tests.dll" id="3febe6f3-67ab-23b3-dd85-d4b7c1206b0c">
      <Execution id="d259785d-e9f0-4694-8608-b066ef2fdec8" />
      <TestMethod codeBase="C:/Users/SuprDewd/Desktop/Projects/Forritun/SharpBag/SharpBag.Tests01/bin/Release/SharpBag.Tests.DLL" adapterTypeName="Microsoft.VisualStudio.TestTools.TestTypes.Unit.UnitTestAdapter, Microsoft.VisualStudio.QualityTools.Tips.UnitTest.Adapter, Version=10.0.0.0, Culture=neutral, PublicKeyToken=b03f5f7f11d50a3a" className="SharpBag.ExtensionsTest, SharpBag.Tests, Version=0.0.0.0, Culture=neutral, PublicKeyToken=null" name="TakeEvery57301" />
    </UnitTest>
    <UnitTest name="As0163235" storage="c:\users\suprdewd\desktop\projects\forritun\sharpbag\sharpbag.tests01\bin\release\sharpbag.tests.dll" id="c0b049d8-5af1-212d-f646-b9a7aa76e7aa">
      <Execution id="8bd77db4-8f4f-4135-9dab-bf79f88d24e0" />
      <TestMethod codeBase="C:/Users/SuprDewd/Desktop/Projects/Forritun/SharpBag/SharpBag.Tests01/bin/Release/SharpBag.Tests.DLL" adapterTypeName="Microsoft.VisualStudio.TestTools.TestTypes.Unit.UnitTestAdapter, Microsoft.VisualStudio.QualityTools.Tips.UnitTest.Adapter, Version=10.0.0.0, Culture=neutral, PublicKeyToken=b03f5f7f11d50a3a" className="SharpBag.ExtensionsTest, SharpBag.Tests, Version=0.0.0.0, Culture=neutral, PublicKeyToken=null" name="As0163235" />
    </UnitTest>
    <UnitTest name="AsEnumerable56004" storage="c:\users\suprdewd\desktop\projects\forritun\sharpbag\sharpbag.tests01\bin\release\sharpbag.tests.dll" id="9611d5ba-c78e-b7b6-592f-64194d91b456">
      <Execution id="8eaf7796-4daa-4349-a1e8-5a28b2170181" />
      <TestMethod codeBase="C:/Users/SuprDewd/Desktop/Projects/Forritun/SharpBag/SharpBag.Tests01/bin/Release/SharpBag.Tests.DLL" adapterTypeName="Microsoft.VisualStudio.TestTools.TestTypes.Unit.UnitTestAdapter, Microsoft.VisualStudio.QualityTools.Tips.UnitTest.Adapter, Version=10.0.0.0, Culture=neutral, PublicKeyToken=b03f5f7f11d50a3a" className="SharpBag.ExtensionsTest, SharpBag.Tests, Version=0.0.0.0, Culture=neutral, PublicKeyToken=null" name="AsEnumerable56004" />
    </UnitTest>
    <UnitTest name="As0198302" storage="c:\users\suprdewd\desktop\projects\forritun\sharpbag\sharpbag.tests01\bin\release\sharpbag.tests.dll" id="31751606-0e00-3ddd-298e-e7c2d6c445a2">
      <Execution id="e584b449-cdd6-4eab-a741-1149cfbb6dc9" />
      <TestMethod codeBase="C:/Users/SuprDewd/Desktop/Projects/Forritun/SharpBag/SharpBag.Tests01/bin/Release/SharpBag.Tests.DLL" adapterTypeName="Microsoft.VisualStudio.TestTools.TestTypes.Unit.UnitTestAdapter, Microsoft.VisualStudio.QualityTools.Tips.UnitTest.Adapter, Version=10.0.0.0, Culture=neutral, PublicKeyToken=b03f5f7f11d50a3a" className="SharpBag.ExtensionsTest, SharpBag.Tests, Version=0.0.0.0, Culture=neutral, PublicKeyToken=null" name="As0198302" />
    </UnitTest>
    <UnitTest name="RangeThrowsContractException560" storage="c:\users\suprdewd\desktop\projects\forritun\sharpbag\sharpbag.tests01\bin\release\sharpbag.tests.dll" id="22b3bc9e-2d91-4747-086b-d415be2c5776">
      <Execution id="15ea4001-aa86-4f44-a063-54d910543325" />
      <TestMethod codeBase="C:/Users/SuprDewd/Desktop/Projects/Forritun/SharpBag/SharpBag.Tests01/bin/Release/SharpBag.Tests.DLL" adapterTypeName="Microsoft.VisualStudio.TestTools.TestTypes.Unit.UnitTestAdapter, Microsoft.VisualStudio.QualityTools.Tips.UnitTest.Adapter, Version=10.0.0.0, Culture=neutral, PublicKeyToken=b03f5f7f11d50a3a" className="SharpBag.ExtensionsTest, SharpBag.Tests, Version=0.0.0.0, Culture=neutral, PublicKeyToken=null" name="RangeThrowsContractException560" />
    </UnitTest>
    <UnitTest name="Is373" storage="c:\users\suprdewd\desktop\projects\forritun\sharpbag\sharpbag.tests01\bin\release\sharpbag.tests.dll" id="767e3845-1b47-6225-c38c-e6345e12262a">
      <Execution id="bf023dc5-eeb0-43a9-8b6d-2574d4482c20" />
      <TestMethod codeBase="C:/Users/SuprDewd/Desktop/Projects/Forritun/SharpBag/SharpBag.Tests01/bin/Release/SharpBag.Tests.DLL" adapterTypeName="Microsoft.VisualStudio.TestTools.TestTypes.Unit.UnitTestAdapter, Microsoft.VisualStudio.QualityTools.Tips.UnitTest.Adapter, Version=10.0.0.0, Culture=neutral, PublicKeyToken=b03f5f7f11d50a3a" className="SharpBag.ExtensionsTest, SharpBag.Tests, Version=0.0.0.0, Culture=neutral, PublicKeyToken=null" name="Is373" />
    </UnitTest>
    <UnitTest name="IfNotNull47701" storage="c:\users\suprdewd\desktop\projects\forritun\sharpbag\sharpbag.tests01\bin\release\sharpbag.tests.dll" id="69d4fcec-3787-b518-9138-fc65c3d09ecc">
      <Execution id="acc818a7-39fe-4302-b7f2-83c978946e42" />
      <TestMethod codeBase="C:/Users/SuprDewd/Desktop/Projects/Forritun/SharpBag/SharpBag.Tests01/bin/Release/SharpBag.Tests.DLL" adapterTypeName="Microsoft.VisualStudio.TestTools.TestTypes.Unit.UnitTestAdapter, Microsoft.VisualStudio.QualityTools.Tips.UnitTest.Adapter, Version=10.0.0.0, Culture=neutral, PublicKeyToken=b03f5f7f11d50a3a" className="SharpBag.ExtensionsTest, SharpBag.Tests, Version=0.0.0.0, Culture=neutral, PublicKeyToken=null" name="IfNotNull47701" />
    </UnitTest>
    <UnitTest name="Subarray142" storage="c:\users\suprdewd\desktop\projects\forritun\sharpbag\sharpbag.tests01\bin\release\sharpbag.tests.dll" id="6ea29e89-2e15-126e-eecf-3f7b211c52eb">
      <Execution id="e71e0076-5dba-43c0-8e0b-ae6961d13436" />
      <TestMethod codeBase="C:/Users/SuprDewd/Desktop/Projects/Forritun/SharpBag/SharpBag.Tests01/bin/Release/SharpBag.Tests.DLL" adapterTypeName="Microsoft.VisualStudio.TestTools.TestTypes.Unit.UnitTestAdapter, Microsoft.VisualStudio.QualityTools.Tips.UnitTest.Adapter, Version=10.0.0.0, Culture=neutral, PublicKeyToken=b03f5f7f11d50a3a" className="SharpBag.ExtensionsTest, SharpBag.Tests, Version=0.0.0.0, Culture=neutral, PublicKeyToken=null" name="Subarray142" />
    </UnitTest>
    <UnitTest name="IfNotNull0159701" storage="c:\users\suprdewd\desktop\projects\forritun\sharpbag\sharpbag.tests01\bin\release\sharpbag.tests.dll" id="f96aeaaa-982a-50fe-9819-4fadbbdc5555">
      <Execution id="e136a658-e85a-4e0a-8deb-3d02d6b0cb3e" />
      <TestMethod codeBase="C:/Users/SuprDewd/Desktop/Projects/Forritun/SharpBag/SharpBag.Tests01/bin/Release/SharpBag.Tests.DLL" adapterTypeName="Microsoft.VisualStudio.TestTools.TestTypes.Unit.UnitTestAdapter, Microsoft.VisualStudio.QualityTools.Tips.UnitTest.Adapter, Version=10.0.0.0, Culture=neutral, PublicKeyToken=b03f5f7f11d50a3a" className="SharpBag.ExtensionsTest, SharpBag.Tests, Version=0.0.0.0, Culture=neutral, PublicKeyToken=null" name="IfNotNull0159701" />
    </UnitTest>
    <UnitTest name="NullOr90702" storage="c:\users\suprdewd\desktop\projects\forritun\sharpbag\sharpbag.tests01\bin\release\sharpbag.tests.dll" id="8f214c0c-af12-b9fb-ae32-e2f0e522a10f">
      <Execution id="d0253d7a-2f9f-4654-91b8-42bd0db82e07" />
      <TestMethod codeBase="C:/Users/SuprDewd/Desktop/Projects/Forritun/SharpBag/SharpBag.Tests01/bin/Release/SharpBag.Tests.DLL" adapterTypeName="Microsoft.VisualStudio.TestTools.TestTypes.Unit.UnitTestAdapter, Microsoft.VisualStudio.QualityTools.Tips.UnitTest.Adapter, Version=10.0.0.0, Culture=neutral, PublicKeyToken=b03f5f7f11d50a3a" className="SharpBag.ExtensionsTest, SharpBag.Tests, Version=0.0.0.0, Culture=neutral, PublicKeyToken=null" name="NullOr90702" />
    </UnitTest>
    <UnitTest name="ForEach12503" storage="c:\users\suprdewd\desktop\projects\forritun\sharpbag\sharpbag.tests01\bin\release\sharpbag.tests.dll" id="7acd9860-9837-fbe5-5425-b774d050444a">
      <Execution id="48b018a6-e42a-4f4d-93df-29b3d8dd0c6d" />
      <TestMethod codeBase="C:/Users/SuprDewd/Desktop/Projects/Forritun/SharpBag/SharpBag.Tests01/bin/Release/SharpBag.Tests.DLL" adapterTypeName="Microsoft.VisualStudio.TestTools.TestTypes.Unit.UnitTestAdapter, Microsoft.VisualStudio.QualityTools.Tips.UnitTest.Adapter, Version=10.0.0.0, Culture=neutral, PublicKeyToken=b03f5f7f11d50a3a" className="SharpBag.ExtensionsTest, SharpBag.Tests, Version=0.0.0.0, Culture=neutral, PublicKeyToken=null" name="ForEach12503" />
    </UnitTest>
    <UnitTest name="ForEach12504" storage="c:\users\suprdewd\desktop\projects\forritun\sharpbag\sharpbag.tests01\bin\release\sharpbag.tests.dll" id="36c0ac7a-9f37-b952-7a17-2ad1e9132b69">
      <Execution id="282147d7-ceea-4a17-a75f-4ee6365372ca" />
      <TestMethod codeBase="C:/Users/SuprDewd/Desktop/Projects/Forritun/SharpBag/SharpBag.Tests01/bin/Release/SharpBag.Tests.DLL" adapterTypeName="Microsoft.VisualStudio.TestTools.TestTypes.Unit.UnitTestAdapter, Microsoft.VisualStudio.QualityTools.Tips.UnitTest.Adapter, Version=10.0.0.0, Culture=neutral, PublicKeyToken=b03f5f7f11d50a3a" className="SharpBag.ExtensionsTest, SharpBag.Tests, Version=0.0.0.0, Culture=neutral, PublicKeyToken=null" name="ForEach12504" />
    </UnitTest>
    <UnitTest name="As928" storage="c:\users\suprdewd\desktop\projects\forritun\sharpbag\sharpbag.tests01\bin\release\sharpbag.tests.dll" id="d97a225a-e31a-2138-2fae-7b4109b25275">
      <Execution id="bd43bb13-549b-47a4-b664-5f087d9b19b2" />
      <TestMethod codeBase="C:/Users/SuprDewd/Desktop/Projects/Forritun/SharpBag/SharpBag.Tests01/bin/Release/SharpBag.Tests.DLL" adapterTypeName="Microsoft.VisualStudio.TestTools.TestTypes.Unit.UnitTestAdapter, Microsoft.VisualStudio.QualityTools.Tips.UnitTest.Adapter, Version=10.0.0.0, Culture=neutral, PublicKeyToken=b03f5f7f11d50a3a" className="SharpBag.ExtensionsTest, SharpBag.Tests, Version=0.0.0.0, Culture=neutral, PublicKeyToken=null" name="As928" />
    </UnitTest>
    <UnitTest name="To0488601" storage="c:\users\suprdewd\desktop\projects\forritun\sharpbag\sharpbag.tests01\bin\release\sharpbag.tests.dll" id="bd00057e-88b2-1e9c-846b-ed190ddc5717">
      <Execution id="3924ac76-2f79-4621-9828-c6eb5d25b2a0" />
      <TestMethod codeBase="C:/Users/SuprDewd/Desktop/Projects/Forritun/SharpBag/SharpBag.Tests01/bin/Release/SharpBag.Tests.DLL" adapterTypeName="Microsoft.VisualStudio.TestTools.TestTypes.Unit.UnitTestAdapter, Microsoft.VisualStudio.QualityTools.Tips.UnitTest.Adapter, Version=10.0.0.0, Culture=neutral, PublicKeyToken=b03f5f7f11d50a3a" className="SharpBag.ExtensionsTest, SharpBag.Tests, Version=0.0.0.0, Culture=neutral, PublicKeyToken=null" name="To0488601" />
    </UnitTest>
    <UnitTest name="RangeThrowsContractException187" storage="c:\users\suprdewd\desktop\projects\forritun\sharpbag\sharpbag.tests01\bin\release\sharpbag.tests.dll" id="e8ca73cc-b93e-0f49-9374-ed860ffbd677">
      <Execution id="1f8aee1b-7a1c-4434-a1f9-80e9218b5905" />
      <TestMethod codeBase="C:/Users/SuprDewd/Desktop/Projects/Forritun/SharpBag/SharpBag.Tests01/bin/Release/SharpBag.Tests.DLL" adapterTypeName="Microsoft.VisualStudio.TestTools.TestTypes.Unit.UnitTestAdapter, Microsoft.VisualStudio.QualityTools.Tips.UnitTest.Adapter, Version=10.0.0.0, Culture=neutral, PublicKeyToken=b03f5f7f11d50a3a" className="SharpBag.ExtensionsTest, SharpBag.Tests, Version=0.0.0.0, Culture=neutral, PublicKeyToken=null" name="RangeThrowsContractException187" />
    </UnitTest>
    <UnitTest name="As0163223" storage="c:\users\suprdewd\desktop\projects\forritun\sharpbag\sharpbag.tests01\bin\release\sharpbag.tests.dll" id="ec55615d-1e36-c752-f2bf-b20284d0ae33">
      <Execution id="5730d9fb-daae-461f-be6b-71bd1a6d9d7f" />
      <TestMethod codeBase="C:/Users/SuprDewd/Desktop/Projects/Forritun/SharpBag/SharpBag.Tests01/bin/Release/SharpBag.Tests.DLL" adapterTypeName="Microsoft.VisualStudio.TestTools.TestTypes.Unit.UnitTestAdapter, Microsoft.VisualStudio.QualityTools.Tips.UnitTest.Adapter, Version=10.0.0.0, Culture=neutral, PublicKeyToken=b03f5f7f11d50a3a" className="SharpBag.ExtensionsTest, SharpBag.Tests, Version=0.0.0.0, Culture=neutral, PublicKeyToken=null" name="As0163223" />
    </UnitTest>
    <UnitTest name="IsIn34" storage="c:\users\suprdewd\desktop\projects\forritun\sharpbag\sharpbag.tests01\bin\release\sharpbag.tests.dll" id="6f205f53-5c1d-2d23-0592-7823ba18d3aa">
      <Execution id="3227aa86-3766-42ee-8ef6-1c61a8be299c" />
      <TestMethod codeBase="C:/Users/SuprDewd/Desktop/Projects/Forritun/SharpBag/SharpBag.Tests01/bin/Release/SharpBag.Tests.DLL" adapterTypeName="Microsoft.VisualStudio.TestTools.TestTypes.Unit.UnitTestAdapter, Microsoft.VisualStudio.QualityTools.Tips.UnitTest.Adapter, Version=10.0.0.0, Culture=neutral, PublicKeyToken=b03f5f7f11d50a3a" className="SharpBag.ExtensionsTest, SharpBag.Tests, Version=0.0.0.0, Culture=neutral, PublicKeyToken=null" name="IsIn34" />
    </UnitTest>
    <UnitTest name="ToThrowsContractException891" storage="c:\users\suprdewd\desktop\projects\forritun\sharpbag\sharpbag.tests01\bin\release\sharpbag.tests.dll" id="c75708a0-bd76-5c05-5aaa-8fcb10fd4321">
      <Execution id="02a6dd78-7000-488a-bcfb-89d05bf6fdc4" />
      <TestMethod codeBase="C:/Users/SuprDewd/Desktop/Projects/Forritun/SharpBag/SharpBag.Tests01/bin/Release/SharpBag.Tests.DLL" adapterTypeName="Microsoft.VisualStudio.TestTools.TestTypes.Unit.UnitTestAdapter, Microsoft.VisualStudio.QualityTools.Tips.UnitTest.Adapter, Version=10.0.0.0, Culture=neutral, PublicKeyToken=b03f5f7f11d50a3a" className="SharpBag.ExtensionsTest, SharpBag.Tests, Version=0.0.0.0, Culture=neutral, PublicKeyToken=null" name="ToThrowsContractException891" />
    </UnitTest>
    <UnitTest name="NullOr90704" storage="c:\users\suprdewd\desktop\projects\forritun\sharpbag\sharpbag.tests01\bin\release\sharpbag.tests.dll" id="603d3527-31ad-433b-f22d-64c8d067b62d">
      <Execution id="76a17ede-7934-41bc-ae22-5a249215f6c4" />
      <TestMethod codeBase="C:/Users/SuprDewd/Desktop/Projects/Forritun/SharpBag/SharpBag.Tests01/bin/Release/SharpBag.Tests.DLL" adapterTypeName="Microsoft.VisualStudio.TestTools.TestTypes.Unit.UnitTestAdapter, Microsoft.VisualStudio.QualityTools.Tips.UnitTest.Adapter, Version=10.0.0.0, Culture=neutral, PublicKeyToken=b03f5f7f11d50a3a" className="SharpBag.ExtensionsTest, SharpBag.Tests, Version=0.0.0.0, Culture=neutral, PublicKeyToken=null" name="NullOr90704" />
    </UnitTest>
    <UnitTest name="As0166003" storage="c:\users\suprdewd\desktop\projects\forritun\sharpbag\sharpbag.tests01\bin\release\sharpbag.tests.dll" id="2c678190-6575-f47a-afde-b3eb80b1856c">
      <Execution id="2ce35867-c53d-4c05-bf16-1e1d7745e8ad" />
      <TestMethod codeBase="C:/Users/SuprDewd/Desktop/Projects/Forritun/SharpBag/SharpBag.Tests01/bin/Release/SharpBag.Tests.DLL" adapterTypeName="Microsoft.VisualStudio.TestTools.TestTypes.Unit.UnitTestAdapter, Microsoft.VisualStudio.QualityTools.Tips.UnitTest.Adapter, Version=10.0.0.0, Culture=neutral, PublicKeyToken=b03f5f7f11d50a3a" className="SharpBag.ExtensionsTest, SharpBag.Tests, Version=0.0.0.0, Culture=neutral, PublicKeyToken=null" name="As0166003" />
    </UnitTest>
    <UnitTest name="ForEach90801" storage="c:\users\suprdewd\desktop\projects\forritun\sharpbag\sharpbag.tests01\bin\release\sharpbag.tests.dll" id="f51de229-4761-6e36-e9f5-2ae1d5b346f0">
      <Execution id="ebc88ad4-fb2e-4c8b-b630-ef817437c15f" />
      <TestMethod codeBase="C:/Users/SuprDewd/Desktop/Projects/Forritun/SharpBag/SharpBag.Tests01/bin/Release/SharpBag.Tests.DLL" adapterTypeName="Microsoft.VisualStudio.TestTools.TestTypes.Unit.UnitTestAdapter, Microsoft.VisualStudio.QualityTools.Tips.UnitTest.Adapter, Version=10.0.0.0, Culture=neutral, PublicKeyToken=b03f5f7f11d50a3a" className="SharpBag.ExtensionsTest, SharpBag.Tests, Version=0.0.0.0, Culture=neutral, PublicKeyToken=null" name="ForEach90801" />
    </UnitTest>
    <UnitTest name="ForEach90803" storage="c:\users\suprdewd\desktop\projects\forritun\sharpbag\sharpbag.tests01\bin\release\sharpbag.tests.dll" id="41b53b6b-04c0-c784-5da0-bab31b4fb4d7">
      <Execution id="f333bbc9-e4ab-4296-835e-62d24aa9beaa" />
      <TestMethod codeBase="C:/Users/SuprDewd/Desktop/Projects/Forritun/SharpBag/SharpBag.Tests01/bin/Release/SharpBag.Tests.DLL" adapterTypeName="Microsoft.VisualStudio.TestTools.TestTypes.Unit.UnitTestAdapter, Microsoft.VisualStudio.QualityTools.Tips.UnitTest.Adapter, Version=10.0.0.0, Culture=neutral, PublicKeyToken=b03f5f7f11d50a3a" className="SharpBag.ExtensionsTest, SharpBag.Tests, Version=0.0.0.0, Culture=neutral, PublicKeyToken=null" name="ForEach90803" />
    </UnitTest>
    <UnitTest name="As0163220" storage="c:\users\suprdewd\desktop\projects\forritun\sharpbag\sharpbag.tests01\bin\release\sharpbag.tests.dll" id="e37183df-04ce-aa53-28d5-e792188a2202">
      <Execution id="b20f2513-6c39-48e7-97df-4b7a637032d6" />
      <TestMethod codeBase="C:/Users/SuprDewd/Desktop/Projects/Forritun/SharpBag/SharpBag.Tests01/bin/Release/SharpBag.Tests.DLL" adapterTypeName="Microsoft.VisualStudio.TestTools.TestTypes.Unit.UnitTestAdapter, Microsoft.VisualStudio.QualityTools.Tips.UnitTest.Adapter, Version=10.0.0.0, Culture=neutral, PublicKeyToken=b03f5f7f11d50a3a" className="SharpBag.ExtensionsTest, SharpBag.Tests, Version=0.0.0.0, Culture=neutral, PublicKeyToken=null" name="As0163220" />
    </UnitTest>
    <UnitTest name="AddThrowsContractException551" storage="c:\users\suprdewd\desktop\projects\forritun\sharpbag\sharpbag.tests01\bin\release\sharpbag.tests.dll" id="797d7b6c-0b94-436f-8cf2-1181e4378e5e">
      <Execution id="f3529886-d1f6-472d-af88-67067ce6960d" />
      <TestMethod codeBase="C:/Users/SuprDewd/Desktop/Projects/Forritun/SharpBag/SharpBag.Tests01/bin/Release/SharpBag.Tests.DLL" adapterTypeName="Microsoft.VisualStudio.TestTools.TestTypes.Unit.UnitTestAdapter, Microsoft.VisualStudio.QualityTools.Tips.UnitTest.Adapter, Version=10.0.0.0, Culture=neutral, PublicKeyToken=b03f5f7f11d50a3a" className="SharpBag.ExtensionsTest, SharpBag.Tests, Version=0.0.0.0, Culture=neutral, PublicKeyToken=null" name="AddThrowsContractException551" />
    </UnitTest>
    <UnitTest name="As0130302" storage="c:\users\suprdewd\desktop\projects\forritun\sharpbag\sharpbag.tests01\bin\release\sharpbag.tests.dll" id="bf4b4d8f-a9c5-278f-9d0c-4140566dfe7e">
      <Execution id="e3facf30-2bbb-4037-afa2-17143db086ae" />
      <TestMethod codeBase="C:/Users/SuprDewd/Desktop/Projects/Forritun/SharpBag/SharpBag.Tests01/bin/Release/SharpBag.Tests.DLL" adapterTypeName="Microsoft.VisualStudio.TestTools.TestTypes.Unit.UnitTestAdapter, Microsoft.VisualStudio.QualityTools.Tips.UnitTest.Adapter, Version=10.0.0.0, Culture=neutral, PublicKeyToken=b03f5f7f11d50a3a" className="SharpBag.ExtensionsTest, SharpBag.Tests, Version=0.0.0.0, Culture=neutral, PublicKeyToken=null" name="As0130302" />
    </UnitTest>
    <UnitTest name="UnionAll0135501" storage="c:\users\suprdewd\desktop\projects\forritun\sharpbag\sharpbag.tests01\bin\release\sharpbag.tests.dll" id="640310df-d648-7294-c434-32af677c30c3">
      <Execution id="0ddc9986-b6a6-456c-9557-6b4be53bf027" />
      <TestMethod codeBase="C:/Users/SuprDewd/Desktop/Projects/Forritun/SharpBag/SharpBag.Tests01/bin/Release/SharpBag.Tests.DLL" adapterTypeName="Microsoft.VisualStudio.TestTools.TestTypes.Unit.UnitTestAdapter, Microsoft.VisualStudio.QualityTools.Tips.UnitTest.Adapter, Version=10.0.0.0, Culture=neutral, PublicKeyToken=b03f5f7f11d50a3a" className="SharpBag.ExtensionsTest, SharpBag.Tests, Version=0.0.0.0, Culture=neutral, PublicKeyToken=null" name="UnionAll0135501" />
    </UnitTest>
    <UnitTest name="ContainsArrayThrowsContractException154" storage="c:\users\suprdewd\desktop\projects\forritun\sharpbag\sharpbag.tests01\bin\release\sharpbag.tests.dll" id="0f9431a7-c4c3-1aca-912d-ce2c11b0e97d">
      <Execution id="65c8e8ec-02c1-4b18-84d9-0742bc3c1f9c" />
      <TestMethod codeBase="C:/Users/SuprDewd/Desktop/Projects/Forritun/SharpBag/SharpBag.Tests01/bin/Release/SharpBag.Tests.DLL" adapterTypeName="Microsoft.VisualStudio.TestTools.TestTypes.Unit.UnitTestAdapter, Microsoft.VisualStudio.QualityTools.Tips.UnitTest.Adapter, Version=10.0.0.0, Culture=neutral, PublicKeyToken=b03f5f7f11d50a3a" className="SharpBag.ExtensionsTest, SharpBag.Tests, Version=0.0.0.0, Culture=neutral, PublicKeyToken=null" name="ContainsArrayThrowsContractException154" />
    </UnitTest>
    <UnitTest name="As215" storage="c:\users\suprdewd\desktop\projects\forritun\sharpbag\sharpbag.tests01\bin\release\sharpbag.tests.dll" id="7743f34e-ac5f-23a3-8e8f-212222420029">
      <Execution id="83b6052c-37cc-49ff-b1de-a3693165b112" />
      <TestMethod codeBase="C:/Users/SuprDewd/Desktop/Projects/Forritun/SharpBag/SharpBag.Tests01/bin/Release/SharpBag.Tests.DLL" adapterTypeName="Microsoft.VisualStudio.TestTools.TestTypes.Unit.UnitTestAdapter, Microsoft.VisualStudio.QualityTools.Tips.UnitTest.Adapter, Version=10.0.0.0, Culture=neutral, PublicKeyToken=b03f5f7f11d50a3a" className="SharpBag.ExtensionsTest, SharpBag.Tests, Version=0.0.0.0, Culture=neutral, PublicKeyToken=null" name="As215" />
    </UnitTest>
    <UnitTest name="As0163221" storage="c:\users\suprdewd\desktop\projects\forritun\sharpbag\sharpbag.tests01\bin\release\sharpbag.tests.dll" id="559ad5fd-9c89-3fab-e602-368a88629e35">
      <Execution id="c6d6d374-558b-4993-943b-b9ce264bd714" />
      <TestMethod codeBase="C:/Users/SuprDewd/Desktop/Projects/Forritun/SharpBag/SharpBag.Tests01/bin/Release/SharpBag.Tests.DLL" adapterTypeName="Microsoft.VisualStudio.TestTools.TestTypes.Unit.UnitTestAdapter, Microsoft.VisualStudio.QualityTools.Tips.UnitTest.Adapter, Version=10.0.0.0, Culture=neutral, PublicKeyToken=b03f5f7f11d50a3a" className="SharpBag.ExtensionsTest, SharpBag.Tests, Version=0.0.0.0, Culture=neutral, PublicKeyToken=null" name="As0163221" />
    </UnitTest>
    <UnitTest name="As0166004" storage="c:\users\suprdewd\desktop\projects\forritun\sharpbag\sharpbag.tests01\bin\release\sharpbag.tests.dll" id="97495e35-0952-692a-91b0-3d721dc574e4">
      <Execution id="318706dd-de46-4ea4-bfc6-b443b9dcadf1" />
      <TestMethod codeBase="C:/Users/SuprDewd/Desktop/Projects/Forritun/SharpBag/SharpBag.Tests01/bin/Release/SharpBag.Tests.DLL" adapterTypeName="Microsoft.VisualStudio.TestTools.TestTypes.Unit.UnitTestAdapter, Microsoft.VisualStudio.QualityTools.Tips.UnitTest.Adapter, Version=10.0.0.0, Culture=neutral, PublicKeyToken=b03f5f7f11d50a3a" className="SharpBag.ExtensionsTest, SharpBag.Tests, Version=0.0.0.0, Culture=neutral, PublicKeyToken=null" name="As0166004" />
    </UnitTest>
    <UnitTest name="As0163229" storage="c:\users\suprdewd\desktop\projects\forritun\sharpbag\sharpbag.tests01\bin\release\sharpbag.tests.dll" id="c80221bd-ca0a-aa23-6b81-2ed5f20f8d5f">
      <Execution id="bda687fc-d549-4cef-ab9f-27ff56b3c6e2" />
      <TestMethod codeBase="C:/Users/SuprDewd/Desktop/Projects/Forritun/SharpBag/SharpBag.Tests01/bin/Release/SharpBag.Tests.DLL" adapterTypeName="Microsoft.VisualStudio.TestTools.TestTypes.Unit.UnitTestAdapter, Microsoft.VisualStudio.QualityTools.Tips.UnitTest.Adapter, Version=10.0.0.0, Culture=neutral, PublicKeyToken=b03f5f7f11d50a3a" className="SharpBag.ExtensionsTest, SharpBag.Tests, Version=0.0.0.0, Culture=neutral, PublicKeyToken=null" name="As0163229" />
    </UnitTest>
    <UnitTest name="As0136702" storage="c:\users\suprdewd\desktop\projects\forritun\sharpbag\sharpbag.tests01\bin\release\sharpbag.tests.dll" id="f791b1fc-7ecf-06ad-9b72-838a0f1da804">
      <Execution id="1de94de6-b224-45a5-9fbc-801c626fba6f" />
      <TestMethod codeBase="C:/Users/SuprDewd/Desktop/Projects/Forritun/SharpBag/SharpBag.Tests01/bin/Release/SharpBag.Tests.DLL" adapterTypeName="Microsoft.VisualStudio.TestTools.TestTypes.Unit.UnitTestAdapter, Microsoft.VisualStudio.QualityTools.Tips.UnitTest.Adapter, Version=10.0.0.0, Culture=neutral, PublicKeyToken=b03f5f7f11d50a3a" className="SharpBag.ExtensionsTest, SharpBag.Tests, Version=0.0.0.0, Culture=neutral, PublicKeyToken=null" name="As0136702" />
    </UnitTest>
    <UnitTest name="ForEach78804" storage="c:\users\suprdewd\desktop\projects\forritun\sharpbag\sharpbag.tests01\bin\release\sharpbag.tests.dll" id="9a12b8c7-dd2a-27a8-8e5c-846cf91e7a67">
      <Execution id="31c07987-3b1d-48c3-879b-2e2100c13ced" />
      <TestMethod codeBase="C:/Users/SuprDewd/Desktop/Projects/Forritun/SharpBag/SharpBag.Tests01/bin/Release/SharpBag.Tests.DLL" adapterTypeName="Microsoft.VisualStudio.TestTools.TestTypes.Unit.UnitTestAdapter, Microsoft.VisualStudio.QualityTools.Tips.UnitTest.Adapter, Version=10.0.0.0, Culture=neutral, PublicKeyToken=b03f5f7f11d50a3a" className="SharpBag.ExtensionsTest, SharpBag.Tests, Version=0.0.0.0, Culture=neutral, PublicKeyToken=null" name="ForEach78804" />
    </UnitTest>
    <UnitTest name="As0163244" storage="c:\users\suprdewd\desktop\projects\forritun\sharpbag\sharpbag.tests01\bin\release\sharpbag.tests.dll" id="aa951c3d-ee4a-9ede-aac2-7e390167d171">
      <Execution id="16a71a8f-2c1a-460d-9570-ca90a73c33e8" />
      <TestMethod codeBase="C:/Users/SuprDewd/Desktop/Projects/Forritun/SharpBag/SharpBag.Tests01/bin/Release/SharpBag.Tests.DLL" adapterTypeName="Microsoft.VisualStudio.TestTools.TestTypes.Unit.UnitTestAdapter, Microsoft.VisualStudio.QualityTools.Tips.UnitTest.Adapter, Version=10.0.0.0, Culture=neutral, PublicKeyToken=b03f5f7f11d50a3a" className="SharpBag.ExtensionsTest, SharpBag.Tests, Version=0.0.0.0, Culture=neutral, PublicKeyToken=null" name="As0163244" />
    </UnitTest>
    <UnitTest name="As0163237" storage="c:\users\suprdewd\desktop\projects\forritun\sharpbag\sharpbag.tests01\bin\release\sharpbag.tests.dll" id="0c1112ce-06b8-6d36-f7fb-a3574f6e2065">
      <Execution id="76841114-e712-4e9e-b029-41bca39b1bc0" />
      <TestMethod codeBase="C:/Users/SuprDewd/Desktop/Projects/Forritun/SharpBag/SharpBag.Tests01/bin/Release/SharpBag.Tests.DLL" adapterTypeName="Microsoft.VisualStudio.TestTools.TestTypes.Unit.UnitTestAdapter, Microsoft.VisualStudio.QualityTools.Tips.UnitTest.Adapter, Version=10.0.0.0, Culture=neutral, PublicKeyToken=b03f5f7f11d50a3a" className="SharpBag.ExtensionsTest, SharpBag.Tests, Version=0.0.0.0, Culture=neutral, PublicKeyToken=null" name="As0163237" />
    </UnitTest>
    <UnitTest name="AsEnumerable56003" storage="c:\users\suprdewd\desktop\projects\forritun\sharpbag\sharpbag.tests01\bin\release\sharpbag.tests.dll" id="0f614d48-4580-1835-c34d-314b56fdf70c">
      <Execution id="b87284d0-1198-418f-8170-dfc672d281d6" />
      <TestMethod codeBase="C:/Users/SuprDewd/Desktop/Projects/Forritun/SharpBag/SharpBag.Tests01/bin/Release/SharpBag.Tests.DLL" adapterTypeName="Microsoft.VisualStudio.TestTools.TestTypes.Unit.UnitTestAdapter, Microsoft.VisualStudio.QualityTools.Tips.UnitTest.Adapter, Version=10.0.0.0, Culture=neutral, PublicKeyToken=b03f5f7f11d50a3a" className="SharpBag.ExtensionsTest, SharpBag.Tests, Version=0.0.0.0, Culture=neutral, PublicKeyToken=null" name="AsEnumerable56003" />
    </UnitTest>
    <UnitTest name="Add88504" storage="c:\users\suprdewd\desktop\projects\forritun\sharpbag\sharpbag.tests01\bin\release\sharpbag.tests.dll" id="92c796c7-6140-7467-0f72-263f4de0d5fd">
      <Execution id="58e54223-fdb8-4749-be95-bc6f14d7c7d8" />
      <TestMethod codeBase="C:/Users/SuprDewd/Desktop/Projects/Forritun/SharpBag/SharpBag.Tests01/bin/Release/SharpBag.Tests.DLL" adapterTypeName="Microsoft.VisualStudio.TestTools.TestTypes.Unit.UnitTestAdapter, Microsoft.VisualStudio.QualityTools.Tips.UnitTest.Adapter, Version=10.0.0.0, Culture=neutral, PublicKeyToken=b03f5f7f11d50a3a" className="SharpBag.ExtensionsTest, SharpBag.Tests, Version=0.0.0.0, Culture=neutral, PublicKeyToken=null" name="Add88504" />
    </UnitTest>
    <UnitTest name="IsNot859" storage="c:\users\suprdewd\desktop\projects\forritun\sharpbag\sharpbag.tests01\bin\release\sharpbag.tests.dll" id="633e6a31-e7c1-dc4e-810e-71a427cf70a8">
      <Execution id="70193ef8-8f4d-4a92-9596-896262b95946" />
      <TestMethod codeBase="C:/Users/SuprDewd/Desktop/Projects/Forritun/SharpBag/SharpBag.Tests01/bin/Release/SharpBag.Tests.DLL" adapterTypeName="Microsoft.VisualStudio.TestTools.TestTypes.Unit.UnitTestAdapter, Microsoft.VisualStudio.QualityTools.Tips.UnitTest.Adapter, Version=10.0.0.0, Culture=neutral, PublicKeyToken=b03f5f7f11d50a3a" className="SharpBag.ExtensionsTest, SharpBag.Tests, Version=0.0.0.0, Culture=neutral, PublicKeyToken=null" name="IsNot859" />
    </UnitTest>
    <UnitTest name="EmptyIfNull574" storage="c:\users\suprdewd\desktop\projects\forritun\sharpbag\sharpbag.tests01\bin\release\sharpbag.tests.dll" id="d982986f-d5cc-bb8f-d6d8-e2a54e2f4dd0">
      <Execution id="09a39f36-2fd5-453b-920f-69b0764d922a" />
      <TestMethod codeBase="C:/Users/SuprDewd/Desktop/Projects/Forritun/SharpBag/SharpBag.Tests01/bin/Release/SharpBag.Tests.DLL" adapterTypeName="Microsoft.VisualStudio.TestTools.TestTypes.Unit.UnitTestAdapter, Microsoft.VisualStudio.QualityTools.Tips.UnitTest.Adapter, Version=10.0.0.0, Culture=neutral, PublicKeyToken=b03f5f7f11d50a3a" className="SharpBag.ExtensionsTest, SharpBag.Tests, Version=0.0.0.0, Culture=neutral, PublicKeyToken=null" name="EmptyIfNull574" />
    </UnitTest>
    <UnitTest name="As21519" storage="c:\users\suprdewd\desktop\projects\forritun\sharpbag\sharpbag.tests01\bin\release\sharpbag.tests.dll" id="b1e8fb4c-7380-ad76-529d-dbdac5528194">
      <Execution id="c140d273-d54e-47e2-a565-a9fb0541515f" />
      <TestMethod codeBase="C:/Users/SuprDewd/Desktop/Projects/Forritun/SharpBag/SharpBag.Tests01/bin/Release/SharpBag.Tests.DLL" adapterTypeName="Microsoft.VisualStudio.TestTools.TestTypes.Unit.UnitTestAdapter, Microsoft.VisualStudio.QualityTools.Tips.UnitTest.Adapter, Version=10.0.0.0, Culture=neutral, PublicKeyToken=b03f5f7f11d50a3a" className="SharpBag.ExtensionsTest, SharpBag.Tests, Version=0.0.0.0, Culture=neutral, PublicKeyToken=null" name="As21519" />
    </UnitTest>
    <UnitTest name="To0146301" storage="c:\users\suprdewd\desktop\projects\forritun\sharpbag\sharpbag.tests01\bin\release\sharpbag.tests.dll" id="b7fcc578-5aaf-c60a-749d-838a3f516168">
      <Execution id="4cc6456d-8eee-43d9-b06e-f5db1da916c8" />
      <TestMethod codeBase="C:/Users/SuprDewd/Desktop/Projects/Forritun/SharpBag/SharpBag.Tests01/bin/Release/SharpBag.Tests.DLL" adapterTypeName="Microsoft.VisualStudio.TestTools.TestTypes.Unit.UnitTestAdapter, Microsoft.VisualStudio.QualityTools.Tips.UnitTest.Adapter, Version=10.0.0.0, Culture=neutral, PublicKeyToken=b03f5f7f11d50a3a" className="SharpBag.ExtensionsTest, SharpBag.Tests, Version=0.0.0.0, Culture=neutral, PublicKeyToken=null" name="To0146301" />
    </UnitTest>
    <UnitTest name="GetByPercentThrowsContractException151" storage="c:\users\suprdewd\desktop\projects\forritun\sharpbag\sharpbag.tests01\bin\release\sharpbag.tests.dll" id="532bfe79-61d3-8d09-52bb-06591829691e">
      <Execution id="feca56db-1240-4ecf-a472-3103d0b3fa3f" />
      <TestMethod codeBase="C:/Users/SuprDewd/Desktop/Projects/Forritun/SharpBag/SharpBag.Tests01/bin/Release/SharpBag.Tests.DLL" adapterTypeName="Microsoft.VisualStudio.TestTools.TestTypes.Unit.UnitTestAdapter, Microsoft.VisualStudio.QualityTools.Tips.UnitTest.Adapter, Version=10.0.0.0, Culture=neutral, PublicKeyToken=b03f5f7f11d50a3a" className="SharpBag.ExtensionsTest, SharpBag.Tests, Version=0.0.0.0, Culture=neutral, PublicKeyToken=null" name="GetByPercentThrowsContractException151" />
    </UnitTest>
    <UnitTest name="ExecuteThrowsContractException889" storage="c:\users\suprdewd\desktop\projects\forritun\sharpbag\sharpbag.tests01\bin\release\sharpbag.tests.dll" id="1a2d7899-6e00-21df-f034-6547a11cae31">
      <Execution id="e0683f86-5e3d-40b1-a965-63d88de18876" />
      <TestMethod codeBase="C:/Users/SuprDewd/Desktop/Projects/Forritun/SharpBag/SharpBag.Tests01/bin/Release/SharpBag.Tests.DLL" adapterTypeName="Microsoft.VisualStudio.TestTools.TestTypes.Unit.UnitTestAdapter, Microsoft.VisualStudio.QualityTools.Tips.UnitTest.Adapter, Version=10.0.0.0, Culture=neutral, PublicKeyToken=b03f5f7f11d50a3a" className="SharpBag.ExtensionsTest, SharpBag.Tests, Version=0.0.0.0, Culture=neutral, PublicKeyToken=null" name="ExecuteThrowsContractException889" />
    </UnitTest>
    <UnitTest name="IsIn570" storage="c:\users\suprdewd\desktop\projects\forritun\sharpbag\sharpbag.tests01\bin\release\sharpbag.tests.dll" id="1e811e95-82b3-7182-a1a6-ec99686bab87">
      <Execution id="4aa1856c-5ab8-44e2-b3db-6d3915e8938e" />
      <TestMethod codeBase="C:/Users/SuprDewd/Desktop/Projects/Forritun/SharpBag/SharpBag.Tests01/bin/Release/SharpBag.Tests.DLL" adapterTypeName="Microsoft.VisualStudio.TestTools.TestTypes.Unit.UnitTestAdapter, Microsoft.VisualStudio.QualityTools.Tips.UnitTest.Adapter, Version=10.0.0.0, Culture=neutral, PublicKeyToken=b03f5f7f11d50a3a" className="SharpBag.ExtensionsTest, SharpBag.Tests, Version=0.0.0.0, Culture=neutral, PublicKeyToken=null" name="IsIn570" />
    </UnitTest>
    <UnitTest name="NullOr71403" storage="c:\users\suprdewd\desktop\projects\forritun\sharpbag\sharpbag.tests01\bin\release\sharpbag.tests.dll" id="fdc59520-9564-0684-d4f9-2091f576f931">
      <Execution id="5ce34867-ce9d-4ce0-bb34-b0e860598d19" />
      <TestMethod codeBase="C:/Users/SuprDewd/Desktop/Projects/Forritun/SharpBag/SharpBag.Tests01/bin/Release/SharpBag.Tests.DLL" adapterTypeName="Microsoft.VisualStudio.TestTools.TestTypes.Unit.UnitTestAdapter, Microsoft.VisualStudio.QualityTools.Tips.UnitTest.Adapter, Version=10.0.0.0, Culture=neutral, PublicKeyToken=b03f5f7f11d50a3a" className="SharpBag.ExtensionsTest, SharpBag.Tests, Version=0.0.0.0, Culture=neutral, PublicKeyToken=null" name="NullOr71403" />
    </UnitTest>
    <UnitTest name="SubarrayThrowsContractException304" storage="c:\users\suprdewd\desktop\projects\forritun\sharpbag\sharpbag.tests01\bin\release\sharpbag.tests.dll" id="23289518-cff6-51c7-cbca-8f7fc69c7429">
      <Execution id="bdd0b907-aaff-478b-ae64-a9f9bdcca266" />
      <TestMethod codeBase="C:/Users/SuprDewd/Desktop/Projects/Forritun/SharpBag/SharpBag.Tests01/bin/Release/SharpBag.Tests.DLL" adapterTypeName="Microsoft.VisualStudio.TestTools.TestTypes.Unit.UnitTestAdapter, Microsoft.VisualStudio.QualityTools.Tips.UnitTest.Adapter, Version=10.0.0.0, Culture=neutral, PublicKeyToken=b03f5f7f11d50a3a" className="SharpBag.ExtensionsTest, SharpBag.Tests, Version=0.0.0.0, Culture=neutral, PublicKeyToken=null" name="SubarrayThrowsContractException304" />
    </UnitTest>
    <UnitTest name="NullOr90701" storage="c:\users\suprdewd\desktop\projects\forritun\sharpbag\sharpbag.tests01\bin\release\sharpbag.tests.dll" id="4183213a-6645-16c2-af8b-e5bfcf7442d8">
      <Execution id="95854664-e3d9-4bf7-ae90-12c917e1f0bb" />
      <TestMethod codeBase="C:/Users/SuprDewd/Desktop/Projects/Forritun/SharpBag/SharpBag.Tests01/bin/Release/SharpBag.Tests.DLL" adapterTypeName="Microsoft.VisualStudio.TestTools.TestTypes.Unit.UnitTestAdapter, Microsoft.VisualStudio.QualityTools.Tips.UnitTest.Adapter, Version=10.0.0.0, Culture=neutral, PublicKeyToken=b03f5f7f11d50a3a" className="SharpBag.ExtensionsTest, SharpBag.Tests, Version=0.0.0.0, Culture=neutral, PublicKeyToken=null" name="NullOr90701" />
    </UnitTest>
    <UnitTest name="ForEach78802" storage="c:\users\suprdewd\desktop\projects\forritun\sharpbag\sharpbag.tests01\bin\release\sharpbag.tests.dll" id="34aa3cd1-c558-0302-e5aa-355d37850848">
      <Execution id="92c442d6-d2b1-4c8f-9dd6-7d4189893bb8" />
      <TestMethod codeBase="C:/Users/SuprDewd/Desktop/Projects/Forritun/SharpBag/SharpBag.Tests01/bin/Release/SharpBag.Tests.DLL" adapterTypeName="Microsoft.VisualStudio.TestTools.TestTypes.Unit.UnitTestAdapter, Microsoft.VisualStudio.QualityTools.Tips.UnitTest.Adapter, Version=10.0.0.0, Culture=neutral, PublicKeyToken=b03f5f7f11d50a3a" className="SharpBag.ExtensionsTest, SharpBag.Tests, Version=0.0.0.0, Culture=neutral, PublicKeyToken=null" name="ForEach78802" />
    </UnitTest>
    <UnitTest name="To03ThrowsContractException968" storage="c:\users\suprdewd\desktop\projects\forritun\sharpbag\sharpbag.tests01\bin\release\sharpbag.tests.dll" id="8f15350a-b612-7c9b-89ff-1e54a29d9340">
      <Execution id="70792601-5a5a-4667-84c6-aab79612b2bd" />
      <TestMethod codeBase="C:/Users/SuprDewd/Desktop/Projects/Forritun/SharpBag/SharpBag.Tests01/bin/Release/SharpBag.Tests.DLL" adapterTypeName="Microsoft.VisualStudio.TestTools.TestTypes.Unit.UnitTestAdapter, Microsoft.VisualStudio.QualityTools.Tips.UnitTest.Adapter, Version=10.0.0.0, Culture=neutral, PublicKeyToken=b03f5f7f11d50a3a" className="SharpBag.ExtensionsTest, SharpBag.Tests, Version=0.0.0.0, Culture=neutral, PublicKeyToken=null" name="To03ThrowsContractException968" />
    </UnitTest>
    <UnitTest name="IfNotNull0159702" storage="c:\users\suprdewd\desktop\projects\forritun\sharpbag\sharpbag.tests01\bin\release\sharpbag.tests.dll" id="b086ebe0-6bb0-f4b4-2d74-97b1a10dd517">
      <Execution id="adfa52c2-f581-45e4-9b45-790217d35edb" />
      <TestMethod codeBase="C:/Users/SuprDewd/Desktop/Projects/Forritun/SharpBag/SharpBag.Tests01/bin/Release/SharpBag.Tests.DLL" adapterTypeName="Microsoft.VisualStudio.TestTools.TestTypes.Unit.UnitTestAdapter, Microsoft.VisualStudio.QualityTools.Tips.UnitTest.Adapter, Version=10.0.0.0, Culture=neutral, PublicKeyToken=b03f5f7f11d50a3a" className="SharpBag.ExtensionsTest, SharpBag.Tests, Version=0.0.0.0, Culture=neutral, PublicKeyToken=null" name="IfNotNull0159702" />
    </UnitTest>
    <UnitTest name="IfNotNull0192301" storage="c:\users\suprdewd\desktop\projects\forritun\sharpbag\sharpbag.tests01\bin\release\sharpbag.tests.dll" id="49aa9228-e307-ef3c-566e-386137588923">
      <Execution id="35535f6f-d0f9-4e83-9a0a-449834d6f276" />
      <TestMethod codeBase="C:/Users/SuprDewd/Desktop/Projects/Forritun/SharpBag/SharpBag.Tests01/bin/Release/SharpBag.Tests.DLL" adapterTypeName="Microsoft.VisualStudio.TestTools.TestTypes.Unit.UnitTestAdapter, Microsoft.VisualStudio.QualityTools.Tips.UnitTest.Adapter, Version=10.0.0.0, Culture=neutral, PublicKeyToken=b03f5f7f11d50a3a" className="SharpBag.ExtensionsTest, SharpBag.Tests, Version=0.0.0.0, Culture=neutral, PublicKeyToken=null" name="IfNotNull0192301" />
    </UnitTest>
    <UnitTest name="IfNotNull47702" storage="c:\users\suprdewd\desktop\projects\forritun\sharpbag\sharpbag.tests01\bin\release\sharpbag.tests.dll" id="db3b4c9b-bf56-f07b-1edd-3db630376de3">
      <Execution id="d1a4349e-13e6-4afd-89fb-ba4bf2f4d242" />
      <TestMethod codeBase="C:/Users/SuprDewd/Desktop/Projects/Forritun/SharpBag/SharpBag.Tests01/bin/Release/SharpBag.Tests.DLL" adapterTypeName="Microsoft.VisualStudio.TestTools.TestTypes.Unit.UnitTestAdapter, Microsoft.VisualStudio.QualityTools.Tips.UnitTest.Adapter, Version=10.0.0.0, Culture=neutral, PublicKeyToken=b03f5f7f11d50a3a" className="SharpBag.ExtensionsTest, SharpBag.Tests, Version=0.0.0.0, Culture=neutral, PublicKeyToken=null" name="IfNotNull47702" />
    </UnitTest>
    <UnitTest name="GetByPercentThrowsContractException316" storage="c:\users\suprdewd\desktop\projects\forritun\sharpbag\sharpbag.tests01\bin\release\sharpbag.tests.dll" id="1a16baca-1870-eb8d-2332-884e5248582b">
      <Execution id="5ffe589b-d9dd-47e7-8964-e28a74ed1683" />
      <TestMethod codeBase="C:/Users/SuprDewd/Desktop/Projects/Forritun/SharpBag/SharpBag.Tests01/bin/Release/SharpBag.Tests.DLL" adapterTypeName="Microsoft.VisualStudio.TestTools.TestTypes.Unit.UnitTestAdapter, Microsoft.VisualStudio.QualityTools.Tips.UnitTest.Adapter, Version=10.0.0.0, Culture=neutral, PublicKeyToken=b03f5f7f11d50a3a" className="SharpBag.ExtensionsTest, SharpBag.Tests, Version=0.0.0.0, Culture=neutral, PublicKeyToken=null" name="GetByPercentThrowsContractException316" />
    </UnitTest>
    <UnitTest name="TakeEveryThrowsContractException597" storage="c:\users\suprdewd\desktop\projects\forritun\sharpbag\sharpbag.tests01\bin\release\sharpbag.tests.dll" id="f66902ae-2eb8-36de-bdb4-af24338ae682">
      <Execution id="3aa4ed38-17d1-45f8-9b3b-b5961ee7df3c" />
      <TestMethod codeBase="C:/Users/SuprDewd/Desktop/Projects/Forritun/SharpBag/SharpBag.Tests01/bin/Release/SharpBag.Tests.DLL" adapterTypeName="Microsoft.VisualStudio.TestTools.TestTypes.Unit.UnitTestAdapter, Microsoft.VisualStudio.QualityTools.Tips.UnitTest.Adapter, Version=10.0.0.0, Culture=neutral, PublicKeyToken=b03f5f7f11d50a3a" className="SharpBag.ExtensionsTest, SharpBag.Tests, Version=0.0.0.0, Culture=neutral, PublicKeyToken=null" name="TakeEveryThrowsContractException597" />
    </UnitTest>
    <UnitTest name="AsEnumerable0128301" storage="c:\users\suprdewd\desktop\projects\forritun\sharpbag\sharpbag.tests01\bin\release\sharpbag.tests.dll" id="42f45f10-504d-0d19-0e58-1ea2105c69e9">
      <Execution id="0afe5901-edd7-4d5d-adba-892e808a8df6" />
      <TestMethod codeBase="C:/Users/SuprDewd/Desktop/Projects/Forritun/SharpBag/SharpBag.Tests01/bin/Release/SharpBag.Tests.DLL" adapterTypeName="Microsoft.VisualStudio.TestTools.TestTypes.Unit.UnitTestAdapter, Microsoft.VisualStudio.QualityTools.Tips.UnitTest.Adapter, Version=10.0.0.0, Culture=neutral, PublicKeyToken=b03f5f7f11d50a3a" className="SharpBag.ExtensionsTest, SharpBag.Tests, Version=0.0.0.0, Culture=neutral, PublicKeyToken=null" name="AsEnumerable0128301" />
    </UnitTest>
    <UnitTest name="As21501" storage="c:\users\suprdewd\desktop\projects\forritun\sharpbag\sharpbag.tests01\bin\release\sharpbag.tests.dll" id="ea12baf4-c62d-b0ca-b8ec-0dd742c09890">
      <Execution id="88d7e89c-e241-4b86-9c5f-00799a4e65ba" />
      <TestMethod codeBase="C:/Users/SuprDewd/Desktop/Projects/Forritun/SharpBag/SharpBag.Tests01/bin/Release/SharpBag.Tests.DLL" adapterTypeName="Microsoft.VisualStudio.TestTools.TestTypes.Unit.UnitTestAdapter, Microsoft.VisualStudio.QualityTools.Tips.UnitTest.Adapter, Version=10.0.0.0, Culture=neutral, PublicKeyToken=b03f5f7f11d50a3a" className="SharpBag.ExtensionsTest, SharpBag.Tests, Version=0.0.0.0, Culture=neutral, PublicKeyToken=null" name="As21501" />
    </UnitTest>
    <UnitTest name="Random43101" storage="c:\users\suprdewd\desktop\projects\forritun\sharpbag\sharpbag.tests01\bin\release\sharpbag.tests.dll" id="1281f517-45b5-6723-bc3e-71da88a02141">
      <Execution id="7a63f754-5a14-4d48-a6a6-635d2b63b25a" />
      <TestMethod codeBase="C:/Users/SuprDewd/Desktop/Projects/Forritun/SharpBag/SharpBag.Tests01/bin/Release/SharpBag.Tests.DLL" adapterTypeName="Microsoft.VisualStudio.TestTools.TestTypes.Unit.UnitTestAdapter, Microsoft.VisualStudio.QualityTools.Tips.UnitTest.Adapter, Version=10.0.0.0, Culture=neutral, PublicKeyToken=b03f5f7f11d50a3a" className="SharpBag.ExtensionsTest, SharpBag.Tests, Version=0.0.0.0, Culture=neutral, PublicKeyToken=null" name="Random43101" />
    </UnitTest>
    <UnitTest name="AsEnumerableThrowsContractException9" storage="c:\users\suprdewd\desktop\projects\forritun\sharpbag\sharpbag.tests01\bin\release\sharpbag.tests.dll" id="afe5b38f-db93-5765-7ecd-49d9214e51e3">
      <Execution id="7b3f705d-cd64-42c2-963b-4212e4d6917b" />
      <TestMethod codeBase="C:/Users/SuprDewd/Desktop/Projects/Forritun/SharpBag/SharpBag.Tests01/bin/Release/SharpBag.Tests.DLL" adapterTypeName="Microsoft.VisualStudio.TestTools.TestTypes.Unit.UnitTestAdapter, Microsoft.VisualStudio.QualityTools.Tips.UnitTest.Adapter, Version=10.0.0.0, Culture=neutral, PublicKeyToken=b03f5f7f11d50a3a" className="SharpBag.ExtensionsTest, SharpBag.Tests, Version=0.0.0.0, Culture=neutral, PublicKeyToken=null" name="AsEnumerableThrowsContractException9" />
    </UnitTest>
    <UnitTest name="Random01ThrowsContractException824" storage="c:\users\suprdewd\desktop\projects\forritun\sharpbag\sharpbag.tests01\bin\release\sharpbag.tests.dll" id="1b9103d0-5cae-0f4c-09ff-459b405bb125">
      <Execution id="6abf7cf9-f77d-45d1-91da-00e7a99aef9b" />
      <TestMethod codeBase="C:/Users/SuprDewd/Desktop/Projects/Forritun/SharpBag/SharpBag.Tests01/bin/Release/SharpBag.Tests.DLL" adapterTypeName="Microsoft.VisualStudio.TestTools.TestTypes.Unit.UnitTestAdapter, Microsoft.VisualStudio.QualityTools.Tips.UnitTest.Adapter, Version=10.0.0.0, Culture=neutral, PublicKeyToken=b03f5f7f11d50a3a" className="SharpBag.ExtensionsTest, SharpBag.Tests, Version=0.0.0.0, Culture=neutral, PublicKeyToken=null" name="Random01ThrowsContractException824" />
    </UnitTest>
    <UnitTest name="Subarray709" storage="c:\users\suprdewd\desktop\projects\forritun\sharpbag\sharpbag.tests01\bin\release\sharpbag.tests.dll" id="04c53adc-df51-85a8-3dcb-278e962fc112">
      <Execution id="9dee4325-3a21-4088-a89d-c5a4b9a17be7" />
      <TestMethod codeBase="C:/Users/SuprDewd/Desktop/Projects/Forritun/SharpBag/SharpBag.Tests01/bin/Release/SharpBag.Tests.DLL" adapterTypeName="Microsoft.VisualStudio.TestTools.TestTypes.Unit.UnitTestAdapter, Microsoft.VisualStudio.QualityTools.Tips.UnitTest.Adapter, Version=10.0.0.0, Culture=neutral, PublicKeyToken=b03f5f7f11d50a3a" className="SharpBag.ExtensionsTest, SharpBag.Tests, Version=0.0.0.0, Culture=neutral, PublicKeyToken=null" name="Subarray709" />
    </UnitTest>
    <UnitTest name="As0166402" storage="c:\users\suprdewd\desktop\projects\forritun\sharpbag\sharpbag.tests01\bin\release\sharpbag.tests.dll" id="7a9400e0-6f1a-74cc-aaf2-4e620d01eac4">
      <Execution id="9ca68b60-1a30-4f19-89d1-bd031378fbcd" />
      <TestMethod codeBase="C:/Users/SuprDewd/Desktop/Projects/Forritun/SharpBag/SharpBag.Tests01/bin/Release/SharpBag.Tests.DLL" adapterTypeName="Microsoft.VisualStudio.TestTools.TestTypes.Unit.UnitTestAdapter, Microsoft.VisualStudio.QualityTools.Tips.UnitTest.Adapter, Version=10.0.0.0, Culture=neutral, PublicKeyToken=b03f5f7f11d50a3a" className="SharpBag.ExtensionsTest, SharpBag.Tests, Version=0.0.0.0, Culture=neutral, PublicKeyToken=null" name="As0166402" />
    </UnitTest>
    <UnitTest name="As0130303" storage="c:\users\suprdewd\desktop\projects\forritun\sharpbag\sharpbag.tests01\bin\release\sharpbag.tests.dll" id="a5088dbd-9f6a-bb83-e64a-07cfd5052c81">
      <Execution id="71e4c182-a307-4597-849b-b6efa26a4b4a" />
      <TestMethod codeBase="C:/Users/SuprDewd/Desktop/Projects/Forritun/SharpBag/SharpBag.Tests01/bin/Release/SharpBag.Tests.DLL" adapterTypeName="Microsoft.VisualStudio.TestTools.TestTypes.Unit.UnitTestAdapter, Microsoft.VisualStudio.QualityTools.Tips.UnitTest.Adapter, Version=10.0.0.0, Culture=neutral, PublicKeyToken=b03f5f7f11d50a3a" className="SharpBag.ExtensionsTest, SharpBag.Tests, Version=0.0.0.0, Culture=neutral, PublicKeyToken=null" name="As0130303" />
    </UnitTest>
    <UnitTest name="To04ThrowsContractException193" storage="c:\users\suprdewd\desktop\projects\forritun\sharpbag\sharpbag.tests01\bin\release\sharpbag.tests.dll" id="3ca3afbe-4155-3a78-1581-d034645ac0e9">
      <Execution id="ae67af05-67f6-4aea-8305-3ed9194fb880" />
      <TestMethod codeBase="C:/Users/SuprDewd/Desktop/Projects/Forritun/SharpBag/SharpBag.Tests01/bin/Release/SharpBag.Tests.DLL" adapterTypeName="Microsoft.VisualStudio.TestTools.TestTypes.Unit.UnitTestAdapter, Microsoft.VisualStudio.QualityTools.Tips.UnitTest.Adapter, Version=10.0.0.0, Culture=neutral, PublicKeyToken=b03f5f7f11d50a3a" className="SharpBag.ExtensionsTest, SharpBag.Tests, Version=0.0.0.0, Culture=neutral, PublicKeyToken=null" name="To04ThrowsContractException193" />
    </UnitTest>
    <UnitTest name="As763" storage="c:\users\suprdewd\desktop\projects\forritun\sharpbag\sharpbag.tests01\bin\release\sharpbag.tests.dll" id="808822f6-9c85-0a33-f1f9-4d64c79fb975">
      <Execution id="793c953a-e2ce-415f-9959-2a99ea1f9f30" />
      <TestMethod codeBase="C:/Users/SuprDewd/Desktop/Projects/Forritun/SharpBag/SharpBag.Tests01/bin/Release/SharpBag.Tests.DLL" adapterTypeName="Microsoft.VisualStudio.TestTools.TestTypes.Unit.UnitTestAdapter, Microsoft.VisualStudio.QualityTools.Tips.UnitTest.Adapter, Version=10.0.0.0, Culture=neutral, PublicKeyToken=b03f5f7f11d50a3a" className="SharpBag.ExtensionsTest, SharpBag.Tests, Version=0.0.0.0, Culture=neutral, PublicKeyToken=null" name="As763" />
    </UnitTest>
    <UnitTest name="Iter96004" storage="c:\users\suprdewd\desktop\projects\forritun\sharpbag\sharpbag.tests01\bin\release\sharpbag.tests.dll" id="7a965cd2-e1cf-8636-b94b-9bb1e4688fd0">
      <Execution id="e5d7613c-c9f0-4033-a8f3-df80b95af742" />
      <TestMethod codeBase="C:/Users/SuprDewd/Desktop/Projects/Forritun/SharpBag/SharpBag.Tests01/bin/Release/SharpBag.Tests.DLL" adapterTypeName="Microsoft.VisualStudio.TestTools.TestTypes.Unit.UnitTestAdapter, Microsoft.VisualStudio.QualityTools.Tips.UnitTest.Adapter, Version=10.0.0.0, Culture=neutral, PublicKeyToken=b03f5f7f11d50a3a" className="SharpBag.ExtensionsTest, SharpBag.Tests, Version=0.0.0.0, Culture=neutral, PublicKeyToken=null" name="Iter96004" />
    </UnitTest>
    <UnitTest name="UnionAll0233901" storage="c:\users\suprdewd\desktop\projects\forritun\sharpbag\sharpbag.tests01\bin\release\sharpbag.tests.dll" id="4c766330-2a1a-c11f-5958-fa0e45c2a866">
      <Execution id="50efd195-5061-4d38-92fe-2609edccf7ff" />
      <TestMethod codeBase="C:/Users/SuprDewd/Desktop/Projects/Forritun/SharpBag/SharpBag.Tests01/bin/Release/SharpBag.Tests.DLL" adapterTypeName="Microsoft.VisualStudio.TestTools.TestTypes.Unit.UnitTestAdapter, Microsoft.VisualStudio.QualityTools.Tips.UnitTest.Adapter, Version=10.0.0.0, Culture=neutral, PublicKeyToken=b03f5f7f11d50a3a" className="SharpBag.ExtensionsTest, SharpBag.Tests, Version=0.0.0.0, Culture=neutral, PublicKeyToken=null" name="UnionAll0233901" />
    </UnitTest>
    <UnitTest name="SubarrayThrowsIndexOutOfRangeException460" storage="c:\users\suprdewd\desktop\projects\forritun\sharpbag\sharpbag.tests01\bin\release\sharpbag.tests.dll" id="2873c42d-778c-9215-3e6d-6d287f7555e3">
      <Execution id="e8919fb8-43fe-466e-bc73-52265d07be43" />
      <TestMethod codeBase="C:/Users/SuprDewd/Desktop/Projects/Forritun/SharpBag/SharpBag.Tests01/bin/Release/SharpBag.Tests.DLL" adapterTypeName="Microsoft.VisualStudio.TestTools.TestTypes.Unit.UnitTestAdapter, Microsoft.VisualStudio.QualityTools.Tips.UnitTest.Adapter, Version=10.0.0.0, Culture=neutral, PublicKeyToken=b03f5f7f11d50a3a" className="SharpBag.ExtensionsTest, SharpBag.Tests, Version=0.0.0.0, Culture=neutral, PublicKeyToken=null" name="SubarrayThrowsIndexOutOfRangeException460" />
    </UnitTest>
    <UnitTest name="ForEach12501" storage="c:\users\suprdewd\desktop\projects\forritun\sharpbag\sharpbag.tests01\bin\release\sharpbag.tests.dll" id="8a248c8c-38d6-117a-cb08-bb2fddeae117">
      <Execution id="67a54927-d39b-4f93-9afe-8ea64362fb70" />
      <TestMethod codeBase="C:/Users/SuprDewd/Desktop/Projects/Forritun/SharpBag/SharpBag.Tests01/bin/Release/SharpBag.Tests.DLL" adapterTypeName="Microsoft.VisualStudio.TestTools.TestTypes.Unit.UnitTestAdapter, Microsoft.VisualStudio.QualityTools.Tips.UnitTest.Adapter, Version=10.0.0.0, Culture=neutral, PublicKeyToken=b03f5f7f11d50a3a" className="SharpBag.ExtensionsTest, SharpBag.Tests, Version=0.0.0.0, Culture=neutral, PublicKeyToken=null" name="ForEach12501" />
    </UnitTest>
    <UnitTest name="As01403" storage="c:\users\suprdewd\desktop\projects\forritun\sharpbag\sharpbag.tests01\bin\release\sharpbag.tests.dll" id="baf4ce3c-1fc7-efc9-3438-7f66d5c18bcf">
      <Execution id="76ffe8ff-7595-45bf-b0de-3c4a83501119" />
      <TestMethod codeBase="C:/Users/SuprDewd/Desktop/Projects/Forritun/SharpBag/SharpBag.Tests01/bin/Release/SharpBag.Tests.DLL" adapterTypeName="Microsoft.VisualStudio.TestTools.TestTypes.Unit.UnitTestAdapter, Microsoft.VisualStudio.QualityTools.Tips.UnitTest.Adapter, Version=10.0.0.0, Culture=neutral, PublicKeyToken=b03f5f7f11d50a3a" className="SharpBag.ExtensionsTest, SharpBag.Tests, Version=0.0.0.0, Culture=neutral, PublicKeyToken=null" name="As01403" />
    </UnitTest>
    <UnitTest name="Add88503" storage="c:\users\suprdewd\desktop\projects\forritun\sharpbag\sharpbag.tests01\bin\release\sharpbag.tests.dll" id="106b7a63-3c06-2f97-097e-1a5d38b1a1ac">
      <Execution id="037c4a01-1bd0-4acf-b070-49db65825b32" />
      <TestMethod codeBase="C:/Users/SuprDewd/Desktop/Projects/Forritun/SharpBag/SharpBag.Tests01/bin/Release/SharpBag.Tests.DLL" adapterTypeName="Microsoft.VisualStudio.TestTools.TestTypes.Unit.UnitTestAdapter, Microsoft.VisualStudio.QualityTools.Tips.UnitTest.Adapter, Version=10.0.0.0, Culture=neutral, PublicKeyToken=b03f5f7f11d50a3a" className="SharpBag.ExtensionsTest, SharpBag.Tests, Version=0.0.0.0, Culture=neutral, PublicKeyToken=null" name="Add88503" />
    </UnitTest>
    <UnitTest name="To20301" storage="c:\users\suprdewd\desktop\projects\forritun\sharpbag\sharpbag.tests01\bin\release\sharpbag.tests.dll" id="bd7ec864-24ff-4ca6-8f63-6e2fe4065d39">
      <Execution id="55c9b9e3-3d52-4523-8642-4305c38e9483" />
      <TestMethod codeBase="C:/Users/SuprDewd/Desktop/Projects/Forritun/SharpBag/SharpBag.Tests01/bin/Release/SharpBag.Tests.DLL" adapterTypeName="Microsoft.VisualStudio.TestTools.TestTypes.Unit.UnitTestAdapter, Microsoft.VisualStudio.QualityTools.Tips.UnitTest.Adapter, Version=10.0.0.0, Culture=neutral, PublicKeyToken=b03f5f7f11d50a3a" className="SharpBag.ExtensionsTest, SharpBag.Tests, Version=0.0.0.0, Culture=neutral, PublicKeyToken=null" name="To20301" />
    </UnitTest>
    <UnitTest name="As0163227" storage="c:\users\suprdewd\desktop\projects\forritun\sharpbag\sharpbag.tests01\bin\release\sharpbag.tests.dll" id="1a41ca06-c399-fb41-1b68-4e54f6d9fba0">
      <Execution id="16bbbe57-3f73-4497-a514-f6cc645e412a" />
      <TestMethod codeBase="C:/Users/SuprDewd/Desktop/Projects/Forritun/SharpBag/SharpBag.Tests01/bin/Release/SharpBag.Tests.DLL" adapterTypeName="Microsoft.VisualStudio.TestTools.TestTypes.Unit.UnitTestAdapter, Microsoft.VisualStudio.QualityTools.Tips.UnitTest.Adapter, Version=10.0.0.0, Culture=neutral, PublicKeyToken=b03f5f7f11d50a3a" className="SharpBag.ExtensionsTest, SharpBag.Tests, Version=0.0.0.0, Culture=neutral, PublicKeyToken=null" name="As0163227" />
    </UnitTest>
    <UnitTest name="IsNullableTypeThrowsContractException544" storage="c:\users\suprdewd\desktop\projects\forritun\sharpbag\sharpbag.tests01\bin\release\sharpbag.tests.dll" id="06d747a6-abc2-c83d-da24-3ee86184f362">
      <Execution id="def219b2-3460-4141-ae34-50b60a319b4e" />
      <TestMethod codeBase="C:/Users/SuprDewd/Desktop/Projects/Forritun/SharpBag/SharpBag.Tests01/bin/Release/SharpBag.Tests.DLL" adapterTypeName="Microsoft.VisualStudio.TestTools.TestTypes.Unit.UnitTestAdapter, Microsoft.VisualStudio.QualityTools.Tips.UnitTest.Adapter, Version=10.0.0.0, Culture=neutral, PublicKeyToken=b03f5f7f11d50a3a" className="SharpBag.ExtensionsTest, SharpBag.Tests, Version=0.0.0.0, Culture=neutral, PublicKeyToken=null" name="IsNullableTypeThrowsContractException544" />
    </UnitTest>
    <UnitTest name="EmptyIfNull122" storage="c:\users\suprdewd\desktop\projects\forritun\sharpbag\sharpbag.tests01\bin\release\sharpbag.tests.dll" id="3902168e-77cb-c1b4-c44f-4336ab3b86bd">
      <Execution id="956da85c-00f6-4c4a-9a45-c072f223156e" />
      <TestMethod codeBase="C:/Users/SuprDewd/Desktop/Projects/Forritun/SharpBag/SharpBag.Tests01/bin/Release/SharpBag.Tests.DLL" adapterTypeName="Microsoft.VisualStudio.TestTools.TestTypes.Unit.UnitTestAdapter, Microsoft.VisualStudio.QualityTools.Tips.UnitTest.Adapter, Version=10.0.0.0, Culture=neutral, PublicKeyToken=b03f5f7f11d50a3a" className="SharpBag.ExtensionsTest, SharpBag.Tests, Version=0.0.0.0, Culture=neutral, PublicKeyToken=null" name="EmptyIfNull122" />
    </UnitTest>
    <UnitTest name="As0132106" storage="c:\users\suprdewd\desktop\projects\forritun\sharpbag\sharpbag.tests01\bin\release\sharpbag.tests.dll" id="de9d9ca9-6d6f-fece-a7ad-0d011ee5cf94">
      <Execution id="4cba70eb-ab41-4697-8acf-087885655bfb" />
      <TestMethod codeBase="C:/Users/SuprDewd/Desktop/Projects/Forritun/SharpBag/SharpBag.Tests01/bin/Release/SharpBag.Tests.DLL" adapterTypeName="Microsoft.VisualStudio.TestTools.TestTypes.Unit.UnitTestAdapter, Microsoft.VisualStudio.QualityTools.Tips.UnitTest.Adapter, Version=10.0.0.0, Culture=neutral, PublicKeyToken=b03f5f7f11d50a3a" className="SharpBag.ExtensionsTest, SharpBag.Tests, Version=0.0.0.0, Culture=neutral, PublicKeyToken=null" name="As0132106" />
    </UnitTest>
    <UnitTest name="NullOr71404" storage="c:\users\suprdewd\desktop\projects\forritun\sharpbag\sharpbag.tests01\bin\release\sharpbag.tests.dll" id="4d41008a-7d5b-c195-89ca-25e2bba2803d">
      <Execution id="c6301738-bc23-4b66-954a-8e9b27bc30fa" />
      <TestMethod codeBase="C:/Users/SuprDewd/Desktop/Projects/Forritun/SharpBag/SharpBag.Tests01/bin/Release/SharpBag.Tests.DLL" adapterTypeName="Microsoft.VisualStudio.TestTools.TestTypes.Unit.UnitTestAdapter, Microsoft.VisualStudio.QualityTools.Tips.UnitTest.Adapter, Version=10.0.0.0, Culture=neutral, PublicKeyToken=b03f5f7f11d50a3a" className="SharpBag.ExtensionsTest, SharpBag.Tests, Version=0.0.0.0, Culture=neutral, PublicKeyToken=null" name="NullOr71404" />
    </UnitTest>
    <UnitTest name="AsEnumerable0258801" storage="c:\users\suprdewd\desktop\projects\forritun\sharpbag\sharpbag.tests01\bin\release\sharpbag.tests.dll" id="b2c4141e-1dfd-f110-5623-435719fb340e">
      <Execution id="bf918f01-9fb9-4228-ba72-54cf0f907b6f" />
      <TestMethod codeBase="C:/Users/SuprDewd/Desktop/Projects/Forritun/SharpBag/SharpBag.Tests01/bin/Release/SharpBag.Tests.DLL" adapterTypeName="Microsoft.VisualStudio.TestTools.TestTypes.Unit.UnitTestAdapter, Microsoft.VisualStudio.QualityTools.Tips.UnitTest.Adapter, Version=10.0.0.0, Culture=neutral, PublicKeyToken=b03f5f7f11d50a3a" className="SharpBag.ExtensionsTest, SharpBag.Tests, Version=0.0.0.0, Culture=neutral, PublicKeyToken=null" name="AsEnumerable0258801" />
    </UnitTest>
    <UnitTest name="ForEach78801" storage="c:\users\suprdewd\desktop\projects\forritun\sharpbag\sharpbag.tests01\bin\release\sharpbag.tests.dll" id="a45582f8-3825-adac-44bf-8fa9e3381e89">
      <Execution id="9be15447-c85c-42bf-86f2-653a83df93c5" />
      <TestMethod codeBase="C:/Users/SuprDewd/Desktop/Projects/Forritun/SharpBag/SharpBag.Tests01/bin/Release/SharpBag.Tests.DLL" adapterTypeName="Microsoft.VisualStudio.TestTools.TestTypes.Unit.UnitTestAdapter, Microsoft.VisualStudio.QualityTools.Tips.UnitTest.Adapter, Version=10.0.0.0, Culture=neutral, PublicKeyToken=b03f5f7f11d50a3a" className="SharpBag.ExtensionsTest, SharpBag.Tests, Version=0.0.0.0, Culture=neutral, PublicKeyToken=null" name="ForEach78801" />
    </UnitTest>
    <UnitTest name="IfNotNull0192302" storage="c:\users\suprdewd\desktop\projects\forritun\sharpbag\sharpbag.tests01\bin\release\sharpbag.tests.dll" id="a65b5eab-4121-901b-449c-fc9aba07d07b">
      <Execution id="604d1565-4719-4e91-98a3-8e67cd7be20e" />
      <TestMethod codeBase="C:/Users/SuprDewd/Desktop/Projects/Forritun/SharpBag/SharpBag.Tests01/bin/Release/SharpBag.Tests.DLL" adapterTypeName="Microsoft.VisualStudio.TestTools.TestTypes.Unit.UnitTestAdapter, Microsoft.VisualStudio.QualityTools.Tips.UnitTest.Adapter, Version=10.0.0.0, Culture=neutral, PublicKeyToken=b03f5f7f11d50a3a" className="SharpBag.ExtensionsTest, SharpBag.Tests, Version=0.0.0.0, Culture=neutral, PublicKeyToken=null" name="IfNotNull0192302" />
    </UnitTest>
    <UnitTest name="InvokeIfRequiredThrowsContractException870" storage="c:\users\suprdewd\desktop\projects\forritun\sharpbag\sharpbag.tests01\bin\release\sharpbag.tests.dll" id="e5623ce5-a9dc-7c7d-ffdc-f4cf28cd97aa">
      <Execution id="2dc1b04f-ee70-4947-a5f1-7da86b31c469" />
      <TestMethod codeBase="C:/Users/SuprDewd/Desktop/Projects/Forritun/SharpBag/SharpBag.Tests01/bin/Release/SharpBag.Tests.DLL" adapterTypeName="Microsoft.VisualStudio.TestTools.TestTypes.Unit.UnitTestAdapter, Microsoft.VisualStudio.QualityTools.Tips.UnitTest.Adapter, Version=10.0.0.0, Culture=neutral, PublicKeyToken=b03f5f7f11d50a3a" className="SharpBag.ExtensionsTest, SharpBag.Tests, Version=0.0.0.0, Culture=neutral, PublicKeyToken=null" name="InvokeIfRequiredThrowsContractException870" />
    </UnitTest>
    <UnitTest name="Add60904" storage="c:\users\suprdewd\desktop\projects\forritun\sharpbag\sharpbag.tests01\bin\release\sharpbag.tests.dll" id="1cb6fca5-5cbd-75cb-cfee-a358b8315906">
      <Execution id="3ed7165f-7011-484d-909b-0ac79dfe6fd7" />
      <TestMethod codeBase="C:/Users/SuprDewd/Desktop/Projects/Forritun/SharpBag/SharpBag.Tests01/bin/Release/SharpBag.Tests.DLL" adapterTypeName="Microsoft.VisualStudio.TestTools.TestTypes.Unit.UnitTestAdapter, Microsoft.VisualStudio.QualityTools.Tips.UnitTest.Adapter, Version=10.0.0.0, Culture=neutral, PublicKeyToken=b03f5f7f11d50a3a" className="SharpBag.ExtensionsTest, SharpBag.Tests, Version=0.0.0.0, Culture=neutral, PublicKeyToken=null" name="Add60904" />
    </UnitTest>
    <UnitTest name="To0459801" storage="c:\users\suprdewd\desktop\projects\forritun\sharpbag\sharpbag.tests01\bin\release\sharpbag.tests.dll" id="0e73a463-cb0d-f992-9d84-5941849f04d6">
      <Execution id="9f8223ba-cc60-42a3-b74e-ea26b4f500f3" />
      <TestMethod codeBase="C:/Users/SuprDewd/Desktop/Projects/Forritun/SharpBag/SharpBag.Tests01/bin/Release/SharpBag.Tests.DLL" adapterTypeName="Microsoft.VisualStudio.TestTools.TestTypes.Unit.UnitTestAdapter, Microsoft.VisualStudio.QualityTools.Tips.UnitTest.Adapter, Version=10.0.0.0, Culture=neutral, PublicKeyToken=b03f5f7f11d50a3a" className="SharpBag.ExtensionsTest, SharpBag.Tests, Version=0.0.0.0, Culture=neutral, PublicKeyToken=null" name="To0459801" />
    </UnitTest>
    <UnitTest name="Add29602" storage="c:\users\suprdewd\desktop\projects\forritun\sharpbag\sharpbag.tests01\bin\release\sharpbag.tests.dll" id="d820847a-a64d-718b-5774-4886058277c3">
      <Execution id="86bd016f-aea0-42fa-a625-fcade2f33a98" />
      <TestMethod codeBase="C:/Users/SuprDewd/Desktop/Projects/Forritun/SharpBag/SharpBag.Tests01/bin/Release/SharpBag.Tests.DLL" adapterTypeName="Microsoft.VisualStudio.TestTools.TestTypes.Unit.UnitTestAdapter, Microsoft.VisualStudio.QualityTools.Tips.UnitTest.Adapter, Version=10.0.0.0, Culture=neutral, PublicKeyToken=b03f5f7f11d50a3a" className="SharpBag.ExtensionsTest, SharpBag.Tests, Version=0.0.0.0, Culture=neutral, PublicKeyToken=null" name="Add29602" />
    </UnitTest>
    <UnitTest name="To0163701" storage="c:\users\suprdewd\desktop\projects\forritun\sharpbag\sharpbag.tests01\bin\release\sharpbag.tests.dll" id="229cca66-aa3f-9557-9307-ec8679e563f6">
      <Execution id="f83a8f51-d073-4638-956f-a14f49d445a5" />
      <TestMethod codeBase="C:/Users/SuprDewd/Desktop/Projects/Forritun/SharpBag/SharpBag.Tests01/bin/Release/SharpBag.Tests.DLL" adapterTypeName="Microsoft.VisualStudio.TestTools.TestTypes.Unit.UnitTestAdapter, Microsoft.VisualStudio.QualityTools.Tips.UnitTest.Adapter, Version=10.0.0.0, Culture=neutral, PublicKeyToken=b03f5f7f11d50a3a" className="SharpBag.ExtensionsTest, SharpBag.Tests, Version=0.0.0.0, Culture=neutral, PublicKeyToken=null" name="To0163701" />
    </UnitTest>
    <UnitTest name="As21503" storage="c:\users\suprdewd\desktop\projects\forritun\sharpbag\sharpbag.tests01\bin\release\sharpbag.tests.dll" id="b03d2b82-a5f5-4a0a-521f-fd9e431b28da">
      <Execution id="7ea65c9e-a46b-462f-a49f-372993c230f2" />
      <TestMethod codeBase="C:/Users/SuprDewd/Desktop/Projects/Forritun/SharpBag/SharpBag.Tests01/bin/Release/SharpBag.Tests.DLL" adapterTypeName="Microsoft.VisualStudio.TestTools.TestTypes.Unit.UnitTestAdapter, Microsoft.VisualStudio.QualityTools.Tips.UnitTest.Adapter, Version=10.0.0.0, Culture=neutral, PublicKeyToken=b03f5f7f11d50a3a" className="SharpBag.ExtensionsTest, SharpBag.Tests, Version=0.0.0.0, Culture=neutral, PublicKeyToken=null" name="As21503" />
    </UnitTest>
    <UnitTest name="Fill0168802" storage="c:\users\suprdewd\desktop\projects\forritun\sharpbag\sharpbag.tests01\bin\release\sharpbag.tests.dll" id="c3e8dcc2-bac7-2a0c-9c06-8dc4838145f3">
      <Execution id="48cc9a20-2707-4d30-b722-29783981f772" />
      <TestMethod codeBase="C:/Users/SuprDewd/Desktop/Projects/Forritun/SharpBag/SharpBag.Tests01/bin/Release/SharpBag.Tests.DLL" adapterTypeName="Microsoft.VisualStudio.TestTools.TestTypes.Unit.UnitTestAdapter, Microsoft.VisualStudio.QualityTools.Tips.UnitTest.Adapter, Version=10.0.0.0, Culture=neutral, PublicKeyToken=b03f5f7f11d50a3a" className="SharpBag.ExtensionsTest, SharpBag.Tests, Version=0.0.0.0, Culture=neutral, PublicKeyToken=null" name="Fill0168802" />
    </UnitTest>
    <UnitTest name="As21505" storage="c:\users\suprdewd\desktop\projects\forritun\sharpbag\sharpbag.tests01\bin\release\sharpbag.tests.dll" id="2250a8be-6947-1057-ceec-e49c62f651fa">
      <Execution id="87b8640f-09a0-488f-a026-84b9a1eb2cf1" />
      <TestMethod codeBase="C:/Users/SuprDewd/Desktop/Projects/Forritun/SharpBag/SharpBag.Tests01/bin/Release/SharpBag.Tests.DLL" adapterTypeName="Microsoft.VisualStudio.TestTools.TestTypes.Unit.UnitTestAdapter, Microsoft.VisualStudio.QualityTools.Tips.UnitTest.Adapter, Version=10.0.0.0, Culture=neutral, PublicKeyToken=b03f5f7f11d50a3a" className="SharpBag.ExtensionsTest, SharpBag.Tests, Version=0.0.0.0, Culture=neutral, PublicKeyToken=null" name="As21505" />
    </UnitTest>
    <UnitTest name="As0132104" storage="c:\users\suprdewd\desktop\projects\forritun\sharpbag\sharpbag.tests01\bin\release\sharpbag.tests.dll" id="b30e4a1d-f330-da4d-3e81-5c536003275c">
      <Execution id="31746774-398f-4514-a4bd-a9738bfcf000" />
      <TestMethod codeBase="C:/Users/SuprDewd/Desktop/Projects/Forritun/SharpBag/SharpBag.Tests01/bin/Release/SharpBag.Tests.DLL" adapterTypeName="Microsoft.VisualStudio.TestTools.TestTypes.Unit.UnitTestAdapter, Microsoft.VisualStudio.QualityTools.Tips.UnitTest.Adapter, Version=10.0.0.0, Culture=neutral, PublicKeyToken=b03f5f7f11d50a3a" className="SharpBag.ExtensionsTest, SharpBag.Tests, Version=0.0.0.0, Culture=neutral, PublicKeyToken=null" name="As0132104" />
    </UnitTest>
    <UnitTest name="As0163216" storage="c:\users\suprdewd\desktop\projects\forritun\sharpbag\sharpbag.tests01\bin\release\sharpbag.tests.dll" id="ee7a26ae-f08b-c1d5-713f-d21139c592b9">
      <Execution id="717b416f-6d6c-4a20-892f-d3bf6a5c6ea6" />
      <TestMethod codeBase="C:/Users/SuprDewd/Desktop/Projects/Forritun/SharpBag/SharpBag.Tests01/bin/Release/SharpBag.Tests.DLL" adapterTypeName="Microsoft.VisualStudio.TestTools.TestTypes.Unit.UnitTestAdapter, Microsoft.VisualStudio.QualityTools.Tips.UnitTest.Adapter, Version=10.0.0.0, Culture=neutral, PublicKeyToken=b03f5f7f11d50a3a" className="SharpBag.ExtensionsTest, SharpBag.Tests, Version=0.0.0.0, Culture=neutral, PublicKeyToken=null" name="As0163216" />
    </UnitTest>
    <UnitTest name="Random01ThrowsContractException221" storage="c:\users\suprdewd\desktop\projects\forritun\sharpbag\sharpbag.tests01\bin\release\sharpbag.tests.dll" id="bbfb3b40-32b8-1a5f-ae60-bf53c22dbf87">
      <Execution id="5bfaf7a9-fc52-4d4c-8048-fee9d1ed389e" />
      <TestMethod codeBase="C:/Users/SuprDewd/Desktop/Projects/Forritun/SharpBag/SharpBag.Tests01/bin/Release/SharpBag.Tests.DLL" adapterTypeName="Microsoft.VisualStudio.TestTools.TestTypes.Unit.UnitTestAdapter, Microsoft.VisualStudio.QualityTools.Tips.UnitTest.Adapter, Version=10.0.0.0, Culture=neutral, PublicKeyToken=b03f5f7f11d50a3a" className="SharpBag.ExtensionsTest, SharpBag.Tests, Version=0.0.0.0, Culture=neutral, PublicKeyToken=null" name="Random01ThrowsContractException221" />
    </UnitTest>
    <UnitTest name="As21520" storage="c:\users\suprdewd\desktop\projects\forritun\sharpbag\sharpbag.tests01\bin\release\sharpbag.tests.dll" id="585eea8b-8fa4-71e8-9d43-5274aef9fa35">
      <Execution id="de6fc747-c442-4951-98b0-cb98cc72a605" />
      <TestMethod codeBase="C:/Users/SuprDewd/Desktop/Projects/Forritun/SharpBag/SharpBag.Tests01/bin/Release/SharpBag.Tests.DLL" adapterTypeName="Microsoft.VisualStudio.TestTools.TestTypes.Unit.UnitTestAdapter, Microsoft.VisualStudio.QualityTools.Tips.UnitTest.Adapter, Version=10.0.0.0, Culture=neutral, PublicKeyToken=b03f5f7f11d50a3a" className="SharpBag.ExtensionsTest, SharpBag.Tests, Version=0.0.0.0, Culture=neutral, PublicKeyToken=null" name="As21520" />
    </UnitTest>
    <UnitTest name="As0163241" storage="c:\users\suprdewd\desktop\projects\forritun\sharpbag\sharpbag.tests01\bin\release\sharpbag.tests.dll" id="2a3bccbe-42e2-9009-af11-20e5efc1eb2e">
      <Execution id="253bc205-147e-40c3-a470-f0c3cf9774d5" />
      <TestMethod codeBase="C:/Users/SuprDewd/Desktop/Projects/Forritun/SharpBag/SharpBag.Tests01/bin/Release/SharpBag.Tests.DLL" adapterTypeName="Microsoft.VisualStudio.TestTools.TestTypes.Unit.UnitTestAdapter, Microsoft.VisualStudio.QualityTools.Tips.UnitTest.Adapter, Version=10.0.0.0, Culture=neutral, PublicKeyToken=b03f5f7f11d50a3a" className="SharpBag.ExtensionsTest, SharpBag.Tests, Version=0.0.0.0, Culture=neutral, PublicKeyToken=null" name="As0163241" />
    </UnitTest>
    <UnitTest name="As0163219" storage="c:\users\suprdewd\desktop\projects\forritun\sharpbag\sharpbag.tests01\bin\release\sharpbag.tests.dll" id="40b13692-f736-7aca-afa5-678a24ba3ffc">
      <Execution id="c5987290-e66b-4c3a-bb2d-c95627e5904b" />
      <TestMethod codeBase="C:/Users/SuprDewd/Desktop/Projects/Forritun/SharpBag/SharpBag.Tests01/bin/Release/SharpBag.Tests.DLL" adapterTypeName="Microsoft.VisualStudio.TestTools.TestTypes.Unit.UnitTestAdapter, Microsoft.VisualStudio.QualityTools.Tips.UnitTest.Adapter, Version=10.0.0.0, Culture=neutral, PublicKeyToken=b03f5f7f11d50a3a" className="SharpBag.ExtensionsTest, SharpBag.Tests, Version=0.0.0.0, Culture=neutral, PublicKeyToken=null" name="As0163219" />
    </UnitTest>
    <UnitTest name="As6" storage="c:\users\suprdewd\desktop\projects\forritun\sharpbag\sharpbag.tests01\bin\release\sharpbag.tests.dll" id="9d4922e1-95bb-cc07-dd59-02aa21bc0c9d">
      <Execution id="e19a1ee2-404c-4a82-9c4b-c5594776a0fa" />
      <TestMethod codeBase="C:/Users/SuprDewd/Desktop/Projects/Forritun/SharpBag/SharpBag.Tests01/bin/Release/SharpBag.Tests.DLL" adapterTypeName="Microsoft.VisualStudio.TestTools.TestTypes.Unit.UnitTestAdapter, Microsoft.VisualStudio.QualityTools.Tips.UnitTest.Adapter, Version=10.0.0.0, Culture=neutral, PublicKeyToken=b03f5f7f11d50a3a" className="SharpBag.ExtensionsTest, SharpBag.Tests, Version=0.0.0.0, Culture=neutral, PublicKeyToken=null" name="As6" />
    </UnitTest>
    <UnitTest name="UnionAllThrowsContractException498" storage="c:\users\suprdewd\desktop\projects\forritun\sharpbag\sharpbag.tests01\bin\release\sharpbag.tests.dll" id="0c6370f1-3a15-0de1-18cb-8da30dd57ee7">
      <Execution id="96dbcce9-3fc0-4640-8a48-8721ecef2e86" />
      <TestMethod codeBase="C:/Users/SuprDewd/Desktop/Projects/Forritun/SharpBag/SharpBag.Tests01/bin/Release/SharpBag.Tests.DLL" adapterTypeName="Microsoft.VisualStudio.TestTools.TestTypes.Unit.UnitTestAdapter, Microsoft.VisualStudio.QualityTools.Tips.UnitTest.Adapter, Version=10.0.0.0, Culture=neutral, PublicKeyToken=b03f5f7f11d50a3a" className="SharpBag.ExtensionsTest, SharpBag.Tests, Version=0.0.0.0, Culture=neutral, PublicKeyToken=null" name="UnionAllThrowsContractException498" />
    </UnitTest>
    <UnitTest name="As170" storage="c:\users\suprdewd\desktop\projects\forritun\sharpbag\sharpbag.tests01\bin\release\sharpbag.tests.dll" id="0e645c38-e73b-967d-e94f-74a8d38a05b3">
      <Execution id="a1aa98cc-cc8f-4d39-80ca-f59b416c05b0" />
      <TestMethod codeBase="C:/Users/SuprDewd/Desktop/Projects/Forritun/SharpBag/SharpBag.Tests01/bin/Release/SharpBag.Tests.DLL" adapterTypeName="Microsoft.VisualStudio.TestTools.TestTypes.Unit.UnitTestAdapter, Microsoft.VisualStudio.QualityTools.Tips.UnitTest.Adapter, Version=10.0.0.0, Culture=neutral, PublicKeyToken=b03f5f7f11d50a3a" className="SharpBag.ExtensionsTest, SharpBag.Tests, Version=0.0.0.0, Culture=neutral, PublicKeyToken=null" name="As170" />
    </UnitTest>
    <UnitTest name="As0166001" storage="c:\users\suprdewd\desktop\projects\forritun\sharpbag\sharpbag.tests01\bin\release\sharpbag.tests.dll" id="4a5ccd91-8853-f0cc-c6d0-af1603a36ab2">
      <Execution id="47bbc583-53f4-4404-81f5-987ef38e22b4" />
      <TestMethod codeBase="C:/Users/SuprDewd/Desktop/Projects/Forritun/SharpBag/SharpBag.Tests01/bin/Release/SharpBag.Tests.DLL" adapterTypeName="Microsoft.VisualStudio.TestTools.TestTypes.Unit.UnitTestAdapter, Microsoft.VisualStudio.QualityTools.Tips.UnitTest.Adapter, Version=10.0.0.0, Culture=neutral, PublicKeyToken=b03f5f7f11d50a3a" className="SharpBag.ExtensionsTest, SharpBag.Tests, Version=0.0.0.0, Culture=neutral, PublicKeyToken=null" name="As0166001" />
    </UnitTest>
    <UnitTest name="Add88501" storage="c:\users\suprdewd\desktop\projects\forritun\sharpbag\sharpbag.tests01\bin\release\sharpbag.tests.dll" id="8795f817-2bb9-9d00-f981-a3a8a2b7335e">
      <Execution id="3f106fd5-1912-4e64-aec4-6b186985da45" />
      <TestMethod codeBase="C:/Users/SuprDewd/Desktop/Projects/Forritun/SharpBag/SharpBag.Tests01/bin/Release/SharpBag.Tests.DLL" adapterTypeName="Microsoft.VisualStudio.TestTools.TestTypes.Unit.UnitTestAdapter, Microsoft.VisualStudio.QualityTools.Tips.UnitTest.Adapter, Version=10.0.0.0, Culture=neutral, PublicKeyToken=b03f5f7f11d50a3a" className="SharpBag.ExtensionsTest, SharpBag.Tests, Version=0.0.0.0, Culture=neutral, PublicKeyToken=null" name="Add88501" />
    </UnitTest>
    <UnitTest name="As0132103" storage="c:\users\suprdewd\desktop\projects\forritun\sharpbag\sharpbag.tests01\bin\release\sharpbag.tests.dll" id="0c58cf0b-ac72-a134-206f-98daff22c7f5">
      <Execution id="afc5d216-99e1-4c76-acce-4a353e963441" />
      <TestMethod codeBase="C:/Users/SuprDewd/Desktop/Projects/Forritun/SharpBag/SharpBag.Tests01/bin/Release/SharpBag.Tests.DLL" adapterTypeName="Microsoft.VisualStudio.TestTools.TestTypes.Unit.UnitTestAdapter, Microsoft.VisualStudio.QualityTools.Tips.UnitTest.Adapter, Version=10.0.0.0, Culture=neutral, PublicKeyToken=b03f5f7f11d50a3a" className="SharpBag.ExtensionsTest, SharpBag.Tests, Version=0.0.0.0, Culture=neutral, PublicKeyToken=null" name="As0132103" />
    </UnitTest>
    <UnitTest name="Times25801" storage="c:\users\suprdewd\desktop\projects\forritun\sharpbag\sharpbag.tests01\bin\release\sharpbag.tests.dll" id="54dfb2f2-edab-6914-c734-746381ef028e">
      <Execution id="755a7bda-05bc-46ba-b92f-34df4afd21db" />
      <TestMethod codeBase="C:/Users/SuprDewd/Desktop/Projects/Forritun/SharpBag/SharpBag.Tests01/bin/Release/SharpBag.Tests.DLL" adapterTypeName="Microsoft.VisualStudio.TestTools.TestTypes.Unit.UnitTestAdapter, Microsoft.VisualStudio.QualityTools.Tips.UnitTest.Adapter, Version=10.0.0.0, Culture=neutral, PublicKeyToken=b03f5f7f11d50a3a" className="SharpBag.ExtensionsTest, SharpBag.Tests, Version=0.0.0.0, Culture=neutral, PublicKeyToken=null" name="Times25801" />
    </UnitTest>
    <UnitTest name="As0163217" storage="c:\users\suprdewd\desktop\projects\forritun\sharpbag\sharpbag.tests01\bin\release\sharpbag.tests.dll" id="e966bfbe-0422-eb75-f093-b800f9c629b7">
      <Execution id="7242d6bf-d897-4870-9185-4797423843cf" />
      <TestMethod codeBase="C:/Users/SuprDewd/Desktop/Projects/Forritun/SharpBag/SharpBag.Tests01/bin/Release/SharpBag.Tests.DLL" adapterTypeName="Microsoft.VisualStudio.TestTools.TestTypes.Unit.UnitTestAdapter, Microsoft.VisualStudio.QualityTools.Tips.UnitTest.Adapter, Version=10.0.0.0, Culture=neutral, PublicKeyToken=b03f5f7f11d50a3a" className="SharpBag.ExtensionsTest, SharpBag.Tests, Version=0.0.0.0, Culture=neutral, PublicKeyToken=null" name="As0163217" />
    </UnitTest>
    <UnitTest name="As0163218" storage="c:\users\suprdewd\desktop\projects\forritun\sharpbag\sharpbag.tests01\bin\release\sharpbag.tests.dll" id="3403c50d-2a71-9a27-1ea8-652ff438ba45">
      <Execution id="b357a241-848b-4123-b830-b83623155436" />
      <TestMethod codeBase="C:/Users/SuprDewd/Desktop/Projects/Forritun/SharpBag/SharpBag.Tests01/bin/Release/SharpBag.Tests.DLL" adapterTypeName="Microsoft.VisualStudio.TestTools.TestTypes.Unit.UnitTestAdapter, Microsoft.VisualStudio.QualityTools.Tips.UnitTest.Adapter, Version=10.0.0.0, Culture=neutral, PublicKeyToken=b03f5f7f11d50a3a" className="SharpBag.ExtensionsTest, SharpBag.Tests, Version=0.0.0.0, Culture=neutral, PublicKeyToken=null" name="As0163218" />
    </UnitTest>
    <UnitTest name="As0163215" storage="c:\users\suprdewd\desktop\projects\forritun\sharpbag\sharpbag.tests01\bin\release\sharpbag.tests.dll" id="b70d24a9-e4cc-d879-39c7-bc30de9e70ab">
      <Execution id="f3a2b795-ddb7-4188-82cc-30f697743189" />
      <TestMethod codeBase="C:/Users/SuprDewd/Desktop/Projects/Forritun/SharpBag/SharpBag.Tests01/bin/Release/SharpBag.Tests.DLL" adapterTypeName="Microsoft.VisualStudio.TestTools.TestTypes.Unit.UnitTestAdapter, Microsoft.VisualStudio.QualityTools.Tips.UnitTest.Adapter, Version=10.0.0.0, Culture=neutral, PublicKeyToken=b03f5f7f11d50a3a" className="SharpBag.ExtensionsTest, SharpBag.Tests, Version=0.0.0.0, Culture=neutral, PublicKeyToken=null" name="As0163215" />
    </UnitTest>
    <UnitTest name="As0132107" storage="c:\users\suprdewd\desktop\projects\forritun\sharpbag\sharpbag.tests01\bin\release\sharpbag.tests.dll" id="850912a6-5065-5531-7451-3014a79cee54">
      <Execution id="9a452053-1650-4603-bd23-0a53b2d8a5be" />
      <TestMethod codeBase="C:/Users/SuprDewd/Desktop/Projects/Forritun/SharpBag/SharpBag.Tests01/bin/Release/SharpBag.Tests.DLL" adapterTypeName="Microsoft.VisualStudio.TestTools.TestTypes.Unit.UnitTestAdapter, Microsoft.VisualStudio.QualityTools.Tips.UnitTest.Adapter, Version=10.0.0.0, Culture=neutral, PublicKeyToken=b03f5f7f11d50a3a" className="SharpBag.ExtensionsTest, SharpBag.Tests, Version=0.0.0.0, Culture=neutral, PublicKeyToken=null" name="As0132107" />
    </UnitTest>
    <UnitTest name="Fill0110503" storage="c:\users\suprdewd\desktop\projects\forritun\sharpbag\sharpbag.tests01\bin\release\sharpbag.tests.dll" id="2f965438-892b-963f-1d2d-a0dc16402531">
      <Execution id="979e7ed4-258f-47df-a313-4009c93b8fa7" />
      <TestMethod codeBase="C:/Users/SuprDewd/Desktop/Projects/Forritun/SharpBag/SharpBag.Tests01/bin/Release/SharpBag.Tests.DLL" adapterTypeName="Microsoft.VisualStudio.TestTools.TestTypes.Unit.UnitTestAdapter, Microsoft.VisualStudio.QualityTools.Tips.UnitTest.Adapter, Version=10.0.0.0, Culture=neutral, PublicKeyToken=b03f5f7f11d50a3a" className="SharpBag.ExtensionsTest, SharpBag.Tests, Version=0.0.0.0, Culture=neutral, PublicKeyToken=null" name="Fill0110503" />
    </UnitTest>
    <UnitTest name="To0482501" storage="c:\users\suprdewd\desktop\projects\forritun\sharpbag\sharpbag.tests01\bin\release\sharpbag.tests.dll" id="86a0d6ba-240b-81ef-7612-a91dd0bac5dd">
      <Execution id="9a008e8a-c6fc-45e4-95ff-b787ad509671" />
      <TestMethod codeBase="C:/Users/SuprDewd/Desktop/Projects/Forritun/SharpBag/SharpBag.Tests01/bin/Release/SharpBag.Tests.DLL" adapterTypeName="Microsoft.VisualStudio.TestTools.TestTypes.Unit.UnitTestAdapter, Microsoft.VisualStudio.QualityTools.Tips.UnitTest.Adapter, Version=10.0.0.0, Culture=neutral, PublicKeyToken=b03f5f7f11d50a3a" className="SharpBag.ExtensionsTest, SharpBag.Tests, Version=0.0.0.0, Culture=neutral, PublicKeyToken=null" name="To0482501" />
    </UnitTest>
    <UnitTest name="GetByPercentThrowsContractException730" storage="c:\users\suprdewd\desktop\projects\forritun\sharpbag\sharpbag.tests01\bin\release\sharpbag.tests.dll" id="1e0ca069-996e-4bc0-6164-74e9ee8107ac">
      <Execution id="a1eab516-8cbb-43bf-a329-fc434873494e" />
      <TestMethod codeBase="C:/Users/SuprDewd/Desktop/Projects/Forritun/SharpBag/SharpBag.Tests01/bin/Release/SharpBag.Tests.DLL" adapterTypeName="Microsoft.VisualStudio.TestTools.TestTypes.Unit.UnitTestAdapter, Microsoft.VisualStudio.QualityTools.Tips.UnitTest.Adapter, Version=10.0.0.0, Culture=neutral, PublicKeyToken=b03f5f7f11d50a3a" className="SharpBag.ExtensionsTest, SharpBag.Tests, Version=0.0.0.0, Culture=neutral, PublicKeyToken=null" name="GetByPercentThrowsContractException730" />
    </UnitTest>
    <UnitTest name="Fill0110502" storage="c:\users\suprdewd\desktop\projects\forritun\sharpbag\sharpbag.tests01\bin\release\sharpbag.tests.dll" id="8449ab5e-c7c8-6deb-cb03-833888a032c6">
      <Execution id="e11891fb-390b-483c-9273-2d2422d94cd7" />
      <TestMethod codeBase="C:/Users/SuprDewd/Desktop/Projects/Forritun/SharpBag/SharpBag.Tests01/bin/Release/SharpBag.Tests.DLL" adapterTypeName="Microsoft.VisualStudio.TestTools.TestTypes.Unit.UnitTestAdapter, Microsoft.VisualStudio.QualityTools.Tips.UnitTest.Adapter, Version=10.0.0.0, Culture=neutral, PublicKeyToken=b03f5f7f11d50a3a" className="SharpBag.ExtensionsTest, SharpBag.Tests, Version=0.0.0.0, Culture=neutral, PublicKeyToken=null" name="Fill0110502" />
    </UnitTest>
    <UnitTest name="AsEnumerable02ThrowsContractException18" storage="c:\users\suprdewd\desktop\projects\forritun\sharpbag\sharpbag.tests01\bin\release\sharpbag.tests.dll" id="7a7d56e7-b4b7-3226-df1d-44471276e993">
      <Execution id="1934b544-e64f-4cc8-861b-d3aa47671fda" />
      <TestMethod codeBase="C:/Users/SuprDewd/Desktop/Projects/Forritun/SharpBag/SharpBag.Tests01/bin/Release/SharpBag.Tests.DLL" adapterTypeName="Microsoft.VisualStudio.TestTools.TestTypes.Unit.UnitTestAdapter, Microsoft.VisualStudio.QualityTools.Tips.UnitTest.Adapter, Version=10.0.0.0, Culture=neutral, PublicKeyToken=b03f5f7f11d50a3a" className="SharpBag.ExtensionsTest, SharpBag.Tests, Version=0.0.0.0, Culture=neutral, PublicKeyToken=null" name="AsEnumerable02ThrowsContractException18" />
    </UnitTest>
    <UnitTest name="As0163224" storage="c:\users\suprdewd\desktop\projects\forritun\sharpbag\sharpbag.tests01\bin\release\sharpbag.tests.dll" id="389db5b6-ab96-a436-4af4-f75359c85bc2">
      <Execution id="ba54e4db-73d7-453a-825a-7c83a5dc0cf0" />
      <TestMethod codeBase="C:/Users/SuprDewd/Desktop/Projects/Forritun/SharpBag/SharpBag.Tests01/bin/Release/SharpBag.Tests.DLL" adapterTypeName="Microsoft.VisualStudio.TestTools.TestTypes.Unit.UnitTestAdapter, Microsoft.VisualStudio.QualityTools.Tips.UnitTest.Adapter, Version=10.0.0.0, Culture=neutral, PublicKeyToken=b03f5f7f11d50a3a" className="SharpBag.ExtensionsTest, SharpBag.Tests, Version=0.0.0.0, Culture=neutral, PublicKeyToken=null" name="As0163224" />
    </UnitTest>
    <UnitTest name="RangeThrowsContractException958" storage="c:\users\suprdewd\desktop\projects\forritun\sharpbag\sharpbag.tests01\bin\release\sharpbag.tests.dll" id="0cb477c5-7b02-500d-45eb-bb863b0c13bb">
      <Execution id="7f9ad3ce-5871-4758-be15-34b9a4172c51" />
      <TestMethod codeBase="C:/Users/SuprDewd/Desktop/Projects/Forritun/SharpBag/SharpBag.Tests01/bin/Release/SharpBag.Tests.DLL" adapterTypeName="Microsoft.VisualStudio.TestTools.TestTypes.Unit.UnitTestAdapter, Microsoft.VisualStudio.QualityTools.Tips.UnitTest.Adapter, Version=10.0.0.0, Culture=neutral, PublicKeyToken=b03f5f7f11d50a3a" className="SharpBag.ExtensionsTest, SharpBag.Tests, Version=0.0.0.0, Culture=neutral, PublicKeyToken=null" name="RangeThrowsContractException958" />
    </UnitTest>
    <UnitTest name="SubarrayThrowsContractException966" storage="c:\users\suprdewd\desktop\projects\forritun\sharpbag\sharpbag.tests01\bin\release\sharpbag.tests.dll" id="51819a1f-c4ce-ae98-f248-c4cc70983131">
      <Execution id="5f89b56b-c8a4-4d3f-a18b-bfea80cbc091" />
      <TestMethod codeBase="C:/Users/SuprDewd/Desktop/Projects/Forritun/SharpBag/SharpBag.Tests01/bin/Release/SharpBag.Tests.DLL" adapterTypeName="Microsoft.VisualStudio.TestTools.TestTypes.Unit.UnitTestAdapter, Microsoft.VisualStudio.QualityTools.Tips.UnitTest.Adapter, Version=10.0.0.0, Culture=neutral, PublicKeyToken=b03f5f7f11d50a3a" className="SharpBag.ExtensionsTest, SharpBag.Tests, Version=0.0.0.0, Culture=neutral, PublicKeyToken=null" name="SubarrayThrowsContractException966" />
    </UnitTest>
    <UnitTest name="As0163226" storage="c:\users\suprdewd\desktop\projects\forritun\sharpbag\sharpbag.tests01\bin\release\sharpbag.tests.dll" id="be772578-3bd6-fe1e-69ad-baa513f62b0b">
      <Execution id="4093bfa5-13b8-4027-bb3a-14e25108557c" />
      <TestMethod codeBase="C:/Users/SuprDewd/Desktop/Projects/Forritun/SharpBag/SharpBag.Tests01/bin/Release/SharpBag.Tests.DLL" adapterTypeName="Microsoft.VisualStudio.TestTools.TestTypes.Unit.UnitTestAdapter, Microsoft.VisualStudio.QualityTools.Tips.UnitTest.Adapter, Version=10.0.0.0, Culture=neutral, PublicKeyToken=b03f5f7f11d50a3a" className="SharpBag.ExtensionsTest, SharpBag.Tests, Version=0.0.0.0, Culture=neutral, PublicKeyToken=null" name="As0163226" />
    </UnitTest>
    <UnitTest name="AsEnumerable0258802" storage="c:\users\suprdewd\desktop\projects\forritun\sharpbag\sharpbag.tests01\bin\release\sharpbag.tests.dll" id="80c446f8-daa9-dd90-7ba0-f56b79877aec">
      <Execution id="1efcbe23-e655-4126-b38d-5a31d7d6675c" />
      <TestMethod codeBase="C:/Users/SuprDewd/Desktop/Projects/Forritun/SharpBag/SharpBag.Tests01/bin/Release/SharpBag.Tests.DLL" adapterTypeName="Microsoft.VisualStudio.TestTools.TestTypes.Unit.UnitTestAdapter, Microsoft.VisualStudio.QualityTools.Tips.UnitTest.Adapter, Version=10.0.0.0, Culture=neutral, PublicKeyToken=b03f5f7f11d50a3a" className="SharpBag.ExtensionsTest, SharpBag.Tests, Version=0.0.0.0, Culture=neutral, PublicKeyToken=null" name="AsEnumerable0258802" />
    </UnitTest>
    <UnitTest name="As01401" storage="c:\users\suprdewd\desktop\projects\forritun\sharpbag\sharpbag.tests01\bin\release\sharpbag.tests.dll" id="5b905b9d-179c-2930-2f2f-ad7751aea174">
      <Execution id="cc29216e-3d29-4b5a-a6e4-46d4e0cd9c20" />
      <TestMethod codeBase="C:/Users/SuprDewd/Desktop/Projects/Forritun/SharpBag/SharpBag.Tests01/bin/Release/SharpBag.Tests.DLL" adapterTypeName="Microsoft.VisualStudio.TestTools.TestTypes.Unit.UnitTestAdapter, Microsoft.VisualStudio.QualityTools.Tips.UnitTest.Adapter, Version=10.0.0.0, Culture=neutral, PublicKeyToken=b03f5f7f11d50a3a" className="SharpBag.ExtensionsTest, SharpBag.Tests, Version=0.0.0.0, Culture=neutral, PublicKeyToken=null" name="As01401" />
    </UnitTest>
    <UnitTest name="As0163232" storage="c:\users\suprdewd\desktop\projects\forritun\sharpbag\sharpbag.tests01\bin\release\sharpbag.tests.dll" id="0e90738b-70d8-2788-4a26-d16c8666f6ca">
      <Execution id="38891c1a-e397-4531-8fa4-4ce1ab9207e4" />
      <TestMethod codeBase="C:/Users/SuprDewd/Desktop/Projects/Forritun/SharpBag/SharpBag.Tests01/bin/Release/SharpBag.Tests.DLL" adapterTypeName="Microsoft.VisualStudio.TestTools.TestTypes.Unit.UnitTestAdapter, Microsoft.VisualStudio.QualityTools.Tips.UnitTest.Adapter, Version=10.0.0.0, Culture=neutral, PublicKeyToken=b03f5f7f11d50a3a" className="SharpBag.ExtensionsTest, SharpBag.Tests, Version=0.0.0.0, Culture=neutral, PublicKeyToken=null" name="As0163232" />
    </UnitTest>
    <UnitTest name="As0163238" storage="c:\users\suprdewd\desktop\projects\forritun\sharpbag\sharpbag.tests01\bin\release\sharpbag.tests.dll" id="a56170ce-b399-e27e-e213-58e00eb4c436">
      <Execution id="e168a7f9-a8bc-4154-a6c2-271782c951fa" />
      <TestMethod codeBase="C:/Users/SuprDewd/Desktop/Projects/Forritun/SharpBag/SharpBag.Tests01/bin/Release/SharpBag.Tests.DLL" adapterTypeName="Microsoft.VisualStudio.TestTools.TestTypes.Unit.UnitTestAdapter, Microsoft.VisualStudio.QualityTools.Tips.UnitTest.Adapter, Version=10.0.0.0, Culture=neutral, PublicKeyToken=b03f5f7f11d50a3a" className="SharpBag.ExtensionsTest, SharpBag.Tests, Version=0.0.0.0, Culture=neutral, PublicKeyToken=null" name="As0163238" />
    </UnitTest>
    <UnitTest name="Fill01ThrowsContractException279" storage="c:\users\suprdewd\desktop\projects\forritun\sharpbag\sharpbag.tests01\bin\release\sharpbag.tests.dll" id="1c9baf40-1112-7f41-3f0f-adc161687f04">
      <Execution id="19c6be4c-b8a7-4427-a82b-75dd20e11256" />
      <TestMethod codeBase="C:/Users/SuprDewd/Desktop/Projects/Forritun/SharpBag/SharpBag.Tests01/bin/Release/SharpBag.Tests.DLL" adapterTypeName="Microsoft.VisualStudio.TestTools.TestTypes.Unit.UnitTestAdapter, Microsoft.VisualStudio.QualityTools.Tips.UnitTest.Adapter, Version=10.0.0.0, Culture=neutral, PublicKeyToken=b03f5f7f11d50a3a" className="SharpBag.ExtensionsTest, SharpBag.Tests, Version=0.0.0.0, Culture=neutral, PublicKeyToken=null" name="Fill01ThrowsContractException279" />
    </UnitTest>
    <UnitTest name="Fill0168801" storage="c:\users\suprdewd\desktop\projects\forritun\sharpbag\sharpbag.tests01\bin\release\sharpbag.tests.dll" id="bdf76499-e0f6-3d7b-4432-982ba6c3b223">
      <Execution id="f7d1f926-b81a-4879-83bd-d62c49af32e1" />
      <TestMethod codeBase="C:/Users/SuprDewd/Desktop/Projects/Forritun/SharpBag/SharpBag.Tests01/bin/Release/SharpBag.Tests.DLL" adapterTypeName="Microsoft.VisualStudio.TestTools.TestTypes.Unit.UnitTestAdapter, Microsoft.VisualStudio.QualityTools.Tips.UnitTest.Adapter, Version=10.0.0.0, Culture=neutral, PublicKeyToken=b03f5f7f11d50a3a" className="SharpBag.ExtensionsTest, SharpBag.Tests, Version=0.0.0.0, Culture=neutral, PublicKeyToken=null" name="Fill0168801" />
    </UnitTest>
    <UnitTest name="UnionAllThrowsContractException888" storage="c:\users\suprdewd\desktop\projects\forritun\sharpbag\sharpbag.tests01\bin\release\sharpbag.tests.dll" id="2fd85783-fc83-f96f-d9bf-a6bcc5a252f1">
      <Execution id="814118ab-b76d-4b30-82ba-22aa0bc9d431" />
      <TestMethod codeBase="C:/Users/SuprDewd/Desktop/Projects/Forritun/SharpBag/SharpBag.Tests01/bin/Release/SharpBag.Tests.DLL" adapterTypeName="Microsoft.VisualStudio.TestTools.TestTypes.Unit.UnitTestAdapter, Microsoft.VisualStudio.QualityTools.Tips.UnitTest.Adapter, Version=10.0.0.0, Culture=neutral, PublicKeyToken=b03f5f7f11d50a3a" className="SharpBag.ExtensionsTest, SharpBag.Tests, Version=0.0.0.0, Culture=neutral, PublicKeyToken=null" name="UnionAllThrowsContractException888" />
    </UnitTest>
    <UnitTest name="IsIn01ThrowsContractException380" storage="c:\users\suprdewd\desktop\projects\forritun\sharpbag\sharpbag.tests01\bin\release\sharpbag.tests.dll" id="5755d2a8-1978-f19d-e7bc-79a3772bf830">
      <Execution id="b5095baf-13b6-442c-be04-02ac59329e2c" />
      <TestMethod codeBase="C:/Users/SuprDewd/Desktop/Projects/Forritun/SharpBag/SharpBag.Tests01/bin/Release/SharpBag.Tests.DLL" adapterTypeName="Microsoft.VisualStudio.TestTools.TestTypes.Unit.UnitTestAdapter, Microsoft.VisualStudio.QualityTools.Tips.UnitTest.Adapter, Version=10.0.0.0, Culture=neutral, PublicKeyToken=b03f5f7f11d50a3a" className="SharpBag.ExtensionsTest, SharpBag.Tests, Version=0.0.0.0, Culture=neutral, PublicKeyToken=null" name="IsIn01ThrowsContractException380" />
    </UnitTest>
    <UnitTest name="AsEnumerable0128302" storage="c:\users\suprdewd\desktop\projects\forritun\sharpbag\sharpbag.tests01\bin\release\sharpbag.tests.dll" id="39820720-af85-1690-8f39-546deff2b7b4">
      <Execution id="7809ea26-a21c-4cf7-a2c6-eec65fd3d039" />
      <TestMethod codeBase="C:/Users/SuprDewd/Desktop/Projects/Forritun/SharpBag/SharpBag.Tests01/bin/Release/SharpBag.Tests.DLL" adapterTypeName="Microsoft.VisualStudio.TestTools.TestTypes.Unit.UnitTestAdapter, Microsoft.VisualStudio.QualityTools.Tips.UnitTest.Adapter, Version=10.0.0.0, Culture=neutral, PublicKeyToken=b03f5f7f11d50a3a" className="SharpBag.ExtensionsTest, SharpBag.Tests, Version=0.0.0.0, Culture=neutral, PublicKeyToken=null" name="AsEnumerable0128302" />
    </UnitTest>
    <UnitTest name="To72301" storage="c:\users\suprdewd\desktop\projects\forritun\sharpbag\sharpbag.tests01\bin\release\sharpbag.tests.dll" id="db3b6314-b1da-7626-0e4e-61abbddac9d6">
      <Execution id="1e6a96b9-e9b4-4ad0-a2fd-88adf5d679e8" />
      <TestMethod codeBase="C:/Users/SuprDewd/Desktop/Projects/Forritun/SharpBag/SharpBag.Tests01/bin/Release/SharpBag.Tests.DLL" adapterTypeName="Microsoft.VisualStudio.TestTools.TestTypes.Unit.UnitTestAdapter, Microsoft.VisualStudio.QualityTools.Tips.UnitTest.Adapter, Version=10.0.0.0, Culture=neutral, PublicKeyToken=b03f5f7f11d50a3a" className="SharpBag.ExtensionsTest, SharpBag.Tests, Version=0.0.0.0, Culture=neutral, PublicKeyToken=null" name="To72301" />
    </UnitTest>
    <UnitTest name="As0136701" storage="c:\users\suprdewd\desktop\projects\forritun\sharpbag\sharpbag.tests01\bin\release\sharpbag.tests.dll" id="de06015f-869e-46b8-4b51-8c7b049b2b96">
      <Execution id="50136d2b-e863-487b-8e0b-af445a41a23e" />
      <TestMethod codeBase="C:/Users/SuprDewd/Desktop/Projects/Forritun/SharpBag/SharpBag.Tests01/bin/Release/SharpBag.Tests.DLL" adapterTypeName="Microsoft.VisualStudio.TestTools.TestTypes.Unit.UnitTestAdapter, Microsoft.VisualStudio.QualityTools.Tips.UnitTest.Adapter, Version=10.0.0.0, Culture=neutral, PublicKeyToken=b03f5f7f11d50a3a" className="SharpBag.ExtensionsTest, SharpBag.Tests, Version=0.0.0.0, Culture=neutral, PublicKeyToken=null" name="As0136701" />
    </UnitTest>
    <UnitTest name="As21517" storage="c:\users\suprdewd\desktop\projects\forritun\sharpbag\sharpbag.tests01\bin\release\sharpbag.tests.dll" id="44ddd54b-7a43-e4f9-ebb3-b78badce4585">
      <Execution id="cc2b76b1-7bdc-4e48-879a-00b8fd88891d" />
      <TestMethod codeBase="C:/Users/SuprDewd/Desktop/Projects/Forritun/SharpBag/SharpBag.Tests01/bin/Release/SharpBag.Tests.DLL" adapterTypeName="Microsoft.VisualStudio.TestTools.TestTypes.Unit.UnitTestAdapter, Microsoft.VisualStudio.QualityTools.Tips.UnitTest.Adapter, Version=10.0.0.0, Culture=neutral, PublicKeyToken=b03f5f7f11d50a3a" className="SharpBag.ExtensionsTest, SharpBag.Tests, Version=0.0.0.0, Culture=neutral, PublicKeyToken=null" name="As21517" />
    </UnitTest>
    <UnitTest name="Fill0157101" storage="c:\users\suprdewd\desktop\projects\forritun\sharpbag\sharpbag.tests01\bin\release\sharpbag.tests.dll" id="b8e531ca-ec94-5331-cc83-d2332ab01f85">
      <Execution id="ff4c9531-2fc1-4c7c-8a63-8b201db8da3c" />
      <TestMethod codeBase="C:/Users/SuprDewd/Desktop/Projects/Forritun/SharpBag/SharpBag.Tests01/bin/Release/SharpBag.Tests.DLL" adapterTypeName="Microsoft.VisualStudio.TestTools.TestTypes.Unit.UnitTestAdapter, Microsoft.VisualStudio.QualityTools.Tips.UnitTest.Adapter, Version=10.0.0.0, Culture=neutral, PublicKeyToken=b03f5f7f11d50a3a" className="SharpBag.ExtensionsTest, SharpBag.Tests, Version=0.0.0.0, Culture=neutral, PublicKeyToken=null" name="Fill0157101" />
    </UnitTest>
    <UnitTest name="GetByPercent562" storage="c:\users\suprdewd\desktop\projects\forritun\sharpbag\sharpbag.tests01\bin\release\sharpbag.tests.dll" id="2e107be2-e3af-1a8b-fb4b-bdb5534db4b8">
      <Execution id="2c6219a6-114b-4e14-bf56-8d5ad62630c6" />
      <TestMethod codeBase="C:/Users/SuprDewd/Desktop/Projects/Forritun/SharpBag/SharpBag.Tests01/bin/Release/SharpBag.Tests.DLL" adapterTypeName="Microsoft.VisualStudio.TestTools.TestTypes.Unit.UnitTestAdapter, Microsoft.VisualStudio.QualityTools.Tips.UnitTest.Adapter, Version=10.0.0.0, Culture=neutral, PublicKeyToken=b03f5f7f11d50a3a" className="SharpBag.ExtensionsTest, SharpBag.Tests, Version=0.0.0.0, Culture=neutral, PublicKeyToken=null" name="GetByPercent562" />
    </UnitTest>
    <UnitTest name="NullOr90703" storage="c:\users\suprdewd\desktop\projects\forritun\sharpbag\sharpbag.tests01\bin\release\sharpbag.tests.dll" id="97102229-37fa-e978-ffae-7fd4c7300f98">
      <Execution id="7c90accd-7728-44ae-a29c-2f89bcf65f3b" />
      <TestMethod codeBase="C:/Users/SuprDewd/Desktop/Projects/Forritun/SharpBag/SharpBag.Tests01/bin/Release/SharpBag.Tests.DLL" adapterTypeName="Microsoft.VisualStudio.TestTools.TestTypes.Unit.UnitTestAdapter, Microsoft.VisualStudio.QualityTools.Tips.UnitTest.Adapter, Version=10.0.0.0, Culture=neutral, PublicKeyToken=b03f5f7f11d50a3a" className="SharpBag.ExtensionsTest, SharpBag.Tests, Version=0.0.0.0, Culture=neutral, PublicKeyToken=null" name="NullOr90703" />
    </UnitTest>
    <UnitTest name="ToDictionaryThrowsContractException478" storage="c:\users\suprdewd\desktop\projects\forritun\sharpbag\sharpbag.tests01\bin\release\sharpbag.tests.dll" id="59990ab9-8064-95a7-969b-da2dc269c717">
      <Execution id="503c4b50-54b5-4e94-88bc-a4ddde22f914" />
      <TestMethod codeBase="C:/Users/SuprDewd/Desktop/Projects/Forritun/SharpBag/SharpBag.Tests01/bin/Release/SharpBag.Tests.DLL" adapterTypeName="Microsoft.VisualStudio.TestTools.TestTypes.Unit.UnitTestAdapter, Microsoft.VisualStudio.QualityTools.Tips.UnitTest.Adapter, Version=10.0.0.0, Culture=neutral, PublicKeyToken=b03f5f7f11d50a3a" className="SharpBag.ExtensionsTest, SharpBag.Tests, Version=0.0.0.0, Culture=neutral, PublicKeyToken=null" name="ToDictionaryThrowsContractException478" />
    </UnitTest>
    <UnitTest name="AsEnumerable0314804" storage="c:\users\suprdewd\desktop\projects\forritun\sharpbag\sharpbag.tests01\bin\release\sharpbag.tests.dll" id="787c2aca-5007-7e56-5e10-28020b3be468">
      <Execution id="f207b49c-ade2-42b9-bff3-70b61c4bf63a" />
      <TestMethod codeBase="C:/Users/SuprDewd/Desktop/Projects/Forritun/SharpBag/SharpBag.Tests01/bin/Release/SharpBag.Tests.DLL" adapterTypeName="Microsoft.VisualStudio.TestTools.TestTypes.Unit.UnitTestAdapter, Microsoft.VisualStudio.QualityTools.Tips.UnitTest.Adapter, Version=10.0.0.0, Culture=neutral, PublicKeyToken=b03f5f7f11d50a3a" className="SharpBag.ExtensionsTest, SharpBag.Tests, Version=0.0.0.0, Culture=neutral, PublicKeyToken=null" name="AsEnumerable0314804" />
    </UnitTest>
    <UnitTest name="As0132109" storage="c:\users\suprdewd\desktop\projects\forritun\sharpbag\sharpbag.tests01\bin\release\sharpbag.tests.dll" id="ea8ee283-08b1-8adf-4aa4-5e76e4a476d8">
      <Execution id="30980bb3-c9a9-4511-8f2a-bfa1f6322144" />
      <TestMethod codeBase="C:/Users/SuprDewd/Desktop/Projects/Forritun/SharpBag/SharpBag.Tests01/bin/Release/SharpBag.Tests.DLL" adapterTypeName="Microsoft.VisualStudio.TestTools.TestTypes.Unit.UnitTestAdapter, Microsoft.VisualStudio.QualityTools.Tips.UnitTest.Adapter, Version=10.0.0.0, Culture=neutral, PublicKeyToken=b03f5f7f11d50a3a" className="SharpBag.ExtensionsTest, SharpBag.Tests, Version=0.0.0.0, Culture=neutral, PublicKeyToken=null" name="As0132109" />
    </UnitTest>
    <UnitTest name="As0166404" storage="c:\users\suprdewd\desktop\projects\forritun\sharpbag\sharpbag.tests01\bin\release\sharpbag.tests.dll" id="09abec53-bc8a-0db2-1ff6-28ad5ea0f559">
      <Execution id="866770b1-d52c-4e39-94c7-57e7145658ef" />
      <TestMethod codeBase="C:/Users/SuprDewd/Desktop/Projects/Forritun/SharpBag/SharpBag.Tests01/bin/Release/SharpBag.Tests.DLL" adapterTypeName="Microsoft.VisualStudio.TestTools.TestTypes.Unit.UnitTestAdapter, Microsoft.VisualStudio.QualityTools.Tips.UnitTest.Adapter, Version=10.0.0.0, Culture=neutral, PublicKeyToken=b03f5f7f11d50a3a" className="SharpBag.ExtensionsTest, SharpBag.Tests, Version=0.0.0.0, Culture=neutral, PublicKeyToken=null" name="As0166404" />
    </UnitTest>
    <UnitTest name="Add29601" storage="c:\users\suprdewd\desktop\projects\forritun\sharpbag\sharpbag.tests01\bin\release\sharpbag.tests.dll" id="29e140f3-0b7d-028a-f85f-e65d5e7a4460">
      <Execution id="40024c03-7d61-4454-9b40-cf631ce8b24b" />
      <TestMethod codeBase="C:/Users/SuprDewd/Desktop/Projects/Forritun/SharpBag/SharpBag.Tests01/bin/Release/SharpBag.Tests.DLL" adapterTypeName="Microsoft.VisualStudio.TestTools.TestTypes.Unit.UnitTestAdapter, Microsoft.VisualStudio.QualityTools.Tips.UnitTest.Adapter, Version=10.0.0.0, Culture=neutral, PublicKeyToken=b03f5f7f11d50a3a" className="SharpBag.ExtensionsTest, SharpBag.Tests, Version=0.0.0.0, Culture=neutral, PublicKeyToken=null" name="Add29601" />
    </UnitTest>
    <UnitTest name="IterThrowsContractException917" storage="c:\users\suprdewd\desktop\projects\forritun\sharpbag\sharpbag.tests01\bin\release\sharpbag.tests.dll" id="02dbbd81-860f-9e6d-6bf0-d3b21164d681">
      <Execution id="6d64cf23-d2a0-4cb8-8832-7b1ef6da5db1" />
      <TestMethod codeBase="C:/Users/SuprDewd/Desktop/Projects/Forritun/SharpBag/SharpBag.Tests01/bin/Release/SharpBag.Tests.DLL" adapterTypeName="Microsoft.VisualStudio.TestTools.TestTypes.Unit.UnitTestAdapter, Microsoft.VisualStudio.QualityTools.Tips.UnitTest.Adapter, Version=10.0.0.0, Culture=neutral, PublicKeyToken=b03f5f7f11d50a3a" className="SharpBag.ExtensionsTest, SharpBag.Tests, Version=0.0.0.0, Culture=neutral, PublicKeyToken=null" name="IterThrowsContractException917" />
    </UnitTest>
    <UnitTest name="If79" storage="c:\users\suprdewd\desktop\projects\forritun\sharpbag\sharpbag.tests01\bin\release\sharpbag.tests.dll" id="18234ca5-6af0-1355-5140-f92645f28e01">
      <Execution id="9e933c6b-4aed-4726-8316-e60c745d6410" />
      <TestMethod codeBase="C:/Users/SuprDewd/Desktop/Projects/Forritun/SharpBag/SharpBag.Tests01/bin/Release/SharpBag.Tests.DLL" adapterTypeName="Microsoft.VisualStudio.TestTools.TestTypes.Unit.UnitTestAdapter, Microsoft.VisualStudio.QualityTools.Tips.UnitTest.Adapter, Version=10.0.0.0, Culture=neutral, PublicKeyToken=b03f5f7f11d50a3a" className="SharpBag.ExtensionsTest, SharpBag.Tests, Version=0.0.0.0, Culture=neutral, PublicKeyToken=null" name="If79" />
    </UnitTest>
    <UnitTest name="As0163242" storage="c:\users\suprdewd\desktop\projects\forritun\sharpbag\sharpbag.tests01\bin\release\sharpbag.tests.dll" id="5d663026-8403-d8b3-571f-dbc623bc2b0e">
      <Execution id="6279caac-5a6e-463f-8752-21eb46c3f8d0" />
      <TestMethod codeBase="C:/Users/SuprDewd/Desktop/Projects/Forritun/SharpBag/SharpBag.Tests01/bin/Release/SharpBag.Tests.DLL" adapterTypeName="Microsoft.VisualStudio.TestTools.TestTypes.Unit.UnitTestAdapter, Microsoft.VisualStudio.QualityTools.Tips.UnitTest.Adapter, Version=10.0.0.0, Culture=neutral, PublicKeyToken=b03f5f7f11d50a3a" className="SharpBag.ExtensionsTest, SharpBag.Tests, Version=0.0.0.0, Culture=neutral, PublicKeyToken=null" name="As0163242" />
    </UnitTest>
    <UnitTest name="AsEnumerable0258803" storage="c:\users\suprdewd\desktop\projects\forritun\sharpbag\sharpbag.tests01\bin\release\sharpbag.tests.dll" id="4f308a7f-5339-1197-c196-e8c2a3294cdb">
      <Execution id="b8aa3bdf-79a9-4144-bc66-9cfb9d2925da" />
      <TestMethod codeBase="C:/Users/SuprDewd/Desktop/Projects/Forritun/SharpBag/SharpBag.Tests01/bin/Release/SharpBag.Tests.DLL" adapterTypeName="Microsoft.VisualStudio.TestTools.TestTypes.Unit.UnitTestAdapter, Microsoft.VisualStudio.QualityTools.Tips.UnitTest.Adapter, Version=10.0.0.0, Culture=neutral, PublicKeyToken=b03f5f7f11d50a3a" className="SharpBag.ExtensionsTest, SharpBag.Tests, Version=0.0.0.0, Culture=neutral, PublicKeyToken=null" name="AsEnumerable0258803" />
    </UnitTest>
    <UnitTest name="As0163211" storage="c:\users\suprdewd\desktop\projects\forritun\sharpbag\sharpbag.tests01\bin\release\sharpbag.tests.dll" id="7206ff03-56a7-ec6c-ffc0-c8679263faa3">
      <Execution id="efbd93a7-5f4b-488a-99ae-01801e493c46" />
      <TestMethod codeBase="C:/Users/SuprDewd/Desktop/Projects/Forritun/SharpBag/SharpBag.Tests01/bin/Release/SharpBag.Tests.DLL" adapterTypeName="Microsoft.VisualStudio.TestTools.TestTypes.Unit.UnitTestAdapter, Microsoft.VisualStudio.QualityTools.Tips.UnitTest.Adapter, Version=10.0.0.0, Culture=neutral, PublicKeyToken=b03f5f7f11d50a3a" className="SharpBag.ExtensionsTest, SharpBag.Tests, Version=0.0.0.0, Culture=neutral, PublicKeyToken=null" name="As0163211" />
    </UnitTest>
    <UnitTest name="Fill0110501" storage="c:\users\suprdewd\desktop\projects\forritun\sharpbag\sharpbag.tests01\bin\release\sharpbag.tests.dll" id="19033310-a8dd-db0b-1dcd-2bf1bef510ca">
      <Execution id="31936628-17be-4006-8f40-c1cd9574694b" />
      <TestMethod codeBase="C:/Users/SuprDewd/Desktop/Projects/Forritun/SharpBag/SharpBag.Tests01/bin/Release/SharpBag.Tests.DLL" adapterTypeName="Microsoft.VisualStudio.TestTools.TestTypes.Unit.UnitTestAdapter, Microsoft.VisualStudio.QualityTools.Tips.UnitTest.Adapter, Version=10.0.0.0, Culture=neutral, PublicKeyToken=b03f5f7f11d50a3a" className="SharpBag.ExtensionsTest, SharpBag.Tests, Version=0.0.0.0, Culture=neutral, PublicKeyToken=null" name="Fill0110501" />
    </UnitTest>
    <UnitTest name="As21508" storage="c:\users\suprdewd\desktop\projects\forritun\sharpbag\sharpbag.tests01\bin\release\sharpbag.tests.dll" id="f4f76af5-0d54-7bf8-8ba4-b32803d7a374">
      <Execution id="c9455fb8-e55b-4ae2-941f-20d8474f0590" />
      <TestMethod codeBase="C:/Users/SuprDewd/Desktop/Projects/Forritun/SharpBag/SharpBag.Tests01/bin/Release/SharpBag.Tests.DLL" adapterTypeName="Microsoft.VisualStudio.TestTools.TestTypes.Unit.UnitTestAdapter, Microsoft.VisualStudio.QualityTools.Tips.UnitTest.Adapter, Version=10.0.0.0, Culture=neutral, PublicKeyToken=b03f5f7f11d50a3a" className="SharpBag.ExtensionsTest, SharpBag.Tests, Version=0.0.0.0, Culture=neutral, PublicKeyToken=null" name="As21508" />
    </UnitTest>
    <UnitTest name="As0163233" storage="c:\users\suprdewd\desktop\projects\forritun\sharpbag\sharpbag.tests01\bin\release\sharpbag.tests.dll" id="990a1706-3c38-5c79-dd26-6bf2a85de470">
      <Execution id="d15edcf8-2ab8-4c17-a04b-3d9b8981c3c1" />
      <TestMethod codeBase="C:/Users/SuprDewd/Desktop/Projects/Forritun/SharpBag/SharpBag.Tests01/bin/Release/SharpBag.Tests.DLL" adapterTypeName="Microsoft.VisualStudio.TestTools.TestTypes.Unit.UnitTestAdapter, Microsoft.VisualStudio.QualityTools.Tips.UnitTest.Adapter, Version=10.0.0.0, Culture=neutral, PublicKeyToken=b03f5f7f11d50a3a" className="SharpBag.ExtensionsTest, SharpBag.Tests, Version=0.0.0.0, Culture=neutral, PublicKeyToken=null" name="As0163233" />
    </UnitTest>
    <UnitTest name="IfNotNull17302" storage="c:\users\suprdewd\desktop\projects\forritun\sharpbag\sharpbag.tests01\bin\release\sharpbag.tests.dll" id="46ca0fd9-03e1-55e3-3ad7-b4625d8d07c0">
      <Execution id="8bd0e000-1011-4808-9323-9e8fb8b966e1" />
      <TestMethod codeBase="C:/Users/SuprDewd/Desktop/Projects/Forritun/SharpBag/SharpBag.Tests01/bin/Release/SharpBag.Tests.DLL" adapterTypeName="Microsoft.VisualStudio.TestTools.TestTypes.Unit.UnitTestAdapter, Microsoft.VisualStudio.QualityTools.Tips.UnitTest.Adapter, Version=10.0.0.0, Culture=neutral, PublicKeyToken=b03f5f7f11d50a3a" className="SharpBag.ExtensionsTest, SharpBag.Tests, Version=0.0.0.0, Culture=neutral, PublicKeyToken=null" name="IfNotNull17302" />
    </UnitTest>
    <UnitTest name="As0198304" storage="c:\users\suprdewd\desktop\projects\forritun\sharpbag\sharpbag.tests01\bin\release\sharpbag.tests.dll" id="bbc45056-7304-0cf8-18ec-0f56b7abf591">
      <Execution id="3eb6cf4b-7500-4630-a64a-4880f0a31a8f" />
      <TestMethod codeBase="C:/Users/SuprDewd/Desktop/Projects/Forritun/SharpBag/SharpBag.Tests01/bin/Release/SharpBag.Tests.DLL" adapterTypeName="Microsoft.VisualStudio.TestTools.TestTypes.Unit.UnitTestAdapter, Microsoft.VisualStudio.QualityTools.Tips.UnitTest.Adapter, Version=10.0.0.0, Culture=neutral, PublicKeyToken=b03f5f7f11d50a3a" className="SharpBag.ExtensionsTest, SharpBag.Tests, Version=0.0.0.0, Culture=neutral, PublicKeyToken=null" name="As0198304" />
    </UnitTest>
    <UnitTest name="ForEachThrowsContractException904" storage="c:\users\suprdewd\desktop\projects\forritun\sharpbag\sharpbag.tests01\bin\release\sharpbag.tests.dll" id="aef19ea6-eb47-a1be-032c-8930cda21d9c">
      <Execution id="d2144795-3d49-493a-8d1a-b8a0dd01fbac" />
      <TestMethod codeBase="C:/Users/SuprDewd/Desktop/Projects/Forritun/SharpBag/SharpBag.Tests01/bin/Release/SharpBag.Tests.DLL" adapterTypeName="Microsoft.VisualStudio.TestTools.TestTypes.Unit.UnitTestAdapter, Microsoft.VisualStudio.QualityTools.Tips.UnitTest.Adapter, Version=10.0.0.0, Culture=neutral, PublicKeyToken=b03f5f7f11d50a3a" className="SharpBag.ExtensionsTest, SharpBag.Tests, Version=0.0.0.0, Culture=neutral, PublicKeyToken=null" name="ForEachThrowsContractException904" />
    </UnitTest>
    <UnitTest name="As0130301" storage="c:\users\suprdewd\desktop\projects\forritun\sharpbag\sharpbag.tests01\bin\release\sharpbag.tests.dll" id="7a9b0937-239f-a7cc-e1fc-09bbc3508e89">
      <Execution id="6d2d29a2-5999-43a3-b9b4-2ecfd60130c5" />
      <TestMethod codeBase="C:/Users/SuprDewd/Desktop/Projects/Forritun/SharpBag/SharpBag.Tests01/bin/Release/SharpBag.Tests.DLL" adapterTypeName="Microsoft.VisualStudio.TestTools.TestTypes.Unit.UnitTestAdapter, Microsoft.VisualStudio.QualityTools.Tips.UnitTest.Adapter, Version=10.0.0.0, Culture=neutral, PublicKeyToken=b03f5f7f11d50a3a" className="SharpBag.ExtensionsTest, SharpBag.Tests, Version=0.0.0.0, Culture=neutral, PublicKeyToken=null" name="As0130301" />
    </UnitTest>
    <UnitTest name="IsIn01570" storage="c:\users\suprdewd\desktop\projects\forritun\sharpbag\sharpbag.tests01\bin\release\sharpbag.tests.dll" id="cdf50321-c0eb-ddc4-0179-2919c2028903">
      <Execution id="a2b89d34-861d-49ed-80c8-0a772d3ad4eb" />
      <TestMethod codeBase="C:/Users/SuprDewd/Desktop/Projects/Forritun/SharpBag/SharpBag.Tests01/bin/Release/SharpBag.Tests.DLL" adapterTypeName="Microsoft.VisualStudio.TestTools.TestTypes.Unit.UnitTestAdapter, Microsoft.VisualStudio.QualityTools.Tips.UnitTest.Adapter, Version=10.0.0.0, Culture=neutral, PublicKeyToken=b03f5f7f11d50a3a" className="SharpBag.ExtensionsTest, SharpBag.Tests, Version=0.0.0.0, Culture=neutral, PublicKeyToken=null" name="IsIn01570" />
    </UnitTest>
    <UnitTest name="Add29604" storage="c:\users\suprdewd\desktop\projects\forritun\sharpbag\sharpbag.tests01\bin\release\sharpbag.tests.dll" id="eeb34c89-a7df-f580-faa2-1b58190ee5be">
      <Execution id="90f5325f-1637-4cd7-8db9-da9b138171c0" />
      <TestMethod codeBase="C:/Users/SuprDewd/Desktop/Projects/Forritun/SharpBag/SharpBag.Tests01/bin/Release/SharpBag.Tests.DLL" adapterTypeName="Microsoft.VisualStudio.TestTools.TestTypes.Unit.UnitTestAdapter, Microsoft.VisualStudio.QualityTools.Tips.UnitTest.Adapter, Version=10.0.0.0, Culture=neutral, PublicKeyToken=b03f5f7f11d50a3a" className="SharpBag.ExtensionsTest, SharpBag.Tests, Version=0.0.0.0, Culture=neutral, PublicKeyToken=null" name="Add29604" />
    </UnitTest>
    <UnitTest name="Add60902" storage="c:\users\suprdewd\desktop\projects\forritun\sharpbag\sharpbag.tests01\bin\release\sharpbag.tests.dll" id="22fb3f0c-8177-2102-3c97-5cd124eaf953">
      <Execution id="8b942ef4-14c8-4825-b9e6-ba87074b182e" />
      <TestMethod codeBase="C:/Users/SuprDewd/Desktop/Projects/Forritun/SharpBag/SharpBag.Tests01/bin/Release/SharpBag.Tests.DLL" adapterTypeName="Microsoft.VisualStudio.TestTools.TestTypes.Unit.UnitTestAdapter, Microsoft.VisualStudio.QualityTools.Tips.UnitTest.Adapter, Version=10.0.0.0, Culture=neutral, PublicKeyToken=b03f5f7f11d50a3a" className="SharpBag.ExtensionsTest, SharpBag.Tests, Version=0.0.0.0, Culture=neutral, PublicKeyToken=null" name="Add60902" />
    </UnitTest>
    <UnitTest name="AsEnumerable56002" storage="c:\users\suprdewd\desktop\projects\forritun\sharpbag\sharpbag.tests01\bin\release\sharpbag.tests.dll" id="ec99d1a9-4b49-a94f-134c-f58d11b57222">
      <Execution id="26e7dade-3fdf-4182-8c9e-c19e5adb36dc" />
      <TestMethod codeBase="C:/Users/SuprDewd/Desktop/Projects/Forritun/SharpBag/SharpBag.Tests01/bin/Release/SharpBag.Tests.DLL" adapterTypeName="Microsoft.VisualStudio.TestTools.TestTypes.Unit.UnitTestAdapter, Microsoft.VisualStudio.QualityTools.Tips.UnitTest.Adapter, Version=10.0.0.0, Culture=neutral, PublicKeyToken=b03f5f7f11d50a3a" className="SharpBag.ExtensionsTest, SharpBag.Tests, Version=0.0.0.0, Culture=neutral, PublicKeyToken=null" name="AsEnumerable56002" />
    </UnitTest>
    <UnitTest name="TakeEveryThrowsContractException368" storage="c:\users\suprdewd\desktop\projects\forritun\sharpbag\sharpbag.tests01\bin\release\sharpbag.tests.dll" id="2ff38794-ad92-1998-3c20-e3ee775a8969">
      <Execution id="fcdf83cc-e53a-4026-b231-a833ce601583" />
      <TestMethod codeBase="C:/Users/SuprDewd/Desktop/Projects/Forritun/SharpBag/SharpBag.Tests01/bin/Release/SharpBag.Tests.DLL" adapterTypeName="Microsoft.VisualStudio.TestTools.TestTypes.Unit.UnitTestAdapter, Microsoft.VisualStudio.QualityTools.Tips.UnitTest.Adapter, Version=10.0.0.0, Culture=neutral, PublicKeyToken=b03f5f7f11d50a3a" className="SharpBag.ExtensionsTest, SharpBag.Tests, Version=0.0.0.0, Culture=neutral, PublicKeyToken=null" name="TakeEveryThrowsContractException368" />
    </UnitTest>
    <UnitTest name="Iter96001" storage="c:\users\suprdewd\desktop\projects\forritun\sharpbag\sharpbag.tests01\bin\release\sharpbag.tests.dll" id="5f6c8af1-2825-3c27-b802-e1be0e1eeb12">
      <Execution id="12c51d5f-2354-4bdc-9dd2-a9d851b618e2" />
      <TestMethod codeBase="C:/Users/SuprDewd/Desktop/Projects/Forritun/SharpBag/SharpBag.Tests01/bin/Release/SharpBag.Tests.DLL" adapterTypeName="Microsoft.VisualStudio.TestTools.TestTypes.Unit.UnitTestAdapter, Microsoft.VisualStudio.QualityTools.Tips.UnitTest.Adapter, Version=10.0.0.0, Culture=neutral, PublicKeyToken=b03f5f7f11d50a3a" className="SharpBag.ExtensionsTest, SharpBag.Tests, Version=0.0.0.0, Culture=neutral, PublicKeyToken=null" name="Iter96001" />
    </UnitTest>
    <UnitTest name="FillThrowsContractException543" storage="c:\users\suprdewd\desktop\projects\forritun\sharpbag\sharpbag.tests01\bin\release\sharpbag.tests.dll" id="b037dab8-9f99-92da-4740-6e79cccc1e32">
      <Execution id="d4c73be9-6202-495b-a97d-43c40ed7ab5a" />
      <TestMethod codeBase="C:/Users/SuprDewd/Desktop/Projects/Forritun/SharpBag/SharpBag.Tests01/bin/Release/SharpBag.Tests.DLL" adapterTypeName="Microsoft.VisualStudio.TestTools.TestTypes.Unit.UnitTestAdapter, Microsoft.VisualStudio.QualityTools.Tips.UnitTest.Adapter, Version=10.0.0.0, Culture=neutral, PublicKeyToken=b03f5f7f11d50a3a" className="SharpBag.ExtensionsTest, SharpBag.Tests, Version=0.0.0.0, Culture=neutral, PublicKeyToken=null" name="FillThrowsContractException543" />
    </UnitTest>
    <UnitTest name="Fill0157103" storage="c:\users\suprdewd\desktop\projects\forritun\sharpbag\sharpbag.tests01\bin\release\sharpbag.tests.dll" id="e77c7ab7-183b-1f93-57a3-77e0403bec4c">
      <Execution id="ac990b8d-f5a0-4456-98a0-94885c9e04da" />
      <TestMethod codeBase="C:/Users/SuprDewd/Desktop/Projects/Forritun/SharpBag/SharpBag.Tests01/bin/Release/SharpBag.Tests.DLL" adapterTypeName="Microsoft.VisualStudio.TestTools.TestTypes.Unit.UnitTestAdapter, Microsoft.VisualStudio.QualityTools.Tips.UnitTest.Adapter, Version=10.0.0.0, Culture=neutral, PublicKeyToken=b03f5f7f11d50a3a" className="SharpBag.ExtensionsTest, SharpBag.Tests, Version=0.0.0.0, Culture=neutral, PublicKeyToken=null" name="Fill0157103" />
    </UnitTest>
    <UnitTest name="NullOr71401" storage="c:\users\suprdewd\desktop\projects\forritun\sharpbag\sharpbag.tests01\bin\release\sharpbag.tests.dll" id="86c02588-b87f-32bd-880b-56b0d73c1993">
      <Execution id="7b8c385b-5405-46d9-934f-ee7f77aaeb7f" />
      <TestMethod codeBase="C:/Users/SuprDewd/Desktop/Projects/Forritun/SharpBag/SharpBag.Tests01/bin/Release/SharpBag.Tests.DLL" adapterTypeName="Microsoft.VisualStudio.TestTools.TestTypes.Unit.UnitTestAdapter, Microsoft.VisualStudio.QualityTools.Tips.UnitTest.Adapter, Version=10.0.0.0, Culture=neutral, PublicKeyToken=b03f5f7f11d50a3a" className="SharpBag.ExtensionsTest, SharpBag.Tests, Version=0.0.0.0, Culture=neutral, PublicKeyToken=null" name="NullOr71401" />
    </UnitTest>
    <UnitTest name="AsEnumerable01ThrowsContractException5" storage="c:\users\suprdewd\desktop\projects\forritun\sharpbag\sharpbag.tests01\bin\release\sharpbag.tests.dll" id="94c02084-a2f4-8ed3-b12d-a1ac0caf9379">
      <Execution id="37833bbd-c4be-4281-a31d-66b911693de6" />
      <TestMethod codeBase="C:/Users/SuprDewd/Desktop/Projects/Forritun/SharpBag/SharpBag.Tests01/bin/Release/SharpBag.Tests.DLL" adapterTypeName="Microsoft.VisualStudio.TestTools.TestTypes.Unit.UnitTestAdapter, Microsoft.VisualStudio.QualityTools.Tips.UnitTest.Adapter, Version=10.0.0.0, Culture=neutral, PublicKeyToken=b03f5f7f11d50a3a" className="SharpBag.ExtensionsTest, SharpBag.Tests, Version=0.0.0.0, Culture=neutral, PublicKeyToken=null" name="AsEnumerable01ThrowsContractException5" />
    </UnitTest>
    <UnitTest name="UnionAll01ThrowsContractException68" storage="c:\users\suprdewd\desktop\projects\forritun\sharpbag\sharpbag.tests01\bin\release\sharpbag.tests.dll" id="cc8275a0-551e-d39e-ef08-c6785391cae1">
      <Execution id="24b3cd8d-8291-42f8-a6fa-a16e9bce0856" />
      <TestMethod codeBase="C:/Users/SuprDewd/Desktop/Projects/Forritun/SharpBag/SharpBag.Tests01/bin/Release/SharpBag.Tests.DLL" adapterTypeName="Microsoft.VisualStudio.TestTools.TestTypes.Unit.UnitTestAdapter, Microsoft.VisualStudio.QualityTools.Tips.UnitTest.Adapter, Version=10.0.0.0, Culture=neutral, PublicKeyToken=b03f5f7f11d50a3a" className="SharpBag.ExtensionsTest, SharpBag.Tests, Version=0.0.0.0, Culture=neutral, PublicKeyToken=null" name="UnionAll01ThrowsContractException68" />
    </UnitTest>
    <UnitTest name="RangeThrowsContractException841" storage="c:\users\suprdewd\desktop\projects\forritun\sharpbag\sharpbag.tests01\bin\release\sharpbag.tests.dll" id="98f1539c-0085-97ac-e6d6-c700951efc19">
      <Execution id="ecc05376-f782-429a-8810-dde5adcf02c7" />
      <TestMethod codeBase="C:/Users/SuprDewd/Desktop/Projects/Forritun/SharpBag/SharpBag.Tests01/bin/Release/SharpBag.Tests.DLL" adapterTypeName="Microsoft.VisualStudio.TestTools.TestTypes.Unit.UnitTestAdapter, Microsoft.VisualStudio.QualityTools.Tips.UnitTest.Adapter, Version=10.0.0.0, Culture=neutral, PublicKeyToken=b03f5f7f11d50a3a" className="SharpBag.ExtensionsTest, SharpBag.Tests, Version=0.0.0.0, Culture=neutral, PublicKeyToken=null" name="RangeThrowsContractException841" />
    </UnitTest>
    <UnitTest name="IsNullOrEmpty963" storage="c:\users\suprdewd\desktop\projects\forritun\sharpbag\sharpbag.tests01\bin\release\sharpbag.tests.dll" id="c764531a-8b43-978a-82fa-64e183192f81">
      <Execution id="81a9fecf-11ea-47ac-aad9-54e453b721fb" />
      <TestMethod codeBase="C:/Users/SuprDewd/Desktop/Projects/Forritun/SharpBag/SharpBag.Tests01/bin/Release/SharpBag.Tests.DLL" adapterTypeName="Microsoft.VisualStudio.TestTools.TestTypes.Unit.UnitTestAdapter, Microsoft.VisualStudio.QualityTools.Tips.UnitTest.Adapter, Version=10.0.0.0, Culture=neutral, PublicKeyToken=b03f5f7f11d50a3a" className="SharpBag.ExtensionsTest, SharpBag.Tests, Version=0.0.0.0, Culture=neutral, PublicKeyToken=null" name="IsNullOrEmpty963" />
    </UnitTest>
    <UnitTest name="As01404" storage="c:\users\suprdewd\desktop\projects\forritun\sharpbag\sharpbag.tests01\bin\release\sharpbag.tests.dll" id="40e83519-1225-601d-0c17-661b77e82314">
      <Execution id="bcc5f2a1-e99d-4327-bf19-6d8f191165d3" />
      <TestMethod codeBase="C:/Users/SuprDewd/Desktop/Projects/Forritun/SharpBag/SharpBag.Tests01/bin/Release/SharpBag.Tests.DLL" adapterTypeName="Microsoft.VisualStudio.TestTools.TestTypes.Unit.UnitTestAdapter, Microsoft.VisualStudio.QualityTools.Tips.UnitTest.Adapter, Version=10.0.0.0, Culture=neutral, PublicKeyToken=b03f5f7f11d50a3a" className="SharpBag.ExtensionsTest, SharpBag.Tests, Version=0.0.0.0, Culture=neutral, PublicKeyToken=null" name="As01404" />
    </UnitTest>
    <UnitTest name="As0163236" storage="c:\users\suprdewd\desktop\projects\forritun\sharpbag\sharpbag.tests01\bin\release\sharpbag.tests.dll" id="055e48df-0214-9f4b-ed2b-c5a320ca2c7d">
      <Execution id="30ff981e-9e63-41df-ab1f-de25321c1fcd" />
      <TestMethod codeBase="C:/Users/SuprDewd/Desktop/Projects/Forritun/SharpBag/SharpBag.Tests01/bin/Release/SharpBag.Tests.DLL" adapterTypeName="Microsoft.VisualStudio.TestTools.TestTypes.Unit.UnitTestAdapter, Microsoft.VisualStudio.QualityTools.Tips.UnitTest.Adapter, Version=10.0.0.0, Culture=neutral, PublicKeyToken=b03f5f7f11d50a3a" className="SharpBag.ExtensionsTest, SharpBag.Tests, Version=0.0.0.0, Culture=neutral, PublicKeyToken=null" name="As0163236" />
    </UnitTest>
    <UnitTest name="To0120301" storage="c:\users\suprdewd\desktop\projects\forritun\sharpbag\sharpbag.tests01\bin\release\sharpbag.tests.dll" id="d045283f-2980-ed70-af3d-611e9266ab64">
      <Execution id="fa268f6b-a8f9-4939-b77f-2241a7ae9e50" />
      <TestMethod codeBase="C:/Users/SuprDewd/Desktop/Projects/Forritun/SharpBag/SharpBag.Tests01/bin/Release/SharpBag.Tests.DLL" adapterTypeName="Microsoft.VisualStudio.TestTools.TestTypes.Unit.UnitTestAdapter, Microsoft.VisualStudio.QualityTools.Tips.UnitTest.Adapter, Version=10.0.0.0, Culture=neutral, PublicKeyToken=b03f5f7f11d50a3a" className="SharpBag.ExtensionsTest, SharpBag.Tests, Version=0.0.0.0, Culture=neutral, PublicKeyToken=null" name="To0120301" />
    </UnitTest>
    <UnitTest name="As0163209" storage="c:\users\suprdewd\desktop\projects\forritun\sharpbag\sharpbag.tests01\bin\release\sharpbag.tests.dll" id="31a904fb-b5e5-f95a-175a-584bb2addaff">
      <Execution id="6807bb51-6f42-4a90-aa88-29a09d6baca2" />
      <TestMethod codeBase="C:/Users/SuprDewd/Desktop/Projects/Forritun/SharpBag/SharpBag.Tests01/bin/Release/SharpBag.Tests.DLL" adapterTypeName="Microsoft.VisualStudio.TestTools.TestTypes.Unit.UnitTestAdapter, Microsoft.VisualStudio.QualityTools.Tips.UnitTest.Adapter, Version=10.0.0.0, Culture=neutral, PublicKeyToken=b03f5f7f11d50a3a" className="SharpBag.ExtensionsTest, SharpBag.Tests, Version=0.0.0.0, Culture=neutral, PublicKeyToken=null" name="As0163209" />
    </UnitTest>
    <UnitTest name="IfNotNull0159703" storage="c:\users\suprdewd\desktop\projects\forritun\sharpbag\sharpbag.tests01\bin\release\sharpbag.tests.dll" id="0e44207d-1ccf-04c5-6aef-2081653ff131">
      <Execution id="509fc0db-2753-4627-b2aa-70f60294cb1c" />
      <TestMethod codeBase="C:/Users/SuprDewd/Desktop/Projects/Forritun/SharpBag/SharpBag.Tests01/bin/Release/SharpBag.Tests.DLL" adapterTypeName="Microsoft.VisualStudio.TestTools.TestTypes.Unit.UnitTestAdapter, Microsoft.VisualStudio.QualityTools.Tips.UnitTest.Adapter, Version=10.0.0.0, Culture=neutral, PublicKeyToken=b03f5f7f11d50a3a" className="SharpBag.ExtensionsTest, SharpBag.Tests, Version=0.0.0.0, Culture=neutral, PublicKeyToken=null" name="IfNotNull0159703" />
    </UnitTest>
    <UnitTest name="IfNotNullThrowsContractException197" storage="c:\users\suprdewd\desktop\projects\forritun\sharpbag\sharpbag.tests01\bin\release\sharpbag.tests.dll" id="b67c54ae-5aad-e1cc-2b17-0ad544f3f701">
      <Execution id="55b0a6bc-20c2-4da7-acd1-bd412f8b54c9" />
      <TestMethod codeBase="C:/Users/SuprDewd/Desktop/Projects/Forritun/SharpBag/SharpBag.Tests01/bin/Release/SharpBag.Tests.DLL" adapterTypeName="Microsoft.VisualStudio.TestTools.TestTypes.Unit.UnitTestAdapter, Microsoft.VisualStudio.QualityTools.Tips.UnitTest.Adapter, Version=10.0.0.0, Culture=neutral, PublicKeyToken=b03f5f7f11d50a3a" className="SharpBag.ExtensionsTest, SharpBag.Tests, Version=0.0.0.0, Culture=neutral, PublicKeyToken=null" name="IfNotNullThrowsContractException197" />
    </UnitTest>
    <UnitTest name="SubarrayThrowsContractException629" storage="c:\users\suprdewd\desktop\projects\forritun\sharpbag\sharpbag.tests01\bin\release\sharpbag.tests.dll" id="c2a16b22-9983-ed58-4351-7fd3ef453798">
      <Execution id="d5cfd4bc-3601-4e12-88e5-0b03cc81c781" />
      <TestMethod codeBase="C:/Users/SuprDewd/Desktop/Projects/Forritun/SharpBag/SharpBag.Tests01/bin/Release/SharpBag.Tests.DLL" adapterTypeName="Microsoft.VisualStudio.TestTools.TestTypes.Unit.UnitTestAdapter, Microsoft.VisualStudio.QualityTools.Tips.UnitTest.Adapter, Version=10.0.0.0, Culture=neutral, PublicKeyToken=b03f5f7f11d50a3a" className="SharpBag.ExtensionsTest, SharpBag.Tests, Version=0.0.0.0, Culture=neutral, PublicKeyToken=null" name="SubarrayThrowsContractException629" />
    </UnitTest>
    <UnitTest name="AsEnumerable0314801" storage="c:\users\suprdewd\desktop\projects\forritun\sharpbag\sharpbag.tests01\bin\release\sharpbag.tests.dll" id="73dedb08-3777-9f76-6412-b3470bb8b574">
      <Execution id="b66ac06a-5577-4734-86b3-808f1d33056b" />
      <TestMethod codeBase="C:/Users/SuprDewd/Desktop/Projects/Forritun/SharpBag/SharpBag.Tests01/bin/Release/SharpBag.Tests.DLL" adapterTypeName="Microsoft.VisualStudio.TestTools.TestTypes.Unit.UnitTestAdapter, Microsoft.VisualStudio.QualityTools.Tips.UnitTest.Adapter, Version=10.0.0.0, Culture=neutral, PublicKeyToken=b03f5f7f11d50a3a" className="SharpBag.ExtensionsTest, SharpBag.Tests, Version=0.0.0.0, Culture=neutral, PublicKeyToken=null" name="AsEnumerable0314801" />
    </UnitTest>
    <UnitTest name="As0132102" storage="c:\users\suprdewd\desktop\projects\forritun\sharpbag\sharpbag.tests01\bin\release\sharpbag.tests.dll" id="920395ef-4d81-2796-a8e3-57b62c679836">
      <Execution id="ee433c8b-3d18-48b2-96b9-44bdc300a248" />
      <TestMethod codeBase="C:/Users/SuprDewd/Desktop/Projects/Forritun/SharpBag/SharpBag.Tests01/bin/Release/SharpBag.Tests.DLL" adapterTypeName="Microsoft.VisualStudio.TestTools.TestTypes.Unit.UnitTestAdapter, Microsoft.VisualStudio.QualityTools.Tips.UnitTest.Adapter, Version=10.0.0.0, Culture=neutral, PublicKeyToken=b03f5f7f11d50a3a" className="SharpBag.ExtensionsTest, SharpBag.Tests, Version=0.0.0.0, Culture=neutral, PublicKeyToken=null" name="As0132102" />
    </UnitTest>
    <UnitTest name="Add88502" storage="c:\users\suprdewd\desktop\projects\forritun\sharpbag\sharpbag.tests01\bin\release\sharpbag.tests.dll" id="6fb9b650-50a8-89e9-0d35-3a3dc4939152">
      <Execution id="e6176daf-7858-4211-a2f3-e4fed4484aa0" />
      <TestMethod codeBase="C:/Users/SuprDewd/Desktop/Projects/Forritun/SharpBag/SharpBag.Tests01/bin/Release/SharpBag.Tests.DLL" adapterTypeName="Microsoft.VisualStudio.TestTools.TestTypes.Unit.UnitTestAdapter, Microsoft.VisualStudio.QualityTools.Tips.UnitTest.Adapter, Version=10.0.0.0, Culture=neutral, PublicKeyToken=b03f5f7f11d50a3a" className="SharpBag.ExtensionsTest, SharpBag.Tests, Version=0.0.0.0, Culture=neutral, PublicKeyToken=null" name="Add88502" />
    </UnitTest>
    <UnitTest name="IfNotNull0159704" storage="c:\users\suprdewd\desktop\projects\forritun\sharpbag\sharpbag.tests01\bin\release\sharpbag.tests.dll" id="116bcbca-67a9-cf3b-0614-27721784c6e2">
      <Execution id="acdbc58f-1a46-49f8-ae23-fa554e7e3aa8" />
      <TestMethod codeBase="C:/Users/SuprDewd/Desktop/Projects/Forritun/SharpBag/SharpBag.Tests01/bin/Release/SharpBag.Tests.DLL" adapterTypeName="Microsoft.VisualStudio.TestTools.TestTypes.Unit.UnitTestAdapter, Microsoft.VisualStudio.QualityTools.Tips.UnitTest.Adapter, Version=10.0.0.0, Culture=neutral, PublicKeyToken=b03f5f7f11d50a3a" className="SharpBag.ExtensionsTest, SharpBag.Tests, Version=0.0.0.0, Culture=neutral, PublicKeyToken=null" name="IfNotNull0159704" />
    </UnitTest>
    <UnitTest name="As0132105" storage="c:\users\suprdewd\desktop\projects\forritun\sharpbag\sharpbag.tests01\bin\release\sharpbag.tests.dll" id="febe8afb-7bc1-3f13-831b-73b163a8c327">
      <Execution id="eb13df9b-1666-4ac1-bb65-4a041926b16d" />
      <TestMethod codeBase="C:/Users/SuprDewd/Desktop/Projects/Forritun/SharpBag/SharpBag.Tests01/bin/Release/SharpBag.Tests.DLL" adapterTypeName="Microsoft.VisualStudio.TestTools.TestTypes.Unit.UnitTestAdapter, Microsoft.VisualStudio.QualityTools.Tips.UnitTest.Adapter, Version=10.0.0.0, Culture=neutral, PublicKeyToken=b03f5f7f11d50a3a" className="SharpBag.ExtensionsTest, SharpBag.Tests, Version=0.0.0.0, Culture=neutral, PublicKeyToken=null" name="As0132105" />
    </UnitTest>
    <UnitTest name="If921" storage="c:\users\suprdewd\desktop\projects\forritun\sharpbag\sharpbag.tests01\bin\release\sharpbag.tests.dll" id="0860ee19-0524-5919-2b3c-8316527f7933">
      <Execution id="4d4369c4-8dd6-46c0-9186-d8029c824b13" />
      <TestMethod codeBase="C:/Users/SuprDewd/Desktop/Projects/Forritun/SharpBag/SharpBag.Tests01/bin/Release/SharpBag.Tests.DLL" adapterTypeName="Microsoft.VisualStudio.TestTools.TestTypes.Unit.UnitTestAdapter, Microsoft.VisualStudio.QualityTools.Tips.UnitTest.Adapter, Version=10.0.0.0, Culture=neutral, PublicKeyToken=b03f5f7f11d50a3a" className="SharpBag.ExtensionsTest, SharpBag.Tests, Version=0.0.0.0, Culture=neutral, PublicKeyToken=null" name="If921" />
    </UnitTest>
    <UnitTest name="As01ThrowsContractException876" storage="c:\users\suprdewd\desktop\projects\forritun\sharpbag\sharpbag.tests01\bin\release\sharpbag.tests.dll" id="4603637e-fb7e-2981-f426-423b0ee1dc90">
      <Execution id="78508cc2-b29c-4391-ad10-f95fad5a2754" />
      <TestMethod codeBase="C:/Users/SuprDewd/Desktop/Projects/Forritun/SharpBag/SharpBag.Tests01/bin/Release/SharpBag.Tests.DLL" adapterTypeName="Microsoft.VisualStudio.TestTools.TestTypes.Unit.UnitTestAdapter, Microsoft.VisualStudio.QualityTools.Tips.UnitTest.Adapter, Version=10.0.0.0, Culture=neutral, PublicKeyToken=b03f5f7f11d50a3a" className="SharpBag.ExtensionsTest, SharpBag.Tests, Version=0.0.0.0, Culture=neutral, PublicKeyToken=null" name="As01ThrowsContractException876" />
    </UnitTest>
    <UnitTest name="Execute424" storage="c:\users\suprdewd\desktop\projects\forritun\sharpbag\sharpbag.tests01\bin\release\sharpbag.tests.dll" id="c3a5f774-5c25-7fa7-593c-10a98b5db768">
      <Execution id="1cf15e61-b808-4b17-bab4-42ca86f557a2" />
      <TestMethod codeBase="C:/Users/SuprDewd/Desktop/Projects/Forritun/SharpBag/SharpBag.Tests01/bin/Release/SharpBag.Tests.DLL" adapterTypeName="Microsoft.VisualStudio.TestTools.TestTypes.Unit.UnitTestAdapter, Microsoft.VisualStudio.QualityTools.Tips.UnitTest.Adapter, Version=10.0.0.0, Culture=neutral, PublicKeyToken=b03f5f7f11d50a3a" className="SharpBag.ExtensionsTest, SharpBag.Tests, Version=0.0.0.0, Culture=neutral, PublicKeyToken=null" name="Execute424" />
    </UnitTest>
    <UnitTest name="Iter96003" storage="c:\users\suprdewd\desktop\projects\forritun\sharpbag\sharpbag.tests01\bin\release\sharpbag.tests.dll" id="9bfa0b14-def6-4233-8f09-efbae74ca192">
      <Execution id="0e39851a-3508-4093-a928-6d80a942d34c" />
      <TestMethod codeBase="C:/Users/SuprDewd/Desktop/Projects/Forritun/SharpBag/SharpBag.Tests01/bin/Release/SharpBag.Tests.DLL" adapterTypeName="Microsoft.VisualStudio.TestTools.TestTypes.Unit.UnitTestAdapter, Microsoft.VisualStudio.QualityTools.Tips.UnitTest.Adapter, Version=10.0.0.0, Culture=neutral, PublicKeyToken=b03f5f7f11d50a3a" className="SharpBag.ExtensionsTest, SharpBag.Tests, Version=0.0.0.0, Culture=neutral, PublicKeyToken=null" name="Iter96003" />
    </UnitTest>
    <UnitTest name="TimesThrowsContractException662" storage="c:\users\suprdewd\desktop\projects\forritun\sharpbag\sharpbag.tests01\bin\release\sharpbag.tests.dll" id="90427aa6-8cf4-b956-2b3f-9546b7107ae7">
      <Execution id="d05833c8-5393-477d-8476-6ec167105cd9" />
      <TestMethod codeBase="C:/Users/SuprDewd/Desktop/Projects/Forritun/SharpBag/SharpBag.Tests01/bin/Release/SharpBag.Tests.DLL" adapterTypeName="Microsoft.VisualStudio.TestTools.TestTypes.Unit.UnitTestAdapter, Microsoft.VisualStudio.QualityTools.Tips.UnitTest.Adapter, Version=10.0.0.0, Culture=neutral, PublicKeyToken=b03f5f7f11d50a3a" className="SharpBag.ExtensionsTest, SharpBag.Tests, Version=0.0.0.0, Culture=neutral, PublicKeyToken=null" name="TimesThrowsContractException662" />
    </UnitTest>
    <UnitTest name="IsIn0134" storage="c:\users\suprdewd\desktop\projects\forritun\sharpbag\sharpbag.tests01\bin\release\sharpbag.tests.dll" id="20789601-3bb2-517f-9c07-8755507d968d">
      <Execution id="799db0ef-24c9-4e08-984b-888b9d3f9177" />
      <TestMethod codeBase="C:/Users/SuprDewd/Desktop/Projects/Forritun/SharpBag/SharpBag.Tests01/bin/Release/SharpBag.Tests.DLL" adapterTypeName="Microsoft.VisualStudio.TestTools.TestTypes.Unit.UnitTestAdapter, Microsoft.VisualStudio.QualityTools.Tips.UnitTest.Adapter, Version=10.0.0.0, Culture=neutral, PublicKeyToken=b03f5f7f11d50a3a" className="SharpBag.ExtensionsTest, SharpBag.Tests, Version=0.0.0.0, Culture=neutral, PublicKeyToken=null" name="IsIn0134" />
    </UnitTest>
    <UnitTest name="IfNotNull01ThrowsContractException561" storage="c:\users\suprdewd\desktop\projects\forritun\sharpbag\sharpbag.tests01\bin\release\sharpbag.tests.dll" id="21cd2d7c-c714-efa2-4c1d-abe7711f0f8f">
      <Execution id="c6c8e3dd-6a23-49db-8f88-3a69b9590e2c" />
      <TestMethod codeBase="C:/Users/SuprDewd/Desktop/Projects/Forritun/SharpBag/SharpBag.Tests01/bin/Release/SharpBag.Tests.DLL" adapterTypeName="Microsoft.VisualStudio.TestTools.TestTypes.Unit.UnitTestAdapter, Microsoft.VisualStudio.QualityTools.Tips.UnitTest.Adapter, Version=10.0.0.0, Culture=neutral, PublicKeyToken=b03f5f7f11d50a3a" className="SharpBag.ExtensionsTest, SharpBag.Tests, Version=0.0.0.0, Culture=neutral, PublicKeyToken=null" name="IfNotNull01ThrowsContractException561" />
    </UnitTest>
    <UnitTest name="ForEach90804" storage="c:\users\suprdewd\desktop\projects\forritun\sharpbag\sharpbag.tests01\bin\release\sharpbag.tests.dll" id="116e53ad-53cc-1f8c-5eeb-a61eba3cd5e8">
      <Execution id="229fafc8-cadf-4c51-9141-e0d2908ea6cb" />
      <TestMethod codeBase="C:/Users/SuprDewd/Desktop/Projects/Forritun/SharpBag/SharpBag.Tests01/bin/Release/SharpBag.Tests.DLL" adapterTypeName="Microsoft.VisualStudio.TestTools.TestTypes.Unit.UnitTestAdapter, Microsoft.VisualStudio.QualityTools.Tips.UnitTest.Adapter, Version=10.0.0.0, Culture=neutral, PublicKeyToken=b03f5f7f11d50a3a" className="SharpBag.ExtensionsTest, SharpBag.Tests, Version=0.0.0.0, Culture=neutral, PublicKeyToken=null" name="ForEach90804" />
    </UnitTest>
    <UnitTest name="IfNotNull0192304" storage="c:\users\suprdewd\desktop\projects\forritun\sharpbag\sharpbag.tests01\bin\release\sharpbag.tests.dll" id="e89c0529-2532-190e-5936-91edd9263fb1">
      <Execution id="e977f709-4744-4ff4-80f2-6f7b727fd4b4" />
      <TestMethod codeBase="C:/Users/SuprDewd/Desktop/Projects/Forritun/SharpBag/SharpBag.Tests01/bin/Release/SharpBag.Tests.DLL" adapterTypeName="Microsoft.VisualStudio.TestTools.TestTypes.Unit.UnitTestAdapter, Microsoft.VisualStudio.QualityTools.Tips.UnitTest.Adapter, Version=10.0.0.0, Culture=neutral, PublicKeyToken=b03f5f7f11d50a3a" className="SharpBag.ExtensionsTest, SharpBag.Tests, Version=0.0.0.0, Culture=neutral, PublicKeyToken=null" name="IfNotNull0192304" />
    </UnitTest>
    <UnitTest name="AsEnumerable56001" storage="c:\users\suprdewd\desktop\projects\forritun\sharpbag\sharpbag.tests01\bin\release\sharpbag.tests.dll" id="583a3c4e-73f0-f6e0-0816-cbe45229841d">
      <Execution id="70676a16-1a0a-41a1-892c-051e3057bc30" />
      <TestMethod codeBase="C:/Users/SuprDewd/Desktop/Projects/Forritun/SharpBag/SharpBag.Tests01/bin/Release/SharpBag.Tests.DLL" adapterTypeName="Microsoft.VisualStudio.TestTools.TestTypes.Unit.UnitTestAdapter, Microsoft.VisualStudio.QualityTools.Tips.UnitTest.Adapter, Version=10.0.0.0, Culture=neutral, PublicKeyToken=b03f5f7f11d50a3a" className="SharpBag.ExtensionsTest, SharpBag.Tests, Version=0.0.0.0, Culture=neutral, PublicKeyToken=null" name="AsEnumerable56001" />
    </UnitTest>
    <UnitTest name="IfNotNull17304" storage="c:\users\suprdewd\desktop\projects\forritun\sharpbag\sharpbag.tests01\bin\release\sharpbag.tests.dll" id="5d4547ce-a6eb-4a5d-11b5-fd4fb3f2b4c4">
      <Execution id="04cfc46d-f8aa-4b6d-8fc4-2279e2842e5e" />
      <TestMethod codeBase="C:/Users/SuprDewd/Desktop/Projects/Forritun/SharpBag/SharpBag.Tests01/bin/Release/SharpBag.Tests.DLL" adapterTypeName="Microsoft.VisualStudio.TestTools.TestTypes.Unit.UnitTestAdapter, Microsoft.VisualStudio.QualityTools.Tips.UnitTest.Adapter, Version=10.0.0.0, Culture=neutral, PublicKeyToken=b03f5f7f11d50a3a" className="SharpBag.ExtensionsTest, SharpBag.Tests, Version=0.0.0.0, Culture=neutral, PublicKeyToken=null" name="IfNotNull17304" />
    </UnitTest>
    <UnitTest name="Iter96002" storage="c:\users\suprdewd\desktop\projects\forritun\sharpbag\sharpbag.tests01\bin\release\sharpbag.tests.dll" id="33d00c5c-c888-05a3-fa39-c11369cf7bd7">
      <Execution id="2f620d65-7c6c-4faf-8013-236863d0854d" />
      <TestMethod codeBase="C:/Users/SuprDewd/Desktop/Projects/Forritun/SharpBag/SharpBag.Tests01/bin/Release/SharpBag.Tests.DLL" adapterTypeName="Microsoft.VisualStudio.TestTools.TestTypes.Unit.UnitTestAdapter, Microsoft.VisualStudio.QualityTools.Tips.UnitTest.Adapter, Version=10.0.0.0, Culture=neutral, PublicKeyToken=b03f5f7f11d50a3a" className="SharpBag.ExtensionsTest, SharpBag.Tests, Version=0.0.0.0, Culture=neutral, PublicKeyToken=null" name="Iter96002" />
    </UnitTest>
    <UnitTest name="To01ThrowsContractException635" storage="c:\users\suprdewd\desktop\projects\forritun\sharpbag\sharpbag.tests01\bin\release\sharpbag.tests.dll" id="869377b3-dcd6-3fd0-816f-a4a48e30d6c3">
      <Execution id="d7fc57f8-c3c9-442b-90c0-1dd355751125" />
      <TestMethod codeBase="C:/Users/SuprDewd/Desktop/Projects/Forritun/SharpBag/SharpBag.Tests01/bin/Release/SharpBag.Tests.DLL" adapterTypeName="Microsoft.VisualStudio.TestTools.TestTypes.Unit.UnitTestAdapter, Microsoft.VisualStudio.QualityTools.Tips.UnitTest.Adapter, Version=10.0.0.0, Culture=neutral, PublicKeyToken=b03f5f7f11d50a3a" className="SharpBag.ExtensionsTest, SharpBag.Tests, Version=0.0.0.0, Culture=neutral, PublicKeyToken=null" name="To01ThrowsContractException635" />
    </UnitTest>
    <UnitTest name="Fill57101" storage="c:\users\suprdewd\desktop\projects\forritun\sharpbag\sharpbag.tests01\bin\release\sharpbag.tests.dll" id="e860bbd5-6ce1-07c3-fd03-d14cbeda5d8f">
      <Execution id="0458f29c-a7c4-43d7-a16b-028771951200" />
      <TestMethod codeBase="C:/Users/SuprDewd/Desktop/Projects/Forritun/SharpBag/SharpBag.Tests01/bin/Release/SharpBag.Tests.DLL" adapterTypeName="Microsoft.VisualStudio.TestTools.TestTypes.Unit.UnitTestAdapter, Microsoft.VisualStudio.QualityTools.Tips.UnitTest.Adapter, Version=10.0.0.0, Culture=neutral, PublicKeyToken=b03f5f7f11d50a3a" className="SharpBag.ExtensionsTest, SharpBag.Tests, Version=0.0.0.0, Culture=neutral, PublicKeyToken=null" name="Fill57101" />
    </UnitTest>
    <UnitTest name="To46301" storage="c:\users\suprdewd\desktop\projects\forritun\sharpbag\sharpbag.tests01\bin\release\sharpbag.tests.dll" id="f026b4fd-1d5b-6d3d-657e-a3e832a7de61">
      <Execution id="27c265a5-d684-4685-9b04-ab8d2a140aef" />
      <TestMethod codeBase="C:/Users/SuprDewd/Desktop/Projects/Forritun/SharpBag/SharpBag.Tests01/bin/Release/SharpBag.Tests.DLL" adapterTypeName="Microsoft.VisualStudio.TestTools.TestTypes.Unit.UnitTestAdapter, Microsoft.VisualStudio.QualityTools.Tips.UnitTest.Adapter, Version=10.0.0.0, Culture=neutral, PublicKeyToken=b03f5f7f11d50a3a" className="SharpBag.ExtensionsTest, SharpBag.Tests, Version=0.0.0.0, Culture=neutral, PublicKeyToken=null" name="To46301" />
    </UnitTest>
    <UnitTest name="As0132108" storage="c:\users\suprdewd\desktop\projects\forritun\sharpbag\sharpbag.tests01\bin\release\sharpbag.tests.dll" id="e30391ee-1b3b-ee9f-b02c-b47de478c33f">
      <Execution id="abad1935-d648-4e67-b187-a5bac2e160f7" />
      <TestMethod codeBase="C:/Users/SuprDewd/Desktop/Projects/Forritun/SharpBag/SharpBag.Tests01/bin/Release/SharpBag.Tests.DLL" adapterTypeName="Microsoft.VisualStudio.TestTools.TestTypes.Unit.UnitTestAdapter, Microsoft.VisualStudio.QualityTools.Tips.UnitTest.Adapter, Version=10.0.0.0, Culture=neutral, PublicKeyToken=b03f5f7f11d50a3a" className="SharpBag.ExtensionsTest, SharpBag.Tests, Version=0.0.0.0, Culture=neutral, PublicKeyToken=null" name="As0132108" />
    </UnitTest>
    <UnitTest name="ForEachThrowsContractException158" storage="c:\users\suprdewd\desktop\projects\forritun\sharpbag\sharpbag.tests01\bin\release\sharpbag.tests.dll" id="4ef1899b-961d-b074-c653-732880e5589d">
      <Execution id="0a3211c7-cb57-4a56-9da0-4184c0662cad" />
      <TestMethod codeBase="C:/Users/SuprDewd/Desktop/Projects/Forritun/SharpBag/SharpBag.Tests01/bin/Release/SharpBag.Tests.DLL" adapterTypeName="Microsoft.VisualStudio.TestTools.TestTypes.Unit.UnitTestAdapter, Microsoft.VisualStudio.QualityTools.Tips.UnitTest.Adapter, Version=10.0.0.0, Culture=neutral, PublicKeyToken=b03f5f7f11d50a3a" className="SharpBag.ExtensionsTest, SharpBag.Tests, Version=0.0.0.0, Culture=neutral, PublicKeyToken=null" name="ForEachThrowsContractException158" />
    </UnitTest>
    <UnitTest name="Fill0168804" storage="c:\users\suprdewd\desktop\projects\forritun\sharpbag\sharpbag.tests01\bin\release\sharpbag.tests.dll" id="39a24eb5-a45d-f931-6682-86b278494085">
      <Execution id="d3322348-b3c2-4317-bdd3-b7148a56b3f2" />
      <TestMethod codeBase="C:/Users/SuprDewd/Desktop/Projects/Forritun/SharpBag/SharpBag.Tests01/bin/Release/SharpBag.Tests.DLL" adapterTypeName="Microsoft.VisualStudio.TestTools.TestTypes.Unit.UnitTestAdapter, Microsoft.VisualStudio.QualityTools.Tips.UnitTest.Adapter, Version=10.0.0.0, Culture=neutral, PublicKeyToken=b03f5f7f11d50a3a" className="SharpBag.ExtensionsTest, SharpBag.Tests, Version=0.0.0.0, Culture=neutral, PublicKeyToken=null" name="Fill0168804" />
    </UnitTest>
    <UnitTest name="UnionAll02ThrowsContractException903" storage="c:\users\suprdewd\desktop\projects\forritun\sharpbag\sharpbag.tests01\bin\release\sharpbag.tests.dll" id="49b4e1b0-9a60-f1f3-7d8e-e1f63ecc7d50">
      <Execution id="d0b82a46-c0f4-4c69-aaf4-f09345a4c656" />
      <TestMethod codeBase="C:/Users/SuprDewd/Desktop/Projects/Forritun/SharpBag/SharpBag.Tests01/bin/Release/SharpBag.Tests.DLL" adapterTypeName="Microsoft.VisualStudio.TestTools.TestTypes.Unit.UnitTestAdapter, Microsoft.VisualStudio.QualityTools.Tips.UnitTest.Adapter, Version=10.0.0.0, Culture=neutral, PublicKeyToken=b03f5f7f11d50a3a" className="SharpBag.ExtensionsTest, SharpBag.Tests, Version=0.0.0.0, Culture=neutral, PublicKeyToken=null" name="UnionAll02ThrowsContractException903" />
    </UnitTest>
    <UnitTest name="As21518" storage="c:\users\suprdewd\desktop\projects\forritun\sharpbag\sharpbag.tests01\bin\release\sharpbag.tests.dll" id="1cdb2f2c-09f6-d6d8-6d16-a0ea90824aba">
      <Execution id="bc2d55ad-4ff0-4a65-a1c6-f56eb74a25af" />
      <TestMethod codeBase="C:/Users/SuprDewd/Desktop/Projects/Forritun/SharpBag/SharpBag.Tests01/bin/Release/SharpBag.Tests.DLL" adapterTypeName="Microsoft.VisualStudio.TestTools.TestTypes.Unit.UnitTestAdapter, Microsoft.VisualStudio.QualityTools.Tips.UnitTest.Adapter, Version=10.0.0.0, Culture=neutral, PublicKeyToken=b03f5f7f11d50a3a" className="SharpBag.ExtensionsTest, SharpBag.Tests, Version=0.0.0.0, Culture=neutral, PublicKeyToken=null" name="As21518" />
    </UnitTest>
    <UnitTest name="As0163228" storage="c:\users\suprdewd\desktop\projects\forritun\sharpbag\sharpbag.tests01\bin\release\sharpbag.tests.dll" id="25e137bf-b11b-a709-2200-80de04831d5b">
      <Execution id="233ee94e-a731-4054-9cab-e7b710a53758" />
      <TestMethod codeBase="C:/Users/SuprDewd/Desktop/Projects/Forritun/SharpBag/SharpBag.Tests01/bin/Release/SharpBag.Tests.DLL" adapterTypeName="Microsoft.VisualStudio.TestTools.TestTypes.Unit.UnitTestAdapter, Microsoft.VisualStudio.QualityTools.Tips.UnitTest.Adapter, Version=10.0.0.0, Culture=neutral, PublicKeyToken=b03f5f7f11d50a3a" className="SharpBag.ExtensionsTest, SharpBag.Tests, Version=0.0.0.0, Culture=neutral, PublicKeyToken=null" name="As0163228" />
    </UnitTest>
    <UnitTest name="Fill0110504" storage="c:\users\suprdewd\desktop\projects\forritun\sharpbag\sharpbag.tests01\bin\release\sharpbag.tests.dll" id="1c5ab376-6152-4272-31e3-55dc91a07a86">
      <Execution id="79c8c47c-f95f-462a-8f56-b5aafd3d5faa" />
      <TestMethod codeBase="C:/Users/SuprDewd/Desktop/Projects/Forritun/SharpBag/SharpBag.Tests01/bin/Release/SharpBag.Tests.DLL" adapterTypeName="Microsoft.VisualStudio.TestTools.TestTypes.Unit.UnitTestAdapter, Microsoft.VisualStudio.QualityTools.Tips.UnitTest.Adapter, Version=10.0.0.0, Culture=neutral, PublicKeyToken=b03f5f7f11d50a3a" className="SharpBag.ExtensionsTest, SharpBag.Tests, Version=0.0.0.0, Culture=neutral, PublicKeyToken=null" name="Fill0110504" />
    </UnitTest>
    <UnitTest name="As0163230" storage="c:\users\suprdewd\desktop\projects\forritun\sharpbag\sharpbag.tests01\bin\release\sharpbag.tests.dll" id="eaed8830-28b9-0d81-19c8-50909473733c">
      <Execution id="b9de2515-be19-4019-8abb-b44e25a846bb" />
      <TestMethod codeBase="C:/Users/SuprDewd/Desktop/Projects/Forritun/SharpBag/SharpBag.Tests01/bin/Release/SharpBag.Tests.DLL" adapterTypeName="Microsoft.VisualStudio.TestTools.TestTypes.Unit.UnitTestAdapter, Microsoft.VisualStudio.QualityTools.Tips.UnitTest.Adapter, Version=10.0.0.0, Culture=neutral, PublicKeyToken=b03f5f7f11d50a3a" className="SharpBag.ExtensionsTest, SharpBag.Tests, Version=0.0.0.0, Culture=neutral, PublicKeyToken=null" name="As0163230" />
    </UnitTest>
    <UnitTest name="IfNotNull47704" storage="c:\users\suprdewd\desktop\projects\forritun\sharpbag\sharpbag.tests01\bin\release\sharpbag.tests.dll" id="1b50a732-77b4-82a3-8153-f8dad0640018">
      <Execution id="90311a8b-6a48-4566-bddf-9ed98586a33e" />
      <TestMethod codeBase="C:/Users/SuprDewd/Desktop/Projects/Forritun/SharpBag/SharpBag.Tests01/bin/Release/SharpBag.Tests.DLL" adapterTypeName="Microsoft.VisualStudio.TestTools.TestTypes.Unit.UnitTestAdapter, Microsoft.VisualStudio.QualityTools.Tips.UnitTest.Adapter, Version=10.0.0.0, Culture=neutral, PublicKeyToken=b03f5f7f11d50a3a" className="SharpBag.ExtensionsTest, SharpBag.Tests, Version=0.0.0.0, Culture=neutral, PublicKeyToken=null" name="IfNotNull47704" />
    </UnitTest>
    <UnitTest name="Add60903" storage="c:\users\suprdewd\desktop\projects\forritun\sharpbag\sharpbag.tests01\bin\release\sharpbag.tests.dll" id="f4a16930-7fb5-1364-b2bb-1dffeb9040de">
      <Execution id="244443a7-93e0-4bbf-a6ec-855af7f7d822" />
      <TestMethod codeBase="C:/Users/SuprDewd/Desktop/Projects/Forritun/SharpBag/SharpBag.Tests01/bin/Release/SharpBag.Tests.DLL" adapterTypeName="Microsoft.VisualStudio.TestTools.TestTypes.Unit.UnitTestAdapter, Microsoft.VisualStudio.QualityTools.Tips.UnitTest.Adapter, Version=10.0.0.0, Culture=neutral, PublicKeyToken=b03f5f7f11d50a3a" className="SharpBag.ExtensionsTest, SharpBag.Tests, Version=0.0.0.0, Culture=neutral, PublicKeyToken=null" name="Add60903" />
    </UnitTest>
    <UnitTest name="As01402" storage="c:\users\suprdewd\desktop\projects\forritun\sharpbag\sharpbag.tests01\bin\release\sharpbag.tests.dll" id="7ba074f7-37b4-86ab-f897-639c59c7afb2">
      <Execution id="172e4f01-8ab8-4c7a-a847-2e199052d56d" />
      <TestMethod codeBase="C:/Users/SuprDewd/Desktop/Projects/Forritun/SharpBag/SharpBag.Tests01/bin/Release/SharpBag.Tests.DLL" adapterTypeName="Microsoft.VisualStudio.TestTools.TestTypes.Unit.UnitTestAdapter, Microsoft.VisualStudio.QualityTools.Tips.UnitTest.Adapter, Version=10.0.0.0, Culture=neutral, PublicKeyToken=b03f5f7f11d50a3a" className="SharpBag.ExtensionsTest, SharpBag.Tests, Version=0.0.0.0, Culture=neutral, PublicKeyToken=null" name="As01402" />
    </UnitTest>
    <UnitTest name="IfNotNull47703" storage="c:\users\suprdewd\desktop\projects\forritun\sharpbag\sharpbag.tests01\bin\release\sharpbag.tests.dll" id="d8af0a27-8cd9-d036-917e-00672cd2689b">
      <Execution id="d526a37d-213e-454e-b265-971abc7a5708" />
      <TestMethod codeBase="C:/Users/SuprDewd/Desktop/Projects/Forritun/SharpBag/SharpBag.Tests01/bin/Release/SharpBag.Tests.DLL" adapterTypeName="Microsoft.VisualStudio.TestTools.TestTypes.Unit.UnitTestAdapter, Microsoft.VisualStudio.QualityTools.Tips.UnitTest.Adapter, Version=10.0.0.0, Culture=neutral, PublicKeyToken=b03f5f7f11d50a3a" className="SharpBag.ExtensionsTest, SharpBag.Tests, Version=0.0.0.0, Culture=neutral, PublicKeyToken=null" name="IfNotNull47703" />
    </UnitTest>
    <UnitTest name="IfNotNull17303" storage="c:\users\suprdewd\desktop\projects\forritun\sharpbag\sharpbag.tests01\bin\release\sharpbag.tests.dll" id="d75bbbff-3e3e-ac68-2b4f-48cfb14f2d0a">
      <Execution id="4eed5cd6-df4c-4d35-b4ef-b0b102cc1199" />
      <TestMethod codeBase="C:/Users/SuprDewd/Desktop/Projects/Forritun/SharpBag/SharpBag.Tests01/bin/Release/SharpBag.Tests.DLL" adapterTypeName="Microsoft.VisualStudio.TestTools.TestTypes.Unit.UnitTestAdapter, Microsoft.VisualStudio.QualityTools.Tips.UnitTest.Adapter, Version=10.0.0.0, Culture=neutral, PublicKeyToken=b03f5f7f11d50a3a" className="SharpBag.ExtensionsTest, SharpBag.Tests, Version=0.0.0.0, Culture=neutral, PublicKeyToken=null" name="IfNotNull17303" />
    </UnitTest>
    <UnitTest name="As0136703" storage="c:\users\suprdewd\desktop\projects\forritun\sharpbag\sharpbag.tests01\bin\release\sharpbag.tests.dll" id="e80fc0c4-2914-56fc-191b-489f27774cbc">
      <Execution id="9447a67b-8715-4ff2-ac84-09d41f9b0e0a" />
      <TestMethod codeBase="C:/Users/SuprDewd/Desktop/Projects/Forritun/SharpBag/SharpBag.Tests01/bin/Release/SharpBag.Tests.DLL" adapterTypeName="Microsoft.VisualStudio.TestTools.TestTypes.Unit.UnitTestAdapter, Microsoft.VisualStudio.QualityTools.Tips.UnitTest.Adapter, Version=10.0.0.0, Culture=neutral, PublicKeyToken=b03f5f7f11d50a3a" className="SharpBag.ExtensionsTest, SharpBag.Tests, Version=0.0.0.0, Culture=neutral, PublicKeyToken=null" name="As0136703" />
    </UnitTest>
    <UnitTest name="Fill0157104" storage="c:\users\suprdewd\desktop\projects\forritun\sharpbag\sharpbag.tests01\bin\release\sharpbag.tests.dll" id="d5027f5f-1da1-2a25-97cf-1e7da6a062b5">
      <Execution id="59f7fda6-3b32-4819-9969-e8a7ab745e13" />
      <TestMethod codeBase="C:/Users/SuprDewd/Desktop/Projects/Forritun/SharpBag/SharpBag.Tests01/bin/Release/SharpBag.Tests.DLL" adapterTypeName="Microsoft.VisualStudio.TestTools.TestTypes.Unit.UnitTestAdapter, Microsoft.VisualStudio.QualityTools.Tips.UnitTest.Adapter, Version=10.0.0.0, Culture=neutral, PublicKeyToken=b03f5f7f11d50a3a" className="SharpBag.ExtensionsTest, SharpBag.Tests, Version=0.0.0.0, Culture=neutral, PublicKeyToken=null" name="Fill0157104" />
    </UnitTest>
    <UnitTest name="As0166401" storage="c:\users\suprdewd\desktop\projects\forritun\sharpbag\sharpbag.tests01\bin\release\sharpbag.tests.dll" id="2b6a1fd0-ad89-86fe-c32f-c850f3486570">
      <Execution id="b1aa2203-f354-444f-acec-bcb9e3b43a19" />
      <TestMethod codeBase="C:/Users/SuprDewd/Desktop/Projects/Forritun/SharpBag/SharpBag.Tests01/bin/Release/SharpBag.Tests.DLL" adapterTypeName="Microsoft.VisualStudio.TestTools.TestTypes.Unit.UnitTestAdapter, Microsoft.VisualStudio.QualityTools.Tips.UnitTest.Adapter, Version=10.0.0.0, Culture=neutral, PublicKeyToken=b03f5f7f11d50a3a" className="SharpBag.ExtensionsTest, SharpBag.Tests, Version=0.0.0.0, Culture=neutral, PublicKeyToken=null" name="As0166401" />
    </UnitTest>
    <UnitTest name="TakeEveryThrowsContractException265" storage="c:\users\suprdewd\desktop\projects\forritun\sharpbag\sharpbag.tests01\bin\release\sharpbag.tests.dll" id="1614cc64-5cbc-b082-cb61-089f874d65b1">
      <Execution id="d31d1a49-99ce-4c6c-9312-ae1df07b58b0" />
      <TestMethod codeBase="C:/Users/SuprDewd/Desktop/Projects/Forritun/SharpBag/SharpBag.Tests01/bin/Release/SharpBag.Tests.DLL" adapterTypeName="Microsoft.VisualStudio.TestTools.TestTypes.Unit.UnitTestAdapter, Microsoft.VisualStudio.QualityTools.Tips.UnitTest.Adapter, Version=10.0.0.0, Culture=neutral, PublicKeyToken=b03f5f7f11d50a3a" className="SharpBag.ExtensionsTest, SharpBag.Tests, Version=0.0.0.0, Culture=neutral, PublicKeyToken=null" name="TakeEveryThrowsContractException265" />
    </UnitTest>
    <UnitTest name="Fill0168803" storage="c:\users\suprdewd\desktop\projects\forritun\sharpbag\sharpbag.tests01\bin\release\sharpbag.tests.dll" id="70ecef07-25d9-9298-9faa-26825e270b46">
      <Execution id="a4fc4fc7-a3bb-4272-9b05-43631e8b4c75" />
      <TestMethod codeBase="C:/Users/SuprDewd/Desktop/Projects/Forritun/SharpBag/SharpBag.Tests01/bin/Release/SharpBag.Tests.DLL" adapterTypeName="Microsoft.VisualStudio.TestTools.TestTypes.Unit.UnitTestAdapter, Microsoft.VisualStudio.QualityTools.Tips.UnitTest.Adapter, Version=10.0.0.0, Culture=neutral, PublicKeyToken=b03f5f7f11d50a3a" className="SharpBag.ExtensionsTest, SharpBag.Tests, Version=0.0.0.0, Culture=neutral, PublicKeyToken=null" name="Fill0168803" />
    </UnitTest>
    <UnitTest name="As0166403" storage="c:\users\suprdewd\desktop\projects\forritun\sharpbag\sharpbag.tests01\bin\release\sharpbag.tests.dll" id="4c1abec7-91f0-7672-2e0f-302cf26fbd1a">
      <Execution id="94d306aa-c13f-416b-b09f-ca00193e341e" />
      <TestMethod codeBase="C:/Users/SuprDewd/Desktop/Projects/Forritun/SharpBag/SharpBag.Tests01/bin/Release/SharpBag.Tests.DLL" adapterTypeName="Microsoft.VisualStudio.TestTools.TestTypes.Unit.UnitTestAdapter, Microsoft.VisualStudio.QualityTools.Tips.UnitTest.Adapter, Version=10.0.0.0, Culture=neutral, PublicKeyToken=b03f5f7f11d50a3a" className="SharpBag.ExtensionsTest, SharpBag.Tests, Version=0.0.0.0, Culture=neutral, PublicKeyToken=null" name="As0166403" />
    </UnitTest>
    <UnitTest name="ForEach78803" storage="c:\users\suprdewd\desktop\projects\forritun\sharpbag\sharpbag.tests01\bin\release\sharpbag.tests.dll" id="71153c10-625e-eee7-0105-ad1f18f9fb72">
      <Execution id="eb1ed431-77a0-4246-acb6-e480c427f782" />
      <TestMethod codeBase="C:/Users/SuprDewd/Desktop/Projects/Forritun/SharpBag/SharpBag.Tests01/bin/Release/SharpBag.Tests.DLL" adapterTypeName="Microsoft.VisualStudio.TestTools.TestTypes.Unit.UnitTestAdapter, Microsoft.VisualStudio.QualityTools.Tips.UnitTest.Adapter, Version=10.0.0.0, Culture=neutral, PublicKeyToken=b03f5f7f11d50a3a" className="SharpBag.ExtensionsTest, SharpBag.Tests, Version=0.0.0.0, Culture=neutral, PublicKeyToken=null" name="ForEach78803" />
    </UnitTest>
    <UnitTest name="As568" storage="c:\users\suprdewd\desktop\projects\forritun\sharpbag\sharpbag.tests01\bin\release\sharpbag.tests.dll" id="8dec4c0d-9137-8bca-e823-6edddad67b2a">
      <Execution id="043ffad3-b8e4-4386-b311-f889cf68e7c6" />
      <TestMethod codeBase="C:/Users/SuprDewd/Desktop/Projects/Forritun/SharpBag/SharpBag.Tests01/bin/Release/SharpBag.Tests.DLL" adapterTypeName="Microsoft.VisualStudio.TestTools.TestTypes.Unit.UnitTestAdapter, Microsoft.VisualStudio.QualityTools.Tips.UnitTest.Adapter, Version=10.0.0.0, Culture=neutral, PublicKeyToken=b03f5f7f11d50a3a" className="SharpBag.ExtensionsTest, SharpBag.Tests, Version=0.0.0.0, Culture=neutral, PublicKeyToken=null" name="As568" />
    </UnitTest>
    <UnitTest name="Execute93301" storage="c:\users\suprdewd\desktop\projects\forritun\sharpbag\sharpbag.tests01\bin\release\sharpbag.tests.dll" id="fd09b993-a9b4-e74b-ac25-fcabec687112">
      <Execution id="7354fd07-ab43-402d-926f-b8f09f32a444" />
      <TestMethod codeBase="C:/Users/SuprDewd/Desktop/Projects/Forritun/SharpBag/SharpBag.Tests01/bin/Release/SharpBag.Tests.DLL" adapterTypeName="Microsoft.VisualStudio.TestTools.TestTypes.Unit.UnitTestAdapter, Microsoft.VisualStudio.QualityTools.Tips.UnitTest.Adapter, Version=10.0.0.0, Culture=neutral, PublicKeyToken=b03f5f7f11d50a3a" className="SharpBag.ExtensionsTest, SharpBag.Tests, Version=0.0.0.0, Culture=neutral, PublicKeyToken=null" name="Execute93301" />
    </UnitTest>
    <UnitTest name="CastAs434" storage="c:\users\suprdewd\desktop\projects\forritun\sharpbag\sharpbag.tests01\bin\release\sharpbag.tests.dll" id="17cbf434-78e7-42a5-6758-242cc94ac703">
      <Execution id="6b1285a3-c4cd-4603-9956-d0020a77f84d" />
      <TestMethod codeBase="C:/Users/SuprDewd/Desktop/Projects/Forritun/SharpBag/SharpBag.Tests01/bin/Release/SharpBag.Tests.DLL" adapterTypeName="Microsoft.VisualStudio.TestTools.TestTypes.Unit.UnitTestAdapter, Microsoft.VisualStudio.QualityTools.Tips.UnitTest.Adapter, Version=10.0.0.0, Culture=neutral, PublicKeyToken=b03f5f7f11d50a3a" className="SharpBag.ExtensionsTest, SharpBag.Tests, Version=0.0.0.0, Culture=neutral, PublicKeyToken=null" name="CastAs434" />
    </UnitTest>
    <UnitTest name="NullOr71402" storage="c:\users\suprdewd\desktop\projects\forritun\sharpbag\sharpbag.tests01\bin\release\sharpbag.tests.dll" id="56fc1a57-6e5c-088b-8f95-88d9f697c097">
      <Execution id="571dd90d-6cea-44d3-92d9-c573928c857d" />
      <TestMethod codeBase="C:/Users/SuprDewd/Desktop/Projects/Forritun/SharpBag/SharpBag.Tests01/bin/Release/SharpBag.Tests.DLL" adapterTypeName="Microsoft.VisualStudio.TestTools.TestTypes.Unit.UnitTestAdapter, Microsoft.VisualStudio.QualityTools.Tips.UnitTest.Adapter, Version=10.0.0.0, Culture=neutral, PublicKeyToken=b03f5f7f11d50a3a" className="SharpBag.ExtensionsTest, SharpBag.Tests, Version=0.0.0.0, Culture=neutral, PublicKeyToken=null" name="NullOr71402" />
    </UnitTest>
    <UnitTest name="As0163222" storage="c:\users\suprdewd\desktop\projects\forritun\sharpbag\sharpbag.tests01\bin\release\sharpbag.tests.dll" id="473a2b39-cb44-1d62-3c12-9fd92e3b377f">
      <Execution id="a9d6505f-10cc-41f7-a468-378723496406" />
      <TestMethod codeBase="C:/Users/SuprDewd/Desktop/Projects/Forritun/SharpBag/SharpBag.Tests01/bin/Release/SharpBag.Tests.DLL" adapterTypeName="Microsoft.VisualStudio.TestTools.TestTypes.Unit.UnitTestAdapter, Microsoft.VisualStudio.QualityTools.Tips.UnitTest.Adapter, Version=10.0.0.0, Culture=neutral, PublicKeyToken=b03f5f7f11d50a3a" className="SharpBag.ExtensionsTest, SharpBag.Tests, Version=0.0.0.0, Culture=neutral, PublicKeyToken=null" name="As0163222" />
    </UnitTest>
    <UnitTest name="As0163234" storage="c:\users\suprdewd\desktop\projects\forritun\sharpbag\sharpbag.tests01\bin\release\sharpbag.tests.dll" id="d0140d76-78ce-58b3-2274-c95b28b0ccfb">
      <Execution id="ba4edc89-c09e-40ef-9b12-b42783b3de54" />
      <TestMethod codeBase="C:/Users/SuprDewd/Desktop/Projects/Forritun/SharpBag/SharpBag.Tests01/bin/Release/SharpBag.Tests.DLL" adapterTypeName="Microsoft.VisualStudio.TestTools.TestTypes.Unit.UnitTestAdapter, Microsoft.VisualStudio.QualityTools.Tips.UnitTest.Adapter, Version=10.0.0.0, Culture=neutral, PublicKeyToken=b03f5f7f11d50a3a" className="SharpBag.ExtensionsTest, SharpBag.Tests, Version=0.0.0.0, Culture=neutral, PublicKeyToken=null" name="As0163234" />
    </UnitTest>
    <UnitTest name="As0198303" storage="c:\users\suprdewd\desktop\projects\forritun\sharpbag\sharpbag.tests01\bin\release\sharpbag.tests.dll" id="d56f2fbf-3f3e-cba1-4f8d-7b34cec35b0a">
      <Execution id="9d0078f4-9650-490e-bb79-e13c965d410b" />
      <TestMethod codeBase="C:/Users/SuprDewd/Desktop/Projects/Forritun/SharpBag/SharpBag.Tests01/bin/Release/SharpBag.Tests.DLL" adapterTypeName="Microsoft.VisualStudio.TestTools.TestTypes.Unit.UnitTestAdapter, Microsoft.VisualStudio.QualityTools.Tips.UnitTest.Adapter, Version=10.0.0.0, Culture=neutral, PublicKeyToken=b03f5f7f11d50a3a" className="SharpBag.ExtensionsTest, SharpBag.Tests, Version=0.0.0.0, Culture=neutral, PublicKeyToken=null" name="As0198303" />
    </UnitTest>
    <UnitTest name="TakeEveryThrowsContractException998" storage="c:\users\suprdewd\desktop\projects\forritun\sharpbag\sharpbag.tests01\bin\release\sharpbag.tests.dll" id="c35eb805-49e5-7d06-b69d-ba684aaa6791">
      <Execution id="4e5893b6-0888-479f-af2c-1a351d203977" />
      <TestMethod codeBase="C:/Users/SuprDewd/Desktop/Projects/Forritun/SharpBag/SharpBag.Tests01/bin/Release/SharpBag.Tests.DLL" adapterTypeName="Microsoft.VisualStudio.TestTools.TestTypes.Unit.UnitTestAdapter, Microsoft.VisualStudio.QualityTools.Tips.UnitTest.Adapter, Version=10.0.0.0, Culture=neutral, PublicKeyToken=b03f5f7f11d50a3a" className="SharpBag.ExtensionsTest, SharpBag.Tests, Version=0.0.0.0, Culture=neutral, PublicKeyToken=null" name="TakeEveryThrowsContractException998" />
    </UnitTest>
    <UnitTest name="ForEach12502" storage="c:\users\suprdewd\desktop\projects\forritun\sharpbag\sharpbag.tests01\bin\release\sharpbag.tests.dll" id="f5f02455-4aef-8763-5044-dc094bc64ba2">
      <Execution id="71a4df18-0ffc-46bc-8911-98003837f91d" />
      <TestMethod codeBase="C:/Users/SuprDewd/Desktop/Projects/Forritun/SharpBag/SharpBag.Tests01/bin/Release/SharpBag.Tests.DLL" adapterTypeName="Microsoft.VisualStudio.TestTools.TestTypes.Unit.UnitTestAdapter, Microsoft.VisualStudio.QualityTools.Tips.UnitTest.Adapter, Version=10.0.0.0, Culture=neutral, PublicKeyToken=b03f5f7f11d50a3a" className="SharpBag.ExtensionsTest, SharpBag.Tests, Version=0.0.0.0, Culture=neutral, PublicKeyToken=null" name="ForEach12502" />
    </UnitTest>
    <UnitTest name="Add29603" storage="c:\users\suprdewd\desktop\projects\forritun\sharpbag\sharpbag.tests01\bin\release\sharpbag.tests.dll" id="b74830d0-a6ce-14b6-0d35-7c2e849267f3">
      <Execution id="52bec9f1-3bc3-4b7d-804f-867d3d278a7a" />
      <TestMethod codeBase="C:/Users/SuprDewd/Desktop/Projects/Forritun/SharpBag/SharpBag.Tests01/bin/Release/SharpBag.Tests.DLL" adapterTypeName="Microsoft.VisualStudio.TestTools.TestTypes.Unit.UnitTestAdapter, Microsoft.VisualStudio.QualityTools.Tips.UnitTest.Adapter, Version=10.0.0.0, Culture=neutral, PublicKeyToken=b03f5f7f11d50a3a" className="SharpBag.ExtensionsTest, SharpBag.Tests, Version=0.0.0.0, Culture=neutral, PublicKeyToken=null" name="Add29603" />
    </UnitTest>
    <UnitTest name="As0163210" storage="c:\users\suprdewd\desktop\projects\forritun\sharpbag\sharpbag.tests01\bin\release\sharpbag.tests.dll" id="ab4705e8-14a4-6e9f-baf9-e3d238e84cf8">
      <Execution id="f3578b2b-b35f-4ad3-a215-aa5c571cc851" />
      <TestMethod codeBase="C:/Users/SuprDewd/Desktop/Projects/Forritun/SharpBag/SharpBag.Tests01/bin/Release/SharpBag.Tests.DLL" adapterTypeName="Microsoft.VisualStudio.TestTools.TestTypes.Unit.UnitTestAdapter, Microsoft.VisualStudio.QualityTools.Tips.UnitTest.Adapter, Version=10.0.0.0, Culture=neutral, PublicKeyToken=b03f5f7f11d50a3a" className="SharpBag.ExtensionsTest, SharpBag.Tests, Version=0.0.0.0, Culture=neutral, PublicKeyToken=null" name="As0163210" />
    </UnitTest>
    <UnitTest name="IfNotNull17301" storage="c:\users\suprdewd\desktop\projects\forritun\sharpbag\sharpbag.tests01\bin\release\sharpbag.tests.dll" id="fdc6582f-0eab-5f36-d160-7547a6de5dbb">
      <Execution id="0b4c4b9b-dc40-4ff4-8c04-c225421e1e3e" />
      <TestMethod codeBase="C:/Users/SuprDewd/Desktop/Projects/Forritun/SharpBag/SharpBag.Tests01/bin/Release/SharpBag.Tests.DLL" adapterTypeName="Microsoft.VisualStudio.TestTools.TestTypes.Unit.UnitTestAdapter, Microsoft.VisualStudio.QualityTools.Tips.UnitTest.Adapter, Version=10.0.0.0, Culture=neutral, PublicKeyToken=b03f5f7f11d50a3a" className="SharpBag.ExtensionsTest, SharpBag.Tests, Version=0.0.0.0, Culture=neutral, PublicKeyToken=null" name="IfNotNull17301" />
    </UnitTest>
    <UnitTest name="As76301" storage="c:\users\suprdewd\desktop\projects\forritun\sharpbag\sharpbag.tests01\bin\release\sharpbag.tests.dll" id="14c4d8f7-99c5-9b56-48f1-16bece872cd1">
      <Execution id="02dcefe1-84d6-4e30-af4b-92ac723b14bc" />
      <TestMethod codeBase="C:/Users/SuprDewd/Desktop/Projects/Forritun/SharpBag/SharpBag.Tests01/bin/Release/SharpBag.Tests.DLL" adapterTypeName="Microsoft.VisualStudio.TestTools.TestTypes.Unit.UnitTestAdapter, Microsoft.VisualStudio.QualityTools.Tips.UnitTest.Adapter, Version=10.0.0.0, Culture=neutral, PublicKeyToken=b03f5f7f11d50a3a" className="SharpBag.ExtensionsTest, SharpBag.Tests, Version=0.0.0.0, Culture=neutral, PublicKeyToken=null" name="As76301" />
    </UnitTest>
    <UnitTest name="RandomThrowsContractException824" storage="c:\users\suprdewd\desktop\projects\forritun\sharpbag\sharpbag.tests01\bin\release\sharpbag.tests.dll" id="fce54152-c90c-9cca-2f79-ca939e2fd20d">
      <Execution id="92f16648-a286-4595-90fa-4bdad2af37f3" />
      <TestMethod codeBase="C:/Users/SuprDewd/Desktop/Projects/Forritun/SharpBag/SharpBag.Tests01/bin/Release/SharpBag.Tests.DLL" adapterTypeName="Microsoft.VisualStudio.TestTools.TestTypes.Unit.UnitTestAdapter, Microsoft.VisualStudio.QualityTools.Tips.UnitTest.Adapter, Version=10.0.0.0, Culture=neutral, PublicKeyToken=b03f5f7f11d50a3a" className="SharpBag.ExtensionsTest, SharpBag.Tests, Version=0.0.0.0, Culture=neutral, PublicKeyToken=null" name="RandomThrowsContractException824" />
    </UnitTest>
  </TestDefinitions>
  <TestLists>
    <TestList name="Results Not in a List" id="8c84fa94-04c1-424b-9868-57a2d4851a1d" />
    <TestList name="All Loaded Results" id="19431567-8539-422a-85d7-44ee4e166bda" />
  </TestLists>
  <TestEntries>
    <TestEntry testId="02dbbd81-860f-9e6d-6bf0-d3b21164d681" executionId="6d64cf23-d2a0-4cb8-8832-7b1ef6da5db1" testListId="8c84fa94-04c1-424b-9868-57a2d4851a1d" />
    <TestEntry testId="03c88b26-e4eb-d38e-6683-3ac55f8aeeac" executionId="487ebf59-079e-474b-bc25-818d32b174f3" testListId="8c84fa94-04c1-424b-9868-57a2d4851a1d" />
    <TestEntry testId="04c53adc-df51-85a8-3dcb-278e962fc112" executionId="9dee4325-3a21-4088-a89d-c5a4b9a17be7" testListId="8c84fa94-04c1-424b-9868-57a2d4851a1d" />
    <TestEntry testId="055e48df-0214-9f4b-ed2b-c5a320ca2c7d" executionId="30ff981e-9e63-41df-ab1f-de25321c1fcd" testListId="8c84fa94-04c1-424b-9868-57a2d4851a1d" />
    <TestEntry testId="06d747a6-abc2-c83d-da24-3ee86184f362" executionId="def219b2-3460-4141-ae34-50b60a319b4e" testListId="8c84fa94-04c1-424b-9868-57a2d4851a1d" />
    <TestEntry testId="0860ee19-0524-5919-2b3c-8316527f7933" executionId="4d4369c4-8dd6-46c0-9186-d8029c824b13" testListId="8c84fa94-04c1-424b-9868-57a2d4851a1d" />
    <TestEntry testId="09abec53-bc8a-0db2-1ff6-28ad5ea0f559" executionId="866770b1-d52c-4e39-94c7-57e7145658ef" testListId="8c84fa94-04c1-424b-9868-57a2d4851a1d" />
    <TestEntry testId="0c1112ce-06b8-6d36-f7fb-a3574f6e2065" executionId="76841114-e712-4e9e-b029-41bca39b1bc0" testListId="8c84fa94-04c1-424b-9868-57a2d4851a1d" />
    <TestEntry testId="0c58cf0b-ac72-a134-206f-98daff22c7f5" executionId="afc5d216-99e1-4c76-acce-4a353e963441" testListId="8c84fa94-04c1-424b-9868-57a2d4851a1d" />
    <TestEntry testId="0c6370f1-3a15-0de1-18cb-8da30dd57ee7" executionId="96dbcce9-3fc0-4640-8a48-8721ecef2e86" testListId="8c84fa94-04c1-424b-9868-57a2d4851a1d" />
    <TestEntry testId="0cb477c5-7b02-500d-45eb-bb863b0c13bb" executionId="7f9ad3ce-5871-4758-be15-34b9a4172c51" testListId="8c84fa94-04c1-424b-9868-57a2d4851a1d" />
    <TestEntry testId="0e44207d-1ccf-04c5-6aef-2081653ff131" executionId="509fc0db-2753-4627-b2aa-70f60294cb1c" testListId="8c84fa94-04c1-424b-9868-57a2d4851a1d" />
    <TestEntry testId="0e645c38-e73b-967d-e94f-74a8d38a05b3" executionId="a1aa98cc-cc8f-4d39-80ca-f59b416c05b0" testListId="8c84fa94-04c1-424b-9868-57a2d4851a1d" />
    <TestEntry testId="0e73a463-cb0d-f992-9d84-5941849f04d6" executionId="9f8223ba-cc60-42a3-b74e-ea26b4f500f3" testListId="8c84fa94-04c1-424b-9868-57a2d4851a1d" />
    <TestEntry testId="0e90738b-70d8-2788-4a26-d16c8666f6ca" executionId="38891c1a-e397-4531-8fa4-4ce1ab9207e4" testListId="8c84fa94-04c1-424b-9868-57a2d4851a1d" />
    <TestEntry testId="0f614d48-4580-1835-c34d-314b56fdf70c" executionId="b87284d0-1198-418f-8170-dfc672d281d6" testListId="8c84fa94-04c1-424b-9868-57a2d4851a1d" />
    <TestEntry testId="0f9431a7-c4c3-1aca-912d-ce2c11b0e97d" executionId="65c8e8ec-02c1-4b18-84d9-0742bc3c1f9c" testListId="8c84fa94-04c1-424b-9868-57a2d4851a1d" />
    <TestEntry testId="106b7a63-3c06-2f97-097e-1a5d38b1a1ac" executionId="037c4a01-1bd0-4acf-b070-49db65825b32" testListId="8c84fa94-04c1-424b-9868-57a2d4851a1d" />
    <TestEntry testId="11187b04-c546-bd3e-0bbb-d3f71bff1f4f" executionId="17fc519d-a866-45dc-9229-c694bd2ef3a6" testListId="8c84fa94-04c1-424b-9868-57a2d4851a1d" />
    <TestEntry testId="116bcbca-67a9-cf3b-0614-27721784c6e2" executionId="acdbc58f-1a46-49f8-ae23-fa554e7e3aa8" testListId="8c84fa94-04c1-424b-9868-57a2d4851a1d" />
    <TestEntry testId="116e53ad-53cc-1f8c-5eeb-a61eba3cd5e8" executionId="229fafc8-cadf-4c51-9141-e0d2908ea6cb" testListId="8c84fa94-04c1-424b-9868-57a2d4851a1d" />
    <TestEntry testId="1281f517-45b5-6723-bc3e-71da88a02141" executionId="7a63f754-5a14-4d48-a6a6-635d2b63b25a" testListId="8c84fa94-04c1-424b-9868-57a2d4851a1d" />
    <TestEntry testId="14c4d8f7-99c5-9b56-48f1-16bece872cd1" executionId="02dcefe1-84d6-4e30-af4b-92ac723b14bc" testListId="8c84fa94-04c1-424b-9868-57a2d4851a1d" />
    <TestEntry testId="14e07649-4bb1-965c-d352-f5e6a62d38fd" executionId="b216a5d5-27ba-424a-aa0b-2cb8307a0cb9" testListId="8c84fa94-04c1-424b-9868-57a2d4851a1d" />
    <TestEntry testId="1614cc64-5cbc-b082-cb61-089f874d65b1" executionId="d31d1a49-99ce-4c6c-9312-ae1df07b58b0" testListId="8c84fa94-04c1-424b-9868-57a2d4851a1d" />
    <TestEntry testId="16bc510b-963f-30e5-6517-13389edd4fdc" executionId="3bdcccf8-7277-4ee1-95b1-ff1f236aad7c" testListId="8c84fa94-04c1-424b-9868-57a2d4851a1d" />
    <TestEntry testId="17cbf434-78e7-42a5-6758-242cc94ac703" executionId="6b1285a3-c4cd-4603-9956-d0020a77f84d" testListId="8c84fa94-04c1-424b-9868-57a2d4851a1d" />
    <TestEntry testId="18234ca5-6af0-1355-5140-f92645f28e01" executionId="9e933c6b-4aed-4726-8316-e60c745d6410" testListId="8c84fa94-04c1-424b-9868-57a2d4851a1d" />
    <TestEntry testId="19033310-a8dd-db0b-1dcd-2bf1bef510ca" executionId="31936628-17be-4006-8f40-c1cd9574694b" testListId="8c84fa94-04c1-424b-9868-57a2d4851a1d" />
    <TestEntry testId="1903a639-b5d9-1b4f-9c30-0405b15e8f12" executionId="a7e7dcef-618b-43bf-bdfc-67694e79aeed" testListId="8c84fa94-04c1-424b-9868-57a2d4851a1d" />
    <TestEntry testId="1a1204f8-80dc-63b9-41bb-196d59b5bd9c" executionId="b640d369-2f10-424e-8c18-1c3de838d996" testListId="8c84fa94-04c1-424b-9868-57a2d4851a1d" />
    <TestEntry testId="1a16baca-1870-eb8d-2332-884e5248582b" executionId="5ffe589b-d9dd-47e7-8964-e28a74ed1683" testListId="8c84fa94-04c1-424b-9868-57a2d4851a1d" />
    <TestEntry testId="1a2d7899-6e00-21df-f034-6547a11cae31" executionId="e0683f86-5e3d-40b1-a965-63d88de18876" testListId="8c84fa94-04c1-424b-9868-57a2d4851a1d" />
    <TestEntry testId="1a41ca06-c399-fb41-1b68-4e54f6d9fba0" executionId="16bbbe57-3f73-4497-a514-f6cc645e412a" testListId="8c84fa94-04c1-424b-9868-57a2d4851a1d" />
    <TestEntry testId="1b50a732-77b4-82a3-8153-f8dad0640018" executionId="90311a8b-6a48-4566-bddf-9ed98586a33e" testListId="8c84fa94-04c1-424b-9868-57a2d4851a1d" />
    <TestEntry testId="1b9103d0-5cae-0f4c-09ff-459b405bb125" executionId="6abf7cf9-f77d-45d1-91da-00e7a99aef9b" testListId="8c84fa94-04c1-424b-9868-57a2d4851a1d" />
    <TestEntry testId="1c5ab376-6152-4272-31e3-55dc91a07a86" executionId="79c8c47c-f95f-462a-8f56-b5aafd3d5faa" testListId="8c84fa94-04c1-424b-9868-57a2d4851a1d" />
    <TestEntry testId="1c9baf40-1112-7f41-3f0f-adc161687f04" executionId="19c6be4c-b8a7-4427-a82b-75dd20e11256" testListId="8c84fa94-04c1-424b-9868-57a2d4851a1d" />
    <TestEntry testId="1cb6fca5-5cbd-75cb-cfee-a358b8315906" executionId="3ed7165f-7011-484d-909b-0ac79dfe6fd7" testListId="8c84fa94-04c1-424b-9868-57a2d4851a1d" />
    <TestEntry testId="1cdb2f2c-09f6-d6d8-6d16-a0ea90824aba" executionId="bc2d55ad-4ff0-4a65-a1c6-f56eb74a25af" testListId="8c84fa94-04c1-424b-9868-57a2d4851a1d" />
    <TestEntry testId="1e0ca069-996e-4bc0-6164-74e9ee8107ac" executionId="a1eab516-8cbb-43bf-a329-fc434873494e" testListId="8c84fa94-04c1-424b-9868-57a2d4851a1d" />
    <TestEntry testId="1e811e95-82b3-7182-a1a6-ec99686bab87" executionId="4aa1856c-5ab8-44e2-b3db-6d3915e8938e" testListId="8c84fa94-04c1-424b-9868-57a2d4851a1d" />
    <TestEntry testId="20789601-3bb2-517f-9c07-8755507d968d" executionId="799db0ef-24c9-4e08-984b-888b9d3f9177" testListId="8c84fa94-04c1-424b-9868-57a2d4851a1d" />
    <TestEntry testId="21cd2d7c-c714-efa2-4c1d-abe7711f0f8f" executionId="c6c8e3dd-6a23-49db-8f88-3a69b9590e2c" testListId="8c84fa94-04c1-424b-9868-57a2d4851a1d" />
    <TestEntry testId="2250a8be-6947-1057-ceec-e49c62f651fa" executionId="87b8640f-09a0-488f-a026-84b9a1eb2cf1" testListId="8c84fa94-04c1-424b-9868-57a2d4851a1d" />
    <TestEntry testId="229cca66-aa3f-9557-9307-ec8679e563f6" executionId="f83a8f51-d073-4638-956f-a14f49d445a5" testListId="8c84fa94-04c1-424b-9868-57a2d4851a1d" />
    <TestEntry testId="22b3bc9e-2d91-4747-086b-d415be2c5776" executionId="15ea4001-aa86-4f44-a063-54d910543325" testListId="8c84fa94-04c1-424b-9868-57a2d4851a1d" />
    <TestEntry testId="22fb3f0c-8177-2102-3c97-5cd124eaf953" executionId="8b942ef4-14c8-4825-b9e6-ba87074b182e" testListId="8c84fa94-04c1-424b-9868-57a2d4851a1d" />
    <TestEntry testId="23289518-cff6-51c7-cbca-8f7fc69c7429" executionId="bdd0b907-aaff-478b-ae64-a9f9bdcca266" testListId="8c84fa94-04c1-424b-9868-57a2d4851a1d" />
    <TestEntry testId="236dd585-9363-168d-3729-7ab007ad8692" executionId="237025f2-b1ae-4d93-8007-cdafa8153e9c" testListId="8c84fa94-04c1-424b-9868-57a2d4851a1d" />
    <TestEntry testId="25d5b35a-db1f-e192-1a83-5fbd23003a20" executionId="20217c2f-27bd-4125-b9e1-e8032b004518" testListId="8c84fa94-04c1-424b-9868-57a2d4851a1d" />
    <TestEntry testId="25e137bf-b11b-a709-2200-80de04831d5b" executionId="233ee94e-a731-4054-9cab-e7b710a53758" testListId="8c84fa94-04c1-424b-9868-57a2d4851a1d" />
    <TestEntry testId="2873c42d-778c-9215-3e6d-6d287f7555e3" executionId="e8919fb8-43fe-466e-bc73-52265d07be43" testListId="8c84fa94-04c1-424b-9868-57a2d4851a1d" />
    <TestEntry testId="29095a51-c311-c865-7cf1-7076578258b7" executionId="9e04399e-b264-4d56-97a0-4fa7da27cd1b" testListId="8c84fa94-04c1-424b-9868-57a2d4851a1d" />
    <TestEntry testId="29e140f3-0b7d-028a-f85f-e65d5e7a4460" executionId="40024c03-7d61-4454-9b40-cf631ce8b24b" testListId="8c84fa94-04c1-424b-9868-57a2d4851a1d" />
    <TestEntry testId="2a3bccbe-42e2-9009-af11-20e5efc1eb2e" executionId="253bc205-147e-40c3-a470-f0c3cf9774d5" testListId="8c84fa94-04c1-424b-9868-57a2d4851a1d" />
    <TestEntry testId="2b6a1fd0-ad89-86fe-c32f-c850f3486570" executionId="b1aa2203-f354-444f-acec-bcb9e3b43a19" testListId="8c84fa94-04c1-424b-9868-57a2d4851a1d" />
    <TestEntry testId="2b9734bf-2716-3fbd-907d-b338c9f5816c" executionId="41a71f85-8f7b-4c8e-a14d-0f8cf2a3697d" testListId="8c84fa94-04c1-424b-9868-57a2d4851a1d" />
    <TestEntry testId="2c678190-6575-f47a-afde-b3eb80b1856c" executionId="2ce35867-c53d-4c05-bf16-1e1d7745e8ad" testListId="8c84fa94-04c1-424b-9868-57a2d4851a1d" />
    <TestEntry testId="2cb985a5-30e0-1631-ebdb-14215fcd5267" executionId="cd78c696-c2ac-49b1-9824-1ca547b33831" testListId="8c84fa94-04c1-424b-9868-57a2d4851a1d" />
    <TestEntry testId="2e107be2-e3af-1a8b-fb4b-bdb5534db4b8" executionId="2c6219a6-114b-4e14-bf56-8d5ad62630c6" testListId="8c84fa94-04c1-424b-9868-57a2d4851a1d" />
    <TestEntry testId="2e9abde5-72f2-18f2-ec62-8da36318a8ed" executionId="87d08fda-6419-45b8-9833-bb1d4c9546e7" testListId="8c84fa94-04c1-424b-9868-57a2d4851a1d" />
    <TestEntry testId="2f965438-892b-963f-1d2d-a0dc16402531" executionId="979e7ed4-258f-47df-a313-4009c93b8fa7" testListId="8c84fa94-04c1-424b-9868-57a2d4851a1d" />
    <TestEntry testId="2fd85783-fc83-f96f-d9bf-a6bcc5a252f1" executionId="814118ab-b76d-4b30-82ba-22aa0bc9d431" testListId="8c84fa94-04c1-424b-9868-57a2d4851a1d" />
    <TestEntry testId="2ff335b0-14c8-89c8-7e7b-05ade8625c3d" executionId="ccdce944-4da8-4165-bed3-d61bc58419cc" testListId="8c84fa94-04c1-424b-9868-57a2d4851a1d" />
    <TestEntry testId="2ff38794-ad92-1998-3c20-e3ee775a8969" executionId="fcdf83cc-e53a-4026-b231-a833ce601583" testListId="8c84fa94-04c1-424b-9868-57a2d4851a1d" />
    <TestEntry testId="31751606-0e00-3ddd-298e-e7c2d6c445a2" executionId="e584b449-cdd6-4eab-a741-1149cfbb6dc9" testListId="8c84fa94-04c1-424b-9868-57a2d4851a1d" />
    <TestEntry testId="31a88d64-bb5b-6217-2758-d493dee381b6" executionId="8ffeda87-9e37-4f26-99fb-413a72201190" testListId="8c84fa94-04c1-424b-9868-57a2d4851a1d" />
    <TestEntry testId="31a904fb-b5e5-f95a-175a-584bb2addaff" executionId="6807bb51-6f42-4a90-aa88-29a09d6baca2" testListId="8c84fa94-04c1-424b-9868-57a2d4851a1d" />
    <TestEntry testId="33d00c5c-c888-05a3-fa39-c11369cf7bd7" executionId="2f620d65-7c6c-4faf-8013-236863d0854d" testListId="8c84fa94-04c1-424b-9868-57a2d4851a1d" />
    <TestEntry testId="3403c50d-2a71-9a27-1ea8-652ff438ba45" executionId="b357a241-848b-4123-b830-b83623155436" testListId="8c84fa94-04c1-424b-9868-57a2d4851a1d" />
    <TestEntry testId="34aa3cd1-c558-0302-e5aa-355d37850848" executionId="92c442d6-d2b1-4c8f-9dd6-7d4189893bb8" testListId="8c84fa94-04c1-424b-9868-57a2d4851a1d" />
    <TestEntry testId="36c0ac7a-9f37-b952-7a17-2ad1e9132b69" executionId="282147d7-ceea-4a17-a75f-4ee6365372ca" testListId="8c84fa94-04c1-424b-9868-57a2d4851a1d" />
    <TestEntry testId="37c5e788-97a2-ee7f-c1df-5b64dcc3fb4c" executionId="5eb38b0e-1c4e-43b6-8eed-418132303e81" testListId="8c84fa94-04c1-424b-9868-57a2d4851a1d" />
    <TestEntry testId="382ae704-dd0b-2259-d31c-dfbfb69a1305" executionId="d5c74dea-248b-4b27-abb2-8345c5f0a087" testListId="8c84fa94-04c1-424b-9868-57a2d4851a1d" />
    <TestEntry testId="389db5b6-ab96-a436-4af4-f75359c85bc2" executionId="ba54e4db-73d7-453a-825a-7c83a5dc0cf0" testListId="8c84fa94-04c1-424b-9868-57a2d4851a1d" />
    <TestEntry testId="3902168e-77cb-c1b4-c44f-4336ab3b86bd" executionId="956da85c-00f6-4c4a-9a45-c072f223156e" testListId="8c84fa94-04c1-424b-9868-57a2d4851a1d" />
    <TestEntry testId="39820720-af85-1690-8f39-546deff2b7b4" executionId="7809ea26-a21c-4cf7-a2c6-eec65fd3d039" testListId="8c84fa94-04c1-424b-9868-57a2d4851a1d" />
    <TestEntry testId="39a24eb5-a45d-f931-6682-86b278494085" executionId="d3322348-b3c2-4317-bdd3-b7148a56b3f2" testListId="8c84fa94-04c1-424b-9868-57a2d4851a1d" />
    <TestEntry testId="3c1d094b-ca29-adfc-cfcd-77289a3cce3f" executionId="7468a489-6ef9-45bc-a097-1928e16574be" testListId="8c84fa94-04c1-424b-9868-57a2d4851a1d" />
    <TestEntry testId="3ca3afbe-4155-3a78-1581-d034645ac0e9" executionId="ae67af05-67f6-4aea-8305-3ed9194fb880" testListId="8c84fa94-04c1-424b-9868-57a2d4851a1d" />
    <TestEntry testId="3f99a1d3-4dae-8b7d-a361-9ebbf5115b1e" executionId="c5f8e6c9-8e2b-42d0-8abc-29052c97daad" testListId="8c84fa94-04c1-424b-9868-57a2d4851a1d" />
    <TestEntry testId="3febe6f3-67ab-23b3-dd85-d4b7c1206b0c" executionId="d259785d-e9f0-4694-8608-b066ef2fdec8" testListId="8c84fa94-04c1-424b-9868-57a2d4851a1d" />
    <TestEntry testId="40b13692-f736-7aca-afa5-678a24ba3ffc" executionId="c5987290-e66b-4c3a-bb2d-c95627e5904b" testListId="8c84fa94-04c1-424b-9868-57a2d4851a1d" />
    <TestEntry testId="40e83519-1225-601d-0c17-661b77e82314" executionId="bcc5f2a1-e99d-4327-bf19-6d8f191165d3" testListId="8c84fa94-04c1-424b-9868-57a2d4851a1d" />
    <TestEntry testId="4183213a-6645-16c2-af8b-e5bfcf7442d8" executionId="95854664-e3d9-4bf7-ae90-12c917e1f0bb" testListId="8c84fa94-04c1-424b-9868-57a2d4851a1d" />
    <TestEntry testId="41b53b6b-04c0-c784-5da0-bab31b4fb4d7" executionId="f333bbc9-e4ab-4296-835e-62d24aa9beaa" testListId="8c84fa94-04c1-424b-9868-57a2d4851a1d" />
    <TestEntry testId="42f45f10-504d-0d19-0e58-1ea2105c69e9" executionId="0afe5901-edd7-4d5d-adba-892e808a8df6" testListId="8c84fa94-04c1-424b-9868-57a2d4851a1d" />
    <TestEntry testId="43271b50-9462-4bb7-5e78-3783a2d68504" executionId="fc4a3777-695a-4b9a-bbe2-4b3534ce1896" testListId="8c84fa94-04c1-424b-9868-57a2d4851a1d" />
    <TestEntry testId="44ddd54b-7a43-e4f9-ebb3-b78badce4585" executionId="cc2b76b1-7bdc-4e48-879a-00b8fd88891d" testListId="8c84fa94-04c1-424b-9868-57a2d4851a1d" />
    <TestEntry testId="4603637e-fb7e-2981-f426-423b0ee1dc90" executionId="78508cc2-b29c-4391-ad10-f95fad5a2754" testListId="8c84fa94-04c1-424b-9868-57a2d4851a1d" />
    <TestEntry testId="466bff3f-4c8e-a9c1-50f6-91ffeb15d3a1" executionId="b55a51f9-26ee-4832-bc5e-b0b84d8eb4fa" testListId="8c84fa94-04c1-424b-9868-57a2d4851a1d" />
    <TestEntry testId="46ca0fd9-03e1-55e3-3ad7-b4625d8d07c0" executionId="8bd0e000-1011-4808-9323-9e8fb8b966e1" testListId="8c84fa94-04c1-424b-9868-57a2d4851a1d" />
    <TestEntry testId="473a2b39-cb44-1d62-3c12-9fd92e3b377f" executionId="a9d6505f-10cc-41f7-a468-378723496406" testListId="8c84fa94-04c1-424b-9868-57a2d4851a1d" />
    <TestEntry testId="4828b82d-197c-d38d-1052-fb24855ec6ae" executionId="c6078f6c-536f-484b-aa09-6507fec79c1f" testListId="8c84fa94-04c1-424b-9868-57a2d4851a1d" />
    <TestEntry testId="49aa9228-e307-ef3c-566e-386137588923" executionId="35535f6f-d0f9-4e83-9a0a-449834d6f276" testListId="8c84fa94-04c1-424b-9868-57a2d4851a1d" />
    <TestEntry testId="49b4e1b0-9a60-f1f3-7d8e-e1f63ecc7d50" executionId="d0b82a46-c0f4-4c69-aaf4-f09345a4c656" testListId="8c84fa94-04c1-424b-9868-57a2d4851a1d" />
    <TestEntry testId="4a5ccd91-8853-f0cc-c6d0-af1603a36ab2" executionId="47bbc583-53f4-4404-81f5-987ef38e22b4" testListId="8c84fa94-04c1-424b-9868-57a2d4851a1d" />
    <TestEntry testId="4c1abec7-91f0-7672-2e0f-302cf26fbd1a" executionId="94d306aa-c13f-416b-b09f-ca00193e341e" testListId="8c84fa94-04c1-424b-9868-57a2d4851a1d" />
    <TestEntry testId="4c766330-2a1a-c11f-5958-fa0e45c2a866" executionId="50efd195-5061-4d38-92fe-2609edccf7ff" testListId="8c84fa94-04c1-424b-9868-57a2d4851a1d" />
    <TestEntry testId="4d41008a-7d5b-c195-89ca-25e2bba2803d" executionId="c6301738-bc23-4b66-954a-8e9b27bc30fa" testListId="8c84fa94-04c1-424b-9868-57a2d4851a1d" />
    <TestEntry testId="4ef1899b-961d-b074-c653-732880e5589d" executionId="0a3211c7-cb57-4a56-9da0-4184c0662cad" testListId="8c84fa94-04c1-424b-9868-57a2d4851a1d" />
    <TestEntry testId="4f308a7f-5339-1197-c196-e8c2a3294cdb" executionId="b8aa3bdf-79a9-4144-bc66-9cfb9d2925da" testListId="8c84fa94-04c1-424b-9868-57a2d4851a1d" />
    <TestEntry testId="4fbb91c1-c965-1543-022c-12856d2ae5ad" executionId="b8c8886b-324a-4f4e-8e5b-f5b2f3de57af" testListId="8c84fa94-04c1-424b-9868-57a2d4851a1d" />
    <TestEntry testId="51819a1f-c4ce-ae98-f248-c4cc70983131" executionId="5f89b56b-c8a4-4d3f-a18b-bfea80cbc091" testListId="8c84fa94-04c1-424b-9868-57a2d4851a1d" />
    <TestEntry testId="532bfe79-61d3-8d09-52bb-06591829691e" executionId="feca56db-1240-4ecf-a472-3103d0b3fa3f" testListId="8c84fa94-04c1-424b-9868-57a2d4851a1d" />
    <TestEntry testId="54dfb2f2-edab-6914-c734-746381ef028e" executionId="755a7bda-05bc-46ba-b92f-34df4afd21db" testListId="8c84fa94-04c1-424b-9868-57a2d4851a1d" />
    <TestEntry testId="559ad5fd-9c89-3fab-e602-368a88629e35" executionId="c6d6d374-558b-4993-943b-b9ce264bd714" testListId="8c84fa94-04c1-424b-9868-57a2d4851a1d" />
    <TestEntry testId="567a07ee-04bb-68f0-b054-7c3ac20e04d0" executionId="5c9a00b1-2d4b-4018-be47-9b1b030bfa50" testListId="8c84fa94-04c1-424b-9868-57a2d4851a1d" />
    <TestEntry testId="56fc1a57-6e5c-088b-8f95-88d9f697c097" executionId="571dd90d-6cea-44d3-92d9-c573928c857d" testListId="8c84fa94-04c1-424b-9868-57a2d4851a1d" />
    <TestEntry testId="5755d2a8-1978-f19d-e7bc-79a3772bf830" executionId="b5095baf-13b6-442c-be04-02ac59329e2c" testListId="8c84fa94-04c1-424b-9868-57a2d4851a1d" />
    <TestEntry testId="583a3c4e-73f0-f6e0-0816-cbe45229841d" executionId="70676a16-1a0a-41a1-892c-051e3057bc30" testListId="8c84fa94-04c1-424b-9868-57a2d4851a1d" />
    <TestEntry testId="585eea8b-8fa4-71e8-9d43-5274aef9fa35" executionId="de6fc747-c442-4951-98b0-cb98cc72a605" testListId="8c84fa94-04c1-424b-9868-57a2d4851a1d" />
    <TestEntry testId="59990ab9-8064-95a7-969b-da2dc269c717" executionId="503c4b50-54b5-4e94-88bc-a4ddde22f914" testListId="8c84fa94-04c1-424b-9868-57a2d4851a1d" />
    <TestEntry testId="5b905b9d-179c-2930-2f2f-ad7751aea174" executionId="cc29216e-3d29-4b5a-a6e4-46d4e0cd9c20" testListId="8c84fa94-04c1-424b-9868-57a2d4851a1d" />
    <TestEntry testId="5d4547ce-a6eb-4a5d-11b5-fd4fb3f2b4c4" executionId="04cfc46d-f8aa-4b6d-8fc4-2279e2842e5e" testListId="8c84fa94-04c1-424b-9868-57a2d4851a1d" />
    <TestEntry testId="5d663026-8403-d8b3-571f-dbc623bc2b0e" executionId="6279caac-5a6e-463f-8752-21eb46c3f8d0" testListId="8c84fa94-04c1-424b-9868-57a2d4851a1d" />
    <TestEntry testId="5f6c8af1-2825-3c27-b802-e1be0e1eeb12" executionId="12c51d5f-2354-4bdc-9dd2-a9d851b618e2" testListId="8c84fa94-04c1-424b-9868-57a2d4851a1d" />
    <TestEntry testId="603d3527-31ad-433b-f22d-64c8d067b62d" executionId="76a17ede-7934-41bc-ae22-5a249215f6c4" testListId="8c84fa94-04c1-424b-9868-57a2d4851a1d" />
    <TestEntry testId="633e6a31-e7c1-dc4e-810e-71a427cf70a8" executionId="70193ef8-8f4d-4a92-9596-896262b95946" testListId="8c84fa94-04c1-424b-9868-57a2d4851a1d" />
    <TestEntry testId="640310df-d648-7294-c434-32af677c30c3" executionId="0ddc9986-b6a6-456c-9557-6b4be53bf027" testListId="8c84fa94-04c1-424b-9868-57a2d4851a1d" />
    <TestEntry testId="644c941d-d40b-5655-7852-107ffef9acae" executionId="e7d330ab-a541-4a82-bbd7-0b6d58943445" testListId="8c84fa94-04c1-424b-9868-57a2d4851a1d" />
    <TestEntry testId="69d4fcec-3787-b518-9138-fc65c3d09ecc" executionId="acc818a7-39fe-4302-b7f2-83c978946e42" testListId="8c84fa94-04c1-424b-9868-57a2d4851a1d" />
    <TestEntry testId="6b5ea87c-ca8e-cd07-2a54-53cd363577f8" executionId="39c9c1d0-0e4e-4398-8e25-4b4ae1310e2c" testListId="8c84fa94-04c1-424b-9868-57a2d4851a1d" />
    <TestEntry testId="6ea29e89-2e15-126e-eecf-3f7b211c52eb" executionId="e71e0076-5dba-43c0-8e0b-ae6961d13436" testListId="8c84fa94-04c1-424b-9868-57a2d4851a1d" />
    <TestEntry testId="6f205f53-5c1d-2d23-0592-7823ba18d3aa" executionId="3227aa86-3766-42ee-8ef6-1c61a8be299c" testListId="8c84fa94-04c1-424b-9868-57a2d4851a1d" />
    <TestEntry testId="6fb9b650-50a8-89e9-0d35-3a3dc4939152" executionId="e6176daf-7858-4211-a2f3-e4fed4484aa0" testListId="8c84fa94-04c1-424b-9868-57a2d4851a1d" />
    <TestEntry testId="70ecef07-25d9-9298-9faa-26825e270b46" executionId="a4fc4fc7-a3bb-4272-9b05-43631e8b4c75" testListId="8c84fa94-04c1-424b-9868-57a2d4851a1d" />
    <TestEntry testId="71153c10-625e-eee7-0105-ad1f18f9fb72" executionId="eb1ed431-77a0-4246-acb6-e480c427f782" testListId="8c84fa94-04c1-424b-9868-57a2d4851a1d" />
    <TestEntry testId="71a360e3-d81d-a30a-382f-721ef096f5b1" executionId="ff5b6422-c169-42b8-bc92-64ee7e56890d" testListId="8c84fa94-04c1-424b-9868-57a2d4851a1d" />
    <TestEntry testId="7206ff03-56a7-ec6c-ffc0-c8679263faa3" executionId="efbd93a7-5f4b-488a-99ae-01801e493c46" testListId="8c84fa94-04c1-424b-9868-57a2d4851a1d" />
    <TestEntry testId="73dedb08-3777-9f76-6412-b3470bb8b574" executionId="b66ac06a-5577-4734-86b3-808f1d33056b" testListId="8c84fa94-04c1-424b-9868-57a2d4851a1d" />
    <TestEntry testId="767e3845-1b47-6225-c38c-e6345e12262a" executionId="bf023dc5-eeb0-43a9-8b6d-2574d4482c20" testListId="8c84fa94-04c1-424b-9868-57a2d4851a1d" />
    <TestEntry testId="7743f34e-ac5f-23a3-8e8f-212222420029" executionId="83b6052c-37cc-49ff-b1de-a3693165b112" testListId="8c84fa94-04c1-424b-9868-57a2d4851a1d" />
    <TestEntry testId="787c2aca-5007-7e56-5e10-28020b3be468" executionId="f207b49c-ade2-42b9-bff3-70b61c4bf63a" testListId="8c84fa94-04c1-424b-9868-57a2d4851a1d" />
    <TestEntry testId="7896ac03-38fd-b99c-d27e-6cbd208a3f1e" executionId="f049a156-0509-4aff-a15b-f6834282f75c" testListId="8c84fa94-04c1-424b-9868-57a2d4851a1d" />
    <TestEntry testId="797d7b6c-0b94-436f-8cf2-1181e4378e5e" executionId="f3529886-d1f6-472d-af88-67067ce6960d" testListId="8c84fa94-04c1-424b-9868-57a2d4851a1d" />
    <TestEntry testId="7a7d56e7-b4b7-3226-df1d-44471276e993" executionId="1934b544-e64f-4cc8-861b-d3aa47671fda" testListId="8c84fa94-04c1-424b-9868-57a2d4851a1d" />
    <TestEntry testId="7a9400e0-6f1a-74cc-aaf2-4e620d01eac4" executionId="9ca68b60-1a30-4f19-89d1-bd031378fbcd" testListId="8c84fa94-04c1-424b-9868-57a2d4851a1d" />
    <TestEntry testId="7a965cd2-e1cf-8636-b94b-9bb1e4688fd0" executionId="e5d7613c-c9f0-4033-a8f3-df80b95af742" testListId="8c84fa94-04c1-424b-9868-57a2d4851a1d" />
    <TestEntry testId="7a9b0937-239f-a7cc-e1fc-09bbc3508e89" executionId="6d2d29a2-5999-43a3-b9b4-2ecfd60130c5" testListId="8c84fa94-04c1-424b-9868-57a2d4851a1d" />
    <TestEntry testId="7acd9860-9837-fbe5-5425-b774d050444a" executionId="48b018a6-e42a-4f4d-93df-29b3d8dd0c6d" testListId="8c84fa94-04c1-424b-9868-57a2d4851a1d" />
    <TestEntry testId="7b6ad291-8507-bfdb-b921-bf2c15c5fff5" executionId="76b09f7d-ea7e-4405-88bc-110a607a95e3" testListId="8c84fa94-04c1-424b-9868-57a2d4851a1d" />
    <TestEntry testId="7ba074f7-37b4-86ab-f897-639c59c7afb2" executionId="172e4f01-8ab8-4c7a-a847-2e199052d56d" testListId="8c84fa94-04c1-424b-9868-57a2d4851a1d" />
    <TestEntry testId="7d85dd6d-e955-0c88-df95-d36cadd3d7ff" executionId="ecd40182-7ed3-4304-9acc-c9d3a6cdd66d" testListId="8c84fa94-04c1-424b-9868-57a2d4851a1d" />
    <TestEntry testId="80003646-df99-feba-93b2-6a809b884bf6" executionId="a41b6bef-6fc3-428f-8363-0acd2aa83958" testListId="8c84fa94-04c1-424b-9868-57a2d4851a1d" />
    <TestEntry testId="808822f6-9c85-0a33-f1f9-4d64c79fb975" executionId="793c953a-e2ce-415f-9959-2a99ea1f9f30" testListId="8c84fa94-04c1-424b-9868-57a2d4851a1d" />
    <TestEntry testId="80c446f8-daa9-dd90-7ba0-f56b79877aec" executionId="1efcbe23-e655-4126-b38d-5a31d7d6675c" testListId="8c84fa94-04c1-424b-9868-57a2d4851a1d" />
    <TestEntry testId="830b7e4e-1e9d-8453-edde-ba93d873d94b" executionId="8112384d-4395-4dcd-a0a4-71ade4f34f66" testListId="8c84fa94-04c1-424b-9868-57a2d4851a1d" />
    <TestEntry testId="8449ab5e-c7c8-6deb-cb03-833888a032c6" executionId="e11891fb-390b-483c-9273-2d2422d94cd7" testListId="8c84fa94-04c1-424b-9868-57a2d4851a1d" />
    <TestEntry testId="850912a6-5065-5531-7451-3014a79cee54" executionId="9a452053-1650-4603-bd23-0a53b2d8a5be" testListId="8c84fa94-04c1-424b-9868-57a2d4851a1d" />
    <TestEntry testId="869377b3-dcd6-3fd0-816f-a4a48e30d6c3" executionId="d7fc57f8-c3c9-442b-90c0-1dd355751125" testListId="8c84fa94-04c1-424b-9868-57a2d4851a1d" />
    <TestEntry testId="86a0d6ba-240b-81ef-7612-a91dd0bac5dd" executionId="9a008e8a-c6fc-45e4-95ff-b787ad509671" testListId="8c84fa94-04c1-424b-9868-57a2d4851a1d" />
    <TestEntry testId="86c02588-b87f-32bd-880b-56b0d73c1993" executionId="7b8c385b-5405-46d9-934f-ee7f77aaeb7f" testListId="8c84fa94-04c1-424b-9868-57a2d4851a1d" />
    <TestEntry testId="8795f817-2bb9-9d00-f981-a3a8a2b7335e" executionId="3f106fd5-1912-4e64-aec4-6b186985da45" testListId="8c84fa94-04c1-424b-9868-57a2d4851a1d" />
    <TestEntry testId="8a248c8c-38d6-117a-cb08-bb2fddeae117" executionId="67a54927-d39b-4f93-9afe-8ea64362fb70" testListId="8c84fa94-04c1-424b-9868-57a2d4851a1d" />
    <TestEntry testId="8d424c8f-9c8d-8bdb-c98c-1e76a87f52e2" executionId="97924630-069e-4632-b060-b692e8cc73e7" testListId="8c84fa94-04c1-424b-9868-57a2d4851a1d" />
    <TestEntry testId="8dec4c0d-9137-8bca-e823-6edddad67b2a" executionId="043ffad3-b8e4-4386-b311-f889cf68e7c6" testListId="8c84fa94-04c1-424b-9868-57a2d4851a1d" />
    <TestEntry testId="8e9dd2cf-ab74-a19e-4fae-41caa637e0ed" executionId="f2b28802-65c3-4629-a5a2-f1bb16cbf7e4" testListId="8c84fa94-04c1-424b-9868-57a2d4851a1d" />
    <TestEntry testId="8f15350a-b612-7c9b-89ff-1e54a29d9340" executionId="70792601-5a5a-4667-84c6-aab79612b2bd" testListId="8c84fa94-04c1-424b-9868-57a2d4851a1d" />
    <TestEntry testId="8f214c0c-af12-b9fb-ae32-e2f0e522a10f" executionId="d0253d7a-2f9f-4654-91b8-42bd0db82e07" testListId="8c84fa94-04c1-424b-9868-57a2d4851a1d" />
    <TestEntry testId="90427aa6-8cf4-b956-2b3f-9546b7107ae7" executionId="d05833c8-5393-477d-8476-6ec167105cd9" testListId="8c84fa94-04c1-424b-9868-57a2d4851a1d" />
    <TestEntry testId="91ad74e2-7f98-39c5-b2ac-d6979eb1e521" executionId="ced0c880-cbb7-4be3-829e-a0abf5deeeb4" testListId="8c84fa94-04c1-424b-9868-57a2d4851a1d" />
    <TestEntry testId="920395ef-4d81-2796-a8e3-57b62c679836" executionId="ee433c8b-3d18-48b2-96b9-44bdc300a248" testListId="8c84fa94-04c1-424b-9868-57a2d4851a1d" />
    <TestEntry testId="92c796c7-6140-7467-0f72-263f4de0d5fd" executionId="58e54223-fdb8-4749-be95-bc6f14d7c7d8" testListId="8c84fa94-04c1-424b-9868-57a2d4851a1d" />
    <TestEntry testId="94c02084-a2f4-8ed3-b12d-a1ac0caf9379" executionId="37833bbd-c4be-4281-a31d-66b911693de6" testListId="8c84fa94-04c1-424b-9868-57a2d4851a1d" />
    <TestEntry testId="9611d5ba-c78e-b7b6-592f-64194d91b456" executionId="8eaf7796-4daa-4349-a1e8-5a28b2170181" testListId="8c84fa94-04c1-424b-9868-57a2d4851a1d" />
    <TestEntry testId="97102229-37fa-e978-ffae-7fd4c7300f98" executionId="7c90accd-7728-44ae-a29c-2f89bcf65f3b" testListId="8c84fa94-04c1-424b-9868-57a2d4851a1d" />
    <TestEntry testId="97495e35-0952-692a-91b0-3d721dc574e4" executionId="318706dd-de46-4ea4-bfc6-b443b9dcadf1" testListId="8c84fa94-04c1-424b-9868-57a2d4851a1d" />
    <TestEntry testId="98f1539c-0085-97ac-e6d6-c700951efc19" executionId="ecc05376-f782-429a-8810-dde5adcf02c7" testListId="8c84fa94-04c1-424b-9868-57a2d4851a1d" />
    <TestEntry testId="990a1706-3c38-5c79-dd26-6bf2a85de470" executionId="d15edcf8-2ab8-4c17-a04b-3d9b8981c3c1" testListId="8c84fa94-04c1-424b-9868-57a2d4851a1d" />
    <TestEntry testId="9a12b8c7-dd2a-27a8-8e5c-846cf91e7a67" executionId="31c07987-3b1d-48c3-879b-2e2100c13ced" testListId="8c84fa94-04c1-424b-9868-57a2d4851a1d" />
    <TestEntry testId="9b2baef8-8cea-f431-96b6-95e1ddfaf4a9" executionId="4a944bd1-598e-4970-9a84-b9d59e649d4a" testListId="8c84fa94-04c1-424b-9868-57a2d4851a1d" />
    <TestEntry testId="9bfa0b14-def6-4233-8f09-efbae74ca192" executionId="0e39851a-3508-4093-a928-6d80a942d34c" testListId="8c84fa94-04c1-424b-9868-57a2d4851a1d" />
    <TestEntry testId="9d4922e1-95bb-cc07-dd59-02aa21bc0c9d" executionId="e19a1ee2-404c-4a82-9c4b-c5594776a0fa" testListId="8c84fa94-04c1-424b-9868-57a2d4851a1d" />
    <TestEntry testId="9ed7c416-1a7b-4673-195d-ca2e196d2a2e" executionId="07b8bff5-2c13-48f9-8395-fa5cd78fe0aa" testListId="8c84fa94-04c1-424b-9868-57a2d4851a1d" />
    <TestEntry testId="a45582f8-3825-adac-44bf-8fa9e3381e89" executionId="9be15447-c85c-42bf-86f2-653a83df93c5" testListId="8c84fa94-04c1-424b-9868-57a2d4851a1d" />
    <TestEntry testId="a5088dbd-9f6a-bb83-e64a-07cfd5052c81" executionId="71e4c182-a307-4597-849b-b6efa26a4b4a" testListId="8c84fa94-04c1-424b-9868-57a2d4851a1d" />
    <TestEntry testId="a51caca7-6a0e-8bea-fb89-3104ddb0e38a" executionId="cb2554d6-f831-4e7a-aa5e-2a1d3ed47148" testListId="8c84fa94-04c1-424b-9868-57a2d4851a1d" />
    <TestEntry testId="a56170ce-b399-e27e-e213-58e00eb4c436" executionId="e168a7f9-a8bc-4154-a6c2-271782c951fa" testListId="8c84fa94-04c1-424b-9868-57a2d4851a1d" />
    <TestEntry testId="a65b5eab-4121-901b-449c-fc9aba07d07b" executionId="604d1565-4719-4e91-98a3-8e67cd7be20e" testListId="8c84fa94-04c1-424b-9868-57a2d4851a1d" />
    <TestEntry testId="a8ed7a3a-0e05-4105-ece6-4d106523c6c6" executionId="b96d6354-daf2-4aaa-88c9-b4d59e9d2de8" testListId="8c84fa94-04c1-424b-9868-57a2d4851a1d" />
    <TestEntry testId="aa951c3d-ee4a-9ede-aac2-7e390167d171" executionId="16a71a8f-2c1a-460d-9570-ca90a73c33e8" testListId="8c84fa94-04c1-424b-9868-57a2d4851a1d" />
    <TestEntry testId="ab4705e8-14a4-6e9f-baf9-e3d238e84cf8" executionId="f3578b2b-b35f-4ad3-a215-aa5c571cc851" testListId="8c84fa94-04c1-424b-9868-57a2d4851a1d" />
    <TestEntry testId="ad25e31e-4a53-f08b-b3bd-cfdcb07226a0" executionId="3ab3c816-43f7-40fe-bd9f-4944a36e8208" testListId="8c84fa94-04c1-424b-9868-57a2d4851a1d" />
    <TestEntry testId="aef19ea6-eb47-a1be-032c-8930cda21d9c" executionId="d2144795-3d49-493a-8d1a-b8a0dd01fbac" testListId="8c84fa94-04c1-424b-9868-57a2d4851a1d" />
    <TestEntry testId="afe5b38f-db93-5765-7ecd-49d9214e51e3" executionId="7b3f705d-cd64-42c2-963b-4212e4d6917b" testListId="8c84fa94-04c1-424b-9868-57a2d4851a1d" />
    <TestEntry testId="b037dab8-9f99-92da-4740-6e79cccc1e32" executionId="d4c73be9-6202-495b-a97d-43c40ed7ab5a" testListId="8c84fa94-04c1-424b-9868-57a2d4851a1d" />
    <TestEntry testId="b03d2b82-a5f5-4a0a-521f-fd9e431b28da" executionId="7ea65c9e-a46b-462f-a49f-372993c230f2" testListId="8c84fa94-04c1-424b-9868-57a2d4851a1d" />
    <TestEntry testId="b086ebe0-6bb0-f4b4-2d74-97b1a10dd517" executionId="adfa52c2-f581-45e4-9b45-790217d35edb" testListId="8c84fa94-04c1-424b-9868-57a2d4851a1d" />
    <TestEntry testId="b1e8fb4c-7380-ad76-529d-dbdac5528194" executionId="c140d273-d54e-47e2-a565-a9fb0541515f" testListId="8c84fa94-04c1-424b-9868-57a2d4851a1d" />
    <TestEntry testId="b2c4141e-1dfd-f110-5623-435719fb340e" executionId="bf918f01-9fb9-4228-ba72-54cf0f907b6f" testListId="8c84fa94-04c1-424b-9868-57a2d4851a1d" />
    <TestEntry testId="b30e4a1d-f330-da4d-3e81-5c536003275c" executionId="31746774-398f-4514-a4bd-a9738bfcf000" testListId="8c84fa94-04c1-424b-9868-57a2d4851a1d" />
    <TestEntry testId="b67c54ae-5aad-e1cc-2b17-0ad544f3f701" executionId="55b0a6bc-20c2-4da7-acd1-bd412f8b54c9" testListId="8c84fa94-04c1-424b-9868-57a2d4851a1d" />
    <TestEntry testId="b70d24a9-e4cc-d879-39c7-bc30de9e70ab" executionId="f3a2b795-ddb7-4188-82cc-30f697743189" testListId="8c84fa94-04c1-424b-9868-57a2d4851a1d" />
    <TestEntry testId="b74830d0-a6ce-14b6-0d35-7c2e849267f3" executionId="52bec9f1-3bc3-4b7d-804f-867d3d278a7a" testListId="8c84fa94-04c1-424b-9868-57a2d4851a1d" />
    <TestEntry testId="b7fcc578-5aaf-c60a-749d-838a3f516168" executionId="4cc6456d-8eee-43d9-b06e-f5db1da916c8" testListId="8c84fa94-04c1-424b-9868-57a2d4851a1d" />
    <TestEntry testId="b8e531ca-ec94-5331-cc83-d2332ab01f85" executionId="ff4c9531-2fc1-4c7c-8a63-8b201db8da3c" testListId="8c84fa94-04c1-424b-9868-57a2d4851a1d" />
    <TestEntry testId="b99ec452-b626-078c-5efb-2041d6f255c4" executionId="1af4c3b5-156d-4203-bc09-166e94e361f8" testListId="8c84fa94-04c1-424b-9868-57a2d4851a1d" />
    <TestEntry testId="baf4ce3c-1fc7-efc9-3438-7f66d5c18bcf" executionId="76ffe8ff-7595-45bf-b0de-3c4a83501119" testListId="8c84fa94-04c1-424b-9868-57a2d4851a1d" />
    <TestEntry testId="bbc45056-7304-0cf8-18ec-0f56b7abf591" executionId="3eb6cf4b-7500-4630-a64a-4880f0a31a8f" testListId="8c84fa94-04c1-424b-9868-57a2d4851a1d" />
    <TestEntry testId="bbe65d68-71ba-72ec-21d1-a0b54bdef612" executionId="eb97a25b-4aa8-456a-b984-8cfdd819f70a" testListId="8c84fa94-04c1-424b-9868-57a2d4851a1d" />
    <TestEntry testId="bbfb3b40-32b8-1a5f-ae60-bf53c22dbf87" executionId="5bfaf7a9-fc52-4d4c-8048-fee9d1ed389e" testListId="8c84fa94-04c1-424b-9868-57a2d4851a1d" />
    <TestEntry testId="bd00057e-88b2-1e9c-846b-ed190ddc5717" executionId="3924ac76-2f79-4621-9828-c6eb5d25b2a0" testListId="8c84fa94-04c1-424b-9868-57a2d4851a1d" />
    <TestEntry testId="bd7ec864-24ff-4ca6-8f63-6e2fe4065d39" executionId="55c9b9e3-3d52-4523-8642-4305c38e9483" testListId="8c84fa94-04c1-424b-9868-57a2d4851a1d" />
    <TestEntry testId="bdf76499-e0f6-3d7b-4432-982ba6c3b223" executionId="f7d1f926-b81a-4879-83bd-d62c49af32e1" testListId="8c84fa94-04c1-424b-9868-57a2d4851a1d" />
    <TestEntry testId="be772578-3bd6-fe1e-69ad-baa513f62b0b" executionId="4093bfa5-13b8-4027-bb3a-14e25108557c" testListId="8c84fa94-04c1-424b-9868-57a2d4851a1d" />
    <TestEntry testId="bf4b4d8f-a9c5-278f-9d0c-4140566dfe7e" executionId="e3facf30-2bbb-4037-afa2-17143db086ae" testListId="8c84fa94-04c1-424b-9868-57a2d4851a1d" />
    <TestEntry testId="c0b049d8-5af1-212d-f646-b9a7aa76e7aa" executionId="8bd77db4-8f4f-4135-9dab-bf79f88d24e0" testListId="8c84fa94-04c1-424b-9868-57a2d4851a1d" />
    <TestEntry testId="c2a16b22-9983-ed58-4351-7fd3ef453798" executionId="d5cfd4bc-3601-4e12-88e5-0b03cc81c781" testListId="8c84fa94-04c1-424b-9868-57a2d4851a1d" />
    <TestEntry testId="c35eb805-49e5-7d06-b69d-ba684aaa6791" executionId="4e5893b6-0888-479f-af2c-1a351d203977" testListId="8c84fa94-04c1-424b-9868-57a2d4851a1d" />
    <TestEntry testId="c3a5f774-5c25-7fa7-593c-10a98b5db768" executionId="1cf15e61-b808-4b17-bab4-42ca86f557a2" testListId="8c84fa94-04c1-424b-9868-57a2d4851a1d" />
    <TestEntry testId="c3b85211-1b55-61c6-8d42-782c04048184" executionId="61cb115f-1f64-47ec-9ad0-486df6294cfa" testListId="8c84fa94-04c1-424b-9868-57a2d4851a1d" />
    <TestEntry testId="c3e8dcc2-bac7-2a0c-9c06-8dc4838145f3" executionId="48cc9a20-2707-4d30-b722-29783981f772" testListId="8c84fa94-04c1-424b-9868-57a2d4851a1d" />
    <TestEntry testId="c441e89e-f895-2b6d-e75c-6ac07c647d62" executionId="c5fbfacc-71b0-4db1-b0ea-84d237c05998" testListId="8c84fa94-04c1-424b-9868-57a2d4851a1d" />
    <TestEntry testId="c75708a0-bd76-5c05-5aaa-8fcb10fd4321" executionId="02a6dd78-7000-488a-bcfb-89d05bf6fdc4" testListId="8c84fa94-04c1-424b-9868-57a2d4851a1d" />
    <TestEntry testId="c764531a-8b43-978a-82fa-64e183192f81" executionId="81a9fecf-11ea-47ac-aad9-54e453b721fb" testListId="8c84fa94-04c1-424b-9868-57a2d4851a1d" />
    <TestEntry testId="c80221bd-ca0a-aa23-6b81-2ed5f20f8d5f" executionId="bda687fc-d549-4cef-ab9f-27ff56b3c6e2" testListId="8c84fa94-04c1-424b-9868-57a2d4851a1d" />
    <TestEntry testId="cc8275a0-551e-d39e-ef08-c6785391cae1" executionId="24b3cd8d-8291-42f8-a6fa-a16e9bce0856" testListId="8c84fa94-04c1-424b-9868-57a2d4851a1d" />
    <TestEntry testId="cdf50321-c0eb-ddc4-0179-2919c2028903" executionId="a2b89d34-861d-49ed-80c8-0a772d3ad4eb" testListId="8c84fa94-04c1-424b-9868-57a2d4851a1d" />
    <TestEntry testId="d0140d76-78ce-58b3-2274-c95b28b0ccfb" executionId="ba4edc89-c09e-40ef-9b12-b42783b3de54" testListId="8c84fa94-04c1-424b-9868-57a2d4851a1d" />
    <TestEntry testId="d045283f-2980-ed70-af3d-611e9266ab64" executionId="fa268f6b-a8f9-4939-b77f-2241a7ae9e50" testListId="8c84fa94-04c1-424b-9868-57a2d4851a1d" />
    <TestEntry testId="d5027f5f-1da1-2a25-97cf-1e7da6a062b5" executionId="59f7fda6-3b32-4819-9969-e8a7ab745e13" testListId="8c84fa94-04c1-424b-9868-57a2d4851a1d" />
    <TestEntry testId="d56f2fbf-3f3e-cba1-4f8d-7b34cec35b0a" executionId="9d0078f4-9650-490e-bb79-e13c965d410b" testListId="8c84fa94-04c1-424b-9868-57a2d4851a1d" />
    <TestEntry testId="d75bbbff-3e3e-ac68-2b4f-48cfb14f2d0a" executionId="4eed5cd6-df4c-4d35-b4ef-b0b102cc1199" testListId="8c84fa94-04c1-424b-9868-57a2d4851a1d" />
    <TestEntry testId="d820847a-a64d-718b-5774-4886058277c3" executionId="86bd016f-aea0-42fa-a625-fcade2f33a98" testListId="8c84fa94-04c1-424b-9868-57a2d4851a1d" />
    <TestEntry testId="d8af0a27-8cd9-d036-917e-00672cd2689b" executionId="d526a37d-213e-454e-b265-971abc7a5708" testListId="8c84fa94-04c1-424b-9868-57a2d4851a1d" />
    <TestEntry testId="d97a225a-e31a-2138-2fae-7b4109b25275" executionId="bd43bb13-549b-47a4-b664-5f087d9b19b2" testListId="8c84fa94-04c1-424b-9868-57a2d4851a1d" />
    <TestEntry testId="d982986f-d5cc-bb8f-d6d8-e2a54e2f4dd0" executionId="09a39f36-2fd5-453b-920f-69b0764d922a" testListId="8c84fa94-04c1-424b-9868-57a2d4851a1d" />
    <TestEntry testId="db3b4c9b-bf56-f07b-1edd-3db630376de3" executionId="d1a4349e-13e6-4afd-89fb-ba4bf2f4d242" testListId="8c84fa94-04c1-424b-9868-57a2d4851a1d" />
    <TestEntry testId="db3b6314-b1da-7626-0e4e-61abbddac9d6" executionId="1e6a96b9-e9b4-4ad0-a2fd-88adf5d679e8" testListId="8c84fa94-04c1-424b-9868-57a2d4851a1d" />
    <TestEntry testId="dc08494a-5655-aecb-96fc-b52817050a2a" executionId="1917d0c2-2740-4a4b-a1f5-8fb96454e553" testListId="8c84fa94-04c1-424b-9868-57a2d4851a1d" />
    <TestEntry testId="de06015f-869e-46b8-4b51-8c7b049b2b96" executionId="50136d2b-e863-487b-8e0b-af445a41a23e" testListId="8c84fa94-04c1-424b-9868-57a2d4851a1d" />
    <TestEntry testId="de9d9ca9-6d6f-fece-a7ad-0d011ee5cf94" executionId="4cba70eb-ab41-4697-8acf-087885655bfb" testListId="8c84fa94-04c1-424b-9868-57a2d4851a1d" />
    <TestEntry testId="e18cfbc3-f9cf-311e-f710-177b71a46e6d" executionId="65a2d038-c708-4609-904a-7b9a67b9e0e8" testListId="8c84fa94-04c1-424b-9868-57a2d4851a1d" />
    <TestEntry testId="e30391ee-1b3b-ee9f-b02c-b47de478c33f" executionId="abad1935-d648-4e67-b187-a5bac2e160f7" testListId="8c84fa94-04c1-424b-9868-57a2d4851a1d" />
    <TestEntry testId="e37183df-04ce-aa53-28d5-e792188a2202" executionId="b20f2513-6c39-48e7-97df-4b7a637032d6" testListId="8c84fa94-04c1-424b-9868-57a2d4851a1d" />
    <TestEntry testId="e5623ce5-a9dc-7c7d-ffdc-f4cf28cd97aa" executionId="2dc1b04f-ee70-4947-a5f1-7da86b31c469" testListId="8c84fa94-04c1-424b-9868-57a2d4851a1d" />
    <TestEntry testId="e5750d14-09bb-ec70-127b-652a47b7dd9c" executionId="28f352ff-fb4e-4fec-b6d5-f5a88ef59d1b" testListId="8c84fa94-04c1-424b-9868-57a2d4851a1d" />
    <TestEntry testId="e77c7ab7-183b-1f93-57a3-77e0403bec4c" executionId="ac990b8d-f5a0-4456-98a0-94885c9e04da" testListId="8c84fa94-04c1-424b-9868-57a2d4851a1d" />
    <TestEntry testId="e80fc0c4-2914-56fc-191b-489f27774cbc" executionId="9447a67b-8715-4ff2-ac84-09d41f9b0e0a" testListId="8c84fa94-04c1-424b-9868-57a2d4851a1d" />
    <TestEntry testId="e860bbd5-6ce1-07c3-fd03-d14cbeda5d8f" executionId="0458f29c-a7c4-43d7-a16b-028771951200" testListId="8c84fa94-04c1-424b-9868-57a2d4851a1d" />
    <TestEntry testId="e89c0529-2532-190e-5936-91edd9263fb1" executionId="e977f709-4744-4ff4-80f2-6f7b727fd4b4" testListId="8c84fa94-04c1-424b-9868-57a2d4851a1d" />
    <TestEntry testId="e8ca73cc-b93e-0f49-9374-ed860ffbd677" executionId="1f8aee1b-7a1c-4434-a1f9-80e9218b5905" testListId="8c84fa94-04c1-424b-9868-57a2d4851a1d" />
    <TestEntry testId="e966bfbe-0422-eb75-f093-b800f9c629b7" executionId="7242d6bf-d897-4870-9185-4797423843cf" testListId="8c84fa94-04c1-424b-9868-57a2d4851a1d" />
    <TestEntry testId="ea12baf4-c62d-b0ca-b8ec-0dd742c09890" executionId="88d7e89c-e241-4b86-9c5f-00799a4e65ba" testListId="8c84fa94-04c1-424b-9868-57a2d4851a1d" />
    <TestEntry testId="ea8ee283-08b1-8adf-4aa4-5e76e4a476d8" executionId="30980bb3-c9a9-4511-8f2a-bfa1f6322144" testListId="8c84fa94-04c1-424b-9868-57a2d4851a1d" />
    <TestEntry testId="eaed8830-28b9-0d81-19c8-50909473733c" executionId="b9de2515-be19-4019-8abb-b44e25a846bb" testListId="8c84fa94-04c1-424b-9868-57a2d4851a1d" />
    <TestEntry testId="ec55615d-1e36-c752-f2bf-b20284d0ae33" executionId="5730d9fb-daae-461f-be6b-71bd1a6d9d7f" testListId="8c84fa94-04c1-424b-9868-57a2d4851a1d" />
    <TestEntry testId="ec99d1a9-4b49-a94f-134c-f58d11b57222" executionId="26e7dade-3fdf-4182-8c9e-c19e5adb36dc" testListId="8c84fa94-04c1-424b-9868-57a2d4851a1d" />
    <TestEntry testId="ee7a26ae-f08b-c1d5-713f-d21139c592b9" executionId="717b416f-6d6c-4a20-892f-d3bf6a5c6ea6" testListId="8c84fa94-04c1-424b-9868-57a2d4851a1d" />
    <TestEntry testId="eeb34c89-a7df-f580-faa2-1b58190ee5be" executionId="90f5325f-1637-4cd7-8db9-da9b138171c0" testListId="8c84fa94-04c1-424b-9868-57a2d4851a1d" />
    <TestEntry testId="f026b4fd-1d5b-6d3d-657e-a3e832a7de61" executionId="27c265a5-d684-4685-9b04-ab8d2a140aef" testListId="8c84fa94-04c1-424b-9868-57a2d4851a1d" />
    <TestEntry testId="f342f959-584b-70f7-fc12-f7e45c365653" executionId="4b8abbec-51ea-44d9-9682-329fa38ae446" testListId="8c84fa94-04c1-424b-9868-57a2d4851a1d" />
    <TestEntry testId="f4a16930-7fb5-1364-b2bb-1dffeb9040de" executionId="244443a7-93e0-4bbf-a6ec-855af7f7d822" testListId="8c84fa94-04c1-424b-9868-57a2d4851a1d" />
    <TestEntry testId="f4f76af5-0d54-7bf8-8ba4-b32803d7a374" executionId="c9455fb8-e55b-4ae2-941f-20d8474f0590" testListId="8c84fa94-04c1-424b-9868-57a2d4851a1d" />
    <TestEntry testId="f51de229-4761-6e36-e9f5-2ae1d5b346f0" executionId="ebc88ad4-fb2e-4c8b-b630-ef817437c15f" testListId="8c84fa94-04c1-424b-9868-57a2d4851a1d" />
    <TestEntry testId="f56d5205-e252-235c-3244-90ee14efb3f4" executionId="bbe5b3d1-4d32-4710-b81c-cfde6466318a" testListId="8c84fa94-04c1-424b-9868-57a2d4851a1d" />
    <TestEntry testId="f5f02455-4aef-8763-5044-dc094bc64ba2" executionId="71a4df18-0ffc-46bc-8911-98003837f91d" testListId="8c84fa94-04c1-424b-9868-57a2d4851a1d" />
    <TestEntry testId="f66902ae-2eb8-36de-bdb4-af24338ae682" executionId="3aa4ed38-17d1-45f8-9b3b-b5961ee7df3c" testListId="8c84fa94-04c1-424b-9868-57a2d4851a1d" />
    <TestEntry testId="f791b1fc-7ecf-06ad-9b72-838a0f1da804" executionId="1de94de6-b224-45a5-9fbc-801c626fba6f" testListId="8c84fa94-04c1-424b-9868-57a2d4851a1d" />
    <TestEntry testId="f96aeaaa-982a-50fe-9819-4fadbbdc5555" executionId="e136a658-e85a-4e0a-8deb-3d02d6b0cb3e" testListId="8c84fa94-04c1-424b-9868-57a2d4851a1d" />
    <TestEntry testId="fce54152-c90c-9cca-2f79-ca939e2fd20d" executionId="92f16648-a286-4595-90fa-4bdad2af37f3" testListId="8c84fa94-04c1-424b-9868-57a2d4851a1d" />
    <TestEntry testId="fd09b993-a9b4-e74b-ac25-fcabec687112" executionId="7354fd07-ab43-402d-926f-b8f09f32a444" testListId="8c84fa94-04c1-424b-9868-57a2d4851a1d" />
    <TestEntry testId="fdc59520-9564-0684-d4f9-2091f576f931" executionId="5ce34867-ce9d-4ce0-bb34-b0e860598d19" testListId="8c84fa94-04c1-424b-9868-57a2d4851a1d" />
    <TestEntry testId="fdc6582f-0eab-5f36-d160-7547a6de5dbb" executionId="0b4c4b9b-dc40-4ff4-8c04-c225421e1e3e" testListId="8c84fa94-04c1-424b-9868-57a2d4851a1d" />
    <TestEntry testId="febe8afb-7bc1-3f13-831b-73b163a8c327" executionId="eb13df9b-1666-4ac1-bb65-4a041926b16d" testListId="8c84fa94-04c1-424b-9868-57a2d4851a1d" />
  </TestEntries>
  <Results>
    <UnitTestResult executionId="6d64cf23-d2a0-4cb8-8832-7b1ef6da5db1" testId="02dbbd81-860f-9e6d-6bf0-d3b21164d681" testName="IterThrowsContractException917" computerName="EDSAC" duration="00:00:00.0282961" startTime="2010-12-04T14:24:41.4211966+00:00" endTime="2010-12-04T14:24:42.0532328+00:00" testType="13cdc9d9-ddb5-4fa4-a97d-d965ccfc6d4b" outcome="Passed" testListId="8c84fa94-04c1-424b-9868-57a2d4851a1d" relativeResultsDirectory="6d64cf23-d2a0-4cb8-8832-7b1ef6da5db1">
    </UnitTestResult>
    <UnitTestResult executionId="487ebf59-079e-474b-bc25-818d32b174f3" testId="03c88b26-e4eb-d38e-6683-3ac55f8aeeac" testName="Add60901" computerName="EDSAC" duration="00:00:00.0047990" startTime="2010-12-04T14:24:42.0672336+00:00" endTime="2010-12-04T14:24:42.1852403+00:00" testType="13cdc9d9-ddb5-4fa4-a97d-d965ccfc6d4b" outcome="Passed" testListId="8c84fa94-04c1-424b-9868-57a2d4851a1d" relativeResultsDirectory="487ebf59-079e-474b-bc25-818d32b174f3">
    </UnitTestResult>
    <UnitTestResult executionId="9dee4325-3a21-4088-a89d-c5a4b9a17be7" testId="04c53adc-df51-85a8-3dcb-278e962fc112" testName="Subarray709" computerName="EDSAC" duration="00:00:00.0087736" startTime="2010-12-04T14:24:42.2132419+00:00" endTime="2010-12-04T14:24:42.3052472+00:00" testType="13cdc9d9-ddb5-4fa4-a97d-d965ccfc6d4b" outcome="Passed" testListId="8c84fa94-04c1-424b-9868-57a2d4851a1d" relativeResultsDirectory="9dee4325-3a21-4088-a89d-c5a4b9a17be7">
    </UnitTestResult>
    <UnitTestResult executionId="30ff981e-9e63-41df-ab1f-de25321c1fcd" testId="055e48df-0214-9f4b-ed2b-c5a320ca2c7d" testName="As0163236" computerName="EDSAC" duration="00:00:00.0064961" startTime="2010-12-04T14:24:42.3192480+00:00" endTime="2010-12-04T14:24:42.3342488+00:00" testType="13cdc9d9-ddb5-4fa4-a97d-d965ccfc6d4b" outcome="Passed" testListId="8c84fa94-04c1-424b-9868-57a2d4851a1d" relativeResultsDirectory="30ff981e-9e63-41df-ab1f-de25321c1fcd">
    </UnitTestResult>
    <UnitTestResult executionId="def219b2-3460-4141-ae34-50b60a319b4e" testId="06d747a6-abc2-c83d-da24-3ee86184f362" testName="IsNullableTypeThrowsContractException544" computerName="EDSAC" duration="00:00:00.0008823" startTime="2010-12-04T14:24:42.3462495+00:00" endTime="2010-12-04T14:24:42.3572502+00:00" testType="13cdc9d9-ddb5-4fa4-a97d-d965ccfc6d4b" outcome="Passed" testListId="8c84fa94-04c1-424b-9868-57a2d4851a1d" relativeResultsDirectory="def219b2-3460-4141-ae34-50b60a319b4e">
    </UnitTestResult>
    <UnitTestResult executionId="4d4369c4-8dd6-46c0-9186-d8029c824b13" testId="0860ee19-0524-5919-2b3c-8316527f7933" testName="If921" computerName="EDSAC" duration="00:00:00.0004717" startTime="2010-12-04T14:24:42.3682508+00:00" endTime="2010-12-04T14:24:42.3782514+00:00" testType="13cdc9d9-ddb5-4fa4-a97d-d965ccfc6d4b" outcome="Passed" testListId="8c84fa94-04c1-424b-9868-57a2d4851a1d" relativeResultsDirectory="4d4369c4-8dd6-46c0-9186-d8029c824b13">
    </UnitTestResult>
    <UnitTestResult executionId="866770b1-d52c-4e39-94c7-57e7145658ef" testId="09abec53-bc8a-0db2-1ff6-28ad5ea0f559" testName="As0166404" computerName="EDSAC" duration="00:00:00.0052101" startTime="2010-12-04T14:24:42.3882519+00:00" endTime="2010-12-04T14:24:42.4032528+00:00" testType="13cdc9d9-ddb5-4fa4-a97d-d965ccfc6d4b" outcome="Passed" testListId="8c84fa94-04c1-424b-9868-57a2d4851a1d" relativeResultsDirectory="866770b1-d52c-4e39-94c7-57e7145658ef">
    </UnitTestResult>
    <UnitTestResult executionId="76841114-e712-4e9e-b029-41bca39b1bc0" testId="0c1112ce-06b8-6d36-f7fb-a3574f6e2065" testName="As0163237" computerName="EDSAC" duration="00:00:00.0009038" startTime="2010-12-04T14:24:42.4152535+00:00" endTime="2010-12-04T14:24:42.4262541+00:00" testType="13cdc9d9-ddb5-4fa4-a97d-d965ccfc6d4b" outcome="Passed" testListId="8c84fa94-04c1-424b-9868-57a2d4851a1d" relativeResultsDirectory="76841114-e712-4e9e-b029-41bca39b1bc0">
    </UnitTestResult>
    <UnitTestResult executionId="afc5d216-99e1-4c76-acce-4a353e963441" testId="0c58cf0b-ac72-a134-206f-98daff22c7f5" testName="As0132103" computerName="EDSAC" duration="00:00:00.0005664" startTime="2010-12-04T14:24:42.4382548+00:00" endTime="2010-12-04T14:24:42.4832574+00:00" testType="13cdc9d9-ddb5-4fa4-a97d-d965ccfc6d4b" outcome="Passed" testListId="8c84fa94-04c1-424b-9868-57a2d4851a1d" relativeResultsDirectory="afc5d216-99e1-4c76-acce-4a353e963441">
    </UnitTestResult>
    <UnitTestResult executionId="96dbcce9-3fc0-4640-8a48-8721ecef2e86" testId="0c6370f1-3a15-0de1-18cb-8da30dd57ee7" testName="UnionAllThrowsContractException498" computerName="EDSAC" duration="00:00:00.0027231" startTime="2010-12-04T14:24:42.4992583+00:00" endTime="2010-12-04T14:24:42.5422607+00:00" testType="13cdc9d9-ddb5-4fa4-a97d-d965ccfc6d4b" outcome="Passed" testListId="8c84fa94-04c1-424b-9868-57a2d4851a1d" relativeResultsDirectory="96dbcce9-3fc0-4640-8a48-8721ecef2e86">
    </UnitTestResult>
    <UnitTestResult executionId="7f9ad3ce-5871-4758-be15-34b9a4172c51" testId="0cb477c5-7b02-500d-45eb-bb863b0c13bb" testName="RangeThrowsContractException958" computerName="EDSAC" duration="00:00:00.0051149" startTime="2010-12-04T14:24:42.5442609+00:00" endTime="2010-12-04T14:24:42.5712624+00:00" testType="13cdc9d9-ddb5-4fa4-a97d-d965ccfc6d4b" outcome="Passed" testListId="8c84fa94-04c1-424b-9868-57a2d4851a1d" relativeResultsDirectory="7f9ad3ce-5871-4758-be15-34b9a4172c51">
    </UnitTestResult>
    <UnitTestResult executionId="509fc0db-2753-4627-b2aa-70f60294cb1c" testId="0e44207d-1ccf-04c5-6aef-2081653ff131" testName="IfNotNull0159703" computerName="EDSAC" duration="00:00:00.0228783" startTime="2010-12-04T14:24:42.5732625+00:00" endTime="2010-12-04T14:24:42.6212653+00:00" testType="13cdc9d9-ddb5-4fa4-a97d-d965ccfc6d4b" outcome="Passed" testListId="8c84fa94-04c1-424b-9868-57a2d4851a1d" relativeResultsDirectory="509fc0db-2753-4627-b2aa-70f60294cb1c">
    </UnitTestResult>
    <UnitTestResult executionId="a1aa98cc-cc8f-4d39-80ca-f59b416c05b0" testId="0e645c38-e73b-967d-e94f-74a8d38a05b3" testName="As170" computerName="EDSAC" duration="00:00:00.0005753" startTime="2010-12-04T14:24:42.6232654+00:00" endTime="2010-12-04T14:24:42.6422665+00:00" testType="13cdc9d9-ddb5-4fa4-a97d-d965ccfc6d4b" outcome="Passed" testListId="8c84fa94-04c1-424b-9868-57a2d4851a1d" relativeResultsDirectory="a1aa98cc-cc8f-4d39-80ca-f59b416c05b0">
    </UnitTestResult>
    <UnitTestResult executionId="9f8223ba-cc60-42a3-b74e-ea26b4f500f3" testId="0e73a463-cb0d-f992-9d84-5941849f04d6" testName="To0459801" computerName="EDSAC" duration="00:00:00.0034333" startTime="2010-12-04T14:24:42.6442666+00:00" endTime="2010-12-04T14:24:42.6662678+00:00" testType="13cdc9d9-ddb5-4fa4-a97d-d965ccfc6d4b" outcome="Passed" testListId="8c84fa94-04c1-424b-9868-57a2d4851a1d" relativeResultsDirectory="9f8223ba-cc60-42a3-b74e-ea26b4f500f3">
    </UnitTestResult>
    <UnitTestResult executionId="38891c1a-e397-4531-8fa4-4ce1ab9207e4" testId="0e90738b-70d8-2788-4a26-d16c8666f6ca" testName="As0163232" computerName="EDSAC" duration="00:00:00.0004507" startTime="2010-12-04T14:24:42.6692680+00:00" endTime="2010-12-04T14:24:42.6872690+00:00" testType="13cdc9d9-ddb5-4fa4-a97d-d965ccfc6d4b" outcome="Passed" testListId="8c84fa94-04c1-424b-9868-57a2d4851a1d" relativeResultsDirectory="38891c1a-e397-4531-8fa4-4ce1ab9207e4">
    </UnitTestResult>
    <UnitTestResult executionId="b87284d0-1198-418f-8170-dfc672d281d6" testId="0f614d48-4580-1835-c34d-314b56fdf70c" testName="AsEnumerable56003" computerName="EDSAC" duration="00:00:00.0022434" startTime="2010-12-04T14:24:42.6892692+00:00" endTime="2010-12-04T14:24:42.7102704+00:00" testType="13cdc9d9-ddb5-4fa4-a97d-d965ccfc6d4b" outcome="Passed" testListId="8c84fa94-04c1-424b-9868-57a2d4851a1d" relativeResultsDirectory="b87284d0-1198-418f-8170-dfc672d281d6">
    </UnitTestResult>
    <UnitTestResult executionId="65c8e8ec-02c1-4b18-84d9-0742bc3c1f9c" testId="0f9431a7-c4c3-1aca-912d-ce2c11b0e97d" testName="ContainsArrayThrowsContractException154" computerName="EDSAC" duration="00:00:00.0011739" startTime="2010-12-04T14:24:42.7222710+00:00" endTime="2010-12-04T14:24:42.7382720+00:00" testType="13cdc9d9-ddb5-4fa4-a97d-d965ccfc6d4b" outcome="Passed" testListId="8c84fa94-04c1-424b-9868-57a2d4851a1d" relativeResultsDirectory="65c8e8ec-02c1-4b18-84d9-0742bc3c1f9c">
    </UnitTestResult>
    <UnitTestResult executionId="037c4a01-1bd0-4acf-b070-49db65825b32" testId="106b7a63-3c06-2f97-097e-1a5d38b1a1ac" testName="Add88503" computerName="EDSAC" duration="00:00:00.0005389" startTime="2010-12-04T14:24:42.7452724+00:00" endTime="2010-12-04T14:24:42.7572730+00:00" testType="13cdc9d9-ddb5-4fa4-a97d-d965ccfc6d4b" outcome="Passed" testListId="8c84fa94-04c1-424b-9868-57a2d4851a1d" relativeResultsDirectory="037c4a01-1bd0-4acf-b070-49db65825b32">
    </UnitTestResult>
    <UnitTestResult executionId="17fc519d-a866-45dc-9229-c694bd2ef3a6" testId="11187b04-c546-bd3e-0bbb-d3f71bff1f4f" testName="AsEnumerable0314803" computerName="EDSAC" duration="00:00:00.0302956" startTime="2010-12-04T14:24:42.7672736+00:00" endTime="2010-12-04T14:24:42.8092760+00:00" testType="13cdc9d9-ddb5-4fa4-a97d-d965ccfc6d4b" outcome="Passed" testListId="8c84fa94-04c1-424b-9868-57a2d4851a1d" relativeResultsDirectory="17fc519d-a866-45dc-9229-c694bd2ef3a6">
    </UnitTestResult>
    <UnitTestResult executionId="acdbc58f-1a46-49f8-ae23-fa554e7e3aa8" testId="116bcbca-67a9-cf3b-0614-27721784c6e2" testName="IfNotNull0159704" computerName="EDSAC" duration="00:00:00.0013181" startTime="2010-12-04T14:24:42.8112761+00:00" endTime="2010-12-04T14:24:42.8292772+00:00" testType="13cdc9d9-ddb5-4fa4-a97d-d965ccfc6d4b" outcome="Passed" testListId="8c84fa94-04c1-424b-9868-57a2d4851a1d" relativeResultsDirectory="acdbc58f-1a46-49f8-ae23-fa554e7e3aa8">
    </UnitTestResult>
    <UnitTestResult executionId="229fafc8-cadf-4c51-9141-e0d2908ea6cb" testId="116e53ad-53cc-1f8c-5eeb-a61eba3cd5e8" testName="ForEach90804" computerName="EDSAC" duration="00:00:00.0032882" startTime="2010-12-04T14:24:42.8372776+00:00" endTime="2010-12-04T14:24:42.8512784+00:00" testType="13cdc9d9-ddb5-4fa4-a97d-d965ccfc6d4b" outcome="Passed" testListId="8c84fa94-04c1-424b-9868-57a2d4851a1d" relativeResultsDirectory="229fafc8-cadf-4c51-9141-e0d2908ea6cb">
    </UnitTestResult>
    <UnitTestResult executionId="7a63f754-5a14-4d48-a6a6-635d2b63b25a" testId="1281f517-45b5-6723-bc3e-71da88a02141" testName="Random43101" computerName="EDSAC" duration="00:00:00.0018678" startTime="2010-12-04T14:24:42.8592789+00:00" endTime="2010-12-04T14:24:42.8762798+00:00" testType="13cdc9d9-ddb5-4fa4-a97d-d965ccfc6d4b" outcome="Passed" testListId="8c84fa94-04c1-424b-9868-57a2d4851a1d" relativeResultsDirectory="7a63f754-5a14-4d48-a6a6-635d2b63b25a">
    </UnitTestResult>
    <UnitTestResult executionId="02dcefe1-84d6-4e30-af4b-92ac723b14bc" testId="14c4d8f7-99c5-9b56-48f1-16bece872cd1" testName="As76301" computerName="EDSAC" duration="00:00:00.0005142" startTime="2010-12-04T14:24:42.8782800+00:00" endTime="2010-12-04T14:24:42.8952809+00:00" testType="13cdc9d9-ddb5-4fa4-a97d-d965ccfc6d4b" outcome="Passed" testListId="8c84fa94-04c1-424b-9868-57a2d4851a1d" relativeResultsDirectory="02dcefe1-84d6-4e30-af4b-92ac723b14bc">
    </UnitTestResult>
    <UnitTestResult executionId="b216a5d5-27ba-424a-aa0b-2cb8307a0cb9" testId="14e07649-4bb1-965c-d352-f5e6a62d38fd" testName="IsNullOrEmpty177" computerName="EDSAC" duration="00:00:00.0020736" startTime="2010-12-04T14:24:42.9072816+00:00" endTime="2010-12-04T14:24:42.9222825+00:00" testType="13cdc9d9-ddb5-4fa4-a97d-d965ccfc6d4b" outcome="Passed" testListId="8c84fa94-04c1-424b-9868-57a2d4851a1d" relativeResultsDirectory="b216a5d5-27ba-424a-aa0b-2cb8307a0cb9">
    </UnitTestResult>
    <UnitTestResult executionId="d31d1a49-99ce-4c6c-9312-ae1df07b58b0" testId="1614cc64-5cbc-b082-cb61-089f874d65b1" testName="TakeEveryThrowsContractException265" computerName="EDSAC" duration="00:00:00.0037510" startTime="2010-12-04T14:24:42.9342832+00:00" endTime="2010-12-04T14:24:42.9512841+00:00" testType="13cdc9d9-ddb5-4fa4-a97d-d965ccfc6d4b" outcome="Passed" testListId="8c84fa94-04c1-424b-9868-57a2d4851a1d" relativeResultsDirectory="d31d1a49-99ce-4c6c-9312-ae1df07b58b0">
    </UnitTestResult>
    <UnitTestResult executionId="3bdcccf8-7277-4ee1-95b1-ff1f236aad7c" testId="16bc510b-963f-30e5-6517-13389edd4fdc" testName="GetByPercentThrowsIndexOutOfRangeException858" computerName="EDSAC" duration="00:00:00.0160168" startTime="2010-12-04T14:24:42.9652849+00:00" endTime="2010-12-04T14:24:42.9942866+00:00" testType="13cdc9d9-ddb5-4fa4-a97d-d965ccfc6d4b" outcome="Passed" testListId="8c84fa94-04c1-424b-9868-57a2d4851a1d" relativeResultsDirectory="3bdcccf8-7277-4ee1-95b1-ff1f236aad7c">
    </UnitTestResult>
    <UnitTestResult executionId="6b1285a3-c4cd-4603-9956-d0020a77f84d" testId="17cbf434-78e7-42a5-6758-242cc94ac703" testName="CastAs434" computerName="EDSAC" duration="00:00:00.0004227" startTime="2010-12-04T14:24:43.0052872+00:00" endTime="2010-12-04T14:24:43.0162879+00:00" testType="13cdc9d9-ddb5-4fa4-a97d-d965ccfc6d4b" outcome="Passed" testListId="8c84fa94-04c1-424b-9868-57a2d4851a1d" relativeResultsDirectory="6b1285a3-c4cd-4603-9956-d0020a77f84d">
    </UnitTestResult>
    <UnitTestResult executionId="9e933c6b-4aed-4726-8316-e60c745d6410" testId="18234ca5-6af0-1355-5140-f92645f28e01" testName="If79" computerName="EDSAC" duration="00:00:00.0006616" startTime="2010-12-04T14:24:43.0212881+00:00" endTime="2010-12-04T14:24:43.0362890+00:00" testType="13cdc9d9-ddb5-4fa4-a97d-d965ccfc6d4b" outcome="Passed" testListId="8c84fa94-04c1-424b-9868-57a2d4851a1d" relativeResultsDirectory="9e933c6b-4aed-4726-8316-e60c745d6410">
    </UnitTestResult>
    <UnitTestResult executionId="31936628-17be-4006-8f40-c1cd9574694b" testId="19033310-a8dd-db0b-1dcd-2bf1bef510ca" testName="Fill0110501" computerName="EDSAC" duration="00:00:00.0026274" startTime="2010-12-04T14:24:43.0442895+00:00" endTime="2010-12-04T14:24:43.0592903+00:00" testType="13cdc9d9-ddb5-4fa4-a97d-d965ccfc6d4b" outcome="Passed" testListId="8c84fa94-04c1-424b-9868-57a2d4851a1d" relativeResultsDirectory="31936628-17be-4006-8f40-c1cd9574694b">
    </UnitTestResult>
    <UnitTestResult executionId="a7e7dcef-618b-43bf-bdfc-67694e79aeed" testId="1903a639-b5d9-1b4f-9c30-0405b15e8f12" testName="ForEach90802" computerName="EDSAC" duration="00:00:00.0004003" startTime="2010-12-04T14:24:43.0762913+00:00" endTime="2010-12-04T14:24:43.0912921+00:00" testType="13cdc9d9-ddb5-4fa4-a97d-d965ccfc6d4b" outcome="Passed" testListId="8c84fa94-04c1-424b-9868-57a2d4851a1d" relativeResultsDirectory="a7e7dcef-618b-43bf-bdfc-67694e79aeed">
    </UnitTestResult>
    <UnitTestResult executionId="b640d369-2f10-424e-8c18-1c3de838d996" testId="1a1204f8-80dc-63b9-41bb-196d59b5bd9c" testName="As21507" computerName="EDSAC" duration="00:00:00.0010554" startTime="2010-12-04T14:24:43.0932923+00:00" endTime="2010-12-04T14:24:43.1102932+00:00" testType="13cdc9d9-ddb5-4fa4-a97d-d965ccfc6d4b" outcome="Passed" testListId="8c84fa94-04c1-424b-9868-57a2d4851a1d" relativeResultsDirectory="b640d369-2f10-424e-8c18-1c3de838d996">
    </UnitTestResult>
    <UnitTestResult executionId="5ffe589b-d9dd-47e7-8964-e28a74ed1683" testId="1a16baca-1870-eb8d-2332-884e5248582b" testName="GetByPercentThrowsContractException316" computerName="EDSAC" duration="00:00:00.0006168" startTime="2010-12-04T14:24:43.1222939+00:00" endTime="2010-12-04T14:24:43.1332945+00:00" testType="13cdc9d9-ddb5-4fa4-a97d-d965ccfc6d4b" outcome="Passed" testListId="8c84fa94-04c1-424b-9868-57a2d4851a1d" relativeResultsDirectory="5ffe589b-d9dd-47e7-8964-e28a74ed1683">
    </UnitTestResult>
    <UnitTestResult executionId="e0683f86-5e3d-40b1-a965-63d88de18876" testId="1a2d7899-6e00-21df-f034-6547a11cae31" testName="ExecuteThrowsContractException889" computerName="EDSAC" duration="00:00:00.0012575" startTime="2010-12-04T14:24:43.1412950+00:00" endTime="2010-12-04T14:24:43.1532957+00:00" testType="13cdc9d9-ddb5-4fa4-a97d-d965ccfc6d4b" outcome="Passed" testListId="8c84fa94-04c1-424b-9868-57a2d4851a1d" relativeResultsDirectory="e0683f86-5e3d-40b1-a965-63d88de18876">
    </UnitTestResult>
    <UnitTestResult executionId="16bbbe57-3f73-4497-a514-f6cc645e412a" testId="1a41ca06-c399-fb41-1b68-4e54f6d9fba0" testName="As0163227" computerName="EDSAC" duration="00:00:00.0004372" startTime="2010-12-04T14:24:43.1552958+00:00" endTime="2010-12-04T14:24:43.1762970+00:00" testType="13cdc9d9-ddb5-4fa4-a97d-d965ccfc6d4b" outcome="Passed" testListId="8c84fa94-04c1-424b-9868-57a2d4851a1d" relativeResultsDirectory="16bbbe57-3f73-4497-a514-f6cc645e412a">
    </UnitTestResult>
    <UnitTestResult executionId="90311a8b-6a48-4566-bddf-9ed98586a33e" testId="1b50a732-77b4-82a3-8153-f8dad0640018" testName="IfNotNull47704" computerName="EDSAC" duration="00:00:00.0025504" startTime="2010-12-04T14:24:43.1782971+00:00" endTime="2010-12-04T14:24:43.1912979+00:00" testType="13cdc9d9-ddb5-4fa4-a97d-d965ccfc6d4b" outcome="Passed" testListId="8c84fa94-04c1-424b-9868-57a2d4851a1d" relativeResultsDirectory="90311a8b-6a48-4566-bddf-9ed98586a33e">
    </UnitTestResult>
    <UnitTestResult executionId="6abf7cf9-f77d-45d1-91da-00e7a99aef9b" testId="1b9103d0-5cae-0f4c-09ff-459b405bb125" testName="Random01ThrowsContractException824" computerName="EDSAC" duration="00:00:00.0006280" startTime="2010-12-04T14:24:43.1932980+00:00" endTime="2010-12-04T14:24:43.2102990+00:00" testType="13cdc9d9-ddb5-4fa4-a97d-d965ccfc6d4b" outcome="Passed" testListId="8c84fa94-04c1-424b-9868-57a2d4851a1d" relativeResultsDirectory="6abf7cf9-f77d-45d1-91da-00e7a99aef9b">
    </UnitTestResult>
    <UnitTestResult executionId="79c8c47c-f95f-462a-8f56-b5aafd3d5faa" testId="1c5ab376-6152-4272-31e3-55dc91a07a86" testName="Fill0110504" computerName="EDSAC" duration="00:00:00.0003480" startTime="2010-12-04T14:24:43.2112990+00:00" endTime="2010-12-04T14:24:43.2272999+00:00" testType="13cdc9d9-ddb5-4fa4-a97d-d965ccfc6d4b" outcome="Passed" testListId="8c84fa94-04c1-424b-9868-57a2d4851a1d" relativeResultsDirectory="79c8c47c-f95f-462a-8f56-b5aafd3d5faa">
    </UnitTestResult>
    <UnitTestResult executionId="19c6be4c-b8a7-4427-a82b-75dd20e11256" testId="1c9baf40-1112-7f41-3f0f-adc161687f04" testName="Fill01ThrowsContractException279" computerName="EDSAC" duration="00:00:00.0005557" startTime="2010-12-04T14:24:43.2293000+00:00" endTime="2010-12-04T14:24:43.2453010+00:00" testType="13cdc9d9-ddb5-4fa4-a97d-d965ccfc6d4b" outcome="Passed" testListId="8c84fa94-04c1-424b-9868-57a2d4851a1d" relativeResultsDirectory="19c6be4c-b8a7-4427-a82b-75dd20e11256">
    </UnitTestResult>
    <UnitTestResult executionId="3ed7165f-7011-484d-909b-0ac79dfe6fd7" testId="1cb6fca5-5cbd-75cb-cfee-a358b8315906" testName="Add60904" computerName="EDSAC" duration="00:00:00.0006453" startTime="2010-12-04T14:24:43.2493012+00:00" endTime="2010-12-04T14:24:43.2623019+00:00" testType="13cdc9d9-ddb5-4fa4-a97d-d965ccfc6d4b" outcome="Passed" testListId="8c84fa94-04c1-424b-9868-57a2d4851a1d" relativeResultsDirectory="3ed7165f-7011-484d-909b-0ac79dfe6fd7">
    </UnitTestResult>
    <UnitTestResult executionId="bc2d55ad-4ff0-4a65-a1c6-f56eb74a25af" testId="1cdb2f2c-09f6-d6d8-6d16-a0ea90824aba" testName="As21518" computerName="EDSAC" duration="00:00:00.0008949" startTime="2010-12-04T14:24:43.2633020+00:00" endTime="2010-12-04T14:24:43.2793029+00:00" testType="13cdc9d9-ddb5-4fa4-a97d-d965ccfc6d4b" outcome="Passed" testListId="8c84fa94-04c1-424b-9868-57a2d4851a1d" relativeResultsDirectory="bc2d55ad-4ff0-4a65-a1c6-f56eb74a25af">
    </UnitTestResult>
    <UnitTestResult executionId="a1eab516-8cbb-43bf-a329-fc434873494e" testId="1e0ca069-996e-4bc0-6164-74e9ee8107ac" testName="GetByPercentThrowsContractException730" computerName="EDSAC" duration="00:00:00.0005692" startTime="2010-12-04T14:24:43.2863033+00:00" endTime="2010-12-04T14:24:43.3003041+00:00" testType="13cdc9d9-ddb5-4fa4-a97d-d965ccfc6d4b" outcome="Passed" testListId="8c84fa94-04c1-424b-9868-57a2d4851a1d" relativeResultsDirectory="a1eab516-8cbb-43bf-a329-fc434873494e">
    </UnitTestResult>
    <UnitTestResult executionId="4aa1856c-5ab8-44e2-b3db-6d3915e8938e" testId="1e811e95-82b3-7182-a1a6-ec99686bab87" testName="IsIn570" computerName="EDSAC" duration="00:00:00.0016494" startTime="2010-12-04T14:24:43.3023042+00:00" endTime="2010-12-04T14:24:43.3213053+00:00" testType="13cdc9d9-ddb5-4fa4-a97d-d965ccfc6d4b" outcome="Passed" testListId="8c84fa94-04c1-424b-9868-57a2d4851a1d" relativeResultsDirectory="4aa1856c-5ab8-44e2-b3db-6d3915e8938e">
    </UnitTestResult>
    <UnitTestResult executionId="799db0ef-24c9-4e08-984b-888b9d3f9177" testId="20789601-3bb2-517f-9c07-8755507d968d" testName="IsIn0134" computerName="EDSAC" duration="00:00:00.0008506" startTime="2010-12-04T14:24:43.3233054+00:00" endTime="2010-12-04T14:24:43.3423065+00:00" testType="13cdc9d9-ddb5-4fa4-a97d-d965ccfc6d4b" outcome="Passed" testListId="8c84fa94-04c1-424b-9868-57a2d4851a1d" relativeResultsDirectory="799db0ef-24c9-4e08-984b-888b9d3f9177">
    </UnitTestResult>
    <UnitTestResult executionId="c6c8e3dd-6a23-49db-8f88-3a69b9590e2c" testId="21cd2d7c-c714-efa2-4c1d-abe7711f0f8f" testName="IfNotNull01ThrowsContractException561" computerName="EDSAC" duration="00:00:00.0009182" startTime="2010-12-04T14:24:43.3443066+00:00" endTime="2010-12-04T14:24:43.3613076+00:00" testType="13cdc9d9-ddb5-4fa4-a97d-d965ccfc6d4b" outcome="Passed" testListId="8c84fa94-04c1-424b-9868-57a2d4851a1d" relativeResultsDirectory="c6c8e3dd-6a23-49db-8f88-3a69b9590e2c">
    </UnitTestResult>
    <UnitTestResult executionId="87b8640f-09a0-488f-a026-84b9a1eb2cf1" testId="2250a8be-6947-1057-ceec-e49c62f651fa" testName="As21505" computerName="EDSAC" duration="00:00:00.0004773" startTime="2010-12-04T14:24:43.3673079+00:00" endTime="2010-12-04T14:24:43.3763084+00:00" testType="13cdc9d9-ddb5-4fa4-a97d-d965ccfc6d4b" outcome="Passed" testListId="8c84fa94-04c1-424b-9868-57a2d4851a1d" relativeResultsDirectory="87b8640f-09a0-488f-a026-84b9a1eb2cf1">
    </UnitTestResult>
    <UnitTestResult executionId="f83a8f51-d073-4638-956f-a14f49d445a5" testId="229cca66-aa3f-9557-9307-ec8679e563f6" testName="To0163701" computerName="EDSAC" duration="00:00:00.0031724" startTime="2010-12-04T14:24:43.3783086+00:00" endTime="2010-12-04T14:24:43.3963096+00:00" testType="13cdc9d9-ddb5-4fa4-a97d-d965ccfc6d4b" outcome="Passed" testListId="8c84fa94-04c1-424b-9868-57a2d4851a1d" relativeResultsDirectory="f83a8f51-d073-4638-956f-a14f49d445a5">
    </UnitTestResult>
    <UnitTestResult executionId="15ea4001-aa86-4f44-a063-54d910543325" testId="22b3bc9e-2d91-4747-086b-d415be2c5776" testName="RangeThrowsContractException560" computerName="EDSAC" duration="00:00:00.0005547" startTime="2010-12-04T14:24:43.3983097+00:00" endTime="2010-12-04T14:24:43.4123105+00:00" testType="13cdc9d9-ddb5-4fa4-a97d-d965ccfc6d4b" outcome="Passed" testListId="8c84fa94-04c1-424b-9868-57a2d4851a1d" relativeResultsDirectory="15ea4001-aa86-4f44-a063-54d910543325">
    </UnitTestResult>
    <UnitTestResult executionId="8b942ef4-14c8-4825-b9e6-ba87074b182e" testId="22fb3f0c-8177-2102-3c97-5cd124eaf953" testName="Add60902" computerName="EDSAC" duration="00:00:00.0004390" startTime="2010-12-04T14:24:43.4153107+00:00" endTime="2010-12-04T14:24:43.4303115+00:00" testType="13cdc9d9-ddb5-4fa4-a97d-d965ccfc6d4b" outcome="Passed" testListId="8c84fa94-04c1-424b-9868-57a2d4851a1d" relativeResultsDirectory="8b942ef4-14c8-4825-b9e6-ba87074b182e">
    </UnitTestResult>
    <UnitTestResult executionId="bdd0b907-aaff-478b-ae64-a9f9bdcca266" testId="23289518-cff6-51c7-cbca-8f7fc69c7429" testName="SubarrayThrowsContractException304" computerName="EDSAC" duration="00:00:00.0005450" startTime="2010-12-04T14:24:43.4363119+00:00" endTime="2010-12-04T14:24:43.4473125+00:00" testType="13cdc9d9-ddb5-4fa4-a97d-d965ccfc6d4b" outcome="Passed" testListId="8c84fa94-04c1-424b-9868-57a2d4851a1d" relativeResultsDirectory="bdd0b907-aaff-478b-ae64-a9f9bdcca266">
    </UnitTestResult>
    <UnitTestResult executionId="237025f2-b1ae-4d93-8007-cdafa8153e9c" testId="236dd585-9363-168d-3729-7ab007ad8692" testName="Fill68801" computerName="EDSAC" duration="00:00:00.0007839" startTime="2010-12-04T14:24:43.4503127+00:00" endTime="2010-12-04T14:24:43.4633134+00:00" testType="13cdc9d9-ddb5-4fa4-a97d-d965ccfc6d4b" outcome="Passed" testListId="8c84fa94-04c1-424b-9868-57a2d4851a1d" relativeResultsDirectory="237025f2-b1ae-4d93-8007-cdafa8153e9c">
    </UnitTestResult>
    <UnitTestResult executionId="20217c2f-27bd-4125-b9e1-e8032b004518" testId="25d5b35a-db1f-e192-1a83-5fbd23003a20" testName="Execute53301" computerName="EDSAC" duration="00:00:00.0002641" startTime="2010-12-04T14:24:43.4653135+00:00" endTime="2010-12-04T14:24:43.4793143+00:00" testType="13cdc9d9-ddb5-4fa4-a97d-d965ccfc6d4b" outcome="Passed" testListId="8c84fa94-04c1-424b-9868-57a2d4851a1d" relativeResultsDirectory="20217c2f-27bd-4125-b9e1-e8032b004518">
    </UnitTestResult>
    <UnitTestResult executionId="233ee94e-a731-4054-9cab-e7b710a53758" testId="25e137bf-b11b-a709-2200-80de04831d5b" testName="As0163228" computerName="EDSAC" duration="00:00:00.0004050" startTime="2010-12-04T14:24:43.4813145+00:00" endTime="2010-12-04T14:24:43.4963153+00:00" testType="13cdc9d9-ddb5-4fa4-a97d-d965ccfc6d4b" outcome="Passed" testListId="8c84fa94-04c1-424b-9868-57a2d4851a1d" relativeResultsDirectory="233ee94e-a731-4054-9cab-e7b710a53758">
    </UnitTestResult>
    <UnitTestResult executionId="e8919fb8-43fe-466e-bc73-52265d07be43" testId="2873c42d-778c-9215-3e6d-6d287f7555e3" testName="SubarrayThrowsIndexOutOfRangeException460" computerName="EDSAC" duration="00:00:00.0282504" startTime="2010-12-04T14:24:43.4983154+00:00" endTime="2010-12-04T14:24:43.5423179+00:00" testType="13cdc9d9-ddb5-4fa4-a97d-d965ccfc6d4b" outcome="Failed" testListId="8c84fa94-04c1-424b-9868-57a2d4851a1d" relativeResultsDirectory="e8919fb8-43fe-466e-bc73-52265d07be43">
      <Output>
        <ErrorInfo>
          <Message>Test method SharpBag.ExtensionsTest.SubarrayThrowsIndexOutOfRangeException460 threw exception: 
System.IndexOutOfRangeException: Index was outside the bounds of the array.</Message>
          <StackTrace>    at SharpBag.Extensions.Subarray(Int32[,] a, Int32 x1, Int32 y1, Int32 x2, Int32 y2) in C:\Users\SuprDewd\Desktop\Projects\Forritun\SharpBag\SharpBag\Extensions.cs:line 569
   at SharpBag.ExtensionsTest.SubarrayThrowsIndexOutOfRangeException460() in C:\Users\SuprDewd\Desktop\Projects\Forritun\SharpBag\SharpBag.Tests01\ExtensionsTest.Subarray.g.cs:line 76
</StackTrace>
        </ErrorInfo>
      </Output>
    </UnitTestResult>
    <UnitTestResult executionId="9e04399e-b264-4d56-97a0-4fa7da27cd1b" testId="29095a51-c311-c865-7cf1-7076578258b7" testName="As0136704" computerName="EDSAC" duration="00:00:00.0010190" startTime="2010-12-04T14:24:43.5473182+00:00" endTime="2010-12-04T14:24:43.5633191+00:00" testType="13cdc9d9-ddb5-4fa4-a97d-d965ccfc6d4b" outcome="Passed" testListId="8c84fa94-04c1-424b-9868-57a2d4851a1d" relativeResultsDirectory="9e04399e-b264-4d56-97a0-4fa7da27cd1b">
    </UnitTestResult>
    <UnitTestResult executionId="40024c03-7d61-4454-9b40-cf631ce8b24b" testId="29e140f3-0b7d-028a-f85f-e65d5e7a4460" testName="Add29601" computerName="EDSAC" duration="00:00:00.0005664" startTime="2010-12-04T14:24:43.5653193+00:00" endTime="2010-12-04T14:24:43.5793201+00:00" testType="13cdc9d9-ddb5-4fa4-a97d-d965ccfc6d4b" outcome="Passed" testListId="8c84fa94-04c1-424b-9868-57a2d4851a1d" relativeResultsDirectory="40024c03-7d61-4454-9b40-cf631ce8b24b">
    </UnitTestResult>
    <UnitTestResult executionId="253bc205-147e-40c3-a470-f0c3cf9774d5" testId="2a3bccbe-42e2-9009-af11-20e5efc1eb2e" testName="As0163241" computerName="EDSAC" duration="00:00:00.0004260" startTime="2010-12-04T14:24:43.5893206+00:00" endTime="2010-12-04T14:24:43.6063216+00:00" testType="13cdc9d9-ddb5-4fa4-a97d-d965ccfc6d4b" outcome="Passed" testListId="8c84fa94-04c1-424b-9868-57a2d4851a1d" relativeResultsDirectory="253bc205-147e-40c3-a470-f0c3cf9774d5">
    </UnitTestResult>
    <UnitTestResult executionId="b1aa2203-f354-444f-acec-bcb9e3b43a19" testId="2b6a1fd0-ad89-86fe-c32f-c850f3486570" testName="As0166401" computerName="EDSAC" duration="00:00:00.0006798" startTime="2010-12-04T14:24:43.6093218+00:00" endTime="2010-12-04T14:24:43.6253227+00:00" testType="13cdc9d9-ddb5-4fa4-a97d-d965ccfc6d4b" outcome="Passed" testListId="8c84fa94-04c1-424b-9868-57a2d4851a1d" relativeResultsDirectory="b1aa2203-f354-444f-acec-bcb9e3b43a19">
    </UnitTestResult>
    <UnitTestResult executionId="41a71f85-8f7b-4c8e-a14d-0f8cf2a3697d" testId="2b9734bf-2716-3fbd-907d-b338c9f5816c" testName="As0163225" computerName="EDSAC" duration="00:00:00.0004106" startTime="2010-12-04T14:24:43.6283229+00:00" endTime="2010-12-04T14:24:43.6413236+00:00" testType="13cdc9d9-ddb5-4fa4-a97d-d965ccfc6d4b" outcome="Passed" testListId="8c84fa94-04c1-424b-9868-57a2d4851a1d" relativeResultsDirectory="41a71f85-8f7b-4c8e-a14d-0f8cf2a3697d">
    </UnitTestResult>
    <UnitTestResult executionId="2ce35867-c53d-4c05-bf16-1e1d7745e8ad" testId="2c678190-6575-f47a-afde-b3eb80b1856c" testName="As0166003" computerName="EDSAC" duration="00:00:00.0004255" startTime="2010-12-04T14:24:43.6443238+00:00" endTime="2010-12-04T14:24:43.6603247+00:00" testType="13cdc9d9-ddb5-4fa4-a97d-d965ccfc6d4b" outcome="Passed" testListId="8c84fa94-04c1-424b-9868-57a2d4851a1d" relativeResultsDirectory="2ce35867-c53d-4c05-bf16-1e1d7745e8ad">
    </UnitTestResult>
    <UnitTestResult executionId="cd78c696-c2ac-49b1-9824-1ca547b33831" testId="2cb985a5-30e0-1631-ebdb-14215fcd5267" testName="Random575" computerName="EDSAC" duration="00:00:00.0004064" startTime="2010-12-04T14:24:43.6623248+00:00" endTime="2010-12-04T14:24:43.6773257+00:00" testType="13cdc9d9-ddb5-4fa4-a97d-d965ccfc6d4b" outcome="Passed" testListId="8c84fa94-04c1-424b-9868-57a2d4851a1d" relativeResultsDirectory="cd78c696-c2ac-49b1-9824-1ca547b33831">
    </UnitTestResult>
    <UnitTestResult executionId="2c6219a6-114b-4e14-bf56-8d5ad62630c6" testId="2e107be2-e3af-1a8b-fb4b-bdb5534db4b8" testName="GetByPercent562" computerName="EDSAC" duration="00:00:00.0003504" startTime="2010-12-04T14:24:43.6803258+00:00" endTime="2010-12-04T14:24:43.6963268+00:00" testType="13cdc9d9-ddb5-4fa4-a97d-d965ccfc6d4b" outcome="Passed" testListId="8c84fa94-04c1-424b-9868-57a2d4851a1d" relativeResultsDirectory="2c6219a6-114b-4e14-bf56-8d5ad62630c6">
    </UnitTestResult>
    <UnitTestResult executionId="87d08fda-6419-45b8-9833-bb1d4c9546e7" testId="2e9abde5-72f2-18f2-ec62-8da36318a8ed" testName="As0163213" computerName="EDSAC" duration="00:00:00.0004381" startTime="2010-12-04T14:24:43.7043272+00:00" endTime="2010-12-04T14:24:43.7123277+00:00" testType="13cdc9d9-ddb5-4fa4-a97d-d965ccfc6d4b" outcome="Passed" testListId="8c84fa94-04c1-424b-9868-57a2d4851a1d" relativeResultsDirectory="87d08fda-6419-45b8-9833-bb1d4c9546e7">
    </UnitTestResult>
    <UnitTestResult executionId="979e7ed4-258f-47df-a313-4009c93b8fa7" testId="2f965438-892b-963f-1d2d-a0dc16402531" testName="Fill0110503" computerName="EDSAC" duration="00:00:00.0003760" startTime="2010-12-04T14:24:43.7233283+00:00" endTime="2010-12-04T14:24:43.7313288+00:00" testType="13cdc9d9-ddb5-4fa4-a97d-d965ccfc6d4b" outcome="Passed" testListId="8c84fa94-04c1-424b-9868-57a2d4851a1d" relativeResultsDirectory="979e7ed4-258f-47df-a313-4009c93b8fa7">
    </UnitTestResult>
    <UnitTestResult executionId="814118ab-b76d-4b30-82ba-22aa0bc9d431" testId="2fd85783-fc83-f96f-d9bf-a6bcc5a252f1" testName="UnionAllThrowsContractException888" computerName="EDSAC" duration="00:00:00.0007162" startTime="2010-12-04T14:24:43.7343289+00:00" endTime="2010-12-04T14:24:43.7463296+00:00" testType="13cdc9d9-ddb5-4fa4-a97d-d965ccfc6d4b" outcome="Passed" testListId="8c84fa94-04c1-424b-9868-57a2d4851a1d" relativeResultsDirectory="814118ab-b76d-4b30-82ba-22aa0bc9d431">
    </UnitTestResult>
    <UnitTestResult executionId="ccdce944-4da8-4165-bed3-d61bc58419cc" testId="2ff335b0-14c8-89c8-7e7b-05ade8625c3d" testName="NullOrThrowsContractException472" computerName="EDSAC" duration="00:00:00.0013335" startTime="2010-12-04T14:24:43.7483297+00:00" endTime="2010-12-04T14:24:43.7673308+00:00" testType="13cdc9d9-ddb5-4fa4-a97d-d965ccfc6d4b" outcome="Passed" testListId="8c84fa94-04c1-424b-9868-57a2d4851a1d" relativeResultsDirectory="ccdce944-4da8-4165-bed3-d61bc58419cc">
    </UnitTestResult>
    <UnitTestResult executionId="fcdf83cc-e53a-4026-b231-a833ce601583" testId="2ff38794-ad92-1998-3c20-e3ee775a8969" testName="TakeEveryThrowsContractException368" computerName="EDSAC" duration="00:00:00.0005706" startTime="2010-12-04T14:24:43.7693309+00:00" endTime="2010-12-04T14:24:43.7863319+00:00" testType="13cdc9d9-ddb5-4fa4-a97d-d965ccfc6d4b" outcome="Passed" testListId="8c84fa94-04c1-424b-9868-57a2d4851a1d" relativeResultsDirectory="fcdf83cc-e53a-4026-b231-a833ce601583">
    </UnitTestResult>
    <UnitTestResult executionId="e584b449-cdd6-4eab-a741-1149cfbb6dc9" testId="31751606-0e00-3ddd-298e-e7c2d6c445a2" testName="As0198302" computerName="EDSAC" duration="00:00:00.0007493" startTime="2010-12-04T14:24:43.7883320+00:00" endTime="2010-12-04T14:24:43.8073331+00:00" testType="13cdc9d9-ddb5-4fa4-a97d-d965ccfc6d4b" outcome="Passed" testListId="8c84fa94-04c1-424b-9868-57a2d4851a1d" relativeResultsDirectory="e584b449-cdd6-4eab-a741-1149cfbb6dc9">
    </UnitTestResult>
    <UnitTestResult executionId="8ffeda87-9e37-4f26-99fb-413a72201190" testId="31a88d64-bb5b-6217-2758-d493dee381b6" testName="To02632" computerName="EDSAC" duration="00:00:00.0050753" startTime="2010-12-04T14:24:43.8103333+00:00" endTime="2010-12-04T14:24:43.8213339+00:00" testType="13cdc9d9-ddb5-4fa4-a97d-d965ccfc6d4b" outcome="Passed" testListId="8c84fa94-04c1-424b-9868-57a2d4851a1d" relativeResultsDirectory="8ffeda87-9e37-4f26-99fb-413a72201190">
    </UnitTestResult>
    <UnitTestResult executionId="6807bb51-6f42-4a90-aa88-29a09d6baca2" testId="31a904fb-b5e5-f95a-175a-584bb2addaff" testName="As0163209" computerName="EDSAC" duration="00:00:00.0004236" startTime="2010-12-04T14:24:43.8223340+00:00" endTime="2010-12-04T14:24:43.8523357+00:00" testType="13cdc9d9-ddb5-4fa4-a97d-d965ccfc6d4b" outcome="Passed" testListId="8c84fa94-04c1-424b-9868-57a2d4851a1d" relativeResultsDirectory="6807bb51-6f42-4a90-aa88-29a09d6baca2">
    </UnitTestResult>
    <UnitTestResult executionId="2f620d65-7c6c-4faf-8013-236863d0854d" testId="33d00c5c-c888-05a3-fa39-c11369cf7bd7" testName="Iter96002" computerName="EDSAC" duration="00:00:00.0006854" startTime="2010-12-04T14:24:43.8603361+00:00" endTime="2010-12-04T14:24:43.8763370+00:00" testType="13cdc9d9-ddb5-4fa4-a97d-d965ccfc6d4b" outcome="Passed" testListId="8c84fa94-04c1-424b-9868-57a2d4851a1d" relativeResultsDirectory="2f620d65-7c6c-4faf-8013-236863d0854d">
    </UnitTestResult>
    <UnitTestResult executionId="b357a241-848b-4123-b830-b83623155436" testId="3403c50d-2a71-9a27-1ea8-652ff438ba45" testName="As0163218" computerName="EDSAC" duration="00:00:00.0004054" startTime="2010-12-04T14:24:43.8783372+00:00" endTime="2010-12-04T14:24:43.8913379+00:00" testType="13cdc9d9-ddb5-4fa4-a97d-d965ccfc6d4b" outcome="Passed" testListId="8c84fa94-04c1-424b-9868-57a2d4851a1d" relativeResultsDirectory="b357a241-848b-4123-b830-b83623155436">
    </UnitTestResult>
    <UnitTestResult executionId="92c442d6-d2b1-4c8f-9dd6-7d4189893bb8" testId="34aa3cd1-c558-0302-e5aa-355d37850848" testName="ForEach78802" computerName="EDSAC" duration="00:00:00.0004222" startTime="2010-12-04T14:24:43.9033386+00:00" endTime="2010-12-04T14:24:43.9163393+00:00" testType="13cdc9d9-ddb5-4fa4-a97d-d965ccfc6d4b" outcome="Passed" testListId="8c84fa94-04c1-424b-9868-57a2d4851a1d" relativeResultsDirectory="92c442d6-d2b1-4c8f-9dd6-7d4189893bb8">
    </UnitTestResult>
    <UnitTestResult executionId="282147d7-ceea-4a17-a75f-4ee6365372ca" testId="36c0ac7a-9f37-b952-7a17-2ad1e9132b69" testName="ForEach12504" computerName="EDSAC" duration="00:00:00.0003821" startTime="2010-12-04T14:24:43.9183395+00:00" endTime="2010-12-04T14:24:43.9363405+00:00" testType="13cdc9d9-ddb5-4fa4-a97d-d965ccfc6d4b" outcome="Passed" testListId="8c84fa94-04c1-424b-9868-57a2d4851a1d" relativeResultsDirectory="282147d7-ceea-4a17-a75f-4ee6365372ca">
    </UnitTestResult>
    <UnitTestResult executionId="5eb38b0e-1c4e-43b6-8eed-418132303e81" testId="37c5e788-97a2-ee7f-c1df-5b64dcc3fb4c" testName="As0166002" computerName="EDSAC" duration="00:00:00.0004078" startTime="2010-12-04T14:24:43.9383406+00:00" endTime="2010-12-04T14:24:43.9553416+00:00" testType="13cdc9d9-ddb5-4fa4-a97d-d965ccfc6d4b" outcome="Passed" testListId="8c84fa94-04c1-424b-9868-57a2d4851a1d" relativeResultsDirectory="5eb38b0e-1c4e-43b6-8eed-418132303e81">
    </UnitTestResult>
    <UnitTestResult executionId="d5c74dea-248b-4b27-abb2-8345c5f0a087" testId="382ae704-dd0b-2259-d31c-dfbfb69a1305" testName="UnionAll13601" computerName="EDSAC" duration="00:00:00.0006317" startTime="2010-12-04T14:24:43.9593418+00:00" endTime="2010-12-04T14:24:43.9743427+00:00" testType="13cdc9d9-ddb5-4fa4-a97d-d965ccfc6d4b" outcome="Passed" testListId="8c84fa94-04c1-424b-9868-57a2d4851a1d" relativeResultsDirectory="d5c74dea-248b-4b27-abb2-8345c5f0a087">
    </UnitTestResult>
    <UnitTestResult executionId="ba54e4db-73d7-453a-825a-7c83a5dc0cf0" testId="389db5b6-ab96-a436-4af4-f75359c85bc2" testName="As0163224" computerName="EDSAC" duration="00:00:00.0008902" startTime="2010-12-04T14:24:43.9773428+00:00" endTime="2010-12-04T14:24:43.9923437+00:00" testType="13cdc9d9-ddb5-4fa4-a97d-d965ccfc6d4b" outcome="Passed" testListId="8c84fa94-04c1-424b-9868-57a2d4851a1d" relativeResultsDirectory="ba54e4db-73d7-453a-825a-7c83a5dc0cf0">
    </UnitTestResult>
    <UnitTestResult executionId="956da85c-00f6-4c4a-9a45-c072f223156e" testId="3902168e-77cb-c1b4-c44f-4336ab3b86bd" testName="EmptyIfNull122" computerName="EDSAC" duration="00:00:00.0012724" startTime="2010-12-04T14:24:43.9973440+00:00" endTime="2010-12-04T14:24:44.0103447+00:00" testType="13cdc9d9-ddb5-4fa4-a97d-d965ccfc6d4b" outcome="Passed" testListId="8c84fa94-04c1-424b-9868-57a2d4851a1d" relativeResultsDirectory="956da85c-00f6-4c4a-9a45-c072f223156e">
    </UnitTestResult>
    <UnitTestResult executionId="7809ea26-a21c-4cf7-a2c6-eec65fd3d039" testId="39820720-af85-1690-8f39-546deff2b7b4" testName="AsEnumerable0128302" computerName="EDSAC" duration="00:00:00.0022052" startTime="2010-12-04T14:24:44.0123448+00:00" endTime="2010-12-04T14:24:44.0293458+00:00" testType="13cdc9d9-ddb5-4fa4-a97d-d965ccfc6d4b" outcome="Passed" testListId="8c84fa94-04c1-424b-9868-57a2d4851a1d" relativeResultsDirectory="7809ea26-a21c-4cf7-a2c6-eec65fd3d039">
    </UnitTestResult>
    <UnitTestResult executionId="d3322348-b3c2-4317-bdd3-b7148a56b3f2" testId="39a24eb5-a45d-f931-6682-86b278494085" testName="Fill0168804" computerName="EDSAC" duration="00:00:00.0003569" startTime="2010-12-04T14:24:44.0373463+00:00" endTime="2010-12-04T14:24:44.0473468+00:00" testType="13cdc9d9-ddb5-4fa4-a97d-d965ccfc6d4b" outcome="Passed" testListId="8c84fa94-04c1-424b-9868-57a2d4851a1d" relativeResultsDirectory="d3322348-b3c2-4317-bdd3-b7148a56b3f2">
    </UnitTestResult>
    <UnitTestResult executionId="7468a489-6ef9-45bc-a097-1928e16574be" testId="3c1d094b-ca29-adfc-cfcd-77289a3cce3f" testName="As0130304" computerName="EDSAC" duration="00:00:00.0004054" startTime="2010-12-04T14:24:44.0493469+00:00" endTime="2010-12-04T14:24:44.0643478+00:00" testType="13cdc9d9-ddb5-4fa4-a97d-d965ccfc6d4b" outcome="Passed" testListId="8c84fa94-04c1-424b-9868-57a2d4851a1d" relativeResultsDirectory="7468a489-6ef9-45bc-a097-1928e16574be">
    </UnitTestResult>
    <UnitTestResult executionId="ae67af05-67f6-4aea-8305-3ed9194fb880" testId="3ca3afbe-4155-3a78-1581-d034645ac0e9" testName="To04ThrowsContractException193" computerName="EDSAC" duration="00:00:00.0005188" startTime="2010-12-04T14:24:44.0743484+00:00" endTime="2010-12-04T14:24:44.0843489+00:00" testType="13cdc9d9-ddb5-4fa4-a97d-d965ccfc6d4b" outcome="Passed" testListId="8c84fa94-04c1-424b-9868-57a2d4851a1d" relativeResultsDirectory="ae67af05-67f6-4aea-8305-3ed9194fb880">
    </UnitTestResult>
    <UnitTestResult executionId="c5f8e6c9-8e2b-42d0-8abc-29052c97daad" testId="3f99a1d3-4dae-8b7d-a361-9ebbf5115b1e" testName="As0163240" computerName="EDSAC" duration="00:00:00.0004521" startTime="2010-12-04T14:24:44.0863491+00:00" endTime="2010-12-04T14:24:44.0993498+00:00" testType="13cdc9d9-ddb5-4fa4-a97d-d965ccfc6d4b" outcome="Passed" testListId="8c84fa94-04c1-424b-9868-57a2d4851a1d" relativeResultsDirectory="c5f8e6c9-8e2b-42d0-8abc-29052c97daad">
    </UnitTestResult>
    <UnitTestResult executionId="d259785d-e9f0-4694-8608-b066ef2fdec8" testId="3febe6f3-67ab-23b3-dd85-d4b7c1206b0c" testName="TakeEvery57301" computerName="EDSAC" duration="00:00:00.0008650" startTime="2010-12-04T14:24:44.1013499+00:00" endTime="2010-12-04T14:24:44.1163508+00:00" testType="13cdc9d9-ddb5-4fa4-a97d-d965ccfc6d4b" outcome="Passed" testListId="8c84fa94-04c1-424b-9868-57a2d4851a1d" relativeResultsDirectory="d259785d-e9f0-4694-8608-b066ef2fdec8">
    </UnitTestResult>
    <UnitTestResult executionId="c5987290-e66b-4c3a-bb2d-c95627e5904b" testId="40b13692-f736-7aca-afa5-678a24ba3ffc" testName="As0163219" computerName="EDSAC" duration="00:00:00.0003947" startTime="2010-12-04T14:24:44.1253513+00:00" endTime="2010-12-04T14:24:44.1373520+00:00" testType="13cdc9d9-ddb5-4fa4-a97d-d965ccfc6d4b" outcome="Passed" testListId="8c84fa94-04c1-424b-9868-57a2d4851a1d" relativeResultsDirectory="c5987290-e66b-4c3a-bb2d-c95627e5904b">
    </UnitTestResult>
    <UnitTestResult executionId="bcc5f2a1-e99d-4327-bf19-6d8f191165d3" testId="40e83519-1225-601d-0c17-661b77e82314" testName="As01404" computerName="EDSAC" duration="00:00:00.0007489" startTime="2010-12-04T14:24:44.1383520+00:00" endTime="2010-12-04T14:24:44.1543530+00:00" testType="13cdc9d9-ddb5-4fa4-a97d-d965ccfc6d4b" outcome="Passed" testListId="8c84fa94-04c1-424b-9868-57a2d4851a1d" relativeResultsDirectory="bcc5f2a1-e99d-4327-bf19-6d8f191165d3">
    </UnitTestResult>
    <UnitTestResult executionId="95854664-e3d9-4bf7-ae90-12c917e1f0bb" testId="4183213a-6645-16c2-af8b-e5bfcf7442d8" testName="NullOr90701" computerName="EDSAC" duration="00:00:00.0031687" startTime="2010-12-04T14:24:44.1573531+00:00" endTime="2010-12-04T14:24:44.1743541+00:00" testType="13cdc9d9-ddb5-4fa4-a97d-d965ccfc6d4b" outcome="Passed" testListId="8c84fa94-04c1-424b-9868-57a2d4851a1d" relativeResultsDirectory="95854664-e3d9-4bf7-ae90-12c917e1f0bb">
    </UnitTestResult>
    <UnitTestResult executionId="f333bbc9-e4ab-4296-835e-62d24aa9beaa" testId="41b53b6b-04c0-c784-5da0-bab31b4fb4d7" testName="ForEach90803" computerName="EDSAC" duration="00:00:00.0004250" startTime="2010-12-04T14:24:44.1763542+00:00" endTime="2010-12-04T14:24:44.1903550+00:00" testType="13cdc9d9-ddb5-4fa4-a97d-d965ccfc6d4b" outcome="Passed" testListId="8c84fa94-04c1-424b-9868-57a2d4851a1d" relativeResultsDirectory="f333bbc9-e4ab-4296-835e-62d24aa9beaa">
    </UnitTestResult>
    <UnitTestResult executionId="0afe5901-edd7-4d5d-adba-892e808a8df6" testId="42f45f10-504d-0d19-0e58-1ea2105c69e9" testName="AsEnumerable0128301" computerName="EDSAC" duration="00:00:00.0004003" startTime="2010-12-04T14:24:44.1973554+00:00" endTime="2010-12-04T14:24:44.2113562+00:00" testType="13cdc9d9-ddb5-4fa4-a97d-d965ccfc6d4b" outcome="Passed" testListId="8c84fa94-04c1-424b-9868-57a2d4851a1d" relativeResultsDirectory="0afe5901-edd7-4d5d-adba-892e808a8df6">
    </UnitTestResult>
    <UnitTestResult executionId="fc4a3777-695a-4b9a-bbe2-4b3534ce1896" testId="43271b50-9462-4bb7-5e78-3783a2d68504" testName="As0198301" computerName="EDSAC" duration="00:00:00.0007815" startTime="2010-12-04T14:24:44.2203567+00:00" endTime="2010-12-04T14:24:44.2333575+00:00" testType="13cdc9d9-ddb5-4fa4-a97d-d965ccfc6d4b" outcome="Passed" testListId="8c84fa94-04c1-424b-9868-57a2d4851a1d" relativeResultsDirectory="fc4a3777-695a-4b9a-bbe2-4b3534ce1896">
    </UnitTestResult>
    <UnitTestResult executionId="cc2b76b1-7bdc-4e48-879a-00b8fd88891d" testId="44ddd54b-7a43-e4f9-ebb3-b78badce4585" testName="As21517" computerName="EDSAC" duration="00:00:00.0007302" startTime="2010-12-04T14:24:44.2353576+00:00" endTime="2010-12-04T14:24:44.2463582+00:00" testType="13cdc9d9-ddb5-4fa4-a97d-d965ccfc6d4b" outcome="Passed" testListId="8c84fa94-04c1-424b-9868-57a2d4851a1d" relativeResultsDirectory="cc2b76b1-7bdc-4e48-879a-00b8fd88891d">
    </UnitTestResult>
    <UnitTestResult executionId="78508cc2-b29c-4391-ad10-f95fad5a2754" testId="4603637e-fb7e-2981-f426-423b0ee1dc90" testName="As01ThrowsContractException876" computerName="EDSAC" duration="00:00:00.0015220" startTime="2010-12-04T14:24:44.2483583+00:00" endTime="2010-12-04T14:24:44.2653593+00:00" testType="13cdc9d9-ddb5-4fa4-a97d-d965ccfc6d4b" outcome="Passed" testListId="8c84fa94-04c1-424b-9868-57a2d4851a1d" relativeResultsDirectory="78508cc2-b29c-4391-ad10-f95fad5a2754">
    </UnitTestResult>
    <UnitTestResult executionId="b55a51f9-26ee-4832-bc5e-b0b84d8eb4fa" testId="466bff3f-4c8e-a9c1-50f6-91ffeb15d3a1" testName="As0163231" computerName="EDSAC" duration="00:00:00.0012892" startTime="2010-12-04T14:24:44.2673594+00:00" endTime="2010-12-04T14:24:44.2833603+00:00" testType="13cdc9d9-ddb5-4fa4-a97d-d965ccfc6d4b" outcome="Passed" testListId="8c84fa94-04c1-424b-9868-57a2d4851a1d" relativeResultsDirectory="b55a51f9-26ee-4832-bc5e-b0b84d8eb4fa">
    </UnitTestResult>
    <UnitTestResult executionId="8bd0e000-1011-4808-9323-9e8fb8b966e1" testId="46ca0fd9-03e1-55e3-3ad7-b4625d8d07c0" testName="IfNotNull17302" computerName="EDSAC" duration="00:00:00.0003527" startTime="2010-12-04T14:24:44.2883606+00:00" endTime="2010-12-04T14:24:44.3033615+00:00" testType="13cdc9d9-ddb5-4fa4-a97d-d965ccfc6d4b" outcome="Passed" testListId="8c84fa94-04c1-424b-9868-57a2d4851a1d" relativeResultsDirectory="8bd0e000-1011-4808-9323-9e8fb8b966e1">
    </UnitTestResult>
    <UnitTestResult executionId="a9d6505f-10cc-41f7-a468-378723496406" testId="473a2b39-cb44-1d62-3c12-9fd92e3b377f" testName="As0163222" computerName="EDSAC" duration="00:00:00.0004166" startTime="2010-12-04T14:24:44.3143621+00:00" endTime="2010-12-04T14:24:44.3253627+00:00" testType="13cdc9d9-ddb5-4fa4-a97d-d965ccfc6d4b" outcome="Passed" testListId="8c84fa94-04c1-424b-9868-57a2d4851a1d" relativeResultsDirectory="a9d6505f-10cc-41f7-a468-378723496406">
    </UnitTestResult>
    <UnitTestResult executionId="c6078f6c-536f-484b-aa09-6507fec79c1f" testId="4828b82d-197c-d38d-1052-fb24855ec6ae" testName="UnionAll02ThrowsContractException669" computerName="EDSAC" duration="00:00:00.0027949" startTime="2010-12-04T14:24:44.3283629+00:00" endTime="2010-12-04T14:24:44.3423637+00:00" testType="13cdc9d9-ddb5-4fa4-a97d-d965ccfc6d4b" outcome="Passed" testListId="8c84fa94-04c1-424b-9868-57a2d4851a1d" relativeResultsDirectory="c6078f6c-536f-484b-aa09-6507fec79c1f">
    </UnitTestResult>
    <UnitTestResult executionId="35535f6f-d0f9-4e83-9a0a-449834d6f276" testId="49aa9228-e307-ef3c-566e-386137588923" testName="IfNotNull0192301" computerName="EDSAC" duration="00:00:00.0003994" startTime="2010-12-04T14:24:44.3473640+00:00" endTime="2010-12-04T14:24:44.3613648+00:00" testType="13cdc9d9-ddb5-4fa4-a97d-d965ccfc6d4b" outcome="Passed" testListId="8c84fa94-04c1-424b-9868-57a2d4851a1d" relativeResultsDirectory="35535f6f-d0f9-4e83-9a0a-449834d6f276">
    </UnitTestResult>
    <UnitTestResult executionId="d0b82a46-c0f4-4c69-aaf4-f09345a4c656" testId="49b4e1b0-9a60-f1f3-7d8e-e1f63ecc7d50" testName="UnionAll02ThrowsContractException903" computerName="EDSAC" duration="00:00:00.0012514" startTime="2010-12-04T14:24:44.3723654+00:00" endTime="2010-12-04T14:24:44.3863662+00:00" testType="13cdc9d9-ddb5-4fa4-a97d-d965ccfc6d4b" outcome="Passed" testListId="8c84fa94-04c1-424b-9868-57a2d4851a1d" relativeResultsDirectory="d0b82a46-c0f4-4c69-aaf4-f09345a4c656">
    </UnitTestResult>
    <UnitTestResult executionId="47bbc583-53f4-4404-81f5-987ef38e22b4" testId="4a5ccd91-8853-f0cc-c6d0-af1603a36ab2" testName="As0166001" computerName="EDSAC" duration="00:00:00.0003970" startTime="2010-12-04T14:24:44.4003670+00:00" endTime="2010-12-04T14:24:44.4093675+00:00" testType="13cdc9d9-ddb5-4fa4-a97d-d965ccfc6d4b" outcome="Passed" testListId="8c84fa94-04c1-424b-9868-57a2d4851a1d" relativeResultsDirectory="47bbc583-53f4-4404-81f5-987ef38e22b4">
    </UnitTestResult>
    <UnitTestResult executionId="94d306aa-c13f-416b-b09f-ca00193e341e" testId="4c1abec7-91f0-7672-2e0f-302cf26fbd1a" testName="As0166403" computerName="EDSAC" duration="00:00:00.0010764" startTime="2010-12-04T14:24:44.4193681+00:00" endTime="2010-12-04T14:24:44.4283686+00:00" testType="13cdc9d9-ddb5-4fa4-a97d-d965ccfc6d4b" outcome="Passed" testListId="8c84fa94-04c1-424b-9868-57a2d4851a1d" relativeResultsDirectory="94d306aa-c13f-416b-b09f-ca00193e341e">
    </UnitTestResult>
    <UnitTestResult executionId="50efd195-5061-4d38-92fe-2609edccf7ff" testId="4c766330-2a1a-c11f-5958-fa0e45c2a866" testName="UnionAll0233901" computerName="EDSAC" duration="00:00:00.0005986" startTime="2010-12-04T14:24:44.4373691+00:00" endTime="2010-12-04T14:24:44.4453696+00:00" testType="13cdc9d9-ddb5-4fa4-a97d-d965ccfc6d4b" outcome="Passed" testListId="8c84fa94-04c1-424b-9868-57a2d4851a1d" relativeResultsDirectory="50efd195-5061-4d38-92fe-2609edccf7ff">
    </UnitTestResult>
    <UnitTestResult executionId="c6301738-bc23-4b66-954a-8e9b27bc30fa" testId="4d41008a-7d5b-c195-89ca-25e2bba2803d" testName="NullOr71404" computerName="EDSAC" duration="00:00:00.0095524" startTime="2010-12-04T14:24:44.4483698+00:00" endTime="2010-12-04T14:24:44.4693710+00:00" testType="13cdc9d9-ddb5-4fa4-a97d-d965ccfc6d4b" outcome="Passed" testListId="8c84fa94-04c1-424b-9868-57a2d4851a1d" relativeResultsDirectory="c6301738-bc23-4b66-954a-8e9b27bc30fa">
    </UnitTestResult>
    <UnitTestResult executionId="0a3211c7-cb57-4a56-9da0-4184c0662cad" testId="4ef1899b-961d-b074-c653-732880e5589d" testName="ForEachThrowsContractException158" computerName="EDSAC" duration="00:00:00.0006733" startTime="2010-12-04T14:24:44.4733712+00:00" endTime="2010-12-04T14:24:44.4883721+00:00" testType="13cdc9d9-ddb5-4fa4-a97d-d965ccfc6d4b" outcome="Passed" testListId="8c84fa94-04c1-424b-9868-57a2d4851a1d" relativeResultsDirectory="0a3211c7-cb57-4a56-9da0-4184c0662cad">
    </UnitTestResult>
    <UnitTestResult executionId="b8aa3bdf-79a9-4144-bc66-9cfb9d2925da" testId="4f308a7f-5339-1197-c196-e8c2a3294cdb" testName="AsEnumerable0258803" computerName="EDSAC" duration="00:00:00.0023479" startTime="2010-12-04T14:24:44.4913722+00:00" endTime="2010-12-04T14:24:44.5083732+00:00" testType="13cdc9d9-ddb5-4fa4-a97d-d965ccfc6d4b" outcome="Passed" testListId="8c84fa94-04c1-424b-9868-57a2d4851a1d" relativeResultsDirectory="b8aa3bdf-79a9-4144-bc66-9cfb9d2925da">
    </UnitTestResult>
    <UnitTestResult executionId="b8c8886b-324a-4f4e-8e5b-f5b2f3de57af" testId="4fbb91c1-c965-1543-022c-12856d2ae5ad" testName="As0163243" computerName="EDSAC" duration="00:00:00.0003984" startTime="2010-12-04T14:24:44.5103733+00:00" endTime="2010-12-04T14:24:44.5253742+00:00" testType="13cdc9d9-ddb5-4fa4-a97d-d965ccfc6d4b" outcome="Passed" testListId="8c84fa94-04c1-424b-9868-57a2d4851a1d" relativeResultsDirectory="b8c8886b-324a-4f4e-8e5b-f5b2f3de57af">
    </UnitTestResult>
    <UnitTestResult executionId="5f89b56b-c8a4-4d3f-a18b-bfea80cbc091" testId="51819a1f-c4ce-ae98-f248-c4cc70983131" testName="SubarrayThrowsContractException966" computerName="EDSAC" duration="00:00:00.0005757" startTime="2010-12-04T14:24:44.5273743+00:00" endTime="2010-12-04T14:24:44.5423751+00:00" testType="13cdc9d9-ddb5-4fa4-a97d-d965ccfc6d4b" outcome="Passed" testListId="8c84fa94-04c1-424b-9868-57a2d4851a1d" relativeResultsDirectory="5f89b56b-c8a4-4d3f-a18b-bfea80cbc091">
    </UnitTestResult>
    <UnitTestResult executionId="feca56db-1240-4ecf-a472-3103d0b3fa3f" testId="532bfe79-61d3-8d09-52bb-06591829691e" testName="GetByPercentThrowsContractException151" computerName="EDSAC" duration="00:00:00.0005524" startTime="2010-12-04T14:24:44.5453753+00:00" endTime="2010-12-04T14:24:44.5593761+00:00" testType="13cdc9d9-ddb5-4fa4-a97d-d965ccfc6d4b" outcome="Passed" testListId="8c84fa94-04c1-424b-9868-57a2d4851a1d" relativeResultsDirectory="feca56db-1240-4ecf-a472-3103d0b3fa3f">
    </UnitTestResult>
    <UnitTestResult executionId="755a7bda-05bc-46ba-b92f-34df4afd21db" testId="54dfb2f2-edab-6914-c734-746381ef028e" testName="Times25801" computerName="EDSAC" duration="00:00:00.0035350" startTime="2010-12-04T14:24:44.5623763+00:00" endTime="2010-12-04T14:24:44.5793773+00:00" testType="13cdc9d9-ddb5-4fa4-a97d-d965ccfc6d4b" outcome="Passed" testListId="8c84fa94-04c1-424b-9868-57a2d4851a1d" relativeResultsDirectory="755a7bda-05bc-46ba-b92f-34df4afd21db">
    </UnitTestResult>
    <UnitTestResult executionId="c6d6d374-558b-4993-943b-b9ce264bd714" testId="559ad5fd-9c89-3fab-e602-368a88629e35" testName="As0163221" computerName="EDSAC" duration="00:00:00.0004451" startTime="2010-12-04T14:24:44.5823774+00:00" endTime="2010-12-04T14:24:44.5963782+00:00" testType="13cdc9d9-ddb5-4fa4-a97d-d965ccfc6d4b" outcome="Passed" testListId="8c84fa94-04c1-424b-9868-57a2d4851a1d" relativeResultsDirectory="c6d6d374-558b-4993-943b-b9ce264bd714">
    </UnitTestResult>
    <UnitTestResult executionId="5c9a00b1-2d4b-4018-be47-9b1b030bfa50" testId="567a07ee-04bb-68f0-b054-7c3ac20e04d0" testName="Range377" computerName="EDSAC" duration="00:00:00.0006121" startTime="2010-12-04T14:24:44.5993784+00:00" endTime="2010-12-04T14:24:44.6153793+00:00" testType="13cdc9d9-ddb5-4fa4-a97d-d965ccfc6d4b" outcome="Passed" testListId="8c84fa94-04c1-424b-9868-57a2d4851a1d" relativeResultsDirectory="5c9a00b1-2d4b-4018-be47-9b1b030bfa50">
    </UnitTestResult>
    <UnitTestResult executionId="571dd90d-6cea-44d3-92d9-c573928c857d" testId="56fc1a57-6e5c-088b-8f95-88d9f697c097" testName="NullOr71402" computerName="EDSAC" duration="00:00:00.0004922" startTime="2010-12-04T14:24:44.6233798+00:00" endTime="2010-12-04T14:24:44.6383806+00:00" testType="13cdc9d9-ddb5-4fa4-a97d-d965ccfc6d4b" outcome="Passed" testListId="8c84fa94-04c1-424b-9868-57a2d4851a1d" relativeResultsDirectory="571dd90d-6cea-44d3-92d9-c573928c857d">
    </UnitTestResult>
    <UnitTestResult executionId="b5095baf-13b6-442c-be04-02ac59329e2c" testId="5755d2a8-1978-f19d-e7bc-79a3772bf830" testName="IsIn01ThrowsContractException380" computerName="EDSAC" duration="00:00:00.0006061" startTime="2010-12-04T14:24:44.6423809+00:00" endTime="2010-12-04T14:24:44.6613820+00:00" testType="13cdc9d9-ddb5-4fa4-a97d-d965ccfc6d4b" outcome="Passed" testListId="8c84fa94-04c1-424b-9868-57a2d4851a1d" relativeResultsDirectory="b5095baf-13b6-442c-be04-02ac59329e2c">
    </UnitTestResult>
    <UnitTestResult executionId="70676a16-1a0a-41a1-892c-051e3057bc30" testId="583a3c4e-73f0-f6e0-0816-cbe45229841d" testName="AsEnumerable56001" computerName="EDSAC" duration="00:00:00.0005277" startTime="2010-12-04T14:24:44.6673823+00:00" endTime="2010-12-04T14:24:44.6763828+00:00" testType="13cdc9d9-ddb5-4fa4-a97d-d965ccfc6d4b" outcome="Passed" testListId="8c84fa94-04c1-424b-9868-57a2d4851a1d" relativeResultsDirectory="70676a16-1a0a-41a1-892c-051e3057bc30">
    </UnitTestResult>
    <UnitTestResult executionId="de6fc747-c442-4951-98b0-cb98cc72a605" testId="585eea8b-8fa4-71e8-9d43-5274aef9fa35" testName="As21520" computerName="EDSAC" duration="00:00:00.0006607" startTime="2010-12-04T14:24:44.6833832+00:00" endTime="2010-12-04T14:24:44.6903836+00:00" testType="13cdc9d9-ddb5-4fa4-a97d-d965ccfc6d4b" outcome="Passed" testListId="8c84fa94-04c1-424b-9868-57a2d4851a1d" relativeResultsDirectory="de6fc747-c442-4951-98b0-cb98cc72a605">
    </UnitTestResult>
    <UnitTestResult executionId="503c4b50-54b5-4e94-88bc-a4ddde22f914" testId="59990ab9-8064-95a7-969b-da2dc269c717" testName="ToDictionaryThrowsContractException478" computerName="EDSAC" duration="00:00:00.0015500" startTime="2010-12-04T14:24:44.6953839+00:00" endTime="2010-12-04T14:24:44.7083846+00:00" testType="13cdc9d9-ddb5-4fa4-a97d-d965ccfc6d4b" outcome="Passed" testListId="8c84fa94-04c1-424b-9868-57a2d4851a1d" relativeResultsDirectory="503c4b50-54b5-4e94-88bc-a4ddde22f914">
    </UnitTestResult>
    <UnitTestResult executionId="cc29216e-3d29-4b5a-a6e4-46d4e0cd9c20" testId="5b905b9d-179c-2930-2f2f-ad7751aea174" testName="As01401" computerName="EDSAC" duration="00:00:00.0010130" startTime="2010-12-04T14:24:44.7123849+00:00" endTime="2010-12-04T14:24:44.7263857+00:00" testType="13cdc9d9-ddb5-4fa4-a97d-d965ccfc6d4b" outcome="Passed" testListId="8c84fa94-04c1-424b-9868-57a2d4851a1d" relativeResultsDirectory="cc29216e-3d29-4b5a-a6e4-46d4e0cd9c20">
    </UnitTestResult>
    <UnitTestResult executionId="04cfc46d-f8aa-4b6d-8fc4-2279e2842e5e" testId="5d4547ce-a6eb-4a5d-11b5-fd4fb3f2b4c4" testName="IfNotNull17304" computerName="EDSAC" duration="00:00:00.0003574" startTime="2010-12-04T14:24:44.7343861+00:00" endTime="2010-12-04T14:24:44.7413865+00:00" testType="13cdc9d9-ddb5-4fa4-a97d-d965ccfc6d4b" outcome="Passed" testListId="8c84fa94-04c1-424b-9868-57a2d4851a1d" relativeResultsDirectory="04cfc46d-f8aa-4b6d-8fc4-2279e2842e5e">
    </UnitTestResult>
    <UnitTestResult executionId="6279caac-5a6e-463f-8752-21eb46c3f8d0" testId="5d663026-8403-d8b3-571f-dbc623bc2b0e" testName="As0163242" computerName="EDSAC" duration="00:00:00.0005482" startTime="2010-12-04T14:24:44.7433866+00:00" endTime="2010-12-04T14:24:44.7563874+00:00" testType="13cdc9d9-ddb5-4fa4-a97d-d965ccfc6d4b" outcome="Passed" testListId="8c84fa94-04c1-424b-9868-57a2d4851a1d" relativeResultsDirectory="6279caac-5a6e-463f-8752-21eb46c3f8d0">
    </UnitTestResult>
    <UnitTestResult executionId="12c51d5f-2354-4bdc-9dd2-a9d851b618e2" testId="5f6c8af1-2825-3c27-b802-e1be0e1eeb12" testName="Iter96001" computerName="EDSAC" duration="00:00:00.0004899" startTime="2010-12-04T14:24:44.7593876+00:00" endTime="2010-12-04T14:24:44.7753885+00:00" testType="13cdc9d9-ddb5-4fa4-a97d-d965ccfc6d4b" outcome="Passed" testListId="8c84fa94-04c1-424b-9868-57a2d4851a1d" relativeResultsDirectory="12c51d5f-2354-4bdc-9dd2-a9d851b618e2">
    </UnitTestResult>
    <UnitTestResult executionId="76a17ede-7934-41bc-ae22-5a249215f6c4" testId="603d3527-31ad-433b-f22d-64c8d067b62d" testName="NullOr90704" computerName="EDSAC" duration="00:00:00.0004549" startTime="2010-12-04T14:24:44.7773886+00:00" endTime="2010-12-04T14:24:44.7933895+00:00" testType="13cdc9d9-ddb5-4fa4-a97d-d965ccfc6d4b" outcome="Passed" testListId="8c84fa94-04c1-424b-9868-57a2d4851a1d" relativeResultsDirectory="76a17ede-7934-41bc-ae22-5a249215f6c4">
    </UnitTestResult>
    <UnitTestResult executionId="70193ef8-8f4d-4a92-9596-896262b95946" testId="633e6a31-e7c1-dc4e-810e-71a427cf70a8" testName="IsNot859" computerName="EDSAC" duration="00:00:00.0008254" startTime="2010-12-04T14:24:44.7963897+00:00" endTime="2010-12-04T14:24:44.8113905+00:00" testType="13cdc9d9-ddb5-4fa4-a97d-d965ccfc6d4b" outcome="Passed" testListId="8c84fa94-04c1-424b-9868-57a2d4851a1d" relativeResultsDirectory="70193ef8-8f4d-4a92-9596-896262b95946">
    </UnitTestResult>
    <UnitTestResult executionId="0ddc9986-b6a6-456c-9557-6b4be53bf027" testId="640310df-d648-7294-c434-32af677c30c3" testName="UnionAll0135501" computerName="EDSAC" duration="00:00:00.0024105" startTime="2010-12-04T14:24:44.8183909+00:00" endTime="2010-12-04T14:24:44.8283915+00:00" testType="13cdc9d9-ddb5-4fa4-a97d-d965ccfc6d4b" outcome="Passed" testListId="8c84fa94-04c1-424b-9868-57a2d4851a1d" relativeResultsDirectory="0ddc9986-b6a6-456c-9557-6b4be53bf027">
    </UnitTestResult>
    <UnitTestResult executionId="e7d330ab-a541-4a82-bbd7-0b6d58943445" testId="644c941d-d40b-5655-7852-107ffef9acae" testName="Subarray305" computerName="EDSAC" duration="00:00:00.0007195" startTime="2010-12-04T14:24:44.8313917+00:00" endTime="2010-12-04T14:24:44.8463925+00:00" testType="13cdc9d9-ddb5-4fa4-a97d-d965ccfc6d4b" outcome="Passed" testListId="8c84fa94-04c1-424b-9868-57a2d4851a1d" relativeResultsDirectory="e7d330ab-a541-4a82-bbd7-0b6d58943445">
    </UnitTestResult>
    <UnitTestResult executionId="acc818a7-39fe-4302-b7f2-83c978946e42" testId="69d4fcec-3787-b518-9138-fc65c3d09ecc" testName="IfNotNull47701" computerName="EDSAC" duration="00:00:00.0004138" startTime="2010-12-04T14:24:44.8543930+00:00" endTime="2010-12-04T14:24:44.8623934+00:00" testType="13cdc9d9-ddb5-4fa4-a97d-d965ccfc6d4b" outcome="Passed" testListId="8c84fa94-04c1-424b-9868-57a2d4851a1d" relativeResultsDirectory="acc818a7-39fe-4302-b7f2-83c978946e42">
    </UnitTestResult>
    <UnitTestResult executionId="39c9c1d0-0e4e-4398-8e25-4b4ae1310e2c" testId="6b5ea87c-ca8e-cd07-2a54-53cd363577f8" testName="ToDictionary65201" computerName="EDSAC" duration="00:00:00.0006145" startTime="2010-12-04T14:24:44.8653936+00:00" endTime="2010-12-04T14:24:44.8763942+00:00" testType="13cdc9d9-ddb5-4fa4-a97d-d965ccfc6d4b" outcome="Passed" testListId="8c84fa94-04c1-424b-9868-57a2d4851a1d" relativeResultsDirectory="39c9c1d0-0e4e-4398-8e25-4b4ae1310e2c">
    </UnitTestResult>
    <UnitTestResult executionId="e71e0076-5dba-43c0-8e0b-ae6961d13436" testId="6ea29e89-2e15-126e-eecf-3f7b211c52eb" testName="Subarray142" computerName="EDSAC" duration="00:00:00.0009878" startTime="2010-12-04T14:24:44.8783944+00:00" endTime="2010-12-04T14:24:44.8943953+00:00" testType="13cdc9d9-ddb5-4fa4-a97d-d965ccfc6d4b" outcome="Passed" testListId="8c84fa94-04c1-424b-9868-57a2d4851a1d" relativeResultsDirectory="e71e0076-5dba-43c0-8e0b-ae6961d13436">
    </UnitTestResult>
    <UnitTestResult executionId="3227aa86-3766-42ee-8ef6-1c61a8be299c" testId="6f205f53-5c1d-2d23-0592-7823ba18d3aa" testName="IsIn34" computerName="EDSAC" duration="00:00:00.0004101" startTime="2010-12-04T14:24:44.9013957+00:00" endTime="2010-12-04T14:24:44.9143964+00:00" testType="13cdc9d9-ddb5-4fa4-a97d-d965ccfc6d4b" outcome="Passed" testListId="8c84fa94-04c1-424b-9868-57a2d4851a1d" relativeResultsDirectory="3227aa86-3766-42ee-8ef6-1c61a8be299c">
    </UnitTestResult>
    <UnitTestResult executionId="e6176daf-7858-4211-a2f3-e4fed4484aa0" testId="6fb9b650-50a8-89e9-0d35-3a3dc4939152" testName="Add88502" computerName="EDSAC" duration="00:00:00.0008063" startTime="2010-12-04T14:24:44.9183967+00:00" endTime="2010-12-04T14:24:44.9343976+00:00" testType="13cdc9d9-ddb5-4fa4-a97d-d965ccfc6d4b" outcome="Passed" testListId="8c84fa94-04c1-424b-9868-57a2d4851a1d" relativeResultsDirectory="e6176daf-7858-4211-a2f3-e4fed4484aa0">
    </UnitTestResult>
    <UnitTestResult executionId="a4fc4fc7-a3bb-4272-9b05-43631e8b4c75" testId="70ecef07-25d9-9298-9faa-26825e270b46" testName="Fill0168803" computerName="EDSAC" duration="00:00:00.0026998" startTime="2010-12-04T14:24:44.9383978+00:00" endTime="2010-12-04T14:24:44.9503985+00:00" testType="13cdc9d9-ddb5-4fa4-a97d-d965ccfc6d4b" outcome="Passed" testListId="8c84fa94-04c1-424b-9868-57a2d4851a1d" relativeResultsDirectory="a4fc4fc7-a3bb-4272-9b05-43631e8b4c75">
    </UnitTestResult>
    <UnitTestResult executionId="eb1ed431-77a0-4246-acb6-e480c427f782" testId="71153c10-625e-eee7-0105-ad1f18f9fb72" testName="ForEach78803" computerName="EDSAC" duration="00:00:00.0003910" startTime="2010-12-04T14:24:44.9533987+00:00" endTime="2010-12-04T14:24:44.9683995+00:00" testType="13cdc9d9-ddb5-4fa4-a97d-d965ccfc6d4b" outcome="Passed" testListId="8c84fa94-04c1-424b-9868-57a2d4851a1d" relativeResultsDirectory="eb1ed431-77a0-4246-acb6-e480c427f782">
    </UnitTestResult>
    <UnitTestResult executionId="ff5b6422-c169-42b8-bc92-64ee7e56890d" testId="71a360e3-d81d-a30a-382f-721ef096f5b1" testName="IfNotNull0192303" computerName="EDSAC" duration="00:00:00.0004180" startTime="2010-12-04T14:24:44.9713997+00:00" endTime="2010-12-04T14:24:44.9814003+00:00" testType="13cdc9d9-ddb5-4fa4-a97d-d965ccfc6d4b" outcome="Passed" testListId="8c84fa94-04c1-424b-9868-57a2d4851a1d" relativeResultsDirectory="ff5b6422-c169-42b8-bc92-64ee7e56890d">
    </UnitTestResult>
    <UnitTestResult executionId="efbd93a7-5f4b-488a-99ae-01801e493c46" testId="7206ff03-56a7-ec6c-ffc0-c8679263faa3" testName="As0163211" computerName="EDSAC" duration="00:00:00.0004260" startTime="2010-12-04T14:24:44.9884007+00:00" endTime="2010-12-04T14:24:44.9984012+00:00" testType="13cdc9d9-ddb5-4fa4-a97d-d965ccfc6d4b" outcome="Passed" testListId="8c84fa94-04c1-424b-9868-57a2d4851a1d" relativeResultsDirectory="efbd93a7-5f4b-488a-99ae-01801e493c46">
    </UnitTestResult>
    <UnitTestResult executionId="b66ac06a-5577-4734-86b3-808f1d33056b" testId="73dedb08-3777-9f76-6412-b3470bb8b574" testName="AsEnumerable0314801" computerName="EDSAC" duration="00:00:00.0005156" startTime="2010-12-04T14:24:45.0024015+00:00" endTime="2010-12-04T14:24:45.0174023+00:00" testType="13cdc9d9-ddb5-4fa4-a97d-d965ccfc6d4b" outcome="Passed" testListId="8c84fa94-04c1-424b-9868-57a2d4851a1d" relativeResultsDirectory="b66ac06a-5577-4734-86b3-808f1d33056b">
    </UnitTestResult>
    <UnitTestResult executionId="bf023dc5-eeb0-43a9-8b6d-2574d4482c20" testId="767e3845-1b47-6225-c38c-e6345e12262a" testName="Is373" computerName="EDSAC" duration="00:00:00.0005174" startTime="2010-12-04T14:24:45.0244027+00:00" endTime="2010-12-04T14:24:45.0324032+00:00" testType="13cdc9d9-ddb5-4fa4-a97d-d965ccfc6d4b" outcome="Passed" testListId="8c84fa94-04c1-424b-9868-57a2d4851a1d" relativeResultsDirectory="bf023dc5-eeb0-43a9-8b6d-2574d4482c20">
    </UnitTestResult>
    <UnitTestResult executionId="83b6052c-37cc-49ff-b1de-a3693165b112" testId="7743f34e-ac5f-23a3-8e8f-212222420029" testName="As215" computerName="EDSAC" duration="00:00:00.0004614" startTime="2010-12-04T14:24:45.0364034+00:00" endTime="2010-12-04T14:24:45.0484041+00:00" testType="13cdc9d9-ddb5-4fa4-a97d-d965ccfc6d4b" outcome="Passed" testListId="8c84fa94-04c1-424b-9868-57a2d4851a1d" relativeResultsDirectory="83b6052c-37cc-49ff-b1de-a3693165b112">
    </UnitTestResult>
    <UnitTestResult executionId="f207b49c-ade2-42b9-bff3-70b61c4bf63a" testId="787c2aca-5007-7e56-5e10-28020b3be468" testName="AsEnumerable0314804" computerName="EDSAC" duration="00:00:00.0034127" startTime="2010-12-04T14:24:45.0514043+00:00" endTime="2010-12-04T14:24:45.0634049+00:00" testType="13cdc9d9-ddb5-4fa4-a97d-d965ccfc6d4b" outcome="Passed" testListId="8c84fa94-04c1-424b-9868-57a2d4851a1d" relativeResultsDirectory="f207b49c-ade2-42b9-bff3-70b61c4bf63a">
    </UnitTestResult>
    <UnitTestResult executionId="f049a156-0509-4aff-a15b-f6834282f75c" testId="7896ac03-38fd-b99c-d27e-6cbd208a3f1e" testName="As21502" computerName="EDSAC" duration="00:00:00.0004890" startTime="2010-12-04T14:24:45.0704053+00:00" endTime="2010-12-04T14:24:45.0774057+00:00" testType="13cdc9d9-ddb5-4fa4-a97d-d965ccfc6d4b" outcome="Passed" testListId="8c84fa94-04c1-424b-9868-57a2d4851a1d" relativeResultsDirectory="f049a156-0509-4aff-a15b-f6834282f75c">
    </UnitTestResult>
    <UnitTestResult executionId="f3529886-d1f6-472d-af88-67067ce6960d" testId="797d7b6c-0b94-436f-8cf2-1181e4378e5e" testName="AddThrowsContractException551" computerName="EDSAC" duration="00:00:00.0006107" startTime="2010-12-04T14:24:45.0864063+00:00" endTime="2010-12-04T14:24:45.0944067+00:00" testType="13cdc9d9-ddb5-4fa4-a97d-d965ccfc6d4b" outcome="Passed" testListId="8c84fa94-04c1-424b-9868-57a2d4851a1d" relativeResultsDirectory="f3529886-d1f6-472d-af88-67067ce6960d">
    </UnitTestResult>
    <UnitTestResult executionId="1934b544-e64f-4cc8-861b-d3aa47671fda" testId="7a7d56e7-b4b7-3226-df1d-44471276e993" testName="AsEnumerable02ThrowsContractException18" computerName="EDSAC" duration="00:00:00.0005972" startTime="2010-12-04T14:24:45.1014071+00:00" endTime="2010-12-04T14:24:45.1084075+00:00" testType="13cdc9d9-ddb5-4fa4-a97d-d965ccfc6d4b" outcome="Passed" testListId="8c84fa94-04c1-424b-9868-57a2d4851a1d" relativeResultsDirectory="1934b544-e64f-4cc8-861b-d3aa47671fda">
    </UnitTestResult>
    <UnitTestResult executionId="9ca68b60-1a30-4f19-89d1-bd031378fbcd" testId="7a9400e0-6f1a-74cc-aaf2-4e620d01eac4" testName="As0166402" computerName="EDSAC" duration="00:00:00.0006667" startTime="2010-12-04T14:24:45.1114077+00:00" endTime="2010-12-04T14:24:45.1264085+00:00" testType="13cdc9d9-ddb5-4fa4-a97d-d965ccfc6d4b" outcome="Passed" testListId="8c84fa94-04c1-424b-9868-57a2d4851a1d" relativeResultsDirectory="9ca68b60-1a30-4f19-89d1-bd031378fbcd">
    </UnitTestResult>
    <UnitTestResult executionId="e5d7613c-c9f0-4033-a8f3-df80b95af742" testId="7a965cd2-e1cf-8636-b94b-9bb1e4688fd0" testName="Iter96004" computerName="EDSAC" duration="00:00:00.0004876" startTime="2010-12-04T14:24:45.1294087+00:00" endTime="2010-12-04T14:24:45.1404093+00:00" testType="13cdc9d9-ddb5-4fa4-a97d-d965ccfc6d4b" outcome="Passed" testListId="8c84fa94-04c1-424b-9868-57a2d4851a1d" relativeResultsDirectory="e5d7613c-c9f0-4033-a8f3-df80b95af742">
    </UnitTestResult>
    <UnitTestResult executionId="6d2d29a2-5999-43a3-b9b4-2ecfd60130c5" testId="7a9b0937-239f-a7cc-e1fc-09bbc3508e89" testName="As0130301" computerName="EDSAC" duration="00:00:00.0004022" startTime="2010-12-04T14:24:45.1474098+00:00" endTime="2010-12-04T14:24:45.1544102+00:00" testType="13cdc9d9-ddb5-4fa4-a97d-d965ccfc6d4b" outcome="Passed" testListId="8c84fa94-04c1-424b-9868-57a2d4851a1d" relativeResultsDirectory="6d2d29a2-5999-43a3-b9b4-2ecfd60130c5">
    </UnitTestResult>
    <UnitTestResult executionId="48b018a6-e42a-4f4d-93df-29b3d8dd0c6d" testId="7acd9860-9837-fbe5-5425-b774d050444a" testName="ForEach12503" computerName="EDSAC" duration="00:00:00.0003816" startTime="2010-12-04T14:24:45.1564103+00:00" endTime="2010-12-04T14:24:45.1714111+00:00" testType="13cdc9d9-ddb5-4fa4-a97d-d965ccfc6d4b" outcome="Passed" testListId="8c84fa94-04c1-424b-9868-57a2d4851a1d" relativeResultsDirectory="48b018a6-e42a-4f4d-93df-29b3d8dd0c6d">
    </UnitTestResult>
    <UnitTestResult executionId="76b09f7d-ea7e-4405-88bc-110a607a95e3" testId="7b6ad291-8507-bfdb-b921-bf2c15c5fff5" testName="IterThrowsContractException889" computerName="EDSAC" duration="00:00:00.0011968" startTime="2010-12-04T14:24:45.1754114+00:00" endTime="2010-12-04T14:24:45.1944124+00:00" testType="13cdc9d9-ddb5-4fa4-a97d-d965ccfc6d4b" outcome="Passed" testListId="8c84fa94-04c1-424b-9868-57a2d4851a1d" relativeResultsDirectory="76b09f7d-ea7e-4405-88bc-110a607a95e3">
    </UnitTestResult>
    <UnitTestResult executionId="172e4f01-8ab8-4c7a-a847-2e199052d56d" testId="7ba074f7-37b4-86ab-f897-639c59c7afb2" testName="As01402" computerName="EDSAC" duration="00:00:00.0006817" startTime="2010-12-04T14:24:45.1974126+00:00" endTime="2010-12-04T14:24:45.2104134+00:00" testType="13cdc9d9-ddb5-4fa4-a97d-d965ccfc6d4b" outcome="Passed" testListId="8c84fa94-04c1-424b-9868-57a2d4851a1d" relativeResultsDirectory="172e4f01-8ab8-4c7a-a847-2e199052d56d">
    </UnitTestResult>
    <UnitTestResult executionId="ecd40182-7ed3-4304-9acc-c9d3a6cdd66d" testId="7d85dd6d-e955-0c88-df95-d36cadd3d7ff" testName="IsNullOrEmpty839" computerName="EDSAC" duration="00:00:00.0005128" startTime="2010-12-04T14:24:45.2144136+00:00" endTime="2010-12-04T14:24:45.2274143+00:00" testType="13cdc9d9-ddb5-4fa4-a97d-d965ccfc6d4b" outcome="Passed" testListId="8c84fa94-04c1-424b-9868-57a2d4851a1d" relativeResultsDirectory="ecd40182-7ed3-4304-9acc-c9d3a6cdd66d">
    </UnitTestResult>
    <UnitTestResult executionId="a41b6bef-6fc3-428f-8363-0acd2aa83958" testId="80003646-df99-feba-93b2-6a809b884bf6" testName="Fill0157102" computerName="EDSAC" duration="00:00:00.0003634" startTime="2010-12-04T14:24:45.2344147+00:00" endTime="2010-12-04T14:24:45.2444153+00:00" testType="13cdc9d9-ddb5-4fa4-a97d-d965ccfc6d4b" outcome="Passed" testListId="8c84fa94-04c1-424b-9868-57a2d4851a1d" relativeResultsDirectory="a41b6bef-6fc3-428f-8363-0acd2aa83958">
    </UnitTestResult>
    <UnitTestResult executionId="793c953a-e2ce-415f-9959-2a99ea1f9f30" testId="808822f6-9c85-0a33-f1f9-4d64c79fb975" testName="As763" computerName="EDSAC" duration="00:00:00.0004806" startTime="2010-12-04T14:24:45.2484155+00:00" endTime="2010-12-04T14:24:45.2634164+00:00" testType="13cdc9d9-ddb5-4fa4-a97d-d965ccfc6d4b" outcome="Passed" testListId="8c84fa94-04c1-424b-9868-57a2d4851a1d" relativeResultsDirectory="793c953a-e2ce-415f-9959-2a99ea1f9f30">
    </UnitTestResult>
    <UnitTestResult executionId="1efcbe23-e655-4126-b38d-5a31d7d6675c" testId="80c446f8-daa9-dd90-7ba0-f56b79877aec" testName="AsEnumerable0258802" computerName="EDSAC" duration="00:00:00.0007619" startTime="2010-12-04T14:24:45.2674166+00:00" endTime="2010-12-04T14:24:45.2824175+00:00" testType="13cdc9d9-ddb5-4fa4-a97d-d965ccfc6d4b" outcome="Passed" testListId="8c84fa94-04c1-424b-9868-57a2d4851a1d" relativeResultsDirectory="1efcbe23-e655-4126-b38d-5a31d7d6675c">
    </UnitTestResult>
    <UnitTestResult executionId="8112384d-4395-4dcd-a0a4-71ade4f34f66" testId="830b7e4e-1e9d-8453-edde-ba93d873d94b" testName="SubarrayThrowsIndexOutOfRangeException166" computerName="EDSAC" duration="00:00:00.0026960" startTime="2010-12-04T14:24:45.2874178+00:00" endTime="2010-12-04T14:24:45.3034187+00:00" testType="13cdc9d9-ddb5-4fa4-a97d-d965ccfc6d4b" outcome="Failed" testListId="8c84fa94-04c1-424b-9868-57a2d4851a1d" relativeResultsDirectory="8112384d-4395-4dcd-a0a4-71ade4f34f66">
      <Output>
        <ErrorInfo>
          <Message>Test method SharpBag.ExtensionsTest.SubarrayThrowsIndexOutOfRangeException166 threw exception: 
System.IndexOutOfRangeException: Index was outside the bounds of the array.</Message>
          <StackTrace>    at SharpBag.Extensions.Subarray(Int32[,] a, Int32 x1, Int32 y1, Int32 x2, Int32 y2) in C:\Users\SuprDewd\Desktop\Projects\Forritun\SharpBag\SharpBag\Extensions.cs:line 569
   at SharpBag.ExtensionsTest.SubarrayThrowsIndexOutOfRangeException166() in C:\Users\SuprDewd\Desktop\Projects\Forritun\SharpBag\SharpBag.Tests01\ExtensionsTest.Subarray.g.cs:line 66
</StackTrace>
        </ErrorInfo>
      </Output>
    </UnitTestResult>
    <UnitTestResult executionId="e11891fb-390b-483c-9273-2d2422d94cd7" testId="8449ab5e-c7c8-6deb-cb03-833888a032c6" testName="Fill0110502" computerName="EDSAC" duration="00:00:00.0003798" startTime="2010-12-04T14:24:45.3104191+00:00" endTime="2010-12-04T14:24:45.3254199+00:00" testType="13cdc9d9-ddb5-4fa4-a97d-d965ccfc6d4b" outcome="Passed" testListId="8c84fa94-04c1-424b-9868-57a2d4851a1d" relativeResultsDirectory="e11891fb-390b-483c-9273-2d2422d94cd7">
    </UnitTestResult>
    <UnitTestResult executionId="9a452053-1650-4603-bd23-0a53b2d8a5be" testId="850912a6-5065-5531-7451-3014a79cee54" testName="As0132107" computerName="EDSAC" duration="00:00:00.0003956" startTime="2010-12-04T14:24:45.3274200+00:00" endTime="2010-12-04T14:24:45.3434210+00:00" testType="13cdc9d9-ddb5-4fa4-a97d-d965ccfc6d4b" outcome="Passed" testListId="8c84fa94-04c1-424b-9868-57a2d4851a1d" relativeResultsDirectory="9a452053-1650-4603-bd23-0a53b2d8a5be">
    </UnitTestResult>
    <UnitTestResult executionId="d7fc57f8-c3c9-442b-90c0-1dd355751125" testId="869377b3-dcd6-3fd0-816f-a4a48e30d6c3" testName="To01ThrowsContractException635" computerName="EDSAC" duration="00:00:00.0005347" startTime="2010-12-04T14:24:45.3484212+00:00" endTime="2010-12-04T14:24:45.3604219+00:00" testType="13cdc9d9-ddb5-4fa4-a97d-d965ccfc6d4b" outcome="Passed" testListId="8c84fa94-04c1-424b-9868-57a2d4851a1d" relativeResultsDirectory="d7fc57f8-c3c9-442b-90c0-1dd355751125">
    </UnitTestResult>
    <UnitTestResult executionId="9a008e8a-c6fc-45e4-95ff-b787ad509671" testId="86a0d6ba-240b-81ef-7612-a91dd0bac5dd" testName="To0482501" computerName="EDSAC" duration="00:00:00.0003074" startTime="2010-12-04T14:24:45.3634221+00:00" endTime="2010-12-04T14:24:45.3734227+00:00" testType="13cdc9d9-ddb5-4fa4-a97d-d965ccfc6d4b" outcome="Passed" testListId="8c84fa94-04c1-424b-9868-57a2d4851a1d" relativeResultsDirectory="9a008e8a-c6fc-45e4-95ff-b787ad509671">
    </UnitTestResult>
    <UnitTestResult executionId="7b8c385b-5405-46d9-934f-ee7f77aaeb7f" testId="86c02588-b87f-32bd-880b-56b0d73c1993" testName="NullOr71401" computerName="EDSAC" duration="00:00:00.0004782" startTime="2010-12-04T14:24:45.3824232+00:00" endTime="2010-12-04T14:24:45.3914237+00:00" testType="13cdc9d9-ddb5-4fa4-a97d-d965ccfc6d4b" outcome="Passed" testListId="8c84fa94-04c1-424b-9868-57a2d4851a1d" relativeResultsDirectory="7b8c385b-5405-46d9-934f-ee7f77aaeb7f">
    </UnitTestResult>
    <UnitTestResult executionId="3f106fd5-1912-4e64-aec4-6b186985da45" testId="8795f817-2bb9-9d00-f981-a3a8a2b7335e" testName="Add88501" computerName="EDSAC" duration="00:00:00.0004400" startTime="2010-12-04T14:24:45.3964240+00:00" endTime="2010-12-04T14:24:45.4074246+00:00" testType="13cdc9d9-ddb5-4fa4-a97d-d965ccfc6d4b" outcome="Passed" testListId="8c84fa94-04c1-424b-9868-57a2d4851a1d" relativeResultsDirectory="3f106fd5-1912-4e64-aec4-6b186985da45">
    </UnitTestResult>
    <UnitTestResult executionId="67a54927-d39b-4f93-9afe-8ea64362fb70" testId="8a248c8c-38d6-117a-cb08-bb2fddeae117" testName="ForEach12501" computerName="EDSAC" duration="00:00:00.0004213" startTime="2010-12-04T14:24:45.4114249+00:00" endTime="2010-12-04T14:24:45.4274258+00:00" testType="13cdc9d9-ddb5-4fa4-a97d-d965ccfc6d4b" outcome="Passed" testListId="8c84fa94-04c1-424b-9868-57a2d4851a1d" relativeResultsDirectory="67a54927-d39b-4f93-9afe-8ea64362fb70">
    </UnitTestResult>
    <UnitTestResult executionId="97924630-069e-4632-b060-b692e8cc73e7" testId="8d424c8f-9c8d-8bdb-c98c-1e76a87f52e2" testName="Shuffle565" computerName="EDSAC" duration="00:00:00.0031346" startTime="2010-12-04T14:24:45.4294259+00:00" endTime="2010-12-04T14:24:45.4504271+00:00" testType="13cdc9d9-ddb5-4fa4-a97d-d965ccfc6d4b" outcome="Passed" testListId="8c84fa94-04c1-424b-9868-57a2d4851a1d" relativeResultsDirectory="97924630-069e-4632-b060-b692e8cc73e7">
    </UnitTestResult>
    <UnitTestResult executionId="043ffad3-b8e4-4386-b311-f889cf68e7c6" testId="8dec4c0d-9137-8bca-e823-6edddad67b2a" testName="As568" computerName="EDSAC" duration="00:00:00.0006672" startTime="2010-12-04T14:24:45.4534273+00:00" endTime="2010-12-04T14:24:45.4704282+00:00" testType="13cdc9d9-ddb5-4fa4-a97d-d965ccfc6d4b" outcome="Passed" testListId="8c84fa94-04c1-424b-9868-57a2d4851a1d" relativeResultsDirectory="043ffad3-b8e4-4386-b311-f889cf68e7c6">
    </UnitTestResult>
    <UnitTestResult executionId="f2b28802-65c3-4629-a5a2-f1bb16cbf7e4" testId="8e9dd2cf-ab74-a19e-4fae-41caa637e0ed" testName="AsEnumerable03ThrowsContractException289" computerName="EDSAC" duration="00:00:00.0005394" startTime="2010-12-04T14:24:45.4794287+00:00" endTime="2010-12-04T14:24:45.4874292+00:00" testType="13cdc9d9-ddb5-4fa4-a97d-d965ccfc6d4b" outcome="Passed" testListId="8c84fa94-04c1-424b-9868-57a2d4851a1d" relativeResultsDirectory="f2b28802-65c3-4629-a5a2-f1bb16cbf7e4">
    </UnitTestResult>
    <UnitTestResult executionId="70792601-5a5a-4667-84c6-aab79612b2bd" testId="8f15350a-b612-7c9b-89ff-1e54a29d9340" testName="To03ThrowsContractException968" computerName="EDSAC" duration="00:00:00.0007069" startTime="2010-12-04T14:24:45.4914294+00:00" endTime="2010-12-04T14:24:45.5074303+00:00" testType="13cdc9d9-ddb5-4fa4-a97d-d965ccfc6d4b" outcome="Passed" testListId="8c84fa94-04c1-424b-9868-57a2d4851a1d" relativeResultsDirectory="70792601-5a5a-4667-84c6-aab79612b2bd">
    </UnitTestResult>
    <UnitTestResult executionId="d0253d7a-2f9f-4654-91b8-42bd0db82e07" testId="8f214c0c-af12-b9fb-ae32-e2f0e522a10f" testName="NullOr90702" computerName="EDSAC" duration="00:00:00.0004423" startTime="2010-12-04T14:24:45.5144307+00:00" endTime="2010-12-04T14:24:45.5244313+00:00" testType="13cdc9d9-ddb5-4fa4-a97d-d965ccfc6d4b" outcome="Passed" testListId="8c84fa94-04c1-424b-9868-57a2d4851a1d" relativeResultsDirectory="d0253d7a-2f9f-4654-91b8-42bd0db82e07">
    </UnitTestResult>
    <UnitTestResult executionId="d05833c8-5393-477d-8476-6ec167105cd9" testId="90427aa6-8cf4-b956-2b3f-9546b7107ae7" testName="TimesThrowsContractException662" computerName="EDSAC" duration="00:00:00.0009476" startTime="2010-12-04T14:24:45.5274315+00:00" endTime="2010-12-04T14:24:45.5424323+00:00" testType="13cdc9d9-ddb5-4fa4-a97d-d965ccfc6d4b" outcome="Passed" testListId="8c84fa94-04c1-424b-9868-57a2d4851a1d" relativeResultsDirectory="d05833c8-5393-477d-8476-6ec167105cd9">
    </UnitTestResult>
    <UnitTestResult executionId="ced0c880-cbb7-4be3-829e-a0abf5deeeb4" testId="91ad74e2-7f98-39c5-b2ac-d6979eb1e521" testName="As0163239" computerName="EDSAC" duration="00:00:00.0008893" startTime="2010-12-04T14:24:45.5454325+00:00" endTime="2010-12-04T14:24:45.5614334+00:00" testType="13cdc9d9-ddb5-4fa4-a97d-d965ccfc6d4b" outcome="Passed" testListId="8c84fa94-04c1-424b-9868-57a2d4851a1d" relativeResultsDirectory="ced0c880-cbb7-4be3-829e-a0abf5deeeb4">
    </UnitTestResult>
    <UnitTestResult executionId="ee433c8b-3d18-48b2-96b9-44bdc300a248" testId="920395ef-4d81-2796-a8e3-57b62c679836" testName="As0132102" computerName="EDSAC" duration="00:00:00.0011203" startTime="2010-12-04T14:24:45.5634335+00:00" endTime="2010-12-04T14:24:45.5804345+00:00" testType="13cdc9d9-ddb5-4fa4-a97d-d965ccfc6d4b" outcome="Passed" testListId="8c84fa94-04c1-424b-9868-57a2d4851a1d" relativeResultsDirectory="ee433c8b-3d18-48b2-96b9-44bdc300a248">
    </UnitTestResult>
    <UnitTestResult executionId="58e54223-fdb8-4749-be95-bc6f14d7c7d8" testId="92c796c7-6140-7467-0f72-263f4de0d5fd" testName="Add88504" computerName="EDSAC" duration="00:00:00.0004558" startTime="2010-12-04T14:24:45.5874349+00:00" endTime="2010-12-04T14:24:45.5954354+00:00" testType="13cdc9d9-ddb5-4fa4-a97d-d965ccfc6d4b" outcome="Passed" testListId="8c84fa94-04c1-424b-9868-57a2d4851a1d" relativeResultsDirectory="58e54223-fdb8-4749-be95-bc6f14d7c7d8">
    </UnitTestResult>
    <UnitTestResult executionId="37833bbd-c4be-4281-a31d-66b911693de6" testId="94c02084-a2f4-8ed3-b12d-a1ac0caf9379" testName="AsEnumerable01ThrowsContractException5" computerName="EDSAC" duration="00:00:00.0012808" startTime="2010-12-04T14:24:45.5984355+00:00" endTime="2010-12-04T14:24:45.6144365+00:00" testType="13cdc9d9-ddb5-4fa4-a97d-d965ccfc6d4b" outcome="Passed" testListId="8c84fa94-04c1-424b-9868-57a2d4851a1d" relativeResultsDirectory="37833bbd-c4be-4281-a31d-66b911693de6">
    </UnitTestResult>
    <UnitTestResult executionId="8eaf7796-4daa-4349-a1e8-5a28b2170181" testId="9611d5ba-c78e-b7b6-592f-64194d91b456" testName="AsEnumerable56004" computerName="EDSAC" duration="00:00:00.0003933" startTime="2010-12-04T14:24:45.6224369+00:00" endTime="2010-12-04T14:24:45.6304374+00:00" testType="13cdc9d9-ddb5-4fa4-a97d-d965ccfc6d4b" outcome="Passed" testListId="8c84fa94-04c1-424b-9868-57a2d4851a1d" relativeResultsDirectory="8eaf7796-4daa-4349-a1e8-5a28b2170181">
    </UnitTestResult>
    <UnitTestResult executionId="7c90accd-7728-44ae-a29c-2f89bcf65f3b" testId="97102229-37fa-e978-ffae-7fd4c7300f98" testName="NullOr90703" computerName="EDSAC" duration="00:00:00.0004675" startTime="2010-12-04T14:24:45.6344376+00:00" endTime="2010-12-04T14:24:45.6474384+00:00" testType="13cdc9d9-ddb5-4fa4-a97d-d965ccfc6d4b" outcome="Passed" testListId="8c84fa94-04c1-424b-9868-57a2d4851a1d" relativeResultsDirectory="7c90accd-7728-44ae-a29c-2f89bcf65f3b">
    </UnitTestResult>
    <UnitTestResult executionId="318706dd-de46-4ea4-bfc6-b443b9dcadf1" testId="97495e35-0952-692a-91b0-3d721dc574e4" testName="As0166004" computerName="EDSAC" duration="00:00:00.0003905" startTime="2010-12-04T14:24:45.6534387+00:00" endTime="2010-12-04T14:24:45.6664394+00:00" testType="13cdc9d9-ddb5-4fa4-a97d-d965ccfc6d4b" outcome="Passed" testListId="8c84fa94-04c1-424b-9868-57a2d4851a1d" relativeResultsDirectory="318706dd-de46-4ea4-bfc6-b443b9dcadf1">
    </UnitTestResult>
    <UnitTestResult executionId="ecc05376-f782-429a-8810-dde5adcf02c7" testId="98f1539c-0085-97ac-e6d6-c700951efc19" testName="RangeThrowsContractException841" computerName="EDSAC" duration="00:00:00.0006187" startTime="2010-12-04T14:24:45.6694396+00:00" endTime="2010-12-04T14:24:45.6844405+00:00" testType="13cdc9d9-ddb5-4fa4-a97d-d965ccfc6d4b" outcome="Passed" testListId="8c84fa94-04c1-424b-9868-57a2d4851a1d" relativeResultsDirectory="ecc05376-f782-429a-8810-dde5adcf02c7">
    </UnitTestResult>
    <UnitTestResult executionId="d15edcf8-2ab8-4c17-a04b-3d9b8981c3c1" testId="990a1706-3c38-5c79-dd26-6bf2a85de470" testName="As0163233" computerName="EDSAC" duration="00:00:00.0005487" startTime="2010-12-04T14:24:45.6904408+00:00" endTime="2010-12-04T14:24:45.7024415+00:00" testType="13cdc9d9-ddb5-4fa4-a97d-d965ccfc6d4b" outcome="Passed" testListId="8c84fa94-04c1-424b-9868-57a2d4851a1d" relativeResultsDirectory="d15edcf8-2ab8-4c17-a04b-3d9b8981c3c1">
    </UnitTestResult>
    <UnitTestResult executionId="31c07987-3b1d-48c3-879b-2e2100c13ced" testId="9a12b8c7-dd2a-27a8-8e5c-846cf91e7a67" testName="ForEach78804" computerName="EDSAC" duration="00:00:00.0003872" startTime="2010-12-04T14:24:45.7064417+00:00" endTime="2010-12-04T14:24:45.7214426+00:00" testType="13cdc9d9-ddb5-4fa4-a97d-d965ccfc6d4b" outcome="Passed" testListId="8c84fa94-04c1-424b-9868-57a2d4851a1d" relativeResultsDirectory="31c07987-3b1d-48c3-879b-2e2100c13ced">
    </UnitTestResult>
    <UnitTestResult executionId="4a944bd1-598e-4970-9a84-b9d59e649d4a" testId="9b2baef8-8cea-f431-96b6-95e1ddfaf4a9" testName="As29401" computerName="EDSAC" duration="00:00:00.0006593" startTime="2010-12-04T14:24:45.7304431+00:00" endTime="2010-12-04T14:24:45.7414437+00:00" testType="13cdc9d9-ddb5-4fa4-a97d-d965ccfc6d4b" outcome="Passed" testListId="8c84fa94-04c1-424b-9868-57a2d4851a1d" relativeResultsDirectory="4a944bd1-598e-4970-9a84-b9d59e649d4a">
    </UnitTestResult>
    <UnitTestResult executionId="0e39851a-3508-4093-a928-6d80a942d34c" testId="9bfa0b14-def6-4233-8f09-efbae74ca192" testName="Iter96003" computerName="EDSAC" duration="00:00:00.0005501" startTime="2010-12-04T14:24:45.7464440+00:00" endTime="2010-12-04T14:24:45.7554445+00:00" testType="13cdc9d9-ddb5-4fa4-a97d-d965ccfc6d4b" outcome="Passed" testListId="8c84fa94-04c1-424b-9868-57a2d4851a1d" relativeResultsDirectory="0e39851a-3508-4093-a928-6d80a942d34c">
    </UnitTestResult>
    <UnitTestResult executionId="e19a1ee2-404c-4a82-9c4b-c5594776a0fa" testId="9d4922e1-95bb-cc07-dd59-02aa21bc0c9d" testName="As6" computerName="EDSAC" duration="00:00:00.0007573" startTime="2010-12-04T14:24:45.7594448+00:00" endTime="2010-12-04T14:24:45.7734456+00:00" testType="13cdc9d9-ddb5-4fa4-a97d-d965ccfc6d4b" outcome="Passed" testListId="8c84fa94-04c1-424b-9868-57a2d4851a1d" relativeResultsDirectory="e19a1ee2-404c-4a82-9c4b-c5594776a0fa">
    </UnitTestResult>
    <UnitTestResult executionId="07b8bff5-2c13-48f9-8395-fa5cd78fe0aa" testId="9ed7c416-1a7b-4673-195d-ca2e196d2a2e" testName="With25501" computerName="EDSAC" duration="00:00:00.0009798" startTime="2010-12-04T14:24:45.7764457+00:00" endTime="2010-12-04T14:24:45.7924466+00:00" testType="13cdc9d9-ddb5-4fa4-a97d-d965ccfc6d4b" outcome="Passed" testListId="8c84fa94-04c1-424b-9868-57a2d4851a1d" relativeResultsDirectory="07b8bff5-2c13-48f9-8395-fa5cd78fe0aa">
    </UnitTestResult>
    <UnitTestResult executionId="9be15447-c85c-42bf-86f2-653a83df93c5" testId="a45582f8-3825-adac-44bf-8fa9e3381e89" testName="ForEach78801" computerName="EDSAC" duration="00:00:00.0004311" startTime="2010-12-04T14:24:45.7974469+00:00" endTime="2010-12-04T14:24:45.8084476+00:00" testType="13cdc9d9-ddb5-4fa4-a97d-d965ccfc6d4b" outcome="Passed" testListId="8c84fa94-04c1-424b-9868-57a2d4851a1d" relativeResultsDirectory="9be15447-c85c-42bf-86f2-653a83df93c5">
    </UnitTestResult>
    <UnitTestResult executionId="71e4c182-a307-4597-849b-b6efa26a4b4a" testId="a5088dbd-9f6a-bb83-e64a-07cfd5052c81" testName="As0130303" computerName="EDSAC" duration="00:00:00.0004773" startTime="2010-12-04T14:24:45.8124478+00:00" endTime="2010-12-04T14:24:45.8244485+00:00" testType="13cdc9d9-ddb5-4fa4-a97d-d965ccfc6d4b" outcome="Passed" testListId="8c84fa94-04c1-424b-9868-57a2d4851a1d" relativeResultsDirectory="71e4c182-a307-4597-849b-b6efa26a4b4a">
    </UnitTestResult>
    <UnitTestResult executionId="cb2554d6-f831-4e7a-aa5e-2a1d3ed47148" testId="a51caca7-6a0e-8bea-fb89-3104ddb0e38a" testName="Fill105" computerName="EDSAC" duration="00:00:00.0002580" startTime="2010-12-04T14:24:45.8274486+00:00" endTime="2010-12-04T14:24:45.8394493+00:00" testType="13cdc9d9-ddb5-4fa4-a97d-d965ccfc6d4b" outcome="Passed" testListId="8c84fa94-04c1-424b-9868-57a2d4851a1d" relativeResultsDirectory="cb2554d6-f831-4e7a-aa5e-2a1d3ed47148">
    </UnitTestResult>
    <UnitTestResult executionId="e168a7f9-a8bc-4154-a6c2-271782c951fa" testId="a56170ce-b399-e27e-e213-58e00eb4c436" testName="As0163238" computerName="EDSAC" duration="00:00:00.0003816" startTime="2010-12-04T14:24:45.8414494+00:00" endTime="2010-12-04T14:24:45.8574504+00:00" testType="13cdc9d9-ddb5-4fa4-a97d-d965ccfc6d4b" outcome="Passed" testListId="8c84fa94-04c1-424b-9868-57a2d4851a1d" relativeResultsDirectory="e168a7f9-a8bc-4154-a6c2-271782c951fa">
    </UnitTestResult>
    <UnitTestResult executionId="604d1565-4719-4e91-98a3-8e67cd7be20e" testId="a65b5eab-4121-901b-449c-fc9aba07d07b" testName="IfNotNull0192302" computerName="EDSAC" duration="00:00:00.0003737" startTime="2010-12-04T14:24:45.8634507+00:00" endTime="2010-12-04T14:24:45.8714512+00:00" testType="13cdc9d9-ddb5-4fa4-a97d-d965ccfc6d4b" outcome="Passed" testListId="8c84fa94-04c1-424b-9868-57a2d4851a1d" relativeResultsDirectory="604d1565-4719-4e91-98a3-8e67cd7be20e">
    </UnitTestResult>
    <UnitTestResult executionId="b96d6354-daf2-4aaa-88c9-b4d59e9d2de8" testId="a8ed7a3a-0e05-4105-ece6-4d106523c6c6" testName="ShuffleThrowsContractException285" computerName="EDSAC" duration="00:00:00.0006700" startTime="2010-12-04T14:24:45.8734513+00:00" endTime="2010-12-04T14:24:45.8894522+00:00" testType="13cdc9d9-ddb5-4fa4-a97d-d965ccfc6d4b" outcome="Passed" testListId="8c84fa94-04c1-424b-9868-57a2d4851a1d" relativeResultsDirectory="b96d6354-daf2-4aaa-88c9-b4d59e9d2de8">
    </UnitTestResult>
    <UnitTestResult executionId="16a71a8f-2c1a-460d-9570-ca90a73c33e8" testId="aa951c3d-ee4a-9ede-aac2-7e390167d171" testName="As0163244" computerName="EDSAC" duration="00:00:00.0005459" startTime="2010-12-04T14:24:45.8934524+00:00" endTime="2010-12-04T14:24:45.9054531+00:00" testType="13cdc9d9-ddb5-4fa4-a97d-d965ccfc6d4b" outcome="Passed" testListId="8c84fa94-04c1-424b-9868-57a2d4851a1d" relativeResultsDirectory="16a71a8f-2c1a-460d-9570-ca90a73c33e8">
    </UnitTestResult>
    <UnitTestResult executionId="f3578b2b-b35f-4ad3-a215-aa5c571cc851" testId="ab4705e8-14a4-6e9f-baf9-e3d238e84cf8" testName="As0163210" computerName="EDSAC" duration="00:00:00.0003844" startTime="2010-12-04T14:24:45.9094533+00:00" endTime="2010-12-04T14:24:45.9194539+00:00" testType="13cdc9d9-ddb5-4fa4-a97d-d965ccfc6d4b" outcome="Passed" testListId="8c84fa94-04c1-424b-9868-57a2d4851a1d" relativeResultsDirectory="f3578b2b-b35f-4ad3-a215-aa5c571cc851">
    </UnitTestResult>
    <UnitTestResult executionId="3ab3c816-43f7-40fe-bd9f-4944a36e8208" testId="ad25e31e-4a53-f08b-b3bd-cfdcb07226a0" testName="IsInThrowsContractException285" computerName="EDSAC" duration="00:00:00.0005799" startTime="2010-12-04T14:24:45.9254543+00:00" endTime="2010-12-04T14:24:45.9364549+00:00" testType="13cdc9d9-ddb5-4fa4-a97d-d965ccfc6d4b" outcome="Passed" testListId="8c84fa94-04c1-424b-9868-57a2d4851a1d" relativeResultsDirectory="3ab3c816-43f7-40fe-bd9f-4944a36e8208">
    </UnitTestResult>
    <UnitTestResult executionId="d2144795-3d49-493a-8d1a-b8a0dd01fbac" testId="aef19ea6-eb47-a1be-032c-8930cda21d9c" testName="ForEachThrowsContractException904" computerName="EDSAC" duration="00:00:00.0009276" startTime="2010-12-04T14:24:45.9394551+00:00" endTime="2010-12-04T14:24:45.9564560+00:00" testType="13cdc9d9-ddb5-4fa4-a97d-d965ccfc6d4b" outcome="Passed" testListId="8c84fa94-04c1-424b-9868-57a2d4851a1d" relativeResultsDirectory="d2144795-3d49-493a-8d1a-b8a0dd01fbac">
    </UnitTestResult>
    <UnitTestResult executionId="7b3f705d-cd64-42c2-963b-4212e4d6917b" testId="afe5b38f-db93-5765-7ecd-49d9214e51e3" testName="AsEnumerableThrowsContractException9" computerName="EDSAC" duration="00:00:00.0006317" startTime="2010-12-04T14:24:45.9614563+00:00" endTime="2010-12-04T14:24:45.9744571+00:00" testType="13cdc9d9-ddb5-4fa4-a97d-d965ccfc6d4b" outcome="Passed" testListId="8c84fa94-04c1-424b-9868-57a2d4851a1d" relativeResultsDirectory="7b3f705d-cd64-42c2-963b-4212e4d6917b">
    </UnitTestResult>
    <UnitTestResult executionId="d4c73be9-6202-495b-a97d-43c40ed7ab5a" testId="b037dab8-9f99-92da-4740-6e79cccc1e32" testName="FillThrowsContractException543" computerName="EDSAC" duration="00:00:00.0011912" startTime="2010-12-04T14:24:45.9764572+00:00" endTime="2010-12-04T14:24:45.9944582+00:00" testType="13cdc9d9-ddb5-4fa4-a97d-d965ccfc6d4b" outcome="Passed" testListId="8c84fa94-04c1-424b-9868-57a2d4851a1d" relativeResultsDirectory="d4c73be9-6202-495b-a97d-43c40ed7ab5a">
    </UnitTestResult>
    <UnitTestResult executionId="7ea65c9e-a46b-462f-a49f-372993c230f2" testId="b03d2b82-a5f5-4a0a-521f-fd9e431b28da" testName="As21503" computerName="EDSAC" duration="00:00:00.0004568" startTime="2010-12-04T14:24:46.0014586+00:00" endTime="2010-12-04T14:24:46.0124592+00:00" testType="13cdc9d9-ddb5-4fa4-a97d-d965ccfc6d4b" outcome="Passed" testListId="8c84fa94-04c1-424b-9868-57a2d4851a1d" relativeResultsDirectory="7ea65c9e-a46b-462f-a49f-372993c230f2">
    </UnitTestResult>
    <UnitTestResult executionId="adfa52c2-f581-45e4-9b45-790217d35edb" testId="b086ebe0-6bb0-f4b4-2d74-97b1a10dd517" testName="IfNotNull0159702" computerName="EDSAC" duration="00:00:00.0006387" startTime="2010-12-04T14:24:46.0154594+00:00" endTime="2010-12-04T14:24:46.0304603+00:00" testType="13cdc9d9-ddb5-4fa4-a97d-d965ccfc6d4b" outcome="Passed" testListId="8c84fa94-04c1-424b-9868-57a2d4851a1d" relativeResultsDirectory="adfa52c2-f581-45e4-9b45-790217d35edb">
    </UnitTestResult>
    <UnitTestResult executionId="c140d273-d54e-47e2-a565-a9fb0541515f" testId="b1e8fb4c-7380-ad76-529d-dbdac5528194" testName="As21519" computerName="EDSAC" duration="00:00:00.0010144" startTime="2010-12-04T14:24:46.0364606+00:00" endTime="2010-12-04T14:24:46.0524615+00:00" testType="13cdc9d9-ddb5-4fa4-a97d-d965ccfc6d4b" outcome="Passed" testListId="8c84fa94-04c1-424b-9868-57a2d4851a1d" relativeResultsDirectory="c140d273-d54e-47e2-a565-a9fb0541515f">
    </UnitTestResult>
    <UnitTestResult executionId="bf918f01-9fb9-4228-ba72-54cf0f907b6f" testId="b2c4141e-1dfd-f110-5623-435719fb340e" testName="AsEnumerable0258801" computerName="EDSAC" duration="00:00:00.0005366" startTime="2010-12-04T14:24:46.0544616+00:00" endTime="2010-12-04T14:24:46.0724627+00:00" testType="13cdc9d9-ddb5-4fa4-a97d-d965ccfc6d4b" outcome="Passed" testListId="8c84fa94-04c1-424b-9868-57a2d4851a1d" relativeResultsDirectory="bf918f01-9fb9-4228-ba72-54cf0f907b6f">
    </UnitTestResult>
    <UnitTestResult executionId="31746774-398f-4514-a4bd-a9738bfcf000" testId="b30e4a1d-f330-da4d-3e81-5c536003275c" testName="As0132104" computerName="EDSAC" duration="00:00:00.0004073" startTime="2010-12-04T14:24:46.0754628+00:00" endTime="2010-12-04T14:24:46.0934639+00:00" testType="13cdc9d9-ddb5-4fa4-a97d-d965ccfc6d4b" outcome="Passed" testListId="8c84fa94-04c1-424b-9868-57a2d4851a1d" relativeResultsDirectory="31746774-398f-4514-a4bd-a9738bfcf000">
    </UnitTestResult>
    <UnitTestResult executionId="55b0a6bc-20c2-4da7-acd1-bd412f8b54c9" testId="b67c54ae-5aad-e1cc-2b17-0ad544f3f701" testName="IfNotNullThrowsContractException197" computerName="EDSAC" duration="00:00:00.0009224" startTime="2010-12-04T14:24:46.0974641+00:00" endTime="2010-12-04T14:24:46.1134650+00:00" testType="13cdc9d9-ddb5-4fa4-a97d-d965ccfc6d4b" outcome="Passed" testListId="8c84fa94-04c1-424b-9868-57a2d4851a1d" relativeResultsDirectory="55b0a6bc-20c2-4da7-acd1-bd412f8b54c9">
    </UnitTestResult>
    <UnitTestResult executionId="f3a2b795-ddb7-4188-82cc-30f697743189" testId="b70d24a9-e4cc-d879-39c7-bc30de9e70ab" testName="As0163215" computerName="EDSAC" duration="00:00:00.0008259" startTime="2010-12-04T14:24:46.1174652+00:00" endTime="2010-12-04T14:24:46.1334661+00:00" testType="13cdc9d9-ddb5-4fa4-a97d-d965ccfc6d4b" outcome="Passed" testListId="8c84fa94-04c1-424b-9868-57a2d4851a1d" relativeResultsDirectory="f3a2b795-ddb7-4188-82cc-30f697743189">
    </UnitTestResult>
    <UnitTestResult executionId="52bec9f1-3bc3-4b7d-804f-867d3d278a7a" testId="b74830d0-a6ce-14b6-0d35-7c2e849267f3" testName="Add29603" computerName="EDSAC" duration="00:00:00.0004558" startTime="2010-12-04T14:24:46.1404665+00:00" endTime="2010-12-04T14:24:46.1484670+00:00" testType="13cdc9d9-ddb5-4fa4-a97d-d965ccfc6d4b" outcome="Passed" testListId="8c84fa94-04c1-424b-9868-57a2d4851a1d" relativeResultsDirectory="52bec9f1-3bc3-4b7d-804f-867d3d278a7a">
    </UnitTestResult>
    <UnitTestResult executionId="4cc6456d-8eee-43d9-b06e-f5db1da916c8" testId="b7fcc578-5aaf-c60a-749d-838a3f516168" testName="To0146301" computerName="EDSAC" duration="00:00:00.0006159" startTime="2010-12-04T14:24:46.1534673+00:00" endTime="2010-12-04T14:24:46.1684682+00:00" testType="13cdc9d9-ddb5-4fa4-a97d-d965ccfc6d4b" outcome="Passed" testListId="8c84fa94-04c1-424b-9868-57a2d4851a1d" relativeResultsDirectory="4cc6456d-8eee-43d9-b06e-f5db1da916c8">
    </UnitTestResult>
    <UnitTestResult executionId="ff4c9531-2fc1-4c7c-8a63-8b201db8da3c" testId="b8e531ca-ec94-5331-cc83-d2332ab01f85" testName="Fill0157101" computerName="EDSAC" duration="00:00:00.0003634" startTime="2010-12-04T14:24:46.1724684+00:00" endTime="2010-12-04T14:24:46.1864692+00:00" testType="13cdc9d9-ddb5-4fa4-a97d-d965ccfc6d4b" outcome="Passed" testListId="8c84fa94-04c1-424b-9868-57a2d4851a1d" relativeResultsDirectory="ff4c9531-2fc1-4c7c-8a63-8b201db8da3c">
    </UnitTestResult>
    <UnitTestResult executionId="1af4c3b5-156d-4203-bc09-166e94e361f8" testId="b99ec452-b626-078c-5efb-2041d6f255c4" testName="As21504" computerName="EDSAC" duration="00:00:00.0005095" startTime="2010-12-04T14:24:46.1954697+00:00" endTime="2010-12-04T14:24:46.2044702+00:00" testType="13cdc9d9-ddb5-4fa4-a97d-d965ccfc6d4b" outcome="Passed" testListId="8c84fa94-04c1-424b-9868-57a2d4851a1d" relativeResultsDirectory="1af4c3b5-156d-4203-bc09-166e94e361f8">
    </UnitTestResult>
    <UnitTestResult executionId="76ffe8ff-7595-45bf-b0de-3c4a83501119" testId="baf4ce3c-1fc7-efc9-3438-7f66d5c18bcf" testName="As01403" computerName="EDSAC" duration="00:00:00.0005841" startTime="2010-12-04T14:24:46.2084704+00:00" endTime="2010-12-04T14:24:46.2264715+00:00" testType="13cdc9d9-ddb5-4fa4-a97d-d965ccfc6d4b" outcome="Passed" testListId="8c84fa94-04c1-424b-9868-57a2d4851a1d" relativeResultsDirectory="76ffe8ff-7595-45bf-b0de-3c4a83501119">
    </UnitTestResult>
    <UnitTestResult executionId="3eb6cf4b-7500-4630-a64a-4880f0a31a8f" testId="bbc45056-7304-0cf8-18ec-0f56b7abf591" testName="As0198304" computerName="EDSAC" duration="00:00:00.0006723" startTime="2010-12-04T14:24:46.2334719+00:00" endTime="2010-12-04T14:24:46.2434724+00:00" testType="13cdc9d9-ddb5-4fa4-a97d-d965ccfc6d4b" outcome="Passed" testListId="8c84fa94-04c1-424b-9868-57a2d4851a1d" relativeResultsDirectory="3eb6cf4b-7500-4630-a64a-4880f0a31a8f">
    </UnitTestResult>
    <UnitTestResult executionId="eb97a25b-4aa8-456a-b984-8cfdd819f70a" testId="bbe65d68-71ba-72ec-21d1-a0b54bdef612" testName="AsEnumerable0128304" computerName="EDSAC" duration="00:00:00.0008851" startTime="2010-12-04T14:24:46.2484727+00:00" endTime="2010-12-04T14:24:46.2624735+00:00" testType="13cdc9d9-ddb5-4fa4-a97d-d965ccfc6d4b" outcome="Passed" testListId="8c84fa94-04c1-424b-9868-57a2d4851a1d" relativeResultsDirectory="eb97a25b-4aa8-456a-b984-8cfdd819f70a">
    </UnitTestResult>
    <UnitTestResult executionId="5bfaf7a9-fc52-4d4c-8048-fee9d1ed389e" testId="bbfb3b40-32b8-1a5f-ae60-bf53c22dbf87" testName="Random01ThrowsContractException221" computerName="EDSAC" duration="00:00:00.0006644" startTime="2010-12-04T14:24:46.2654737+00:00" endTime="2010-12-04T14:24:46.2804746+00:00" testType="13cdc9d9-ddb5-4fa4-a97d-d965ccfc6d4b" outcome="Passed" testListId="8c84fa94-04c1-424b-9868-57a2d4851a1d" relativeResultsDirectory="5bfaf7a9-fc52-4d4c-8048-fee9d1ed389e">
    </UnitTestResult>
    <UnitTestResult executionId="3924ac76-2f79-4621-9828-c6eb5d25b2a0" testId="bd00057e-88b2-1e9c-846b-ed190ddc5717" testName="To0488601" computerName="EDSAC" duration="00:00:00.0006070" startTime="2010-12-04T14:24:46.2824747+00:00" endTime="2010-12-04T14:24:46.2994756+00:00" testType="13cdc9d9-ddb5-4fa4-a97d-d965ccfc6d4b" outcome="Passed" testListId="8c84fa94-04c1-424b-9868-57a2d4851a1d" relativeResultsDirectory="3924ac76-2f79-4621-9828-c6eb5d25b2a0">
    </UnitTestResult>
    <UnitTestResult executionId="55c9b9e3-3d52-4523-8642-4305c38e9483" testId="bd7ec864-24ff-4ca6-8f63-6e2fe4065d39" testName="To20301" computerName="EDSAC" duration="00:00:00.0028747" startTime="2010-12-04T14:24:46.3014758+00:00" endTime="2010-12-04T14:24:46.3204768+00:00" testType="13cdc9d9-ddb5-4fa4-a97d-d965ccfc6d4b" outcome="Passed" testListId="8c84fa94-04c1-424b-9868-57a2d4851a1d" relativeResultsDirectory="55c9b9e3-3d52-4523-8642-4305c38e9483">
    </UnitTestResult>
    <UnitTestResult executionId="f7d1f926-b81a-4879-83bd-d62c49af32e1" testId="bdf76499-e0f6-3d7b-4432-982ba6c3b223" testName="Fill0168801" computerName="EDSAC" duration="00:00:00.0003989" startTime="2010-12-04T14:24:46.3284773+00:00" endTime="2010-12-04T14:24:46.3364778+00:00" testType="13cdc9d9-ddb5-4fa4-a97d-d965ccfc6d4b" outcome="Passed" testListId="8c84fa94-04c1-424b-9868-57a2d4851a1d" relativeResultsDirectory="f7d1f926-b81a-4879-83bd-d62c49af32e1">
    </UnitTestResult>
    <UnitTestResult executionId="4093bfa5-13b8-4027-bb3a-14e25108557c" testId="be772578-3bd6-fe1e-69ad-baa513f62b0b" testName="As0163226" computerName="EDSAC" duration="00:00:00.0003863" startTime="2010-12-04T14:24:46.3434782+00:00" endTime="2010-12-04T14:24:46.3564789+00:00" testType="13cdc9d9-ddb5-4fa4-a97d-d965ccfc6d4b" outcome="Passed" testListId="8c84fa94-04c1-424b-9868-57a2d4851a1d" relativeResultsDirectory="4093bfa5-13b8-4027-bb3a-14e25108557c">
    </UnitTestResult>
    <UnitTestResult executionId="e3facf30-2bbb-4037-afa2-17143db086ae" testId="bf4b4d8f-a9c5-278f-9d0c-4140566dfe7e" testName="As0130302" computerName="EDSAC" duration="00:00:00.0003798" startTime="2010-12-04T14:24:46.3634793+00:00" endTime="2010-12-04T14:24:46.3774801+00:00" testType="13cdc9d9-ddb5-4fa4-a97d-d965ccfc6d4b" outcome="Passed" testListId="8c84fa94-04c1-424b-9868-57a2d4851a1d" relativeResultsDirectory="e3facf30-2bbb-4037-afa2-17143db086ae">
    </UnitTestResult>
    <UnitTestResult executionId="8bd77db4-8f4f-4135-9dab-bf79f88d24e0" testId="c0b049d8-5af1-212d-f646-b9a7aa76e7aa" testName="As0163235" computerName="EDSAC" duration="00:00:00.0003924" startTime="2010-12-04T14:24:46.3814803+00:00" endTime="2010-12-04T14:24:46.3934810+00:00" testType="13cdc9d9-ddb5-4fa4-a97d-d965ccfc6d4b" outcome="Passed" testListId="8c84fa94-04c1-424b-9868-57a2d4851a1d" relativeResultsDirectory="8bd77db4-8f4f-4135-9dab-bf79f88d24e0">
    </UnitTestResult>
    <UnitTestResult executionId="d5cfd4bc-3601-4e12-88e5-0b03cc81c781" testId="c2a16b22-9983-ed58-4351-7fd3ef453798" testName="SubarrayThrowsContractException629" computerName="EDSAC" duration="00:00:00.0005594" startTime="2010-12-04T14:24:46.3984813+00:00" endTime="2010-12-04T14:24:46.4144822+00:00" testType="13cdc9d9-ddb5-4fa4-a97d-d965ccfc6d4b" outcome="Passed" testListId="8c84fa94-04c1-424b-9868-57a2d4851a1d" relativeResultsDirectory="d5cfd4bc-3601-4e12-88e5-0b03cc81c781">
    </UnitTestResult>
    <UnitTestResult executionId="4e5893b6-0888-479f-af2c-1a351d203977" testId="c35eb805-49e5-7d06-b69d-ba684aaa6791" testName="TakeEveryThrowsContractException998" computerName="EDSAC" duration="00:00:00.0006126" startTime="2010-12-04T14:24:46.4174824+00:00" endTime="2010-12-04T14:24:46.4334833+00:00" testType="13cdc9d9-ddb5-4fa4-a97d-d965ccfc6d4b" outcome="Passed" testListId="8c84fa94-04c1-424b-9868-57a2d4851a1d" relativeResultsDirectory="4e5893b6-0888-479f-af2c-1a351d203977">
    </UnitTestResult>
    <UnitTestResult executionId="1cf15e61-b808-4b17-bab4-42ca86f557a2" testId="c3a5f774-5c25-7fa7-593c-10a98b5db768" testName="Execute424" computerName="EDSAC" duration="00:00:00.0003205" startTime="2010-12-04T14:24:46.4374835+00:00" endTime="2010-12-04T14:24:46.4474841+00:00" testType="13cdc9d9-ddb5-4fa4-a97d-d965ccfc6d4b" outcome="Passed" testListId="8c84fa94-04c1-424b-9868-57a2d4851a1d" relativeResultsDirectory="1cf15e61-b808-4b17-bab4-42ca86f557a2">
    </UnitTestResult>
    <UnitTestResult executionId="61cb115f-1f64-47ec-9ad0-486df6294cfa" testId="c3b85211-1b55-61c6-8d42-782c04048184" testName="AsEnumerable0258804" computerName="EDSAC" duration="00:00:00.0005403" startTime="2010-12-04T14:24:46.4524844+00:00" endTime="2010-12-04T14:24:46.4664852+00:00" testType="13cdc9d9-ddb5-4fa4-a97d-d965ccfc6d4b" outcome="Passed" testListId="8c84fa94-04c1-424b-9868-57a2d4851a1d" relativeResultsDirectory="61cb115f-1f64-47ec-9ad0-486df6294cfa">
    </UnitTestResult>
    <UnitTestResult executionId="48cc9a20-2707-4d30-b722-29783981f772" testId="c3e8dcc2-bac7-2a0c-9c06-8dc4838145f3" testName="Fill0168802" computerName="EDSAC" duration="00:00:00.0005743" startTime="2010-12-04T14:24:46.4744857+00:00" endTime="2010-12-04T14:24:46.4834862+00:00" testType="13cdc9d9-ddb5-4fa4-a97d-d965ccfc6d4b" outcome="Passed" testListId="8c84fa94-04c1-424b-9868-57a2d4851a1d" relativeResultsDirectory="48cc9a20-2707-4d30-b722-29783981f772">
    </UnitTestResult>
    <UnitTestResult executionId="c5fbfacc-71b0-4db1-b0ea-84d237c05998" testId="c441e89e-f895-2b6d-e75c-6ac07c647d62" testName="AsEnumerable0128303" computerName="EDSAC" duration="00:00:00.0003956" startTime="2010-12-04T14:24:46.4894865+00:00" endTime="2010-12-04T14:24:46.4994871+00:00" testType="13cdc9d9-ddb5-4fa4-a97d-d965ccfc6d4b" outcome="Passed" testListId="8c84fa94-04c1-424b-9868-57a2d4851a1d" relativeResultsDirectory="c5fbfacc-71b0-4db1-b0ea-84d237c05998">
    </UnitTestResult>
    <UnitTestResult executionId="02a6dd78-7000-488a-bcfb-89d05bf6fdc4" testId="c75708a0-bd76-5c05-5aaa-8fcb10fd4321" testName="ToThrowsContractException891" computerName="EDSAC" duration="00:00:00.0005235" startTime="2010-12-04T14:24:46.5064875+00:00" endTime="2010-12-04T14:24:46.5194882+00:00" testType="13cdc9d9-ddb5-4fa4-a97d-d965ccfc6d4b" outcome="Passed" testListId="8c84fa94-04c1-424b-9868-57a2d4851a1d" relativeResultsDirectory="02a6dd78-7000-488a-bcfb-89d05bf6fdc4">
    </UnitTestResult>
    <UnitTestResult executionId="81a9fecf-11ea-47ac-aad9-54e453b721fb" testId="c764531a-8b43-978a-82fa-64e183192f81" testName="IsNullOrEmpty963" computerName="EDSAC" duration="00:00:00.0004428" startTime="2010-12-04T14:24:46.5254886+00:00" endTime="2010-12-04T14:24:46.5354891+00:00" testType="13cdc9d9-ddb5-4fa4-a97d-d965ccfc6d4b" outcome="Passed" testListId="8c84fa94-04c1-424b-9868-57a2d4851a1d" relativeResultsDirectory="81a9fecf-11ea-47ac-aad9-54e453b721fb">
    </UnitTestResult>
    <UnitTestResult executionId="bda687fc-d549-4cef-ab9f-27ff56b3c6e2" testId="c80221bd-ca0a-aa23-6b81-2ed5f20f8d5f" testName="As0163229" computerName="EDSAC" duration="00:00:00.0005664" startTime="2010-12-04T14:24:46.5394894+00:00" endTime="2010-12-04T14:24:46.5554903+00:00" testType="13cdc9d9-ddb5-4fa4-a97d-d965ccfc6d4b" outcome="Passed" testListId="8c84fa94-04c1-424b-9868-57a2d4851a1d" relativeResultsDirectory="bda687fc-d549-4cef-ab9f-27ff56b3c6e2">
    </UnitTestResult>
    <UnitTestResult executionId="24b3cd8d-8291-42f8-a6fa-a16e9bce0856" testId="cc8275a0-551e-d39e-ef08-c6785391cae1" testName="UnionAll01ThrowsContractException68" computerName="EDSAC" duration="00:00:00.0006056" startTime="2010-12-04T14:24:46.5614906+00:00" endTime="2010-12-04T14:24:46.5714912+00:00" testType="13cdc9d9-ddb5-4fa4-a97d-d965ccfc6d4b" outcome="Passed" testListId="8c84fa94-04c1-424b-9868-57a2d4851a1d" relativeResultsDirectory="24b3cd8d-8291-42f8-a6fa-a16e9bce0856">
    </UnitTestResult>
    <UnitTestResult executionId="a2b89d34-861d-49ed-80c8-0a772d3ad4eb" testId="cdf50321-c0eb-ddc4-0179-2919c2028903" testName="IsIn01570" computerName="EDSAC" duration="00:00:00.0003989" startTime="2010-12-04T14:24:46.5754914+00:00" endTime="2010-12-04T14:24:46.5884922+00:00" testType="13cdc9d9-ddb5-4fa4-a97d-d965ccfc6d4b" outcome="Passed" testListId="8c84fa94-04c1-424b-9868-57a2d4851a1d" relativeResultsDirectory="a2b89d34-861d-49ed-80c8-0a772d3ad4eb">
    </UnitTestResult>
    <UnitTestResult executionId="ba4edc89-c09e-40ef-9b12-b42783b3de54" testId="d0140d76-78ce-58b3-2274-c95b28b0ccfb" testName="As0163234" computerName="EDSAC" duration="00:00:00.0005855" startTime="2010-12-04T14:24:46.5944925+00:00" endTime="2010-12-04T14:24:46.6064932+00:00" testType="13cdc9d9-ddb5-4fa4-a97d-d965ccfc6d4b" outcome="Passed" testListId="8c84fa94-04c1-424b-9868-57a2d4851a1d" relativeResultsDirectory="ba4edc89-c09e-40ef-9b12-b42783b3de54">
    </UnitTestResult>
    <UnitTestResult executionId="fa268f6b-a8f9-4939-b77f-2241a7ae9e50" testId="d045283f-2980-ed70-af3d-611e9266ab64" testName="To0120301" computerName="EDSAC" duration="00:00:00.0002995" startTime="2010-12-04T14:24:46.6104934+00:00" endTime="2010-12-04T14:24:46.6274944+00:00" testType="13cdc9d9-ddb5-4fa4-a97d-d965ccfc6d4b" outcome="Passed" testListId="8c84fa94-04c1-424b-9868-57a2d4851a1d" relativeResultsDirectory="fa268f6b-a8f9-4939-b77f-2241a7ae9e50">
    </UnitTestResult>
    <UnitTestResult executionId="59f7fda6-3b32-4819-9969-e8a7ab745e13" testId="d5027f5f-1da1-2a25-97cf-1e7da6a062b5" testName="Fill0157104" computerName="EDSAC" duration="00:00:00.0004708" startTime="2010-12-04T14:24:46.6324947+00:00" endTime="2010-12-04T14:24:46.6454954+00:00" testType="13cdc9d9-ddb5-4fa4-a97d-d965ccfc6d4b" outcome="Passed" testListId="8c84fa94-04c1-424b-9868-57a2d4851a1d" relativeResultsDirectory="59f7fda6-3b32-4819-9969-e8a7ab745e13">
    </UnitTestResult>
    <UnitTestResult executionId="9d0078f4-9650-490e-bb79-e13c965d410b" testId="d56f2fbf-3f3e-cba1-4f8d-7b34cec35b0a" testName="As0198303" computerName="EDSAC" duration="00:00:00.0011679" startTime="2010-12-04T14:24:46.6484956+00:00" endTime="2010-12-04T14:24:46.6644965+00:00" testType="13cdc9d9-ddb5-4fa4-a97d-d965ccfc6d4b" outcome="Passed" testListId="8c84fa94-04c1-424b-9868-57a2d4851a1d" relativeResultsDirectory="9d0078f4-9650-490e-bb79-e13c965d410b">
    </UnitTestResult>
    <UnitTestResult executionId="4eed5cd6-df4c-4d35-b4ef-b0b102cc1199" testId="d75bbbff-3e3e-ac68-2b4f-48cfb14f2d0a" testName="IfNotNull17303" computerName="EDSAC" duration="00:00:00.0003476" startTime="2010-12-04T14:24:46.6724970+00:00" endTime="2010-12-04T14:24:46.6794974+00:00" testType="13cdc9d9-ddb5-4fa4-a97d-d965ccfc6d4b" outcome="Passed" testListId="8c84fa94-04c1-424b-9868-57a2d4851a1d" relativeResultsDirectory="4eed5cd6-df4c-4d35-b4ef-b0b102cc1199">
    </UnitTestResult>
    <UnitTestResult executionId="86bd016f-aea0-42fa-a625-fcade2f33a98" testId="d820847a-a64d-718b-5774-4886058277c3" testName="Add29602" computerName="EDSAC" duration="00:00:00.0004577" startTime="2010-12-04T14:24:46.6874978+00:00" endTime="2010-12-04T14:24:46.7014986+00:00" testType="13cdc9d9-ddb5-4fa4-a97d-d965ccfc6d4b" outcome="Passed" testListId="8c84fa94-04c1-424b-9868-57a2d4851a1d" relativeResultsDirectory="86bd016f-aea0-42fa-a625-fcade2f33a98">
    </UnitTestResult>
    <UnitTestResult executionId="d526a37d-213e-454e-b265-971abc7a5708" testId="d8af0a27-8cd9-d036-917e-00672cd2689b" testName="IfNotNull47703" computerName="EDSAC" duration="00:00:00.0005403" startTime="2010-12-04T14:24:46.7074990+00:00" endTime="2010-12-04T14:24:46.7164995+00:00" testType="13cdc9d9-ddb5-4fa4-a97d-d965ccfc6d4b" outcome="Passed" testListId="8c84fa94-04c1-424b-9868-57a2d4851a1d" relativeResultsDirectory="d526a37d-213e-454e-b265-971abc7a5708">
    </UnitTestResult>
    <UnitTestResult executionId="bd43bb13-549b-47a4-b664-5f087d9b19b2" testId="d97a225a-e31a-2138-2fae-7b4109b25275" testName="As928" computerName="EDSAC" duration="00:00:00.0004610" startTime="2010-12-04T14:24:46.7224998+00:00" endTime="2010-12-04T14:24:46.7385008+00:00" testType="13cdc9d9-ddb5-4fa4-a97d-d965ccfc6d4b" outcome="Passed" testListId="8c84fa94-04c1-424b-9868-57a2d4851a1d" relativeResultsDirectory="bd43bb13-549b-47a4-b664-5f087d9b19b2">
    </UnitTestResult>
    <UnitTestResult executionId="09a39f36-2fd5-453b-920f-69b0764d922a" testId="d982986f-d5cc-bb8f-d6d8-e2a54e2f4dd0" testName="EmptyIfNull574" computerName="EDSAC" duration="00:00:00.0008245" startTime="2010-12-04T14:24:46.7465012+00:00" endTime="2010-12-04T14:24:46.7545017+00:00" testType="13cdc9d9-ddb5-4fa4-a97d-d965ccfc6d4b" outcome="Passed" testListId="8c84fa94-04c1-424b-9868-57a2d4851a1d" relativeResultsDirectory="09a39f36-2fd5-453b-920f-69b0764d922a">
    </UnitTestResult>
    <UnitTestResult executionId="d1a4349e-13e6-4afd-89fb-ba4bf2f4d242" testId="db3b4c9b-bf56-f07b-1edd-3db630376de3" testName="IfNotNull47702" computerName="EDSAC" duration="00:00:00.0003816" startTime="2010-12-04T14:24:46.7565018+00:00" endTime="2010-12-04T14:24:46.7775030+00:00" testType="13cdc9d9-ddb5-4fa4-a97d-d965ccfc6d4b" outcome="Passed" testListId="8c84fa94-04c1-424b-9868-57a2d4851a1d" relativeResultsDirectory="d1a4349e-13e6-4afd-89fb-ba4bf2f4d242">
    </UnitTestResult>
    <UnitTestResult executionId="1e6a96b9-e9b4-4ad0-a2fd-88adf5d679e8" testId="db3b6314-b1da-7626-0e4e-61abbddac9d6" testName="To72301" computerName="EDSAC" duration="00:00:00.0003102" startTime="2010-12-04T14:24:46.7875036+00:00" endTime="2010-12-04T14:24:46.7975041+00:00" testType="13cdc9d9-ddb5-4fa4-a97d-d965ccfc6d4b" outcome="Passed" testListId="8c84fa94-04c1-424b-9868-57a2d4851a1d" relativeResultsDirectory="1e6a96b9-e9b4-4ad0-a2fd-88adf5d679e8">
    </UnitTestResult>
    <UnitTestResult executionId="1917d0c2-2740-4a4b-a1f5-8fb96454e553" testId="dc08494a-5655-aecb-96fc-b52817050a2a" testName="As0163212" computerName="EDSAC" duration="00:00:00.0004801" startTime="2010-12-04T14:24:46.8055046+00:00" endTime="2010-12-04T14:24:46.8185053+00:00" testType="13cdc9d9-ddb5-4fa4-a97d-d965ccfc6d4b" outcome="Passed" testListId="8c84fa94-04c1-424b-9868-57a2d4851a1d" relativeResultsDirectory="1917d0c2-2740-4a4b-a1f5-8fb96454e553">
    </UnitTestResult>
    <UnitTestResult executionId="50136d2b-e863-487b-8e0b-af445a41a23e" testId="de06015f-869e-46b8-4b51-8c7b049b2b96" testName="As0136701" computerName="EDSAC" duration="00:00:00.0006369" startTime="2010-12-04T14:24:46.8245057+00:00" endTime="2010-12-04T14:24:46.8355063+00:00" testType="13cdc9d9-ddb5-4fa4-a97d-d965ccfc6d4b" outcome="Passed" testListId="8c84fa94-04c1-424b-9868-57a2d4851a1d" relativeResultsDirectory="50136d2b-e863-487b-8e0b-af445a41a23e">
    </UnitTestResult>
    <UnitTestResult executionId="4cba70eb-ab41-4697-8acf-087885655bfb" testId="de9d9ca9-6d6f-fece-a7ad-0d011ee5cf94" testName="As0132106" computerName="EDSAC" duration="00:00:00.0007213" startTime="2010-12-04T14:24:46.8395065+00:00" endTime="2010-12-04T14:24:46.8545074+00:00" testType="13cdc9d9-ddb5-4fa4-a97d-d965ccfc6d4b" outcome="Passed" testListId="8c84fa94-04c1-424b-9868-57a2d4851a1d" relativeResultsDirectory="4cba70eb-ab41-4697-8acf-087885655bfb">
    </UnitTestResult>
    <UnitTestResult executionId="65a2d038-c708-4609-904a-7b9a67b9e0e8" testId="e18cfbc3-f9cf-311e-f710-177b71a46e6d" testName="WithThrowsContractException374" computerName="EDSAC" duration="00:00:00.0005617" startTime="2010-12-04T14:24:46.8565075+00:00" endTime="2010-12-04T14:24:46.8755086+00:00" testType="13cdc9d9-ddb5-4fa4-a97d-d965ccfc6d4b" outcome="Passed" testListId="8c84fa94-04c1-424b-9868-57a2d4851a1d" relativeResultsDirectory="65a2d038-c708-4609-904a-7b9a67b9e0e8">
    </UnitTestResult>
    <UnitTestResult executionId="abad1935-d648-4e67-b187-a5bac2e160f7" testId="e30391ee-1b3b-ee9f-b02c-b47de478c33f" testName="As0132108" computerName="EDSAC" duration="00:00:00.0003868" startTime="2010-12-04T14:24:46.8815089+00:00" endTime="2010-12-04T14:24:46.8975099+00:00" testType="13cdc9d9-ddb5-4fa4-a97d-d965ccfc6d4b" outcome="Passed" testListId="8c84fa94-04c1-424b-9868-57a2d4851a1d" relativeResultsDirectory="abad1935-d648-4e67-b187-a5bac2e160f7">
    </UnitTestResult>
    <UnitTestResult executionId="b20f2513-6c39-48e7-97df-4b7a637032d6" testId="e37183df-04ce-aa53-28d5-e792188a2202" testName="As0163220" computerName="EDSAC" duration="00:00:00.0005739" startTime="2010-12-04T14:24:46.9075104+00:00" endTime="2010-12-04T14:24:46.9195111+00:00" testType="13cdc9d9-ddb5-4fa4-a97d-d965ccfc6d4b" outcome="Passed" testListId="8c84fa94-04c1-424b-9868-57a2d4851a1d" relativeResultsDirectory="b20f2513-6c39-48e7-97df-4b7a637032d6">
    </UnitTestResult>
    <UnitTestResult executionId="2dc1b04f-ee70-4947-a5f1-7da86b31c469" testId="e5623ce5-a9dc-7c7d-ffdc-f4cf28cd97aa" testName="InvokeIfRequiredThrowsContractException870" computerName="EDSAC" duration="00:00:00.0011646" startTime="2010-12-04T14:24:46.9265115+00:00" endTime="2010-12-04T14:24:46.9345120+00:00" testType="13cdc9d9-ddb5-4fa4-a97d-d965ccfc6d4b" outcome="Passed" testListId="8c84fa94-04c1-424b-9868-57a2d4851a1d" relativeResultsDirectory="2dc1b04f-ee70-4947-a5f1-7da86b31c469">
    </UnitTestResult>
    <UnitTestResult executionId="28f352ff-fb4e-4fec-b6d5-f5a88ef59d1b" testId="e5750d14-09bb-ec70-127b-652a47b7dd9c" testName="As0163214" computerName="EDSAC" duration="00:00:00.0003975" startTime="2010-12-04T14:24:46.9405123+00:00" endTime="2010-12-04T14:24:46.9545131+00:00" testType="13cdc9d9-ddb5-4fa4-a97d-d965ccfc6d4b" outcome="Passed" testListId="8c84fa94-04c1-424b-9868-57a2d4851a1d" relativeResultsDirectory="28f352ff-fb4e-4fec-b6d5-f5a88ef59d1b">
    </UnitTestResult>
    <UnitTestResult executionId="ac990b8d-f5a0-4456-98a0-94885c9e04da" testId="e77c7ab7-183b-1f93-57a3-77e0403bec4c" testName="Fill0157103" computerName="EDSAC" duration="00:00:00.0003499" startTime="2010-12-04T14:24:46.9615135+00:00" endTime="2010-12-04T14:24:46.9695140+00:00" testType="13cdc9d9-ddb5-4fa4-a97d-d965ccfc6d4b" outcome="Passed" testListId="8c84fa94-04c1-424b-9868-57a2d4851a1d" relativeResultsDirectory="ac990b8d-f5a0-4456-98a0-94885c9e04da">
    </UnitTestResult>
    <UnitTestResult executionId="9447a67b-8715-4ff2-ac84-09d41f9b0e0a" testId="e80fc0c4-2914-56fc-191b-489f27774cbc" testName="As0136703" computerName="EDSAC" duration="00:00:00.0006607" startTime="2010-12-04T14:24:46.9725141+00:00" endTime="2010-12-04T14:24:46.9885151+00:00" testType="13cdc9d9-ddb5-4fa4-a97d-d965ccfc6d4b" outcome="Passed" testListId="8c84fa94-04c1-424b-9868-57a2d4851a1d" relativeResultsDirectory="9447a67b-8715-4ff2-ac84-09d41f9b0e0a">
    </UnitTestResult>
    <UnitTestResult executionId="0458f29c-a7c4-43d7-a16b-028771951200" testId="e860bbd5-6ce1-07c3-fd03-d14cbeda5d8f" testName="Fill57101" computerName="EDSAC" duration="00:00:00.0002445" startTime="2010-12-04T14:24:46.9985156+00:00" endTime="2010-12-04T14:24:47.0065161+00:00" testType="13cdc9d9-ddb5-4fa4-a97d-d965ccfc6d4b" outcome="Passed" testListId="8c84fa94-04c1-424b-9868-57a2d4851a1d" relativeResultsDirectory="0458f29c-a7c4-43d7-a16b-028771951200">
    </UnitTestResult>
    <UnitTestResult executionId="e977f709-4744-4ff4-80f2-6f7b727fd4b4" testId="e89c0529-2532-190e-5936-91edd9263fb1" testName="IfNotNull0192304" computerName="EDSAC" duration="00:00:00.0003625" startTime="2010-12-04T14:24:47.0165167+00:00" endTime="2010-12-04T14:24:47.0255172+00:00" testType="13cdc9d9-ddb5-4fa4-a97d-d965ccfc6d4b" outcome="Passed" testListId="8c84fa94-04c1-424b-9868-57a2d4851a1d" relativeResultsDirectory="e977f709-4744-4ff4-80f2-6f7b727fd4b4">
    </UnitTestResult>
    <UnitTestResult executionId="1f8aee1b-7a1c-4434-a1f9-80e9218b5905" testId="e8ca73cc-b93e-0f49-9374-ed860ffbd677" testName="RangeThrowsContractException187" computerName="EDSAC" duration="00:00:00.0006443" startTime="2010-12-04T14:24:47.0285173+00:00" endTime="2010-12-04T14:24:47.0405180+00:00" testType="13cdc9d9-ddb5-4fa4-a97d-d965ccfc6d4b" outcome="Passed" testListId="8c84fa94-04c1-424b-9868-57a2d4851a1d" relativeResultsDirectory="1f8aee1b-7a1c-4434-a1f9-80e9218b5905">
    </UnitTestResult>
    <UnitTestResult executionId="7242d6bf-d897-4870-9185-4797423843cf" testId="e966bfbe-0422-eb75-f093-b800f9c629b7" testName="As0163217" computerName="EDSAC" duration="00:00:00.0004045" startTime="2010-12-04T14:24:47.0435182+00:00" endTime="2010-12-04T14:24:47.0585191+00:00" testType="13cdc9d9-ddb5-4fa4-a97d-d965ccfc6d4b" outcome="Passed" testListId="8c84fa94-04c1-424b-9868-57a2d4851a1d" relativeResultsDirectory="7242d6bf-d897-4870-9185-4797423843cf">
    </UnitTestResult>
    <UnitTestResult executionId="88d7e89c-e241-4b86-9c5f-00799a4e65ba" testId="ea12baf4-c62d-b0ca-b8ec-0dd742c09890" testName="As21501" computerName="EDSAC" duration="00:00:00.0006033" startTime="2010-12-04T14:24:47.0615192+00:00" endTime="2010-12-04T14:24:47.0735199+00:00" testType="13cdc9d9-ddb5-4fa4-a97d-d965ccfc6d4b" outcome="Passed" testListId="8c84fa94-04c1-424b-9868-57a2d4851a1d" relativeResultsDirectory="88d7e89c-e241-4b86-9c5f-00799a4e65ba">
    </UnitTestResult>
    <UnitTestResult executionId="30980bb3-c9a9-4511-8f2a-bfa1f6322144" testId="ea8ee283-08b1-8adf-4aa4-5e76e4a476d8" testName="As0132109" computerName="EDSAC" duration="00:00:00.0003989" startTime="2010-12-04T14:24:47.0775201+00:00" endTime="2010-12-04T14:24:47.0915209+00:00" testType="13cdc9d9-ddb5-4fa4-a97d-d965ccfc6d4b" outcome="Passed" testListId="8c84fa94-04c1-424b-9868-57a2d4851a1d" relativeResultsDirectory="30980bb3-c9a9-4511-8f2a-bfa1f6322144">
    </UnitTestResult>
    <UnitTestResult executionId="b9de2515-be19-4019-8abb-b44e25a846bb" testId="eaed8830-28b9-0d81-19c8-50909473733c" testName="As0163230" computerName="EDSAC" duration="00:00:00.0003844" startTime="2010-12-04T14:24:47.0945211+00:00" endTime="2010-12-04T14:24:47.1115221+00:00" testType="13cdc9d9-ddb5-4fa4-a97d-d965ccfc6d4b" outcome="Passed" testListId="8c84fa94-04c1-424b-9868-57a2d4851a1d" relativeResultsDirectory="b9de2515-be19-4019-8abb-b44e25a846bb">
    </UnitTestResult>
    <UnitTestResult executionId="5730d9fb-daae-461f-be6b-71bd1a6d9d7f" testId="ec55615d-1e36-c752-f2bf-b20284d0ae33" testName="As0163223" computerName="EDSAC" duration="00:00:00.0004003" startTime="2010-12-04T14:24:47.1175224+00:00" endTime="2010-12-04T14:24:47.1315232+00:00" testType="13cdc9d9-ddb5-4fa4-a97d-d965ccfc6d4b" outcome="Passed" testListId="8c84fa94-04c1-424b-9868-57a2d4851a1d" relativeResultsDirectory="5730d9fb-daae-461f-be6b-71bd1a6d9d7f">
    </UnitTestResult>
    <UnitTestResult executionId="26e7dade-3fdf-4182-8c9e-c19e5adb36dc" testId="ec99d1a9-4b49-a94f-134c-f58d11b57222" testName="AsEnumerable56002" computerName="EDSAC" duration="00:00:00.0004843" startTime="2010-12-04T14:24:47.1345234+00:00" endTime="2010-12-04T14:24:47.1485242+00:00" testType="13cdc9d9-ddb5-4fa4-a97d-d965ccfc6d4b" outcome="Passed" testListId="8c84fa94-04c1-424b-9868-57a2d4851a1d" relativeResultsDirectory="26e7dade-3fdf-4182-8c9e-c19e5adb36dc">
    </UnitTestResult>
    <UnitTestResult executionId="717b416f-6d6c-4a20-892f-d3bf6a5c6ea6" testId="ee7a26ae-f08b-c1d5-713f-d21139c592b9" testName="As0163216" computerName="EDSAC" duration="00:00:00.0004022" startTime="2010-12-04T14:24:47.1525244+00:00" endTime="2010-12-04T14:24:47.1675253+00:00" testType="13cdc9d9-ddb5-4fa4-a97d-d965ccfc6d4b" outcome="Passed" testListId="8c84fa94-04c1-424b-9868-57a2d4851a1d" relativeResultsDirectory="717b416f-6d6c-4a20-892f-d3bf6a5c6ea6">
    </UnitTestResult>
    <UnitTestResult executionId="90f5325f-1637-4cd7-8db9-da9b138171c0" testId="eeb34c89-a7df-f580-faa2-1b58190ee5be" testName="Add29604" computerName="EDSAC" duration="00:00:00.0004437" startTime="2010-12-04T14:24:47.1695254+00:00" endTime="2010-12-04T14:24:47.1805260+00:00" testType="13cdc9d9-ddb5-4fa4-a97d-d965ccfc6d4b" outcome="Passed" testListId="8c84fa94-04c1-424b-9868-57a2d4851a1d" relativeResultsDirectory="90f5325f-1637-4cd7-8db9-da9b138171c0">
    </UnitTestResult>
    <UnitTestResult executionId="27c265a5-d684-4685-9b04-ab8d2a140aef" testId="f026b4fd-1d5b-6d3d-657e-a3e832a7de61" testName="To46301" computerName="EDSAC" duration="00:00:00.0002692" startTime="2010-12-04T14:24:47.1825262+00:00" endTime="2010-12-04T14:24:47.2005272+00:00" testType="13cdc9d9-ddb5-4fa4-a97d-d965ccfc6d4b" outcome="Passed" testListId="8c84fa94-04c1-424b-9868-57a2d4851a1d" relativeResultsDirectory="27c265a5-d684-4685-9b04-ab8d2a140aef">
    </UnitTestResult>
    <UnitTestResult executionId="4b8abbec-51ea-44d9-9682-329fa38ae446" testId="f342f959-584b-70f7-fc12-f7e45c365653" testName="AsEnumerable0314802" computerName="EDSAC" duration="00:00:00.0004820" startTime="2010-12-04T14:24:47.2025273+00:00" endTime="2010-12-04T14:24:47.2175282+00:00" testType="13cdc9d9-ddb5-4fa4-a97d-d965ccfc6d4b" outcome="Passed" testListId="8c84fa94-04c1-424b-9868-57a2d4851a1d" relativeResultsDirectory="4b8abbec-51ea-44d9-9682-329fa38ae446">
    </UnitTestResult>
    <UnitTestResult executionId="244443a7-93e0-4bbf-a6ec-855af7f7d822" testId="f4a16930-7fb5-1364-b2bb-1dffeb9040de" testName="Add60903" computerName="EDSAC" duration="00:00:00.0004563" startTime="2010-12-04T14:24:47.2205283+00:00" endTime="2010-12-04T14:24:47.2345291+00:00" testType="13cdc9d9-ddb5-4fa4-a97d-d965ccfc6d4b" outcome="Passed" testListId="8c84fa94-04c1-424b-9868-57a2d4851a1d" relativeResultsDirectory="244443a7-93e0-4bbf-a6ec-855af7f7d822">
    </UnitTestResult>
    <UnitTestResult executionId="c9455fb8-e55b-4ae2-941f-20d8474f0590" testId="f4f76af5-0d54-7bf8-8ba4-b32803d7a374" testName="As21508" computerName="EDSAC" duration="00:00:00.0007596" startTime="2010-12-04T14:24:47.2415295+00:00" endTime="2010-12-04T14:24:47.2535302+00:00" testType="13cdc9d9-ddb5-4fa4-a97d-d965ccfc6d4b" outcome="Passed" testListId="8c84fa94-04c1-424b-9868-57a2d4851a1d" relativeResultsDirectory="c9455fb8-e55b-4ae2-941f-20d8474f0590">
    </UnitTestResult>
    <UnitTestResult executionId="ebc88ad4-fb2e-4c8b-b630-ef817437c15f" testId="f51de229-4761-6e36-e9f5-2ae1d5b346f0" testName="ForEach90801" computerName="EDSAC" duration="00:00:00.0003770" startTime="2010-12-04T14:24:47.2585305+00:00" endTime="2010-12-04T14:24:47.2735314+00:00" testType="13cdc9d9-ddb5-4fa4-a97d-d965ccfc6d4b" outcome="Passed" testListId="8c84fa94-04c1-424b-9868-57a2d4851a1d" relativeResultsDirectory="ebc88ad4-fb2e-4c8b-b630-ef817437c15f">
    </UnitTestResult>
    <UnitTestResult executionId="bbe5b3d1-4d32-4710-b81c-cfde6466318a" testId="f56d5205-e252-235c-3244-90ee14efb3f4" testName="InvokeIfRequired01ThrowsContractException382" computerName="EDSAC" duration="00:00:00.0014138" startTime="2010-12-04T14:24:47.2785316+00:00" endTime="2010-12-04T14:24:47.2925324+00:00" testType="13cdc9d9-ddb5-4fa4-a97d-d965ccfc6d4b" outcome="Passed" testListId="8c84fa94-04c1-424b-9868-57a2d4851a1d" relativeResultsDirectory="bbe5b3d1-4d32-4710-b81c-cfde6466318a">
    </UnitTestResult>
    <UnitTestResult executionId="71a4df18-0ffc-46bc-8911-98003837f91d" testId="f5f02455-4aef-8763-5044-dc094bc64ba2" testName="ForEach12502" computerName="EDSAC" duration="00:00:00.0003774" startTime="2010-12-04T14:24:47.2945326+00:00" endTime="2010-12-04T14:24:47.3095334+00:00" testType="13cdc9d9-ddb5-4fa4-a97d-d965ccfc6d4b" outcome="Passed" testListId="8c84fa94-04c1-424b-9868-57a2d4851a1d" relativeResultsDirectory="71a4df18-0ffc-46bc-8911-98003837f91d">
    </UnitTestResult>
    <UnitTestResult executionId="3aa4ed38-17d1-45f8-9b3b-b5961ee7df3c" testId="f66902ae-2eb8-36de-bdb4-af24338ae682" testName="TakeEveryThrowsContractException597" computerName="EDSAC" duration="00:00:00.0006177" startTime="2010-12-04T14:24:47.3125336+00:00" endTime="2010-12-04T14:24:47.3255343+00:00" testType="13cdc9d9-ddb5-4fa4-a97d-d965ccfc6d4b" outcome="Passed" testListId="8c84fa94-04c1-424b-9868-57a2d4851a1d" relativeResultsDirectory="3aa4ed38-17d1-45f8-9b3b-b5961ee7df3c">
    </UnitTestResult>
    <UnitTestResult executionId="1de94de6-b224-45a5-9fbc-801c626fba6f" testId="f791b1fc-7ecf-06ad-9b72-838a0f1da804" testName="As0136702" computerName="EDSAC" duration="00:00:00.0006023" startTime="2010-12-04T14:24:47.3275344+00:00" endTime="2010-12-04T14:24:47.3445354+00:00" testType="13cdc9d9-ddb5-4fa4-a97d-d965ccfc6d4b" outcome="Passed" testListId="8c84fa94-04c1-424b-9868-57a2d4851a1d" relativeResultsDirectory="1de94de6-b224-45a5-9fbc-801c626fba6f">
    </UnitTestResult>
    <UnitTestResult executionId="e136a658-e85a-4e0a-8deb-3d02d6b0cb3e" testId="f96aeaaa-982a-50fe-9819-4fadbbdc5555" testName="IfNotNull0159701" computerName="EDSAC" duration="00:00:00.0005333" startTime="2010-12-04T14:24:47.3565361+00:00" endTime="2010-12-04T14:24:47.3695368+00:00" testType="13cdc9d9-ddb5-4fa4-a97d-d965ccfc6d4b" outcome="Passed" testListId="8c84fa94-04c1-424b-9868-57a2d4851a1d" relativeResultsDirectory="e136a658-e85a-4e0a-8deb-3d02d6b0cb3e">
    </UnitTestResult>
    <UnitTestResult executionId="92f16648-a286-4595-90fa-4bdad2af37f3" testId="fce54152-c90c-9cca-2f79-ca939e2fd20d" testName="RandomThrowsContractException824" computerName="EDSAC" duration="00:00:00.0005771" startTime="2010-12-04T14:24:47.3725370+00:00" endTime="2010-12-04T14:24:47.3905380+00:00" testType="13cdc9d9-ddb5-4fa4-a97d-d965ccfc6d4b" outcome="Passed" testListId="8c84fa94-04c1-424b-9868-57a2d4851a1d" relativeResultsDirectory="92f16648-a286-4595-90fa-4bdad2af37f3">
    </UnitTestResult>
    <UnitTestResult executionId="7354fd07-ab43-402d-926f-b8f09f32a444" testId="fd09b993-a9b4-e74b-ac25-fcabec687112" testName="Execute93301" computerName="EDSAC" duration="00:00:00.0002613" startTime="2010-12-04T14:24:47.3985385+00:00" endTime="2010-12-04T14:24:47.4105392+00:00" testType="13cdc9d9-ddb5-4fa4-a97d-d965ccfc6d4b" outcome="Passed" testListId="8c84fa94-04c1-424b-9868-57a2d4851a1d" relativeResultsDirectory="7354fd07-ab43-402d-926f-b8f09f32a444">
    </UnitTestResult>
    <UnitTestResult executionId="5ce34867-ce9d-4ce0-bb34-b0e860598d19" testId="fdc59520-9564-0684-d4f9-2091f576f931" testName="NullOr71403" computerName="EDSAC" duration="00:00:00.0007428" startTime="2010-12-04T14:24:47.4135394+00:00" endTime="2010-12-04T14:24:47.4295403+00:00" testType="13cdc9d9-ddb5-4fa4-a97d-d965ccfc6d4b" outcome="Passed" testListId="8c84fa94-04c1-424b-9868-57a2d4851a1d" relativeResultsDirectory="5ce34867-ce9d-4ce0-bb34-b0e860598d19">
    </UnitTestResult>
    <UnitTestResult executionId="0b4c4b9b-dc40-4ff4-8c04-c225421e1e3e" testId="fdc6582f-0eab-5f36-d160-7547a6de5dbb" testName="IfNotNull17301" computerName="EDSAC" duration="00:00:00.0003443" startTime="2010-12-04T14:24:47.4375407+00:00" endTime="2010-12-04T14:24:47.4455412+00:00" testType="13cdc9d9-ddb5-4fa4-a97d-d965ccfc6d4b" outcome="Passed" testListId="8c84fa94-04c1-424b-9868-57a2d4851a1d" relativeResultsDirectory="0b4c4b9b-dc40-4ff4-8c04-c225421e1e3e">
    </UnitTestResult>
    <UnitTestResult executionId="eb13df9b-1666-4ac1-bb65-4a041926b16d" testId="febe8afb-7bc1-3f13-831b-73b163a8c327" testName="As0132105" computerName="EDSAC" duration="00:00:00.0003975" startTime="2010-12-04T14:24:47.4545417+00:00" endTime="2010-12-04T14:24:47.4635422+00:00" testType="13cdc9d9-ddb5-4fa4-a97d-d965ccfc6d4b" outcome="Passed" testListId="8c84fa94-04c1-424b-9868-57a2d4851a1d" relativeResultsDirectory="eb13df9b-1666-4ac1-bb65-4a041926b16d">
    </UnitTestResult>
  </Results>
</TestRun>