<?xml version="1.0" encoding="UTF-8"?>
<TestRun id="7088b65c-bb2e-49ef-9e11-e83cfa7235e2" name="SuprDewd@EDSAC 2010-12-04 13:10:25" runUser="EDSAC\SuprDewd" xmlns="http://microsoft.com/schemas/VisualStudio/TeamTest/2010">
  <TestSettings name="Local" id="4c59a5fa-d837-49f8-8b62-15cf0be0742f">
    <Description>These are default test settings for a local test run.</Description>
    <Deployment enabled="false" runDeploymentRoot="SuprDewd_EDSAC 2010-12-04 13_10_25">
      <DeploymentItem filename="C:\Users\SuprDewd\Desktop\Projects\Forritun\SharpBag\SharpBag.Tests01\MolesAssemblies\SharpBag.Moles.dll" />
      <DeploymentItem filename="C:\Users\SuprDewd\Desktop\Projects\Forritun\SharpBag\SharpBag\bin\Release\SharpBag.dll" />
    </Deployment>
    <Execution>
      <TestTypeSpecific />
      <AgentRule name="Execution Agents">
      </AgentRule>
    </Execution>
  </TestSettings>
  <Times creation="2010-12-04T13:10:25.1083101+00:00" queuing="2010-12-04T13:10:26.0563643+00:00" start="2010-12-04T13:10:26.2333745+00:00" finish="2010-12-04T13:10:32.0197054+00:00" />
  <ResultSummary outcome="Failed">
    <Counters total="153" executed="153" passed="149" error="0" failed="4" timeout="0" aborted="0" inconclusive="0" passedButRunAborted="0" notRunnable="0" notExecuted="0" disconnected="0" warning="0" completed="0" inProgress="0" pending="0" />
  </ResultSummary>
  <TestDefinitions>
    <UnitTest name="Fill105" storage="c:\users\suprdewd\desktop\projects\forritun\sharpbag\sharpbag.tests01\bin\release\sharpbag.tests.dll" id="a51caca7-6a0e-8bea-fb89-3104ddb0e38a">
      <Execution id="a5143276-13f4-4609-bb32-1738858ab151" />
      <TestMethod codeBase="C:/Users/SuprDewd/Desktop/Projects/Forritun/SharpBag/SharpBag.Tests01/bin/Release/SharpBag.Tests.DLL" adapterTypeName="Microsoft.VisualStudio.TestTools.TestTypes.Unit.UnitTestAdapter, Microsoft.VisualStudio.QualityTools.Tips.UnitTest.Adapter, Version=10.0.0.0, Culture=neutral, PublicKeyToken=b03f5f7f11d50a3a" className="SharpBag.ExtensionsTest, SharpBag.Tests, Version=0.0.0.0, Culture=neutral, PublicKeyToken=null" name="Fill105" />
    </UnitTest>
    <UnitTest name="RangeThrowsContractException485" storage="c:\users\suprdewd\desktop\projects\forritun\sharpbag\sharpbag.tests01\bin\release\sharpbag.tests.dll" id="c8c2cfdd-b8a6-a87d-8c47-5082bca773be">
      <Execution id="5d91aee8-625e-4a1b-88f6-8134192c98a4" />
      <TestMethod codeBase="C:/Users/SuprDewd/Desktop/Projects/Forritun/SharpBag/SharpBag.Tests01/bin/Release/SharpBag.Tests.DLL" adapterTypeName="Microsoft.VisualStudio.TestTools.TestTypes.Unit.UnitTestAdapter, Microsoft.VisualStudio.QualityTools.Tips.UnitTest.Adapter, Version=10.0.0.0, Culture=neutral, PublicKeyToken=b03f5f7f11d50a3a" className="SharpBag.ExtensionsTest, SharpBag.Tests, Version=0.0.0.0, Culture=neutral, PublicKeyToken=null" name="RangeThrowsContractException485" />
    </UnitTest>
    <UnitTest name="NullOr714" storage="c:\users\suprdewd\desktop\projects\forritun\sharpbag\sharpbag.tests01\bin\release\sharpbag.tests.dll" id="e2ea95fb-c5c4-8579-22e2-2d857f0fee1f">
      <Execution id="3476f094-a0d3-4ed5-a494-edf910cbf93e" />
      <TestMethod codeBase="C:/Users/SuprDewd/Desktop/Projects/Forritun/SharpBag/SharpBag.Tests01/bin/Release/SharpBag.Tests.DLL" adapterTypeName="Microsoft.VisualStudio.TestTools.TestTypes.Unit.UnitTestAdapter, Microsoft.VisualStudio.QualityTools.Tips.UnitTest.Adapter, Version=10.0.0.0, Culture=neutral, PublicKeyToken=b03f5f7f11d50a3a" className="SharpBag.ExtensionsTest, SharpBag.Tests, Version=0.0.0.0, Culture=neutral, PublicKeyToken=null" name="NullOr714" />
    </UnitTest>
    <UnitTest name="Shuffle565" storage="c:\users\suprdewd\desktop\projects\forritun\sharpbag\sharpbag.tests01\bin\release\sharpbag.tests.dll" id="8d424c8f-9c8d-8bdb-c98c-1e76a87f52e2">
      <Execution id="15d047bc-d71e-4b07-ade7-6fb32beee84a" />
      <TestMethod codeBase="C:/Users/SuprDewd/Desktop/Projects/Forritun/SharpBag/SharpBag.Tests01/bin/Release/SharpBag.Tests.DLL" adapterTypeName="Microsoft.VisualStudio.TestTools.TestTypes.Unit.UnitTestAdapter, Microsoft.VisualStudio.QualityTools.Tips.UnitTest.Adapter, Version=10.0.0.0, Culture=neutral, PublicKeyToken=b03f5f7f11d50a3a" className="SharpBag.ExtensionsTest, SharpBag.Tests, Version=0.0.0.0, Culture=neutral, PublicKeyToken=null" name="Shuffle565" />
    </UnitTest>
    <UnitTest name="ForEachThrowsContractException727" storage="c:\users\suprdewd\desktop\projects\forritun\sharpbag\sharpbag.tests01\bin\release\sharpbag.tests.dll" id="26cd5a56-007e-00b1-b708-eca41e9cf9dc">
      <Execution id="42661fb7-303c-4111-b85a-f0c46fbfe91b" />
      <TestMethod codeBase="C:/Users/SuprDewd/Desktop/Projects/Forritun/SharpBag/SharpBag.Tests01/bin/Release/SharpBag.Tests.DLL" adapterTypeName="Microsoft.VisualStudio.TestTools.TestTypes.Unit.UnitTestAdapter, Microsoft.VisualStudio.QualityTools.Tips.UnitTest.Adapter, Version=10.0.0.0, Culture=neutral, PublicKeyToken=b03f5f7f11d50a3a" className="SharpBag.ExtensionsTest, SharpBag.Tests, Version=0.0.0.0, Culture=neutral, PublicKeyToken=null" name="ForEachThrowsContractException727" />
    </UnitTest>
    <UnitTest name="As294" storage="c:\users\suprdewd\desktop\projects\forritun\sharpbag\sharpbag.tests01\bin\release\sharpbag.tests.dll" id="a6967160-696a-a27d-116b-53906f8b68d5">
      <Execution id="84a47343-4831-4bfb-bfbc-86b1ac14cc90" />
      <TestMethod codeBase="C:/Users/SuprDewd/Desktop/Projects/Forritun/SharpBag/SharpBag.Tests01/bin/Release/SharpBag.Tests.DLL" adapterTypeName="Microsoft.VisualStudio.TestTools.TestTypes.Unit.UnitTestAdapter, Microsoft.VisualStudio.QualityTools.Tips.UnitTest.Adapter, Version=10.0.0.0, Culture=neutral, PublicKeyToken=b03f5f7f11d50a3a" className="SharpBag.ExtensionsTest, SharpBag.Tests, Version=0.0.0.0, Culture=neutral, PublicKeyToken=null" name="As294" />
    </UnitTest>
    <UnitTest name="Fill571" storage="c:\users\suprdewd\desktop\projects\forritun\sharpbag\sharpbag.tests01\bin\release\sharpbag.tests.dll" id="9490af69-1deb-35f8-e7a6-20a35084fff2">
      <Execution id="67ddf688-6ecd-4a42-a680-ecee2459a7ac" />
      <TestMethod codeBase="C:/Users/SuprDewd/Desktop/Projects/Forritun/SharpBag/SharpBag.Tests01/bin/Release/SharpBag.Tests.DLL" adapterTypeName="Microsoft.VisualStudio.TestTools.TestTypes.Unit.UnitTestAdapter, Microsoft.VisualStudio.QualityTools.Tips.UnitTest.Adapter, Version=10.0.0.0, Culture=neutral, PublicKeyToken=b03f5f7f11d50a3a" className="SharpBag.ExtensionsTest, SharpBag.Tests, Version=0.0.0.0, Culture=neutral, PublicKeyToken=null" name="Fill571" />
    </UnitTest>
    <UnitTest name="As21502" storage="c:\users\suprdewd\desktop\projects\forritun\sharpbag\sharpbag.tests01\bin\release\sharpbag.tests.dll" id="7896ac03-38fd-b99c-d27e-6cbd208a3f1e">
      <Execution id="318d6c36-a73b-437a-af30-abcdd4527884" />
      <TestMethod codeBase="C:/Users/SuprDewd/Desktop/Projects/Forritun/SharpBag/SharpBag.Tests01/bin/Release/SharpBag.Tests.DLL" adapterTypeName="Microsoft.VisualStudio.TestTools.TestTypes.Unit.UnitTestAdapter, Microsoft.VisualStudio.QualityTools.Tips.UnitTest.Adapter, Version=10.0.0.0, Culture=neutral, PublicKeyToken=b03f5f7f11d50a3a" className="SharpBag.ExtensionsTest, SharpBag.Tests, Version=0.0.0.0, Culture=neutral, PublicKeyToken=null" name="As21502" />
    </UnitTest>
    <UnitTest name="To723" storage="c:\users\suprdewd\desktop\projects\forritun\sharpbag\sharpbag.tests01\bin\release\sharpbag.tests.dll" id="2a492a9b-f563-5e1e-f60c-76d1e2ee9ce9">
      <Execution id="4a327bc8-2a4c-4376-baeb-209ca84deb14" />
      <TestMethod codeBase="C:/Users/SuprDewd/Desktop/Projects/Forritun/SharpBag/SharpBag.Tests01/bin/Release/SharpBag.Tests.DLL" adapterTypeName="Microsoft.VisualStudio.TestTools.TestTypes.Unit.UnitTestAdapter, Microsoft.VisualStudio.QualityTools.Tips.UnitTest.Adapter, Version=10.0.0.0, Culture=neutral, PublicKeyToken=b03f5f7f11d50a3a" className="SharpBag.ExtensionsTest, SharpBag.Tests, Version=0.0.0.0, Culture=neutral, PublicKeyToken=null" name="To723" />
    </UnitTest>
    <UnitTest name="InvokeIfRequiredThrowsContractException324" storage="c:\users\suprdewd\desktop\projects\forritun\sharpbag\sharpbag.tests01\bin\release\sharpbag.tests.dll" id="9c9afe3f-60c7-8c08-d3be-1e989acc7622">
      <Execution id="c1cd64fb-71d3-452b-99e6-ac843062335c" />
      <TestMethod codeBase="C:/Users/SuprDewd/Desktop/Projects/Forritun/SharpBag/SharpBag.Tests01/bin/Release/SharpBag.Tests.DLL" adapterTypeName="Microsoft.VisualStudio.TestTools.TestTypes.Unit.UnitTestAdapter, Microsoft.VisualStudio.QualityTools.Tips.UnitTest.Adapter, Version=10.0.0.0, Culture=neutral, PublicKeyToken=b03f5f7f11d50a3a" className="SharpBag.ExtensionsTest, SharpBag.Tests, Version=0.0.0.0, Culture=neutral, PublicKeyToken=null" name="InvokeIfRequiredThrowsContractException324" />
    </UnitTest>
    <UnitTest name="IsInThrowsContractException240" storage="c:\users\suprdewd\desktop\projects\forritun\sharpbag\sharpbag.tests01\bin\release\sharpbag.tests.dll" id="646233b6-d9da-dd2f-a80d-4b417491cb8d">
      <Execution id="92422837-7490-4c73-94da-3751135656fb" />
      <TestMethod codeBase="C:/Users/SuprDewd/Desktop/Projects/Forritun/SharpBag/SharpBag.Tests01/bin/Release/SharpBag.Tests.DLL" adapterTypeName="Microsoft.VisualStudio.TestTools.TestTypes.Unit.UnitTestAdapter, Microsoft.VisualStudio.QualityTools.Tips.UnitTest.Adapter, Version=10.0.0.0, Culture=neutral, PublicKeyToken=b03f5f7f11d50a3a" className="SharpBag.ExtensionsTest, SharpBag.Tests, Version=0.0.0.0, Culture=neutral, PublicKeyToken=null" name="IsInThrowsContractException240" />
    </UnitTest>
    <UnitTest name="RangeThrowsContractException913" storage="c:\users\suprdewd\desktop\projects\forritun\sharpbag\sharpbag.tests01\bin\release\sharpbag.tests.dll" id="205ac4dd-1d38-125b-1cfd-036daa1ac16f">
      <Execution id="9d7d0762-a60f-43a2-a13f-3dabf9ca5e65" />
      <TestMethod codeBase="C:/Users/SuprDewd/Desktop/Projects/Forritun/SharpBag/SharpBag.Tests01/bin/Release/SharpBag.Tests.DLL" adapterTypeName="Microsoft.VisualStudio.TestTools.TestTypes.Unit.UnitTestAdapter, Microsoft.VisualStudio.QualityTools.Tips.UnitTest.Adapter, Version=10.0.0.0, Culture=neutral, PublicKeyToken=b03f5f7f11d50a3a" className="SharpBag.ExtensionsTest, SharpBag.Tests, Version=0.0.0.0, Culture=neutral, PublicKeyToken=null" name="RangeThrowsContractException913" />
    </UnitTest>
    <UnitTest name="IterThrowsContractException991" storage="c:\users\suprdewd\desktop\projects\forritun\sharpbag\sharpbag.tests01\bin\release\sharpbag.tests.dll" id="9c518775-786a-f96e-d480-17e4052cdbf8">
      <Execution id="78d4e2cb-1b58-4b48-8400-985b22090cf9" />
      <TestMethod codeBase="C:/Users/SuprDewd/Desktop/Projects/Forritun/SharpBag/SharpBag.Tests01/bin/Release/SharpBag.Tests.DLL" adapterTypeName="Microsoft.VisualStudio.TestTools.TestTypes.Unit.UnitTestAdapter, Microsoft.VisualStudio.QualityTools.Tips.UnitTest.Adapter, Version=10.0.0.0, Culture=neutral, PublicKeyToken=b03f5f7f11d50a3a" className="SharpBag.ExtensionsTest, SharpBag.Tests, Version=0.0.0.0, Culture=neutral, PublicKeyToken=null" name="IterThrowsContractException991" />
    </UnitTest>
    <UnitTest name="IsNullOrEmpty839" storage="c:\users\suprdewd\desktop\projects\forritun\sharpbag\sharpbag.tests01\bin\release\sharpbag.tests.dll" id="7d85dd6d-e955-0c88-df95-d36cadd3d7ff">
      <Execution id="b1bd31a2-69df-4bac-8c5f-ac42ca87b3f3" />
      <TestMethod codeBase="C:/Users/SuprDewd/Desktop/Projects/Forritun/SharpBag/SharpBag.Tests01/bin/Release/SharpBag.Tests.DLL" adapterTypeName="Microsoft.VisualStudio.TestTools.TestTypes.Unit.UnitTestAdapter, Microsoft.VisualStudio.QualityTools.Tips.UnitTest.Adapter, Version=10.0.0.0, Culture=neutral, PublicKeyToken=b03f5f7f11d50a3a" className="SharpBag.ExtensionsTest, SharpBag.Tests, Version=0.0.0.0, Culture=neutral, PublicKeyToken=null" name="IsNullOrEmpty839" />
    </UnitTest>
    <UnitTest name="Range377" storage="c:\users\suprdewd\desktop\projects\forritun\sharpbag\sharpbag.tests01\bin\release\sharpbag.tests.dll" id="567a07ee-04bb-68f0-b054-7c3ac20e04d0">
      <Execution id="e6a2f73a-9eab-4cb6-8646-a9890d032105" />
      <TestMethod codeBase="C:/Users/SuprDewd/Desktop/Projects/Forritun/SharpBag/SharpBag.Tests01/bin/Release/SharpBag.Tests.DLL" adapterTypeName="Microsoft.VisualStudio.TestTools.TestTypes.Unit.UnitTestAdapter, Microsoft.VisualStudio.QualityTools.Tips.UnitTest.Adapter, Version=10.0.0.0, Culture=neutral, PublicKeyToken=b03f5f7f11d50a3a" className="SharpBag.ExtensionsTest, SharpBag.Tests, Version=0.0.0.0, Culture=neutral, PublicKeyToken=null" name="Range377" />
    </UnitTest>
    <UnitTest name="As01ThrowsContractException228" storage="c:\users\suprdewd\desktop\projects\forritun\sharpbag\sharpbag.tests01\bin\release\sharpbag.tests.dll" id="244ce62b-951e-b470-32a3-7178f547fe21">
      <Execution id="a9ddf08b-2959-4fd9-bdc3-e123acd6233a" />
      <TestMethod codeBase="C:/Users/SuprDewd/Desktop/Projects/Forritun/SharpBag/SharpBag.Tests01/bin/Release/SharpBag.Tests.DLL" adapterTypeName="Microsoft.VisualStudio.TestTools.TestTypes.Unit.UnitTestAdapter, Microsoft.VisualStudio.QualityTools.Tips.UnitTest.Adapter, Version=10.0.0.0, Culture=neutral, PublicKeyToken=b03f5f7f11d50a3a" className="SharpBag.ExtensionsTest, SharpBag.Tests, Version=0.0.0.0, Culture=neutral, PublicKeyToken=null" name="As01ThrowsContractException228" />
    </UnitTest>
    <UnitTest name="Subarray305" storage="c:\users\suprdewd\desktop\projects\forritun\sharpbag\sharpbag.tests01\bin\release\sharpbag.tests.dll" id="644c941d-d40b-5655-7852-107ffef9acae">
      <Execution id="95d942a2-535f-4670-9724-7909ca08e842" />
      <TestMethod codeBase="C:/Users/SuprDewd/Desktop/Projects/Forritun/SharpBag/SharpBag.Tests01/bin/Release/SharpBag.Tests.DLL" adapterTypeName="Microsoft.VisualStudio.TestTools.TestTypes.Unit.UnitTestAdapter, Microsoft.VisualStudio.QualityTools.Tips.UnitTest.Adapter, Version=10.0.0.0, Culture=neutral, PublicKeyToken=b03f5f7f11d50a3a" className="SharpBag.ExtensionsTest, SharpBag.Tests, Version=0.0.0.0, Culture=neutral, PublicKeyToken=null" name="Subarray305" />
    </UnitTest>
    <UnitTest name="GetByPercentThrowsIndexOutOfRangeException858" storage="c:\users\suprdewd\desktop\projects\forritun\sharpbag\sharpbag.tests01\bin\release\sharpbag.tests.dll" id="16bc510b-963f-30e5-6517-13389edd4fdc">
      <Execution id="5a7e349c-abb5-4fd5-8a3c-949a7953a3b6" />
      <TestMethod codeBase="C:/Users/SuprDewd/Desktop/Projects/Forritun/SharpBag/SharpBag.Tests01/bin/Release/SharpBag.Tests.DLL" adapterTypeName="Microsoft.VisualStudio.TestTools.TestTypes.Unit.UnitTestAdapter, Microsoft.VisualStudio.QualityTools.Tips.UnitTest.Adapter, Version=10.0.0.0, Culture=neutral, PublicKeyToken=b03f5f7f11d50a3a" className="SharpBag.ExtensionsTest, SharpBag.Tests, Version=0.0.0.0, Culture=neutral, PublicKeyToken=null" name="GetByPercentThrowsIndexOutOfRangeException858" />
    </UnitTest>
    <UnitTest name="As0163201" storage="c:\users\suprdewd\desktop\projects\forritun\sharpbag\sharpbag.tests01\bin\release\sharpbag.tests.dll" id="f4fcc51c-8f8e-7431-03c1-95529343e3ab">
      <Execution id="47dbd143-8198-4b87-a8a6-08b632c6ea37" />
      <TestMethod codeBase="C:/Users/SuprDewd/Desktop/Projects/Forritun/SharpBag/SharpBag.Tests01/bin/Release/SharpBag.Tests.DLL" adapterTypeName="Microsoft.VisualStudio.TestTools.TestTypes.Unit.UnitTestAdapter, Microsoft.VisualStudio.QualityTools.Tips.UnitTest.Adapter, Version=10.0.0.0, Culture=neutral, PublicKeyToken=b03f5f7f11d50a3a" className="SharpBag.ExtensionsTest, SharpBag.Tests, Version=0.0.0.0, Culture=neutral, PublicKeyToken=null" name="As0163201" />
    </UnitTest>
    <UnitTest name="NullOr907" storage="c:\users\suprdewd\desktop\projects\forritun\sharpbag\sharpbag.tests01\bin\release\sharpbag.tests.dll" id="1fa5b7ed-be1a-69d3-e35d-61c48c394d37">
      <Execution id="dec4df39-bcff-4ed6-82f2-cce419d4209c" />
      <TestMethod codeBase="C:/Users/SuprDewd/Desktop/Projects/Forritun/SharpBag/SharpBag.Tests01/bin/Release/SharpBag.Tests.DLL" adapterTypeName="Microsoft.VisualStudio.TestTools.TestTypes.Unit.UnitTestAdapter, Microsoft.VisualStudio.QualityTools.Tips.UnitTest.Adapter, Version=10.0.0.0, Culture=neutral, PublicKeyToken=b03f5f7f11d50a3a" className="SharpBag.ExtensionsTest, SharpBag.Tests, Version=0.0.0.0, Culture=neutral, PublicKeyToken=null" name="NullOr907" />
    </UnitTest>
    <UnitTest name="Random01ThrowsContractException243" storage="c:\users\suprdewd\desktop\projects\forritun\sharpbag\sharpbag.tests01\bin\release\sharpbag.tests.dll" id="9124fa98-251f-1756-0c3a-757c402d6c99">
      <Execution id="c2ab521a-f8b3-46c8-9497-af36070313db" />
      <TestMethod codeBase="C:/Users/SuprDewd/Desktop/Projects/Forritun/SharpBag/SharpBag.Tests01/bin/Release/SharpBag.Tests.DLL" adapterTypeName="Microsoft.VisualStudio.TestTools.TestTypes.Unit.UnitTestAdapter, Microsoft.VisualStudio.QualityTools.Tips.UnitTest.Adapter, Version=10.0.0.0, Culture=neutral, PublicKeyToken=b03f5f7f11d50a3a" className="SharpBag.ExtensionsTest, SharpBag.Tests, Version=0.0.0.0, Culture=neutral, PublicKeyToken=null" name="Random01ThrowsContractException243" />
    </UnitTest>
    <UnitTest name="IsNullOrEmpty963" storage="c:\users\suprdewd\desktop\projects\forritun\sharpbag\sharpbag.tests01\bin\release\sharpbag.tests.dll" id="c764531a-8b43-978a-82fa-64e183192f81">
      <Execution id="381fb372-f086-43b0-946d-1097ea714fd7" />
      <TestMethod codeBase="C:/Users/SuprDewd/Desktop/Projects/Forritun/SharpBag/SharpBag.Tests01/bin/Release/SharpBag.Tests.DLL" adapterTypeName="Microsoft.VisualStudio.TestTools.TestTypes.Unit.UnitTestAdapter, Microsoft.VisualStudio.QualityTools.Tips.UnitTest.Adapter, Version=10.0.0.0, Culture=neutral, PublicKeyToken=b03f5f7f11d50a3a" className="SharpBag.ExtensionsTest, SharpBag.Tests, Version=0.0.0.0, Culture=neutral, PublicKeyToken=null" name="IsNullOrEmpty963" />
    </UnitTest>
    <UnitTest name="Iter960" storage="c:\users\suprdewd\desktop\projects\forritun\sharpbag\sharpbag.tests01\bin\release\sharpbag.tests.dll" id="221d319c-8869-0d4c-725e-9ea36949d716">
      <Execution id="df4c4f8a-2200-49f2-9bd1-97dd5ccc95f0" />
      <TestMethod codeBase="C:/Users/SuprDewd/Desktop/Projects/Forritun/SharpBag/SharpBag.Tests01/bin/Release/SharpBag.Tests.DLL" adapterTypeName="Microsoft.VisualStudio.TestTools.TestTypes.Unit.UnitTestAdapter, Microsoft.VisualStudio.QualityTools.Tips.UnitTest.Adapter, Version=10.0.0.0, Culture=neutral, PublicKeyToken=b03f5f7f11d50a3a" className="SharpBag.ExtensionsTest, SharpBag.Tests, Version=0.0.0.0, Culture=neutral, PublicKeyToken=null" name="Iter960" />
    </UnitTest>
    <UnitTest name="Fill01571" storage="c:\users\suprdewd\desktop\projects\forritun\sharpbag\sharpbag.tests01\bin\release\sharpbag.tests.dll" id="a9c998c1-d601-9d48-a5aa-e5458f5ccef5">
      <Execution id="bd92999d-2f14-4abc-b694-9d12ac88e1f0" />
      <TestMethod codeBase="C:/Users/SuprDewd/Desktop/Projects/Forritun/SharpBag/SharpBag.Tests01/bin/Release/SharpBag.Tests.DLL" adapterTypeName="Microsoft.VisualStudio.TestTools.TestTypes.Unit.UnitTestAdapter, Microsoft.VisualStudio.QualityTools.Tips.UnitTest.Adapter, Version=10.0.0.0, Culture=neutral, PublicKeyToken=b03f5f7f11d50a3a" className="SharpBag.ExtensionsTest, SharpBag.Tests, Version=0.0.0.0, Culture=neutral, PublicKeyToken=null" name="Fill01571" />
    </UnitTest>
    <UnitTest name="InvokeIfRequired01ThrowsContractException792" storage="c:\users\suprdewd\desktop\projects\forritun\sharpbag\sharpbag.tests01\bin\release\sharpbag.tests.dll" id="7fd69db5-bd97-d0f9-53e8-99ad322c752b">
      <Execution id="37646238-3472-45ed-9878-a75fd889e500" />
      <TestMethod codeBase="C:/Users/SuprDewd/Desktop/Projects/Forritun/SharpBag/SharpBag.Tests01/bin/Release/SharpBag.Tests.DLL" adapterTypeName="Microsoft.VisualStudio.TestTools.TestTypes.Unit.UnitTestAdapter, Microsoft.VisualStudio.QualityTools.Tips.UnitTest.Adapter, Version=10.0.0.0, Culture=neutral, PublicKeyToken=b03f5f7f11d50a3a" className="SharpBag.ExtensionsTest, SharpBag.Tests, Version=0.0.0.0, Culture=neutral, PublicKeyToken=null" name="InvokeIfRequired01ThrowsContractException792" />
    </UnitTest>
    <UnitTest name="IsNullOrEmpty177" storage="c:\users\suprdewd\desktop\projects\forritun\sharpbag\sharpbag.tests01\bin\release\sharpbag.tests.dll" id="14e07649-4bb1-965c-d352-f5e6a62d38fd">
      <Execution id="f7c19c97-e8ea-48c2-96a4-c852648385ed" />
      <TestMethod codeBase="C:/Users/SuprDewd/Desktop/Projects/Forritun/SharpBag/SharpBag.Tests01/bin/Release/SharpBag.Tests.DLL" adapterTypeName="Microsoft.VisualStudio.TestTools.TestTypes.Unit.UnitTestAdapter, Microsoft.VisualStudio.QualityTools.Tips.UnitTest.Adapter, Version=10.0.0.0, Culture=neutral, PublicKeyToken=b03f5f7f11d50a3a" className="SharpBag.ExtensionsTest, SharpBag.Tests, Version=0.0.0.0, Culture=neutral, PublicKeyToken=null" name="IsNullOrEmpty177" />
    </UnitTest>
    <UnitTest name="UnionAllThrowsContractException292" storage="c:\users\suprdewd\desktop\projects\forritun\sharpbag\sharpbag.tests01\bin\release\sharpbag.tests.dll" id="ad6b7b0f-0850-7179-c3e4-805f9d123948">
      <Execution id="504df3ef-b7f2-4dbd-9821-7b87ba5b7518" />
      <TestMethod codeBase="C:/Users/SuprDewd/Desktop/Projects/Forritun/SharpBag/SharpBag.Tests01/bin/Release/SharpBag.Tests.DLL" adapterTypeName="Microsoft.VisualStudio.TestTools.TestTypes.Unit.UnitTestAdapter, Microsoft.VisualStudio.QualityTools.Tips.UnitTest.Adapter, Version=10.0.0.0, Culture=neutral, PublicKeyToken=b03f5f7f11d50a3a" className="SharpBag.ExtensionsTest, SharpBag.Tests, Version=0.0.0.0, Culture=neutral, PublicKeyToken=null" name="UnionAllThrowsContractException292" />
    </UnitTest>
    <UnitTest name="Fill688" storage="c:\users\suprdewd\desktop\projects\forritun\sharpbag\sharpbag.tests01\bin\release\sharpbag.tests.dll" id="30d0053c-3b83-f6d8-7942-b6dbd27b329f">
      <Execution id="d51a51d7-b7ff-4a60-bb35-66f9e3e45736" />
      <TestMethod codeBase="C:/Users/SuprDewd/Desktop/Projects/Forritun/SharpBag/SharpBag.Tests01/bin/Release/SharpBag.Tests.DLL" adapterTypeName="Microsoft.VisualStudio.TestTools.TestTypes.Unit.UnitTestAdapter, Microsoft.VisualStudio.QualityTools.Tips.UnitTest.Adapter, Version=10.0.0.0, Culture=neutral, PublicKeyToken=b03f5f7f11d50a3a" className="SharpBag.ExtensionsTest, SharpBag.Tests, Version=0.0.0.0, Culture=neutral, PublicKeyToken=null" name="Fill688" />
    </UnitTest>
    <UnitTest name="ToDictionary652" storage="c:\users\suprdewd\desktop\projects\forritun\sharpbag\sharpbag.tests01\bin\release\sharpbag.tests.dll" id="5adb9ee5-30ee-88f6-0128-821d18abc579">
      <Execution id="e2a6bcfc-52ae-4e18-b66d-def77a24211b" />
      <TestMethod codeBase="C:/Users/SuprDewd/Desktop/Projects/Forritun/SharpBag/SharpBag.Tests01/bin/Release/SharpBag.Tests.DLL" adapterTypeName="Microsoft.VisualStudio.TestTools.TestTypes.Unit.UnitTestAdapter, Microsoft.VisualStudio.QualityTools.Tips.UnitTest.Adapter, Version=10.0.0.0, Culture=neutral, PublicKeyToken=b03f5f7f11d50a3a" className="SharpBag.ExtensionsTest, SharpBag.Tests, Version=0.0.0.0, Culture=neutral, PublicKeyToken=null" name="ToDictionary652" />
    </UnitTest>
    <UnitTest name="To02ThrowsEntryPointNotFoundException897" storage="c:\users\suprdewd\desktop\projects\forritun\sharpbag\sharpbag.tests01\bin\release\sharpbag.tests.dll" id="6b7dcc70-66b6-d437-fa4f-aad0a0e1d53f">
      <Execution id="e21d1f31-4662-4cb7-9ba4-7ddc262e2103" />
      <TestMethod codeBase="C:/Users/SuprDewd/Desktop/Projects/Forritun/SharpBag/SharpBag.Tests01/bin/Release/SharpBag.Tests.DLL" adapterTypeName="Microsoft.VisualStudio.TestTools.TestTypes.Unit.UnitTestAdapter, Microsoft.VisualStudio.QualityTools.Tips.UnitTest.Adapter, Version=10.0.0.0, Culture=neutral, PublicKeyToken=b03f5f7f11d50a3a" className="SharpBag.ExtensionsTest, SharpBag.Tests, Version=0.0.0.0, Culture=neutral, PublicKeyToken=null" name="To02ThrowsEntryPointNotFoundException897" />
    </UnitTest>
    <UnitTest name="Is373" storage="c:\users\suprdewd\desktop\projects\forritun\sharpbag\sharpbag.tests01\bin\release\sharpbag.tests.dll" id="767e3845-1b47-6225-c38c-e6345e12262a">
      <Execution id="b4ebc923-7a3d-4c65-ad65-b0a73d8a4229" />
      <TestMethod codeBase="C:/Users/SuprDewd/Desktop/Projects/Forritun/SharpBag/SharpBag.Tests01/bin/Release/SharpBag.Tests.DLL" adapterTypeName="Microsoft.VisualStudio.TestTools.TestTypes.Unit.UnitTestAdapter, Microsoft.VisualStudio.QualityTools.Tips.UnitTest.Adapter, Version=10.0.0.0, Culture=neutral, PublicKeyToken=b03f5f7f11d50a3a" className="SharpBag.ExtensionsTest, SharpBag.Tests, Version=0.0.0.0, Culture=neutral, PublicKeyToken=null" name="Is373" />
    </UnitTest>
    <UnitTest name="Subarray142" storage="c:\users\suprdewd\desktop\projects\forritun\sharpbag\sharpbag.tests01\bin\release\sharpbag.tests.dll" id="6ea29e89-2e15-126e-eecf-3f7b211c52eb">
      <Execution id="a1e72c77-d640-42ad-a3ce-28844d6b714d" />
      <TestMethod codeBase="C:/Users/SuprDewd/Desktop/Projects/Forritun/SharpBag/SharpBag.Tests01/bin/Release/SharpBag.Tests.DLL" adapterTypeName="Microsoft.VisualStudio.TestTools.TestTypes.Unit.UnitTestAdapter, Microsoft.VisualStudio.QualityTools.Tips.UnitTest.Adapter, Version=10.0.0.0, Culture=neutral, PublicKeyToken=b03f5f7f11d50a3a" className="SharpBag.ExtensionsTest, SharpBag.Tests, Version=0.0.0.0, Culture=neutral, PublicKeyToken=null" name="Subarray142" />
    </UnitTest>
    <UnitTest name="SubarrayThrowsContractException671" storage="c:\users\suprdewd\desktop\projects\forritun\sharpbag\sharpbag.tests01\bin\release\sharpbag.tests.dll" id="ed7ad088-5d15-f12d-c0e3-6a91dd726685">
      <Execution id="ec6fe7c1-fc53-4842-a66d-2197f724e5c4" />
      <TestMethod codeBase="C:/Users/SuprDewd/Desktop/Projects/Forritun/SharpBag/SharpBag.Tests01/bin/Release/SharpBag.Tests.DLL" adapterTypeName="Microsoft.VisualStudio.TestTools.TestTypes.Unit.UnitTestAdapter, Microsoft.VisualStudio.QualityTools.Tips.UnitTest.Adapter, Version=10.0.0.0, Culture=neutral, PublicKeyToken=b03f5f7f11d50a3a" className="SharpBag.ExtensionsTest, SharpBag.Tests, Version=0.0.0.0, Culture=neutral, PublicKeyToken=null" name="SubarrayThrowsContractException671" />
    </UnitTest>
    <UnitTest name="UnionAll01ThrowsContractException589" storage="c:\users\suprdewd\desktop\projects\forritun\sharpbag\sharpbag.tests01\bin\release\sharpbag.tests.dll" id="78086264-20f3-c7b4-e13e-997436ec518b">
      <Execution id="2fca3630-0b7a-429f-9873-2b473df957ab" />
      <TestMethod codeBase="C:/Users/SuprDewd/Desktop/Projects/Forritun/SharpBag/SharpBag.Tests01/bin/Release/SharpBag.Tests.DLL" adapterTypeName="Microsoft.VisualStudio.TestTools.TestTypes.Unit.UnitTestAdapter, Microsoft.VisualStudio.QualityTools.Tips.UnitTest.Adapter, Version=10.0.0.0, Culture=neutral, PublicKeyToken=b03f5f7f11d50a3a" className="SharpBag.ExtensionsTest, SharpBag.Tests, Version=0.0.0.0, Culture=neutral, PublicKeyToken=null" name="UnionAll01ThrowsContractException589" />
    </UnitTest>
    <UnitTest name="Add296" storage="c:\users\suprdewd\desktop\projects\forritun\sharpbag\sharpbag.tests01\bin\release\sharpbag.tests.dll" id="cf67e106-470b-64ee-b4ec-daf199d3db2f">
      <Execution id="0cb36339-6a9d-4db1-a6b2-28eb4da35f18" />
      <TestMethod codeBase="C:/Users/SuprDewd/Desktop/Projects/Forritun/SharpBag/SharpBag.Tests01/bin/Release/SharpBag.Tests.DLL" adapterTypeName="Microsoft.VisualStudio.TestTools.TestTypes.Unit.UnitTestAdapter, Microsoft.VisualStudio.QualityTools.Tips.UnitTest.Adapter, Version=10.0.0.0, Culture=neutral, PublicKeyToken=b03f5f7f11d50a3a" className="SharpBag.ExtensionsTest, SharpBag.Tests, Version=0.0.0.0, Culture=neutral, PublicKeyToken=null" name="Add296" />
    </UnitTest>
    <UnitTest name="ToThrowsContractException710" storage="c:\users\suprdewd\desktop\projects\forritun\sharpbag\sharpbag.tests01\bin\release\sharpbag.tests.dll" id="f52b3d24-c27c-4731-8c5e-a7c40c1103b0">
      <Execution id="265cd69b-5e39-42e2-8303-78a93bc878db" />
      <TestMethod codeBase="C:/Users/SuprDewd/Desktop/Projects/Forritun/SharpBag/SharpBag.Tests01/bin/Release/SharpBag.Tests.DLL" adapterTypeName="Microsoft.VisualStudio.TestTools.TestTypes.Unit.UnitTestAdapter, Microsoft.VisualStudio.QualityTools.Tips.UnitTest.Adapter, Version=10.0.0.0, Culture=neutral, PublicKeyToken=b03f5f7f11d50a3a" className="SharpBag.ExtensionsTest, SharpBag.Tests, Version=0.0.0.0, Culture=neutral, PublicKeyToken=null" name="ToThrowsContractException710" />
    </UnitTest>
    <UnitTest name="ForEach908" storage="c:\users\suprdewd\desktop\projects\forritun\sharpbag\sharpbag.tests01\bin\release\sharpbag.tests.dll" id="af3c2eea-1341-4d08-8112-791e701a0e4e">
      <Execution id="1077f40a-2b40-4ee0-91fd-f86e69be4b35" />
      <TestMethod codeBase="C:/Users/SuprDewd/Desktop/Projects/Forritun/SharpBag/SharpBag.Tests01/bin/Release/SharpBag.Tests.DLL" adapterTypeName="Microsoft.VisualStudio.TestTools.TestTypes.Unit.UnitTestAdapter, Microsoft.VisualStudio.QualityTools.Tips.UnitTest.Adapter, Version=10.0.0.0, Culture=neutral, PublicKeyToken=b03f5f7f11d50a3a" className="SharpBag.ExtensionsTest, SharpBag.Tests, Version=0.0.0.0, Culture=neutral, PublicKeyToken=null" name="ForEach908" />
    </UnitTest>
    <UnitTest name="AddThrowsContractException500" storage="c:\users\suprdewd\desktop\projects\forritun\sharpbag\sharpbag.tests01\bin\release\sharpbag.tests.dll" id="153f9dfe-1469-43b6-8030-2e1f4f18197e">
      <Execution id="95be99cf-1edb-40bd-9da0-16b6d658405e" />
      <TestMethod codeBase="C:/Users/SuprDewd/Desktop/Projects/Forritun/SharpBag/SharpBag.Tests01/bin/Release/SharpBag.Tests.DLL" adapterTypeName="Microsoft.VisualStudio.TestTools.TestTypes.Unit.UnitTestAdapter, Microsoft.VisualStudio.QualityTools.Tips.UnitTest.Adapter, Version=10.0.0.0, Culture=neutral, PublicKeyToken=b03f5f7f11d50a3a" className="SharpBag.ExtensionsTest, SharpBag.Tests, Version=0.0.0.0, Culture=neutral, PublicKeyToken=null" name="AddThrowsContractException500" />
    </UnitTest>
    <UnitTest name="IfNotNull01ThrowsContractException507" storage="c:\users\suprdewd\desktop\projects\forritun\sharpbag\sharpbag.tests01\bin\release\sharpbag.tests.dll" id="1216a6b0-8489-bf99-b25f-4311a613bf89">
      <Execution id="e8dfe6eb-644d-48af-9d90-943be7a34ee5" />
      <TestMethod codeBase="C:/Users/SuprDewd/Desktop/Projects/Forritun/SharpBag/SharpBag.Tests01/bin/Release/SharpBag.Tests.DLL" adapterTypeName="Microsoft.VisualStudio.TestTools.TestTypes.Unit.UnitTestAdapter, Microsoft.VisualStudio.QualityTools.Tips.UnitTest.Adapter, Version=10.0.0.0, Culture=neutral, PublicKeyToken=b03f5f7f11d50a3a" className="SharpBag.ExtensionsTest, SharpBag.Tests, Version=0.0.0.0, Culture=neutral, PublicKeyToken=null" name="IfNotNull01ThrowsContractException507" />
    </UnitTest>
    <UnitTest name="IsIn34" storage="c:\users\suprdewd\desktop\projects\forritun\sharpbag\sharpbag.tests01\bin\release\sharpbag.tests.dll" id="6f205f53-5c1d-2d23-0592-7823ba18d3aa">
      <Execution id="d35acd1a-4a6a-4981-ab8a-092db775729f" />
      <TestMethod codeBase="C:/Users/SuprDewd/Desktop/Projects/Forritun/SharpBag/SharpBag.Tests01/bin/Release/SharpBag.Tests.DLL" adapterTypeName="Microsoft.VisualStudio.TestTools.TestTypes.Unit.UnitTestAdapter, Microsoft.VisualStudio.QualityTools.Tips.UnitTest.Adapter, Version=10.0.0.0, Culture=neutral, PublicKeyToken=b03f5f7f11d50a3a" className="SharpBag.ExtensionsTest, SharpBag.Tests, Version=0.0.0.0, Culture=neutral, PublicKeyToken=null" name="IsIn34" />
    </UnitTest>
    <UnitTest name="IterThrowsContractException514" storage="c:\users\suprdewd\desktop\projects\forritun\sharpbag\sharpbag.tests01\bin\release\sharpbag.tests.dll" id="1a2aa5e7-93f9-111f-f012-0d120146abe5">
      <Execution id="b358ed77-46b8-4fb7-82ae-b9a635e6277e" />
      <TestMethod codeBase="C:/Users/SuprDewd/Desktop/Projects/Forritun/SharpBag/SharpBag.Tests01/bin/Release/SharpBag.Tests.DLL" adapterTypeName="Microsoft.VisualStudio.TestTools.TestTypes.Unit.UnitTestAdapter, Microsoft.VisualStudio.QualityTools.Tips.UnitTest.Adapter, Version=10.0.0.0, Culture=neutral, PublicKeyToken=b03f5f7f11d50a3a" className="SharpBag.ExtensionsTest, SharpBag.Tests, Version=0.0.0.0, Culture=neutral, PublicKeyToken=null" name="IterThrowsContractException514" />
    </UnitTest>
    <UnitTest name="SubarrayThrowsIndexOutOfRangeException719" storage="c:\users\suprdewd\desktop\projects\forritun\sharpbag\sharpbag.tests01\bin\release\sharpbag.tests.dll" id="805ce682-089b-aeb5-3890-6340750c38cb">
      <Execution id="6b5975cb-3beb-4d91-ab4b-8e92d072de4a" />
      <TestMethod codeBase="C:/Users/SuprDewd/Desktop/Projects/Forritun/SharpBag/SharpBag.Tests01/bin/Release/SharpBag.Tests.DLL" adapterTypeName="Microsoft.VisualStudio.TestTools.TestTypes.Unit.UnitTestAdapter, Microsoft.VisualStudio.QualityTools.Tips.UnitTest.Adapter, Version=10.0.0.0, Culture=neutral, PublicKeyToken=b03f5f7f11d50a3a" className="SharpBag.ExtensionsTest, SharpBag.Tests, Version=0.0.0.0, Culture=neutral, PublicKeyToken=null" name="SubarrayThrowsIndexOutOfRangeException719" />
    </UnitTest>
    <UnitTest name="To04825" storage="c:\users\suprdewd\desktop\projects\forritun\sharpbag\sharpbag.tests01\bin\release\sharpbag.tests.dll" id="704833fc-664b-cb0a-a6d9-59354a3ac7df">
      <Execution id="4b6573d1-ad57-49a2-9754-a4d4b2e39a04" />
      <TestMethod codeBase="C:/Users/SuprDewd/Desktop/Projects/Forritun/SharpBag/SharpBag.Tests01/bin/Release/SharpBag.Tests.DLL" adapterTypeName="Microsoft.VisualStudio.TestTools.TestTypes.Unit.UnitTestAdapter, Microsoft.VisualStudio.QualityTools.Tips.UnitTest.Adapter, Version=10.0.0.0, Culture=neutral, PublicKeyToken=b03f5f7f11d50a3a" className="SharpBag.ExtensionsTest, SharpBag.Tests, Version=0.0.0.0, Culture=neutral, PublicKeyToken=null" name="To04825" />
    </UnitTest>
    <UnitTest name="SubarrayThrowsContractException734" storage="c:\users\suprdewd\desktop\projects\forritun\sharpbag\sharpbag.tests01\bin\release\sharpbag.tests.dll" id="1d926c24-6749-5267-75d7-955626edc4df">
      <Execution id="a5e39f10-9266-41ce-8ec9-3b6045b6c03d" />
      <TestMethod codeBase="C:/Users/SuprDewd/Desktop/Projects/Forritun/SharpBag/SharpBag.Tests01/bin/Release/SharpBag.Tests.DLL" adapterTypeName="Microsoft.VisualStudio.TestTools.TestTypes.Unit.UnitTestAdapter, Microsoft.VisualStudio.QualityTools.Tips.UnitTest.Adapter, Version=10.0.0.0, Culture=neutral, PublicKeyToken=b03f5f7f11d50a3a" className="SharpBag.ExtensionsTest, SharpBag.Tests, Version=0.0.0.0, Culture=neutral, PublicKeyToken=null" name="SubarrayThrowsContractException734" />
    </UnitTest>
    <UnitTest name="As21507" storage="c:\users\suprdewd\desktop\projects\forritun\sharpbag\sharpbag.tests01\bin\release\sharpbag.tests.dll" id="1a1204f8-80dc-63b9-41bb-196d59b5bd9c">
      <Execution id="34239cb6-bd6e-4a37-9496-ce7f2edc6a3e" />
      <TestMethod codeBase="C:/Users/SuprDewd/Desktop/Projects/Forritun/SharpBag/SharpBag.Tests01/bin/Release/SharpBag.Tests.DLL" adapterTypeName="Microsoft.VisualStudio.TestTools.TestTypes.Unit.UnitTestAdapter, Microsoft.VisualStudio.QualityTools.Tips.UnitTest.Adapter, Version=10.0.0.0, Culture=neutral, PublicKeyToken=b03f5f7f11d50a3a" className="SharpBag.ExtensionsTest, SharpBag.Tests, Version=0.0.0.0, Culture=neutral, PublicKeyToken=null" name="As21507" />
    </UnitTest>
    <UnitTest name="To463" storage="c:\users\suprdewd\desktop\projects\forritun\sharpbag\sharpbag.tests01\bin\release\sharpbag.tests.dll" id="3950117e-1257-8bcc-63aa-35e8e8daf9e2">
      <Execution id="2cdd5986-7d83-4894-b324-896b70c10416" />
      <TestMethod codeBase="C:/Users/SuprDewd/Desktop/Projects/Forritun/SharpBag/SharpBag.Tests01/bin/Release/SharpBag.Tests.DLL" adapterTypeName="Microsoft.VisualStudio.TestTools.TestTypes.Unit.UnitTestAdapter, Microsoft.VisualStudio.QualityTools.Tips.UnitTest.Adapter, Version=10.0.0.0, Culture=neutral, PublicKeyToken=b03f5f7f11d50a3a" className="SharpBag.ExtensionsTest, SharpBag.Tests, Version=0.0.0.0, Culture=neutral, PublicKeyToken=null" name="To463" />
    </UnitTest>
    <UnitTest name="As215" storage="c:\users\suprdewd\desktop\projects\forritun\sharpbag\sharpbag.tests01\bin\release\sharpbag.tests.dll" id="7743f34e-ac5f-23a3-8e8f-212222420029">
      <Execution id="5829d696-6378-45c8-a531-2b885200eeec" />
      <TestMethod codeBase="C:/Users/SuprDewd/Desktop/Projects/Forritun/SharpBag/SharpBag.Tests01/bin/Release/SharpBag.Tests.DLL" adapterTypeName="Microsoft.VisualStudio.TestTools.TestTypes.Unit.UnitTestAdapter, Microsoft.VisualStudio.QualityTools.Tips.UnitTest.Adapter, Version=10.0.0.0, Culture=neutral, PublicKeyToken=b03f5f7f11d50a3a" className="SharpBag.ExtensionsTest, SharpBag.Tests, Version=0.0.0.0, Culture=neutral, PublicKeyToken=null" name="As215" />
    </UnitTest>
    <UnitTest name="Times258" storage="c:\users\suprdewd\desktop\projects\forritun\sharpbag\sharpbag.tests01\bin\release\sharpbag.tests.dll" id="635fff99-cecb-31ab-c7e4-e3c205a5337d">
      <Execution id="89420917-c51f-458c-84fd-3c3b1e3550fc" />
      <TestMethod codeBase="C:/Users/SuprDewd/Desktop/Projects/Forritun/SharpBag/SharpBag.Tests01/bin/Release/SharpBag.Tests.DLL" adapterTypeName="Microsoft.VisualStudio.TestTools.TestTypes.Unit.UnitTestAdapter, Microsoft.VisualStudio.QualityTools.Tips.UnitTest.Adapter, Version=10.0.0.0, Culture=neutral, PublicKeyToken=b03f5f7f11d50a3a" className="SharpBag.ExtensionsTest, SharpBag.Tests, Version=0.0.0.0, Culture=neutral, PublicKeyToken=null" name="Times258" />
    </UnitTest>
    <UnitTest name="To01203" storage="c:\users\suprdewd\desktop\projects\forritun\sharpbag\sharpbag.tests01\bin\release\sharpbag.tests.dll" id="1199c9cc-d8e3-0309-8136-cef199801af6">
      <Execution id="6d6a2748-a244-4225-a3ee-80dbc20849ab" />
      <TestMethod codeBase="C:/Users/SuprDewd/Desktop/Projects/Forritun/SharpBag/SharpBag.Tests01/bin/Release/SharpBag.Tests.DLL" adapterTypeName="Microsoft.VisualStudio.TestTools.TestTypes.Unit.UnitTestAdapter, Microsoft.VisualStudio.QualityTools.Tips.UnitTest.Adapter, Version=10.0.0.0, Culture=neutral, PublicKeyToken=b03f5f7f11d50a3a" className="SharpBag.ExtensionsTest, SharpBag.Tests, Version=0.0.0.0, Culture=neutral, PublicKeyToken=null" name="To01203" />
    </UnitTest>
    <UnitTest name="As6" storage="c:\users\suprdewd\desktop\projects\forritun\sharpbag\sharpbag.tests01\bin\release\sharpbag.tests.dll" id="9d4922e1-95bb-cc07-dd59-02aa21bc0c9d">
      <Execution id="0d8844b0-6d95-40c2-bf69-94ec5afaebba" />
      <TestMethod codeBase="C:/Users/SuprDewd/Desktop/Projects/Forritun/SharpBag/SharpBag.Tests01/bin/Release/SharpBag.Tests.DLL" adapterTypeName="Microsoft.VisualStudio.TestTools.TestTypes.Unit.UnitTestAdapter, Microsoft.VisualStudio.QualityTools.Tips.UnitTest.Adapter, Version=10.0.0.0, Culture=neutral, PublicKeyToken=b03f5f7f11d50a3a" className="SharpBag.ExtensionsTest, SharpBag.Tests, Version=0.0.0.0, Culture=neutral, PublicKeyToken=null" name="As6" />
    </UnitTest>
    <UnitTest name="To01463" storage="c:\users\suprdewd\desktop\projects\forritun\sharpbag\sharpbag.tests01\bin\release\sharpbag.tests.dll" id="be4a640d-264d-b6fa-ba99-6f190c20c0bb">
      <Execution id="8139657b-097f-4e0c-a0d8-9bcaf290e43e" />
      <TestMethod codeBase="C:/Users/SuprDewd/Desktop/Projects/Forritun/SharpBag/SharpBag.Tests01/bin/Release/SharpBag.Tests.DLL" adapterTypeName="Microsoft.VisualStudio.TestTools.TestTypes.Unit.UnitTestAdapter, Microsoft.VisualStudio.QualityTools.Tips.UnitTest.Adapter, Version=10.0.0.0, Culture=neutral, PublicKeyToken=b03f5f7f11d50a3a" className="SharpBag.ExtensionsTest, SharpBag.Tests, Version=0.0.0.0, Culture=neutral, PublicKeyToken=null" name="To01463" />
    </UnitTest>
    <UnitTest name="IsNot859" storage="c:\users\suprdewd\desktop\projects\forritun\sharpbag\sharpbag.tests01\bin\release\sharpbag.tests.dll" id="633e6a31-e7c1-dc4e-810e-71a427cf70a8">
      <Execution id="8ec9c985-2989-4c09-87d4-4615fd173119" />
      <TestMethod codeBase="C:/Users/SuprDewd/Desktop/Projects/Forritun/SharpBag/SharpBag.Tests01/bin/Release/SharpBag.Tests.DLL" adapterTypeName="Microsoft.VisualStudio.TestTools.TestTypes.Unit.UnitTestAdapter, Microsoft.VisualStudio.QualityTools.Tips.UnitTest.Adapter, Version=10.0.0.0, Culture=neutral, PublicKeyToken=b03f5f7f11d50a3a" className="SharpBag.ExtensionsTest, SharpBag.Tests, Version=0.0.0.0, Culture=neutral, PublicKeyToken=null" name="IsNot859" />
    </UnitTest>
    <UnitTest name="Random431" storage="c:\users\suprdewd\desktop\projects\forritun\sharpbag\sharpbag.tests01\bin\release\sharpbag.tests.dll" id="a54e40a4-c460-0f5a-3324-94dd8c77f779">
      <Execution id="16a18323-92ae-4dcb-87fd-f6dd31994a20" />
      <TestMethod codeBase="C:/Users/SuprDewd/Desktop/Projects/Forritun/SharpBag/SharpBag.Tests01/bin/Release/SharpBag.Tests.DLL" adapterTypeName="Microsoft.VisualStudio.TestTools.TestTypes.Unit.UnitTestAdapter, Microsoft.VisualStudio.QualityTools.Tips.UnitTest.Adapter, Version=10.0.0.0, Culture=neutral, PublicKeyToken=b03f5f7f11d50a3a" className="SharpBag.ExtensionsTest, SharpBag.Tests, Version=0.0.0.0, Culture=neutral, PublicKeyToken=null" name="Random431" />
    </UnitTest>
    <UnitTest name="IfNotNull01597" storage="c:\users\suprdewd\desktop\projects\forritun\sharpbag\sharpbag.tests01\bin\release\sharpbag.tests.dll" id="a5017919-7828-b52a-3fcf-0e88954eb83a">
      <Execution id="43fd1ea7-5e42-4d81-bd97-cddbc9026909" />
      <TestMethod codeBase="C:/Users/SuprDewd/Desktop/Projects/Forritun/SharpBag/SharpBag.Tests01/bin/Release/SharpBag.Tests.DLL" adapterTypeName="Microsoft.VisualStudio.TestTools.TestTypes.Unit.UnitTestAdapter, Microsoft.VisualStudio.QualityTools.Tips.UnitTest.Adapter, Version=10.0.0.0, Culture=neutral, PublicKeyToken=b03f5f7f11d50a3a" className="SharpBag.ExtensionsTest, SharpBag.Tests, Version=0.0.0.0, Culture=neutral, PublicKeyToken=null" name="IfNotNull01597" />
    </UnitTest>
    <UnitTest name="TakeEveryThrowsContractException918" storage="c:\users\suprdewd\desktop\projects\forritun\sharpbag\sharpbag.tests01\bin\release\sharpbag.tests.dll" id="0b08a90e-9c88-bf3f-a353-f732342a57da">
      <Execution id="1305c657-e95f-4039-a776-0ba48c69fea1" />
      <TestMethod codeBase="C:/Users/SuprDewd/Desktop/Projects/Forritun/SharpBag/SharpBag.Tests01/bin/Release/SharpBag.Tests.DLL" adapterTypeName="Microsoft.VisualStudio.TestTools.TestTypes.Unit.UnitTestAdapter, Microsoft.VisualStudio.QualityTools.Tips.UnitTest.Adapter, Version=10.0.0.0, Culture=neutral, PublicKeyToken=b03f5f7f11d50a3a" className="SharpBag.ExtensionsTest, SharpBag.Tests, Version=0.0.0.0, Culture=neutral, PublicKeyToken=null" name="TakeEveryThrowsContractException918" />
    </UnitTest>
    <UnitTest name="NullOrThrowsContractException550" storage="c:\users\suprdewd\desktop\projects\forritun\sharpbag\sharpbag.tests01\bin\release\sharpbag.tests.dll" id="49b8113a-7c59-3ab5-29c7-c3f311407d47">
      <Execution id="184fbc9c-80f0-423c-ac59-d326613a6173" />
      <TestMethod codeBase="C:/Users/SuprDewd/Desktop/Projects/Forritun/SharpBag/SharpBag.Tests01/bin/Release/SharpBag.Tests.DLL" adapterTypeName="Microsoft.VisualStudio.TestTools.TestTypes.Unit.UnitTestAdapter, Microsoft.VisualStudio.QualityTools.Tips.UnitTest.Adapter, Version=10.0.0.0, Culture=neutral, PublicKeyToken=b03f5f7f11d50a3a" className="SharpBag.ExtensionsTest, SharpBag.Tests, Version=0.0.0.0, Culture=neutral, PublicKeyToken=null" name="NullOrThrowsContractException550" />
    </UnitTest>
    <UnitTest name="As01660" storage="c:\users\suprdewd\desktop\projects\forritun\sharpbag\sharpbag.tests01\bin\release\sharpbag.tests.dll" id="0b8785c2-8bd4-a826-60eb-f295a2d7fcb3">
      <Execution id="8eb5ef8e-be96-49c8-aa8d-9bc659fa4290" />
      <TestMethod codeBase="C:/Users/SuprDewd/Desktop/Projects/Forritun/SharpBag/SharpBag.Tests01/bin/Release/SharpBag.Tests.DLL" adapterTypeName="Microsoft.VisualStudio.TestTools.TestTypes.Unit.UnitTestAdapter, Microsoft.VisualStudio.QualityTools.Tips.UnitTest.Adapter, Version=10.0.0.0, Culture=neutral, PublicKeyToken=b03f5f7f11d50a3a" className="SharpBag.ExtensionsTest, SharpBag.Tests, Version=0.0.0.0, Culture=neutral, PublicKeyToken=null" name="As01660" />
    </UnitTest>
    <UnitTest name="IsNullableTypeThrowsContractException16" storage="c:\users\suprdewd\desktop\projects\forritun\sharpbag\sharpbag.tests01\bin\release\sharpbag.tests.dll" id="5d9b7cef-774f-9ce0-c97d-9f98a260007e">
      <Execution id="c4e52ae0-23a3-4fca-a988-4cffb421bdf7" />
      <TestMethod codeBase="C:/Users/SuprDewd/Desktop/Projects/Forritun/SharpBag/SharpBag.Tests01/bin/Release/SharpBag.Tests.DLL" adapterTypeName="Microsoft.VisualStudio.TestTools.TestTypes.Unit.UnitTestAdapter, Microsoft.VisualStudio.QualityTools.Tips.UnitTest.Adapter, Version=10.0.0.0, Culture=neutral, PublicKeyToken=b03f5f7f11d50a3a" className="SharpBag.ExtensionsTest, SharpBag.Tests, Version=0.0.0.0, Culture=neutral, PublicKeyToken=null" name="IsNullableTypeThrowsContractException16" />
    </UnitTest>
    <UnitTest name="As0132101" storage="c:\users\suprdewd\desktop\projects\forritun\sharpbag\sharpbag.tests01\bin\release\sharpbag.tests.dll" id="f4332708-2d9b-652b-a920-66192f9cdfaf">
      <Execution id="61085002-0dd1-4299-84ca-9f06739e54cc" />
      <TestMethod codeBase="C:/Users/SuprDewd/Desktop/Projects/Forritun/SharpBag/SharpBag.Tests01/bin/Release/SharpBag.Tests.DLL" adapterTypeName="Microsoft.VisualStudio.TestTools.TestTypes.Unit.UnitTestAdapter, Microsoft.VisualStudio.QualityTools.Tips.UnitTest.Adapter, Version=10.0.0.0, Culture=neutral, PublicKeyToken=b03f5f7f11d50a3a" className="SharpBag.ExtensionsTest, SharpBag.Tests, Version=0.0.0.0, Culture=neutral, PublicKeyToken=null" name="As0132101" />
    </UnitTest>
    <UnitTest name="IsIn570" storage="c:\users\suprdewd\desktop\projects\forritun\sharpbag\sharpbag.tests01\bin\release\sharpbag.tests.dll" id="1e811e95-82b3-7182-a1a6-ec99686bab87">
      <Execution id="f6f17499-95a9-414f-ad56-57c45c0033f0" />
      <TestMethod codeBase="C:/Users/SuprDewd/Desktop/Projects/Forritun/SharpBag/SharpBag.Tests01/bin/Release/SharpBag.Tests.DLL" adapterTypeName="Microsoft.VisualStudio.TestTools.TestTypes.Unit.UnitTestAdapter, Microsoft.VisualStudio.QualityTools.Tips.UnitTest.Adapter, Version=10.0.0.0, Culture=neutral, PublicKeyToken=b03f5f7f11d50a3a" className="SharpBag.ExtensionsTest, SharpBag.Tests, Version=0.0.0.0, Culture=neutral, PublicKeyToken=null" name="IsIn570" />
    </UnitTest>
    <UnitTest name="As01664" storage="c:\users\suprdewd\desktop\projects\forritun\sharpbag\sharpbag.tests01\bin\release\sharpbag.tests.dll" id="dfddd698-039d-4cb7-341a-94646b1b9270">
      <Execution id="daee4144-ad1c-4410-a9c5-f3de54d2cb32" />
      <TestMethod codeBase="C:/Users/SuprDewd/Desktop/Projects/Forritun/SharpBag/SharpBag.Tests01/bin/Release/SharpBag.Tests.DLL" adapterTypeName="Microsoft.VisualStudio.TestTools.TestTypes.Unit.UnitTestAdapter, Microsoft.VisualStudio.QualityTools.Tips.UnitTest.Adapter, Version=10.0.0.0, Culture=neutral, PublicKeyToken=b03f5f7f11d50a3a" className="SharpBag.ExtensionsTest, SharpBag.Tests, Version=0.0.0.0, Culture=neutral, PublicKeyToken=null" name="As01664" />
    </UnitTest>
    <UnitTest name="AsEnumerable03ThrowsContractException173" storage="c:\users\suprdewd\desktop\projects\forritun\sharpbag\sharpbag.tests01\bin\release\sharpbag.tests.dll" id="cd6d70a0-5149-bc7b-20d9-ea0e29ddf4cf">
      <Execution id="268ec6cc-a117-4096-b13b-6bbd42a75bc0" />
      <TestMethod codeBase="C:/Users/SuprDewd/Desktop/Projects/Forritun/SharpBag/SharpBag.Tests01/bin/Release/SharpBag.Tests.DLL" adapterTypeName="Microsoft.VisualStudio.TestTools.TestTypes.Unit.UnitTestAdapter, Microsoft.VisualStudio.QualityTools.Tips.UnitTest.Adapter, Version=10.0.0.0, Culture=neutral, PublicKeyToken=b03f5f7f11d50a3a" className="SharpBag.ExtensionsTest, SharpBag.Tests, Version=0.0.0.0, Culture=neutral, PublicKeyToken=null" name="AsEnumerable03ThrowsContractException173" />
    </UnitTest>
    <UnitTest name="RandomThrowsContractException574" storage="c:\users\suprdewd\desktop\projects\forritun\sharpbag\sharpbag.tests01\bin\release\sharpbag.tests.dll" id="1ddea7a7-fe10-238b-7e4c-5401f2a78e2b">
      <Execution id="23be4d38-df50-4eb8-bfc6-40c17f2c9de2" />
      <TestMethod codeBase="C:/Users/SuprDewd/Desktop/Projects/Forritun/SharpBag/SharpBag.Tests01/bin/Release/SharpBag.Tests.DLL" adapterTypeName="Microsoft.VisualStudio.TestTools.TestTypes.Unit.UnitTestAdapter, Microsoft.VisualStudio.QualityTools.Tips.UnitTest.Adapter, Version=10.0.0.0, Culture=neutral, PublicKeyToken=b03f5f7f11d50a3a" className="SharpBag.ExtensionsTest, SharpBag.Tests, Version=0.0.0.0, Culture=neutral, PublicKeyToken=null" name="RandomThrowsContractException574" />
    </UnitTest>
    <UnitTest name="ExecuteThrowsContractException78" storage="c:\users\suprdewd\desktop\projects\forritun\sharpbag\sharpbag.tests01\bin\release\sharpbag.tests.dll" id="77908785-744a-2461-09c9-ef819284a9cc">
      <Execution id="7d191f8d-1414-402f-a875-a7cc66e25796" />
      <TestMethod codeBase="C:/Users/SuprDewd/Desktop/Projects/Forritun/SharpBag/SharpBag.Tests01/bin/Release/SharpBag.Tests.DLL" adapterTypeName="Microsoft.VisualStudio.TestTools.TestTypes.Unit.UnitTestAdapter, Microsoft.VisualStudio.QualityTools.Tips.UnitTest.Adapter, Version=10.0.0.0, Culture=neutral, PublicKeyToken=b03f5f7f11d50a3a" className="SharpBag.ExtensionsTest, SharpBag.Tests, Version=0.0.0.0, Culture=neutral, PublicKeyToken=null" name="ExecuteThrowsContractException78" />
    </UnitTest>
    <UnitTest name="RangeThrowsContractException560" storage="c:\users\suprdewd\desktop\projects\forritun\sharpbag\sharpbag.tests01\bin\release\sharpbag.tests.dll" id="22b3bc9e-2d91-4747-086b-d415be2c5776">
      <Execution id="0174b1cc-497f-494a-bc6b-5720fe5e3a9f" />
      <TestMethod codeBase="C:/Users/SuprDewd/Desktop/Projects/Forritun/SharpBag/SharpBag.Tests01/bin/Release/SharpBag.Tests.DLL" adapterTypeName="Microsoft.VisualStudio.TestTools.TestTypes.Unit.UnitTestAdapter, Microsoft.VisualStudio.QualityTools.Tips.UnitTest.Adapter, Version=10.0.0.0, Culture=neutral, PublicKeyToken=b03f5f7f11d50a3a" className="SharpBag.ExtensionsTest, SharpBag.Tests, Version=0.0.0.0, Culture=neutral, PublicKeyToken=null" name="RangeThrowsContractException560" />
    </UnitTest>
    <UnitTest name="UnionAll02ThrowsContractException412" storage="c:\users\suprdewd\desktop\projects\forritun\sharpbag\sharpbag.tests01\bin\release\sharpbag.tests.dll" id="135a3025-77e5-46ab-cdc0-1fc37de1ad5c">
      <Execution id="082f9b1d-6226-41c5-bdda-eff1f56f3304" />
      <TestMethod codeBase="C:/Users/SuprDewd/Desktop/Projects/Forritun/SharpBag/SharpBag.Tests01/bin/Release/SharpBag.Tests.DLL" adapterTypeName="Microsoft.VisualStudio.TestTools.TestTypes.Unit.UnitTestAdapter, Microsoft.VisualStudio.QualityTools.Tips.UnitTest.Adapter, Version=10.0.0.0, Culture=neutral, PublicKeyToken=b03f5f7f11d50a3a" className="SharpBag.ExtensionsTest, SharpBag.Tests, Version=0.0.0.0, Culture=neutral, PublicKeyToken=null" name="UnionAll02ThrowsContractException412" />
    </UnitTest>
    <UnitTest name="SubarrayThrowsContractException964" storage="c:\users\suprdewd\desktop\projects\forritun\sharpbag\sharpbag.tests01\bin\release\sharpbag.tests.dll" id="d06dda95-89d0-a317-5ac0-24adb003c101">
      <Execution id="7846fdc2-ca78-4119-9882-72a7c60e9879" />
      <TestMethod codeBase="C:/Users/SuprDewd/Desktop/Projects/Forritun/SharpBag/SharpBag.Tests01/bin/Release/SharpBag.Tests.DLL" adapterTypeName="Microsoft.VisualStudio.TestTools.TestTypes.Unit.UnitTestAdapter, Microsoft.VisualStudio.QualityTools.Tips.UnitTest.Adapter, Version=10.0.0.0, Culture=neutral, PublicKeyToken=b03f5f7f11d50a3a" className="SharpBag.ExtensionsTest, SharpBag.Tests, Version=0.0.0.0, Culture=neutral, PublicKeyToken=null" name="SubarrayThrowsContractException964" />
    </UnitTest>
    <UnitTest name="ForEachThrowsContractException931" storage="c:\users\suprdewd\desktop\projects\forritun\sharpbag\sharpbag.tests01\bin\release\sharpbag.tests.dll" id="b9a0a920-02f6-e8cf-8012-6ed61570d734">
      <Execution id="faa95f7e-4dae-4daa-8afa-797d28107c5f" />
      <TestMethod codeBase="C:/Users/SuprDewd/Desktop/Projects/Forritun/SharpBag/SharpBag.Tests01/bin/Release/SharpBag.Tests.DLL" adapterTypeName="Microsoft.VisualStudio.TestTools.TestTypes.Unit.UnitTestAdapter, Microsoft.VisualStudio.QualityTools.Tips.UnitTest.Adapter, Version=10.0.0.0, Culture=neutral, PublicKeyToken=b03f5f7f11d50a3a" className="SharpBag.ExtensionsTest, SharpBag.Tests, Version=0.0.0.0, Culture=neutral, PublicKeyToken=null" name="ForEachThrowsContractException931" />
    </UnitTest>
    <UnitTest name="As66" storage="c:\users\suprdewd\desktop\projects\forritun\sharpbag\sharpbag.tests01\bin\release\sharpbag.tests.dll" id="2b439315-a245-09eb-2a28-a8a156c3b963">
      <Execution id="611780b3-851f-475a-8f8e-150f8ae90132" />
      <TestMethod codeBase="C:/Users/SuprDewd/Desktop/Projects/Forritun/SharpBag/SharpBag.Tests01/bin/Release/SharpBag.Tests.DLL" adapterTypeName="Microsoft.VisualStudio.TestTools.TestTypes.Unit.UnitTestAdapter, Microsoft.VisualStudio.QualityTools.Tips.UnitTest.Adapter, Version=10.0.0.0, Culture=neutral, PublicKeyToken=b03f5f7f11d50a3a" className="SharpBag.ExtensionsTest, SharpBag.Tests, Version=0.0.0.0, Culture=neutral, PublicKeyToken=null" name="As66" />
    </UnitTest>
    <UnitTest name="As014" storage="c:\users\suprdewd\desktop\projects\forritun\sharpbag\sharpbag.tests01\bin\release\sharpbag.tests.dll" id="7edd5b56-0f03-8716-c3c8-130b2e422ca5">
      <Execution id="607c50e1-1de2-4692-b8fb-1b35890af562" />
      <TestMethod codeBase="C:/Users/SuprDewd/Desktop/Projects/Forritun/SharpBag/SharpBag.Tests01/bin/Release/SharpBag.Tests.DLL" adapterTypeName="Microsoft.VisualStudio.TestTools.TestTypes.Unit.UnitTestAdapter, Microsoft.VisualStudio.QualityTools.Tips.UnitTest.Adapter, Version=10.0.0.0, Culture=neutral, PublicKeyToken=b03f5f7f11d50a3a" className="SharpBag.ExtensionsTest, SharpBag.Tests, Version=0.0.0.0, Culture=neutral, PublicKeyToken=null" name="As014" />
    </UnitTest>
    <UnitTest name="Subarray709" storage="c:\users\suprdewd\desktop\projects\forritun\sharpbag\sharpbag.tests01\bin\release\sharpbag.tests.dll" id="04c53adc-df51-85a8-3dcb-278e962fc112">
      <Execution id="fc4125b2-7c2e-470d-8117-0a73aa4cfea1" />
      <TestMethod codeBase="C:/Users/SuprDewd/Desktop/Projects/Forritun/SharpBag/SharpBag.Tests01/bin/Release/SharpBag.Tests.DLL" adapterTypeName="Microsoft.VisualStudio.TestTools.TestTypes.Unit.UnitTestAdapter, Microsoft.VisualStudio.QualityTools.Tips.UnitTest.Adapter, Version=10.0.0.0, Culture=neutral, PublicKeyToken=b03f5f7f11d50a3a" className="SharpBag.ExtensionsTest, SharpBag.Tests, Version=0.0.0.0, Culture=neutral, PublicKeyToken=null" name="Subarray709" />
    </UnitTest>
    <UnitTest name="AsEnumerable03148" storage="c:\users\suprdewd\desktop\projects\forritun\sharpbag\sharpbag.tests01\bin\release\sharpbag.tests.dll" id="b2aadfc0-b55c-fa15-a9e1-9405ae9a9cc7">
      <Execution id="11ac7cbb-5b5a-4c31-8d21-60ff67796b78" />
      <TestMethod codeBase="C:/Users/SuprDewd/Desktop/Projects/Forritun/SharpBag/SharpBag.Tests01/bin/Release/SharpBag.Tests.DLL" adapterTypeName="Microsoft.VisualStudio.TestTools.TestTypes.Unit.UnitTestAdapter, Microsoft.VisualStudio.QualityTools.Tips.UnitTest.Adapter, Version=10.0.0.0, Culture=neutral, PublicKeyToken=b03f5f7f11d50a3a" className="SharpBag.ExtensionsTest, SharpBag.Tests, Version=0.0.0.0, Culture=neutral, PublicKeyToken=null" name="AsEnumerable03148" />
    </UnitTest>
    <UnitTest name="As763" storage="c:\users\suprdewd\desktop\projects\forritun\sharpbag\sharpbag.tests01\bin\release\sharpbag.tests.dll" id="808822f6-9c85-0a33-f1f9-4d64c79fb975">
      <Execution id="bd040673-534f-4143-9af7-e88c79eecf29" />
      <TestMethod codeBase="C:/Users/SuprDewd/Desktop/Projects/Forritun/SharpBag/SharpBag.Tests01/bin/Release/SharpBag.Tests.DLL" adapterTypeName="Microsoft.VisualStudio.TestTools.TestTypes.Unit.UnitTestAdapter, Microsoft.VisualStudio.QualityTools.Tips.UnitTest.Adapter, Version=10.0.0.0, Culture=neutral, PublicKeyToken=b03f5f7f11d50a3a" className="SharpBag.ExtensionsTest, SharpBag.Tests, Version=0.0.0.0, Culture=neutral, PublicKeyToken=null" name="As763" />
    </UnitTest>
    <UnitTest name="To04886" storage="c:\users\suprdewd\desktop\projects\forritun\sharpbag\sharpbag.tests01\bin\release\sharpbag.tests.dll" id="aa22a9b8-be5f-7c6d-f18d-55627b642600">
      <Execution id="c0160195-0792-4ca5-a586-e1fc5ecd606d" />
      <TestMethod codeBase="C:/Users/SuprDewd/Desktop/Projects/Forritun/SharpBag/SharpBag.Tests01/bin/Release/SharpBag.Tests.DLL" adapterTypeName="Microsoft.VisualStudio.TestTools.TestTypes.Unit.UnitTestAdapter, Microsoft.VisualStudio.QualityTools.Tips.UnitTest.Adapter, Version=10.0.0.0, Culture=neutral, PublicKeyToken=b03f5f7f11d50a3a" className="SharpBag.ExtensionsTest, SharpBag.Tests, Version=0.0.0.0, Culture=neutral, PublicKeyToken=null" name="To04886" />
    </UnitTest>
    <UnitTest name="IsIn01ThrowsContractException279" storage="c:\users\suprdewd\desktop\projects\forritun\sharpbag\sharpbag.tests01\bin\release\sharpbag.tests.dll" id="2664c1af-83be-d3ec-b2b2-1838fed1807c">
      <Execution id="6e98af19-1805-4020-a6e3-2a016b1f210f" />
      <TestMethod codeBase="C:/Users/SuprDewd/Desktop/Projects/Forritun/SharpBag/SharpBag.Tests01/bin/Release/SharpBag.Tests.DLL" adapterTypeName="Microsoft.VisualStudio.TestTools.TestTypes.Unit.UnitTestAdapter, Microsoft.VisualStudio.QualityTools.Tips.UnitTest.Adapter, Version=10.0.0.0, Culture=neutral, PublicKeyToken=b03f5f7f11d50a3a" className="SharpBag.ExtensionsTest, SharpBag.Tests, Version=0.0.0.0, Culture=neutral, PublicKeyToken=null" name="IsIn01ThrowsContractException279" />
    </UnitTest>
    <UnitTest name="If79" storage="c:\users\suprdewd\desktop\projects\forritun\sharpbag\sharpbag.tests01\bin\release\sharpbag.tests.dll" id="18234ca5-6af0-1355-5140-f92645f28e01">
      <Execution id="2d2da106-f79a-481d-8d70-27ed29c57a09" />
      <TestMethod codeBase="C:/Users/SuprDewd/Desktop/Projects/Forritun/SharpBag/SharpBag.Tests01/bin/Release/SharpBag.Tests.DLL" adapterTypeName="Microsoft.VisualStudio.TestTools.TestTypes.Unit.UnitTestAdapter, Microsoft.VisualStudio.QualityTools.Tips.UnitTest.Adapter, Version=10.0.0.0, Culture=neutral, PublicKeyToken=b03f5f7f11d50a3a" className="SharpBag.ExtensionsTest, SharpBag.Tests, Version=0.0.0.0, Culture=neutral, PublicKeyToken=null" name="If79" />
    </UnitTest>
    <UnitTest name="ForEach125" storage="c:\users\suprdewd\desktop\projects\forritun\sharpbag\sharpbag.tests01\bin\release\sharpbag.tests.dll" id="193af604-0c49-1c0a-39c2-739404c2ca21">
      <Execution id="238435ca-541b-4fd7-b3f0-ab2dd09a7b88" />
      <TestMethod codeBase="C:/Users/SuprDewd/Desktop/Projects/Forritun/SharpBag/SharpBag.Tests01/bin/Release/SharpBag.Tests.DLL" adapterTypeName="Microsoft.VisualStudio.TestTools.TestTypes.Unit.UnitTestAdapter, Microsoft.VisualStudio.QualityTools.Tips.UnitTest.Adapter, Version=10.0.0.0, Culture=neutral, PublicKeyToken=b03f5f7f11d50a3a" className="SharpBag.ExtensionsTest, SharpBag.Tests, Version=0.0.0.0, Culture=neutral, PublicKeyToken=null" name="ForEach125" />
    </UnitTest>
    <UnitTest name="SubarrayThrowsIndexOutOfRangeException237" storage="c:\users\suprdewd\desktop\projects\forritun\sharpbag\sharpbag.tests01\bin\release\sharpbag.tests.dll" id="594704dd-0a86-b16d-988c-f53dd3e4a947">
      <Execution id="a84adb50-2a9d-4c15-9228-2e137bf6107a" />
      <TestMethod codeBase="C:/Users/SuprDewd/Desktop/Projects/Forritun/SharpBag/SharpBag.Tests01/bin/Release/SharpBag.Tests.DLL" adapterTypeName="Microsoft.VisualStudio.TestTools.TestTypes.Unit.UnitTestAdapter, Microsoft.VisualStudio.QualityTools.Tips.UnitTest.Adapter, Version=10.0.0.0, Culture=neutral, PublicKeyToken=b03f5f7f11d50a3a" className="SharpBag.ExtensionsTest, SharpBag.Tests, Version=0.0.0.0, Culture=neutral, PublicKeyToken=null" name="SubarrayThrowsIndexOutOfRangeException237" />
    </UnitTest>
    <UnitTest name="As01303" storage="c:\users\suprdewd\desktop\projects\forritun\sharpbag\sharpbag.tests01\bin\release\sharpbag.tests.dll" id="3d3988d3-9563-f144-e6f1-47341372fdea">
      <Execution id="3102427b-e311-4407-821f-ab77e32b412e" />
      <TestMethod codeBase="C:/Users/SuprDewd/Desktop/Projects/Forritun/SharpBag/SharpBag.Tests01/bin/Release/SharpBag.Tests.DLL" adapterTypeName="Microsoft.VisualStudio.TestTools.TestTypes.Unit.UnitTestAdapter, Microsoft.VisualStudio.QualityTools.Tips.UnitTest.Adapter, Version=10.0.0.0, Culture=neutral, PublicKeyToken=b03f5f7f11d50a3a" className="SharpBag.ExtensionsTest, SharpBag.Tests, Version=0.0.0.0, Culture=neutral, PublicKeyToken=null" name="As01303" />
    </UnitTest>
    <UnitTest name="As21506" storage="c:\users\suprdewd\desktop\projects\forritun\sharpbag\sharpbag.tests01\bin\release\sharpbag.tests.dll" id="bdf234ab-0f12-2337-9094-2671833caeec">
      <Execution id="ec9817a1-68da-48b6-b69a-c42b1c633e71" />
      <TestMethod codeBase="C:/Users/SuprDewd/Desktop/Projects/Forritun/SharpBag/SharpBag.Tests01/bin/Release/SharpBag.Tests.DLL" adapterTypeName="Microsoft.VisualStudio.TestTools.TestTypes.Unit.UnitTestAdapter, Microsoft.VisualStudio.QualityTools.Tips.UnitTest.Adapter, Version=10.0.0.0, Culture=neutral, PublicKeyToken=b03f5f7f11d50a3a" className="SharpBag.ExtensionsTest, SharpBag.Tests, Version=0.0.0.0, Culture=neutral, PublicKeyToken=null" name="As21506" />
    </UnitTest>
    <UnitTest name="Fill01ThrowsContractException156" storage="c:\users\suprdewd\desktop\projects\forritun\sharpbag\sharpbag.tests01\bin\release\sharpbag.tests.dll" id="e86f4b46-ab12-e2fb-3f68-4ffa6ecd4f99">
      <Execution id="36dac00b-d48d-49ce-8439-570e1fbb6148" />
      <TestMethod codeBase="C:/Users/SuprDewd/Desktop/Projects/Forritun/SharpBag/SharpBag.Tests01/bin/Release/SharpBag.Tests.DLL" adapterTypeName="Microsoft.VisualStudio.TestTools.TestTypes.Unit.UnitTestAdapter, Microsoft.VisualStudio.QualityTools.Tips.UnitTest.Adapter, Version=10.0.0.0, Culture=neutral, PublicKeyToken=b03f5f7f11d50a3a" className="SharpBag.ExtensionsTest, SharpBag.Tests, Version=0.0.0.0, Culture=neutral, PublicKeyToken=null" name="Fill01ThrowsContractException156" />
    </UnitTest>
    <UnitTest name="As21503" storage="c:\users\suprdewd\desktop\projects\forritun\sharpbag\sharpbag.tests01\bin\release\sharpbag.tests.dll" id="b03d2b82-a5f5-4a0a-521f-fd9e431b28da">
      <Execution id="2d66bbd3-72ec-4806-bfa6-525b8afc87b5" />
      <TestMethod codeBase="C:/Users/SuprDewd/Desktop/Projects/Forritun/SharpBag/SharpBag.Tests01/bin/Release/SharpBag.Tests.DLL" adapterTypeName="Microsoft.VisualStudio.TestTools.TestTypes.Unit.UnitTestAdapter, Microsoft.VisualStudio.QualityTools.Tips.UnitTest.Adapter, Version=10.0.0.0, Culture=neutral, PublicKeyToken=b03f5f7f11d50a3a" className="SharpBag.ExtensionsTest, SharpBag.Tests, Version=0.0.0.0, Culture=neutral, PublicKeyToken=null" name="As21503" />
    </UnitTest>
    <UnitTest name="As01983" storage="c:\users\suprdewd\desktop\projects\forritun\sharpbag\sharpbag.tests01\bin\release\sharpbag.tests.dll" id="f50339b2-56a6-fab9-1b43-e437b5e0a59d">
      <Execution id="1029155c-4675-4d80-8356-1d405f65777f" />
      <TestMethod codeBase="C:/Users/SuprDewd/Desktop/Projects/Forritun/SharpBag/SharpBag.Tests01/bin/Release/SharpBag.Tests.DLL" adapterTypeName="Microsoft.VisualStudio.TestTools.TestTypes.Unit.UnitTestAdapter, Microsoft.VisualStudio.QualityTools.Tips.UnitTest.Adapter, Version=10.0.0.0, Culture=neutral, PublicKeyToken=b03f5f7f11d50a3a" className="SharpBag.ExtensionsTest, SharpBag.Tests, Version=0.0.0.0, Culture=neutral, PublicKeyToken=null" name="As01983" />
    </UnitTest>
    <UnitTest name="As21505" storage="c:\users\suprdewd\desktop\projects\forritun\sharpbag\sharpbag.tests01\bin\release\sharpbag.tests.dll" id="2250a8be-6947-1057-ceec-e49c62f651fa">
      <Execution id="6f6de58c-21ec-4a79-8b17-b009b3e6c16b" />
      <TestMethod codeBase="C:/Users/SuprDewd/Desktop/Projects/Forritun/SharpBag/SharpBag.Tests01/bin/Release/SharpBag.Tests.DLL" adapterTypeName="Microsoft.VisualStudio.TestTools.TestTypes.Unit.UnitTestAdapter, Microsoft.VisualStudio.QualityTools.Tips.UnitTest.Adapter, Version=10.0.0.0, Culture=neutral, PublicKeyToken=b03f5f7f11d50a3a" className="SharpBag.ExtensionsTest, SharpBag.Tests, Version=0.0.0.0, Culture=neutral, PublicKeyToken=null" name="As21505" />
    </UnitTest>
    <UnitTest name="AsEnumerableThrowsContractException617" storage="c:\users\suprdewd\desktop\projects\forritun\sharpbag\sharpbag.tests01\bin\release\sharpbag.tests.dll" id="c0b42161-4a2a-a4b9-5fed-56ce341f748e">
      <Execution id="c563b52f-ace6-42f9-9b08-c70464ac83ba" />
      <TestMethod codeBase="C:/Users/SuprDewd/Desktop/Projects/Forritun/SharpBag/SharpBag.Tests01/bin/Release/SharpBag.Tests.DLL" adapterTypeName="Microsoft.VisualStudio.TestTools.TestTypes.Unit.UnitTestAdapter, Microsoft.VisualStudio.QualityTools.Tips.UnitTest.Adapter, Version=10.0.0.0, Culture=neutral, PublicKeyToken=b03f5f7f11d50a3a" className="SharpBag.ExtensionsTest, SharpBag.Tests, Version=0.0.0.0, Culture=neutral, PublicKeyToken=null" name="AsEnumerableThrowsContractException617" />
    </UnitTest>
    <UnitTest name="TakeEveryThrowsContractException57" storage="c:\users\suprdewd\desktop\projects\forritun\sharpbag\sharpbag.tests01\bin\release\sharpbag.tests.dll" id="71fdaff9-49bf-b223-1fec-b90817ed9152">
      <Execution id="0093b5cb-6365-4efb-b96b-8b04635f612d" />
      <TestMethod codeBase="C:/Users/SuprDewd/Desktop/Projects/Forritun/SharpBag/SharpBag.Tests01/bin/Release/SharpBag.Tests.DLL" adapterTypeName="Microsoft.VisualStudio.TestTools.TestTypes.Unit.UnitTestAdapter, Microsoft.VisualStudio.QualityTools.Tips.UnitTest.Adapter, Version=10.0.0.0, Culture=neutral, PublicKeyToken=b03f5f7f11d50a3a" className="SharpBag.ExtensionsTest, SharpBag.Tests, Version=0.0.0.0, Culture=neutral, PublicKeyToken=null" name="TakeEveryThrowsContractException57" />
    </UnitTest>
    <UnitTest name="ToDictionaryThrowsContractException647" storage="c:\users\suprdewd\desktop\projects\forritun\sharpbag\sharpbag.tests01\bin\release\sharpbag.tests.dll" id="67060c20-8464-3afb-a152-2d973dbdaed1">
      <Execution id="103037ca-e241-4840-9b03-df32b7130c6b" />
      <TestMethod codeBase="C:/Users/SuprDewd/Desktop/Projects/Forritun/SharpBag/SharpBag.Tests01/bin/Release/SharpBag.Tests.DLL" adapterTypeName="Microsoft.VisualStudio.TestTools.TestTypes.Unit.UnitTestAdapter, Microsoft.VisualStudio.QualityTools.Tips.UnitTest.Adapter, Version=10.0.0.0, Culture=neutral, PublicKeyToken=b03f5f7f11d50a3a" className="SharpBag.ExtensionsTest, SharpBag.Tests, Version=0.0.0.0, Culture=neutral, PublicKeyToken=null" name="ToDictionaryThrowsContractException647" />
    </UnitTest>
    <UnitTest name="As0163205" storage="c:\users\suprdewd\desktop\projects\forritun\sharpbag\sharpbag.tests01\bin\release\sharpbag.tests.dll" id="48745f52-01da-5495-8edc-495e0a033ca1">
      <Execution id="34d4225d-71b6-4323-bc5d-ed5db21ea1e6" />
      <TestMethod codeBase="C:/Users/SuprDewd/Desktop/Projects/Forritun/SharpBag/SharpBag.Tests01/bin/Release/SharpBag.Tests.DLL" adapterTypeName="Microsoft.VisualStudio.TestTools.TestTypes.Unit.UnitTestAdapter, Microsoft.VisualStudio.QualityTools.Tips.UnitTest.Adapter, Version=10.0.0.0, Culture=neutral, PublicKeyToken=b03f5f7f11d50a3a" className="SharpBag.ExtensionsTest, SharpBag.Tests, Version=0.0.0.0, Culture=neutral, PublicKeyToken=null" name="As0163205" />
    </UnitTest>
    <UnitTest name="As0163206" storage="c:\users\suprdewd\desktop\projects\forritun\sharpbag\sharpbag.tests01\bin\release\sharpbag.tests.dll" id="e3e433dc-f656-51bd-faab-b6cc3200c3cc">
      <Execution id="59109f4e-0812-4272-985d-400dbd992c55" />
      <TestMethod codeBase="C:/Users/SuprDewd/Desktop/Projects/Forritun/SharpBag/SharpBag.Tests01/bin/Release/SharpBag.Tests.DLL" adapterTypeName="Microsoft.VisualStudio.TestTools.TestTypes.Unit.UnitTestAdapter, Microsoft.VisualStudio.QualityTools.Tips.UnitTest.Adapter, Version=10.0.0.0, Culture=neutral, PublicKeyToken=b03f5f7f11d50a3a" className="SharpBag.ExtensionsTest, SharpBag.Tests, Version=0.0.0.0, Culture=neutral, PublicKeyToken=null" name="As0163206" />
    </UnitTest>
    <UnitTest name="ContainsArrayThrowsContractException477" storage="c:\users\suprdewd\desktop\projects\forritun\sharpbag\sharpbag.tests01\bin\release\sharpbag.tests.dll" id="ea4165e9-438f-19c0-bb46-9e9157f55554">
      <Execution id="40319ebe-24b7-43ab-8471-315ae619394f" />
      <TestMethod codeBase="C:/Users/SuprDewd/Desktop/Projects/Forritun/SharpBag/SharpBag.Tests01/bin/Release/SharpBag.Tests.DLL" adapterTypeName="Microsoft.VisualStudio.TestTools.TestTypes.Unit.UnitTestAdapter, Microsoft.VisualStudio.QualityTools.Tips.UnitTest.Adapter, Version=10.0.0.0, Culture=neutral, PublicKeyToken=b03f5f7f11d50a3a" className="SharpBag.ExtensionsTest, SharpBag.Tests, Version=0.0.0.0, Culture=neutral, PublicKeyToken=null" name="ContainsArrayThrowsContractException477" />
    </UnitTest>
    <UnitTest name="As0163202" storage="c:\users\suprdewd\desktop\projects\forritun\sharpbag\sharpbag.tests01\bin\release\sharpbag.tests.dll" id="5aba0e57-1e97-6240-5ce7-34738ec9892e">
      <Execution id="b4b81caa-6385-4399-a5e2-4adaf0c163d5" />
      <TestMethod codeBase="C:/Users/SuprDewd/Desktop/Projects/Forritun/SharpBag/SharpBag.Tests01/bin/Release/SharpBag.Tests.DLL" adapterTypeName="Microsoft.VisualStudio.TestTools.TestTypes.Unit.UnitTestAdapter, Microsoft.VisualStudio.QualityTools.Tips.UnitTest.Adapter, Version=10.0.0.0, Culture=neutral, PublicKeyToken=b03f5f7f11d50a3a" className="SharpBag.ExtensionsTest, SharpBag.Tests, Version=0.0.0.0, Culture=neutral, PublicKeyToken=null" name="As0163202" />
    </UnitTest>
    <UnitTest name="AsEnumerable560" storage="c:\users\suprdewd\desktop\projects\forritun\sharpbag\sharpbag.tests01\bin\release\sharpbag.tests.dll" id="84a133d0-001f-a986-72f9-cc05e5f25751">
      <Execution id="98ff1524-3b34-4da1-aa20-aad816696e00" />
      <TestMethod codeBase="C:/Users/SuprDewd/Desktop/Projects/Forritun/SharpBag/SharpBag.Tests01/bin/Release/SharpBag.Tests.DLL" adapterTypeName="Microsoft.VisualStudio.TestTools.TestTypes.Unit.UnitTestAdapter, Microsoft.VisualStudio.QualityTools.Tips.UnitTest.Adapter, Version=10.0.0.0, Culture=neutral, PublicKeyToken=b03f5f7f11d50a3a" className="SharpBag.ExtensionsTest, SharpBag.Tests, Version=0.0.0.0, Culture=neutral, PublicKeyToken=null" name="AsEnumerable560" />
    </UnitTest>
    <UnitTest name="Fill01688" storage="c:\users\suprdewd\desktop\projects\forritun\sharpbag\sharpbag.tests01\bin\release\sharpbag.tests.dll" id="d400fa75-dd71-d01b-c6b4-e354835a9d50">
      <Execution id="8323b0d9-b1ff-4c32-8ef2-da50a117066d" />
      <TestMethod codeBase="C:/Users/SuprDewd/Desktop/Projects/Forritun/SharpBag/SharpBag.Tests01/bin/Release/SharpBag.Tests.DLL" adapterTypeName="Microsoft.VisualStudio.TestTools.TestTypes.Unit.UnitTestAdapter, Microsoft.VisualStudio.QualityTools.Tips.UnitTest.Adapter, Version=10.0.0.0, Culture=neutral, PublicKeyToken=b03f5f7f11d50a3a" className="SharpBag.ExtensionsTest, SharpBag.Tests, Version=0.0.0.0, Culture=neutral, PublicKeyToken=null" name="Fill01688" />
    </UnitTest>
    <UnitTest name="As76301" storage="c:\users\suprdewd\desktop\projects\forritun\sharpbag\sharpbag.tests01\bin\release\sharpbag.tests.dll" id="14c4d8f7-99c5-9b56-48f1-16bece872cd1">
      <Execution id="80bf6fe5-f052-4482-9426-b1c24177bf76" />
      <TestMethod codeBase="C:/Users/SuprDewd/Desktop/Projects/Forritun/SharpBag/SharpBag.Tests01/bin/Release/SharpBag.Tests.DLL" adapterTypeName="Microsoft.VisualStudio.TestTools.TestTypes.Unit.UnitTestAdapter, Microsoft.VisualStudio.QualityTools.Tips.UnitTest.Adapter, Version=10.0.0.0, Culture=neutral, PublicKeyToken=b03f5f7f11d50a3a" className="SharpBag.ExtensionsTest, SharpBag.Tests, Version=0.0.0.0, Culture=neutral, PublicKeyToken=null" name="As76301" />
    </UnitTest>
    <UnitTest name="EmptyIfNull122" storage="c:\users\suprdewd\desktop\projects\forritun\sharpbag\sharpbag.tests01\bin\release\sharpbag.tests.dll" id="3902168e-77cb-c1b4-c44f-4336ab3b86bd">
      <Execution id="c7723282-24d2-4332-a405-439f131af76c" />
      <TestMethod codeBase="C:/Users/SuprDewd/Desktop/Projects/Forritun/SharpBag/SharpBag.Tests01/bin/Release/SharpBag.Tests.DLL" adapterTypeName="Microsoft.VisualStudio.TestTools.TestTypes.Unit.UnitTestAdapter, Microsoft.VisualStudio.QualityTools.Tips.UnitTest.Adapter, Version=10.0.0.0, Culture=neutral, PublicKeyToken=b03f5f7f11d50a3a" className="SharpBag.ExtensionsTest, SharpBag.Tests, Version=0.0.0.0, Culture=neutral, PublicKeyToken=null" name="EmptyIfNull122" />
    </UnitTest>
    <UnitTest name="Add885" storage="c:\users\suprdewd\desktop\projects\forritun\sharpbag\sharpbag.tests01\bin\release\sharpbag.tests.dll" id="8076c83d-2717-5964-7e9d-50cc5e2706b9">
      <Execution id="881d103c-762a-4e6c-a5b1-ee64b6519c42" />
      <TestMethod codeBase="C:/Users/SuprDewd/Desktop/Projects/Forritun/SharpBag/SharpBag.Tests01/bin/Release/SharpBag.Tests.DLL" adapterTypeName="Microsoft.VisualStudio.TestTools.TestTypes.Unit.UnitTestAdapter, Microsoft.VisualStudio.QualityTools.Tips.UnitTest.Adapter, Version=10.0.0.0, Culture=neutral, PublicKeyToken=b03f5f7f11d50a3a" className="SharpBag.ExtensionsTest, SharpBag.Tests, Version=0.0.0.0, Culture=neutral, PublicKeyToken=null" name="Add885" />
    </UnitTest>
    <UnitTest name="FillThrowsContractException125" storage="c:\users\suprdewd\desktop\projects\forritun\sharpbag\sharpbag.tests01\bin\release\sharpbag.tests.dll" id="da5feb53-2e0d-e0c8-406f-5aa41dc5d56c">
      <Execution id="77f82952-031e-40c6-8515-8ffe22de3dd5" />
      <TestMethod codeBase="C:/Users/SuprDewd/Desktop/Projects/Forritun/SharpBag/SharpBag.Tests01/bin/Release/SharpBag.Tests.DLL" adapterTypeName="Microsoft.VisualStudio.TestTools.TestTypes.Unit.UnitTestAdapter, Microsoft.VisualStudio.QualityTools.Tips.UnitTest.Adapter, Version=10.0.0.0, Culture=neutral, PublicKeyToken=b03f5f7f11d50a3a" className="SharpBag.ExtensionsTest, SharpBag.Tests, Version=0.0.0.0, Culture=neutral, PublicKeyToken=null" name="FillThrowsContractException125" />
    </UnitTest>
    <UnitTest name="GetByPercentThrowsContractException730" storage="c:\users\suprdewd\desktop\projects\forritun\sharpbag\sharpbag.tests01\bin\release\sharpbag.tests.dll" id="1e0ca069-996e-4bc0-6164-74e9ee8107ac">
      <Execution id="4c8ac1f2-463b-49c3-9ffa-c6cea3687454" />
      <TestMethod codeBase="C:/Users/SuprDewd/Desktop/Projects/Forritun/SharpBag/SharpBag.Tests01/bin/Release/SharpBag.Tests.DLL" adapterTypeName="Microsoft.VisualStudio.TestTools.TestTypes.Unit.UnitTestAdapter, Microsoft.VisualStudio.QualityTools.Tips.UnitTest.Adapter, Version=10.0.0.0, Culture=neutral, PublicKeyToken=b03f5f7f11d50a3a" className="SharpBag.ExtensionsTest, SharpBag.Tests, Version=0.0.0.0, Culture=neutral, PublicKeyToken=null" name="GetByPercentThrowsContractException730" />
    </UnitTest>
    <UnitTest name="AsEnumerable02588" storage="c:\users\suprdewd\desktop\projects\forritun\sharpbag\sharpbag.tests01\bin\release\sharpbag.tests.dll" id="099b6629-b323-a9b6-3641-ebce58ee0f7c">
      <Execution id="11fc2c51-5f95-4fd0-9dc2-85b289649e51" />
      <TestMethod codeBase="C:/Users/SuprDewd/Desktop/Projects/Forritun/SharpBag/SharpBag.Tests01/bin/Release/SharpBag.Tests.DLL" adapterTypeName="Microsoft.VisualStudio.TestTools.TestTypes.Unit.UnitTestAdapter, Microsoft.VisualStudio.QualityTools.Tips.UnitTest.Adapter, Version=10.0.0.0, Culture=neutral, PublicKeyToken=b03f5f7f11d50a3a" className="SharpBag.ExtensionsTest, SharpBag.Tests, Version=0.0.0.0, Culture=neutral, PublicKeyToken=null" name="AsEnumerable02588" />
    </UnitTest>
    <UnitTest name="Execute533" storage="c:\users\suprdewd\desktop\projects\forritun\sharpbag\sharpbag.tests01\bin\release\sharpbag.tests.dll" id="b17fedd4-1f62-61d1-927e-d039058fdcc2">
      <Execution id="24f4b769-fb09-483a-90b7-c33bc859a762" />
      <TestMethod codeBase="C:/Users/SuprDewd/Desktop/Projects/Forritun/SharpBag/SharpBag.Tests01/bin/Release/SharpBag.Tests.DLL" adapterTypeName="Microsoft.VisualStudio.TestTools.TestTypes.Unit.UnitTestAdapter, Microsoft.VisualStudio.QualityTools.Tips.UnitTest.Adapter, Version=10.0.0.0, Culture=neutral, PublicKeyToken=b03f5f7f11d50a3a" className="SharpBag.ExtensionsTest, SharpBag.Tests, Version=0.0.0.0, Culture=neutral, PublicKeyToken=null" name="Execute533" />
    </UnitTest>
    <UnitTest name="To01ThrowsContractException160" storage="c:\users\suprdewd\desktop\projects\forritun\sharpbag\sharpbag.tests01\bin\release\sharpbag.tests.dll" id="6d798907-2cda-5ed7-51cd-5487f7235fb8">
      <Execution id="ab7f0798-8d06-48fd-aa29-4b837cbab04e" />
      <TestMethod codeBase="C:/Users/SuprDewd/Desktop/Projects/Forritun/SharpBag/SharpBag.Tests01/bin/Release/SharpBag.Tests.DLL" adapterTypeName="Microsoft.VisualStudio.TestTools.TestTypes.Unit.UnitTestAdapter, Microsoft.VisualStudio.QualityTools.Tips.UnitTest.Adapter, Version=10.0.0.0, Culture=neutral, PublicKeyToken=b03f5f7f11d50a3a" className="SharpBag.ExtensionsTest, SharpBag.Tests, Version=0.0.0.0, Culture=neutral, PublicKeyToken=null" name="To01ThrowsContractException160" />
    </UnitTest>
    <UnitTest name="As0163208" storage="c:\users\suprdewd\desktop\projects\forritun\sharpbag\sharpbag.tests01\bin\release\sharpbag.tests.dll" id="b51e8365-ff64-84bf-89d7-6e6cedcc3dbf">
      <Execution id="d29d8d46-a707-4a39-bfd6-fe268c4a15f9" />
      <TestMethod codeBase="C:/Users/SuprDewd/Desktop/Projects/Forritun/SharpBag/SharpBag.Tests01/bin/Release/SharpBag.Tests.DLL" adapterTypeName="Microsoft.VisualStudio.TestTools.TestTypes.Unit.UnitTestAdapter, Microsoft.VisualStudio.QualityTools.Tips.UnitTest.Adapter, Version=10.0.0.0, Culture=neutral, PublicKeyToken=b03f5f7f11d50a3a" className="SharpBag.ExtensionsTest, SharpBag.Tests, Version=0.0.0.0, Culture=neutral, PublicKeyToken=null" name="As0163208" />
    </UnitTest>
    <UnitTest name="To01637" storage="c:\users\suprdewd\desktop\projects\forritun\sharpbag\sharpbag.tests01\bin\release\sharpbag.tests.dll" id="5514446b-a7eb-a40a-85ab-240a248bba2a">
      <Execution id="c75ff272-d739-4d17-9e81-592e83fcca41" />
      <TestMethod codeBase="C:/Users/SuprDewd/Desktop/Projects/Forritun/SharpBag/SharpBag.Tests01/bin/Release/SharpBag.Tests.DLL" adapterTypeName="Microsoft.VisualStudio.TestTools.TestTypes.Unit.UnitTestAdapter, Microsoft.VisualStudio.QualityTools.Tips.UnitTest.Adapter, Version=10.0.0.0, Culture=neutral, PublicKeyToken=b03f5f7f11d50a3a" className="SharpBag.ExtensionsTest, SharpBag.Tests, Version=0.0.0.0, Culture=neutral, PublicKeyToken=null" name="To01637" />
    </UnitTest>
    <UnitTest name="IfNotNull477" storage="c:\users\suprdewd\desktop\projects\forritun\sharpbag\sharpbag.tests01\bin\release\sharpbag.tests.dll" id="fc92c33d-a24e-4715-be4e-9ee45be3958a">
      <Execution id="5dea4b86-e8f8-454b-ad72-952a26961ddb" />
      <TestMethod codeBase="C:/Users/SuprDewd/Desktop/Projects/Forritun/SharpBag/SharpBag.Tests01/bin/Release/SharpBag.Tests.DLL" adapterTypeName="Microsoft.VisualStudio.TestTools.TestTypes.Unit.UnitTestAdapter, Microsoft.VisualStudio.QualityTools.Tips.UnitTest.Adapter, Version=10.0.0.0, Culture=neutral, PublicKeyToken=b03f5f7f11d50a3a" className="SharpBag.ExtensionsTest, SharpBag.Tests, Version=0.0.0.0, Culture=neutral, PublicKeyToken=null" name="IfNotNull477" />
    </UnitTest>
    <UnitTest name="IfNotNull01923" storage="c:\users\suprdewd\desktop\projects\forritun\sharpbag\sharpbag.tests01\bin\release\sharpbag.tests.dll" id="46f11c29-0946-1ee3-1afe-afb72995b905">
      <Execution id="eef3ddb1-6ac7-47c7-9385-52ecd06fb61c" />
      <TestMethod codeBase="C:/Users/SuprDewd/Desktop/Projects/Forritun/SharpBag/SharpBag.Tests01/bin/Release/SharpBag.Tests.DLL" adapterTypeName="Microsoft.VisualStudio.TestTools.TestTypes.Unit.UnitTestAdapter, Microsoft.VisualStudio.QualityTools.Tips.UnitTest.Adapter, Version=10.0.0.0, Culture=neutral, PublicKeyToken=b03f5f7f11d50a3a" className="SharpBag.ExtensionsTest, SharpBag.Tests, Version=0.0.0.0, Culture=neutral, PublicKeyToken=null" name="IfNotNull01923" />
    </UnitTest>
    <UnitTest name="UnionAll01355" storage="c:\users\suprdewd\desktop\projects\forritun\sharpbag\sharpbag.tests01\bin\release\sharpbag.tests.dll" id="752747b0-a36b-eb83-ec59-1c939066a812">
      <Execution id="cc3097b4-f6d1-4341-ac1e-f25c1bcbe35a" />
      <TestMethod codeBase="C:/Users/SuprDewd/Desktop/Projects/Forritun/SharpBag/SharpBag.Tests01/bin/Release/SharpBag.Tests.DLL" adapterTypeName="Microsoft.VisualStudio.TestTools.TestTypes.Unit.UnitTestAdapter, Microsoft.VisualStudio.QualityTools.Tips.UnitTest.Adapter, Version=10.0.0.0, Culture=neutral, PublicKeyToken=b03f5f7f11d50a3a" className="SharpBag.ExtensionsTest, SharpBag.Tests, Version=0.0.0.0, Culture=neutral, PublicKeyToken=null" name="UnionAll01355" />
    </UnitTest>
    <UnitTest name="With255" storage="c:\users\suprdewd\desktop\projects\forritun\sharpbag\sharpbag.tests01\bin\release\sharpbag.tests.dll" id="5864e842-9f86-c9b6-bda0-04be2ae227ea">
      <Execution id="cec3fae1-de2e-42e6-86ec-11b1f60a9186" />
      <TestMethod codeBase="C:/Users/SuprDewd/Desktop/Projects/Forritun/SharpBag/SharpBag.Tests01/bin/Release/SharpBag.Tests.DLL" adapterTypeName="Microsoft.VisualStudio.TestTools.TestTypes.Unit.UnitTestAdapter, Microsoft.VisualStudio.QualityTools.Tips.UnitTest.Adapter, Version=10.0.0.0, Culture=neutral, PublicKeyToken=b03f5f7f11d50a3a" className="SharpBag.ExtensionsTest, SharpBag.Tests, Version=0.0.0.0, Culture=neutral, PublicKeyToken=null" name="With255" />
    </UnitTest>
    <UnitTest name="TakeEvery573" storage="c:\users\suprdewd\desktop\projects\forritun\sharpbag\sharpbag.tests01\bin\release\sharpbag.tests.dll" id="f75fa8c7-8563-f254-ccbd-c82531d39c32">
      <Execution id="47dfc8d6-dfa7-4b4f-b025-4985ea5456ef" />
      <TestMethod codeBase="C:/Users/SuprDewd/Desktop/Projects/Forritun/SharpBag/SharpBag.Tests01/bin/Release/SharpBag.Tests.DLL" adapterTypeName="Microsoft.VisualStudio.TestTools.TestTypes.Unit.UnitTestAdapter, Microsoft.VisualStudio.QualityTools.Tips.UnitTest.Adapter, Version=10.0.0.0, Culture=neutral, PublicKeyToken=b03f5f7f11d50a3a" className="SharpBag.ExtensionsTest, SharpBag.Tests, Version=0.0.0.0, Culture=neutral, PublicKeyToken=null" name="TakeEvery573" />
    </UnitTest>
    <UnitTest name="IfNotNullThrowsContractException439" storage="c:\users\suprdewd\desktop\projects\forritun\sharpbag\sharpbag.tests01\bin\release\sharpbag.tests.dll" id="029a1154-08ed-ad21-3797-6c8eecfafc7c">
      <Execution id="36cdb7eb-bce1-412d-94c2-ac11ede27ec1" />
      <TestMethod codeBase="C:/Users/SuprDewd/Desktop/Projects/Forritun/SharpBag/SharpBag.Tests01/bin/Release/SharpBag.Tests.DLL" adapterTypeName="Microsoft.VisualStudio.TestTools.TestTypes.Unit.UnitTestAdapter, Microsoft.VisualStudio.QualityTools.Tips.UnitTest.Adapter, Version=10.0.0.0, Culture=neutral, PublicKeyToken=b03f5f7f11d50a3a" className="SharpBag.ExtensionsTest, SharpBag.Tests, Version=0.0.0.0, Culture=neutral, PublicKeyToken=null" name="IfNotNullThrowsContractException439" />
    </UnitTest>
    <UnitTest name="As21508" storage="c:\users\suprdewd\desktop\projects\forritun\sharpbag\sharpbag.tests01\bin\release\sharpbag.tests.dll" id="f4f76af5-0d54-7bf8-8ba4-b32803d7a374">
      <Execution id="6b40c49e-a24e-44ed-a042-d8cd1411fed2" />
      <TestMethod codeBase="C:/Users/SuprDewd/Desktop/Projects/Forritun/SharpBag/SharpBag.Tests01/bin/Release/SharpBag.Tests.DLL" adapterTypeName="Microsoft.VisualStudio.TestTools.TestTypes.Unit.UnitTestAdapter, Microsoft.VisualStudio.QualityTools.Tips.UnitTest.Adapter, Version=10.0.0.0, Culture=neutral, PublicKeyToken=b03f5f7f11d50a3a" className="SharpBag.ExtensionsTest, SharpBag.Tests, Version=0.0.0.0, Culture=neutral, PublicKeyToken=null" name="As21508" />
    </UnitTest>
    <UnitTest name="GetByPercentThrowsContractException674" storage="c:\users\suprdewd\desktop\projects\forritun\sharpbag\sharpbag.tests01\bin\release\sharpbag.tests.dll" id="fd91dd5c-db0b-5fcd-fb9e-a3a345d24392">
      <Execution id="669427c0-2b45-4016-8f10-ee2b141d0334" />
      <TestMethod codeBase="C:/Users/SuprDewd/Desktop/Projects/Forritun/SharpBag/SharpBag.Tests01/bin/Release/SharpBag.Tests.DLL" adapterTypeName="Microsoft.VisualStudio.TestTools.TestTypes.Unit.UnitTestAdapter, Microsoft.VisualStudio.QualityTools.Tips.UnitTest.Adapter, Version=10.0.0.0, Culture=neutral, PublicKeyToken=b03f5f7f11d50a3a" className="SharpBag.ExtensionsTest, SharpBag.Tests, Version=0.0.0.0, Culture=neutral, PublicKeyToken=null" name="GetByPercentThrowsContractException674" />
    </UnitTest>
    <UnitTest name="As0163204" storage="c:\users\suprdewd\desktop\projects\forritun\sharpbag\sharpbag.tests01\bin\release\sharpbag.tests.dll" id="d9b4351c-7a62-1cab-5792-b4bc31c2d3e2">
      <Execution id="20dd2bac-10e2-4d2a-b864-92b846818601" />
      <TestMethod codeBase="C:/Users/SuprDewd/Desktop/Projects/Forritun/SharpBag/SharpBag.Tests01/bin/Release/SharpBag.Tests.DLL" adapterTypeName="Microsoft.VisualStudio.TestTools.TestTypes.Unit.UnitTestAdapter, Microsoft.VisualStudio.QualityTools.Tips.UnitTest.Adapter, Version=10.0.0.0, Culture=neutral, PublicKeyToken=b03f5f7f11d50a3a" className="SharpBag.ExtensionsTest, SharpBag.Tests, Version=0.0.0.0, Culture=neutral, PublicKeyToken=null" name="As0163204" />
    </UnitTest>
    <UnitTest name="As0163207" storage="c:\users\suprdewd\desktop\projects\forritun\sharpbag\sharpbag.tests01\bin\release\sharpbag.tests.dll" id="3a633eaa-632f-f936-1d35-4e407b494884">
      <Execution id="bb2c02df-d1ae-485f-a310-932f1307013c" />
      <TestMethod codeBase="C:/Users/SuprDewd/Desktop/Projects/Forritun/SharpBag/SharpBag.Tests01/bin/Release/SharpBag.Tests.DLL" adapterTypeName="Microsoft.VisualStudio.TestTools.TestTypes.Unit.UnitTestAdapter, Microsoft.VisualStudio.QualityTools.Tips.UnitTest.Adapter, Version=10.0.0.0, Culture=neutral, PublicKeyToken=b03f5f7f11d50a3a" className="SharpBag.ExtensionsTest, SharpBag.Tests, Version=0.0.0.0, Culture=neutral, PublicKeyToken=null" name="As0163207" />
    </UnitTest>
    <UnitTest name="To04ThrowsContractException971" storage="c:\users\suprdewd\desktop\projects\forritun\sharpbag\sharpbag.tests01\bin\release\sharpbag.tests.dll" id="5eb081c6-7954-7661-1c9d-175369539add">
      <Execution id="92c081e6-4632-4686-b584-d78b9d25ddac" />
      <TestMethod codeBase="C:/Users/SuprDewd/Desktop/Projects/Forritun/SharpBag/SharpBag.Tests01/bin/Release/SharpBag.Tests.DLL" adapterTypeName="Microsoft.VisualStudio.TestTools.TestTypes.Unit.UnitTestAdapter, Microsoft.VisualStudio.QualityTools.Tips.UnitTest.Adapter, Version=10.0.0.0, Culture=neutral, PublicKeyToken=b03f5f7f11d50a3a" className="SharpBag.ExtensionsTest, SharpBag.Tests, Version=0.0.0.0, Culture=neutral, PublicKeyToken=null" name="To04ThrowsContractException971" />
    </UnitTest>
    <UnitTest name="As01632" storage="c:\users\suprdewd\desktop\projects\forritun\sharpbag\sharpbag.tests01\bin\release\sharpbag.tests.dll" id="f685a220-cae8-50b0-d543-46e310017a33">
      <Execution id="b053f873-0c18-44f3-9938-30ec0616d990" />
      <TestMethod codeBase="C:/Users/SuprDewd/Desktop/Projects/Forritun/SharpBag/SharpBag.Tests01/bin/Release/SharpBag.Tests.DLL" adapterTypeName="Microsoft.VisualStudio.TestTools.TestTypes.Unit.UnitTestAdapter, Microsoft.VisualStudio.QualityTools.Tips.UnitTest.Adapter, Version=10.0.0.0, Culture=neutral, PublicKeyToken=b03f5f7f11d50a3a" className="SharpBag.ExtensionsTest, SharpBag.Tests, Version=0.0.0.0, Culture=neutral, PublicKeyToken=null" name="As01632" />
    </UnitTest>
    <UnitTest name="GetByPercent562" storage="c:\users\suprdewd\desktop\projects\forritun\sharpbag\sharpbag.tests01\bin\release\sharpbag.tests.dll" id="2e107be2-e3af-1a8b-fb4b-bdb5534db4b8">
      <Execution id="8f24d65f-a461-4784-85a9-873f1714939e" />
      <TestMethod codeBase="C:/Users/SuprDewd/Desktop/Projects/Forritun/SharpBag/SharpBag.Tests01/bin/Release/SharpBag.Tests.DLL" adapterTypeName="Microsoft.VisualStudio.TestTools.TestTypes.Unit.UnitTestAdapter, Microsoft.VisualStudio.QualityTools.Tips.UnitTest.Adapter, Version=10.0.0.0, Culture=neutral, PublicKeyToken=b03f5f7f11d50a3a" className="SharpBag.ExtensionsTest, SharpBag.Tests, Version=0.0.0.0, Culture=neutral, PublicKeyToken=null" name="GetByPercent562" />
    </UnitTest>
    <UnitTest name="As0163203" storage="c:\users\suprdewd\desktop\projects\forritun\sharpbag\sharpbag.tests01\bin\release\sharpbag.tests.dll" id="4796da93-05be-09dc-4928-16eafddcfcc3">
      <Execution id="0e028c21-d761-444a-9490-ca64317a2bf7" />
      <TestMethod codeBase="C:/Users/SuprDewd/Desktop/Projects/Forritun/SharpBag/SharpBag.Tests01/bin/Release/SharpBag.Tests.DLL" adapterTypeName="Microsoft.VisualStudio.TestTools.TestTypes.Unit.UnitTestAdapter, Microsoft.VisualStudio.QualityTools.Tips.UnitTest.Adapter, Version=10.0.0.0, Culture=neutral, PublicKeyToken=b03f5f7f11d50a3a" className="SharpBag.ExtensionsTest, SharpBag.Tests, Version=0.0.0.0, Culture=neutral, PublicKeyToken=null" name="As0163203" />
    </UnitTest>
    <UnitTest name="UnionAll136" storage="c:\users\suprdewd\desktop\projects\forritun\sharpbag\sharpbag.tests01\bin\release\sharpbag.tests.dll" id="a67abeae-f275-21d8-f4a8-e10a60739baa">
      <Execution id="c6076cf3-7896-48cd-8b41-404b39fca9ad" />
      <TestMethod codeBase="C:/Users/SuprDewd/Desktop/Projects/Forritun/SharpBag/SharpBag.Tests01/bin/Release/SharpBag.Tests.DLL" adapterTypeName="Microsoft.VisualStudio.TestTools.TestTypes.Unit.UnitTestAdapter, Microsoft.VisualStudio.QualityTools.Tips.UnitTest.Adapter, Version=10.0.0.0, Culture=neutral, PublicKeyToken=b03f5f7f11d50a3a" className="SharpBag.ExtensionsTest, SharpBag.Tests, Version=0.0.0.0, Culture=neutral, PublicKeyToken=null" name="UnionAll136" />
    </UnitTest>
    <UnitTest name="TimesThrowsContractException121" storage="c:\users\suprdewd\desktop\projects\forritun\sharpbag\sharpbag.tests01\bin\release\sharpbag.tests.dll" id="9f469160-5fe3-b1e7-0220-66c2cc9d5d2b">
      <Execution id="61f15b72-5044-4ead-bc24-d6c150b131c0" />
      <TestMethod codeBase="C:/Users/SuprDewd/Desktop/Projects/Forritun/SharpBag/SharpBag.Tests01/bin/Release/SharpBag.Tests.DLL" adapterTypeName="Microsoft.VisualStudio.TestTools.TestTypes.Unit.UnitTestAdapter, Microsoft.VisualStudio.QualityTools.Tips.UnitTest.Adapter, Version=10.0.0.0, Culture=neutral, PublicKeyToken=b03f5f7f11d50a3a" className="SharpBag.ExtensionsTest, SharpBag.Tests, Version=0.0.0.0, Culture=neutral, PublicKeyToken=null" name="TimesThrowsContractException121" />
    </UnitTest>
    <UnitTest name="AsEnumerable01ThrowsContractException386" storage="c:\users\suprdewd\desktop\projects\forritun\sharpbag\sharpbag.tests01\bin\release\sharpbag.tests.dll" id="49ea2b91-d141-354e-2335-26f531007df0">
      <Execution id="362989f0-ff29-474d-8a43-689eb32d0bac" />
      <TestMethod codeBase="C:/Users/SuprDewd/Desktop/Projects/Forritun/SharpBag/SharpBag.Tests01/bin/Release/SharpBag.Tests.DLL" adapterTypeName="Microsoft.VisualStudio.TestTools.TestTypes.Unit.UnitTestAdapter, Microsoft.VisualStudio.QualityTools.Tips.UnitTest.Adapter, Version=10.0.0.0, Culture=neutral, PublicKeyToken=b03f5f7f11d50a3a" className="SharpBag.ExtensionsTest, SharpBag.Tests, Version=0.0.0.0, Culture=neutral, PublicKeyToken=null" name="AsEnumerable01ThrowsContractException386" />
    </UnitTest>
    <UnitTest name="RangeThrowsContractException402" storage="c:\users\suprdewd\desktop\projects\forritun\sharpbag\sharpbag.tests01\bin\release\sharpbag.tests.dll" id="6c295435-dd19-448d-1c55-866f7f6136a5">
      <Execution id="d4d10106-61eb-4216-82b7-d9316d660d0c" />
      <TestMethod codeBase="C:/Users/SuprDewd/Desktop/Projects/Forritun/SharpBag/SharpBag.Tests01/bin/Release/SharpBag.Tests.DLL" adapterTypeName="Microsoft.VisualStudio.TestTools.TestTypes.Unit.UnitTestAdapter, Microsoft.VisualStudio.QualityTools.Tips.UnitTest.Adapter, Version=10.0.0.0, Culture=neutral, PublicKeyToken=b03f5f7f11d50a3a" className="SharpBag.ExtensionsTest, SharpBag.Tests, Version=0.0.0.0, Culture=neutral, PublicKeyToken=null" name="RangeThrowsContractException402" />
    </UnitTest>
    <UnitTest name="As21501" storage="c:\users\suprdewd\desktop\projects\forritun\sharpbag\sharpbag.tests01\bin\release\sharpbag.tests.dll" id="ea12baf4-c62d-b0ca-b8ec-0dd742c09890">
      <Execution id="7a33490a-6f55-47f3-a8b2-8389829f1a5e" />
      <TestMethod codeBase="C:/Users/SuprDewd/Desktop/Projects/Forritun/SharpBag/SharpBag.Tests01/bin/Release/SharpBag.Tests.DLL" adapterTypeName="Microsoft.VisualStudio.TestTools.TestTypes.Unit.UnitTestAdapter, Microsoft.VisualStudio.QualityTools.Tips.UnitTest.Adapter, Version=10.0.0.0, Culture=neutral, PublicKeyToken=b03f5f7f11d50a3a" className="SharpBag.ExtensionsTest, SharpBag.Tests, Version=0.0.0.0, Culture=neutral, PublicKeyToken=null" name="As21501" />
    </UnitTest>
    <UnitTest name="As01321" storage="c:\users\suprdewd\desktop\projects\forritun\sharpbag\sharpbag.tests01\bin\release\sharpbag.tests.dll" id="ec491029-dab5-3481-ec80-f35631103905">
      <Execution id="41aa1996-fa91-4930-a06f-65dc5b2cd83f" />
      <TestMethod codeBase="C:/Users/SuprDewd/Desktop/Projects/Forritun/SharpBag/SharpBag.Tests01/bin/Release/SharpBag.Tests.DLL" adapterTypeName="Microsoft.VisualStudio.TestTools.TestTypes.Unit.UnitTestAdapter, Microsoft.VisualStudio.QualityTools.Tips.UnitTest.Adapter, Version=10.0.0.0, Culture=neutral, PublicKeyToken=b03f5f7f11d50a3a" className="SharpBag.ExtensionsTest, SharpBag.Tests, Version=0.0.0.0, Culture=neutral, PublicKeyToken=null" name="As01321" />
    </UnitTest>
    <UnitTest name="IsIn01570" storage="c:\users\suprdewd\desktop\projects\forritun\sharpbag\sharpbag.tests01\bin\release\sharpbag.tests.dll" id="cdf50321-c0eb-ddc4-0179-2919c2028903">
      <Execution id="07e6999b-560a-476e-b944-b298848c5402" />
      <TestMethod codeBase="C:/Users/SuprDewd/Desktop/Projects/Forritun/SharpBag/SharpBag.Tests01/bin/Release/SharpBag.Tests.DLL" adapterTypeName="Microsoft.VisualStudio.TestTools.TestTypes.Unit.UnitTestAdapter, Microsoft.VisualStudio.QualityTools.Tips.UnitTest.Adapter, Version=10.0.0.0, Culture=neutral, PublicKeyToken=b03f5f7f11d50a3a" className="SharpBag.ExtensionsTest, SharpBag.Tests, Version=0.0.0.0, Culture=neutral, PublicKeyToken=null" name="IsIn01570" />
    </UnitTest>
    <UnitTest name="As170" storage="c:\users\suprdewd\desktop\projects\forritun\sharpbag\sharpbag.tests01\bin\release\sharpbag.tests.dll" id="0e645c38-e73b-967d-e94f-74a8d38a05b3">
      <Execution id="458825ea-9f31-40de-be03-c4904cf8b392" />
      <TestMethod codeBase="C:/Users/SuprDewd/Desktop/Projects/Forritun/SharpBag/SharpBag.Tests01/bin/Release/SharpBag.Tests.DLL" adapterTypeName="Microsoft.VisualStudio.TestTools.TestTypes.Unit.UnitTestAdapter, Microsoft.VisualStudio.QualityTools.Tips.UnitTest.Adapter, Version=10.0.0.0, Culture=neutral, PublicKeyToken=b03f5f7f11d50a3a" className="SharpBag.ExtensionsTest, SharpBag.Tests, Version=0.0.0.0, Culture=neutral, PublicKeyToken=null" name="As170" />
    </UnitTest>
    <UnitTest name="To03ThrowsContractException633" storage="c:\users\suprdewd\desktop\projects\forritun\sharpbag\sharpbag.tests01\bin\release\sharpbag.tests.dll" id="16a72305-d6bc-60a8-f8d6-a048d1322b13">
      <Execution id="118fbca2-0f27-4eef-baaa-4ebdd42871ba" />
      <TestMethod codeBase="C:/Users/SuprDewd/Desktop/Projects/Forritun/SharpBag/SharpBag.Tests01/bin/Release/SharpBag.Tests.DLL" adapterTypeName="Microsoft.VisualStudio.TestTools.TestTypes.Unit.UnitTestAdapter, Microsoft.VisualStudio.QualityTools.Tips.UnitTest.Adapter, Version=10.0.0.0, Culture=neutral, PublicKeyToken=b03f5f7f11d50a3a" className="SharpBag.ExtensionsTest, SharpBag.Tests, Version=0.0.0.0, Culture=neutral, PublicKeyToken=null" name="To03ThrowsContractException633" />
    </UnitTest>
    <UnitTest name="TakeEveryThrowsContractException368" storage="c:\users\suprdewd\desktop\projects\forritun\sharpbag\sharpbag.tests01\bin\release\sharpbag.tests.dll" id="2ff38794-ad92-1998-3c20-e3ee775a8969">
      <Execution id="9dddb7e9-63a7-4b8d-964b-7caaab49b987" />
      <TestMethod codeBase="C:/Users/SuprDewd/Desktop/Projects/Forritun/SharpBag/SharpBag.Tests01/bin/Release/SharpBag.Tests.DLL" adapterTypeName="Microsoft.VisualStudio.TestTools.TestTypes.Unit.UnitTestAdapter, Microsoft.VisualStudio.QualityTools.Tips.UnitTest.Adapter, Version=10.0.0.0, Culture=neutral, PublicKeyToken=b03f5f7f11d50a3a" className="SharpBag.ExtensionsTest, SharpBag.Tests, Version=0.0.0.0, Culture=neutral, PublicKeyToken=null" name="TakeEveryThrowsContractException368" />
    </UnitTest>
    <UnitTest name="To04598" storage="c:\users\suprdewd\desktop\projects\forritun\sharpbag\sharpbag.tests01\bin\release\sharpbag.tests.dll" id="33f07926-487a-5d2a-2e1a-64b2ae7d1065">
      <Execution id="da6e04ff-53e0-42ae-b3d2-faac0c9572ff" />
      <TestMethod codeBase="C:/Users/SuprDewd/Desktop/Projects/Forritun/SharpBag/SharpBag.Tests01/bin/Release/SharpBag.Tests.DLL" adapterTypeName="Microsoft.VisualStudio.TestTools.TestTypes.Unit.UnitTestAdapter, Microsoft.VisualStudio.QualityTools.Tips.UnitTest.Adapter, Version=10.0.0.0, Culture=neutral, PublicKeyToken=b03f5f7f11d50a3a" className="SharpBag.ExtensionsTest, SharpBag.Tests, Version=0.0.0.0, Culture=neutral, PublicKeyToken=null" name="To04598" />
    </UnitTest>
    <UnitTest name="AsEnumerable01283" storage="c:\users\suprdewd\desktop\projects\forritun\sharpbag\sharpbag.tests01\bin\release\sharpbag.tests.dll" id="f20d04ec-6bdf-2adb-3ea0-dea4791f58d1">
      <Execution id="64382c97-301a-47d4-8833-3caac64c7e05" />
      <TestMethod codeBase="C:/Users/SuprDewd/Desktop/Projects/Forritun/SharpBag/SharpBag.Tests01/bin/Release/SharpBag.Tests.DLL" adapterTypeName="Microsoft.VisualStudio.TestTools.TestTypes.Unit.UnitTestAdapter, Microsoft.VisualStudio.QualityTools.Tips.UnitTest.Adapter, Version=10.0.0.0, Culture=neutral, PublicKeyToken=b03f5f7f11d50a3a" className="SharpBag.ExtensionsTest, SharpBag.Tests, Version=0.0.0.0, Culture=neutral, PublicKeyToken=null" name="AsEnumerable01283" />
    </UnitTest>
    <UnitTest name="As01367" storage="c:\users\suprdewd\desktop\projects\forritun\sharpbag\sharpbag.tests01\bin\release\sharpbag.tests.dll" id="3e37c17d-90fa-e89c-9aa5-d591fc3b0dec">
      <Execution id="4d08af0c-82ee-4585-a050-fa4c4ce962bc" />
      <TestMethod codeBase="C:/Users/SuprDewd/Desktop/Projects/Forritun/SharpBag/SharpBag.Tests01/bin/Release/SharpBag.Tests.DLL" adapterTypeName="Microsoft.VisualStudio.TestTools.TestTypes.Unit.UnitTestAdapter, Microsoft.VisualStudio.QualityTools.Tips.UnitTest.Adapter, Version=10.0.0.0, Culture=neutral, PublicKeyToken=b03f5f7f11d50a3a" className="SharpBag.ExtensionsTest, SharpBag.Tests, Version=0.0.0.0, Culture=neutral, PublicKeyToken=null" name="As01367" />
    </UnitTest>
    <UnitTest name="If921" storage="c:\users\suprdewd\desktop\projects\forritun\sharpbag\sharpbag.tests01\bin\release\sharpbag.tests.dll" id="0860ee19-0524-5919-2b3c-8316527f7933">
      <Execution id="7851327e-de90-4706-918f-f7d68a45d37d" />
      <TestMethod codeBase="C:/Users/SuprDewd/Desktop/Projects/Forritun/SharpBag/SharpBag.Tests01/bin/Release/SharpBag.Tests.DLL" adapterTypeName="Microsoft.VisualStudio.TestTools.TestTypes.Unit.UnitTestAdapter, Microsoft.VisualStudio.QualityTools.Tips.UnitTest.Adapter, Version=10.0.0.0, Culture=neutral, PublicKeyToken=b03f5f7f11d50a3a" className="SharpBag.ExtensionsTest, SharpBag.Tests, Version=0.0.0.0, Culture=neutral, PublicKeyToken=null" name="If921" />
    </UnitTest>
    <UnitTest name="Execute424" storage="c:\users\suprdewd\desktop\projects\forritun\sharpbag\sharpbag.tests01\bin\release\sharpbag.tests.dll" id="c3a5f774-5c25-7fa7-593c-10a98b5db768">
      <Execution id="736cf65c-7bd5-457f-b7bb-9722e0abaf99" />
      <TestMethod codeBase="C:/Users/SuprDewd/Desktop/Projects/Forritun/SharpBag/SharpBag.Tests01/bin/Release/SharpBag.Tests.DLL" adapterTypeName="Microsoft.VisualStudio.TestTools.TestTypes.Unit.UnitTestAdapter, Microsoft.VisualStudio.QualityTools.Tips.UnitTest.Adapter, Version=10.0.0.0, Culture=neutral, PublicKeyToken=b03f5f7f11d50a3a" className="SharpBag.ExtensionsTest, SharpBag.Tests, Version=0.0.0.0, Culture=neutral, PublicKeyToken=null" name="Execute424" />
    </UnitTest>
    <UnitTest name="ShuffleThrowsContractException923" storage="c:\users\suprdewd\desktop\projects\forritun\sharpbag\sharpbag.tests01\bin\release\sharpbag.tests.dll" id="b9cd1d41-7588-b69e-afc2-13e873777605">
      <Execution id="90e06b31-0fd5-4790-8b87-f00da760383b" />
      <TestMethod codeBase="C:/Users/SuprDewd/Desktop/Projects/Forritun/SharpBag/SharpBag.Tests01/bin/Release/SharpBag.Tests.DLL" adapterTypeName="Microsoft.VisualStudio.TestTools.TestTypes.Unit.UnitTestAdapter, Microsoft.VisualStudio.QualityTools.Tips.UnitTest.Adapter, Version=10.0.0.0, Culture=neutral, PublicKeyToken=b03f5f7f11d50a3a" className="SharpBag.ExtensionsTest, SharpBag.Tests, Version=0.0.0.0, Culture=neutral, PublicKeyToken=null" name="ShuffleThrowsContractException923" />
    </UnitTest>
    <UnitTest name="IsIn0134" storage="c:\users\suprdewd\desktop\projects\forritun\sharpbag\sharpbag.tests01\bin\release\sharpbag.tests.dll" id="20789601-3bb2-517f-9c07-8755507d968d">
      <Execution id="6f2ccb23-1227-44b0-8caf-b067491a5ce3" />
      <TestMethod codeBase="C:/Users/SuprDewd/Desktop/Projects/Forritun/SharpBag/SharpBag.Tests01/bin/Release/SharpBag.Tests.DLL" adapterTypeName="Microsoft.VisualStudio.TestTools.TestTypes.Unit.UnitTestAdapter, Microsoft.VisualStudio.QualityTools.Tips.UnitTest.Adapter, Version=10.0.0.0, Culture=neutral, PublicKeyToken=b03f5f7f11d50a3a" className="SharpBag.ExtensionsTest, SharpBag.Tests, Version=0.0.0.0, Culture=neutral, PublicKeyToken=null" name="IsIn0134" />
    </UnitTest>
    <UnitTest name="As21504" storage="c:\users\suprdewd\desktop\projects\forritun\sharpbag\sharpbag.tests01\bin\release\sharpbag.tests.dll" id="b99ec452-b626-078c-5efb-2041d6f255c4">
      <Execution id="d2d8786d-8cb4-4237-81c6-4c0d6d2e16ea" />
      <TestMethod codeBase="C:/Users/SuprDewd/Desktop/Projects/Forritun/SharpBag/SharpBag.Tests01/bin/Release/SharpBag.Tests.DLL" adapterTypeName="Microsoft.VisualStudio.TestTools.TestTypes.Unit.UnitTestAdapter, Microsoft.VisualStudio.QualityTools.Tips.UnitTest.Adapter, Version=10.0.0.0, Culture=neutral, PublicKeyToken=b03f5f7f11d50a3a" className="SharpBag.ExtensionsTest, SharpBag.Tests, Version=0.0.0.0, Culture=neutral, PublicKeyToken=null" name="As21504" />
    </UnitTest>
    <UnitTest name="Fill01105" storage="c:\users\suprdewd\desktop\projects\forritun\sharpbag\sharpbag.tests01\bin\release\sharpbag.tests.dll" id="d1244455-073f-9dfb-7627-1dfedd276854">
      <Execution id="83fb21a8-23c7-47c7-b3a2-74292a7b2a98" />
      <TestMethod codeBase="C:/Users/SuprDewd/Desktop/Projects/Forritun/SharpBag/SharpBag.Tests01/bin/Release/SharpBag.Tests.DLL" adapterTypeName="Microsoft.VisualStudio.TestTools.TestTypes.Unit.UnitTestAdapter, Microsoft.VisualStudio.QualityTools.Tips.UnitTest.Adapter, Version=10.0.0.0, Culture=neutral, PublicKeyToken=b03f5f7f11d50a3a" className="SharpBag.ExtensionsTest, SharpBag.Tests, Version=0.0.0.0, Culture=neutral, PublicKeyToken=null" name="Fill01105" />
    </UnitTest>
    <UnitTest name="UnionAll02ThrowsContractException903" storage="c:\users\suprdewd\desktop\projects\forritun\sharpbag\sharpbag.tests01\bin\release\sharpbag.tests.dll" id="49b4e1b0-9a60-f1f3-7d8e-e1f63ecc7d50">
      <Execution id="54c9a8cd-cee9-4f5d-9eaa-eda6b6274bd3" />
      <TestMethod codeBase="C:/Users/SuprDewd/Desktop/Projects/Forritun/SharpBag/SharpBag.Tests01/bin/Release/SharpBag.Tests.DLL" adapterTypeName="Microsoft.VisualStudio.TestTools.TestTypes.Unit.UnitTestAdapter, Microsoft.VisualStudio.QualityTools.Tips.UnitTest.Adapter, Version=10.0.0.0, Culture=neutral, PublicKeyToken=b03f5f7f11d50a3a" className="SharpBag.ExtensionsTest, SharpBag.Tests, Version=0.0.0.0, Culture=neutral, PublicKeyToken=null" name="UnionAll02ThrowsContractException903" />
    </UnitTest>
    <UnitTest name="UnionAllThrowsContractException888" storage="c:\users\suprdewd\desktop\projects\forritun\sharpbag\sharpbag.tests01\bin\release\sharpbag.tests.dll" id="2fd85783-fc83-f96f-d9bf-a6bcc5a252f1">
      <Execution id="ee44f347-0d92-4b21-a2ac-c63d857724f8" />
      <TestMethod codeBase="C:/Users/SuprDewd/Desktop/Projects/Forritun/SharpBag/SharpBag.Tests01/bin/Release/SharpBag.Tests.DLL" adapterTypeName="Microsoft.VisualStudio.TestTools.TestTypes.Unit.UnitTestAdapter, Microsoft.VisualStudio.QualityTools.Tips.UnitTest.Adapter, Version=10.0.0.0, Culture=neutral, PublicKeyToken=b03f5f7f11d50a3a" className="SharpBag.ExtensionsTest, SharpBag.Tests, Version=0.0.0.0, Culture=neutral, PublicKeyToken=null" name="UnionAllThrowsContractException888" />
    </UnitTest>
    <UnitTest name="IfNotNull173" storage="c:\users\suprdewd\desktop\projects\forritun\sharpbag\sharpbag.tests01\bin\release\sharpbag.tests.dll" id="7f627b84-c634-6195-b636-ad9c00404c56">
      <Execution id="af436e86-081e-4991-a522-006208216889" />
      <TestMethod codeBase="C:/Users/SuprDewd/Desktop/Projects/Forritun/SharpBag/SharpBag.Tests01/bin/Release/SharpBag.Tests.DLL" adapterTypeName="Microsoft.VisualStudio.TestTools.TestTypes.Unit.UnitTestAdapter, Microsoft.VisualStudio.QualityTools.Tips.UnitTest.Adapter, Version=10.0.0.0, Culture=neutral, PublicKeyToken=b03f5f7f11d50a3a" className="SharpBag.ExtensionsTest, SharpBag.Tests, Version=0.0.0.0, Culture=neutral, PublicKeyToken=null" name="IfNotNull173" />
    </UnitTest>
    <UnitTest name="AsEnumerable02ThrowsContractException556" storage="c:\users\suprdewd\desktop\projects\forritun\sharpbag\sharpbag.tests01\bin\release\sharpbag.tests.dll" id="c717e1ca-5114-3368-100e-511f1e910ebb">
      <Execution id="eb2fb0b0-c2ae-49a8-b52c-7d3a9847a3b1" />
      <TestMethod codeBase="C:/Users/SuprDewd/Desktop/Projects/Forritun/SharpBag/SharpBag.Tests01/bin/Release/SharpBag.Tests.DLL" adapterTypeName="Microsoft.VisualStudio.TestTools.TestTypes.Unit.UnitTestAdapter, Microsoft.VisualStudio.QualityTools.Tips.UnitTest.Adapter, Version=10.0.0.0, Culture=neutral, PublicKeyToken=b03f5f7f11d50a3a" className="SharpBag.ExtensionsTest, SharpBag.Tests, Version=0.0.0.0, Culture=neutral, PublicKeyToken=null" name="AsEnumerable02ThrowsContractException556" />
    </UnitTest>
    <UnitTest name="To203" storage="c:\users\suprdewd\desktop\projects\forritun\sharpbag\sharpbag.tests01\bin\release\sharpbag.tests.dll" id="2f442340-39d2-2141-feae-caa93af13693">
      <Execution id="b3d5a075-5600-47e4-bda0-ffe1e880f9b4" />
      <TestMethod codeBase="C:/Users/SuprDewd/Desktop/Projects/Forritun/SharpBag/SharpBag.Tests01/bin/Release/SharpBag.Tests.DLL" adapterTypeName="Microsoft.VisualStudio.TestTools.TestTypes.Unit.UnitTestAdapter, Microsoft.VisualStudio.QualityTools.Tips.UnitTest.Adapter, Version=10.0.0.0, Culture=neutral, PublicKeyToken=b03f5f7f11d50a3a" className="SharpBag.ExtensionsTest, SharpBag.Tests, Version=0.0.0.0, Culture=neutral, PublicKeyToken=null" name="To203" />
    </UnitTest>
    <UnitTest name="Add609" storage="c:\users\suprdewd\desktop\projects\forritun\sharpbag\sharpbag.tests01\bin\release\sharpbag.tests.dll" id="7068f11c-cf82-d38d-0f16-16dd9f7c090f">
      <Execution id="80f1ef6b-228c-4913-92e3-cb353c3ccb70" />
      <TestMethod codeBase="C:/Users/SuprDewd/Desktop/Projects/Forritun/SharpBag/SharpBag.Tests01/bin/Release/SharpBag.Tests.DLL" adapterTypeName="Microsoft.VisualStudio.TestTools.TestTypes.Unit.UnitTestAdapter, Microsoft.VisualStudio.QualityTools.Tips.UnitTest.Adapter, Version=10.0.0.0, Culture=neutral, PublicKeyToken=b03f5f7f11d50a3a" className="SharpBag.ExtensionsTest, SharpBag.Tests, Version=0.0.0.0, Culture=neutral, PublicKeyToken=null" name="Add609" />
    </UnitTest>
    <UnitTest name="ForEach788" storage="c:\users\suprdewd\desktop\projects\forritun\sharpbag\sharpbag.tests01\bin\release\sharpbag.tests.dll" id="81c4858e-2ab2-b121-25c5-9c96ee04a442">
      <Execution id="286fd2b6-bca6-4626-bcc8-b0a024c02e1b" />
      <TestMethod codeBase="C:/Users/SuprDewd/Desktop/Projects/Forritun/SharpBag/SharpBag.Tests01/bin/Release/SharpBag.Tests.DLL" adapterTypeName="Microsoft.VisualStudio.TestTools.TestTypes.Unit.UnitTestAdapter, Microsoft.VisualStudio.QualityTools.Tips.UnitTest.Adapter, Version=10.0.0.0, Culture=neutral, PublicKeyToken=b03f5f7f11d50a3a" className="SharpBag.ExtensionsTest, SharpBag.Tests, Version=0.0.0.0, Culture=neutral, PublicKeyToken=null" name="ForEach788" />
    </UnitTest>
    <UnitTest name="As568" storage="c:\users\suprdewd\desktop\projects\forritun\sharpbag\sharpbag.tests01\bin\release\sharpbag.tests.dll" id="8dec4c0d-9137-8bca-e823-6edddad67b2a">
      <Execution id="8a8e58dd-f737-4b1d-bf59-f53bebac569e" />
      <TestMethod codeBase="C:/Users/SuprDewd/Desktop/Projects/Forritun/SharpBag/SharpBag.Tests01/bin/Release/SharpBag.Tests.DLL" adapterTypeName="Microsoft.VisualStudio.TestTools.TestTypes.Unit.UnitTestAdapter, Microsoft.VisualStudio.QualityTools.Tips.UnitTest.Adapter, Version=10.0.0.0, Culture=neutral, PublicKeyToken=b03f5f7f11d50a3a" className="SharpBag.ExtensionsTest, SharpBag.Tests, Version=0.0.0.0, Culture=neutral, PublicKeyToken=null" name="As568" />
    </UnitTest>
    <UnitTest name="CastAs434" storage="c:\users\suprdewd\desktop\projects\forritun\sharpbag\sharpbag.tests01\bin\release\sharpbag.tests.dll" id="17cbf434-78e7-42a5-6758-242cc94ac703">
      <Execution id="8c968460-20ff-4275-8a38-3052e1205d89" />
      <TestMethod codeBase="C:/Users/SuprDewd/Desktop/Projects/Forritun/SharpBag/SharpBag.Tests01/bin/Release/SharpBag.Tests.DLL" adapterTypeName="Microsoft.VisualStudio.TestTools.TestTypes.Unit.UnitTestAdapter, Microsoft.VisualStudio.QualityTools.Tips.UnitTest.Adapter, Version=10.0.0.0, Culture=neutral, PublicKeyToken=b03f5f7f11d50a3a" className="SharpBag.ExtensionsTest, SharpBag.Tests, Version=0.0.0.0, Culture=neutral, PublicKeyToken=null" name="CastAs434" />
    </UnitTest>
    <UnitTest name="WithThrowsContractException186" storage="c:\users\suprdewd\desktop\projects\forritun\sharpbag\sharpbag.tests01\bin\release\sharpbag.tests.dll" id="4abb984b-7c31-de55-0099-63a2ac65b83e">
      <Execution id="70cb6c1c-f7f5-4943-ab14-b702e6ae26bc" />
      <TestMethod codeBase="C:/Users/SuprDewd/Desktop/Projects/Forritun/SharpBag/SharpBag.Tests01/bin/Release/SharpBag.Tests.DLL" adapterTypeName="Microsoft.VisualStudio.TestTools.TestTypes.Unit.UnitTestAdapter, Microsoft.VisualStudio.QualityTools.Tips.UnitTest.Adapter, Version=10.0.0.0, Culture=neutral, PublicKeyToken=b03f5f7f11d50a3a" className="SharpBag.ExtensionsTest, SharpBag.Tests, Version=0.0.0.0, Culture=neutral, PublicKeyToken=null" name="WithThrowsContractException186" />
    </UnitTest>
    <UnitTest name="As928" storage="c:\users\suprdewd\desktop\projects\forritun\sharpbag\sharpbag.tests01\bin\release\sharpbag.tests.dll" id="d97a225a-e31a-2138-2fae-7b4109b25275">
      <Execution id="0e18720a-f9d8-4510-84d4-55dcd1668c44" />
      <TestMethod codeBase="C:/Users/SuprDewd/Desktop/Projects/Forritun/SharpBag/SharpBag.Tests01/bin/Release/SharpBag.Tests.DLL" adapterTypeName="Microsoft.VisualStudio.TestTools.TestTypes.Unit.UnitTestAdapter, Microsoft.VisualStudio.QualityTools.Tips.UnitTest.Adapter, Version=10.0.0.0, Culture=neutral, PublicKeyToken=b03f5f7f11d50a3a" className="SharpBag.ExtensionsTest, SharpBag.Tests, Version=0.0.0.0, Culture=neutral, PublicKeyToken=null" name="As928" />
    </UnitTest>
    <UnitTest name="TakeEveryThrowsContractException998" storage="c:\users\suprdewd\desktop\projects\forritun\sharpbag\sharpbag.tests01\bin\release\sharpbag.tests.dll" id="c35eb805-49e5-7d06-b69d-ba684aaa6791">
      <Execution id="b516954f-ab2e-42d0-9177-062f4d6ed334" />
      <TestMethod codeBase="C:/Users/SuprDewd/Desktop/Projects/Forritun/SharpBag/SharpBag.Tests01/bin/Release/SharpBag.Tests.DLL" adapterTypeName="Microsoft.VisualStudio.TestTools.TestTypes.Unit.UnitTestAdapter, Microsoft.VisualStudio.QualityTools.Tips.UnitTest.Adapter, Version=10.0.0.0, Culture=neutral, PublicKeyToken=b03f5f7f11d50a3a" className="SharpBag.ExtensionsTest, SharpBag.Tests, Version=0.0.0.0, Culture=neutral, PublicKeyToken=null" name="TakeEveryThrowsContractException998" />
    </UnitTest>
    <UnitTest name="Random01ThrowsContractException900" storage="c:\users\suprdewd\desktop\projects\forritun\sharpbag\sharpbag.tests01\bin\release\sharpbag.tests.dll" id="0a0076ce-bff6-0afe-3199-97711aba5896">
      <Execution id="9a21afd9-0914-45e7-8ab9-efa1fa293786" />
      <TestMethod codeBase="C:/Users/SuprDewd/Desktop/Projects/Forritun/SharpBag/SharpBag.Tests01/bin/Release/SharpBag.Tests.DLL" adapterTypeName="Microsoft.VisualStudio.TestTools.TestTypes.Unit.UnitTestAdapter, Microsoft.VisualStudio.QualityTools.Tips.UnitTest.Adapter, Version=10.0.0.0, Culture=neutral, PublicKeyToken=b03f5f7f11d50a3a" className="SharpBag.ExtensionsTest, SharpBag.Tests, Version=0.0.0.0, Culture=neutral, PublicKeyToken=null" name="Random01ThrowsContractException900" />
    </UnitTest>
    <UnitTest name="RandomThrowsContractException503" storage="c:\users\suprdewd\desktop\projects\forritun\sharpbag\sharpbag.tests01\bin\release\sharpbag.tests.dll" id="cda388d5-457a-465e-ba14-ce9de40a3bb3">
      <Execution id="b7cd6241-e098-44ef-8dfe-ad358dd4e97d" />
      <TestMethod codeBase="C:/Users/SuprDewd/Desktop/Projects/Forritun/SharpBag/SharpBag.Tests01/bin/Release/SharpBag.Tests.DLL" adapterTypeName="Microsoft.VisualStudio.TestTools.TestTypes.Unit.UnitTestAdapter, Microsoft.VisualStudio.QualityTools.Tips.UnitTest.Adapter, Version=10.0.0.0, Culture=neutral, PublicKeyToken=b03f5f7f11d50a3a" className="SharpBag.ExtensionsTest, SharpBag.Tests, Version=0.0.0.0, Culture=neutral, PublicKeyToken=null" name="RandomThrowsContractException503" />
    </UnitTest>
    <UnitTest name="UnionAll02339" storage="c:\users\suprdewd\desktop\projects\forritun\sharpbag\sharpbag.tests01\bin\release\sharpbag.tests.dll" id="68fbef60-27f3-cd83-2f44-63ae34afe9d9">
      <Execution id="6d5f0f08-ba41-4c06-86d8-6a8543c7ea12" />
      <TestMethod codeBase="C:/Users/SuprDewd/Desktop/Projects/Forritun/SharpBag/SharpBag.Tests01/bin/Release/SharpBag.Tests.DLL" adapterTypeName="Microsoft.VisualStudio.TestTools.TestTypes.Unit.UnitTestAdapter, Microsoft.VisualStudio.QualityTools.Tips.UnitTest.Adapter, Version=10.0.0.0, Culture=neutral, PublicKeyToken=b03f5f7f11d50a3a" className="SharpBag.ExtensionsTest, SharpBag.Tests, Version=0.0.0.0, Culture=neutral, PublicKeyToken=null" name="UnionAll02339" />
    </UnitTest>
    <UnitTest name="Execute933" storage="c:\users\suprdewd\desktop\projects\forritun\sharpbag\sharpbag.tests01\bin\release\sharpbag.tests.dll" id="99e69473-c3b8-a5a3-ffae-e281487c9f70">
      <Execution id="468d84c9-9a5b-4468-91fc-300e2f58baef" />
      <TestMethod codeBase="C:/Users/SuprDewd/Desktop/Projects/Forritun/SharpBag/SharpBag.Tests01/bin/Release/SharpBag.Tests.DLL" adapterTypeName="Microsoft.VisualStudio.TestTools.TestTypes.Unit.UnitTestAdapter, Microsoft.VisualStudio.QualityTools.Tips.UnitTest.Adapter, Version=10.0.0.0, Culture=neutral, PublicKeyToken=b03f5f7f11d50a3a" className="SharpBag.ExtensionsTest, SharpBag.Tests, Version=0.0.0.0, Culture=neutral, PublicKeyToken=null" name="Execute933" />
    </UnitTest>
    <UnitTest name="EmptyIfNull574" storage="c:\users\suprdewd\desktop\projects\forritun\sharpbag\sharpbag.tests01\bin\release\sharpbag.tests.dll" id="d982986f-d5cc-bb8f-d6d8-e2a54e2f4dd0">
      <Execution id="a6310155-4187-4705-bd0a-2d28990d6434" />
      <TestMethod codeBase="C:/Users/SuprDewd/Desktop/Projects/Forritun/SharpBag/SharpBag.Tests01/bin/Release/SharpBag.Tests.DLL" adapterTypeName="Microsoft.VisualStudio.TestTools.TestTypes.Unit.UnitTestAdapter, Microsoft.VisualStudio.QualityTools.Tips.UnitTest.Adapter, Version=10.0.0.0, Culture=neutral, PublicKeyToken=b03f5f7f11d50a3a" className="SharpBag.ExtensionsTest, SharpBag.Tests, Version=0.0.0.0, Culture=neutral, PublicKeyToken=null" name="EmptyIfNull574" />
    </UnitTest>
  </TestDefinitions>
  <TestLists>
    <TestList name="Results Not in a List" id="8c84fa94-04c1-424b-9868-57a2d4851a1d" />
    <TestList name="All Loaded Results" id="19431567-8539-422a-85d7-44ee4e166bda" />
  </TestLists>
  <TestEntries>
    <TestEntry testId="029a1154-08ed-ad21-3797-6c8eecfafc7c" executionId="36cdb7eb-bce1-412d-94c2-ac11ede27ec1" testListId="8c84fa94-04c1-424b-9868-57a2d4851a1d" />
    <TestEntry testId="04c53adc-df51-85a8-3dcb-278e962fc112" executionId="fc4125b2-7c2e-470d-8117-0a73aa4cfea1" testListId="8c84fa94-04c1-424b-9868-57a2d4851a1d" />
    <TestEntry testId="0860ee19-0524-5919-2b3c-8316527f7933" executionId="7851327e-de90-4706-918f-f7d68a45d37d" testListId="8c84fa94-04c1-424b-9868-57a2d4851a1d" />
    <TestEntry testId="099b6629-b323-a9b6-3641-ebce58ee0f7c" executionId="11fc2c51-5f95-4fd0-9dc2-85b289649e51" testListId="8c84fa94-04c1-424b-9868-57a2d4851a1d" />
    <TestEntry testId="0a0076ce-bff6-0afe-3199-97711aba5896" executionId="9a21afd9-0914-45e7-8ab9-efa1fa293786" testListId="8c84fa94-04c1-424b-9868-57a2d4851a1d" />
    <TestEntry testId="0b08a90e-9c88-bf3f-a353-f732342a57da" executionId="1305c657-e95f-4039-a776-0ba48c69fea1" testListId="8c84fa94-04c1-424b-9868-57a2d4851a1d" />
    <TestEntry testId="0b8785c2-8bd4-a826-60eb-f295a2d7fcb3" executionId="8eb5ef8e-be96-49c8-aa8d-9bc659fa4290" testListId="8c84fa94-04c1-424b-9868-57a2d4851a1d" />
    <TestEntry testId="0e645c38-e73b-967d-e94f-74a8d38a05b3" executionId="458825ea-9f31-40de-be03-c4904cf8b392" testListId="8c84fa94-04c1-424b-9868-57a2d4851a1d" />
    <TestEntry testId="1199c9cc-d8e3-0309-8136-cef199801af6" executionId="6d6a2748-a244-4225-a3ee-80dbc20849ab" testListId="8c84fa94-04c1-424b-9868-57a2d4851a1d" />
    <TestEntry testId="1216a6b0-8489-bf99-b25f-4311a613bf89" executionId="e8dfe6eb-644d-48af-9d90-943be7a34ee5" testListId="8c84fa94-04c1-424b-9868-57a2d4851a1d" />
    <TestEntry testId="135a3025-77e5-46ab-cdc0-1fc37de1ad5c" executionId="082f9b1d-6226-41c5-bdda-eff1f56f3304" testListId="8c84fa94-04c1-424b-9868-57a2d4851a1d" />
    <TestEntry testId="14c4d8f7-99c5-9b56-48f1-16bece872cd1" executionId="80bf6fe5-f052-4482-9426-b1c24177bf76" testListId="8c84fa94-04c1-424b-9868-57a2d4851a1d" />
    <TestEntry testId="14e07649-4bb1-965c-d352-f5e6a62d38fd" executionId="f7c19c97-e8ea-48c2-96a4-c852648385ed" testListId="8c84fa94-04c1-424b-9868-57a2d4851a1d" />
    <TestEntry testId="153f9dfe-1469-43b6-8030-2e1f4f18197e" executionId="95be99cf-1edb-40bd-9da0-16b6d658405e" testListId="8c84fa94-04c1-424b-9868-57a2d4851a1d" />
    <TestEntry testId="16a72305-d6bc-60a8-f8d6-a048d1322b13" executionId="118fbca2-0f27-4eef-baaa-4ebdd42871ba" testListId="8c84fa94-04c1-424b-9868-57a2d4851a1d" />
    <TestEntry testId="16bc510b-963f-30e5-6517-13389edd4fdc" executionId="5a7e349c-abb5-4fd5-8a3c-949a7953a3b6" testListId="8c84fa94-04c1-424b-9868-57a2d4851a1d" />
    <TestEntry testId="17cbf434-78e7-42a5-6758-242cc94ac703" executionId="8c968460-20ff-4275-8a38-3052e1205d89" testListId="8c84fa94-04c1-424b-9868-57a2d4851a1d" />
    <TestEntry testId="18234ca5-6af0-1355-5140-f92645f28e01" executionId="2d2da106-f79a-481d-8d70-27ed29c57a09" testListId="8c84fa94-04c1-424b-9868-57a2d4851a1d" />
    <TestEntry testId="193af604-0c49-1c0a-39c2-739404c2ca21" executionId="238435ca-541b-4fd7-b3f0-ab2dd09a7b88" testListId="8c84fa94-04c1-424b-9868-57a2d4851a1d" />
    <TestEntry testId="1a1204f8-80dc-63b9-41bb-196d59b5bd9c" executionId="34239cb6-bd6e-4a37-9496-ce7f2edc6a3e" testListId="8c84fa94-04c1-424b-9868-57a2d4851a1d" />
    <TestEntry testId="1a2aa5e7-93f9-111f-f012-0d120146abe5" executionId="b358ed77-46b8-4fb7-82ae-b9a635e6277e" testListId="8c84fa94-04c1-424b-9868-57a2d4851a1d" />
    <TestEntry testId="1d926c24-6749-5267-75d7-955626edc4df" executionId="a5e39f10-9266-41ce-8ec9-3b6045b6c03d" testListId="8c84fa94-04c1-424b-9868-57a2d4851a1d" />
    <TestEntry testId="1ddea7a7-fe10-238b-7e4c-5401f2a78e2b" executionId="23be4d38-df50-4eb8-bfc6-40c17f2c9de2" testListId="8c84fa94-04c1-424b-9868-57a2d4851a1d" />
    <TestEntry testId="1e0ca069-996e-4bc0-6164-74e9ee8107ac" executionId="4c8ac1f2-463b-49c3-9ffa-c6cea3687454" testListId="8c84fa94-04c1-424b-9868-57a2d4851a1d" />
    <TestEntry testId="1e811e95-82b3-7182-a1a6-ec99686bab87" executionId="f6f17499-95a9-414f-ad56-57c45c0033f0" testListId="8c84fa94-04c1-424b-9868-57a2d4851a1d" />
    <TestEntry testId="1fa5b7ed-be1a-69d3-e35d-61c48c394d37" executionId="dec4df39-bcff-4ed6-82f2-cce419d4209c" testListId="8c84fa94-04c1-424b-9868-57a2d4851a1d" />
    <TestEntry testId="205ac4dd-1d38-125b-1cfd-036daa1ac16f" executionId="9d7d0762-a60f-43a2-a13f-3dabf9ca5e65" testListId="8c84fa94-04c1-424b-9868-57a2d4851a1d" />
    <TestEntry testId="20789601-3bb2-517f-9c07-8755507d968d" executionId="6f2ccb23-1227-44b0-8caf-b067491a5ce3" testListId="8c84fa94-04c1-424b-9868-57a2d4851a1d" />
    <TestEntry testId="221d319c-8869-0d4c-725e-9ea36949d716" executionId="df4c4f8a-2200-49f2-9bd1-97dd5ccc95f0" testListId="8c84fa94-04c1-424b-9868-57a2d4851a1d" />
    <TestEntry testId="2250a8be-6947-1057-ceec-e49c62f651fa" executionId="6f6de58c-21ec-4a79-8b17-b009b3e6c16b" testListId="8c84fa94-04c1-424b-9868-57a2d4851a1d" />
    <TestEntry testId="22b3bc9e-2d91-4747-086b-d415be2c5776" executionId="0174b1cc-497f-494a-bc6b-5720fe5e3a9f" testListId="8c84fa94-04c1-424b-9868-57a2d4851a1d" />
    <TestEntry testId="244ce62b-951e-b470-32a3-7178f547fe21" executionId="a9ddf08b-2959-4fd9-bdc3-e123acd6233a" testListId="8c84fa94-04c1-424b-9868-57a2d4851a1d" />
    <TestEntry testId="2664c1af-83be-d3ec-b2b2-1838fed1807c" executionId="6e98af19-1805-4020-a6e3-2a016b1f210f" testListId="8c84fa94-04c1-424b-9868-57a2d4851a1d" />
    <TestEntry testId="26cd5a56-007e-00b1-b708-eca41e9cf9dc" executionId="42661fb7-303c-4111-b85a-f0c46fbfe91b" testListId="8c84fa94-04c1-424b-9868-57a2d4851a1d" />
    <TestEntry testId="2a492a9b-f563-5e1e-f60c-76d1e2ee9ce9" executionId="4a327bc8-2a4c-4376-baeb-209ca84deb14" testListId="8c84fa94-04c1-424b-9868-57a2d4851a1d" />
    <TestEntry testId="2b439315-a245-09eb-2a28-a8a156c3b963" executionId="611780b3-851f-475a-8f8e-150f8ae90132" testListId="8c84fa94-04c1-424b-9868-57a2d4851a1d" />
    <TestEntry testId="2e107be2-e3af-1a8b-fb4b-bdb5534db4b8" executionId="8f24d65f-a461-4784-85a9-873f1714939e" testListId="8c84fa94-04c1-424b-9868-57a2d4851a1d" />
    <TestEntry testId="2f442340-39d2-2141-feae-caa93af13693" executionId="b3d5a075-5600-47e4-bda0-ffe1e880f9b4" testListId="8c84fa94-04c1-424b-9868-57a2d4851a1d" />
    <TestEntry testId="2fd85783-fc83-f96f-d9bf-a6bcc5a252f1" executionId="ee44f347-0d92-4b21-a2ac-c63d857724f8" testListId="8c84fa94-04c1-424b-9868-57a2d4851a1d" />
    <TestEntry testId="2ff38794-ad92-1998-3c20-e3ee775a8969" executionId="9dddb7e9-63a7-4b8d-964b-7caaab49b987" testListId="8c84fa94-04c1-424b-9868-57a2d4851a1d" />
    <TestEntry testId="30d0053c-3b83-f6d8-7942-b6dbd27b329f" executionId="d51a51d7-b7ff-4a60-bb35-66f9e3e45736" testListId="8c84fa94-04c1-424b-9868-57a2d4851a1d" />
    <TestEntry testId="33f07926-487a-5d2a-2e1a-64b2ae7d1065" executionId="da6e04ff-53e0-42ae-b3d2-faac0c9572ff" testListId="8c84fa94-04c1-424b-9868-57a2d4851a1d" />
    <TestEntry testId="3902168e-77cb-c1b4-c44f-4336ab3b86bd" executionId="c7723282-24d2-4332-a405-439f131af76c" testListId="8c84fa94-04c1-424b-9868-57a2d4851a1d" />
    <TestEntry testId="3950117e-1257-8bcc-63aa-35e8e8daf9e2" executionId="2cdd5986-7d83-4894-b324-896b70c10416" testListId="8c84fa94-04c1-424b-9868-57a2d4851a1d" />
    <TestEntry testId="3a633eaa-632f-f936-1d35-4e407b494884" executionId="bb2c02df-d1ae-485f-a310-932f1307013c" testListId="8c84fa94-04c1-424b-9868-57a2d4851a1d" />
    <TestEntry testId="3d3988d3-9563-f144-e6f1-47341372fdea" executionId="3102427b-e311-4407-821f-ab77e32b412e" testListId="8c84fa94-04c1-424b-9868-57a2d4851a1d" />
    <TestEntry testId="3e37c17d-90fa-e89c-9aa5-d591fc3b0dec" executionId="4d08af0c-82ee-4585-a050-fa4c4ce962bc" testListId="8c84fa94-04c1-424b-9868-57a2d4851a1d" />
    <TestEntry testId="46f11c29-0946-1ee3-1afe-afb72995b905" executionId="eef3ddb1-6ac7-47c7-9385-52ecd06fb61c" testListId="8c84fa94-04c1-424b-9868-57a2d4851a1d" />
    <TestEntry testId="4796da93-05be-09dc-4928-16eafddcfcc3" executionId="0e028c21-d761-444a-9490-ca64317a2bf7" testListId="8c84fa94-04c1-424b-9868-57a2d4851a1d" />
    <TestEntry testId="48745f52-01da-5495-8edc-495e0a033ca1" executionId="34d4225d-71b6-4323-bc5d-ed5db21ea1e6" testListId="8c84fa94-04c1-424b-9868-57a2d4851a1d" />
    <TestEntry testId="49b4e1b0-9a60-f1f3-7d8e-e1f63ecc7d50" executionId="54c9a8cd-cee9-4f5d-9eaa-eda6b6274bd3" testListId="8c84fa94-04c1-424b-9868-57a2d4851a1d" />
    <TestEntry testId="49b8113a-7c59-3ab5-29c7-c3f311407d47" executionId="184fbc9c-80f0-423c-ac59-d326613a6173" testListId="8c84fa94-04c1-424b-9868-57a2d4851a1d" />
    <TestEntry testId="49ea2b91-d141-354e-2335-26f531007df0" executionId="362989f0-ff29-474d-8a43-689eb32d0bac" testListId="8c84fa94-04c1-424b-9868-57a2d4851a1d" />
    <TestEntry testId="4abb984b-7c31-de55-0099-63a2ac65b83e" executionId="70cb6c1c-f7f5-4943-ab14-b702e6ae26bc" testListId="8c84fa94-04c1-424b-9868-57a2d4851a1d" />
    <TestEntry testId="5514446b-a7eb-a40a-85ab-240a248bba2a" executionId="c75ff272-d739-4d17-9e81-592e83fcca41" testListId="8c84fa94-04c1-424b-9868-57a2d4851a1d" />
    <TestEntry testId="567a07ee-04bb-68f0-b054-7c3ac20e04d0" executionId="e6a2f73a-9eab-4cb6-8646-a9890d032105" testListId="8c84fa94-04c1-424b-9868-57a2d4851a1d" />
    <TestEntry testId="5864e842-9f86-c9b6-bda0-04be2ae227ea" executionId="cec3fae1-de2e-42e6-86ec-11b1f60a9186" testListId="8c84fa94-04c1-424b-9868-57a2d4851a1d" />
    <TestEntry testId="594704dd-0a86-b16d-988c-f53dd3e4a947" executionId="a84adb50-2a9d-4c15-9228-2e137bf6107a" testListId="8c84fa94-04c1-424b-9868-57a2d4851a1d" />
    <TestEntry testId="5aba0e57-1e97-6240-5ce7-34738ec9892e" executionId="b4b81caa-6385-4399-a5e2-4adaf0c163d5" testListId="8c84fa94-04c1-424b-9868-57a2d4851a1d" />
    <TestEntry testId="5adb9ee5-30ee-88f6-0128-821d18abc579" executionId="e2a6bcfc-52ae-4e18-b66d-def77a24211b" testListId="8c84fa94-04c1-424b-9868-57a2d4851a1d" />
    <TestEntry testId="5d9b7cef-774f-9ce0-c97d-9f98a260007e" executionId="c4e52ae0-23a3-4fca-a988-4cffb421bdf7" testListId="8c84fa94-04c1-424b-9868-57a2d4851a1d" />
    <TestEntry testId="5eb081c6-7954-7661-1c9d-175369539add" executionId="92c081e6-4632-4686-b584-d78b9d25ddac" testListId="8c84fa94-04c1-424b-9868-57a2d4851a1d" />
    <TestEntry testId="633e6a31-e7c1-dc4e-810e-71a427cf70a8" executionId="8ec9c985-2989-4c09-87d4-4615fd173119" testListId="8c84fa94-04c1-424b-9868-57a2d4851a1d" />
    <TestEntry testId="635fff99-cecb-31ab-c7e4-e3c205a5337d" executionId="89420917-c51f-458c-84fd-3c3b1e3550fc" testListId="8c84fa94-04c1-424b-9868-57a2d4851a1d" />
    <TestEntry testId="644c941d-d40b-5655-7852-107ffef9acae" executionId="95d942a2-535f-4670-9724-7909ca08e842" testListId="8c84fa94-04c1-424b-9868-57a2d4851a1d" />
    <TestEntry testId="646233b6-d9da-dd2f-a80d-4b417491cb8d" executionId="92422837-7490-4c73-94da-3751135656fb" testListId="8c84fa94-04c1-424b-9868-57a2d4851a1d" />
    <TestEntry testId="67060c20-8464-3afb-a152-2d973dbdaed1" executionId="103037ca-e241-4840-9b03-df32b7130c6b" testListId="8c84fa94-04c1-424b-9868-57a2d4851a1d" />
    <TestEntry testId="68fbef60-27f3-cd83-2f44-63ae34afe9d9" executionId="6d5f0f08-ba41-4c06-86d8-6a8543c7ea12" testListId="8c84fa94-04c1-424b-9868-57a2d4851a1d" />
    <TestEntry testId="6b7dcc70-66b6-d437-fa4f-aad0a0e1d53f" executionId="e21d1f31-4662-4cb7-9ba4-7ddc262e2103" testListId="8c84fa94-04c1-424b-9868-57a2d4851a1d" />
    <TestEntry testId="6c295435-dd19-448d-1c55-866f7f6136a5" executionId="d4d10106-61eb-4216-82b7-d9316d660d0c" testListId="8c84fa94-04c1-424b-9868-57a2d4851a1d" />
    <TestEntry testId="6d798907-2cda-5ed7-51cd-5487f7235fb8" executionId="ab7f0798-8d06-48fd-aa29-4b837cbab04e" testListId="8c84fa94-04c1-424b-9868-57a2d4851a1d" />
    <TestEntry testId="6ea29e89-2e15-126e-eecf-3f7b211c52eb" executionId="a1e72c77-d640-42ad-a3ce-28844d6b714d" testListId="8c84fa94-04c1-424b-9868-57a2d4851a1d" />
    <TestEntry testId="6f205f53-5c1d-2d23-0592-7823ba18d3aa" executionId="d35acd1a-4a6a-4981-ab8a-092db775729f" testListId="8c84fa94-04c1-424b-9868-57a2d4851a1d" />
    <TestEntry testId="704833fc-664b-cb0a-a6d9-59354a3ac7df" executionId="4b6573d1-ad57-49a2-9754-a4d4b2e39a04" testListId="8c84fa94-04c1-424b-9868-57a2d4851a1d" />
    <TestEntry testId="7068f11c-cf82-d38d-0f16-16dd9f7c090f" executionId="80f1ef6b-228c-4913-92e3-cb353c3ccb70" testListId="8c84fa94-04c1-424b-9868-57a2d4851a1d" />
    <TestEntry testId="71fdaff9-49bf-b223-1fec-b90817ed9152" executionId="0093b5cb-6365-4efb-b96b-8b04635f612d" testListId="8c84fa94-04c1-424b-9868-57a2d4851a1d" />
    <TestEntry testId="752747b0-a36b-eb83-ec59-1c939066a812" executionId="cc3097b4-f6d1-4341-ac1e-f25c1bcbe35a" testListId="8c84fa94-04c1-424b-9868-57a2d4851a1d" />
    <TestEntry testId="767e3845-1b47-6225-c38c-e6345e12262a" executionId="b4ebc923-7a3d-4c65-ad65-b0a73d8a4229" testListId="8c84fa94-04c1-424b-9868-57a2d4851a1d" />
    <TestEntry testId="7743f34e-ac5f-23a3-8e8f-212222420029" executionId="5829d696-6378-45c8-a531-2b885200eeec" testListId="8c84fa94-04c1-424b-9868-57a2d4851a1d" />
    <TestEntry testId="77908785-744a-2461-09c9-ef819284a9cc" executionId="7d191f8d-1414-402f-a875-a7cc66e25796" testListId="8c84fa94-04c1-424b-9868-57a2d4851a1d" />
    <TestEntry testId="78086264-20f3-c7b4-e13e-997436ec518b" executionId="2fca3630-0b7a-429f-9873-2b473df957ab" testListId="8c84fa94-04c1-424b-9868-57a2d4851a1d" />
    <TestEntry testId="7896ac03-38fd-b99c-d27e-6cbd208a3f1e" executionId="318d6c36-a73b-437a-af30-abcdd4527884" testListId="8c84fa94-04c1-424b-9868-57a2d4851a1d" />
    <TestEntry testId="7d85dd6d-e955-0c88-df95-d36cadd3d7ff" executionId="b1bd31a2-69df-4bac-8c5f-ac42ca87b3f3" testListId="8c84fa94-04c1-424b-9868-57a2d4851a1d" />
    <TestEntry testId="7edd5b56-0f03-8716-c3c8-130b2e422ca5" executionId="607c50e1-1de2-4692-b8fb-1b35890af562" testListId="8c84fa94-04c1-424b-9868-57a2d4851a1d" />
    <TestEntry testId="7f627b84-c634-6195-b636-ad9c00404c56" executionId="af436e86-081e-4991-a522-006208216889" testListId="8c84fa94-04c1-424b-9868-57a2d4851a1d" />
    <TestEntry testId="7fd69db5-bd97-d0f9-53e8-99ad322c752b" executionId="37646238-3472-45ed-9878-a75fd889e500" testListId="8c84fa94-04c1-424b-9868-57a2d4851a1d" />
    <TestEntry testId="805ce682-089b-aeb5-3890-6340750c38cb" executionId="6b5975cb-3beb-4d91-ab4b-8e92d072de4a" testListId="8c84fa94-04c1-424b-9868-57a2d4851a1d" />
    <TestEntry testId="8076c83d-2717-5964-7e9d-50cc5e2706b9" executionId="881d103c-762a-4e6c-a5b1-ee64b6519c42" testListId="8c84fa94-04c1-424b-9868-57a2d4851a1d" />
    <TestEntry testId="808822f6-9c85-0a33-f1f9-4d64c79fb975" executionId="bd040673-534f-4143-9af7-e88c79eecf29" testListId="8c84fa94-04c1-424b-9868-57a2d4851a1d" />
    <TestEntry testId="81c4858e-2ab2-b121-25c5-9c96ee04a442" executionId="286fd2b6-bca6-4626-bcc8-b0a024c02e1b" testListId="8c84fa94-04c1-424b-9868-57a2d4851a1d" />
    <TestEntry testId="84a133d0-001f-a986-72f9-cc05e5f25751" executionId="98ff1524-3b34-4da1-aa20-aad816696e00" testListId="8c84fa94-04c1-424b-9868-57a2d4851a1d" />
    <TestEntry testId="8d424c8f-9c8d-8bdb-c98c-1e76a87f52e2" executionId="15d047bc-d71e-4b07-ade7-6fb32beee84a" testListId="8c84fa94-04c1-424b-9868-57a2d4851a1d" />
    <TestEntry testId="8dec4c0d-9137-8bca-e823-6edddad67b2a" executionId="8a8e58dd-f737-4b1d-bf59-f53bebac569e" testListId="8c84fa94-04c1-424b-9868-57a2d4851a1d" />
    <TestEntry testId="9124fa98-251f-1756-0c3a-757c402d6c99" executionId="c2ab521a-f8b3-46c8-9497-af36070313db" testListId="8c84fa94-04c1-424b-9868-57a2d4851a1d" />
    <TestEntry testId="9490af69-1deb-35f8-e7a6-20a35084fff2" executionId="67ddf688-6ecd-4a42-a680-ecee2459a7ac" testListId="8c84fa94-04c1-424b-9868-57a2d4851a1d" />
    <TestEntry testId="99e69473-c3b8-a5a3-ffae-e281487c9f70" executionId="468d84c9-9a5b-4468-91fc-300e2f58baef" testListId="8c84fa94-04c1-424b-9868-57a2d4851a1d" />
    <TestEntry testId="9c518775-786a-f96e-d480-17e4052cdbf8" executionId="78d4e2cb-1b58-4b48-8400-985b22090cf9" testListId="8c84fa94-04c1-424b-9868-57a2d4851a1d" />
    <TestEntry testId="9c9afe3f-60c7-8c08-d3be-1e989acc7622" executionId="c1cd64fb-71d3-452b-99e6-ac843062335c" testListId="8c84fa94-04c1-424b-9868-57a2d4851a1d" />
    <TestEntry testId="9d4922e1-95bb-cc07-dd59-02aa21bc0c9d" executionId="0d8844b0-6d95-40c2-bf69-94ec5afaebba" testListId="8c84fa94-04c1-424b-9868-57a2d4851a1d" />
    <TestEntry testId="9f469160-5fe3-b1e7-0220-66c2cc9d5d2b" executionId="61f15b72-5044-4ead-bc24-d6c150b131c0" testListId="8c84fa94-04c1-424b-9868-57a2d4851a1d" />
    <TestEntry testId="a5017919-7828-b52a-3fcf-0e88954eb83a" executionId="43fd1ea7-5e42-4d81-bd97-cddbc9026909" testListId="8c84fa94-04c1-424b-9868-57a2d4851a1d" />
    <TestEntry testId="a51caca7-6a0e-8bea-fb89-3104ddb0e38a" executionId="a5143276-13f4-4609-bb32-1738858ab151" testListId="8c84fa94-04c1-424b-9868-57a2d4851a1d" />
    <TestEntry testId="a54e40a4-c460-0f5a-3324-94dd8c77f779" executionId="16a18323-92ae-4dcb-87fd-f6dd31994a20" testListId="8c84fa94-04c1-424b-9868-57a2d4851a1d" />
    <TestEntry testId="a67abeae-f275-21d8-f4a8-e10a60739baa" executionId="c6076cf3-7896-48cd-8b41-404b39fca9ad" testListId="8c84fa94-04c1-424b-9868-57a2d4851a1d" />
    <TestEntry testId="a6967160-696a-a27d-116b-53906f8b68d5" executionId="84a47343-4831-4bfb-bfbc-86b1ac14cc90" testListId="8c84fa94-04c1-424b-9868-57a2d4851a1d" />
    <TestEntry testId="a9c998c1-d601-9d48-a5aa-e5458f5ccef5" executionId="bd92999d-2f14-4abc-b694-9d12ac88e1f0" testListId="8c84fa94-04c1-424b-9868-57a2d4851a1d" />
    <TestEntry testId="aa22a9b8-be5f-7c6d-f18d-55627b642600" executionId="c0160195-0792-4ca5-a586-e1fc5ecd606d" testListId="8c84fa94-04c1-424b-9868-57a2d4851a1d" />
    <TestEntry testId="ad6b7b0f-0850-7179-c3e4-805f9d123948" executionId="504df3ef-b7f2-4dbd-9821-7b87ba5b7518" testListId="8c84fa94-04c1-424b-9868-57a2d4851a1d" />
    <TestEntry testId="af3c2eea-1341-4d08-8112-791e701a0e4e" executionId="1077f40a-2b40-4ee0-91fd-f86e69be4b35" testListId="8c84fa94-04c1-424b-9868-57a2d4851a1d" />
    <TestEntry testId="b03d2b82-a5f5-4a0a-521f-fd9e431b28da" executionId="2d66bbd3-72ec-4806-bfa6-525b8afc87b5" testListId="8c84fa94-04c1-424b-9868-57a2d4851a1d" />
    <TestEntry testId="b17fedd4-1f62-61d1-927e-d039058fdcc2" executionId="24f4b769-fb09-483a-90b7-c33bc859a762" testListId="8c84fa94-04c1-424b-9868-57a2d4851a1d" />
    <TestEntry testId="b2aadfc0-b55c-fa15-a9e1-9405ae9a9cc7" executionId="11ac7cbb-5b5a-4c31-8d21-60ff67796b78" testListId="8c84fa94-04c1-424b-9868-57a2d4851a1d" />
    <TestEntry testId="b51e8365-ff64-84bf-89d7-6e6cedcc3dbf" executionId="d29d8d46-a707-4a39-bfd6-fe268c4a15f9" testListId="8c84fa94-04c1-424b-9868-57a2d4851a1d" />
    <TestEntry testId="b99ec452-b626-078c-5efb-2041d6f255c4" executionId="d2d8786d-8cb4-4237-81c6-4c0d6d2e16ea" testListId="8c84fa94-04c1-424b-9868-57a2d4851a1d" />
    <TestEntry testId="b9a0a920-02f6-e8cf-8012-6ed61570d734" executionId="faa95f7e-4dae-4daa-8afa-797d28107c5f" testListId="8c84fa94-04c1-424b-9868-57a2d4851a1d" />
    <TestEntry testId="b9cd1d41-7588-b69e-afc2-13e873777605" executionId="90e06b31-0fd5-4790-8b87-f00da760383b" testListId="8c84fa94-04c1-424b-9868-57a2d4851a1d" />
    <TestEntry testId="bdf234ab-0f12-2337-9094-2671833caeec" executionId="ec9817a1-68da-48b6-b69a-c42b1c633e71" testListId="8c84fa94-04c1-424b-9868-57a2d4851a1d" />
    <TestEntry testId="be4a640d-264d-b6fa-ba99-6f190c20c0bb" executionId="8139657b-097f-4e0c-a0d8-9bcaf290e43e" testListId="8c84fa94-04c1-424b-9868-57a2d4851a1d" />
    <TestEntry testId="c0b42161-4a2a-a4b9-5fed-56ce341f748e" executionId="c563b52f-ace6-42f9-9b08-c70464ac83ba" testListId="8c84fa94-04c1-424b-9868-57a2d4851a1d" />
    <TestEntry testId="c35eb805-49e5-7d06-b69d-ba684aaa6791" executionId="b516954f-ab2e-42d0-9177-062f4d6ed334" testListId="8c84fa94-04c1-424b-9868-57a2d4851a1d" />
    <TestEntry testId="c3a5f774-5c25-7fa7-593c-10a98b5db768" executionId="736cf65c-7bd5-457f-b7bb-9722e0abaf99" testListId="8c84fa94-04c1-424b-9868-57a2d4851a1d" />
    <TestEntry testId="c717e1ca-5114-3368-100e-511f1e910ebb" executionId="eb2fb0b0-c2ae-49a8-b52c-7d3a9847a3b1" testListId="8c84fa94-04c1-424b-9868-57a2d4851a1d" />
    <TestEntry testId="c764531a-8b43-978a-82fa-64e183192f81" executionId="381fb372-f086-43b0-946d-1097ea714fd7" testListId="8c84fa94-04c1-424b-9868-57a2d4851a1d" />
    <TestEntry testId="c8c2cfdd-b8a6-a87d-8c47-5082bca773be" executionId="5d91aee8-625e-4a1b-88f6-8134192c98a4" testListId="8c84fa94-04c1-424b-9868-57a2d4851a1d" />
    <TestEntry testId="cd6d70a0-5149-bc7b-20d9-ea0e29ddf4cf" executionId="268ec6cc-a117-4096-b13b-6bbd42a75bc0" testListId="8c84fa94-04c1-424b-9868-57a2d4851a1d" />
    <TestEntry testId="cda388d5-457a-465e-ba14-ce9de40a3bb3" executionId="b7cd6241-e098-44ef-8dfe-ad358dd4e97d" testListId="8c84fa94-04c1-424b-9868-57a2d4851a1d" />
    <TestEntry testId="cdf50321-c0eb-ddc4-0179-2919c2028903" executionId="07e6999b-560a-476e-b944-b298848c5402" testListId="8c84fa94-04c1-424b-9868-57a2d4851a1d" />
    <TestEntry testId="cf67e106-470b-64ee-b4ec-daf199d3db2f" executionId="0cb36339-6a9d-4db1-a6b2-28eb4da35f18" testListId="8c84fa94-04c1-424b-9868-57a2d4851a1d" />
    <TestEntry testId="d06dda95-89d0-a317-5ac0-24adb003c101" executionId="7846fdc2-ca78-4119-9882-72a7c60e9879" testListId="8c84fa94-04c1-424b-9868-57a2d4851a1d" />
    <TestEntry testId="d1244455-073f-9dfb-7627-1dfedd276854" executionId="83fb21a8-23c7-47c7-b3a2-74292a7b2a98" testListId="8c84fa94-04c1-424b-9868-57a2d4851a1d" />
    <TestEntry testId="d400fa75-dd71-d01b-c6b4-e354835a9d50" executionId="8323b0d9-b1ff-4c32-8ef2-da50a117066d" testListId="8c84fa94-04c1-424b-9868-57a2d4851a1d" />
    <TestEntry testId="d97a225a-e31a-2138-2fae-7b4109b25275" executionId="0e18720a-f9d8-4510-84d4-55dcd1668c44" testListId="8c84fa94-04c1-424b-9868-57a2d4851a1d" />
    <TestEntry testId="d982986f-d5cc-bb8f-d6d8-e2a54e2f4dd0" executionId="a6310155-4187-4705-bd0a-2d28990d6434" testListId="8c84fa94-04c1-424b-9868-57a2d4851a1d" />
    <TestEntry testId="d9b4351c-7a62-1cab-5792-b4bc31c2d3e2" executionId="20dd2bac-10e2-4d2a-b864-92b846818601" testListId="8c84fa94-04c1-424b-9868-57a2d4851a1d" />
    <TestEntry testId="da5feb53-2e0d-e0c8-406f-5aa41dc5d56c" executionId="77f82952-031e-40c6-8515-8ffe22de3dd5" testListId="8c84fa94-04c1-424b-9868-57a2d4851a1d" />
    <TestEntry testId="dfddd698-039d-4cb7-341a-94646b1b9270" executionId="daee4144-ad1c-4410-a9c5-f3de54d2cb32" testListId="8c84fa94-04c1-424b-9868-57a2d4851a1d" />
    <TestEntry testId="e2ea95fb-c5c4-8579-22e2-2d857f0fee1f" executionId="3476f094-a0d3-4ed5-a494-edf910cbf93e" testListId="8c84fa94-04c1-424b-9868-57a2d4851a1d" />
    <TestEntry testId="e3e433dc-f656-51bd-faab-b6cc3200c3cc" executionId="59109f4e-0812-4272-985d-400dbd992c55" testListId="8c84fa94-04c1-424b-9868-57a2d4851a1d" />
    <TestEntry testId="e86f4b46-ab12-e2fb-3f68-4ffa6ecd4f99" executionId="36dac00b-d48d-49ce-8439-570e1fbb6148" testListId="8c84fa94-04c1-424b-9868-57a2d4851a1d" />
    <TestEntry testId="ea12baf4-c62d-b0ca-b8ec-0dd742c09890" executionId="7a33490a-6f55-47f3-a8b2-8389829f1a5e" testListId="8c84fa94-04c1-424b-9868-57a2d4851a1d" />
    <TestEntry testId="ea4165e9-438f-19c0-bb46-9e9157f55554" executionId="40319ebe-24b7-43ab-8471-315ae619394f" testListId="8c84fa94-04c1-424b-9868-57a2d4851a1d" />
    <TestEntry testId="ec491029-dab5-3481-ec80-f35631103905" executionId="41aa1996-fa91-4930-a06f-65dc5b2cd83f" testListId="8c84fa94-04c1-424b-9868-57a2d4851a1d" />
    <TestEntry testId="ed7ad088-5d15-f12d-c0e3-6a91dd726685" executionId="ec6fe7c1-fc53-4842-a66d-2197f724e5c4" testListId="8c84fa94-04c1-424b-9868-57a2d4851a1d" />
    <TestEntry testId="f20d04ec-6bdf-2adb-3ea0-dea4791f58d1" executionId="64382c97-301a-47d4-8833-3caac64c7e05" testListId="8c84fa94-04c1-424b-9868-57a2d4851a1d" />
    <TestEntry testId="f4332708-2d9b-652b-a920-66192f9cdfaf" executionId="61085002-0dd1-4299-84ca-9f06739e54cc" testListId="8c84fa94-04c1-424b-9868-57a2d4851a1d" />
    <TestEntry testId="f4f76af5-0d54-7bf8-8ba4-b32803d7a374" executionId="6b40c49e-a24e-44ed-a042-d8cd1411fed2" testListId="8c84fa94-04c1-424b-9868-57a2d4851a1d" />
    <TestEntry testId="f4fcc51c-8f8e-7431-03c1-95529343e3ab" executionId="47dbd143-8198-4b87-a8a6-08b632c6ea37" testListId="8c84fa94-04c1-424b-9868-57a2d4851a1d" />
    <TestEntry testId="f50339b2-56a6-fab9-1b43-e437b5e0a59d" executionId="1029155c-4675-4d80-8356-1d405f65777f" testListId="8c84fa94-04c1-424b-9868-57a2d4851a1d" />
    <TestEntry testId="f52b3d24-c27c-4731-8c5e-a7c40c1103b0" executionId="265cd69b-5e39-42e2-8303-78a93bc878db" testListId="8c84fa94-04c1-424b-9868-57a2d4851a1d" />
    <TestEntry testId="f685a220-cae8-50b0-d543-46e310017a33" executionId="b053f873-0c18-44f3-9938-30ec0616d990" testListId="8c84fa94-04c1-424b-9868-57a2d4851a1d" />
    <TestEntry testId="f75fa8c7-8563-f254-ccbd-c82531d39c32" executionId="47dfc8d6-dfa7-4b4f-b025-4985ea5456ef" testListId="8c84fa94-04c1-424b-9868-57a2d4851a1d" />
    <TestEntry testId="fc92c33d-a24e-4715-be4e-9ee45be3958a" executionId="5dea4b86-e8f8-454b-ad72-952a26961ddb" testListId="8c84fa94-04c1-424b-9868-57a2d4851a1d" />
    <TestEntry testId="fd91dd5c-db0b-5fcd-fb9e-a3a345d24392" executionId="669427c0-2b45-4016-8f10-ee2b141d0334" testListId="8c84fa94-04c1-424b-9868-57a2d4851a1d" />
  </TestEntries>
  <Results>
    <UnitTestResult executionId="36cdb7eb-bce1-412d-94c2-ac11ede27ec1" testId="029a1154-08ed-ad21-3797-6c8eecfafc7c" testName="IfNotNullThrowsContractException439" computerName="EDSAC" duration="00:00:00.0811948" startTime="2010-12-04T13:10:26.2753769+00:00" endTime="2010-12-04T13:10:27.2674336+00:00" testType="13cdc9d9-ddb5-4fa4-a97d-d965ccfc6d4b" outcome="Passed" testListId="8c84fa94-04c1-424b-9868-57a2d4851a1d" relativeResultsDirectory="36cdb7eb-bce1-412d-94c2-ac11ede27ec1">
    </UnitTestResult>
    <UnitTestResult executionId="fc4125b2-7c2e-470d-8117-0a73aa4cfea1" testId="04c53adc-df51-85a8-3dcb-278e962fc112" testName="Subarray709" computerName="EDSAC" duration="00:00:00.0173663" startTime="2010-12-04T13:10:27.2704338+00:00" endTime="2010-12-04T13:10:27.3044357+00:00" testType="13cdc9d9-ddb5-4fa4-a97d-d965ccfc6d4b" outcome="Passed" testListId="8c84fa94-04c1-424b-9868-57a2d4851a1d" relativeResultsDirectory="fc4125b2-7c2e-470d-8117-0a73aa4cfea1">
    </UnitTestResult>
    <UnitTestResult executionId="7851327e-de90-4706-918f-f7d68a45d37d" testId="0860ee19-0524-5919-2b3c-8316527f7933" testName="If921" computerName="EDSAC" duration="00:00:00.0006327" startTime="2010-12-04T13:10:27.3124362+00:00" endTime="2010-12-04T13:10:27.3224367+00:00" testType="13cdc9d9-ddb5-4fa4-a97d-d965ccfc6d4b" outcome="Passed" testListId="8c84fa94-04c1-424b-9868-57a2d4851a1d" relativeResultsDirectory="7851327e-de90-4706-918f-f7d68a45d37d">
    </UnitTestResult>
    <UnitTestResult executionId="11fc2c51-5f95-4fd0-9dc2-85b289649e51" testId="099b6629-b323-a9b6-3641-ebce58ee0f7c" testName="AsEnumerable02588" computerName="EDSAC" duration="00:00:00.0563824" startTime="2010-12-04T13:10:27.3284371+00:00" endTime="2010-12-04T13:10:27.3934408+00:00" testType="13cdc9d9-ddb5-4fa4-a97d-d965ccfc6d4b" outcome="Passed" testListId="8c84fa94-04c1-424b-9868-57a2d4851a1d" relativeResultsDirectory="11fc2c51-5f95-4fd0-9dc2-85b289649e51">
    </UnitTestResult>
    <UnitTestResult executionId="9a21afd9-0914-45e7-8ab9-efa1fa293786" testId="0a0076ce-bff6-0afe-3199-97711aba5896" testName="Random01ThrowsContractException900" computerName="EDSAC" duration="00:00:00.0031734" startTime="2010-12-04T13:10:27.4524442+00:00" endTime="2010-12-04T13:10:27.4664450+00:00" testType="13cdc9d9-ddb5-4fa4-a97d-d965ccfc6d4b" outcome="Passed" testListId="8c84fa94-04c1-424b-9868-57a2d4851a1d" relativeResultsDirectory="9a21afd9-0914-45e7-8ab9-efa1fa293786">
    </UnitTestResult>
    <UnitTestResult executionId="1305c657-e95f-4039-a776-0ba48c69fea1" testId="0b08a90e-9c88-bf3f-a353-f732342a57da" testName="TakeEveryThrowsContractException918" computerName="EDSAC" duration="00:00:00.0057117" startTime="2010-12-04T13:10:27.4714453+00:00" endTime="2010-12-04T13:10:27.4894463+00:00" testType="13cdc9d9-ddb5-4fa4-a97d-d965ccfc6d4b" outcome="Passed" testListId="8c84fa94-04c1-424b-9868-57a2d4851a1d" relativeResultsDirectory="1305c657-e95f-4039-a776-0ba48c69fea1">
    </UnitTestResult>
    <UnitTestResult executionId="8eb5ef8e-be96-49c8-aa8d-9bc659fa4290" testId="0b8785c2-8bd4-a826-60eb-f295a2d7fcb3" testName="As01660" computerName="EDSAC" duration="00:00:00.0029578" startTime="2010-12-04T13:10:27.4924465+00:00" endTime="2010-12-04T13:10:27.5074473+00:00" testType="13cdc9d9-ddb5-4fa4-a97d-d965ccfc6d4b" outcome="Passed" testListId="8c84fa94-04c1-424b-9868-57a2d4851a1d" relativeResultsDirectory="8eb5ef8e-be96-49c8-aa8d-9bc659fa4290">
    </UnitTestResult>
    <UnitTestResult executionId="458825ea-9f31-40de-be03-c4904cf8b392" testId="0e645c38-e73b-967d-e94f-74a8d38a05b3" testName="As170" computerName="EDSAC" duration="00:00:00.0007419" startTime="2010-12-04T13:10:27.5184480+00:00" endTime="2010-12-04T13:10:27.5314487+00:00" testType="13cdc9d9-ddb5-4fa4-a97d-d965ccfc6d4b" outcome="Passed" testListId="8c84fa94-04c1-424b-9868-57a2d4851a1d" relativeResultsDirectory="458825ea-9f31-40de-be03-c4904cf8b392">
    </UnitTestResult>
    <UnitTestResult executionId="6d6a2748-a244-4225-a3ee-80dbc20849ab" testId="1199c9cc-d8e3-0309-8136-cef199801af6" testName="To01203" computerName="EDSAC" duration="00:00:00.0064322" startTime="2010-12-04T13:10:27.5444494+00:00" endTime="2010-12-04T13:10:27.5754512+00:00" testType="13cdc9d9-ddb5-4fa4-a97d-d965ccfc6d4b" outcome="Passed" testListId="8c84fa94-04c1-424b-9868-57a2d4851a1d" relativeResultsDirectory="6d6a2748-a244-4225-a3ee-80dbc20849ab">
    </UnitTestResult>
    <UnitTestResult executionId="e8dfe6eb-644d-48af-9d90-943be7a34ee5" testId="1216a6b0-8489-bf99-b25f-4311a613bf89" testName="IfNotNull01ThrowsContractException507" computerName="EDSAC" duration="00:00:00.0016112" startTime="2010-12-04T13:10:27.5894520+00:00" endTime="2010-12-04T13:10:27.6054529+00:00" testType="13cdc9d9-ddb5-4fa4-a97d-d965ccfc6d4b" outcome="Passed" testListId="8c84fa94-04c1-424b-9868-57a2d4851a1d" relativeResultsDirectory="e8dfe6eb-644d-48af-9d90-943be7a34ee5">
    </UnitTestResult>
    <UnitTestResult executionId="082f9b1d-6226-41c5-bdda-eff1f56f3304" testId="135a3025-77e5-46ab-cdc0-1fc37de1ad5c" testName="UnionAll02ThrowsContractException412" computerName="EDSAC" duration="00:00:00.0033894" startTime="2010-12-04T13:10:27.6194537+00:00" endTime="2010-12-04T13:10:27.6324545+00:00" testType="13cdc9d9-ddb5-4fa4-a97d-d965ccfc6d4b" outcome="Passed" testListId="8c84fa94-04c1-424b-9868-57a2d4851a1d" relativeResultsDirectory="082f9b1d-6226-41c5-bdda-eff1f56f3304">
    </UnitTestResult>
    <UnitTestResult executionId="80bf6fe5-f052-4482-9426-b1c24177bf76" testId="14c4d8f7-99c5-9b56-48f1-16bece872cd1" testName="As76301" computerName="EDSAC" duration="00:00:00.0006980" startTime="2010-12-04T13:10:27.6384548+00:00" endTime="2010-12-04T13:10:27.6514556+00:00" testType="13cdc9d9-ddb5-4fa4-a97d-d965ccfc6d4b" outcome="Passed" testListId="8c84fa94-04c1-424b-9868-57a2d4851a1d" relativeResultsDirectory="80bf6fe5-f052-4482-9426-b1c24177bf76">
    </UnitTestResult>
    <UnitTestResult executionId="f7c19c97-e8ea-48c2-96a4-c852648385ed" testId="14e07649-4bb1-965c-d352-f5e6a62d38fd" testName="IsNullOrEmpty177" computerName="EDSAC" duration="00:00:00.0024399" startTime="2010-12-04T13:10:27.6594560+00:00" endTime="2010-12-04T13:10:27.6724568+00:00" testType="13cdc9d9-ddb5-4fa4-a97d-d965ccfc6d4b" outcome="Passed" testListId="8c84fa94-04c1-424b-9868-57a2d4851a1d" relativeResultsDirectory="f7c19c97-e8ea-48c2-96a4-c852648385ed">
    </UnitTestResult>
    <UnitTestResult executionId="95be99cf-1edb-40bd-9da0-16b6d658405e" testId="153f9dfe-1469-43b6-8030-2e1f4f18197e" testName="AddThrowsContractException500" computerName="EDSAC" duration="00:00:00.0046479" startTime="2010-12-04T13:10:27.6824573+00:00" endTime="2010-12-04T13:10:27.6964581+00:00" testType="13cdc9d9-ddb5-4fa4-a97d-d965ccfc6d4b" outcome="Passed" testListId="8c84fa94-04c1-424b-9868-57a2d4851a1d" relativeResultsDirectory="95be99cf-1edb-40bd-9da0-16b6d658405e">
    </UnitTestResult>
    <UnitTestResult executionId="118fbca2-0f27-4eef-baaa-4ebdd42871ba" testId="16a72305-d6bc-60a8-f8d6-a048d1322b13" testName="To03ThrowsContractException633" computerName="EDSAC" duration="00:00:00.0319614" startTime="2010-12-04T13:10:27.7054587+00:00" endTime="2010-12-04T13:10:27.7474611+00:00" testType="13cdc9d9-ddb5-4fa4-a97d-d965ccfc6d4b" outcome="Passed" testListId="8c84fa94-04c1-424b-9868-57a2d4851a1d" relativeResultsDirectory="118fbca2-0f27-4eef-baaa-4ebdd42871ba">
    </UnitTestResult>
    <UnitTestResult executionId="5a7e349c-abb5-4fd5-8a3c-949a7953a3b6" testId="16bc510b-963f-30e5-6517-13389edd4fdc" testName="GetByPercentThrowsIndexOutOfRangeException858" computerName="EDSAC" duration="00:00:00.0797782" startTime="2010-12-04T13:10:27.7534614+00:00" endTime="2010-12-04T13:10:27.8414664+00:00" testType="13cdc9d9-ddb5-4fa4-a97d-d965ccfc6d4b" outcome="Failed" testListId="8c84fa94-04c1-424b-9868-57a2d4851a1d" relativeResultsDirectory="5a7e349c-abb5-4fd5-8a3c-949a7953a3b6">
      <Output>
        <ErrorInfo>
          <Message>Test method SharpBag.ExtensionsTest.GetByPercentThrowsIndexOutOfRangeException858 threw exception: 
System.Diagnostics.Contracts.__ContractsRuntime+ContractException: Precondition failed: array.Length &gt; 0</Message>
          <StackTrace>    at SharpBag.Extensions.GetByPercent[T](T[] array, Double percent) in C:\Users\SuprDewd\Desktop\Projects\Forritun\SharpBag\SharpBag\Extensions.cs:line 241
   at SharpBag.ExtensionsTest.GetByPercentThrowsIndexOutOfRangeException858() in C:\Users\SuprDewd\Desktop\Projects\Forritun\SharpBag\SharpBag.Tests01\ExtensionsTest.GetByPercent.g.cs:line 56
</StackTrace>
        </ErrorInfo>
      </Output>
    </UnitTestResult>
    <UnitTestResult executionId="8c968460-20ff-4275-8a38-3052e1205d89" testId="17cbf434-78e7-42a5-6758-242cc94ac703" testName="CastAs434" computerName="EDSAC" duration="00:00:00.0004232" startTime="2010-12-04T13:10:27.8524671+00:00" endTime="2010-12-04T13:10:27.8614676+00:00" testType="13cdc9d9-ddb5-4fa4-a97d-d965ccfc6d4b" outcome="Passed" testListId="8c84fa94-04c1-424b-9868-57a2d4851a1d" relativeResultsDirectory="8c968460-20ff-4275-8a38-3052e1205d89">
    </UnitTestResult>
    <UnitTestResult executionId="2d2da106-f79a-481d-8d70-27ed29c57a09" testId="18234ca5-6af0-1355-5140-f92645f28e01" testName="If79" computerName="EDSAC" duration="00:00:00.0004768" startTime="2010-12-04T13:10:27.8644677+00:00" endTime="2010-12-04T13:10:27.8764684+00:00" testType="13cdc9d9-ddb5-4fa4-a97d-d965ccfc6d4b" outcome="Passed" testListId="8c84fa94-04c1-424b-9868-57a2d4851a1d" relativeResultsDirectory="2d2da106-f79a-481d-8d70-27ed29c57a09">
    </UnitTestResult>
    <UnitTestResult executionId="238435ca-541b-4fd7-b3f0-ab2dd09a7b88" testId="193af604-0c49-1c0a-39c2-739404c2ca21" testName="ForEach125" computerName="EDSAC" duration="00:00:00.0263009" startTime="2010-12-04T13:10:27.8804687+00:00" endTime="2010-12-04T13:10:27.9154707+00:00" testType="13cdc9d9-ddb5-4fa4-a97d-d965ccfc6d4b" outcome="Passed" testListId="8c84fa94-04c1-424b-9868-57a2d4851a1d" relativeResultsDirectory="238435ca-541b-4fd7-b3f0-ab2dd09a7b88">
    </UnitTestResult>
    <UnitTestResult executionId="34239cb6-bd6e-4a37-9496-ce7f2edc6a3e" testId="1a1204f8-80dc-63b9-41bb-196d59b5bd9c" testName="As21507" computerName="EDSAC" duration="00:00:00.0011879" startTime="2010-12-04T13:10:27.9214710+00:00" endTime="2010-12-04T13:10:27.9414722+00:00" testType="13cdc9d9-ddb5-4fa4-a97d-d965ccfc6d4b" outcome="Passed" testListId="8c84fa94-04c1-424b-9868-57a2d4851a1d" relativeResultsDirectory="34239cb6-bd6e-4a37-9496-ce7f2edc6a3e">
    </UnitTestResult>
    <UnitTestResult executionId="b358ed77-46b8-4fb7-82ae-b9a635e6277e" testId="1a2aa5e7-93f9-111f-f012-0d120146abe5" testName="IterThrowsContractException514" computerName="EDSAC" duration="00:00:00.0067509" startTime="2010-12-04T13:10:27.9584731+00:00" endTime="2010-12-04T13:10:27.9894749+00:00" testType="13cdc9d9-ddb5-4fa4-a97d-d965ccfc6d4b" outcome="Passed" testListId="8c84fa94-04c1-424b-9868-57a2d4851a1d" relativeResultsDirectory="b358ed77-46b8-4fb7-82ae-b9a635e6277e">
    </UnitTestResult>
    <UnitTestResult executionId="a5e39f10-9266-41ce-8ec9-3b6045b6c03d" testId="1d926c24-6749-5267-75d7-955626edc4df" testName="SubarrayThrowsContractException734" computerName="EDSAC" duration="00:00:00.0012794" startTime="2010-12-04T13:10:28.0144763+00:00" endTime="2010-12-04T13:10:28.0344775+00:00" testType="13cdc9d9-ddb5-4fa4-a97d-d965ccfc6d4b" outcome="Passed" testListId="8c84fa94-04c1-424b-9868-57a2d4851a1d" relativeResultsDirectory="a5e39f10-9266-41ce-8ec9-3b6045b6c03d">
    </UnitTestResult>
    <UnitTestResult executionId="23be4d38-df50-4eb8-bfc6-40c17f2c9de2" testId="1ddea7a7-fe10-238b-7e4c-5401f2a78e2b" testName="RandomThrowsContractException574" computerName="EDSAC" duration="00:00:00.0027175" startTime="2010-12-04T13:10:28.0514784+00:00" endTime="2010-12-04T13:10:28.0764799+00:00" testType="13cdc9d9-ddb5-4fa4-a97d-d965ccfc6d4b" outcome="Passed" testListId="8c84fa94-04c1-424b-9868-57a2d4851a1d" relativeResultsDirectory="23be4d38-df50-4eb8-bfc6-40c17f2c9de2">
    </UnitTestResult>
    <UnitTestResult executionId="4c8ac1f2-463b-49c3-9ffa-c6cea3687454" testId="1e0ca069-996e-4bc0-6164-74e9ee8107ac" testName="GetByPercentThrowsContractException730" computerName="EDSAC" duration="00:00:00.0012467" startTime="2010-12-04T13:10:28.0874805+00:00" endTime="2010-12-04T13:10:28.1124819+00:00" testType="13cdc9d9-ddb5-4fa4-a97d-d965ccfc6d4b" outcome="Passed" testListId="8c84fa94-04c1-424b-9868-57a2d4851a1d" relativeResultsDirectory="4c8ac1f2-463b-49c3-9ffa-c6cea3687454">
    </UnitTestResult>
    <UnitTestResult executionId="f6f17499-95a9-414f-ad56-57c45c0033f0" testId="1e811e95-82b3-7182-a1a6-ec99686bab87" testName="IsIn570" computerName="EDSAC" duration="00:00:00.0036362" startTime="2010-12-04T13:10:28.1434837+00:00" endTime="2010-12-04T13:10:28.1644849+00:00" testType="13cdc9d9-ddb5-4fa4-a97d-d965ccfc6d4b" outcome="Passed" testListId="8c84fa94-04c1-424b-9868-57a2d4851a1d" relativeResultsDirectory="f6f17499-95a9-414f-ad56-57c45c0033f0">
    </UnitTestResult>
    <UnitTestResult executionId="dec4df39-bcff-4ed6-82f2-cce419d4209c" testId="1fa5b7ed-be1a-69d3-e35d-61c48c394d37" testName="NullOr907" computerName="EDSAC" duration="00:00:00.0057201" startTime="2010-12-04T13:10:28.1704853+00:00" endTime="2010-12-04T13:10:28.1984869+00:00" testType="13cdc9d9-ddb5-4fa4-a97d-d965ccfc6d4b" outcome="Passed" testListId="8c84fa94-04c1-424b-9868-57a2d4851a1d" relativeResultsDirectory="dec4df39-bcff-4ed6-82f2-cce419d4209c">
    </UnitTestResult>
    <UnitTestResult executionId="9d7d0762-a60f-43a2-a13f-3dabf9ca5e65" testId="205ac4dd-1d38-125b-1cfd-036daa1ac16f" testName="RangeThrowsContractException913" computerName="EDSAC" duration="00:00:00.0130744" startTime="2010-12-04T13:10:28.2044872+00:00" endTime="2010-12-04T13:10:28.2324888+00:00" testType="13cdc9d9-ddb5-4fa4-a97d-d965ccfc6d4b" outcome="Passed" testListId="8c84fa94-04c1-424b-9868-57a2d4851a1d" relativeResultsDirectory="9d7d0762-a60f-43a2-a13f-3dabf9ca5e65">
    </UnitTestResult>
    <UnitTestResult executionId="6f2ccb23-1227-44b0-8caf-b067491a5ce3" testId="20789601-3bb2-517f-9c07-8755507d968d" testName="IsIn0134" computerName="EDSAC" duration="00:00:00.0057724" startTime="2010-12-04T13:10:28.2584903+00:00" endTime="2010-12-04T13:10:28.2854918+00:00" testType="13cdc9d9-ddb5-4fa4-a97d-d965ccfc6d4b" outcome="Passed" testListId="8c84fa94-04c1-424b-9868-57a2d4851a1d" relativeResultsDirectory="6f2ccb23-1227-44b0-8caf-b067491a5ce3">
    </UnitTestResult>
    <UnitTestResult executionId="df4c4f8a-2200-49f2-9bd1-97dd5ccc95f0" testId="221d319c-8869-0d4c-725e-9ea36949d716" testName="Iter960" computerName="EDSAC" duration="00:00:00.0016513" startTime="2010-12-04T13:10:28.2994926+00:00" endTime="2010-12-04T13:10:28.3184937+00:00" testType="13cdc9d9-ddb5-4fa4-a97d-d965ccfc6d4b" outcome="Passed" testListId="8c84fa94-04c1-424b-9868-57a2d4851a1d" relativeResultsDirectory="df4c4f8a-2200-49f2-9bd1-97dd5ccc95f0">
    </UnitTestResult>
    <UnitTestResult executionId="6f6de58c-21ec-4a79-8b17-b009b3e6c16b" testId="2250a8be-6947-1057-ceec-e49c62f651fa" testName="As21505" computerName="EDSAC" duration="00:00:00.0011721" startTime="2010-12-04T13:10:28.3364947+00:00" endTime="2010-12-04T13:10:28.3564959+00:00" testType="13cdc9d9-ddb5-4fa4-a97d-d965ccfc6d4b" outcome="Passed" testListId="8c84fa94-04c1-424b-9868-57a2d4851a1d" relativeResultsDirectory="6f6de58c-21ec-4a79-8b17-b009b3e6c16b">
    </UnitTestResult>
    <UnitTestResult executionId="0174b1cc-497f-494a-bc6b-5720fe5e3a9f" testId="22b3bc9e-2d91-4747-086b-d415be2c5776" testName="RangeThrowsContractException560" computerName="EDSAC" duration="00:00:00.0012864" startTime="2010-12-04T13:10:28.3794972+00:00" endTime="2010-12-04T13:10:28.3984983+00:00" testType="13cdc9d9-ddb5-4fa4-a97d-d965ccfc6d4b" outcome="Passed" testListId="8c84fa94-04c1-424b-9868-57a2d4851a1d" relativeResultsDirectory="0174b1cc-497f-494a-bc6b-5720fe5e3a9f">
    </UnitTestResult>
    <UnitTestResult executionId="a9ddf08b-2959-4fd9-bdc3-e123acd6233a" testId="244ce62b-951e-b470-32a3-7178f547fe21" testName="As01ThrowsContractException228" computerName="EDSAC" duration="00:00:00.0012267" startTime="2010-12-04T13:10:28.4044986+00:00" endTime="2010-12-04T13:10:28.4275000+00:00" testType="13cdc9d9-ddb5-4fa4-a97d-d965ccfc6d4b" outcome="Passed" testListId="8c84fa94-04c1-424b-9868-57a2d4851a1d" relativeResultsDirectory="a9ddf08b-2959-4fd9-bdc3-e123acd6233a">
    </UnitTestResult>
    <UnitTestResult executionId="6e98af19-1805-4020-a6e3-2a016b1f210f" testId="2664c1af-83be-d3ec-b2b2-1838fed1807c" testName="IsIn01ThrowsContractException279" computerName="EDSAC" duration="00:00:00.0013970" startTime="2010-12-04T13:10:28.4445009+00:00" endTime="2010-12-04T13:10:28.4655021+00:00" testType="13cdc9d9-ddb5-4fa4-a97d-d965ccfc6d4b" outcome="Passed" testListId="8c84fa94-04c1-424b-9868-57a2d4851a1d" relativeResultsDirectory="6e98af19-1805-4020-a6e3-2a016b1f210f">
    </UnitTestResult>
    <UnitTestResult executionId="42661fb7-303c-4111-b85a-f0c46fbfe91b" testId="26cd5a56-007e-00b1-b708-eca41e9cf9dc" testName="ForEachThrowsContractException727" computerName="EDSAC" duration="00:00:00.0013331" startTime="2010-12-04T13:10:28.4785029+00:00" endTime="2010-12-04T13:10:28.5165050+00:00" testType="13cdc9d9-ddb5-4fa4-a97d-d965ccfc6d4b" outcome="Passed" testListId="8c84fa94-04c1-424b-9868-57a2d4851a1d" relativeResultsDirectory="42661fb7-303c-4111-b85a-f0c46fbfe91b">
    </UnitTestResult>
    <UnitTestResult executionId="4a327bc8-2a4c-4376-baeb-209ca84deb14" testId="2a492a9b-f563-5e1e-f60c-76d1e2ee9ce9" testName="To723" computerName="EDSAC" duration="00:00:00.0049353" startTime="2010-12-04T13:10:28.5255056+00:00" endTime="2010-12-04T13:10:28.5485069+00:00" testType="13cdc9d9-ddb5-4fa4-a97d-d965ccfc6d4b" outcome="Passed" testListId="8c84fa94-04c1-424b-9868-57a2d4851a1d" relativeResultsDirectory="4a327bc8-2a4c-4376-baeb-209ca84deb14">
    </UnitTestResult>
    <UnitTestResult executionId="611780b3-851f-475a-8f8e-150f8ae90132" testId="2b439315-a245-09eb-2a28-a8a156c3b963" testName="As66" computerName="EDSAC" duration="00:00:00.0059604" startTime="2010-12-04T13:10:28.5575074+00:00" endTime="2010-12-04T13:10:28.5755084+00:00" testType="13cdc9d9-ddb5-4fa4-a97d-d965ccfc6d4b" outcome="Passed" testListId="8c84fa94-04c1-424b-9868-57a2d4851a1d" relativeResultsDirectory="611780b3-851f-475a-8f8e-150f8ae90132">
    </UnitTestResult>
    <UnitTestResult executionId="8f24d65f-a461-4784-85a9-873f1714939e" testId="2e107be2-e3af-1a8b-fb4b-bdb5534db4b8" testName="GetByPercent562" computerName="EDSAC" duration="00:00:00.0006891" startTime="2010-12-04T13:10:28.5845089+00:00" endTime="2010-12-04T13:10:28.5975097+00:00" testType="13cdc9d9-ddb5-4fa4-a97d-d965ccfc6d4b" outcome="Passed" testListId="8c84fa94-04c1-424b-9868-57a2d4851a1d" relativeResultsDirectory="8f24d65f-a461-4784-85a9-873f1714939e">
    </UnitTestResult>
    <UnitTestResult executionId="b3d5a075-5600-47e4-bda0-ffe1e880f9b4" testId="2f442340-39d2-2141-feae-caa93af13693" testName="To203" computerName="EDSAC" duration="00:00:00.0047267" startTime="2010-12-04T13:10:28.6055101+00:00" endTime="2010-12-04T13:10:28.6215110+00:00" testType="13cdc9d9-ddb5-4fa4-a97d-d965ccfc6d4b" outcome="Passed" testListId="8c84fa94-04c1-424b-9868-57a2d4851a1d" relativeResultsDirectory="b3d5a075-5600-47e4-bda0-ffe1e880f9b4">
    </UnitTestResult>
    <UnitTestResult executionId="ee44f347-0d92-4b21-a2ac-c63d857724f8" testId="2fd85783-fc83-f96f-d9bf-a6bcc5a252f1" testName="UnionAllThrowsContractException888" computerName="EDSAC" duration="00:00:00.0050328" startTime="2010-12-04T13:10:28.6255113+00:00" endTime="2010-12-04T13:10:28.6465125+00:00" testType="13cdc9d9-ddb5-4fa4-a97d-d965ccfc6d4b" outcome="Passed" testListId="8c84fa94-04c1-424b-9868-57a2d4851a1d" relativeResultsDirectory="ee44f347-0d92-4b21-a2ac-c63d857724f8">
    </UnitTestResult>
    <UnitTestResult executionId="9dddb7e9-63a7-4b8d-964b-7caaab49b987" testId="2ff38794-ad92-1998-3c20-e3ee775a8969" testName="TakeEveryThrowsContractException368" computerName="EDSAC" duration="00:00:00.0010984" startTime="2010-12-04T13:10:28.6665136+00:00" endTime="2010-12-04T13:10:28.6845147+00:00" testType="13cdc9d9-ddb5-4fa4-a97d-d965ccfc6d4b" outcome="Passed" testListId="8c84fa94-04c1-424b-9868-57a2d4851a1d" relativeResultsDirectory="9dddb7e9-63a7-4b8d-964b-7caaab49b987">
    </UnitTestResult>
    <UnitTestResult executionId="d51a51d7-b7ff-4a60-bb35-66f9e3e45736" testId="30d0053c-3b83-f6d8-7942-b6dbd27b329f" testName="Fill688" computerName="EDSAC" duration="00:00:00.0040492" startTime="2010-12-04T13:10:28.6865148+00:00" endTime="2010-12-04T13:10:28.7015156+00:00" testType="13cdc9d9-ddb5-4fa4-a97d-d965ccfc6d4b" outcome="Passed" testListId="8c84fa94-04c1-424b-9868-57a2d4851a1d" relativeResultsDirectory="d51a51d7-b7ff-4a60-bb35-66f9e3e45736">
    </UnitTestResult>
    <UnitTestResult executionId="da6e04ff-53e0-42ae-b3d2-faac0c9572ff" testId="33f07926-487a-5d2a-2e1a-64b2ae7d1065" testName="To04598" computerName="EDSAC" duration="00:00:00.0062418" startTime="2010-12-04T13:10:28.7085160+00:00" endTime="2010-12-04T13:10:28.7275171+00:00" testType="13cdc9d9-ddb5-4fa4-a97d-d965ccfc6d4b" outcome="Passed" testListId="8c84fa94-04c1-424b-9868-57a2d4851a1d" relativeResultsDirectory="da6e04ff-53e0-42ae-b3d2-faac0c9572ff">
    </UnitTestResult>
    <UnitTestResult executionId="c7723282-24d2-4332-a405-439f131af76c" testId="3902168e-77cb-c1b4-c44f-4336ab3b86bd" testName="EmptyIfNull122" computerName="EDSAC" duration="00:00:00.0025705" startTime="2010-12-04T13:10:28.7355176+00:00" endTime="2010-12-04T13:10:28.7495184+00:00" testType="13cdc9d9-ddb5-4fa4-a97d-d965ccfc6d4b" outcome="Passed" testListId="8c84fa94-04c1-424b-9868-57a2d4851a1d" relativeResultsDirectory="c7723282-24d2-4332-a405-439f131af76c">
    </UnitTestResult>
    <UnitTestResult executionId="2cdd5986-7d83-4894-b324-896b70c10416" testId="3950117e-1257-8bcc-63aa-35e8e8daf9e2" testName="To463" computerName="EDSAC" duration="00:00:00.0004936" startTime="2010-12-04T13:10:28.7625191+00:00" endTime="2010-12-04T13:10:28.7755199+00:00" testType="13cdc9d9-ddb5-4fa4-a97d-d965ccfc6d4b" outcome="Passed" testListId="8c84fa94-04c1-424b-9868-57a2d4851a1d" relativeResultsDirectory="2cdd5986-7d83-4894-b324-896b70c10416">
    </UnitTestResult>
    <UnitTestResult executionId="bb2c02df-d1ae-485f-a310-932f1307013c" testId="3a633eaa-632f-f936-1d35-4e407b494884" testName="As0163207" computerName="EDSAC" duration="00:00:00.0007073" startTime="2010-12-04T13:10:28.7835203+00:00" endTime="2010-12-04T13:10:28.7965211+00:00" testType="13cdc9d9-ddb5-4fa4-a97d-d965ccfc6d4b" outcome="Passed" testListId="8c84fa94-04c1-424b-9868-57a2d4851a1d" relativeResultsDirectory="bb2c02df-d1ae-485f-a310-932f1307013c">
    </UnitTestResult>
    <UnitTestResult executionId="3102427b-e311-4407-821f-ab77e32b412e" testId="3d3988d3-9563-f144-e6f1-47341372fdea" testName="As01303" computerName="EDSAC" duration="00:00:00.0016606" startTime="2010-12-04T13:10:28.8025214+00:00" endTime="2010-12-04T13:10:28.8165222+00:00" testType="13cdc9d9-ddb5-4fa4-a97d-d965ccfc6d4b" outcome="Passed" testListId="8c84fa94-04c1-424b-9868-57a2d4851a1d" relativeResultsDirectory="3102427b-e311-4407-821f-ab77e32b412e">
    </UnitTestResult>
    <UnitTestResult executionId="4d08af0c-82ee-4585-a050-fa4c4ce962bc" testId="3e37c17d-90fa-e89c-9aa5-d591fc3b0dec" testName="As01367" computerName="EDSAC" duration="00:00:00.0141308" startTime="2010-12-04T13:10:28.8245227+00:00" endTime="2010-12-04T13:10:28.8495241+00:00" testType="13cdc9d9-ddb5-4fa4-a97d-d965ccfc6d4b" outcome="Passed" testListId="8c84fa94-04c1-424b-9868-57a2d4851a1d" relativeResultsDirectory="4d08af0c-82ee-4585-a050-fa4c4ce962bc">
    </UnitTestResult>
    <UnitTestResult executionId="eef3ddb1-6ac7-47c7-9385-52ecd06fb61c" testId="46f11c29-0946-1ee3-1afe-afb72995b905" testName="IfNotNull01923" computerName="EDSAC" duration="00:00:00.0023027" startTime="2010-12-04T13:10:28.8585246+00:00" endTime="2010-12-04T13:10:28.8725254+00:00" testType="13cdc9d9-ddb5-4fa4-a97d-d965ccfc6d4b" outcome="Passed" testListId="8c84fa94-04c1-424b-9868-57a2d4851a1d" relativeResultsDirectory="eef3ddb1-6ac7-47c7-9385-52ecd06fb61c">
    </UnitTestResult>
    <UnitTestResult executionId="0e028c21-d761-444a-9490-ca64317a2bf7" testId="4796da93-05be-09dc-4928-16eafddcfcc3" testName="As0163203" computerName="EDSAC" duration="00:00:00.0007451" startTime="2010-12-04T13:10:28.8815259+00:00" endTime="2010-12-04T13:10:28.8935266+00:00" testType="13cdc9d9-ddb5-4fa4-a97d-d965ccfc6d4b" outcome="Passed" testListId="8c84fa94-04c1-424b-9868-57a2d4851a1d" relativeResultsDirectory="0e028c21-d761-444a-9490-ca64317a2bf7">
    </UnitTestResult>
    <UnitTestResult executionId="34d4225d-71b6-4323-bc5d-ed5db21ea1e6" testId="48745f52-01da-5495-8edc-495e0a033ca1" testName="As0163205" computerName="EDSAC" duration="00:00:00.0006938" startTime="2010-12-04T13:10:28.9005270+00:00" endTime="2010-12-04T13:10:28.9185280+00:00" testType="13cdc9d9-ddb5-4fa4-a97d-d965ccfc6d4b" outcome="Passed" testListId="8c84fa94-04c1-424b-9868-57a2d4851a1d" relativeResultsDirectory="34d4225d-71b6-4323-bc5d-ed5db21ea1e6">
    </UnitTestResult>
    <UnitTestResult executionId="54c9a8cd-cee9-4f5d-9eaa-eda6b6274bd3" testId="49b4e1b0-9a60-f1f3-7d8e-e1f63ecc7d50" testName="UnionAll02ThrowsContractException903" computerName="EDSAC" duration="00:00:00.0011865" startTime="2010-12-04T13:10:28.9285286+00:00" endTime="2010-12-04T13:10:28.9415294+00:00" testType="13cdc9d9-ddb5-4fa4-a97d-d965ccfc6d4b" outcome="Passed" testListId="8c84fa94-04c1-424b-9868-57a2d4851a1d" relativeResultsDirectory="54c9a8cd-cee9-4f5d-9eaa-eda6b6274bd3">
    </UnitTestResult>
    <UnitTestResult executionId="184fbc9c-80f0-423c-ac59-d326613a6173" testId="49b8113a-7c59-3ab5-29c7-c3f311407d47" testName="NullOrThrowsContractException550" computerName="EDSAC" duration="00:00:00.0009654" startTime="2010-12-04T13:10:28.9495298+00:00" endTime="2010-12-04T13:10:28.9625306+00:00" testType="13cdc9d9-ddb5-4fa4-a97d-d965ccfc6d4b" outcome="Passed" testListId="8c84fa94-04c1-424b-9868-57a2d4851a1d" relativeResultsDirectory="184fbc9c-80f0-423c-ac59-d326613a6173">
    </UnitTestResult>
    <UnitTestResult executionId="362989f0-ff29-474d-8a43-689eb32d0bac" testId="49ea2b91-d141-354e-2335-26f531007df0" testName="AsEnumerable01ThrowsContractException386" computerName="EDSAC" duration="00:00:00.0040837" startTime="2010-12-04T13:10:28.9695310+00:00" endTime="2010-12-04T13:10:28.9865319+00:00" testType="13cdc9d9-ddb5-4fa4-a97d-d965ccfc6d4b" outcome="Passed" testListId="8c84fa94-04c1-424b-9868-57a2d4851a1d" relativeResultsDirectory="362989f0-ff29-474d-8a43-689eb32d0bac">
    </UnitTestResult>
    <UnitTestResult executionId="70cb6c1c-f7f5-4943-ab14-b702e6ae26bc" testId="4abb984b-7c31-de55-0099-63a2ac65b83e" testName="WithThrowsContractException186" computerName="EDSAC" duration="00:00:00.0020582" startTime="2010-12-04T13:10:28.9985326+00:00" endTime="2010-12-04T13:10:29.0125334+00:00" testType="13cdc9d9-ddb5-4fa4-a97d-d965ccfc6d4b" outcome="Passed" testListId="8c84fa94-04c1-424b-9868-57a2d4851a1d" relativeResultsDirectory="70cb6c1c-f7f5-4943-ab14-b702e6ae26bc">
    </UnitTestResult>
    <UnitTestResult executionId="c75ff272-d739-4d17-9e81-592e83fcca41" testId="5514446b-a7eb-a40a-85ab-240a248bba2a" testName="To01637" computerName="EDSAC" duration="00:00:00.0005258" startTime="2010-12-04T13:10:29.0195338+00:00" endTime="2010-12-04T13:10:29.0325346+00:00" testType="13cdc9d9-ddb5-4fa4-a97d-d965ccfc6d4b" outcome="Passed" testListId="8c84fa94-04c1-424b-9868-57a2d4851a1d" relativeResultsDirectory="c75ff272-d739-4d17-9e81-592e83fcca41">
    </UnitTestResult>
    <UnitTestResult executionId="e6a2f73a-9eab-4cb6-8646-a9890d032105" testId="567a07ee-04bb-68f0-b054-7c3ac20e04d0" testName="Range377" computerName="EDSAC" duration="00:00:00.0011548" startTime="2010-12-04T13:10:29.0445352+00:00" endTime="2010-12-04T13:10:29.0585360+00:00" testType="13cdc9d9-ddb5-4fa4-a97d-d965ccfc6d4b" outcome="Passed" testListId="8c84fa94-04c1-424b-9868-57a2d4851a1d" relativeResultsDirectory="e6a2f73a-9eab-4cb6-8646-a9890d032105">
    </UnitTestResult>
    <UnitTestResult executionId="cec3fae1-de2e-42e6-86ec-11b1f60a9186" testId="5864e842-9f86-c9b6-bda0-04be2ae227ea" testName="With255" computerName="EDSAC" duration="00:00:00.0005589" startTime="2010-12-04T13:10:29.0655364+00:00" endTime="2010-12-04T13:10:29.0775371+00:00" testType="13cdc9d9-ddb5-4fa4-a97d-d965ccfc6d4b" outcome="Passed" testListId="8c84fa94-04c1-424b-9868-57a2d4851a1d" relativeResultsDirectory="cec3fae1-de2e-42e6-86ec-11b1f60a9186">
    </UnitTestResult>
    <UnitTestResult executionId="a84adb50-2a9d-4c15-9228-2e137bf6107a" testId="594704dd-0a86-b16d-988c-f53dd3e4a947" testName="SubarrayThrowsIndexOutOfRangeException237" computerName="EDSAC" duration="00:00:00.0044323" startTime="2010-12-04T13:10:29.0845375+00:00" endTime="2010-12-04T13:10:29.1005384+00:00" testType="13cdc9d9-ddb5-4fa4-a97d-d965ccfc6d4b" outcome="Failed" testListId="8c84fa94-04c1-424b-9868-57a2d4851a1d" relativeResultsDirectory="a84adb50-2a9d-4c15-9228-2e137bf6107a">
      <Output>
        <ErrorInfo>
          <Message>Test method SharpBag.ExtensionsTest.SubarrayThrowsIndexOutOfRangeException237 threw exception: 
System.IndexOutOfRangeException: Index was outside the bounds of the array.</Message>
          <StackTrace>    at SharpBag.Extensions.Subarray(Int32[,] a, Int32 x1, Int32 y1, Int32 x2, Int32 y2) in C:\Users\SuprDewd\Desktop\Projects\Forritun\SharpBag\SharpBag\Extensions.cs:line 569
   at SharpBag.ExtensionsTest.SubarrayThrowsIndexOutOfRangeException237() in C:\Users\SuprDewd\Desktop\Projects\Forritun\SharpBag\SharpBag.Tests01\ExtensionsTest.Subarray.g.cs:line 66
</StackTrace>
        </ErrorInfo>
      </Output>
    </UnitTestResult>
    <UnitTestResult executionId="b4b81caa-6385-4399-a5e2-4adaf0c163d5" testId="5aba0e57-1e97-6240-5ce7-34738ec9892e" testName="As0163202" computerName="EDSAC" duration="00:00:00.0007251" startTime="2010-12-04T13:10:29.1185395+00:00" endTime="2010-12-04T13:10:29.1305402+00:00" testType="13cdc9d9-ddb5-4fa4-a97d-d965ccfc6d4b" outcome="Passed" testListId="8c84fa94-04c1-424b-9868-57a2d4851a1d" relativeResultsDirectory="b4b81caa-6385-4399-a5e2-4adaf0c163d5">
    </UnitTestResult>
    <UnitTestResult executionId="e2a6bcfc-52ae-4e18-b66d-def77a24211b" testId="5adb9ee5-30ee-88f6-0128-821d18abc579" testName="ToDictionary652" computerName="EDSAC" duration="00:00:00.0030385" startTime="2010-12-04T13:10:29.1425409+00:00" endTime="2010-12-04T13:10:29.1565417+00:00" testType="13cdc9d9-ddb5-4fa4-a97d-d965ccfc6d4b" outcome="Passed" testListId="8c84fa94-04c1-424b-9868-57a2d4851a1d" relativeResultsDirectory="e2a6bcfc-52ae-4e18-b66d-def77a24211b">
    </UnitTestResult>
    <UnitTestResult executionId="c4e52ae0-23a3-4fca-a988-4cffb421bdf7" testId="5d9b7cef-774f-9ce0-c97d-9f98a260007e" testName="IsNullableTypeThrowsContractException16" computerName="EDSAC" duration="00:00:00.0008790" startTime="2010-12-04T13:10:29.1635421+00:00" endTime="2010-12-04T13:10:29.1775429+00:00" testType="13cdc9d9-ddb5-4fa4-a97d-d965ccfc6d4b" outcome="Passed" testListId="8c84fa94-04c1-424b-9868-57a2d4851a1d" relativeResultsDirectory="c4e52ae0-23a3-4fca-a988-4cffb421bdf7">
    </UnitTestResult>
    <UnitTestResult executionId="92c081e6-4632-4686-b584-d78b9d25ddac" testId="5eb081c6-7954-7661-1c9d-175369539add" testName="To04ThrowsContractException971" computerName="EDSAC" duration="00:00:00.0008954" startTime="2010-12-04T13:10:29.1875434+00:00" endTime="2010-12-04T13:10:29.2005442+00:00" testType="13cdc9d9-ddb5-4fa4-a97d-d965ccfc6d4b" outcome="Passed" testListId="8c84fa94-04c1-424b-9868-57a2d4851a1d" relativeResultsDirectory="92c081e6-4632-4686-b584-d78b9d25ddac">
    </UnitTestResult>
    <UnitTestResult executionId="8ec9c985-2989-4c09-87d4-4615fd173119" testId="633e6a31-e7c1-dc4e-810e-71a427cf70a8" testName="IsNot859" computerName="EDSAC" duration="00:00:00.0007787" startTime="2010-12-04T13:10:29.2105447+00:00" endTime="2010-12-04T13:10:29.2235455+00:00" testType="13cdc9d9-ddb5-4fa4-a97d-d965ccfc6d4b" outcome="Passed" testListId="8c84fa94-04c1-424b-9868-57a2d4851a1d" relativeResultsDirectory="8ec9c985-2989-4c09-87d4-4615fd173119">
    </UnitTestResult>
    <UnitTestResult executionId="89420917-c51f-458c-84fd-3c3b1e3550fc" testId="635fff99-cecb-31ab-c7e4-e3c205a5337d" testName="Times258" computerName="EDSAC" duration="00:00:00.0092360" startTime="2010-12-04T13:10:29.2325460+00:00" endTime="2010-12-04T13:10:29.2535472+00:00" testType="13cdc9d9-ddb5-4fa4-a97d-d965ccfc6d4b" outcome="Passed" testListId="8c84fa94-04c1-424b-9868-57a2d4851a1d" relativeResultsDirectory="89420917-c51f-458c-84fd-3c3b1e3550fc">
    </UnitTestResult>
    <UnitTestResult executionId="95d942a2-535f-4670-9724-7909ca08e842" testId="644c941d-d40b-5655-7852-107ffef9acae" testName="Subarray305" computerName="EDSAC" duration="00:00:00.0012967" startTime="2010-12-04T13:10:29.2635478+00:00" endTime="2010-12-04T13:10:29.2785486+00:00" testType="13cdc9d9-ddb5-4fa4-a97d-d965ccfc6d4b" outcome="Passed" testListId="8c84fa94-04c1-424b-9868-57a2d4851a1d" relativeResultsDirectory="95d942a2-535f-4670-9724-7909ca08e842">
    </UnitTestResult>
    <UnitTestResult executionId="92422837-7490-4c73-94da-3751135656fb" testId="646233b6-d9da-dd2f-a80d-4b417491cb8d" testName="IsInThrowsContractException240" computerName="EDSAC" duration="00:00:00.0009626" startTime="2010-12-04T13:10:29.2855490+00:00" endTime="2010-12-04T13:10:29.2985498+00:00" testType="13cdc9d9-ddb5-4fa4-a97d-d965ccfc6d4b" outcome="Passed" testListId="8c84fa94-04c1-424b-9868-57a2d4851a1d" relativeResultsDirectory="92422837-7490-4c73-94da-3751135656fb">
    </UnitTestResult>
    <UnitTestResult executionId="103037ca-e241-4840-9b03-df32b7130c6b" testId="67060c20-8464-3afb-a152-2d973dbdaed1" testName="ToDictionaryThrowsContractException647" computerName="EDSAC" duration="00:00:00.0008431" startTime="2010-12-04T13:10:29.3125506+00:00" endTime="2010-12-04T13:10:29.3315517+00:00" testType="13cdc9d9-ddb5-4fa4-a97d-d965ccfc6d4b" outcome="Passed" testListId="8c84fa94-04c1-424b-9868-57a2d4851a1d" relativeResultsDirectory="103037ca-e241-4840-9b03-df32b7130c6b">
    </UnitTestResult>
    <UnitTestResult executionId="6d5f0f08-ba41-4c06-86d8-6a8543c7ea12" testId="68fbef60-27f3-cd83-2f44-63ae34afe9d9" testName="UnionAll02339" computerName="EDSAC" duration="00:00:00.0010713" startTime="2010-12-04T13:10:29.3385521+00:00" endTime="2010-12-04T13:10:29.3515528+00:00" testType="13cdc9d9-ddb5-4fa4-a97d-d965ccfc6d4b" outcome="Passed" testListId="8c84fa94-04c1-424b-9868-57a2d4851a1d" relativeResultsDirectory="6d5f0f08-ba41-4c06-86d8-6a8543c7ea12">
    </UnitTestResult>
    <UnitTestResult executionId="e21d1f31-4662-4cb7-9ba4-7ddc262e2103" testId="6b7dcc70-66b6-d437-fa4f-aad0a0e1d53f" testName="To02ThrowsEntryPointNotFoundException897" computerName="EDSAC" duration="00:00:00.0063151" startTime="2010-12-04T13:10:29.3545530+00:00" endTime="2010-12-04T13:10:29.3755542+00:00" testType="13cdc9d9-ddb5-4fa4-a97d-d965ccfc6d4b" outcome="Passed" testListId="8c84fa94-04c1-424b-9868-57a2d4851a1d" relativeResultsDirectory="e21d1f31-4662-4cb7-9ba4-7ddc262e2103">
    </UnitTestResult>
    <UnitTestResult executionId="d4d10106-61eb-4216-82b7-d9316d660d0c" testId="6c295435-dd19-448d-1c55-866f7f6136a5" testName="RangeThrowsContractException402" computerName="EDSAC" duration="00:00:00.0013410" startTime="2010-12-04T13:10:29.3895550+00:00" endTime="2010-12-04T13:10:29.4035558+00:00" testType="13cdc9d9-ddb5-4fa4-a97d-d965ccfc6d4b" outcome="Passed" testListId="8c84fa94-04c1-424b-9868-57a2d4851a1d" relativeResultsDirectory="d4d10106-61eb-4216-82b7-d9316d660d0c">
    </UnitTestResult>
    <UnitTestResult executionId="ab7f0798-8d06-48fd-aa29-4b837cbab04e" testId="6d798907-2cda-5ed7-51cd-5487f7235fb8" testName="To01ThrowsContractException160" computerName="EDSAC" duration="00:00:00.0008613" startTime="2010-12-04T13:10:29.4135564+00:00" endTime="2010-12-04T13:10:29.4265571+00:00" testType="13cdc9d9-ddb5-4fa4-a97d-d965ccfc6d4b" outcome="Passed" testListId="8c84fa94-04c1-424b-9868-57a2d4851a1d" relativeResultsDirectory="ab7f0798-8d06-48fd-aa29-4b837cbab04e">
    </UnitTestResult>
    <UnitTestResult executionId="a1e72c77-d640-42ad-a3ce-28844d6b714d" testId="6ea29e89-2e15-126e-eecf-3f7b211c52eb" testName="Subarray142" computerName="EDSAC" duration="00:00:00.0016014" startTime="2010-12-04T13:10:29.4375577+00:00" endTime="2010-12-04T13:10:29.4505585+00:00" testType="13cdc9d9-ddb5-4fa4-a97d-d965ccfc6d4b" outcome="Passed" testListId="8c84fa94-04c1-424b-9868-57a2d4851a1d" relativeResultsDirectory="a1e72c77-d640-42ad-a3ce-28844d6b714d">
    </UnitTestResult>
    <UnitTestResult executionId="d35acd1a-4a6a-4981-ab8a-092db775729f" testId="6f205f53-5c1d-2d23-0592-7823ba18d3aa" testName="IsIn34" computerName="EDSAC" duration="00:00:00.0019541" startTime="2010-12-04T13:10:29.4565588+00:00" endTime="2010-12-04T13:10:29.4705596+00:00" testType="13cdc9d9-ddb5-4fa4-a97d-d965ccfc6d4b" outcome="Passed" testListId="8c84fa94-04c1-424b-9868-57a2d4851a1d" relativeResultsDirectory="d35acd1a-4a6a-4981-ab8a-092db775729f">
    </UnitTestResult>
    <UnitTestResult executionId="4b6573d1-ad57-49a2-9754-a4d4b2e39a04" testId="704833fc-664b-cb0a-a6d9-59354a3ac7df" testName="To04825" computerName="EDSAC" duration="00:00:00.0006434" startTime="2010-12-04T13:10:29.4745598+00:00" endTime="2010-12-04T13:10:29.4915608+00:00" testType="13cdc9d9-ddb5-4fa4-a97d-d965ccfc6d4b" outcome="Passed" testListId="8c84fa94-04c1-424b-9868-57a2d4851a1d" relativeResultsDirectory="4b6573d1-ad57-49a2-9754-a4d4b2e39a04">
    </UnitTestResult>
    <UnitTestResult executionId="80f1ef6b-228c-4913-92e3-cb353c3ccb70" testId="7068f11c-cf82-d38d-0f16-16dd9f7c090f" testName="Add609" computerName="EDSAC" duration="00:00:00.0008912" startTime="2010-12-04T13:10:29.4975612+00:00" endTime="2010-12-04T13:10:29.5105619+00:00" testType="13cdc9d9-ddb5-4fa4-a97d-d965ccfc6d4b" outcome="Passed" testListId="8c84fa94-04c1-424b-9868-57a2d4851a1d" relativeResultsDirectory="80f1ef6b-228c-4913-92e3-cb353c3ccb70">
    </UnitTestResult>
    <UnitTestResult executionId="0093b5cb-6365-4efb-b96b-8b04635f612d" testId="71fdaff9-49bf-b223-1fec-b90817ed9152" testName="TakeEveryThrowsContractException57" computerName="EDSAC" duration="00:00:00.0010204" startTime="2010-12-04T13:10:29.5145621+00:00" endTime="2010-12-04T13:10:29.5255628+00:00" testType="13cdc9d9-ddb5-4fa4-a97d-d965ccfc6d4b" outcome="Passed" testListId="8c84fa94-04c1-424b-9868-57a2d4851a1d" relativeResultsDirectory="0093b5cb-6365-4efb-b96b-8b04635f612d">
    </UnitTestResult>
    <UnitTestResult executionId="cc3097b4-f6d1-4341-ac1e-f25c1bcbe35a" testId="752747b0-a36b-eb83-ec59-1c939066a812" testName="UnionAll01355" computerName="EDSAC" duration="00:00:00.0044435" startTime="2010-12-04T13:10:29.5285629+00:00" endTime="2010-12-04T13:10:29.5425637+00:00" testType="13cdc9d9-ddb5-4fa4-a97d-d965ccfc6d4b" outcome="Passed" testListId="8c84fa94-04c1-424b-9868-57a2d4851a1d" relativeResultsDirectory="cc3097b4-f6d1-4341-ac1e-f25c1bcbe35a">
    </UnitTestResult>
    <UnitTestResult executionId="b4ebc923-7a3d-4c65-ad65-b0a73d8a4229" testId="767e3845-1b47-6225-c38c-e6345e12262a" testName="Is373" computerName="EDSAC" duration="00:00:00.0063137" startTime="2010-12-04T13:10:29.5455639+00:00" endTime="2010-12-04T13:10:29.5665651+00:00" testType="13cdc9d9-ddb5-4fa4-a97d-d965ccfc6d4b" outcome="Passed" testListId="8c84fa94-04c1-424b-9868-57a2d4851a1d" relativeResultsDirectory="b4ebc923-7a3d-4c65-ad65-b0a73d8a4229">
    </UnitTestResult>
    <UnitTestResult executionId="5829d696-6378-45c8-a531-2b885200eeec" testId="7743f34e-ac5f-23a3-8e8f-212222420029" testName="As215" computerName="EDSAC" duration="00:00:00.0008786" startTime="2010-12-04T13:10:29.5715654+00:00" endTime="2010-12-04T13:10:29.5895664+00:00" testType="13cdc9d9-ddb5-4fa4-a97d-d965ccfc6d4b" outcome="Passed" testListId="8c84fa94-04c1-424b-9868-57a2d4851a1d" relativeResultsDirectory="5829d696-6378-45c8-a531-2b885200eeec">
    </UnitTestResult>
    <UnitTestResult executionId="7d191f8d-1414-402f-a875-a7cc66e25796" testId="77908785-744a-2461-09c9-ef819284a9cc" testName="ExecuteThrowsContractException78" computerName="EDSAC" duration="00:00:00.0025196" startTime="2010-12-04T13:10:29.5995670+00:00" endTime="2010-12-04T13:10:29.6155679+00:00" testType="13cdc9d9-ddb5-4fa4-a97d-d965ccfc6d4b" outcome="Passed" testListId="8c84fa94-04c1-424b-9868-57a2d4851a1d" relativeResultsDirectory="7d191f8d-1414-402f-a875-a7cc66e25796">
    </UnitTestResult>
    <UnitTestResult executionId="2fca3630-0b7a-429f-9873-2b473df957ab" testId="78086264-20f3-c7b4-e13e-997436ec518b" testName="UnionAll01ThrowsContractException589" computerName="EDSAC" duration="00:00:00.0010223" startTime="2010-12-04T13:10:29.6255685+00:00" endTime="2010-12-04T13:10:29.6405693+00:00" testType="13cdc9d9-ddb5-4fa4-a97d-d965ccfc6d4b" outcome="Passed" testListId="8c84fa94-04c1-424b-9868-57a2d4851a1d" relativeResultsDirectory="2fca3630-0b7a-429f-9873-2b473df957ab">
    </UnitTestResult>
    <UnitTestResult executionId="318d6c36-a73b-437a-af30-abcdd4527884" testId="7896ac03-38fd-b99c-d27e-6cbd208a3f1e" testName="As21502" computerName="EDSAC" duration="00:00:00.0071722" startTime="2010-12-04T13:10:29.6445696+00:00" endTime="2010-12-04T13:10:29.6635707+00:00" testType="13cdc9d9-ddb5-4fa4-a97d-d965ccfc6d4b" outcome="Passed" testListId="8c84fa94-04c1-424b-9868-57a2d4851a1d" relativeResultsDirectory="318d6c36-a73b-437a-af30-abcdd4527884">
    </UnitTestResult>
    <UnitTestResult executionId="b1bd31a2-69df-4bac-8c5f-ac42ca87b3f3" testId="7d85dd6d-e955-0c88-df95-d36cadd3d7ff" testName="IsNullOrEmpty839" computerName="EDSAC" duration="00:00:00.0009663" startTime="2010-12-04T13:10:29.6785715+00:00" endTime="2010-12-04T13:10:29.6935724+00:00" testType="13cdc9d9-ddb5-4fa4-a97d-d965ccfc6d4b" outcome="Passed" testListId="8c84fa94-04c1-424b-9868-57a2d4851a1d" relativeResultsDirectory="b1bd31a2-69df-4bac-8c5f-ac42ca87b3f3">
    </UnitTestResult>
    <UnitTestResult executionId="607c50e1-1de2-4692-b8fb-1b35890af562" testId="7edd5b56-0f03-8716-c3c8-130b2e422ca5" testName="As014" computerName="EDSAC" duration="00:00:00.0968300" startTime="2010-12-04T13:10:29.7055731+00:00" endTime="2010-12-04T13:10:29.8145793+00:00" testType="13cdc9d9-ddb5-4fa4-a97d-d965ccfc6d4b" outcome="Passed" testListId="8c84fa94-04c1-424b-9868-57a2d4851a1d" relativeResultsDirectory="607c50e1-1de2-4692-b8fb-1b35890af562">
    </UnitTestResult>
    <UnitTestResult executionId="af436e86-081e-4991-a522-006208216889" testId="7f627b84-c634-6195-b636-ad9c00404c56" testName="IfNotNull173" computerName="EDSAC" duration="00:00:00.0018669" startTime="2010-12-04T13:10:29.8235798+00:00" endTime="2010-12-04T13:10:29.8345804+00:00" testType="13cdc9d9-ddb5-4fa4-a97d-d965ccfc6d4b" outcome="Passed" testListId="8c84fa94-04c1-424b-9868-57a2d4851a1d" relativeResultsDirectory="af436e86-081e-4991-a522-006208216889">
    </UnitTestResult>
    <UnitTestResult executionId="37646238-3472-45ed-9878-a75fd889e500" testId="7fd69db5-bd97-d0f9-53e8-99ad322c752b" testName="InvokeIfRequired01ThrowsContractException792" computerName="EDSAC" duration="00:00:00.0021599" startTime="2010-12-04T13:10:29.8445810+00:00" endTime="2010-12-04T13:10:29.8565817+00:00" testType="13cdc9d9-ddb5-4fa4-a97d-d965ccfc6d4b" outcome="Passed" testListId="8c84fa94-04c1-424b-9868-57a2d4851a1d" relativeResultsDirectory="37646238-3472-45ed-9878-a75fd889e500">
    </UnitTestResult>
    <UnitTestResult executionId="6b5975cb-3beb-4d91-ab4b-8e92d072de4a" testId="805ce682-089b-aeb5-3890-6340750c38cb" testName="SubarrayThrowsIndexOutOfRangeException719" computerName="EDSAC" duration="00:00:00.0029615" startTime="2010-12-04T13:10:29.8665823+00:00" endTime="2010-12-04T13:10:29.8795830+00:00" testType="13cdc9d9-ddb5-4fa4-a97d-d965ccfc6d4b" outcome="Failed" testListId="8c84fa94-04c1-424b-9868-57a2d4851a1d" relativeResultsDirectory="6b5975cb-3beb-4d91-ab4b-8e92d072de4a">
      <Output>
        <ErrorInfo>
          <Message>Test method SharpBag.ExtensionsTest.SubarrayThrowsIndexOutOfRangeException719 threw exception: 
System.IndexOutOfRangeException: Index was outside the bounds of the array.</Message>
          <StackTrace>    at SharpBag.Extensions.Subarray(Int32[,] a, Int32 x1, Int32 y1, Int32 x2, Int32 y2) in C:\Users\SuprDewd\Desktop\Projects\Forritun\SharpBag\SharpBag\Extensions.cs:line 569
   at SharpBag.ExtensionsTest.SubarrayThrowsIndexOutOfRangeException719() in C:\Users\SuprDewd\Desktop\Projects\Forritun\SharpBag\SharpBag.Tests01\ExtensionsTest.Subarray.g.cs:line 76
</StackTrace>
        </ErrorInfo>
      </Output>
    </UnitTestResult>
    <UnitTestResult executionId="881d103c-762a-4e6c-a5b1-ee64b6519c42" testId="8076c83d-2717-5964-7e9d-50cc5e2706b9" testName="Add885" computerName="EDSAC" duration="00:00:00.0006261" startTime="2010-12-04T13:10:29.8935838+00:00" endTime="2010-12-04T13:10:29.9045844+00:00" testType="13cdc9d9-ddb5-4fa4-a97d-d965ccfc6d4b" outcome="Passed" testListId="8c84fa94-04c1-424b-9868-57a2d4851a1d" relativeResultsDirectory="881d103c-762a-4e6c-a5b1-ee64b6519c42">
    </UnitTestResult>
    <UnitTestResult executionId="bd040673-534f-4143-9af7-e88c79eecf29" testId="808822f6-9c85-0a33-f1f9-4d64c79fb975" testName="As763" computerName="EDSAC" duration="00:00:00.0012523" startTime="2010-12-04T13:10:29.9155851+00:00" endTime="2010-12-04T13:10:29.9315860+00:00" testType="13cdc9d9-ddb5-4fa4-a97d-d965ccfc6d4b" outcome="Passed" testListId="8c84fa94-04c1-424b-9868-57a2d4851a1d" relativeResultsDirectory="bd040673-534f-4143-9af7-e88c79eecf29">
    </UnitTestResult>
    <UnitTestResult executionId="286fd2b6-bca6-4626-bcc8-b0a024c02e1b" testId="81c4858e-2ab2-b121-25c5-9c96ee04a442" testName="ForEach788" computerName="EDSAC" duration="00:00:00.0010657" startTime="2010-12-04T13:10:29.9365863+00:00" endTime="2010-12-04T13:10:29.9595876+00:00" testType="13cdc9d9-ddb5-4fa4-a97d-d965ccfc6d4b" outcome="Passed" testListId="8c84fa94-04c1-424b-9868-57a2d4851a1d" relativeResultsDirectory="286fd2b6-bca6-4626-bcc8-b0a024c02e1b">
    </UnitTestResult>
    <UnitTestResult executionId="98ff1524-3b34-4da1-aa20-aad816696e00" testId="84a133d0-001f-a986-72f9-cc05e5f25751" testName="AsEnumerable560" computerName="EDSAC" duration="00:00:00.0135289" startTime="2010-12-04T13:10:29.9645879+00:00" endTime="2010-12-04T13:10:29.9935895+00:00" testType="13cdc9d9-ddb5-4fa4-a97d-d965ccfc6d4b" outcome="Passed" testListId="8c84fa94-04c1-424b-9868-57a2d4851a1d" relativeResultsDirectory="98ff1524-3b34-4da1-aa20-aad816696e00">
    </UnitTestResult>
    <UnitTestResult executionId="15d047bc-d71e-4b07-ade7-6fb32beee84a" testId="8d424c8f-9c8d-8bdb-c98c-1e76a87f52e2" testName="Shuffle565" computerName="EDSAC" duration="00:00:00.0126619" startTime="2010-12-04T13:10:29.9995899+00:00" endTime="2010-12-04T13:10:30.0265914+00:00" testType="13cdc9d9-ddb5-4fa4-a97d-d965ccfc6d4b" outcome="Passed" testListId="8c84fa94-04c1-424b-9868-57a2d4851a1d" relativeResultsDirectory="15d047bc-d71e-4b07-ade7-6fb32beee84a">
    </UnitTestResult>
    <UnitTestResult executionId="8a8e58dd-f737-4b1d-bf59-f53bebac569e" testId="8dec4c0d-9137-8bca-e823-6edddad67b2a" testName="As568" computerName="EDSAC" duration="00:00:00.0015944" startTime="2010-12-04T13:10:30.0315917+00:00" endTime="2010-12-04T13:10:30.0675938+00:00" testType="13cdc9d9-ddb5-4fa4-a97d-d965ccfc6d4b" outcome="Passed" testListId="8c84fa94-04c1-424b-9868-57a2d4851a1d" relativeResultsDirectory="8a8e58dd-f737-4b1d-bf59-f53bebac569e">
    </UnitTestResult>
    <UnitTestResult executionId="c2ab521a-f8b3-46c8-9497-af36070313db" testId="9124fa98-251f-1756-0c3a-757c402d6c99" testName="Random01ThrowsContractException243" computerName="EDSAC" duration="00:00:00.0035737" startTime="2010-12-04T13:10:30.0725940+00:00" endTime="2010-12-04T13:10:30.0975955+00:00" testType="13cdc9d9-ddb5-4fa4-a97d-d965ccfc6d4b" outcome="Passed" testListId="8c84fa94-04c1-424b-9868-57a2d4851a1d" relativeResultsDirectory="c2ab521a-f8b3-46c8-9497-af36070313db">
    </UnitTestResult>
    <UnitTestResult executionId="67ddf688-6ecd-4a42-a680-ecee2459a7ac" testId="9490af69-1deb-35f8-e7a6-20a35084fff2" testName="Fill571" computerName="EDSAC" duration="00:00:00.0005538" startTime="2010-12-04T13:10:30.1045959+00:00" endTime="2010-12-04T13:10:30.1245970+00:00" testType="13cdc9d9-ddb5-4fa4-a97d-d965ccfc6d4b" outcome="Passed" testListId="8c84fa94-04c1-424b-9868-57a2d4851a1d" relativeResultsDirectory="67ddf688-6ecd-4a42-a680-ecee2459a7ac">
    </UnitTestResult>
    <UnitTestResult executionId="468d84c9-9a5b-4468-91fc-300e2f58baef" testId="99e69473-c3b8-a5a3-ffae-e281487c9f70" testName="Execute933" computerName="EDSAC" duration="00:00:00.0006275" startTime="2010-12-04T13:10:30.1495985+00:00" endTime="2010-12-04T13:10:30.1665994+00:00" testType="13cdc9d9-ddb5-4fa4-a97d-d965ccfc6d4b" outcome="Passed" testListId="8c84fa94-04c1-424b-9868-57a2d4851a1d" relativeResultsDirectory="468d84c9-9a5b-4468-91fc-300e2f58baef">
    </UnitTestResult>
    <UnitTestResult executionId="78d4e2cb-1b58-4b48-8400-985b22090cf9" testId="9c518775-786a-f96e-d480-17e4052cdbf8" testName="IterThrowsContractException991" computerName="EDSAC" duration="00:00:00.0018351" startTime="2010-12-04T13:10:30.1826003+00:00" endTime="2010-12-04T13:10:30.2006014+00:00" testType="13cdc9d9-ddb5-4fa4-a97d-d965ccfc6d4b" outcome="Passed" testListId="8c84fa94-04c1-424b-9868-57a2d4851a1d" relativeResultsDirectory="78d4e2cb-1b58-4b48-8400-985b22090cf9">
    </UnitTestResult>
    <UnitTestResult executionId="c1cd64fb-71d3-452b-99e6-ac843062335c" testId="9c9afe3f-60c7-8c08-d3be-1e989acc7622" testName="InvokeIfRequiredThrowsContractException324" computerName="EDSAC" duration="00:00:00.0029802" startTime="2010-12-04T13:10:30.2196025+00:00" endTime="2010-12-04T13:10:30.2406037+00:00" testType="13cdc9d9-ddb5-4fa4-a97d-d965ccfc6d4b" outcome="Passed" testListId="8c84fa94-04c1-424b-9868-57a2d4851a1d" relativeResultsDirectory="c1cd64fb-71d3-452b-99e6-ac843062335c">
    </UnitTestResult>
    <UnitTestResult executionId="0d8844b0-6d95-40c2-bf69-94ec5afaebba" testId="9d4922e1-95bb-cc07-dd59-02aa21bc0c9d" testName="As6" computerName="EDSAC" duration="00:00:00.0018361" startTime="2010-12-04T13:10:30.2456039+00:00" endTime="2010-12-04T13:10:30.2686053+00:00" testType="13cdc9d9-ddb5-4fa4-a97d-d965ccfc6d4b" outcome="Passed" testListId="8c84fa94-04c1-424b-9868-57a2d4851a1d" relativeResultsDirectory="0d8844b0-6d95-40c2-bf69-94ec5afaebba">
    </UnitTestResult>
    <UnitTestResult executionId="61f15b72-5044-4ead-bc24-d6c150b131c0" testId="9f469160-5fe3-b1e7-0220-66c2cc9d5d2b" testName="TimesThrowsContractException121" computerName="EDSAC" duration="00:00:00.0013489" startTime="2010-12-04T13:10:30.2726055+00:00" endTime="2010-12-04T13:10:30.3016071+00:00" testType="13cdc9d9-ddb5-4fa4-a97d-d965ccfc6d4b" outcome="Passed" testListId="8c84fa94-04c1-424b-9868-57a2d4851a1d" relativeResultsDirectory="61f15b72-5044-4ead-bc24-d6c150b131c0">
    </UnitTestResult>
    <UnitTestResult executionId="43fd1ea7-5e42-4d81-bd97-cddbc9026909" testId="a5017919-7828-b52a-3fcf-0e88954eb83a" testName="IfNotNull01597" computerName="EDSAC" duration="00:00:00.0007671" startTime="2010-12-04T13:10:30.3066074+00:00" endTime="2010-12-04T13:10:30.3316089+00:00" testType="13cdc9d9-ddb5-4fa4-a97d-d965ccfc6d4b" outcome="Passed" testListId="8c84fa94-04c1-424b-9868-57a2d4851a1d" relativeResultsDirectory="43fd1ea7-5e42-4d81-bd97-cddbc9026909">
    </UnitTestResult>
    <UnitTestResult executionId="a5143276-13f4-4609-bb32-1738858ab151" testId="a51caca7-6a0e-8bea-fb89-3104ddb0e38a" testName="Fill105" computerName="EDSAC" duration="00:00:00.0005492" startTime="2010-12-04T13:10:30.3396093+00:00" endTime="2010-12-04T13:10:30.3626106+00:00" testType="13cdc9d9-ddb5-4fa4-a97d-d965ccfc6d4b" outcome="Passed" testListId="8c84fa94-04c1-424b-9868-57a2d4851a1d" relativeResultsDirectory="a5143276-13f4-4609-bb32-1738858ab151">
    </UnitTestResult>
    <UnitTestResult executionId="16a18323-92ae-4dcb-87fd-f6dd31994a20" testId="a54e40a4-c460-0f5a-3324-94dd8c77f779" testName="Random431" computerName="EDSAC" duration="00:00:00.0012075" startTime="2010-12-04T13:10:30.3676109+00:00" endTime="2010-12-04T13:10:30.3936124+00:00" testType="13cdc9d9-ddb5-4fa4-a97d-d965ccfc6d4b" outcome="Passed" testListId="8c84fa94-04c1-424b-9868-57a2d4851a1d" relativeResultsDirectory="16a18323-92ae-4dcb-87fd-f6dd31994a20">
    </UnitTestResult>
    <UnitTestResult executionId="c6076cf3-7896-48cd-8b41-404b39fca9ad" testId="a67abeae-f275-21d8-f4a8-e10a60739baa" testName="UnionAll136" computerName="EDSAC" duration="00:00:00.0017026" startTime="2010-12-04T13:10:30.3986127+00:00" endTime="2010-12-04T13:10:30.4346148+00:00" testType="13cdc9d9-ddb5-4fa4-a97d-d965ccfc6d4b" outcome="Passed" testListId="8c84fa94-04c1-424b-9868-57a2d4851a1d" relativeResultsDirectory="c6076cf3-7896-48cd-8b41-404b39fca9ad">
    </UnitTestResult>
    <UnitTestResult executionId="84a47343-4831-4bfb-bfbc-86b1ac14cc90" testId="a6967160-696a-a27d-116b-53906f8b68d5" testName="As294" computerName="EDSAC" duration="00:00:00.0015304" startTime="2010-12-04T13:10:30.4406151+00:00" endTime="2010-12-04T13:10:30.4686167+00:00" testType="13cdc9d9-ddb5-4fa4-a97d-d965ccfc6d4b" outcome="Passed" testListId="8c84fa94-04c1-424b-9868-57a2d4851a1d" relativeResultsDirectory="84a47343-4831-4bfb-bfbc-86b1ac14cc90">
    </UnitTestResult>
    <UnitTestResult executionId="bd92999d-2f14-4abc-b694-9d12ac88e1f0" testId="a9c998c1-d601-9d48-a5aa-e5458f5ccef5" testName="Fill01571" computerName="EDSAC" duration="00:00:00.0064074" startTime="2010-12-04T13:10:30.4826175+00:00" endTime="2010-12-04T13:10:30.5086190+00:00" testType="13cdc9d9-ddb5-4fa4-a97d-d965ccfc6d4b" outcome="Passed" testListId="8c84fa94-04c1-424b-9868-57a2d4851a1d" relativeResultsDirectory="bd92999d-2f14-4abc-b694-9d12ac88e1f0">
    </UnitTestResult>
    <UnitTestResult executionId="c0160195-0792-4ca5-a586-e1fc5ecd606d" testId="aa22a9b8-be5f-7c6d-f18d-55627b642600" testName="To04886" computerName="EDSAC" duration="00:00:00.0006392" startTime="2010-12-04T13:10:30.5196196+00:00" endTime="2010-12-04T13:10:30.5396208+00:00" testType="13cdc9d9-ddb5-4fa4-a97d-d965ccfc6d4b" outcome="Passed" testListId="8c84fa94-04c1-424b-9868-57a2d4851a1d" relativeResultsDirectory="c0160195-0792-4ca5-a586-e1fc5ecd606d">
    </UnitTestResult>
    <UnitTestResult executionId="504df3ef-b7f2-4dbd-9821-7b87ba5b7518" testId="ad6b7b0f-0850-7179-c3e4-805f9d123948" testName="UnionAllThrowsContractException292" computerName="EDSAC" duration="00:00:00.0015855" startTime="2010-12-04T13:10:30.5456211+00:00" endTime="2010-12-04T13:10:30.5726226+00:00" testType="13cdc9d9-ddb5-4fa4-a97d-d965ccfc6d4b" outcome="Passed" testListId="8c84fa94-04c1-424b-9868-57a2d4851a1d" relativeResultsDirectory="504df3ef-b7f2-4dbd-9821-7b87ba5b7518">
    </UnitTestResult>
    <UnitTestResult executionId="1077f40a-2b40-4ee0-91fd-f86e69be4b35" testId="af3c2eea-1341-4d08-8112-791e701a0e4e" testName="ForEach908" computerName="EDSAC" duration="00:00:00.0009304" startTime="2010-12-04T13:10:30.5806231+00:00" endTime="2010-12-04T13:10:30.6016243+00:00" testType="13cdc9d9-ddb5-4fa4-a97d-d965ccfc6d4b" outcome="Passed" testListId="8c84fa94-04c1-424b-9868-57a2d4851a1d" relativeResultsDirectory="1077f40a-2b40-4ee0-91fd-f86e69be4b35">
    </UnitTestResult>
    <UnitTestResult executionId="2d66bbd3-72ec-4806-bfa6-525b8afc87b5" testId="b03d2b82-a5f5-4a0a-521f-fd9e431b28da" testName="As21503" computerName="EDSAC" duration="00:00:00.0012612" startTime="2010-12-04T13:10:30.6066246+00:00" endTime="2010-12-04T13:10:30.6316260+00:00" testType="13cdc9d9-ddb5-4fa4-a97d-d965ccfc6d4b" outcome="Passed" testListId="8c84fa94-04c1-424b-9868-57a2d4851a1d" relativeResultsDirectory="2d66bbd3-72ec-4806-bfa6-525b8afc87b5">
    </UnitTestResult>
    <UnitTestResult executionId="24f4b769-fb09-483a-90b7-c33bc859a762" testId="b17fedd4-1f62-61d1-927e-d039058fdcc2" testName="Execute533" computerName="EDSAC" duration="00:00:00.0005967" startTime="2010-12-04T13:10:30.6466269+00:00" endTime="2010-12-04T13:10:30.6676281+00:00" testType="13cdc9d9-ddb5-4fa4-a97d-d965ccfc6d4b" outcome="Passed" testListId="8c84fa94-04c1-424b-9868-57a2d4851a1d" relativeResultsDirectory="24f4b769-fb09-483a-90b7-c33bc859a762">
    </UnitTestResult>
    <UnitTestResult executionId="11ac7cbb-5b5a-4c31-8d21-60ff67796b78" testId="b2aadfc0-b55c-fa15-a9e1-9405ae9a9cc7" testName="AsEnumerable03148" computerName="EDSAC" duration="00:00:00.0045951" startTime="2010-12-04T13:10:30.6726284+00:00" endTime="2010-12-04T13:10:30.7076304+00:00" testType="13cdc9d9-ddb5-4fa4-a97d-d965ccfc6d4b" outcome="Passed" testListId="8c84fa94-04c1-424b-9868-57a2d4851a1d" relativeResultsDirectory="11ac7cbb-5b5a-4c31-8d21-60ff67796b78">
    </UnitTestResult>
    <UnitTestResult executionId="d29d8d46-a707-4a39-bfd6-fe268c4a15f9" testId="b51e8365-ff64-84bf-89d7-6e6cedcc3dbf" testName="As0163208" computerName="EDSAC" duration="00:00:00.0009420" startTime="2010-12-04T13:10:30.7186310+00:00" endTime="2010-12-04T13:10:30.7506328+00:00" testType="13cdc9d9-ddb5-4fa4-a97d-d965ccfc6d4b" outcome="Passed" testListId="8c84fa94-04c1-424b-9868-57a2d4851a1d" relativeResultsDirectory="d29d8d46-a707-4a39-bfd6-fe268c4a15f9">
    </UnitTestResult>
    <UnitTestResult executionId="d2d8786d-8cb4-4237-81c6-4c0d6d2e16ea" testId="b99ec452-b626-078c-5efb-2041d6f255c4" testName="As21504" computerName="EDSAC" duration="00:00:00.0011548" startTime="2010-12-04T13:10:30.7556331+00:00" endTime="2010-12-04T13:10:30.7816346+00:00" testType="13cdc9d9-ddb5-4fa4-a97d-d965ccfc6d4b" outcome="Passed" testListId="8c84fa94-04c1-424b-9868-57a2d4851a1d" relativeResultsDirectory="d2d8786d-8cb4-4237-81c6-4c0d6d2e16ea">
    </UnitTestResult>
    <UnitTestResult executionId="faa95f7e-4dae-4daa-8afa-797d28107c5f" testId="b9a0a920-02f6-e8cf-8012-6ed61570d734" testName="ForEachThrowsContractException931" computerName="EDSAC" duration="00:00:00.0012603" startTime="2010-12-04T13:10:30.7856348+00:00" endTime="2010-12-04T13:10:30.8176367+00:00" testType="13cdc9d9-ddb5-4fa4-a97d-d965ccfc6d4b" outcome="Passed" testListId="8c84fa94-04c1-424b-9868-57a2d4851a1d" relativeResultsDirectory="faa95f7e-4dae-4daa-8afa-797d28107c5f">
    </UnitTestResult>
    <UnitTestResult executionId="90e06b31-0fd5-4790-8b87-f00da760383b" testId="b9cd1d41-7588-b69e-afc2-13e873777605" testName="ShuffleThrowsContractException923" computerName="EDSAC" duration="00:00:00.0013279" startTime="2010-12-04T13:10:30.8216369+00:00" endTime="2010-12-04T13:10:30.8466383+00:00" testType="13cdc9d9-ddb5-4fa4-a97d-d965ccfc6d4b" outcome="Passed" testListId="8c84fa94-04c1-424b-9868-57a2d4851a1d" relativeResultsDirectory="90e06b31-0fd5-4790-8b87-f00da760383b">
    </UnitTestResult>
    <UnitTestResult executionId="ec9817a1-68da-48b6-b69a-c42b1c633e71" testId="bdf234ab-0f12-2337-9094-2671833caeec" testName="As21506" computerName="EDSAC" duration="00:00:00.0021660" startTime="2010-12-04T13:10:30.8506385+00:00" endTime="2010-12-04T13:10:30.8776401+00:00" testType="13cdc9d9-ddb5-4fa4-a97d-d965ccfc6d4b" outcome="Passed" testListId="8c84fa94-04c1-424b-9868-57a2d4851a1d" relativeResultsDirectory="ec9817a1-68da-48b6-b69a-c42b1c633e71">
    </UnitTestResult>
    <UnitTestResult executionId="8139657b-097f-4e0c-a0d8-9bcaf290e43e" testId="be4a640d-264d-b6fa-ba99-6f190c20c0bb" testName="To01463" computerName="EDSAC" duration="00:00:00.0007274" startTime="2010-12-04T13:10:30.8826404+00:00" endTime="2010-12-04T13:10:30.9116420+00:00" testType="13cdc9d9-ddb5-4fa4-a97d-d965ccfc6d4b" outcome="Passed" testListId="8c84fa94-04c1-424b-9868-57a2d4851a1d" relativeResultsDirectory="8139657b-097f-4e0c-a0d8-9bcaf290e43e">
    </UnitTestResult>
    <UnitTestResult executionId="c563b52f-ace6-42f9-9b08-c70464ac83ba" testId="c0b42161-4a2a-a4b9-5fed-56ce341f748e" testName="AsEnumerableThrowsContractException617" computerName="EDSAC" duration="00:00:00.0013461" startTime="2010-12-04T13:10:30.9196425+00:00" endTime="2010-12-04T13:10:30.9466440+00:00" testType="13cdc9d9-ddb5-4fa4-a97d-d965ccfc6d4b" outcome="Passed" testListId="8c84fa94-04c1-424b-9868-57a2d4851a1d" relativeResultsDirectory="c563b52f-ace6-42f9-9b08-c70464ac83ba">
    </UnitTestResult>
    <UnitTestResult executionId="b516954f-ab2e-42d0-9177-062f4d6ed334" testId="c35eb805-49e5-7d06-b69d-ba684aaa6791" testName="TakeEveryThrowsContractException998" computerName="EDSAC" duration="00:00:00.0013629" startTime="2010-12-04T13:10:30.9526444+00:00" endTime="2010-12-04T13:10:30.9846462+00:00" testType="13cdc9d9-ddb5-4fa4-a97d-d965ccfc6d4b" outcome="Passed" testListId="8c84fa94-04c1-424b-9868-57a2d4851a1d" relativeResultsDirectory="b516954f-ab2e-42d0-9177-062f4d6ed334">
    </UnitTestResult>
    <UnitTestResult executionId="736cf65c-7bd5-457f-b7bb-9722e0abaf99" testId="c3a5f774-5c25-7fa7-593c-10a98b5db768" testName="Execute424" computerName="EDSAC" duration="00:00:00.0005925" startTime="2010-12-04T13:10:30.9956468+00:00" endTime="2010-12-04T13:10:31.0176481+00:00" testType="13cdc9d9-ddb5-4fa4-a97d-d965ccfc6d4b" outcome="Passed" testListId="8c84fa94-04c1-424b-9868-57a2d4851a1d" relativeResultsDirectory="736cf65c-7bd5-457f-b7bb-9722e0abaf99">
    </UnitTestResult>
    <UnitTestResult executionId="eb2fb0b0-c2ae-49a8-b52c-7d3a9847a3b1" testId="c717e1ca-5114-3368-100e-511f1e910ebb" testName="AsEnumerable02ThrowsContractException556" computerName="EDSAC" duration="00:00:00.0013158" startTime="2010-12-04T13:10:31.0306488+00:00" endTime="2010-12-04T13:10:31.0526501+00:00" testType="13cdc9d9-ddb5-4fa4-a97d-d965ccfc6d4b" outcome="Passed" testListId="8c84fa94-04c1-424b-9868-57a2d4851a1d" relativeResultsDirectory="eb2fb0b0-c2ae-49a8-b52c-7d3a9847a3b1">
    </UnitTestResult>
    <UnitTestResult executionId="381fb372-f086-43b0-946d-1097ea714fd7" testId="c764531a-8b43-978a-82fa-64e183192f81" testName="IsNullOrEmpty963" computerName="EDSAC" duration="00:00:00.0007829" startTime="2010-12-04T13:10:31.0586504+00:00" endTime="2010-12-04T13:10:31.0836519+00:00" testType="13cdc9d9-ddb5-4fa4-a97d-d965ccfc6d4b" outcome="Passed" testListId="8c84fa94-04c1-424b-9868-57a2d4851a1d" relativeResultsDirectory="381fb372-f086-43b0-946d-1097ea714fd7">
    </UnitTestResult>
    <UnitTestResult executionId="5d91aee8-625e-4a1b-88f6-8134192c98a4" testId="c8c2cfdd-b8a6-a87d-8c47-5082bca773be" testName="RangeThrowsContractException485" computerName="EDSAC" duration="00:00:00.0041103" startTime="2010-12-04T13:10:31.0876521+00:00" endTime="2010-12-04T13:10:31.1106534+00:00" testType="13cdc9d9-ddb5-4fa4-a97d-d965ccfc6d4b" outcome="Passed" testListId="8c84fa94-04c1-424b-9868-57a2d4851a1d" relativeResultsDirectory="5d91aee8-625e-4a1b-88f6-8134192c98a4">
    </UnitTestResult>
    <UnitTestResult executionId="268ec6cc-a117-4096-b13b-6bbd42a75bc0" testId="cd6d70a0-5149-bc7b-20d9-ea0e29ddf4cf" testName="AsEnumerable03ThrowsContractException173" computerName="EDSAC" duration="00:00:00.0014987" startTime="2010-12-04T13:10:31.1166538+00:00" endTime="2010-12-04T13:10:31.1396551+00:00" testType="13cdc9d9-ddb5-4fa4-a97d-d965ccfc6d4b" outcome="Passed" testListId="8c84fa94-04c1-424b-9868-57a2d4851a1d" relativeResultsDirectory="268ec6cc-a117-4096-b13b-6bbd42a75bc0">
    </UnitTestResult>
    <UnitTestResult executionId="b7cd6241-e098-44ef-8dfe-ad358dd4e97d" testId="cda388d5-457a-465e-ba14-ce9de40a3bb3" testName="RandomThrowsContractException503" computerName="EDSAC" duration="00:00:00.0058494" startTime="2010-12-04T13:10:31.1426553+00:00" endTime="2010-12-04T13:10:31.1696568+00:00" testType="13cdc9d9-ddb5-4fa4-a97d-d965ccfc6d4b" outcome="Failed" testListId="8c84fa94-04c1-424b-9868-57a2d4851a1d" relativeResultsDirectory="b7cd6241-e098-44ef-8dfe-ad358dd4e97d">
      <Output>
        <ErrorInfo>
          <Message>Test method SharpBag.ExtensionsTest.RandomThrowsContractException503 threw exception: 
System.Diagnostics.Contracts.__ContractsRuntime+ContractException: Precondition failed: collection.Count() &gt; 0</Message>
          <StackTrace>    at SharpBag.Extensions.Random[T](IEnumerable`1 collection, Random rand) in C:\Users\SuprDewd\Desktop\Projects\Forritun\SharpBag\SharpBag\Extensions.cs:line 650
   at SharpBag.Extensions.Random[T](IEnumerable`1 collection) in C:\Users\SuprDewd\Desktop\Projects\Forritun\SharpBag\SharpBag\Extensions.cs:line 636
   at SharpBag.ExtensionsTest.RandomThrowsContractException503() in C:\Users\SuprDewd\Desktop\Projects\Forritun\SharpBag\SharpBag.Tests01\ExtensionsTest.Random01.g.cs:line 75
</StackTrace>
        </ErrorInfo>
      </Output>
    </UnitTestResult>
    <UnitTestResult executionId="07e6999b-560a-476e-b944-b298848c5402" testId="cdf50321-c0eb-ddc4-0179-2919c2028903" testName="IsIn01570" computerName="EDSAC" duration="00:00:00.0007979" startTime="2010-12-04T13:10:31.1746571+00:00" endTime="2010-12-04T13:10:31.2136593+00:00" testType="13cdc9d9-ddb5-4fa4-a97d-d965ccfc6d4b" outcome="Passed" testListId="8c84fa94-04c1-424b-9868-57a2d4851a1d" relativeResultsDirectory="07e6999b-560a-476e-b944-b298848c5402">
    </UnitTestResult>
    <UnitTestResult executionId="0cb36339-6a9d-4db1-a6b2-28eb4da35f18" testId="cf67e106-470b-64ee-b4ec-daf199d3db2f" testName="Add296" computerName="EDSAC" duration="00:00:00.0011529" startTime="2010-12-04T13:10:31.2186596+00:00" endTime="2010-12-04T13:10:31.2466612+00:00" testType="13cdc9d9-ddb5-4fa4-a97d-d965ccfc6d4b" outcome="Passed" testListId="8c84fa94-04c1-424b-9868-57a2d4851a1d" relativeResultsDirectory="0cb36339-6a9d-4db1-a6b2-28eb4da35f18">
    </UnitTestResult>
    <UnitTestResult executionId="7846fdc2-ca78-4119-9882-72a7c60e9879" testId="d06dda95-89d0-a317-5ac0-24adb003c101" testName="SubarrayThrowsContractException964" computerName="EDSAC" duration="00:00:00.0012631" startTime="2010-12-04T13:10:31.2686625+00:00" endTime="2010-12-04T13:10:31.2866635+00:00" testType="13cdc9d9-ddb5-4fa4-a97d-d965ccfc6d4b" outcome="Passed" testListId="8c84fa94-04c1-424b-9868-57a2d4851a1d" relativeResultsDirectory="7846fdc2-ca78-4119-9882-72a7c60e9879">
    </UnitTestResult>
    <UnitTestResult executionId="83fb21a8-23c7-47c7-b3a2-74292a7b2a98" testId="d1244455-073f-9dfb-7627-1dfedd276854" testName="Fill01105" computerName="EDSAC" duration="00:00:00.0010960" startTime="2010-12-04T13:10:31.2936639+00:00" endTime="2010-12-04T13:10:31.3136650+00:00" testType="13cdc9d9-ddb5-4fa4-a97d-d965ccfc6d4b" outcome="Passed" testListId="8c84fa94-04c1-424b-9868-57a2d4851a1d" relativeResultsDirectory="83fb21a8-23c7-47c7-b3a2-74292a7b2a98">
    </UnitTestResult>
    <UnitTestResult executionId="8323b0d9-b1ff-4c32-8ef2-da50a117066d" testId="d400fa75-dd71-d01b-c6b4-e354835a9d50" testName="Fill01688" computerName="EDSAC" duration="00:00:00.0005935" startTime="2010-12-04T13:10:31.3206654+00:00" endTime="2010-12-04T13:10:31.3376664+00:00" testType="13cdc9d9-ddb5-4fa4-a97d-d965ccfc6d4b" outcome="Passed" testListId="8c84fa94-04c1-424b-9868-57a2d4851a1d" relativeResultsDirectory="8323b0d9-b1ff-4c32-8ef2-da50a117066d">
    </UnitTestResult>
    <UnitTestResult executionId="0e18720a-f9d8-4510-84d4-55dcd1668c44" testId="d97a225a-e31a-2138-2fae-7b4109b25275" testName="As928" computerName="EDSAC" duration="00:00:00.0008170" startTime="2010-12-04T13:10:31.3416666+00:00" endTime="2010-12-04T13:10:31.3566675+00:00" testType="13cdc9d9-ddb5-4fa4-a97d-d965ccfc6d4b" outcome="Passed" testListId="8c84fa94-04c1-424b-9868-57a2d4851a1d" relativeResultsDirectory="0e18720a-f9d8-4510-84d4-55dcd1668c44">
    </UnitTestResult>
    <UnitTestResult executionId="a6310155-4187-4705-bd0a-2d28990d6434" testId="d982986f-d5cc-bb8f-d6d8-e2a54e2f4dd0" testName="EmptyIfNull574" computerName="EDSAC" duration="00:00:00.0013149" startTime="2010-12-04T13:10:31.3616678+00:00" endTime="2010-12-04T13:10:31.3786687+00:00" testType="13cdc9d9-ddb5-4fa4-a97d-d965ccfc6d4b" outcome="Passed" testListId="8c84fa94-04c1-424b-9868-57a2d4851a1d" relativeResultsDirectory="a6310155-4187-4705-bd0a-2d28990d6434">
    </UnitTestResult>
    <UnitTestResult executionId="20dd2bac-10e2-4d2a-b864-92b846818601" testId="d9b4351c-7a62-1cab-5792-b4bc31c2d3e2" testName="As0163204" computerName="EDSAC" duration="00:00:00.0007335" startTime="2010-12-04T13:10:31.3826690+00:00" endTime="2010-12-04T13:10:31.4066704+00:00" testType="13cdc9d9-ddb5-4fa4-a97d-d965ccfc6d4b" outcome="Passed" testListId="8c84fa94-04c1-424b-9868-57a2d4851a1d" relativeResultsDirectory="20dd2bac-10e2-4d2a-b864-92b846818601">
    </UnitTestResult>
    <UnitTestResult executionId="77f82952-031e-40c6-8515-8ffe22de3dd5" testId="da5feb53-2e0d-e0c8-406f-5aa41dc5d56c" testName="FillThrowsContractException125" computerName="EDSAC" duration="00:00:00.0009724" startTime="2010-12-04T13:10:31.4086705+00:00" endTime="2010-12-04T13:10:31.4296717+00:00" testType="13cdc9d9-ddb5-4fa4-a97d-d965ccfc6d4b" outcome="Passed" testListId="8c84fa94-04c1-424b-9868-57a2d4851a1d" relativeResultsDirectory="77f82952-031e-40c6-8515-8ffe22de3dd5">
    </UnitTestResult>
    <UnitTestResult executionId="daee4144-ad1c-4410-a9c5-f3de54d2cb32" testId="dfddd698-039d-4cb7-341a-94646b1b9270" testName="As01664" computerName="EDSAC" duration="00:00:00.0013690" startTime="2010-12-04T13:10:31.4326718+00:00" endTime="2010-12-04T13:10:31.4526730+00:00" testType="13cdc9d9-ddb5-4fa4-a97d-d965ccfc6d4b" outcome="Passed" testListId="8c84fa94-04c1-424b-9868-57a2d4851a1d" relativeResultsDirectory="daee4144-ad1c-4410-a9c5-f3de54d2cb32">
    </UnitTestResult>
    <UnitTestResult executionId="3476f094-a0d3-4ed5-a494-edf910cbf93e" testId="e2ea95fb-c5c4-8579-22e2-2d857f0fee1f" testName="NullOr714" computerName="EDSAC" duration="00:00:00.0182276" startTime="2010-12-04T13:10:31.4546731+00:00" endTime="2010-12-04T13:10:31.4976756+00:00" testType="13cdc9d9-ddb5-4fa4-a97d-d965ccfc6d4b" outcome="Passed" testListId="8c84fa94-04c1-424b-9868-57a2d4851a1d" relativeResultsDirectory="3476f094-a0d3-4ed5-a494-edf910cbf93e">
    </UnitTestResult>
    <UnitTestResult executionId="59109f4e-0812-4272-985d-400dbd992c55" testId="e3e433dc-f656-51bd-faab-b6cc3200c3cc" testName="As0163206" computerName="EDSAC" duration="00:00:00.0009364" startTime="2010-12-04T13:10:31.5066761+00:00" endTime="2010-12-04T13:10:31.5246771+00:00" testType="13cdc9d9-ddb5-4fa4-a97d-d965ccfc6d4b" outcome="Passed" testListId="8c84fa94-04c1-424b-9868-57a2d4851a1d" relativeResultsDirectory="59109f4e-0812-4272-985d-400dbd992c55">
    </UnitTestResult>
    <UnitTestResult executionId="36dac00b-d48d-49ce-8439-570e1fbb6148" testId="e86f4b46-ab12-e2fb-3f68-4ffa6ecd4f99" testName="Fill01ThrowsContractException156" computerName="EDSAC" duration="00:00:00.0009392" startTime="2010-12-04T13:10:31.5276773+00:00" endTime="2010-12-04T13:10:31.5446782+00:00" testType="13cdc9d9-ddb5-4fa4-a97d-d965ccfc6d4b" outcome="Passed" testListId="8c84fa94-04c1-424b-9868-57a2d4851a1d" relativeResultsDirectory="36dac00b-d48d-49ce-8439-570e1fbb6148">
    </UnitTestResult>
    <UnitTestResult executionId="7a33490a-6f55-47f3-a8b2-8389829f1a5e" testId="ea12baf4-c62d-b0ca-b8ec-0dd742c09890" testName="As21501" computerName="EDSAC" duration="00:00:00.0010652" startTime="2010-12-04T13:10:31.5546788+00:00" endTime="2010-12-04T13:10:31.5706797+00:00" testType="13cdc9d9-ddb5-4fa4-a97d-d965ccfc6d4b" outcome="Passed" testListId="8c84fa94-04c1-424b-9868-57a2d4851a1d" relativeResultsDirectory="7a33490a-6f55-47f3-a8b2-8389829f1a5e">
    </UnitTestResult>
    <UnitTestResult executionId="40319ebe-24b7-43ab-8471-315ae619394f" testId="ea4165e9-438f-19c0-bb46-9e9157f55554" testName="ContainsArrayThrowsContractException477" computerName="EDSAC" duration="00:00:00.0020754" startTime="2010-12-04T13:10:31.5746800+00:00" endTime="2010-12-04T13:10:31.5976813+00:00" testType="13cdc9d9-ddb5-4fa4-a97d-d965ccfc6d4b" outcome="Passed" testListId="8c84fa94-04c1-424b-9868-57a2d4851a1d" relativeResultsDirectory="40319ebe-24b7-43ab-8471-315ae619394f">
    </UnitTestResult>
    <UnitTestResult executionId="41aa1996-fa91-4930-a06f-65dc5b2cd83f" testId="ec491029-dab5-3481-ec80-f35631103905" testName="As01321" computerName="EDSAC" duration="00:00:00.0006989" startTime="2010-12-04T13:10:31.6016815+00:00" endTime="2010-12-04T13:10:31.6246828+00:00" testType="13cdc9d9-ddb5-4fa4-a97d-d965ccfc6d4b" outcome="Passed" testListId="8c84fa94-04c1-424b-9868-57a2d4851a1d" relativeResultsDirectory="41aa1996-fa91-4930-a06f-65dc5b2cd83f">
    </UnitTestResult>
    <UnitTestResult executionId="ec6fe7c1-fc53-4842-a66d-2197f724e5c4" testId="ed7ad088-5d15-f12d-c0e3-6a91dd726685" testName="SubarrayThrowsContractException671" computerName="EDSAC" duration="00:00:00.0009789" startTime="2010-12-04T13:10:31.6286830+00:00" endTime="2010-12-04T13:10:31.6496843+00:00" testType="13cdc9d9-ddb5-4fa4-a97d-d965ccfc6d4b" outcome="Passed" testListId="8c84fa94-04c1-424b-9868-57a2d4851a1d" relativeResultsDirectory="ec6fe7c1-fc53-4842-a66d-2197f724e5c4">
    </UnitTestResult>
    <UnitTestResult executionId="64382c97-301a-47d4-8833-3caac64c7e05" testId="f20d04ec-6bdf-2adb-3ea0-dea4791f58d1" testName="AsEnumerable01283" computerName="EDSAC" duration="00:00:00.0010293" startTime="2010-12-04T13:10:31.6536845+00:00" endTime="2010-12-04T13:10:31.6746857+00:00" testType="13cdc9d9-ddb5-4fa4-a97d-d965ccfc6d4b" outcome="Passed" testListId="8c84fa94-04c1-424b-9868-57a2d4851a1d" relativeResultsDirectory="64382c97-301a-47d4-8833-3caac64c7e05">
    </UnitTestResult>
    <UnitTestResult executionId="61085002-0dd1-4299-84ca-9f06739e54cc" testId="f4332708-2d9b-652b-a920-66192f9cdfaf" testName="As0132101" computerName="EDSAC" duration="00:00:00.0007073" startTime="2010-12-04T13:10:31.6826861+00:00" endTime="2010-12-04T13:10:31.7106877+00:00" testType="13cdc9d9-ddb5-4fa4-a97d-d965ccfc6d4b" outcome="Passed" testListId="8c84fa94-04c1-424b-9868-57a2d4851a1d" relativeResultsDirectory="61085002-0dd1-4299-84ca-9f06739e54cc">
    </UnitTestResult>
    <UnitTestResult executionId="6b40c49e-a24e-44ed-a042-d8cd1411fed2" testId="f4f76af5-0d54-7bf8-8ba4-b32803d7a374" testName="As21508" computerName="EDSAC" duration="00:00:00.0007853" startTime="2010-12-04T13:10:31.7176881+00:00" endTime="2010-12-04T13:10:31.7346891+00:00" testType="13cdc9d9-ddb5-4fa4-a97d-d965ccfc6d4b" outcome="Passed" testListId="8c84fa94-04c1-424b-9868-57a2d4851a1d" relativeResultsDirectory="6b40c49e-a24e-44ed-a042-d8cd1411fed2">
    </UnitTestResult>
    <UnitTestResult executionId="47dbd143-8198-4b87-a8a6-08b632c6ea37" testId="f4fcc51c-8f8e-7431-03c1-95529343e3ab" testName="As0163201" computerName="EDSAC" duration="00:00:00.0007003" startTime="2010-12-04T13:10:31.7406895+00:00" endTime="2010-12-04T13:10:31.7646908+00:00" testType="13cdc9d9-ddb5-4fa4-a97d-d965ccfc6d4b" outcome="Passed" testListId="8c84fa94-04c1-424b-9868-57a2d4851a1d" relativeResultsDirectory="47dbd143-8198-4b87-a8a6-08b632c6ea37">
    </UnitTestResult>
    <UnitTestResult executionId="1029155c-4675-4d80-8356-1d405f65777f" testId="f50339b2-56a6-fab9-1b43-e437b5e0a59d" testName="As01983" computerName="EDSAC" duration="00:00:00.0011585" startTime="2010-12-04T13:10:31.7686911+00:00" endTime="2010-12-04T13:10:31.7936925+00:00" testType="13cdc9d9-ddb5-4fa4-a97d-d965ccfc6d4b" outcome="Passed" testListId="8c84fa94-04c1-424b-9868-57a2d4851a1d" relativeResultsDirectory="1029155c-4675-4d80-8356-1d405f65777f">
    </UnitTestResult>
    <UnitTestResult executionId="265cd69b-5e39-42e2-8303-78a93bc878db" testId="f52b3d24-c27c-4731-8c5e-a7c40c1103b0" testName="ToThrowsContractException710" computerName="EDSAC" duration="00:00:00.0008678" startTime="2010-12-04T13:10:31.7976927+00:00" endTime="2010-12-04T13:10:31.8236942+00:00" testType="13cdc9d9-ddb5-4fa4-a97d-d965ccfc6d4b" outcome="Passed" testListId="8c84fa94-04c1-424b-9868-57a2d4851a1d" relativeResultsDirectory="265cd69b-5e39-42e2-8303-78a93bc878db">
    </UnitTestResult>
    <UnitTestResult executionId="b053f873-0c18-44f3-9938-30ec0616d990" testId="f685a220-cae8-50b0-d543-46e310017a33" testName="As01632" computerName="EDSAC" duration="00:00:00.0006877" startTime="2010-12-04T13:10:31.8256943+00:00" endTime="2010-12-04T13:10:31.8426953+00:00" testType="13cdc9d9-ddb5-4fa4-a97d-d965ccfc6d4b" outcome="Passed" testListId="8c84fa94-04c1-424b-9868-57a2d4851a1d" relativeResultsDirectory="b053f873-0c18-44f3-9938-30ec0616d990">
    </UnitTestResult>
    <UnitTestResult executionId="47dfc8d6-dfa7-4b4f-b025-4985ea5456ef" testId="f75fa8c7-8563-f254-ccbd-c82531d39c32" testName="TakeEvery573" computerName="EDSAC" duration="00:00:00.0010816" startTime="2010-12-04T13:10:31.8466955+00:00" endTime="2010-12-04T13:10:31.8696968+00:00" testType="13cdc9d9-ddb5-4fa4-a97d-d965ccfc6d4b" outcome="Passed" testListId="8c84fa94-04c1-424b-9868-57a2d4851a1d" relativeResultsDirectory="47dfc8d6-dfa7-4b4f-b025-4985ea5456ef">
    </UnitTestResult>
    <UnitTestResult executionId="5dea4b86-e8f8-454b-ad72-952a26961ddb" testId="fc92c33d-a24e-4715-be4e-9ee45be3958a" testName="IfNotNull477" computerName="EDSAC" duration="00:00:00.0007223" startTime="2010-12-04T13:10:31.8736971+00:00" endTime="2010-12-04T13:10:31.9006986+00:00" testType="13cdc9d9-ddb5-4fa4-a97d-d965ccfc6d4b" outcome="Passed" testListId="8c84fa94-04c1-424b-9868-57a2d4851a1d" relativeResultsDirectory="5dea4b86-e8f8-454b-ad72-952a26961ddb">
    </UnitTestResult>
    <UnitTestResult executionId="669427c0-2b45-4016-8f10-ee2b141d0334" testId="fd91dd5c-db0b-5fcd-fb9e-a3a345d24392" testName="GetByPercentThrowsContractException674" computerName="EDSAC" duration="00:00:00.0009005" startTime="2010-12-04T13:10:31.9056989+00:00" endTime="2010-12-04T13:10:31.9226999+00:00" testType="13cdc9d9-ddb5-4fa4-a97d-d965ccfc6d4b" outcome="Passed" testListId="8c84fa94-04c1-424b-9868-57a2d4851a1d" relativeResultsDirectory="669427c0-2b45-4016-8f10-ee2b141d0334">
    </UnitTestResult>
  </Results>
</TestRun>