<?xml version="1.0" encoding="UTF-8"?>
<TestRun id="948f76bb-b3ef-483c-ba16-62b062289c7b" name="SuprDewd@EDSAC 2010-12-04 01:52:33" runUser="EDSAC\SuprDewd" xmlns="http://microsoft.com/schemas/VisualStudio/TeamTest/2010">
  <TestSettings name="Local" id="4c59a5fa-d837-49f8-8b62-15cf0be0742f">
    <Description>These are default test settings for a local test run.</Description>
    <Deployment userDeploymentRoot="C:\Users\SuprDewd\Desktop\Projects\Forritun\SharpBag\TestResults" useDefaultDeploymentRoot="false" enabled="false" runDeploymentRoot="SuprDewd_EDSAC 2010-12-04 01_52_33">
      <DeploymentItem filename="C:\Users\SuprDewd\Desktop\Projects\Forritun\SharpBag\SharpBag.Tests01\MolesAssemblies\SharpBag.Moles.dll" />
      <DeploymentItem filename="C:\Users\SuprDewd\Desktop\Projects\Forritun\SharpBag\SharpBag\bin\Release\SharpBag.dll" />
    </Deployment>
    <Execution>
      <TestTypeSpecific />
      <AgentRule name="Execution Agents">
      </AgentRule>
    </Execution>
  </TestSettings>
  <Times creation="2010-12-04T01:52:33.6853868+00:00" queuing="2010-12-04T01:52:47.2281614+00:00" start="2010-12-04T01:52:47.5771813+00:00" finish="2010-12-04T01:54:34.7293101+00:00" />
  <ResultSummary outcome="Error">
    <Counters total="5" executed="1" error="0" failed="0" timeout="0" aborted="1" inconclusive="0" passedButRunAborted="0" notRunnable="0" notExecuted="4" disconnected="0" warning="0" passed="0" completed="0" inProgress="0" pending="0" />
    <RunInfos>
      <RunInfo computerName="EDSAC" outcome="Error" timestamp="2010-12-04T01:54:34.7253099+00:00">
        <Text>Test host process exited unexpectedly.</Text>
      </RunInfo>
    </RunInfos>
  </ResultSummary>
  <TestDefinitions>
    <UnitTest name="RandomThrowsContractException503" storage="c:\users\suprdewd\desktop\projects\forritun\sharpbag\sharpbag.tests01\bin\release\sharpbag.tests.dll" id="cda388d5-457a-465e-ba14-ce9de40a3bb3">
      <Execution id="745e4b2e-3402-4ce9-b4dd-d6cd151a2ab1" />
      <TestMethod codeBase="C:/Users/SuprDewd/Desktop/Projects/Forritun/SharpBag/SharpBag.Tests01/bin/Release/SharpBag.Tests.DLL" adapterTypeName="Microsoft.VisualStudio.TestTools.TestTypes.Unit.UnitTestAdapter, Microsoft.VisualStudio.QualityTools.Tips.UnitTest.Adapter, Version=10.0.0.0, Culture=neutral, PublicKeyToken=b03f5f7f11d50a3a" className="SharpBag.ExtensionsTest, SharpBag.Tests, Version=0.0.0.0, Culture=neutral, PublicKeyToken=null" name="RandomThrowsContractException503" />
    </UnitTest>
    <UnitTest name="To02ThrowsEntryPointNotFoundException897" storage="c:\users\suprdewd\desktop\projects\forritun\sharpbag\sharpbag.tests01\bin\release\sharpbag.tests.dll" id="6b7dcc70-66b6-d437-fa4f-aad0a0e1d53f">
      <Execution id="533ecd43-d5c4-4edf-86ee-e9d27cda98c7" />
      <TestMethod codeBase="C:/Users/SuprDewd/Desktop/Projects/Forritun/SharpBag/SharpBag.Tests01/bin/Release/SharpBag.Tests.DLL" adapterTypeName="Microsoft.VisualStudio.TestTools.TestTypes.Unit.UnitTestAdapter, Microsoft.VisualStudio.QualityTools.Tips.UnitTest.Adapter, Version=10.0.0.0, Culture=neutral, PublicKeyToken=b03f5f7f11d50a3a" className="SharpBag.ExtensionsTest, SharpBag.Tests, Version=0.0.0.0, Culture=neutral, PublicKeyToken=null" name="To02ThrowsEntryPointNotFoundException897" />
    </UnitTest>
    <UnitTest name="SubarrayThrowsIndexOutOfRangeException719" storage="c:\users\suprdewd\desktop\projects\forritun\sharpbag\sharpbag.tests01\bin\release\sharpbag.tests.dll" id="805ce682-089b-aeb5-3890-6340750c38cb">
      <Execution id="ce4793e3-99c8-4dbf-a663-e257d0835179" />
      <TestMethod codeBase="C:/Users/SuprDewd/Desktop/Projects/Forritun/SharpBag/SharpBag.Tests01/bin/Release/SharpBag.Tests.DLL" adapterTypeName="Microsoft.VisualStudio.TestTools.TestTypes.Unit.UnitTestAdapter, Microsoft.VisualStudio.QualityTools.Tips.UnitTest.Adapter, Version=10.0.0.0, Culture=neutral, PublicKeyToken=b03f5f7f11d50a3a" className="SharpBag.ExtensionsTest, SharpBag.Tests, Version=0.0.0.0, Culture=neutral, PublicKeyToken=null" name="SubarrayThrowsIndexOutOfRangeException719" />
    </UnitTest>
    <UnitTest name="GetByPercentThrowsIndexOutOfRangeException858" storage="c:\users\suprdewd\desktop\projects\forritun\sharpbag\sharpbag.tests01\bin\release\sharpbag.tests.dll" id="16bc510b-963f-30e5-6517-13389edd4fdc">
      <Execution id="8af5bf44-22c8-400d-9088-b3098a26f3ff" />
      <TestMethod codeBase="C:/Users/SuprDewd/Desktop/Projects/Forritun/SharpBag/SharpBag.Tests01/bin/Release/SharpBag.Tests.DLL" adapterTypeName="Microsoft.VisualStudio.TestTools.TestTypes.Unit.UnitTestAdapter, Microsoft.VisualStudio.QualityTools.Tips.UnitTest.Adapter, Version=10.0.0.0, Culture=neutral, PublicKeyToken=b03f5f7f11d50a3a" className="SharpBag.ExtensionsTest, SharpBag.Tests, Version=0.0.0.0, Culture=neutral, PublicKeyToken=null" name="GetByPercentThrowsIndexOutOfRangeException858" />
    </UnitTest>
    <UnitTest name="SubarrayThrowsIndexOutOfRangeException237" storage="c:\users\suprdewd\desktop\projects\forritun\sharpbag\sharpbag.tests01\bin\release\sharpbag.tests.dll" id="594704dd-0a86-b16d-988c-f53dd3e4a947">
      <Execution id="8f05219e-051f-4d75-a3e8-2218927f8627" />
      <TestMethod codeBase="C:/Users/SuprDewd/Desktop/Projects/Forritun/SharpBag/SharpBag.Tests01/bin/Release/SharpBag.Tests.DLL" adapterTypeName="Microsoft.VisualStudio.TestTools.TestTypes.Unit.UnitTestAdapter, Microsoft.VisualStudio.QualityTools.Tips.UnitTest.Adapter, Version=10.0.0.0, Culture=neutral, PublicKeyToken=b03f5f7f11d50a3a" className="SharpBag.ExtensionsTest, SharpBag.Tests, Version=0.0.0.0, Culture=neutral, PublicKeyToken=null" name="SubarrayThrowsIndexOutOfRangeException237" />
    </UnitTest>
  </TestDefinitions>
  <TestLists>
    <TestList name="Results Not in a List" id="8c84fa94-04c1-424b-9868-57a2d4851a1d" />
    <TestList name="All Loaded Results" id="19431567-8539-422a-85d7-44ee4e166bda" />
  </TestLists>
  <TestEntries>
    <TestEntry testId="cda388d5-457a-465e-ba14-ce9de40a3bb3" executionId="745e4b2e-3402-4ce9-b4dd-d6cd151a2ab1" testListId="8c84fa94-04c1-424b-9868-57a2d4851a1d" />
    <TestEntry testId="6b7dcc70-66b6-d437-fa4f-aad0a0e1d53f" executionId="533ecd43-d5c4-4edf-86ee-e9d27cda98c7" testListId="8c84fa94-04c1-424b-9868-57a2d4851a1d" />
    <TestEntry testId="805ce682-089b-aeb5-3890-6340750c38cb" executionId="ce4793e3-99c8-4dbf-a663-e257d0835179" testListId="8c84fa94-04c1-424b-9868-57a2d4851a1d" />
    <TestEntry testId="594704dd-0a86-b16d-988c-f53dd3e4a947" executionId="8f05219e-051f-4d75-a3e8-2218927f8627" testListId="8c84fa94-04c1-424b-9868-57a2d4851a1d" />
    <TestEntry testId="16bc510b-963f-30e5-6517-13389edd4fdc" executionId="8af5bf44-22c8-400d-9088-b3098a26f3ff" testListId="8c84fa94-04c1-424b-9868-57a2d4851a1d" />
  </TestEntries>
  <Results>
    <UnitTestResult executionId="745e4b2e-3402-4ce9-b4dd-d6cd151a2ab1" testId="cda388d5-457a-465e-ba14-ce9de40a3bb3" testName="RandomThrowsContractException503" computerName="EDSAC" duration="00:01:46.9241157" startTime="2010-12-04T01:52:47.8041943+00:00" endTime="2010-12-04T01:54:34.7283100+00:00" testType="13cdc9d9-ddb5-4fa4-a97d-d965ccfc6d4b" outcome="Aborted" testListId="8c84fa94-04c1-424b-9868-57a2d4851a1d" relativeResultsDirectory="745e4b2e-3402-4ce9-b4dd-d6cd151a2ab1">
    </UnitTestResult>
    <UnitTestResult executionId="533ecd43-d5c4-4edf-86ee-e9d27cda98c7" testId="6b7dcc70-66b6-d437-fa4f-aad0a0e1d53f" testName="To02ThrowsEntryPointNotFoundException897" computerName="EDSAC" testType="13cdc9d9-ddb5-4fa4-a97d-d965ccfc6d4b" outcome="NotExecuted" testListId="8c84fa94-04c1-424b-9868-57a2d4851a1d" relativeResultsDirectory="533ecd43-d5c4-4edf-86ee-e9d27cda98c7">
    </UnitTestResult>
    <UnitTestResult executionId="ce4793e3-99c8-4dbf-a663-e257d0835179" testId="805ce682-089b-aeb5-3890-6340750c38cb" testName="SubarrayThrowsIndexOutOfRangeException719" computerName="EDSAC" testType="13cdc9d9-ddb5-4fa4-a97d-d965ccfc6d4b" outcome="NotExecuted" testListId="8c84fa94-04c1-424b-9868-57a2d4851a1d" relativeResultsDirectory="ce4793e3-99c8-4dbf-a663-e257d0835179">
    </UnitTestResult>
    <UnitTestResult executionId="8f05219e-051f-4d75-a3e8-2218927f8627" testId="594704dd-0a86-b16d-988c-f53dd3e4a947" testName="SubarrayThrowsIndexOutOfRangeException237" computerName="EDSAC" testType="13cdc9d9-ddb5-4fa4-a97d-d965ccfc6d4b" outcome="NotExecuted" testListId="8c84fa94-04c1-424b-9868-57a2d4851a1d" relativeResultsDirectory="8f05219e-051f-4d75-a3e8-2218927f8627">
    </UnitTestResult>
    <UnitTestResult executionId="8af5bf44-22c8-400d-9088-b3098a26f3ff" testId="16bc510b-963f-30e5-6517-13389edd4fdc" testName="GetByPercentThrowsIndexOutOfRangeException858" computerName="EDSAC" testType="13cdc9d9-ddb5-4fa4-a97d-d965ccfc6d4b" outcome="NotExecuted" testListId="8c84fa94-04c1-424b-9868-57a2d4851a1d" relativeResultsDirectory="8af5bf44-22c8-400d-9088-b3098a26f3ff">
    </UnitTestResult>
  </Results>
</TestRun>