<?xml version="1.0" encoding="UTF-8"?>
<TestRun id="04f48f66-c3ac-454a-a2d8-a5dd59ab8b42" name="SuprDewd@EDSAC 2010-12-04 14:14:24" runUser="EDSAC\SuprDewd" xmlns="http://microsoft.com/schemas/VisualStudio/TeamTest/2010">
  <TestSettings name="Local" id="4c59a5fa-d837-49f8-8b62-15cf0be0742f">
    <Description>These are default test settings for a local test run.</Description>
    <Deployment enabled="false" runDeploymentRoot="SuprDewd_EDSAC 2010-12-04 14_14_24">
      <DeploymentItem filename="C:\Users\SuprDewd\Desktop\Projects\Forritun\SharpBag\SharpBag.Tests01\MolesAssemblies\SharpBag.Moles.dll" />
      <DeploymentItem filename="C:\Users\SuprDewd\Desktop\Projects\Forritun\SharpBag\SharpBag\bin\Release\SharpBag.dll" />
    </Deployment>
    <Execution>
      <TestTypeSpecific />
      <AgentRule name="Execution Agents">
      </AgentRule>
    </Execution>
  </TestSettings>
  <Times creation="2010-12-04T14:14:24.5809154+00:00" queuing="2010-12-04T14:14:25.4599657+00:00" start="2010-12-04T14:14:25.6939790+00:00" finish="2010-12-04T14:14:31.1352903+00:00" />
  <ResultSummary outcome="Failed">
    <Counters total="259" executed="259" passed="258" error="0" failed="1" timeout="0" aborted="0" inconclusive="0" passedButRunAborted="0" notRunnable="0" notExecuted="0" disconnected="0" warning="0" completed="0" inProgress="0" pending="0" />
  </ResultSummary>
  <TestDefinitions>
    <UnitTest name="As0136704" storage="c:\users\suprdewd\desktop\projects\forritun\sharpbag\sharpbag.tests01\bin\release\sharpbag.tests.dll" id="29095a51-c311-c865-7cf1-7076578258b7">
      <Execution id="c3ae9d23-60c7-40ec-b557-f348ab06f3f9" />
      <TestMethod codeBase="C:/Users/SuprDewd/Desktop/Projects/Forritun/SharpBag/SharpBag.Tests01/bin/Release/SharpBag.Tests.DLL" adapterTypeName="Microsoft.VisualStudio.TestTools.TestTypes.Unit.UnitTestAdapter, Microsoft.VisualStudio.QualityTools.Tips.UnitTest.Adapter, Version=10.0.0.0, Culture=neutral, PublicKeyToken=b03f5f7f11d50a3a" className="SharpBag.ExtensionsTest, SharpBag.Tests, Version=0.0.0.0, Culture=neutral, PublicKeyToken=null" name="As0136704" />
    </UnitTest>
    <UnitTest name="As0163239" storage="c:\users\suprdewd\desktop\projects\forritun\sharpbag\sharpbag.tests01\bin\release\sharpbag.tests.dll" id="91ad74e2-7f98-39c5-b2ac-d6979eb1e521">
      <Execution id="cd56ca0b-f606-44ee-a982-0c14ae2f2e7a" />
      <TestMethod codeBase="C:/Users/SuprDewd/Desktop/Projects/Forritun/SharpBag/SharpBag.Tests01/bin/Release/SharpBag.Tests.DLL" adapterTypeName="Microsoft.VisualStudio.TestTools.TestTypes.Unit.UnitTestAdapter, Microsoft.VisualStudio.QualityTools.Tips.UnitTest.Adapter, Version=10.0.0.0, Culture=neutral, PublicKeyToken=b03f5f7f11d50a3a" className="SharpBag.ExtensionsTest, SharpBag.Tests, Version=0.0.0.0, Culture=neutral, PublicKeyToken=null" name="As0163239" />
    </UnitTest>
    <UnitTest name="As0163213" storage="c:\users\suprdewd\desktop\projects\forritun\sharpbag\sharpbag.tests01\bin\release\sharpbag.tests.dll" id="2e9abde5-72f2-18f2-ec62-8da36318a8ed">
      <Execution id="a70a73fb-5688-4af3-8429-07625fa58cc3" />
      <TestMethod codeBase="C:/Users/SuprDewd/Desktop/Projects/Forritun/SharpBag/SharpBag.Tests01/bin/Release/SharpBag.Tests.DLL" adapterTypeName="Microsoft.VisualStudio.TestTools.TestTypes.Unit.UnitTestAdapter, Microsoft.VisualStudio.QualityTools.Tips.UnitTest.Adapter, Version=10.0.0.0, Culture=neutral, PublicKeyToken=b03f5f7f11d50a3a" className="SharpBag.ExtensionsTest, SharpBag.Tests, Version=0.0.0.0, Culture=neutral, PublicKeyToken=null" name="As0163213" />
    </UnitTest>
    <UnitTest name="As0163214" storage="c:\users\suprdewd\desktop\projects\forritun\sharpbag\sharpbag.tests01\bin\release\sharpbag.tests.dll" id="e5750d14-09bb-ec70-127b-652a47b7dd9c">
      <Execution id="34df7c11-d9ae-4825-8bb0-b1913fce6631" />
      <TestMethod codeBase="C:/Users/SuprDewd/Desktop/Projects/Forritun/SharpBag/SharpBag.Tests01/bin/Release/SharpBag.Tests.DLL" adapterTypeName="Microsoft.VisualStudio.TestTools.TestTypes.Unit.UnitTestAdapter, Microsoft.VisualStudio.QualityTools.Tips.UnitTest.Adapter, Version=10.0.0.0, Culture=neutral, PublicKeyToken=b03f5f7f11d50a3a" className="SharpBag.ExtensionsTest, SharpBag.Tests, Version=0.0.0.0, Culture=neutral, PublicKeyToken=null" name="As0163214" />
    </UnitTest>
    <UnitTest name="UnionAll02ThrowsContractException669" storage="c:\users\suprdewd\desktop\projects\forritun\sharpbag\sharpbag.tests01\bin\release\sharpbag.tests.dll" id="4828b82d-197c-d38d-1052-fb24855ec6ae">
      <Execution id="4f000993-2ec8-4731-84d4-cdbd5aba45e6" />
      <TestMethod codeBase="C:/Users/SuprDewd/Desktop/Projects/Forritun/SharpBag/SharpBag.Tests01/bin/Release/SharpBag.Tests.DLL" adapterTypeName="Microsoft.VisualStudio.TestTools.TestTypes.Unit.UnitTestAdapter, Microsoft.VisualStudio.QualityTools.Tips.UnitTest.Adapter, Version=10.0.0.0, Culture=neutral, PublicKeyToken=b03f5f7f11d50a3a" className="SharpBag.ExtensionsTest, SharpBag.Tests, Version=0.0.0.0, Culture=neutral, PublicKeyToken=null" name="UnionAll02ThrowsContractException669" />
    </UnitTest>
    <UnitTest name="As0163240" storage="c:\users\suprdewd\desktop\projects\forritun\sharpbag\sharpbag.tests01\bin\release\sharpbag.tests.dll" id="3f99a1d3-4dae-8b7d-a361-9ebbf5115b1e">
      <Execution id="4957eb9f-f2c4-441c-8825-7174ec3996f3" />
      <TestMethod codeBase="C:/Users/SuprDewd/Desktop/Projects/Forritun/SharpBag/SharpBag.Tests01/bin/Release/SharpBag.Tests.DLL" adapterTypeName="Microsoft.VisualStudio.TestTools.TestTypes.Unit.UnitTestAdapter, Microsoft.VisualStudio.QualityTools.Tips.UnitTest.Adapter, Version=10.0.0.0, Culture=neutral, PublicKeyToken=b03f5f7f11d50a3a" className="SharpBag.ExtensionsTest, SharpBag.Tests, Version=0.0.0.0, Culture=neutral, PublicKeyToken=null" name="As0163240" />
    </UnitTest>
    <UnitTest name="As0163243" storage="c:\users\suprdewd\desktop\projects\forritun\sharpbag\sharpbag.tests01\bin\release\sharpbag.tests.dll" id="4fbb91c1-c965-1543-022c-12856d2ae5ad">
      <Execution id="c8c8b3dc-eeb6-4431-8151-8c71a228571b" />
      <TestMethod codeBase="C:/Users/SuprDewd/Desktop/Projects/Forritun/SharpBag/SharpBag.Tests01/bin/Release/SharpBag.Tests.DLL" adapterTypeName="Microsoft.VisualStudio.TestTools.TestTypes.Unit.UnitTestAdapter, Microsoft.VisualStudio.QualityTools.Tips.UnitTest.Adapter, Version=10.0.0.0, Culture=neutral, PublicKeyToken=b03f5f7f11d50a3a" className="SharpBag.ExtensionsTest, SharpBag.Tests, Version=0.0.0.0, Culture=neutral, PublicKeyToken=null" name="As0163243" />
    </UnitTest>
    <UnitTest name="Shuffle565" storage="c:\users\suprdewd\desktop\projects\forritun\sharpbag\sharpbag.tests01\bin\release\sharpbag.tests.dll" id="8d424c8f-9c8d-8bdb-c98c-1e76a87f52e2">
      <Execution id="23c0e436-c65f-42a8-8e12-1b0a64038790" />
      <TestMethod codeBase="C:/Users/SuprDewd/Desktop/Projects/Forritun/SharpBag/SharpBag.Tests01/bin/Release/SharpBag.Tests.DLL" adapterTypeName="Microsoft.VisualStudio.TestTools.TestTypes.Unit.UnitTestAdapter, Microsoft.VisualStudio.QualityTools.Tips.UnitTest.Adapter, Version=10.0.0.0, Culture=neutral, PublicKeyToken=b03f5f7f11d50a3a" className="SharpBag.ExtensionsTest, SharpBag.Tests, Version=0.0.0.0, Culture=neutral, PublicKeyToken=null" name="Shuffle565" />
    </UnitTest>
    <UnitTest name="ToDictionary65201" storage="c:\users\suprdewd\desktop\projects\forritun\sharpbag\sharpbag.tests01\bin\release\sharpbag.tests.dll" id="6b5ea87c-ca8e-cd07-2a54-53cd363577f8">
      <Execution id="d387af85-1cf5-4c97-8379-5d3c2b6546b5" />
      <TestMethod codeBase="C:/Users/SuprDewd/Desktop/Projects/Forritun/SharpBag/SharpBag.Tests01/bin/Release/SharpBag.Tests.DLL" adapterTypeName="Microsoft.VisualStudio.TestTools.TestTypes.Unit.UnitTestAdapter, Microsoft.VisualStudio.QualityTools.Tips.UnitTest.Adapter, Version=10.0.0.0, Culture=neutral, PublicKeyToken=b03f5f7f11d50a3a" className="SharpBag.ExtensionsTest, SharpBag.Tests, Version=0.0.0.0, Culture=neutral, PublicKeyToken=null" name="ToDictionary65201" />
    </UnitTest>
    <UnitTest name="AsEnumerable0258804" storage="c:\users\suprdewd\desktop\projects\forritun\sharpbag\sharpbag.tests01\bin\release\sharpbag.tests.dll" id="c3b85211-1b55-61c6-8d42-782c04048184">
      <Execution id="4bd37e99-80d0-4ebc-b557-bc7634ffd866" />
      <TestMethod codeBase="C:/Users/SuprDewd/Desktop/Projects/Forritun/SharpBag/SharpBag.Tests01/bin/Release/SharpBag.Tests.DLL" adapterTypeName="Microsoft.VisualStudio.TestTools.TestTypes.Unit.UnitTestAdapter, Microsoft.VisualStudio.QualityTools.Tips.UnitTest.Adapter, Version=10.0.0.0, Culture=neutral, PublicKeyToken=b03f5f7f11d50a3a" className="SharpBag.ExtensionsTest, SharpBag.Tests, Version=0.0.0.0, Culture=neutral, PublicKeyToken=null" name="AsEnumerable0258804" />
    </UnitTest>
    <UnitTest name="Add60903" storage="c:\users\suprdewd\desktop\projects\forritun\sharpbag\sharpbag.tests01\bin\release\sharpbag.tests.dll" id="f4a16930-7fb5-1364-b2bb-1dffeb9040de">
      <Execution id="f51a0a88-6f6c-48ff-871d-faa7199a230e" />
      <TestMethod codeBase="C:/Users/SuprDewd/Desktop/Projects/Forritun/SharpBag/SharpBag.Tests01/bin/Release/SharpBag.Tests.DLL" adapterTypeName="Microsoft.VisualStudio.TestTools.TestTypes.Unit.UnitTestAdapter, Microsoft.VisualStudio.QualityTools.Tips.UnitTest.Adapter, Version=10.0.0.0, Culture=neutral, PublicKeyToken=b03f5f7f11d50a3a" className="SharpBag.ExtensionsTest, SharpBag.Tests, Version=0.0.0.0, Culture=neutral, PublicKeyToken=null" name="Add60903" />
    </UnitTest>
    <UnitTest name="Add60901" storage="c:\users\suprdewd\desktop\projects\forritun\sharpbag\sharpbag.tests01\bin\release\sharpbag.tests.dll" id="03c88b26-e4eb-d38e-6683-3ac55f8aeeac">
      <Execution id="5add9f1a-7b4f-4c41-8651-220c47adca3c" />
      <TestMethod codeBase="C:/Users/SuprDewd/Desktop/Projects/Forritun/SharpBag/SharpBag.Tests01/bin/Release/SharpBag.Tests.DLL" adapterTypeName="Microsoft.VisualStudio.TestTools.TestTypes.Unit.UnitTestAdapter, Microsoft.VisualStudio.QualityTools.Tips.UnitTest.Adapter, Version=10.0.0.0, Culture=neutral, PublicKeyToken=b03f5f7f11d50a3a" className="SharpBag.ExtensionsTest, SharpBag.Tests, Version=0.0.0.0, Culture=neutral, PublicKeyToken=null" name="Add60901" />
    </UnitTest>
    <UnitTest name="As21502" storage="c:\users\suprdewd\desktop\projects\forritun\sharpbag\sharpbag.tests01\bin\release\sharpbag.tests.dll" id="7896ac03-38fd-b99c-d27e-6cbd208a3f1e">
      <Execution id="08033393-f5c3-4349-bab8-208e2a35dd43" />
      <TestMethod codeBase="C:/Users/SuprDewd/Desktop/Projects/Forritun/SharpBag/SharpBag.Tests01/bin/Release/SharpBag.Tests.DLL" adapterTypeName="Microsoft.VisualStudio.TestTools.TestTypes.Unit.UnitTestAdapter, Microsoft.VisualStudio.QualityTools.Tips.UnitTest.Adapter, Version=10.0.0.0, Culture=neutral, PublicKeyToken=b03f5f7f11d50a3a" className="SharpBag.ExtensionsTest, SharpBag.Tests, Version=0.0.0.0, Culture=neutral, PublicKeyToken=null" name="As21502" />
    </UnitTest>
    <UnitTest name="As0163225" storage="c:\users\suprdewd\desktop\projects\forritun\sharpbag\sharpbag.tests01\bin\release\sharpbag.tests.dll" id="2b9734bf-2716-3fbd-907d-b338c9f5816c">
      <Execution id="dbd8ce74-9c65-45c6-af21-5f3b66a5ec10" />
      <TestMethod codeBase="C:/Users/SuprDewd/Desktop/Projects/Forritun/SharpBag/SharpBag.Tests01/bin/Release/SharpBag.Tests.DLL" adapterTypeName="Microsoft.VisualStudio.TestTools.TestTypes.Unit.UnitTestAdapter, Microsoft.VisualStudio.QualityTools.Tips.UnitTest.Adapter, Version=10.0.0.0, Culture=neutral, PublicKeyToken=b03f5f7f11d50a3a" className="SharpBag.ExtensionsTest, SharpBag.Tests, Version=0.0.0.0, Culture=neutral, PublicKeyToken=null" name="As0163225" />
    </UnitTest>
    <UnitTest name="WithThrowsContractException374" storage="c:\users\suprdewd\desktop\projects\forritun\sharpbag\sharpbag.tests01\bin\release\sharpbag.tests.dll" id="e18cfbc3-f9cf-311e-f710-177b71a46e6d">
      <Execution id="eef5be1c-651c-43ab-859a-bda1954a9b9d" />
      <TestMethod codeBase="C:/Users/SuprDewd/Desktop/Projects/Forritun/SharpBag/SharpBag.Tests01/bin/Release/SharpBag.Tests.DLL" adapterTypeName="Microsoft.VisualStudio.TestTools.TestTypes.Unit.UnitTestAdapter, Microsoft.VisualStudio.QualityTools.Tips.UnitTest.Adapter, Version=10.0.0.0, Culture=neutral, PublicKeyToken=b03f5f7f11d50a3a" className="SharpBag.ExtensionsTest, SharpBag.Tests, Version=0.0.0.0, Culture=neutral, PublicKeyToken=null" name="WithThrowsContractException374" />
    </UnitTest>
    <UnitTest name="As0163231" storage="c:\users\suprdewd\desktop\projects\forritun\sharpbag\sharpbag.tests01\bin\release\sharpbag.tests.dll" id="466bff3f-4c8e-a9c1-50f6-91ffeb15d3a1">
      <Execution id="c993b978-5b44-4375-823c-db00eb81deb9" />
      <TestMethod codeBase="C:/Users/SuprDewd/Desktop/Projects/Forritun/SharpBag/SharpBag.Tests01/bin/Release/SharpBag.Tests.DLL" adapterTypeName="Microsoft.VisualStudio.TestTools.TestTypes.Unit.UnitTestAdapter, Microsoft.VisualStudio.QualityTools.Tips.UnitTest.Adapter, Version=10.0.0.0, Culture=neutral, PublicKeyToken=b03f5f7f11d50a3a" className="SharpBag.ExtensionsTest, SharpBag.Tests, Version=0.0.0.0, Culture=neutral, PublicKeyToken=null" name="As0163231" />
    </UnitTest>
    <UnitTest name="AsEnumerable0314802" storage="c:\users\suprdewd\desktop\projects\forritun\sharpbag\sharpbag.tests01\bin\release\sharpbag.tests.dll" id="f342f959-584b-70f7-fc12-f7e45c365653">
      <Execution id="c68fd3bd-d9ef-42c9-85e9-20230698103b" />
      <TestMethod codeBase="C:/Users/SuprDewd/Desktop/Projects/Forritun/SharpBag/SharpBag.Tests01/bin/Release/SharpBag.Tests.DLL" adapterTypeName="Microsoft.VisualStudio.TestTools.TestTypes.Unit.UnitTestAdapter, Microsoft.VisualStudio.QualityTools.Tips.UnitTest.Adapter, Version=10.0.0.0, Culture=neutral, PublicKeyToken=b03f5f7f11d50a3a" className="SharpBag.ExtensionsTest, SharpBag.Tests, Version=0.0.0.0, Culture=neutral, PublicKeyToken=null" name="AsEnumerable0314802" />
    </UnitTest>
    <UnitTest name="With25501" storage="c:\users\suprdewd\desktop\projects\forritun\sharpbag\sharpbag.tests01\bin\release\sharpbag.tests.dll" id="9ed7c416-1a7b-4673-195d-ca2e196d2a2e">
      <Execution id="c0ae3659-f65e-4f9b-b8bf-11eaf3cd0397" />
      <TestMethod codeBase="C:/Users/SuprDewd/Desktop/Projects/Forritun/SharpBag/SharpBag.Tests01/bin/Release/SharpBag.Tests.DLL" adapterTypeName="Microsoft.VisualStudio.TestTools.TestTypes.Unit.UnitTestAdapter, Microsoft.VisualStudio.QualityTools.Tips.UnitTest.Adapter, Version=10.0.0.0, Culture=neutral, PublicKeyToken=b03f5f7f11d50a3a" className="SharpBag.ExtensionsTest, SharpBag.Tests, Version=0.0.0.0, Culture=neutral, PublicKeyToken=null" name="With25501" />
    </UnitTest>
    <UnitTest name="To02632" storage="c:\users\suprdewd\desktop\projects\forritun\sharpbag\sharpbag.tests01\bin\release\sharpbag.tests.dll" id="31a88d64-bb5b-6217-2758-d493dee381b6">
      <Execution id="ec38278e-694c-4d64-a14e-81aa183c2bd1" />
      <TestMethod codeBase="C:/Users/SuprDewd/Desktop/Projects/Forritun/SharpBag/SharpBag.Tests01/bin/Release/SharpBag.Tests.DLL" adapterTypeName="Microsoft.VisualStudio.TestTools.TestTypes.Unit.UnitTestAdapter, Microsoft.VisualStudio.QualityTools.Tips.UnitTest.Adapter, Version=10.0.0.0, Culture=neutral, PublicKeyToken=b03f5f7f11d50a3a" className="SharpBag.ExtensionsTest, SharpBag.Tests, Version=0.0.0.0, Culture=neutral, PublicKeyToken=null" name="To02632" />
    </UnitTest>
    <UnitTest name="NullOrThrowsContractException472" storage="c:\users\suprdewd\desktop\projects\forritun\sharpbag\sharpbag.tests01\bin\release\sharpbag.tests.dll" id="2ff335b0-14c8-89c8-7e7b-05ade8625c3d">
      <Execution id="8460e8eb-5d24-46cf-af5e-80b0655b3ecd" />
      <TestMethod codeBase="C:/Users/SuprDewd/Desktop/Projects/Forritun/SharpBag/SharpBag.Tests01/bin/Release/SharpBag.Tests.DLL" adapterTypeName="Microsoft.VisualStudio.TestTools.TestTypes.Unit.UnitTestAdapter, Microsoft.VisualStudio.QualityTools.Tips.UnitTest.Adapter, Version=10.0.0.0, Culture=neutral, PublicKeyToken=b03f5f7f11d50a3a" className="SharpBag.ExtensionsTest, SharpBag.Tests, Version=0.0.0.0, Culture=neutral, PublicKeyToken=null" name="NullOrThrowsContractException472" />
    </UnitTest>
    <UnitTest name="As21507" storage="c:\users\suprdewd\desktop\projects\forritun\sharpbag\sharpbag.tests01\bin\release\sharpbag.tests.dll" id="1a1204f8-80dc-63b9-41bb-196d59b5bd9c">
      <Execution id="a22f51e6-33fe-442e-90ad-243294713f79" />
      <TestMethod codeBase="C:/Users/SuprDewd/Desktop/Projects/Forritun/SharpBag/SharpBag.Tests01/bin/Release/SharpBag.Tests.DLL" adapterTypeName="Microsoft.VisualStudio.TestTools.TestTypes.Unit.UnitTestAdapter, Microsoft.VisualStudio.QualityTools.Tips.UnitTest.Adapter, Version=10.0.0.0, Culture=neutral, PublicKeyToken=b03f5f7f11d50a3a" className="SharpBag.ExtensionsTest, SharpBag.Tests, Version=0.0.0.0, Culture=neutral, PublicKeyToken=null" name="As21507" />
    </UnitTest>
    <UnitTest name="Execute53301" storage="c:\users\suprdewd\desktop\projects\forritun\sharpbag\sharpbag.tests01\bin\release\sharpbag.tests.dll" id="25d5b35a-db1f-e192-1a83-5fbd23003a20">
      <Execution id="7492a431-70c1-4106-91a2-b2c33b85a28c" />
      <TestMethod codeBase="C:/Users/SuprDewd/Desktop/Projects/Forritun/SharpBag/SharpBag.Tests01/bin/Release/SharpBag.Tests.DLL" adapterTypeName="Microsoft.VisualStudio.TestTools.TestTypes.Unit.UnitTestAdapter, Microsoft.VisualStudio.QualityTools.Tips.UnitTest.Adapter, Version=10.0.0.0, Culture=neutral, PublicKeyToken=b03f5f7f11d50a3a" className="SharpBag.ExtensionsTest, SharpBag.Tests, Version=0.0.0.0, Culture=neutral, PublicKeyToken=null" name="Execute53301" />
    </UnitTest>
    <UnitTest name="InvokeIfRequired01ThrowsContractException382" storage="c:\users\suprdewd\desktop\projects\forritun\sharpbag\sharpbag.tests01\bin\release\sharpbag.tests.dll" id="f56d5205-e252-235c-3244-90ee14efb3f4">
      <Execution id="b55303ca-3e2a-4ad8-9556-6aba5c05eeee" />
      <TestMethod codeBase="C:/Users/SuprDewd/Desktop/Projects/Forritun/SharpBag/SharpBag.Tests01/bin/Release/SharpBag.Tests.DLL" adapterTypeName="Microsoft.VisualStudio.TestTools.TestTypes.Unit.UnitTestAdapter, Microsoft.VisualStudio.QualityTools.Tips.UnitTest.Adapter, Version=10.0.0.0, Culture=neutral, PublicKeyToken=b03f5f7f11d50a3a" className="SharpBag.ExtensionsTest, SharpBag.Tests, Version=0.0.0.0, Culture=neutral, PublicKeyToken=null" name="InvokeIfRequired01ThrowsContractException382" />
    </UnitTest>
    <UnitTest name="As0166002" storage="c:\users\suprdewd\desktop\projects\forritun\sharpbag\sharpbag.tests01\bin\release\sharpbag.tests.dll" id="37c5e788-97a2-ee7f-c1df-5b64dcc3fb4c">
      <Execution id="72d48031-ef95-4183-93f4-27cb220a59c5" />
      <TestMethod codeBase="C:/Users/SuprDewd/Desktop/Projects/Forritun/SharpBag/SharpBag.Tests01/bin/Release/SharpBag.Tests.DLL" adapterTypeName="Microsoft.VisualStudio.TestTools.TestTypes.Unit.UnitTestAdapter, Microsoft.VisualStudio.QualityTools.Tips.UnitTest.Adapter, Version=10.0.0.0, Culture=neutral, PublicKeyToken=b03f5f7f11d50a3a" className="SharpBag.ExtensionsTest, SharpBag.Tests, Version=0.0.0.0, Culture=neutral, PublicKeyToken=null" name="As0166002" />
    </UnitTest>
    <UnitTest name="As0132103" storage="c:\users\suprdewd\desktop\projects\forritun\sharpbag\sharpbag.tests01\bin\release\sharpbag.tests.dll" id="0c58cf0b-ac72-a134-206f-98daff22c7f5">
      <Execution id="c41ae081-593a-443b-ad51-19657a482227" />
      <TestMethod codeBase="C:/Users/SuprDewd/Desktop/Projects/Forritun/SharpBag/SharpBag.Tests01/bin/Release/SharpBag.Tests.DLL" adapterTypeName="Microsoft.VisualStudio.TestTools.TestTypes.Unit.UnitTestAdapter, Microsoft.VisualStudio.QualityTools.Tips.UnitTest.Adapter, Version=10.0.0.0, Culture=neutral, PublicKeyToken=b03f5f7f11d50a3a" className="SharpBag.ExtensionsTest, SharpBag.Tests, Version=0.0.0.0, Culture=neutral, PublicKeyToken=null" name="As0132103" />
    </UnitTest>
    <UnitTest name="IsNullOrEmpty839" storage="c:\users\suprdewd\desktop\projects\forritun\sharpbag\sharpbag.tests01\bin\release\sharpbag.tests.dll" id="7d85dd6d-e955-0c88-df95-d36cadd3d7ff">
      <Execution id="fc760370-d79d-4abe-9df4-40a0a359a551" />
      <TestMethod codeBase="C:/Users/SuprDewd/Desktop/Projects/Forritun/SharpBag/SharpBag.Tests01/bin/Release/SharpBag.Tests.DLL" adapterTypeName="Microsoft.VisualStudio.TestTools.TestTypes.Unit.UnitTestAdapter, Microsoft.VisualStudio.QualityTools.Tips.UnitTest.Adapter, Version=10.0.0.0, Culture=neutral, PublicKeyToken=b03f5f7f11d50a3a" className="SharpBag.ExtensionsTest, SharpBag.Tests, Version=0.0.0.0, Culture=neutral, PublicKeyToken=null" name="IsNullOrEmpty839" />
    </UnitTest>
    <UnitTest name="As0132109" storage="c:\users\suprdewd\desktop\projects\forritun\sharpbag\sharpbag.tests01\bin\release\sharpbag.tests.dll" id="ea8ee283-08b1-8adf-4aa4-5e76e4a476d8">
      <Execution id="5e9cd041-23d4-4051-bfaa-ceb89e8f9783" />
      <TestMethod codeBase="C:/Users/SuprDewd/Desktop/Projects/Forritun/SharpBag/SharpBag.Tests01/bin/Release/SharpBag.Tests.DLL" adapterTypeName="Microsoft.VisualStudio.TestTools.TestTypes.Unit.UnitTestAdapter, Microsoft.VisualStudio.QualityTools.Tips.UnitTest.Adapter, Version=10.0.0.0, Culture=neutral, PublicKeyToken=b03f5f7f11d50a3a" className="SharpBag.ExtensionsTest, SharpBag.Tests, Version=0.0.0.0, Culture=neutral, PublicKeyToken=null" name="As0132109" />
    </UnitTest>
    <UnitTest name="AsEnumerable0314803" storage="c:\users\suprdewd\desktop\projects\forritun\sharpbag\sharpbag.tests01\bin\release\sharpbag.tests.dll" id="11187b04-c546-bd3e-0bbb-d3f71bff1f4f">
      <Execution id="d8427259-5988-440d-82ca-ffeada1d8291" />
      <TestMethod codeBase="C:/Users/SuprDewd/Desktop/Projects/Forritun/SharpBag/SharpBag.Tests01/bin/Release/SharpBag.Tests.DLL" adapterTypeName="Microsoft.VisualStudio.TestTools.TestTypes.Unit.UnitTestAdapter, Microsoft.VisualStudio.QualityTools.Tips.UnitTest.Adapter, Version=10.0.0.0, Culture=neutral, PublicKeyToken=b03f5f7f11d50a3a" className="SharpBag.ExtensionsTest, SharpBag.Tests, Version=0.0.0.0, Culture=neutral, PublicKeyToken=null" name="AsEnumerable0314803" />
    </UnitTest>
    <UnitTest name="Range377" storage="c:\users\suprdewd\desktop\projects\forritun\sharpbag\sharpbag.tests01\bin\release\sharpbag.tests.dll" id="567a07ee-04bb-68f0-b054-7c3ac20e04d0">
      <Execution id="c035ad4f-4d5b-4beb-ab93-1fcdd0bba965" />
      <TestMethod codeBase="C:/Users/SuprDewd/Desktop/Projects/Forritun/SharpBag/SharpBag.Tests01/bin/Release/SharpBag.Tests.DLL" adapterTypeName="Microsoft.VisualStudio.TestTools.TestTypes.Unit.UnitTestAdapter, Microsoft.VisualStudio.QualityTools.Tips.UnitTest.Adapter, Version=10.0.0.0, Culture=neutral, PublicKeyToken=b03f5f7f11d50a3a" className="SharpBag.ExtensionsTest, SharpBag.Tests, Version=0.0.0.0, Culture=neutral, PublicKeyToken=null" name="Range377" />
    </UnitTest>
    <UnitTest name="AsEnumerable03ThrowsContractException289" storage="c:\users\suprdewd\desktop\projects\forritun\sharpbag\sharpbag.tests01\bin\release\sharpbag.tests.dll" id="8e9dd2cf-ab74-a19e-4fae-41caa637e0ed">
      <Execution id="d0da5ed4-23d1-4cef-b77c-ebe028ae249c" />
      <TestMethod codeBase="C:/Users/SuprDewd/Desktop/Projects/Forritun/SharpBag/SharpBag.Tests01/bin/Release/SharpBag.Tests.DLL" adapterTypeName="Microsoft.VisualStudio.TestTools.TestTypes.Unit.UnitTestAdapter, Microsoft.VisualStudio.QualityTools.Tips.UnitTest.Adapter, Version=10.0.0.0, Culture=neutral, PublicKeyToken=b03f5f7f11d50a3a" className="SharpBag.ExtensionsTest, SharpBag.Tests, Version=0.0.0.0, Culture=neutral, PublicKeyToken=null" name="AsEnumerable03ThrowsContractException289" />
    </UnitTest>
    <UnitTest name="As21504" storage="c:\users\suprdewd\desktop\projects\forritun\sharpbag\sharpbag.tests01\bin\release\sharpbag.tests.dll" id="b99ec452-b626-078c-5efb-2041d6f255c4">
      <Execution id="b8c27349-0183-4e5c-881f-8d1526659673" />
      <TestMethod codeBase="C:/Users/SuprDewd/Desktop/Projects/Forritun/SharpBag/SharpBag.Tests01/bin/Release/SharpBag.Tests.DLL" adapterTypeName="Microsoft.VisualStudio.TestTools.TestTypes.Unit.UnitTestAdapter, Microsoft.VisualStudio.QualityTools.Tips.UnitTest.Adapter, Version=10.0.0.0, Culture=neutral, PublicKeyToken=b03f5f7f11d50a3a" className="SharpBag.ExtensionsTest, SharpBag.Tests, Version=0.0.0.0, Culture=neutral, PublicKeyToken=null" name="As21504" />
    </UnitTest>
    <UnitTest name="IsInThrowsContractException285" storage="c:\users\suprdewd\desktop\projects\forritun\sharpbag\sharpbag.tests01\bin\release\sharpbag.tests.dll" id="ad25e31e-4a53-f08b-b3bd-cfdcb07226a0">
      <Execution id="d76497ea-bed9-4b91-a7a1-cd87cc3a3e41" />
      <TestMethod codeBase="C:/Users/SuprDewd/Desktop/Projects/Forritun/SharpBag/SharpBag.Tests01/bin/Release/SharpBag.Tests.DLL" adapterTypeName="Microsoft.VisualStudio.TestTools.TestTypes.Unit.UnitTestAdapter, Microsoft.VisualStudio.QualityTools.Tips.UnitTest.Adapter, Version=10.0.0.0, Culture=neutral, PublicKeyToken=b03f5f7f11d50a3a" className="SharpBag.ExtensionsTest, SharpBag.Tests, Version=0.0.0.0, Culture=neutral, PublicKeyToken=null" name="IsInThrowsContractException285" />
    </UnitTest>
    <UnitTest name="As0130304" storage="c:\users\suprdewd\desktop\projects\forritun\sharpbag\sharpbag.tests01\bin\release\sharpbag.tests.dll" id="3c1d094b-ca29-adfc-cfcd-77289a3cce3f">
      <Execution id="50a97555-9016-4450-b556-261cd6eb2c0b" />
      <TestMethod codeBase="C:/Users/SuprDewd/Desktop/Projects/Forritun/SharpBag/SharpBag.Tests01/bin/Release/SharpBag.Tests.DLL" adapterTypeName="Microsoft.VisualStudio.TestTools.TestTypes.Unit.UnitTestAdapter, Microsoft.VisualStudio.QualityTools.Tips.UnitTest.Adapter, Version=10.0.0.0, Culture=neutral, PublicKeyToken=b03f5f7f11d50a3a" className="SharpBag.ExtensionsTest, SharpBag.Tests, Version=0.0.0.0, Culture=neutral, PublicKeyToken=null" name="As0130304" />
    </UnitTest>
    <UnitTest name="Random575" storage="c:\users\suprdewd\desktop\projects\forritun\sharpbag\sharpbag.tests01\bin\release\sharpbag.tests.dll" id="2cb985a5-30e0-1631-ebdb-14215fcd5267">
      <Execution id="40067b4e-bb94-4870-b531-f023348fa38c" />
      <TestMethod codeBase="C:/Users/SuprDewd/Desktop/Projects/Forritun/SharpBag/SharpBag.Tests01/bin/Release/SharpBag.Tests.DLL" adapterTypeName="Microsoft.VisualStudio.TestTools.TestTypes.Unit.UnitTestAdapter, Microsoft.VisualStudio.QualityTools.Tips.UnitTest.Adapter, Version=10.0.0.0, Culture=neutral, PublicKeyToken=b03f5f7f11d50a3a" className="SharpBag.ExtensionsTest, SharpBag.Tests, Version=0.0.0.0, Culture=neutral, PublicKeyToken=null" name="Random575" />
    </UnitTest>
    <UnitTest name="As0198301" storage="c:\users\suprdewd\desktop\projects\forritun\sharpbag\sharpbag.tests01\bin\release\sharpbag.tests.dll" id="43271b50-9462-4bb7-5e78-3783a2d68504">
      <Execution id="785ec230-3d77-4e77-a60d-7484b5aff54b" />
      <TestMethod codeBase="C:/Users/SuprDewd/Desktop/Projects/Forritun/SharpBag/SharpBag.Tests01/bin/Release/SharpBag.Tests.DLL" adapterTypeName="Microsoft.VisualStudio.TestTools.TestTypes.Unit.UnitTestAdapter, Microsoft.VisualStudio.QualityTools.Tips.UnitTest.Adapter, Version=10.0.0.0, Culture=neutral, PublicKeyToken=b03f5f7f11d50a3a" className="SharpBag.ExtensionsTest, SharpBag.Tests, Version=0.0.0.0, Culture=neutral, PublicKeyToken=null" name="As0198301" />
    </UnitTest>
    <UnitTest name="AsEnumerable0128303" storage="c:\users\suprdewd\desktop\projects\forritun\sharpbag\sharpbag.tests01\bin\release\sharpbag.tests.dll" id="c441e89e-f895-2b6d-e75c-6ac07c647d62">
      <Execution id="67a90efa-0a3a-4b74-95af-40c1ae9917dd" />
      <TestMethod codeBase="C:/Users/SuprDewd/Desktop/Projects/Forritun/SharpBag/SharpBag.Tests01/bin/Release/SharpBag.Tests.DLL" adapterTypeName="Microsoft.VisualStudio.TestTools.TestTypes.Unit.UnitTestAdapter, Microsoft.VisualStudio.QualityTools.Tips.UnitTest.Adapter, Version=10.0.0.0, Culture=neutral, PublicKeyToken=b03f5f7f11d50a3a" className="SharpBag.ExtensionsTest, SharpBag.Tests, Version=0.0.0.0, Culture=neutral, PublicKeyToken=null" name="AsEnumerable0128303" />
    </UnitTest>
    <UnitTest name="Fill0157102" storage="c:\users\suprdewd\desktop\projects\forritun\sharpbag\sharpbag.tests01\bin\release\sharpbag.tests.dll" id="80003646-df99-feba-93b2-6a809b884bf6">
      <Execution id="1247d133-041e-4187-9f47-288dd622ea2a" />
      <TestMethod codeBase="C:/Users/SuprDewd/Desktop/Projects/Forritun/SharpBag/SharpBag.Tests01/bin/Release/SharpBag.Tests.DLL" adapterTypeName="Microsoft.VisualStudio.TestTools.TestTypes.Unit.UnitTestAdapter, Microsoft.VisualStudio.QualityTools.Tips.UnitTest.Adapter, Version=10.0.0.0, Culture=neutral, PublicKeyToken=b03f5f7f11d50a3a" className="SharpBag.ExtensionsTest, SharpBag.Tests, Version=0.0.0.0, Culture=neutral, PublicKeyToken=null" name="Fill0157102" />
    </UnitTest>
    <UnitTest name="As0163212" storage="c:\users\suprdewd\desktop\projects\forritun\sharpbag\sharpbag.tests01\bin\release\sharpbag.tests.dll" id="dc08494a-5655-aecb-96fc-b52817050a2a">
      <Execution id="28d0049d-c735-456d-803e-db8991e90724" />
      <TestMethod codeBase="C:/Users/SuprDewd/Desktop/Projects/Forritun/SharpBag/SharpBag.Tests01/bin/Release/SharpBag.Tests.DLL" adapterTypeName="Microsoft.VisualStudio.TestTools.TestTypes.Unit.UnitTestAdapter, Microsoft.VisualStudio.QualityTools.Tips.UnitTest.Adapter, Version=10.0.0.0, Culture=neutral, PublicKeyToken=b03f5f7f11d50a3a" className="SharpBag.ExtensionsTest, SharpBag.Tests, Version=0.0.0.0, Culture=neutral, PublicKeyToken=null" name="As0163212" />
    </UnitTest>
    <UnitTest name="UnionAll13601" storage="c:\users\suprdewd\desktop\projects\forritun\sharpbag\sharpbag.tests01\bin\release\sharpbag.tests.dll" id="382ae704-dd0b-2259-d31c-dfbfb69a1305">
      <Execution id="6c4a307d-1f25-488d-9afb-e807fbeb4da4" />
      <TestMethod codeBase="C:/Users/SuprDewd/Desktop/Projects/Forritun/SharpBag/SharpBag.Tests01/bin/Release/SharpBag.Tests.DLL" adapterTypeName="Microsoft.VisualStudio.TestTools.TestTypes.Unit.UnitTestAdapter, Microsoft.VisualStudio.QualityTools.Tips.UnitTest.Adapter, Version=10.0.0.0, Culture=neutral, PublicKeyToken=b03f5f7f11d50a3a" className="SharpBag.ExtensionsTest, SharpBag.Tests, Version=0.0.0.0, Culture=neutral, PublicKeyToken=null" name="UnionAll13601" />
    </UnitTest>
    <UnitTest name="ShuffleThrowsContractException285" storage="c:\users\suprdewd\desktop\projects\forritun\sharpbag\sharpbag.tests01\bin\release\sharpbag.tests.dll" id="a8ed7a3a-0e05-4105-ece6-4d106523c6c6">
      <Execution id="b68931b7-806a-4e31-b8f6-60b49a940fa0" />
      <TestMethod codeBase="C:/Users/SuprDewd/Desktop/Projects/Forritun/SharpBag/SharpBag.Tests01/bin/Release/SharpBag.Tests.DLL" adapterTypeName="Microsoft.VisualStudio.TestTools.TestTypes.Unit.UnitTestAdapter, Microsoft.VisualStudio.QualityTools.Tips.UnitTest.Adapter, Version=10.0.0.0, Culture=neutral, PublicKeyToken=b03f5f7f11d50a3a" className="SharpBag.ExtensionsTest, SharpBag.Tests, Version=0.0.0.0, Culture=neutral, PublicKeyToken=null" name="ShuffleThrowsContractException285" />
    </UnitTest>
    <UnitTest name="Fill68801" storage="c:\users\suprdewd\desktop\projects\forritun\sharpbag\sharpbag.tests01\bin\release\sharpbag.tests.dll" id="236dd585-9363-168d-3729-7ab007ad8692">
      <Execution id="a8aa6d81-2c39-4b2f-bc8f-b0dde18c3c10" />
      <TestMethod codeBase="C:/Users/SuprDewd/Desktop/Projects/Forritun/SharpBag/SharpBag.Tests01/bin/Release/SharpBag.Tests.DLL" adapterTypeName="Microsoft.VisualStudio.TestTools.TestTypes.Unit.UnitTestAdapter, Microsoft.VisualStudio.QualityTools.Tips.UnitTest.Adapter, Version=10.0.0.0, Culture=neutral, PublicKeyToken=b03f5f7f11d50a3a" className="SharpBag.ExtensionsTest, SharpBag.Tests, Version=0.0.0.0, Culture=neutral, PublicKeyToken=null" name="Fill68801" />
    </UnitTest>
    <UnitTest name="IterThrowsContractException889" storage="c:\users\suprdewd\desktop\projects\forritun\sharpbag\sharpbag.tests01\bin\release\sharpbag.tests.dll" id="7b6ad291-8507-bfdb-b921-bf2c15c5fff5">
      <Execution id="57d42cb6-f207-43f4-8e27-fdc0d835ec76" />
      <TestMethod codeBase="C:/Users/SuprDewd/Desktop/Projects/Forritun/SharpBag/SharpBag.Tests01/bin/Release/SharpBag.Tests.DLL" adapterTypeName="Microsoft.VisualStudio.TestTools.TestTypes.Unit.UnitTestAdapter, Microsoft.VisualStudio.QualityTools.Tips.UnitTest.Adapter, Version=10.0.0.0, Culture=neutral, PublicKeyToken=b03f5f7f11d50a3a" className="SharpBag.ExtensionsTest, SharpBag.Tests, Version=0.0.0.0, Culture=neutral, PublicKeyToken=null" name="IterThrowsContractException889" />
    </UnitTest>
    <UnitTest name="As29401" storage="c:\users\suprdewd\desktop\projects\forritun\sharpbag\sharpbag.tests01\bin\release\sharpbag.tests.dll" id="9b2baef8-8cea-f431-96b6-95e1ddfaf4a9">
      <Execution id="94b8b3b5-b721-49d8-82a6-2a517834fdb9" />
      <TestMethod codeBase="C:/Users/SuprDewd/Desktop/Projects/Forritun/SharpBag/SharpBag.Tests01/bin/Release/SharpBag.Tests.DLL" adapterTypeName="Microsoft.VisualStudio.TestTools.TestTypes.Unit.UnitTestAdapter, Microsoft.VisualStudio.QualityTools.Tips.UnitTest.Adapter, Version=10.0.0.0, Culture=neutral, PublicKeyToken=b03f5f7f11d50a3a" className="SharpBag.ExtensionsTest, SharpBag.Tests, Version=0.0.0.0, Culture=neutral, PublicKeyToken=null" name="As29401" />
    </UnitTest>
    <UnitTest name="ForEach90802" storage="c:\users\suprdewd\desktop\projects\forritun\sharpbag\sharpbag.tests01\bin\release\sharpbag.tests.dll" id="1903a639-b5d9-1b4f-9c30-0405b15e8f12">
      <Execution id="858d4644-d91f-4629-81c1-6c4fef222c17" />
      <TestMethod codeBase="C:/Users/SuprDewd/Desktop/Projects/Forritun/SharpBag/SharpBag.Tests01/bin/Release/SharpBag.Tests.DLL" adapterTypeName="Microsoft.VisualStudio.TestTools.TestTypes.Unit.UnitTestAdapter, Microsoft.VisualStudio.QualityTools.Tips.UnitTest.Adapter, Version=10.0.0.0, Culture=neutral, PublicKeyToken=b03f5f7f11d50a3a" className="SharpBag.ExtensionsTest, SharpBag.Tests, Version=0.0.0.0, Culture=neutral, PublicKeyToken=null" name="ForEach90802" />
    </UnitTest>
    <UnitTest name="IsNullOrEmpty963" storage="c:\users\suprdewd\desktop\projects\forritun\sharpbag\sharpbag.tests01\bin\release\sharpbag.tests.dll" id="c764531a-8b43-978a-82fa-64e183192f81">
      <Execution id="84876d99-d3e5-43d3-95bd-fd3c6feb33ae" />
      <TestMethod codeBase="C:/Users/SuprDewd/Desktop/Projects/Forritun/SharpBag/SharpBag.Tests01/bin/Release/SharpBag.Tests.DLL" adapterTypeName="Microsoft.VisualStudio.TestTools.TestTypes.Unit.UnitTestAdapter, Microsoft.VisualStudio.QualityTools.Tips.UnitTest.Adapter, Version=10.0.0.0, Culture=neutral, PublicKeyToken=b03f5f7f11d50a3a" className="SharpBag.ExtensionsTest, SharpBag.Tests, Version=0.0.0.0, Culture=neutral, PublicKeyToken=null" name="IsNullOrEmpty963" />
    </UnitTest>
    <UnitTest name="IfNotNull0192303" storage="c:\users\suprdewd\desktop\projects\forritun\sharpbag\sharpbag.tests01\bin\release\sharpbag.tests.dll" id="71a360e3-d81d-a30a-382f-721ef096f5b1">
      <Execution id="a33fa123-9c9c-471e-84ed-6b3da4f08321" />
      <TestMethod codeBase="C:/Users/SuprDewd/Desktop/Projects/Forritun/SharpBag/SharpBag.Tests01/bin/Release/SharpBag.Tests.DLL" adapterTypeName="Microsoft.VisualStudio.TestTools.TestTypes.Unit.UnitTestAdapter, Microsoft.VisualStudio.QualityTools.Tips.UnitTest.Adapter, Version=10.0.0.0, Culture=neutral, PublicKeyToken=b03f5f7f11d50a3a" className="SharpBag.ExtensionsTest, SharpBag.Tests, Version=0.0.0.0, Culture=neutral, PublicKeyToken=null" name="IfNotNull0192303" />
    </UnitTest>
    <UnitTest name="GetByPercentThrowsIndexOutOfRangeException858" storage="c:\users\suprdewd\desktop\projects\forritun\sharpbag\sharpbag.tests01\bin\release\sharpbag.tests.dll" id="16bc510b-963f-30e5-6517-13389edd4fdc">
      <Execution id="06794d3e-7c39-43d0-89fc-cdb1f6559bc4" />
      <TestMethod codeBase="C:/Users/SuprDewd/Desktop/Projects/Forritun/SharpBag/SharpBag.Tests01/bin/Release/SharpBag.Tests.DLL" adapterTypeName="Microsoft.VisualStudio.TestTools.TestTypes.Unit.UnitTestAdapter, Microsoft.VisualStudio.QualityTools.Tips.UnitTest.Adapter, Version=10.0.0.0, Culture=neutral, PublicKeyToken=b03f5f7f11d50a3a" className="SharpBag.ExtensionsTest, SharpBag.Tests, Version=0.0.0.0, Culture=neutral, PublicKeyToken=null" name="GetByPercentThrowsIndexOutOfRangeException858" />
    </UnitTest>
    <UnitTest name="IsNullOrEmpty177" storage="c:\users\suprdewd\desktop\projects\forritun\sharpbag\sharpbag.tests01\bin\release\sharpbag.tests.dll" id="14e07649-4bb1-965c-d352-f5e6a62d38fd">
      <Execution id="9cbd5175-02ac-4948-8b16-82af9b63734e" />
      <TestMethod codeBase="C:/Users/SuprDewd/Desktop/Projects/Forritun/SharpBag/SharpBag.Tests01/bin/Release/SharpBag.Tests.DLL" adapterTypeName="Microsoft.VisualStudio.TestTools.TestTypes.Unit.UnitTestAdapter, Microsoft.VisualStudio.QualityTools.Tips.UnitTest.Adapter, Version=10.0.0.0, Culture=neutral, PublicKeyToken=b03f5f7f11d50a3a" className="SharpBag.ExtensionsTest, SharpBag.Tests, Version=0.0.0.0, Culture=neutral, PublicKeyToken=null" name="IsNullOrEmpty177" />
    </UnitTest>
    <UnitTest name="TakeEvery57301" storage="c:\users\suprdewd\desktop\projects\forritun\sharpbag\sharpbag.tests01\bin\release\sharpbag.tests.dll" id="3febe6f3-67ab-23b3-dd85-d4b7c1206b0c">
      <Execution id="12581c48-2cd0-4124-b70e-dc993cadf72a" />
      <TestMethod codeBase="C:/Users/SuprDewd/Desktop/Projects/Forritun/SharpBag/SharpBag.Tests01/bin/Release/SharpBag.Tests.DLL" adapterTypeName="Microsoft.VisualStudio.TestTools.TestTypes.Unit.UnitTestAdapter, Microsoft.VisualStudio.QualityTools.Tips.UnitTest.Adapter, Version=10.0.0.0, Culture=neutral, PublicKeyToken=b03f5f7f11d50a3a" className="SharpBag.ExtensionsTest, SharpBag.Tests, Version=0.0.0.0, Culture=neutral, PublicKeyToken=null" name="TakeEvery57301" />
    </UnitTest>
    <UnitTest name="As0163235" storage="c:\users\suprdewd\desktop\projects\forritun\sharpbag\sharpbag.tests01\bin\release\sharpbag.tests.dll" id="c0b049d8-5af1-212d-f646-b9a7aa76e7aa">
      <Execution id="e108b370-7f26-4c0a-9957-21358adb5967" />
      <TestMethod codeBase="C:/Users/SuprDewd/Desktop/Projects/Forritun/SharpBag/SharpBag.Tests01/bin/Release/SharpBag.Tests.DLL" adapterTypeName="Microsoft.VisualStudio.TestTools.TestTypes.Unit.UnitTestAdapter, Microsoft.VisualStudio.QualityTools.Tips.UnitTest.Adapter, Version=10.0.0.0, Culture=neutral, PublicKeyToken=b03f5f7f11d50a3a" className="SharpBag.ExtensionsTest, SharpBag.Tests, Version=0.0.0.0, Culture=neutral, PublicKeyToken=null" name="As0163235" />
    </UnitTest>
    <UnitTest name="AsEnumerable56004" storage="c:\users\suprdewd\desktop\projects\forritun\sharpbag\sharpbag.tests01\bin\release\sharpbag.tests.dll" id="9611d5ba-c78e-b7b6-592f-64194d91b456">
      <Execution id="e15ab485-a0e8-43fe-96e5-cc016197f2cf" />
      <TestMethod codeBase="C:/Users/SuprDewd/Desktop/Projects/Forritun/SharpBag/SharpBag.Tests01/bin/Release/SharpBag.Tests.DLL" adapterTypeName="Microsoft.VisualStudio.TestTools.TestTypes.Unit.UnitTestAdapter, Microsoft.VisualStudio.QualityTools.Tips.UnitTest.Adapter, Version=10.0.0.0, Culture=neutral, PublicKeyToken=b03f5f7f11d50a3a" className="SharpBag.ExtensionsTest, SharpBag.Tests, Version=0.0.0.0, Culture=neutral, PublicKeyToken=null" name="AsEnumerable56004" />
    </UnitTest>
    <UnitTest name="As0198302" storage="c:\users\suprdewd\desktop\projects\forritun\sharpbag\sharpbag.tests01\bin\release\sharpbag.tests.dll" id="31751606-0e00-3ddd-298e-e7c2d6c445a2">
      <Execution id="1fe8f843-1acf-4e2a-803f-633a31a6360e" />
      <TestMethod codeBase="C:/Users/SuprDewd/Desktop/Projects/Forritun/SharpBag/SharpBag.Tests01/bin/Release/SharpBag.Tests.DLL" adapterTypeName="Microsoft.VisualStudio.TestTools.TestTypes.Unit.UnitTestAdapter, Microsoft.VisualStudio.QualityTools.Tips.UnitTest.Adapter, Version=10.0.0.0, Culture=neutral, PublicKeyToken=b03f5f7f11d50a3a" className="SharpBag.ExtensionsTest, SharpBag.Tests, Version=0.0.0.0, Culture=neutral, PublicKeyToken=null" name="As0198302" />
    </UnitTest>
    <UnitTest name="RangeThrowsContractException560" storage="c:\users\suprdewd\desktop\projects\forritun\sharpbag\sharpbag.tests01\bin\release\sharpbag.tests.dll" id="22b3bc9e-2d91-4747-086b-d415be2c5776">
      <Execution id="03af8ff4-e83c-4f56-9eb7-ac08206070a1" />
      <TestMethod codeBase="C:/Users/SuprDewd/Desktop/Projects/Forritun/SharpBag/SharpBag.Tests01/bin/Release/SharpBag.Tests.DLL" adapterTypeName="Microsoft.VisualStudio.TestTools.TestTypes.Unit.UnitTestAdapter, Microsoft.VisualStudio.QualityTools.Tips.UnitTest.Adapter, Version=10.0.0.0, Culture=neutral, PublicKeyToken=b03f5f7f11d50a3a" className="SharpBag.ExtensionsTest, SharpBag.Tests, Version=0.0.0.0, Culture=neutral, PublicKeyToken=null" name="RangeThrowsContractException560" />
    </UnitTest>
    <UnitTest name="Is373" storage="c:\users\suprdewd\desktop\projects\forritun\sharpbag\sharpbag.tests01\bin\release\sharpbag.tests.dll" id="767e3845-1b47-6225-c38c-e6345e12262a">
      <Execution id="9cbea0f5-b39c-40cc-baf6-3364873eb3ef" />
      <TestMethod codeBase="C:/Users/SuprDewd/Desktop/Projects/Forritun/SharpBag/SharpBag.Tests01/bin/Release/SharpBag.Tests.DLL" adapterTypeName="Microsoft.VisualStudio.TestTools.TestTypes.Unit.UnitTestAdapter, Microsoft.VisualStudio.QualityTools.Tips.UnitTest.Adapter, Version=10.0.0.0, Culture=neutral, PublicKeyToken=b03f5f7f11d50a3a" className="SharpBag.ExtensionsTest, SharpBag.Tests, Version=0.0.0.0, Culture=neutral, PublicKeyToken=null" name="Is373" />
    </UnitTest>
    <UnitTest name="IfNotNull47701" storage="c:\users\suprdewd\desktop\projects\forritun\sharpbag\sharpbag.tests01\bin\release\sharpbag.tests.dll" id="69d4fcec-3787-b518-9138-fc65c3d09ecc">
      <Execution id="d5491617-8a23-4a9a-a378-424a7ea1f3f6" />
      <TestMethod codeBase="C:/Users/SuprDewd/Desktop/Projects/Forritun/SharpBag/SharpBag.Tests01/bin/Release/SharpBag.Tests.DLL" adapterTypeName="Microsoft.VisualStudio.TestTools.TestTypes.Unit.UnitTestAdapter, Microsoft.VisualStudio.QualityTools.Tips.UnitTest.Adapter, Version=10.0.0.0, Culture=neutral, PublicKeyToken=b03f5f7f11d50a3a" className="SharpBag.ExtensionsTest, SharpBag.Tests, Version=0.0.0.0, Culture=neutral, PublicKeyToken=null" name="IfNotNull47701" />
    </UnitTest>
    <UnitTest name="Fill105" storage="c:\users\suprdewd\desktop\projects\forritun\sharpbag\sharpbag.tests01\bin\release\sharpbag.tests.dll" id="a51caca7-6a0e-8bea-fb89-3104ddb0e38a">
      <Execution id="c29d33f9-9a1f-468b-973e-385907dba506" />
      <TestMethod codeBase="C:/Users/SuprDewd/Desktop/Projects/Forritun/SharpBag/SharpBag.Tests01/bin/Release/SharpBag.Tests.DLL" adapterTypeName="Microsoft.VisualStudio.TestTools.TestTypes.Unit.UnitTestAdapter, Microsoft.VisualStudio.QualityTools.Tips.UnitTest.Adapter, Version=10.0.0.0, Culture=neutral, PublicKeyToken=b03f5f7f11d50a3a" className="SharpBag.ExtensionsTest, SharpBag.Tests, Version=0.0.0.0, Culture=neutral, PublicKeyToken=null" name="Fill105" />
    </UnitTest>
    <UnitTest name="IfNotNull0159701" storage="c:\users\suprdewd\desktop\projects\forritun\sharpbag\sharpbag.tests01\bin\release\sharpbag.tests.dll" id="f96aeaaa-982a-50fe-9819-4fadbbdc5555">
      <Execution id="e91c1364-4436-45d5-97fe-ec7d9325fc29" />
      <TestMethod codeBase="C:/Users/SuprDewd/Desktop/Projects/Forritun/SharpBag/SharpBag.Tests01/bin/Release/SharpBag.Tests.DLL" adapterTypeName="Microsoft.VisualStudio.TestTools.TestTypes.Unit.UnitTestAdapter, Microsoft.VisualStudio.QualityTools.Tips.UnitTest.Adapter, Version=10.0.0.0, Culture=neutral, PublicKeyToken=b03f5f7f11d50a3a" className="SharpBag.ExtensionsTest, SharpBag.Tests, Version=0.0.0.0, Culture=neutral, PublicKeyToken=null" name="IfNotNull0159701" />
    </UnitTest>
    <UnitTest name="NullOr90702" storage="c:\users\suprdewd\desktop\projects\forritun\sharpbag\sharpbag.tests01\bin\release\sharpbag.tests.dll" id="8f214c0c-af12-b9fb-ae32-e2f0e522a10f">
      <Execution id="c6eaea56-8c62-4a9b-a397-e3881648aacd" />
      <TestMethod codeBase="C:/Users/SuprDewd/Desktop/Projects/Forritun/SharpBag/SharpBag.Tests01/bin/Release/SharpBag.Tests.DLL" adapterTypeName="Microsoft.VisualStudio.TestTools.TestTypes.Unit.UnitTestAdapter, Microsoft.VisualStudio.QualityTools.Tips.UnitTest.Adapter, Version=10.0.0.0, Culture=neutral, PublicKeyToken=b03f5f7f11d50a3a" className="SharpBag.ExtensionsTest, SharpBag.Tests, Version=0.0.0.0, Culture=neutral, PublicKeyToken=null" name="NullOr90702" />
    </UnitTest>
    <UnitTest name="ForEach12503" storage="c:\users\suprdewd\desktop\projects\forritun\sharpbag\sharpbag.tests01\bin\release\sharpbag.tests.dll" id="7acd9860-9837-fbe5-5425-b774d050444a">
      <Execution id="82658c11-8829-4a62-8137-d3ef76d839cf" />
      <TestMethod codeBase="C:/Users/SuprDewd/Desktop/Projects/Forritun/SharpBag/SharpBag.Tests01/bin/Release/SharpBag.Tests.DLL" adapterTypeName="Microsoft.VisualStudio.TestTools.TestTypes.Unit.UnitTestAdapter, Microsoft.VisualStudio.QualityTools.Tips.UnitTest.Adapter, Version=10.0.0.0, Culture=neutral, PublicKeyToken=b03f5f7f11d50a3a" className="SharpBag.ExtensionsTest, SharpBag.Tests, Version=0.0.0.0, Culture=neutral, PublicKeyToken=null" name="ForEach12503" />
    </UnitTest>
    <UnitTest name="ForEach12504" storage="c:\users\suprdewd\desktop\projects\forritun\sharpbag\sharpbag.tests01\bin\release\sharpbag.tests.dll" id="36c0ac7a-9f37-b952-7a17-2ad1e9132b69">
      <Execution id="0fbe0720-449a-4ae4-b302-723c72041a54" />
      <TestMethod codeBase="C:/Users/SuprDewd/Desktop/Projects/Forritun/SharpBag/SharpBag.Tests01/bin/Release/SharpBag.Tests.DLL" adapterTypeName="Microsoft.VisualStudio.TestTools.TestTypes.Unit.UnitTestAdapter, Microsoft.VisualStudio.QualityTools.Tips.UnitTest.Adapter, Version=10.0.0.0, Culture=neutral, PublicKeyToken=b03f5f7f11d50a3a" className="SharpBag.ExtensionsTest, SharpBag.Tests, Version=0.0.0.0, Culture=neutral, PublicKeyToken=null" name="ForEach12504" />
    </UnitTest>
    <UnitTest name="As928" storage="c:\users\suprdewd\desktop\projects\forritun\sharpbag\sharpbag.tests01\bin\release\sharpbag.tests.dll" id="d97a225a-e31a-2138-2fae-7b4109b25275">
      <Execution id="fc3fa9db-952c-4cb5-8a4c-993cb1da30b3" />
      <TestMethod codeBase="C:/Users/SuprDewd/Desktop/Projects/Forritun/SharpBag/SharpBag.Tests01/bin/Release/SharpBag.Tests.DLL" adapterTypeName="Microsoft.VisualStudio.TestTools.TestTypes.Unit.UnitTestAdapter, Microsoft.VisualStudio.QualityTools.Tips.UnitTest.Adapter, Version=10.0.0.0, Culture=neutral, PublicKeyToken=b03f5f7f11d50a3a" className="SharpBag.ExtensionsTest, SharpBag.Tests, Version=0.0.0.0, Culture=neutral, PublicKeyToken=null" name="As928" />
    </UnitTest>
    <UnitTest name="To0488601" storage="c:\users\suprdewd\desktop\projects\forritun\sharpbag\sharpbag.tests01\bin\release\sharpbag.tests.dll" id="bd00057e-88b2-1e9c-846b-ed190ddc5717">
      <Execution id="02d692c8-f995-4e59-9dad-bf14c7eb8a6e" />
      <TestMethod codeBase="C:/Users/SuprDewd/Desktop/Projects/Forritun/SharpBag/SharpBag.Tests01/bin/Release/SharpBag.Tests.DLL" adapterTypeName="Microsoft.VisualStudio.TestTools.TestTypes.Unit.UnitTestAdapter, Microsoft.VisualStudio.QualityTools.Tips.UnitTest.Adapter, Version=10.0.0.0, Culture=neutral, PublicKeyToken=b03f5f7f11d50a3a" className="SharpBag.ExtensionsTest, SharpBag.Tests, Version=0.0.0.0, Culture=neutral, PublicKeyToken=null" name="To0488601" />
    </UnitTest>
    <UnitTest name="RangeThrowsContractException187" storage="c:\users\suprdewd\desktop\projects\forritun\sharpbag\sharpbag.tests01\bin\release\sharpbag.tests.dll" id="e8ca73cc-b93e-0f49-9374-ed860ffbd677">
      <Execution id="679a2b0e-4177-40c7-8da6-96aa1a1b8bcc" />
      <TestMethod codeBase="C:/Users/SuprDewd/Desktop/Projects/Forritun/SharpBag/SharpBag.Tests01/bin/Release/SharpBag.Tests.DLL" adapterTypeName="Microsoft.VisualStudio.TestTools.TestTypes.Unit.UnitTestAdapter, Microsoft.VisualStudio.QualityTools.Tips.UnitTest.Adapter, Version=10.0.0.0, Culture=neutral, PublicKeyToken=b03f5f7f11d50a3a" className="SharpBag.ExtensionsTest, SharpBag.Tests, Version=0.0.0.0, Culture=neutral, PublicKeyToken=null" name="RangeThrowsContractException187" />
    </UnitTest>
    <UnitTest name="As0163223" storage="c:\users\suprdewd\desktop\projects\forritun\sharpbag\sharpbag.tests01\bin\release\sharpbag.tests.dll" id="ec55615d-1e36-c752-f2bf-b20284d0ae33">
      <Execution id="a616f43d-08f7-4337-b29b-a355317dfb97" />
      <TestMethod codeBase="C:/Users/SuprDewd/Desktop/Projects/Forritun/SharpBag/SharpBag.Tests01/bin/Release/SharpBag.Tests.DLL" adapterTypeName="Microsoft.VisualStudio.TestTools.TestTypes.Unit.UnitTestAdapter, Microsoft.VisualStudio.QualityTools.Tips.UnitTest.Adapter, Version=10.0.0.0, Culture=neutral, PublicKeyToken=b03f5f7f11d50a3a" className="SharpBag.ExtensionsTest, SharpBag.Tests, Version=0.0.0.0, Culture=neutral, PublicKeyToken=null" name="As0163223" />
    </UnitTest>
    <UnitTest name="IsIn34" storage="c:\users\suprdewd\desktop\projects\forritun\sharpbag\sharpbag.tests01\bin\release\sharpbag.tests.dll" id="6f205f53-5c1d-2d23-0592-7823ba18d3aa">
      <Execution id="b8775e17-a1f0-42dc-8621-d4f79af714fc" />
      <TestMethod codeBase="C:/Users/SuprDewd/Desktop/Projects/Forritun/SharpBag/SharpBag.Tests01/bin/Release/SharpBag.Tests.DLL" adapterTypeName="Microsoft.VisualStudio.TestTools.TestTypes.Unit.UnitTestAdapter, Microsoft.VisualStudio.QualityTools.Tips.UnitTest.Adapter, Version=10.0.0.0, Culture=neutral, PublicKeyToken=b03f5f7f11d50a3a" className="SharpBag.ExtensionsTest, SharpBag.Tests, Version=0.0.0.0, Culture=neutral, PublicKeyToken=null" name="IsIn34" />
    </UnitTest>
    <UnitTest name="ToThrowsContractException891" storage="c:\users\suprdewd\desktop\projects\forritun\sharpbag\sharpbag.tests01\bin\release\sharpbag.tests.dll" id="c75708a0-bd76-5c05-5aaa-8fcb10fd4321">
      <Execution id="61306d54-65ca-48ac-a8b4-b7c2d97a868f" />
      <TestMethod codeBase="C:/Users/SuprDewd/Desktop/Projects/Forritun/SharpBag/SharpBag.Tests01/bin/Release/SharpBag.Tests.DLL" adapterTypeName="Microsoft.VisualStudio.TestTools.TestTypes.Unit.UnitTestAdapter, Microsoft.VisualStudio.QualityTools.Tips.UnitTest.Adapter, Version=10.0.0.0, Culture=neutral, PublicKeyToken=b03f5f7f11d50a3a" className="SharpBag.ExtensionsTest, SharpBag.Tests, Version=0.0.0.0, Culture=neutral, PublicKeyToken=null" name="ToThrowsContractException891" />
    </UnitTest>
    <UnitTest name="NullOr90704" storage="c:\users\suprdewd\desktop\projects\forritun\sharpbag\sharpbag.tests01\bin\release\sharpbag.tests.dll" id="603d3527-31ad-433b-f22d-64c8d067b62d">
      <Execution id="d197e9f9-28e4-4fd0-9aaa-ab773e436adf" />
      <TestMethod codeBase="C:/Users/SuprDewd/Desktop/Projects/Forritun/SharpBag/SharpBag.Tests01/bin/Release/SharpBag.Tests.DLL" adapterTypeName="Microsoft.VisualStudio.TestTools.TestTypes.Unit.UnitTestAdapter, Microsoft.VisualStudio.QualityTools.Tips.UnitTest.Adapter, Version=10.0.0.0, Culture=neutral, PublicKeyToken=b03f5f7f11d50a3a" className="SharpBag.ExtensionsTest, SharpBag.Tests, Version=0.0.0.0, Culture=neutral, PublicKeyToken=null" name="NullOr90704" />
    </UnitTest>
    <UnitTest name="As0166003" storage="c:\users\suprdewd\desktop\projects\forritun\sharpbag\sharpbag.tests01\bin\release\sharpbag.tests.dll" id="2c678190-6575-f47a-afde-b3eb80b1856c">
      <Execution id="7a04b19f-733f-4307-9a4a-7391b827c39f" />
      <TestMethod codeBase="C:/Users/SuprDewd/Desktop/Projects/Forritun/SharpBag/SharpBag.Tests01/bin/Release/SharpBag.Tests.DLL" adapterTypeName="Microsoft.VisualStudio.TestTools.TestTypes.Unit.UnitTestAdapter, Microsoft.VisualStudio.QualityTools.Tips.UnitTest.Adapter, Version=10.0.0.0, Culture=neutral, PublicKeyToken=b03f5f7f11d50a3a" className="SharpBag.ExtensionsTest, SharpBag.Tests, Version=0.0.0.0, Culture=neutral, PublicKeyToken=null" name="As0166003" />
    </UnitTest>
    <UnitTest name="ForEach90801" storage="c:\users\suprdewd\desktop\projects\forritun\sharpbag\sharpbag.tests01\bin\release\sharpbag.tests.dll" id="f51de229-4761-6e36-e9f5-2ae1d5b346f0">
      <Execution id="b94394f0-a96b-4662-bcaf-0dd0a1cd0878" />
      <TestMethod codeBase="C:/Users/SuprDewd/Desktop/Projects/Forritun/SharpBag/SharpBag.Tests01/bin/Release/SharpBag.Tests.DLL" adapterTypeName="Microsoft.VisualStudio.TestTools.TestTypes.Unit.UnitTestAdapter, Microsoft.VisualStudio.QualityTools.Tips.UnitTest.Adapter, Version=10.0.0.0, Culture=neutral, PublicKeyToken=b03f5f7f11d50a3a" className="SharpBag.ExtensionsTest, SharpBag.Tests, Version=0.0.0.0, Culture=neutral, PublicKeyToken=null" name="ForEach90801" />
    </UnitTest>
    <UnitTest name="ForEach90803" storage="c:\users\suprdewd\desktop\projects\forritun\sharpbag\sharpbag.tests01\bin\release\sharpbag.tests.dll" id="41b53b6b-04c0-c784-5da0-bab31b4fb4d7">
      <Execution id="2d63b224-337e-4a3f-bedb-a52e3cd56361" />
      <TestMethod codeBase="C:/Users/SuprDewd/Desktop/Projects/Forritun/SharpBag/SharpBag.Tests01/bin/Release/SharpBag.Tests.DLL" adapterTypeName="Microsoft.VisualStudio.TestTools.TestTypes.Unit.UnitTestAdapter, Microsoft.VisualStudio.QualityTools.Tips.UnitTest.Adapter, Version=10.0.0.0, Culture=neutral, PublicKeyToken=b03f5f7f11d50a3a" className="SharpBag.ExtensionsTest, SharpBag.Tests, Version=0.0.0.0, Culture=neutral, PublicKeyToken=null" name="ForEach90803" />
    </UnitTest>
    <UnitTest name="As0163220" storage="c:\users\suprdewd\desktop\projects\forritun\sharpbag\sharpbag.tests01\bin\release\sharpbag.tests.dll" id="e37183df-04ce-aa53-28d5-e792188a2202">
      <Execution id="4acccf6d-8d73-4403-ba26-2c06b93cb5eb" />
      <TestMethod codeBase="C:/Users/SuprDewd/Desktop/Projects/Forritun/SharpBag/SharpBag.Tests01/bin/Release/SharpBag.Tests.DLL" adapterTypeName="Microsoft.VisualStudio.TestTools.TestTypes.Unit.UnitTestAdapter, Microsoft.VisualStudio.QualityTools.Tips.UnitTest.Adapter, Version=10.0.0.0, Culture=neutral, PublicKeyToken=b03f5f7f11d50a3a" className="SharpBag.ExtensionsTest, SharpBag.Tests, Version=0.0.0.0, Culture=neutral, PublicKeyToken=null" name="As0163220" />
    </UnitTest>
    <UnitTest name="AddThrowsContractException551" storage="c:\users\suprdewd\desktop\projects\forritun\sharpbag\sharpbag.tests01\bin\release\sharpbag.tests.dll" id="797d7b6c-0b94-436f-8cf2-1181e4378e5e">
      <Execution id="c108006c-5c1e-4e94-a5f6-e2496c9d2ac5" />
      <TestMethod codeBase="C:/Users/SuprDewd/Desktop/Projects/Forritun/SharpBag/SharpBag.Tests01/bin/Release/SharpBag.Tests.DLL" adapterTypeName="Microsoft.VisualStudio.TestTools.TestTypes.Unit.UnitTestAdapter, Microsoft.VisualStudio.QualityTools.Tips.UnitTest.Adapter, Version=10.0.0.0, Culture=neutral, PublicKeyToken=b03f5f7f11d50a3a" className="SharpBag.ExtensionsTest, SharpBag.Tests, Version=0.0.0.0, Culture=neutral, PublicKeyToken=null" name="AddThrowsContractException551" />
    </UnitTest>
    <UnitTest name="As0130302" storage="c:\users\suprdewd\desktop\projects\forritun\sharpbag\sharpbag.tests01\bin\release\sharpbag.tests.dll" id="bf4b4d8f-a9c5-278f-9d0c-4140566dfe7e">
      <Execution id="355a1ed1-6b63-4ef2-a7b4-d582cf24a9bf" />
      <TestMethod codeBase="C:/Users/SuprDewd/Desktop/Projects/Forritun/SharpBag/SharpBag.Tests01/bin/Release/SharpBag.Tests.DLL" adapterTypeName="Microsoft.VisualStudio.TestTools.TestTypes.Unit.UnitTestAdapter, Microsoft.VisualStudio.QualityTools.Tips.UnitTest.Adapter, Version=10.0.0.0, Culture=neutral, PublicKeyToken=b03f5f7f11d50a3a" className="SharpBag.ExtensionsTest, SharpBag.Tests, Version=0.0.0.0, Culture=neutral, PublicKeyToken=null" name="As0130302" />
    </UnitTest>
    <UnitTest name="UnionAll0135501" storage="c:\users\suprdewd\desktop\projects\forritun\sharpbag\sharpbag.tests01\bin\release\sharpbag.tests.dll" id="640310df-d648-7294-c434-32af677c30c3">
      <Execution id="f1408dbb-a71c-4f3a-b37c-165b0eb834a4" />
      <TestMethod codeBase="C:/Users/SuprDewd/Desktop/Projects/Forritun/SharpBag/SharpBag.Tests01/bin/Release/SharpBag.Tests.DLL" adapterTypeName="Microsoft.VisualStudio.TestTools.TestTypes.Unit.UnitTestAdapter, Microsoft.VisualStudio.QualityTools.Tips.UnitTest.Adapter, Version=10.0.0.0, Culture=neutral, PublicKeyToken=b03f5f7f11d50a3a" className="SharpBag.ExtensionsTest, SharpBag.Tests, Version=0.0.0.0, Culture=neutral, PublicKeyToken=null" name="UnionAll0135501" />
    </UnitTest>
    <UnitTest name="ContainsArrayThrowsContractException154" storage="c:\users\suprdewd\desktop\projects\forritun\sharpbag\sharpbag.tests01\bin\release\sharpbag.tests.dll" id="0f9431a7-c4c3-1aca-912d-ce2c11b0e97d">
      <Execution id="38d56e1b-8980-4905-82fb-7f48c0725855" />
      <TestMethod codeBase="C:/Users/SuprDewd/Desktop/Projects/Forritun/SharpBag/SharpBag.Tests01/bin/Release/SharpBag.Tests.DLL" adapterTypeName="Microsoft.VisualStudio.TestTools.TestTypes.Unit.UnitTestAdapter, Microsoft.VisualStudio.QualityTools.Tips.UnitTest.Adapter, Version=10.0.0.0, Culture=neutral, PublicKeyToken=b03f5f7f11d50a3a" className="SharpBag.ExtensionsTest, SharpBag.Tests, Version=0.0.0.0, Culture=neutral, PublicKeyToken=null" name="ContainsArrayThrowsContractException154" />
    </UnitTest>
    <UnitTest name="As215" storage="c:\users\suprdewd\desktop\projects\forritun\sharpbag\sharpbag.tests01\bin\release\sharpbag.tests.dll" id="7743f34e-ac5f-23a3-8e8f-212222420029">
      <Execution id="b4e1d581-7f4a-4b8f-a384-119293bc1ca9" />
      <TestMethod codeBase="C:/Users/SuprDewd/Desktop/Projects/Forritun/SharpBag/SharpBag.Tests01/bin/Release/SharpBag.Tests.DLL" adapterTypeName="Microsoft.VisualStudio.TestTools.TestTypes.Unit.UnitTestAdapter, Microsoft.VisualStudio.QualityTools.Tips.UnitTest.Adapter, Version=10.0.0.0, Culture=neutral, PublicKeyToken=b03f5f7f11d50a3a" className="SharpBag.ExtensionsTest, SharpBag.Tests, Version=0.0.0.0, Culture=neutral, PublicKeyToken=null" name="As215" />
    </UnitTest>
    <UnitTest name="As0163221" storage="c:\users\suprdewd\desktop\projects\forritun\sharpbag\sharpbag.tests01\bin\release\sharpbag.tests.dll" id="559ad5fd-9c89-3fab-e602-368a88629e35">
      <Execution id="90323af7-bfe6-4f98-9f08-0c997925acce" />
      <TestMethod codeBase="C:/Users/SuprDewd/Desktop/Projects/Forritun/SharpBag/SharpBag.Tests01/bin/Release/SharpBag.Tests.DLL" adapterTypeName="Microsoft.VisualStudio.TestTools.TestTypes.Unit.UnitTestAdapter, Microsoft.VisualStudio.QualityTools.Tips.UnitTest.Adapter, Version=10.0.0.0, Culture=neutral, PublicKeyToken=b03f5f7f11d50a3a" className="SharpBag.ExtensionsTest, SharpBag.Tests, Version=0.0.0.0, Culture=neutral, PublicKeyToken=null" name="As0163221" />
    </UnitTest>
    <UnitTest name="As0166004" storage="c:\users\suprdewd\desktop\projects\forritun\sharpbag\sharpbag.tests01\bin\release\sharpbag.tests.dll" id="97495e35-0952-692a-91b0-3d721dc574e4">
      <Execution id="3145dbf0-68a0-48de-9dfe-3aaba1059540" />
      <TestMethod codeBase="C:/Users/SuprDewd/Desktop/Projects/Forritun/SharpBag/SharpBag.Tests01/bin/Release/SharpBag.Tests.DLL" adapterTypeName="Microsoft.VisualStudio.TestTools.TestTypes.Unit.UnitTestAdapter, Microsoft.VisualStudio.QualityTools.Tips.UnitTest.Adapter, Version=10.0.0.0, Culture=neutral, PublicKeyToken=b03f5f7f11d50a3a" className="SharpBag.ExtensionsTest, SharpBag.Tests, Version=0.0.0.0, Culture=neutral, PublicKeyToken=null" name="As0166004" />
    </UnitTest>
    <UnitTest name="As0163229" storage="c:\users\suprdewd\desktop\projects\forritun\sharpbag\sharpbag.tests01\bin\release\sharpbag.tests.dll" id="c80221bd-ca0a-aa23-6b81-2ed5f20f8d5f">
      <Execution id="04216203-a702-4f1a-a528-344ae8b32342" />
      <TestMethod codeBase="C:/Users/SuprDewd/Desktop/Projects/Forritun/SharpBag/SharpBag.Tests01/bin/Release/SharpBag.Tests.DLL" adapterTypeName="Microsoft.VisualStudio.TestTools.TestTypes.Unit.UnitTestAdapter, Microsoft.VisualStudio.QualityTools.Tips.UnitTest.Adapter, Version=10.0.0.0, Culture=neutral, PublicKeyToken=b03f5f7f11d50a3a" className="SharpBag.ExtensionsTest, SharpBag.Tests, Version=0.0.0.0, Culture=neutral, PublicKeyToken=null" name="As0163229" />
    </UnitTest>
    <UnitTest name="As0136702" storage="c:\users\suprdewd\desktop\projects\forritun\sharpbag\sharpbag.tests01\bin\release\sharpbag.tests.dll" id="f791b1fc-7ecf-06ad-9b72-838a0f1da804">
      <Execution id="ca479359-bddd-45db-adea-96e1ecef2af8" />
      <TestMethod codeBase="C:/Users/SuprDewd/Desktop/Projects/Forritun/SharpBag/SharpBag.Tests01/bin/Release/SharpBag.Tests.DLL" adapterTypeName="Microsoft.VisualStudio.TestTools.TestTypes.Unit.UnitTestAdapter, Microsoft.VisualStudio.QualityTools.Tips.UnitTest.Adapter, Version=10.0.0.0, Culture=neutral, PublicKeyToken=b03f5f7f11d50a3a" className="SharpBag.ExtensionsTest, SharpBag.Tests, Version=0.0.0.0, Culture=neutral, PublicKeyToken=null" name="As0136702" />
    </UnitTest>
    <UnitTest name="ForEach78804" storage="c:\users\suprdewd\desktop\projects\forritun\sharpbag\sharpbag.tests01\bin\release\sharpbag.tests.dll" id="9a12b8c7-dd2a-27a8-8e5c-846cf91e7a67">
      <Execution id="aca8c4cf-74f5-4ec1-b888-86a7360d971b" />
      <TestMethod codeBase="C:/Users/SuprDewd/Desktop/Projects/Forritun/SharpBag/SharpBag.Tests01/bin/Release/SharpBag.Tests.DLL" adapterTypeName="Microsoft.VisualStudio.TestTools.TestTypes.Unit.UnitTestAdapter, Microsoft.VisualStudio.QualityTools.Tips.UnitTest.Adapter, Version=10.0.0.0, Culture=neutral, PublicKeyToken=b03f5f7f11d50a3a" className="SharpBag.ExtensionsTest, SharpBag.Tests, Version=0.0.0.0, Culture=neutral, PublicKeyToken=null" name="ForEach78804" />
    </UnitTest>
    <UnitTest name="As0163244" storage="c:\users\suprdewd\desktop\projects\forritun\sharpbag\sharpbag.tests01\bin\release\sharpbag.tests.dll" id="aa951c3d-ee4a-9ede-aac2-7e390167d171">
      <Execution id="4a2f726f-35c3-4716-902e-1dc12bd2bf36" />
      <TestMethod codeBase="C:/Users/SuprDewd/Desktop/Projects/Forritun/SharpBag/SharpBag.Tests01/bin/Release/SharpBag.Tests.DLL" adapterTypeName="Microsoft.VisualStudio.TestTools.TestTypes.Unit.UnitTestAdapter, Microsoft.VisualStudio.QualityTools.Tips.UnitTest.Adapter, Version=10.0.0.0, Culture=neutral, PublicKeyToken=b03f5f7f11d50a3a" className="SharpBag.ExtensionsTest, SharpBag.Tests, Version=0.0.0.0, Culture=neutral, PublicKeyToken=null" name="As0163244" />
    </UnitTest>
    <UnitTest name="As0163237" storage="c:\users\suprdewd\desktop\projects\forritun\sharpbag\sharpbag.tests01\bin\release\sharpbag.tests.dll" id="0c1112ce-06b8-6d36-f7fb-a3574f6e2065">
      <Execution id="9f0abb07-e8d0-4645-aeee-b41a30ea4bd1" />
      <TestMethod codeBase="C:/Users/SuprDewd/Desktop/Projects/Forritun/SharpBag/SharpBag.Tests01/bin/Release/SharpBag.Tests.DLL" adapterTypeName="Microsoft.VisualStudio.TestTools.TestTypes.Unit.UnitTestAdapter, Microsoft.VisualStudio.QualityTools.Tips.UnitTest.Adapter, Version=10.0.0.0, Culture=neutral, PublicKeyToken=b03f5f7f11d50a3a" className="SharpBag.ExtensionsTest, SharpBag.Tests, Version=0.0.0.0, Culture=neutral, PublicKeyToken=null" name="As0163237" />
    </UnitTest>
    <UnitTest name="AsEnumerable56003" storage="c:\users\suprdewd\desktop\projects\forritun\sharpbag\sharpbag.tests01\bin\release\sharpbag.tests.dll" id="0f614d48-4580-1835-c34d-314b56fdf70c">
      <Execution id="59b18cc8-4d19-4939-926e-1d80b4804eb9" />
      <TestMethod codeBase="C:/Users/SuprDewd/Desktop/Projects/Forritun/SharpBag/SharpBag.Tests01/bin/Release/SharpBag.Tests.DLL" adapterTypeName="Microsoft.VisualStudio.TestTools.TestTypes.Unit.UnitTestAdapter, Microsoft.VisualStudio.QualityTools.Tips.UnitTest.Adapter, Version=10.0.0.0, Culture=neutral, PublicKeyToken=b03f5f7f11d50a3a" className="SharpBag.ExtensionsTest, SharpBag.Tests, Version=0.0.0.0, Culture=neutral, PublicKeyToken=null" name="AsEnumerable56003" />
    </UnitTest>
    <UnitTest name="Add88504" storage="c:\users\suprdewd\desktop\projects\forritun\sharpbag\sharpbag.tests01\bin\release\sharpbag.tests.dll" id="92c796c7-6140-7467-0f72-263f4de0d5fd">
      <Execution id="2a9f2be5-fff3-40cf-a5ca-16b6b5ac87ee" />
      <TestMethod codeBase="C:/Users/SuprDewd/Desktop/Projects/Forritun/SharpBag/SharpBag.Tests01/bin/Release/SharpBag.Tests.DLL" adapterTypeName="Microsoft.VisualStudio.TestTools.TestTypes.Unit.UnitTestAdapter, Microsoft.VisualStudio.QualityTools.Tips.UnitTest.Adapter, Version=10.0.0.0, Culture=neutral, PublicKeyToken=b03f5f7f11d50a3a" className="SharpBag.ExtensionsTest, SharpBag.Tests, Version=0.0.0.0, Culture=neutral, PublicKeyToken=null" name="Add88504" />
    </UnitTest>
    <UnitTest name="IsNot859" storage="c:\users\suprdewd\desktop\projects\forritun\sharpbag\sharpbag.tests01\bin\release\sharpbag.tests.dll" id="633e6a31-e7c1-dc4e-810e-71a427cf70a8">
      <Execution id="737c9735-56c2-4cc4-975c-98b5cb2414fc" />
      <TestMethod codeBase="C:/Users/SuprDewd/Desktop/Projects/Forritun/SharpBag/SharpBag.Tests01/bin/Release/SharpBag.Tests.DLL" adapterTypeName="Microsoft.VisualStudio.TestTools.TestTypes.Unit.UnitTestAdapter, Microsoft.VisualStudio.QualityTools.Tips.UnitTest.Adapter, Version=10.0.0.0, Culture=neutral, PublicKeyToken=b03f5f7f11d50a3a" className="SharpBag.ExtensionsTest, SharpBag.Tests, Version=0.0.0.0, Culture=neutral, PublicKeyToken=null" name="IsNot859" />
    </UnitTest>
    <UnitTest name="EmptyIfNull574" storage="c:\users\suprdewd\desktop\projects\forritun\sharpbag\sharpbag.tests01\bin\release\sharpbag.tests.dll" id="d982986f-d5cc-bb8f-d6d8-e2a54e2f4dd0">
      <Execution id="90812f4c-82a5-4db7-9c43-5c7c98f670f4" />
      <TestMethod codeBase="C:/Users/SuprDewd/Desktop/Projects/Forritun/SharpBag/SharpBag.Tests01/bin/Release/SharpBag.Tests.DLL" adapterTypeName="Microsoft.VisualStudio.TestTools.TestTypes.Unit.UnitTestAdapter, Microsoft.VisualStudio.QualityTools.Tips.UnitTest.Adapter, Version=10.0.0.0, Culture=neutral, PublicKeyToken=b03f5f7f11d50a3a" className="SharpBag.ExtensionsTest, SharpBag.Tests, Version=0.0.0.0, Culture=neutral, PublicKeyToken=null" name="EmptyIfNull574" />
    </UnitTest>
    <UnitTest name="As21519" storage="c:\users\suprdewd\desktop\projects\forritun\sharpbag\sharpbag.tests01\bin\release\sharpbag.tests.dll" id="b1e8fb4c-7380-ad76-529d-dbdac5528194">
      <Execution id="ca9e645f-1733-4e1d-a146-2d20dc400427" />
      <TestMethod codeBase="C:/Users/SuprDewd/Desktop/Projects/Forritun/SharpBag/SharpBag.Tests01/bin/Release/SharpBag.Tests.DLL" adapterTypeName="Microsoft.VisualStudio.TestTools.TestTypes.Unit.UnitTestAdapter, Microsoft.VisualStudio.QualityTools.Tips.UnitTest.Adapter, Version=10.0.0.0, Culture=neutral, PublicKeyToken=b03f5f7f11d50a3a" className="SharpBag.ExtensionsTest, SharpBag.Tests, Version=0.0.0.0, Culture=neutral, PublicKeyToken=null" name="As21519" />
    </UnitTest>
    <UnitTest name="To0146301" storage="c:\users\suprdewd\desktop\projects\forritun\sharpbag\sharpbag.tests01\bin\release\sharpbag.tests.dll" id="b7fcc578-5aaf-c60a-749d-838a3f516168">
      <Execution id="42c7ecf3-90d0-4c36-9d07-b335904f8b46" />
      <TestMethod codeBase="C:/Users/SuprDewd/Desktop/Projects/Forritun/SharpBag/SharpBag.Tests01/bin/Release/SharpBag.Tests.DLL" adapterTypeName="Microsoft.VisualStudio.TestTools.TestTypes.Unit.UnitTestAdapter, Microsoft.VisualStudio.QualityTools.Tips.UnitTest.Adapter, Version=10.0.0.0, Culture=neutral, PublicKeyToken=b03f5f7f11d50a3a" className="SharpBag.ExtensionsTest, SharpBag.Tests, Version=0.0.0.0, Culture=neutral, PublicKeyToken=null" name="To0146301" />
    </UnitTest>
    <UnitTest name="As0166401" storage="c:\users\suprdewd\desktop\projects\forritun\sharpbag\sharpbag.tests01\bin\release\sharpbag.tests.dll" id="2b6a1fd0-ad89-86fe-c32f-c850f3486570">
      <Execution id="e3b1f2e5-c100-46bb-86a8-c50df5410bbf" />
      <TestMethod codeBase="C:/Users/SuprDewd/Desktop/Projects/Forritun/SharpBag/SharpBag.Tests01/bin/Release/SharpBag.Tests.DLL" adapterTypeName="Microsoft.VisualStudio.TestTools.TestTypes.Unit.UnitTestAdapter, Microsoft.VisualStudio.QualityTools.Tips.UnitTest.Adapter, Version=10.0.0.0, Culture=neutral, PublicKeyToken=b03f5f7f11d50a3a" className="SharpBag.ExtensionsTest, SharpBag.Tests, Version=0.0.0.0, Culture=neutral, PublicKeyToken=null" name="As0166401" />
    </UnitTest>
    <UnitTest name="ExecuteThrowsContractException889" storage="c:\users\suprdewd\desktop\projects\forritun\sharpbag\sharpbag.tests01\bin\release\sharpbag.tests.dll" id="1a2d7899-6e00-21df-f034-6547a11cae31">
      <Execution id="0dcb447c-2cad-4e20-91d1-71a5af5e74e9" />
      <TestMethod codeBase="C:/Users/SuprDewd/Desktop/Projects/Forritun/SharpBag/SharpBag.Tests01/bin/Release/SharpBag.Tests.DLL" adapterTypeName="Microsoft.VisualStudio.TestTools.TestTypes.Unit.UnitTestAdapter, Microsoft.VisualStudio.QualityTools.Tips.UnitTest.Adapter, Version=10.0.0.0, Culture=neutral, PublicKeyToken=b03f5f7f11d50a3a" className="SharpBag.ExtensionsTest, SharpBag.Tests, Version=0.0.0.0, Culture=neutral, PublicKeyToken=null" name="ExecuteThrowsContractException889" />
    </UnitTest>
    <UnitTest name="IsIn570" storage="c:\users\suprdewd\desktop\projects\forritun\sharpbag\sharpbag.tests01\bin\release\sharpbag.tests.dll" id="1e811e95-82b3-7182-a1a6-ec99686bab87">
      <Execution id="6dfd7cdb-f33d-4a2b-b3a5-14440a168b1c" />
      <TestMethod codeBase="C:/Users/SuprDewd/Desktop/Projects/Forritun/SharpBag/SharpBag.Tests01/bin/Release/SharpBag.Tests.DLL" adapterTypeName="Microsoft.VisualStudio.TestTools.TestTypes.Unit.UnitTestAdapter, Microsoft.VisualStudio.QualityTools.Tips.UnitTest.Adapter, Version=10.0.0.0, Culture=neutral, PublicKeyToken=b03f5f7f11d50a3a" className="SharpBag.ExtensionsTest, SharpBag.Tests, Version=0.0.0.0, Culture=neutral, PublicKeyToken=null" name="IsIn570" />
    </UnitTest>
    <UnitTest name="NullOr71403" storage="c:\users\suprdewd\desktop\projects\forritun\sharpbag\sharpbag.tests01\bin\release\sharpbag.tests.dll" id="fdc59520-9564-0684-d4f9-2091f576f931">
      <Execution id="532df5d4-c8a1-43aa-9c69-7e23a979738b" />
      <TestMethod codeBase="C:/Users/SuprDewd/Desktop/Projects/Forritun/SharpBag/SharpBag.Tests01/bin/Release/SharpBag.Tests.DLL" adapterTypeName="Microsoft.VisualStudio.TestTools.TestTypes.Unit.UnitTestAdapter, Microsoft.VisualStudio.QualityTools.Tips.UnitTest.Adapter, Version=10.0.0.0, Culture=neutral, PublicKeyToken=b03f5f7f11d50a3a" className="SharpBag.ExtensionsTest, SharpBag.Tests, Version=0.0.0.0, Culture=neutral, PublicKeyToken=null" name="NullOr71403" />
    </UnitTest>
    <UnitTest name="NullOr90701" storage="c:\users\suprdewd\desktop\projects\forritun\sharpbag\sharpbag.tests01\bin\release\sharpbag.tests.dll" id="4183213a-6645-16c2-af8b-e5bfcf7442d8">
      <Execution id="2aefff8a-59d1-44bb-872e-ffe66cae59df" />
      <TestMethod codeBase="C:/Users/SuprDewd/Desktop/Projects/Forritun/SharpBag/SharpBag.Tests01/bin/Release/SharpBag.Tests.DLL" adapterTypeName="Microsoft.VisualStudio.TestTools.TestTypes.Unit.UnitTestAdapter, Microsoft.VisualStudio.QualityTools.Tips.UnitTest.Adapter, Version=10.0.0.0, Culture=neutral, PublicKeyToken=b03f5f7f11d50a3a" className="SharpBag.ExtensionsTest, SharpBag.Tests, Version=0.0.0.0, Culture=neutral, PublicKeyToken=null" name="NullOr90701" />
    </UnitTest>
    <UnitTest name="ForEach78802" storage="c:\users\suprdewd\desktop\projects\forritun\sharpbag\sharpbag.tests01\bin\release\sharpbag.tests.dll" id="34aa3cd1-c558-0302-e5aa-355d37850848">
      <Execution id="60073c25-6a99-4bcc-af2f-f3d85091f8dd" />
      <TestMethod codeBase="C:/Users/SuprDewd/Desktop/Projects/Forritun/SharpBag/SharpBag.Tests01/bin/Release/SharpBag.Tests.DLL" adapterTypeName="Microsoft.VisualStudio.TestTools.TestTypes.Unit.UnitTestAdapter, Microsoft.VisualStudio.QualityTools.Tips.UnitTest.Adapter, Version=10.0.0.0, Culture=neutral, PublicKeyToken=b03f5f7f11d50a3a" className="SharpBag.ExtensionsTest, SharpBag.Tests, Version=0.0.0.0, Culture=neutral, PublicKeyToken=null" name="ForEach78802" />
    </UnitTest>
    <UnitTest name="To03ThrowsContractException968" storage="c:\users\suprdewd\desktop\projects\forritun\sharpbag\sharpbag.tests01\bin\release\sharpbag.tests.dll" id="8f15350a-b612-7c9b-89ff-1e54a29d9340">
      <Execution id="dc474151-b0ca-48fe-a59c-9027da9ae039" />
      <TestMethod codeBase="C:/Users/SuprDewd/Desktop/Projects/Forritun/SharpBag/SharpBag.Tests01/bin/Release/SharpBag.Tests.DLL" adapterTypeName="Microsoft.VisualStudio.TestTools.TestTypes.Unit.UnitTestAdapter, Microsoft.VisualStudio.QualityTools.Tips.UnitTest.Adapter, Version=10.0.0.0, Culture=neutral, PublicKeyToken=b03f5f7f11d50a3a" className="SharpBag.ExtensionsTest, SharpBag.Tests, Version=0.0.0.0, Culture=neutral, PublicKeyToken=null" name="To03ThrowsContractException968" />
    </UnitTest>
    <UnitTest name="IfNotNull0159702" storage="c:\users\suprdewd\desktop\projects\forritun\sharpbag\sharpbag.tests01\bin\release\sharpbag.tests.dll" id="b086ebe0-6bb0-f4b4-2d74-97b1a10dd517">
      <Execution id="e022659a-c141-478f-8dea-1c5d95813175" />
      <TestMethod codeBase="C:/Users/SuprDewd/Desktop/Projects/Forritun/SharpBag/SharpBag.Tests01/bin/Release/SharpBag.Tests.DLL" adapterTypeName="Microsoft.VisualStudio.TestTools.TestTypes.Unit.UnitTestAdapter, Microsoft.VisualStudio.QualityTools.Tips.UnitTest.Adapter, Version=10.0.0.0, Culture=neutral, PublicKeyToken=b03f5f7f11d50a3a" className="SharpBag.ExtensionsTest, SharpBag.Tests, Version=0.0.0.0, Culture=neutral, PublicKeyToken=null" name="IfNotNull0159702" />
    </UnitTest>
    <UnitTest name="IfNotNull0192301" storage="c:\users\suprdewd\desktop\projects\forritun\sharpbag\sharpbag.tests01\bin\release\sharpbag.tests.dll" id="49aa9228-e307-ef3c-566e-386137588923">
      <Execution id="8ff9ff01-f1b7-4da8-86e9-5cdc82431626" />
      <TestMethod codeBase="C:/Users/SuprDewd/Desktop/Projects/Forritun/SharpBag/SharpBag.Tests01/bin/Release/SharpBag.Tests.DLL" adapterTypeName="Microsoft.VisualStudio.TestTools.TestTypes.Unit.UnitTestAdapter, Microsoft.VisualStudio.QualityTools.Tips.UnitTest.Adapter, Version=10.0.0.0, Culture=neutral, PublicKeyToken=b03f5f7f11d50a3a" className="SharpBag.ExtensionsTest, SharpBag.Tests, Version=0.0.0.0, Culture=neutral, PublicKeyToken=null" name="IfNotNull0192301" />
    </UnitTest>
    <UnitTest name="IfNotNull47702" storage="c:\users\suprdewd\desktop\projects\forritun\sharpbag\sharpbag.tests01\bin\release\sharpbag.tests.dll" id="db3b4c9b-bf56-f07b-1edd-3db630376de3">
      <Execution id="12ce1e96-1160-434c-b511-001e236f2bfc" />
      <TestMethod codeBase="C:/Users/SuprDewd/Desktop/Projects/Forritun/SharpBag/SharpBag.Tests01/bin/Release/SharpBag.Tests.DLL" adapterTypeName="Microsoft.VisualStudio.TestTools.TestTypes.Unit.UnitTestAdapter, Microsoft.VisualStudio.QualityTools.Tips.UnitTest.Adapter, Version=10.0.0.0, Culture=neutral, PublicKeyToken=b03f5f7f11d50a3a" className="SharpBag.ExtensionsTest, SharpBag.Tests, Version=0.0.0.0, Culture=neutral, PublicKeyToken=null" name="IfNotNull47702" />
    </UnitTest>
    <UnitTest name="AsEnumerable0128304" storage="c:\users\suprdewd\desktop\projects\forritun\sharpbag\sharpbag.tests01\bin\release\sharpbag.tests.dll" id="bbe65d68-71ba-72ec-21d1-a0b54bdef612">
      <Execution id="779b257b-aa12-4846-a3a5-b19ef22072e5" />
      <TestMethod codeBase="C:/Users/SuprDewd/Desktop/Projects/Forritun/SharpBag/SharpBag.Tests01/bin/Release/SharpBag.Tests.DLL" adapterTypeName="Microsoft.VisualStudio.TestTools.TestTypes.Unit.UnitTestAdapter, Microsoft.VisualStudio.QualityTools.Tips.UnitTest.Adapter, Version=10.0.0.0, Culture=neutral, PublicKeyToken=b03f5f7f11d50a3a" className="SharpBag.ExtensionsTest, SharpBag.Tests, Version=0.0.0.0, Culture=neutral, PublicKeyToken=null" name="AsEnumerable0128304" />
    </UnitTest>
    <UnitTest name="TakeEveryThrowsContractException597" storage="c:\users\suprdewd\desktop\projects\forritun\sharpbag\sharpbag.tests01\bin\release\sharpbag.tests.dll" id="f66902ae-2eb8-36de-bdb4-af24338ae682">
      <Execution id="7127bf97-ab87-4218-abdb-5e552c71ce06" />
      <TestMethod codeBase="C:/Users/SuprDewd/Desktop/Projects/Forritun/SharpBag/SharpBag.Tests01/bin/Release/SharpBag.Tests.DLL" adapterTypeName="Microsoft.VisualStudio.TestTools.TestTypes.Unit.UnitTestAdapter, Microsoft.VisualStudio.QualityTools.Tips.UnitTest.Adapter, Version=10.0.0.0, Culture=neutral, PublicKeyToken=b03f5f7f11d50a3a" className="SharpBag.ExtensionsTest, SharpBag.Tests, Version=0.0.0.0, Culture=neutral, PublicKeyToken=null" name="TakeEveryThrowsContractException597" />
    </UnitTest>
    <UnitTest name="AsEnumerable0128301" storage="c:\users\suprdewd\desktop\projects\forritun\sharpbag\sharpbag.tests01\bin\release\sharpbag.tests.dll" id="42f45f10-504d-0d19-0e58-1ea2105c69e9">
      <Execution id="360feeb6-de31-4aaf-bfc8-bd4df836a151" />
      <TestMethod codeBase="C:/Users/SuprDewd/Desktop/Projects/Forritun/SharpBag/SharpBag.Tests01/bin/Release/SharpBag.Tests.DLL" adapterTypeName="Microsoft.VisualStudio.TestTools.TestTypes.Unit.UnitTestAdapter, Microsoft.VisualStudio.QualityTools.Tips.UnitTest.Adapter, Version=10.0.0.0, Culture=neutral, PublicKeyToken=b03f5f7f11d50a3a" className="SharpBag.ExtensionsTest, SharpBag.Tests, Version=0.0.0.0, Culture=neutral, PublicKeyToken=null" name="AsEnumerable0128301" />
    </UnitTest>
    <UnitTest name="As21501" storage="c:\users\suprdewd\desktop\projects\forritun\sharpbag\sharpbag.tests01\bin\release\sharpbag.tests.dll" id="ea12baf4-c62d-b0ca-b8ec-0dd742c09890">
      <Execution id="3437461f-8e70-4a62-bb35-b34e64ed5eb0" />
      <TestMethod codeBase="C:/Users/SuprDewd/Desktop/Projects/Forritun/SharpBag/SharpBag.Tests01/bin/Release/SharpBag.Tests.DLL" adapterTypeName="Microsoft.VisualStudio.TestTools.TestTypes.Unit.UnitTestAdapter, Microsoft.VisualStudio.QualityTools.Tips.UnitTest.Adapter, Version=10.0.0.0, Culture=neutral, PublicKeyToken=b03f5f7f11d50a3a" className="SharpBag.ExtensionsTest, SharpBag.Tests, Version=0.0.0.0, Culture=neutral, PublicKeyToken=null" name="As21501" />
    </UnitTest>
    <UnitTest name="Random43101" storage="c:\users\suprdewd\desktop\projects\forritun\sharpbag\sharpbag.tests01\bin\release\sharpbag.tests.dll" id="1281f517-45b5-6723-bc3e-71da88a02141">
      <Execution id="851b8394-aafa-4c4e-9f67-6896ddd1212a" />
      <TestMethod codeBase="C:/Users/SuprDewd/Desktop/Projects/Forritun/SharpBag/SharpBag.Tests01/bin/Release/SharpBag.Tests.DLL" adapterTypeName="Microsoft.VisualStudio.TestTools.TestTypes.Unit.UnitTestAdapter, Microsoft.VisualStudio.QualityTools.Tips.UnitTest.Adapter, Version=10.0.0.0, Culture=neutral, PublicKeyToken=b03f5f7f11d50a3a" className="SharpBag.ExtensionsTest, SharpBag.Tests, Version=0.0.0.0, Culture=neutral, PublicKeyToken=null" name="Random43101" />
    </UnitTest>
    <UnitTest name="AsEnumerableThrowsContractException9" storage="c:\users\suprdewd\desktop\projects\forritun\sharpbag\sharpbag.tests01\bin\release\sharpbag.tests.dll" id="afe5b38f-db93-5765-7ecd-49d9214e51e3">
      <Execution id="637bb829-35cd-4f32-96c5-c27d97828b1d" />
      <TestMethod codeBase="C:/Users/SuprDewd/Desktop/Projects/Forritun/SharpBag/SharpBag.Tests01/bin/Release/SharpBag.Tests.DLL" adapterTypeName="Microsoft.VisualStudio.TestTools.TestTypes.Unit.UnitTestAdapter, Microsoft.VisualStudio.QualityTools.Tips.UnitTest.Adapter, Version=10.0.0.0, Culture=neutral, PublicKeyToken=b03f5f7f11d50a3a" className="SharpBag.ExtensionsTest, SharpBag.Tests, Version=0.0.0.0, Culture=neutral, PublicKeyToken=null" name="AsEnumerableThrowsContractException9" />
    </UnitTest>
    <UnitTest name="Random01ThrowsContractException824" storage="c:\users\suprdewd\desktop\projects\forritun\sharpbag\sharpbag.tests01\bin\release\sharpbag.tests.dll" id="1b9103d0-5cae-0f4c-09ff-459b405bb125">
      <Execution id="cf134248-8e7a-4d4f-a639-c8ebcbc73045" />
      <TestMethod codeBase="C:/Users/SuprDewd/Desktop/Projects/Forritun/SharpBag/SharpBag.Tests01/bin/Release/SharpBag.Tests.DLL" adapterTypeName="Microsoft.VisualStudio.TestTools.TestTypes.Unit.UnitTestAdapter, Microsoft.VisualStudio.QualityTools.Tips.UnitTest.Adapter, Version=10.0.0.0, Culture=neutral, PublicKeyToken=b03f5f7f11d50a3a" className="SharpBag.ExtensionsTest, SharpBag.Tests, Version=0.0.0.0, Culture=neutral, PublicKeyToken=null" name="Random01ThrowsContractException824" />
    </UnitTest>
    <UnitTest name="As0166402" storage="c:\users\suprdewd\desktop\projects\forritun\sharpbag\sharpbag.tests01\bin\release\sharpbag.tests.dll" id="7a9400e0-6f1a-74cc-aaf2-4e620d01eac4">
      <Execution id="ecb93396-9e78-48da-abe4-6b256f2bbbe5" />
      <TestMethod codeBase="C:/Users/SuprDewd/Desktop/Projects/Forritun/SharpBag/SharpBag.Tests01/bin/Release/SharpBag.Tests.DLL" adapterTypeName="Microsoft.VisualStudio.TestTools.TestTypes.Unit.UnitTestAdapter, Microsoft.VisualStudio.QualityTools.Tips.UnitTest.Adapter, Version=10.0.0.0, Culture=neutral, PublicKeyToken=b03f5f7f11d50a3a" className="SharpBag.ExtensionsTest, SharpBag.Tests, Version=0.0.0.0, Culture=neutral, PublicKeyToken=null" name="As0166402" />
    </UnitTest>
    <UnitTest name="To04ThrowsContractException193" storage="c:\users\suprdewd\desktop\projects\forritun\sharpbag\sharpbag.tests01\bin\release\sharpbag.tests.dll" id="3ca3afbe-4155-3a78-1581-d034645ac0e9">
      <Execution id="76a08a34-6a88-477b-83ca-e8d212be8e69" />
      <TestMethod codeBase="C:/Users/SuprDewd/Desktop/Projects/Forritun/SharpBag/SharpBag.Tests01/bin/Release/SharpBag.Tests.DLL" adapterTypeName="Microsoft.VisualStudio.TestTools.TestTypes.Unit.UnitTestAdapter, Microsoft.VisualStudio.QualityTools.Tips.UnitTest.Adapter, Version=10.0.0.0, Culture=neutral, PublicKeyToken=b03f5f7f11d50a3a" className="SharpBag.ExtensionsTest, SharpBag.Tests, Version=0.0.0.0, Culture=neutral, PublicKeyToken=null" name="To04ThrowsContractException193" />
    </UnitTest>
    <UnitTest name="As763" storage="c:\users\suprdewd\desktop\projects\forritun\sharpbag\sharpbag.tests01\bin\release\sharpbag.tests.dll" id="808822f6-9c85-0a33-f1f9-4d64c79fb975">
      <Execution id="6873f5f5-a549-4959-8c7d-6dcb2cb46a7b" />
      <TestMethod codeBase="C:/Users/SuprDewd/Desktop/Projects/Forritun/SharpBag/SharpBag.Tests01/bin/Release/SharpBag.Tests.DLL" adapterTypeName="Microsoft.VisualStudio.TestTools.TestTypes.Unit.UnitTestAdapter, Microsoft.VisualStudio.QualityTools.Tips.UnitTest.Adapter, Version=10.0.0.0, Culture=neutral, PublicKeyToken=b03f5f7f11d50a3a" className="SharpBag.ExtensionsTest, SharpBag.Tests, Version=0.0.0.0, Culture=neutral, PublicKeyToken=null" name="As763" />
    </UnitTest>
    <UnitTest name="Iter96004" storage="c:\users\suprdewd\desktop\projects\forritun\sharpbag\sharpbag.tests01\bin\release\sharpbag.tests.dll" id="7a965cd2-e1cf-8636-b94b-9bb1e4688fd0">
      <Execution id="7ab5a91b-7de5-4d90-9812-35f7a901bf81" />
      <TestMethod codeBase="C:/Users/SuprDewd/Desktop/Projects/Forritun/SharpBag/SharpBag.Tests01/bin/Release/SharpBag.Tests.DLL" adapterTypeName="Microsoft.VisualStudio.TestTools.TestTypes.Unit.UnitTestAdapter, Microsoft.VisualStudio.QualityTools.Tips.UnitTest.Adapter, Version=10.0.0.0, Culture=neutral, PublicKeyToken=b03f5f7f11d50a3a" className="SharpBag.ExtensionsTest, SharpBag.Tests, Version=0.0.0.0, Culture=neutral, PublicKeyToken=null" name="Iter96004" />
    </UnitTest>
    <UnitTest name="UnionAll0233901" storage="c:\users\suprdewd\desktop\projects\forritun\sharpbag\sharpbag.tests01\bin\release\sharpbag.tests.dll" id="4c766330-2a1a-c11f-5958-fa0e45c2a866">
      <Execution id="1e06f2f8-eddc-4435-83c9-50558eb464f7" />
      <TestMethod codeBase="C:/Users/SuprDewd/Desktop/Projects/Forritun/SharpBag/SharpBag.Tests01/bin/Release/SharpBag.Tests.DLL" adapterTypeName="Microsoft.VisualStudio.TestTools.TestTypes.Unit.UnitTestAdapter, Microsoft.VisualStudio.QualityTools.Tips.UnitTest.Adapter, Version=10.0.0.0, Culture=neutral, PublicKeyToken=b03f5f7f11d50a3a" className="SharpBag.ExtensionsTest, SharpBag.Tests, Version=0.0.0.0, Culture=neutral, PublicKeyToken=null" name="UnionAll0233901" />
    </UnitTest>
    <UnitTest name="As01401" storage="c:\users\suprdewd\desktop\projects\forritun\sharpbag\sharpbag.tests01\bin\release\sharpbag.tests.dll" id="5b905b9d-179c-2930-2f2f-ad7751aea174">
      <Execution id="3520ace7-0775-4389-8894-fe07aa53cd48" />
      <TestMethod codeBase="C:/Users/SuprDewd/Desktop/Projects/Forritun/SharpBag/SharpBag.Tests01/bin/Release/SharpBag.Tests.DLL" adapterTypeName="Microsoft.VisualStudio.TestTools.TestTypes.Unit.UnitTestAdapter, Microsoft.VisualStudio.QualityTools.Tips.UnitTest.Adapter, Version=10.0.0.0, Culture=neutral, PublicKeyToken=b03f5f7f11d50a3a" className="SharpBag.ExtensionsTest, SharpBag.Tests, Version=0.0.0.0, Culture=neutral, PublicKeyToken=null" name="As01401" />
    </UnitTest>
    <UnitTest name="ForEach12501" storage="c:\users\suprdewd\desktop\projects\forritun\sharpbag\sharpbag.tests01\bin\release\sharpbag.tests.dll" id="8a248c8c-38d6-117a-cb08-bb2fddeae117">
      <Execution id="6191ae6d-48fa-4df9-9a98-08912d4d39c2" />
      <TestMethod codeBase="C:/Users/SuprDewd/Desktop/Projects/Forritun/SharpBag/SharpBag.Tests01/bin/Release/SharpBag.Tests.DLL" adapterTypeName="Microsoft.VisualStudio.TestTools.TestTypes.Unit.UnitTestAdapter, Microsoft.VisualStudio.QualityTools.Tips.UnitTest.Adapter, Version=10.0.0.0, Culture=neutral, PublicKeyToken=b03f5f7f11d50a3a" className="SharpBag.ExtensionsTest, SharpBag.Tests, Version=0.0.0.0, Culture=neutral, PublicKeyToken=null" name="ForEach12501" />
    </UnitTest>
    <UnitTest name="As01403" storage="c:\users\suprdewd\desktop\projects\forritun\sharpbag\sharpbag.tests01\bin\release\sharpbag.tests.dll" id="baf4ce3c-1fc7-efc9-3438-7f66d5c18bcf">
      <Execution id="d4055611-6ee2-4bb5-b419-7aafc4ae1497" />
      <TestMethod codeBase="C:/Users/SuprDewd/Desktop/Projects/Forritun/SharpBag/SharpBag.Tests01/bin/Release/SharpBag.Tests.DLL" adapterTypeName="Microsoft.VisualStudio.TestTools.TestTypes.Unit.UnitTestAdapter, Microsoft.VisualStudio.QualityTools.Tips.UnitTest.Adapter, Version=10.0.0.0, Culture=neutral, PublicKeyToken=b03f5f7f11d50a3a" className="SharpBag.ExtensionsTest, SharpBag.Tests, Version=0.0.0.0, Culture=neutral, PublicKeyToken=null" name="As01403" />
    </UnitTest>
    <UnitTest name="Add88503" storage="c:\users\suprdewd\desktop\projects\forritun\sharpbag\sharpbag.tests01\bin\release\sharpbag.tests.dll" id="106b7a63-3c06-2f97-097e-1a5d38b1a1ac">
      <Execution id="b84104d8-f84d-4cf6-872a-154253cd9864" />
      <TestMethod codeBase="C:/Users/SuprDewd/Desktop/Projects/Forritun/SharpBag/SharpBag.Tests01/bin/Release/SharpBag.Tests.DLL" adapterTypeName="Microsoft.VisualStudio.TestTools.TestTypes.Unit.UnitTestAdapter, Microsoft.VisualStudio.QualityTools.Tips.UnitTest.Adapter, Version=10.0.0.0, Culture=neutral, PublicKeyToken=b03f5f7f11d50a3a" className="SharpBag.ExtensionsTest, SharpBag.Tests, Version=0.0.0.0, Culture=neutral, PublicKeyToken=null" name="Add88503" />
    </UnitTest>
    <UnitTest name="To20301" storage="c:\users\suprdewd\desktop\projects\forritun\sharpbag\sharpbag.tests01\bin\release\sharpbag.tests.dll" id="bd7ec864-24ff-4ca6-8f63-6e2fe4065d39">
      <Execution id="5e6413fe-3ae9-49de-a9a3-01258a8ad326" />
      <TestMethod codeBase="C:/Users/SuprDewd/Desktop/Projects/Forritun/SharpBag/SharpBag.Tests01/bin/Release/SharpBag.Tests.DLL" adapterTypeName="Microsoft.VisualStudio.TestTools.TestTypes.Unit.UnitTestAdapter, Microsoft.VisualStudio.QualityTools.Tips.UnitTest.Adapter, Version=10.0.0.0, Culture=neutral, PublicKeyToken=b03f5f7f11d50a3a" className="SharpBag.ExtensionsTest, SharpBag.Tests, Version=0.0.0.0, Culture=neutral, PublicKeyToken=null" name="To20301" />
    </UnitTest>
    <UnitTest name="As0163227" storage="c:\users\suprdewd\desktop\projects\forritun\sharpbag\sharpbag.tests01\bin\release\sharpbag.tests.dll" id="1a41ca06-c399-fb41-1b68-4e54f6d9fba0">
      <Execution id="7fc29af9-13ae-42de-a205-88be4d633f1e" />
      <TestMethod codeBase="C:/Users/SuprDewd/Desktop/Projects/Forritun/SharpBag/SharpBag.Tests01/bin/Release/SharpBag.Tests.DLL" adapterTypeName="Microsoft.VisualStudio.TestTools.TestTypes.Unit.UnitTestAdapter, Microsoft.VisualStudio.QualityTools.Tips.UnitTest.Adapter, Version=10.0.0.0, Culture=neutral, PublicKeyToken=b03f5f7f11d50a3a" className="SharpBag.ExtensionsTest, SharpBag.Tests, Version=0.0.0.0, Culture=neutral, PublicKeyToken=null" name="As0163227" />
    </UnitTest>
    <UnitTest name="IsNullableTypeThrowsContractException544" storage="c:\users\suprdewd\desktop\projects\forritun\sharpbag\sharpbag.tests01\bin\release\sharpbag.tests.dll" id="06d747a6-abc2-c83d-da24-3ee86184f362">
      <Execution id="e19e4925-7463-49b7-8745-4db2f3a768b9" />
      <TestMethod codeBase="C:/Users/SuprDewd/Desktop/Projects/Forritun/SharpBag/SharpBag.Tests01/bin/Release/SharpBag.Tests.DLL" adapterTypeName="Microsoft.VisualStudio.TestTools.TestTypes.Unit.UnitTestAdapter, Microsoft.VisualStudio.QualityTools.Tips.UnitTest.Adapter, Version=10.0.0.0, Culture=neutral, PublicKeyToken=b03f5f7f11d50a3a" className="SharpBag.ExtensionsTest, SharpBag.Tests, Version=0.0.0.0, Culture=neutral, PublicKeyToken=null" name="IsNullableTypeThrowsContractException544" />
    </UnitTest>
    <UnitTest name="GetByPercentThrowsContractException277" storage="c:\users\suprdewd\desktop\projects\forritun\sharpbag\sharpbag.tests01\bin\release\sharpbag.tests.dll" id="c1a99b6a-4871-2d6d-84e0-0bd7f3ff5348">
      <Execution id="c97cfb71-b14c-46aa-b1eb-fa65ecda3294" />
      <TestMethod codeBase="C:/Users/SuprDewd/Desktop/Projects/Forritun/SharpBag/SharpBag.Tests01/bin/Release/SharpBag.Tests.DLL" adapterTypeName="Microsoft.VisualStudio.TestTools.TestTypes.Unit.UnitTestAdapter, Microsoft.VisualStudio.QualityTools.Tips.UnitTest.Adapter, Version=10.0.0.0, Culture=neutral, PublicKeyToken=b03f5f7f11d50a3a" className="SharpBag.ExtensionsTest, SharpBag.Tests, Version=0.0.0.0, Culture=neutral, PublicKeyToken=null" name="GetByPercentThrowsContractException277" />
    </UnitTest>
    <UnitTest name="EmptyIfNull122" storage="c:\users\suprdewd\desktop\projects\forritun\sharpbag\sharpbag.tests01\bin\release\sharpbag.tests.dll" id="3902168e-77cb-c1b4-c44f-4336ab3b86bd">
      <Execution id="0c107d97-de4b-4adc-9993-653d83d4155d" />
      <TestMethod codeBase="C:/Users/SuprDewd/Desktop/Projects/Forritun/SharpBag/SharpBag.Tests01/bin/Release/SharpBag.Tests.DLL" adapterTypeName="Microsoft.VisualStudio.TestTools.TestTypes.Unit.UnitTestAdapter, Microsoft.VisualStudio.QualityTools.Tips.UnitTest.Adapter, Version=10.0.0.0, Culture=neutral, PublicKeyToken=b03f5f7f11d50a3a" className="SharpBag.ExtensionsTest, SharpBag.Tests, Version=0.0.0.0, Culture=neutral, PublicKeyToken=null" name="EmptyIfNull122" />
    </UnitTest>
    <UnitTest name="As0132106" storage="c:\users\suprdewd\desktop\projects\forritun\sharpbag\sharpbag.tests01\bin\release\sharpbag.tests.dll" id="de9d9ca9-6d6f-fece-a7ad-0d011ee5cf94">
      <Execution id="4f1a639e-9d22-417d-bd97-d7ceebabb50f" />
      <TestMethod codeBase="C:/Users/SuprDewd/Desktop/Projects/Forritun/SharpBag/SharpBag.Tests01/bin/Release/SharpBag.Tests.DLL" adapterTypeName="Microsoft.VisualStudio.TestTools.TestTypes.Unit.UnitTestAdapter, Microsoft.VisualStudio.QualityTools.Tips.UnitTest.Adapter, Version=10.0.0.0, Culture=neutral, PublicKeyToken=b03f5f7f11d50a3a" className="SharpBag.ExtensionsTest, SharpBag.Tests, Version=0.0.0.0, Culture=neutral, PublicKeyToken=null" name="As0132106" />
    </UnitTest>
    <UnitTest name="NullOr71404" storage="c:\users\suprdewd\desktop\projects\forritun\sharpbag\sharpbag.tests01\bin\release\sharpbag.tests.dll" id="4d41008a-7d5b-c195-89ca-25e2bba2803d">
      <Execution id="85df2159-531f-4f1e-8bfb-4f2bb3abe29c" />
      <TestMethod codeBase="C:/Users/SuprDewd/Desktop/Projects/Forritun/SharpBag/SharpBag.Tests01/bin/Release/SharpBag.Tests.DLL" adapterTypeName="Microsoft.VisualStudio.TestTools.TestTypes.Unit.UnitTestAdapter, Microsoft.VisualStudio.QualityTools.Tips.UnitTest.Adapter, Version=10.0.0.0, Culture=neutral, PublicKeyToken=b03f5f7f11d50a3a" className="SharpBag.ExtensionsTest, SharpBag.Tests, Version=0.0.0.0, Culture=neutral, PublicKeyToken=null" name="NullOr71404" />
    </UnitTest>
    <UnitTest name="AsEnumerable0258801" storage="c:\users\suprdewd\desktop\projects\forritun\sharpbag\sharpbag.tests01\bin\release\sharpbag.tests.dll" id="b2c4141e-1dfd-f110-5623-435719fb340e">
      <Execution id="fda180b3-b923-44d1-a356-376f41be48a8" />
      <TestMethod codeBase="C:/Users/SuprDewd/Desktop/Projects/Forritun/SharpBag/SharpBag.Tests01/bin/Release/SharpBag.Tests.DLL" adapterTypeName="Microsoft.VisualStudio.TestTools.TestTypes.Unit.UnitTestAdapter, Microsoft.VisualStudio.QualityTools.Tips.UnitTest.Adapter, Version=10.0.0.0, Culture=neutral, PublicKeyToken=b03f5f7f11d50a3a" className="SharpBag.ExtensionsTest, SharpBag.Tests, Version=0.0.0.0, Culture=neutral, PublicKeyToken=null" name="AsEnumerable0258801" />
    </UnitTest>
    <UnitTest name="ForEach78801" storage="c:\users\suprdewd\desktop\projects\forritun\sharpbag\sharpbag.tests01\bin\release\sharpbag.tests.dll" id="a45582f8-3825-adac-44bf-8fa9e3381e89">
      <Execution id="39131a9b-aa4a-4202-82f1-8c4a06e9862f" />
      <TestMethod codeBase="C:/Users/SuprDewd/Desktop/Projects/Forritun/SharpBag/SharpBag.Tests01/bin/Release/SharpBag.Tests.DLL" adapterTypeName="Microsoft.VisualStudio.TestTools.TestTypes.Unit.UnitTestAdapter, Microsoft.VisualStudio.QualityTools.Tips.UnitTest.Adapter, Version=10.0.0.0, Culture=neutral, PublicKeyToken=b03f5f7f11d50a3a" className="SharpBag.ExtensionsTest, SharpBag.Tests, Version=0.0.0.0, Culture=neutral, PublicKeyToken=null" name="ForEach78801" />
    </UnitTest>
    <UnitTest name="IfNotNull0192302" storage="c:\users\suprdewd\desktop\projects\forritun\sharpbag\sharpbag.tests01\bin\release\sharpbag.tests.dll" id="a65b5eab-4121-901b-449c-fc9aba07d07b">
      <Execution id="a4e08ade-c11a-47d7-9f70-c08daa1e5437" />
      <TestMethod codeBase="C:/Users/SuprDewd/Desktop/Projects/Forritun/SharpBag/SharpBag.Tests01/bin/Release/SharpBag.Tests.DLL" adapterTypeName="Microsoft.VisualStudio.TestTools.TestTypes.Unit.UnitTestAdapter, Microsoft.VisualStudio.QualityTools.Tips.UnitTest.Adapter, Version=10.0.0.0, Culture=neutral, PublicKeyToken=b03f5f7f11d50a3a" className="SharpBag.ExtensionsTest, SharpBag.Tests, Version=0.0.0.0, Culture=neutral, PublicKeyToken=null" name="IfNotNull0192302" />
    </UnitTest>
    <UnitTest name="InvokeIfRequiredThrowsContractException870" storage="c:\users\suprdewd\desktop\projects\forritun\sharpbag\sharpbag.tests01\bin\release\sharpbag.tests.dll" id="e5623ce5-a9dc-7c7d-ffdc-f4cf28cd97aa">
      <Execution id="a452ba71-a52a-4610-925c-64b7326e78c8" />
      <TestMethod codeBase="C:/Users/SuprDewd/Desktop/Projects/Forritun/SharpBag/SharpBag.Tests01/bin/Release/SharpBag.Tests.DLL" adapterTypeName="Microsoft.VisualStudio.TestTools.TestTypes.Unit.UnitTestAdapter, Microsoft.VisualStudio.QualityTools.Tips.UnitTest.Adapter, Version=10.0.0.0, Culture=neutral, PublicKeyToken=b03f5f7f11d50a3a" className="SharpBag.ExtensionsTest, SharpBag.Tests, Version=0.0.0.0, Culture=neutral, PublicKeyToken=null" name="InvokeIfRequiredThrowsContractException870" />
    </UnitTest>
    <UnitTest name="Add60904" storage="c:\users\suprdewd\desktop\projects\forritun\sharpbag\sharpbag.tests01\bin\release\sharpbag.tests.dll" id="1cb6fca5-5cbd-75cb-cfee-a358b8315906">
      <Execution id="061a4a71-c5ed-4762-aabb-ce1d14587cae" />
      <TestMethod codeBase="C:/Users/SuprDewd/Desktop/Projects/Forritun/SharpBag/SharpBag.Tests01/bin/Release/SharpBag.Tests.DLL" adapterTypeName="Microsoft.VisualStudio.TestTools.TestTypes.Unit.UnitTestAdapter, Microsoft.VisualStudio.QualityTools.Tips.UnitTest.Adapter, Version=10.0.0.0, Culture=neutral, PublicKeyToken=b03f5f7f11d50a3a" className="SharpBag.ExtensionsTest, SharpBag.Tests, Version=0.0.0.0, Culture=neutral, PublicKeyToken=null" name="Add60904" />
    </UnitTest>
    <UnitTest name="To0459801" storage="c:\users\suprdewd\desktop\projects\forritun\sharpbag\sharpbag.tests01\bin\release\sharpbag.tests.dll" id="0e73a463-cb0d-f992-9d84-5941849f04d6">
      <Execution id="a27dd3a3-4378-45fe-85f5-98496c148358" />
      <TestMethod codeBase="C:/Users/SuprDewd/Desktop/Projects/Forritun/SharpBag/SharpBag.Tests01/bin/Release/SharpBag.Tests.DLL" adapterTypeName="Microsoft.VisualStudio.TestTools.TestTypes.Unit.UnitTestAdapter, Microsoft.VisualStudio.QualityTools.Tips.UnitTest.Adapter, Version=10.0.0.0, Culture=neutral, PublicKeyToken=b03f5f7f11d50a3a" className="SharpBag.ExtensionsTest, SharpBag.Tests, Version=0.0.0.0, Culture=neutral, PublicKeyToken=null" name="To0459801" />
    </UnitTest>
    <UnitTest name="Add29602" storage="c:\users\suprdewd\desktop\projects\forritun\sharpbag\sharpbag.tests01\bin\release\sharpbag.tests.dll" id="d820847a-a64d-718b-5774-4886058277c3">
      <Execution id="c67806c1-b2f7-45c0-a419-f196f1a7768d" />
      <TestMethod codeBase="C:/Users/SuprDewd/Desktop/Projects/Forritun/SharpBag/SharpBag.Tests01/bin/Release/SharpBag.Tests.DLL" adapterTypeName="Microsoft.VisualStudio.TestTools.TestTypes.Unit.UnitTestAdapter, Microsoft.VisualStudio.QualityTools.Tips.UnitTest.Adapter, Version=10.0.0.0, Culture=neutral, PublicKeyToken=b03f5f7f11d50a3a" className="SharpBag.ExtensionsTest, SharpBag.Tests, Version=0.0.0.0, Culture=neutral, PublicKeyToken=null" name="Add29602" />
    </UnitTest>
    <UnitTest name="To0163701" storage="c:\users\suprdewd\desktop\projects\forritun\sharpbag\sharpbag.tests01\bin\release\sharpbag.tests.dll" id="229cca66-aa3f-9557-9307-ec8679e563f6">
      <Execution id="7423e3db-a96d-480b-aec8-2e04e90d7722" />
      <TestMethod codeBase="C:/Users/SuprDewd/Desktop/Projects/Forritun/SharpBag/SharpBag.Tests01/bin/Release/SharpBag.Tests.DLL" adapterTypeName="Microsoft.VisualStudio.TestTools.TestTypes.Unit.UnitTestAdapter, Microsoft.VisualStudio.QualityTools.Tips.UnitTest.Adapter, Version=10.0.0.0, Culture=neutral, PublicKeyToken=b03f5f7f11d50a3a" className="SharpBag.ExtensionsTest, SharpBag.Tests, Version=0.0.0.0, Culture=neutral, PublicKeyToken=null" name="To0163701" />
    </UnitTest>
    <UnitTest name="As21503" storage="c:\users\suprdewd\desktop\projects\forritun\sharpbag\sharpbag.tests01\bin\release\sharpbag.tests.dll" id="b03d2b82-a5f5-4a0a-521f-fd9e431b28da">
      <Execution id="a02656a0-f443-4024-9ad8-edd5215b0a21" />
      <TestMethod codeBase="C:/Users/SuprDewd/Desktop/Projects/Forritun/SharpBag/SharpBag.Tests01/bin/Release/SharpBag.Tests.DLL" adapterTypeName="Microsoft.VisualStudio.TestTools.TestTypes.Unit.UnitTestAdapter, Microsoft.VisualStudio.QualityTools.Tips.UnitTest.Adapter, Version=10.0.0.0, Culture=neutral, PublicKeyToken=b03f5f7f11d50a3a" className="SharpBag.ExtensionsTest, SharpBag.Tests, Version=0.0.0.0, Culture=neutral, PublicKeyToken=null" name="As21503" />
    </UnitTest>
    <UnitTest name="Fill0168802" storage="c:\users\suprdewd\desktop\projects\forritun\sharpbag\sharpbag.tests01\bin\release\sharpbag.tests.dll" id="c3e8dcc2-bac7-2a0c-9c06-8dc4838145f3">
      <Execution id="e4e7f4ef-b714-4e10-a3e0-7dded25f6055" />
      <TestMethod codeBase="C:/Users/SuprDewd/Desktop/Projects/Forritun/SharpBag/SharpBag.Tests01/bin/Release/SharpBag.Tests.DLL" adapterTypeName="Microsoft.VisualStudio.TestTools.TestTypes.Unit.UnitTestAdapter, Microsoft.VisualStudio.QualityTools.Tips.UnitTest.Adapter, Version=10.0.0.0, Culture=neutral, PublicKeyToken=b03f5f7f11d50a3a" className="SharpBag.ExtensionsTest, SharpBag.Tests, Version=0.0.0.0, Culture=neutral, PublicKeyToken=null" name="Fill0168802" />
    </UnitTest>
    <UnitTest name="As21505" storage="c:\users\suprdewd\desktop\projects\forritun\sharpbag\sharpbag.tests01\bin\release\sharpbag.tests.dll" id="2250a8be-6947-1057-ceec-e49c62f651fa">
      <Execution id="0ef52ec8-4a66-4b9e-9e87-7c1801bad81f" />
      <TestMethod codeBase="C:/Users/SuprDewd/Desktop/Projects/Forritun/SharpBag/SharpBag.Tests01/bin/Release/SharpBag.Tests.DLL" adapterTypeName="Microsoft.VisualStudio.TestTools.TestTypes.Unit.UnitTestAdapter, Microsoft.VisualStudio.QualityTools.Tips.UnitTest.Adapter, Version=10.0.0.0, Culture=neutral, PublicKeyToken=b03f5f7f11d50a3a" className="SharpBag.ExtensionsTest, SharpBag.Tests, Version=0.0.0.0, Culture=neutral, PublicKeyToken=null" name="As21505" />
    </UnitTest>
    <UnitTest name="As0132104" storage="c:\users\suprdewd\desktop\projects\forritun\sharpbag\sharpbag.tests01\bin\release\sharpbag.tests.dll" id="b30e4a1d-f330-da4d-3e81-5c536003275c">
      <Execution id="f23adda3-4646-417e-ad13-7c5582a74c8c" />
      <TestMethod codeBase="C:/Users/SuprDewd/Desktop/Projects/Forritun/SharpBag/SharpBag.Tests01/bin/Release/SharpBag.Tests.DLL" adapterTypeName="Microsoft.VisualStudio.TestTools.TestTypes.Unit.UnitTestAdapter, Microsoft.VisualStudio.QualityTools.Tips.UnitTest.Adapter, Version=10.0.0.0, Culture=neutral, PublicKeyToken=b03f5f7f11d50a3a" className="SharpBag.ExtensionsTest, SharpBag.Tests, Version=0.0.0.0, Culture=neutral, PublicKeyToken=null" name="As0132104" />
    </UnitTest>
    <UnitTest name="As0163216" storage="c:\users\suprdewd\desktop\projects\forritun\sharpbag\sharpbag.tests01\bin\release\sharpbag.tests.dll" id="ee7a26ae-f08b-c1d5-713f-d21139c592b9">
      <Execution id="a19da1a3-aa8f-4aff-8261-a73aff62db73" />
      <TestMethod codeBase="C:/Users/SuprDewd/Desktop/Projects/Forritun/SharpBag/SharpBag.Tests01/bin/Release/SharpBag.Tests.DLL" adapterTypeName="Microsoft.VisualStudio.TestTools.TestTypes.Unit.UnitTestAdapter, Microsoft.VisualStudio.QualityTools.Tips.UnitTest.Adapter, Version=10.0.0.0, Culture=neutral, PublicKeyToken=b03f5f7f11d50a3a" className="SharpBag.ExtensionsTest, SharpBag.Tests, Version=0.0.0.0, Culture=neutral, PublicKeyToken=null" name="As0163216" />
    </UnitTest>
    <UnitTest name="Random01ThrowsContractException221" storage="c:\users\suprdewd\desktop\projects\forritun\sharpbag\sharpbag.tests01\bin\release\sharpbag.tests.dll" id="bbfb3b40-32b8-1a5f-ae60-bf53c22dbf87">
      <Execution id="c6c5444c-a97f-4b60-9f31-f349324dd842" />
      <TestMethod codeBase="C:/Users/SuprDewd/Desktop/Projects/Forritun/SharpBag/SharpBag.Tests01/bin/Release/SharpBag.Tests.DLL" adapterTypeName="Microsoft.VisualStudio.TestTools.TestTypes.Unit.UnitTestAdapter, Microsoft.VisualStudio.QualityTools.Tips.UnitTest.Adapter, Version=10.0.0.0, Culture=neutral, PublicKeyToken=b03f5f7f11d50a3a" className="SharpBag.ExtensionsTest, SharpBag.Tests, Version=0.0.0.0, Culture=neutral, PublicKeyToken=null" name="Random01ThrowsContractException221" />
    </UnitTest>
    <UnitTest name="As21520" storage="c:\users\suprdewd\desktop\projects\forritun\sharpbag\sharpbag.tests01\bin\release\sharpbag.tests.dll" id="585eea8b-8fa4-71e8-9d43-5274aef9fa35">
      <Execution id="6c8724f6-91e9-46a5-b3d4-6ff41e986589" />
      <TestMethod codeBase="C:/Users/SuprDewd/Desktop/Projects/Forritun/SharpBag/SharpBag.Tests01/bin/Release/SharpBag.Tests.DLL" adapterTypeName="Microsoft.VisualStudio.TestTools.TestTypes.Unit.UnitTestAdapter, Microsoft.VisualStudio.QualityTools.Tips.UnitTest.Adapter, Version=10.0.0.0, Culture=neutral, PublicKeyToken=b03f5f7f11d50a3a" className="SharpBag.ExtensionsTest, SharpBag.Tests, Version=0.0.0.0, Culture=neutral, PublicKeyToken=null" name="As21520" />
    </UnitTest>
    <UnitTest name="As0163241" storage="c:\users\suprdewd\desktop\projects\forritun\sharpbag\sharpbag.tests01\bin\release\sharpbag.tests.dll" id="2a3bccbe-42e2-9009-af11-20e5efc1eb2e">
      <Execution id="bc31ab60-784a-4721-8fb9-2f77c72824b9" />
      <TestMethod codeBase="C:/Users/SuprDewd/Desktop/Projects/Forritun/SharpBag/SharpBag.Tests01/bin/Release/SharpBag.Tests.DLL" adapterTypeName="Microsoft.VisualStudio.TestTools.TestTypes.Unit.UnitTestAdapter, Microsoft.VisualStudio.QualityTools.Tips.UnitTest.Adapter, Version=10.0.0.0, Culture=neutral, PublicKeyToken=b03f5f7f11d50a3a" className="SharpBag.ExtensionsTest, SharpBag.Tests, Version=0.0.0.0, Culture=neutral, PublicKeyToken=null" name="As0163241" />
    </UnitTest>
    <UnitTest name="As0163219" storage="c:\users\suprdewd\desktop\projects\forritun\sharpbag\sharpbag.tests01\bin\release\sharpbag.tests.dll" id="40b13692-f736-7aca-afa5-678a24ba3ffc">
      <Execution id="aba570d5-10b3-482d-8707-3e59288e8577" />
      <TestMethod codeBase="C:/Users/SuprDewd/Desktop/Projects/Forritun/SharpBag/SharpBag.Tests01/bin/Release/SharpBag.Tests.DLL" adapterTypeName="Microsoft.VisualStudio.TestTools.TestTypes.Unit.UnitTestAdapter, Microsoft.VisualStudio.QualityTools.Tips.UnitTest.Adapter, Version=10.0.0.0, Culture=neutral, PublicKeyToken=b03f5f7f11d50a3a" className="SharpBag.ExtensionsTest, SharpBag.Tests, Version=0.0.0.0, Culture=neutral, PublicKeyToken=null" name="As0163219" />
    </UnitTest>
    <UnitTest name="As6" storage="c:\users\suprdewd\desktop\projects\forritun\sharpbag\sharpbag.tests01\bin\release\sharpbag.tests.dll" id="9d4922e1-95bb-cc07-dd59-02aa21bc0c9d">
      <Execution id="13b5282d-9685-47ba-bcfb-1c5a5df1c083" />
      <TestMethod codeBase="C:/Users/SuprDewd/Desktop/Projects/Forritun/SharpBag/SharpBag.Tests01/bin/Release/SharpBag.Tests.DLL" adapterTypeName="Microsoft.VisualStudio.TestTools.TestTypes.Unit.UnitTestAdapter, Microsoft.VisualStudio.QualityTools.Tips.UnitTest.Adapter, Version=10.0.0.0, Culture=neutral, PublicKeyToken=b03f5f7f11d50a3a" className="SharpBag.ExtensionsTest, SharpBag.Tests, Version=0.0.0.0, Culture=neutral, PublicKeyToken=null" name="As6" />
    </UnitTest>
    <UnitTest name="UnionAllThrowsContractException498" storage="c:\users\suprdewd\desktop\projects\forritun\sharpbag\sharpbag.tests01\bin\release\sharpbag.tests.dll" id="0c6370f1-3a15-0de1-18cb-8da30dd57ee7">
      <Execution id="2480c919-78d9-40b7-856b-f92b040463d0" />
      <TestMethod codeBase="C:/Users/SuprDewd/Desktop/Projects/Forritun/SharpBag/SharpBag.Tests01/bin/Release/SharpBag.Tests.DLL" adapterTypeName="Microsoft.VisualStudio.TestTools.TestTypes.Unit.UnitTestAdapter, Microsoft.VisualStudio.QualityTools.Tips.UnitTest.Adapter, Version=10.0.0.0, Culture=neutral, PublicKeyToken=b03f5f7f11d50a3a" className="SharpBag.ExtensionsTest, SharpBag.Tests, Version=0.0.0.0, Culture=neutral, PublicKeyToken=null" name="UnionAllThrowsContractException498" />
    </UnitTest>
    <UnitTest name="As170" storage="c:\users\suprdewd\desktop\projects\forritun\sharpbag\sharpbag.tests01\bin\release\sharpbag.tests.dll" id="0e645c38-e73b-967d-e94f-74a8d38a05b3">
      <Execution id="fdb7e4e5-e69c-42a3-be86-1af51cb29ade" />
      <TestMethod codeBase="C:/Users/SuprDewd/Desktop/Projects/Forritun/SharpBag/SharpBag.Tests01/bin/Release/SharpBag.Tests.DLL" adapterTypeName="Microsoft.VisualStudio.TestTools.TestTypes.Unit.UnitTestAdapter, Microsoft.VisualStudio.QualityTools.Tips.UnitTest.Adapter, Version=10.0.0.0, Culture=neutral, PublicKeyToken=b03f5f7f11d50a3a" className="SharpBag.ExtensionsTest, SharpBag.Tests, Version=0.0.0.0, Culture=neutral, PublicKeyToken=null" name="As170" />
    </UnitTest>
    <UnitTest name="As0166001" storage="c:\users\suprdewd\desktop\projects\forritun\sharpbag\sharpbag.tests01\bin\release\sharpbag.tests.dll" id="4a5ccd91-8853-f0cc-c6d0-af1603a36ab2">
      <Execution id="3aecce98-e574-498e-b74a-8b9a3f95079f" />
      <TestMethod codeBase="C:/Users/SuprDewd/Desktop/Projects/Forritun/SharpBag/SharpBag.Tests01/bin/Release/SharpBag.Tests.DLL" adapterTypeName="Microsoft.VisualStudio.TestTools.TestTypes.Unit.UnitTestAdapter, Microsoft.VisualStudio.QualityTools.Tips.UnitTest.Adapter, Version=10.0.0.0, Culture=neutral, PublicKeyToken=b03f5f7f11d50a3a" className="SharpBag.ExtensionsTest, SharpBag.Tests, Version=0.0.0.0, Culture=neutral, PublicKeyToken=null" name="As0166001" />
    </UnitTest>
    <UnitTest name="Add88501" storage="c:\users\suprdewd\desktop\projects\forritun\sharpbag\sharpbag.tests01\bin\release\sharpbag.tests.dll" id="8795f817-2bb9-9d00-f981-a3a8a2b7335e">
      <Execution id="5e4081a7-2c12-432f-9fcf-c67a9cbda061" />
      <TestMethod codeBase="C:/Users/SuprDewd/Desktop/Projects/Forritun/SharpBag/SharpBag.Tests01/bin/Release/SharpBag.Tests.DLL" adapterTypeName="Microsoft.VisualStudio.TestTools.TestTypes.Unit.UnitTestAdapter, Microsoft.VisualStudio.QualityTools.Tips.UnitTest.Adapter, Version=10.0.0.0, Culture=neutral, PublicKeyToken=b03f5f7f11d50a3a" className="SharpBag.ExtensionsTest, SharpBag.Tests, Version=0.0.0.0, Culture=neutral, PublicKeyToken=null" name="Add88501" />
    </UnitTest>
    <UnitTest name="AsEnumerable0258802" storage="c:\users\suprdewd\desktop\projects\forritun\sharpbag\sharpbag.tests01\bin\release\sharpbag.tests.dll" id="80c446f8-daa9-dd90-7ba0-f56b79877aec">
      <Execution id="afa45c1c-438d-4df2-b218-8868bb044e69" />
      <TestMethod codeBase="C:/Users/SuprDewd/Desktop/Projects/Forritun/SharpBag/SharpBag.Tests01/bin/Release/SharpBag.Tests.DLL" adapterTypeName="Microsoft.VisualStudio.TestTools.TestTypes.Unit.UnitTestAdapter, Microsoft.VisualStudio.QualityTools.Tips.UnitTest.Adapter, Version=10.0.0.0, Culture=neutral, PublicKeyToken=b03f5f7f11d50a3a" className="SharpBag.ExtensionsTest, SharpBag.Tests, Version=0.0.0.0, Culture=neutral, PublicKeyToken=null" name="AsEnumerable0258802" />
    </UnitTest>
    <UnitTest name="Times25801" storage="c:\users\suprdewd\desktop\projects\forritun\sharpbag\sharpbag.tests01\bin\release\sharpbag.tests.dll" id="54dfb2f2-edab-6914-c734-746381ef028e">
      <Execution id="aa1f0713-edef-4844-8ea4-c271565895d3" />
      <TestMethod codeBase="C:/Users/SuprDewd/Desktop/Projects/Forritun/SharpBag/SharpBag.Tests01/bin/Release/SharpBag.Tests.DLL" adapterTypeName="Microsoft.VisualStudio.TestTools.TestTypes.Unit.UnitTestAdapter, Microsoft.VisualStudio.QualityTools.Tips.UnitTest.Adapter, Version=10.0.0.0, Culture=neutral, PublicKeyToken=b03f5f7f11d50a3a" className="SharpBag.ExtensionsTest, SharpBag.Tests, Version=0.0.0.0, Culture=neutral, PublicKeyToken=null" name="Times25801" />
    </UnitTest>
    <UnitTest name="As0163217" storage="c:\users\suprdewd\desktop\projects\forritun\sharpbag\sharpbag.tests01\bin\release\sharpbag.tests.dll" id="e966bfbe-0422-eb75-f093-b800f9c629b7">
      <Execution id="dcc9d0b4-fb88-4836-a550-26f92d205589" />
      <TestMethod codeBase="C:/Users/SuprDewd/Desktop/Projects/Forritun/SharpBag/SharpBag.Tests01/bin/Release/SharpBag.Tests.DLL" adapterTypeName="Microsoft.VisualStudio.TestTools.TestTypes.Unit.UnitTestAdapter, Microsoft.VisualStudio.QualityTools.Tips.UnitTest.Adapter, Version=10.0.0.0, Culture=neutral, PublicKeyToken=b03f5f7f11d50a3a" className="SharpBag.ExtensionsTest, SharpBag.Tests, Version=0.0.0.0, Culture=neutral, PublicKeyToken=null" name="As0163217" />
    </UnitTest>
    <UnitTest name="As0163218" storage="c:\users\suprdewd\desktop\projects\forritun\sharpbag\sharpbag.tests01\bin\release\sharpbag.tests.dll" id="3403c50d-2a71-9a27-1ea8-652ff438ba45">
      <Execution id="6944e943-0f95-488d-8953-b483e62c0567" />
      <TestMethod codeBase="C:/Users/SuprDewd/Desktop/Projects/Forritun/SharpBag/SharpBag.Tests01/bin/Release/SharpBag.Tests.DLL" adapterTypeName="Microsoft.VisualStudio.TestTools.TestTypes.Unit.UnitTestAdapter, Microsoft.VisualStudio.QualityTools.Tips.UnitTest.Adapter, Version=10.0.0.0, Culture=neutral, PublicKeyToken=b03f5f7f11d50a3a" className="SharpBag.ExtensionsTest, SharpBag.Tests, Version=0.0.0.0, Culture=neutral, PublicKeyToken=null" name="As0163218" />
    </UnitTest>
    <UnitTest name="As0163215" storage="c:\users\suprdewd\desktop\projects\forritun\sharpbag\sharpbag.tests01\bin\release\sharpbag.tests.dll" id="b70d24a9-e4cc-d879-39c7-bc30de9e70ab">
      <Execution id="164c5261-8f7a-46cf-9f06-48f3e7650f39" />
      <TestMethod codeBase="C:/Users/SuprDewd/Desktop/Projects/Forritun/SharpBag/SharpBag.Tests01/bin/Release/SharpBag.Tests.DLL" adapterTypeName="Microsoft.VisualStudio.TestTools.TestTypes.Unit.UnitTestAdapter, Microsoft.VisualStudio.QualityTools.Tips.UnitTest.Adapter, Version=10.0.0.0, Culture=neutral, PublicKeyToken=b03f5f7f11d50a3a" className="SharpBag.ExtensionsTest, SharpBag.Tests, Version=0.0.0.0, Culture=neutral, PublicKeyToken=null" name="As0163215" />
    </UnitTest>
    <UnitTest name="As0132107" storage="c:\users\suprdewd\desktop\projects\forritun\sharpbag\sharpbag.tests01\bin\release\sharpbag.tests.dll" id="850912a6-5065-5531-7451-3014a79cee54">
      <Execution id="7eb7041f-3a40-429d-b597-b2cd10a369c9" />
      <TestMethod codeBase="C:/Users/SuprDewd/Desktop/Projects/Forritun/SharpBag/SharpBag.Tests01/bin/Release/SharpBag.Tests.DLL" adapterTypeName="Microsoft.VisualStudio.TestTools.TestTypes.Unit.UnitTestAdapter, Microsoft.VisualStudio.QualityTools.Tips.UnitTest.Adapter, Version=10.0.0.0, Culture=neutral, PublicKeyToken=b03f5f7f11d50a3a" className="SharpBag.ExtensionsTest, SharpBag.Tests, Version=0.0.0.0, Culture=neutral, PublicKeyToken=null" name="As0132107" />
    </UnitTest>
    <UnitTest name="Fill0110503" storage="c:\users\suprdewd\desktop\projects\forritun\sharpbag\sharpbag.tests01\bin\release\sharpbag.tests.dll" id="2f965438-892b-963f-1d2d-a0dc16402531">
      <Execution id="429c1085-aaca-435d-8b55-71bd26ac468e" />
      <TestMethod codeBase="C:/Users/SuprDewd/Desktop/Projects/Forritun/SharpBag/SharpBag.Tests01/bin/Release/SharpBag.Tests.DLL" adapterTypeName="Microsoft.VisualStudio.TestTools.TestTypes.Unit.UnitTestAdapter, Microsoft.VisualStudio.QualityTools.Tips.UnitTest.Adapter, Version=10.0.0.0, Culture=neutral, PublicKeyToken=b03f5f7f11d50a3a" className="SharpBag.ExtensionsTest, SharpBag.Tests, Version=0.0.0.0, Culture=neutral, PublicKeyToken=null" name="Fill0110503" />
    </UnitTest>
    <UnitTest name="To0482501" storage="c:\users\suprdewd\desktop\projects\forritun\sharpbag\sharpbag.tests01\bin\release\sharpbag.tests.dll" id="86a0d6ba-240b-81ef-7612-a91dd0bac5dd">
      <Execution id="ec0458c8-0bcf-4f6b-87e8-569022cedbb0" />
      <TestMethod codeBase="C:/Users/SuprDewd/Desktop/Projects/Forritun/SharpBag/SharpBag.Tests01/bin/Release/SharpBag.Tests.DLL" adapterTypeName="Microsoft.VisualStudio.TestTools.TestTypes.Unit.UnitTestAdapter, Microsoft.VisualStudio.QualityTools.Tips.UnitTest.Adapter, Version=10.0.0.0, Culture=neutral, PublicKeyToken=b03f5f7f11d50a3a" className="SharpBag.ExtensionsTest, SharpBag.Tests, Version=0.0.0.0, Culture=neutral, PublicKeyToken=null" name="To0482501" />
    </UnitTest>
    <UnitTest name="As01402" storage="c:\users\suprdewd\desktop\projects\forritun\sharpbag\sharpbag.tests01\bin\release\sharpbag.tests.dll" id="7ba074f7-37b4-86ab-f897-639c59c7afb2">
      <Execution id="20c32389-e2e7-47ae-b249-cf25ccf7867d" />
      <TestMethod codeBase="C:/Users/SuprDewd/Desktop/Projects/Forritun/SharpBag/SharpBag.Tests01/bin/Release/SharpBag.Tests.DLL" adapterTypeName="Microsoft.VisualStudio.TestTools.TestTypes.Unit.UnitTestAdapter, Microsoft.VisualStudio.QualityTools.Tips.UnitTest.Adapter, Version=10.0.0.0, Culture=neutral, PublicKeyToken=b03f5f7f11d50a3a" className="SharpBag.ExtensionsTest, SharpBag.Tests, Version=0.0.0.0, Culture=neutral, PublicKeyToken=null" name="As01402" />
    </UnitTest>
    <UnitTest name="Fill0110502" storage="c:\users\suprdewd\desktop\projects\forritun\sharpbag\sharpbag.tests01\bin\release\sharpbag.tests.dll" id="8449ab5e-c7c8-6deb-cb03-833888a032c6">
      <Execution id="e1544a87-7cd8-4b1d-9e65-f591163536f3" />
      <TestMethod codeBase="C:/Users/SuprDewd/Desktop/Projects/Forritun/SharpBag/SharpBag.Tests01/bin/Release/SharpBag.Tests.DLL" adapterTypeName="Microsoft.VisualStudio.TestTools.TestTypes.Unit.UnitTestAdapter, Microsoft.VisualStudio.QualityTools.Tips.UnitTest.Adapter, Version=10.0.0.0, Culture=neutral, PublicKeyToken=b03f5f7f11d50a3a" className="SharpBag.ExtensionsTest, SharpBag.Tests, Version=0.0.0.0, Culture=neutral, PublicKeyToken=null" name="Fill0110502" />
    </UnitTest>
    <UnitTest name="AsEnumerable02ThrowsContractException18" storage="c:\users\suprdewd\desktop\projects\forritun\sharpbag\sharpbag.tests01\bin\release\sharpbag.tests.dll" id="7a7d56e7-b4b7-3226-df1d-44471276e993">
      <Execution id="1b459700-0021-4b41-9844-89dfc22cf398" />
      <TestMethod codeBase="C:/Users/SuprDewd/Desktop/Projects/Forritun/SharpBag/SharpBag.Tests01/bin/Release/SharpBag.Tests.DLL" adapterTypeName="Microsoft.VisualStudio.TestTools.TestTypes.Unit.UnitTestAdapter, Microsoft.VisualStudio.QualityTools.Tips.UnitTest.Adapter, Version=10.0.0.0, Culture=neutral, PublicKeyToken=b03f5f7f11d50a3a" className="SharpBag.ExtensionsTest, SharpBag.Tests, Version=0.0.0.0, Culture=neutral, PublicKeyToken=null" name="AsEnumerable02ThrowsContractException18" />
    </UnitTest>
    <UnitTest name="As0163224" storage="c:\users\suprdewd\desktop\projects\forritun\sharpbag\sharpbag.tests01\bin\release\sharpbag.tests.dll" id="389db5b6-ab96-a436-4af4-f75359c85bc2">
      <Execution id="e5d05c1f-0c07-4c23-a34a-536f5c3a4ead" />
      <TestMethod codeBase="C:/Users/SuprDewd/Desktop/Projects/Forritun/SharpBag/SharpBag.Tests01/bin/Release/SharpBag.Tests.DLL" adapterTypeName="Microsoft.VisualStudio.TestTools.TestTypes.Unit.UnitTestAdapter, Microsoft.VisualStudio.QualityTools.Tips.UnitTest.Adapter, Version=10.0.0.0, Culture=neutral, PublicKeyToken=b03f5f7f11d50a3a" className="SharpBag.ExtensionsTest, SharpBag.Tests, Version=0.0.0.0, Culture=neutral, PublicKeyToken=null" name="As0163224" />
    </UnitTest>
    <UnitTest name="RangeThrowsContractException958" storage="c:\users\suprdewd\desktop\projects\forritun\sharpbag\sharpbag.tests01\bin\release\sharpbag.tests.dll" id="0cb477c5-7b02-500d-45eb-bb863b0c13bb">
      <Execution id="eb4f3ece-682a-45fe-92e1-76003252216e" />
      <TestMethod codeBase="C:/Users/SuprDewd/Desktop/Projects/Forritun/SharpBag/SharpBag.Tests01/bin/Release/SharpBag.Tests.DLL" adapterTypeName="Microsoft.VisualStudio.TestTools.TestTypes.Unit.UnitTestAdapter, Microsoft.VisualStudio.QualityTools.Tips.UnitTest.Adapter, Version=10.0.0.0, Culture=neutral, PublicKeyToken=b03f5f7f11d50a3a" className="SharpBag.ExtensionsTest, SharpBag.Tests, Version=0.0.0.0, Culture=neutral, PublicKeyToken=null" name="RangeThrowsContractException958" />
    </UnitTest>
    <UnitTest name="As0163226" storage="c:\users\suprdewd\desktop\projects\forritun\sharpbag\sharpbag.tests01\bin\release\sharpbag.tests.dll" id="be772578-3bd6-fe1e-69ad-baa513f62b0b">
      <Execution id="cce2dd63-76dc-4f5f-8c40-6ed290c158bd" />
      <TestMethod codeBase="C:/Users/SuprDewd/Desktop/Projects/Forritun/SharpBag/SharpBag.Tests01/bin/Release/SharpBag.Tests.DLL" adapterTypeName="Microsoft.VisualStudio.TestTools.TestTypes.Unit.UnitTestAdapter, Microsoft.VisualStudio.QualityTools.Tips.UnitTest.Adapter, Version=10.0.0.0, Culture=neutral, PublicKeyToken=b03f5f7f11d50a3a" className="SharpBag.ExtensionsTest, SharpBag.Tests, Version=0.0.0.0, Culture=neutral, PublicKeyToken=null" name="As0163226" />
    </UnitTest>
    <UnitTest name="GetByPercentThrowsContractException340" storage="c:\users\suprdewd\desktop\projects\forritun\sharpbag\sharpbag.tests01\bin\release\sharpbag.tests.dll" id="7d40dea1-9f04-830e-f671-256b02c3b5cf">
      <Execution id="845be318-5c08-421b-84f4-89f7c76dc82a" />
      <TestMethod codeBase="C:/Users/SuprDewd/Desktop/Projects/Forritun/SharpBag/SharpBag.Tests01/bin/Release/SharpBag.Tests.DLL" adapterTypeName="Microsoft.VisualStudio.TestTools.TestTypes.Unit.UnitTestAdapter, Microsoft.VisualStudio.QualityTools.Tips.UnitTest.Adapter, Version=10.0.0.0, Culture=neutral, PublicKeyToken=b03f5f7f11d50a3a" className="SharpBag.ExtensionsTest, SharpBag.Tests, Version=0.0.0.0, Culture=neutral, PublicKeyToken=null" name="GetByPercentThrowsContractException340" />
    </UnitTest>
    <UnitTest name="As0163232" storage="c:\users\suprdewd\desktop\projects\forritun\sharpbag\sharpbag.tests01\bin\release\sharpbag.tests.dll" id="0e90738b-70d8-2788-4a26-d16c8666f6ca">
      <Execution id="e18f6145-b5c5-435b-bde9-f709274b7db6" />
      <TestMethod codeBase="C:/Users/SuprDewd/Desktop/Projects/Forritun/SharpBag/SharpBag.Tests01/bin/Release/SharpBag.Tests.DLL" adapterTypeName="Microsoft.VisualStudio.TestTools.TestTypes.Unit.UnitTestAdapter, Microsoft.VisualStudio.QualityTools.Tips.UnitTest.Adapter, Version=10.0.0.0, Culture=neutral, PublicKeyToken=b03f5f7f11d50a3a" className="SharpBag.ExtensionsTest, SharpBag.Tests, Version=0.0.0.0, Culture=neutral, PublicKeyToken=null" name="As0163232" />
    </UnitTest>
    <UnitTest name="As0163238" storage="c:\users\suprdewd\desktop\projects\forritun\sharpbag\sharpbag.tests01\bin\release\sharpbag.tests.dll" id="a56170ce-b399-e27e-e213-58e00eb4c436">
      <Execution id="f5207163-2084-4249-a4be-128e51c15011" />
      <TestMethod codeBase="C:/Users/SuprDewd/Desktop/Projects/Forritun/SharpBag/SharpBag.Tests01/bin/Release/SharpBag.Tests.DLL" adapterTypeName="Microsoft.VisualStudio.TestTools.TestTypes.Unit.UnitTestAdapter, Microsoft.VisualStudio.QualityTools.Tips.UnitTest.Adapter, Version=10.0.0.0, Culture=neutral, PublicKeyToken=b03f5f7f11d50a3a" className="SharpBag.ExtensionsTest, SharpBag.Tests, Version=0.0.0.0, Culture=neutral, PublicKeyToken=null" name="As0163238" />
    </UnitTest>
    <UnitTest name="Fill01ThrowsContractException279" storage="c:\users\suprdewd\desktop\projects\forritun\sharpbag\sharpbag.tests01\bin\release\sharpbag.tests.dll" id="1c9baf40-1112-7f41-3f0f-adc161687f04">
      <Execution id="fc49fd35-3599-42a0-98f3-ad456a41bcee" />
      <TestMethod codeBase="C:/Users/SuprDewd/Desktop/Projects/Forritun/SharpBag/SharpBag.Tests01/bin/Release/SharpBag.Tests.DLL" adapterTypeName="Microsoft.VisualStudio.TestTools.TestTypes.Unit.UnitTestAdapter, Microsoft.VisualStudio.QualityTools.Tips.UnitTest.Adapter, Version=10.0.0.0, Culture=neutral, PublicKeyToken=b03f5f7f11d50a3a" className="SharpBag.ExtensionsTest, SharpBag.Tests, Version=0.0.0.0, Culture=neutral, PublicKeyToken=null" name="Fill01ThrowsContractException279" />
    </UnitTest>
    <UnitTest name="Fill0168801" storage="c:\users\suprdewd\desktop\projects\forritun\sharpbag\sharpbag.tests01\bin\release\sharpbag.tests.dll" id="bdf76499-e0f6-3d7b-4432-982ba6c3b223">
      <Execution id="336e567b-ccc4-4a3d-b887-348c87585c98" />
      <TestMethod codeBase="C:/Users/SuprDewd/Desktop/Projects/Forritun/SharpBag/SharpBag.Tests01/bin/Release/SharpBag.Tests.DLL" adapterTypeName="Microsoft.VisualStudio.TestTools.TestTypes.Unit.UnitTestAdapter, Microsoft.VisualStudio.QualityTools.Tips.UnitTest.Adapter, Version=10.0.0.0, Culture=neutral, PublicKeyToken=b03f5f7f11d50a3a" className="SharpBag.ExtensionsTest, SharpBag.Tests, Version=0.0.0.0, Culture=neutral, PublicKeyToken=null" name="Fill0168801" />
    </UnitTest>
    <UnitTest name="UnionAllThrowsContractException888" storage="c:\users\suprdewd\desktop\projects\forritun\sharpbag\sharpbag.tests01\bin\release\sharpbag.tests.dll" id="2fd85783-fc83-f96f-d9bf-a6bcc5a252f1">
      <Execution id="d2e8755f-9fe8-4b1b-8b3a-60abef784acd" />
      <TestMethod codeBase="C:/Users/SuprDewd/Desktop/Projects/Forritun/SharpBag/SharpBag.Tests01/bin/Release/SharpBag.Tests.DLL" adapterTypeName="Microsoft.VisualStudio.TestTools.TestTypes.Unit.UnitTestAdapter, Microsoft.VisualStudio.QualityTools.Tips.UnitTest.Adapter, Version=10.0.0.0, Culture=neutral, PublicKeyToken=b03f5f7f11d50a3a" className="SharpBag.ExtensionsTest, SharpBag.Tests, Version=0.0.0.0, Culture=neutral, PublicKeyToken=null" name="UnionAllThrowsContractException888" />
    </UnitTest>
    <UnitTest name="IsIn01ThrowsContractException380" storage="c:\users\suprdewd\desktop\projects\forritun\sharpbag\sharpbag.tests01\bin\release\sharpbag.tests.dll" id="5755d2a8-1978-f19d-e7bc-79a3772bf830">
      <Execution id="cea76460-b718-4cfd-82d4-7e6dd1ea64c6" />
      <TestMethod codeBase="C:/Users/SuprDewd/Desktop/Projects/Forritun/SharpBag/SharpBag.Tests01/bin/Release/SharpBag.Tests.DLL" adapterTypeName="Microsoft.VisualStudio.TestTools.TestTypes.Unit.UnitTestAdapter, Microsoft.VisualStudio.QualityTools.Tips.UnitTest.Adapter, Version=10.0.0.0, Culture=neutral, PublicKeyToken=b03f5f7f11d50a3a" className="SharpBag.ExtensionsTest, SharpBag.Tests, Version=0.0.0.0, Culture=neutral, PublicKeyToken=null" name="IsIn01ThrowsContractException380" />
    </UnitTest>
    <UnitTest name="AsEnumerable0128302" storage="c:\users\suprdewd\desktop\projects\forritun\sharpbag\sharpbag.tests01\bin\release\sharpbag.tests.dll" id="39820720-af85-1690-8f39-546deff2b7b4">
      <Execution id="efa0dc24-bd2a-4e03-983f-989a4b7747ee" />
      <TestMethod codeBase="C:/Users/SuprDewd/Desktop/Projects/Forritun/SharpBag/SharpBag.Tests01/bin/Release/SharpBag.Tests.DLL" adapterTypeName="Microsoft.VisualStudio.TestTools.TestTypes.Unit.UnitTestAdapter, Microsoft.VisualStudio.QualityTools.Tips.UnitTest.Adapter, Version=10.0.0.0, Culture=neutral, PublicKeyToken=b03f5f7f11d50a3a" className="SharpBag.ExtensionsTest, SharpBag.Tests, Version=0.0.0.0, Culture=neutral, PublicKeyToken=null" name="AsEnumerable0128302" />
    </UnitTest>
    <UnitTest name="To72301" storage="c:\users\suprdewd\desktop\projects\forritun\sharpbag\sharpbag.tests01\bin\release\sharpbag.tests.dll" id="db3b6314-b1da-7626-0e4e-61abbddac9d6">
      <Execution id="a53159be-86e4-4629-8bdc-7e20c017e726" />
      <TestMethod codeBase="C:/Users/SuprDewd/Desktop/Projects/Forritun/SharpBag/SharpBag.Tests01/bin/Release/SharpBag.Tests.DLL" adapterTypeName="Microsoft.VisualStudio.TestTools.TestTypes.Unit.UnitTestAdapter, Microsoft.VisualStudio.QualityTools.Tips.UnitTest.Adapter, Version=10.0.0.0, Culture=neutral, PublicKeyToken=b03f5f7f11d50a3a" className="SharpBag.ExtensionsTest, SharpBag.Tests, Version=0.0.0.0, Culture=neutral, PublicKeyToken=null" name="To72301" />
    </UnitTest>
    <UnitTest name="As0136701" storage="c:\users\suprdewd\desktop\projects\forritun\sharpbag\sharpbag.tests01\bin\release\sharpbag.tests.dll" id="de06015f-869e-46b8-4b51-8c7b049b2b96">
      <Execution id="c02f693a-0792-4d9b-984f-bbef1e9cbe8f" />
      <TestMethod codeBase="C:/Users/SuprDewd/Desktop/Projects/Forritun/SharpBag/SharpBag.Tests01/bin/Release/SharpBag.Tests.DLL" adapterTypeName="Microsoft.VisualStudio.TestTools.TestTypes.Unit.UnitTestAdapter, Microsoft.VisualStudio.QualityTools.Tips.UnitTest.Adapter, Version=10.0.0.0, Culture=neutral, PublicKeyToken=b03f5f7f11d50a3a" className="SharpBag.ExtensionsTest, SharpBag.Tests, Version=0.0.0.0, Culture=neutral, PublicKeyToken=null" name="As0136701" />
    </UnitTest>
    <UnitTest name="As21517" storage="c:\users\suprdewd\desktop\projects\forritun\sharpbag\sharpbag.tests01\bin\release\sharpbag.tests.dll" id="44ddd54b-7a43-e4f9-ebb3-b78badce4585">
      <Execution id="bf411738-1d4f-4d1d-81ab-011c5b2cdc9d" />
      <TestMethod codeBase="C:/Users/SuprDewd/Desktop/Projects/Forritun/SharpBag/SharpBag.Tests01/bin/Release/SharpBag.Tests.DLL" adapterTypeName="Microsoft.VisualStudio.TestTools.TestTypes.Unit.UnitTestAdapter, Microsoft.VisualStudio.QualityTools.Tips.UnitTest.Adapter, Version=10.0.0.0, Culture=neutral, PublicKeyToken=b03f5f7f11d50a3a" className="SharpBag.ExtensionsTest, SharpBag.Tests, Version=0.0.0.0, Culture=neutral, PublicKeyToken=null" name="As21517" />
    </UnitTest>
    <UnitTest name="Fill0157101" storage="c:\users\suprdewd\desktop\projects\forritun\sharpbag\sharpbag.tests01\bin\release\sharpbag.tests.dll" id="b8e531ca-ec94-5331-cc83-d2332ab01f85">
      <Execution id="f5a46bac-1ca2-45ee-baf8-27011a6208f1" />
      <TestMethod codeBase="C:/Users/SuprDewd/Desktop/Projects/Forritun/SharpBag/SharpBag.Tests01/bin/Release/SharpBag.Tests.DLL" adapterTypeName="Microsoft.VisualStudio.TestTools.TestTypes.Unit.UnitTestAdapter, Microsoft.VisualStudio.QualityTools.Tips.UnitTest.Adapter, Version=10.0.0.0, Culture=neutral, PublicKeyToken=b03f5f7f11d50a3a" className="SharpBag.ExtensionsTest, SharpBag.Tests, Version=0.0.0.0, Culture=neutral, PublicKeyToken=null" name="Fill0157101" />
    </UnitTest>
    <UnitTest name="GetByPercent562" storage="c:\users\suprdewd\desktop\projects\forritun\sharpbag\sharpbag.tests01\bin\release\sharpbag.tests.dll" id="2e107be2-e3af-1a8b-fb4b-bdb5534db4b8">
      <Execution id="ee5a7de2-b95c-475d-b550-a7225274a1e1" />
      <TestMethod codeBase="C:/Users/SuprDewd/Desktop/Projects/Forritun/SharpBag/SharpBag.Tests01/bin/Release/SharpBag.Tests.DLL" adapterTypeName="Microsoft.VisualStudio.TestTools.TestTypes.Unit.UnitTestAdapter, Microsoft.VisualStudio.QualityTools.Tips.UnitTest.Adapter, Version=10.0.0.0, Culture=neutral, PublicKeyToken=b03f5f7f11d50a3a" className="SharpBag.ExtensionsTest, SharpBag.Tests, Version=0.0.0.0, Culture=neutral, PublicKeyToken=null" name="GetByPercent562" />
    </UnitTest>
    <UnitTest name="NullOr90703" storage="c:\users\suprdewd\desktop\projects\forritun\sharpbag\sharpbag.tests01\bin\release\sharpbag.tests.dll" id="97102229-37fa-e978-ffae-7fd4c7300f98">
      <Execution id="9e18eaec-84f5-4a91-b689-f5ac69b49b00" />
      <TestMethod codeBase="C:/Users/SuprDewd/Desktop/Projects/Forritun/SharpBag/SharpBag.Tests01/bin/Release/SharpBag.Tests.DLL" adapterTypeName="Microsoft.VisualStudio.TestTools.TestTypes.Unit.UnitTestAdapter, Microsoft.VisualStudio.QualityTools.Tips.UnitTest.Adapter, Version=10.0.0.0, Culture=neutral, PublicKeyToken=b03f5f7f11d50a3a" className="SharpBag.ExtensionsTest, SharpBag.Tests, Version=0.0.0.0, Culture=neutral, PublicKeyToken=null" name="NullOr90703" />
    </UnitTest>
    <UnitTest name="ToDictionaryThrowsContractException478" storage="c:\users\suprdewd\desktop\projects\forritun\sharpbag\sharpbag.tests01\bin\release\sharpbag.tests.dll" id="59990ab9-8064-95a7-969b-da2dc269c717">
      <Execution id="bc1bd166-da9a-4ab8-bff1-e4eac0200356" />
      <TestMethod codeBase="C:/Users/SuprDewd/Desktop/Projects/Forritun/SharpBag/SharpBag.Tests01/bin/Release/SharpBag.Tests.DLL" adapterTypeName="Microsoft.VisualStudio.TestTools.TestTypes.Unit.UnitTestAdapter, Microsoft.VisualStudio.QualityTools.Tips.UnitTest.Adapter, Version=10.0.0.0, Culture=neutral, PublicKeyToken=b03f5f7f11d50a3a" className="SharpBag.ExtensionsTest, SharpBag.Tests, Version=0.0.0.0, Culture=neutral, PublicKeyToken=null" name="ToDictionaryThrowsContractException478" />
    </UnitTest>
    <UnitTest name="AsEnumerable0314804" storage="c:\users\suprdewd\desktop\projects\forritun\sharpbag\sharpbag.tests01\bin\release\sharpbag.tests.dll" id="787c2aca-5007-7e56-5e10-28020b3be468">
      <Execution id="5b6fb387-9f33-4c0c-a284-889544aa732e" />
      <TestMethod codeBase="C:/Users/SuprDewd/Desktop/Projects/Forritun/SharpBag/SharpBag.Tests01/bin/Release/SharpBag.Tests.DLL" adapterTypeName="Microsoft.VisualStudio.TestTools.TestTypes.Unit.UnitTestAdapter, Microsoft.VisualStudio.QualityTools.Tips.UnitTest.Adapter, Version=10.0.0.0, Culture=neutral, PublicKeyToken=b03f5f7f11d50a3a" className="SharpBag.ExtensionsTest, SharpBag.Tests, Version=0.0.0.0, Culture=neutral, PublicKeyToken=null" name="AsEnumerable0314804" />
    </UnitTest>
    <UnitTest name="As0166404" storage="c:\users\suprdewd\desktop\projects\forritun\sharpbag\sharpbag.tests01\bin\release\sharpbag.tests.dll" id="09abec53-bc8a-0db2-1ff6-28ad5ea0f559">
      <Execution id="d43dd6a3-71a9-4066-bd60-de97094db260" />
      <TestMethod codeBase="C:/Users/SuprDewd/Desktop/Projects/Forritun/SharpBag/SharpBag.Tests01/bin/Release/SharpBag.Tests.DLL" adapterTypeName="Microsoft.VisualStudio.TestTools.TestTypes.Unit.UnitTestAdapter, Microsoft.VisualStudio.QualityTools.Tips.UnitTest.Adapter, Version=10.0.0.0, Culture=neutral, PublicKeyToken=b03f5f7f11d50a3a" className="SharpBag.ExtensionsTest, SharpBag.Tests, Version=0.0.0.0, Culture=neutral, PublicKeyToken=null" name="As0166404" />
    </UnitTest>
    <UnitTest name="Add29601" storage="c:\users\suprdewd\desktop\projects\forritun\sharpbag\sharpbag.tests01\bin\release\sharpbag.tests.dll" id="29e140f3-0b7d-028a-f85f-e65d5e7a4460">
      <Execution id="bbe1cea0-d9e4-48eb-be7f-f66d526686d7" />
      <TestMethod codeBase="C:/Users/SuprDewd/Desktop/Projects/Forritun/SharpBag/SharpBag.Tests01/bin/Release/SharpBag.Tests.DLL" adapterTypeName="Microsoft.VisualStudio.TestTools.TestTypes.Unit.UnitTestAdapter, Microsoft.VisualStudio.QualityTools.Tips.UnitTest.Adapter, Version=10.0.0.0, Culture=neutral, PublicKeyToken=b03f5f7f11d50a3a" className="SharpBag.ExtensionsTest, SharpBag.Tests, Version=0.0.0.0, Culture=neutral, PublicKeyToken=null" name="Add29601" />
    </UnitTest>
    <UnitTest name="IterThrowsContractException917" storage="c:\users\suprdewd\desktop\projects\forritun\sharpbag\sharpbag.tests01\bin\release\sharpbag.tests.dll" id="02dbbd81-860f-9e6d-6bf0-d3b21164d681">
      <Execution id="5322d56f-6c51-4bdd-87bc-93243f9be66c" />
      <TestMethod codeBase="C:/Users/SuprDewd/Desktop/Projects/Forritun/SharpBag/SharpBag.Tests01/bin/Release/SharpBag.Tests.DLL" adapterTypeName="Microsoft.VisualStudio.TestTools.TestTypes.Unit.UnitTestAdapter, Microsoft.VisualStudio.QualityTools.Tips.UnitTest.Adapter, Version=10.0.0.0, Culture=neutral, PublicKeyToken=b03f5f7f11d50a3a" className="SharpBag.ExtensionsTest, SharpBag.Tests, Version=0.0.0.0, Culture=neutral, PublicKeyToken=null" name="IterThrowsContractException917" />
    </UnitTest>
    <UnitTest name="If79" storage="c:\users\suprdewd\desktop\projects\forritun\sharpbag\sharpbag.tests01\bin\release\sharpbag.tests.dll" id="18234ca5-6af0-1355-5140-f92645f28e01">
      <Execution id="0fedf93d-0034-4ae4-97ab-41b6234437e3" />
      <TestMethod codeBase="C:/Users/SuprDewd/Desktop/Projects/Forritun/SharpBag/SharpBag.Tests01/bin/Release/SharpBag.Tests.DLL" adapterTypeName="Microsoft.VisualStudio.TestTools.TestTypes.Unit.UnitTestAdapter, Microsoft.VisualStudio.QualityTools.Tips.UnitTest.Adapter, Version=10.0.0.0, Culture=neutral, PublicKeyToken=b03f5f7f11d50a3a" className="SharpBag.ExtensionsTest, SharpBag.Tests, Version=0.0.0.0, Culture=neutral, PublicKeyToken=null" name="If79" />
    </UnitTest>
    <UnitTest name="As0163242" storage="c:\users\suprdewd\desktop\projects\forritun\sharpbag\sharpbag.tests01\bin\release\sharpbag.tests.dll" id="5d663026-8403-d8b3-571f-dbc623bc2b0e">
      <Execution id="82f09798-6dc8-4ff2-9112-759335828ffd" />
      <TestMethod codeBase="C:/Users/SuprDewd/Desktop/Projects/Forritun/SharpBag/SharpBag.Tests01/bin/Release/SharpBag.Tests.DLL" adapterTypeName="Microsoft.VisualStudio.TestTools.TestTypes.Unit.UnitTestAdapter, Microsoft.VisualStudio.QualityTools.Tips.UnitTest.Adapter, Version=10.0.0.0, Culture=neutral, PublicKeyToken=b03f5f7f11d50a3a" className="SharpBag.ExtensionsTest, SharpBag.Tests, Version=0.0.0.0, Culture=neutral, PublicKeyToken=null" name="As0163242" />
    </UnitTest>
    <UnitTest name="AsEnumerable0258803" storage="c:\users\suprdewd\desktop\projects\forritun\sharpbag\sharpbag.tests01\bin\release\sharpbag.tests.dll" id="4f308a7f-5339-1197-c196-e8c2a3294cdb">
      <Execution id="a619cc3b-8b1b-4e55-be56-efeac3ca59c3" />
      <TestMethod codeBase="C:/Users/SuprDewd/Desktop/Projects/Forritun/SharpBag/SharpBag.Tests01/bin/Release/SharpBag.Tests.DLL" adapterTypeName="Microsoft.VisualStudio.TestTools.TestTypes.Unit.UnitTestAdapter, Microsoft.VisualStudio.QualityTools.Tips.UnitTest.Adapter, Version=10.0.0.0, Culture=neutral, PublicKeyToken=b03f5f7f11d50a3a" className="SharpBag.ExtensionsTest, SharpBag.Tests, Version=0.0.0.0, Culture=neutral, PublicKeyToken=null" name="AsEnumerable0258803" />
    </UnitTest>
    <UnitTest name="As0163211" storage="c:\users\suprdewd\desktop\projects\forritun\sharpbag\sharpbag.tests01\bin\release\sharpbag.tests.dll" id="7206ff03-56a7-ec6c-ffc0-c8679263faa3">
      <Execution id="dae8d916-4207-4c92-8803-5278fc0433b2" />
      <TestMethod codeBase="C:/Users/SuprDewd/Desktop/Projects/Forritun/SharpBag/SharpBag.Tests01/bin/Release/SharpBag.Tests.DLL" adapterTypeName="Microsoft.VisualStudio.TestTools.TestTypes.Unit.UnitTestAdapter, Microsoft.VisualStudio.QualityTools.Tips.UnitTest.Adapter, Version=10.0.0.0, Culture=neutral, PublicKeyToken=b03f5f7f11d50a3a" className="SharpBag.ExtensionsTest, SharpBag.Tests, Version=0.0.0.0, Culture=neutral, PublicKeyToken=null" name="As0163211" />
    </UnitTest>
    <UnitTest name="Fill0110501" storage="c:\users\suprdewd\desktop\projects\forritun\sharpbag\sharpbag.tests01\bin\release\sharpbag.tests.dll" id="19033310-a8dd-db0b-1dcd-2bf1bef510ca">
      <Execution id="1f561373-16d6-4de5-917f-40673d7c7bb9" />
      <TestMethod codeBase="C:/Users/SuprDewd/Desktop/Projects/Forritun/SharpBag/SharpBag.Tests01/bin/Release/SharpBag.Tests.DLL" adapterTypeName="Microsoft.VisualStudio.TestTools.TestTypes.Unit.UnitTestAdapter, Microsoft.VisualStudio.QualityTools.Tips.UnitTest.Adapter, Version=10.0.0.0, Culture=neutral, PublicKeyToken=b03f5f7f11d50a3a" className="SharpBag.ExtensionsTest, SharpBag.Tests, Version=0.0.0.0, Culture=neutral, PublicKeyToken=null" name="Fill0110501" />
    </UnitTest>
    <UnitTest name="As21508" storage="c:\users\suprdewd\desktop\projects\forritun\sharpbag\sharpbag.tests01\bin\release\sharpbag.tests.dll" id="f4f76af5-0d54-7bf8-8ba4-b32803d7a374">
      <Execution id="2c512c21-1086-462e-90b1-95c4b9da942c" />
      <TestMethod codeBase="C:/Users/SuprDewd/Desktop/Projects/Forritun/SharpBag/SharpBag.Tests01/bin/Release/SharpBag.Tests.DLL" adapterTypeName="Microsoft.VisualStudio.TestTools.TestTypes.Unit.UnitTestAdapter, Microsoft.VisualStudio.QualityTools.Tips.UnitTest.Adapter, Version=10.0.0.0, Culture=neutral, PublicKeyToken=b03f5f7f11d50a3a" className="SharpBag.ExtensionsTest, SharpBag.Tests, Version=0.0.0.0, Culture=neutral, PublicKeyToken=null" name="As21508" />
    </UnitTest>
    <UnitTest name="As0163233" storage="c:\users\suprdewd\desktop\projects\forritun\sharpbag\sharpbag.tests01\bin\release\sharpbag.tests.dll" id="990a1706-3c38-5c79-dd26-6bf2a85de470">
      <Execution id="29d27073-f54a-4b31-a6c2-45d1a1763d8e" />
      <TestMethod codeBase="C:/Users/SuprDewd/Desktop/Projects/Forritun/SharpBag/SharpBag.Tests01/bin/Release/SharpBag.Tests.DLL" adapterTypeName="Microsoft.VisualStudio.TestTools.TestTypes.Unit.UnitTestAdapter, Microsoft.VisualStudio.QualityTools.Tips.UnitTest.Adapter, Version=10.0.0.0, Culture=neutral, PublicKeyToken=b03f5f7f11d50a3a" className="SharpBag.ExtensionsTest, SharpBag.Tests, Version=0.0.0.0, Culture=neutral, PublicKeyToken=null" name="As0163233" />
    </UnitTest>
    <UnitTest name="IfNotNull17302" storage="c:\users\suprdewd\desktop\projects\forritun\sharpbag\sharpbag.tests01\bin\release\sharpbag.tests.dll" id="46ca0fd9-03e1-55e3-3ad7-b4625d8d07c0">
      <Execution id="167db92f-a958-43b0-90d0-3212b8fc7e42" />
      <TestMethod codeBase="C:/Users/SuprDewd/Desktop/Projects/Forritun/SharpBag/SharpBag.Tests01/bin/Release/SharpBag.Tests.DLL" adapterTypeName="Microsoft.VisualStudio.TestTools.TestTypes.Unit.UnitTestAdapter, Microsoft.VisualStudio.QualityTools.Tips.UnitTest.Adapter, Version=10.0.0.0, Culture=neutral, PublicKeyToken=b03f5f7f11d50a3a" className="SharpBag.ExtensionsTest, SharpBag.Tests, Version=0.0.0.0, Culture=neutral, PublicKeyToken=null" name="IfNotNull17302" />
    </UnitTest>
    <UnitTest name="As0198304" storage="c:\users\suprdewd\desktop\projects\forritun\sharpbag\sharpbag.tests01\bin\release\sharpbag.tests.dll" id="bbc45056-7304-0cf8-18ec-0f56b7abf591">
      <Execution id="112baac7-30de-4465-811f-083dc7b9dd8b" />
      <TestMethod codeBase="C:/Users/SuprDewd/Desktop/Projects/Forritun/SharpBag/SharpBag.Tests01/bin/Release/SharpBag.Tests.DLL" adapterTypeName="Microsoft.VisualStudio.TestTools.TestTypes.Unit.UnitTestAdapter, Microsoft.VisualStudio.QualityTools.Tips.UnitTest.Adapter, Version=10.0.0.0, Culture=neutral, PublicKeyToken=b03f5f7f11d50a3a" className="SharpBag.ExtensionsTest, SharpBag.Tests, Version=0.0.0.0, Culture=neutral, PublicKeyToken=null" name="As0198304" />
    </UnitTest>
    <UnitTest name="ForEachThrowsContractException904" storage="c:\users\suprdewd\desktop\projects\forritun\sharpbag\sharpbag.tests01\bin\release\sharpbag.tests.dll" id="aef19ea6-eb47-a1be-032c-8930cda21d9c">
      <Execution id="89fb9897-0c79-44e5-8dbb-ac7a20453d94" />
      <TestMethod codeBase="C:/Users/SuprDewd/Desktop/Projects/Forritun/SharpBag/SharpBag.Tests01/bin/Release/SharpBag.Tests.DLL" adapterTypeName="Microsoft.VisualStudio.TestTools.TestTypes.Unit.UnitTestAdapter, Microsoft.VisualStudio.QualityTools.Tips.UnitTest.Adapter, Version=10.0.0.0, Culture=neutral, PublicKeyToken=b03f5f7f11d50a3a" className="SharpBag.ExtensionsTest, SharpBag.Tests, Version=0.0.0.0, Culture=neutral, PublicKeyToken=null" name="ForEachThrowsContractException904" />
    </UnitTest>
    <UnitTest name="As0130301" storage="c:\users\suprdewd\desktop\projects\forritun\sharpbag\sharpbag.tests01\bin\release\sharpbag.tests.dll" id="7a9b0937-239f-a7cc-e1fc-09bbc3508e89">
      <Execution id="ec7e0f80-6977-4570-bc63-0a8caaca6f78" />
      <TestMethod codeBase="C:/Users/SuprDewd/Desktop/Projects/Forritun/SharpBag/SharpBag.Tests01/bin/Release/SharpBag.Tests.DLL" adapterTypeName="Microsoft.VisualStudio.TestTools.TestTypes.Unit.UnitTestAdapter, Microsoft.VisualStudio.QualityTools.Tips.UnitTest.Adapter, Version=10.0.0.0, Culture=neutral, PublicKeyToken=b03f5f7f11d50a3a" className="SharpBag.ExtensionsTest, SharpBag.Tests, Version=0.0.0.0, Culture=neutral, PublicKeyToken=null" name="As0130301" />
    </UnitTest>
    <UnitTest name="IsIn01570" storage="c:\users\suprdewd\desktop\projects\forritun\sharpbag\sharpbag.tests01\bin\release\sharpbag.tests.dll" id="cdf50321-c0eb-ddc4-0179-2919c2028903">
      <Execution id="8c152cfa-32fa-4075-a9c0-c7e95c76dd59" />
      <TestMethod codeBase="C:/Users/SuprDewd/Desktop/Projects/Forritun/SharpBag/SharpBag.Tests01/bin/Release/SharpBag.Tests.DLL" adapterTypeName="Microsoft.VisualStudio.TestTools.TestTypes.Unit.UnitTestAdapter, Microsoft.VisualStudio.QualityTools.Tips.UnitTest.Adapter, Version=10.0.0.0, Culture=neutral, PublicKeyToken=b03f5f7f11d50a3a" className="SharpBag.ExtensionsTest, SharpBag.Tests, Version=0.0.0.0, Culture=neutral, PublicKeyToken=null" name="IsIn01570" />
    </UnitTest>
    <UnitTest name="Add29604" storage="c:\users\suprdewd\desktop\projects\forritun\sharpbag\sharpbag.tests01\bin\release\sharpbag.tests.dll" id="eeb34c89-a7df-f580-faa2-1b58190ee5be">
      <Execution id="dc64b761-1508-4c6d-951c-04f56c4465d9" />
      <TestMethod codeBase="C:/Users/SuprDewd/Desktop/Projects/Forritun/SharpBag/SharpBag.Tests01/bin/Release/SharpBag.Tests.DLL" adapterTypeName="Microsoft.VisualStudio.TestTools.TestTypes.Unit.UnitTestAdapter, Microsoft.VisualStudio.QualityTools.Tips.UnitTest.Adapter, Version=10.0.0.0, Culture=neutral, PublicKeyToken=b03f5f7f11d50a3a" className="SharpBag.ExtensionsTest, SharpBag.Tests, Version=0.0.0.0, Culture=neutral, PublicKeyToken=null" name="Add29604" />
    </UnitTest>
    <UnitTest name="Add60902" storage="c:\users\suprdewd\desktop\projects\forritun\sharpbag\sharpbag.tests01\bin\release\sharpbag.tests.dll" id="22fb3f0c-8177-2102-3c97-5cd124eaf953">
      <Execution id="115c95e0-dac1-4b06-a6bf-c3957c86193a" />
      <TestMethod codeBase="C:/Users/SuprDewd/Desktop/Projects/Forritun/SharpBag/SharpBag.Tests01/bin/Release/SharpBag.Tests.DLL" adapterTypeName="Microsoft.VisualStudio.TestTools.TestTypes.Unit.UnitTestAdapter, Microsoft.VisualStudio.QualityTools.Tips.UnitTest.Adapter, Version=10.0.0.0, Culture=neutral, PublicKeyToken=b03f5f7f11d50a3a" className="SharpBag.ExtensionsTest, SharpBag.Tests, Version=0.0.0.0, Culture=neutral, PublicKeyToken=null" name="Add60902" />
    </UnitTest>
    <UnitTest name="AsEnumerable56002" storage="c:\users\suprdewd\desktop\projects\forritun\sharpbag\sharpbag.tests01\bin\release\sharpbag.tests.dll" id="ec99d1a9-4b49-a94f-134c-f58d11b57222">
      <Execution id="a395a09b-29ed-4709-92a1-0f4e9a3473f9" />
      <TestMethod codeBase="C:/Users/SuprDewd/Desktop/Projects/Forritun/SharpBag/SharpBag.Tests01/bin/Release/SharpBag.Tests.DLL" adapterTypeName="Microsoft.VisualStudio.TestTools.TestTypes.Unit.UnitTestAdapter, Microsoft.VisualStudio.QualityTools.Tips.UnitTest.Adapter, Version=10.0.0.0, Culture=neutral, PublicKeyToken=b03f5f7f11d50a3a" className="SharpBag.ExtensionsTest, SharpBag.Tests, Version=0.0.0.0, Culture=neutral, PublicKeyToken=null" name="AsEnumerable56002" />
    </UnitTest>
    <UnitTest name="TakeEveryThrowsContractException368" storage="c:\users\suprdewd\desktop\projects\forritun\sharpbag\sharpbag.tests01\bin\release\sharpbag.tests.dll" id="2ff38794-ad92-1998-3c20-e3ee775a8969">
      <Execution id="de6d5070-10cd-4716-ba72-d0258c4d6094" />
      <TestMethod codeBase="C:/Users/SuprDewd/Desktop/Projects/Forritun/SharpBag/SharpBag.Tests01/bin/Release/SharpBag.Tests.DLL" adapterTypeName="Microsoft.VisualStudio.TestTools.TestTypes.Unit.UnitTestAdapter, Microsoft.VisualStudio.QualityTools.Tips.UnitTest.Adapter, Version=10.0.0.0, Culture=neutral, PublicKeyToken=b03f5f7f11d50a3a" className="SharpBag.ExtensionsTest, SharpBag.Tests, Version=0.0.0.0, Culture=neutral, PublicKeyToken=null" name="TakeEveryThrowsContractException368" />
    </UnitTest>
    <UnitTest name="Iter96001" storage="c:\users\suprdewd\desktop\projects\forritun\sharpbag\sharpbag.tests01\bin\release\sharpbag.tests.dll" id="5f6c8af1-2825-3c27-b802-e1be0e1eeb12">
      <Execution id="38ebe3d2-ec80-4875-9adf-fd9112cf3292" />
      <TestMethod codeBase="C:/Users/SuprDewd/Desktop/Projects/Forritun/SharpBag/SharpBag.Tests01/bin/Release/SharpBag.Tests.DLL" adapterTypeName="Microsoft.VisualStudio.TestTools.TestTypes.Unit.UnitTestAdapter, Microsoft.VisualStudio.QualityTools.Tips.UnitTest.Adapter, Version=10.0.0.0, Culture=neutral, PublicKeyToken=b03f5f7f11d50a3a" className="SharpBag.ExtensionsTest, SharpBag.Tests, Version=0.0.0.0, Culture=neutral, PublicKeyToken=null" name="Iter96001" />
    </UnitTest>
    <UnitTest name="FillThrowsContractException543" storage="c:\users\suprdewd\desktop\projects\forritun\sharpbag\sharpbag.tests01\bin\release\sharpbag.tests.dll" id="b037dab8-9f99-92da-4740-6e79cccc1e32">
      <Execution id="b4d86aff-98c5-4217-b0e4-54017cb815d8" />
      <TestMethod codeBase="C:/Users/SuprDewd/Desktop/Projects/Forritun/SharpBag/SharpBag.Tests01/bin/Release/SharpBag.Tests.DLL" adapterTypeName="Microsoft.VisualStudio.TestTools.TestTypes.Unit.UnitTestAdapter, Microsoft.VisualStudio.QualityTools.Tips.UnitTest.Adapter, Version=10.0.0.0, Culture=neutral, PublicKeyToken=b03f5f7f11d50a3a" className="SharpBag.ExtensionsTest, SharpBag.Tests, Version=0.0.0.0, Culture=neutral, PublicKeyToken=null" name="FillThrowsContractException543" />
    </UnitTest>
    <UnitTest name="Fill0157103" storage="c:\users\suprdewd\desktop\projects\forritun\sharpbag\sharpbag.tests01\bin\release\sharpbag.tests.dll" id="e77c7ab7-183b-1f93-57a3-77e0403bec4c">
      <Execution id="c02cf8a2-9ec5-4555-a39d-8df6070459b7" />
      <TestMethod codeBase="C:/Users/SuprDewd/Desktop/Projects/Forritun/SharpBag/SharpBag.Tests01/bin/Release/SharpBag.Tests.DLL" adapterTypeName="Microsoft.VisualStudio.TestTools.TestTypes.Unit.UnitTestAdapter, Microsoft.VisualStudio.QualityTools.Tips.UnitTest.Adapter, Version=10.0.0.0, Culture=neutral, PublicKeyToken=b03f5f7f11d50a3a" className="SharpBag.ExtensionsTest, SharpBag.Tests, Version=0.0.0.0, Culture=neutral, PublicKeyToken=null" name="Fill0157103" />
    </UnitTest>
    <UnitTest name="NullOr71401" storage="c:\users\suprdewd\desktop\projects\forritun\sharpbag\sharpbag.tests01\bin\release\sharpbag.tests.dll" id="86c02588-b87f-32bd-880b-56b0d73c1993">
      <Execution id="211ed63a-1255-4b5e-8aff-585d80a69348" />
      <TestMethod codeBase="C:/Users/SuprDewd/Desktop/Projects/Forritun/SharpBag/SharpBag.Tests01/bin/Release/SharpBag.Tests.DLL" adapterTypeName="Microsoft.VisualStudio.TestTools.TestTypes.Unit.UnitTestAdapter, Microsoft.VisualStudio.QualityTools.Tips.UnitTest.Adapter, Version=10.0.0.0, Culture=neutral, PublicKeyToken=b03f5f7f11d50a3a" className="SharpBag.ExtensionsTest, SharpBag.Tests, Version=0.0.0.0, Culture=neutral, PublicKeyToken=null" name="NullOr71401" />
    </UnitTest>
    <UnitTest name="AsEnumerable01ThrowsContractException5" storage="c:\users\suprdewd\desktop\projects\forritun\sharpbag\sharpbag.tests01\bin\release\sharpbag.tests.dll" id="94c02084-a2f4-8ed3-b12d-a1ac0caf9379">
      <Execution id="4b2d18c6-869c-417e-a383-fee557129e39" />
      <TestMethod codeBase="C:/Users/SuprDewd/Desktop/Projects/Forritun/SharpBag/SharpBag.Tests01/bin/Release/SharpBag.Tests.DLL" adapterTypeName="Microsoft.VisualStudio.TestTools.TestTypes.Unit.UnitTestAdapter, Microsoft.VisualStudio.QualityTools.Tips.UnitTest.Adapter, Version=10.0.0.0, Culture=neutral, PublicKeyToken=b03f5f7f11d50a3a" className="SharpBag.ExtensionsTest, SharpBag.Tests, Version=0.0.0.0, Culture=neutral, PublicKeyToken=null" name="AsEnumerable01ThrowsContractException5" />
    </UnitTest>
    <UnitTest name="UnionAll01ThrowsContractException68" storage="c:\users\suprdewd\desktop\projects\forritun\sharpbag\sharpbag.tests01\bin\release\sharpbag.tests.dll" id="cc8275a0-551e-d39e-ef08-c6785391cae1">
      <Execution id="d73cbcc5-7648-44dc-883e-3aa8cd42788f" />
      <TestMethod codeBase="C:/Users/SuprDewd/Desktop/Projects/Forritun/SharpBag/SharpBag.Tests01/bin/Release/SharpBag.Tests.DLL" adapterTypeName="Microsoft.VisualStudio.TestTools.TestTypes.Unit.UnitTestAdapter, Microsoft.VisualStudio.QualityTools.Tips.UnitTest.Adapter, Version=10.0.0.0, Culture=neutral, PublicKeyToken=b03f5f7f11d50a3a" className="SharpBag.ExtensionsTest, SharpBag.Tests, Version=0.0.0.0, Culture=neutral, PublicKeyToken=null" name="UnionAll01ThrowsContractException68" />
    </UnitTest>
    <UnitTest name="RangeThrowsContractException841" storage="c:\users\suprdewd\desktop\projects\forritun\sharpbag\sharpbag.tests01\bin\release\sharpbag.tests.dll" id="98f1539c-0085-97ac-e6d6-c700951efc19">
      <Execution id="ff02e08b-ace8-46a0-aba2-568ccdaffeba" />
      <TestMethod codeBase="C:/Users/SuprDewd/Desktop/Projects/Forritun/SharpBag/SharpBag.Tests01/bin/Release/SharpBag.Tests.DLL" adapterTypeName="Microsoft.VisualStudio.TestTools.TestTypes.Unit.UnitTestAdapter, Microsoft.VisualStudio.QualityTools.Tips.UnitTest.Adapter, Version=10.0.0.0, Culture=neutral, PublicKeyToken=b03f5f7f11d50a3a" className="SharpBag.ExtensionsTest, SharpBag.Tests, Version=0.0.0.0, Culture=neutral, PublicKeyToken=null" name="RangeThrowsContractException841" />
    </UnitTest>
    <UnitTest name="As01404" storage="c:\users\suprdewd\desktop\projects\forritun\sharpbag\sharpbag.tests01\bin\release\sharpbag.tests.dll" id="40e83519-1225-601d-0c17-661b77e82314">
      <Execution id="61a88053-046e-41d3-8098-a53a545bb3e1" />
      <TestMethod codeBase="C:/Users/SuprDewd/Desktop/Projects/Forritun/SharpBag/SharpBag.Tests01/bin/Release/SharpBag.Tests.DLL" adapterTypeName="Microsoft.VisualStudio.TestTools.TestTypes.Unit.UnitTestAdapter, Microsoft.VisualStudio.QualityTools.Tips.UnitTest.Adapter, Version=10.0.0.0, Culture=neutral, PublicKeyToken=b03f5f7f11d50a3a" className="SharpBag.ExtensionsTest, SharpBag.Tests, Version=0.0.0.0, Culture=neutral, PublicKeyToken=null" name="As01404" />
    </UnitTest>
    <UnitTest name="As0163236" storage="c:\users\suprdewd\desktop\projects\forritun\sharpbag\sharpbag.tests01\bin\release\sharpbag.tests.dll" id="055e48df-0214-9f4b-ed2b-c5a320ca2c7d">
      <Execution id="503dfa93-e1a6-4f3b-9ed3-b0e30af1d29b" />
      <TestMethod codeBase="C:/Users/SuprDewd/Desktop/Projects/Forritun/SharpBag/SharpBag.Tests01/bin/Release/SharpBag.Tests.DLL" adapterTypeName="Microsoft.VisualStudio.TestTools.TestTypes.Unit.UnitTestAdapter, Microsoft.VisualStudio.QualityTools.Tips.UnitTest.Adapter, Version=10.0.0.0, Culture=neutral, PublicKeyToken=b03f5f7f11d50a3a" className="SharpBag.ExtensionsTest, SharpBag.Tests, Version=0.0.0.0, Culture=neutral, PublicKeyToken=null" name="As0163236" />
    </UnitTest>
    <UnitTest name="To0120301" storage="c:\users\suprdewd\desktop\projects\forritun\sharpbag\sharpbag.tests01\bin\release\sharpbag.tests.dll" id="d045283f-2980-ed70-af3d-611e9266ab64">
      <Execution id="90e29ba2-c38c-4ff2-9d78-c43f2909bfda" />
      <TestMethod codeBase="C:/Users/SuprDewd/Desktop/Projects/Forritun/SharpBag/SharpBag.Tests01/bin/Release/SharpBag.Tests.DLL" adapterTypeName="Microsoft.VisualStudio.TestTools.TestTypes.Unit.UnitTestAdapter, Microsoft.VisualStudio.QualityTools.Tips.UnitTest.Adapter, Version=10.0.0.0, Culture=neutral, PublicKeyToken=b03f5f7f11d50a3a" className="SharpBag.ExtensionsTest, SharpBag.Tests, Version=0.0.0.0, Culture=neutral, PublicKeyToken=null" name="To0120301" />
    </UnitTest>
    <UnitTest name="As0163209" storage="c:\users\suprdewd\desktop\projects\forritun\sharpbag\sharpbag.tests01\bin\release\sharpbag.tests.dll" id="31a904fb-b5e5-f95a-175a-584bb2addaff">
      <Execution id="91aab330-6030-491c-bdd8-b3f17b580421" />
      <TestMethod codeBase="C:/Users/SuprDewd/Desktop/Projects/Forritun/SharpBag/SharpBag.Tests01/bin/Release/SharpBag.Tests.DLL" adapterTypeName="Microsoft.VisualStudio.TestTools.TestTypes.Unit.UnitTestAdapter, Microsoft.VisualStudio.QualityTools.Tips.UnitTest.Adapter, Version=10.0.0.0, Culture=neutral, PublicKeyToken=b03f5f7f11d50a3a" className="SharpBag.ExtensionsTest, SharpBag.Tests, Version=0.0.0.0, Culture=neutral, PublicKeyToken=null" name="As0163209" />
    </UnitTest>
    <UnitTest name="IfNotNull0159703" storage="c:\users\suprdewd\desktop\projects\forritun\sharpbag\sharpbag.tests01\bin\release\sharpbag.tests.dll" id="0e44207d-1ccf-04c5-6aef-2081653ff131">
      <Execution id="16c0c872-9da9-4770-86b4-18e81b242d1b" />
      <TestMethod codeBase="C:/Users/SuprDewd/Desktop/Projects/Forritun/SharpBag/SharpBag.Tests01/bin/Release/SharpBag.Tests.DLL" adapterTypeName="Microsoft.VisualStudio.TestTools.TestTypes.Unit.UnitTestAdapter, Microsoft.VisualStudio.QualityTools.Tips.UnitTest.Adapter, Version=10.0.0.0, Culture=neutral, PublicKeyToken=b03f5f7f11d50a3a" className="SharpBag.ExtensionsTest, SharpBag.Tests, Version=0.0.0.0, Culture=neutral, PublicKeyToken=null" name="IfNotNull0159703" />
    </UnitTest>
    <UnitTest name="IfNotNullThrowsContractException197" storage="c:\users\suprdewd\desktop\projects\forritun\sharpbag\sharpbag.tests01\bin\release\sharpbag.tests.dll" id="b67c54ae-5aad-e1cc-2b17-0ad544f3f701">
      <Execution id="8222d183-bf5c-4aa1-8ecf-16d96377b42d" />
      <TestMethod codeBase="C:/Users/SuprDewd/Desktop/Projects/Forritun/SharpBag/SharpBag.Tests01/bin/Release/SharpBag.Tests.DLL" adapterTypeName="Microsoft.VisualStudio.TestTools.TestTypes.Unit.UnitTestAdapter, Microsoft.VisualStudio.QualityTools.Tips.UnitTest.Adapter, Version=10.0.0.0, Culture=neutral, PublicKeyToken=b03f5f7f11d50a3a" className="SharpBag.ExtensionsTest, SharpBag.Tests, Version=0.0.0.0, Culture=neutral, PublicKeyToken=null" name="IfNotNullThrowsContractException197" />
    </UnitTest>
    <UnitTest name="AsEnumerable0314801" storage="c:\users\suprdewd\desktop\projects\forritun\sharpbag\sharpbag.tests01\bin\release\sharpbag.tests.dll" id="73dedb08-3777-9f76-6412-b3470bb8b574">
      <Execution id="38c5a12f-6715-4614-8694-0b58bd2edc69" />
      <TestMethod codeBase="C:/Users/SuprDewd/Desktop/Projects/Forritun/SharpBag/SharpBag.Tests01/bin/Release/SharpBag.Tests.DLL" adapterTypeName="Microsoft.VisualStudio.TestTools.TestTypes.Unit.UnitTestAdapter, Microsoft.VisualStudio.QualityTools.Tips.UnitTest.Adapter, Version=10.0.0.0, Culture=neutral, PublicKeyToken=b03f5f7f11d50a3a" className="SharpBag.ExtensionsTest, SharpBag.Tests, Version=0.0.0.0, Culture=neutral, PublicKeyToken=null" name="AsEnumerable0314801" />
    </UnitTest>
    <UnitTest name="As0132102" storage="c:\users\suprdewd\desktop\projects\forritun\sharpbag\sharpbag.tests01\bin\release\sharpbag.tests.dll" id="920395ef-4d81-2796-a8e3-57b62c679836">
      <Execution id="92d02eff-cc31-47f3-86b1-9d8ebfbc5d5e" />
      <TestMethod codeBase="C:/Users/SuprDewd/Desktop/Projects/Forritun/SharpBag/SharpBag.Tests01/bin/Release/SharpBag.Tests.DLL" adapterTypeName="Microsoft.VisualStudio.TestTools.TestTypes.Unit.UnitTestAdapter, Microsoft.VisualStudio.QualityTools.Tips.UnitTest.Adapter, Version=10.0.0.0, Culture=neutral, PublicKeyToken=b03f5f7f11d50a3a" className="SharpBag.ExtensionsTest, SharpBag.Tests, Version=0.0.0.0, Culture=neutral, PublicKeyToken=null" name="As0132102" />
    </UnitTest>
    <UnitTest name="Add88502" storage="c:\users\suprdewd\desktop\projects\forritun\sharpbag\sharpbag.tests01\bin\release\sharpbag.tests.dll" id="6fb9b650-50a8-89e9-0d35-3a3dc4939152">
      <Execution id="2af4a030-5d25-48d8-9a79-51748f43afef" />
      <TestMethod codeBase="C:/Users/SuprDewd/Desktop/Projects/Forritun/SharpBag/SharpBag.Tests01/bin/Release/SharpBag.Tests.DLL" adapterTypeName="Microsoft.VisualStudio.TestTools.TestTypes.Unit.UnitTestAdapter, Microsoft.VisualStudio.QualityTools.Tips.UnitTest.Adapter, Version=10.0.0.0, Culture=neutral, PublicKeyToken=b03f5f7f11d50a3a" className="SharpBag.ExtensionsTest, SharpBag.Tests, Version=0.0.0.0, Culture=neutral, PublicKeyToken=null" name="Add88502" />
    </UnitTest>
    <UnitTest name="IfNotNull0159704" storage="c:\users\suprdewd\desktop\projects\forritun\sharpbag\sharpbag.tests01\bin\release\sharpbag.tests.dll" id="116bcbca-67a9-cf3b-0614-27721784c6e2">
      <Execution id="f88ec89d-5629-47db-8a58-45dd7bb20309" />
      <TestMethod codeBase="C:/Users/SuprDewd/Desktop/Projects/Forritun/SharpBag/SharpBag.Tests01/bin/Release/SharpBag.Tests.DLL" adapterTypeName="Microsoft.VisualStudio.TestTools.TestTypes.Unit.UnitTestAdapter, Microsoft.VisualStudio.QualityTools.Tips.UnitTest.Adapter, Version=10.0.0.0, Culture=neutral, PublicKeyToken=b03f5f7f11d50a3a" className="SharpBag.ExtensionsTest, SharpBag.Tests, Version=0.0.0.0, Culture=neutral, PublicKeyToken=null" name="IfNotNull0159704" />
    </UnitTest>
    <UnitTest name="As0132105" storage="c:\users\suprdewd\desktop\projects\forritun\sharpbag\sharpbag.tests01\bin\release\sharpbag.tests.dll" id="febe8afb-7bc1-3f13-831b-73b163a8c327">
      <Execution id="c5d67ce6-3b0c-4b91-a663-4eef15f9b31b" />
      <TestMethod codeBase="C:/Users/SuprDewd/Desktop/Projects/Forritun/SharpBag/SharpBag.Tests01/bin/Release/SharpBag.Tests.DLL" adapterTypeName="Microsoft.VisualStudio.TestTools.TestTypes.Unit.UnitTestAdapter, Microsoft.VisualStudio.QualityTools.Tips.UnitTest.Adapter, Version=10.0.0.0, Culture=neutral, PublicKeyToken=b03f5f7f11d50a3a" className="SharpBag.ExtensionsTest, SharpBag.Tests, Version=0.0.0.0, Culture=neutral, PublicKeyToken=null" name="As0132105" />
    </UnitTest>
    <UnitTest name="If921" storage="c:\users\suprdewd\desktop\projects\forritun\sharpbag\sharpbag.tests01\bin\release\sharpbag.tests.dll" id="0860ee19-0524-5919-2b3c-8316527f7933">
      <Execution id="1c7b2822-bfb3-407e-9dfe-b8286bc8a66b" />
      <TestMethod codeBase="C:/Users/SuprDewd/Desktop/Projects/Forritun/SharpBag/SharpBag.Tests01/bin/Release/SharpBag.Tests.DLL" adapterTypeName="Microsoft.VisualStudio.TestTools.TestTypes.Unit.UnitTestAdapter, Microsoft.VisualStudio.QualityTools.Tips.UnitTest.Adapter, Version=10.0.0.0, Culture=neutral, PublicKeyToken=b03f5f7f11d50a3a" className="SharpBag.ExtensionsTest, SharpBag.Tests, Version=0.0.0.0, Culture=neutral, PublicKeyToken=null" name="If921" />
    </UnitTest>
    <UnitTest name="As01ThrowsContractException876" storage="c:\users\suprdewd\desktop\projects\forritun\sharpbag\sharpbag.tests01\bin\release\sharpbag.tests.dll" id="4603637e-fb7e-2981-f426-423b0ee1dc90">
      <Execution id="4aeac299-d3e2-4a53-b131-de56cde528dd" />
      <TestMethod codeBase="C:/Users/SuprDewd/Desktop/Projects/Forritun/SharpBag/SharpBag.Tests01/bin/Release/SharpBag.Tests.DLL" adapterTypeName="Microsoft.VisualStudio.TestTools.TestTypes.Unit.UnitTestAdapter, Microsoft.VisualStudio.QualityTools.Tips.UnitTest.Adapter, Version=10.0.0.0, Culture=neutral, PublicKeyToken=b03f5f7f11d50a3a" className="SharpBag.ExtensionsTest, SharpBag.Tests, Version=0.0.0.0, Culture=neutral, PublicKeyToken=null" name="As01ThrowsContractException876" />
    </UnitTest>
    <UnitTest name="Execute424" storage="c:\users\suprdewd\desktop\projects\forritun\sharpbag\sharpbag.tests01\bin\release\sharpbag.tests.dll" id="c3a5f774-5c25-7fa7-593c-10a98b5db768">
      <Execution id="8fa45c0e-0033-4a42-8fad-ec5f6b70275d" />
      <TestMethod codeBase="C:/Users/SuprDewd/Desktop/Projects/Forritun/SharpBag/SharpBag.Tests01/bin/Release/SharpBag.Tests.DLL" adapterTypeName="Microsoft.VisualStudio.TestTools.TestTypes.Unit.UnitTestAdapter, Microsoft.VisualStudio.QualityTools.Tips.UnitTest.Adapter, Version=10.0.0.0, Culture=neutral, PublicKeyToken=b03f5f7f11d50a3a" className="SharpBag.ExtensionsTest, SharpBag.Tests, Version=0.0.0.0, Culture=neutral, PublicKeyToken=null" name="Execute424" />
    </UnitTest>
    <UnitTest name="Iter96003" storage="c:\users\suprdewd\desktop\projects\forritun\sharpbag\sharpbag.tests01\bin\release\sharpbag.tests.dll" id="9bfa0b14-def6-4233-8f09-efbae74ca192">
      <Execution id="4a35c3fb-df19-4a37-8c18-9e5759a253d0" />
      <TestMethod codeBase="C:/Users/SuprDewd/Desktop/Projects/Forritun/SharpBag/SharpBag.Tests01/bin/Release/SharpBag.Tests.DLL" adapterTypeName="Microsoft.VisualStudio.TestTools.TestTypes.Unit.UnitTestAdapter, Microsoft.VisualStudio.QualityTools.Tips.UnitTest.Adapter, Version=10.0.0.0, Culture=neutral, PublicKeyToken=b03f5f7f11d50a3a" className="SharpBag.ExtensionsTest, SharpBag.Tests, Version=0.0.0.0, Culture=neutral, PublicKeyToken=null" name="Iter96003" />
    </UnitTest>
    <UnitTest name="TimesThrowsContractException662" storage="c:\users\suprdewd\desktop\projects\forritun\sharpbag\sharpbag.tests01\bin\release\sharpbag.tests.dll" id="90427aa6-8cf4-b956-2b3f-9546b7107ae7">
      <Execution id="297d5d53-9abf-4a54-8b96-886b721e1e6e" />
      <TestMethod codeBase="C:/Users/SuprDewd/Desktop/Projects/Forritun/SharpBag/SharpBag.Tests01/bin/Release/SharpBag.Tests.DLL" adapterTypeName="Microsoft.VisualStudio.TestTools.TestTypes.Unit.UnitTestAdapter, Microsoft.VisualStudio.QualityTools.Tips.UnitTest.Adapter, Version=10.0.0.0, Culture=neutral, PublicKeyToken=b03f5f7f11d50a3a" className="SharpBag.ExtensionsTest, SharpBag.Tests, Version=0.0.0.0, Culture=neutral, PublicKeyToken=null" name="TimesThrowsContractException662" />
    </UnitTest>
    <UnitTest name="IsIn0134" storage="c:\users\suprdewd\desktop\projects\forritun\sharpbag\sharpbag.tests01\bin\release\sharpbag.tests.dll" id="20789601-3bb2-517f-9c07-8755507d968d">
      <Execution id="b1fc95b9-cb45-4028-811b-2fb82f125470" />
      <TestMethod codeBase="C:/Users/SuprDewd/Desktop/Projects/Forritun/SharpBag/SharpBag.Tests01/bin/Release/SharpBag.Tests.DLL" adapterTypeName="Microsoft.VisualStudio.TestTools.TestTypes.Unit.UnitTestAdapter, Microsoft.VisualStudio.QualityTools.Tips.UnitTest.Adapter, Version=10.0.0.0, Culture=neutral, PublicKeyToken=b03f5f7f11d50a3a" className="SharpBag.ExtensionsTest, SharpBag.Tests, Version=0.0.0.0, Culture=neutral, PublicKeyToken=null" name="IsIn0134" />
    </UnitTest>
    <UnitTest name="IfNotNull01ThrowsContractException561" storage="c:\users\suprdewd\desktop\projects\forritun\sharpbag\sharpbag.tests01\bin\release\sharpbag.tests.dll" id="21cd2d7c-c714-efa2-4c1d-abe7711f0f8f">
      <Execution id="7e686638-5b75-46f2-9f2c-95cb2683368c" />
      <TestMethod codeBase="C:/Users/SuprDewd/Desktop/Projects/Forritun/SharpBag/SharpBag.Tests01/bin/Release/SharpBag.Tests.DLL" adapterTypeName="Microsoft.VisualStudio.TestTools.TestTypes.Unit.UnitTestAdapter, Microsoft.VisualStudio.QualityTools.Tips.UnitTest.Adapter, Version=10.0.0.0, Culture=neutral, PublicKeyToken=b03f5f7f11d50a3a" className="SharpBag.ExtensionsTest, SharpBag.Tests, Version=0.0.0.0, Culture=neutral, PublicKeyToken=null" name="IfNotNull01ThrowsContractException561" />
    </UnitTest>
    <UnitTest name="ForEach90804" storage="c:\users\suprdewd\desktop\projects\forritun\sharpbag\sharpbag.tests01\bin\release\sharpbag.tests.dll" id="116e53ad-53cc-1f8c-5eeb-a61eba3cd5e8">
      <Execution id="ddf990a5-92d7-4521-9f25-1f883acdce5e" />
      <TestMethod codeBase="C:/Users/SuprDewd/Desktop/Projects/Forritun/SharpBag/SharpBag.Tests01/bin/Release/SharpBag.Tests.DLL" adapterTypeName="Microsoft.VisualStudio.TestTools.TestTypes.Unit.UnitTestAdapter, Microsoft.VisualStudio.QualityTools.Tips.UnitTest.Adapter, Version=10.0.0.0, Culture=neutral, PublicKeyToken=b03f5f7f11d50a3a" className="SharpBag.ExtensionsTest, SharpBag.Tests, Version=0.0.0.0, Culture=neutral, PublicKeyToken=null" name="ForEach90804" />
    </UnitTest>
    <UnitTest name="IfNotNull0192304" storage="c:\users\suprdewd\desktop\projects\forritun\sharpbag\sharpbag.tests01\bin\release\sharpbag.tests.dll" id="e89c0529-2532-190e-5936-91edd9263fb1">
      <Execution id="ab55c535-ddfa-441a-b6f9-033a3d19d780" />
      <TestMethod codeBase="C:/Users/SuprDewd/Desktop/Projects/Forritun/SharpBag/SharpBag.Tests01/bin/Release/SharpBag.Tests.DLL" adapterTypeName="Microsoft.VisualStudio.TestTools.TestTypes.Unit.UnitTestAdapter, Microsoft.VisualStudio.QualityTools.Tips.UnitTest.Adapter, Version=10.0.0.0, Culture=neutral, PublicKeyToken=b03f5f7f11d50a3a" className="SharpBag.ExtensionsTest, SharpBag.Tests, Version=0.0.0.0, Culture=neutral, PublicKeyToken=null" name="IfNotNull0192304" />
    </UnitTest>
    <UnitTest name="AsEnumerable56001" storage="c:\users\suprdewd\desktop\projects\forritun\sharpbag\sharpbag.tests01\bin\release\sharpbag.tests.dll" id="583a3c4e-73f0-f6e0-0816-cbe45229841d">
      <Execution id="d2b5be7b-3fc3-45ca-8b02-31147cff4234" />
      <TestMethod codeBase="C:/Users/SuprDewd/Desktop/Projects/Forritun/SharpBag/SharpBag.Tests01/bin/Release/SharpBag.Tests.DLL" adapterTypeName="Microsoft.VisualStudio.TestTools.TestTypes.Unit.UnitTestAdapter, Microsoft.VisualStudio.QualityTools.Tips.UnitTest.Adapter, Version=10.0.0.0, Culture=neutral, PublicKeyToken=b03f5f7f11d50a3a" className="SharpBag.ExtensionsTest, SharpBag.Tests, Version=0.0.0.0, Culture=neutral, PublicKeyToken=null" name="AsEnumerable56001" />
    </UnitTest>
    <UnitTest name="IfNotNull17304" storage="c:\users\suprdewd\desktop\projects\forritun\sharpbag\sharpbag.tests01\bin\release\sharpbag.tests.dll" id="5d4547ce-a6eb-4a5d-11b5-fd4fb3f2b4c4">
      <Execution id="1dbe8377-76fd-4591-932b-994d9e18e21d" />
      <TestMethod codeBase="C:/Users/SuprDewd/Desktop/Projects/Forritun/SharpBag/SharpBag.Tests01/bin/Release/SharpBag.Tests.DLL" adapterTypeName="Microsoft.VisualStudio.TestTools.TestTypes.Unit.UnitTestAdapter, Microsoft.VisualStudio.QualityTools.Tips.UnitTest.Adapter, Version=10.0.0.0, Culture=neutral, PublicKeyToken=b03f5f7f11d50a3a" className="SharpBag.ExtensionsTest, SharpBag.Tests, Version=0.0.0.0, Culture=neutral, PublicKeyToken=null" name="IfNotNull17304" />
    </UnitTest>
    <UnitTest name="Iter96002" storage="c:\users\suprdewd\desktop\projects\forritun\sharpbag\sharpbag.tests01\bin\release\sharpbag.tests.dll" id="33d00c5c-c888-05a3-fa39-c11369cf7bd7">
      <Execution id="7f26f80f-8a05-4255-bf17-3dc3945d2b29" />
      <TestMethod codeBase="C:/Users/SuprDewd/Desktop/Projects/Forritun/SharpBag/SharpBag.Tests01/bin/Release/SharpBag.Tests.DLL" adapterTypeName="Microsoft.VisualStudio.TestTools.TestTypes.Unit.UnitTestAdapter, Microsoft.VisualStudio.QualityTools.Tips.UnitTest.Adapter, Version=10.0.0.0, Culture=neutral, PublicKeyToken=b03f5f7f11d50a3a" className="SharpBag.ExtensionsTest, SharpBag.Tests, Version=0.0.0.0, Culture=neutral, PublicKeyToken=null" name="Iter96002" />
    </UnitTest>
    <UnitTest name="To01ThrowsContractException635" storage="c:\users\suprdewd\desktop\projects\forritun\sharpbag\sharpbag.tests01\bin\release\sharpbag.tests.dll" id="869377b3-dcd6-3fd0-816f-a4a48e30d6c3">
      <Execution id="608e42ac-34c7-4130-b59b-cabd25113b52" />
      <TestMethod codeBase="C:/Users/SuprDewd/Desktop/Projects/Forritun/SharpBag/SharpBag.Tests01/bin/Release/SharpBag.Tests.DLL" adapterTypeName="Microsoft.VisualStudio.TestTools.TestTypes.Unit.UnitTestAdapter, Microsoft.VisualStudio.QualityTools.Tips.UnitTest.Adapter, Version=10.0.0.0, Culture=neutral, PublicKeyToken=b03f5f7f11d50a3a" className="SharpBag.ExtensionsTest, SharpBag.Tests, Version=0.0.0.0, Culture=neutral, PublicKeyToken=null" name="To01ThrowsContractException635" />
    </UnitTest>
    <UnitTest name="Fill57101" storage="c:\users\suprdewd\desktop\projects\forritun\sharpbag\sharpbag.tests01\bin\release\sharpbag.tests.dll" id="e860bbd5-6ce1-07c3-fd03-d14cbeda5d8f">
      <Execution id="b03d700b-fcd6-4e64-8f37-47bc95108aee" />
      <TestMethod codeBase="C:/Users/SuprDewd/Desktop/Projects/Forritun/SharpBag/SharpBag.Tests01/bin/Release/SharpBag.Tests.DLL" adapterTypeName="Microsoft.VisualStudio.TestTools.TestTypes.Unit.UnitTestAdapter, Microsoft.VisualStudio.QualityTools.Tips.UnitTest.Adapter, Version=10.0.0.0, Culture=neutral, PublicKeyToken=b03f5f7f11d50a3a" className="SharpBag.ExtensionsTest, SharpBag.Tests, Version=0.0.0.0, Culture=neutral, PublicKeyToken=null" name="Fill57101" />
    </UnitTest>
    <UnitTest name="To46301" storage="c:\users\suprdewd\desktop\projects\forritun\sharpbag\sharpbag.tests01\bin\release\sharpbag.tests.dll" id="f026b4fd-1d5b-6d3d-657e-a3e832a7de61">
      <Execution id="04090aa9-f679-43a6-9460-23bd44f1952e" />
      <TestMethod codeBase="C:/Users/SuprDewd/Desktop/Projects/Forritun/SharpBag/SharpBag.Tests01/bin/Release/SharpBag.Tests.DLL" adapterTypeName="Microsoft.VisualStudio.TestTools.TestTypes.Unit.UnitTestAdapter, Microsoft.VisualStudio.QualityTools.Tips.UnitTest.Adapter, Version=10.0.0.0, Culture=neutral, PublicKeyToken=b03f5f7f11d50a3a" className="SharpBag.ExtensionsTest, SharpBag.Tests, Version=0.0.0.0, Culture=neutral, PublicKeyToken=null" name="To46301" />
    </UnitTest>
    <UnitTest name="As0132108" storage="c:\users\suprdewd\desktop\projects\forritun\sharpbag\sharpbag.tests01\bin\release\sharpbag.tests.dll" id="e30391ee-1b3b-ee9f-b02c-b47de478c33f">
      <Execution id="eaf76d03-9472-401a-8edf-502ba1b43dc4" />
      <TestMethod codeBase="C:/Users/SuprDewd/Desktop/Projects/Forritun/SharpBag/SharpBag.Tests01/bin/Release/SharpBag.Tests.DLL" adapterTypeName="Microsoft.VisualStudio.TestTools.TestTypes.Unit.UnitTestAdapter, Microsoft.VisualStudio.QualityTools.Tips.UnitTest.Adapter, Version=10.0.0.0, Culture=neutral, PublicKeyToken=b03f5f7f11d50a3a" className="SharpBag.ExtensionsTest, SharpBag.Tests, Version=0.0.0.0, Culture=neutral, PublicKeyToken=null" name="As0132108" />
    </UnitTest>
    <UnitTest name="ForEachThrowsContractException158" storage="c:\users\suprdewd\desktop\projects\forritun\sharpbag\sharpbag.tests01\bin\release\sharpbag.tests.dll" id="4ef1899b-961d-b074-c653-732880e5589d">
      <Execution id="bf5567fb-096b-4c57-ad18-19672648d7b3" />
      <TestMethod codeBase="C:/Users/SuprDewd/Desktop/Projects/Forritun/SharpBag/SharpBag.Tests01/bin/Release/SharpBag.Tests.DLL" adapterTypeName="Microsoft.VisualStudio.TestTools.TestTypes.Unit.UnitTestAdapter, Microsoft.VisualStudio.QualityTools.Tips.UnitTest.Adapter, Version=10.0.0.0, Culture=neutral, PublicKeyToken=b03f5f7f11d50a3a" className="SharpBag.ExtensionsTest, SharpBag.Tests, Version=0.0.0.0, Culture=neutral, PublicKeyToken=null" name="ForEachThrowsContractException158" />
    </UnitTest>
    <UnitTest name="Fill0168804" storage="c:\users\suprdewd\desktop\projects\forritun\sharpbag\sharpbag.tests01\bin\release\sharpbag.tests.dll" id="39a24eb5-a45d-f931-6682-86b278494085">
      <Execution id="19218530-7b4d-4774-9671-ba51ea31cfcb" />
      <TestMethod codeBase="C:/Users/SuprDewd/Desktop/Projects/Forritun/SharpBag/SharpBag.Tests01/bin/Release/SharpBag.Tests.DLL" adapterTypeName="Microsoft.VisualStudio.TestTools.TestTypes.Unit.UnitTestAdapter, Microsoft.VisualStudio.QualityTools.Tips.UnitTest.Adapter, Version=10.0.0.0, Culture=neutral, PublicKeyToken=b03f5f7f11d50a3a" className="SharpBag.ExtensionsTest, SharpBag.Tests, Version=0.0.0.0, Culture=neutral, PublicKeyToken=null" name="Fill0168804" />
    </UnitTest>
    <UnitTest name="UnionAll02ThrowsContractException903" storage="c:\users\suprdewd\desktop\projects\forritun\sharpbag\sharpbag.tests01\bin\release\sharpbag.tests.dll" id="49b4e1b0-9a60-f1f3-7d8e-e1f63ecc7d50">
      <Execution id="82713b7a-f805-4df4-977d-3dd1a5e9d9f2" />
      <TestMethod codeBase="C:/Users/SuprDewd/Desktop/Projects/Forritun/SharpBag/SharpBag.Tests01/bin/Release/SharpBag.Tests.DLL" adapterTypeName="Microsoft.VisualStudio.TestTools.TestTypes.Unit.UnitTestAdapter, Microsoft.VisualStudio.QualityTools.Tips.UnitTest.Adapter, Version=10.0.0.0, Culture=neutral, PublicKeyToken=b03f5f7f11d50a3a" className="SharpBag.ExtensionsTest, SharpBag.Tests, Version=0.0.0.0, Culture=neutral, PublicKeyToken=null" name="UnionAll02ThrowsContractException903" />
    </UnitTest>
    <UnitTest name="As21518" storage="c:\users\suprdewd\desktop\projects\forritun\sharpbag\sharpbag.tests01\bin\release\sharpbag.tests.dll" id="1cdb2f2c-09f6-d6d8-6d16-a0ea90824aba">
      <Execution id="d0939be9-a057-4fbf-b68d-4530f7752564" />
      <TestMethod codeBase="C:/Users/SuprDewd/Desktop/Projects/Forritun/SharpBag/SharpBag.Tests01/bin/Release/SharpBag.Tests.DLL" adapterTypeName="Microsoft.VisualStudio.TestTools.TestTypes.Unit.UnitTestAdapter, Microsoft.VisualStudio.QualityTools.Tips.UnitTest.Adapter, Version=10.0.0.0, Culture=neutral, PublicKeyToken=b03f5f7f11d50a3a" className="SharpBag.ExtensionsTest, SharpBag.Tests, Version=0.0.0.0, Culture=neutral, PublicKeyToken=null" name="As21518" />
    </UnitTest>
    <UnitTest name="As0163228" storage="c:\users\suprdewd\desktop\projects\forritun\sharpbag\sharpbag.tests01\bin\release\sharpbag.tests.dll" id="25e137bf-b11b-a709-2200-80de04831d5b">
      <Execution id="d080d91b-a1f3-4824-add6-e90c33d46e4d" />
      <TestMethod codeBase="C:/Users/SuprDewd/Desktop/Projects/Forritun/SharpBag/SharpBag.Tests01/bin/Release/SharpBag.Tests.DLL" adapterTypeName="Microsoft.VisualStudio.TestTools.TestTypes.Unit.UnitTestAdapter, Microsoft.VisualStudio.QualityTools.Tips.UnitTest.Adapter, Version=10.0.0.0, Culture=neutral, PublicKeyToken=b03f5f7f11d50a3a" className="SharpBag.ExtensionsTest, SharpBag.Tests, Version=0.0.0.0, Culture=neutral, PublicKeyToken=null" name="As0163228" />
    </UnitTest>
    <UnitTest name="Fill0110504" storage="c:\users\suprdewd\desktop\projects\forritun\sharpbag\sharpbag.tests01\bin\release\sharpbag.tests.dll" id="1c5ab376-6152-4272-31e3-55dc91a07a86">
      <Execution id="fbcc4244-8f68-4da5-b393-14287f336aee" />
      <TestMethod codeBase="C:/Users/SuprDewd/Desktop/Projects/Forritun/SharpBag/SharpBag.Tests01/bin/Release/SharpBag.Tests.DLL" adapterTypeName="Microsoft.VisualStudio.TestTools.TestTypes.Unit.UnitTestAdapter, Microsoft.VisualStudio.QualityTools.Tips.UnitTest.Adapter, Version=10.0.0.0, Culture=neutral, PublicKeyToken=b03f5f7f11d50a3a" className="SharpBag.ExtensionsTest, SharpBag.Tests, Version=0.0.0.0, Culture=neutral, PublicKeyToken=null" name="Fill0110504" />
    </UnitTest>
    <UnitTest name="As0163230" storage="c:\users\suprdewd\desktop\projects\forritun\sharpbag\sharpbag.tests01\bin\release\sharpbag.tests.dll" id="eaed8830-28b9-0d81-19c8-50909473733c">
      <Execution id="87c3f056-0422-446e-b6c2-d798ede39854" />
      <TestMethod codeBase="C:/Users/SuprDewd/Desktop/Projects/Forritun/SharpBag/SharpBag.Tests01/bin/Release/SharpBag.Tests.DLL" adapterTypeName="Microsoft.VisualStudio.TestTools.TestTypes.Unit.UnitTestAdapter, Microsoft.VisualStudio.QualityTools.Tips.UnitTest.Adapter, Version=10.0.0.0, Culture=neutral, PublicKeyToken=b03f5f7f11d50a3a" className="SharpBag.ExtensionsTest, SharpBag.Tests, Version=0.0.0.0, Culture=neutral, PublicKeyToken=null" name="As0163230" />
    </UnitTest>
    <UnitTest name="IfNotNull47704" storage="c:\users\suprdewd\desktop\projects\forritun\sharpbag\sharpbag.tests01\bin\release\sharpbag.tests.dll" id="1b50a732-77b4-82a3-8153-f8dad0640018">
      <Execution id="a2141f44-7189-480d-ae3b-4c5cdde34480" />
      <TestMethod codeBase="C:/Users/SuprDewd/Desktop/Projects/Forritun/SharpBag/SharpBag.Tests01/bin/Release/SharpBag.Tests.DLL" adapterTypeName="Microsoft.VisualStudio.TestTools.TestTypes.Unit.UnitTestAdapter, Microsoft.VisualStudio.QualityTools.Tips.UnitTest.Adapter, Version=10.0.0.0, Culture=neutral, PublicKeyToken=b03f5f7f11d50a3a" className="SharpBag.ExtensionsTest, SharpBag.Tests, Version=0.0.0.0, Culture=neutral, PublicKeyToken=null" name="IfNotNull47704" />
    </UnitTest>
    <UnitTest name="GetByPercentThrowsContractException730" storage="c:\users\suprdewd\desktop\projects\forritun\sharpbag\sharpbag.tests01\bin\release\sharpbag.tests.dll" id="1e0ca069-996e-4bc0-6164-74e9ee8107ac">
      <Execution id="ffe03717-495f-48be-af1e-26c488f501a3" />
      <TestMethod codeBase="C:/Users/SuprDewd/Desktop/Projects/Forritun/SharpBag/SharpBag.Tests01/bin/Release/SharpBag.Tests.DLL" adapterTypeName="Microsoft.VisualStudio.TestTools.TestTypes.Unit.UnitTestAdapter, Microsoft.VisualStudio.QualityTools.Tips.UnitTest.Adapter, Version=10.0.0.0, Culture=neutral, PublicKeyToken=b03f5f7f11d50a3a" className="SharpBag.ExtensionsTest, SharpBag.Tests, Version=0.0.0.0, Culture=neutral, PublicKeyToken=null" name="GetByPercentThrowsContractException730" />
    </UnitTest>
    <UnitTest name="IfNotNull47703" storage="c:\users\suprdewd\desktop\projects\forritun\sharpbag\sharpbag.tests01\bin\release\sharpbag.tests.dll" id="d8af0a27-8cd9-d036-917e-00672cd2689b">
      <Execution id="e6fb027a-6425-49a1-83ab-8b5230850e02" />
      <TestMethod codeBase="C:/Users/SuprDewd/Desktop/Projects/Forritun/SharpBag/SharpBag.Tests01/bin/Release/SharpBag.Tests.DLL" adapterTypeName="Microsoft.VisualStudio.TestTools.TestTypes.Unit.UnitTestAdapter, Microsoft.VisualStudio.QualityTools.Tips.UnitTest.Adapter, Version=10.0.0.0, Culture=neutral, PublicKeyToken=b03f5f7f11d50a3a" className="SharpBag.ExtensionsTest, SharpBag.Tests, Version=0.0.0.0, Culture=neutral, PublicKeyToken=null" name="IfNotNull47703" />
    </UnitTest>
    <UnitTest name="IfNotNull17303" storage="c:\users\suprdewd\desktop\projects\forritun\sharpbag\sharpbag.tests01\bin\release\sharpbag.tests.dll" id="d75bbbff-3e3e-ac68-2b4f-48cfb14f2d0a">
      <Execution id="42d08aac-de78-40b4-9be4-d3d017c6196f" />
      <TestMethod codeBase="C:/Users/SuprDewd/Desktop/Projects/Forritun/SharpBag/SharpBag.Tests01/bin/Release/SharpBag.Tests.DLL" adapterTypeName="Microsoft.VisualStudio.TestTools.TestTypes.Unit.UnitTestAdapter, Microsoft.VisualStudio.QualityTools.Tips.UnitTest.Adapter, Version=10.0.0.0, Culture=neutral, PublicKeyToken=b03f5f7f11d50a3a" className="SharpBag.ExtensionsTest, SharpBag.Tests, Version=0.0.0.0, Culture=neutral, PublicKeyToken=null" name="IfNotNull17303" />
    </UnitTest>
    <UnitTest name="As0136703" storage="c:\users\suprdewd\desktop\projects\forritun\sharpbag\sharpbag.tests01\bin\release\sharpbag.tests.dll" id="e80fc0c4-2914-56fc-191b-489f27774cbc">
      <Execution id="a073a536-130c-4cf2-b5ae-38ddfa0cd20a" />
      <TestMethod codeBase="C:/Users/SuprDewd/Desktop/Projects/Forritun/SharpBag/SharpBag.Tests01/bin/Release/SharpBag.Tests.DLL" adapterTypeName="Microsoft.VisualStudio.TestTools.TestTypes.Unit.UnitTestAdapter, Microsoft.VisualStudio.QualityTools.Tips.UnitTest.Adapter, Version=10.0.0.0, Culture=neutral, PublicKeyToken=b03f5f7f11d50a3a" className="SharpBag.ExtensionsTest, SharpBag.Tests, Version=0.0.0.0, Culture=neutral, PublicKeyToken=null" name="As0136703" />
    </UnitTest>
    <UnitTest name="Fill0157104" storage="c:\users\suprdewd\desktop\projects\forritun\sharpbag\sharpbag.tests01\bin\release\sharpbag.tests.dll" id="d5027f5f-1da1-2a25-97cf-1e7da6a062b5">
      <Execution id="a9620b9b-59c4-466c-9ec1-dc81ac561608" />
      <TestMethod codeBase="C:/Users/SuprDewd/Desktop/Projects/Forritun/SharpBag/SharpBag.Tests01/bin/Release/SharpBag.Tests.DLL" adapterTypeName="Microsoft.VisualStudio.TestTools.TestTypes.Unit.UnitTestAdapter, Microsoft.VisualStudio.QualityTools.Tips.UnitTest.Adapter, Version=10.0.0.0, Culture=neutral, PublicKeyToken=b03f5f7f11d50a3a" className="SharpBag.ExtensionsTest, SharpBag.Tests, Version=0.0.0.0, Culture=neutral, PublicKeyToken=null" name="Fill0157104" />
    </UnitTest>
    <UnitTest name="As0130303" storage="c:\users\suprdewd\desktop\projects\forritun\sharpbag\sharpbag.tests01\bin\release\sharpbag.tests.dll" id="a5088dbd-9f6a-bb83-e64a-07cfd5052c81">
      <Execution id="1b9d23b5-e6a9-48fe-b4d9-4e070066cb61" />
      <TestMethod codeBase="C:/Users/SuprDewd/Desktop/Projects/Forritun/SharpBag/SharpBag.Tests01/bin/Release/SharpBag.Tests.DLL" adapterTypeName="Microsoft.VisualStudio.TestTools.TestTypes.Unit.UnitTestAdapter, Microsoft.VisualStudio.QualityTools.Tips.UnitTest.Adapter, Version=10.0.0.0, Culture=neutral, PublicKeyToken=b03f5f7f11d50a3a" className="SharpBag.ExtensionsTest, SharpBag.Tests, Version=0.0.0.0, Culture=neutral, PublicKeyToken=null" name="As0130303" />
    </UnitTest>
    <UnitTest name="TakeEveryThrowsContractException265" storage="c:\users\suprdewd\desktop\projects\forritun\sharpbag\sharpbag.tests01\bin\release\sharpbag.tests.dll" id="1614cc64-5cbc-b082-cb61-089f874d65b1">
      <Execution id="ab959e43-ea80-4c28-87a6-255d398814ff" />
      <TestMethod codeBase="C:/Users/SuprDewd/Desktop/Projects/Forritun/SharpBag/SharpBag.Tests01/bin/Release/SharpBag.Tests.DLL" adapterTypeName="Microsoft.VisualStudio.TestTools.TestTypes.Unit.UnitTestAdapter, Microsoft.VisualStudio.QualityTools.Tips.UnitTest.Adapter, Version=10.0.0.0, Culture=neutral, PublicKeyToken=b03f5f7f11d50a3a" className="SharpBag.ExtensionsTest, SharpBag.Tests, Version=0.0.0.0, Culture=neutral, PublicKeyToken=null" name="TakeEveryThrowsContractException265" />
    </UnitTest>
    <UnitTest name="Fill0168803" storage="c:\users\suprdewd\desktop\projects\forritun\sharpbag\sharpbag.tests01\bin\release\sharpbag.tests.dll" id="70ecef07-25d9-9298-9faa-26825e270b46">
      <Execution id="03588dcb-41f5-49d8-9d51-7bc0a7aedecd" />
      <TestMethod codeBase="C:/Users/SuprDewd/Desktop/Projects/Forritun/SharpBag/SharpBag.Tests01/bin/Release/SharpBag.Tests.DLL" adapterTypeName="Microsoft.VisualStudio.TestTools.TestTypes.Unit.UnitTestAdapter, Microsoft.VisualStudio.QualityTools.Tips.UnitTest.Adapter, Version=10.0.0.0, Culture=neutral, PublicKeyToken=b03f5f7f11d50a3a" className="SharpBag.ExtensionsTest, SharpBag.Tests, Version=0.0.0.0, Culture=neutral, PublicKeyToken=null" name="Fill0168803" />
    </UnitTest>
    <UnitTest name="As0166403" storage="c:\users\suprdewd\desktop\projects\forritun\sharpbag\sharpbag.tests01\bin\release\sharpbag.tests.dll" id="4c1abec7-91f0-7672-2e0f-302cf26fbd1a">
      <Execution id="5bddd69b-d717-4e5d-9fc4-3ca5384142fe" />
      <TestMethod codeBase="C:/Users/SuprDewd/Desktop/Projects/Forritun/SharpBag/SharpBag.Tests01/bin/Release/SharpBag.Tests.DLL" adapterTypeName="Microsoft.VisualStudio.TestTools.TestTypes.Unit.UnitTestAdapter, Microsoft.VisualStudio.QualityTools.Tips.UnitTest.Adapter, Version=10.0.0.0, Culture=neutral, PublicKeyToken=b03f5f7f11d50a3a" className="SharpBag.ExtensionsTest, SharpBag.Tests, Version=0.0.0.0, Culture=neutral, PublicKeyToken=null" name="As0166403" />
    </UnitTest>
    <UnitTest name="ForEach78803" storage="c:\users\suprdewd\desktop\projects\forritun\sharpbag\sharpbag.tests01\bin\release\sharpbag.tests.dll" id="71153c10-625e-eee7-0105-ad1f18f9fb72">
      <Execution id="7ccbf834-7e41-44fb-9896-b70806694c8c" />
      <TestMethod codeBase="C:/Users/SuprDewd/Desktop/Projects/Forritun/SharpBag/SharpBag.Tests01/bin/Release/SharpBag.Tests.DLL" adapterTypeName="Microsoft.VisualStudio.TestTools.TestTypes.Unit.UnitTestAdapter, Microsoft.VisualStudio.QualityTools.Tips.UnitTest.Adapter, Version=10.0.0.0, Culture=neutral, PublicKeyToken=b03f5f7f11d50a3a" className="SharpBag.ExtensionsTest, SharpBag.Tests, Version=0.0.0.0, Culture=neutral, PublicKeyToken=null" name="ForEach78803" />
    </UnitTest>
    <UnitTest name="As568" storage="c:\users\suprdewd\desktop\projects\forritun\sharpbag\sharpbag.tests01\bin\release\sharpbag.tests.dll" id="8dec4c0d-9137-8bca-e823-6edddad67b2a">
      <Execution id="64954cc9-c9a0-4799-a198-3f5c938676ec" />
      <TestMethod codeBase="C:/Users/SuprDewd/Desktop/Projects/Forritun/SharpBag/SharpBag.Tests01/bin/Release/SharpBag.Tests.DLL" adapterTypeName="Microsoft.VisualStudio.TestTools.TestTypes.Unit.UnitTestAdapter, Microsoft.VisualStudio.QualityTools.Tips.UnitTest.Adapter, Version=10.0.0.0, Culture=neutral, PublicKeyToken=b03f5f7f11d50a3a" className="SharpBag.ExtensionsTest, SharpBag.Tests, Version=0.0.0.0, Culture=neutral, PublicKeyToken=null" name="As568" />
    </UnitTest>
    <UnitTest name="Execute93301" storage="c:\users\suprdewd\desktop\projects\forritun\sharpbag\sharpbag.tests01\bin\release\sharpbag.tests.dll" id="fd09b993-a9b4-e74b-ac25-fcabec687112">
      <Execution id="a73bf2fd-ff46-4a6d-9e89-3783349208ed" />
      <TestMethod codeBase="C:/Users/SuprDewd/Desktop/Projects/Forritun/SharpBag/SharpBag.Tests01/bin/Release/SharpBag.Tests.DLL" adapterTypeName="Microsoft.VisualStudio.TestTools.TestTypes.Unit.UnitTestAdapter, Microsoft.VisualStudio.QualityTools.Tips.UnitTest.Adapter, Version=10.0.0.0, Culture=neutral, PublicKeyToken=b03f5f7f11d50a3a" className="SharpBag.ExtensionsTest, SharpBag.Tests, Version=0.0.0.0, Culture=neutral, PublicKeyToken=null" name="Execute93301" />
    </UnitTest>
    <UnitTest name="CastAs434" storage="c:\users\suprdewd\desktop\projects\forritun\sharpbag\sharpbag.tests01\bin\release\sharpbag.tests.dll" id="17cbf434-78e7-42a5-6758-242cc94ac703">
      <Execution id="8c63be04-05d7-44d5-8941-b4689df2badd" />
      <TestMethod codeBase="C:/Users/SuprDewd/Desktop/Projects/Forritun/SharpBag/SharpBag.Tests01/bin/Release/SharpBag.Tests.DLL" adapterTypeName="Microsoft.VisualStudio.TestTools.TestTypes.Unit.UnitTestAdapter, Microsoft.VisualStudio.QualityTools.Tips.UnitTest.Adapter, Version=10.0.0.0, Culture=neutral, PublicKeyToken=b03f5f7f11d50a3a" className="SharpBag.ExtensionsTest, SharpBag.Tests, Version=0.0.0.0, Culture=neutral, PublicKeyToken=null" name="CastAs434" />
    </UnitTest>
    <UnitTest name="NullOr71402" storage="c:\users\suprdewd\desktop\projects\forritun\sharpbag\sharpbag.tests01\bin\release\sharpbag.tests.dll" id="56fc1a57-6e5c-088b-8f95-88d9f697c097">
      <Execution id="cab1f7aa-b97a-49ab-9a83-83f37b684b80" />
      <TestMethod codeBase="C:/Users/SuprDewd/Desktop/Projects/Forritun/SharpBag/SharpBag.Tests01/bin/Release/SharpBag.Tests.DLL" adapterTypeName="Microsoft.VisualStudio.TestTools.TestTypes.Unit.UnitTestAdapter, Microsoft.VisualStudio.QualityTools.Tips.UnitTest.Adapter, Version=10.0.0.0, Culture=neutral, PublicKeyToken=b03f5f7f11d50a3a" className="SharpBag.ExtensionsTest, SharpBag.Tests, Version=0.0.0.0, Culture=neutral, PublicKeyToken=null" name="NullOr71402" />
    </UnitTest>
    <UnitTest name="As0163222" storage="c:\users\suprdewd\desktop\projects\forritun\sharpbag\sharpbag.tests01\bin\release\sharpbag.tests.dll" id="473a2b39-cb44-1d62-3c12-9fd92e3b377f">
      <Execution id="59f26b62-ea02-4323-a511-3c7bb92068a7" />
      <TestMethod codeBase="C:/Users/SuprDewd/Desktop/Projects/Forritun/SharpBag/SharpBag.Tests01/bin/Release/SharpBag.Tests.DLL" adapterTypeName="Microsoft.VisualStudio.TestTools.TestTypes.Unit.UnitTestAdapter, Microsoft.VisualStudio.QualityTools.Tips.UnitTest.Adapter, Version=10.0.0.0, Culture=neutral, PublicKeyToken=b03f5f7f11d50a3a" className="SharpBag.ExtensionsTest, SharpBag.Tests, Version=0.0.0.0, Culture=neutral, PublicKeyToken=null" name="As0163222" />
    </UnitTest>
    <UnitTest name="As0163234" storage="c:\users\suprdewd\desktop\projects\forritun\sharpbag\sharpbag.tests01\bin\release\sharpbag.tests.dll" id="d0140d76-78ce-58b3-2274-c95b28b0ccfb">
      <Execution id="b0490d17-339f-4773-8908-b549d59e6546" />
      <TestMethod codeBase="C:/Users/SuprDewd/Desktop/Projects/Forritun/SharpBag/SharpBag.Tests01/bin/Release/SharpBag.Tests.DLL" adapterTypeName="Microsoft.VisualStudio.TestTools.TestTypes.Unit.UnitTestAdapter, Microsoft.VisualStudio.QualityTools.Tips.UnitTest.Adapter, Version=10.0.0.0, Culture=neutral, PublicKeyToken=b03f5f7f11d50a3a" className="SharpBag.ExtensionsTest, SharpBag.Tests, Version=0.0.0.0, Culture=neutral, PublicKeyToken=null" name="As0163234" />
    </UnitTest>
    <UnitTest name="As0198303" storage="c:\users\suprdewd\desktop\projects\forritun\sharpbag\sharpbag.tests01\bin\release\sharpbag.tests.dll" id="d56f2fbf-3f3e-cba1-4f8d-7b34cec35b0a">
      <Execution id="2263d74b-4380-489e-adcb-c9490d885d51" />
      <TestMethod codeBase="C:/Users/SuprDewd/Desktop/Projects/Forritun/SharpBag/SharpBag.Tests01/bin/Release/SharpBag.Tests.DLL" adapterTypeName="Microsoft.VisualStudio.TestTools.TestTypes.Unit.UnitTestAdapter, Microsoft.VisualStudio.QualityTools.Tips.UnitTest.Adapter, Version=10.0.0.0, Culture=neutral, PublicKeyToken=b03f5f7f11d50a3a" className="SharpBag.ExtensionsTest, SharpBag.Tests, Version=0.0.0.0, Culture=neutral, PublicKeyToken=null" name="As0198303" />
    </UnitTest>
    <UnitTest name="TakeEveryThrowsContractException998" storage="c:\users\suprdewd\desktop\projects\forritun\sharpbag\sharpbag.tests01\bin\release\sharpbag.tests.dll" id="c35eb805-49e5-7d06-b69d-ba684aaa6791">
      <Execution id="e92f3488-eb45-4daf-96fe-fb0094854aa3" />
      <TestMethod codeBase="C:/Users/SuprDewd/Desktop/Projects/Forritun/SharpBag/SharpBag.Tests01/bin/Release/SharpBag.Tests.DLL" adapterTypeName="Microsoft.VisualStudio.TestTools.TestTypes.Unit.UnitTestAdapter, Microsoft.VisualStudio.QualityTools.Tips.UnitTest.Adapter, Version=10.0.0.0, Culture=neutral, PublicKeyToken=b03f5f7f11d50a3a" className="SharpBag.ExtensionsTest, SharpBag.Tests, Version=0.0.0.0, Culture=neutral, PublicKeyToken=null" name="TakeEveryThrowsContractException998" />
    </UnitTest>
    <UnitTest name="ForEach12502" storage="c:\users\suprdewd\desktop\projects\forritun\sharpbag\sharpbag.tests01\bin\release\sharpbag.tests.dll" id="f5f02455-4aef-8763-5044-dc094bc64ba2">
      <Execution id="974dc9b2-0718-4454-87a7-c41992b374a8" />
      <TestMethod codeBase="C:/Users/SuprDewd/Desktop/Projects/Forritun/SharpBag/SharpBag.Tests01/bin/Release/SharpBag.Tests.DLL" adapterTypeName="Microsoft.VisualStudio.TestTools.TestTypes.Unit.UnitTestAdapter, Microsoft.VisualStudio.QualityTools.Tips.UnitTest.Adapter, Version=10.0.0.0, Culture=neutral, PublicKeyToken=b03f5f7f11d50a3a" className="SharpBag.ExtensionsTest, SharpBag.Tests, Version=0.0.0.0, Culture=neutral, PublicKeyToken=null" name="ForEach12502" />
    </UnitTest>
    <UnitTest name="Add29603" storage="c:\users\suprdewd\desktop\projects\forritun\sharpbag\sharpbag.tests01\bin\release\sharpbag.tests.dll" id="b74830d0-a6ce-14b6-0d35-7c2e849267f3">
      <Execution id="c0efa268-e589-4b5e-8d04-2e5f06cd57d0" />
      <TestMethod codeBase="C:/Users/SuprDewd/Desktop/Projects/Forritun/SharpBag/SharpBag.Tests01/bin/Release/SharpBag.Tests.DLL" adapterTypeName="Microsoft.VisualStudio.TestTools.TestTypes.Unit.UnitTestAdapter, Microsoft.VisualStudio.QualityTools.Tips.UnitTest.Adapter, Version=10.0.0.0, Culture=neutral, PublicKeyToken=b03f5f7f11d50a3a" className="SharpBag.ExtensionsTest, SharpBag.Tests, Version=0.0.0.0, Culture=neutral, PublicKeyToken=null" name="Add29603" />
    </UnitTest>
    <UnitTest name="As0163210" storage="c:\users\suprdewd\desktop\projects\forritun\sharpbag\sharpbag.tests01\bin\release\sharpbag.tests.dll" id="ab4705e8-14a4-6e9f-baf9-e3d238e84cf8">
      <Execution id="8071a83f-d46c-4207-b42a-3f086d30b32a" />
      <TestMethod codeBase="C:/Users/SuprDewd/Desktop/Projects/Forritun/SharpBag/SharpBag.Tests01/bin/Release/SharpBag.Tests.DLL" adapterTypeName="Microsoft.VisualStudio.TestTools.TestTypes.Unit.UnitTestAdapter, Microsoft.VisualStudio.QualityTools.Tips.UnitTest.Adapter, Version=10.0.0.0, Culture=neutral, PublicKeyToken=b03f5f7f11d50a3a" className="SharpBag.ExtensionsTest, SharpBag.Tests, Version=0.0.0.0, Culture=neutral, PublicKeyToken=null" name="As0163210" />
    </UnitTest>
    <UnitTest name="IfNotNull17301" storage="c:\users\suprdewd\desktop\projects\forritun\sharpbag\sharpbag.tests01\bin\release\sharpbag.tests.dll" id="fdc6582f-0eab-5f36-d160-7547a6de5dbb">
      <Execution id="8c15e58d-3a79-4d88-80dc-cd6d200e60f4" />
      <TestMethod codeBase="C:/Users/SuprDewd/Desktop/Projects/Forritun/SharpBag/SharpBag.Tests01/bin/Release/SharpBag.Tests.DLL" adapterTypeName="Microsoft.VisualStudio.TestTools.TestTypes.Unit.UnitTestAdapter, Microsoft.VisualStudio.QualityTools.Tips.UnitTest.Adapter, Version=10.0.0.0, Culture=neutral, PublicKeyToken=b03f5f7f11d50a3a" className="SharpBag.ExtensionsTest, SharpBag.Tests, Version=0.0.0.0, Culture=neutral, PublicKeyToken=null" name="IfNotNull17301" />
    </UnitTest>
    <UnitTest name="As76301" storage="c:\users\suprdewd\desktop\projects\forritun\sharpbag\sharpbag.tests01\bin\release\sharpbag.tests.dll" id="14c4d8f7-99c5-9b56-48f1-16bece872cd1">
      <Execution id="32e2f3ad-bc42-44d4-89fd-c63bdd02d2a4" />
      <TestMethod codeBase="C:/Users/SuprDewd/Desktop/Projects/Forritun/SharpBag/SharpBag.Tests01/bin/Release/SharpBag.Tests.DLL" adapterTypeName="Microsoft.VisualStudio.TestTools.TestTypes.Unit.UnitTestAdapter, Microsoft.VisualStudio.QualityTools.Tips.UnitTest.Adapter, Version=10.0.0.0, Culture=neutral, PublicKeyToken=b03f5f7f11d50a3a" className="SharpBag.ExtensionsTest, SharpBag.Tests, Version=0.0.0.0, Culture=neutral, PublicKeyToken=null" name="As76301" />
    </UnitTest>
    <UnitTest name="RandomThrowsContractException824" storage="c:\users\suprdewd\desktop\projects\forritun\sharpbag\sharpbag.tests01\bin\release\sharpbag.tests.dll" id="fce54152-c90c-9cca-2f79-ca939e2fd20d">
      <Execution id="f4fede66-0bb3-4c6c-a1e1-4c7d2709fbbc" />
      <TestMethod codeBase="C:/Users/SuprDewd/Desktop/Projects/Forritun/SharpBag/SharpBag.Tests01/bin/Release/SharpBag.Tests.DLL" adapterTypeName="Microsoft.VisualStudio.TestTools.TestTypes.Unit.UnitTestAdapter, Microsoft.VisualStudio.QualityTools.Tips.UnitTest.Adapter, Version=10.0.0.0, Culture=neutral, PublicKeyToken=b03f5f7f11d50a3a" className="SharpBag.ExtensionsTest, SharpBag.Tests, Version=0.0.0.0, Culture=neutral, PublicKeyToken=null" name="RandomThrowsContractException824" />
    </UnitTest>
  </TestDefinitions>
  <TestLists>
    <TestList name="Results Not in a List" id="8c84fa94-04c1-424b-9868-57a2d4851a1d" />
    <TestList name="All Loaded Results" id="19431567-8539-422a-85d7-44ee4e166bda" />
  </TestLists>
  <TestEntries>
    <TestEntry testId="02dbbd81-860f-9e6d-6bf0-d3b21164d681" executionId="5322d56f-6c51-4bdd-87bc-93243f9be66c" testListId="8c84fa94-04c1-424b-9868-57a2d4851a1d" />
    <TestEntry testId="03c88b26-e4eb-d38e-6683-3ac55f8aeeac" executionId="5add9f1a-7b4f-4c41-8651-220c47adca3c" testListId="8c84fa94-04c1-424b-9868-57a2d4851a1d" />
    <TestEntry testId="055e48df-0214-9f4b-ed2b-c5a320ca2c7d" executionId="503dfa93-e1a6-4f3b-9ed3-b0e30af1d29b" testListId="8c84fa94-04c1-424b-9868-57a2d4851a1d" />
    <TestEntry testId="06d747a6-abc2-c83d-da24-3ee86184f362" executionId="e19e4925-7463-49b7-8745-4db2f3a768b9" testListId="8c84fa94-04c1-424b-9868-57a2d4851a1d" />
    <TestEntry testId="0860ee19-0524-5919-2b3c-8316527f7933" executionId="1c7b2822-bfb3-407e-9dfe-b8286bc8a66b" testListId="8c84fa94-04c1-424b-9868-57a2d4851a1d" />
    <TestEntry testId="09abec53-bc8a-0db2-1ff6-28ad5ea0f559" executionId="d43dd6a3-71a9-4066-bd60-de97094db260" testListId="8c84fa94-04c1-424b-9868-57a2d4851a1d" />
    <TestEntry testId="0c1112ce-06b8-6d36-f7fb-a3574f6e2065" executionId="9f0abb07-e8d0-4645-aeee-b41a30ea4bd1" testListId="8c84fa94-04c1-424b-9868-57a2d4851a1d" />
    <TestEntry testId="0c58cf0b-ac72-a134-206f-98daff22c7f5" executionId="c41ae081-593a-443b-ad51-19657a482227" testListId="8c84fa94-04c1-424b-9868-57a2d4851a1d" />
    <TestEntry testId="0c6370f1-3a15-0de1-18cb-8da30dd57ee7" executionId="2480c919-78d9-40b7-856b-f92b040463d0" testListId="8c84fa94-04c1-424b-9868-57a2d4851a1d" />
    <TestEntry testId="0cb477c5-7b02-500d-45eb-bb863b0c13bb" executionId="eb4f3ece-682a-45fe-92e1-76003252216e" testListId="8c84fa94-04c1-424b-9868-57a2d4851a1d" />
    <TestEntry testId="0e44207d-1ccf-04c5-6aef-2081653ff131" executionId="16c0c872-9da9-4770-86b4-18e81b242d1b" testListId="8c84fa94-04c1-424b-9868-57a2d4851a1d" />
    <TestEntry testId="0e645c38-e73b-967d-e94f-74a8d38a05b3" executionId="fdb7e4e5-e69c-42a3-be86-1af51cb29ade" testListId="8c84fa94-04c1-424b-9868-57a2d4851a1d" />
    <TestEntry testId="0e73a463-cb0d-f992-9d84-5941849f04d6" executionId="a27dd3a3-4378-45fe-85f5-98496c148358" testListId="8c84fa94-04c1-424b-9868-57a2d4851a1d" />
    <TestEntry testId="0e90738b-70d8-2788-4a26-d16c8666f6ca" executionId="e18f6145-b5c5-435b-bde9-f709274b7db6" testListId="8c84fa94-04c1-424b-9868-57a2d4851a1d" />
    <TestEntry testId="0f614d48-4580-1835-c34d-314b56fdf70c" executionId="59b18cc8-4d19-4939-926e-1d80b4804eb9" testListId="8c84fa94-04c1-424b-9868-57a2d4851a1d" />
    <TestEntry testId="0f9431a7-c4c3-1aca-912d-ce2c11b0e97d" executionId="38d56e1b-8980-4905-82fb-7f48c0725855" testListId="8c84fa94-04c1-424b-9868-57a2d4851a1d" />
    <TestEntry testId="106b7a63-3c06-2f97-097e-1a5d38b1a1ac" executionId="b84104d8-f84d-4cf6-872a-154253cd9864" testListId="8c84fa94-04c1-424b-9868-57a2d4851a1d" />
    <TestEntry testId="11187b04-c546-bd3e-0bbb-d3f71bff1f4f" executionId="d8427259-5988-440d-82ca-ffeada1d8291" testListId="8c84fa94-04c1-424b-9868-57a2d4851a1d" />
    <TestEntry testId="116bcbca-67a9-cf3b-0614-27721784c6e2" executionId="f88ec89d-5629-47db-8a58-45dd7bb20309" testListId="8c84fa94-04c1-424b-9868-57a2d4851a1d" />
    <TestEntry testId="116e53ad-53cc-1f8c-5eeb-a61eba3cd5e8" executionId="ddf990a5-92d7-4521-9f25-1f883acdce5e" testListId="8c84fa94-04c1-424b-9868-57a2d4851a1d" />
    <TestEntry testId="1281f517-45b5-6723-bc3e-71da88a02141" executionId="851b8394-aafa-4c4e-9f67-6896ddd1212a" testListId="8c84fa94-04c1-424b-9868-57a2d4851a1d" />
    <TestEntry testId="14c4d8f7-99c5-9b56-48f1-16bece872cd1" executionId="32e2f3ad-bc42-44d4-89fd-c63bdd02d2a4" testListId="8c84fa94-04c1-424b-9868-57a2d4851a1d" />
    <TestEntry testId="14e07649-4bb1-965c-d352-f5e6a62d38fd" executionId="9cbd5175-02ac-4948-8b16-82af9b63734e" testListId="8c84fa94-04c1-424b-9868-57a2d4851a1d" />
    <TestEntry testId="1614cc64-5cbc-b082-cb61-089f874d65b1" executionId="ab959e43-ea80-4c28-87a6-255d398814ff" testListId="8c84fa94-04c1-424b-9868-57a2d4851a1d" />
    <TestEntry testId="16bc510b-963f-30e5-6517-13389edd4fdc" executionId="06794d3e-7c39-43d0-89fc-cdb1f6559bc4" testListId="8c84fa94-04c1-424b-9868-57a2d4851a1d" />
    <TestEntry testId="17cbf434-78e7-42a5-6758-242cc94ac703" executionId="8c63be04-05d7-44d5-8941-b4689df2badd" testListId="8c84fa94-04c1-424b-9868-57a2d4851a1d" />
    <TestEntry testId="18234ca5-6af0-1355-5140-f92645f28e01" executionId="0fedf93d-0034-4ae4-97ab-41b6234437e3" testListId="8c84fa94-04c1-424b-9868-57a2d4851a1d" />
    <TestEntry testId="19033310-a8dd-db0b-1dcd-2bf1bef510ca" executionId="1f561373-16d6-4de5-917f-40673d7c7bb9" testListId="8c84fa94-04c1-424b-9868-57a2d4851a1d" />
    <TestEntry testId="1903a639-b5d9-1b4f-9c30-0405b15e8f12" executionId="858d4644-d91f-4629-81c1-6c4fef222c17" testListId="8c84fa94-04c1-424b-9868-57a2d4851a1d" />
    <TestEntry testId="1a1204f8-80dc-63b9-41bb-196d59b5bd9c" executionId="a22f51e6-33fe-442e-90ad-243294713f79" testListId="8c84fa94-04c1-424b-9868-57a2d4851a1d" />
    <TestEntry testId="1a2d7899-6e00-21df-f034-6547a11cae31" executionId="0dcb447c-2cad-4e20-91d1-71a5af5e74e9" testListId="8c84fa94-04c1-424b-9868-57a2d4851a1d" />
    <TestEntry testId="1a41ca06-c399-fb41-1b68-4e54f6d9fba0" executionId="7fc29af9-13ae-42de-a205-88be4d633f1e" testListId="8c84fa94-04c1-424b-9868-57a2d4851a1d" />
    <TestEntry testId="1b50a732-77b4-82a3-8153-f8dad0640018" executionId="a2141f44-7189-480d-ae3b-4c5cdde34480" testListId="8c84fa94-04c1-424b-9868-57a2d4851a1d" />
    <TestEntry testId="1b9103d0-5cae-0f4c-09ff-459b405bb125" executionId="cf134248-8e7a-4d4f-a639-c8ebcbc73045" testListId="8c84fa94-04c1-424b-9868-57a2d4851a1d" />
    <TestEntry testId="1c5ab376-6152-4272-31e3-55dc91a07a86" executionId="fbcc4244-8f68-4da5-b393-14287f336aee" testListId="8c84fa94-04c1-424b-9868-57a2d4851a1d" />
    <TestEntry testId="1c9baf40-1112-7f41-3f0f-adc161687f04" executionId="fc49fd35-3599-42a0-98f3-ad456a41bcee" testListId="8c84fa94-04c1-424b-9868-57a2d4851a1d" />
    <TestEntry testId="1cb6fca5-5cbd-75cb-cfee-a358b8315906" executionId="061a4a71-c5ed-4762-aabb-ce1d14587cae" testListId="8c84fa94-04c1-424b-9868-57a2d4851a1d" />
    <TestEntry testId="1cdb2f2c-09f6-d6d8-6d16-a0ea90824aba" executionId="d0939be9-a057-4fbf-b68d-4530f7752564" testListId="8c84fa94-04c1-424b-9868-57a2d4851a1d" />
    <TestEntry testId="1e0ca069-996e-4bc0-6164-74e9ee8107ac" executionId="ffe03717-495f-48be-af1e-26c488f501a3" testListId="8c84fa94-04c1-424b-9868-57a2d4851a1d" />
    <TestEntry testId="1e811e95-82b3-7182-a1a6-ec99686bab87" executionId="6dfd7cdb-f33d-4a2b-b3a5-14440a168b1c" testListId="8c84fa94-04c1-424b-9868-57a2d4851a1d" />
    <TestEntry testId="20789601-3bb2-517f-9c07-8755507d968d" executionId="b1fc95b9-cb45-4028-811b-2fb82f125470" testListId="8c84fa94-04c1-424b-9868-57a2d4851a1d" />
    <TestEntry testId="21cd2d7c-c714-efa2-4c1d-abe7711f0f8f" executionId="7e686638-5b75-46f2-9f2c-95cb2683368c" testListId="8c84fa94-04c1-424b-9868-57a2d4851a1d" />
    <TestEntry testId="2250a8be-6947-1057-ceec-e49c62f651fa" executionId="0ef52ec8-4a66-4b9e-9e87-7c1801bad81f" testListId="8c84fa94-04c1-424b-9868-57a2d4851a1d" />
    <TestEntry testId="229cca66-aa3f-9557-9307-ec8679e563f6" executionId="7423e3db-a96d-480b-aec8-2e04e90d7722" testListId="8c84fa94-04c1-424b-9868-57a2d4851a1d" />
    <TestEntry testId="22b3bc9e-2d91-4747-086b-d415be2c5776" executionId="03af8ff4-e83c-4f56-9eb7-ac08206070a1" testListId="8c84fa94-04c1-424b-9868-57a2d4851a1d" />
    <TestEntry testId="22fb3f0c-8177-2102-3c97-5cd124eaf953" executionId="115c95e0-dac1-4b06-a6bf-c3957c86193a" testListId="8c84fa94-04c1-424b-9868-57a2d4851a1d" />
    <TestEntry testId="236dd585-9363-168d-3729-7ab007ad8692" executionId="a8aa6d81-2c39-4b2f-bc8f-b0dde18c3c10" testListId="8c84fa94-04c1-424b-9868-57a2d4851a1d" />
    <TestEntry testId="25d5b35a-db1f-e192-1a83-5fbd23003a20" executionId="7492a431-70c1-4106-91a2-b2c33b85a28c" testListId="8c84fa94-04c1-424b-9868-57a2d4851a1d" />
    <TestEntry testId="25e137bf-b11b-a709-2200-80de04831d5b" executionId="d080d91b-a1f3-4824-add6-e90c33d46e4d" testListId="8c84fa94-04c1-424b-9868-57a2d4851a1d" />
    <TestEntry testId="29095a51-c311-c865-7cf1-7076578258b7" executionId="c3ae9d23-60c7-40ec-b557-f348ab06f3f9" testListId="8c84fa94-04c1-424b-9868-57a2d4851a1d" />
    <TestEntry testId="29e140f3-0b7d-028a-f85f-e65d5e7a4460" executionId="bbe1cea0-d9e4-48eb-be7f-f66d526686d7" testListId="8c84fa94-04c1-424b-9868-57a2d4851a1d" />
    <TestEntry testId="2a3bccbe-42e2-9009-af11-20e5efc1eb2e" executionId="bc31ab60-784a-4721-8fb9-2f77c72824b9" testListId="8c84fa94-04c1-424b-9868-57a2d4851a1d" />
    <TestEntry testId="2b6a1fd0-ad89-86fe-c32f-c850f3486570" executionId="e3b1f2e5-c100-46bb-86a8-c50df5410bbf" testListId="8c84fa94-04c1-424b-9868-57a2d4851a1d" />
    <TestEntry testId="2b9734bf-2716-3fbd-907d-b338c9f5816c" executionId="dbd8ce74-9c65-45c6-af21-5f3b66a5ec10" testListId="8c84fa94-04c1-424b-9868-57a2d4851a1d" />
    <TestEntry testId="2c678190-6575-f47a-afde-b3eb80b1856c" executionId="7a04b19f-733f-4307-9a4a-7391b827c39f" testListId="8c84fa94-04c1-424b-9868-57a2d4851a1d" />
    <TestEntry testId="2cb985a5-30e0-1631-ebdb-14215fcd5267" executionId="40067b4e-bb94-4870-b531-f023348fa38c" testListId="8c84fa94-04c1-424b-9868-57a2d4851a1d" />
    <TestEntry testId="2e107be2-e3af-1a8b-fb4b-bdb5534db4b8" executionId="ee5a7de2-b95c-475d-b550-a7225274a1e1" testListId="8c84fa94-04c1-424b-9868-57a2d4851a1d" />
    <TestEntry testId="2e9abde5-72f2-18f2-ec62-8da36318a8ed" executionId="a70a73fb-5688-4af3-8429-07625fa58cc3" testListId="8c84fa94-04c1-424b-9868-57a2d4851a1d" />
    <TestEntry testId="2f965438-892b-963f-1d2d-a0dc16402531" executionId="429c1085-aaca-435d-8b55-71bd26ac468e" testListId="8c84fa94-04c1-424b-9868-57a2d4851a1d" />
    <TestEntry testId="2fd85783-fc83-f96f-d9bf-a6bcc5a252f1" executionId="d2e8755f-9fe8-4b1b-8b3a-60abef784acd" testListId="8c84fa94-04c1-424b-9868-57a2d4851a1d" />
    <TestEntry testId="2ff335b0-14c8-89c8-7e7b-05ade8625c3d" executionId="8460e8eb-5d24-46cf-af5e-80b0655b3ecd" testListId="8c84fa94-04c1-424b-9868-57a2d4851a1d" />
    <TestEntry testId="2ff38794-ad92-1998-3c20-e3ee775a8969" executionId="de6d5070-10cd-4716-ba72-d0258c4d6094" testListId="8c84fa94-04c1-424b-9868-57a2d4851a1d" />
    <TestEntry testId="31751606-0e00-3ddd-298e-e7c2d6c445a2" executionId="1fe8f843-1acf-4e2a-803f-633a31a6360e" testListId="8c84fa94-04c1-424b-9868-57a2d4851a1d" />
    <TestEntry testId="31a88d64-bb5b-6217-2758-d493dee381b6" executionId="ec38278e-694c-4d64-a14e-81aa183c2bd1" testListId="8c84fa94-04c1-424b-9868-57a2d4851a1d" />
    <TestEntry testId="31a904fb-b5e5-f95a-175a-584bb2addaff" executionId="91aab330-6030-491c-bdd8-b3f17b580421" testListId="8c84fa94-04c1-424b-9868-57a2d4851a1d" />
    <TestEntry testId="33d00c5c-c888-05a3-fa39-c11369cf7bd7" executionId="7f26f80f-8a05-4255-bf17-3dc3945d2b29" testListId="8c84fa94-04c1-424b-9868-57a2d4851a1d" />
    <TestEntry testId="3403c50d-2a71-9a27-1ea8-652ff438ba45" executionId="6944e943-0f95-488d-8953-b483e62c0567" testListId="8c84fa94-04c1-424b-9868-57a2d4851a1d" />
    <TestEntry testId="34aa3cd1-c558-0302-e5aa-355d37850848" executionId="60073c25-6a99-4bcc-af2f-f3d85091f8dd" testListId="8c84fa94-04c1-424b-9868-57a2d4851a1d" />
    <TestEntry testId="36c0ac7a-9f37-b952-7a17-2ad1e9132b69" executionId="0fbe0720-449a-4ae4-b302-723c72041a54" testListId="8c84fa94-04c1-424b-9868-57a2d4851a1d" />
    <TestEntry testId="37c5e788-97a2-ee7f-c1df-5b64dcc3fb4c" executionId="72d48031-ef95-4183-93f4-27cb220a59c5" testListId="8c84fa94-04c1-424b-9868-57a2d4851a1d" />
    <TestEntry testId="382ae704-dd0b-2259-d31c-dfbfb69a1305" executionId="6c4a307d-1f25-488d-9afb-e807fbeb4da4" testListId="8c84fa94-04c1-424b-9868-57a2d4851a1d" />
    <TestEntry testId="389db5b6-ab96-a436-4af4-f75359c85bc2" executionId="e5d05c1f-0c07-4c23-a34a-536f5c3a4ead" testListId="8c84fa94-04c1-424b-9868-57a2d4851a1d" />
    <TestEntry testId="3902168e-77cb-c1b4-c44f-4336ab3b86bd" executionId="0c107d97-de4b-4adc-9993-653d83d4155d" testListId="8c84fa94-04c1-424b-9868-57a2d4851a1d" />
    <TestEntry testId="39820720-af85-1690-8f39-546deff2b7b4" executionId="efa0dc24-bd2a-4e03-983f-989a4b7747ee" testListId="8c84fa94-04c1-424b-9868-57a2d4851a1d" />
    <TestEntry testId="39a24eb5-a45d-f931-6682-86b278494085" executionId="19218530-7b4d-4774-9671-ba51ea31cfcb" testListId="8c84fa94-04c1-424b-9868-57a2d4851a1d" />
    <TestEntry testId="3c1d094b-ca29-adfc-cfcd-77289a3cce3f" executionId="50a97555-9016-4450-b556-261cd6eb2c0b" testListId="8c84fa94-04c1-424b-9868-57a2d4851a1d" />
    <TestEntry testId="3ca3afbe-4155-3a78-1581-d034645ac0e9" executionId="76a08a34-6a88-477b-83ca-e8d212be8e69" testListId="8c84fa94-04c1-424b-9868-57a2d4851a1d" />
    <TestEntry testId="3f99a1d3-4dae-8b7d-a361-9ebbf5115b1e" executionId="4957eb9f-f2c4-441c-8825-7174ec3996f3" testListId="8c84fa94-04c1-424b-9868-57a2d4851a1d" />
    <TestEntry testId="3febe6f3-67ab-23b3-dd85-d4b7c1206b0c" executionId="12581c48-2cd0-4124-b70e-dc993cadf72a" testListId="8c84fa94-04c1-424b-9868-57a2d4851a1d" />
    <TestEntry testId="40b13692-f736-7aca-afa5-678a24ba3ffc" executionId="aba570d5-10b3-482d-8707-3e59288e8577" testListId="8c84fa94-04c1-424b-9868-57a2d4851a1d" />
    <TestEntry testId="40e83519-1225-601d-0c17-661b77e82314" executionId="61a88053-046e-41d3-8098-a53a545bb3e1" testListId="8c84fa94-04c1-424b-9868-57a2d4851a1d" />
    <TestEntry testId="4183213a-6645-16c2-af8b-e5bfcf7442d8" executionId="2aefff8a-59d1-44bb-872e-ffe66cae59df" testListId="8c84fa94-04c1-424b-9868-57a2d4851a1d" />
    <TestEntry testId="41b53b6b-04c0-c784-5da0-bab31b4fb4d7" executionId="2d63b224-337e-4a3f-bedb-a52e3cd56361" testListId="8c84fa94-04c1-424b-9868-57a2d4851a1d" />
    <TestEntry testId="42f45f10-504d-0d19-0e58-1ea2105c69e9" executionId="360feeb6-de31-4aaf-bfc8-bd4df836a151" testListId="8c84fa94-04c1-424b-9868-57a2d4851a1d" />
    <TestEntry testId="43271b50-9462-4bb7-5e78-3783a2d68504" executionId="785ec230-3d77-4e77-a60d-7484b5aff54b" testListId="8c84fa94-04c1-424b-9868-57a2d4851a1d" />
    <TestEntry testId="44ddd54b-7a43-e4f9-ebb3-b78badce4585" executionId="bf411738-1d4f-4d1d-81ab-011c5b2cdc9d" testListId="8c84fa94-04c1-424b-9868-57a2d4851a1d" />
    <TestEntry testId="4603637e-fb7e-2981-f426-423b0ee1dc90" executionId="4aeac299-d3e2-4a53-b131-de56cde528dd" testListId="8c84fa94-04c1-424b-9868-57a2d4851a1d" />
    <TestEntry testId="466bff3f-4c8e-a9c1-50f6-91ffeb15d3a1" executionId="c993b978-5b44-4375-823c-db00eb81deb9" testListId="8c84fa94-04c1-424b-9868-57a2d4851a1d" />
    <TestEntry testId="46ca0fd9-03e1-55e3-3ad7-b4625d8d07c0" executionId="167db92f-a958-43b0-90d0-3212b8fc7e42" testListId="8c84fa94-04c1-424b-9868-57a2d4851a1d" />
    <TestEntry testId="473a2b39-cb44-1d62-3c12-9fd92e3b377f" executionId="59f26b62-ea02-4323-a511-3c7bb92068a7" testListId="8c84fa94-04c1-424b-9868-57a2d4851a1d" />
    <TestEntry testId="4828b82d-197c-d38d-1052-fb24855ec6ae" executionId="4f000993-2ec8-4731-84d4-cdbd5aba45e6" testListId="8c84fa94-04c1-424b-9868-57a2d4851a1d" />
    <TestEntry testId="49aa9228-e307-ef3c-566e-386137588923" executionId="8ff9ff01-f1b7-4da8-86e9-5cdc82431626" testListId="8c84fa94-04c1-424b-9868-57a2d4851a1d" />
    <TestEntry testId="49b4e1b0-9a60-f1f3-7d8e-e1f63ecc7d50" executionId="82713b7a-f805-4df4-977d-3dd1a5e9d9f2" testListId="8c84fa94-04c1-424b-9868-57a2d4851a1d" />
    <TestEntry testId="4a5ccd91-8853-f0cc-c6d0-af1603a36ab2" executionId="3aecce98-e574-498e-b74a-8b9a3f95079f" testListId="8c84fa94-04c1-424b-9868-57a2d4851a1d" />
    <TestEntry testId="4c1abec7-91f0-7672-2e0f-302cf26fbd1a" executionId="5bddd69b-d717-4e5d-9fc4-3ca5384142fe" testListId="8c84fa94-04c1-424b-9868-57a2d4851a1d" />
    <TestEntry testId="4c766330-2a1a-c11f-5958-fa0e45c2a866" executionId="1e06f2f8-eddc-4435-83c9-50558eb464f7" testListId="8c84fa94-04c1-424b-9868-57a2d4851a1d" />
    <TestEntry testId="4d41008a-7d5b-c195-89ca-25e2bba2803d" executionId="85df2159-531f-4f1e-8bfb-4f2bb3abe29c" testListId="8c84fa94-04c1-424b-9868-57a2d4851a1d" />
    <TestEntry testId="4ef1899b-961d-b074-c653-732880e5589d" executionId="bf5567fb-096b-4c57-ad18-19672648d7b3" testListId="8c84fa94-04c1-424b-9868-57a2d4851a1d" />
    <TestEntry testId="4f308a7f-5339-1197-c196-e8c2a3294cdb" executionId="a619cc3b-8b1b-4e55-be56-efeac3ca59c3" testListId="8c84fa94-04c1-424b-9868-57a2d4851a1d" />
    <TestEntry testId="4fbb91c1-c965-1543-022c-12856d2ae5ad" executionId="c8c8b3dc-eeb6-4431-8151-8c71a228571b" testListId="8c84fa94-04c1-424b-9868-57a2d4851a1d" />
    <TestEntry testId="54dfb2f2-edab-6914-c734-746381ef028e" executionId="aa1f0713-edef-4844-8ea4-c271565895d3" testListId="8c84fa94-04c1-424b-9868-57a2d4851a1d" />
    <TestEntry testId="559ad5fd-9c89-3fab-e602-368a88629e35" executionId="90323af7-bfe6-4f98-9f08-0c997925acce" testListId="8c84fa94-04c1-424b-9868-57a2d4851a1d" />
    <TestEntry testId="567a07ee-04bb-68f0-b054-7c3ac20e04d0" executionId="c035ad4f-4d5b-4beb-ab93-1fcdd0bba965" testListId="8c84fa94-04c1-424b-9868-57a2d4851a1d" />
    <TestEntry testId="56fc1a57-6e5c-088b-8f95-88d9f697c097" executionId="cab1f7aa-b97a-49ab-9a83-83f37b684b80" testListId="8c84fa94-04c1-424b-9868-57a2d4851a1d" />
    <TestEntry testId="5755d2a8-1978-f19d-e7bc-79a3772bf830" executionId="cea76460-b718-4cfd-82d4-7e6dd1ea64c6" testListId="8c84fa94-04c1-424b-9868-57a2d4851a1d" />
    <TestEntry testId="583a3c4e-73f0-f6e0-0816-cbe45229841d" executionId="d2b5be7b-3fc3-45ca-8b02-31147cff4234" testListId="8c84fa94-04c1-424b-9868-57a2d4851a1d" />
    <TestEntry testId="585eea8b-8fa4-71e8-9d43-5274aef9fa35" executionId="6c8724f6-91e9-46a5-b3d4-6ff41e986589" testListId="8c84fa94-04c1-424b-9868-57a2d4851a1d" />
    <TestEntry testId="59990ab9-8064-95a7-969b-da2dc269c717" executionId="bc1bd166-da9a-4ab8-bff1-e4eac0200356" testListId="8c84fa94-04c1-424b-9868-57a2d4851a1d" />
    <TestEntry testId="5b905b9d-179c-2930-2f2f-ad7751aea174" executionId="3520ace7-0775-4389-8894-fe07aa53cd48" testListId="8c84fa94-04c1-424b-9868-57a2d4851a1d" />
    <TestEntry testId="5d4547ce-a6eb-4a5d-11b5-fd4fb3f2b4c4" executionId="1dbe8377-76fd-4591-932b-994d9e18e21d" testListId="8c84fa94-04c1-424b-9868-57a2d4851a1d" />
    <TestEntry testId="5d663026-8403-d8b3-571f-dbc623bc2b0e" executionId="82f09798-6dc8-4ff2-9112-759335828ffd" testListId="8c84fa94-04c1-424b-9868-57a2d4851a1d" />
    <TestEntry testId="5f6c8af1-2825-3c27-b802-e1be0e1eeb12" executionId="38ebe3d2-ec80-4875-9adf-fd9112cf3292" testListId="8c84fa94-04c1-424b-9868-57a2d4851a1d" />
    <TestEntry testId="603d3527-31ad-433b-f22d-64c8d067b62d" executionId="d197e9f9-28e4-4fd0-9aaa-ab773e436adf" testListId="8c84fa94-04c1-424b-9868-57a2d4851a1d" />
    <TestEntry testId="633e6a31-e7c1-dc4e-810e-71a427cf70a8" executionId="737c9735-56c2-4cc4-975c-98b5cb2414fc" testListId="8c84fa94-04c1-424b-9868-57a2d4851a1d" />
    <TestEntry testId="640310df-d648-7294-c434-32af677c30c3" executionId="f1408dbb-a71c-4f3a-b37c-165b0eb834a4" testListId="8c84fa94-04c1-424b-9868-57a2d4851a1d" />
    <TestEntry testId="69d4fcec-3787-b518-9138-fc65c3d09ecc" executionId="d5491617-8a23-4a9a-a378-424a7ea1f3f6" testListId="8c84fa94-04c1-424b-9868-57a2d4851a1d" />
    <TestEntry testId="6b5ea87c-ca8e-cd07-2a54-53cd363577f8" executionId="d387af85-1cf5-4c97-8379-5d3c2b6546b5" testListId="8c84fa94-04c1-424b-9868-57a2d4851a1d" />
    <TestEntry testId="6f205f53-5c1d-2d23-0592-7823ba18d3aa" executionId="b8775e17-a1f0-42dc-8621-d4f79af714fc" testListId="8c84fa94-04c1-424b-9868-57a2d4851a1d" />
    <TestEntry testId="6fb9b650-50a8-89e9-0d35-3a3dc4939152" executionId="2af4a030-5d25-48d8-9a79-51748f43afef" testListId="8c84fa94-04c1-424b-9868-57a2d4851a1d" />
    <TestEntry testId="70ecef07-25d9-9298-9faa-26825e270b46" executionId="03588dcb-41f5-49d8-9d51-7bc0a7aedecd" testListId="8c84fa94-04c1-424b-9868-57a2d4851a1d" />
    <TestEntry testId="71153c10-625e-eee7-0105-ad1f18f9fb72" executionId="7ccbf834-7e41-44fb-9896-b70806694c8c" testListId="8c84fa94-04c1-424b-9868-57a2d4851a1d" />
    <TestEntry testId="71a360e3-d81d-a30a-382f-721ef096f5b1" executionId="a33fa123-9c9c-471e-84ed-6b3da4f08321" testListId="8c84fa94-04c1-424b-9868-57a2d4851a1d" />
    <TestEntry testId="7206ff03-56a7-ec6c-ffc0-c8679263faa3" executionId="dae8d916-4207-4c92-8803-5278fc0433b2" testListId="8c84fa94-04c1-424b-9868-57a2d4851a1d" />
    <TestEntry testId="73dedb08-3777-9f76-6412-b3470bb8b574" executionId="38c5a12f-6715-4614-8694-0b58bd2edc69" testListId="8c84fa94-04c1-424b-9868-57a2d4851a1d" />
    <TestEntry testId="767e3845-1b47-6225-c38c-e6345e12262a" executionId="9cbea0f5-b39c-40cc-baf6-3364873eb3ef" testListId="8c84fa94-04c1-424b-9868-57a2d4851a1d" />
    <TestEntry testId="7743f34e-ac5f-23a3-8e8f-212222420029" executionId="b4e1d581-7f4a-4b8f-a384-119293bc1ca9" testListId="8c84fa94-04c1-424b-9868-57a2d4851a1d" />
    <TestEntry testId="787c2aca-5007-7e56-5e10-28020b3be468" executionId="5b6fb387-9f33-4c0c-a284-889544aa732e" testListId="8c84fa94-04c1-424b-9868-57a2d4851a1d" />
    <TestEntry testId="7896ac03-38fd-b99c-d27e-6cbd208a3f1e" executionId="08033393-f5c3-4349-bab8-208e2a35dd43" testListId="8c84fa94-04c1-424b-9868-57a2d4851a1d" />
    <TestEntry testId="797d7b6c-0b94-436f-8cf2-1181e4378e5e" executionId="c108006c-5c1e-4e94-a5f6-e2496c9d2ac5" testListId="8c84fa94-04c1-424b-9868-57a2d4851a1d" />
    <TestEntry testId="7a7d56e7-b4b7-3226-df1d-44471276e993" executionId="1b459700-0021-4b41-9844-89dfc22cf398" testListId="8c84fa94-04c1-424b-9868-57a2d4851a1d" />
    <TestEntry testId="7a9400e0-6f1a-74cc-aaf2-4e620d01eac4" executionId="ecb93396-9e78-48da-abe4-6b256f2bbbe5" testListId="8c84fa94-04c1-424b-9868-57a2d4851a1d" />
    <TestEntry testId="7a965cd2-e1cf-8636-b94b-9bb1e4688fd0" executionId="7ab5a91b-7de5-4d90-9812-35f7a901bf81" testListId="8c84fa94-04c1-424b-9868-57a2d4851a1d" />
    <TestEntry testId="7a9b0937-239f-a7cc-e1fc-09bbc3508e89" executionId="ec7e0f80-6977-4570-bc63-0a8caaca6f78" testListId="8c84fa94-04c1-424b-9868-57a2d4851a1d" />
    <TestEntry testId="7acd9860-9837-fbe5-5425-b774d050444a" executionId="82658c11-8829-4a62-8137-d3ef76d839cf" testListId="8c84fa94-04c1-424b-9868-57a2d4851a1d" />
    <TestEntry testId="7b6ad291-8507-bfdb-b921-bf2c15c5fff5" executionId="57d42cb6-f207-43f4-8e27-fdc0d835ec76" testListId="8c84fa94-04c1-424b-9868-57a2d4851a1d" />
    <TestEntry testId="7ba074f7-37b4-86ab-f897-639c59c7afb2" executionId="20c32389-e2e7-47ae-b249-cf25ccf7867d" testListId="8c84fa94-04c1-424b-9868-57a2d4851a1d" />
    <TestEntry testId="7d40dea1-9f04-830e-f671-256b02c3b5cf" executionId="845be318-5c08-421b-84f4-89f7c76dc82a" testListId="8c84fa94-04c1-424b-9868-57a2d4851a1d" />
    <TestEntry testId="7d85dd6d-e955-0c88-df95-d36cadd3d7ff" executionId="fc760370-d79d-4abe-9df4-40a0a359a551" testListId="8c84fa94-04c1-424b-9868-57a2d4851a1d" />
    <TestEntry testId="80003646-df99-feba-93b2-6a809b884bf6" executionId="1247d133-041e-4187-9f47-288dd622ea2a" testListId="8c84fa94-04c1-424b-9868-57a2d4851a1d" />
    <TestEntry testId="808822f6-9c85-0a33-f1f9-4d64c79fb975" executionId="6873f5f5-a549-4959-8c7d-6dcb2cb46a7b" testListId="8c84fa94-04c1-424b-9868-57a2d4851a1d" />
    <TestEntry testId="80c446f8-daa9-dd90-7ba0-f56b79877aec" executionId="afa45c1c-438d-4df2-b218-8868bb044e69" testListId="8c84fa94-04c1-424b-9868-57a2d4851a1d" />
    <TestEntry testId="8449ab5e-c7c8-6deb-cb03-833888a032c6" executionId="e1544a87-7cd8-4b1d-9e65-f591163536f3" testListId="8c84fa94-04c1-424b-9868-57a2d4851a1d" />
    <TestEntry testId="850912a6-5065-5531-7451-3014a79cee54" executionId="7eb7041f-3a40-429d-b597-b2cd10a369c9" testListId="8c84fa94-04c1-424b-9868-57a2d4851a1d" />
    <TestEntry testId="869377b3-dcd6-3fd0-816f-a4a48e30d6c3" executionId="608e42ac-34c7-4130-b59b-cabd25113b52" testListId="8c84fa94-04c1-424b-9868-57a2d4851a1d" />
    <TestEntry testId="86a0d6ba-240b-81ef-7612-a91dd0bac5dd" executionId="ec0458c8-0bcf-4f6b-87e8-569022cedbb0" testListId="8c84fa94-04c1-424b-9868-57a2d4851a1d" />
    <TestEntry testId="86c02588-b87f-32bd-880b-56b0d73c1993" executionId="211ed63a-1255-4b5e-8aff-585d80a69348" testListId="8c84fa94-04c1-424b-9868-57a2d4851a1d" />
    <TestEntry testId="8795f817-2bb9-9d00-f981-a3a8a2b7335e" executionId="5e4081a7-2c12-432f-9fcf-c67a9cbda061" testListId="8c84fa94-04c1-424b-9868-57a2d4851a1d" />
    <TestEntry testId="8a248c8c-38d6-117a-cb08-bb2fddeae117" executionId="6191ae6d-48fa-4df9-9a98-08912d4d39c2" testListId="8c84fa94-04c1-424b-9868-57a2d4851a1d" />
    <TestEntry testId="8d424c8f-9c8d-8bdb-c98c-1e76a87f52e2" executionId="23c0e436-c65f-42a8-8e12-1b0a64038790" testListId="8c84fa94-04c1-424b-9868-57a2d4851a1d" />
    <TestEntry testId="8dec4c0d-9137-8bca-e823-6edddad67b2a" executionId="64954cc9-c9a0-4799-a198-3f5c938676ec" testListId="8c84fa94-04c1-424b-9868-57a2d4851a1d" />
    <TestEntry testId="8e9dd2cf-ab74-a19e-4fae-41caa637e0ed" executionId="d0da5ed4-23d1-4cef-b77c-ebe028ae249c" testListId="8c84fa94-04c1-424b-9868-57a2d4851a1d" />
    <TestEntry testId="8f15350a-b612-7c9b-89ff-1e54a29d9340" executionId="dc474151-b0ca-48fe-a59c-9027da9ae039" testListId="8c84fa94-04c1-424b-9868-57a2d4851a1d" />
    <TestEntry testId="8f214c0c-af12-b9fb-ae32-e2f0e522a10f" executionId="c6eaea56-8c62-4a9b-a397-e3881648aacd" testListId="8c84fa94-04c1-424b-9868-57a2d4851a1d" />
    <TestEntry testId="90427aa6-8cf4-b956-2b3f-9546b7107ae7" executionId="297d5d53-9abf-4a54-8b96-886b721e1e6e" testListId="8c84fa94-04c1-424b-9868-57a2d4851a1d" />
    <TestEntry testId="91ad74e2-7f98-39c5-b2ac-d6979eb1e521" executionId="cd56ca0b-f606-44ee-a982-0c14ae2f2e7a" testListId="8c84fa94-04c1-424b-9868-57a2d4851a1d" />
    <TestEntry testId="920395ef-4d81-2796-a8e3-57b62c679836" executionId="92d02eff-cc31-47f3-86b1-9d8ebfbc5d5e" testListId="8c84fa94-04c1-424b-9868-57a2d4851a1d" />
    <TestEntry testId="92c796c7-6140-7467-0f72-263f4de0d5fd" executionId="2a9f2be5-fff3-40cf-a5ca-16b6b5ac87ee" testListId="8c84fa94-04c1-424b-9868-57a2d4851a1d" />
    <TestEntry testId="94c02084-a2f4-8ed3-b12d-a1ac0caf9379" executionId="4b2d18c6-869c-417e-a383-fee557129e39" testListId="8c84fa94-04c1-424b-9868-57a2d4851a1d" />
    <TestEntry testId="9611d5ba-c78e-b7b6-592f-64194d91b456" executionId="e15ab485-a0e8-43fe-96e5-cc016197f2cf" testListId="8c84fa94-04c1-424b-9868-57a2d4851a1d" />
    <TestEntry testId="97102229-37fa-e978-ffae-7fd4c7300f98" executionId="9e18eaec-84f5-4a91-b689-f5ac69b49b00" testListId="8c84fa94-04c1-424b-9868-57a2d4851a1d" />
    <TestEntry testId="97495e35-0952-692a-91b0-3d721dc574e4" executionId="3145dbf0-68a0-48de-9dfe-3aaba1059540" testListId="8c84fa94-04c1-424b-9868-57a2d4851a1d" />
    <TestEntry testId="98f1539c-0085-97ac-e6d6-c700951efc19" executionId="ff02e08b-ace8-46a0-aba2-568ccdaffeba" testListId="8c84fa94-04c1-424b-9868-57a2d4851a1d" />
    <TestEntry testId="990a1706-3c38-5c79-dd26-6bf2a85de470" executionId="29d27073-f54a-4b31-a6c2-45d1a1763d8e" testListId="8c84fa94-04c1-424b-9868-57a2d4851a1d" />
    <TestEntry testId="9a12b8c7-dd2a-27a8-8e5c-846cf91e7a67" executionId="aca8c4cf-74f5-4ec1-b888-86a7360d971b" testListId="8c84fa94-04c1-424b-9868-57a2d4851a1d" />
    <TestEntry testId="9b2baef8-8cea-f431-96b6-95e1ddfaf4a9" executionId="94b8b3b5-b721-49d8-82a6-2a517834fdb9" testListId="8c84fa94-04c1-424b-9868-57a2d4851a1d" />
    <TestEntry testId="9bfa0b14-def6-4233-8f09-efbae74ca192" executionId="4a35c3fb-df19-4a37-8c18-9e5759a253d0" testListId="8c84fa94-04c1-424b-9868-57a2d4851a1d" />
    <TestEntry testId="9d4922e1-95bb-cc07-dd59-02aa21bc0c9d" executionId="13b5282d-9685-47ba-bcfb-1c5a5df1c083" testListId="8c84fa94-04c1-424b-9868-57a2d4851a1d" />
    <TestEntry testId="9ed7c416-1a7b-4673-195d-ca2e196d2a2e" executionId="c0ae3659-f65e-4f9b-b8bf-11eaf3cd0397" testListId="8c84fa94-04c1-424b-9868-57a2d4851a1d" />
    <TestEntry testId="a45582f8-3825-adac-44bf-8fa9e3381e89" executionId="39131a9b-aa4a-4202-82f1-8c4a06e9862f" testListId="8c84fa94-04c1-424b-9868-57a2d4851a1d" />
    <TestEntry testId="a5088dbd-9f6a-bb83-e64a-07cfd5052c81" executionId="1b9d23b5-e6a9-48fe-b4d9-4e070066cb61" testListId="8c84fa94-04c1-424b-9868-57a2d4851a1d" />
    <TestEntry testId="a51caca7-6a0e-8bea-fb89-3104ddb0e38a" executionId="c29d33f9-9a1f-468b-973e-385907dba506" testListId="8c84fa94-04c1-424b-9868-57a2d4851a1d" />
    <TestEntry testId="a56170ce-b399-e27e-e213-58e00eb4c436" executionId="f5207163-2084-4249-a4be-128e51c15011" testListId="8c84fa94-04c1-424b-9868-57a2d4851a1d" />
    <TestEntry testId="a65b5eab-4121-901b-449c-fc9aba07d07b" executionId="a4e08ade-c11a-47d7-9f70-c08daa1e5437" testListId="8c84fa94-04c1-424b-9868-57a2d4851a1d" />
    <TestEntry testId="a8ed7a3a-0e05-4105-ece6-4d106523c6c6" executionId="b68931b7-806a-4e31-b8f6-60b49a940fa0" testListId="8c84fa94-04c1-424b-9868-57a2d4851a1d" />
    <TestEntry testId="aa951c3d-ee4a-9ede-aac2-7e390167d171" executionId="4a2f726f-35c3-4716-902e-1dc12bd2bf36" testListId="8c84fa94-04c1-424b-9868-57a2d4851a1d" />
    <TestEntry testId="ab4705e8-14a4-6e9f-baf9-e3d238e84cf8" executionId="8071a83f-d46c-4207-b42a-3f086d30b32a" testListId="8c84fa94-04c1-424b-9868-57a2d4851a1d" />
    <TestEntry testId="ad25e31e-4a53-f08b-b3bd-cfdcb07226a0" executionId="d76497ea-bed9-4b91-a7a1-cd87cc3a3e41" testListId="8c84fa94-04c1-424b-9868-57a2d4851a1d" />
    <TestEntry testId="aef19ea6-eb47-a1be-032c-8930cda21d9c" executionId="89fb9897-0c79-44e5-8dbb-ac7a20453d94" testListId="8c84fa94-04c1-424b-9868-57a2d4851a1d" />
    <TestEntry testId="afe5b38f-db93-5765-7ecd-49d9214e51e3" executionId="637bb829-35cd-4f32-96c5-c27d97828b1d" testListId="8c84fa94-04c1-424b-9868-57a2d4851a1d" />
    <TestEntry testId="b037dab8-9f99-92da-4740-6e79cccc1e32" executionId="b4d86aff-98c5-4217-b0e4-54017cb815d8" testListId="8c84fa94-04c1-424b-9868-57a2d4851a1d" />
    <TestEntry testId="b03d2b82-a5f5-4a0a-521f-fd9e431b28da" executionId="a02656a0-f443-4024-9ad8-edd5215b0a21" testListId="8c84fa94-04c1-424b-9868-57a2d4851a1d" />
    <TestEntry testId="b086ebe0-6bb0-f4b4-2d74-97b1a10dd517" executionId="e022659a-c141-478f-8dea-1c5d95813175" testListId="8c84fa94-04c1-424b-9868-57a2d4851a1d" />
    <TestEntry testId="b1e8fb4c-7380-ad76-529d-dbdac5528194" executionId="ca9e645f-1733-4e1d-a146-2d20dc400427" testListId="8c84fa94-04c1-424b-9868-57a2d4851a1d" />
    <TestEntry testId="b2c4141e-1dfd-f110-5623-435719fb340e" executionId="fda180b3-b923-44d1-a356-376f41be48a8" testListId="8c84fa94-04c1-424b-9868-57a2d4851a1d" />
    <TestEntry testId="b30e4a1d-f330-da4d-3e81-5c536003275c" executionId="f23adda3-4646-417e-ad13-7c5582a74c8c" testListId="8c84fa94-04c1-424b-9868-57a2d4851a1d" />
    <TestEntry testId="b67c54ae-5aad-e1cc-2b17-0ad544f3f701" executionId="8222d183-bf5c-4aa1-8ecf-16d96377b42d" testListId="8c84fa94-04c1-424b-9868-57a2d4851a1d" />
    <TestEntry testId="b70d24a9-e4cc-d879-39c7-bc30de9e70ab" executionId="164c5261-8f7a-46cf-9f06-48f3e7650f39" testListId="8c84fa94-04c1-424b-9868-57a2d4851a1d" />
    <TestEntry testId="b74830d0-a6ce-14b6-0d35-7c2e849267f3" executionId="c0efa268-e589-4b5e-8d04-2e5f06cd57d0" testListId="8c84fa94-04c1-424b-9868-57a2d4851a1d" />
    <TestEntry testId="b7fcc578-5aaf-c60a-749d-838a3f516168" executionId="42c7ecf3-90d0-4c36-9d07-b335904f8b46" testListId="8c84fa94-04c1-424b-9868-57a2d4851a1d" />
    <TestEntry testId="b8e531ca-ec94-5331-cc83-d2332ab01f85" executionId="f5a46bac-1ca2-45ee-baf8-27011a6208f1" testListId="8c84fa94-04c1-424b-9868-57a2d4851a1d" />
    <TestEntry testId="b99ec452-b626-078c-5efb-2041d6f255c4" executionId="b8c27349-0183-4e5c-881f-8d1526659673" testListId="8c84fa94-04c1-424b-9868-57a2d4851a1d" />
    <TestEntry testId="baf4ce3c-1fc7-efc9-3438-7f66d5c18bcf" executionId="d4055611-6ee2-4bb5-b419-7aafc4ae1497" testListId="8c84fa94-04c1-424b-9868-57a2d4851a1d" />
    <TestEntry testId="bbc45056-7304-0cf8-18ec-0f56b7abf591" executionId="112baac7-30de-4465-811f-083dc7b9dd8b" testListId="8c84fa94-04c1-424b-9868-57a2d4851a1d" />
    <TestEntry testId="bbe65d68-71ba-72ec-21d1-a0b54bdef612" executionId="779b257b-aa12-4846-a3a5-b19ef22072e5" testListId="8c84fa94-04c1-424b-9868-57a2d4851a1d" />
    <TestEntry testId="bbfb3b40-32b8-1a5f-ae60-bf53c22dbf87" executionId="c6c5444c-a97f-4b60-9f31-f349324dd842" testListId="8c84fa94-04c1-424b-9868-57a2d4851a1d" />
    <TestEntry testId="bd00057e-88b2-1e9c-846b-ed190ddc5717" executionId="02d692c8-f995-4e59-9dad-bf14c7eb8a6e" testListId="8c84fa94-04c1-424b-9868-57a2d4851a1d" />
    <TestEntry testId="bd7ec864-24ff-4ca6-8f63-6e2fe4065d39" executionId="5e6413fe-3ae9-49de-a9a3-01258a8ad326" testListId="8c84fa94-04c1-424b-9868-57a2d4851a1d" />
    <TestEntry testId="bdf76499-e0f6-3d7b-4432-982ba6c3b223" executionId="336e567b-ccc4-4a3d-b887-348c87585c98" testListId="8c84fa94-04c1-424b-9868-57a2d4851a1d" />
    <TestEntry testId="be772578-3bd6-fe1e-69ad-baa513f62b0b" executionId="cce2dd63-76dc-4f5f-8c40-6ed290c158bd" testListId="8c84fa94-04c1-424b-9868-57a2d4851a1d" />
    <TestEntry testId="bf4b4d8f-a9c5-278f-9d0c-4140566dfe7e" executionId="355a1ed1-6b63-4ef2-a7b4-d582cf24a9bf" testListId="8c84fa94-04c1-424b-9868-57a2d4851a1d" />
    <TestEntry testId="c0b049d8-5af1-212d-f646-b9a7aa76e7aa" executionId="e108b370-7f26-4c0a-9957-21358adb5967" testListId="8c84fa94-04c1-424b-9868-57a2d4851a1d" />
    <TestEntry testId="c1a99b6a-4871-2d6d-84e0-0bd7f3ff5348" executionId="c97cfb71-b14c-46aa-b1eb-fa65ecda3294" testListId="8c84fa94-04c1-424b-9868-57a2d4851a1d" />
    <TestEntry testId="c35eb805-49e5-7d06-b69d-ba684aaa6791" executionId="e92f3488-eb45-4daf-96fe-fb0094854aa3" testListId="8c84fa94-04c1-424b-9868-57a2d4851a1d" />
    <TestEntry testId="c3a5f774-5c25-7fa7-593c-10a98b5db768" executionId="8fa45c0e-0033-4a42-8fad-ec5f6b70275d" testListId="8c84fa94-04c1-424b-9868-57a2d4851a1d" />
    <TestEntry testId="c3b85211-1b55-61c6-8d42-782c04048184" executionId="4bd37e99-80d0-4ebc-b557-bc7634ffd866" testListId="8c84fa94-04c1-424b-9868-57a2d4851a1d" />
    <TestEntry testId="c3e8dcc2-bac7-2a0c-9c06-8dc4838145f3" executionId="e4e7f4ef-b714-4e10-a3e0-7dded25f6055" testListId="8c84fa94-04c1-424b-9868-57a2d4851a1d" />
    <TestEntry testId="c441e89e-f895-2b6d-e75c-6ac07c647d62" executionId="67a90efa-0a3a-4b74-95af-40c1ae9917dd" testListId="8c84fa94-04c1-424b-9868-57a2d4851a1d" />
    <TestEntry testId="c75708a0-bd76-5c05-5aaa-8fcb10fd4321" executionId="61306d54-65ca-48ac-a8b4-b7c2d97a868f" testListId="8c84fa94-04c1-424b-9868-57a2d4851a1d" />
    <TestEntry testId="c764531a-8b43-978a-82fa-64e183192f81" executionId="84876d99-d3e5-43d3-95bd-fd3c6feb33ae" testListId="8c84fa94-04c1-424b-9868-57a2d4851a1d" />
    <TestEntry testId="c80221bd-ca0a-aa23-6b81-2ed5f20f8d5f" executionId="04216203-a702-4f1a-a528-344ae8b32342" testListId="8c84fa94-04c1-424b-9868-57a2d4851a1d" />
    <TestEntry testId="cc8275a0-551e-d39e-ef08-c6785391cae1" executionId="d73cbcc5-7648-44dc-883e-3aa8cd42788f" testListId="8c84fa94-04c1-424b-9868-57a2d4851a1d" />
    <TestEntry testId="cdf50321-c0eb-ddc4-0179-2919c2028903" executionId="8c152cfa-32fa-4075-a9c0-c7e95c76dd59" testListId="8c84fa94-04c1-424b-9868-57a2d4851a1d" />
    <TestEntry testId="d0140d76-78ce-58b3-2274-c95b28b0ccfb" executionId="b0490d17-339f-4773-8908-b549d59e6546" testListId="8c84fa94-04c1-424b-9868-57a2d4851a1d" />
    <TestEntry testId="d045283f-2980-ed70-af3d-611e9266ab64" executionId="90e29ba2-c38c-4ff2-9d78-c43f2909bfda" testListId="8c84fa94-04c1-424b-9868-57a2d4851a1d" />
    <TestEntry testId="d5027f5f-1da1-2a25-97cf-1e7da6a062b5" executionId="a9620b9b-59c4-466c-9ec1-dc81ac561608" testListId="8c84fa94-04c1-424b-9868-57a2d4851a1d" />
    <TestEntry testId="d56f2fbf-3f3e-cba1-4f8d-7b34cec35b0a" executionId="2263d74b-4380-489e-adcb-c9490d885d51" testListId="8c84fa94-04c1-424b-9868-57a2d4851a1d" />
    <TestEntry testId="d75bbbff-3e3e-ac68-2b4f-48cfb14f2d0a" executionId="42d08aac-de78-40b4-9be4-d3d017c6196f" testListId="8c84fa94-04c1-424b-9868-57a2d4851a1d" />
    <TestEntry testId="d820847a-a64d-718b-5774-4886058277c3" executionId="c67806c1-b2f7-45c0-a419-f196f1a7768d" testListId="8c84fa94-04c1-424b-9868-57a2d4851a1d" />
    <TestEntry testId="d8af0a27-8cd9-d036-917e-00672cd2689b" executionId="e6fb027a-6425-49a1-83ab-8b5230850e02" testListId="8c84fa94-04c1-424b-9868-57a2d4851a1d" />
    <TestEntry testId="d97a225a-e31a-2138-2fae-7b4109b25275" executionId="fc3fa9db-952c-4cb5-8a4c-993cb1da30b3" testListId="8c84fa94-04c1-424b-9868-57a2d4851a1d" />
    <TestEntry testId="d982986f-d5cc-bb8f-d6d8-e2a54e2f4dd0" executionId="90812f4c-82a5-4db7-9c43-5c7c98f670f4" testListId="8c84fa94-04c1-424b-9868-57a2d4851a1d" />
    <TestEntry testId="db3b4c9b-bf56-f07b-1edd-3db630376de3" executionId="12ce1e96-1160-434c-b511-001e236f2bfc" testListId="8c84fa94-04c1-424b-9868-57a2d4851a1d" />
    <TestEntry testId="db3b6314-b1da-7626-0e4e-61abbddac9d6" executionId="a53159be-86e4-4629-8bdc-7e20c017e726" testListId="8c84fa94-04c1-424b-9868-57a2d4851a1d" />
    <TestEntry testId="dc08494a-5655-aecb-96fc-b52817050a2a" executionId="28d0049d-c735-456d-803e-db8991e90724" testListId="8c84fa94-04c1-424b-9868-57a2d4851a1d" />
    <TestEntry testId="de06015f-869e-46b8-4b51-8c7b049b2b96" executionId="c02f693a-0792-4d9b-984f-bbef1e9cbe8f" testListId="8c84fa94-04c1-424b-9868-57a2d4851a1d" />
    <TestEntry testId="de9d9ca9-6d6f-fece-a7ad-0d011ee5cf94" executionId="4f1a639e-9d22-417d-bd97-d7ceebabb50f" testListId="8c84fa94-04c1-424b-9868-57a2d4851a1d" />
    <TestEntry testId="e18cfbc3-f9cf-311e-f710-177b71a46e6d" executionId="eef5be1c-651c-43ab-859a-bda1954a9b9d" testListId="8c84fa94-04c1-424b-9868-57a2d4851a1d" />
    <TestEntry testId="e30391ee-1b3b-ee9f-b02c-b47de478c33f" executionId="eaf76d03-9472-401a-8edf-502ba1b43dc4" testListId="8c84fa94-04c1-424b-9868-57a2d4851a1d" />
    <TestEntry testId="e37183df-04ce-aa53-28d5-e792188a2202" executionId="4acccf6d-8d73-4403-ba26-2c06b93cb5eb" testListId="8c84fa94-04c1-424b-9868-57a2d4851a1d" />
    <TestEntry testId="e5623ce5-a9dc-7c7d-ffdc-f4cf28cd97aa" executionId="a452ba71-a52a-4610-925c-64b7326e78c8" testListId="8c84fa94-04c1-424b-9868-57a2d4851a1d" />
    <TestEntry testId="e5750d14-09bb-ec70-127b-652a47b7dd9c" executionId="34df7c11-d9ae-4825-8bb0-b1913fce6631" testListId="8c84fa94-04c1-424b-9868-57a2d4851a1d" />
    <TestEntry testId="e77c7ab7-183b-1f93-57a3-77e0403bec4c" executionId="c02cf8a2-9ec5-4555-a39d-8df6070459b7" testListId="8c84fa94-04c1-424b-9868-57a2d4851a1d" />
    <TestEntry testId="e80fc0c4-2914-56fc-191b-489f27774cbc" executionId="a073a536-130c-4cf2-b5ae-38ddfa0cd20a" testListId="8c84fa94-04c1-424b-9868-57a2d4851a1d" />
    <TestEntry testId="e860bbd5-6ce1-07c3-fd03-d14cbeda5d8f" executionId="b03d700b-fcd6-4e64-8f37-47bc95108aee" testListId="8c84fa94-04c1-424b-9868-57a2d4851a1d" />
    <TestEntry testId="e89c0529-2532-190e-5936-91edd9263fb1" executionId="ab55c535-ddfa-441a-b6f9-033a3d19d780" testListId="8c84fa94-04c1-424b-9868-57a2d4851a1d" />
    <TestEntry testId="e8ca73cc-b93e-0f49-9374-ed860ffbd677" executionId="679a2b0e-4177-40c7-8da6-96aa1a1b8bcc" testListId="8c84fa94-04c1-424b-9868-57a2d4851a1d" />
    <TestEntry testId="e966bfbe-0422-eb75-f093-b800f9c629b7" executionId="dcc9d0b4-fb88-4836-a550-26f92d205589" testListId="8c84fa94-04c1-424b-9868-57a2d4851a1d" />
    <TestEntry testId="ea12baf4-c62d-b0ca-b8ec-0dd742c09890" executionId="3437461f-8e70-4a62-bb35-b34e64ed5eb0" testListId="8c84fa94-04c1-424b-9868-57a2d4851a1d" />
    <TestEntry testId="ea8ee283-08b1-8adf-4aa4-5e76e4a476d8" executionId="5e9cd041-23d4-4051-bfaa-ceb89e8f9783" testListId="8c84fa94-04c1-424b-9868-57a2d4851a1d" />
    <TestEntry testId="eaed8830-28b9-0d81-19c8-50909473733c" executionId="87c3f056-0422-446e-b6c2-d798ede39854" testListId="8c84fa94-04c1-424b-9868-57a2d4851a1d" />
    <TestEntry testId="ec55615d-1e36-c752-f2bf-b20284d0ae33" executionId="a616f43d-08f7-4337-b29b-a355317dfb97" testListId="8c84fa94-04c1-424b-9868-57a2d4851a1d" />
    <TestEntry testId="ec99d1a9-4b49-a94f-134c-f58d11b57222" executionId="a395a09b-29ed-4709-92a1-0f4e9a3473f9" testListId="8c84fa94-04c1-424b-9868-57a2d4851a1d" />
    <TestEntry testId="ee7a26ae-f08b-c1d5-713f-d21139c592b9" executionId="a19da1a3-aa8f-4aff-8261-a73aff62db73" testListId="8c84fa94-04c1-424b-9868-57a2d4851a1d" />
    <TestEntry testId="eeb34c89-a7df-f580-faa2-1b58190ee5be" executionId="dc64b761-1508-4c6d-951c-04f56c4465d9" testListId="8c84fa94-04c1-424b-9868-57a2d4851a1d" />
    <TestEntry testId="f026b4fd-1d5b-6d3d-657e-a3e832a7de61" executionId="04090aa9-f679-43a6-9460-23bd44f1952e" testListId="8c84fa94-04c1-424b-9868-57a2d4851a1d" />
    <TestEntry testId="f342f959-584b-70f7-fc12-f7e45c365653" executionId="c68fd3bd-d9ef-42c9-85e9-20230698103b" testListId="8c84fa94-04c1-424b-9868-57a2d4851a1d" />
    <TestEntry testId="f4a16930-7fb5-1364-b2bb-1dffeb9040de" executionId="f51a0a88-6f6c-48ff-871d-faa7199a230e" testListId="8c84fa94-04c1-424b-9868-57a2d4851a1d" />
    <TestEntry testId="f4f76af5-0d54-7bf8-8ba4-b32803d7a374" executionId="2c512c21-1086-462e-90b1-95c4b9da942c" testListId="8c84fa94-04c1-424b-9868-57a2d4851a1d" />
    <TestEntry testId="f51de229-4761-6e36-e9f5-2ae1d5b346f0" executionId="b94394f0-a96b-4662-bcaf-0dd0a1cd0878" testListId="8c84fa94-04c1-424b-9868-57a2d4851a1d" />
    <TestEntry testId="f56d5205-e252-235c-3244-90ee14efb3f4" executionId="b55303ca-3e2a-4ad8-9556-6aba5c05eeee" testListId="8c84fa94-04c1-424b-9868-57a2d4851a1d" />
    <TestEntry testId="f5f02455-4aef-8763-5044-dc094bc64ba2" executionId="974dc9b2-0718-4454-87a7-c41992b374a8" testListId="8c84fa94-04c1-424b-9868-57a2d4851a1d" />
    <TestEntry testId="f66902ae-2eb8-36de-bdb4-af24338ae682" executionId="7127bf97-ab87-4218-abdb-5e552c71ce06" testListId="8c84fa94-04c1-424b-9868-57a2d4851a1d" />
    <TestEntry testId="f791b1fc-7ecf-06ad-9b72-838a0f1da804" executionId="ca479359-bddd-45db-adea-96e1ecef2af8" testListId="8c84fa94-04c1-424b-9868-57a2d4851a1d" />
    <TestEntry testId="f96aeaaa-982a-50fe-9819-4fadbbdc5555" executionId="e91c1364-4436-45d5-97fe-ec7d9325fc29" testListId="8c84fa94-04c1-424b-9868-57a2d4851a1d" />
    <TestEntry testId="fce54152-c90c-9cca-2f79-ca939e2fd20d" executionId="f4fede66-0bb3-4c6c-a1e1-4c7d2709fbbc" testListId="8c84fa94-04c1-424b-9868-57a2d4851a1d" />
    <TestEntry testId="fd09b993-a9b4-e74b-ac25-fcabec687112" executionId="a73bf2fd-ff46-4a6d-9e89-3783349208ed" testListId="8c84fa94-04c1-424b-9868-57a2d4851a1d" />
    <TestEntry testId="fdc59520-9564-0684-d4f9-2091f576f931" executionId="532df5d4-c8a1-43aa-9c69-7e23a979738b" testListId="8c84fa94-04c1-424b-9868-57a2d4851a1d" />
    <TestEntry testId="fdc6582f-0eab-5f36-d160-7547a6de5dbb" executionId="8c15e58d-3a79-4d88-80dc-cd6d200e60f4" testListId="8c84fa94-04c1-424b-9868-57a2d4851a1d" />
    <TestEntry testId="febe8afb-7bc1-3f13-831b-73b163a8c327" executionId="c5d67ce6-3b0c-4b91-a663-4eef15f9b31b" testListId="8c84fa94-04c1-424b-9868-57a2d4851a1d" />
  </TestEntries>
  <Results>
    <UnitTestResult executionId="5322d56f-6c51-4bdd-87bc-93243f9be66c" testId="02dbbd81-860f-9e6d-6bf0-d3b21164d681" testName="IterThrowsContractException917" computerName="EDSAC" duration="00:00:00.0566166" startTime="2010-12-04T14:14:25.7179804+00:00" endTime="2010-12-04T14:14:26.6020310+00:00" testType="13cdc9d9-ddb5-4fa4-a97d-d965ccfc6d4b" outcome="Passed" testListId="8c84fa94-04c1-424b-9868-57a2d4851a1d" relativeResultsDirectory="5322d56f-6c51-4bdd-87bc-93243f9be66c">
    </UnitTestResult>
    <UnitTestResult executionId="5add9f1a-7b4f-4c41-8651-220c47adca3c" testId="03c88b26-e4eb-d38e-6683-3ac55f8aeeac" testName="Add60901" computerName="EDSAC" duration="00:00:00.0044346" startTime="2010-12-04T14:14:26.6050311+00:00" endTime="2010-12-04T14:14:26.6260324+00:00" testType="13cdc9d9-ddb5-4fa4-a97d-d965ccfc6d4b" outcome="Passed" testListId="8c84fa94-04c1-424b-9868-57a2d4851a1d" relativeResultsDirectory="5add9f1a-7b4f-4c41-8651-220c47adca3c">
    </UnitTestResult>
    <UnitTestResult executionId="503dfa93-e1a6-4f3b-9ed3-b0e30af1d29b" testId="055e48df-0214-9f4b-ed2b-c5a320ca2c7d" testName="As0163236" computerName="EDSAC" duration="00:00:00.0042942" startTime="2010-12-04T14:14:26.6390331+00:00" endTime="2010-12-04T14:14:26.6570341+00:00" testType="13cdc9d9-ddb5-4fa4-a97d-d965ccfc6d4b" outcome="Passed" testListId="8c84fa94-04c1-424b-9868-57a2d4851a1d" relativeResultsDirectory="503dfa93-e1a6-4f3b-9ed3-b0e30af1d29b">
    </UnitTestResult>
    <UnitTestResult executionId="e19e4925-7463-49b7-8745-4db2f3a768b9" testId="06d747a6-abc2-c83d-da24-3ee86184f362" testName="IsNullableTypeThrowsContractException544" computerName="EDSAC" duration="00:00:00.0020750" startTime="2010-12-04T14:14:26.6610344+00:00" endTime="2010-12-04T14:14:26.6750352+00:00" testType="13cdc9d9-ddb5-4fa4-a97d-d965ccfc6d4b" outcome="Passed" testListId="8c84fa94-04c1-424b-9868-57a2d4851a1d" relativeResultsDirectory="e19e4925-7463-49b7-8745-4db2f3a768b9">
    </UnitTestResult>
    <UnitTestResult executionId="1c7b2822-bfb3-407e-9dfe-b8286bc8a66b" testId="0860ee19-0524-5919-2b3c-8316527f7933" testName="If921" computerName="EDSAC" duration="00:00:00.0005496" startTime="2010-12-04T14:14:26.6840357+00:00" endTime="2010-12-04T14:14:26.6940362+00:00" testType="13cdc9d9-ddb5-4fa4-a97d-d965ccfc6d4b" outcome="Passed" testListId="8c84fa94-04c1-424b-9868-57a2d4851a1d" relativeResultsDirectory="1c7b2822-bfb3-407e-9dfe-b8286bc8a66b">
    </UnitTestResult>
    <UnitTestResult executionId="d43dd6a3-71a9-4066-bd60-de97094db260" testId="09abec53-bc8a-0db2-1ff6-28ad5ea0f559" testName="As0166404" computerName="EDSAC" duration="00:00:00.0049582" startTime="2010-12-04T14:14:26.6990365+00:00" endTime="2010-12-04T14:14:26.7160375+00:00" testType="13cdc9d9-ddb5-4fa4-a97d-d965ccfc6d4b" outcome="Passed" testListId="8c84fa94-04c1-424b-9868-57a2d4851a1d" relativeResultsDirectory="d43dd6a3-71a9-4066-bd60-de97094db260">
    </UnitTestResult>
    <UnitTestResult executionId="9f0abb07-e8d0-4645-aeee-b41a30ea4bd1" testId="0c1112ce-06b8-6d36-f7fb-a3574f6e2065" testName="As0163237" computerName="EDSAC" duration="00:00:00.0005762" startTime="2010-12-04T14:14:26.7250380+00:00" endTime="2010-12-04T14:14:26.7350386+00:00" testType="13cdc9d9-ddb5-4fa4-a97d-d965ccfc6d4b" outcome="Passed" testListId="8c84fa94-04c1-424b-9868-57a2d4851a1d" relativeResultsDirectory="9f0abb07-e8d0-4645-aeee-b41a30ea4bd1">
    </UnitTestResult>
    <UnitTestResult executionId="c41ae081-593a-443b-ad51-19657a482227" testId="0c58cf0b-ac72-a134-206f-98daff22c7f5" testName="As0132103" computerName="EDSAC" duration="00:00:00.0005524" startTime="2010-12-04T14:14:26.7390388+00:00" endTime="2010-12-04T14:14:26.7530396+00:00" testType="13cdc9d9-ddb5-4fa4-a97d-d965ccfc6d4b" outcome="Passed" testListId="8c84fa94-04c1-424b-9868-57a2d4851a1d" relativeResultsDirectory="c41ae081-593a-443b-ad51-19657a482227">
    </UnitTestResult>
    <UnitTestResult executionId="2480c919-78d9-40b7-856b-f92b040463d0" testId="0c6370f1-3a15-0de1-18cb-8da30dd57ee7" testName="UnionAllThrowsContractException498" computerName="EDSAC" duration="00:00:00.0064345" startTime="2010-12-04T14:14:26.7550397+00:00" endTime="2010-12-04T14:14:26.7710406+00:00" testType="13cdc9d9-ddb5-4fa4-a97d-d965ccfc6d4b" outcome="Passed" testListId="8c84fa94-04c1-424b-9868-57a2d4851a1d" relativeResultsDirectory="2480c919-78d9-40b7-856b-f92b040463d0">
    </UnitTestResult>
    <UnitTestResult executionId="eb4f3ece-682a-45fe-92e1-76003252216e" testId="0cb477c5-7b02-500d-45eb-bb863b0c13bb" testName="RangeThrowsContractException958" computerName="EDSAC" duration="00:00:00.0066575" startTime="2010-12-04T14:14:26.7750409+00:00" endTime="2010-12-04T14:14:26.7940420+00:00" testType="13cdc9d9-ddb5-4fa4-a97d-d965ccfc6d4b" outcome="Passed" testListId="8c84fa94-04c1-424b-9868-57a2d4851a1d" relativeResultsDirectory="eb4f3ece-682a-45fe-92e1-76003252216e">
    </UnitTestResult>
    <UnitTestResult executionId="16c0c872-9da9-4770-86b4-18e81b242d1b" testId="0e44207d-1ccf-04c5-6aef-2081653ff131" testName="IfNotNull0159703" computerName="EDSAC" duration="00:00:00.0298462" startTime="2010-12-04T14:14:26.8060426+00:00" endTime="2010-12-04T14:14:26.8450449+00:00" testType="13cdc9d9-ddb5-4fa4-a97d-d965ccfc6d4b" outcome="Passed" testListId="8c84fa94-04c1-424b-9868-57a2d4851a1d" relativeResultsDirectory="16c0c872-9da9-4770-86b4-18e81b242d1b">
    </UnitTestResult>
    <UnitTestResult executionId="fdb7e4e5-e69c-42a3-be86-1af51cb29ade" testId="0e645c38-e73b-967d-e94f-74a8d38a05b3" testName="As170" computerName="EDSAC" duration="00:00:00.0035635" startTime="2010-12-04T14:14:26.8480450+00:00" endTime="2010-12-04T14:14:26.8650460+00:00" testType="13cdc9d9-ddb5-4fa4-a97d-d965ccfc6d4b" outcome="Passed" testListId="8c84fa94-04c1-424b-9868-57a2d4851a1d" relativeResultsDirectory="fdb7e4e5-e69c-42a3-be86-1af51cb29ade">
    </UnitTestResult>
    <UnitTestResult executionId="a27dd3a3-4378-45fe-85f5-98496c148358" testId="0e73a463-cb0d-f992-9d84-5941849f04d6" testName="To0459801" computerName="EDSAC" duration="00:00:00.0049736" startTime="2010-12-04T14:14:26.8700463+00:00" endTime="2010-12-04T14:14:26.8880473+00:00" testType="13cdc9d9-ddb5-4fa4-a97d-d965ccfc6d4b" outcome="Passed" testListId="8c84fa94-04c1-424b-9868-57a2d4851a1d" relativeResultsDirectory="a27dd3a3-4378-45fe-85f5-98496c148358">
    </UnitTestResult>
    <UnitTestResult executionId="e18f6145-b5c5-435b-bde9-f709274b7db6" testId="0e90738b-70d8-2788-4a26-d16c8666f6ca" testName="As0163232" computerName="EDSAC" duration="00:00:00.0007237" startTime="2010-12-04T14:14:26.8960478+00:00" endTime="2010-12-04T14:14:26.9120487+00:00" testType="13cdc9d9-ddb5-4fa4-a97d-d965ccfc6d4b" outcome="Passed" testListId="8c84fa94-04c1-424b-9868-57a2d4851a1d" relativeResultsDirectory="e18f6145-b5c5-435b-bde9-f709274b7db6">
    </UnitTestResult>
    <UnitTestResult executionId="59b18cc8-4d19-4939-926e-1d80b4804eb9" testId="0f614d48-4580-1835-c34d-314b56fdf70c" testName="AsEnumerable56003" computerName="EDSAC" duration="00:00:00.0029396" startTime="2010-12-04T14:14:26.9250495+00:00" endTime="2010-12-04T14:14:26.9400503+00:00" testType="13cdc9d9-ddb5-4fa4-a97d-d965ccfc6d4b" outcome="Passed" testListId="8c84fa94-04c1-424b-9868-57a2d4851a1d" relativeResultsDirectory="59b18cc8-4d19-4939-926e-1d80b4804eb9">
    </UnitTestResult>
    <UnitTestResult executionId="38d56e1b-8980-4905-82fb-7f48c0725855" testId="0f9431a7-c4c3-1aca-912d-ce2c11b0e97d" testName="ContainsArrayThrowsContractException154" computerName="EDSAC" duration="00:00:00.0014833" startTime="2010-12-04T14:14:26.9460507+00:00" endTime="2010-12-04T14:14:26.9600515+00:00" testType="13cdc9d9-ddb5-4fa4-a97d-d965ccfc6d4b" outcome="Passed" testListId="8c84fa94-04c1-424b-9868-57a2d4851a1d" relativeResultsDirectory="38d56e1b-8980-4905-82fb-7f48c0725855">
    </UnitTestResult>
    <UnitTestResult executionId="b84104d8-f84d-4cf6-872a-154253cd9864" testId="106b7a63-3c06-2f97-097e-1a5d38b1a1ac" testName="Add88503" computerName="EDSAC" duration="00:00:00.0006943" startTime="2010-12-04T14:14:26.9650517+00:00" endTime="2010-12-04T14:14:26.9790525+00:00" testType="13cdc9d9-ddb5-4fa4-a97d-d965ccfc6d4b" outcome="Passed" testListId="8c84fa94-04c1-424b-9868-57a2d4851a1d" relativeResultsDirectory="b84104d8-f84d-4cf6-872a-154253cd9864">
    </UnitTestResult>
    <UnitTestResult executionId="d8427259-5988-440d-82ca-ffeada1d8291" testId="11187b04-c546-bd3e-0bbb-d3f71bff1f4f" testName="AsEnumerable0314803" computerName="EDSAC" duration="00:00:00.0232787" startTime="2010-12-04T14:14:26.9870530+00:00" endTime="2010-12-04T14:14:27.0220550+00:00" testType="13cdc9d9-ddb5-4fa4-a97d-d965ccfc6d4b" outcome="Passed" testListId="8c84fa94-04c1-424b-9868-57a2d4851a1d" relativeResultsDirectory="d8427259-5988-440d-82ca-ffeada1d8291">
    </UnitTestResult>
    <UnitTestResult executionId="f88ec89d-5629-47db-8a58-45dd7bb20309" testId="116bcbca-67a9-cf3b-0614-27721784c6e2" testName="IfNotNull0159704" computerName="EDSAC" duration="00:00:00.0003401" startTime="2010-12-04T14:14:27.0310555+00:00" endTime="2010-12-04T14:14:27.0380559+00:00" testType="13cdc9d9-ddb5-4fa4-a97d-d965ccfc6d4b" outcome="Passed" testListId="8c84fa94-04c1-424b-9868-57a2d4851a1d" relativeResultsDirectory="f88ec89d-5629-47db-8a58-45dd7bb20309">
    </UnitTestResult>
    <UnitTestResult executionId="ddf990a5-92d7-4521-9f25-1f883acdce5e" testId="116e53ad-53cc-1f8c-5eeb-a61eba3cd5e8" testName="ForEach90804" computerName="EDSAC" duration="00:00:00.0036050" startTime="2010-12-04T14:14:27.0430562+00:00" endTime="2010-12-04T14:14:27.0550569+00:00" testType="13cdc9d9-ddb5-4fa4-a97d-d965ccfc6d4b" outcome="Passed" testListId="8c84fa94-04c1-424b-9868-57a2d4851a1d" relativeResultsDirectory="ddf990a5-92d7-4521-9f25-1f883acdce5e">
    </UnitTestResult>
    <UnitTestResult executionId="851b8394-aafa-4c4e-9f67-6896ddd1212a" testId="1281f517-45b5-6723-bc3e-71da88a02141" testName="Random43101" computerName="EDSAC" duration="00:00:00.0018785" startTime="2010-12-04T14:14:27.0610572+00:00" endTime="2010-12-04T14:14:27.0710578+00:00" testType="13cdc9d9-ddb5-4fa4-a97d-d965ccfc6d4b" outcome="Passed" testListId="8c84fa94-04c1-424b-9868-57a2d4851a1d" relativeResultsDirectory="851b8394-aafa-4c4e-9f67-6896ddd1212a">
    </UnitTestResult>
    <UnitTestResult executionId="32e2f3ad-bc42-44d4-89fd-c63bdd02d2a4" testId="14c4d8f7-99c5-9b56-48f1-16bece872cd1" testName="As76301" computerName="EDSAC" duration="00:00:00.0024315" startTime="2010-12-04T14:14:27.0750580+00:00" endTime="2010-12-04T14:14:27.0930591+00:00" testType="13cdc9d9-ddb5-4fa4-a97d-d965ccfc6d4b" outcome="Passed" testListId="8c84fa94-04c1-424b-9868-57a2d4851a1d" relativeResultsDirectory="32e2f3ad-bc42-44d4-89fd-c63bdd02d2a4">
    </UnitTestResult>
    <UnitTestResult executionId="9cbd5175-02ac-4948-8b16-82af9b63734e" testId="14e07649-4bb1-965c-d352-f5e6a62d38fd" testName="IsNullOrEmpty177" computerName="EDSAC" duration="00:00:00.0019023" startTime="2010-12-04T14:14:27.0960592+00:00" endTime="2010-12-04T14:14:27.1090600+00:00" testType="13cdc9d9-ddb5-4fa4-a97d-d965ccfc6d4b" outcome="Passed" testListId="8c84fa94-04c1-424b-9868-57a2d4851a1d" relativeResultsDirectory="9cbd5175-02ac-4948-8b16-82af9b63734e">
    </UnitTestResult>
    <UnitTestResult executionId="ab959e43-ea80-4c28-87a6-255d398814ff" testId="1614cc64-5cbc-b082-cb61-089f874d65b1" testName="TakeEveryThrowsContractException265" computerName="EDSAC" duration="00:00:00.0031575" startTime="2010-12-04T14:14:27.1200606+00:00" endTime="2010-12-04T14:14:27.1330614+00:00" testType="13cdc9d9-ddb5-4fa4-a97d-d965ccfc6d4b" outcome="Passed" testListId="8c84fa94-04c1-424b-9868-57a2d4851a1d" relativeResultsDirectory="ab959e43-ea80-4c28-87a6-255d398814ff">
    </UnitTestResult>
    <UnitTestResult executionId="06794d3e-7c39-43d0-89fc-cdb1f6559bc4" testId="16bc510b-963f-30e5-6517-13389edd4fdc" testName="GetByPercentThrowsIndexOutOfRangeException858" computerName="EDSAC" duration="00:00:00.0316861" startTime="2010-12-04T14:14:27.1370616+00:00" endTime="2010-12-04T14:14:27.1770639+00:00" testType="13cdc9d9-ddb5-4fa4-a97d-d965ccfc6d4b" outcome="Failed" testListId="8c84fa94-04c1-424b-9868-57a2d4851a1d" relativeResultsDirectory="06794d3e-7c39-43d0-89fc-cdb1f6559bc4">
      <Output>
        <ErrorInfo>
          <Message>Test method SharpBag.ExtensionsTest.GetByPercentThrowsIndexOutOfRangeException858 threw exception: 
System.Diagnostics.Contracts.__ContractsRuntime+ContractException: Precondition failed: array.Length &gt; 0</Message>
          <StackTrace>    at SharpBag.Extensions.GetByPercent[T](T[] array, Double percent) in C:\Users\SuprDewd\Desktop\Projects\Forritun\SharpBag\SharpBag\Extensions.cs:line 241
   at SharpBag.ExtensionsTest.GetByPercentThrowsIndexOutOfRangeException858() in C:\Users\SuprDewd\Desktop\Projects\Forritun\SharpBag\SharpBag.Tests01\ExtensionsTest.GetByPercent.g.cs:line 47
</StackTrace>
        </ErrorInfo>
      </Output>
    </UnitTestResult>
    <UnitTestResult executionId="8c63be04-05d7-44d5-8941-b4689df2badd" testId="17cbf434-78e7-42a5-6758-242cc94ac703" testName="CastAs434" computerName="EDSAC" duration="00:00:00.0004204" startTime="2010-12-04T14:14:27.1820642+00:00" endTime="2010-12-04T14:14:27.2060655+00:00" testType="13cdc9d9-ddb5-4fa4-a97d-d965ccfc6d4b" outcome="Passed" testListId="8c84fa94-04c1-424b-9868-57a2d4851a1d" relativeResultsDirectory="8c63be04-05d7-44d5-8941-b4689df2badd">
    </UnitTestResult>
    <UnitTestResult executionId="0fedf93d-0034-4ae4-97ab-41b6234437e3" testId="18234ca5-6af0-1355-5140-f92645f28e01" testName="If79" computerName="EDSAC" duration="00:00:00.0003280" startTime="2010-12-04T14:14:27.2100658+00:00" endTime="2010-12-04T14:14:27.2180662+00:00" testType="13cdc9d9-ddb5-4fa4-a97d-d965ccfc6d4b" outcome="Passed" testListId="8c84fa94-04c1-424b-9868-57a2d4851a1d" relativeResultsDirectory="0fedf93d-0034-4ae4-97ab-41b6234437e3">
    </UnitTestResult>
    <UnitTestResult executionId="1f561373-16d6-4de5-917f-40673d7c7bb9" testId="19033310-a8dd-db0b-1dcd-2bf1bef510ca" testName="Fill0110501" computerName="EDSAC" duration="00:00:00.0026536" startTime="2010-12-04T14:14:27.2270667+00:00" endTime="2010-12-04T14:14:27.2370673+00:00" testType="13cdc9d9-ddb5-4fa4-a97d-d965ccfc6d4b" outcome="Passed" testListId="8c84fa94-04c1-424b-9868-57a2d4851a1d" relativeResultsDirectory="1f561373-16d6-4de5-917f-40673d7c7bb9">
    </UnitTestResult>
    <UnitTestResult executionId="858d4644-d91f-4629-81c1-6c4fef222c17" testId="1903a639-b5d9-1b4f-9c30-0405b15e8f12" testName="ForEach90802" computerName="EDSAC" duration="00:00:00.0004143" startTime="2010-12-04T14:14:27.2390674+00:00" endTime="2010-12-04T14:14:27.2500680+00:00" testType="13cdc9d9-ddb5-4fa4-a97d-d965ccfc6d4b" outcome="Passed" testListId="8c84fa94-04c1-424b-9868-57a2d4851a1d" relativeResultsDirectory="858d4644-d91f-4629-81c1-6c4fef222c17">
    </UnitTestResult>
    <UnitTestResult executionId="a22f51e6-33fe-442e-90ad-243294713f79" testId="1a1204f8-80dc-63b9-41bb-196d59b5bd9c" testName="As21507" computerName="EDSAC" duration="00:00:00.0005589" startTime="2010-12-04T14:14:27.2560684+00:00" endTime="2010-12-04T14:14:27.2640688+00:00" testType="13cdc9d9-ddb5-4fa4-a97d-d965ccfc6d4b" outcome="Passed" testListId="8c84fa94-04c1-424b-9868-57a2d4851a1d" relativeResultsDirectory="a22f51e6-33fe-442e-90ad-243294713f79">
    </UnitTestResult>
    <UnitTestResult executionId="0dcb447c-2cad-4e20-91d1-71a5af5e74e9" testId="1a2d7899-6e00-21df-f034-6547a11cae31" testName="ExecuteThrowsContractException889" computerName="EDSAC" duration="00:00:00.0014516" startTime="2010-12-04T14:14:27.2670690+00:00" endTime="2010-12-04T14:14:27.2780696+00:00" testType="13cdc9d9-ddb5-4fa4-a97d-d965ccfc6d4b" outcome="Passed" testListId="8c84fa94-04c1-424b-9868-57a2d4851a1d" relativeResultsDirectory="0dcb447c-2cad-4e20-91d1-71a5af5e74e9">
    </UnitTestResult>
    <UnitTestResult executionId="7fc29af9-13ae-42de-a205-88be4d633f1e" testId="1a41ca06-c399-fb41-1b68-4e54f6d9fba0" testName="As0163227" computerName="EDSAC" duration="00:00:00.0004138" startTime="2010-12-04T14:14:27.2810698+00:00" endTime="2010-12-04T14:14:27.2910704+00:00" testType="13cdc9d9-ddb5-4fa4-a97d-d965ccfc6d4b" outcome="Passed" testListId="8c84fa94-04c1-424b-9868-57a2d4851a1d" relativeResultsDirectory="7fc29af9-13ae-42de-a205-88be4d633f1e">
    </UnitTestResult>
    <UnitTestResult executionId="a2141f44-7189-480d-ae3b-4c5cdde34480" testId="1b50a732-77b4-82a3-8153-f8dad0640018" testName="IfNotNull47704" computerName="EDSAC" duration="00:00:00.0060850" startTime="2010-12-04T14:14:27.2950706+00:00" endTime="2010-12-04T14:14:27.3080714+00:00" testType="13cdc9d9-ddb5-4fa4-a97d-d965ccfc6d4b" outcome="Passed" testListId="8c84fa94-04c1-424b-9868-57a2d4851a1d" relativeResultsDirectory="a2141f44-7189-480d-ae3b-4c5cdde34480">
    </UnitTestResult>
    <UnitTestResult executionId="cf134248-8e7a-4d4f-a639-c8ebcbc73045" testId="1b9103d0-5cae-0f4c-09ff-459b405bb125" testName="Random01ThrowsContractException824" computerName="EDSAC" duration="00:00:00.0007358" startTime="2010-12-04T14:14:27.3130716+00:00" endTime="2010-12-04T14:14:27.3220722+00:00" testType="13cdc9d9-ddb5-4fa4-a97d-d965ccfc6d4b" outcome="Passed" testListId="8c84fa94-04c1-424b-9868-57a2d4851a1d" relativeResultsDirectory="cf134248-8e7a-4d4f-a639-c8ebcbc73045">
    </UnitTestResult>
    <UnitTestResult executionId="fbcc4244-8f68-4da5-b393-14287f336aee" testId="1c5ab376-6152-4272-31e3-55dc91a07a86" testName="Fill0110504" computerName="EDSAC" duration="00:00:00.0003854" startTime="2010-12-04T14:14:27.3300726+00:00" endTime="2010-12-04T14:14:27.3400732+00:00" testType="13cdc9d9-ddb5-4fa4-a97d-d965ccfc6d4b" outcome="Passed" testListId="8c84fa94-04c1-424b-9868-57a2d4851a1d" relativeResultsDirectory="fbcc4244-8f68-4da5-b393-14287f336aee">
    </UnitTestResult>
    <UnitTestResult executionId="fc49fd35-3599-42a0-98f3-ad456a41bcee" testId="1c9baf40-1112-7f41-3f0f-adc161687f04" testName="Fill01ThrowsContractException279" computerName="EDSAC" duration="00:00:00.0005883" startTime="2010-12-04T14:14:27.3480736+00:00" endTime="2010-12-04T14:14:27.3570742+00:00" testType="13cdc9d9-ddb5-4fa4-a97d-d965ccfc6d4b" outcome="Passed" testListId="8c84fa94-04c1-424b-9868-57a2d4851a1d" relativeResultsDirectory="fc49fd35-3599-42a0-98f3-ad456a41bcee">
    </UnitTestResult>
    <UnitTestResult executionId="061a4a71-c5ed-4762-aabb-ce1d14587cae" testId="1cb6fca5-5cbd-75cb-cfee-a358b8315906" testName="Add60904" computerName="EDSAC" duration="00:00:00.0004899" startTime="2010-12-04T14:14:27.3610744+00:00" endTime="2010-12-04T14:14:27.3710750+00:00" testType="13cdc9d9-ddb5-4fa4-a97d-d965ccfc6d4b" outcome="Passed" testListId="8c84fa94-04c1-424b-9868-57a2d4851a1d" relativeResultsDirectory="061a4a71-c5ed-4762-aabb-ce1d14587cae">
    </UnitTestResult>
    <UnitTestResult executionId="d0939be9-a057-4fbf-b68d-4530f7752564" testId="1cdb2f2c-09f6-d6d8-6d16-a0ea90824aba" testName="As21518" computerName="EDSAC" duration="00:00:00.0010522" startTime="2010-12-04T14:14:27.3760753+00:00" endTime="2010-12-04T14:14:27.3950763+00:00" testType="13cdc9d9-ddb5-4fa4-a97d-d965ccfc6d4b" outcome="Passed" testListId="8c84fa94-04c1-424b-9868-57a2d4851a1d" relativeResultsDirectory="d0939be9-a057-4fbf-b68d-4530f7752564">
    </UnitTestResult>
    <UnitTestResult executionId="ffe03717-495f-48be-af1e-26c488f501a3" testId="1e0ca069-996e-4bc0-6164-74e9ee8107ac" testName="GetByPercentThrowsContractException730" computerName="EDSAC" duration="00:00:00.0005977" startTime="2010-12-04T14:14:27.3980765+00:00" endTime="2010-12-04T14:14:27.4090771+00:00" testType="13cdc9d9-ddb5-4fa4-a97d-d965ccfc6d4b" outcome="Passed" testListId="8c84fa94-04c1-424b-9868-57a2d4851a1d" relativeResultsDirectory="ffe03717-495f-48be-af1e-26c488f501a3">
    </UnitTestResult>
    <UnitTestResult executionId="6dfd7cdb-f33d-4a2b-b3a5-14440a168b1c" testId="1e811e95-82b3-7182-a1a6-ec99686bab87" testName="IsIn570" computerName="EDSAC" duration="00:00:00.0017035" startTime="2010-12-04T14:14:27.4120773+00:00" endTime="2010-12-04T14:14:27.4220779+00:00" testType="13cdc9d9-ddb5-4fa4-a97d-d965ccfc6d4b" outcome="Passed" testListId="8c84fa94-04c1-424b-9868-57a2d4851a1d" relativeResultsDirectory="6dfd7cdb-f33d-4a2b-b3a5-14440a168b1c">
    </UnitTestResult>
    <UnitTestResult executionId="b1fc95b9-cb45-4028-811b-2fb82f125470" testId="20789601-3bb2-517f-9c07-8755507d968d" testName="IsIn0134" computerName="EDSAC" duration="00:00:00.0010312" startTime="2010-12-04T14:14:27.4240780+00:00" endTime="2010-12-04T14:14:27.4320785+00:00" testType="13cdc9d9-ddb5-4fa4-a97d-d965ccfc6d4b" outcome="Passed" testListId="8c84fa94-04c1-424b-9868-57a2d4851a1d" relativeResultsDirectory="b1fc95b9-cb45-4028-811b-2fb82f125470">
    </UnitTestResult>
    <UnitTestResult executionId="7e686638-5b75-46f2-9f2c-95cb2683368c" testId="21cd2d7c-c714-efa2-4c1d-abe7711f0f8f" testName="IfNotNull01ThrowsContractException561" computerName="EDSAC" duration="00:00:00.0005995" startTime="2010-12-04T14:14:27.4390789+00:00" endTime="2010-12-04T14:14:27.4470793+00:00" testType="13cdc9d9-ddb5-4fa4-a97d-d965ccfc6d4b" outcome="Passed" testListId="8c84fa94-04c1-424b-9868-57a2d4851a1d" relativeResultsDirectory="7e686638-5b75-46f2-9f2c-95cb2683368c">
    </UnitTestResult>
    <UnitTestResult executionId="0ef52ec8-4a66-4b9e-9e87-7c1801bad81f" testId="2250a8be-6947-1057-ceec-e49c62f651fa" testName="As21505" computerName="EDSAC" duration="00:00:00.0024431" startTime="2010-12-04T14:14:27.4490794+00:00" endTime="2010-12-04T14:14:27.4630802+00:00" testType="13cdc9d9-ddb5-4fa4-a97d-d965ccfc6d4b" outcome="Passed" testListId="8c84fa94-04c1-424b-9868-57a2d4851a1d" relativeResultsDirectory="0ef52ec8-4a66-4b9e-9e87-7c1801bad81f">
    </UnitTestResult>
    <UnitTestResult executionId="7423e3db-a96d-480b-aec8-2e04e90d7722" testId="229cca66-aa3f-9557-9307-ec8679e563f6" testName="To0163701" computerName="EDSAC" duration="00:00:00.0056324" startTime="2010-12-04T14:14:27.4650803+00:00" endTime="2010-12-04T14:14:27.4780811+00:00" testType="13cdc9d9-ddb5-4fa4-a97d-d965ccfc6d4b" outcome="Passed" testListId="8c84fa94-04c1-424b-9868-57a2d4851a1d" relativeResultsDirectory="7423e3db-a96d-480b-aec8-2e04e90d7722">
    </UnitTestResult>
    <UnitTestResult executionId="03af8ff4-e83c-4f56-9eb7-ac08206070a1" testId="22b3bc9e-2d91-4747-086b-d415be2c5776" testName="RangeThrowsContractException560" computerName="EDSAC" duration="00:00:00.0005991" startTime="2010-12-04T14:14:27.4830814+00:00" endTime="2010-12-04T14:14:27.4920819+00:00" testType="13cdc9d9-ddb5-4fa4-a97d-d965ccfc6d4b" outcome="Passed" testListId="8c84fa94-04c1-424b-9868-57a2d4851a1d" relativeResultsDirectory="03af8ff4-e83c-4f56-9eb7-ac08206070a1">
    </UnitTestResult>
    <UnitTestResult executionId="115c95e0-dac1-4b06-a6bf-c3957c86193a" testId="22fb3f0c-8177-2102-3c97-5cd124eaf953" testName="Add60902" computerName="EDSAC" duration="00:00:00.0004834" startTime="2010-12-04T14:14:27.4990823+00:00" endTime="2010-12-04T14:14:27.5070827+00:00" testType="13cdc9d9-ddb5-4fa4-a97d-d965ccfc6d4b" outcome="Passed" testListId="8c84fa94-04c1-424b-9868-57a2d4851a1d" relativeResultsDirectory="115c95e0-dac1-4b06-a6bf-c3957c86193a">
    </UnitTestResult>
    <UnitTestResult executionId="a8aa6d81-2c39-4b2f-bc8f-b0dde18c3c10" testId="236dd585-9363-168d-3729-7ab007ad8692" testName="Fill68801" computerName="EDSAC" duration="00:00:00.0008716" startTime="2010-12-04T14:14:27.5100829+00:00" endTime="2010-12-04T14:14:27.5200835+00:00" testType="13cdc9d9-ddb5-4fa4-a97d-d965ccfc6d4b" outcome="Passed" testListId="8c84fa94-04c1-424b-9868-57a2d4851a1d" relativeResultsDirectory="a8aa6d81-2c39-4b2f-bc8f-b0dde18c3c10">
    </UnitTestResult>
    <UnitTestResult executionId="7492a431-70c1-4106-91a2-b2c33b85a28c" testId="25d5b35a-db1f-e192-1a83-5fbd23003a20" testName="Execute53301" computerName="EDSAC" duration="00:00:00.0002715" startTime="2010-12-04T14:14:27.5280839+00:00" endTime="2010-12-04T14:14:27.5350843+00:00" testType="13cdc9d9-ddb5-4fa4-a97d-d965ccfc6d4b" outcome="Passed" testListId="8c84fa94-04c1-424b-9868-57a2d4851a1d" relativeResultsDirectory="7492a431-70c1-4106-91a2-b2c33b85a28c">
    </UnitTestResult>
    <UnitTestResult executionId="d080d91b-a1f3-4824-add6-e90c33d46e4d" testId="25e137bf-b11b-a709-2200-80de04831d5b" testName="As0163228" computerName="EDSAC" duration="00:00:00.0004026" startTime="2010-12-04T14:14:27.5390846+00:00" endTime="2010-12-04T14:14:27.5470850+00:00" testType="13cdc9d9-ddb5-4fa4-a97d-d965ccfc6d4b" outcome="Passed" testListId="8c84fa94-04c1-424b-9868-57a2d4851a1d" relativeResultsDirectory="d080d91b-a1f3-4824-add6-e90c33d46e4d">
    </UnitTestResult>
    <UnitTestResult executionId="c3ae9d23-60c7-40ec-b557-f348ab06f3f9" testId="29095a51-c311-c865-7cf1-7076578258b7" testName="As0136704" computerName="EDSAC" duration="00:00:00.0006812" startTime="2010-12-04T14:14:27.5510853+00:00" endTime="2010-12-04T14:14:27.5600858+00:00" testType="13cdc9d9-ddb5-4fa4-a97d-d965ccfc6d4b" outcome="Passed" testListId="8c84fa94-04c1-424b-9868-57a2d4851a1d" relativeResultsDirectory="c3ae9d23-60c7-40ec-b557-f348ab06f3f9">
    </UnitTestResult>
    <UnitTestResult executionId="bbe1cea0-d9e4-48eb-be7f-f66d526686d7" testId="29e140f3-0b7d-028a-f85f-e65d5e7a4460" testName="Add29601" computerName="EDSAC" duration="00:00:00.0005417" startTime="2010-12-04T14:14:27.5660861+00:00" endTime="2010-12-04T14:14:27.5730865+00:00" testType="13cdc9d9-ddb5-4fa4-a97d-d965ccfc6d4b" outcome="Passed" testListId="8c84fa94-04c1-424b-9868-57a2d4851a1d" relativeResultsDirectory="bbe1cea0-d9e4-48eb-be7f-f66d526686d7">
    </UnitTestResult>
    <UnitTestResult executionId="bc31ab60-784a-4721-8fb9-2f77c72824b9" testId="2a3bccbe-42e2-9009-af11-20e5efc1eb2e" testName="As0163241" computerName="EDSAC" duration="00:00:00.0026690" startTime="2010-12-04T14:14:27.5760867+00:00" endTime="2010-12-04T14:14:27.5890874+00:00" testType="13cdc9d9-ddb5-4fa4-a97d-d965ccfc6d4b" outcome="Passed" testListId="8c84fa94-04c1-424b-9868-57a2d4851a1d" relativeResultsDirectory="bc31ab60-784a-4721-8fb9-2f77c72824b9">
    </UnitTestResult>
    <UnitTestResult executionId="e3b1f2e5-c100-46bb-86a8-c50df5410bbf" testId="2b6a1fd0-ad89-86fe-c32f-c850f3486570" testName="As0166401" computerName="EDSAC" duration="00:00:00.0010060" startTime="2010-12-04T14:14:27.5970879+00:00" endTime="2010-12-04T14:14:27.6130888+00:00" testType="13cdc9d9-ddb5-4fa4-a97d-d965ccfc6d4b" outcome="Passed" testListId="8c84fa94-04c1-424b-9868-57a2d4851a1d" relativeResultsDirectory="e3b1f2e5-c100-46bb-86a8-c50df5410bbf">
    </UnitTestResult>
    <UnitTestResult executionId="dbd8ce74-9c65-45c6-af21-5f3b66a5ec10" testId="2b9734bf-2716-3fbd-907d-b338c9f5816c" testName="As0163225" computerName="EDSAC" duration="00:00:00.0023227" startTime="2010-12-04T14:14:27.6270896+00:00" endTime="2010-12-04T14:14:27.6430905+00:00" testType="13cdc9d9-ddb5-4fa4-a97d-d965ccfc6d4b" outcome="Passed" testListId="8c84fa94-04c1-424b-9868-57a2d4851a1d" relativeResultsDirectory="dbd8ce74-9c65-45c6-af21-5f3b66a5ec10">
    </UnitTestResult>
    <UnitTestResult executionId="7a04b19f-733f-4307-9a4a-7391b827c39f" testId="2c678190-6575-f47a-afde-b3eb80b1856c" testName="As0166003" computerName="EDSAC" duration="00:00:00.0025462" startTime="2010-12-04T14:14:27.6500909+00:00" endTime="2010-12-04T14:14:27.6660918+00:00" testType="13cdc9d9-ddb5-4fa4-a97d-d965ccfc6d4b" outcome="Passed" testListId="8c84fa94-04c1-424b-9868-57a2d4851a1d" relativeResultsDirectory="7a04b19f-733f-4307-9a4a-7391b827c39f">
    </UnitTestResult>
    <UnitTestResult executionId="40067b4e-bb94-4870-b531-f023348fa38c" testId="2cb985a5-30e0-1631-ebdb-14215fcd5267" testName="Random575" computerName="EDSAC" duration="00:00:00.0026554" startTime="2010-12-04T14:14:27.6700921+00:00" endTime="2010-12-04T14:14:27.6800926+00:00" testType="13cdc9d9-ddb5-4fa4-a97d-d965ccfc6d4b" outcome="Passed" testListId="8c84fa94-04c1-424b-9868-57a2d4851a1d" relativeResultsDirectory="40067b4e-bb94-4870-b531-f023348fa38c">
    </UnitTestResult>
    <UnitTestResult executionId="ee5a7de2-b95c-475d-b550-a7225274a1e1" testId="2e107be2-e3af-1a8b-fb4b-bdb5534db4b8" testName="GetByPercent562" computerName="EDSAC" duration="00:00:00.0003420" startTime="2010-12-04T14:14:27.6840929+00:00" endTime="2010-12-04T14:14:27.6920933+00:00" testType="13cdc9d9-ddb5-4fa4-a97d-d965ccfc6d4b" outcome="Passed" testListId="8c84fa94-04c1-424b-9868-57a2d4851a1d" relativeResultsDirectory="ee5a7de2-b95c-475d-b550-a7225274a1e1">
    </UnitTestResult>
    <UnitTestResult executionId="a70a73fb-5688-4af3-8429-07625fa58cc3" testId="2e9abde5-72f2-18f2-ec62-8da36318a8ed" testName="As0163213" computerName="EDSAC" duration="00:00:00.0004106" startTime="2010-12-04T14:14:27.7010938+00:00" endTime="2010-12-04T14:14:27.7090943+00:00" testType="13cdc9d9-ddb5-4fa4-a97d-d965ccfc6d4b" outcome="Passed" testListId="8c84fa94-04c1-424b-9868-57a2d4851a1d" relativeResultsDirectory="a70a73fb-5688-4af3-8429-07625fa58cc3">
    </UnitTestResult>
    <UnitTestResult executionId="429c1085-aaca-435d-8b55-71bd26ac468e" testId="2f965438-892b-963f-1d2d-a0dc16402531" testName="Fill0110503" computerName="EDSAC" duration="00:00:00.0003746" startTime="2010-12-04T14:14:27.7150946+00:00" endTime="2010-12-04T14:14:27.7260953+00:00" testType="13cdc9d9-ddb5-4fa4-a97d-d965ccfc6d4b" outcome="Passed" testListId="8c84fa94-04c1-424b-9868-57a2d4851a1d" relativeResultsDirectory="429c1085-aaca-435d-8b55-71bd26ac468e">
    </UnitTestResult>
    <UnitTestResult executionId="d2e8755f-9fe8-4b1b-8b3a-60abef784acd" testId="2fd85783-fc83-f96f-d9bf-a6bcc5a252f1" testName="UnionAllThrowsContractException888" computerName="EDSAC" duration="00:00:00.0006266" startTime="2010-12-04T14:14:27.7300955+00:00" endTime="2010-12-04T14:14:27.7410961+00:00" testType="13cdc9d9-ddb5-4fa4-a97d-d965ccfc6d4b" outcome="Passed" testListId="8c84fa94-04c1-424b-9868-57a2d4851a1d" relativeResultsDirectory="d2e8755f-9fe8-4b1b-8b3a-60abef784acd">
    </UnitTestResult>
    <UnitTestResult executionId="8460e8eb-5d24-46cf-af5e-80b0655b3ecd" testId="2ff335b0-14c8-89c8-7e7b-05ade8625c3d" testName="NullOrThrowsContractException472" computerName="EDSAC" duration="00:00:00.0013513" startTime="2010-12-04T14:14:27.7480965+00:00" endTime="2010-12-04T14:14:27.7560970+00:00" testType="13cdc9d9-ddb5-4fa4-a97d-d965ccfc6d4b" outcome="Passed" testListId="8c84fa94-04c1-424b-9868-57a2d4851a1d" relativeResultsDirectory="8460e8eb-5d24-46cf-af5e-80b0655b3ecd">
    </UnitTestResult>
    <UnitTestResult executionId="de6d5070-10cd-4716-ba72-d0258c4d6094" testId="2ff38794-ad92-1998-3c20-e3ee775a8969" testName="TakeEveryThrowsContractException368" computerName="EDSAC" duration="00:00:00.0005911" startTime="2010-12-04T14:14:27.7630974+00:00" endTime="2010-12-04T14:14:27.7720979+00:00" testType="13cdc9d9-ddb5-4fa4-a97d-d965ccfc6d4b" outcome="Passed" testListId="8c84fa94-04c1-424b-9868-57a2d4851a1d" relativeResultsDirectory="de6d5070-10cd-4716-ba72-d0258c4d6094">
    </UnitTestResult>
    <UnitTestResult executionId="1fe8f843-1acf-4e2a-803f-633a31a6360e" testId="31751606-0e00-3ddd-298e-e7c2d6c445a2" testName="As0198302" computerName="EDSAC" duration="00:00:00.0023745" startTime="2010-12-04T14:14:27.7750981+00:00" endTime="2010-12-04T14:14:27.7860987+00:00" testType="13cdc9d9-ddb5-4fa4-a97d-d965ccfc6d4b" outcome="Passed" testListId="8c84fa94-04c1-424b-9868-57a2d4851a1d" relativeResultsDirectory="1fe8f843-1acf-4e2a-803f-633a31a6360e">
    </UnitTestResult>
    <UnitTestResult executionId="ec38278e-694c-4d64-a14e-81aa183c2bd1" testId="31a88d64-bb5b-6217-2758-d493dee381b6" testName="To02632" computerName="EDSAC" duration="00:00:00.0055671" startTime="2010-12-04T14:14:27.7930991+00:00" endTime="2010-12-04T14:14:27.8060998+00:00" testType="13cdc9d9-ddb5-4fa4-a97d-d965ccfc6d4b" outcome="Passed" testListId="8c84fa94-04c1-424b-9868-57a2d4851a1d" relativeResultsDirectory="ec38278e-694c-4d64-a14e-81aa183c2bd1">
    </UnitTestResult>
    <UnitTestResult executionId="91aab330-6030-491c-bdd8-b3f17b580421" testId="31a904fb-b5e5-f95a-175a-584bb2addaff" testName="As0163209" computerName="EDSAC" duration="00:00:00.0004045" startTime="2010-12-04T14:14:27.8131002+00:00" endTime="2010-12-04T14:14:27.8211007+00:00" testType="13cdc9d9-ddb5-4fa4-a97d-d965ccfc6d4b" outcome="Passed" testListId="8c84fa94-04c1-424b-9868-57a2d4851a1d" relativeResultsDirectory="91aab330-6030-491c-bdd8-b3f17b580421">
    </UnitTestResult>
    <UnitTestResult executionId="7f26f80f-8a05-4255-bf17-3dc3945d2b29" testId="33d00c5c-c888-05a3-fa39-c11369cf7bd7" testName="Iter96002" computerName="EDSAC" duration="00:00:00.0006854" startTime="2010-12-04T14:14:27.8231008+00:00" endTime="2010-12-04T14:14:27.8361016+00:00" testType="13cdc9d9-ddb5-4fa4-a97d-d965ccfc6d4b" outcome="Passed" testListId="8c84fa94-04c1-424b-9868-57a2d4851a1d" relativeResultsDirectory="7f26f80f-8a05-4255-bf17-3dc3945d2b29">
    </UnitTestResult>
    <UnitTestResult executionId="6944e943-0f95-488d-8953-b483e62c0567" testId="3403c50d-2a71-9a27-1ea8-652ff438ba45" testName="As0163218" computerName="EDSAC" duration="00:00:00.0003905" startTime="2010-12-04T14:14:27.8451021+00:00" endTime="2010-12-04T14:14:27.8531025+00:00" testType="13cdc9d9-ddb5-4fa4-a97d-d965ccfc6d4b" outcome="Passed" testListId="8c84fa94-04c1-424b-9868-57a2d4851a1d" relativeResultsDirectory="6944e943-0f95-488d-8953-b483e62c0567">
    </UnitTestResult>
    <UnitTestResult executionId="60073c25-6a99-4bcc-af2f-f3d85091f8dd" testId="34aa3cd1-c558-0302-e5aa-355d37850848" testName="ForEach78802" computerName="EDSAC" duration="00:00:00.0024497" startTime="2010-12-04T14:14:27.8571028+00:00" endTime="2010-12-04T14:14:27.8661033+00:00" testType="13cdc9d9-ddb5-4fa4-a97d-d965ccfc6d4b" outcome="Passed" testListId="8c84fa94-04c1-424b-9868-57a2d4851a1d" relativeResultsDirectory="60073c25-6a99-4bcc-af2f-f3d85091f8dd">
    </UnitTestResult>
    <UnitTestResult executionId="0fbe0720-449a-4ae4-b302-723c72041a54" testId="36c0ac7a-9f37-b952-7a17-2ad1e9132b69" testName="ForEach12504" computerName="EDSAC" duration="00:00:00.0007610" startTime="2010-12-04T14:14:27.8701035+00:00" endTime="2010-12-04T14:14:27.8791040+00:00" testType="13cdc9d9-ddb5-4fa4-a97d-d965ccfc6d4b" outcome="Passed" testListId="8c84fa94-04c1-424b-9868-57a2d4851a1d" relativeResultsDirectory="0fbe0720-449a-4ae4-b302-723c72041a54">
    </UnitTestResult>
    <UnitTestResult executionId="72d48031-ef95-4183-93f4-27cb220a59c5" testId="37c5e788-97a2-ee7f-c1df-5b64dcc3fb4c" testName="As0166002" computerName="EDSAC" duration="00:00:00.0025038" startTime="2010-12-04T14:14:27.8821042+00:00" endTime="2010-12-04T14:14:27.8921048+00:00" testType="13cdc9d9-ddb5-4fa4-a97d-d965ccfc6d4b" outcome="Passed" testListId="8c84fa94-04c1-424b-9868-57a2d4851a1d" relativeResultsDirectory="72d48031-ef95-4183-93f4-27cb220a59c5">
    </UnitTestResult>
    <UnitTestResult executionId="6c4a307d-1f25-488d-9afb-e807fbeb4da4" testId="382ae704-dd0b-2259-d31c-dfbfb69a1305" testName="UnionAll13601" computerName="EDSAC" duration="00:00:00.0006971" startTime="2010-12-04T14:14:27.8951049+00:00" endTime="2010-12-04T14:14:27.9051055+00:00" testType="13cdc9d9-ddb5-4fa4-a97d-d965ccfc6d4b" outcome="Passed" testListId="8c84fa94-04c1-424b-9868-57a2d4851a1d" relativeResultsDirectory="6c4a307d-1f25-488d-9afb-e807fbeb4da4">
    </UnitTestResult>
    <UnitTestResult executionId="e5d05c1f-0c07-4c23-a34a-536f5c3a4ead" testId="389db5b6-ab96-a436-4af4-f75359c85bc2" testName="As0163224" computerName="EDSAC" duration="00:00:00.0005617" startTime="2010-12-04T14:14:27.9071056+00:00" endTime="2010-12-04T14:14:27.9171062+00:00" testType="13cdc9d9-ddb5-4fa4-a97d-d965ccfc6d4b" outcome="Passed" testListId="8c84fa94-04c1-424b-9868-57a2d4851a1d" relativeResultsDirectory="e5d05c1f-0c07-4c23-a34a-536f5c3a4ead">
    </UnitTestResult>
    <UnitTestResult executionId="0c107d97-de4b-4adc-9993-653d83d4155d" testId="3902168e-77cb-c1b4-c44f-4336ab3b86bd" testName="EmptyIfNull122" computerName="EDSAC" duration="00:00:00.0032144" startTime="2010-12-04T14:14:27.9181063+00:00" endTime="2010-12-04T14:14:27.9311070+00:00" testType="13cdc9d9-ddb5-4fa4-a97d-d965ccfc6d4b" outcome="Passed" testListId="8c84fa94-04c1-424b-9868-57a2d4851a1d" relativeResultsDirectory="0c107d97-de4b-4adc-9993-653d83d4155d">
    </UnitTestResult>
    <UnitTestResult executionId="efa0dc24-bd2a-4e03-983f-989a4b7747ee" testId="39820720-af85-1690-8f39-546deff2b7b4" testName="AsEnumerable0128302" computerName="EDSAC" duration="00:00:00.0025850" startTime="2010-12-04T14:14:27.9341072+00:00" endTime="2010-12-04T14:14:27.9451078+00:00" testType="13cdc9d9-ddb5-4fa4-a97d-d965ccfc6d4b" outcome="Passed" testListId="8c84fa94-04c1-424b-9868-57a2d4851a1d" relativeResultsDirectory="efa0dc24-bd2a-4e03-983f-989a4b7747ee">
    </UnitTestResult>
    <UnitTestResult executionId="19218530-7b4d-4774-9671-ba51ea31cfcb" testId="39a24eb5-a45d-f931-6682-86b278494085" testName="Fill0168804" computerName="EDSAC" duration="00:00:00.0003868" startTime="2010-12-04T14:14:27.9501081+00:00" endTime="2010-12-04T14:14:27.9571085+00:00" testType="13cdc9d9-ddb5-4fa4-a97d-d965ccfc6d4b" outcome="Passed" testListId="8c84fa94-04c1-424b-9868-57a2d4851a1d" relativeResultsDirectory="19218530-7b4d-4774-9671-ba51ea31cfcb">
    </UnitTestResult>
    <UnitTestResult executionId="50a97555-9016-4450-b556-261cd6eb2c0b" testId="3c1d094b-ca29-adfc-cfcd-77289a3cce3f" testName="As0130304" computerName="EDSAC" duration="00:00:00.0007853" startTime="2010-12-04T14:14:27.9671091+00:00" endTime="2010-12-04T14:14:27.9821099+00:00" testType="13cdc9d9-ddb5-4fa4-a97d-d965ccfc6d4b" outcome="Passed" testListId="8c84fa94-04c1-424b-9868-57a2d4851a1d" relativeResultsDirectory="50a97555-9016-4450-b556-261cd6eb2c0b">
    </UnitTestResult>
    <UnitTestResult executionId="76a08a34-6a88-477b-83ca-e8d212be8e69" testId="3ca3afbe-4155-3a78-1581-d034645ac0e9" testName="To04ThrowsContractException193" computerName="EDSAC" duration="00:00:00.0027301" startTime="2010-12-04T14:14:27.9901104+00:00" endTime="2010-12-04T14:14:28.0051112+00:00" testType="13cdc9d9-ddb5-4fa4-a97d-d965ccfc6d4b" outcome="Passed" testListId="8c84fa94-04c1-424b-9868-57a2d4851a1d" relativeResultsDirectory="76a08a34-6a88-477b-83ca-e8d212be8e69">
    </UnitTestResult>
    <UnitTestResult executionId="4957eb9f-f2c4-441c-8825-7174ec3996f3" testId="3f99a1d3-4dae-8b7d-a361-9ebbf5115b1e" testName="As0163240" computerName="EDSAC" duration="00:00:00.0007325" startTime="2010-12-04T14:14:28.0141117+00:00" endTime="2010-12-04T14:14:28.0291126+00:00" testType="13cdc9d9-ddb5-4fa4-a97d-d965ccfc6d4b" outcome="Passed" testListId="8c84fa94-04c1-424b-9868-57a2d4851a1d" relativeResultsDirectory="4957eb9f-f2c4-441c-8825-7174ec3996f3">
    </UnitTestResult>
    <UnitTestResult executionId="12581c48-2cd0-4124-b70e-dc993cadf72a" testId="3febe6f3-67ab-23b3-dd85-d4b7c1206b0c" testName="TakeEvery57301" computerName="EDSAC" duration="00:00:00.0026722" startTime="2010-12-04T14:14:28.0371131+00:00" endTime="2010-12-04T14:14:28.0521139+00:00" testType="13cdc9d9-ddb5-4fa4-a97d-d965ccfc6d4b" outcome="Passed" testListId="8c84fa94-04c1-424b-9868-57a2d4851a1d" relativeResultsDirectory="12581c48-2cd0-4124-b70e-dc993cadf72a">
    </UnitTestResult>
    <UnitTestResult executionId="aba570d5-10b3-482d-8707-3e59288e8577" testId="40b13692-f736-7aca-afa5-678a24ba3ffc" testName="As0163219" computerName="EDSAC" duration="00:00:00.0007442" startTime="2010-12-04T14:14:28.0551141+00:00" endTime="2010-12-04T14:14:28.0681148+00:00" testType="13cdc9d9-ddb5-4fa4-a97d-d965ccfc6d4b" outcome="Passed" testListId="8c84fa94-04c1-424b-9868-57a2d4851a1d" relativeResultsDirectory="aba570d5-10b3-482d-8707-3e59288e8577">
    </UnitTestResult>
    <UnitTestResult executionId="61a88053-046e-41d3-8098-a53a545bb3e1" testId="40e83519-1225-601d-0c17-661b77e82314" testName="As01404" computerName="EDSAC" duration="00:00:00.0006345" startTime="2010-12-04T14:14:28.0771153+00:00" endTime="2010-12-04T14:14:28.0911161+00:00" testType="13cdc9d9-ddb5-4fa4-a97d-d965ccfc6d4b" outcome="Passed" testListId="8c84fa94-04c1-424b-9868-57a2d4851a1d" relativeResultsDirectory="61a88053-046e-41d3-8098-a53a545bb3e1">
    </UnitTestResult>
    <UnitTestResult executionId="2aefff8a-59d1-44bb-872e-ffe66cae59df" testId="4183213a-6645-16c2-af8b-e5bfcf7442d8" testName="NullOr90701" computerName="EDSAC" duration="00:00:00.0035285" startTime="2010-12-04T14:14:28.1001167+00:00" endTime="2010-12-04T14:14:28.1171176+00:00" testType="13cdc9d9-ddb5-4fa4-a97d-d965ccfc6d4b" outcome="Passed" testListId="8c84fa94-04c1-424b-9868-57a2d4851a1d" relativeResultsDirectory="2aefff8a-59d1-44bb-872e-ffe66cae59df">
    </UnitTestResult>
    <UnitTestResult executionId="2d63b224-337e-4a3f-bedb-a52e3cd56361" testId="41b53b6b-04c0-c784-5da0-bab31b4fb4d7" testName="ForEach90803" computerName="EDSAC" duration="00:00:00.0007745" startTime="2010-12-04T14:14:28.1221179+00:00" endTime="2010-12-04T14:14:28.1361187+00:00" testType="13cdc9d9-ddb5-4fa4-a97d-d965ccfc6d4b" outcome="Passed" testListId="8c84fa94-04c1-424b-9868-57a2d4851a1d" relativeResultsDirectory="2d63b224-337e-4a3f-bedb-a52e3cd56361">
    </UnitTestResult>
    <UnitTestResult executionId="360feeb6-de31-4aaf-bfc8-bd4df836a151" testId="42f45f10-504d-0d19-0e58-1ea2105c69e9" testName="AsEnumerable0128301" computerName="EDSAC" duration="00:00:00.0027436" startTime="2010-12-04T14:14:28.1381188+00:00" endTime="2010-12-04T14:14:28.1531197+00:00" testType="13cdc9d9-ddb5-4fa4-a97d-d965ccfc6d4b" outcome="Passed" testListId="8c84fa94-04c1-424b-9868-57a2d4851a1d" relativeResultsDirectory="360feeb6-de31-4aaf-bfc8-bd4df836a151">
    </UnitTestResult>
    <UnitTestResult executionId="785ec230-3d77-4e77-a60d-7484b5aff54b" testId="43271b50-9462-4bb7-5e78-3783a2d68504" testName="As0198301" computerName="EDSAC" duration="00:00:00.0027628" startTime="2010-12-04T14:14:28.1551198+00:00" endTime="2010-12-04T14:14:28.1701207+00:00" testType="13cdc9d9-ddb5-4fa4-a97d-d965ccfc6d4b" outcome="Passed" testListId="8c84fa94-04c1-424b-9868-57a2d4851a1d" relativeResultsDirectory="785ec230-3d77-4e77-a60d-7484b5aff54b">
    </UnitTestResult>
    <UnitTestResult executionId="bf411738-1d4f-4d1d-81ab-011c5b2cdc9d" testId="44ddd54b-7a43-e4f9-ebb3-b78badce4585" testName="As21517" computerName="EDSAC" duration="00:00:00.0009607" startTime="2010-12-04T14:14:28.1791212+00:00" endTime="2010-12-04T14:14:28.1971222+00:00" testType="13cdc9d9-ddb5-4fa4-a97d-d965ccfc6d4b" outcome="Passed" testListId="8c84fa94-04c1-424b-9868-57a2d4851a1d" relativeResultsDirectory="bf411738-1d4f-4d1d-81ab-011c5b2cdc9d">
    </UnitTestResult>
    <UnitTestResult executionId="4aeac299-d3e2-4a53-b131-de56cde528dd" testId="4603637e-fb7e-2981-f426-423b0ee1dc90" testName="As01ThrowsContractException876" computerName="EDSAC" duration="00:00:00.0006009" startTime="2010-12-04T14:14:28.2021225+00:00" endTime="2010-12-04T14:14:28.2121231+00:00" testType="13cdc9d9-ddb5-4fa4-a97d-d965ccfc6d4b" outcome="Passed" testListId="8c84fa94-04c1-424b-9868-57a2d4851a1d" relativeResultsDirectory="4aeac299-d3e2-4a53-b131-de56cde528dd">
    </UnitTestResult>
    <UnitTestResult executionId="c993b978-5b44-4375-823c-db00eb81deb9" testId="466bff3f-4c8e-a9c1-50f6-91ffeb15d3a1" testName="As0163231" computerName="EDSAC" duration="00:00:00.0003844" startTime="2010-12-04T14:14:28.2141232+00:00" endTime="2010-12-04T14:14:28.2211236+00:00" testType="13cdc9d9-ddb5-4fa4-a97d-d965ccfc6d4b" outcome="Passed" testListId="8c84fa94-04c1-424b-9868-57a2d4851a1d" relativeResultsDirectory="c993b978-5b44-4375-823c-db00eb81deb9">
    </UnitTestResult>
    <UnitTestResult executionId="167db92f-a958-43b0-90d0-3212b8fc7e42" testId="46ca0fd9-03e1-55e3-3ad7-b4625d8d07c0" testName="IfNotNull17302" computerName="EDSAC" duration="00:00:00.0003578" startTime="2010-12-04T14:14:28.2221236+00:00" endTime="2010-12-04T14:14:28.2291240+00:00" testType="13cdc9d9-ddb5-4fa4-a97d-d965ccfc6d4b" outcome="Passed" testListId="8c84fa94-04c1-424b-9868-57a2d4851a1d" relativeResultsDirectory="167db92f-a958-43b0-90d0-3212b8fc7e42">
    </UnitTestResult>
    <UnitTestResult executionId="59f26b62-ea02-4323-a511-3c7bb92068a7" testId="473a2b39-cb44-1d62-3c12-9fd92e3b377f" testName="As0163222" computerName="EDSAC" duration="00:00:00.0004115" startTime="2010-12-04T14:14:28.2301241+00:00" endTime="2010-12-04T14:14:28.2381246+00:00" testType="13cdc9d9-ddb5-4fa4-a97d-d965ccfc6d4b" outcome="Passed" testListId="8c84fa94-04c1-424b-9868-57a2d4851a1d" relativeResultsDirectory="59f26b62-ea02-4323-a511-3c7bb92068a7">
    </UnitTestResult>
    <UnitTestResult executionId="4f000993-2ec8-4731-84d4-cdbd5aba45e6" testId="4828b82d-197c-d38d-1052-fb24855ec6ae" testName="UnionAll02ThrowsContractException669" computerName="EDSAC" duration="00:00:00.0081810" startTime="2010-12-04T14:14:28.2391246+00:00" endTime="2010-12-04T14:14:28.2621259+00:00" testType="13cdc9d9-ddb5-4fa4-a97d-d965ccfc6d4b" outcome="Passed" testListId="8c84fa94-04c1-424b-9868-57a2d4851a1d" relativeResultsDirectory="4f000993-2ec8-4731-84d4-cdbd5aba45e6">
    </UnitTestResult>
    <UnitTestResult executionId="8ff9ff01-f1b7-4da8-86e9-5cdc82431626" testId="49aa9228-e307-ef3c-566e-386137588923" testName="IfNotNull0192301" computerName="EDSAC" duration="00:00:00.0043740" startTime="2010-12-04T14:14:28.2671262+00:00" endTime="2010-12-04T14:14:28.2861273+00:00" testType="13cdc9d9-ddb5-4fa4-a97d-d965ccfc6d4b" outcome="Passed" testListId="8c84fa94-04c1-424b-9868-57a2d4851a1d" relativeResultsDirectory="8ff9ff01-f1b7-4da8-86e9-5cdc82431626">
    </UnitTestResult>
    <UnitTestResult executionId="82713b7a-f805-4df4-977d-3dd1a5e9d9f2" testId="49b4e1b0-9a60-f1f3-7d8e-e1f63ecc7d50" testName="UnionAll02ThrowsContractException903" computerName="EDSAC" duration="00:00:00.0019858" startTime="2010-12-04T14:14:28.2941278+00:00" endTime="2010-12-04T14:14:28.3181291+00:00" testType="13cdc9d9-ddb5-4fa4-a97d-d965ccfc6d4b" outcome="Passed" testListId="8c84fa94-04c1-424b-9868-57a2d4851a1d" relativeResultsDirectory="82713b7a-f805-4df4-977d-3dd1a5e9d9f2">
    </UnitTestResult>
    <UnitTestResult executionId="3aecce98-e574-498e-b74a-8b9a3f95079f" testId="4a5ccd91-8853-f0cc-c6d0-af1603a36ab2" testName="As0166001" computerName="EDSAC" duration="00:00:00.0003886" startTime="2010-12-04T14:14:28.3231294+00:00" endTime="2010-12-04T14:14:28.3331300+00:00" testType="13cdc9d9-ddb5-4fa4-a97d-d965ccfc6d4b" outcome="Passed" testListId="8c84fa94-04c1-424b-9868-57a2d4851a1d" relativeResultsDirectory="3aecce98-e574-498e-b74a-8b9a3f95079f">
    </UnitTestResult>
    <UnitTestResult executionId="5bddd69b-d717-4e5d-9fc4-3ca5384142fe" testId="4c1abec7-91f0-7672-2e0f-302cf26fbd1a" testName="As0166403" computerName="EDSAC" duration="00:00:00.0007960" startTime="2010-12-04T14:14:28.3391303+00:00" endTime="2010-12-04T14:14:28.3461307+00:00" testType="13cdc9d9-ddb5-4fa4-a97d-d965ccfc6d4b" outcome="Passed" testListId="8c84fa94-04c1-424b-9868-57a2d4851a1d" relativeResultsDirectory="5bddd69b-d717-4e5d-9fc4-3ca5384142fe">
    </UnitTestResult>
    <UnitTestResult executionId="1e06f2f8-eddc-4435-83c9-50558eb464f7" testId="4c766330-2a1a-c11f-5958-fa0e45c2a866" testName="UnionAll0233901" computerName="EDSAC" duration="00:00:00.0006299" startTime="2010-12-04T14:14:28.3511310+00:00" endTime="2010-12-04T14:14:28.3591315+00:00" testType="13cdc9d9-ddb5-4fa4-a97d-d965ccfc6d4b" outcome="Passed" testListId="8c84fa94-04c1-424b-9868-57a2d4851a1d" relativeResultsDirectory="1e06f2f8-eddc-4435-83c9-50558eb464f7">
    </UnitTestResult>
    <UnitTestResult executionId="85df2159-531f-4f1e-8bfb-4f2bb3abe29c" testId="4d41008a-7d5b-c195-89ca-25e2bba2803d" testName="NullOr71404" computerName="EDSAC" duration="00:00:00.0093224" startTime="2010-12-04T14:14:28.3611316+00:00" endTime="2010-12-04T14:14:28.3831329+00:00" testType="13cdc9d9-ddb5-4fa4-a97d-d965ccfc6d4b" outcome="Passed" testListId="8c84fa94-04c1-424b-9868-57a2d4851a1d" relativeResultsDirectory="85df2159-531f-4f1e-8bfb-4f2bb3abe29c">
    </UnitTestResult>
    <UnitTestResult executionId="bf5567fb-096b-4c57-ad18-19672648d7b3" testId="4ef1899b-961d-b074-c653-732880e5589d" testName="ForEachThrowsContractException158" computerName="EDSAC" duration="00:00:00.0006943" startTime="2010-12-04T14:14:28.3881331+00:00" endTime="2010-12-04T14:14:28.3951335+00:00" testType="13cdc9d9-ddb5-4fa4-a97d-d965ccfc6d4b" outcome="Passed" testListId="8c84fa94-04c1-424b-9868-57a2d4851a1d" relativeResultsDirectory="bf5567fb-096b-4c57-ad18-19672648d7b3">
    </UnitTestResult>
    <UnitTestResult executionId="a619cc3b-8b1b-4e55-be56-efeac3ca59c3" testId="4f308a7f-5339-1197-c196-e8c2a3294cdb" testName="AsEnumerable0258803" computerName="EDSAC" duration="00:00:00.0025700" startTime="2010-12-04T14:14:28.3981337+00:00" endTime="2010-12-04T14:14:28.4131346+00:00" testType="13cdc9d9-ddb5-4fa4-a97d-d965ccfc6d4b" outcome="Passed" testListId="8c84fa94-04c1-424b-9868-57a2d4851a1d" relativeResultsDirectory="a619cc3b-8b1b-4e55-be56-efeac3ca59c3">
    </UnitTestResult>
    <UnitTestResult executionId="c8c8b3dc-eeb6-4431-8151-8c71a228571b" testId="4fbb91c1-c965-1543-022c-12856d2ae5ad" testName="As0163243" computerName="EDSAC" duration="00:00:00.0003980" startTime="2010-12-04T14:14:28.4191349+00:00" endTime="2010-12-04T14:14:28.4301355+00:00" testType="13cdc9d9-ddb5-4fa4-a97d-d965ccfc6d4b" outcome="Passed" testListId="8c84fa94-04c1-424b-9868-57a2d4851a1d" relativeResultsDirectory="c8c8b3dc-eeb6-4431-8151-8c71a228571b">
    </UnitTestResult>
    <UnitTestResult executionId="aa1f0713-edef-4844-8ea4-c271565895d3" testId="54dfb2f2-edab-6914-c734-746381ef028e" testName="Times25801" computerName="EDSAC" duration="00:00:00.0037730" startTime="2010-12-04T14:14:28.4341358+00:00" endTime="2010-12-04T14:14:28.4471365+00:00" testType="13cdc9d9-ddb5-4fa4-a97d-d965ccfc6d4b" outcome="Passed" testListId="8c84fa94-04c1-424b-9868-57a2d4851a1d" relativeResultsDirectory="aa1f0713-edef-4844-8ea4-c271565895d3">
    </UnitTestResult>
    <UnitTestResult executionId="90323af7-bfe6-4f98-9f08-0c997925acce" testId="559ad5fd-9c89-3fab-e602-368a88629e35" testName="As0163221" computerName="EDSAC" duration="00:00:00.0004395" startTime="2010-12-04T14:14:28.4521368+00:00" endTime="2010-12-04T14:14:28.4641375+00:00" testType="13cdc9d9-ddb5-4fa4-a97d-d965ccfc6d4b" outcome="Passed" testListId="8c84fa94-04c1-424b-9868-57a2d4851a1d" relativeResultsDirectory="90323af7-bfe6-4f98-9f08-0c997925acce">
    </UnitTestResult>
    <UnitTestResult executionId="c035ad4f-4d5b-4beb-ab93-1fcdd0bba965" testId="567a07ee-04bb-68f0-b054-7c3ac20e04d0" testName="Range377" computerName="EDSAC" duration="00:00:00.0005613" startTime="2010-12-04T14:14:28.4671377+00:00" endTime="2010-12-04T14:14:28.4801384+00:00" testType="13cdc9d9-ddb5-4fa4-a97d-d965ccfc6d4b" outcome="Passed" testListId="8c84fa94-04c1-424b-9868-57a2d4851a1d" relativeResultsDirectory="c035ad4f-4d5b-4beb-ab93-1fcdd0bba965">
    </UnitTestResult>
    <UnitTestResult executionId="cab1f7aa-b97a-49ab-9a83-83f37b684b80" testId="56fc1a57-6e5c-088b-8f95-88d9f697c097" testName="NullOr71402" computerName="EDSAC" duration="00:00:00.0006975" startTime="2010-12-04T14:14:28.4861387+00:00" endTime="2010-12-04T14:14:28.4961393+00:00" testType="13cdc9d9-ddb5-4fa4-a97d-d965ccfc6d4b" outcome="Passed" testListId="8c84fa94-04c1-424b-9868-57a2d4851a1d" relativeResultsDirectory="cab1f7aa-b97a-49ab-9a83-83f37b684b80">
    </UnitTestResult>
    <UnitTestResult executionId="cea76460-b718-4cfd-82d4-7e6dd1ea64c6" testId="5755d2a8-1978-f19d-e7bc-79a3772bf830" testName="IsIn01ThrowsContractException380" computerName="EDSAC" duration="00:00:00.0005473" startTime="2010-12-04T14:14:28.5011396+00:00" endTime="2010-12-04T14:14:28.5111402+00:00" testType="13cdc9d9-ddb5-4fa4-a97d-d965ccfc6d4b" outcome="Passed" testListId="8c84fa94-04c1-424b-9868-57a2d4851a1d" relativeResultsDirectory="cea76460-b718-4cfd-82d4-7e6dd1ea64c6">
    </UnitTestResult>
    <UnitTestResult executionId="d2b5be7b-3fc3-45ca-8b02-31147cff4234" testId="583a3c4e-73f0-f6e0-0816-cbe45229841d" testName="AsEnumerable56001" computerName="EDSAC" duration="00:00:00.0003816" startTime="2010-12-04T14:14:28.5131403+00:00" endTime="2010-12-04T14:14:28.5261410+00:00" testType="13cdc9d9-ddb5-4fa4-a97d-d965ccfc6d4b" outcome="Passed" testListId="8c84fa94-04c1-424b-9868-57a2d4851a1d" relativeResultsDirectory="d2b5be7b-3fc3-45ca-8b02-31147cff4234">
    </UnitTestResult>
    <UnitTestResult executionId="6c8724f6-91e9-46a5-b3d4-6ff41e986589" testId="585eea8b-8fa4-71e8-9d43-5274aef9fa35" testName="As21520" computerName="EDSAC" duration="00:00:00.0005921" startTime="2010-12-04T14:14:28.5281411+00:00" endTime="2010-12-04T14:14:28.5431420+00:00" testType="13cdc9d9-ddb5-4fa4-a97d-d965ccfc6d4b" outcome="Passed" testListId="8c84fa94-04c1-424b-9868-57a2d4851a1d" relativeResultsDirectory="6c8724f6-91e9-46a5-b3d4-6ff41e986589">
    </UnitTestResult>
    <UnitTestResult executionId="bc1bd166-da9a-4ab8-bff1-e4eac0200356" testId="59990ab9-8064-95a7-969b-da2dc269c717" testName="ToDictionaryThrowsContractException478" computerName="EDSAC" duration="00:00:00.0016140" startTime="2010-12-04T14:14:28.5491423+00:00" endTime="2010-12-04T14:14:28.5581429+00:00" testType="13cdc9d9-ddb5-4fa4-a97d-d965ccfc6d4b" outcome="Passed" testListId="8c84fa94-04c1-424b-9868-57a2d4851a1d" relativeResultsDirectory="bc1bd166-da9a-4ab8-bff1-e4eac0200356">
    </UnitTestResult>
    <UnitTestResult executionId="3520ace7-0775-4389-8894-fe07aa53cd48" testId="5b905b9d-179c-2930-2f2f-ad7751aea174" testName="As01401" computerName="EDSAC" duration="00:00:00.0011973" startTime="2010-12-04T14:14:28.5601430+00:00" endTime="2010-12-04T14:14:28.5731437+00:00" testType="13cdc9d9-ddb5-4fa4-a97d-d965ccfc6d4b" outcome="Passed" testListId="8c84fa94-04c1-424b-9868-57a2d4851a1d" relativeResultsDirectory="3520ace7-0775-4389-8894-fe07aa53cd48">
    </UnitTestResult>
    <UnitTestResult executionId="1dbe8377-76fd-4591-932b-994d9e18e21d" testId="5d4547ce-a6eb-4a5d-11b5-fd4fb3f2b4c4" testName="IfNotNull17304" computerName="EDSAC" duration="00:00:00.0010494" startTime="2010-12-04T14:14:28.5761439+00:00" endTime="2010-12-04T14:14:28.5901447+00:00" testType="13cdc9d9-ddb5-4fa4-a97d-d965ccfc6d4b" outcome="Passed" testListId="8c84fa94-04c1-424b-9868-57a2d4851a1d" relativeResultsDirectory="1dbe8377-76fd-4591-932b-994d9e18e21d">
    </UnitTestResult>
    <UnitTestResult executionId="82f09798-6dc8-4ff2-9112-759335828ffd" testId="5d663026-8403-d8b3-571f-dbc623bc2b0e" testName="As0163242" computerName="EDSAC" duration="00:00:00.0005258" startTime="2010-12-04T14:14:28.5951450+00:00" endTime="2010-12-04T14:14:28.6081457+00:00" testType="13cdc9d9-ddb5-4fa4-a97d-d965ccfc6d4b" outcome="Passed" testListId="8c84fa94-04c1-424b-9868-57a2d4851a1d" relativeResultsDirectory="82f09798-6dc8-4ff2-9112-759335828ffd">
    </UnitTestResult>
    <UnitTestResult executionId="38ebe3d2-ec80-4875-9adf-fd9112cf3292" testId="5f6c8af1-2825-3c27-b802-e1be0e1eeb12" testName="Iter96001" computerName="EDSAC" duration="00:00:00.0004936" startTime="2010-12-04T14:14:28.6161462+00:00" endTime="2010-12-04T14:14:28.6261468+00:00" testType="13cdc9d9-ddb5-4fa4-a97d-d965ccfc6d4b" outcome="Passed" testListId="8c84fa94-04c1-424b-9868-57a2d4851a1d" relativeResultsDirectory="38ebe3d2-ec80-4875-9adf-fd9112cf3292">
    </UnitTestResult>
    <UnitTestResult executionId="d197e9f9-28e4-4fd0-9aaa-ab773e436adf" testId="603d3527-31ad-433b-f22d-64c8d067b62d" testName="NullOr90704" computerName="EDSAC" duration="00:00:00.0004442" startTime="2010-12-04T14:14:28.6301470+00:00" endTime="2010-12-04T14:14:28.6411476+00:00" testType="13cdc9d9-ddb5-4fa4-a97d-d965ccfc6d4b" outcome="Passed" testListId="8c84fa94-04c1-424b-9868-57a2d4851a1d" relativeResultsDirectory="d197e9f9-28e4-4fd0-9aaa-ab773e436adf">
    </UnitTestResult>
    <UnitTestResult executionId="737c9735-56c2-4cc4-975c-98b5cb2414fc" testId="633e6a31-e7c1-dc4e-810e-71a427cf70a8" testName="IsNot859" computerName="EDSAC" duration="00:00:00.0004414" startTime="2010-12-04T14:14:28.6471480+00:00" endTime="2010-12-04T14:14:28.6571485+00:00" testType="13cdc9d9-ddb5-4fa4-a97d-d965ccfc6d4b" outcome="Passed" testListId="8c84fa94-04c1-424b-9868-57a2d4851a1d" relativeResultsDirectory="737c9735-56c2-4cc4-975c-98b5cb2414fc">
    </UnitTestResult>
    <UnitTestResult executionId="f1408dbb-a71c-4f3a-b37c-165b0eb834a4" testId="640310df-d648-7294-c434-32af677c30c3" testName="UnionAll0135501" computerName="EDSAC" duration="00:00:00.0025308" startTime="2010-12-04T14:14:28.6621488+00:00" endTime="2010-12-04T14:14:28.6741495+00:00" testType="13cdc9d9-ddb5-4fa4-a97d-d965ccfc6d4b" outcome="Passed" testListId="8c84fa94-04c1-424b-9868-57a2d4851a1d" relativeResultsDirectory="f1408dbb-a71c-4f3a-b37c-165b0eb834a4">
    </UnitTestResult>
    <UnitTestResult executionId="d5491617-8a23-4a9a-a378-424a7ea1f3f6" testId="69d4fcec-3787-b518-9138-fc65c3d09ecc" testName="IfNotNull47701" computerName="EDSAC" duration="00:00:00.0004348" startTime="2010-12-04T14:14:28.6781497+00:00" endTime="2010-12-04T14:14:28.6871502+00:00" testType="13cdc9d9-ddb5-4fa4-a97d-d965ccfc6d4b" outcome="Passed" testListId="8c84fa94-04c1-424b-9868-57a2d4851a1d" relativeResultsDirectory="d5491617-8a23-4a9a-a378-424a7ea1f3f6">
    </UnitTestResult>
    <UnitTestResult executionId="d387af85-1cf5-4c97-8379-5d3c2b6546b5" testId="6b5ea87c-ca8e-cd07-2a54-53cd363577f8" testName="ToDictionary65201" computerName="EDSAC" duration="00:00:00.0009719" startTime="2010-12-04T14:14:28.6991509+00:00" endTime="2010-12-04T14:14:28.7171520+00:00" testType="13cdc9d9-ddb5-4fa4-a97d-d965ccfc6d4b" outcome="Passed" testListId="8c84fa94-04c1-424b-9868-57a2d4851a1d" relativeResultsDirectory="d387af85-1cf5-4c97-8379-5d3c2b6546b5">
    </UnitTestResult>
    <UnitTestResult executionId="b8775e17-a1f0-42dc-8621-d4f79af714fc" testId="6f205f53-5c1d-2d23-0592-7823ba18d3aa" testName="IsIn34" computerName="EDSAC" duration="00:00:00.0003952" startTime="2010-12-04T14:14:28.7201521+00:00" endTime="2010-12-04T14:14:28.7341529+00:00" testType="13cdc9d9-ddb5-4fa4-a97d-d965ccfc6d4b" outcome="Passed" testListId="8c84fa94-04c1-424b-9868-57a2d4851a1d" relativeResultsDirectory="b8775e17-a1f0-42dc-8621-d4f79af714fc">
    </UnitTestResult>
    <UnitTestResult executionId="2af4a030-5d25-48d8-9a79-51748f43afef" testId="6fb9b650-50a8-89e9-0d35-3a3dc4939152" testName="Add88502" computerName="EDSAC" duration="00:00:00.0004535" startTime="2010-12-04T14:14:28.7371531+00:00" endTime="2010-12-04T14:14:28.7521540+00:00" testType="13cdc9d9-ddb5-4fa4-a97d-d965ccfc6d4b" outcome="Passed" testListId="8c84fa94-04c1-424b-9868-57a2d4851a1d" relativeResultsDirectory="2af4a030-5d25-48d8-9a79-51748f43afef">
    </UnitTestResult>
    <UnitTestResult executionId="03588dcb-41f5-49d8-9d51-7bc0a7aedecd" testId="70ecef07-25d9-9298-9faa-26825e270b46" testName="Fill0168803" computerName="EDSAC" duration="00:00:00.0003597" startTime="2010-12-04T14:14:28.7611545+00:00" endTime="2010-12-04T14:14:28.7701550+00:00" testType="13cdc9d9-ddb5-4fa4-a97d-d965ccfc6d4b" outcome="Passed" testListId="8c84fa94-04c1-424b-9868-57a2d4851a1d" relativeResultsDirectory="03588dcb-41f5-49d8-9d51-7bc0a7aedecd">
    </UnitTestResult>
    <UnitTestResult executionId="7ccbf834-7e41-44fb-9896-b70806694c8c" testId="71153c10-625e-eee7-0105-ad1f18f9fb72" testName="ForEach78803" computerName="EDSAC" duration="00:00:00.0003840" startTime="2010-12-04T14:14:28.7741552+00:00" endTime="2010-12-04T14:14:28.7831557+00:00" testType="13cdc9d9-ddb5-4fa4-a97d-d965ccfc6d4b" outcome="Passed" testListId="8c84fa94-04c1-424b-9868-57a2d4851a1d" relativeResultsDirectory="7ccbf834-7e41-44fb-9896-b70806694c8c">
    </UnitTestResult>
    <UnitTestResult executionId="a33fa123-9c9c-471e-84ed-6b3da4f08321" testId="71a360e3-d81d-a30a-382f-721ef096f5b1" testName="IfNotNull0192303" computerName="EDSAC" duration="00:00:00.0003718" startTime="2010-12-04T14:14:28.7851558+00:00" endTime="2010-12-04T14:14:28.8001567+00:00" testType="13cdc9d9-ddb5-4fa4-a97d-d965ccfc6d4b" outcome="Passed" testListId="8c84fa94-04c1-424b-9868-57a2d4851a1d" relativeResultsDirectory="a33fa123-9c9c-471e-84ed-6b3da4f08321">
    </UnitTestResult>
    <UnitTestResult executionId="dae8d916-4207-4c92-8803-5278fc0433b2" testId="7206ff03-56a7-ec6c-ffc0-c8679263faa3" testName="As0163211" computerName="EDSAC" duration="00:00:00.0004194" startTime="2010-12-04T14:14:28.8061570+00:00" endTime="2010-12-04T14:14:28.8161576+00:00" testType="13cdc9d9-ddb5-4fa4-a97d-d965ccfc6d4b" outcome="Passed" testListId="8c84fa94-04c1-424b-9868-57a2d4851a1d" relativeResultsDirectory="dae8d916-4207-4c92-8803-5278fc0433b2">
    </UnitTestResult>
    <UnitTestResult executionId="38c5a12f-6715-4614-8694-0b58bd2edc69" testId="73dedb08-3777-9f76-6412-b3470bb8b574" testName="AsEnumerable0314801" computerName="EDSAC" duration="00:00:00.0005002" startTime="2010-12-04T14:14:28.8191578+00:00" endTime="2010-12-04T14:14:28.8291584+00:00" testType="13cdc9d9-ddb5-4fa4-a97d-d965ccfc6d4b" outcome="Passed" testListId="8c84fa94-04c1-424b-9868-57a2d4851a1d" relativeResultsDirectory="38c5a12f-6715-4614-8694-0b58bd2edc69">
    </UnitTestResult>
    <UnitTestResult executionId="9cbea0f5-b39c-40cc-baf6-3364873eb3ef" testId="767e3845-1b47-6225-c38c-e6345e12262a" testName="Is373" computerName="EDSAC" duration="00:00:00.0003700" startTime="2010-12-04T14:14:28.8341586+00:00" endTime="2010-12-04T14:14:28.8461593+00:00" testType="13cdc9d9-ddb5-4fa4-a97d-d965ccfc6d4b" outcome="Passed" testListId="8c84fa94-04c1-424b-9868-57a2d4851a1d" relativeResultsDirectory="9cbea0f5-b39c-40cc-baf6-3364873eb3ef">
    </UnitTestResult>
    <UnitTestResult executionId="b4e1d581-7f4a-4b8f-a384-119293bc1ca9" testId="7743f34e-ac5f-23a3-8e8f-212222420029" testName="As215" computerName="EDSAC" duration="00:00:00.0004628" startTime="2010-12-04T14:14:28.8491595+00:00" endTime="2010-12-04T14:14:28.8631603+00:00" testType="13cdc9d9-ddb5-4fa4-a97d-d965ccfc6d4b" outcome="Passed" testListId="8c84fa94-04c1-424b-9868-57a2d4851a1d" relativeResultsDirectory="b4e1d581-7f4a-4b8f-a384-119293bc1ca9">
    </UnitTestResult>
    <UnitTestResult executionId="5b6fb387-9f33-4c0c-a284-889544aa732e" testId="787c2aca-5007-7e56-5e10-28020b3be468" testName="AsEnumerable0314804" computerName="EDSAC" duration="00:00:00.0005328" startTime="2010-12-04T14:14:28.8691607+00:00" endTime="2010-12-04T14:14:28.8771611+00:00" testType="13cdc9d9-ddb5-4fa4-a97d-d965ccfc6d4b" outcome="Passed" testListId="8c84fa94-04c1-424b-9868-57a2d4851a1d" relativeResultsDirectory="5b6fb387-9f33-4c0c-a284-889544aa732e">
    </UnitTestResult>
    <UnitTestResult executionId="08033393-f5c3-4349-bab8-208e2a35dd43" testId="7896ac03-38fd-b99c-d27e-6cbd208a3f1e" testName="As21502" computerName="EDSAC" duration="00:00:00.0004815" startTime="2010-12-04T14:14:28.8831615+00:00" endTime="2010-12-04T14:14:28.8901619+00:00" testType="13cdc9d9-ddb5-4fa4-a97d-d965ccfc6d4b" outcome="Passed" testListId="8c84fa94-04c1-424b-9868-57a2d4851a1d" relativeResultsDirectory="08033393-f5c3-4349-bab8-208e2a35dd43">
    </UnitTestResult>
    <UnitTestResult executionId="c108006c-5c1e-4e94-a5f6-e2496c9d2ac5" testId="797d7b6c-0b94-436f-8cf2-1181e4378e5e" testName="AddThrowsContractException551" computerName="EDSAC" duration="00:00:00.0005692" startTime="2010-12-04T14:14:28.8931620+00:00" endTime="2010-12-04T14:14:28.9041627+00:00" testType="13cdc9d9-ddb5-4fa4-a97d-d965ccfc6d4b" outcome="Passed" testListId="8c84fa94-04c1-424b-9868-57a2d4851a1d" relativeResultsDirectory="c108006c-5c1e-4e94-a5f6-e2496c9d2ac5">
    </UnitTestResult>
    <UnitTestResult executionId="1b459700-0021-4b41-9844-89dfc22cf398" testId="7a7d56e7-b4b7-3226-df1d-44471276e993" testName="AsEnumerable02ThrowsContractException18" computerName="EDSAC" duration="00:00:00.0005879" startTime="2010-12-04T14:14:28.9081629+00:00" endTime="2010-12-04T14:14:28.9211636+00:00" testType="13cdc9d9-ddb5-4fa4-a97d-d965ccfc6d4b" outcome="Passed" testListId="8c84fa94-04c1-424b-9868-57a2d4851a1d" relativeResultsDirectory="1b459700-0021-4b41-9844-89dfc22cf398">
    </UnitTestResult>
    <UnitTestResult executionId="ecb93396-9e78-48da-abe4-6b256f2bbbe5" testId="7a9400e0-6f1a-74cc-aaf2-4e620d01eac4" testName="As0166402" computerName="EDSAC" duration="00:00:00.0010582" startTime="2010-12-04T14:14:28.9241638+00:00" endTime="2010-12-04T14:14:28.9391647+00:00" testType="13cdc9d9-ddb5-4fa4-a97d-d965ccfc6d4b" outcome="Passed" testListId="8c84fa94-04c1-424b-9868-57a2d4851a1d" relativeResultsDirectory="ecb93396-9e78-48da-abe4-6b256f2bbbe5">
    </UnitTestResult>
    <UnitTestResult executionId="7ab5a91b-7de5-4d90-9812-35f7a901bf81" testId="7a965cd2-e1cf-8636-b94b-9bb1e4688fd0" testName="Iter96004" computerName="EDSAC" duration="00:00:00.0004946" startTime="2010-12-04T14:14:28.9421648+00:00" endTime="2010-12-04T14:14:28.9551656+00:00" testType="13cdc9d9-ddb5-4fa4-a97d-d965ccfc6d4b" outcome="Passed" testListId="8c84fa94-04c1-424b-9868-57a2d4851a1d" relativeResultsDirectory="7ab5a91b-7de5-4d90-9812-35f7a901bf81">
    </UnitTestResult>
    <UnitTestResult executionId="ec7e0f80-6977-4570-bc63-0a8caaca6f78" testId="7a9b0937-239f-a7cc-e1fc-09bbc3508e89" testName="As0130301" computerName="EDSAC" duration="00:00:00.0004054" startTime="2010-12-04T14:14:28.9581657+00:00" endTime="2010-12-04T14:14:28.9741667+00:00" testType="13cdc9d9-ddb5-4fa4-a97d-d965ccfc6d4b" outcome="Passed" testListId="8c84fa94-04c1-424b-9868-57a2d4851a1d" relativeResultsDirectory="ec7e0f80-6977-4570-bc63-0a8caaca6f78">
    </UnitTestResult>
    <UnitTestResult executionId="82658c11-8829-4a62-8137-d3ef76d839cf" testId="7acd9860-9837-fbe5-5425-b774d050444a" testName="ForEach12503" computerName="EDSAC" duration="00:00:00.0003709" startTime="2010-12-04T14:14:28.9761668+00:00" endTime="2010-12-04T14:14:28.9911676+00:00" testType="13cdc9d9-ddb5-4fa4-a97d-d965ccfc6d4b" outcome="Passed" testListId="8c84fa94-04c1-424b-9868-57a2d4851a1d" relativeResultsDirectory="82658c11-8829-4a62-8137-d3ef76d839cf">
    </UnitTestResult>
    <UnitTestResult executionId="57d42cb6-f207-43f4-8e27-fdc0d835ec76" testId="7b6ad291-8507-bfdb-b921-bf2c15c5fff5" testName="IterThrowsContractException889" computerName="EDSAC" duration="00:00:00.0012719" startTime="2010-12-04T14:14:28.9951679+00:00" endTime="2010-12-04T14:14:29.0071685+00:00" testType="13cdc9d9-ddb5-4fa4-a97d-d965ccfc6d4b" outcome="Passed" testListId="8c84fa94-04c1-424b-9868-57a2d4851a1d" relativeResultsDirectory="57d42cb6-f207-43f4-8e27-fdc0d835ec76">
    </UnitTestResult>
    <UnitTestResult executionId="20c32389-e2e7-47ae-b249-cf25ccf7867d" testId="7ba074f7-37b4-86ab-f897-639c59c7afb2" testName="As01402" computerName="EDSAC" duration="00:00:00.0005916" startTime="2010-12-04T14:14:29.0091687+00:00" endTime="2010-12-04T14:14:29.0221694+00:00" testType="13cdc9d9-ddb5-4fa4-a97d-d965ccfc6d4b" outcome="Passed" testListId="8c84fa94-04c1-424b-9868-57a2d4851a1d" relativeResultsDirectory="20c32389-e2e7-47ae-b249-cf25ccf7867d">
    </UnitTestResult>
    <UnitTestResult executionId="845be318-5c08-421b-84f4-89f7c76dc82a" testId="7d40dea1-9f04-830e-f671-256b02c3b5cf" testName="GetByPercentThrowsContractException340" computerName="EDSAC" duration="00:00:00.0005664" startTime="2010-12-04T14:14:29.0251696+00:00" endTime="2010-12-04T14:14:29.0411705+00:00" testType="13cdc9d9-ddb5-4fa4-a97d-d965ccfc6d4b" outcome="Passed" testListId="8c84fa94-04c1-424b-9868-57a2d4851a1d" relativeResultsDirectory="845be318-5c08-421b-84f4-89f7c76dc82a">
    </UnitTestResult>
    <UnitTestResult executionId="fc760370-d79d-4abe-9df4-40a0a359a551" testId="7d85dd6d-e955-0c88-df95-d36cadd3d7ff" testName="IsNullOrEmpty839" computerName="EDSAC" duration="00:00:00.0003732" startTime="2010-12-04T14:14:29.0431706+00:00" endTime="2010-12-04T14:14:29.0581715+00:00" testType="13cdc9d9-ddb5-4fa4-a97d-d965ccfc6d4b" outcome="Passed" testListId="8c84fa94-04c1-424b-9868-57a2d4851a1d" relativeResultsDirectory="fc760370-d79d-4abe-9df4-40a0a359a551">
    </UnitTestResult>
    <UnitTestResult executionId="1247d133-041e-4187-9f47-288dd622ea2a" testId="80003646-df99-feba-93b2-6a809b884bf6" testName="Fill0157102" computerName="EDSAC" duration="00:00:00.0005748" startTime="2010-12-04T14:14:29.0601716+00:00" endTime="2010-12-04T14:14:29.0731723+00:00" testType="13cdc9d9-ddb5-4fa4-a97d-d965ccfc6d4b" outcome="Passed" testListId="8c84fa94-04c1-424b-9868-57a2d4851a1d" relativeResultsDirectory="1247d133-041e-4187-9f47-288dd622ea2a">
    </UnitTestResult>
    <UnitTestResult executionId="6873f5f5-a549-4959-8c7d-6dcb2cb46a7b" testId="808822f6-9c85-0a33-f1f9-4d64c79fb975" testName="As763" computerName="EDSAC" duration="00:00:00.0004848" startTime="2010-12-04T14:14:29.0791727+00:00" endTime="2010-12-04T14:14:29.0891732+00:00" testType="13cdc9d9-ddb5-4fa4-a97d-d965ccfc6d4b" outcome="Passed" testListId="8c84fa94-04c1-424b-9868-57a2d4851a1d" relativeResultsDirectory="6873f5f5-a549-4959-8c7d-6dcb2cb46a7b">
    </UnitTestResult>
    <UnitTestResult executionId="afa45c1c-438d-4df2-b218-8868bb044e69" testId="80c446f8-daa9-dd90-7ba0-f56b79877aec" testName="AsEnumerable0258802" computerName="EDSAC" duration="00:00:00.0005454" startTime="2010-12-04T14:14:29.0941735+00:00" endTime="2010-12-04T14:14:29.1061742+00:00" testType="13cdc9d9-ddb5-4fa4-a97d-d965ccfc6d4b" outcome="Passed" testListId="8c84fa94-04c1-424b-9868-57a2d4851a1d" relativeResultsDirectory="afa45c1c-438d-4df2-b218-8868bb044e69">
    </UnitTestResult>
    <UnitTestResult executionId="e1544a87-7cd8-4b1d-9e65-f591163536f3" testId="8449ab5e-c7c8-6deb-cb03-833888a032c6" testName="Fill0110502" computerName="EDSAC" duration="00:00:00.0003877" startTime="2010-12-04T14:14:29.1101744+00:00" endTime="2010-12-04T14:14:29.1201750+00:00" testType="13cdc9d9-ddb5-4fa4-a97d-d965ccfc6d4b" outcome="Passed" testListId="8c84fa94-04c1-424b-9868-57a2d4851a1d" relativeResultsDirectory="e1544a87-7cd8-4b1d-9e65-f591163536f3">
    </UnitTestResult>
    <UnitTestResult executionId="7eb7041f-3a40-429d-b597-b2cd10a369c9" testId="850912a6-5065-5531-7451-3014a79cee54" testName="As0132107" computerName="EDSAC" duration="00:00:00.0004036" startTime="2010-12-04T14:14:29.1271754+00:00" endTime="2010-12-04T14:14:29.1381760+00:00" testType="13cdc9d9-ddb5-4fa4-a97d-d965ccfc6d4b" outcome="Passed" testListId="8c84fa94-04c1-424b-9868-57a2d4851a1d" relativeResultsDirectory="7eb7041f-3a40-429d-b597-b2cd10a369c9">
    </UnitTestResult>
    <UnitTestResult executionId="608e42ac-34c7-4130-b59b-cabd25113b52" testId="869377b3-dcd6-3fd0-816f-a4a48e30d6c3" testName="To01ThrowsContractException635" computerName="EDSAC" duration="00:00:00.0005356" startTime="2010-12-04T14:14:29.1431763+00:00" endTime="2010-12-04T14:14:29.1511768+00:00" testType="13cdc9d9-ddb5-4fa4-a97d-d965ccfc6d4b" outcome="Passed" testListId="8c84fa94-04c1-424b-9868-57a2d4851a1d" relativeResultsDirectory="608e42ac-34c7-4130-b59b-cabd25113b52">
    </UnitTestResult>
    <UnitTestResult executionId="ec0458c8-0bcf-4f6b-87e8-569022cedbb0" testId="86a0d6ba-240b-81ef-7612-a91dd0bac5dd" testName="To0482501" computerName="EDSAC" duration="00:00:00.0003042" startTime="2010-12-04T14:14:29.1541770+00:00" endTime="2010-12-04T14:14:29.1671777+00:00" testType="13cdc9d9-ddb5-4fa4-a97d-d965ccfc6d4b" outcome="Passed" testListId="8c84fa94-04c1-424b-9868-57a2d4851a1d" relativeResultsDirectory="ec0458c8-0bcf-4f6b-87e8-569022cedbb0">
    </UnitTestResult>
    <UnitTestResult executionId="211ed63a-1255-4b5e-8aff-585d80a69348" testId="86c02588-b87f-32bd-880b-56b0d73c1993" testName="NullOr71401" computerName="EDSAC" duration="00:00:00.0004773" startTime="2010-12-04T14:14:29.1701779+00:00" endTime="2010-12-04T14:14:29.1851787+00:00" testType="13cdc9d9-ddb5-4fa4-a97d-d965ccfc6d4b" outcome="Passed" testListId="8c84fa94-04c1-424b-9868-57a2d4851a1d" relativeResultsDirectory="211ed63a-1255-4b5e-8aff-585d80a69348">
    </UnitTestResult>
    <UnitTestResult executionId="5e4081a7-2c12-432f-9fcf-c67a9cbda061" testId="8795f817-2bb9-9d00-f981-a3a8a2b7335e" testName="Add88501" computerName="EDSAC" duration="00:00:00.0004894" startTime="2010-12-04T14:14:29.1871788+00:00" endTime="2010-12-04T14:14:29.2011796+00:00" testType="13cdc9d9-ddb5-4fa4-a97d-d965ccfc6d4b" outcome="Passed" testListId="8c84fa94-04c1-424b-9868-57a2d4851a1d" relativeResultsDirectory="5e4081a7-2c12-432f-9fcf-c67a9cbda061">
    </UnitTestResult>
    <UnitTestResult executionId="6191ae6d-48fa-4df9-9a98-08912d4d39c2" testId="8a248c8c-38d6-117a-cb08-bb2fddeae117" testName="ForEach12501" computerName="EDSAC" duration="00:00:00.0004297" startTime="2010-12-04T14:14:29.2031798+00:00" endTime="2010-12-04T14:14:29.2131803+00:00" testType="13cdc9d9-ddb5-4fa4-a97d-d965ccfc6d4b" outcome="Passed" testListId="8c84fa94-04c1-424b-9868-57a2d4851a1d" relativeResultsDirectory="6191ae6d-48fa-4df9-9a98-08912d4d39c2">
    </UnitTestResult>
    <UnitTestResult executionId="23c0e436-c65f-42a8-8e12-1b0a64038790" testId="8d424c8f-9c8d-8bdb-c98c-1e76a87f52e2" testName="Shuffle565" computerName="EDSAC" duration="00:00:00.0034449" startTime="2010-12-04T14:14:29.2161805+00:00" endTime="2010-12-04T14:14:29.2341815+00:00" testType="13cdc9d9-ddb5-4fa4-a97d-d965ccfc6d4b" outcome="Passed" testListId="8c84fa94-04c1-424b-9868-57a2d4851a1d" relativeResultsDirectory="23c0e436-c65f-42a8-8e12-1b0a64038790">
    </UnitTestResult>
    <UnitTestResult executionId="64954cc9-c9a0-4799-a198-3f5c938676ec" testId="8dec4c0d-9137-8bca-e823-6edddad67b2a" testName="As568" computerName="EDSAC" duration="00:00:00.0006593" startTime="2010-12-04T14:14:29.2391818+00:00" endTime="2010-12-04T14:14:29.2511825+00:00" testType="13cdc9d9-ddb5-4fa4-a97d-d965ccfc6d4b" outcome="Passed" testListId="8c84fa94-04c1-424b-9868-57a2d4851a1d" relativeResultsDirectory="64954cc9-c9a0-4799-a198-3f5c938676ec">
    </UnitTestResult>
    <UnitTestResult executionId="d0da5ed4-23d1-4cef-b77c-ebe028ae249c" testId="8e9dd2cf-ab74-a19e-4fae-41caa637e0ed" testName="AsEnumerable03ThrowsContractException289" computerName="EDSAC" duration="00:00:00.0006229" startTime="2010-12-04T14:14:29.2551827+00:00" endTime="2010-12-04T14:14:29.2651833+00:00" testType="13cdc9d9-ddb5-4fa4-a97d-d965ccfc6d4b" outcome="Passed" testListId="8c84fa94-04c1-424b-9868-57a2d4851a1d" relativeResultsDirectory="d0da5ed4-23d1-4cef-b77c-ebe028ae249c">
    </UnitTestResult>
    <UnitTestResult executionId="dc474151-b0ca-48fe-a59c-9027da9ae039" testId="8f15350a-b612-7c9b-89ff-1e54a29d9340" testName="To03ThrowsContractException968" computerName="EDSAC" duration="00:00:00.0007358" startTime="2010-12-04T14:14:29.2671834+00:00" endTime="2010-12-04T14:14:29.2811842+00:00" testType="13cdc9d9-ddb5-4fa4-a97d-d965ccfc6d4b" outcome="Passed" testListId="8c84fa94-04c1-424b-9868-57a2d4851a1d" relativeResultsDirectory="dc474151-b0ca-48fe-a59c-9027da9ae039">
    </UnitTestResult>
    <UnitTestResult executionId="c6eaea56-8c62-4a9b-a397-e3881648aacd" testId="8f214c0c-af12-b9fb-ae32-e2f0e522a10f" testName="NullOr90702" computerName="EDSAC" duration="00:00:00.0004554" startTime="2010-12-04T14:14:29.2831843+00:00" endTime="2010-12-04T14:14:29.2921848+00:00" testType="13cdc9d9-ddb5-4fa4-a97d-d965ccfc6d4b" outcome="Passed" testListId="8c84fa94-04c1-424b-9868-57a2d4851a1d" relativeResultsDirectory="c6eaea56-8c62-4a9b-a397-e3881648aacd">
    </UnitTestResult>
    <UnitTestResult executionId="297d5d53-9abf-4a54-8b96-886b721e1e6e" testId="90427aa6-8cf4-b956-2b3f-9546b7107ae7" testName="TimesThrowsContractException662" computerName="EDSAC" duration="00:00:00.0006070" startTime="2010-12-04T14:14:29.2941850+00:00" endTime="2010-12-04T14:14:29.3021854+00:00" testType="13cdc9d9-ddb5-4fa4-a97d-d965ccfc6d4b" outcome="Passed" testListId="8c84fa94-04c1-424b-9868-57a2d4851a1d" relativeResultsDirectory="297d5d53-9abf-4a54-8b96-886b721e1e6e">
    </UnitTestResult>
    <UnitTestResult executionId="cd56ca0b-f606-44ee-a982-0c14ae2f2e7a" testId="91ad74e2-7f98-39c5-b2ac-d6979eb1e521" testName="As0163239" computerName="EDSAC" duration="00:00:00.0004176" startTime="2010-12-04T14:14:29.3061856+00:00" endTime="2010-12-04T14:14:29.3151862+00:00" testType="13cdc9d9-ddb5-4fa4-a97d-d965ccfc6d4b" outcome="Passed" testListId="8c84fa94-04c1-424b-9868-57a2d4851a1d" relativeResultsDirectory="cd56ca0b-f606-44ee-a982-0c14ae2f2e7a">
    </UnitTestResult>
    <UnitTestResult executionId="92d02eff-cc31-47f3-86b1-9d8ebfbc5d5e" testId="920395ef-4d81-2796-a8e3-57b62c679836" testName="As0132102" computerName="EDSAC" duration="00:00:00.0004260" startTime="2010-12-04T14:14:29.3231866+00:00" endTime="2010-12-04T14:14:29.3321871+00:00" testType="13cdc9d9-ddb5-4fa4-a97d-d965ccfc6d4b" outcome="Passed" testListId="8c84fa94-04c1-424b-9868-57a2d4851a1d" relativeResultsDirectory="92d02eff-cc31-47f3-86b1-9d8ebfbc5d5e">
    </UnitTestResult>
    <UnitTestResult executionId="2a9f2be5-fff3-40cf-a5ca-16b6b5ac87ee" testId="92c796c7-6140-7467-0f72-263f4de0d5fd" testName="Add88504" computerName="EDSAC" duration="00:00:00.0005160" startTime="2010-12-04T14:14:29.3341872+00:00" endTime="2010-12-04T14:14:29.3501882+00:00" testType="13cdc9d9-ddb5-4fa4-a97d-d965ccfc6d4b" outcome="Passed" testListId="8c84fa94-04c1-424b-9868-57a2d4851a1d" relativeResultsDirectory="2a9f2be5-fff3-40cf-a5ca-16b6b5ac87ee">
    </UnitTestResult>
    <UnitTestResult executionId="4b2d18c6-869c-417e-a383-fee557129e39" testId="94c02084-a2f4-8ed3-b12d-a1ac0caf9379" testName="AsEnumerable01ThrowsContractException5" computerName="EDSAC" duration="00:00:00.0007503" startTime="2010-12-04T14:14:29.3531883+00:00" endTime="2010-12-04T14:14:29.3671891+00:00" testType="13cdc9d9-ddb5-4fa4-a97d-d965ccfc6d4b" outcome="Passed" testListId="8c84fa94-04c1-424b-9868-57a2d4851a1d" relativeResultsDirectory="4b2d18c6-869c-417e-a383-fee557129e39">
    </UnitTestResult>
    <UnitTestResult executionId="e15ab485-a0e8-43fe-96e5-cc016197f2cf" testId="9611d5ba-c78e-b7b6-592f-64194d91b456" testName="AsEnumerable56004" computerName="EDSAC" duration="00:00:00.0003975" startTime="2010-12-04T14:14:29.3701893+00:00" endTime="2010-12-04T14:14:29.3851902+00:00" testType="13cdc9d9-ddb5-4fa4-a97d-d965ccfc6d4b" outcome="Passed" testListId="8c84fa94-04c1-424b-9868-57a2d4851a1d" relativeResultsDirectory="e15ab485-a0e8-43fe-96e5-cc016197f2cf">
    </UnitTestResult>
    <UnitTestResult executionId="9e18eaec-84f5-4a91-b689-f5ac69b49b00" testId="97102229-37fa-e978-ffae-7fd4c7300f98" testName="NullOr90703" computerName="EDSAC" duration="00:00:00.0004642" startTime="2010-12-04T14:14:29.3871903+00:00" endTime="2010-12-04T14:14:29.4011911+00:00" testType="13cdc9d9-ddb5-4fa4-a97d-d965ccfc6d4b" outcome="Passed" testListId="8c84fa94-04c1-424b-9868-57a2d4851a1d" relativeResultsDirectory="9e18eaec-84f5-4a91-b689-f5ac69b49b00">
    </UnitTestResult>
    <UnitTestResult executionId="3145dbf0-68a0-48de-9dfe-3aaba1059540" testId="97495e35-0952-692a-91b0-3d721dc574e4" testName="As0166004" computerName="EDSAC" duration="00:00:00.0007913" startTime="2010-12-04T14:14:29.4031912+00:00" endTime="2010-12-04T14:14:29.4181921+00:00" testType="13cdc9d9-ddb5-4fa4-a97d-d965ccfc6d4b" outcome="Passed" testListId="8c84fa94-04c1-424b-9868-57a2d4851a1d" relativeResultsDirectory="3145dbf0-68a0-48de-9dfe-3aaba1059540">
    </UnitTestResult>
    <UnitTestResult executionId="ff02e08b-ace8-46a0-aba2-568ccdaffeba" testId="98f1539c-0085-97ac-e6d6-c700951efc19" testName="RangeThrowsContractException841" computerName="EDSAC" duration="00:00:00.0006168" startTime="2010-12-04T14:14:29.4211922+00:00" endTime="2010-12-04T14:14:29.4351930+00:00" testType="13cdc9d9-ddb5-4fa4-a97d-d965ccfc6d4b" outcome="Passed" testListId="8c84fa94-04c1-424b-9868-57a2d4851a1d" relativeResultsDirectory="ff02e08b-ace8-46a0-aba2-568ccdaffeba">
    </UnitTestResult>
    <UnitTestResult executionId="29d27073-f54a-4b31-a6c2-45d1a1763d8e" testId="990a1706-3c38-5c79-dd26-6bf2a85de470" testName="As0163233" computerName="EDSAC" duration="00:00:00.0005240" startTime="2010-12-04T14:14:29.4391933+00:00" endTime="2010-12-04T14:14:29.4521940+00:00" testType="13cdc9d9-ddb5-4fa4-a97d-d965ccfc6d4b" outcome="Passed" testListId="8c84fa94-04c1-424b-9868-57a2d4851a1d" relativeResultsDirectory="29d27073-f54a-4b31-a6c2-45d1a1763d8e">
    </UnitTestResult>
    <UnitTestResult executionId="aca8c4cf-74f5-4ec1-b888-86a7360d971b" testId="9a12b8c7-dd2a-27a8-8e5c-846cf91e7a67" testName="ForEach78804" computerName="EDSAC" duration="00:00:00.0003840" startTime="2010-12-04T14:14:29.4551942+00:00" endTime="2010-12-04T14:14:29.4671949+00:00" testType="13cdc9d9-ddb5-4fa4-a97d-d965ccfc6d4b" outcome="Passed" testListId="8c84fa94-04c1-424b-9868-57a2d4851a1d" relativeResultsDirectory="aca8c4cf-74f5-4ec1-b888-86a7360d971b">
    </UnitTestResult>
    <UnitTestResult executionId="94b8b3b5-b721-49d8-82a6-2a517834fdb9" testId="9b2baef8-8cea-f431-96b6-95e1ddfaf4a9" testName="As29401" computerName="EDSAC" duration="00:00:00.0006616" startTime="2010-12-04T14:14:29.4691950+00:00" endTime="2010-12-04T14:14:29.4831958+00:00" testType="13cdc9d9-ddb5-4fa4-a97d-d965ccfc6d4b" outcome="Passed" testListId="8c84fa94-04c1-424b-9868-57a2d4851a1d" relativeResultsDirectory="94b8b3b5-b721-49d8-82a6-2a517834fdb9">
    </UnitTestResult>
    <UnitTestResult executionId="4a35c3fb-df19-4a37-8c18-9e5759a253d0" testId="9bfa0b14-def6-4233-8f09-efbae74ca192" testName="Iter96003" computerName="EDSAC" duration="00:00:00.0004950" startTime="2010-12-04T14:14:29.4901962+00:00" endTime="2010-12-04T14:14:29.5011968+00:00" testType="13cdc9d9-ddb5-4fa4-a97d-d965ccfc6d4b" outcome="Passed" testListId="8c84fa94-04c1-424b-9868-57a2d4851a1d" relativeResultsDirectory="4a35c3fb-df19-4a37-8c18-9e5759a253d0">
    </UnitTestResult>
    <UnitTestResult executionId="13b5282d-9685-47ba-bcfb-1c5a5df1c083" testId="9d4922e1-95bb-cc07-dd59-02aa21bc0c9d" testName="As6" computerName="EDSAC" duration="00:00:00.0007521" startTime="2010-12-04T14:14:29.5041970+00:00" endTime="2010-12-04T14:14:29.5171977+00:00" testType="13cdc9d9-ddb5-4fa4-a97d-d965ccfc6d4b" outcome="Passed" testListId="8c84fa94-04c1-424b-9868-57a2d4851a1d" relativeResultsDirectory="13b5282d-9685-47ba-bcfb-1c5a5df1c083">
    </UnitTestResult>
    <UnitTestResult executionId="c0ae3659-f65e-4f9b-b8bf-11eaf3cd0397" testId="9ed7c416-1a7b-4673-195d-ca2e196d2a2e" testName="With25501" computerName="EDSAC" duration="00:00:00.0010680" startTime="2010-12-04T14:14:29.5211979+00:00" endTime="2010-12-04T14:14:29.5321986+00:00" testType="13cdc9d9-ddb5-4fa4-a97d-d965ccfc6d4b" outcome="Passed" testListId="8c84fa94-04c1-424b-9868-57a2d4851a1d" relativeResultsDirectory="c0ae3659-f65e-4f9b-b8bf-11eaf3cd0397">
    </UnitTestResult>
    <UnitTestResult executionId="39131a9b-aa4a-4202-82f1-8c4a06e9862f" testId="a45582f8-3825-adac-44bf-8fa9e3381e89" testName="ForEach78801" computerName="EDSAC" duration="00:00:00.0003849" startTime="2010-12-04T14:14:29.5341987+00:00" endTime="2010-12-04T14:14:29.5471994+00:00" testType="13cdc9d9-ddb5-4fa4-a97d-d965ccfc6d4b" outcome="Passed" testListId="8c84fa94-04c1-424b-9868-57a2d4851a1d" relativeResultsDirectory="39131a9b-aa4a-4202-82f1-8c4a06e9862f">
    </UnitTestResult>
    <UnitTestResult executionId="1b9d23b5-e6a9-48fe-b4d9-4e070066cb61" testId="a5088dbd-9f6a-bb83-e64a-07cfd5052c81" testName="As0130303" computerName="EDSAC" duration="00:00:00.0003961" startTime="2010-12-04T14:14:29.5511997+00:00" endTime="2010-12-04T14:14:29.5652005+00:00" testType="13cdc9d9-ddb5-4fa4-a97d-d965ccfc6d4b" outcome="Passed" testListId="8c84fa94-04c1-424b-9868-57a2d4851a1d" relativeResultsDirectory="1b9d23b5-e6a9-48fe-b4d9-4e070066cb61">
    </UnitTestResult>
    <UnitTestResult executionId="c29d33f9-9a1f-468b-973e-385907dba506" testId="a51caca7-6a0e-8bea-fb89-3104ddb0e38a" testName="Fill105" computerName="EDSAC" duration="00:00:00.0002678" startTime="2010-12-04T14:14:29.5702007+00:00" endTime="2010-12-04T14:14:29.5822014+00:00" testType="13cdc9d9-ddb5-4fa4-a97d-d965ccfc6d4b" outcome="Passed" testListId="8c84fa94-04c1-424b-9868-57a2d4851a1d" relativeResultsDirectory="c29d33f9-9a1f-468b-973e-385907dba506">
    </UnitTestResult>
    <UnitTestResult executionId="f5207163-2084-4249-a4be-128e51c15011" testId="a56170ce-b399-e27e-e213-58e00eb4c436" testName="As0163238" computerName="EDSAC" duration="00:00:00.0003802" startTime="2010-12-04T14:14:29.5842015+00:00" endTime="2010-12-04T14:14:29.6002025+00:00" testType="13cdc9d9-ddb5-4fa4-a97d-d965ccfc6d4b" outcome="Passed" testListId="8c84fa94-04c1-424b-9868-57a2d4851a1d" relativeResultsDirectory="f5207163-2084-4249-a4be-128e51c15011">
    </UnitTestResult>
    <UnitTestResult executionId="a4e08ade-c11a-47d7-9f70-c08daa1e5437" testId="a65b5eab-4121-901b-449c-fc9aba07d07b" testName="IfNotNull0192302" computerName="EDSAC" duration="00:00:00.0003756" startTime="2010-12-04T14:14:29.6022026+00:00" endTime="2010-12-04T14:14:29.6252039+00:00" testType="13cdc9d9-ddb5-4fa4-a97d-d965ccfc6d4b" outcome="Passed" testListId="8c84fa94-04c1-424b-9868-57a2d4851a1d" relativeResultsDirectory="a4e08ade-c11a-47d7-9f70-c08daa1e5437">
    </UnitTestResult>
    <UnitTestResult executionId="b68931b7-806a-4e31-b8f6-60b49a940fa0" testId="a8ed7a3a-0e05-4105-ece6-4d106523c6c6" testName="ShuffleThrowsContractException285" computerName="EDSAC" duration="00:00:00.0005916" startTime="2010-12-04T14:14:29.6282041+00:00" endTime="2010-12-04T14:14:29.6422049+00:00" testType="13cdc9d9-ddb5-4fa4-a97d-d965ccfc6d4b" outcome="Passed" testListId="8c84fa94-04c1-424b-9868-57a2d4851a1d" relativeResultsDirectory="b68931b7-806a-4e31-b8f6-60b49a940fa0">
    </UnitTestResult>
    <UnitTestResult executionId="4a2f726f-35c3-4716-902e-1dc12bd2bf36" testId="aa951c3d-ee4a-9ede-aac2-7e390167d171" testName="As0163244" computerName="EDSAC" duration="00:00:00.0003984" startTime="2010-12-04T14:14:29.6442050+00:00" endTime="2010-12-04T14:14:29.6572057+00:00" testType="13cdc9d9-ddb5-4fa4-a97d-d965ccfc6d4b" outcome="Passed" testListId="8c84fa94-04c1-424b-9868-57a2d4851a1d" relativeResultsDirectory="4a2f726f-35c3-4716-902e-1dc12bd2bf36">
    </UnitTestResult>
    <UnitTestResult executionId="8071a83f-d46c-4207-b42a-3f086d30b32a" testId="ab4705e8-14a4-6e9f-baf9-e3d238e84cf8" testName="As0163210" computerName="EDSAC" duration="00:00:00.0003770" startTime="2010-12-04T14:14:29.6622060+00:00" endTime="2010-12-04T14:14:29.6722066+00:00" testType="13cdc9d9-ddb5-4fa4-a97d-d965ccfc6d4b" outcome="Passed" testListId="8c84fa94-04c1-424b-9868-57a2d4851a1d" relativeResultsDirectory="8071a83f-d46c-4207-b42a-3f086d30b32a">
    </UnitTestResult>
    <UnitTestResult executionId="d76497ea-bed9-4b91-a7a1-cd87cc3a3e41" testId="ad25e31e-4a53-f08b-b3bd-cfdcb07226a0" testName="IsInThrowsContractException285" computerName="EDSAC" duration="00:00:00.0005785" startTime="2010-12-04T14:14:29.6792070+00:00" endTime="2010-12-04T14:14:29.6882075+00:00" testType="13cdc9d9-ddb5-4fa4-a97d-d965ccfc6d4b" outcome="Passed" testListId="8c84fa94-04c1-424b-9868-57a2d4851a1d" relativeResultsDirectory="d76497ea-bed9-4b91-a7a1-cd87cc3a3e41">
    </UnitTestResult>
    <UnitTestResult executionId="89fb9897-0c79-44e5-8dbb-ac7a20453d94" testId="aef19ea6-eb47-a1be-032c-8930cda21d9c" testName="ForEachThrowsContractException904" computerName="EDSAC" duration="00:00:00.0005627" startTime="2010-12-04T14:14:29.6902076+00:00" endTime="2010-12-04T14:14:29.7052085+00:00" testType="13cdc9d9-ddb5-4fa4-a97d-d965ccfc6d4b" outcome="Passed" testListId="8c84fa94-04c1-424b-9868-57a2d4851a1d" relativeResultsDirectory="89fb9897-0c79-44e5-8dbb-ac7a20453d94">
    </UnitTestResult>
    <UnitTestResult executionId="637bb829-35cd-4f32-96c5-c27d97828b1d" testId="afe5b38f-db93-5765-7ecd-49d9214e51e3" testName="AsEnumerableThrowsContractException9" computerName="EDSAC" duration="00:00:00.0006453" startTime="2010-12-04T14:14:29.7102088+00:00" endTime="2010-12-04T14:14:29.7222094+00:00" testType="13cdc9d9-ddb5-4fa4-a97d-d965ccfc6d4b" outcome="Passed" testListId="8c84fa94-04c1-424b-9868-57a2d4851a1d" relativeResultsDirectory="637bb829-35cd-4f32-96c5-c27d97828b1d">
    </UnitTestResult>
    <UnitTestResult executionId="b4d86aff-98c5-4217-b0e4-54017cb815d8" testId="b037dab8-9f99-92da-4740-6e79cccc1e32" testName="FillThrowsContractException543" computerName="EDSAC" duration="00:00:00.0005361" startTime="2010-12-04T14:14:29.7242096+00:00" endTime="2010-12-04T14:14:29.7362102+00:00" testType="13cdc9d9-ddb5-4fa4-a97d-d965ccfc6d4b" outcome="Passed" testListId="8c84fa94-04c1-424b-9868-57a2d4851a1d" relativeResultsDirectory="b4d86aff-98c5-4217-b0e4-54017cb815d8">
    </UnitTestResult>
    <UnitTestResult executionId="a02656a0-f443-4024-9ad8-edd5215b0a21" testId="b03d2b82-a5f5-4a0a-521f-fd9e431b28da" testName="As21503" computerName="EDSAC" duration="00:00:00.0008510" startTime="2010-12-04T14:14:29.7372103+00:00" endTime="2010-12-04T14:14:29.7532112+00:00" testType="13cdc9d9-ddb5-4fa4-a97d-d965ccfc6d4b" outcome="Passed" testListId="8c84fa94-04c1-424b-9868-57a2d4851a1d" relativeResultsDirectory="a02656a0-f443-4024-9ad8-edd5215b0a21">
    </UnitTestResult>
    <UnitTestResult executionId="e022659a-c141-478f-8dea-1c5d95813175" testId="b086ebe0-6bb0-f4b4-2d74-97b1a10dd517" testName="IfNotNull0159702" computerName="EDSAC" duration="00:00:00.0003480" startTime="2010-12-04T14:14:29.7612117+00:00" endTime="2010-12-04T14:14:29.7702122+00:00" testType="13cdc9d9-ddb5-4fa4-a97d-d965ccfc6d4b" outcome="Passed" testListId="8c84fa94-04c1-424b-9868-57a2d4851a1d" relativeResultsDirectory="e022659a-c141-478f-8dea-1c5d95813175">
    </UnitTestResult>
    <UnitTestResult executionId="ca9e645f-1733-4e1d-a146-2d20dc400427" testId="b1e8fb4c-7380-ad76-529d-dbdac5528194" testName="As21519" computerName="EDSAC" duration="00:00:00.0007022" startTime="2010-12-04T14:14:29.7742124+00:00" endTime="2010-12-04T14:14:29.7872132+00:00" testType="13cdc9d9-ddb5-4fa4-a97d-d965ccfc6d4b" outcome="Passed" testListId="8c84fa94-04c1-424b-9868-57a2d4851a1d" relativeResultsDirectory="ca9e645f-1733-4e1d-a146-2d20dc400427">
    </UnitTestResult>
    <UnitTestResult executionId="fda180b3-b923-44d1-a356-376f41be48a8" testId="b2c4141e-1dfd-f110-5623-435719fb340e" testName="AsEnumerable0258801" computerName="EDSAC" duration="00:00:00.0005510" startTime="2010-12-04T14:14:29.7902133+00:00" endTime="2010-12-04T14:14:29.8052142+00:00" testType="13cdc9d9-ddb5-4fa4-a97d-d965ccfc6d4b" outcome="Passed" testListId="8c84fa94-04c1-424b-9868-57a2d4851a1d" relativeResultsDirectory="fda180b3-b923-44d1-a356-376f41be48a8">
    </UnitTestResult>
    <UnitTestResult executionId="f23adda3-4646-417e-ad13-7c5582a74c8c" testId="b30e4a1d-f330-da4d-3e81-5c536003275c" testName="As0132104" computerName="EDSAC" duration="00:00:00.0003896" startTime="2010-12-04T14:14:29.8112145+00:00" endTime="2010-12-04T14:14:29.8212151+00:00" testType="13cdc9d9-ddb5-4fa4-a97d-d965ccfc6d4b" outcome="Passed" testListId="8c84fa94-04c1-424b-9868-57a2d4851a1d" relativeResultsDirectory="f23adda3-4646-417e-ad13-7c5582a74c8c">
    </UnitTestResult>
    <UnitTestResult executionId="8222d183-bf5c-4aa1-8ecf-16d96377b42d" testId="b67c54ae-5aad-e1cc-2b17-0ad544f3f701" testName="IfNotNullThrowsContractException197" computerName="EDSAC" duration="00:00:00.0006023" startTime="2010-12-04T14:14:29.8262154+00:00" endTime="2010-12-04T14:14:29.8342158+00:00" testType="13cdc9d9-ddb5-4fa4-a97d-d965ccfc6d4b" outcome="Passed" testListId="8c84fa94-04c1-424b-9868-57a2d4851a1d" relativeResultsDirectory="8222d183-bf5c-4aa1-8ecf-16d96377b42d">
    </UnitTestResult>
    <UnitTestResult executionId="164c5261-8f7a-46cf-9f06-48f3e7650f39" testId="b70d24a9-e4cc-d879-39c7-bc30de9e70ab" testName="As0163215" computerName="EDSAC" duration="00:00:00.0005114" startTime="2010-12-04T14:14:29.8392161+00:00" endTime="2010-12-04T14:14:29.8472166+00:00" testType="13cdc9d9-ddb5-4fa4-a97d-d965ccfc6d4b" outcome="Passed" testListId="8c84fa94-04c1-424b-9868-57a2d4851a1d" relativeResultsDirectory="164c5261-8f7a-46cf-9f06-48f3e7650f39">
    </UnitTestResult>
    <UnitTestResult executionId="c0efa268-e589-4b5e-8d04-2e5f06cd57d0" testId="b74830d0-a6ce-14b6-0d35-7c2e849267f3" testName="Add29603" computerName="EDSAC" duration="00:00:00.0004652" startTime="2010-12-04T14:14:29.8552170+00:00" endTime="2010-12-04T14:14:29.8672177+00:00" testType="13cdc9d9-ddb5-4fa4-a97d-d965ccfc6d4b" outcome="Passed" testListId="8c84fa94-04c1-424b-9868-57a2d4851a1d" relativeResultsDirectory="c0efa268-e589-4b5e-8d04-2e5f06cd57d0">
    </UnitTestResult>
    <UnitTestResult executionId="42c7ecf3-90d0-4c36-9d07-b335904f8b46" testId="b7fcc578-5aaf-c60a-749d-838a3f516168" testName="To0146301" computerName="EDSAC" duration="00:00:00.0003093" startTime="2010-12-04T14:14:29.8742181+00:00" endTime="2010-12-04T14:14:29.8832187+00:00" testType="13cdc9d9-ddb5-4fa4-a97d-d965ccfc6d4b" outcome="Passed" testListId="8c84fa94-04c1-424b-9868-57a2d4851a1d" relativeResultsDirectory="42c7ecf3-90d0-4c36-9d07-b335904f8b46">
    </UnitTestResult>
    <UnitTestResult executionId="f5a46bac-1ca2-45ee-baf8-27011a6208f1" testId="b8e531ca-ec94-5331-cc83-d2332ab01f85" testName="Fill0157101" computerName="EDSAC" duration="00:00:00.0003536" startTime="2010-12-04T14:14:29.8922192+00:00" endTime="2010-12-04T14:14:29.9032198+00:00" testType="13cdc9d9-ddb5-4fa4-a97d-d965ccfc6d4b" outcome="Passed" testListId="8c84fa94-04c1-424b-9868-57a2d4851a1d" relativeResultsDirectory="f5a46bac-1ca2-45ee-baf8-27011a6208f1">
    </UnitTestResult>
    <UnitTestResult executionId="b8c27349-0183-4e5c-881f-8d1526659673" testId="b99ec452-b626-078c-5efb-2041d6f255c4" testName="As21504" computerName="EDSAC" duration="00:00:00.0004703" startTime="2010-12-04T14:14:29.9052199+00:00" endTime="2010-12-04T14:14:29.9192207+00:00" testType="13cdc9d9-ddb5-4fa4-a97d-d965ccfc6d4b" outcome="Passed" testListId="8c84fa94-04c1-424b-9868-57a2d4851a1d" relativeResultsDirectory="b8c27349-0183-4e5c-881f-8d1526659673">
    </UnitTestResult>
    <UnitTestResult executionId="d4055611-6ee2-4bb5-b419-7aafc4ae1497" testId="baf4ce3c-1fc7-efc9-3438-7f66d5c18bcf" testName="As01403" computerName="EDSAC" duration="00:00:00.0005888" startTime="2010-12-04T14:14:29.9252211+00:00" endTime="2010-12-04T14:14:29.9332215+00:00" testType="13cdc9d9-ddb5-4fa4-a97d-d965ccfc6d4b" outcome="Passed" testListId="8c84fa94-04c1-424b-9868-57a2d4851a1d" relativeResultsDirectory="d4055611-6ee2-4bb5-b419-7aafc4ae1497">
    </UnitTestResult>
    <UnitTestResult executionId="112baac7-30de-4465-811f-083dc7b9dd8b" testId="bbc45056-7304-0cf8-18ec-0f56b7abf591" testName="As0198304" computerName="EDSAC" duration="00:00:00.0007073" startTime="2010-12-04T14:14:29.9392219+00:00" endTime="2010-12-04T14:14:29.9512225+00:00" testType="13cdc9d9-ddb5-4fa4-a97d-d965ccfc6d4b" outcome="Passed" testListId="8c84fa94-04c1-424b-9868-57a2d4851a1d" relativeResultsDirectory="112baac7-30de-4465-811f-083dc7b9dd8b">
    </UnitTestResult>
    <UnitTestResult executionId="779b257b-aa12-4846-a3a5-b19ef22072e5" testId="bbe65d68-71ba-72ec-21d1-a0b54bdef612" testName="AsEnumerable0128304" computerName="EDSAC" duration="00:00:00.0004908" startTime="2010-12-04T14:14:29.9542227+00:00" endTime="2010-12-04T14:14:29.9672235+00:00" testType="13cdc9d9-ddb5-4fa4-a97d-d965ccfc6d4b" outcome="Passed" testListId="8c84fa94-04c1-424b-9868-57a2d4851a1d" relativeResultsDirectory="779b257b-aa12-4846-a3a5-b19ef22072e5">
    </UnitTestResult>
    <UnitTestResult executionId="c6c5444c-a97f-4b60-9f31-f349324dd842" testId="bbfb3b40-32b8-1a5f-ae60-bf53c22dbf87" testName="Random01ThrowsContractException221" computerName="EDSAC" duration="00:00:00.0006121" startTime="2010-12-04T14:14:29.9722237+00:00" endTime="2010-12-04T14:14:29.9842244+00:00" testType="13cdc9d9-ddb5-4fa4-a97d-d965ccfc6d4b" outcome="Passed" testListId="8c84fa94-04c1-424b-9868-57a2d4851a1d" relativeResultsDirectory="c6c5444c-a97f-4b60-9f31-f349324dd842">
    </UnitTestResult>
    <UnitTestResult executionId="02d692c8-f995-4e59-9dad-bf14c7eb8a6e" testId="bd00057e-88b2-1e9c-846b-ed190ddc5717" testName="To0488601" computerName="EDSAC" duration="00:00:00.0002753" startTime="2010-12-04T14:14:29.9862245+00:00" endTime="2010-12-04T14:14:30.0022255+00:00" testType="13cdc9d9-ddb5-4fa4-a97d-d965ccfc6d4b" outcome="Passed" testListId="8c84fa94-04c1-424b-9868-57a2d4851a1d" relativeResultsDirectory="02d692c8-f995-4e59-9dad-bf14c7eb8a6e">
    </UnitTestResult>
    <UnitTestResult executionId="5e6413fe-3ae9-49de-a9a3-01258a8ad326" testId="bd7ec864-24ff-4ca6-8f63-6e2fe4065d39" testName="To20301" computerName="EDSAC" duration="00:00:00.0031080" startTime="2010-12-04T14:14:30.0062257+00:00" endTime="2010-12-04T14:14:30.0222266+00:00" testType="13cdc9d9-ddb5-4fa4-a97d-d965ccfc6d4b" outcome="Passed" testListId="8c84fa94-04c1-424b-9868-57a2d4851a1d" relativeResultsDirectory="5e6413fe-3ae9-49de-a9a3-01258a8ad326">
    </UnitTestResult>
    <UnitTestResult executionId="336e567b-ccc4-4a3d-b887-348c87585c98" testId="bdf76499-e0f6-3d7b-4432-982ba6c3b223" testName="Fill0168801" computerName="EDSAC" duration="00:00:00.0003560" startTime="2010-12-04T14:14:30.0242267+00:00" endTime="2010-12-04T14:14:30.0392276+00:00" testType="13cdc9d9-ddb5-4fa4-a97d-d965ccfc6d4b" outcome="Passed" testListId="8c84fa94-04c1-424b-9868-57a2d4851a1d" relativeResultsDirectory="336e567b-ccc4-4a3d-b887-348c87585c98">
    </UnitTestResult>
    <UnitTestResult executionId="cce2dd63-76dc-4f5f-8c40-6ed290c158bd" testId="be772578-3bd6-fe1e-69ad-baa513f62b0b" testName="As0163226" computerName="EDSAC" duration="00:00:00.0003910" startTime="2010-12-04T14:14:30.0432278+00:00" endTime="2010-12-04T14:14:30.0542284+00:00" testType="13cdc9d9-ddb5-4fa4-a97d-d965ccfc6d4b" outcome="Passed" testListId="8c84fa94-04c1-424b-9868-57a2d4851a1d" relativeResultsDirectory="cce2dd63-76dc-4f5f-8c40-6ed290c158bd">
    </UnitTestResult>
    <UnitTestResult executionId="355a1ed1-6b63-4ef2-a7b4-d582cf24a9bf" testId="bf4b4d8f-a9c5-278f-9d0c-4140566dfe7e" testName="As0130302" computerName="EDSAC" duration="00:00:00.0003807" startTime="2010-12-04T14:14:30.0642290+00:00" endTime="2010-12-04T14:14:30.0792299+00:00" testType="13cdc9d9-ddb5-4fa4-a97d-d965ccfc6d4b" outcome="Passed" testListId="8c84fa94-04c1-424b-9868-57a2d4851a1d" relativeResultsDirectory="355a1ed1-6b63-4ef2-a7b4-d582cf24a9bf">
    </UnitTestResult>
    <UnitTestResult executionId="e108b370-7f26-4c0a-9957-21358adb5967" testId="c0b049d8-5af1-212d-f646-b9a7aa76e7aa" testName="As0163235" computerName="EDSAC" duration="00:00:00.0003788" startTime="2010-12-04T14:14:30.0852302+00:00" endTime="2010-12-04T14:14:30.0932307+00:00" testType="13cdc9d9-ddb5-4fa4-a97d-d965ccfc6d4b" outcome="Passed" testListId="8c84fa94-04c1-424b-9868-57a2d4851a1d" relativeResultsDirectory="e108b370-7f26-4c0a-9957-21358adb5967">
    </UnitTestResult>
    <UnitTestResult executionId="c97cfb71-b14c-46aa-b1eb-fa65ecda3294" testId="c1a99b6a-4871-2d6d-84e0-0bd7f3ff5348" testName="GetByPercentThrowsContractException277" computerName="EDSAC" duration="00:00:00.0005809" startTime="2010-12-04T14:14:30.0962308+00:00" endTime="2010-12-04T14:14:30.1082315+00:00" testType="13cdc9d9-ddb5-4fa4-a97d-d965ccfc6d4b" outcome="Passed" testListId="8c84fa94-04c1-424b-9868-57a2d4851a1d" relativeResultsDirectory="c97cfb71-b14c-46aa-b1eb-fa65ecda3294">
    </UnitTestResult>
    <UnitTestResult executionId="e92f3488-eb45-4daf-96fe-fb0094854aa3" testId="c35eb805-49e5-7d06-b69d-ba684aaa6791" testName="TakeEveryThrowsContractException998" computerName="EDSAC" duration="00:00:00.0007451" startTime="2010-12-04T14:14:30.1152319+00:00" endTime="2010-12-04T14:14:30.1222323+00:00" testType="13cdc9d9-ddb5-4fa4-a97d-d965ccfc6d4b" outcome="Passed" testListId="8c84fa94-04c1-424b-9868-57a2d4851a1d" relativeResultsDirectory="e92f3488-eb45-4daf-96fe-fb0094854aa3">
    </UnitTestResult>
    <UnitTestResult executionId="8fa45c0e-0033-4a42-8fad-ec5f6b70275d" testId="c3a5f774-5c25-7fa7-593c-10a98b5db768" testName="Execute424" computerName="EDSAC" duration="00:00:00.0002631" startTime="2010-12-04T14:14:30.1272326+00:00" endTime="2010-12-04T14:14:30.1392333+00:00" testType="13cdc9d9-ddb5-4fa4-a97d-d965ccfc6d4b" outcome="Passed" testListId="8c84fa94-04c1-424b-9868-57a2d4851a1d" relativeResultsDirectory="8fa45c0e-0033-4a42-8fad-ec5f6b70275d">
    </UnitTestResult>
    <UnitTestResult executionId="4bd37e99-80d0-4ebc-b557-bc7634ffd866" testId="c3b85211-1b55-61c6-8d42-782c04048184" testName="AsEnumerable0258804" computerName="EDSAC" duration="00:00:00.0005408" startTime="2010-12-04T14:14:30.1422335+00:00" endTime="2010-12-04T14:14:30.1542342+00:00" testType="13cdc9d9-ddb5-4fa4-a97d-d965ccfc6d4b" outcome="Passed" testListId="8c84fa94-04c1-424b-9868-57a2d4851a1d" relativeResultsDirectory="4bd37e99-80d0-4ebc-b557-bc7634ffd866">
    </UnitTestResult>
    <UnitTestResult executionId="e4e7f4ef-b714-4e10-a3e0-7dded25f6055" testId="c3e8dcc2-bac7-2a0c-9c06-8dc4838145f3" testName="Fill0168802" computerName="EDSAC" duration="00:00:00.0003788" startTime="2010-12-04T14:14:30.1602345+00:00" endTime="2010-12-04T14:14:30.1702351+00:00" testType="13cdc9d9-ddb5-4fa4-a97d-d965ccfc6d4b" outcome="Passed" testListId="8c84fa94-04c1-424b-9868-57a2d4851a1d" relativeResultsDirectory="e4e7f4ef-b714-4e10-a3e0-7dded25f6055">
    </UnitTestResult>
    <UnitTestResult executionId="67a90efa-0a3a-4b74-95af-40c1ae9917dd" testId="c441e89e-f895-2b6d-e75c-6ac07c647d62" testName="AsEnumerable0128303" computerName="EDSAC" duration="00:00:00.0003938" startTime="2010-12-04T14:14:30.1722352+00:00" endTime="2010-12-04T14:14:30.1892362+00:00" testType="13cdc9d9-ddb5-4fa4-a97d-d965ccfc6d4b" outcome="Passed" testListId="8c84fa94-04c1-424b-9868-57a2d4851a1d" relativeResultsDirectory="67a90efa-0a3a-4b74-95af-40c1ae9917dd">
    </UnitTestResult>
    <UnitTestResult executionId="61306d54-65ca-48ac-a8b4-b7c2d97a868f" testId="c75708a0-bd76-5c05-5aaa-8fcb10fd4321" testName="ToThrowsContractException891" computerName="EDSAC" duration="00:00:00.0005188" startTime="2010-12-04T14:14:30.1922363+00:00" endTime="2010-12-04T14:14:30.2022369+00:00" testType="13cdc9d9-ddb5-4fa4-a97d-d965ccfc6d4b" outcome="Passed" testListId="8c84fa94-04c1-424b-9868-57a2d4851a1d" relativeResultsDirectory="61306d54-65ca-48ac-a8b4-b7c2d97a868f">
    </UnitTestResult>
    <UnitTestResult executionId="84876d99-d3e5-43d3-95bd-fd3c6feb33ae" testId="c764531a-8b43-978a-82fa-64e183192f81" testName="IsNullOrEmpty963" computerName="EDSAC" duration="00:00:00.0003513" startTime="2010-12-04T14:14:30.2072372+00:00" endTime="2010-12-04T14:14:30.2162377+00:00" testType="13cdc9d9-ddb5-4fa4-a97d-d965ccfc6d4b" outcome="Passed" testListId="8c84fa94-04c1-424b-9868-57a2d4851a1d" relativeResultsDirectory="84876d99-d3e5-43d3-95bd-fd3c6feb33ae">
    </UnitTestResult>
    <UnitTestResult executionId="04216203-a702-4f1a-a528-344ae8b32342" testId="c80221bd-ca0a-aa23-6b81-2ed5f20f8d5f" testName="As0163229" computerName="EDSAC" duration="00:00:00.0003872" startTime="2010-12-04T14:14:30.2232381+00:00" endTime="2010-12-04T14:14:30.2312386+00:00" testType="13cdc9d9-ddb5-4fa4-a97d-d965ccfc6d4b" outcome="Passed" testListId="8c84fa94-04c1-424b-9868-57a2d4851a1d" relativeResultsDirectory="04216203-a702-4f1a-a528-344ae8b32342">
    </UnitTestResult>
    <UnitTestResult executionId="d73cbcc5-7648-44dc-883e-3aa8cd42788f" testId="cc8275a0-551e-d39e-ef08-c6785391cae1" testName="UnionAll01ThrowsContractException68" computerName="EDSAC" duration="00:00:00.0005995" startTime="2010-12-04T14:14:30.2332387+00:00" endTime="2010-12-04T14:14:30.2462394+00:00" testType="13cdc9d9-ddb5-4fa4-a97d-d965ccfc6d4b" outcome="Passed" testListId="8c84fa94-04c1-424b-9868-57a2d4851a1d" relativeResultsDirectory="d73cbcc5-7648-44dc-883e-3aa8cd42788f">
    </UnitTestResult>
    <UnitTestResult executionId="8c152cfa-32fa-4075-a9c0-c7e95c76dd59" testId="cdf50321-c0eb-ddc4-0179-2919c2028903" testName="IsIn01570" computerName="EDSAC" duration="00:00:00.0003485" startTime="2010-12-04T14:14:30.2492396+00:00" endTime="2010-12-04T14:14:30.2642404+00:00" testType="13cdc9d9-ddb5-4fa4-a97d-d965ccfc6d4b" outcome="Passed" testListId="8c84fa94-04c1-424b-9868-57a2d4851a1d" relativeResultsDirectory="8c152cfa-32fa-4075-a9c0-c7e95c76dd59">
    </UnitTestResult>
    <UnitTestResult executionId="b0490d17-339f-4773-8908-b549d59e6546" testId="d0140d76-78ce-58b3-2274-c95b28b0ccfb" testName="As0163234" computerName="EDSAC" duration="00:00:00.0004810" startTime="2010-12-04T14:14:30.2742410+00:00" endTime="2010-12-04T14:14:30.2812414+00:00" testType="13cdc9d9-ddb5-4fa4-a97d-d965ccfc6d4b" outcome="Passed" testListId="8c84fa94-04c1-424b-9868-57a2d4851a1d" relativeResultsDirectory="b0490d17-339f-4773-8908-b549d59e6546">
    </UnitTestResult>
    <UnitTestResult executionId="90e29ba2-c38c-4ff2-9d78-c43f2909bfda" testId="d045283f-2980-ed70-af3d-611e9266ab64" testName="To0120301" computerName="EDSAC" duration="00:00:00.0002808" startTime="2010-12-04T14:14:30.2882418+00:00" endTime="2010-12-04T14:14:30.2972423+00:00" testType="13cdc9d9-ddb5-4fa4-a97d-d965ccfc6d4b" outcome="Passed" testListId="8c84fa94-04c1-424b-9868-57a2d4851a1d" relativeResultsDirectory="90e29ba2-c38c-4ff2-9d78-c43f2909bfda">
    </UnitTestResult>
    <UnitTestResult executionId="a9620b9b-59c4-466c-9ec1-dc81ac561608" testId="d5027f5f-1da1-2a25-97cf-1e7da6a062b5" testName="Fill0157104" computerName="EDSAC" duration="00:00:00.0003714" startTime="2010-12-04T14:14:30.3002425+00:00" endTime="2010-12-04T14:14:30.3132432+00:00" testType="13cdc9d9-ddb5-4fa4-a97d-d965ccfc6d4b" outcome="Passed" testListId="8c84fa94-04c1-424b-9868-57a2d4851a1d" relativeResultsDirectory="a9620b9b-59c4-466c-9ec1-dc81ac561608">
    </UnitTestResult>
    <UnitTestResult executionId="2263d74b-4380-489e-adcb-c9490d885d51" testId="d56f2fbf-3f3e-cba1-4f8d-7b34cec35b0a" testName="As0198303" computerName="EDSAC" duration="00:00:00.0006896" startTime="2010-12-04T14:14:30.3162434+00:00" endTime="2010-12-04T14:14:30.3322443+00:00" testType="13cdc9d9-ddb5-4fa4-a97d-d965ccfc6d4b" outcome="Passed" testListId="8c84fa94-04c1-424b-9868-57a2d4851a1d" relativeResultsDirectory="2263d74b-4380-489e-adcb-c9490d885d51">
    </UnitTestResult>
    <UnitTestResult executionId="42d08aac-de78-40b4-9be4-d3d017c6196f" testId="d75bbbff-3e3e-ac68-2b4f-48cfb14f2d0a" testName="IfNotNull17303" computerName="EDSAC" duration="00:00:00.0003826" startTime="2010-12-04T14:14:30.3392447+00:00" endTime="2010-12-04T14:14:30.3462451+00:00" testType="13cdc9d9-ddb5-4fa4-a97d-d965ccfc6d4b" outcome="Passed" testListId="8c84fa94-04c1-424b-9868-57a2d4851a1d" relativeResultsDirectory="42d08aac-de78-40b4-9be4-d3d017c6196f">
    </UnitTestResult>
    <UnitTestResult executionId="c67806c1-b2f7-45c0-a419-f196f1a7768d" testId="d820847a-a64d-718b-5774-4886058277c3" testName="Add29602" computerName="EDSAC" duration="00:00:00.0004596" startTime="2010-12-04T14:14:30.3492453+00:00" endTime="2010-12-04T14:14:30.3622461+00:00" testType="13cdc9d9-ddb5-4fa4-a97d-d965ccfc6d4b" outcome="Passed" testListId="8c84fa94-04c1-424b-9868-57a2d4851a1d" relativeResultsDirectory="c67806c1-b2f7-45c0-a419-f196f1a7768d">
    </UnitTestResult>
    <UnitTestResult executionId="e6fb027a-6425-49a1-83ab-8b5230850e02" testId="d8af0a27-8cd9-d036-917e-00672cd2689b" testName="IfNotNull47703" computerName="EDSAC" duration="00:00:00.0003779" startTime="2010-12-04T14:14:30.3642462+00:00" endTime="2010-12-04T14:14:30.3782470+00:00" testType="13cdc9d9-ddb5-4fa4-a97d-d965ccfc6d4b" outcome="Passed" testListId="8c84fa94-04c1-424b-9868-57a2d4851a1d" relativeResultsDirectory="e6fb027a-6425-49a1-83ab-8b5230850e02">
    </UnitTestResult>
    <UnitTestResult executionId="fc3fa9db-952c-4cb5-8a4c-993cb1da30b3" testId="d97a225a-e31a-2138-2fae-7b4109b25275" testName="As928" computerName="EDSAC" duration="00:00:00.0004666" startTime="2010-12-04T14:14:30.3802471+00:00" endTime="2010-12-04T14:14:30.3942479+00:00" testType="13cdc9d9-ddb5-4fa4-a97d-d965ccfc6d4b" outcome="Passed" testListId="8c84fa94-04c1-424b-9868-57a2d4851a1d" relativeResultsDirectory="fc3fa9db-952c-4cb5-8a4c-993cb1da30b3">
    </UnitTestResult>
    <UnitTestResult executionId="90812f4c-82a5-4db7-9c43-5c7c98f670f4" testId="d982986f-d5cc-bb8f-d6d8-e2a54e2f4dd0" testName="EmptyIfNull574" computerName="EDSAC" duration="00:00:00.0007447" startTime="2010-12-04T14:14:30.4012483+00:00" endTime="2010-12-04T14:14:30.4122489+00:00" testType="13cdc9d9-ddb5-4fa4-a97d-d965ccfc6d4b" outcome="Passed" testListId="8c84fa94-04c1-424b-9868-57a2d4851a1d" relativeResultsDirectory="90812f4c-82a5-4db7-9c43-5c7c98f670f4">
    </UnitTestResult>
    <UnitTestResult executionId="12ce1e96-1160-434c-b511-001e236f2bfc" testId="db3b4c9b-bf56-f07b-1edd-3db630376de3" testName="IfNotNull47702" computerName="EDSAC" duration="00:00:00.0003882" startTime="2010-12-04T14:14:30.4172492+00:00" endTime="2010-12-04T14:14:30.4292499+00:00" testType="13cdc9d9-ddb5-4fa4-a97d-d965ccfc6d4b" outcome="Passed" testListId="8c84fa94-04c1-424b-9868-57a2d4851a1d" relativeResultsDirectory="12ce1e96-1160-434c-b511-001e236f2bfc">
    </UnitTestResult>
    <UnitTestResult executionId="a53159be-86e4-4629-8bdc-7e20c017e726" testId="db3b6314-b1da-7626-0e4e-61abbddac9d6" testName="To72301" computerName="EDSAC" duration="00:00:00.0002986" startTime="2010-12-04T14:14:30.4322501+00:00" endTime="2010-12-04T14:14:30.4432507+00:00" testType="13cdc9d9-ddb5-4fa4-a97d-d965ccfc6d4b" outcome="Passed" testListId="8c84fa94-04c1-424b-9868-57a2d4851a1d" relativeResultsDirectory="a53159be-86e4-4629-8bdc-7e20c017e726">
    </UnitTestResult>
    <UnitTestResult executionId="28d0049d-c735-456d-803e-db8991e90724" testId="dc08494a-5655-aecb-96fc-b52817050a2a" testName="As0163212" computerName="EDSAC" duration="00:00:00.0004008" startTime="2010-12-04T14:14:30.4452508+00:00" endTime="2010-12-04T14:14:30.4592516+00:00" testType="13cdc9d9-ddb5-4fa4-a97d-d965ccfc6d4b" outcome="Passed" testListId="8c84fa94-04c1-424b-9868-57a2d4851a1d" relativeResultsDirectory="28d0049d-c735-456d-803e-db8991e90724">
    </UnitTestResult>
    <UnitTestResult executionId="c02f693a-0792-4d9b-984f-bbef1e9cbe8f" testId="de06015f-869e-46b8-4b51-8c7b049b2b96" testName="As0136701" computerName="EDSAC" duration="00:00:00.0005893" startTime="2010-12-04T14:14:30.4602517+00:00" endTime="2010-12-04T14:14:30.4762526+00:00" testType="13cdc9d9-ddb5-4fa4-a97d-d965ccfc6d4b" outcome="Passed" testListId="8c84fa94-04c1-424b-9868-57a2d4851a1d" relativeResultsDirectory="c02f693a-0792-4d9b-984f-bbef1e9cbe8f">
    </UnitTestResult>
    <UnitTestResult executionId="4f1a639e-9d22-417d-bd97-d7ceebabb50f" testId="de9d9ca9-6d6f-fece-a7ad-0d011ee5cf94" testName="As0132106" computerName="EDSAC" duration="00:00:00.0004124" startTime="2010-12-04T14:14:30.4832530+00:00" endTime="2010-12-04T14:14:30.4942536+00:00" testType="13cdc9d9-ddb5-4fa4-a97d-d965ccfc6d4b" outcome="Passed" testListId="8c84fa94-04c1-424b-9868-57a2d4851a1d" relativeResultsDirectory="4f1a639e-9d22-417d-bd97-d7ceebabb50f">
    </UnitTestResult>
    <UnitTestResult executionId="eef5be1c-651c-43ab-859a-bda1954a9b9d" testId="e18cfbc3-f9cf-311e-f710-177b71a46e6d" testName="WithThrowsContractException374" computerName="EDSAC" duration="00:00:00.0005408" startTime="2010-12-04T14:14:30.5032541+00:00" endTime="2010-12-04T14:14:30.5142547+00:00" testType="13cdc9d9-ddb5-4fa4-a97d-d965ccfc6d4b" outcome="Passed" testListId="8c84fa94-04c1-424b-9868-57a2d4851a1d" relativeResultsDirectory="eef5be1c-651c-43ab-859a-bda1954a9b9d">
    </UnitTestResult>
    <UnitTestResult executionId="eaf76d03-9472-401a-8edf-502ba1b43dc4" testId="e30391ee-1b3b-ee9f-b02c-b47de478c33f" testName="As0132108" computerName="EDSAC" duration="00:00:00.0003770" startTime="2010-12-04T14:14:30.5162549+00:00" endTime="2010-12-04T14:14:30.5332558+00:00" testType="13cdc9d9-ddb5-4fa4-a97d-d965ccfc6d4b" outcome="Passed" testListId="8c84fa94-04c1-424b-9868-57a2d4851a1d" relativeResultsDirectory="eaf76d03-9472-401a-8edf-502ba1b43dc4">
    </UnitTestResult>
    <UnitTestResult executionId="4acccf6d-8d73-4403-ba26-2c06b93cb5eb" testId="e37183df-04ce-aa53-28d5-e792188a2202" testName="As0163220" computerName="EDSAC" duration="00:00:00.0005011" startTime="2010-12-04T14:14:30.5352559+00:00" endTime="2010-12-04T14:14:30.5492567+00:00" testType="13cdc9d9-ddb5-4fa4-a97d-d965ccfc6d4b" outcome="Passed" testListId="8c84fa94-04c1-424b-9868-57a2d4851a1d" relativeResultsDirectory="4acccf6d-8d73-4403-ba26-2c06b93cb5eb">
    </UnitTestResult>
    <UnitTestResult executionId="a452ba71-a52a-4610-925c-64b7326e78c8" testId="e5623ce5-a9dc-7c7d-ffdc-f4cf28cd97aa" testName="InvokeIfRequiredThrowsContractException870" computerName="EDSAC" duration="00:00:00.0011548" startTime="2010-12-04T14:14:30.5512569+00:00" endTime="2010-12-04T14:14:30.5672578+00:00" testType="13cdc9d9-ddb5-4fa4-a97d-d965ccfc6d4b" outcome="Passed" testListId="8c84fa94-04c1-424b-9868-57a2d4851a1d" relativeResultsDirectory="a452ba71-a52a-4610-925c-64b7326e78c8">
    </UnitTestResult>
    <UnitTestResult executionId="34df7c11-d9ae-4825-8bb0-b1913fce6631" testId="e5750d14-09bb-ec70-127b-652a47b7dd9c" testName="As0163214" computerName="EDSAC" duration="00:00:00.0003840" startTime="2010-12-04T14:14:30.5692579+00:00" endTime="2010-12-04T14:14:30.5842587+00:00" testType="13cdc9d9-ddb5-4fa4-a97d-d965ccfc6d4b" outcome="Passed" testListId="8c84fa94-04c1-424b-9868-57a2d4851a1d" relativeResultsDirectory="34df7c11-d9ae-4825-8bb0-b1913fce6631">
    </UnitTestResult>
    <UnitTestResult executionId="c02cf8a2-9ec5-4555-a39d-8df6070459b7" testId="e77c7ab7-183b-1f93-57a3-77e0403bec4c" testName="Fill0157103" computerName="EDSAC" duration="00:00:00.0003611" startTime="2010-12-04T14:14:30.5872589+00:00" endTime="2010-12-04T14:14:30.6032598+00:00" testType="13cdc9d9-ddb5-4fa4-a97d-d965ccfc6d4b" outcome="Passed" testListId="8c84fa94-04c1-424b-9868-57a2d4851a1d" relativeResultsDirectory="c02cf8a2-9ec5-4555-a39d-8df6070459b7">
    </UnitTestResult>
    <UnitTestResult executionId="a073a536-130c-4cf2-b5ae-38ddfa0cd20a" testId="e80fc0c4-2914-56fc-191b-489f27774cbc" testName="As0136703" computerName="EDSAC" duration="00:00:00.0006000" startTime="2010-12-04T14:14:30.6062600+00:00" endTime="2010-12-04T14:14:30.6422621+00:00" testType="13cdc9d9-ddb5-4fa4-a97d-d965ccfc6d4b" outcome="Passed" testListId="8c84fa94-04c1-424b-9868-57a2d4851a1d" relativeResultsDirectory="a073a536-130c-4cf2-b5ae-38ddfa0cd20a">
    </UnitTestResult>
    <UnitTestResult executionId="b03d700b-fcd6-4e64-8f37-47bc95108aee" testId="e860bbd5-6ce1-07c3-fd03-d14cbeda5d8f" testName="Fill57101" computerName="EDSAC" duration="00:00:00.0002533" startTime="2010-12-04T14:14:30.6462623+00:00" endTime="2010-12-04T14:14:30.6602631+00:00" testType="13cdc9d9-ddb5-4fa4-a97d-d965ccfc6d4b" outcome="Passed" testListId="8c84fa94-04c1-424b-9868-57a2d4851a1d" relativeResultsDirectory="b03d700b-fcd6-4e64-8f37-47bc95108aee">
    </UnitTestResult>
    <UnitTestResult executionId="ab55c535-ddfa-441a-b6f9-033a3d19d780" testId="e89c0529-2532-190e-5936-91edd9263fb1" testName="IfNotNull0192304" computerName="EDSAC" duration="00:00:00.0003588" startTime="2010-12-04T14:14:30.6682636+00:00" endTime="2010-12-04T14:14:30.6762640+00:00" testType="13cdc9d9-ddb5-4fa4-a97d-d965ccfc6d4b" outcome="Passed" testListId="8c84fa94-04c1-424b-9868-57a2d4851a1d" relativeResultsDirectory="ab55c535-ddfa-441a-b6f9-033a3d19d780">
    </UnitTestResult>
    <UnitTestResult executionId="679a2b0e-4177-40c7-8da6-96aa1a1b8bcc" testId="e8ca73cc-b93e-0f49-9374-ed860ffbd677" testName="RangeThrowsContractException187" computerName="EDSAC" duration="00:00:00.0006313" startTime="2010-12-04T14:14:30.6792642+00:00" endTime="2010-12-04T14:14:30.6952651+00:00" testType="13cdc9d9-ddb5-4fa4-a97d-d965ccfc6d4b" outcome="Passed" testListId="8c84fa94-04c1-424b-9868-57a2d4851a1d" relativeResultsDirectory="679a2b0e-4177-40c7-8da6-96aa1a1b8bcc">
    </UnitTestResult>
    <UnitTestResult executionId="dcc9d0b4-fb88-4836-a550-26f92d205589" testId="e966bfbe-0422-eb75-f093-b800f9c629b7" testName="As0163217" computerName="EDSAC" duration="00:00:00.0003933" startTime="2010-12-04T14:14:30.6982653+00:00" endTime="2010-12-04T14:14:30.7112660+00:00" testType="13cdc9d9-ddb5-4fa4-a97d-d965ccfc6d4b" outcome="Passed" testListId="8c84fa94-04c1-424b-9868-57a2d4851a1d" relativeResultsDirectory="dcc9d0b4-fb88-4836-a550-26f92d205589">
    </UnitTestResult>
    <UnitTestResult executionId="3437461f-8e70-4a62-bb35-b34e64ed5eb0" testId="ea12baf4-c62d-b0ca-b8ec-0dd742c09890" testName="As21501" computerName="EDSAC" duration="00:00:00.0004740" startTime="2010-12-04T14:14:30.7172664+00:00" endTime="2010-12-04T14:14:30.7322672+00:00" testType="13cdc9d9-ddb5-4fa4-a97d-d965ccfc6d4b" outcome="Passed" testListId="8c84fa94-04c1-424b-9868-57a2d4851a1d" relativeResultsDirectory="3437461f-8e70-4a62-bb35-b34e64ed5eb0">
    </UnitTestResult>
    <UnitTestResult executionId="5e9cd041-23d4-4051-bfaa-ceb89e8f9783" testId="ea8ee283-08b1-8adf-4aa4-5e76e4a476d8" testName="As0132109" computerName="EDSAC" duration="00:00:00.0003840" startTime="2010-12-04T14:14:30.7352674+00:00" endTime="2010-12-04T14:14:30.7492682+00:00" testType="13cdc9d9-ddb5-4fa4-a97d-d965ccfc6d4b" outcome="Passed" testListId="8c84fa94-04c1-424b-9868-57a2d4851a1d" relativeResultsDirectory="5e9cd041-23d4-4051-bfaa-ceb89e8f9783">
    </UnitTestResult>
    <UnitTestResult executionId="87c3f056-0422-446e-b6c2-d798ede39854" testId="eaed8830-28b9-0d81-19c8-50909473733c" testName="As0163230" computerName="EDSAC" duration="00:00:00.0003919" startTime="2010-12-04T14:14:30.7522684+00:00" endTime="2010-12-04T14:14:30.7652691+00:00" testType="13cdc9d9-ddb5-4fa4-a97d-d965ccfc6d4b" outcome="Passed" testListId="8c84fa94-04c1-424b-9868-57a2d4851a1d" relativeResultsDirectory="87c3f056-0422-446e-b6c2-d798ede39854">
    </UnitTestResult>
    <UnitTestResult executionId="a616f43d-08f7-4337-b29b-a355317dfb97" testId="ec55615d-1e36-c752-f2bf-b20284d0ae33" testName="As0163223" computerName="EDSAC" duration="00:00:00.0005086" startTime="2010-12-04T14:14:30.7672692+00:00" endTime="2010-12-04T14:14:30.7822701+00:00" testType="13cdc9d9-ddb5-4fa4-a97d-d965ccfc6d4b" outcome="Passed" testListId="8c84fa94-04c1-424b-9868-57a2d4851a1d" relativeResultsDirectory="a616f43d-08f7-4337-b29b-a355317dfb97">
    </UnitTestResult>
    <UnitTestResult executionId="a395a09b-29ed-4709-92a1-0f4e9a3473f9" testId="ec99d1a9-4b49-a94f-134c-f58d11b57222" testName="AsEnumerable56002" computerName="EDSAC" duration="00:00:00.0003872" startTime="2010-12-04T14:14:30.7922706+00:00" endTime="2010-12-04T14:14:30.8002711+00:00" testType="13cdc9d9-ddb5-4fa4-a97d-d965ccfc6d4b" outcome="Passed" testListId="8c84fa94-04c1-424b-9868-57a2d4851a1d" relativeResultsDirectory="a395a09b-29ed-4709-92a1-0f4e9a3473f9">
    </UnitTestResult>
    <UnitTestResult executionId="a19da1a3-aa8f-4aff-8261-a73aff62db73" testId="ee7a26ae-f08b-c1d5-713f-d21139c592b9" testName="As0163216" computerName="EDSAC" duration="00:00:00.0004232" startTime="2010-12-04T14:14:30.8042713+00:00" endTime="2010-12-04T14:14:30.8172721+00:00" testType="13cdc9d9-ddb5-4fa4-a97d-d965ccfc6d4b" outcome="Passed" testListId="8c84fa94-04c1-424b-9868-57a2d4851a1d" relativeResultsDirectory="a19da1a3-aa8f-4aff-8261-a73aff62db73">
    </UnitTestResult>
    <UnitTestResult executionId="dc64b761-1508-4c6d-951c-04f56c4465d9" testId="eeb34c89-a7df-f580-faa2-1b58190ee5be" testName="Add29604" computerName="EDSAC" duration="00:00:00.0004568" startTime="2010-12-04T14:14:30.8182721+00:00" endTime="2010-12-04T14:14:30.8342730+00:00" testType="13cdc9d9-ddb5-4fa4-a97d-d965ccfc6d4b" outcome="Passed" testListId="8c84fa94-04c1-424b-9868-57a2d4851a1d" relativeResultsDirectory="dc64b761-1508-4c6d-951c-04f56c4465d9">
    </UnitTestResult>
    <UnitTestResult executionId="04090aa9-f679-43a6-9460-23bd44f1952e" testId="f026b4fd-1d5b-6d3d-657e-a3e832a7de61" testName="To46301" computerName="EDSAC" duration="00:00:00.0002776" startTime="2010-12-04T14:14:30.8372732+00:00" endTime="2010-12-04T14:14:30.8472738+00:00" testType="13cdc9d9-ddb5-4fa4-a97d-d965ccfc6d4b" outcome="Passed" testListId="8c84fa94-04c1-424b-9868-57a2d4851a1d" relativeResultsDirectory="04090aa9-f679-43a6-9460-23bd44f1952e">
    </UnitTestResult>
    <UnitTestResult executionId="c68fd3bd-d9ef-42c9-85e9-20230698103b" testId="f342f959-584b-70f7-fc12-f7e45c365653" testName="AsEnumerable0314802" computerName="EDSAC" duration="00:00:00.0004838" startTime="2010-12-04T14:14:30.8502740+00:00" endTime="2010-12-04T14:14:30.8642748+00:00" testType="13cdc9d9-ddb5-4fa4-a97d-d965ccfc6d4b" outcome="Passed" testListId="8c84fa94-04c1-424b-9868-57a2d4851a1d" relativeResultsDirectory="c68fd3bd-d9ef-42c9-85e9-20230698103b">
    </UnitTestResult>
    <UnitTestResult executionId="f51a0a88-6f6c-48ff-871d-faa7199a230e" testId="f4a16930-7fb5-1364-b2bb-1dffeb9040de" testName="Add60903" computerName="EDSAC" duration="00:00:00.0005487" startTime="2010-12-04T14:14:30.8672749+00:00" endTime="2010-12-04T14:14:30.8782756+00:00" testType="13cdc9d9-ddb5-4fa4-a97d-d965ccfc6d4b" outcome="Passed" testListId="8c84fa94-04c1-424b-9868-57a2d4851a1d" relativeResultsDirectory="f51a0a88-6f6c-48ff-871d-faa7199a230e">
    </UnitTestResult>
    <UnitTestResult executionId="2c512c21-1086-462e-90b1-95c4b9da942c" testId="f4f76af5-0d54-7bf8-8ba4-b32803d7a374" testName="As21508" computerName="EDSAC" duration="00:00:00.0008142" startTime="2010-12-04T14:14:30.8802757+00:00" endTime="2010-12-04T14:14:30.8942765+00:00" testType="13cdc9d9-ddb5-4fa4-a97d-d965ccfc6d4b" outcome="Passed" testListId="8c84fa94-04c1-424b-9868-57a2d4851a1d" relativeResultsDirectory="2c512c21-1086-462e-90b1-95c4b9da942c">
    </UnitTestResult>
    <UnitTestResult executionId="b94394f0-a96b-4662-bcaf-0dd0a1cd0878" testId="f51de229-4761-6e36-e9f5-2ae1d5b346f0" testName="ForEach90801" computerName="EDSAC" duration="00:00:00.0003840" startTime="2010-12-04T14:14:30.8972767+00:00" endTime="2010-12-04T14:14:30.9122775+00:00" testType="13cdc9d9-ddb5-4fa4-a97d-d965ccfc6d4b" outcome="Passed" testListId="8c84fa94-04c1-424b-9868-57a2d4851a1d" relativeResultsDirectory="b94394f0-a96b-4662-bcaf-0dd0a1cd0878">
    </UnitTestResult>
    <UnitTestResult executionId="b55303ca-3e2a-4ad8-9556-6aba5c05eeee" testId="f56d5205-e252-235c-3244-90ee14efb3f4" testName="InvokeIfRequired01ThrowsContractException382" computerName="EDSAC" duration="00:00:00.0016830" startTime="2010-12-04T14:14:30.9142776+00:00" endTime="2010-12-04T14:14:30.9292785+00:00" testType="13cdc9d9-ddb5-4fa4-a97d-d965ccfc6d4b" outcome="Passed" testListId="8c84fa94-04c1-424b-9868-57a2d4851a1d" relativeResultsDirectory="b55303ca-3e2a-4ad8-9556-6aba5c05eeee">
    </UnitTestResult>
    <UnitTestResult executionId="974dc9b2-0718-4454-87a7-c41992b374a8" testId="f5f02455-4aef-8763-5044-dc094bc64ba2" testName="ForEach12502" computerName="EDSAC" duration="00:00:00.0003938" startTime="2010-12-04T14:14:30.9382790+00:00" endTime="2010-12-04T14:14:30.9482796+00:00" testType="13cdc9d9-ddb5-4fa4-a97d-d965ccfc6d4b" outcome="Passed" testListId="8c84fa94-04c1-424b-9868-57a2d4851a1d" relativeResultsDirectory="974dc9b2-0718-4454-87a7-c41992b374a8">
    </UnitTestResult>
    <UnitTestResult executionId="7127bf97-ab87-4218-abdb-5e552c71ce06" testId="f66902ae-2eb8-36de-bdb4-af24338ae682" testName="TakeEveryThrowsContractException597" computerName="EDSAC" duration="00:00:00.0006084" startTime="2010-12-04T14:14:30.9512797+00:00" endTime="2010-12-04T14:14:30.9642805+00:00" testType="13cdc9d9-ddb5-4fa4-a97d-d965ccfc6d4b" outcome="Passed" testListId="8c84fa94-04c1-424b-9868-57a2d4851a1d" relativeResultsDirectory="7127bf97-ab87-4218-abdb-5e552c71ce06">
    </UnitTestResult>
    <UnitTestResult executionId="ca479359-bddd-45db-adea-96e1ecef2af8" testId="f791b1fc-7ecf-06ad-9b72-838a0f1da804" testName="As0136702" computerName="EDSAC" duration="00:00:00.0005860" startTime="2010-12-04T14:14:30.9672807+00:00" endTime="2010-12-04T14:14:30.9832816+00:00" testType="13cdc9d9-ddb5-4fa4-a97d-d965ccfc6d4b" outcome="Passed" testListId="8c84fa94-04c1-424b-9868-57a2d4851a1d" relativeResultsDirectory="ca479359-bddd-45db-adea-96e1ecef2af8">
    </UnitTestResult>
    <UnitTestResult executionId="e91c1364-4436-45d5-97fe-ec7d9325fc29" testId="f96aeaaa-982a-50fe-9819-4fadbbdc5555" testName="IfNotNull0159701" computerName="EDSAC" duration="00:00:00.0003420" startTime="2010-12-04T14:14:30.9852817+00:00" endTime="2010-12-04T14:14:31.0002825+00:00" testType="13cdc9d9-ddb5-4fa4-a97d-d965ccfc6d4b" outcome="Passed" testListId="8c84fa94-04c1-424b-9868-57a2d4851a1d" relativeResultsDirectory="e91c1364-4436-45d5-97fe-ec7d9325fc29">
    </UnitTestResult>
    <UnitTestResult executionId="f4fede66-0bb3-4c6c-a1e1-4c7d2709fbbc" testId="fce54152-c90c-9cca-2f79-ca939e2fd20d" testName="RandomThrowsContractException824" computerName="EDSAC" duration="00:00:00.0005762" startTime="2010-12-04T14:14:31.0092831+00:00" endTime="2010-12-04T14:14:31.0192836+00:00" testType="13cdc9d9-ddb5-4fa4-a97d-d965ccfc6d4b" outcome="Passed" testListId="8c84fa94-04c1-424b-9868-57a2d4851a1d" relativeResultsDirectory="f4fede66-0bb3-4c6c-a1e1-4c7d2709fbbc">
    </UnitTestResult>
    <UnitTestResult executionId="a73bf2fd-ff46-4a6d-9e89-3783349208ed" testId="fd09b993-a9b4-e74b-ac25-fcabec687112" testName="Execute93301" computerName="EDSAC" duration="00:00:00.0002608" startTime="2010-12-04T14:14:31.0222838+00:00" endTime="2010-12-04T14:14:31.0362846+00:00" testType="13cdc9d9-ddb5-4fa4-a97d-d965ccfc6d4b" outcome="Passed" testListId="8c84fa94-04c1-424b-9868-57a2d4851a1d" relativeResultsDirectory="a73bf2fd-ff46-4a6d-9e89-3783349208ed">
    </UnitTestResult>
    <UnitTestResult executionId="532df5d4-c8a1-43aa-9c69-7e23a979738b" testId="fdc59520-9564-0684-d4f9-2091f576f931" testName="NullOr71403" computerName="EDSAC" duration="00:00:00.0008324" startTime="2010-12-04T14:14:31.0402848+00:00" endTime="2010-12-04T14:14:31.0572858+00:00" testType="13cdc9d9-ddb5-4fa4-a97d-d965ccfc6d4b" outcome="Passed" testListId="8c84fa94-04c1-424b-9868-57a2d4851a1d" relativeResultsDirectory="532df5d4-c8a1-43aa-9c69-7e23a979738b">
    </UnitTestResult>
    <UnitTestResult executionId="8c15e58d-3a79-4d88-80dc-cd6d200e60f4" testId="fdc6582f-0eab-5f36-d160-7547a6de5dbb" testName="IfNotNull17301" computerName="EDSAC" duration="00:00:00.0008776" startTime="2010-12-04T14:14:31.0592859+00:00" endTime="2010-12-04T14:14:31.0742868+00:00" testType="13cdc9d9-ddb5-4fa4-a97d-d965ccfc6d4b" outcome="Passed" testListId="8c84fa94-04c1-424b-9868-57a2d4851a1d" relativeResultsDirectory="8c15e58d-3a79-4d88-80dc-cd6d200e60f4">
    </UnitTestResult>
    <UnitTestResult executionId="c5d67ce6-3b0c-4b91-a663-4eef15f9b31b" testId="febe8afb-7bc1-3f13-831b-73b163a8c327" testName="As0132105" computerName="EDSAC" duration="00:00:00.0004297" startTime="2010-12-04T14:14:31.0762869+00:00" endTime="2010-12-04T14:14:31.0912877+00:00" testType="13cdc9d9-ddb5-4fa4-a97d-d965ccfc6d4b" outcome="Passed" testListId="8c84fa94-04c1-424b-9868-57a2d4851a1d" relativeResultsDirectory="c5d67ce6-3b0c-4b91-a663-4eef15f9b31b">
    </UnitTestResult>
  </Results>
</TestRun>