<?xml version="1.0" encoding="UTF-8"?>
<TestRun id="1afd2f46-4bad-4e85-a665-bb56b16ef8d6" name="SuprDewd@EDSAC 2010-12-05 14:25:18" runUser="EDSAC\SuprDewd" xmlns="http://microsoft.com/schemas/VisualStudio/TeamTest/2010">
  <TestSettings name="Local" id="4c59a5fa-d837-49f8-8b62-15cf0be0742f">
    <Description>These are default test settings for a local test run.</Description>
    <Deployment enabled="false" runDeploymentRoot="SuprDewd_EDSAC 2010-12-05 14_25_18">
      <DeploymentItem filename="C:\Users\SuprDewd\Desktop\Projects\Forritun\SharpBag\SharpBag\bin\Release\SharpBag.dll" />
      <DeploymentItem filename="C:\Users\SuprDewd\Desktop\Projects\Forritun\SharpBag\SharpBag.Tests\MolesAssemblies\SharpBag.Moles.dll" />
    </Deployment>
    <Execution>
      <TestTypeSpecific />
      <AgentRule name="Execution Agents">
      </AgentRule>
    </Execution>
  </TestSettings>
  <Times creation="2010-12-05T14:25:18.4663990+00:00" queuing="2010-12-05T14:25:20.7655305+00:00" start="2010-12-05T14:25:21.0495468+00:00" finish="2010-12-05T14:25:28.3449641+00:00" />
  <ResultSummary outcome="Failed">
    <Counters total="302" executed="302" passed="299" error="0" failed="3" timeout="0" aborted="0" inconclusive="0" passedButRunAborted="0" notRunnable="0" notExecuted="0" disconnected="0" warning="0" completed="0" inProgress="0" pending="0" />
  </ResultSummary>
  <TestDefinitions>
    <UnitTest name="ReadLinesFromConsole864" storage="c:\users\suprdewd\desktop\projects\forritun\sharpbag\sharpbag.tests\bin\release\sharpbag.tests.dll" id="536b6a19-3a08-b70f-2e38-9f6c85ff083a">
      <Execution id="d8a808b8-86d8-460b-82fc-da31c5a6bff8" />
      <TestMethod codeBase="C:/Users/SuprDewd/Desktop/Projects/Forritun/SharpBag/SharpBag.Tests/bin/Release/SharpBag.Tests.DLL" adapterTypeName="Microsoft.VisualStudio.TestTools.TestTypes.Unit.UnitTestAdapter, Microsoft.VisualStudio.QualityTools.Tips.UnitTest.Adapter, Version=10.0.0.0, Culture=neutral, PublicKeyToken=b03f5f7f11d50a3a" className="SharpBag.UtilsTest, SharpBag.Tests, Version=0.0.0.0, Culture=neutral, PublicKeyToken=null" name="ReadLinesFromConsole864" />
    </UnitTest>
    <UnitTest name="As0136704" storage="c:\users\suprdewd\desktop\projects\forritun\sharpbag\sharpbag.tests\bin\release\sharpbag.tests.dll" id="29095a51-c311-c865-7cf1-7076578258b7">
      <Execution id="c5218f08-536b-415f-98f7-2284c6f62593" />
      <TestMethod codeBase="C:/Users/SuprDewd/Desktop/Projects/Forritun/SharpBag/SharpBag.Tests/bin/Release/SharpBag.Tests.DLL" adapterTypeName="Microsoft.VisualStudio.TestTools.TestTypes.Unit.UnitTestAdapter, Microsoft.VisualStudio.QualityTools.Tips.UnitTest.Adapter, Version=10.0.0.0, Culture=neutral, PublicKeyToken=b03f5f7f11d50a3a" className="SharpBag.ExtensionsTest, SharpBag.Tests, Version=0.0.0.0, Culture=neutral, PublicKeyToken=null" name="As0136704" />
    </UnitTest>
    <UnitTest name="As0163239" storage="c:\users\suprdewd\desktop\projects\forritun\sharpbag\sharpbag.tests\bin\release\sharpbag.tests.dll" id="91ad74e2-7f98-39c5-b2ac-d6979eb1e521">
      <Execution id="629ce793-b6d3-4352-8816-1f63f5ab1bb0" />
      <TestMethod codeBase="C:/Users/SuprDewd/Desktop/Projects/Forritun/SharpBag/SharpBag.Tests/bin/Release/SharpBag.Tests.DLL" adapterTypeName="Microsoft.VisualStudio.TestTools.TestTypes.Unit.UnitTestAdapter, Microsoft.VisualStudio.QualityTools.Tips.UnitTest.Adapter, Version=10.0.0.0, Culture=neutral, PublicKeyToken=b03f5f7f11d50a3a" className="SharpBag.ExtensionsTest, SharpBag.Tests, Version=0.0.0.0, Culture=neutral, PublicKeyToken=null" name="As0163239" />
    </UnitTest>
    <UnitTest name="As0163214" storage="c:\users\suprdewd\desktop\projects\forritun\sharpbag\sharpbag.tests\bin\release\sharpbag.tests.dll" id="e5750d14-09bb-ec70-127b-652a47b7dd9c">
      <Execution id="988d7102-7d62-4ac0-b679-cf691b0279e3" />
      <TestMethod codeBase="C:/Users/SuprDewd/Desktop/Projects/Forritun/SharpBag/SharpBag.Tests/bin/Release/SharpBag.Tests.DLL" adapterTypeName="Microsoft.VisualStudio.TestTools.TestTypes.Unit.UnitTestAdapter, Microsoft.VisualStudio.QualityTools.Tips.UnitTest.Adapter, Version=10.0.0.0, Culture=neutral, PublicKeyToken=b03f5f7f11d50a3a" className="SharpBag.ExtensionsTest, SharpBag.Tests, Version=0.0.0.0, Culture=neutral, PublicKeyToken=null" name="As0163214" />
    </UnitTest>
    <UnitTest name="UnionAll02ThrowsContractException669" storage="c:\users\suprdewd\desktop\projects\forritun\sharpbag\sharpbag.tests\bin\release\sharpbag.tests.dll" id="4828b82d-197c-d38d-1052-fb24855ec6ae">
      <Execution id="8e7811f5-22d0-4f4f-bd2e-908242e99afd" />
      <TestMethod codeBase="C:/Users/SuprDewd/Desktop/Projects/Forritun/SharpBag/SharpBag.Tests/bin/Release/SharpBag.Tests.DLL" adapterTypeName="Microsoft.VisualStudio.TestTools.TestTypes.Unit.UnitTestAdapter, Microsoft.VisualStudio.QualityTools.Tips.UnitTest.Adapter, Version=10.0.0.0, Culture=neutral, PublicKeyToken=b03f5f7f11d50a3a" className="SharpBag.ExtensionsTest, SharpBag.Tests, Version=0.0.0.0, Culture=neutral, PublicKeyToken=null" name="UnionAll02ThrowsContractException669" />
    </UnitTest>
    <UnitTest name="As0163240" storage="c:\users\suprdewd\desktop\projects\forritun\sharpbag\sharpbag.tests\bin\release\sharpbag.tests.dll" id="3f99a1d3-4dae-8b7d-a361-9ebbf5115b1e">
      <Execution id="3cab3828-ed03-4528-90b8-e3b30ccc4b1d" />
      <TestMethod codeBase="C:/Users/SuprDewd/Desktop/Projects/Forritun/SharpBag/SharpBag.Tests/bin/Release/SharpBag.Tests.DLL" adapterTypeName="Microsoft.VisualStudio.TestTools.TestTypes.Unit.UnitTestAdapter, Microsoft.VisualStudio.QualityTools.Tips.UnitTest.Adapter, Version=10.0.0.0, Culture=neutral, PublicKeyToken=b03f5f7f11d50a3a" className="SharpBag.ExtensionsTest, SharpBag.Tests, Version=0.0.0.0, Culture=neutral, PublicKeyToken=null" name="As0163240" />
    </UnitTest>
    <UnitTest name="As0163243" storage="c:\users\suprdewd\desktop\projects\forritun\sharpbag\sharpbag.tests\bin\release\sharpbag.tests.dll" id="4fbb91c1-c965-1543-022c-12856d2ae5ad">
      <Execution id="a8edc9fa-5196-4ea7-99c1-b50b32471efa" />
      <TestMethod codeBase="C:/Users/SuprDewd/Desktop/Projects/Forritun/SharpBag/SharpBag.Tests/bin/Release/SharpBag.Tests.DLL" adapterTypeName="Microsoft.VisualStudio.TestTools.TestTypes.Unit.UnitTestAdapter, Microsoft.VisualStudio.QualityTools.Tips.UnitTest.Adapter, Version=10.0.0.0, Culture=neutral, PublicKeyToken=b03f5f7f11d50a3a" className="SharpBag.ExtensionsTest, SharpBag.Tests, Version=0.0.0.0, Culture=neutral, PublicKeyToken=null" name="As0163243" />
    </UnitTest>
    <UnitTest name="RangeThrowsContractException560" storage="c:\users\suprdewd\desktop\projects\forritun\sharpbag\sharpbag.tests\bin\release\sharpbag.tests.dll" id="22b3bc9e-2d91-4747-086b-d415be2c5776">
      <Execution id="ff3f7446-e3f2-472a-8243-182e7c154603" />
      <TestMethod codeBase="C:/Users/SuprDewd/Desktop/Projects/Forritun/SharpBag/SharpBag.Tests/bin/Release/SharpBag.Tests.DLL" adapterTypeName="Microsoft.VisualStudio.TestTools.TestTypes.Unit.UnitTestAdapter, Microsoft.VisualStudio.QualityTools.Tips.UnitTest.Adapter, Version=10.0.0.0, Culture=neutral, PublicKeyToken=b03f5f7f11d50a3a" className="SharpBag.ExtensionsTest, SharpBag.Tests, Version=0.0.0.0, Culture=neutral, PublicKeyToken=null" name="RangeThrowsContractException560" />
    </UnitTest>
    <UnitTest name="ToDictionary65201" storage="c:\users\suprdewd\desktop\projects\forritun\sharpbag\sharpbag.tests\bin\release\sharpbag.tests.dll" id="6b5ea87c-ca8e-cd07-2a54-53cd363577f8">
      <Execution id="560b012b-4334-47f2-b979-5353138b1a5e" />
      <TestMethod codeBase="C:/Users/SuprDewd/Desktop/Projects/Forritun/SharpBag/SharpBag.Tests/bin/Release/SharpBag.Tests.DLL" adapterTypeName="Microsoft.VisualStudio.TestTools.TestTypes.Unit.UnitTestAdapter, Microsoft.VisualStudio.QualityTools.Tips.UnitTest.Adapter, Version=10.0.0.0, Culture=neutral, PublicKeyToken=b03f5f7f11d50a3a" className="SharpBag.ExtensionsTest, SharpBag.Tests, Version=0.0.0.0, Culture=neutral, PublicKeyToken=null" name="ToDictionary65201" />
    </UnitTest>
    <UnitTest name="AsEnumerable0258804" storage="c:\users\suprdewd\desktop\projects\forritun\sharpbag\sharpbag.tests\bin\release\sharpbag.tests.dll" id="c3b85211-1b55-61c6-8d42-782c04048184">
      <Execution id="3becfe3c-3354-4e84-b177-36ff5ccf3db2" />
      <TestMethod codeBase="C:/Users/SuprDewd/Desktop/Projects/Forritun/SharpBag/SharpBag.Tests/bin/Release/SharpBag.Tests.DLL" adapterTypeName="Microsoft.VisualStudio.TestTools.TestTypes.Unit.UnitTestAdapter, Microsoft.VisualStudio.QualityTools.Tips.UnitTest.Adapter, Version=10.0.0.0, Culture=neutral, PublicKeyToken=b03f5f7f11d50a3a" className="SharpBag.ExtensionsTest, SharpBag.Tests, Version=0.0.0.0, Culture=neutral, PublicKeyToken=null" name="AsEnumerable0258804" />
    </UnitTest>
    <UnitTest name="As0163217" storage="c:\users\suprdewd\desktop\projects\forritun\sharpbag\sharpbag.tests\bin\release\sharpbag.tests.dll" id="e966bfbe-0422-eb75-f093-b800f9c629b7">
      <Execution id="2403780c-bb2d-487c-bc6e-72484408d48b" />
      <TestMethod codeBase="C:/Users/SuprDewd/Desktop/Projects/Forritun/SharpBag/SharpBag.Tests/bin/Release/SharpBag.Tests.DLL" adapterTypeName="Microsoft.VisualStudio.TestTools.TestTypes.Unit.UnitTestAdapter, Microsoft.VisualStudio.QualityTools.Tips.UnitTest.Adapter, Version=10.0.0.0, Culture=neutral, PublicKeyToken=b03f5f7f11d50a3a" className="SharpBag.ExtensionsTest, SharpBag.Tests, Version=0.0.0.0, Culture=neutral, PublicKeyToken=null" name="As0163217" />
    </UnitTest>
    <UnitTest name="Add60901" storage="c:\users\suprdewd\desktop\projects\forritun\sharpbag\sharpbag.tests\bin\release\sharpbag.tests.dll" id="03c88b26-e4eb-d38e-6683-3ac55f8aeeac">
      <Execution id="bffe98c0-503a-4004-b472-1e10e551c832" />
      <TestMethod codeBase="C:/Users/SuprDewd/Desktop/Projects/Forritun/SharpBag/SharpBag.Tests/bin/Release/SharpBag.Tests.DLL" adapterTypeName="Microsoft.VisualStudio.TestTools.TestTypes.Unit.UnitTestAdapter, Microsoft.VisualStudio.QualityTools.Tips.UnitTest.Adapter, Version=10.0.0.0, Culture=neutral, PublicKeyToken=b03f5f7f11d50a3a" className="SharpBag.ExtensionsTest, SharpBag.Tests, Version=0.0.0.0, Culture=neutral, PublicKeyToken=null" name="Add60901" />
    </UnitTest>
    <UnitTest name="As21502" storage="c:\users\suprdewd\desktop\projects\forritun\sharpbag\sharpbag.tests\bin\release\sharpbag.tests.dll" id="7896ac03-38fd-b99c-d27e-6cbd208a3f1e">
      <Execution id="bb0bafd4-1b17-4c87-90d9-e0827ae02968" />
      <TestMethod codeBase="C:/Users/SuprDewd/Desktop/Projects/Forritun/SharpBag/SharpBag.Tests/bin/Release/SharpBag.Tests.DLL" adapterTypeName="Microsoft.VisualStudio.TestTools.TestTypes.Unit.UnitTestAdapter, Microsoft.VisualStudio.QualityTools.Tips.UnitTest.Adapter, Version=10.0.0.0, Culture=neutral, PublicKeyToken=b03f5f7f11d50a3a" className="SharpBag.ExtensionsTest, SharpBag.Tests, Version=0.0.0.0, Culture=neutral, PublicKeyToken=null" name="As21502" />
    </UnitTest>
    <UnitTest name="As0163225" storage="c:\users\suprdewd\desktop\projects\forritun\sharpbag\sharpbag.tests\bin\release\sharpbag.tests.dll" id="2b9734bf-2716-3fbd-907d-b338c9f5816c">
      <Execution id="d1ae1ac9-348a-4b9a-aefc-fc1065285136" />
      <TestMethod codeBase="C:/Users/SuprDewd/Desktop/Projects/Forritun/SharpBag/SharpBag.Tests/bin/Release/SharpBag.Tests.DLL" adapterTypeName="Microsoft.VisualStudio.TestTools.TestTypes.Unit.UnitTestAdapter, Microsoft.VisualStudio.QualityTools.Tips.UnitTest.Adapter, Version=10.0.0.0, Culture=neutral, PublicKeyToken=b03f5f7f11d50a3a" className="SharpBag.ExtensionsTest, SharpBag.Tests, Version=0.0.0.0, Culture=neutral, PublicKeyToken=null" name="As0163225" />
    </UnitTest>
    <UnitTest name="WithThrowsContractException374" storage="c:\users\suprdewd\desktop\projects\forritun\sharpbag\sharpbag.tests\bin\release\sharpbag.tests.dll" id="e18cfbc3-f9cf-311e-f710-177b71a46e6d">
      <Execution id="7a0fe09f-de9c-4180-8a19-2bca876e2fe4" />
      <TestMethod codeBase="C:/Users/SuprDewd/Desktop/Projects/Forritun/SharpBag/SharpBag.Tests/bin/Release/SharpBag.Tests.DLL" adapterTypeName="Microsoft.VisualStudio.TestTools.TestTypes.Unit.UnitTestAdapter, Microsoft.VisualStudio.QualityTools.Tips.UnitTest.Adapter, Version=10.0.0.0, Culture=neutral, PublicKeyToken=b03f5f7f11d50a3a" className="SharpBag.ExtensionsTest, SharpBag.Tests, Version=0.0.0.0, Culture=neutral, PublicKeyToken=null" name="WithThrowsContractException374" />
    </UnitTest>
    <UnitTest name="As0163231" storage="c:\users\suprdewd\desktop\projects\forritun\sharpbag\sharpbag.tests\bin\release\sharpbag.tests.dll" id="466bff3f-4c8e-a9c1-50f6-91ffeb15d3a1">
      <Execution id="dfebcf07-712d-403a-900f-98c186729b34" />
      <TestMethod codeBase="C:/Users/SuprDewd/Desktop/Projects/Forritun/SharpBag/SharpBag.Tests/bin/Release/SharpBag.Tests.DLL" adapterTypeName="Microsoft.VisualStudio.TestTools.TestTypes.Unit.UnitTestAdapter, Microsoft.VisualStudio.QualityTools.Tips.UnitTest.Adapter, Version=10.0.0.0, Culture=neutral, PublicKeyToken=b03f5f7f11d50a3a" className="SharpBag.ExtensionsTest, SharpBag.Tests, Version=0.0.0.0, Culture=neutral, PublicKeyToken=null" name="As0163231" />
    </UnitTest>
    <UnitTest name="As0163212" storage="c:\users\suprdewd\desktop\projects\forritun\sharpbag\sharpbag.tests\bin\release\sharpbag.tests.dll" id="dc08494a-5655-aecb-96fc-b52817050a2a">
      <Execution id="d6640504-fbdd-4b15-88cf-f37571549c9c" />
      <TestMethod codeBase="C:/Users/SuprDewd/Desktop/Projects/Forritun/SharpBag/SharpBag.Tests/bin/Release/SharpBag.Tests.DLL" adapterTypeName="Microsoft.VisualStudio.TestTools.TestTypes.Unit.UnitTestAdapter, Microsoft.VisualStudio.QualityTools.Tips.UnitTest.Adapter, Version=10.0.0.0, Culture=neutral, PublicKeyToken=b03f5f7f11d50a3a" className="SharpBag.ExtensionsTest, SharpBag.Tests, Version=0.0.0.0, Culture=neutral, PublicKeyToken=null" name="As0163212" />
    </UnitTest>
    <UnitTest name="With25501" storage="c:\users\suprdewd\desktop\projects\forritun\sharpbag\sharpbag.tests\bin\release\sharpbag.tests.dll" id="9ed7c416-1a7b-4673-195d-ca2e196d2a2e">
      <Execution id="5fb32d10-a9de-4e39-9e97-461647d9a823" />
      <TestMethod codeBase="C:/Users/SuprDewd/Desktop/Projects/Forritun/SharpBag/SharpBag.Tests/bin/Release/SharpBag.Tests.DLL" adapterTypeName="Microsoft.VisualStudio.TestTools.TestTypes.Unit.UnitTestAdapter, Microsoft.VisualStudio.QualityTools.Tips.UnitTest.Adapter, Version=10.0.0.0, Culture=neutral, PublicKeyToken=b03f5f7f11d50a3a" className="SharpBag.ExtensionsTest, SharpBag.Tests, Version=0.0.0.0, Culture=neutral, PublicKeyToken=null" name="With25501" />
    </UnitTest>
    <UnitTest name="To02632" storage="c:\users\suprdewd\desktop\projects\forritun\sharpbag\sharpbag.tests\bin\release\sharpbag.tests.dll" id="31a88d64-bb5b-6217-2758-d493dee381b6">
      <Execution id="9589137e-fbaf-4f92-8fc6-83c18d85a3ce" />
      <TestMethod codeBase="C:/Users/SuprDewd/Desktop/Projects/Forritun/SharpBag/SharpBag.Tests/bin/Release/SharpBag.Tests.DLL" adapterTypeName="Microsoft.VisualStudio.TestTools.TestTypes.Unit.UnitTestAdapter, Microsoft.VisualStudio.QualityTools.Tips.UnitTest.Adapter, Version=10.0.0.0, Culture=neutral, PublicKeyToken=b03f5f7f11d50a3a" className="SharpBag.ExtensionsTest, SharpBag.Tests, Version=0.0.0.0, Culture=neutral, PublicKeyToken=null" name="To02632" />
    </UnitTest>
    <UnitTest name="NullOrThrowsContractException472" storage="c:\users\suprdewd\desktop\projects\forritun\sharpbag\sharpbag.tests\bin\release\sharpbag.tests.dll" id="2ff335b0-14c8-89c8-7e7b-05ade8625c3d">
      <Execution id="61947b27-50e3-439a-91ef-dfb1447b08f0" />
      <TestMethod codeBase="C:/Users/SuprDewd/Desktop/Projects/Forritun/SharpBag/SharpBag.Tests/bin/Release/SharpBag.Tests.DLL" adapterTypeName="Microsoft.VisualStudio.TestTools.TestTypes.Unit.UnitTestAdapter, Microsoft.VisualStudio.QualityTools.Tips.UnitTest.Adapter, Version=10.0.0.0, Culture=neutral, PublicKeyToken=b03f5f7f11d50a3a" className="SharpBag.ExtensionsTest, SharpBag.Tests, Version=0.0.0.0, Culture=neutral, PublicKeyToken=null" name="NullOrThrowsContractException472" />
    </UnitTest>
    <UnitTest name="As21507" storage="c:\users\suprdewd\desktop\projects\forritun\sharpbag\sharpbag.tests\bin\release\sharpbag.tests.dll" id="1a1204f8-80dc-63b9-41bb-196d59b5bd9c">
      <Execution id="042b9d58-bbff-41ed-811b-174a17cb1657" />
      <TestMethod codeBase="C:/Users/SuprDewd/Desktop/Projects/Forritun/SharpBag/SharpBag.Tests/bin/Release/SharpBag.Tests.DLL" adapterTypeName="Microsoft.VisualStudio.TestTools.TestTypes.Unit.UnitTestAdapter, Microsoft.VisualStudio.QualityTools.Tips.UnitTest.Adapter, Version=10.0.0.0, Culture=neutral, PublicKeyToken=b03f5f7f11d50a3a" className="SharpBag.ExtensionsTest, SharpBag.Tests, Version=0.0.0.0, Culture=neutral, PublicKeyToken=null" name="As21507" />
    </UnitTest>
    <UnitTest name="CountGet1901" storage="c:\users\suprdewd\desktop\projects\forritun\sharpbag\sharpbag.tests\bin\release\sharpbag.tests.dll" id="fa540630-b33a-7141-4c49-c4e59268577a">
      <Execution id="63019cdc-a25e-4c4e-b918-e3147447160a" />
      <TestMethod codeBase="C:/Users/SuprDewd/Desktop/Projects/Forritun/SharpBag/SharpBag.Tests/bin/Release/SharpBag.Tests.DLL" adapterTypeName="Microsoft.VisualStudio.TestTools.TestTypes.Unit.UnitTestAdapter, Microsoft.VisualStudio.QualityTools.Tips.UnitTest.Adapter, Version=10.0.0.0, Culture=neutral, PublicKeyToken=b03f5f7f11d50a3a" className="SharpBag.Algorithms.PriorityQueueTTest, SharpBag.Tests, Version=0.0.0.0, Culture=neutral, PublicKeyToken=null" name="CountGet1901" />
    </UnitTest>
    <UnitTest name="Execute53301" storage="c:\users\suprdewd\desktop\projects\forritun\sharpbag\sharpbag.tests\bin\release\sharpbag.tests.dll" id="25d5b35a-db1f-e192-1a83-5fbd23003a20">
      <Execution id="04a68b88-56c4-4c3c-823c-17ec34b52879" />
      <TestMethod codeBase="C:/Users/SuprDewd/Desktop/Projects/Forritun/SharpBag/SharpBag.Tests/bin/Release/SharpBag.Tests.DLL" adapterTypeName="Microsoft.VisualStudio.TestTools.TestTypes.Unit.UnitTestAdapter, Microsoft.VisualStudio.QualityTools.Tips.UnitTest.Adapter, Version=10.0.0.0, Culture=neutral, PublicKeyToken=b03f5f7f11d50a3a" className="SharpBag.ExtensionsTest, SharpBag.Tests, Version=0.0.0.0, Culture=neutral, PublicKeyToken=null" name="Execute53301" />
    </UnitTest>
    <UnitTest name="InvokeIfRequired01ThrowsContractException382" storage="c:\users\suprdewd\desktop\projects\forritun\sharpbag\sharpbag.tests\bin\release\sharpbag.tests.dll" id="f56d5205-e252-235c-3244-90ee14efb3f4">
      <Execution id="7fb2cb1a-676d-409d-a7ef-c71b4142027b" />
      <TestMethod codeBase="C:/Users/SuprDewd/Desktop/Projects/Forritun/SharpBag/SharpBag.Tests/bin/Release/SharpBag.Tests.DLL" adapterTypeName="Microsoft.VisualStudio.TestTools.TestTypes.Unit.UnitTestAdapter, Microsoft.VisualStudio.QualityTools.Tips.UnitTest.Adapter, Version=10.0.0.0, Culture=neutral, PublicKeyToken=b03f5f7f11d50a3a" className="SharpBag.ExtensionsTest, SharpBag.Tests, Version=0.0.0.0, Culture=neutral, PublicKeyToken=null" name="InvokeIfRequired01ThrowsContractException382" />
    </UnitTest>
    <UnitTest name="As0166002" storage="c:\users\suprdewd\desktop\projects\forritun\sharpbag\sharpbag.tests\bin\release\sharpbag.tests.dll" id="37c5e788-97a2-ee7f-c1df-5b64dcc3fb4c">
      <Execution id="5a8dc038-5ac4-4aa6-8902-bf501400d00b" />
      <TestMethod codeBase="C:/Users/SuprDewd/Desktop/Projects/Forritun/SharpBag/SharpBag.Tests/bin/Release/SharpBag.Tests.DLL" adapterTypeName="Microsoft.VisualStudio.TestTools.TestTypes.Unit.UnitTestAdapter, Microsoft.VisualStudio.QualityTools.Tips.UnitTest.Adapter, Version=10.0.0.0, Culture=neutral, PublicKeyToken=b03f5f7f11d50a3a" className="SharpBag.ExtensionsTest, SharpBag.Tests, Version=0.0.0.0, Culture=neutral, PublicKeyToken=null" name="As0166002" />
    </UnitTest>
    <UnitTest name="IsNullOrEmpty839" storage="c:\users\suprdewd\desktop\projects\forritun\sharpbag\sharpbag.tests\bin\release\sharpbag.tests.dll" id="7d85dd6d-e955-0c88-df95-d36cadd3d7ff">
      <Execution id="187e6437-fd7f-47b4-808a-fa9561e9b13d" />
      <TestMethod codeBase="C:/Users/SuprDewd/Desktop/Projects/Forritun/SharpBag/SharpBag.Tests/bin/Release/SharpBag.Tests.DLL" adapterTypeName="Microsoft.VisualStudio.TestTools.TestTypes.Unit.UnitTestAdapter, Microsoft.VisualStudio.QualityTools.Tips.UnitTest.Adapter, Version=10.0.0.0, Culture=neutral, PublicKeyToken=b03f5f7f11d50a3a" className="SharpBag.ExtensionsTest, SharpBag.Tests, Version=0.0.0.0, Culture=neutral, PublicKeyToken=null" name="IsNullOrEmpty839" />
    </UnitTest>
    <UnitTest name="AsEnumerable0128304" storage="c:\users\suprdewd\desktop\projects\forritun\sharpbag\sharpbag.tests\bin\release\sharpbag.tests.dll" id="bbe65d68-71ba-72ec-21d1-a0b54bdef612">
      <Execution id="4f518d99-e77f-4704-9c08-e583f2679273" />
      <TestMethod codeBase="C:/Users/SuprDewd/Desktop/Projects/Forritun/SharpBag/SharpBag.Tests/bin/Release/SharpBag.Tests.DLL" adapterTypeName="Microsoft.VisualStudio.TestTools.TestTypes.Unit.UnitTestAdapter, Microsoft.VisualStudio.QualityTools.Tips.UnitTest.Adapter, Version=10.0.0.0, Culture=neutral, PublicKeyToken=b03f5f7f11d50a3a" className="SharpBag.ExtensionsTest, SharpBag.Tests, Version=0.0.0.0, Culture=neutral, PublicKeyToken=null" name="AsEnumerable0128304" />
    </UnitTest>
    <UnitTest name="AsEnumerable0314803" storage="c:\users\suprdewd\desktop\projects\forritun\sharpbag\sharpbag.tests\bin\release\sharpbag.tests.dll" id="11187b04-c546-bd3e-0bbb-d3f71bff1f4f">
      <Execution id="c06a5013-78a1-45d0-8174-99524294d057" />
      <TestMethod codeBase="C:/Users/SuprDewd/Desktop/Projects/Forritun/SharpBag/SharpBag.Tests/bin/Release/SharpBag.Tests.DLL" adapterTypeName="Microsoft.VisualStudio.TestTools.TestTypes.Unit.UnitTestAdapter, Microsoft.VisualStudio.QualityTools.Tips.UnitTest.Adapter, Version=10.0.0.0, Culture=neutral, PublicKeyToken=b03f5f7f11d50a3a" className="SharpBag.ExtensionsTest, SharpBag.Tests, Version=0.0.0.0, Culture=neutral, PublicKeyToken=null" name="AsEnumerable0314803" />
    </UnitTest>
    <UnitTest name="Range377" storage="c:\users\suprdewd\desktop\projects\forritun\sharpbag\sharpbag.tests\bin\release\sharpbag.tests.dll" id="567a07ee-04bb-68f0-b054-7c3ac20e04d0">
      <Execution id="b099b8a9-3474-4ecd-ad8f-a3d3fb4440ab" />
      <TestMethod codeBase="C:/Users/SuprDewd/Desktop/Projects/Forritun/SharpBag/SharpBag.Tests/bin/Release/SharpBag.Tests.DLL" adapterTypeName="Microsoft.VisualStudio.TestTools.TestTypes.Unit.UnitTestAdapter, Microsoft.VisualStudio.QualityTools.Tips.UnitTest.Adapter, Version=10.0.0.0, Culture=neutral, PublicKeyToken=b03f5f7f11d50a3a" className="SharpBag.ExtensionsTest, SharpBag.Tests, Version=0.0.0.0, Culture=neutral, PublicKeyToken=null" name="Range377" />
    </UnitTest>
    <UnitTest name="As21504" storage="c:\users\suprdewd\desktop\projects\forritun\sharpbag\sharpbag.tests\bin\release\sharpbag.tests.dll" id="b99ec452-b626-078c-5efb-2041d6f255c4">
      <Execution id="415a69e4-4680-481a-97e5-c98a74cc0871" />
      <TestMethod codeBase="C:/Users/SuprDewd/Desktop/Projects/Forritun/SharpBag/SharpBag.Tests/bin/Release/SharpBag.Tests.DLL" adapterTypeName="Microsoft.VisualStudio.TestTools.TestTypes.Unit.UnitTestAdapter, Microsoft.VisualStudio.QualityTools.Tips.UnitTest.Adapter, Version=10.0.0.0, Culture=neutral, PublicKeyToken=b03f5f7f11d50a3a" className="SharpBag.ExtensionsTest, SharpBag.Tests, Version=0.0.0.0, Culture=neutral, PublicKeyToken=null" name="As21504" />
    </UnitTest>
    <UnitTest name="Subarray305" storage="c:\users\suprdewd\desktop\projects\forritun\sharpbag\sharpbag.tests\bin\release\sharpbag.tests.dll" id="644c941d-d40b-5655-7852-107ffef9acae">
      <Execution id="c0eee53a-d867-4889-ba28-5359f945678a" />
      <TestMethod codeBase="C:/Users/SuprDewd/Desktop/Projects/Forritun/SharpBag/SharpBag.Tests/bin/Release/SharpBag.Tests.DLL" adapterTypeName="Microsoft.VisualStudio.TestTools.TestTypes.Unit.UnitTestAdapter, Microsoft.VisualStudio.QualityTools.Tips.UnitTest.Adapter, Version=10.0.0.0, Culture=neutral, PublicKeyToken=b03f5f7f11d50a3a" className="SharpBag.ExtensionsTest, SharpBag.Tests, Version=0.0.0.0, Culture=neutral, PublicKeyToken=null" name="Subarray305" />
    </UnitTest>
    <UnitTest name="IsInThrowsContractException285" storage="c:\users\suprdewd\desktop\projects\forritun\sharpbag\sharpbag.tests\bin\release\sharpbag.tests.dll" id="ad25e31e-4a53-f08b-b3bd-cfdcb07226a0">
      <Execution id="4ff4e99a-906f-428d-8984-1494675f6e62" />
      <TestMethod codeBase="C:/Users/SuprDewd/Desktop/Projects/Forritun/SharpBag/SharpBag.Tests/bin/Release/SharpBag.Tests.DLL" adapterTypeName="Microsoft.VisualStudio.TestTools.TestTypes.Unit.UnitTestAdapter, Microsoft.VisualStudio.QualityTools.Tips.UnitTest.Adapter, Version=10.0.0.0, Culture=neutral, PublicKeyToken=b03f5f7f11d50a3a" className="SharpBag.ExtensionsTest, SharpBag.Tests, Version=0.0.0.0, Culture=neutral, PublicKeyToken=null" name="IsInThrowsContractException285" />
    </UnitTest>
    <UnitTest name="As0130304" storage="c:\users\suprdewd\desktop\projects\forritun\sharpbag\sharpbag.tests\bin\release\sharpbag.tests.dll" id="3c1d094b-ca29-adfc-cfcd-77289a3cce3f">
      <Execution id="4481c9c0-063b-4403-b22f-b21251878d4c" />
      <TestMethod codeBase="C:/Users/SuprDewd/Desktop/Projects/Forritun/SharpBag/SharpBag.Tests/bin/Release/SharpBag.Tests.DLL" adapterTypeName="Microsoft.VisualStudio.TestTools.TestTypes.Unit.UnitTestAdapter, Microsoft.VisualStudio.QualityTools.Tips.UnitTest.Adapter, Version=10.0.0.0, Culture=neutral, PublicKeyToken=b03f5f7f11d50a3a" className="SharpBag.ExtensionsTest, SharpBag.Tests, Version=0.0.0.0, Culture=neutral, PublicKeyToken=null" name="As0130304" />
    </UnitTest>
    <UnitTest name="Random575" storage="c:\users\suprdewd\desktop\projects\forritun\sharpbag\sharpbag.tests\bin\release\sharpbag.tests.dll" id="2cb985a5-30e0-1631-ebdb-14215fcd5267">
      <Execution id="94b1c81e-ade2-4314-9ee8-4faf867ef33e" />
      <TestMethod codeBase="C:/Users/SuprDewd/Desktop/Projects/Forritun/SharpBag/SharpBag.Tests/bin/Release/SharpBag.Tests.DLL" adapterTypeName="Microsoft.VisualStudio.TestTools.TestTypes.Unit.UnitTestAdapter, Microsoft.VisualStudio.QualityTools.Tips.UnitTest.Adapter, Version=10.0.0.0, Culture=neutral, PublicKeyToken=b03f5f7f11d50a3a" className="SharpBag.ExtensionsTest, SharpBag.Tests, Version=0.0.0.0, Culture=neutral, PublicKeyToken=null" name="Random575" />
    </UnitTest>
    <UnitTest name="To0488601" storage="c:\users\suprdewd\desktop\projects\forritun\sharpbag\sharpbag.tests\bin\release\sharpbag.tests.dll" id="bd00057e-88b2-1e9c-846b-ed190ddc5717">
      <Execution id="e359895d-be50-4ccf-aa1c-4a74c281e0f1" />
      <TestMethod codeBase="C:/Users/SuprDewd/Desktop/Projects/Forritun/SharpBag/SharpBag.Tests/bin/Release/SharpBag.Tests.DLL" adapterTypeName="Microsoft.VisualStudio.TestTools.TestTypes.Unit.UnitTestAdapter, Microsoft.VisualStudio.QualityTools.Tips.UnitTest.Adapter, Version=10.0.0.0, Culture=neutral, PublicKeyToken=b03f5f7f11d50a3a" className="SharpBag.ExtensionsTest, SharpBag.Tests, Version=0.0.0.0, Culture=neutral, PublicKeyToken=null" name="To0488601" />
    </UnitTest>
    <UnitTest name="As0132102" storage="c:\users\suprdewd\desktop\projects\forritun\sharpbag\sharpbag.tests\bin\release\sharpbag.tests.dll" id="920395ef-4d81-2796-a8e3-57b62c679836">
      <Execution id="748fd5b3-1426-4700-b2d6-74c8cd876ff2" />
      <TestMethod codeBase="C:/Users/SuprDewd/Desktop/Projects/Forritun/SharpBag/SharpBag.Tests/bin/Release/SharpBag.Tests.DLL" adapterTypeName="Microsoft.VisualStudio.TestTools.TestTypes.Unit.UnitTestAdapter, Microsoft.VisualStudio.QualityTools.Tips.UnitTest.Adapter, Version=10.0.0.0, Culture=neutral, PublicKeyToken=b03f5f7f11d50a3a" className="SharpBag.ExtensionsTest, SharpBag.Tests, Version=0.0.0.0, Culture=neutral, PublicKeyToken=null" name="As0132102" />
    </UnitTest>
    <UnitTest name="GenerateEndlessThrowsContractException760" storage="c:\users\suprdewd\desktop\projects\forritun\sharpbag\sharpbag.tests\bin\release\sharpbag.tests.dll" id="16eccf92-0ec9-930b-cfbe-252e74468966">
      <Execution id="1020f508-f3d3-4f80-9f7b-76387e15b9b8" />
      <TestMethod codeBase="C:/Users/SuprDewd/Desktop/Projects/Forritun/SharpBag/SharpBag.Tests/bin/Release/SharpBag.Tests.DLL" adapterTypeName="Microsoft.VisualStudio.TestTools.TestTypes.Unit.UnitTestAdapter, Microsoft.VisualStudio.QualityTools.Tips.UnitTest.Adapter, Version=10.0.0.0, Culture=neutral, PublicKeyToken=b03f5f7f11d50a3a" className="SharpBag.UtilsTest, SharpBag.Tests, Version=0.0.0.0, Culture=neutral, PublicKeyToken=null" name="GenerateEndlessThrowsContractException760" />
    </UnitTest>
    <UnitTest name="Fill0157102" storage="c:\users\suprdewd\desktop\projects\forritun\sharpbag\sharpbag.tests\bin\release\sharpbag.tests.dll" id="80003646-df99-feba-93b2-6a809b884bf6">
      <Execution id="bed00d26-3c9d-40d4-9382-1cac8ecb6a4e" />
      <TestMethod codeBase="C:/Users/SuprDewd/Desktop/Projects/Forritun/SharpBag/SharpBag.Tests/bin/Release/SharpBag.Tests.DLL" adapterTypeName="Microsoft.VisualStudio.TestTools.TestTypes.Unit.UnitTestAdapter, Microsoft.VisualStudio.QualityTools.Tips.UnitTest.Adapter, Version=10.0.0.0, Culture=neutral, PublicKeyToken=b03f5f7f11d50a3a" className="SharpBag.ExtensionsTest, SharpBag.Tests, Version=0.0.0.0, Culture=neutral, PublicKeyToken=null" name="Fill0157102" />
    </UnitTest>
    <UnitTest name="ForEachThrowsContractException904" storage="c:\users\suprdewd\desktop\projects\forritun\sharpbag\sharpbag.tests\bin\release\sharpbag.tests.dll" id="aef19ea6-eb47-a1be-032c-8930cda21d9c">
      <Execution id="5a35672c-eaa6-4f35-805b-05f754197a5b" />
      <TestMethod codeBase="C:/Users/SuprDewd/Desktop/Projects/Forritun/SharpBag/SharpBag.Tests/bin/Release/SharpBag.Tests.DLL" adapterTypeName="Microsoft.VisualStudio.TestTools.TestTypes.Unit.UnitTestAdapter, Microsoft.VisualStudio.QualityTools.Tips.UnitTest.Adapter, Version=10.0.0.0, Culture=neutral, PublicKeyToken=b03f5f7f11d50a3a" className="SharpBag.ExtensionsTest, SharpBag.Tests, Version=0.0.0.0, Culture=neutral, PublicKeyToken=null" name="ForEachThrowsContractException904" />
    </UnitTest>
    <UnitTest name="GetEnumerator20301" storage="c:\users\suprdewd\desktop\projects\forritun\sharpbag\sharpbag.tests\bin\release\sharpbag.tests.dll" id="94035d88-ed3c-a1c6-5571-0e7a52145b86">
      <Execution id="75f003df-742d-4a6d-9b92-fa72d7f70c4f" />
      <TestMethod codeBase="C:/Users/SuprDewd/Desktop/Projects/Forritun/SharpBag/SharpBag.Tests/bin/Release/SharpBag.Tests.DLL" adapterTypeName="Microsoft.VisualStudio.TestTools.TestTypes.Unit.UnitTestAdapter, Microsoft.VisualStudio.QualityTools.Tips.UnitTest.Adapter, Version=10.0.0.0, Culture=neutral, PublicKeyToken=b03f5f7f11d50a3a" className="SharpBag.Algorithms.PriorityQueueTTest, SharpBag.Tests, Version=0.0.0.0, Culture=neutral, PublicKeyToken=null" name="GetEnumerator20301" />
    </UnitTest>
    <UnitTest name="UnionAll13601" storage="c:\users\suprdewd\desktop\projects\forritun\sharpbag\sharpbag.tests\bin\release\sharpbag.tests.dll" id="382ae704-dd0b-2259-d31c-dfbfb69a1305">
      <Execution id="2c6bdec2-aa91-4f65-812b-efeba53200ad" />
      <TestMethod codeBase="C:/Users/SuprDewd/Desktop/Projects/Forritun/SharpBag/SharpBag.Tests/bin/Release/SharpBag.Tests.DLL" adapterTypeName="Microsoft.VisualStudio.TestTools.TestTypes.Unit.UnitTestAdapter, Microsoft.VisualStudio.QualityTools.Tips.UnitTest.Adapter, Version=10.0.0.0, Culture=neutral, PublicKeyToken=b03f5f7f11d50a3a" className="SharpBag.ExtensionsTest, SharpBag.Tests, Version=0.0.0.0, Culture=neutral, PublicKeyToken=null" name="UnionAll13601" />
    </UnitTest>
    <UnitTest name="PeekThrowsContractException550" storage="c:\users\suprdewd\desktop\projects\forritun\sharpbag\sharpbag.tests\bin\release\sharpbag.tests.dll" id="93237b41-2edc-1e5e-efe4-c865b1af2b62">
      <Execution id="57750980-9910-40d6-b5aa-ac30942a8298" />
      <TestMethod codeBase="C:/Users/SuprDewd/Desktop/Projects/Forritun/SharpBag/SharpBag.Tests/bin/Release/SharpBag.Tests.DLL" adapterTypeName="Microsoft.VisualStudio.TestTools.TestTypes.Unit.UnitTestAdapter, Microsoft.VisualStudio.QualityTools.Tips.UnitTest.Adapter, Version=10.0.0.0, Culture=neutral, PublicKeyToken=b03f5f7f11d50a3a" className="SharpBag.Algorithms.PriorityQueueTTest, SharpBag.Tests, Version=0.0.0.0, Culture=neutral, PublicKeyToken=null" name="PeekThrowsContractException550" />
    </UnitTest>
    <UnitTest name="Fill68801" storage="c:\users\suprdewd\desktop\projects\forritun\sharpbag\sharpbag.tests\bin\release\sharpbag.tests.dll" id="236dd585-9363-168d-3729-7ab007ad8692">
      <Execution id="66b7e1dc-d669-4dde-8f91-730ad3f5b34a" />
      <TestMethod codeBase="C:/Users/SuprDewd/Desktop/Projects/Forritun/SharpBag/SharpBag.Tests/bin/Release/SharpBag.Tests.DLL" adapterTypeName="Microsoft.VisualStudio.TestTools.TestTypes.Unit.UnitTestAdapter, Microsoft.VisualStudio.QualityTools.Tips.UnitTest.Adapter, Version=10.0.0.0, Culture=neutral, PublicKeyToken=b03f5f7f11d50a3a" className="SharpBag.ExtensionsTest, SharpBag.Tests, Version=0.0.0.0, Culture=neutral, PublicKeyToken=null" name="Fill68801" />
    </UnitTest>
    <UnitTest name="IterThrowsContractException889" storage="c:\users\suprdewd\desktop\projects\forritun\sharpbag\sharpbag.tests\bin\release\sharpbag.tests.dll" id="7b6ad291-8507-bfdb-b921-bf2c15c5fff5">
      <Execution id="8edb69bb-2415-4158-b084-ac15344b1274" />
      <TestMethod codeBase="C:/Users/SuprDewd/Desktop/Projects/Forritun/SharpBag/SharpBag.Tests/bin/Release/SharpBag.Tests.DLL" adapterTypeName="Microsoft.VisualStudio.TestTools.TestTypes.Unit.UnitTestAdapter, Microsoft.VisualStudio.QualityTools.Tips.UnitTest.Adapter, Version=10.0.0.0, Culture=neutral, PublicKeyToken=b03f5f7f11d50a3a" className="SharpBag.ExtensionsTest, SharpBag.Tests, Version=0.0.0.0, Culture=neutral, PublicKeyToken=null" name="IterThrowsContractException889" />
    </UnitTest>
    <UnitTest name="As29401" storage="c:\users\suprdewd\desktop\projects\forritun\sharpbag\sharpbag.tests\bin\release\sharpbag.tests.dll" id="9b2baef8-8cea-f431-96b6-95e1ddfaf4a9">
      <Execution id="0185bf2f-1639-4bc3-9b8e-d6040da80832" />
      <TestMethod codeBase="C:/Users/SuprDewd/Desktop/Projects/Forritun/SharpBag/SharpBag.Tests/bin/Release/SharpBag.Tests.DLL" adapterTypeName="Microsoft.VisualStudio.TestTools.TestTypes.Unit.UnitTestAdapter, Microsoft.VisualStudio.QualityTools.Tips.UnitTest.Adapter, Version=10.0.0.0, Culture=neutral, PublicKeyToken=b03f5f7f11d50a3a" className="SharpBag.ExtensionsTest, SharpBag.Tests, Version=0.0.0.0, Culture=neutral, PublicKeyToken=null" name="As29401" />
    </UnitTest>
    <UnitTest name="ForEach90802" storage="c:\users\suprdewd\desktop\projects\forritun\sharpbag\sharpbag.tests\bin\release\sharpbag.tests.dll" id="1903a639-b5d9-1b4f-9c30-0405b15e8f12">
      <Execution id="5c9c77c4-ac3e-4596-ba41-d4e63d0925ce" />
      <TestMethod codeBase="C:/Users/SuprDewd/Desktop/Projects/Forritun/SharpBag/SharpBag.Tests/bin/Release/SharpBag.Tests.DLL" adapterTypeName="Microsoft.VisualStudio.TestTools.TestTypes.Unit.UnitTestAdapter, Microsoft.VisualStudio.QualityTools.Tips.UnitTest.Adapter, Version=10.0.0.0, Culture=neutral, PublicKeyToken=b03f5f7f11d50a3a" className="SharpBag.ExtensionsTest, SharpBag.Tests, Version=0.0.0.0, Culture=neutral, PublicKeyToken=null" name="ForEach90802" />
    </UnitTest>
    <UnitTest name="Fill105" storage="c:\users\suprdewd\desktop\projects\forritun\sharpbag\sharpbag.tests\bin\release\sharpbag.tests.dll" id="a51caca7-6a0e-8bea-fb89-3104ddb0e38a">
      <Execution id="87b8129e-aab7-4176-9c70-cc8bece14cb5" />
      <TestMethod codeBase="C:/Users/SuprDewd/Desktop/Projects/Forritun/SharpBag/SharpBag.Tests/bin/Release/SharpBag.Tests.DLL" adapterTypeName="Microsoft.VisualStudio.TestTools.TestTypes.Unit.UnitTestAdapter, Microsoft.VisualStudio.QualityTools.Tips.UnitTest.Adapter, Version=10.0.0.0, Culture=neutral, PublicKeyToken=b03f5f7f11d50a3a" className="SharpBag.ExtensionsTest, SharpBag.Tests, Version=0.0.0.0, Culture=neutral, PublicKeyToken=null" name="Fill105" />
    </UnitTest>
    <UnitTest name="IfNotNull0192303" storage="c:\users\suprdewd\desktop\projects\forritun\sharpbag\sharpbag.tests\bin\release\sharpbag.tests.dll" id="71a360e3-d81d-a30a-382f-721ef096f5b1">
      <Execution id="0f345363-43ae-4896-b5eb-b92e82d1c147" />
      <TestMethod codeBase="C:/Users/SuprDewd/Desktop/Projects/Forritun/SharpBag/SharpBag.Tests/bin/Release/SharpBag.Tests.DLL" adapterTypeName="Microsoft.VisualStudio.TestTools.TestTypes.Unit.UnitTestAdapter, Microsoft.VisualStudio.QualityTools.Tips.UnitTest.Adapter, Version=10.0.0.0, Culture=neutral, PublicKeyToken=b03f5f7f11d50a3a" className="SharpBag.ExtensionsTest, SharpBag.Tests, Version=0.0.0.0, Culture=neutral, PublicKeyToken=null" name="IfNotNull0192303" />
    </UnitTest>
    <UnitTest name="GetByPercentThrowsIndexOutOfRangeException858" storage="c:\users\suprdewd\desktop\projects\forritun\sharpbag\sharpbag.tests\bin\release\sharpbag.tests.dll" id="16bc510b-963f-30e5-6517-13389edd4fdc">
      <Execution id="280585d2-5629-4714-b8d9-308d0739a444" />
      <TestMethod codeBase="C:/Users/SuprDewd/Desktop/Projects/Forritun/SharpBag/SharpBag.Tests/bin/Release/SharpBag.Tests.DLL" adapterTypeName="Microsoft.VisualStudio.TestTools.TestTypes.Unit.UnitTestAdapter, Microsoft.VisualStudio.QualityTools.Tips.UnitTest.Adapter, Version=10.0.0.0, Culture=neutral, PublicKeyToken=b03f5f7f11d50a3a" className="SharpBag.ExtensionsTest, SharpBag.Tests, Version=0.0.0.0, Culture=neutral, PublicKeyToken=null" name="GetByPercentThrowsIndexOutOfRangeException858" />
    </UnitTest>
    <UnitTest name="IsNullOrEmpty177" storage="c:\users\suprdewd\desktop\projects\forritun\sharpbag\sharpbag.tests\bin\release\sharpbag.tests.dll" id="14e07649-4bb1-965c-d352-f5e6a62d38fd">
      <Execution id="d5fb7bb0-fe50-4493-aea2-9a0301e33658" />
      <TestMethod codeBase="C:/Users/SuprDewd/Desktop/Projects/Forritun/SharpBag/SharpBag.Tests/bin/Release/SharpBag.Tests.DLL" adapterTypeName="Microsoft.VisualStudio.TestTools.TestTypes.Unit.UnitTestAdapter, Microsoft.VisualStudio.QualityTools.Tips.UnitTest.Adapter, Version=10.0.0.0, Culture=neutral, PublicKeyToken=b03f5f7f11d50a3a" className="SharpBag.ExtensionsTest, SharpBag.Tests, Version=0.0.0.0, Culture=neutral, PublicKeyToken=null" name="IsNullOrEmpty177" />
    </UnitTest>
    <UnitTest name="TakeEvery57301" storage="c:\users\suprdewd\desktop\projects\forritun\sharpbag\sharpbag.tests\bin\release\sharpbag.tests.dll" id="3febe6f3-67ab-23b3-dd85-d4b7c1206b0c">
      <Execution id="6d7e653a-d7a8-4fd6-b894-be85903ee1b9" />
      <TestMethod codeBase="C:/Users/SuprDewd/Desktop/Projects/Forritun/SharpBag/SharpBag.Tests/bin/Release/SharpBag.Tests.DLL" adapterTypeName="Microsoft.VisualStudio.TestTools.TestTypes.Unit.UnitTestAdapter, Microsoft.VisualStudio.QualityTools.Tips.UnitTest.Adapter, Version=10.0.0.0, Culture=neutral, PublicKeyToken=b03f5f7f11d50a3a" className="SharpBag.ExtensionsTest, SharpBag.Tests, Version=0.0.0.0, Culture=neutral, PublicKeyToken=null" name="TakeEvery57301" />
    </UnitTest>
    <UnitTest name="IfNotNull17301" storage="c:\users\suprdewd\desktop\projects\forritun\sharpbag\sharpbag.tests\bin\release\sharpbag.tests.dll" id="fdc6582f-0eab-5f36-d160-7547a6de5dbb">
      <Execution id="76b0e0e8-c371-40cf-98c4-a9ba71287987" />
      <TestMethod codeBase="C:/Users/SuprDewd/Desktop/Projects/Forritun/SharpBag/SharpBag.Tests/bin/Release/SharpBag.Tests.DLL" adapterTypeName="Microsoft.VisualStudio.TestTools.TestTypes.Unit.UnitTestAdapter, Microsoft.VisualStudio.QualityTools.Tips.UnitTest.Adapter, Version=10.0.0.0, Culture=neutral, PublicKeyToken=b03f5f7f11d50a3a" className="SharpBag.ExtensionsTest, SharpBag.Tests, Version=0.0.0.0, Culture=neutral, PublicKeyToken=null" name="IfNotNull17301" />
    </UnitTest>
    <UnitTest name="Constructor25201" storage="c:\users\suprdewd\desktop\projects\forritun\sharpbag\sharpbag.tests\bin\release\sharpbag.tests.dll" id="b32008e9-7a6b-e8be-077f-aa699d6cced0">
      <Execution id="6d88c50a-f144-407a-95a9-7996e35ba3bb" />
      <TestMethod codeBase="C:/Users/SuprDewd/Desktop/Projects/Forritun/SharpBag/SharpBag.Tests/bin/Release/SharpBag.Tests.DLL" adapterTypeName="Microsoft.VisualStudio.TestTools.TestTypes.Unit.UnitTestAdapter, Microsoft.VisualStudio.QualityTools.Tips.UnitTest.Adapter, Version=10.0.0.0, Culture=neutral, PublicKeyToken=b03f5f7f11d50a3a" className="SharpBag.Algorithms.PriorityQueueTTest, SharpBag.Tests, Version=0.0.0.0, Culture=neutral, PublicKeyToken=null" name="Constructor25201" />
    </UnitTest>
    <UnitTest name="AsEnumerable56004" storage="c:\users\suprdewd\desktop\projects\forritun\sharpbag\sharpbag.tests\bin\release\sharpbag.tests.dll" id="9611d5ba-c78e-b7b6-592f-64194d91b456">
      <Execution id="da0849d6-9313-4e4e-8ad7-bb65e753fca7" />
      <TestMethod codeBase="C:/Users/SuprDewd/Desktop/Projects/Forritun/SharpBag/SharpBag.Tests/bin/Release/SharpBag.Tests.DLL" adapterTypeName="Microsoft.VisualStudio.TestTools.TestTypes.Unit.UnitTestAdapter, Microsoft.VisualStudio.QualityTools.Tips.UnitTest.Adapter, Version=10.0.0.0, Culture=neutral, PublicKeyToken=b03f5f7f11d50a3a" className="SharpBag.ExtensionsTest, SharpBag.Tests, Version=0.0.0.0, Culture=neutral, PublicKeyToken=null" name="AsEnumerable56004" />
    </UnitTest>
    <UnitTest name="As0198302" storage="c:\users\suprdewd\desktop\projects\forritun\sharpbag\sharpbag.tests\bin\release\sharpbag.tests.dll" id="31751606-0e00-3ddd-298e-e7c2d6c445a2">
      <Execution id="c177e8a1-14ef-46da-8bcc-4f4e1aefdff8" />
      <TestMethod codeBase="C:/Users/SuprDewd/Desktop/Projects/Forritun/SharpBag/SharpBag.Tests/bin/Release/SharpBag.Tests.DLL" adapterTypeName="Microsoft.VisualStudio.TestTools.TestTypes.Unit.UnitTestAdapter, Microsoft.VisualStudio.QualityTools.Tips.UnitTest.Adapter, Version=10.0.0.0, Culture=neutral, PublicKeyToken=b03f5f7f11d50a3a" className="SharpBag.ExtensionsTest, SharpBag.Tests, Version=0.0.0.0, Culture=neutral, PublicKeyToken=null" name="As0198302" />
    </UnitTest>
    <UnitTest name="To04ThrowsContractException193" storage="c:\users\suprdewd\desktop\projects\forritun\sharpbag\sharpbag.tests\bin\release\sharpbag.tests.dll" id="3ca3afbe-4155-3a78-1581-d034645ac0e9">
      <Execution id="58869ced-1eca-4fe1-af79-229e0986514e" />
      <TestMethod codeBase="C:/Users/SuprDewd/Desktop/Projects/Forritun/SharpBag/SharpBag.Tests/bin/Release/SharpBag.Tests.DLL" adapterTypeName="Microsoft.VisualStudio.TestTools.TestTypes.Unit.UnitTestAdapter, Microsoft.VisualStudio.QualityTools.Tips.UnitTest.Adapter, Version=10.0.0.0, Culture=neutral, PublicKeyToken=b03f5f7f11d50a3a" className="SharpBag.ExtensionsTest, SharpBag.Tests, Version=0.0.0.0, Culture=neutral, PublicKeyToken=null" name="To04ThrowsContractException193" />
    </UnitTest>
    <UnitTest name="Is373" storage="c:\users\suprdewd\desktop\projects\forritun\sharpbag\sharpbag.tests\bin\release\sharpbag.tests.dll" id="767e3845-1b47-6225-c38c-e6345e12262a">
      <Execution id="2beadd68-9a63-4bbe-8d3f-43cbcffaa6c2" />
      <TestMethod codeBase="C:/Users/SuprDewd/Desktop/Projects/Forritun/SharpBag/SharpBag.Tests/bin/Release/SharpBag.Tests.DLL" adapterTypeName="Microsoft.VisualStudio.TestTools.TestTypes.Unit.UnitTestAdapter, Microsoft.VisualStudio.QualityTools.Tips.UnitTest.Adapter, Version=10.0.0.0, Culture=neutral, PublicKeyToken=b03f5f7f11d50a3a" className="SharpBag.ExtensionsTest, SharpBag.Tests, Version=0.0.0.0, Culture=neutral, PublicKeyToken=null" name="Is373" />
    </UnitTest>
    <UnitTest name="IfNotNull47701" storage="c:\users\suprdewd\desktop\projects\forritun\sharpbag\sharpbag.tests\bin\release\sharpbag.tests.dll" id="69d4fcec-3787-b518-9138-fc65c3d09ecc">
      <Execution id="219aae95-18dc-434b-b802-ff5508d0e68e" />
      <TestMethod codeBase="C:/Users/SuprDewd/Desktop/Projects/Forritun/SharpBag/SharpBag.Tests/bin/Release/SharpBag.Tests.DLL" adapterTypeName="Microsoft.VisualStudio.TestTools.TestTypes.Unit.UnitTestAdapter, Microsoft.VisualStudio.QualityTools.Tips.UnitTest.Adapter, Version=10.0.0.0, Culture=neutral, PublicKeyToken=b03f5f7f11d50a3a" className="SharpBag.ExtensionsTest, SharpBag.Tests, Version=0.0.0.0, Culture=neutral, PublicKeyToken=null" name="IfNotNull47701" />
    </UnitTest>
    <UnitTest name="Subarray142" storage="c:\users\suprdewd\desktop\projects\forritun\sharpbag\sharpbag.tests\bin\release\sharpbag.tests.dll" id="6ea29e89-2e15-126e-eecf-3f7b211c52eb">
      <Execution id="274bd040-fb81-4926-b449-8e78d4f7aba5" />
      <TestMethod codeBase="C:/Users/SuprDewd/Desktop/Projects/Forritun/SharpBag/SharpBag.Tests/bin/Release/SharpBag.Tests.DLL" adapterTypeName="Microsoft.VisualStudio.TestTools.TestTypes.Unit.UnitTestAdapter, Microsoft.VisualStudio.QualityTools.Tips.UnitTest.Adapter, Version=10.0.0.0, Culture=neutral, PublicKeyToken=b03f5f7f11d50a3a" className="SharpBag.ExtensionsTest, SharpBag.Tests, Version=0.0.0.0, Culture=neutral, PublicKeyToken=null" name="Subarray142" />
    </UnitTest>
    <UnitTest name="IfNotNull0159701" storage="c:\users\suprdewd\desktop\projects\forritun\sharpbag\sharpbag.tests\bin\release\sharpbag.tests.dll" id="f96aeaaa-982a-50fe-9819-4fadbbdc5555">
      <Execution id="d58a5ecd-9a4c-426c-be98-c37d76929932" />
      <TestMethod codeBase="C:/Users/SuprDewd/Desktop/Projects/Forritun/SharpBag/SharpBag.Tests/bin/Release/SharpBag.Tests.DLL" adapterTypeName="Microsoft.VisualStudio.TestTools.TestTypes.Unit.UnitTestAdapter, Microsoft.VisualStudio.QualityTools.Tips.UnitTest.Adapter, Version=10.0.0.0, Culture=neutral, PublicKeyToken=b03f5f7f11d50a3a" className="SharpBag.ExtensionsTest, SharpBag.Tests, Version=0.0.0.0, Culture=neutral, PublicKeyToken=null" name="IfNotNull0159701" />
    </UnitTest>
    <UnitTest name="NullOr90702" storage="c:\users\suprdewd\desktop\projects\forritun\sharpbag\sharpbag.tests\bin\release\sharpbag.tests.dll" id="8f214c0c-af12-b9fb-ae32-e2f0e522a10f">
      <Execution id="e679c970-5aa1-4f39-9a04-fa12698b6867" />
      <TestMethod codeBase="C:/Users/SuprDewd/Desktop/Projects/Forritun/SharpBag/SharpBag.Tests/bin/Release/SharpBag.Tests.DLL" adapterTypeName="Microsoft.VisualStudio.TestTools.TestTypes.Unit.UnitTestAdapter, Microsoft.VisualStudio.QualityTools.Tips.UnitTest.Adapter, Version=10.0.0.0, Culture=neutral, PublicKeyToken=b03f5f7f11d50a3a" className="SharpBag.ExtensionsTest, SharpBag.Tests, Version=0.0.0.0, Culture=neutral, PublicKeyToken=null" name="NullOr90702" />
    </UnitTest>
    <UnitTest name="ForEach12503" storage="c:\users\suprdewd\desktop\projects\forritun\sharpbag\sharpbag.tests\bin\release\sharpbag.tests.dll" id="7acd9860-9837-fbe5-5425-b774d050444a">
      <Execution id="3d373d60-d2bc-4977-aa21-b65f66dc9978" />
      <TestMethod codeBase="C:/Users/SuprDewd/Desktop/Projects/Forritun/SharpBag/SharpBag.Tests/bin/Release/SharpBag.Tests.DLL" adapterTypeName="Microsoft.VisualStudio.TestTools.TestTypes.Unit.UnitTestAdapter, Microsoft.VisualStudio.QualityTools.Tips.UnitTest.Adapter, Version=10.0.0.0, Culture=neutral, PublicKeyToken=b03f5f7f11d50a3a" className="SharpBag.ExtensionsTest, SharpBag.Tests, Version=0.0.0.0, Culture=neutral, PublicKeyToken=null" name="ForEach12503" />
    </UnitTest>
    <UnitTest name="SubarrayThrowsIndexOutOfRangeException166" storage="c:\users\suprdewd\desktop\projects\forritun\sharpbag\sharpbag.tests\bin\release\sharpbag.tests.dll" id="830b7e4e-1e9d-8453-edde-ba93d873d94b">
      <Execution id="8da6d892-6b9d-4ed0-8cd9-30e39c16fa4f" />
      <TestMethod codeBase="C:/Users/SuprDewd/Desktop/Projects/Forritun/SharpBag/SharpBag.Tests/bin/Release/SharpBag.Tests.DLL" adapterTypeName="Microsoft.VisualStudio.TestTools.TestTypes.Unit.UnitTestAdapter, Microsoft.VisualStudio.QualityTools.Tips.UnitTest.Adapter, Version=10.0.0.0, Culture=neutral, PublicKeyToken=b03f5f7f11d50a3a" className="SharpBag.ExtensionsTest, SharpBag.Tests, Version=0.0.0.0, Culture=neutral, PublicKeyToken=null" name="SubarrayThrowsIndexOutOfRangeException166" />
    </UnitTest>
    <UnitTest name="ForEach12504" storage="c:\users\suprdewd\desktop\projects\forritun\sharpbag\sharpbag.tests\bin\release\sharpbag.tests.dll" id="36c0ac7a-9f37-b952-7a17-2ad1e9132b69">
      <Execution id="fe7f6a25-b781-4359-a754-0e50f8e78c49" />
      <TestMethod codeBase="C:/Users/SuprDewd/Desktop/Projects/Forritun/SharpBag/SharpBag.Tests/bin/Release/SharpBag.Tests.DLL" adapterTypeName="Microsoft.VisualStudio.TestTools.TestTypes.Unit.UnitTestAdapter, Microsoft.VisualStudio.QualityTools.Tips.UnitTest.Adapter, Version=10.0.0.0, Culture=neutral, PublicKeyToken=b03f5f7f11d50a3a" className="SharpBag.ExtensionsTest, SharpBag.Tests, Version=0.0.0.0, Culture=neutral, PublicKeyToken=null" name="ForEach12504" />
    </UnitTest>
    <UnitTest name="FromEnumerator55" storage="c:\users\suprdewd\desktop\projects\forritun\sharpbag\sharpbag.tests\bin\release\sharpbag.tests.dll" id="be5f5722-e49c-2552-3b23-55e7eba52bdb">
      <Execution id="2fdaabd6-71c4-4c50-a75c-cb3deaa454db" />
      <TestMethod codeBase="C:/Users/SuprDewd/Desktop/Projects/Forritun/SharpBag/SharpBag.Tests/bin/Release/SharpBag.Tests.DLL" adapterTypeName="Microsoft.VisualStudio.TestTools.TestTypes.Unit.UnitTestAdapter, Microsoft.VisualStudio.QualityTools.Tips.UnitTest.Adapter, Version=10.0.0.0, Culture=neutral, PublicKeyToken=b03f5f7f11d50a3a" className="SharpBag.UtilsTest, SharpBag.Tests, Version=0.0.0.0, Culture=neutral, PublicKeyToken=null" name="FromEnumerator55" />
    </UnitTest>
    <UnitTest name="ToString01827" storage="c:\users\suprdewd\desktop\projects\forritun\sharpbag\sharpbag.tests\bin\release\sharpbag.tests.dll" id="61f7685b-d775-dd59-8bb8-b9d96ff30e56">
      <Execution id="9418420f-895c-4391-9458-e93d846b9114" />
      <TestMethod codeBase="C:/Users/SuprDewd/Desktop/Projects/Forritun/SharpBag/SharpBag.Tests/bin/Release/SharpBag.Tests.DLL" adapterTypeName="Microsoft.VisualStudio.TestTools.TestTypes.Unit.UnitTestAdapter, Microsoft.VisualStudio.QualityTools.Tips.UnitTest.Adapter, Version=10.0.0.0, Culture=neutral, PublicKeyToken=b03f5f7f11d50a3a" className="SharpBag.Algorithms.PriorityQueueItemTTest, SharpBag.Tests, Version=0.0.0.0, Culture=neutral, PublicKeyToken=null" name="ToString01827" />
    </UnitTest>
    <UnitTest name="AsEnumerable0128303" storage="c:\users\suprdewd\desktop\projects\forritun\sharpbag\sharpbag.tests\bin\release\sharpbag.tests.dll" id="c441e89e-f895-2b6d-e75c-6ac07c647d62">
      <Execution id="5af7da92-ab67-4547-b3f7-34d70320e0e9" />
      <TestMethod codeBase="C:/Users/SuprDewd/Desktop/Projects/Forritun/SharpBag/SharpBag.Tests/bin/Release/SharpBag.Tests.DLL" adapterTypeName="Microsoft.VisualStudio.TestTools.TestTypes.Unit.UnitTestAdapter, Microsoft.VisualStudio.QualityTools.Tips.UnitTest.Adapter, Version=10.0.0.0, Culture=neutral, PublicKeyToken=b03f5f7f11d50a3a" className="SharpBag.ExtensionsTest, SharpBag.Tests, Version=0.0.0.0, Culture=neutral, PublicKeyToken=null" name="AsEnumerable0128303" />
    </UnitTest>
    <UnitTest name="ReadLinesFrom335" storage="c:\users\suprdewd\desktop\projects\forritun\sharpbag\sharpbag.tests\bin\release\sharpbag.tests.dll" id="c6e56d30-e4b1-0266-4be4-81fd81816d37">
      <Execution id="6ddd8461-c4e9-495c-96ad-0b2341180c5a" />
      <TestMethod codeBase="C:/Users/SuprDewd/Desktop/Projects/Forritun/SharpBag/SharpBag.Tests/bin/Release/SharpBag.Tests.DLL" adapterTypeName="Microsoft.VisualStudio.TestTools.TestTypes.Unit.UnitTestAdapter, Microsoft.VisualStudio.QualityTools.Tips.UnitTest.Adapter, Version=10.0.0.0, Culture=neutral, PublicKeyToken=b03f5f7f11d50a3a" className="SharpBag.UtilsTest, SharpBag.Tests, Version=0.0.0.0, Culture=neutral, PublicKeyToken=null" name="ReadLinesFrom335" />
    </UnitTest>
    <UnitTest name="RangeThrowsContractException187" storage="c:\users\suprdewd\desktop\projects\forritun\sharpbag\sharpbag.tests\bin\release\sharpbag.tests.dll" id="e8ca73cc-b93e-0f49-9374-ed860ffbd677">
      <Execution id="c594535f-29ad-4600-99c0-1991922a287b" />
      <TestMethod codeBase="C:/Users/SuprDewd/Desktop/Projects/Forritun/SharpBag/SharpBag.Tests/bin/Release/SharpBag.Tests.DLL" adapterTypeName="Microsoft.VisualStudio.TestTools.TestTypes.Unit.UnitTestAdapter, Microsoft.VisualStudio.QualityTools.Tips.UnitTest.Adapter, Version=10.0.0.0, Culture=neutral, PublicKeyToken=b03f5f7f11d50a3a" className="SharpBag.ExtensionsTest, SharpBag.Tests, Version=0.0.0.0, Culture=neutral, PublicKeyToken=null" name="RangeThrowsContractException187" />
    </UnitTest>
    <UnitTest name="As0163223" storage="c:\users\suprdewd\desktop\projects\forritun\sharpbag\sharpbag.tests\bin\release\sharpbag.tests.dll" id="ec55615d-1e36-c752-f2bf-b20284d0ae33">
      <Execution id="dc4be1e7-11a3-4aeb-9891-7c15378b4d90" />
      <TestMethod codeBase="C:/Users/SuprDewd/Desktop/Projects/Forritun/SharpBag/SharpBag.Tests/bin/Release/SharpBag.Tests.DLL" adapterTypeName="Microsoft.VisualStudio.TestTools.TestTypes.Unit.UnitTestAdapter, Microsoft.VisualStudio.QualityTools.Tips.UnitTest.Adapter, Version=10.0.0.0, Culture=neutral, PublicKeyToken=b03f5f7f11d50a3a" className="SharpBag.ExtensionsTest, SharpBag.Tests, Version=0.0.0.0, Culture=neutral, PublicKeyToken=null" name="As0163223" />
    </UnitTest>
    <UnitTest name="ReadLinesFromFileThrowsContractException244" storage="c:\users\suprdewd\desktop\projects\forritun\sharpbag\sharpbag.tests\bin\release\sharpbag.tests.dll" id="1ca82a0b-7842-06c7-ecd3-2f81b62f1e0e">
      <Execution id="e254531b-69a0-4e4e-82e1-7d22d5911e24" />
      <TestMethod codeBase="C:/Users/SuprDewd/Desktop/Projects/Forritun/SharpBag/SharpBag.Tests/bin/Release/SharpBag.Tests.DLL" adapterTypeName="Microsoft.VisualStudio.TestTools.TestTypes.Unit.UnitTestAdapter, Microsoft.VisualStudio.QualityTools.Tips.UnitTest.Adapter, Version=10.0.0.0, Culture=neutral, PublicKeyToken=b03f5f7f11d50a3a" className="SharpBag.UtilsTest, SharpBag.Tests, Version=0.0.0.0, Culture=neutral, PublicKeyToken=null" name="ReadLinesFromFileThrowsContractException244" />
    </UnitTest>
    <UnitTest name="ToThrowsContractException891" storage="c:\users\suprdewd\desktop\projects\forritun\sharpbag\sharpbag.tests\bin\release\sharpbag.tests.dll" id="c75708a0-bd76-5c05-5aaa-8fcb10fd4321">
      <Execution id="c70db59b-d503-4f59-bb3b-b321dfedfd65" />
      <TestMethod codeBase="C:/Users/SuprDewd/Desktop/Projects/Forritun/SharpBag/SharpBag.Tests/bin/Release/SharpBag.Tests.DLL" adapterTypeName="Microsoft.VisualStudio.TestTools.TestTypes.Unit.UnitTestAdapter, Microsoft.VisualStudio.QualityTools.Tips.UnitTest.Adapter, Version=10.0.0.0, Culture=neutral, PublicKeyToken=b03f5f7f11d50a3a" className="SharpBag.ExtensionsTest, SharpBag.Tests, Version=0.0.0.0, Culture=neutral, PublicKeyToken=null" name="ToThrowsContractException891" />
    </UnitTest>
    <UnitTest name="GenerateEndless277" storage="c:\users\suprdewd\desktop\projects\forritun\sharpbag\sharpbag.tests\bin\release\sharpbag.tests.dll" id="1fd730db-48ad-68c2-a560-921c988f9a38">
      <Execution id="c935dbf1-deac-4f1a-803e-3756601a22b0" />
      <TestMethod codeBase="C:/Users/SuprDewd/Desktop/Projects/Forritun/SharpBag/SharpBag.Tests/bin/Release/SharpBag.Tests.DLL" adapterTypeName="Microsoft.VisualStudio.TestTools.TestTypes.Unit.UnitTestAdapter, Microsoft.VisualStudio.QualityTools.Tips.UnitTest.Adapter, Version=10.0.0.0, Culture=neutral, PublicKeyToken=b03f5f7f11d50a3a" className="SharpBag.UtilsTest, SharpBag.Tests, Version=0.0.0.0, Culture=neutral, PublicKeyToken=null" name="GenerateEndless277" />
    </UnitTest>
    <UnitTest name="NullOr90704" storage="c:\users\suprdewd\desktop\projects\forritun\sharpbag\sharpbag.tests\bin\release\sharpbag.tests.dll" id="603d3527-31ad-433b-f22d-64c8d067b62d">
      <Execution id="f06aa191-83db-402d-b628-a6ad11a43a3c" />
      <TestMethod codeBase="C:/Users/SuprDewd/Desktop/Projects/Forritun/SharpBag/SharpBag.Tests/bin/Release/SharpBag.Tests.DLL" adapterTypeName="Microsoft.VisualStudio.TestTools.TestTypes.Unit.UnitTestAdapter, Microsoft.VisualStudio.QualityTools.Tips.UnitTest.Adapter, Version=10.0.0.0, Culture=neutral, PublicKeyToken=b03f5f7f11d50a3a" className="SharpBag.ExtensionsTest, SharpBag.Tests, Version=0.0.0.0, Culture=neutral, PublicKeyToken=null" name="NullOr90704" />
    </UnitTest>
    <UnitTest name="ShuffleThrowsContractException285" storage="c:\users\suprdewd\desktop\projects\forritun\sharpbag\sharpbag.tests\bin\release\sharpbag.tests.dll" id="a8ed7a3a-0e05-4105-ece6-4d106523c6c6">
      <Execution id="96287bff-2d4c-452c-aea1-bb05a22f74a0" />
      <TestMethod codeBase="C:/Users/SuprDewd/Desktop/Projects/Forritun/SharpBag/SharpBag.Tests/bin/Release/SharpBag.Tests.DLL" adapterTypeName="Microsoft.VisualStudio.TestTools.TestTypes.Unit.UnitTestAdapter, Microsoft.VisualStudio.QualityTools.Tips.UnitTest.Adapter, Version=10.0.0.0, Culture=neutral, PublicKeyToken=b03f5f7f11d50a3a" className="SharpBag.ExtensionsTest, SharpBag.Tests, Version=0.0.0.0, Culture=neutral, PublicKeyToken=null" name="ShuffleThrowsContractException285" />
    </UnitTest>
    <UnitTest name="As0166003" storage="c:\users\suprdewd\desktop\projects\forritun\sharpbag\sharpbag.tests\bin\release\sharpbag.tests.dll" id="2c678190-6575-f47a-afde-b3eb80b1856c">
      <Execution id="77a7aff5-32ed-49fb-94e9-f3d9c476b2b8" />
      <TestMethod codeBase="C:/Users/SuprDewd/Desktop/Projects/Forritun/SharpBag/SharpBag.Tests/bin/Release/SharpBag.Tests.DLL" adapterTypeName="Microsoft.VisualStudio.TestTools.TestTypes.Unit.UnitTestAdapter, Microsoft.VisualStudio.QualityTools.Tips.UnitTest.Adapter, Version=10.0.0.0, Culture=neutral, PublicKeyToken=b03f5f7f11d50a3a" className="SharpBag.ExtensionsTest, SharpBag.Tests, Version=0.0.0.0, Culture=neutral, PublicKeyToken=null" name="As0166003" />
    </UnitTest>
    <UnitTest name="AsEnumerable0314802" storage="c:\users\suprdewd\desktop\projects\forritun\sharpbag\sharpbag.tests\bin\release\sharpbag.tests.dll" id="f342f959-584b-70f7-fc12-f7e45c365653">
      <Execution id="ae0fbf49-6302-42a6-82b4-bb30ba3126a7" />
      <TestMethod codeBase="C:/Users/SuprDewd/Desktop/Projects/Forritun/SharpBag/SharpBag.Tests/bin/Release/SharpBag.Tests.DLL" adapterTypeName="Microsoft.VisualStudio.TestTools.TestTypes.Unit.UnitTestAdapter, Microsoft.VisualStudio.QualityTools.Tips.UnitTest.Adapter, Version=10.0.0.0, Culture=neutral, PublicKeyToken=b03f5f7f11d50a3a" className="SharpBag.ExtensionsTest, SharpBag.Tests, Version=0.0.0.0, Culture=neutral, PublicKeyToken=null" name="AsEnumerable0314802" />
    </UnitTest>
    <UnitTest name="ReadLinesFromThrowsContractException838" storage="c:\users\suprdewd\desktop\projects\forritun\sharpbag\sharpbag.tests\bin\release\sharpbag.tests.dll" id="29c9ba2a-8918-92c1-edbc-ad1fd40c77e1">
      <Execution id="f3e8c233-605d-4ce3-ba15-17342a63882b" />
      <TestMethod codeBase="C:/Users/SuprDewd/Desktop/Projects/Forritun/SharpBag/SharpBag.Tests/bin/Release/SharpBag.Tests.DLL" adapterTypeName="Microsoft.VisualStudio.TestTools.TestTypes.Unit.UnitTestAdapter, Microsoft.VisualStudio.QualityTools.Tips.UnitTest.Adapter, Version=10.0.0.0, Culture=neutral, PublicKeyToken=b03f5f7f11d50a3a" className="SharpBag.UtilsTest, SharpBag.Tests, Version=0.0.0.0, Culture=neutral, PublicKeyToken=null" name="ReadLinesFromThrowsContractException838" />
    </UnitTest>
    <UnitTest name="TakeEveryThrowsContractException597" storage="c:\users\suprdewd\desktop\projects\forritun\sharpbag\sharpbag.tests\bin\release\sharpbag.tests.dll" id="f66902ae-2eb8-36de-bdb4-af24338ae682">
      <Execution id="dd17d9c9-034c-4398-a469-a51ba1449ec3" />
      <TestMethod codeBase="C:/Users/SuprDewd/Desktop/Projects/Forritun/SharpBag/SharpBag.Tests/bin/Release/SharpBag.Tests.DLL" adapterTypeName="Microsoft.VisualStudio.TestTools.TestTypes.Unit.UnitTestAdapter, Microsoft.VisualStudio.QualityTools.Tips.UnitTest.Adapter, Version=10.0.0.0, Culture=neutral, PublicKeyToken=b03f5f7f11d50a3a" className="SharpBag.ExtensionsTest, SharpBag.Tests, Version=0.0.0.0, Culture=neutral, PublicKeyToken=null" name="TakeEveryThrowsContractException597" />
    </UnitTest>
    <UnitTest name="As0163220" storage="c:\users\suprdewd\desktop\projects\forritun\sharpbag\sharpbag.tests\bin\release\sharpbag.tests.dll" id="e37183df-04ce-aa53-28d5-e792188a2202">
      <Execution id="dfb6ad59-865d-437a-b8f2-e57f14945ef3" />
      <TestMethod codeBase="C:/Users/SuprDewd/Desktop/Projects/Forritun/SharpBag/SharpBag.Tests/bin/Release/SharpBag.Tests.DLL" adapterTypeName="Microsoft.VisualStudio.TestTools.TestTypes.Unit.UnitTestAdapter, Microsoft.VisualStudio.QualityTools.Tips.UnitTest.Adapter, Version=10.0.0.0, Culture=neutral, PublicKeyToken=b03f5f7f11d50a3a" className="SharpBag.ExtensionsTest, SharpBag.Tests, Version=0.0.0.0, Culture=neutral, PublicKeyToken=null" name="As0163220" />
    </UnitTest>
    <UnitTest name="AddThrowsContractException551" storage="c:\users\suprdewd\desktop\projects\forritun\sharpbag\sharpbag.tests\bin\release\sharpbag.tests.dll" id="797d7b6c-0b94-436f-8cf2-1181e4378e5e">
      <Execution id="ff68889a-7982-4600-a9d3-74f02a929de1" />
      <TestMethod codeBase="C:/Users/SuprDewd/Desktop/Projects/Forritun/SharpBag/SharpBag.Tests/bin/Release/SharpBag.Tests.DLL" adapterTypeName="Microsoft.VisualStudio.TestTools.TestTypes.Unit.UnitTestAdapter, Microsoft.VisualStudio.QualityTools.Tips.UnitTest.Adapter, Version=10.0.0.0, Culture=neutral, PublicKeyToken=b03f5f7f11d50a3a" className="SharpBag.ExtensionsTest, SharpBag.Tests, Version=0.0.0.0, Culture=neutral, PublicKeyToken=null" name="AddThrowsContractException551" />
    </UnitTest>
    <UnitTest name="AsEnumerable0314804" storage="c:\users\suprdewd\desktop\projects\forritun\sharpbag\sharpbag.tests\bin\release\sharpbag.tests.dll" id="787c2aca-5007-7e56-5e10-28020b3be468">
      <Execution id="a4827343-4396-406f-ada6-02b4f9e5fe84" />
      <TestMethod codeBase="C:/Users/SuprDewd/Desktop/Projects/Forritun/SharpBag/SharpBag.Tests/bin/Release/SharpBag.Tests.DLL" adapterTypeName="Microsoft.VisualStudio.TestTools.TestTypes.Unit.UnitTestAdapter, Microsoft.VisualStudio.QualityTools.Tips.UnitTest.Adapter, Version=10.0.0.0, Culture=neutral, PublicKeyToken=b03f5f7f11d50a3a" className="SharpBag.ExtensionsTest, SharpBag.Tests, Version=0.0.0.0, Culture=neutral, PublicKeyToken=null" name="AsEnumerable0314804" />
    </UnitTest>
    <UnitTest name="As0130302" storage="c:\users\suprdewd\desktop\projects\forritun\sharpbag\sharpbag.tests\bin\release\sharpbag.tests.dll" id="bf4b4d8f-a9c5-278f-9d0c-4140566dfe7e">
      <Execution id="40c74957-bb5a-4c40-a9be-4ad0a5cd5efb" />
      <TestMethod codeBase="C:/Users/SuprDewd/Desktop/Projects/Forritun/SharpBag/SharpBag.Tests/bin/Release/SharpBag.Tests.DLL" adapterTypeName="Microsoft.VisualStudio.TestTools.TestTypes.Unit.UnitTestAdapter, Microsoft.VisualStudio.QualityTools.Tips.UnitTest.Adapter, Version=10.0.0.0, Culture=neutral, PublicKeyToken=b03f5f7f11d50a3a" className="SharpBag.ExtensionsTest, SharpBag.Tests, Version=0.0.0.0, Culture=neutral, PublicKeyToken=null" name="As0130302" />
    </UnitTest>
    <UnitTest name="Fill0168803" storage="c:\users\suprdewd\desktop\projects\forritun\sharpbag\sharpbag.tests\bin\release\sharpbag.tests.dll" id="70ecef07-25d9-9298-9faa-26825e270b46">
      <Execution id="912e678e-d890-46f7-b695-dcc492ac1da5" />
      <TestMethod codeBase="C:/Users/SuprDewd/Desktop/Projects/Forritun/SharpBag/SharpBag.Tests/bin/Release/SharpBag.Tests.DLL" adapterTypeName="Microsoft.VisualStudio.TestTools.TestTypes.Unit.UnitTestAdapter, Microsoft.VisualStudio.QualityTools.Tips.UnitTest.Adapter, Version=10.0.0.0, Culture=neutral, PublicKeyToken=b03f5f7f11d50a3a" className="SharpBag.ExtensionsTest, SharpBag.Tests, Version=0.0.0.0, Culture=neutral, PublicKeyToken=null" name="Fill0168803" />
    </UnitTest>
    <UnitTest name="Shuffle565" storage="c:\users\suprdewd\desktop\projects\forritun\sharpbag\sharpbag.tests\bin\release\sharpbag.tests.dll" id="8d424c8f-9c8d-8bdb-c98c-1e76a87f52e2">
      <Execution id="7de47a5f-cab8-46f6-a207-e598352d01d5" />
      <TestMethod codeBase="C:/Users/SuprDewd/Desktop/Projects/Forritun/SharpBag/SharpBag.Tests/bin/Release/SharpBag.Tests.DLL" adapterTypeName="Microsoft.VisualStudio.TestTools.TestTypes.Unit.UnitTestAdapter, Microsoft.VisualStudio.QualityTools.Tips.UnitTest.Adapter, Version=10.0.0.0, Culture=neutral, PublicKeyToken=b03f5f7f11d50a3a" className="SharpBag.ExtensionsTest, SharpBag.Tests, Version=0.0.0.0, Culture=neutral, PublicKeyToken=null" name="Shuffle565" />
    </UnitTest>
    <UnitTest name="RandomThrowsContractException824" storage="c:\users\suprdewd\desktop\projects\forritun\sharpbag\sharpbag.tests\bin\release\sharpbag.tests.dll" id="fce54152-c90c-9cca-2f79-ca939e2fd20d">
      <Execution id="6df71264-7fe1-4d61-b3e5-0f2740eb1657" />
      <TestMethod codeBase="C:/Users/SuprDewd/Desktop/Projects/Forritun/SharpBag/SharpBag.Tests/bin/Release/SharpBag.Tests.DLL" adapterTypeName="Microsoft.VisualStudio.TestTools.TestTypes.Unit.UnitTestAdapter, Microsoft.VisualStudio.QualityTools.Tips.UnitTest.Adapter, Version=10.0.0.0, Culture=neutral, PublicKeyToken=b03f5f7f11d50a3a" className="SharpBag.ExtensionsTest, SharpBag.Tests, Version=0.0.0.0, Culture=neutral, PublicKeyToken=null" name="RandomThrowsContractException824" />
    </UnitTest>
    <UnitTest name="GetPriorityEnumerator72901" storage="c:\users\suprdewd\desktop\projects\forritun\sharpbag\sharpbag.tests\bin\release\sharpbag.tests.dll" id="8d13964e-5c5a-1ee4-b9d1-2f111aabda85">
      <Execution id="839cf15a-0c48-4e36-b64f-ccf632372d2c" />
      <TestMethod codeBase="C:/Users/SuprDewd/Desktop/Projects/Forritun/SharpBag/SharpBag.Tests/bin/Release/SharpBag.Tests.DLL" adapterTypeName="Microsoft.VisualStudio.TestTools.TestTypes.Unit.UnitTestAdapter, Microsoft.VisualStudio.QualityTools.Tips.UnitTest.Adapter, Version=10.0.0.0, Culture=neutral, PublicKeyToken=b03f5f7f11d50a3a" className="SharpBag.Algorithms.PriorityQueueTTest, SharpBag.Tests, Version=0.0.0.0, Culture=neutral, PublicKeyToken=null" name="GetPriorityEnumerator72901" />
    </UnitTest>
    <UnitTest name="UnionAll0135501" storage="c:\users\suprdewd\desktop\projects\forritun\sharpbag\sharpbag.tests\bin\release\sharpbag.tests.dll" id="640310df-d648-7294-c434-32af677c30c3">
      <Execution id="84da620e-c423-44e7-a989-ddb9234d4529" />
      <TestMethod codeBase="C:/Users/SuprDewd/Desktop/Projects/Forritun/SharpBag/SharpBag.Tests/bin/Release/SharpBag.Tests.DLL" adapterTypeName="Microsoft.VisualStudio.TestTools.TestTypes.Unit.UnitTestAdapter, Microsoft.VisualStudio.QualityTools.Tips.UnitTest.Adapter, Version=10.0.0.0, Culture=neutral, PublicKeyToken=b03f5f7f11d50a3a" className="SharpBag.ExtensionsTest, SharpBag.Tests, Version=0.0.0.0, Culture=neutral, PublicKeyToken=null" name="UnionAll0135501" />
    </UnitTest>
    <UnitTest name="ContainsArrayThrowsContractException154" storage="c:\users\suprdewd\desktop\projects\forritun\sharpbag\sharpbag.tests\bin\release\sharpbag.tests.dll" id="0f9431a7-c4c3-1aca-912d-ce2c11b0e97d">
      <Execution id="7d2152c2-a7dd-4819-91b8-76abe3a8472f" />
      <TestMethod codeBase="C:/Users/SuprDewd/Desktop/Projects/Forritun/SharpBag/SharpBag.Tests/bin/Release/SharpBag.Tests.DLL" adapterTypeName="Microsoft.VisualStudio.TestTools.TestTypes.Unit.UnitTestAdapter, Microsoft.VisualStudio.QualityTools.Tips.UnitTest.Adapter, Version=10.0.0.0, Culture=neutral, PublicKeyToken=b03f5f7f11d50a3a" className="SharpBag.ExtensionsTest, SharpBag.Tests, Version=0.0.0.0, Culture=neutral, PublicKeyToken=null" name="ContainsArrayThrowsContractException154" />
    </UnitTest>
    <UnitTest name="As0163213" storage="c:\users\suprdewd\desktop\projects\forritun\sharpbag\sharpbag.tests\bin\release\sharpbag.tests.dll" id="2e9abde5-72f2-18f2-ec62-8da36318a8ed">
      <Execution id="c827765a-1426-4372-a2d8-2c57efcf35dd" />
      <TestMethod codeBase="C:/Users/SuprDewd/Desktop/Projects/Forritun/SharpBag/SharpBag.Tests/bin/Release/SharpBag.Tests.DLL" adapterTypeName="Microsoft.VisualStudio.TestTools.TestTypes.Unit.UnitTestAdapter, Microsoft.VisualStudio.QualityTools.Tips.UnitTest.Adapter, Version=10.0.0.0, Culture=neutral, PublicKeyToken=b03f5f7f11d50a3a" className="SharpBag.ExtensionsTest, SharpBag.Tests, Version=0.0.0.0, Culture=neutral, PublicKeyToken=null" name="As0163213" />
    </UnitTest>
    <UnitTest name="As0163221" storage="c:\users\suprdewd\desktop\projects\forritun\sharpbag\sharpbag.tests\bin\release\sharpbag.tests.dll" id="559ad5fd-9c89-3fab-e602-368a88629e35">
      <Execution id="5c538b90-d5de-4e9c-9506-131c13f26b20" />
      <TestMethod codeBase="C:/Users/SuprDewd/Desktop/Projects/Forritun/SharpBag/SharpBag.Tests/bin/Release/SharpBag.Tests.DLL" adapterTypeName="Microsoft.VisualStudio.TestTools.TestTypes.Unit.UnitTestAdapter, Microsoft.VisualStudio.QualityTools.Tips.UnitTest.Adapter, Version=10.0.0.0, Culture=neutral, PublicKeyToken=b03f5f7f11d50a3a" className="SharpBag.ExtensionsTest, SharpBag.Tests, Version=0.0.0.0, Culture=neutral, PublicKeyToken=null" name="As0163221" />
    </UnitTest>
    <UnitTest name="As0166004" storage="c:\users\suprdewd\desktop\projects\forritun\sharpbag\sharpbag.tests\bin\release\sharpbag.tests.dll" id="97495e35-0952-692a-91b0-3d721dc574e4">
      <Execution id="a25fa8f5-3c2d-492e-8fc5-619feedeb8fe" />
      <TestMethod codeBase="C:/Users/SuprDewd/Desktop/Projects/Forritun/SharpBag/SharpBag.Tests/bin/Release/SharpBag.Tests.DLL" adapterTypeName="Microsoft.VisualStudio.TestTools.TestTypes.Unit.UnitTestAdapter, Microsoft.VisualStudio.QualityTools.Tips.UnitTest.Adapter, Version=10.0.0.0, Culture=neutral, PublicKeyToken=b03f5f7f11d50a3a" className="SharpBag.ExtensionsTest, SharpBag.Tests, Version=0.0.0.0, Culture=neutral, PublicKeyToken=null" name="As0166004" />
    </UnitTest>
    <UnitTest name="IsNot859" storage="c:\users\suprdewd\desktop\projects\forritun\sharpbag\sharpbag.tests\bin\release\sharpbag.tests.dll" id="633e6a31-e7c1-dc4e-810e-71a427cf70a8">
      <Execution id="29bece57-326e-44cb-8d3e-33f5e44f8b90" />
      <TestMethod codeBase="C:/Users/SuprDewd/Desktop/Projects/Forritun/SharpBag/SharpBag.Tests/bin/Release/SharpBag.Tests.DLL" adapterTypeName="Microsoft.VisualStudio.TestTools.TestTypes.Unit.UnitTestAdapter, Microsoft.VisualStudio.QualityTools.Tips.UnitTest.Adapter, Version=10.0.0.0, Culture=neutral, PublicKeyToken=b03f5f7f11d50a3a" className="SharpBag.ExtensionsTest, SharpBag.Tests, Version=0.0.0.0, Culture=neutral, PublicKeyToken=null" name="IsNot859" />
    </UnitTest>
    <UnitTest name="As0136702" storage="c:\users\suprdewd\desktop\projects\forritun\sharpbag\sharpbag.tests\bin\release\sharpbag.tests.dll" id="f791b1fc-7ecf-06ad-9b72-838a0f1da804">
      <Execution id="ac0462a9-548d-4ac9-b83b-364e9d58640f" />
      <TestMethod codeBase="C:/Users/SuprDewd/Desktop/Projects/Forritun/SharpBag/SharpBag.Tests/bin/Release/SharpBag.Tests.DLL" adapterTypeName="Microsoft.VisualStudio.TestTools.TestTypes.Unit.UnitTestAdapter, Microsoft.VisualStudio.QualityTools.Tips.UnitTest.Adapter, Version=10.0.0.0, Culture=neutral, PublicKeyToken=b03f5f7f11d50a3a" className="SharpBag.ExtensionsTest, SharpBag.Tests, Version=0.0.0.0, Culture=neutral, PublicKeyToken=null" name="As0136702" />
    </UnitTest>
    <UnitTest name="ForEach78804" storage="c:\users\suprdewd\desktop\projects\forritun\sharpbag\sharpbag.tests\bin\release\sharpbag.tests.dll" id="9a12b8c7-dd2a-27a8-8e5c-846cf91e7a67">
      <Execution id="9040687a-27b6-43d6-9215-c765d50d3d31" />
      <TestMethod codeBase="C:/Users/SuprDewd/Desktop/Projects/Forritun/SharpBag/SharpBag.Tests/bin/Release/SharpBag.Tests.DLL" adapterTypeName="Microsoft.VisualStudio.TestTools.TestTypes.Unit.UnitTestAdapter, Microsoft.VisualStudio.QualityTools.Tips.UnitTest.Adapter, Version=10.0.0.0, Culture=neutral, PublicKeyToken=b03f5f7f11d50a3a" className="SharpBag.ExtensionsTest, SharpBag.Tests, Version=0.0.0.0, Culture=neutral, PublicKeyToken=null" name="ForEach78804" />
    </UnitTest>
    <UnitTest name="As0163244" storage="c:\users\suprdewd\desktop\projects\forritun\sharpbag\sharpbag.tests\bin\release\sharpbag.tests.dll" id="aa951c3d-ee4a-9ede-aac2-7e390167d171">
      <Execution id="45cb7fee-d8ea-4c93-b358-cf5a9fea311e" />
      <TestMethod codeBase="C:/Users/SuprDewd/Desktop/Projects/Forritun/SharpBag/SharpBag.Tests/bin/Release/SharpBag.Tests.DLL" adapterTypeName="Microsoft.VisualStudio.TestTools.TestTypes.Unit.UnitTestAdapter, Microsoft.VisualStudio.QualityTools.Tips.UnitTest.Adapter, Version=10.0.0.0, Culture=neutral, PublicKeyToken=b03f5f7f11d50a3a" className="SharpBag.ExtensionsTest, SharpBag.Tests, Version=0.0.0.0, Culture=neutral, PublicKeyToken=null" name="As0163244" />
    </UnitTest>
    <UnitTest name="As0163237" storage="c:\users\suprdewd\desktop\projects\forritun\sharpbag\sharpbag.tests\bin\release\sharpbag.tests.dll" id="0c1112ce-06b8-6d36-f7fb-a3574f6e2065">
      <Execution id="8cfae88d-98d1-429a-a8a4-30427106ea7b" />
      <TestMethod codeBase="C:/Users/SuprDewd/Desktop/Projects/Forritun/SharpBag/SharpBag.Tests/bin/Release/SharpBag.Tests.DLL" adapterTypeName="Microsoft.VisualStudio.TestTools.TestTypes.Unit.UnitTestAdapter, Microsoft.VisualStudio.QualityTools.Tips.UnitTest.Adapter, Version=10.0.0.0, Culture=neutral, PublicKeyToken=b03f5f7f11d50a3a" className="SharpBag.ExtensionsTest, SharpBag.Tests, Version=0.0.0.0, Culture=neutral, PublicKeyToken=null" name="As0163237" />
    </UnitTest>
    <UnitTest name="AsEnumerable56003" storage="c:\users\suprdewd\desktop\projects\forritun\sharpbag\sharpbag.tests\bin\release\sharpbag.tests.dll" id="0f614d48-4580-1835-c34d-314b56fdf70c">
      <Execution id="8138b3ec-6515-45cb-b0aa-13d311962929" />
      <TestMethod codeBase="C:/Users/SuprDewd/Desktop/Projects/Forritun/SharpBag/SharpBag.Tests/bin/Release/SharpBag.Tests.DLL" adapterTypeName="Microsoft.VisualStudio.TestTools.TestTypes.Unit.UnitTestAdapter, Microsoft.VisualStudio.QualityTools.Tips.UnitTest.Adapter, Version=10.0.0.0, Culture=neutral, PublicKeyToken=b03f5f7f11d50a3a" className="SharpBag.ExtensionsTest, SharpBag.Tests, Version=0.0.0.0, Culture=neutral, PublicKeyToken=null" name="AsEnumerable56003" />
    </UnitTest>
    <UnitTest name="ExecutionTime01401" storage="c:\users\suprdewd\desktop\projects\forritun\sharpbag\sharpbag.tests\bin\release\sharpbag.tests.dll" id="71646323-a11c-72a1-6c73-8267f331f47f">
      <Execution id="fa3d61a0-1b24-4038-9f9d-15e170161d41" />
      <TestMethod codeBase="C:/Users/SuprDewd/Desktop/Projects/Forritun/SharpBag/SharpBag.Tests/bin/Release/SharpBag.Tests.DLL" adapterTypeName="Microsoft.VisualStudio.TestTools.TestTypes.Unit.UnitTestAdapter, Microsoft.VisualStudio.QualityTools.Tips.UnitTest.Adapter, Version=10.0.0.0, Culture=neutral, PublicKeyToken=b03f5f7f11d50a3a" className="SharpBag.UtilsTest, SharpBag.Tests, Version=0.0.0.0, Culture=neutral, PublicKeyToken=null" name="ExecutionTime01401" />
    </UnitTest>
    <UnitTest name="Add88504" storage="c:\users\suprdewd\desktop\projects\forritun\sharpbag\sharpbag.tests\bin\release\sharpbag.tests.dll" id="92c796c7-6140-7467-0f72-263f4de0d5fd">
      <Execution id="83ec14b7-1cf5-4dcd-877c-3af2cbc6373e" />
      <TestMethod codeBase="C:/Users/SuprDewd/Desktop/Projects/Forritun/SharpBag/SharpBag.Tests/bin/Release/SharpBag.Tests.DLL" adapterTypeName="Microsoft.VisualStudio.TestTools.TestTypes.Unit.UnitTestAdapter, Microsoft.VisualStudio.QualityTools.Tips.UnitTest.Adapter, Version=10.0.0.0, Culture=neutral, PublicKeyToken=b03f5f7f11d50a3a" className="SharpBag.ExtensionsTest, SharpBag.Tests, Version=0.0.0.0, Culture=neutral, PublicKeyToken=null" name="Add88504" />
    </UnitTest>
    <UnitTest name="CreateIEnumerableThrowsContractException485" storage="c:\users\suprdewd\desktop\projects\forritun\sharpbag\sharpbag.tests\bin\release\sharpbag.tests.dll" id="28805317-a840-3e77-4899-69199b1265d9">
      <Execution id="93768309-8afb-4207-b1a5-d68bea0dbf23" />
      <TestMethod codeBase="C:/Users/SuprDewd/Desktop/Projects/Forritun/SharpBag/SharpBag.Tests/bin/Release/SharpBag.Tests.DLL" adapterTypeName="Microsoft.VisualStudio.TestTools.TestTypes.Unit.UnitTestAdapter, Microsoft.VisualStudio.QualityTools.Tips.UnitTest.Adapter, Version=10.0.0.0, Culture=neutral, PublicKeyToken=b03f5f7f11d50a3a" className="SharpBag.UtilsTest, SharpBag.Tests, Version=0.0.0.0, Culture=neutral, PublicKeyToken=null" name="CreateIEnumerableThrowsContractException485" />
    </UnitTest>
    <UnitTest name="EmptyIfNull574" storage="c:\users\suprdewd\desktop\projects\forritun\sharpbag\sharpbag.tests\bin\release\sharpbag.tests.dll" id="d982986f-d5cc-bb8f-d6d8-e2a54e2f4dd0">
      <Execution id="adc37caa-ffcc-4bfc-bbdf-06ef003186fe" />
      <TestMethod codeBase="C:/Users/SuprDewd/Desktop/Projects/Forritun/SharpBag/SharpBag.Tests/bin/Release/SharpBag.Tests.DLL" adapterTypeName="Microsoft.VisualStudio.TestTools.TestTypes.Unit.UnitTestAdapter, Microsoft.VisualStudio.QualityTools.Tips.UnitTest.Adapter, Version=10.0.0.0, Culture=neutral, PublicKeyToken=b03f5f7f11d50a3a" className="SharpBag.ExtensionsTest, SharpBag.Tests, Version=0.0.0.0, Culture=neutral, PublicKeyToken=null" name="EmptyIfNull574" />
    </UnitTest>
    <UnitTest name="As21519" storage="c:\users\suprdewd\desktop\projects\forritun\sharpbag\sharpbag.tests\bin\release\sharpbag.tests.dll" id="b1e8fb4c-7380-ad76-529d-dbdac5528194">
      <Execution id="2e4857d0-c674-48ff-a1fe-49cc632fec84" />
      <TestMethod codeBase="C:/Users/SuprDewd/Desktop/Projects/Forritun/SharpBag/SharpBag.Tests/bin/Release/SharpBag.Tests.DLL" adapterTypeName="Microsoft.VisualStudio.TestTools.TestTypes.Unit.UnitTestAdapter, Microsoft.VisualStudio.QualityTools.Tips.UnitTest.Adapter, Version=10.0.0.0, Culture=neutral, PublicKeyToken=b03f5f7f11d50a3a" className="SharpBag.ExtensionsTest, SharpBag.Tests, Version=0.0.0.0, Culture=neutral, PublicKeyToken=null" name="As21519" />
    </UnitTest>
    <UnitTest name="To0146301" storage="c:\users\suprdewd\desktop\projects\forritun\sharpbag\sharpbag.tests\bin\release\sharpbag.tests.dll" id="b7fcc578-5aaf-c60a-749d-838a3f516168">
      <Execution id="9eadecd9-7130-4156-8cae-e702debebafe" />
      <TestMethod codeBase="C:/Users/SuprDewd/Desktop/Projects/Forritun/SharpBag/SharpBag.Tests/bin/Release/SharpBag.Tests.DLL" adapterTypeName="Microsoft.VisualStudio.TestTools.TestTypes.Unit.UnitTestAdapter, Microsoft.VisualStudio.QualityTools.Tips.UnitTest.Adapter, Version=10.0.0.0, Culture=neutral, PublicKeyToken=b03f5f7f11d50a3a" className="SharpBag.ExtensionsTest, SharpBag.Tests, Version=0.0.0.0, Culture=neutral, PublicKeyToken=null" name="To0146301" />
    </UnitTest>
    <UnitTest name="As170" storage="c:\users\suprdewd\desktop\projects\forritun\sharpbag\sharpbag.tests\bin\release\sharpbag.tests.dll" id="0e645c38-e73b-967d-e94f-74a8d38a05b3">
      <Execution id="a585fb87-0fa8-49a0-a0ab-bd72de365a07" />
      <TestMethod codeBase="C:/Users/SuprDewd/Desktop/Projects/Forritun/SharpBag/SharpBag.Tests/bin/Release/SharpBag.Tests.DLL" adapterTypeName="Microsoft.VisualStudio.TestTools.TestTypes.Unit.UnitTestAdapter, Microsoft.VisualStudio.QualityTools.Tips.UnitTest.Adapter, Version=10.0.0.0, Culture=neutral, PublicKeyToken=b03f5f7f11d50a3a" className="SharpBag.ExtensionsTest, SharpBag.Tests, Version=0.0.0.0, Culture=neutral, PublicKeyToken=null" name="As170" />
    </UnitTest>
    <UnitTest name="GetByPercentThrowsContractException151" storage="c:\users\suprdewd\desktop\projects\forritun\sharpbag\sharpbag.tests\bin\release\sharpbag.tests.dll" id="532bfe79-61d3-8d09-52bb-06591829691e">
      <Execution id="d4dbf9bc-5296-4a8e-8be4-6e5447c10b38" />
      <TestMethod codeBase="C:/Users/SuprDewd/Desktop/Projects/Forritun/SharpBag/SharpBag.Tests/bin/Release/SharpBag.Tests.DLL" adapterTypeName="Microsoft.VisualStudio.TestTools.TestTypes.Unit.UnitTestAdapter, Microsoft.VisualStudio.QualityTools.Tips.UnitTest.Adapter, Version=10.0.0.0, Culture=neutral, PublicKeyToken=b03f5f7f11d50a3a" className="SharpBag.ExtensionsTest, SharpBag.Tests, Version=0.0.0.0, Culture=neutral, PublicKeyToken=null" name="GetByPercentThrowsContractException151" />
    </UnitTest>
    <UnitTest name="ExecuteThrowsContractException889" storage="c:\users\suprdewd\desktop\projects\forritun\sharpbag\sharpbag.tests\bin\release\sharpbag.tests.dll" id="1a2d7899-6e00-21df-f034-6547a11cae31">
      <Execution id="0e511a9f-637a-4106-9d1f-5b170f1b6f24" />
      <TestMethod codeBase="C:/Users/SuprDewd/Desktop/Projects/Forritun/SharpBag/SharpBag.Tests/bin/Release/SharpBag.Tests.DLL" adapterTypeName="Microsoft.VisualStudio.TestTools.TestTypes.Unit.UnitTestAdapter, Microsoft.VisualStudio.QualityTools.Tips.UnitTest.Adapter, Version=10.0.0.0, Culture=neutral, PublicKeyToken=b03f5f7f11d50a3a" className="SharpBag.ExtensionsTest, SharpBag.Tests, Version=0.0.0.0, Culture=neutral, PublicKeyToken=null" name="ExecuteThrowsContractException889" />
    </UnitTest>
    <UnitTest name="IsIn570" storage="c:\users\suprdewd\desktop\projects\forritun\sharpbag\sharpbag.tests\bin\release\sharpbag.tests.dll" id="1e811e95-82b3-7182-a1a6-ec99686bab87">
      <Execution id="7f203835-a175-4321-8ce3-c1f637181baa" />
      <TestMethod codeBase="C:/Users/SuprDewd/Desktop/Projects/Forritun/SharpBag/SharpBag.Tests/bin/Release/SharpBag.Tests.DLL" adapterTypeName="Microsoft.VisualStudio.TestTools.TestTypes.Unit.UnitTestAdapter, Microsoft.VisualStudio.QualityTools.Tips.UnitTest.Adapter, Version=10.0.0.0, Culture=neutral, PublicKeyToken=b03f5f7f11d50a3a" className="SharpBag.ExtensionsTest, SharpBag.Tests, Version=0.0.0.0, Culture=neutral, PublicKeyToken=null" name="IsIn570" />
    </UnitTest>
    <UnitTest name="NullOr71403" storage="c:\users\suprdewd\desktop\projects\forritun\sharpbag\sharpbag.tests\bin\release\sharpbag.tests.dll" id="fdc59520-9564-0684-d4f9-2091f576f931">
      <Execution id="5d83b893-b16b-49e0-9ef1-d431d8847bb0" />
      <TestMethod codeBase="C:/Users/SuprDewd/Desktop/Projects/Forritun/SharpBag/SharpBag.Tests/bin/Release/SharpBag.Tests.DLL" adapterTypeName="Microsoft.VisualStudio.TestTools.TestTypes.Unit.UnitTestAdapter, Microsoft.VisualStudio.QualityTools.Tips.UnitTest.Adapter, Version=10.0.0.0, Culture=neutral, PublicKeyToken=b03f5f7f11d50a3a" className="SharpBag.ExtensionsTest, SharpBag.Tests, Version=0.0.0.0, Culture=neutral, PublicKeyToken=null" name="NullOr71403" />
    </UnitTest>
    <UnitTest name="As0163210" storage="c:\users\suprdewd\desktop\projects\forritun\sharpbag\sharpbag.tests\bin\release\sharpbag.tests.dll" id="ab4705e8-14a4-6e9f-baf9-e3d238e84cf8">
      <Execution id="be8de3ab-c7d4-416f-b07d-c2fda488b65a" />
      <TestMethod codeBase="C:/Users/SuprDewd/Desktop/Projects/Forritun/SharpBag/SharpBag.Tests/bin/Release/SharpBag.Tests.DLL" adapterTypeName="Microsoft.VisualStudio.TestTools.TestTypes.Unit.UnitTestAdapter, Microsoft.VisualStudio.QualityTools.Tips.UnitTest.Adapter, Version=10.0.0.0, Culture=neutral, PublicKeyToken=b03f5f7f11d50a3a" className="SharpBag.ExtensionsTest, SharpBag.Tests, Version=0.0.0.0, Culture=neutral, PublicKeyToken=null" name="As0163210" />
    </UnitTest>
    <UnitTest name="Single617" storage="c:\users\suprdewd\desktop\projects\forritun\sharpbag\sharpbag.tests\bin\release\sharpbag.tests.dll" id="b6dfae7d-5cf1-2d64-17e8-8a5ce5813218">
      <Execution id="960db9a1-036d-4d2b-95d3-7a5c3a75720b" />
      <TestMethod codeBase="C:/Users/SuprDewd/Desktop/Projects/Forritun/SharpBag/SharpBag.Tests/bin/Release/SharpBag.Tests.DLL" adapterTypeName="Microsoft.VisualStudio.TestTools.TestTypes.Unit.UnitTestAdapter, Microsoft.VisualStudio.QualityTools.Tips.UnitTest.Adapter, Version=10.0.0.0, Culture=neutral, PublicKeyToken=b03f5f7f11d50a3a" className="SharpBag.UtilsTest, SharpBag.Tests, Version=0.0.0.0, Culture=neutral, PublicKeyToken=null" name="Single617" />
    </UnitTest>
    <UnitTest name="SubarrayThrowsContractException304" storage="c:\users\suprdewd\desktop\projects\forritun\sharpbag\sharpbag.tests\bin\release\sharpbag.tests.dll" id="23289518-cff6-51c7-cbca-8f7fc69c7429">
      <Execution id="62a75a28-20b3-49de-bd64-b2b4f1344f1a" />
      <TestMethod codeBase="C:/Users/SuprDewd/Desktop/Projects/Forritun/SharpBag/SharpBag.Tests/bin/Release/SharpBag.Tests.DLL" adapterTypeName="Microsoft.VisualStudio.TestTools.TestTypes.Unit.UnitTestAdapter, Microsoft.VisualStudio.QualityTools.Tips.UnitTest.Adapter, Version=10.0.0.0, Culture=neutral, PublicKeyToken=b03f5f7f11d50a3a" className="SharpBag.ExtensionsTest, SharpBag.Tests, Version=0.0.0.0, Culture=neutral, PublicKeyToken=null" name="SubarrayThrowsContractException304" />
    </UnitTest>
    <UnitTest name="NullOr90701" storage="c:\users\suprdewd\desktop\projects\forritun\sharpbag\sharpbag.tests\bin\release\sharpbag.tests.dll" id="4183213a-6645-16c2-af8b-e5bfcf7442d8">
      <Execution id="9ba62b41-5d5d-4f60-8a7b-144c6011d932" />
      <TestMethod codeBase="C:/Users/SuprDewd/Desktop/Projects/Forritun/SharpBag/SharpBag.Tests/bin/Release/SharpBag.Tests.DLL" adapterTypeName="Microsoft.VisualStudio.TestTools.TestTypes.Unit.UnitTestAdapter, Microsoft.VisualStudio.QualityTools.Tips.UnitTest.Adapter, Version=10.0.0.0, Culture=neutral, PublicKeyToken=b03f5f7f11d50a3a" className="SharpBag.ExtensionsTest, SharpBag.Tests, Version=0.0.0.0, Culture=neutral, PublicKeyToken=null" name="NullOr90701" />
    </UnitTest>
    <UnitTest name="ForEach78802" storage="c:\users\suprdewd\desktop\projects\forritun\sharpbag\sharpbag.tests\bin\release\sharpbag.tests.dll" id="34aa3cd1-c558-0302-e5aa-355d37850848">
      <Execution id="80720da5-cd40-4a4f-b965-54b50988b748" />
      <TestMethod codeBase="C:/Users/SuprDewd/Desktop/Projects/Forritun/SharpBag/SharpBag.Tests/bin/Release/SharpBag.Tests.DLL" adapterTypeName="Microsoft.VisualStudio.TestTools.TestTypes.Unit.UnitTestAdapter, Microsoft.VisualStudio.QualityTools.Tips.UnitTest.Adapter, Version=10.0.0.0, Culture=neutral, PublicKeyToken=b03f5f7f11d50a3a" className="SharpBag.ExtensionsTest, SharpBag.Tests, Version=0.0.0.0, Culture=neutral, PublicKeyToken=null" name="ForEach78802" />
    </UnitTest>
    <UnitTest name="To03ThrowsContractException968" storage="c:\users\suprdewd\desktop\projects\forritun\sharpbag\sharpbag.tests\bin\release\sharpbag.tests.dll" id="8f15350a-b612-7c9b-89ff-1e54a29d9340">
      <Execution id="43d83b25-af69-408a-9ceb-c55035c85e5d" />
      <TestMethod codeBase="C:/Users/SuprDewd/Desktop/Projects/Forritun/SharpBag/SharpBag.Tests/bin/Release/SharpBag.Tests.DLL" adapterTypeName="Microsoft.VisualStudio.TestTools.TestTypes.Unit.UnitTestAdapter, Microsoft.VisualStudio.QualityTools.Tips.UnitTest.Adapter, Version=10.0.0.0, Culture=neutral, PublicKeyToken=b03f5f7f11d50a3a" className="SharpBag.ExtensionsTest, SharpBag.Tests, Version=0.0.0.0, Culture=neutral, PublicKeyToken=null" name="To03ThrowsContractException968" />
    </UnitTest>
    <UnitTest name="IfNotNull0159702" storage="c:\users\suprdewd\desktop\projects\forritun\sharpbag\sharpbag.tests\bin\release\sharpbag.tests.dll" id="b086ebe0-6bb0-f4b4-2d74-97b1a10dd517">
      <Execution id="16cba0b5-41b0-4d17-81c3-a984818a2e57" />
      <TestMethod codeBase="C:/Users/SuprDewd/Desktop/Projects/Forritun/SharpBag/SharpBag.Tests/bin/Release/SharpBag.Tests.DLL" adapterTypeName="Microsoft.VisualStudio.TestTools.TestTypes.Unit.UnitTestAdapter, Microsoft.VisualStudio.QualityTools.Tips.UnitTest.Adapter, Version=10.0.0.0, Culture=neutral, PublicKeyToken=b03f5f7f11d50a3a" className="SharpBag.ExtensionsTest, SharpBag.Tests, Version=0.0.0.0, Culture=neutral, PublicKeyToken=null" name="IfNotNull0159702" />
    </UnitTest>
    <UnitTest name="IfNotNull0192301" storage="c:\users\suprdewd\desktop\projects\forritun\sharpbag\sharpbag.tests\bin\release\sharpbag.tests.dll" id="49aa9228-e307-ef3c-566e-386137588923">
      <Execution id="517ab199-c891-4518-8799-d4b1b2dfa33f" />
      <TestMethod codeBase="C:/Users/SuprDewd/Desktop/Projects/Forritun/SharpBag/SharpBag.Tests/bin/Release/SharpBag.Tests.DLL" adapterTypeName="Microsoft.VisualStudio.TestTools.TestTypes.Unit.UnitTestAdapter, Microsoft.VisualStudio.QualityTools.Tips.UnitTest.Adapter, Version=10.0.0.0, Culture=neutral, PublicKeyToken=b03f5f7f11d50a3a" className="SharpBag.ExtensionsTest, SharpBag.Tests, Version=0.0.0.0, Culture=neutral, PublicKeyToken=null" name="IfNotNull0192301" />
    </UnitTest>
    <UnitTest name="IfNotNull47702" storage="c:\users\suprdewd\desktop\projects\forritun\sharpbag\sharpbag.tests\bin\release\sharpbag.tests.dll" id="db3b4c9b-bf56-f07b-1edd-3db630376de3">
      <Execution id="77217488-0fcf-49bc-8fad-248b32d28455" />
      <TestMethod codeBase="C:/Users/SuprDewd/Desktop/Projects/Forritun/SharpBag/SharpBag.Tests/bin/Release/SharpBag.Tests.DLL" adapterTypeName="Microsoft.VisualStudio.TestTools.TestTypes.Unit.UnitTestAdapter, Microsoft.VisualStudio.QualityTools.Tips.UnitTest.Adapter, Version=10.0.0.0, Culture=neutral, PublicKeyToken=b03f5f7f11d50a3a" className="SharpBag.ExtensionsTest, SharpBag.Tests, Version=0.0.0.0, Culture=neutral, PublicKeyToken=null" name="IfNotNull47702" />
    </UnitTest>
    <UnitTest name="GetByPercentThrowsContractException316" storage="c:\users\suprdewd\desktop\projects\forritun\sharpbag\sharpbag.tests\bin\release\sharpbag.tests.dll" id="1a16baca-1870-eb8d-2332-884e5248582b">
      <Execution id="8bd81ab6-3d37-4b94-8dbc-dd5466116d9e" />
      <TestMethod codeBase="C:/Users/SuprDewd/Desktop/Projects/Forritun/SharpBag/SharpBag.Tests/bin/Release/SharpBag.Tests.DLL" adapterTypeName="Microsoft.VisualStudio.TestTools.TestTypes.Unit.UnitTestAdapter, Microsoft.VisualStudio.QualityTools.Tips.UnitTest.Adapter, Version=10.0.0.0, Culture=neutral, PublicKeyToken=b03f5f7f11d50a3a" className="SharpBag.ExtensionsTest, SharpBag.Tests, Version=0.0.0.0, Culture=neutral, PublicKeyToken=null" name="GetByPercentThrowsContractException316" />
    </UnitTest>
    <UnitTest name="Add29604" storage="c:\users\suprdewd\desktop\projects\forritun\sharpbag\sharpbag.tests\bin\release\sharpbag.tests.dll" id="eeb34c89-a7df-f580-faa2-1b58190ee5be">
      <Execution id="4a92ea80-d797-416e-9c18-a63c4b5af903" />
      <TestMethod codeBase="C:/Users/SuprDewd/Desktop/Projects/Forritun/SharpBag/SharpBag.Tests/bin/Release/SharpBag.Tests.DLL" adapterTypeName="Microsoft.VisualStudio.TestTools.TestTypes.Unit.UnitTestAdapter, Microsoft.VisualStudio.QualityTools.Tips.UnitTest.Adapter, Version=10.0.0.0, Culture=neutral, PublicKeyToken=b03f5f7f11d50a3a" className="SharpBag.ExtensionsTest, SharpBag.Tests, Version=0.0.0.0, Culture=neutral, PublicKeyToken=null" name="Add29604" />
    </UnitTest>
    <UnitTest name="AsEnumerable0128301" storage="c:\users\suprdewd\desktop\projects\forritun\sharpbag\sharpbag.tests\bin\release\sharpbag.tests.dll" id="42f45f10-504d-0d19-0e58-1ea2105c69e9">
      <Execution id="0c792b9f-d730-4c53-ad31-b03ef0ef8fee" />
      <TestMethod codeBase="C:/Users/SuprDewd/Desktop/Projects/Forritun/SharpBag/SharpBag.Tests/bin/Release/SharpBag.Tests.DLL" adapterTypeName="Microsoft.VisualStudio.TestTools.TestTypes.Unit.UnitTestAdapter, Microsoft.VisualStudio.QualityTools.Tips.UnitTest.Adapter, Version=10.0.0.0, Culture=neutral, PublicKeyToken=b03f5f7f11d50a3a" className="SharpBag.ExtensionsTest, SharpBag.Tests, Version=0.0.0.0, Culture=neutral, PublicKeyToken=null" name="AsEnumerable0128301" />
    </UnitTest>
    <UnitTest name="As21501" storage="c:\users\suprdewd\desktop\projects\forritun\sharpbag\sharpbag.tests\bin\release\sharpbag.tests.dll" id="ea12baf4-c62d-b0ca-b8ec-0dd742c09890">
      <Execution id="02ebf3ff-bdec-4fb9-b65d-d63ebfc76965" />
      <TestMethod codeBase="C:/Users/SuprDewd/Desktop/Projects/Forritun/SharpBag/SharpBag.Tests/bin/Release/SharpBag.Tests.DLL" adapterTypeName="Microsoft.VisualStudio.TestTools.TestTypes.Unit.UnitTestAdapter, Microsoft.VisualStudio.QualityTools.Tips.UnitTest.Adapter, Version=10.0.0.0, Culture=neutral, PublicKeyToken=b03f5f7f11d50a3a" className="SharpBag.ExtensionsTest, SharpBag.Tests, Version=0.0.0.0, Culture=neutral, PublicKeyToken=null" name="As21501" />
    </UnitTest>
    <UnitTest name="Random43101" storage="c:\users\suprdewd\desktop\projects\forritun\sharpbag\sharpbag.tests\bin\release\sharpbag.tests.dll" id="1281f517-45b5-6723-bc3e-71da88a02141">
      <Execution id="fe8822f7-96ea-441f-9969-3302abeba13c" />
      <TestMethod codeBase="C:/Users/SuprDewd/Desktop/Projects/Forritun/SharpBag/SharpBag.Tests/bin/Release/SharpBag.Tests.DLL" adapterTypeName="Microsoft.VisualStudio.TestTools.TestTypes.Unit.UnitTestAdapter, Microsoft.VisualStudio.QualityTools.Tips.UnitTest.Adapter, Version=10.0.0.0, Culture=neutral, PublicKeyToken=b03f5f7f11d50a3a" className="SharpBag.ExtensionsTest, SharpBag.Tests, Version=0.0.0.0, Culture=neutral, PublicKeyToken=null" name="Random43101" />
    </UnitTest>
    <UnitTest name="AsEnumerableThrowsContractException9" storage="c:\users\suprdewd\desktop\projects\forritun\sharpbag\sharpbag.tests\bin\release\sharpbag.tests.dll" id="afe5b38f-db93-5765-7ecd-49d9214e51e3">
      <Execution id="6b9b6aed-dbf1-4288-a8b7-1310cb5dc831" />
      <TestMethod codeBase="C:/Users/SuprDewd/Desktop/Projects/Forritun/SharpBag/SharpBag.Tests/bin/Release/SharpBag.Tests.DLL" adapterTypeName="Microsoft.VisualStudio.TestTools.TestTypes.Unit.UnitTestAdapter, Microsoft.VisualStudio.QualityTools.Tips.UnitTest.Adapter, Version=10.0.0.0, Culture=neutral, PublicKeyToken=b03f5f7f11d50a3a" className="SharpBag.ExtensionsTest, SharpBag.Tests, Version=0.0.0.0, Culture=neutral, PublicKeyToken=null" name="AsEnumerableThrowsContractException9" />
    </UnitTest>
    <UnitTest name="Random01ThrowsContractException824" storage="c:\users\suprdewd\desktop\projects\forritun\sharpbag\sharpbag.tests\bin\release\sharpbag.tests.dll" id="1b9103d0-5cae-0f4c-09ff-459b405bb125">
      <Execution id="01707573-ff4d-450d-9b13-c0d074c3086d" />
      <TestMethod codeBase="C:/Users/SuprDewd/Desktop/Projects/Forritun/SharpBag/SharpBag.Tests/bin/Release/SharpBag.Tests.DLL" adapterTypeName="Microsoft.VisualStudio.TestTools.TestTypes.Unit.UnitTestAdapter, Microsoft.VisualStudio.QualityTools.Tips.UnitTest.Adapter, Version=10.0.0.0, Culture=neutral, PublicKeyToken=b03f5f7f11d50a3a" className="SharpBag.ExtensionsTest, SharpBag.Tests, Version=0.0.0.0, Culture=neutral, PublicKeyToken=null" name="Random01ThrowsContractException824" />
    </UnitTest>
    <UnitTest name="Subarray709" storage="c:\users\suprdewd\desktop\projects\forritun\sharpbag\sharpbag.tests\bin\release\sharpbag.tests.dll" id="04c53adc-df51-85a8-3dcb-278e962fc112">
      <Execution id="f0de585b-7384-4eca-9040-996bdffa2cdb" />
      <TestMethod codeBase="C:/Users/SuprDewd/Desktop/Projects/Forritun/SharpBag/SharpBag.Tests/bin/Release/SharpBag.Tests.DLL" adapterTypeName="Microsoft.VisualStudio.TestTools.TestTypes.Unit.UnitTestAdapter, Microsoft.VisualStudio.QualityTools.Tips.UnitTest.Adapter, Version=10.0.0.0, Culture=neutral, PublicKeyToken=b03f5f7f11d50a3a" className="SharpBag.ExtensionsTest, SharpBag.Tests, Version=0.0.0.0, Culture=neutral, PublicKeyToken=null" name="Subarray709" />
    </UnitTest>
    <UnitTest name="As0166402" storage="c:\users\suprdewd\desktop\projects\forritun\sharpbag\sharpbag.tests\bin\release\sharpbag.tests.dll" id="7a9400e0-6f1a-74cc-aaf2-4e620d01eac4">
      <Execution id="7804a375-9011-4af3-bf49-c36bac810705" />
      <TestMethod codeBase="C:/Users/SuprDewd/Desktop/Projects/Forritun/SharpBag/SharpBag.Tests/bin/Release/SharpBag.Tests.DLL" adapterTypeName="Microsoft.VisualStudio.TestTools.TestTypes.Unit.UnitTestAdapter, Microsoft.VisualStudio.QualityTools.Tips.UnitTest.Adapter, Version=10.0.0.0, Culture=neutral, PublicKeyToken=b03f5f7f11d50a3a" className="SharpBag.ExtensionsTest, SharpBag.Tests, Version=0.0.0.0, Culture=neutral, PublicKeyToken=null" name="As0166402" />
    </UnitTest>
    <UnitTest name="As0130303" storage="c:\users\suprdewd\desktop\projects\forritun\sharpbag\sharpbag.tests\bin\release\sharpbag.tests.dll" id="a5088dbd-9f6a-bb83-e64a-07cfd5052c81">
      <Execution id="46bd205a-136a-4ef7-986d-94351d5f3b6f" />
      <TestMethod codeBase="C:/Users/SuprDewd/Desktop/Projects/Forritun/SharpBag/SharpBag.Tests/bin/Release/SharpBag.Tests.DLL" adapterTypeName="Microsoft.VisualStudio.TestTools.TestTypes.Unit.UnitTestAdapter, Microsoft.VisualStudio.QualityTools.Tips.UnitTest.Adapter, Version=10.0.0.0, Culture=neutral, PublicKeyToken=b03f5f7f11d50a3a" className="SharpBag.ExtensionsTest, SharpBag.Tests, Version=0.0.0.0, Culture=neutral, PublicKeyToken=null" name="As0130303" />
    </UnitTest>
    <UnitTest name="AsEnumerable03ThrowsContractException289" storage="c:\users\suprdewd\desktop\projects\forritun\sharpbag\sharpbag.tests\bin\release\sharpbag.tests.dll" id="8e9dd2cf-ab74-a19e-4fae-41caa637e0ed">
      <Execution id="65a8c956-0343-4236-a1a0-17d62c68f730" />
      <TestMethod codeBase="C:/Users/SuprDewd/Desktop/Projects/Forritun/SharpBag/SharpBag.Tests/bin/Release/SharpBag.Tests.DLL" adapterTypeName="Microsoft.VisualStudio.TestTools.TestTypes.Unit.UnitTestAdapter, Microsoft.VisualStudio.QualityTools.Tips.UnitTest.Adapter, Version=10.0.0.0, Culture=neutral, PublicKeyToken=b03f5f7f11d50a3a" className="SharpBag.ExtensionsTest, SharpBag.Tests, Version=0.0.0.0, Culture=neutral, PublicKeyToken=null" name="AsEnumerable03ThrowsContractException289" />
    </UnitTest>
    <UnitTest name="As763" storage="c:\users\suprdewd\desktop\projects\forritun\sharpbag\sharpbag.tests\bin\release\sharpbag.tests.dll" id="808822f6-9c85-0a33-f1f9-4d64c79fb975">
      <Execution id="6a54798c-a158-4105-8727-221a26118ecf" />
      <TestMethod codeBase="C:/Users/SuprDewd/Desktop/Projects/Forritun/SharpBag/SharpBag.Tests/bin/Release/SharpBag.Tests.DLL" adapterTypeName="Microsoft.VisualStudio.TestTools.TestTypes.Unit.UnitTestAdapter, Microsoft.VisualStudio.QualityTools.Tips.UnitTest.Adapter, Version=10.0.0.0, Culture=neutral, PublicKeyToken=b03f5f7f11d50a3a" className="SharpBag.ExtensionsTest, SharpBag.Tests, Version=0.0.0.0, Culture=neutral, PublicKeyToken=null" name="As763" />
    </UnitTest>
    <UnitTest name="Iter96004" storage="c:\users\suprdewd\desktop\projects\forritun\sharpbag\sharpbag.tests\bin\release\sharpbag.tests.dll" id="7a965cd2-e1cf-8636-b94b-9bb1e4688fd0">
      <Execution id="92a6d556-6ca2-4163-90bb-cf64bb85d6ed" />
      <TestMethod codeBase="C:/Users/SuprDewd/Desktop/Projects/Forritun/SharpBag/SharpBag.Tests/bin/Release/SharpBag.Tests.DLL" adapterTypeName="Microsoft.VisualStudio.TestTools.TestTypes.Unit.UnitTestAdapter, Microsoft.VisualStudio.QualityTools.Tips.UnitTest.Adapter, Version=10.0.0.0, Culture=neutral, PublicKeyToken=b03f5f7f11d50a3a" className="SharpBag.ExtensionsTest, SharpBag.Tests, Version=0.0.0.0, Culture=neutral, PublicKeyToken=null" name="Iter96004" />
    </UnitTest>
    <UnitTest name="UnionAll0233901" storage="c:\users\suprdewd\desktop\projects\forritun\sharpbag\sharpbag.tests\bin\release\sharpbag.tests.dll" id="4c766330-2a1a-c11f-5958-fa0e45c2a866">
      <Execution id="8068c461-e6ba-4531-b392-8dfcb11f4c2b" />
      <TestMethod codeBase="C:/Users/SuprDewd/Desktop/Projects/Forritun/SharpBag/SharpBag.Tests/bin/Release/SharpBag.Tests.DLL" adapterTypeName="Microsoft.VisualStudio.TestTools.TestTypes.Unit.UnitTestAdapter, Microsoft.VisualStudio.QualityTools.Tips.UnitTest.Adapter, Version=10.0.0.0, Culture=neutral, PublicKeyToken=b03f5f7f11d50a3a" className="SharpBag.ExtensionsTest, SharpBag.Tests, Version=0.0.0.0, Culture=neutral, PublicKeyToken=null" name="UnionAll0233901" />
    </UnitTest>
    <UnitTest name="SubarrayThrowsIndexOutOfRangeException460" storage="c:\users\suprdewd\desktop\projects\forritun\sharpbag\sharpbag.tests\bin\release\sharpbag.tests.dll" id="2873c42d-778c-9215-3e6d-6d287f7555e3">
      <Execution id="414f269e-50b9-4417-85f8-d806670933b0" />
      <TestMethod codeBase="C:/Users/SuprDewd/Desktop/Projects/Forritun/SharpBag/SharpBag.Tests/bin/Release/SharpBag.Tests.DLL" adapterTypeName="Microsoft.VisualStudio.TestTools.TestTypes.Unit.UnitTestAdapter, Microsoft.VisualStudio.QualityTools.Tips.UnitTest.Adapter, Version=10.0.0.0, Culture=neutral, PublicKeyToken=b03f5f7f11d50a3a" className="SharpBag.ExtensionsTest, SharpBag.Tests, Version=0.0.0.0, Culture=neutral, PublicKeyToken=null" name="SubarrayThrowsIndexOutOfRangeException460" />
    </UnitTest>
    <UnitTest name="ForEach12501" storage="c:\users\suprdewd\desktop\projects\forritun\sharpbag\sharpbag.tests\bin\release\sharpbag.tests.dll" id="8a248c8c-38d6-117a-cb08-bb2fddeae117">
      <Execution id="d77c6082-7676-4d39-bb3c-048a79047fb7" />
      <TestMethod codeBase="C:/Users/SuprDewd/Desktop/Projects/Forritun/SharpBag/SharpBag.Tests/bin/Release/SharpBag.Tests.DLL" adapterTypeName="Microsoft.VisualStudio.TestTools.TestTypes.Unit.UnitTestAdapter, Microsoft.VisualStudio.QualityTools.Tips.UnitTest.Adapter, Version=10.0.0.0, Culture=neutral, PublicKeyToken=b03f5f7f11d50a3a" className="SharpBag.ExtensionsTest, SharpBag.Tests, Version=0.0.0.0, Culture=neutral, PublicKeyToken=null" name="ForEach12501" />
    </UnitTest>
    <UnitTest name="As01403" storage="c:\users\suprdewd\desktop\projects\forritun\sharpbag\sharpbag.tests\bin\release\sharpbag.tests.dll" id="baf4ce3c-1fc7-efc9-3438-7f66d5c18bcf">
      <Execution id="7016ca0a-b6f7-43d5-81a6-8f5093955b2d" />
      <TestMethod codeBase="C:/Users/SuprDewd/Desktop/Projects/Forritun/SharpBag/SharpBag.Tests/bin/Release/SharpBag.Tests.DLL" adapterTypeName="Microsoft.VisualStudio.TestTools.TestTypes.Unit.UnitTestAdapter, Microsoft.VisualStudio.QualityTools.Tips.UnitTest.Adapter, Version=10.0.0.0, Culture=neutral, PublicKeyToken=b03f5f7f11d50a3a" className="SharpBag.ExtensionsTest, SharpBag.Tests, Version=0.0.0.0, Culture=neutral, PublicKeyToken=null" name="As01403" />
    </UnitTest>
    <UnitTest name="Add88503" storage="c:\users\suprdewd\desktop\projects\forritun\sharpbag\sharpbag.tests\bin\release\sharpbag.tests.dll" id="106b7a63-3c06-2f97-097e-1a5d38b1a1ac">
      <Execution id="0fc66cb7-bd24-468d-874d-e3b2e8f1ebc6" />
      <TestMethod codeBase="C:/Users/SuprDewd/Desktop/Projects/Forritun/SharpBag/SharpBag.Tests/bin/Release/SharpBag.Tests.DLL" adapterTypeName="Microsoft.VisualStudio.TestTools.TestTypes.Unit.UnitTestAdapter, Microsoft.VisualStudio.QualityTools.Tips.UnitTest.Adapter, Version=10.0.0.0, Culture=neutral, PublicKeyToken=b03f5f7f11d50a3a" className="SharpBag.ExtensionsTest, SharpBag.Tests, Version=0.0.0.0, Culture=neutral, PublicKeyToken=null" name="Add88503" />
    </UnitTest>
    <UnitTest name="To20301" storage="c:\users\suprdewd\desktop\projects\forritun\sharpbag\sharpbag.tests\bin\release\sharpbag.tests.dll" id="bd7ec864-24ff-4ca6-8f63-6e2fe4065d39">
      <Execution id="ed272dd5-f8c5-4d88-9797-2d8ae0d5567f" />
      <TestMethod codeBase="C:/Users/SuprDewd/Desktop/Projects/Forritun/SharpBag/SharpBag.Tests/bin/Release/SharpBag.Tests.DLL" adapterTypeName="Microsoft.VisualStudio.TestTools.TestTypes.Unit.UnitTestAdapter, Microsoft.VisualStudio.QualityTools.Tips.UnitTest.Adapter, Version=10.0.0.0, Culture=neutral, PublicKeyToken=b03f5f7f11d50a3a" className="SharpBag.ExtensionsTest, SharpBag.Tests, Version=0.0.0.0, Culture=neutral, PublicKeyToken=null" name="To20301" />
    </UnitTest>
    <UnitTest name="As0163227" storage="c:\users\suprdewd\desktop\projects\forritun\sharpbag\sharpbag.tests\bin\release\sharpbag.tests.dll" id="1a41ca06-c399-fb41-1b68-4e54f6d9fba0">
      <Execution id="d5318add-2dff-424d-be06-8f5849740fb9" />
      <TestMethod codeBase="C:/Users/SuprDewd/Desktop/Projects/Forritun/SharpBag/SharpBag.Tests/bin/Release/SharpBag.Tests.DLL" adapterTypeName="Microsoft.VisualStudio.TestTools.TestTypes.Unit.UnitTestAdapter, Microsoft.VisualStudio.QualityTools.Tips.UnitTest.Adapter, Version=10.0.0.0, Culture=neutral, PublicKeyToken=b03f5f7f11d50a3a" className="SharpBag.ExtensionsTest, SharpBag.Tests, Version=0.0.0.0, Culture=neutral, PublicKeyToken=null" name="As0163227" />
    </UnitTest>
    <UnitTest name="ForEach90801" storage="c:\users\suprdewd\desktop\projects\forritun\sharpbag\sharpbag.tests\bin\release\sharpbag.tests.dll" id="f51de229-4761-6e36-e9f5-2ae1d5b346f0">
      <Execution id="42d3d3d5-fb90-4d20-b5d7-8c09c506233c" />
      <TestMethod codeBase="C:/Users/SuprDewd/Desktop/Projects/Forritun/SharpBag/SharpBag.Tests/bin/Release/SharpBag.Tests.DLL" adapterTypeName="Microsoft.VisualStudio.TestTools.TestTypes.Unit.UnitTestAdapter, Microsoft.VisualStudio.QualityTools.Tips.UnitTest.Adapter, Version=10.0.0.0, Culture=neutral, PublicKeyToken=b03f5f7f11d50a3a" className="SharpBag.ExtensionsTest, SharpBag.Tests, Version=0.0.0.0, Culture=neutral, PublicKeyToken=null" name="ForEach90801" />
    </UnitTest>
    <UnitTest name="IsNullableTypeThrowsContractException544" storage="c:\users\suprdewd\desktop\projects\forritun\sharpbag\sharpbag.tests\bin\release\sharpbag.tests.dll" id="06d747a6-abc2-c83d-da24-3ee86184f362">
      <Execution id="77c01fd6-9f46-491f-a891-b570679a3582" />
      <TestMethod codeBase="C:/Users/SuprDewd/Desktop/Projects/Forritun/SharpBag/SharpBag.Tests/bin/Release/SharpBag.Tests.DLL" adapterTypeName="Microsoft.VisualStudio.TestTools.TestTypes.Unit.UnitTestAdapter, Microsoft.VisualStudio.QualityTools.Tips.UnitTest.Adapter, Version=10.0.0.0, Culture=neutral, PublicKeyToken=b03f5f7f11d50a3a" className="SharpBag.ExtensionsTest, SharpBag.Tests, Version=0.0.0.0, Culture=neutral, PublicKeyToken=null" name="IsNullableTypeThrowsContractException544" />
    </UnitTest>
    <UnitTest name="ForEach90803" storage="c:\users\suprdewd\desktop\projects\forritun\sharpbag\sharpbag.tests\bin\release\sharpbag.tests.dll" id="41b53b6b-04c0-c784-5da0-bab31b4fb4d7">
      <Execution id="4958d1ce-97cf-4eb5-855b-a29964d270aa" />
      <TestMethod codeBase="C:/Users/SuprDewd/Desktop/Projects/Forritun/SharpBag/SharpBag.Tests/bin/Release/SharpBag.Tests.DLL" adapterTypeName="Microsoft.VisualStudio.TestTools.TestTypes.Unit.UnitTestAdapter, Microsoft.VisualStudio.QualityTools.Tips.UnitTest.Adapter, Version=10.0.0.0, Culture=neutral, PublicKeyToken=b03f5f7f11d50a3a" className="SharpBag.ExtensionsTest, SharpBag.Tests, Version=0.0.0.0, Culture=neutral, PublicKeyToken=null" name="ForEach90803" />
    </UnitTest>
    <UnitTest name="EmptyIfNull122" storage="c:\users\suprdewd\desktop\projects\forritun\sharpbag\sharpbag.tests\bin\release\sharpbag.tests.dll" id="3902168e-77cb-c1b4-c44f-4336ab3b86bd">
      <Execution id="27e986a6-7b7b-4789-8a9a-4b62585ee609" />
      <TestMethod codeBase="C:/Users/SuprDewd/Desktop/Projects/Forritun/SharpBag/SharpBag.Tests/bin/Release/SharpBag.Tests.DLL" adapterTypeName="Microsoft.VisualStudio.TestTools.TestTypes.Unit.UnitTestAdapter, Microsoft.VisualStudio.QualityTools.Tips.UnitTest.Adapter, Version=10.0.0.0, Culture=neutral, PublicKeyToken=b03f5f7f11d50a3a" className="SharpBag.ExtensionsTest, SharpBag.Tests, Version=0.0.0.0, Culture=neutral, PublicKeyToken=null" name="EmptyIfNull122" />
    </UnitTest>
    <UnitTest name="As0132106" storage="c:\users\suprdewd\desktop\projects\forritun\sharpbag\sharpbag.tests\bin\release\sharpbag.tests.dll" id="de9d9ca9-6d6f-fece-a7ad-0d011ee5cf94">
      <Execution id="bb612246-d948-4e61-b54d-277f1cc3bab8" />
      <TestMethod codeBase="C:/Users/SuprDewd/Desktop/Projects/Forritun/SharpBag/SharpBag.Tests/bin/Release/SharpBag.Tests.DLL" adapterTypeName="Microsoft.VisualStudio.TestTools.TestTypes.Unit.UnitTestAdapter, Microsoft.VisualStudio.QualityTools.Tips.UnitTest.Adapter, Version=10.0.0.0, Culture=neutral, PublicKeyToken=b03f5f7f11d50a3a" className="SharpBag.ExtensionsTest, SharpBag.Tests, Version=0.0.0.0, Culture=neutral, PublicKeyToken=null" name="As0132106" />
    </UnitTest>
    <UnitTest name="NullOr71404" storage="c:\users\suprdewd\desktop\projects\forritun\sharpbag\sharpbag.tests\bin\release\sharpbag.tests.dll" id="4d41008a-7d5b-c195-89ca-25e2bba2803d">
      <Execution id="d93ace15-cb99-45b1-aa6b-76db9a67244a" />
      <TestMethod codeBase="C:/Users/SuprDewd/Desktop/Projects/Forritun/SharpBag/SharpBag.Tests/bin/Release/SharpBag.Tests.DLL" adapterTypeName="Microsoft.VisualStudio.TestTools.TestTypes.Unit.UnitTestAdapter, Microsoft.VisualStudio.QualityTools.Tips.UnitTest.Adapter, Version=10.0.0.0, Culture=neutral, PublicKeyToken=b03f5f7f11d50a3a" className="SharpBag.ExtensionsTest, SharpBag.Tests, Version=0.0.0.0, Culture=neutral, PublicKeyToken=null" name="NullOr71404" />
    </UnitTest>
    <UnitTest name="CreateIEnumerable420" storage="c:\users\suprdewd\desktop\projects\forritun\sharpbag\sharpbag.tests\bin\release\sharpbag.tests.dll" id="e4451568-6212-a798-2a99-bf5d281a2d5f">
      <Execution id="e6662ae0-e2a0-4a7f-a658-6a78de2325ce" />
      <TestMethod codeBase="C:/Users/SuprDewd/Desktop/Projects/Forritun/SharpBag/SharpBag.Tests/bin/Release/SharpBag.Tests.DLL" adapterTypeName="Microsoft.VisualStudio.TestTools.TestTypes.Unit.UnitTestAdapter, Microsoft.VisualStudio.QualityTools.Tips.UnitTest.Adapter, Version=10.0.0.0, Culture=neutral, PublicKeyToken=b03f5f7f11d50a3a" className="SharpBag.UtilsTest, SharpBag.Tests, Version=0.0.0.0, Culture=neutral, PublicKeyToken=null" name="CreateIEnumerable420" />
    </UnitTest>
    <UnitTest name="AsEnumerable0258801" storage="c:\users\suprdewd\desktop\projects\forritun\sharpbag\sharpbag.tests\bin\release\sharpbag.tests.dll" id="b2c4141e-1dfd-f110-5623-435719fb340e">
      <Execution id="a76e29f9-41f3-4d17-b9a9-8e039e9b8351" />
      <TestMethod codeBase="C:/Users/SuprDewd/Desktop/Projects/Forritun/SharpBag/SharpBag.Tests/bin/Release/SharpBag.Tests.DLL" adapterTypeName="Microsoft.VisualStudio.TestTools.TestTypes.Unit.UnitTestAdapter, Microsoft.VisualStudio.QualityTools.Tips.UnitTest.Adapter, Version=10.0.0.0, Culture=neutral, PublicKeyToken=b03f5f7f11d50a3a" className="SharpBag.ExtensionsTest, SharpBag.Tests, Version=0.0.0.0, Culture=neutral, PublicKeyToken=null" name="AsEnumerable0258801" />
    </UnitTest>
    <UnitTest name="ForEach78801" storage="c:\users\suprdewd\desktop\projects\forritun\sharpbag\sharpbag.tests\bin\release\sharpbag.tests.dll" id="a45582f8-3825-adac-44bf-8fa9e3381e89">
      <Execution id="83769d4a-b942-4a2f-b6c1-e1ecf021d95f" />
      <TestMethod codeBase="C:/Users/SuprDewd/Desktop/Projects/Forritun/SharpBag/SharpBag.Tests/bin/Release/SharpBag.Tests.DLL" adapterTypeName="Microsoft.VisualStudio.TestTools.TestTypes.Unit.UnitTestAdapter, Microsoft.VisualStudio.QualityTools.Tips.UnitTest.Adapter, Version=10.0.0.0, Culture=neutral, PublicKeyToken=b03f5f7f11d50a3a" className="SharpBag.ExtensionsTest, SharpBag.Tests, Version=0.0.0.0, Culture=neutral, PublicKeyToken=null" name="ForEach78801" />
    </UnitTest>
    <UnitTest name="IfNotNull0192302" storage="c:\users\suprdewd\desktop\projects\forritun\sharpbag\sharpbag.tests\bin\release\sharpbag.tests.dll" id="a65b5eab-4121-901b-449c-fc9aba07d07b">
      <Execution id="c8a4ffa9-02fb-4079-97b9-954c224e9189" />
      <TestMethod codeBase="C:/Users/SuprDewd/Desktop/Projects/Forritun/SharpBag/SharpBag.Tests/bin/Release/SharpBag.Tests.DLL" adapterTypeName="Microsoft.VisualStudio.TestTools.TestTypes.Unit.UnitTestAdapter, Microsoft.VisualStudio.QualityTools.Tips.UnitTest.Adapter, Version=10.0.0.0, Culture=neutral, PublicKeyToken=b03f5f7f11d50a3a" className="SharpBag.ExtensionsTest, SharpBag.Tests, Version=0.0.0.0, Culture=neutral, PublicKeyToken=null" name="IfNotNull0192302" />
    </UnitTest>
    <UnitTest name="InvokeIfRequiredThrowsContractException870" storage="c:\users\suprdewd\desktop\projects\forritun\sharpbag\sharpbag.tests\bin\release\sharpbag.tests.dll" id="e5623ce5-a9dc-7c7d-ffdc-f4cf28cd97aa">
      <Execution id="66f04dfb-4d02-41a9-9197-c36a0fda99a5" />
      <TestMethod codeBase="C:/Users/SuprDewd/Desktop/Projects/Forritun/SharpBag/SharpBag.Tests/bin/Release/SharpBag.Tests.DLL" adapterTypeName="Microsoft.VisualStudio.TestTools.TestTypes.Unit.UnitTestAdapter, Microsoft.VisualStudio.QualityTools.Tips.UnitTest.Adapter, Version=10.0.0.0, Culture=neutral, PublicKeyToken=b03f5f7f11d50a3a" className="SharpBag.ExtensionsTest, SharpBag.Tests, Version=0.0.0.0, Culture=neutral, PublicKeyToken=null" name="InvokeIfRequiredThrowsContractException870" />
    </UnitTest>
    <UnitTest name="Add60904" storage="c:\users\suprdewd\desktop\projects\forritun\sharpbag\sharpbag.tests\bin\release\sharpbag.tests.dll" id="1cb6fca5-5cbd-75cb-cfee-a358b8315906">
      <Execution id="f6231841-cfb6-4396-bee9-70f8cb2362b9" />
      <TestMethod codeBase="C:/Users/SuprDewd/Desktop/Projects/Forritun/SharpBag/SharpBag.Tests/bin/Release/SharpBag.Tests.DLL" adapterTypeName="Microsoft.VisualStudio.TestTools.TestTypes.Unit.UnitTestAdapter, Microsoft.VisualStudio.QualityTools.Tips.UnitTest.Adapter, Version=10.0.0.0, Culture=neutral, PublicKeyToken=b03f5f7f11d50a3a" className="SharpBag.ExtensionsTest, SharpBag.Tests, Version=0.0.0.0, Culture=neutral, PublicKeyToken=null" name="Add60904" />
    </UnitTest>
    <UnitTest name="To0459801" storage="c:\users\suprdewd\desktop\projects\forritun\sharpbag\sharpbag.tests\bin\release\sharpbag.tests.dll" id="0e73a463-cb0d-f992-9d84-5941849f04d6">
      <Execution id="9d6a7f14-0d63-4d7c-9474-922f5426961a" />
      <TestMethod codeBase="C:/Users/SuprDewd/Desktop/Projects/Forritun/SharpBag/SharpBag.Tests/bin/Release/SharpBag.Tests.DLL" adapterTypeName="Microsoft.VisualStudio.TestTools.TestTypes.Unit.UnitTestAdapter, Microsoft.VisualStudio.QualityTools.Tips.UnitTest.Adapter, Version=10.0.0.0, Culture=neutral, PublicKeyToken=b03f5f7f11d50a3a" className="SharpBag.ExtensionsTest, SharpBag.Tests, Version=0.0.0.0, Culture=neutral, PublicKeyToken=null" name="To0459801" />
    </UnitTest>
    <UnitTest name="Add29602" storage="c:\users\suprdewd\desktop\projects\forritun\sharpbag\sharpbag.tests\bin\release\sharpbag.tests.dll" id="d820847a-a64d-718b-5774-4886058277c3">
      <Execution id="c88783dd-8a46-4e15-a6b5-8976ff2d0fde" />
      <TestMethod codeBase="C:/Users/SuprDewd/Desktop/Projects/Forritun/SharpBag/SharpBag.Tests/bin/Release/SharpBag.Tests.DLL" adapterTypeName="Microsoft.VisualStudio.TestTools.TestTypes.Unit.UnitTestAdapter, Microsoft.VisualStudio.QualityTools.Tips.UnitTest.Adapter, Version=10.0.0.0, Culture=neutral, PublicKeyToken=b03f5f7f11d50a3a" className="SharpBag.ExtensionsTest, SharpBag.Tests, Version=0.0.0.0, Culture=neutral, PublicKeyToken=null" name="Add29602" />
    </UnitTest>
    <UnitTest name="To0163701" storage="c:\users\suprdewd\desktop\projects\forritun\sharpbag\sharpbag.tests\bin\release\sharpbag.tests.dll" id="229cca66-aa3f-9557-9307-ec8679e563f6">
      <Execution id="bcded512-9d10-406c-aed6-d57268c63540" />
      <TestMethod codeBase="C:/Users/SuprDewd/Desktop/Projects/Forritun/SharpBag/SharpBag.Tests/bin/Release/SharpBag.Tests.DLL" adapterTypeName="Microsoft.VisualStudio.TestTools.TestTypes.Unit.UnitTestAdapter, Microsoft.VisualStudio.QualityTools.Tips.UnitTest.Adapter, Version=10.0.0.0, Culture=neutral, PublicKeyToken=b03f5f7f11d50a3a" className="SharpBag.ExtensionsTest, SharpBag.Tests, Version=0.0.0.0, Culture=neutral, PublicKeyToken=null" name="To0163701" />
    </UnitTest>
    <UnitTest name="As21503" storage="c:\users\suprdewd\desktop\projects\forritun\sharpbag\sharpbag.tests\bin\release\sharpbag.tests.dll" id="b03d2b82-a5f5-4a0a-521f-fd9e431b28da">
      <Execution id="55016fbf-17ed-49d1-bba5-dc8bc69518db" />
      <TestMethod codeBase="C:/Users/SuprDewd/Desktop/Projects/Forritun/SharpBag/SharpBag.Tests/bin/Release/SharpBag.Tests.DLL" adapterTypeName="Microsoft.VisualStudio.TestTools.TestTypes.Unit.UnitTestAdapter, Microsoft.VisualStudio.QualityTools.Tips.UnitTest.Adapter, Version=10.0.0.0, Culture=neutral, PublicKeyToken=b03f5f7f11d50a3a" className="SharpBag.ExtensionsTest, SharpBag.Tests, Version=0.0.0.0, Culture=neutral, PublicKeyToken=null" name="As21503" />
    </UnitTest>
    <UnitTest name="Fill0168802" storage="c:\users\suprdewd\desktop\projects\forritun\sharpbag\sharpbag.tests\bin\release\sharpbag.tests.dll" id="c3e8dcc2-bac7-2a0c-9c06-8dc4838145f3">
      <Execution id="907b2dba-7584-4aba-aaea-864c23567552" />
      <TestMethod codeBase="C:/Users/SuprDewd/Desktop/Projects/Forritun/SharpBag/SharpBag.Tests/bin/Release/SharpBag.Tests.DLL" adapterTypeName="Microsoft.VisualStudio.TestTools.TestTypes.Unit.UnitTestAdapter, Microsoft.VisualStudio.QualityTools.Tips.UnitTest.Adapter, Version=10.0.0.0, Culture=neutral, PublicKeyToken=b03f5f7f11d50a3a" className="SharpBag.ExtensionsTest, SharpBag.Tests, Version=0.0.0.0, Culture=neutral, PublicKeyToken=null" name="Fill0168802" />
    </UnitTest>
    <UnitTest name="As21505" storage="c:\users\suprdewd\desktop\projects\forritun\sharpbag\sharpbag.tests\bin\release\sharpbag.tests.dll" id="2250a8be-6947-1057-ceec-e49c62f651fa">
      <Execution id="1c17cb2e-4f14-4e51-834b-b58a0aa8b0f9" />
      <TestMethod codeBase="C:/Users/SuprDewd/Desktop/Projects/Forritun/SharpBag/SharpBag.Tests/bin/Release/SharpBag.Tests.DLL" adapterTypeName="Microsoft.VisualStudio.TestTools.TestTypes.Unit.UnitTestAdapter, Microsoft.VisualStudio.QualityTools.Tips.UnitTest.Adapter, Version=10.0.0.0, Culture=neutral, PublicKeyToken=b03f5f7f11d50a3a" className="SharpBag.ExtensionsTest, SharpBag.Tests, Version=0.0.0.0, Culture=neutral, PublicKeyToken=null" name="As21505" />
    </UnitTest>
    <UnitTest name="As0132104" storage="c:\users\suprdewd\desktop\projects\forritun\sharpbag\sharpbag.tests\bin\release\sharpbag.tests.dll" id="b30e4a1d-f330-da4d-3e81-5c536003275c">
      <Execution id="9a1b1e01-4bf6-464c-a39b-67bb327499c1" />
      <TestMethod codeBase="C:/Users/SuprDewd/Desktop/Projects/Forritun/SharpBag/SharpBag.Tests/bin/Release/SharpBag.Tests.DLL" adapterTypeName="Microsoft.VisualStudio.TestTools.TestTypes.Unit.UnitTestAdapter, Microsoft.VisualStudio.QualityTools.Tips.UnitTest.Adapter, Version=10.0.0.0, Culture=neutral, PublicKeyToken=b03f5f7f11d50a3a" className="SharpBag.ExtensionsTest, SharpBag.Tests, Version=0.0.0.0, Culture=neutral, PublicKeyToken=null" name="As0132104" />
    </UnitTest>
    <UnitTest name="As0163216" storage="c:\users\suprdewd\desktop\projects\forritun\sharpbag\sharpbag.tests\bin\release\sharpbag.tests.dll" id="ee7a26ae-f08b-c1d5-713f-d21139c592b9">
      <Execution id="4a97c648-64b9-4761-b9e2-7f4fcd3e44e4" />
      <TestMethod codeBase="C:/Users/SuprDewd/Desktop/Projects/Forritun/SharpBag/SharpBag.Tests/bin/Release/SharpBag.Tests.DLL" adapterTypeName="Microsoft.VisualStudio.TestTools.TestTypes.Unit.UnitTestAdapter, Microsoft.VisualStudio.QualityTools.Tips.UnitTest.Adapter, Version=10.0.0.0, Culture=neutral, PublicKeyToken=b03f5f7f11d50a3a" className="SharpBag.ExtensionsTest, SharpBag.Tests, Version=0.0.0.0, Culture=neutral, PublicKeyToken=null" name="As0163216" />
    </UnitTest>
    <UnitTest name="As0166401" storage="c:\users\suprdewd\desktop\projects\forritun\sharpbag\sharpbag.tests\bin\release\sharpbag.tests.dll" id="2b6a1fd0-ad89-86fe-c32f-c850f3486570">
      <Execution id="9500018d-a515-4a75-99c8-6e956ee1705e" />
      <TestMethod codeBase="C:/Users/SuprDewd/Desktop/Projects/Forritun/SharpBag/SharpBag.Tests/bin/Release/SharpBag.Tests.DLL" adapterTypeName="Microsoft.VisualStudio.TestTools.TestTypes.Unit.UnitTestAdapter, Microsoft.VisualStudio.QualityTools.Tips.UnitTest.Adapter, Version=10.0.0.0, Culture=neutral, PublicKeyToken=b03f5f7f11d50a3a" className="SharpBag.ExtensionsTest, SharpBag.Tests, Version=0.0.0.0, Culture=neutral, PublicKeyToken=null" name="As0166401" />
    </UnitTest>
    <UnitTest name="Random01ThrowsContractException221" storage="c:\users\suprdewd\desktop\projects\forritun\sharpbag\sharpbag.tests\bin\release\sharpbag.tests.dll" id="bbfb3b40-32b8-1a5f-ae60-bf53c22dbf87">
      <Execution id="fb4fdd5f-91db-40fa-b845-532c1a8a90ef" />
      <TestMethod codeBase="C:/Users/SuprDewd/Desktop/Projects/Forritun/SharpBag/SharpBag.Tests/bin/Release/SharpBag.Tests.DLL" adapterTypeName="Microsoft.VisualStudio.TestTools.TestTypes.Unit.UnitTestAdapter, Microsoft.VisualStudio.QualityTools.Tips.UnitTest.Adapter, Version=10.0.0.0, Culture=neutral, PublicKeyToken=b03f5f7f11d50a3a" className="SharpBag.ExtensionsTest, SharpBag.Tests, Version=0.0.0.0, Culture=neutral, PublicKeyToken=null" name="Random01ThrowsContractException221" />
    </UnitTest>
    <UnitTest name="As0163229" storage="c:\users\suprdewd\desktop\projects\forritun\sharpbag\sharpbag.tests\bin\release\sharpbag.tests.dll" id="c80221bd-ca0a-aa23-6b81-2ed5f20f8d5f">
      <Execution id="f9de7107-4b34-4d98-9f88-3467fd4ad60d" />
      <TestMethod codeBase="C:/Users/SuprDewd/Desktop/Projects/Forritun/SharpBag/SharpBag.Tests/bin/Release/SharpBag.Tests.DLL" adapterTypeName="Microsoft.VisualStudio.TestTools.TestTypes.Unit.UnitTestAdapter, Microsoft.VisualStudio.QualityTools.Tips.UnitTest.Adapter, Version=10.0.0.0, Culture=neutral, PublicKeyToken=b03f5f7f11d50a3a" className="SharpBag.ExtensionsTest, SharpBag.Tests, Version=0.0.0.0, Culture=neutral, PublicKeyToken=null" name="As0163229" />
    </UnitTest>
    <UnitTest name="As21520" storage="c:\users\suprdewd\desktop\projects\forritun\sharpbag\sharpbag.tests\bin\release\sharpbag.tests.dll" id="585eea8b-8fa4-71e8-9d43-5274aef9fa35">
      <Execution id="9432d553-2e05-4334-8a33-f646c4d85ef1" />
      <TestMethod codeBase="C:/Users/SuprDewd/Desktop/Projects/Forritun/SharpBag/SharpBag.Tests/bin/Release/SharpBag.Tests.DLL" adapterTypeName="Microsoft.VisualStudio.TestTools.TestTypes.Unit.UnitTestAdapter, Microsoft.VisualStudio.QualityTools.Tips.UnitTest.Adapter, Version=10.0.0.0, Culture=neutral, PublicKeyToken=b03f5f7f11d50a3a" className="SharpBag.ExtensionsTest, SharpBag.Tests, Version=0.0.0.0, Culture=neutral, PublicKeyToken=null" name="As21520" />
    </UnitTest>
    <UnitTest name="As0163241" storage="c:\users\suprdewd\desktop\projects\forritun\sharpbag\sharpbag.tests\bin\release\sharpbag.tests.dll" id="2a3bccbe-42e2-9009-af11-20e5efc1eb2e">
      <Execution id="e495c235-926d-44f9-9d9e-addeb4eb8ce2" />
      <TestMethod codeBase="C:/Users/SuprDewd/Desktop/Projects/Forritun/SharpBag/SharpBag.Tests/bin/Release/SharpBag.Tests.DLL" adapterTypeName="Microsoft.VisualStudio.TestTools.TestTypes.Unit.UnitTestAdapter, Microsoft.VisualStudio.QualityTools.Tips.UnitTest.Adapter, Version=10.0.0.0, Culture=neutral, PublicKeyToken=b03f5f7f11d50a3a" className="SharpBag.ExtensionsTest, SharpBag.Tests, Version=0.0.0.0, Culture=neutral, PublicKeyToken=null" name="As0163241" />
    </UnitTest>
    <UnitTest name="As0163219" storage="c:\users\suprdewd\desktop\projects\forritun\sharpbag\sharpbag.tests\bin\release\sharpbag.tests.dll" id="40b13692-f736-7aca-afa5-678a24ba3ffc">
      <Execution id="cfe0e9fb-0066-4cdb-a8db-4a8554c0cf96" />
      <TestMethod codeBase="C:/Users/SuprDewd/Desktop/Projects/Forritun/SharpBag/SharpBag.Tests/bin/Release/SharpBag.Tests.DLL" adapterTypeName="Microsoft.VisualStudio.TestTools.TestTypes.Unit.UnitTestAdapter, Microsoft.VisualStudio.QualityTools.Tips.UnitTest.Adapter, Version=10.0.0.0, Culture=neutral, PublicKeyToken=b03f5f7f11d50a3a" className="SharpBag.ExtensionsTest, SharpBag.Tests, Version=0.0.0.0, Culture=neutral, PublicKeyToken=null" name="As0163219" />
    </UnitTest>
    <UnitTest name="As6" storage="c:\users\suprdewd\desktop\projects\forritun\sharpbag\sharpbag.tests\bin\release\sharpbag.tests.dll" id="9d4922e1-95bb-cc07-dd59-02aa21bc0c9d">
      <Execution id="29427a45-04dd-48e3-94f7-2ac2b593fe1c" />
      <TestMethod codeBase="C:/Users/SuprDewd/Desktop/Projects/Forritun/SharpBag/SharpBag.Tests/bin/Release/SharpBag.Tests.DLL" adapterTypeName="Microsoft.VisualStudio.TestTools.TestTypes.Unit.UnitTestAdapter, Microsoft.VisualStudio.QualityTools.Tips.UnitTest.Adapter, Version=10.0.0.0, Culture=neutral, PublicKeyToken=b03f5f7f11d50a3a" className="SharpBag.ExtensionsTest, SharpBag.Tests, Version=0.0.0.0, Culture=neutral, PublicKeyToken=null" name="As6" />
    </UnitTest>
    <UnitTest name="ExecutionTimeThrowsContractException15" storage="c:\users\suprdewd\desktop\projects\forritun\sharpbag\sharpbag.tests\bin\release\sharpbag.tests.dll" id="b43d3839-897a-8359-f8af-bc2aa0d853ca">
      <Execution id="b0903a60-24f5-4acb-8a4c-db64d412b0b4" />
      <TestMethod codeBase="C:/Users/SuprDewd/Desktop/Projects/Forritun/SharpBag/SharpBag.Tests/bin/Release/SharpBag.Tests.DLL" adapterTypeName="Microsoft.VisualStudio.TestTools.TestTypes.Unit.UnitTestAdapter, Microsoft.VisualStudio.QualityTools.Tips.UnitTest.Adapter, Version=10.0.0.0, Culture=neutral, PublicKeyToken=b03f5f7f11d50a3a" className="SharpBag.UtilsTest, SharpBag.Tests, Version=0.0.0.0, Culture=neutral, PublicKeyToken=null" name="ExecutionTimeThrowsContractException15" />
    </UnitTest>
    <UnitTest name="UnionAllThrowsContractException498" storage="c:\users\suprdewd\desktop\projects\forritun\sharpbag\sharpbag.tests\bin\release\sharpbag.tests.dll" id="0c6370f1-3a15-0de1-18cb-8da30dd57ee7">
      <Execution id="ca2f3c7a-fdea-4a9a-9135-c09497fda26c" />
      <TestMethod codeBase="C:/Users/SuprDewd/Desktop/Projects/Forritun/SharpBag/SharpBag.Tests/bin/Release/SharpBag.Tests.DLL" adapterTypeName="Microsoft.VisualStudio.TestTools.TestTypes.Unit.UnitTestAdapter, Microsoft.VisualStudio.QualityTools.Tips.UnitTest.Adapter, Version=10.0.0.0, Culture=neutral, PublicKeyToken=b03f5f7f11d50a3a" className="SharpBag.ExtensionsTest, SharpBag.Tests, Version=0.0.0.0, Culture=neutral, PublicKeyToken=null" name="UnionAllThrowsContractException498" />
    </UnitTest>
    <UnitTest name="ExecutionTime642" storage="c:\users\suprdewd\desktop\projects\forritun\sharpbag\sharpbag.tests\bin\release\sharpbag.tests.dll" id="4fd2d142-96e9-3d7b-16b2-0b0965a16f21">
      <Execution id="aa04b0ec-3be0-4827-9e6b-db5415a11cc8" />
      <TestMethod codeBase="C:/Users/SuprDewd/Desktop/Projects/Forritun/SharpBag/SharpBag.Tests/bin/Release/SharpBag.Tests.DLL" adapterTypeName="Microsoft.VisualStudio.TestTools.TestTypes.Unit.UnitTestAdapter, Microsoft.VisualStudio.QualityTools.Tips.UnitTest.Adapter, Version=10.0.0.0, Culture=neutral, PublicKeyToken=b03f5f7f11d50a3a" className="SharpBag.UtilsTest, SharpBag.Tests, Version=0.0.0.0, Culture=neutral, PublicKeyToken=null" name="ExecutionTime642" />
    </UnitTest>
    <UnitTest name="As0166001" storage="c:\users\suprdewd\desktop\projects\forritun\sharpbag\sharpbag.tests\bin\release\sharpbag.tests.dll" id="4a5ccd91-8853-f0cc-c6d0-af1603a36ab2">
      <Execution id="2a4b782c-27fe-4acd-9fba-b495a79691a1" />
      <TestMethod codeBase="C:/Users/SuprDewd/Desktop/Projects/Forritun/SharpBag/SharpBag.Tests/bin/Release/SharpBag.Tests.DLL" adapterTypeName="Microsoft.VisualStudio.TestTools.TestTypes.Unit.UnitTestAdapter, Microsoft.VisualStudio.QualityTools.Tips.UnitTest.Adapter, Version=10.0.0.0, Culture=neutral, PublicKeyToken=b03f5f7f11d50a3a" className="SharpBag.ExtensionsTest, SharpBag.Tests, Version=0.0.0.0, Culture=neutral, PublicKeyToken=null" name="As0166001" />
    </UnitTest>
    <UnitTest name="Add88501" storage="c:\users\suprdewd\desktop\projects\forritun\sharpbag\sharpbag.tests\bin\release\sharpbag.tests.dll" id="8795f817-2bb9-9d00-f981-a3a8a2b7335e">
      <Execution id="2647eb0b-4d5d-49fe-8ef1-4feec2f56605" />
      <TestMethod codeBase="C:/Users/SuprDewd/Desktop/Projects/Forritun/SharpBag/SharpBag.Tests/bin/Release/SharpBag.Tests.DLL" adapterTypeName="Microsoft.VisualStudio.TestTools.TestTypes.Unit.UnitTestAdapter, Microsoft.VisualStudio.QualityTools.Tips.UnitTest.Adapter, Version=10.0.0.0, Culture=neutral, PublicKeyToken=b03f5f7f11d50a3a" className="SharpBag.ExtensionsTest, SharpBag.Tests, Version=0.0.0.0, Culture=neutral, PublicKeyToken=null" name="Add88501" />
    </UnitTest>
    <UnitTest name="As0132103" storage="c:\users\suprdewd\desktop\projects\forritun\sharpbag\sharpbag.tests\bin\release\sharpbag.tests.dll" id="0c58cf0b-ac72-a134-206f-98daff22c7f5">
      <Execution id="e3324a77-9651-4f93-bd57-29661b1ea7f9" />
      <TestMethod codeBase="C:/Users/SuprDewd/Desktop/Projects/Forritun/SharpBag/SharpBag.Tests/bin/Release/SharpBag.Tests.DLL" adapterTypeName="Microsoft.VisualStudio.TestTools.TestTypes.Unit.UnitTestAdapter, Microsoft.VisualStudio.QualityTools.Tips.UnitTest.Adapter, Version=10.0.0.0, Culture=neutral, PublicKeyToken=b03f5f7f11d50a3a" className="SharpBag.ExtensionsTest, SharpBag.Tests, Version=0.0.0.0, Culture=neutral, PublicKeyToken=null" name="As0132103" />
    </UnitTest>
    <UnitTest name="Times25801" storage="c:\users\suprdewd\desktop\projects\forritun\sharpbag\sharpbag.tests\bin\release\sharpbag.tests.dll" id="54dfb2f2-edab-6914-c734-746381ef028e">
      <Execution id="2d91170d-4dc8-4868-967b-eb368a73b6bb" />
      <TestMethod codeBase="C:/Users/SuprDewd/Desktop/Projects/Forritun/SharpBag/SharpBag.Tests/bin/Release/SharpBag.Tests.DLL" adapterTypeName="Microsoft.VisualStudio.TestTools.TestTypes.Unit.UnitTestAdapter, Microsoft.VisualStudio.QualityTools.Tips.UnitTest.Adapter, Version=10.0.0.0, Culture=neutral, PublicKeyToken=b03f5f7f11d50a3a" className="SharpBag.ExtensionsTest, SharpBag.Tests, Version=0.0.0.0, Culture=neutral, PublicKeyToken=null" name="Times25801" />
    </UnitTest>
    <UnitTest name="Constructor94201" storage="c:\users\suprdewd\desktop\projects\forritun\sharpbag\sharpbag.tests\bin\release\sharpbag.tests.dll" id="8fabe6be-0a48-74a9-97ec-54d046e764bc">
      <Execution id="b81bdde7-9a1b-48ed-b7a2-40db9919e671" />
      <TestMethod codeBase="C:/Users/SuprDewd/Desktop/Projects/Forritun/SharpBag/SharpBag.Tests/bin/Release/SharpBag.Tests.DLL" adapterTypeName="Microsoft.VisualStudio.TestTools.TestTypes.Unit.UnitTestAdapter, Microsoft.VisualStudio.QualityTools.Tips.UnitTest.Adapter, Version=10.0.0.0, Culture=neutral, PublicKeyToken=b03f5f7f11d50a3a" className="SharpBag.Algorithms.PriorityQueueItemTTest, SharpBag.Tests, Version=0.0.0.0, Culture=neutral, PublicKeyToken=null" name="Constructor94201" />
    </UnitTest>
    <UnitTest name="FromEnumeratorThrowsContractException632" storage="c:\users\suprdewd\desktop\projects\forritun\sharpbag\sharpbag.tests\bin\release\sharpbag.tests.dll" id="f55b9351-7cff-05be-34ae-f71cd06467b8">
      <Execution id="d0ca6ab7-7fbc-4aae-baee-ff1c3fce1bbf" />
      <TestMethod codeBase="C:/Users/SuprDewd/Desktop/Projects/Forritun/SharpBag/SharpBag.Tests/bin/Release/SharpBag.Tests.DLL" adapterTypeName="Microsoft.VisualStudio.TestTools.TestTypes.Unit.UnitTestAdapter, Microsoft.VisualStudio.QualityTools.Tips.UnitTest.Adapter, Version=10.0.0.0, Culture=neutral, PublicKeyToken=b03f5f7f11d50a3a" className="SharpBag.UtilsTest, SharpBag.Tests, Version=0.0.0.0, Culture=neutral, PublicKeyToken=null" name="FromEnumeratorThrowsContractException632" />
    </UnitTest>
    <UnitTest name="As0163218" storage="c:\users\suprdewd\desktop\projects\forritun\sharpbag\sharpbag.tests\bin\release\sharpbag.tests.dll" id="3403c50d-2a71-9a27-1ea8-652ff438ba45">
      <Execution id="e3844f9a-7446-461c-9743-12bc7189a8cb" />
      <TestMethod codeBase="C:/Users/SuprDewd/Desktop/Projects/Forritun/SharpBag/SharpBag.Tests/bin/Release/SharpBag.Tests.DLL" adapterTypeName="Microsoft.VisualStudio.TestTools.TestTypes.Unit.UnitTestAdapter, Microsoft.VisualStudio.QualityTools.Tips.UnitTest.Adapter, Version=10.0.0.0, Culture=neutral, PublicKeyToken=b03f5f7f11d50a3a" className="SharpBag.ExtensionsTest, SharpBag.Tests, Version=0.0.0.0, Culture=neutral, PublicKeyToken=null" name="As0163218" />
    </UnitTest>
    <UnitTest name="As215" storage="c:\users\suprdewd\desktop\projects\forritun\sharpbag\sharpbag.tests\bin\release\sharpbag.tests.dll" id="7743f34e-ac5f-23a3-8e8f-212222420029">
      <Execution id="0b0f8de0-c78a-46ea-a84e-443bed0a9a63" />
      <TestMethod codeBase="C:/Users/SuprDewd/Desktop/Projects/Forritun/SharpBag/SharpBag.Tests/bin/Release/SharpBag.Tests.DLL" adapterTypeName="Microsoft.VisualStudio.TestTools.TestTypes.Unit.UnitTestAdapter, Microsoft.VisualStudio.QualityTools.Tips.UnitTest.Adapter, Version=10.0.0.0, Culture=neutral, PublicKeyToken=b03f5f7f11d50a3a" className="SharpBag.ExtensionsTest, SharpBag.Tests, Version=0.0.0.0, Culture=neutral, PublicKeyToken=null" name="As215" />
    </UnitTest>
    <UnitTest name="As0132107" storage="c:\users\suprdewd\desktop\projects\forritun\sharpbag\sharpbag.tests\bin\release\sharpbag.tests.dll" id="850912a6-5065-5531-7451-3014a79cee54">
      <Execution id="e9a76891-40e9-4fab-ac29-6fc1f6855ca0" />
      <TestMethod codeBase="C:/Users/SuprDewd/Desktop/Projects/Forritun/SharpBag/SharpBag.Tests/bin/Release/SharpBag.Tests.DLL" adapterTypeName="Microsoft.VisualStudio.TestTools.TestTypes.Unit.UnitTestAdapter, Microsoft.VisualStudio.QualityTools.Tips.UnitTest.Adapter, Version=10.0.0.0, Culture=neutral, PublicKeyToken=b03f5f7f11d50a3a" className="SharpBag.ExtensionsTest, SharpBag.Tests, Version=0.0.0.0, Culture=neutral, PublicKeyToken=null" name="As0132107" />
    </UnitTest>
    <UnitTest name="Fill0110503" storage="c:\users\suprdewd\desktop\projects\forritun\sharpbag\sharpbag.tests\bin\release\sharpbag.tests.dll" id="2f965438-892b-963f-1d2d-a0dc16402531">
      <Execution id="65170dab-c90a-46ee-baa0-75c969e5ab84" />
      <TestMethod codeBase="C:/Users/SuprDewd/Desktop/Projects/Forritun/SharpBag/SharpBag.Tests/bin/Release/SharpBag.Tests.DLL" adapterTypeName="Microsoft.VisualStudio.TestTools.TestTypes.Unit.UnitTestAdapter, Microsoft.VisualStudio.QualityTools.Tips.UnitTest.Adapter, Version=10.0.0.0, Culture=neutral, PublicKeyToken=b03f5f7f11d50a3a" className="SharpBag.ExtensionsTest, SharpBag.Tests, Version=0.0.0.0, Culture=neutral, PublicKeyToken=null" name="Fill0110503" />
    </UnitTest>
    <UnitTest name="To0482501" storage="c:\users\suprdewd\desktop\projects\forritun\sharpbag\sharpbag.tests\bin\release\sharpbag.tests.dll" id="86a0d6ba-240b-81ef-7612-a91dd0bac5dd">
      <Execution id="8946aff0-96b0-4c22-baeb-1d970b4f5bfa" />
      <TestMethod codeBase="C:/Users/SuprDewd/Desktop/Projects/Forritun/SharpBag/SharpBag.Tests/bin/Release/SharpBag.Tests.DLL" adapterTypeName="Microsoft.VisualStudio.TestTools.TestTypes.Unit.UnitTestAdapter, Microsoft.VisualStudio.QualityTools.Tips.UnitTest.Adapter, Version=10.0.0.0, Culture=neutral, PublicKeyToken=b03f5f7f11d50a3a" className="SharpBag.ExtensionsTest, SharpBag.Tests, Version=0.0.0.0, Culture=neutral, PublicKeyToken=null" name="To0482501" />
    </UnitTest>
    <UnitTest name="GetByPercentThrowsContractException730" storage="c:\users\suprdewd\desktop\projects\forritun\sharpbag\sharpbag.tests\bin\release\sharpbag.tests.dll" id="1e0ca069-996e-4bc0-6164-74e9ee8107ac">
      <Execution id="bdb2f348-a99a-4f2b-9792-96ebdec2607c" />
      <TestMethod codeBase="C:/Users/SuprDewd/Desktop/Projects/Forritun/SharpBag/SharpBag.Tests/bin/Release/SharpBag.Tests.DLL" adapterTypeName="Microsoft.VisualStudio.TestTools.TestTypes.Unit.UnitTestAdapter, Microsoft.VisualStudio.QualityTools.Tips.UnitTest.Adapter, Version=10.0.0.0, Culture=neutral, PublicKeyToken=b03f5f7f11d50a3a" className="SharpBag.ExtensionsTest, SharpBag.Tests, Version=0.0.0.0, Culture=neutral, PublicKeyToken=null" name="GetByPercentThrowsContractException730" />
    </UnitTest>
    <UnitTest name="As928" storage="c:\users\suprdewd\desktop\projects\forritun\sharpbag\sharpbag.tests\bin\release\sharpbag.tests.dll" id="d97a225a-e31a-2138-2fae-7b4109b25275">
      <Execution id="b89301b9-f4a0-4291-81eb-22b9ca47f2ea" />
      <TestMethod codeBase="C:/Users/SuprDewd/Desktop/Projects/Forritun/SharpBag/SharpBag.Tests/bin/Release/SharpBag.Tests.DLL" adapterTypeName="Microsoft.VisualStudio.TestTools.TestTypes.Unit.UnitTestAdapter, Microsoft.VisualStudio.QualityTools.Tips.UnitTest.Adapter, Version=10.0.0.0, Culture=neutral, PublicKeyToken=b03f5f7f11d50a3a" className="SharpBag.ExtensionsTest, SharpBag.Tests, Version=0.0.0.0, Culture=neutral, PublicKeyToken=null" name="As928" />
    </UnitTest>
    <UnitTest name="Fill0110502" storage="c:\users\suprdewd\desktop\projects\forritun\sharpbag\sharpbag.tests\bin\release\sharpbag.tests.dll" id="8449ab5e-c7c8-6deb-cb03-833888a032c6">
      <Execution id="6b71e558-f042-47cf-86c4-e1a412ac8177" />
      <TestMethod codeBase="C:/Users/SuprDewd/Desktop/Projects/Forritun/SharpBag/SharpBag.Tests/bin/Release/SharpBag.Tests.DLL" adapterTypeName="Microsoft.VisualStudio.TestTools.TestTypes.Unit.UnitTestAdapter, Microsoft.VisualStudio.QualityTools.Tips.UnitTest.Adapter, Version=10.0.0.0, Culture=neutral, PublicKeyToken=b03f5f7f11d50a3a" className="SharpBag.ExtensionsTest, SharpBag.Tests, Version=0.0.0.0, Culture=neutral, PublicKeyToken=null" name="Fill0110502" />
    </UnitTest>
    <UnitTest name="As0198301" storage="c:\users\suprdewd\desktop\projects\forritun\sharpbag\sharpbag.tests\bin\release\sharpbag.tests.dll" id="43271b50-9462-4bb7-5e78-3783a2d68504">
      <Execution id="e79f1d97-a9b1-4c21-a495-5416d7d3017b" />
      <TestMethod codeBase="C:/Users/SuprDewd/Desktop/Projects/Forritun/SharpBag/SharpBag.Tests/bin/Release/SharpBag.Tests.DLL" adapterTypeName="Microsoft.VisualStudio.TestTools.TestTypes.Unit.UnitTestAdapter, Microsoft.VisualStudio.QualityTools.Tips.UnitTest.Adapter, Version=10.0.0.0, Culture=neutral, PublicKeyToken=b03f5f7f11d50a3a" className="SharpBag.ExtensionsTest, SharpBag.Tests, Version=0.0.0.0, Culture=neutral, PublicKeyToken=null" name="As0198301" />
    </UnitTest>
    <UnitTest name="As0163224" storage="c:\users\suprdewd\desktop\projects\forritun\sharpbag\sharpbag.tests\bin\release\sharpbag.tests.dll" id="389db5b6-ab96-a436-4af4-f75359c85bc2">
      <Execution id="3afccc54-0f76-42a4-85d5-6d1f825a09fe" />
      <TestMethod codeBase="C:/Users/SuprDewd/Desktop/Projects/Forritun/SharpBag/SharpBag.Tests/bin/Release/SharpBag.Tests.DLL" adapterTypeName="Microsoft.VisualStudio.TestTools.TestTypes.Unit.UnitTestAdapter, Microsoft.VisualStudio.QualityTools.Tips.UnitTest.Adapter, Version=10.0.0.0, Culture=neutral, PublicKeyToken=b03f5f7f11d50a3a" className="SharpBag.ExtensionsTest, SharpBag.Tests, Version=0.0.0.0, Culture=neutral, PublicKeyToken=null" name="As0163224" />
    </UnitTest>
    <UnitTest name="RangeThrowsContractException958" storage="c:\users\suprdewd\desktop\projects\forritun\sharpbag\sharpbag.tests\bin\release\sharpbag.tests.dll" id="0cb477c5-7b02-500d-45eb-bb863b0c13bb">
      <Execution id="2761727d-ad3e-4029-b21d-d9ea89d48eb8" />
      <TestMethod codeBase="C:/Users/SuprDewd/Desktop/Projects/Forritun/SharpBag/SharpBag.Tests/bin/Release/SharpBag.Tests.DLL" adapterTypeName="Microsoft.VisualStudio.TestTools.TestTypes.Unit.UnitTestAdapter, Microsoft.VisualStudio.QualityTools.Tips.UnitTest.Adapter, Version=10.0.0.0, Culture=neutral, PublicKeyToken=b03f5f7f11d50a3a" className="SharpBag.ExtensionsTest, SharpBag.Tests, Version=0.0.0.0, Culture=neutral, PublicKeyToken=null" name="RangeThrowsContractException958" />
    </UnitTest>
    <UnitTest name="SubarrayThrowsContractException966" storage="c:\users\suprdewd\desktop\projects\forritun\sharpbag\sharpbag.tests\bin\release\sharpbag.tests.dll" id="51819a1f-c4ce-ae98-f248-c4cc70983131">
      <Execution id="f324c89e-fb30-4010-b01d-021b0799339e" />
      <TestMethod codeBase="C:/Users/SuprDewd/Desktop/Projects/Forritun/SharpBag/SharpBag.Tests/bin/Release/SharpBag.Tests.DLL" adapterTypeName="Microsoft.VisualStudio.TestTools.TestTypes.Unit.UnitTestAdapter, Microsoft.VisualStudio.QualityTools.Tips.UnitTest.Adapter, Version=10.0.0.0, Culture=neutral, PublicKeyToken=b03f5f7f11d50a3a" className="SharpBag.ExtensionsTest, SharpBag.Tests, Version=0.0.0.0, Culture=neutral, PublicKeyToken=null" name="SubarrayThrowsContractException966" />
    </UnitTest>
    <UnitTest name="As0132105" storage="c:\users\suprdewd\desktop\projects\forritun\sharpbag\sharpbag.tests\bin\release\sharpbag.tests.dll" id="febe8afb-7bc1-3f13-831b-73b163a8c327">
      <Execution id="56c6c526-0a39-4822-8ee5-01c0c39860fd" />
      <TestMethod codeBase="C:/Users/SuprDewd/Desktop/Projects/Forritun/SharpBag/SharpBag.Tests/bin/Release/SharpBag.Tests.DLL" adapterTypeName="Microsoft.VisualStudio.TestTools.TestTypes.Unit.UnitTestAdapter, Microsoft.VisualStudio.QualityTools.Tips.UnitTest.Adapter, Version=10.0.0.0, Culture=neutral, PublicKeyToken=b03f5f7f11d50a3a" className="SharpBag.ExtensionsTest, SharpBag.Tests, Version=0.0.0.0, Culture=neutral, PublicKeyToken=null" name="As0132105" />
    </UnitTest>
    <UnitTest name="As0163226" storage="c:\users\suprdewd\desktop\projects\forritun\sharpbag\sharpbag.tests\bin\release\sharpbag.tests.dll" id="be772578-3bd6-fe1e-69ad-baa513f62b0b">
      <Execution id="c85c87dc-e3b1-4a5f-a41c-dbf91800ade8" />
      <TestMethod codeBase="C:/Users/SuprDewd/Desktop/Projects/Forritun/SharpBag/SharpBag.Tests/bin/Release/SharpBag.Tests.DLL" adapterTypeName="Microsoft.VisualStudio.TestTools.TestTypes.Unit.UnitTestAdapter, Microsoft.VisualStudio.QualityTools.Tips.UnitTest.Adapter, Version=10.0.0.0, Culture=neutral, PublicKeyToken=b03f5f7f11d50a3a" className="SharpBag.ExtensionsTest, SharpBag.Tests, Version=0.0.0.0, Culture=neutral, PublicKeyToken=null" name="As0163226" />
    </UnitTest>
    <UnitTest name="AsEnumerable0258802" storage="c:\users\suprdewd\desktop\projects\forritun\sharpbag\sharpbag.tests\bin\release\sharpbag.tests.dll" id="80c446f8-daa9-dd90-7ba0-f56b79877aec">
      <Execution id="1edc05a2-478c-4b4b-9b2b-5e0f8dd6567f" />
      <TestMethod codeBase="C:/Users/SuprDewd/Desktop/Projects/Forritun/SharpBag/SharpBag.Tests/bin/Release/SharpBag.Tests.DLL" adapterTypeName="Microsoft.VisualStudio.TestTools.TestTypes.Unit.UnitTestAdapter, Microsoft.VisualStudio.QualityTools.Tips.UnitTest.Adapter, Version=10.0.0.0, Culture=neutral, PublicKeyToken=b03f5f7f11d50a3a" className="SharpBag.ExtensionsTest, SharpBag.Tests, Version=0.0.0.0, Culture=neutral, PublicKeyToken=null" name="AsEnumerable0258802" />
    </UnitTest>
    <UnitTest name="As01401" storage="c:\users\suprdewd\desktop\projects\forritun\sharpbag\sharpbag.tests\bin\release\sharpbag.tests.dll" id="5b905b9d-179c-2930-2f2f-ad7751aea174">
      <Execution id="92838782-6738-4a49-a5ca-6fe1ee936b09" />
      <TestMethod codeBase="C:/Users/SuprDewd/Desktop/Projects/Forritun/SharpBag/SharpBag.Tests/bin/Release/SharpBag.Tests.DLL" adapterTypeName="Microsoft.VisualStudio.TestTools.TestTypes.Unit.UnitTestAdapter, Microsoft.VisualStudio.QualityTools.Tips.UnitTest.Adapter, Version=10.0.0.0, Culture=neutral, PublicKeyToken=b03f5f7f11d50a3a" className="SharpBag.ExtensionsTest, SharpBag.Tests, Version=0.0.0.0, Culture=neutral, PublicKeyToken=null" name="As01401" />
    </UnitTest>
    <UnitTest name="As0163232" storage="c:\users\suprdewd\desktop\projects\forritun\sharpbag\sharpbag.tests\bin\release\sharpbag.tests.dll" id="0e90738b-70d8-2788-4a26-d16c8666f6ca">
      <Execution id="0979dc0e-ce6a-4f20-aeb2-34df2517eda2" />
      <TestMethod codeBase="C:/Users/SuprDewd/Desktop/Projects/Forritun/SharpBag/SharpBag.Tests/bin/Release/SharpBag.Tests.DLL" adapterTypeName="Microsoft.VisualStudio.TestTools.TestTypes.Unit.UnitTestAdapter, Microsoft.VisualStudio.QualityTools.Tips.UnitTest.Adapter, Version=10.0.0.0, Culture=neutral, PublicKeyToken=b03f5f7f11d50a3a" className="SharpBag.ExtensionsTest, SharpBag.Tests, Version=0.0.0.0, Culture=neutral, PublicKeyToken=null" name="As0163232" />
    </UnitTest>
    <UnitTest name="As0163238" storage="c:\users\suprdewd\desktop\projects\forritun\sharpbag\sharpbag.tests\bin\release\sharpbag.tests.dll" id="a56170ce-b399-e27e-e213-58e00eb4c436">
      <Execution id="9569ed6e-ba1a-4b30-abb5-a6aa48fd2eab" />
      <TestMethod codeBase="C:/Users/SuprDewd/Desktop/Projects/Forritun/SharpBag/SharpBag.Tests/bin/Release/SharpBag.Tests.DLL" adapterTypeName="Microsoft.VisualStudio.TestTools.TestTypes.Unit.UnitTestAdapter, Microsoft.VisualStudio.QualityTools.Tips.UnitTest.Adapter, Version=10.0.0.0, Culture=neutral, PublicKeyToken=b03f5f7f11d50a3a" className="SharpBag.ExtensionsTest, SharpBag.Tests, Version=0.0.0.0, Culture=neutral, PublicKeyToken=null" name="As0163238" />
    </UnitTest>
    <UnitTest name="Fill01ThrowsContractException279" storage="c:\users\suprdewd\desktop\projects\forritun\sharpbag\sharpbag.tests\bin\release\sharpbag.tests.dll" id="1c9baf40-1112-7f41-3f0f-adc161687f04">
      <Execution id="8f7c7e03-55f0-420c-a7ed-e66a0b63784b" />
      <TestMethod codeBase="C:/Users/SuprDewd/Desktop/Projects/Forritun/SharpBag/SharpBag.Tests/bin/Release/SharpBag.Tests.DLL" adapterTypeName="Microsoft.VisualStudio.TestTools.TestTypes.Unit.UnitTestAdapter, Microsoft.VisualStudio.QualityTools.Tips.UnitTest.Adapter, Version=10.0.0.0, Culture=neutral, PublicKeyToken=b03f5f7f11d50a3a" className="SharpBag.ExtensionsTest, SharpBag.Tests, Version=0.0.0.0, Culture=neutral, PublicKeyToken=null" name="Fill01ThrowsContractException279" />
    </UnitTest>
    <UnitTest name="Fill0168801" storage="c:\users\suprdewd\desktop\projects\forritun\sharpbag\sharpbag.tests\bin\release\sharpbag.tests.dll" id="bdf76499-e0f6-3d7b-4432-982ba6c3b223">
      <Execution id="9ed9310d-f005-437d-b83c-5251cc3b7f0e" />
      <TestMethod codeBase="C:/Users/SuprDewd/Desktop/Projects/Forritun/SharpBag/SharpBag.Tests/bin/Release/SharpBag.Tests.DLL" adapterTypeName="Microsoft.VisualStudio.TestTools.TestTypes.Unit.UnitTestAdapter, Microsoft.VisualStudio.QualityTools.Tips.UnitTest.Adapter, Version=10.0.0.0, Culture=neutral, PublicKeyToken=b03f5f7f11d50a3a" className="SharpBag.ExtensionsTest, SharpBag.Tests, Version=0.0.0.0, Culture=neutral, PublicKeyToken=null" name="Fill0168801" />
    </UnitTest>
    <UnitTest name="UnionAllThrowsContractException888" storage="c:\users\suprdewd\desktop\projects\forritun\sharpbag\sharpbag.tests\bin\release\sharpbag.tests.dll" id="2fd85783-fc83-f96f-d9bf-a6bcc5a252f1">
      <Execution id="261f9ca1-6e6a-4906-9034-5ff399306fb6" />
      <TestMethod codeBase="C:/Users/SuprDewd/Desktop/Projects/Forritun/SharpBag/SharpBag.Tests/bin/Release/SharpBag.Tests.DLL" adapterTypeName="Microsoft.VisualStudio.TestTools.TestTypes.Unit.UnitTestAdapter, Microsoft.VisualStudio.QualityTools.Tips.UnitTest.Adapter, Version=10.0.0.0, Culture=neutral, PublicKeyToken=b03f5f7f11d50a3a" className="SharpBag.ExtensionsTest, SharpBag.Tests, Version=0.0.0.0, Culture=neutral, PublicKeyToken=null" name="UnionAllThrowsContractException888" />
    </UnitTest>
    <UnitTest name="IsIn01ThrowsContractException380" storage="c:\users\suprdewd\desktop\projects\forritun\sharpbag\sharpbag.tests\bin\release\sharpbag.tests.dll" id="5755d2a8-1978-f19d-e7bc-79a3772bf830">
      <Execution id="5238986c-e39b-4758-ba63-a6146836eca9" />
      <TestMethod codeBase="C:/Users/SuprDewd/Desktop/Projects/Forritun/SharpBag/SharpBag.Tests/bin/Release/SharpBag.Tests.DLL" adapterTypeName="Microsoft.VisualStudio.TestTools.TestTypes.Unit.UnitTestAdapter, Microsoft.VisualStudio.QualityTools.Tips.UnitTest.Adapter, Version=10.0.0.0, Culture=neutral, PublicKeyToken=b03f5f7f11d50a3a" className="SharpBag.ExtensionsTest, SharpBag.Tests, Version=0.0.0.0, Culture=neutral, PublicKeyToken=null" name="IsIn01ThrowsContractException380" />
    </UnitTest>
    <UnitTest name="AsEnumerable0128302" storage="c:\users\suprdewd\desktop\projects\forritun\sharpbag\sharpbag.tests\bin\release\sharpbag.tests.dll" id="39820720-af85-1690-8f39-546deff2b7b4">
      <Execution id="1e047fd2-d486-41ea-a498-fa724705991f" />
      <TestMethod codeBase="C:/Users/SuprDewd/Desktop/Projects/Forritun/SharpBag/SharpBag.Tests/bin/Release/SharpBag.Tests.DLL" adapterTypeName="Microsoft.VisualStudio.TestTools.TestTypes.Unit.UnitTestAdapter, Microsoft.VisualStudio.QualityTools.Tips.UnitTest.Adapter, Version=10.0.0.0, Culture=neutral, PublicKeyToken=b03f5f7f11d50a3a" className="SharpBag.ExtensionsTest, SharpBag.Tests, Version=0.0.0.0, Culture=neutral, PublicKeyToken=null" name="AsEnumerable0128302" />
    </UnitTest>
    <UnitTest name="To72301" storage="c:\users\suprdewd\desktop\projects\forritun\sharpbag\sharpbag.tests\bin\release\sharpbag.tests.dll" id="db3b6314-b1da-7626-0e4e-61abbddac9d6">
      <Execution id="ba3f62c9-e497-4295-89e0-920fcad1cfd1" />
      <TestMethod codeBase="C:/Users/SuprDewd/Desktop/Projects/Forritun/SharpBag/SharpBag.Tests/bin/Release/SharpBag.Tests.DLL" adapterTypeName="Microsoft.VisualStudio.TestTools.TestTypes.Unit.UnitTestAdapter, Microsoft.VisualStudio.QualityTools.Tips.UnitTest.Adapter, Version=10.0.0.0, Culture=neutral, PublicKeyToken=b03f5f7f11d50a3a" className="SharpBag.ExtensionsTest, SharpBag.Tests, Version=0.0.0.0, Culture=neutral, PublicKeyToken=null" name="To72301" />
    </UnitTest>
    <UnitTest name="As0136701" storage="c:\users\suprdewd\desktop\projects\forritun\sharpbag\sharpbag.tests\bin\release\sharpbag.tests.dll" id="de06015f-869e-46b8-4b51-8c7b049b2b96">
      <Execution id="c1ff9be1-34dc-42ad-be9c-a79048e09ec8" />
      <TestMethod codeBase="C:/Users/SuprDewd/Desktop/Projects/Forritun/SharpBag/SharpBag.Tests/bin/Release/SharpBag.Tests.DLL" adapterTypeName="Microsoft.VisualStudio.TestTools.TestTypes.Unit.UnitTestAdapter, Microsoft.VisualStudio.QualityTools.Tips.UnitTest.Adapter, Version=10.0.0.0, Culture=neutral, PublicKeyToken=b03f5f7f11d50a3a" className="SharpBag.ExtensionsTest, SharpBag.Tests, Version=0.0.0.0, Culture=neutral, PublicKeyToken=null" name="As0136701" />
    </UnitTest>
    <UnitTest name="As21517" storage="c:\users\suprdewd\desktop\projects\forritun\sharpbag\sharpbag.tests\bin\release\sharpbag.tests.dll" id="44ddd54b-7a43-e4f9-ebb3-b78badce4585">
      <Execution id="5a4ea228-9083-4486-aaf9-9748c140d190" />
      <TestMethod codeBase="C:/Users/SuprDewd/Desktop/Projects/Forritun/SharpBag/SharpBag.Tests/bin/Release/SharpBag.Tests.DLL" adapterTypeName="Microsoft.VisualStudio.TestTools.TestTypes.Unit.UnitTestAdapter, Microsoft.VisualStudio.QualityTools.Tips.UnitTest.Adapter, Version=10.0.0.0, Culture=neutral, PublicKeyToken=b03f5f7f11d50a3a" className="SharpBag.ExtensionsTest, SharpBag.Tests, Version=0.0.0.0, Culture=neutral, PublicKeyToken=null" name="As21517" />
    </UnitTest>
    <UnitTest name="Fill0157101" storage="c:\users\suprdewd\desktop\projects\forritun\sharpbag\sharpbag.tests\bin\release\sharpbag.tests.dll" id="b8e531ca-ec94-5331-cc83-d2332ab01f85">
      <Execution id="25d5a774-2821-474a-b70a-ba4fc653a263" />
      <TestMethod codeBase="C:/Users/SuprDewd/Desktop/Projects/Forritun/SharpBag/SharpBag.Tests/bin/Release/SharpBag.Tests.DLL" adapterTypeName="Microsoft.VisualStudio.TestTools.TestTypes.Unit.UnitTestAdapter, Microsoft.VisualStudio.QualityTools.Tips.UnitTest.Adapter, Version=10.0.0.0, Culture=neutral, PublicKeyToken=b03f5f7f11d50a3a" className="SharpBag.ExtensionsTest, SharpBag.Tests, Version=0.0.0.0, Culture=neutral, PublicKeyToken=null" name="Fill0157101" />
    </UnitTest>
    <UnitTest name="GetByPercent562" storage="c:\users\suprdewd\desktop\projects\forritun\sharpbag\sharpbag.tests\bin\release\sharpbag.tests.dll" id="2e107be2-e3af-1a8b-fb4b-bdb5534db4b8">
      <Execution id="c518c7c6-85b1-4cf2-a25b-15b50501b09f" />
      <TestMethod codeBase="C:/Users/SuprDewd/Desktop/Projects/Forritun/SharpBag/SharpBag.Tests/bin/Release/SharpBag.Tests.DLL" adapterTypeName="Microsoft.VisualStudio.TestTools.TestTypes.Unit.UnitTestAdapter, Microsoft.VisualStudio.QualityTools.Tips.UnitTest.Adapter, Version=10.0.0.0, Culture=neutral, PublicKeyToken=b03f5f7f11d50a3a" className="SharpBag.ExtensionsTest, SharpBag.Tests, Version=0.0.0.0, Culture=neutral, PublicKeyToken=null" name="GetByPercent562" />
    </UnitTest>
    <UnitTest name="NullOr90703" storage="c:\users\suprdewd\desktop\projects\forritun\sharpbag\sharpbag.tests\bin\release\sharpbag.tests.dll" id="97102229-37fa-e978-ffae-7fd4c7300f98">
      <Execution id="6eecb85c-a4e9-4701-a2fe-c34f5c330c55" />
      <TestMethod codeBase="C:/Users/SuprDewd/Desktop/Projects/Forritun/SharpBag/SharpBag.Tests/bin/Release/SharpBag.Tests.DLL" adapterTypeName="Microsoft.VisualStudio.TestTools.TestTypes.Unit.UnitTestAdapter, Microsoft.VisualStudio.QualityTools.Tips.UnitTest.Adapter, Version=10.0.0.0, Culture=neutral, PublicKeyToken=b03f5f7f11d50a3a" className="SharpBag.ExtensionsTest, SharpBag.Tests, Version=0.0.0.0, Culture=neutral, PublicKeyToken=null" name="NullOr90703" />
    </UnitTest>
    <UnitTest name="ToDictionaryThrowsContractException478" storage="c:\users\suprdewd\desktop\projects\forritun\sharpbag\sharpbag.tests\bin\release\sharpbag.tests.dll" id="59990ab9-8064-95a7-969b-da2dc269c717">
      <Execution id="c15756ec-a04c-41d4-bcd0-ebda22c8e686" />
      <TestMethod codeBase="C:/Users/SuprDewd/Desktop/Projects/Forritun/SharpBag/SharpBag.Tests/bin/Release/SharpBag.Tests.DLL" adapterTypeName="Microsoft.VisualStudio.TestTools.TestTypes.Unit.UnitTestAdapter, Microsoft.VisualStudio.QualityTools.Tips.UnitTest.Adapter, Version=10.0.0.0, Culture=neutral, PublicKeyToken=b03f5f7f11d50a3a" className="SharpBag.ExtensionsTest, SharpBag.Tests, Version=0.0.0.0, Culture=neutral, PublicKeyToken=null" name="ToDictionaryThrowsContractException478" />
    </UnitTest>
    <UnitTest name="ExecutionTime78" storage="c:\users\suprdewd\desktop\projects\forritun\sharpbag\sharpbag.tests\bin\release\sharpbag.tests.dll" id="e92bcf37-6e16-c584-ba8a-01b110421a93">
      <Execution id="0c9759cf-fe0d-4b6a-ae0d-ef8db7d8a308" />
      <TestMethod codeBase="C:/Users/SuprDewd/Desktop/Projects/Forritun/SharpBag/SharpBag.Tests/bin/Release/SharpBag.Tests.DLL" adapterTypeName="Microsoft.VisualStudio.TestTools.TestTypes.Unit.UnitTestAdapter, Microsoft.VisualStudio.QualityTools.Tips.UnitTest.Adapter, Version=10.0.0.0, Culture=neutral, PublicKeyToken=b03f5f7f11d50a3a" className="SharpBag.UtilsTest, SharpBag.Tests, Version=0.0.0.0, Culture=neutral, PublicKeyToken=null" name="ExecutionTime78" />
    </UnitTest>
    <UnitTest name="As0166404" storage="c:\users\suprdewd\desktop\projects\forritun\sharpbag\sharpbag.tests\bin\release\sharpbag.tests.dll" id="09abec53-bc8a-0db2-1ff6-28ad5ea0f559">
      <Execution id="a57ce3f3-1f7a-40bc-a13b-0f7bcbff04a4" />
      <TestMethod codeBase="C:/Users/SuprDewd/Desktop/Projects/Forritun/SharpBag/SharpBag.Tests/bin/Release/SharpBag.Tests.DLL" adapterTypeName="Microsoft.VisualStudio.TestTools.TestTypes.Unit.UnitTestAdapter, Microsoft.VisualStudio.QualityTools.Tips.UnitTest.Adapter, Version=10.0.0.0, Culture=neutral, PublicKeyToken=b03f5f7f11d50a3a" className="SharpBag.ExtensionsTest, SharpBag.Tests, Version=0.0.0.0, Culture=neutral, PublicKeyToken=null" name="As0166404" />
    </UnitTest>
    <UnitTest name="Generate602" storage="c:\users\suprdewd\desktop\projects\forritun\sharpbag\sharpbag.tests\bin\release\sharpbag.tests.dll" id="ab328c1b-fd51-1dad-6b49-0a3734c2c2e7">
      <Execution id="65cb2fff-6480-4376-865b-91a68ffa17aa" />
      <TestMethod codeBase="C:/Users/SuprDewd/Desktop/Projects/Forritun/SharpBag/SharpBag.Tests/bin/Release/SharpBag.Tests.DLL" adapterTypeName="Microsoft.VisualStudio.TestTools.TestTypes.Unit.UnitTestAdapter, Microsoft.VisualStudio.QualityTools.Tips.UnitTest.Adapter, Version=10.0.0.0, Culture=neutral, PublicKeyToken=b03f5f7f11d50a3a" className="SharpBag.UtilsTest, SharpBag.Tests, Version=0.0.0.0, Culture=neutral, PublicKeyToken=null" name="Generate602" />
    </UnitTest>
    <UnitTest name="Enqueue74301" storage="c:\users\suprdewd\desktop\projects\forritun\sharpbag\sharpbag.tests\bin\release\sharpbag.tests.dll" id="5f0a5483-d074-35b1-500e-1196c2881235">
      <Execution id="a702c889-446d-4773-afd4-7f6f7305db19" />
      <TestMethod codeBase="C:/Users/SuprDewd/Desktop/Projects/Forritun/SharpBag/SharpBag.Tests/bin/Release/SharpBag.Tests.DLL" adapterTypeName="Microsoft.VisualStudio.TestTools.TestTypes.Unit.UnitTestAdapter, Microsoft.VisualStudio.QualityTools.Tips.UnitTest.Adapter, Version=10.0.0.0, Culture=neutral, PublicKeyToken=b03f5f7f11d50a3a" className="SharpBag.Algorithms.PriorityQueueTTest, SharpBag.Tests, Version=0.0.0.0, Culture=neutral, PublicKeyToken=null" name="Enqueue74301" />
    </UnitTest>
    <UnitTest name="Add29601" storage="c:\users\suprdewd\desktop\projects\forritun\sharpbag\sharpbag.tests\bin\release\sharpbag.tests.dll" id="29e140f3-0b7d-028a-f85f-e65d5e7a4460">
      <Execution id="d31970d2-4a3d-467d-9d23-7e62ea52c671" />
      <TestMethod codeBase="C:/Users/SuprDewd/Desktop/Projects/Forritun/SharpBag/SharpBag.Tests/bin/Release/SharpBag.Tests.DLL" adapterTypeName="Microsoft.VisualStudio.TestTools.TestTypes.Unit.UnitTestAdapter, Microsoft.VisualStudio.QualityTools.Tips.UnitTest.Adapter, Version=10.0.0.0, Culture=neutral, PublicKeyToken=b03f5f7f11d50a3a" className="SharpBag.ExtensionsTest, SharpBag.Tests, Version=0.0.0.0, Culture=neutral, PublicKeyToken=null" name="Add29601" />
    </UnitTest>
    <UnitTest name="If79" storage="c:\users\suprdewd\desktop\projects\forritun\sharpbag\sharpbag.tests\bin\release\sharpbag.tests.dll" id="18234ca5-6af0-1355-5140-f92645f28e01">
      <Execution id="2531f3e3-a363-4c91-abad-912f2eab69a9" />
      <TestMethod codeBase="C:/Users/SuprDewd/Desktop/Projects/Forritun/SharpBag/SharpBag.Tests/bin/Release/SharpBag.Tests.DLL" adapterTypeName="Microsoft.VisualStudio.TestTools.TestTypes.Unit.UnitTestAdapter, Microsoft.VisualStudio.QualityTools.Tips.UnitTest.Adapter, Version=10.0.0.0, Culture=neutral, PublicKeyToken=b03f5f7f11d50a3a" className="SharpBag.ExtensionsTest, SharpBag.Tests, Version=0.0.0.0, Culture=neutral, PublicKeyToken=null" name="If79" />
    </UnitTest>
    <UnitTest name="As0163242" storage="c:\users\suprdewd\desktop\projects\forritun\sharpbag\sharpbag.tests\bin\release\sharpbag.tests.dll" id="5d663026-8403-d8b3-571f-dbc623bc2b0e">
      <Execution id="7f409c90-de67-4606-9a9f-d853b3b0a6fa" />
      <TestMethod codeBase="C:/Users/SuprDewd/Desktop/Projects/Forritun/SharpBag/SharpBag.Tests/bin/Release/SharpBag.Tests.DLL" adapterTypeName="Microsoft.VisualStudio.TestTools.TestTypes.Unit.UnitTestAdapter, Microsoft.VisualStudio.QualityTools.Tips.UnitTest.Adapter, Version=10.0.0.0, Culture=neutral, PublicKeyToken=b03f5f7f11d50a3a" className="SharpBag.ExtensionsTest, SharpBag.Tests, Version=0.0.0.0, Culture=neutral, PublicKeyToken=null" name="As0163242" />
    </UnitTest>
    <UnitTest name="AsEnumerable0258803" storage="c:\users\suprdewd\desktop\projects\forritun\sharpbag\sharpbag.tests\bin\release\sharpbag.tests.dll" id="4f308a7f-5339-1197-c196-e8c2a3294cdb">
      <Execution id="24c1790e-7977-4ac7-baac-288de88f82e5" />
      <TestMethod codeBase="C:/Users/SuprDewd/Desktop/Projects/Forritun/SharpBag/SharpBag.Tests/bin/Release/SharpBag.Tests.DLL" adapterTypeName="Microsoft.VisualStudio.TestTools.TestTypes.Unit.UnitTestAdapter, Microsoft.VisualStudio.QualityTools.Tips.UnitTest.Adapter, Version=10.0.0.0, Culture=neutral, PublicKeyToken=b03f5f7f11d50a3a" className="SharpBag.ExtensionsTest, SharpBag.Tests, Version=0.0.0.0, Culture=neutral, PublicKeyToken=null" name="AsEnumerable0258803" />
    </UnitTest>
    <UnitTest name="ItemGetThrowsContractException130" storage="c:\users\suprdewd\desktop\projects\forritun\sharpbag\sharpbag.tests\bin\release\sharpbag.tests.dll" id="5fdc84ef-63cf-5a14-fe7e-7e23560c2d19">
      <Execution id="28c5eca9-6bf0-4103-9d5c-fb9366fa5aba" />
      <TestMethod codeBase="C:/Users/SuprDewd/Desktop/Projects/Forritun/SharpBag/SharpBag.Tests/bin/Release/SharpBag.Tests.DLL" adapterTypeName="Microsoft.VisualStudio.TestTools.TestTypes.Unit.UnitTestAdapter, Microsoft.VisualStudio.QualityTools.Tips.UnitTest.Adapter, Version=10.0.0.0, Culture=neutral, PublicKeyToken=b03f5f7f11d50a3a" className="SharpBag.Algorithms.PriorityQueueTTest, SharpBag.Tests, Version=0.0.0.0, Culture=neutral, PublicKeyToken=null" name="ItemGetThrowsContractException130" />
    </UnitTest>
    <UnitTest name="Fill0110501" storage="c:\users\suprdewd\desktop\projects\forritun\sharpbag\sharpbag.tests\bin\release\sharpbag.tests.dll" id="19033310-a8dd-db0b-1dcd-2bf1bef510ca">
      <Execution id="3e38df1c-0aff-4d06-bdd3-294b1b2da177" />
      <TestMethod codeBase="C:/Users/SuprDewd/Desktop/Projects/Forritun/SharpBag/SharpBag.Tests/bin/Release/SharpBag.Tests.DLL" adapterTypeName="Microsoft.VisualStudio.TestTools.TestTypes.Unit.UnitTestAdapter, Microsoft.VisualStudio.QualityTools.Tips.UnitTest.Adapter, Version=10.0.0.0, Culture=neutral, PublicKeyToken=b03f5f7f11d50a3a" className="SharpBag.ExtensionsTest, SharpBag.Tests, Version=0.0.0.0, Culture=neutral, PublicKeyToken=null" name="Fill0110501" />
    </UnitTest>
    <UnitTest name="Add74301" storage="c:\users\suprdewd\desktop\projects\forritun\sharpbag\sharpbag.tests\bin\release\sharpbag.tests.dll" id="1ac879f8-3c0a-1016-6157-e481eddd5c9f">
      <Execution id="4532b79d-210e-467d-a15e-d99370101ae4" />
      <TestMethod codeBase="C:/Users/SuprDewd/Desktop/Projects/Forritun/SharpBag/SharpBag.Tests/bin/Release/SharpBag.Tests.DLL" adapterTypeName="Microsoft.VisualStudio.TestTools.TestTypes.Unit.UnitTestAdapter, Microsoft.VisualStudio.QualityTools.Tips.UnitTest.Adapter, Version=10.0.0.0, Culture=neutral, PublicKeyToken=b03f5f7f11d50a3a" className="SharpBag.Algorithms.PriorityQueueTTest, SharpBag.Tests, Version=0.0.0.0, Culture=neutral, PublicKeyToken=null" name="Add74301" />
    </UnitTest>
    <UnitTest name="As0163233" storage="c:\users\suprdewd\desktop\projects\forritun\sharpbag\sharpbag.tests\bin\release\sharpbag.tests.dll" id="990a1706-3c38-5c79-dd26-6bf2a85de470">
      <Execution id="20bb7a96-a04f-4a4d-a9b6-83ba96920cf9" />
      <TestMethod codeBase="C:/Users/SuprDewd/Desktop/Projects/Forritun/SharpBag/SharpBag.Tests/bin/Release/SharpBag.Tests.DLL" adapterTypeName="Microsoft.VisualStudio.TestTools.TestTypes.Unit.UnitTestAdapter, Microsoft.VisualStudio.QualityTools.Tips.UnitTest.Adapter, Version=10.0.0.0, Culture=neutral, PublicKeyToken=b03f5f7f11d50a3a" className="SharpBag.ExtensionsTest, SharpBag.Tests, Version=0.0.0.0, Culture=neutral, PublicKeyToken=null" name="As0163233" />
    </UnitTest>
    <UnitTest name="IfNotNull17302" storage="c:\users\suprdewd\desktop\projects\forritun\sharpbag\sharpbag.tests\bin\release\sharpbag.tests.dll" id="46ca0fd9-03e1-55e3-3ad7-b4625d8d07c0">
      <Execution id="da49f931-8f02-4675-b85d-574bf2cad402" />
      <TestMethod codeBase="C:/Users/SuprDewd/Desktop/Projects/Forritun/SharpBag/SharpBag.Tests/bin/Release/SharpBag.Tests.DLL" adapterTypeName="Microsoft.VisualStudio.TestTools.TestTypes.Unit.UnitTestAdapter, Microsoft.VisualStudio.QualityTools.Tips.UnitTest.Adapter, Version=10.0.0.0, Culture=neutral, PublicKeyToken=b03f5f7f11d50a3a" className="SharpBag.ExtensionsTest, SharpBag.Tests, Version=0.0.0.0, Culture=neutral, PublicKeyToken=null" name="IfNotNull17302" />
    </UnitTest>
    <UnitTest name="As0198304" storage="c:\users\suprdewd\desktop\projects\forritun\sharpbag\sharpbag.tests\bin\release\sharpbag.tests.dll" id="bbc45056-7304-0cf8-18ec-0f56b7abf591">
      <Execution id="9c30ed6e-a231-4657-95e4-09257e101add" />
      <TestMethod codeBase="C:/Users/SuprDewd/Desktop/Projects/Forritun/SharpBag/SharpBag.Tests/bin/Release/SharpBag.Tests.DLL" adapterTypeName="Microsoft.VisualStudio.TestTools.TestTypes.Unit.UnitTestAdapter, Microsoft.VisualStudio.QualityTools.Tips.UnitTest.Adapter, Version=10.0.0.0, Culture=neutral, PublicKeyToken=b03f5f7f11d50a3a" className="SharpBag.ExtensionsTest, SharpBag.Tests, Version=0.0.0.0, Culture=neutral, PublicKeyToken=null" name="As0198304" />
    </UnitTest>
    <UnitTest name="DequeueThrowsContractException38" storage="c:\users\suprdewd\desktop\projects\forritun\sharpbag\sharpbag.tests\bin\release\sharpbag.tests.dll" id="530e9426-a117-1e44-3c23-eb9bc838bd65">
      <Execution id="bb735448-ab14-40c8-8173-c464f1c82cf1" />
      <TestMethod codeBase="C:/Users/SuprDewd/Desktop/Projects/Forritun/SharpBag/SharpBag.Tests/bin/Release/SharpBag.Tests.DLL" adapterTypeName="Microsoft.VisualStudio.TestTools.TestTypes.Unit.UnitTestAdapter, Microsoft.VisualStudio.QualityTools.Tips.UnitTest.Adapter, Version=10.0.0.0, Culture=neutral, PublicKeyToken=b03f5f7f11d50a3a" className="SharpBag.Algorithms.PriorityQueueTTest, SharpBag.Tests, Version=0.0.0.0, Culture=neutral, PublicKeyToken=null" name="DequeueThrowsContractException38" />
    </UnitTest>
    <UnitTest name="As0130301" storage="c:\users\suprdewd\desktop\projects\forritun\sharpbag\sharpbag.tests\bin\release\sharpbag.tests.dll" id="7a9b0937-239f-a7cc-e1fc-09bbc3508e89">
      <Execution id="82cb842b-4102-4dda-94f5-a45c32573664" />
      <TestMethod codeBase="C:/Users/SuprDewd/Desktop/Projects/Forritun/SharpBag/SharpBag.Tests/bin/Release/SharpBag.Tests.DLL" adapterTypeName="Microsoft.VisualStudio.TestTools.TestTypes.Unit.UnitTestAdapter, Microsoft.VisualStudio.QualityTools.Tips.UnitTest.Adapter, Version=10.0.0.0, Culture=neutral, PublicKeyToken=b03f5f7f11d50a3a" className="SharpBag.ExtensionsTest, SharpBag.Tests, Version=0.0.0.0, Culture=neutral, PublicKeyToken=null" name="As0130301" />
    </UnitTest>
    <UnitTest name="IsIn01570" storage="c:\users\suprdewd\desktop\projects\forritun\sharpbag\sharpbag.tests\bin\release\sharpbag.tests.dll" id="cdf50321-c0eb-ddc4-0179-2919c2028903">
      <Execution id="db428deb-fe85-4058-8b5d-5b68f95ee5e7" />
      <TestMethod codeBase="C:/Users/SuprDewd/Desktop/Projects/Forritun/SharpBag/SharpBag.Tests/bin/Release/SharpBag.Tests.DLL" adapterTypeName="Microsoft.VisualStudio.TestTools.TestTypes.Unit.UnitTestAdapter, Microsoft.VisualStudio.QualityTools.Tips.UnitTest.Adapter, Version=10.0.0.0, Culture=neutral, PublicKeyToken=b03f5f7f11d50a3a" className="SharpBag.ExtensionsTest, SharpBag.Tests, Version=0.0.0.0, Culture=neutral, PublicKeyToken=null" name="IsIn01570" />
    </UnitTest>
    <UnitTest name="ExecutionTime01ThrowsContractException363" storage="c:\users\suprdewd\desktop\projects\forritun\sharpbag\sharpbag.tests\bin\release\sharpbag.tests.dll" id="382f1a18-8c5b-b8b8-72e6-323b201ac9b0">
      <Execution id="54bc8018-1103-4f2d-a32c-edf888cd20eb" />
      <TestMethod codeBase="C:/Users/SuprDewd/Desktop/Projects/Forritun/SharpBag/SharpBag.Tests/bin/Release/SharpBag.Tests.DLL" adapterTypeName="Microsoft.VisualStudio.TestTools.TestTypes.Unit.UnitTestAdapter, Microsoft.VisualStudio.QualityTools.Tips.UnitTest.Adapter, Version=10.0.0.0, Culture=neutral, PublicKeyToken=b03f5f7f11d50a3a" className="SharpBag.UtilsTest, SharpBag.Tests, Version=0.0.0.0, Culture=neutral, PublicKeyToken=null" name="ExecutionTime01ThrowsContractException363" />
    </UnitTest>
    <UnitTest name="Add60902" storage="c:\users\suprdewd\desktop\projects\forritun\sharpbag\sharpbag.tests\bin\release\sharpbag.tests.dll" id="22fb3f0c-8177-2102-3c97-5cd124eaf953">
      <Execution id="fbccaa8e-5c2a-4a74-b1d9-9e3a97a3d90c" />
      <TestMethod codeBase="C:/Users/SuprDewd/Desktop/Projects/Forritun/SharpBag/SharpBag.Tests/bin/Release/SharpBag.Tests.DLL" adapterTypeName="Microsoft.VisualStudio.TestTools.TestTypes.Unit.UnitTestAdapter, Microsoft.VisualStudio.QualityTools.Tips.UnitTest.Adapter, Version=10.0.0.0, Culture=neutral, PublicKeyToken=b03f5f7f11d50a3a" className="SharpBag.ExtensionsTest, SharpBag.Tests, Version=0.0.0.0, Culture=neutral, PublicKeyToken=null" name="Add60902" />
    </UnitTest>
    <UnitTest name="AsEnumerable56002" storage="c:\users\suprdewd\desktop\projects\forritun\sharpbag\sharpbag.tests\bin\release\sharpbag.tests.dll" id="ec99d1a9-4b49-a94f-134c-f58d11b57222">
      <Execution id="3660a247-2b59-496b-b07a-83ef7579fd24" />
      <TestMethod codeBase="C:/Users/SuprDewd/Desktop/Projects/Forritun/SharpBag/SharpBag.Tests/bin/Release/SharpBag.Tests.DLL" adapterTypeName="Microsoft.VisualStudio.TestTools.TestTypes.Unit.UnitTestAdapter, Microsoft.VisualStudio.QualityTools.Tips.UnitTest.Adapter, Version=10.0.0.0, Culture=neutral, PublicKeyToken=b03f5f7f11d50a3a" className="SharpBag.ExtensionsTest, SharpBag.Tests, Version=0.0.0.0, Culture=neutral, PublicKeyToken=null" name="AsEnumerable56002" />
    </UnitTest>
    <UnitTest name="TakeEveryThrowsContractException368" storage="c:\users\suprdewd\desktop\projects\forritun\sharpbag\sharpbag.tests\bin\release\sharpbag.tests.dll" id="2ff38794-ad92-1998-3c20-e3ee775a8969">
      <Execution id="65970aae-59c2-495e-a1b8-5fd69bd2c5d3" />
      <TestMethod codeBase="C:/Users/SuprDewd/Desktop/Projects/Forritun/SharpBag/SharpBag.Tests/bin/Release/SharpBag.Tests.DLL" adapterTypeName="Microsoft.VisualStudio.TestTools.TestTypes.Unit.UnitTestAdapter, Microsoft.VisualStudio.QualityTools.Tips.UnitTest.Adapter, Version=10.0.0.0, Culture=neutral, PublicKeyToken=b03f5f7f11d50a3a" className="SharpBag.ExtensionsTest, SharpBag.Tests, Version=0.0.0.0, Culture=neutral, PublicKeyToken=null" name="TakeEveryThrowsContractException368" />
    </UnitTest>
    <UnitTest name="Iter96001" storage="c:\users\suprdewd\desktop\projects\forritun\sharpbag\sharpbag.tests\bin\release\sharpbag.tests.dll" id="5f6c8af1-2825-3c27-b802-e1be0e1eeb12">
      <Execution id="f4163ecd-2781-4f61-83be-1c4687775ee4" />
      <TestMethod codeBase="C:/Users/SuprDewd/Desktop/Projects/Forritun/SharpBag/SharpBag.Tests/bin/Release/SharpBag.Tests.DLL" adapterTypeName="Microsoft.VisualStudio.TestTools.TestTypes.Unit.UnitTestAdapter, Microsoft.VisualStudio.QualityTools.Tips.UnitTest.Adapter, Version=10.0.0.0, Culture=neutral, PublicKeyToken=b03f5f7f11d50a3a" className="SharpBag.ExtensionsTest, SharpBag.Tests, Version=0.0.0.0, Culture=neutral, PublicKeyToken=null" name="Iter96001" />
    </UnitTest>
    <UnitTest name="FillThrowsContractException543" storage="c:\users\suprdewd\desktop\projects\forritun\sharpbag\sharpbag.tests\bin\release\sharpbag.tests.dll" id="b037dab8-9f99-92da-4740-6e79cccc1e32">
      <Execution id="b0bda978-f0a0-4d14-9502-78071d5f1c22" />
      <TestMethod codeBase="C:/Users/SuprDewd/Desktop/Projects/Forritun/SharpBag/SharpBag.Tests/bin/Release/SharpBag.Tests.DLL" adapterTypeName="Microsoft.VisualStudio.TestTools.TestTypes.Unit.UnitTestAdapter, Microsoft.VisualStudio.QualityTools.Tips.UnitTest.Adapter, Version=10.0.0.0, Culture=neutral, PublicKeyToken=b03f5f7f11d50a3a" className="SharpBag.ExtensionsTest, SharpBag.Tests, Version=0.0.0.0, Culture=neutral, PublicKeyToken=null" name="FillThrowsContractException543" />
    </UnitTest>
    <UnitTest name="Fill0157103" storage="c:\users\suprdewd\desktop\projects\forritun\sharpbag\sharpbag.tests\bin\release\sharpbag.tests.dll" id="e77c7ab7-183b-1f93-57a3-77e0403bec4c">
      <Execution id="4b9afbe4-c049-49e1-86c9-688756066d66" />
      <TestMethod codeBase="C:/Users/SuprDewd/Desktop/Projects/Forritun/SharpBag/SharpBag.Tests/bin/Release/SharpBag.Tests.DLL" adapterTypeName="Microsoft.VisualStudio.TestTools.TestTypes.Unit.UnitTestAdapter, Microsoft.VisualStudio.QualityTools.Tips.UnitTest.Adapter, Version=10.0.0.0, Culture=neutral, PublicKeyToken=b03f5f7f11d50a3a" className="SharpBag.ExtensionsTest, SharpBag.Tests, Version=0.0.0.0, Culture=neutral, PublicKeyToken=null" name="Fill0157103" />
    </UnitTest>
    <UnitTest name="NullOr71401" storage="c:\users\suprdewd\desktop\projects\forritun\sharpbag\sharpbag.tests\bin\release\sharpbag.tests.dll" id="86c02588-b87f-32bd-880b-56b0d73c1993">
      <Execution id="b3984f8c-8f46-4490-a16f-1ba137c01e95" />
      <TestMethod codeBase="C:/Users/SuprDewd/Desktop/Projects/Forritun/SharpBag/SharpBag.Tests/bin/Release/SharpBag.Tests.DLL" adapterTypeName="Microsoft.VisualStudio.TestTools.TestTypes.Unit.UnitTestAdapter, Microsoft.VisualStudio.QualityTools.Tips.UnitTest.Adapter, Version=10.0.0.0, Culture=neutral, PublicKeyToken=b03f5f7f11d50a3a" className="SharpBag.ExtensionsTest, SharpBag.Tests, Version=0.0.0.0, Culture=neutral, PublicKeyToken=null" name="NullOr71401" />
    </UnitTest>
    <UnitTest name="AsEnumerable01ThrowsContractException5" storage="c:\users\suprdewd\desktop\projects\forritun\sharpbag\sharpbag.tests\bin\release\sharpbag.tests.dll" id="94c02084-a2f4-8ed3-b12d-a1ac0caf9379">
      <Execution id="0dbefe49-8b3e-4fb0-b53e-b56ab89d72bd" />
      <TestMethod codeBase="C:/Users/SuprDewd/Desktop/Projects/Forritun/SharpBag/SharpBag.Tests/bin/Release/SharpBag.Tests.DLL" adapterTypeName="Microsoft.VisualStudio.TestTools.TestTypes.Unit.UnitTestAdapter, Microsoft.VisualStudio.QualityTools.Tips.UnitTest.Adapter, Version=10.0.0.0, Culture=neutral, PublicKeyToken=b03f5f7f11d50a3a" className="SharpBag.ExtensionsTest, SharpBag.Tests, Version=0.0.0.0, Culture=neutral, PublicKeyToken=null" name="AsEnumerable01ThrowsContractException5" />
    </UnitTest>
    <UnitTest name="UnionAll01ThrowsContractException68" storage="c:\users\suprdewd\desktop\projects\forritun\sharpbag\sharpbag.tests\bin\release\sharpbag.tests.dll" id="cc8275a0-551e-d39e-ef08-c6785391cae1">
      <Execution id="4784d11f-99ea-440c-8412-fc526ca63fc2" />
      <TestMethod codeBase="C:/Users/SuprDewd/Desktop/Projects/Forritun/SharpBag/SharpBag.Tests/bin/Release/SharpBag.Tests.DLL" adapterTypeName="Microsoft.VisualStudio.TestTools.TestTypes.Unit.UnitTestAdapter, Microsoft.VisualStudio.QualityTools.Tips.UnitTest.Adapter, Version=10.0.0.0, Culture=neutral, PublicKeyToken=b03f5f7f11d50a3a" className="SharpBag.ExtensionsTest, SharpBag.Tests, Version=0.0.0.0, Culture=neutral, PublicKeyToken=null" name="UnionAll01ThrowsContractException68" />
    </UnitTest>
    <UnitTest name="RangeThrowsContractException841" storage="c:\users\suprdewd\desktop\projects\forritun\sharpbag\sharpbag.tests\bin\release\sharpbag.tests.dll" id="98f1539c-0085-97ac-e6d6-c700951efc19">
      <Execution id="62a6a3df-8506-401e-8fd9-132bd555ff0b" />
      <TestMethod codeBase="C:/Users/SuprDewd/Desktop/Projects/Forritun/SharpBag/SharpBag.Tests/bin/Release/SharpBag.Tests.DLL" adapterTypeName="Microsoft.VisualStudio.TestTools.TestTypes.Unit.UnitTestAdapter, Microsoft.VisualStudio.QualityTools.Tips.UnitTest.Adapter, Version=10.0.0.0, Culture=neutral, PublicKeyToken=b03f5f7f11d50a3a" className="SharpBag.ExtensionsTest, SharpBag.Tests, Version=0.0.0.0, Culture=neutral, PublicKeyToken=null" name="RangeThrowsContractException841" />
    </UnitTest>
    <UnitTest name="IsNullOrEmpty963" storage="c:\users\suprdewd\desktop\projects\forritun\sharpbag\sharpbag.tests\bin\release\sharpbag.tests.dll" id="c764531a-8b43-978a-82fa-64e183192f81">
      <Execution id="8166af40-e882-4774-8bfa-e4dd33f57c14" />
      <TestMethod codeBase="C:/Users/SuprDewd/Desktop/Projects/Forritun/SharpBag/SharpBag.Tests/bin/Release/SharpBag.Tests.DLL" adapterTypeName="Microsoft.VisualStudio.TestTools.TestTypes.Unit.UnitTestAdapter, Microsoft.VisualStudio.QualityTools.Tips.UnitTest.Adapter, Version=10.0.0.0, Culture=neutral, PublicKeyToken=b03f5f7f11d50a3a" className="SharpBag.ExtensionsTest, SharpBag.Tests, Version=0.0.0.0, Culture=neutral, PublicKeyToken=null" name="IsNullOrEmpty963" />
    </UnitTest>
    <UnitTest name="As01404" storage="c:\users\suprdewd\desktop\projects\forritun\sharpbag\sharpbag.tests\bin\release\sharpbag.tests.dll" id="40e83519-1225-601d-0c17-661b77e82314">
      <Execution id="155d10ea-49f5-41c2-92ad-b5bc1446ac68" />
      <TestMethod codeBase="C:/Users/SuprDewd/Desktop/Projects/Forritun/SharpBag/SharpBag.Tests/bin/Release/SharpBag.Tests.DLL" adapterTypeName="Microsoft.VisualStudio.TestTools.TestTypes.Unit.UnitTestAdapter, Microsoft.VisualStudio.QualityTools.Tips.UnitTest.Adapter, Version=10.0.0.0, Culture=neutral, PublicKeyToken=b03f5f7f11d50a3a" className="SharpBag.ExtensionsTest, SharpBag.Tests, Version=0.0.0.0, Culture=neutral, PublicKeyToken=null" name="As01404" />
    </UnitTest>
    <UnitTest name="As0163236" storage="c:\users\suprdewd\desktop\projects\forritun\sharpbag\sharpbag.tests\bin\release\sharpbag.tests.dll" id="055e48df-0214-9f4b-ed2b-c5a320ca2c7d">
      <Execution id="e11f11ef-a657-4d51-b57c-6aba35c751c6" />
      <TestMethod codeBase="C:/Users/SuprDewd/Desktop/Projects/Forritun/SharpBag/SharpBag.Tests/bin/Release/SharpBag.Tests.DLL" adapterTypeName="Microsoft.VisualStudio.TestTools.TestTypes.Unit.UnitTestAdapter, Microsoft.VisualStudio.QualityTools.Tips.UnitTest.Adapter, Version=10.0.0.0, Culture=neutral, PublicKeyToken=b03f5f7f11d50a3a" className="SharpBag.ExtensionsTest, SharpBag.Tests, Version=0.0.0.0, Culture=neutral, PublicKeyToken=null" name="As0163236" />
    </UnitTest>
    <UnitTest name="To0120301" storage="c:\users\suprdewd\desktop\projects\forritun\sharpbag\sharpbag.tests\bin\release\sharpbag.tests.dll" id="d045283f-2980-ed70-af3d-611e9266ab64">
      <Execution id="38992313-84e2-424e-a5c4-503feba6a73f" />
      <TestMethod codeBase="C:/Users/SuprDewd/Desktop/Projects/Forritun/SharpBag/SharpBag.Tests/bin/Release/SharpBag.Tests.DLL" adapterTypeName="Microsoft.VisualStudio.TestTools.TestTypes.Unit.UnitTestAdapter, Microsoft.VisualStudio.QualityTools.Tips.UnitTest.Adapter, Version=10.0.0.0, Culture=neutral, PublicKeyToken=b03f5f7f11d50a3a" className="SharpBag.ExtensionsTest, SharpBag.Tests, Version=0.0.0.0, Culture=neutral, PublicKeyToken=null" name="To0120301" />
    </UnitTest>
    <UnitTest name="As0163209" storage="c:\users\suprdewd\desktop\projects\forritun\sharpbag\sharpbag.tests\bin\release\sharpbag.tests.dll" id="31a904fb-b5e5-f95a-175a-584bb2addaff">
      <Execution id="30de9a40-2260-428d-9dd1-1f2ffe7e3ecd" />
      <TestMethod codeBase="C:/Users/SuprDewd/Desktop/Projects/Forritun/SharpBag/SharpBag.Tests/bin/Release/SharpBag.Tests.DLL" adapterTypeName="Microsoft.VisualStudio.TestTools.TestTypes.Unit.UnitTestAdapter, Microsoft.VisualStudio.QualityTools.Tips.UnitTest.Adapter, Version=10.0.0.0, Culture=neutral, PublicKeyToken=b03f5f7f11d50a3a" className="SharpBag.ExtensionsTest, SharpBag.Tests, Version=0.0.0.0, Culture=neutral, PublicKeyToken=null" name="As0163209" />
    </UnitTest>
    <UnitTest name="IfNotNull0159703" storage="c:\users\suprdewd\desktop\projects\forritun\sharpbag\sharpbag.tests\bin\release\sharpbag.tests.dll" id="0e44207d-1ccf-04c5-6aef-2081653ff131">
      <Execution id="c72e3e6c-a2f2-4589-86a7-0844c666d127" />
      <TestMethod codeBase="C:/Users/SuprDewd/Desktop/Projects/Forritun/SharpBag/SharpBag.Tests/bin/Release/SharpBag.Tests.DLL" adapterTypeName="Microsoft.VisualStudio.TestTools.TestTypes.Unit.UnitTestAdapter, Microsoft.VisualStudio.QualityTools.Tips.UnitTest.Adapter, Version=10.0.0.0, Culture=neutral, PublicKeyToken=b03f5f7f11d50a3a" className="SharpBag.ExtensionsTest, SharpBag.Tests, Version=0.0.0.0, Culture=neutral, PublicKeyToken=null" name="IfNotNull0159703" />
    </UnitTest>
    <UnitTest name="IfNotNullThrowsContractException197" storage="c:\users\suprdewd\desktop\projects\forritun\sharpbag\sharpbag.tests\bin\release\sharpbag.tests.dll" id="b67c54ae-5aad-e1cc-2b17-0ad544f3f701">
      <Execution id="5405d82f-bfea-4617-8bbd-a2ea0125a826" />
      <TestMethod codeBase="C:/Users/SuprDewd/Desktop/Projects/Forritun/SharpBag/SharpBag.Tests/bin/Release/SharpBag.Tests.DLL" adapterTypeName="Microsoft.VisualStudio.TestTools.TestTypes.Unit.UnitTestAdapter, Microsoft.VisualStudio.QualityTools.Tips.UnitTest.Adapter, Version=10.0.0.0, Culture=neutral, PublicKeyToken=b03f5f7f11d50a3a" className="SharpBag.ExtensionsTest, SharpBag.Tests, Version=0.0.0.0, Culture=neutral, PublicKeyToken=null" name="IfNotNullThrowsContractException197" />
    </UnitTest>
    <UnitTest name="SubarrayThrowsContractException629" storage="c:\users\suprdewd\desktop\projects\forritun\sharpbag\sharpbag.tests\bin\release\sharpbag.tests.dll" id="c2a16b22-9983-ed58-4351-7fd3ef453798">
      <Execution id="6e726d4e-c214-453c-a55b-2dab15bfcaf9" />
      <TestMethod codeBase="C:/Users/SuprDewd/Desktop/Projects/Forritun/SharpBag/SharpBag.Tests/bin/Release/SharpBag.Tests.DLL" adapterTypeName="Microsoft.VisualStudio.TestTools.TestTypes.Unit.UnitTestAdapter, Microsoft.VisualStudio.QualityTools.Tips.UnitTest.Adapter, Version=10.0.0.0, Culture=neutral, PublicKeyToken=b03f5f7f11d50a3a" className="SharpBag.ExtensionsTest, SharpBag.Tests, Version=0.0.0.0, Culture=neutral, PublicKeyToken=null" name="SubarrayThrowsContractException629" />
    </UnitTest>
    <UnitTest name="AsEnumerable0314801" storage="c:\users\suprdewd\desktop\projects\forritun\sharpbag\sharpbag.tests\bin\release\sharpbag.tests.dll" id="73dedb08-3777-9f76-6412-b3470bb8b574">
      <Execution id="87d01fea-992d-42d1-98db-9078420117f9" />
      <TestMethod codeBase="C:/Users/SuprDewd/Desktop/Projects/Forritun/SharpBag/SharpBag.Tests/bin/Release/SharpBag.Tests.DLL" adapterTypeName="Microsoft.VisualStudio.TestTools.TestTypes.Unit.UnitTestAdapter, Microsoft.VisualStudio.QualityTools.Tips.UnitTest.Adapter, Version=10.0.0.0, Culture=neutral, PublicKeyToken=b03f5f7f11d50a3a" className="SharpBag.ExtensionsTest, SharpBag.Tests, Version=0.0.0.0, Culture=neutral, PublicKeyToken=null" name="AsEnumerable0314801" />
    </UnitTest>
    <UnitTest name="ExecutionTime01ThrowsContractException820" storage="c:\users\suprdewd\desktop\projects\forritun\sharpbag\sharpbag.tests\bin\release\sharpbag.tests.dll" id="2f5ec1c4-04f0-fa9c-5150-6f7abf584f74">
      <Execution id="ae777088-c2b0-4c56-80a9-40d2864c9d52" />
      <TestMethod codeBase="C:/Users/SuprDewd/Desktop/Projects/Forritun/SharpBag/SharpBag.Tests/bin/Release/SharpBag.Tests.DLL" adapterTypeName="Microsoft.VisualStudio.TestTools.TestTypes.Unit.UnitTestAdapter, Microsoft.VisualStudio.QualityTools.Tips.UnitTest.Adapter, Version=10.0.0.0, Culture=neutral, PublicKeyToken=b03f5f7f11d50a3a" className="SharpBag.UtilsTest, SharpBag.Tests, Version=0.0.0.0, Culture=neutral, PublicKeyToken=null" name="ExecutionTime01ThrowsContractException820" />
    </UnitTest>
    <UnitTest name="Add88502" storage="c:\users\suprdewd\desktop\projects\forritun\sharpbag\sharpbag.tests\bin\release\sharpbag.tests.dll" id="6fb9b650-50a8-89e9-0d35-3a3dc4939152">
      <Execution id="3619d736-023b-40b3-bf55-919df6e16628" />
      <TestMethod codeBase="C:/Users/SuprDewd/Desktop/Projects/Forritun/SharpBag/SharpBag.Tests/bin/Release/SharpBag.Tests.DLL" adapterTypeName="Microsoft.VisualStudio.TestTools.TestTypes.Unit.UnitTestAdapter, Microsoft.VisualStudio.QualityTools.Tips.UnitTest.Adapter, Version=10.0.0.0, Culture=neutral, PublicKeyToken=b03f5f7f11d50a3a" className="SharpBag.ExtensionsTest, SharpBag.Tests, Version=0.0.0.0, Culture=neutral, PublicKeyToken=null" name="Add88502" />
    </UnitTest>
    <UnitTest name="IfNotNull0159704" storage="c:\users\suprdewd\desktop\projects\forritun\sharpbag\sharpbag.tests\bin\release\sharpbag.tests.dll" id="116bcbca-67a9-cf3b-0614-27721784c6e2">
      <Execution id="83c55d5c-7a58-498c-b315-6bdaefd30362" />
      <TestMethod codeBase="C:/Users/SuprDewd/Desktop/Projects/Forritun/SharpBag/SharpBag.Tests/bin/Release/SharpBag.Tests.DLL" adapterTypeName="Microsoft.VisualStudio.TestTools.TestTypes.Unit.UnitTestAdapter, Microsoft.VisualStudio.QualityTools.Tips.UnitTest.Adapter, Version=10.0.0.0, Culture=neutral, PublicKeyToken=b03f5f7f11d50a3a" className="SharpBag.ExtensionsTest, SharpBag.Tests, Version=0.0.0.0, Culture=neutral, PublicKeyToken=null" name="IfNotNull0159704" />
    </UnitTest>
    <UnitTest name="As0132109" storage="c:\users\suprdewd\desktop\projects\forritun\sharpbag\sharpbag.tests\bin\release\sharpbag.tests.dll" id="ea8ee283-08b1-8adf-4aa4-5e76e4a476d8">
      <Execution id="dbe50e90-bbaf-4d7c-8c20-8e500ea605f0" />
      <TestMethod codeBase="C:/Users/SuprDewd/Desktop/Projects/Forritun/SharpBag/SharpBag.Tests/bin/Release/SharpBag.Tests.DLL" adapterTypeName="Microsoft.VisualStudio.TestTools.TestTypes.Unit.UnitTestAdapter, Microsoft.VisualStudio.QualityTools.Tips.UnitTest.Adapter, Version=10.0.0.0, Culture=neutral, PublicKeyToken=b03f5f7f11d50a3a" className="SharpBag.ExtensionsTest, SharpBag.Tests, Version=0.0.0.0, Culture=neutral, PublicKeyToken=null" name="As0132109" />
    </UnitTest>
    <UnitTest name="As21508" storage="c:\users\suprdewd\desktop\projects\forritun\sharpbag\sharpbag.tests\bin\release\sharpbag.tests.dll" id="f4f76af5-0d54-7bf8-8ba4-b32803d7a374">
      <Execution id="1f735105-0a22-4173-8c1d-2e851449c174" />
      <TestMethod codeBase="C:/Users/SuprDewd/Desktop/Projects/Forritun/SharpBag/SharpBag.Tests/bin/Release/SharpBag.Tests.DLL" adapterTypeName="Microsoft.VisualStudio.TestTools.TestTypes.Unit.UnitTestAdapter, Microsoft.VisualStudio.QualityTools.Tips.UnitTest.Adapter, Version=10.0.0.0, Culture=neutral, PublicKeyToken=b03f5f7f11d50a3a" className="SharpBag.ExtensionsTest, SharpBag.Tests, Version=0.0.0.0, Culture=neutral, PublicKeyToken=null" name="As21508" />
    </UnitTest>
    <UnitTest name="As0163215" storage="c:\users\suprdewd\desktop\projects\forritun\sharpbag\sharpbag.tests\bin\release\sharpbag.tests.dll" id="b70d24a9-e4cc-d879-39c7-bc30de9e70ab">
      <Execution id="93c1c173-5fbb-43b6-9e0d-ac632f1fa771" />
      <TestMethod codeBase="C:/Users/SuprDewd/Desktop/Projects/Forritun/SharpBag/SharpBag.Tests/bin/Release/SharpBag.Tests.DLL" adapterTypeName="Microsoft.VisualStudio.TestTools.TestTypes.Unit.UnitTestAdapter, Microsoft.VisualStudio.QualityTools.Tips.UnitTest.Adapter, Version=10.0.0.0, Culture=neutral, PublicKeyToken=b03f5f7f11d50a3a" className="SharpBag.ExtensionsTest, SharpBag.Tests, Version=0.0.0.0, Culture=neutral, PublicKeyToken=null" name="As0163215" />
    </UnitTest>
    <UnitTest name="If921" storage="c:\users\suprdewd\desktop\projects\forritun\sharpbag\sharpbag.tests\bin\release\sharpbag.tests.dll" id="0860ee19-0524-5919-2b3c-8316527f7933">
      <Execution id="229c1f08-7141-4b83-b109-01f11522d7e6" />
      <TestMethod codeBase="C:/Users/SuprDewd/Desktop/Projects/Forritun/SharpBag/SharpBag.Tests/bin/Release/SharpBag.Tests.DLL" adapterTypeName="Microsoft.VisualStudio.TestTools.TestTypes.Unit.UnitTestAdapter, Microsoft.VisualStudio.QualityTools.Tips.UnitTest.Adapter, Version=10.0.0.0, Culture=neutral, PublicKeyToken=b03f5f7f11d50a3a" className="SharpBag.ExtensionsTest, SharpBag.Tests, Version=0.0.0.0, Culture=neutral, PublicKeyToken=null" name="If921" />
    </UnitTest>
    <UnitTest name="As01ThrowsContractException876" storage="c:\users\suprdewd\desktop\projects\forritun\sharpbag\sharpbag.tests\bin\release\sharpbag.tests.dll" id="4603637e-fb7e-2981-f426-423b0ee1dc90">
      <Execution id="782f2f21-0355-406b-b145-2c7c4a39c0eb" />
      <TestMethod codeBase="C:/Users/SuprDewd/Desktop/Projects/Forritun/SharpBag/SharpBag.Tests/bin/Release/SharpBag.Tests.DLL" adapterTypeName="Microsoft.VisualStudio.TestTools.TestTypes.Unit.UnitTestAdapter, Microsoft.VisualStudio.QualityTools.Tips.UnitTest.Adapter, Version=10.0.0.0, Culture=neutral, PublicKeyToken=b03f5f7f11d50a3a" className="SharpBag.ExtensionsTest, SharpBag.Tests, Version=0.0.0.0, Culture=neutral, PublicKeyToken=null" name="As01ThrowsContractException876" />
    </UnitTest>
    <UnitTest name="Execute424" storage="c:\users\suprdewd\desktop\projects\forritun\sharpbag\sharpbag.tests\bin\release\sharpbag.tests.dll" id="c3a5f774-5c25-7fa7-593c-10a98b5db768">
      <Execution id="8113f137-0a5c-49fe-9ee3-9b0f8db59cd9" />
      <TestMethod codeBase="C:/Users/SuprDewd/Desktop/Projects/Forritun/SharpBag/SharpBag.Tests/bin/Release/SharpBag.Tests.DLL" adapterTypeName="Microsoft.VisualStudio.TestTools.TestTypes.Unit.UnitTestAdapter, Microsoft.VisualStudio.QualityTools.Tips.UnitTest.Adapter, Version=10.0.0.0, Culture=neutral, PublicKeyToken=b03f5f7f11d50a3a" className="SharpBag.ExtensionsTest, SharpBag.Tests, Version=0.0.0.0, Culture=neutral, PublicKeyToken=null" name="Execute424" />
    </UnitTest>
    <UnitTest name="Iter96003" storage="c:\users\suprdewd\desktop\projects\forritun\sharpbag\sharpbag.tests\bin\release\sharpbag.tests.dll" id="9bfa0b14-def6-4233-8f09-efbae74ca192">
      <Execution id="45acd4a3-3f49-4290-9bea-e64d594d48a6" />
      <TestMethod codeBase="C:/Users/SuprDewd/Desktop/Projects/Forritun/SharpBag/SharpBag.Tests/bin/Release/SharpBag.Tests.DLL" adapterTypeName="Microsoft.VisualStudio.TestTools.TestTypes.Unit.UnitTestAdapter, Microsoft.VisualStudio.QualityTools.Tips.UnitTest.Adapter, Version=10.0.0.0, Culture=neutral, PublicKeyToken=b03f5f7f11d50a3a" className="SharpBag.ExtensionsTest, SharpBag.Tests, Version=0.0.0.0, Culture=neutral, PublicKeyToken=null" name="Iter96003" />
    </UnitTest>
    <UnitTest name="TimesThrowsContractException662" storage="c:\users\suprdewd\desktop\projects\forritun\sharpbag\sharpbag.tests\bin\release\sharpbag.tests.dll" id="90427aa6-8cf4-b956-2b3f-9546b7107ae7">
      <Execution id="01d77fc3-6d66-433d-883f-693d92ed3ba7" />
      <TestMethod codeBase="C:/Users/SuprDewd/Desktop/Projects/Forritun/SharpBag/SharpBag.Tests/bin/Release/SharpBag.Tests.DLL" adapterTypeName="Microsoft.VisualStudio.TestTools.TestTypes.Unit.UnitTestAdapter, Microsoft.VisualStudio.QualityTools.Tips.UnitTest.Adapter, Version=10.0.0.0, Culture=neutral, PublicKeyToken=b03f5f7f11d50a3a" className="SharpBag.ExtensionsTest, SharpBag.Tests, Version=0.0.0.0, Culture=neutral, PublicKeyToken=null" name="TimesThrowsContractException662" />
    </UnitTest>
    <UnitTest name="IsIn0134" storage="c:\users\suprdewd\desktop\projects\forritun\sharpbag\sharpbag.tests\bin\release\sharpbag.tests.dll" id="20789601-3bb2-517f-9c07-8755507d968d">
      <Execution id="019e2018-61a0-4286-a07c-58b69d607967" />
      <TestMethod codeBase="C:/Users/SuprDewd/Desktop/Projects/Forritun/SharpBag/SharpBag.Tests/bin/Release/SharpBag.Tests.DLL" adapterTypeName="Microsoft.VisualStudio.TestTools.TestTypes.Unit.UnitTestAdapter, Microsoft.VisualStudio.QualityTools.Tips.UnitTest.Adapter, Version=10.0.0.0, Culture=neutral, PublicKeyToken=b03f5f7f11d50a3a" className="SharpBag.ExtensionsTest, SharpBag.Tests, Version=0.0.0.0, Culture=neutral, PublicKeyToken=null" name="IsIn0134" />
    </UnitTest>
    <UnitTest name="ExecutionTime01738" storage="c:\users\suprdewd\desktop\projects\forritun\sharpbag\sharpbag.tests\bin\release\sharpbag.tests.dll" id="232bf56a-14b4-d23b-234d-b4dc8e45e5f1">
      <Execution id="75c72597-0011-4fbe-a112-fec0bb3ff2e9" />
      <TestMethod codeBase="C:/Users/SuprDewd/Desktop/Projects/Forritun/SharpBag/SharpBag.Tests/bin/Release/SharpBag.Tests.DLL" adapterTypeName="Microsoft.VisualStudio.TestTools.TestTypes.Unit.UnitTestAdapter, Microsoft.VisualStudio.QualityTools.Tips.UnitTest.Adapter, Version=10.0.0.0, Culture=neutral, PublicKeyToken=b03f5f7f11d50a3a" className="SharpBag.UtilsTest, SharpBag.Tests, Version=0.0.0.0, Culture=neutral, PublicKeyToken=null" name="ExecutionTime01738" />
    </UnitTest>
    <UnitTest name="IfNotNull01ThrowsContractException561" storage="c:\users\suprdewd\desktop\projects\forritun\sharpbag\sharpbag.tests\bin\release\sharpbag.tests.dll" id="21cd2d7c-c714-efa2-4c1d-abe7711f0f8f">
      <Execution id="5bedd233-110f-4b34-a320-52ad8c7bed64" />
      <TestMethod codeBase="C:/Users/SuprDewd/Desktop/Projects/Forritun/SharpBag/SharpBag.Tests/bin/Release/SharpBag.Tests.DLL" adapterTypeName="Microsoft.VisualStudio.TestTools.TestTypes.Unit.UnitTestAdapter, Microsoft.VisualStudio.QualityTools.Tips.UnitTest.Adapter, Version=10.0.0.0, Culture=neutral, PublicKeyToken=b03f5f7f11d50a3a" className="SharpBag.ExtensionsTest, SharpBag.Tests, Version=0.0.0.0, Culture=neutral, PublicKeyToken=null" name="IfNotNull01ThrowsContractException561" />
    </UnitTest>
    <UnitTest name="ForEach90804" storage="c:\users\suprdewd\desktop\projects\forritun\sharpbag\sharpbag.tests\bin\release\sharpbag.tests.dll" id="116e53ad-53cc-1f8c-5eeb-a61eba3cd5e8">
      <Execution id="99a8f90e-0e90-4917-b4ba-dffdfa1738bc" />
      <TestMethod codeBase="C:/Users/SuprDewd/Desktop/Projects/Forritun/SharpBag/SharpBag.Tests/bin/Release/SharpBag.Tests.DLL" adapterTypeName="Microsoft.VisualStudio.TestTools.TestTypes.Unit.UnitTestAdapter, Microsoft.VisualStudio.QualityTools.Tips.UnitTest.Adapter, Version=10.0.0.0, Culture=neutral, PublicKeyToken=b03f5f7f11d50a3a" className="SharpBag.ExtensionsTest, SharpBag.Tests, Version=0.0.0.0, Culture=neutral, PublicKeyToken=null" name="ForEach90804" />
    </UnitTest>
    <UnitTest name="IfNotNull0192304" storage="c:\users\suprdewd\desktop\projects\forritun\sharpbag\sharpbag.tests\bin\release\sharpbag.tests.dll" id="e89c0529-2532-190e-5936-91edd9263fb1">
      <Execution id="311545c1-ba52-47c6-83ca-35ce2c2d4cb9" />
      <TestMethod codeBase="C:/Users/SuprDewd/Desktop/Projects/Forritun/SharpBag/SharpBag.Tests/bin/Release/SharpBag.Tests.DLL" adapterTypeName="Microsoft.VisualStudio.TestTools.TestTypes.Unit.UnitTestAdapter, Microsoft.VisualStudio.QualityTools.Tips.UnitTest.Adapter, Version=10.0.0.0, Culture=neutral, PublicKeyToken=b03f5f7f11d50a3a" className="SharpBag.ExtensionsTest, SharpBag.Tests, Version=0.0.0.0, Culture=neutral, PublicKeyToken=null" name="IfNotNull0192304" />
    </UnitTest>
    <UnitTest name="AsEnumerable56001" storage="c:\users\suprdewd\desktop\projects\forritun\sharpbag\sharpbag.tests\bin\release\sharpbag.tests.dll" id="583a3c4e-73f0-f6e0-0816-cbe45229841d">
      <Execution id="089b2a0f-b93f-40ff-9f50-ff22e278cf86" />
      <TestMethod codeBase="C:/Users/SuprDewd/Desktop/Projects/Forritun/SharpBag/SharpBag.Tests/bin/Release/SharpBag.Tests.DLL" adapterTypeName="Microsoft.VisualStudio.TestTools.TestTypes.Unit.UnitTestAdapter, Microsoft.VisualStudio.QualityTools.Tips.UnitTest.Adapter, Version=10.0.0.0, Culture=neutral, PublicKeyToken=b03f5f7f11d50a3a" className="SharpBag.ExtensionsTest, SharpBag.Tests, Version=0.0.0.0, Culture=neutral, PublicKeyToken=null" name="AsEnumerable56001" />
    </UnitTest>
    <UnitTest name="IfNotNull17304" storage="c:\users\suprdewd\desktop\projects\forritun\sharpbag\sharpbag.tests\bin\release\sharpbag.tests.dll" id="5d4547ce-a6eb-4a5d-11b5-fd4fb3f2b4c4">
      <Execution id="42bb0648-6265-46d4-8031-99ab131f3068" />
      <TestMethod codeBase="C:/Users/SuprDewd/Desktop/Projects/Forritun/SharpBag/SharpBag.Tests/bin/Release/SharpBag.Tests.DLL" adapterTypeName="Microsoft.VisualStudio.TestTools.TestTypes.Unit.UnitTestAdapter, Microsoft.VisualStudio.QualityTools.Tips.UnitTest.Adapter, Version=10.0.0.0, Culture=neutral, PublicKeyToken=b03f5f7f11d50a3a" className="SharpBag.ExtensionsTest, SharpBag.Tests, Version=0.0.0.0, Culture=neutral, PublicKeyToken=null" name="IfNotNull17304" />
    </UnitTest>
    <UnitTest name="Iter96002" storage="c:\users\suprdewd\desktop\projects\forritun\sharpbag\sharpbag.tests\bin\release\sharpbag.tests.dll" id="33d00c5c-c888-05a3-fa39-c11369cf7bd7">
      <Execution id="75110d1e-8cbe-478a-83bb-479b9d8e6768" />
      <TestMethod codeBase="C:/Users/SuprDewd/Desktop/Projects/Forritun/SharpBag/SharpBag.Tests/bin/Release/SharpBag.Tests.DLL" adapterTypeName="Microsoft.VisualStudio.TestTools.TestTypes.Unit.UnitTestAdapter, Microsoft.VisualStudio.QualityTools.Tips.UnitTest.Adapter, Version=10.0.0.0, Culture=neutral, PublicKeyToken=b03f5f7f11d50a3a" className="SharpBag.ExtensionsTest, SharpBag.Tests, Version=0.0.0.0, Culture=neutral, PublicKeyToken=null" name="Iter96002" />
    </UnitTest>
    <UnitTest name="To01ThrowsContractException635" storage="c:\users\suprdewd\desktop\projects\forritun\sharpbag\sharpbag.tests\bin\release\sharpbag.tests.dll" id="869377b3-dcd6-3fd0-816f-a4a48e30d6c3">
      <Execution id="1260b417-1438-45fe-96a4-61bda7a43ee2" />
      <TestMethod codeBase="C:/Users/SuprDewd/Desktop/Projects/Forritun/SharpBag/SharpBag.Tests/bin/Release/SharpBag.Tests.DLL" adapterTypeName="Microsoft.VisualStudio.TestTools.TestTypes.Unit.UnitTestAdapter, Microsoft.VisualStudio.QualityTools.Tips.UnitTest.Adapter, Version=10.0.0.0, Culture=neutral, PublicKeyToken=b03f5f7f11d50a3a" className="SharpBag.ExtensionsTest, SharpBag.Tests, Version=0.0.0.0, Culture=neutral, PublicKeyToken=null" name="To01ThrowsContractException635" />
    </UnitTest>
    <UnitTest name="Fill57101" storage="c:\users\suprdewd\desktop\projects\forritun\sharpbag\sharpbag.tests\bin\release\sharpbag.tests.dll" id="e860bbd5-6ce1-07c3-fd03-d14cbeda5d8f">
      <Execution id="52ad0182-276c-4375-89bd-af33115fe916" />
      <TestMethod codeBase="C:/Users/SuprDewd/Desktop/Projects/Forritun/SharpBag/SharpBag.Tests/bin/Release/SharpBag.Tests.DLL" adapterTypeName="Microsoft.VisualStudio.TestTools.TestTypes.Unit.UnitTestAdapter, Microsoft.VisualStudio.QualityTools.Tips.UnitTest.Adapter, Version=10.0.0.0, Culture=neutral, PublicKeyToken=b03f5f7f11d50a3a" className="SharpBag.ExtensionsTest, SharpBag.Tests, Version=0.0.0.0, Culture=neutral, PublicKeyToken=null" name="Fill57101" />
    </UnitTest>
    <UnitTest name="To46301" storage="c:\users\suprdewd\desktop\projects\forritun\sharpbag\sharpbag.tests\bin\release\sharpbag.tests.dll" id="f026b4fd-1d5b-6d3d-657e-a3e832a7de61">
      <Execution id="34c966f2-9ef0-43e0-9df9-57053aadb34f" />
      <TestMethod codeBase="C:/Users/SuprDewd/Desktop/Projects/Forritun/SharpBag/SharpBag.Tests/bin/Release/SharpBag.Tests.DLL" adapterTypeName="Microsoft.VisualStudio.TestTools.TestTypes.Unit.UnitTestAdapter, Microsoft.VisualStudio.QualityTools.Tips.UnitTest.Adapter, Version=10.0.0.0, Culture=neutral, PublicKeyToken=b03f5f7f11d50a3a" className="SharpBag.ExtensionsTest, SharpBag.Tests, Version=0.0.0.0, Culture=neutral, PublicKeyToken=null" name="To46301" />
    </UnitTest>
    <UnitTest name="As0132108" storage="c:\users\suprdewd\desktop\projects\forritun\sharpbag\sharpbag.tests\bin\release\sharpbag.tests.dll" id="e30391ee-1b3b-ee9f-b02c-b47de478c33f">
      <Execution id="59ed7bec-4240-426c-91ac-7ad9be9f77b8" />
      <TestMethod codeBase="C:/Users/SuprDewd/Desktop/Projects/Forritun/SharpBag/SharpBag.Tests/bin/Release/SharpBag.Tests.DLL" adapterTypeName="Microsoft.VisualStudio.TestTools.TestTypes.Unit.UnitTestAdapter, Microsoft.VisualStudio.QualityTools.Tips.UnitTest.Adapter, Version=10.0.0.0, Culture=neutral, PublicKeyToken=b03f5f7f11d50a3a" className="SharpBag.ExtensionsTest, SharpBag.Tests, Version=0.0.0.0, Culture=neutral, PublicKeyToken=null" name="As0132108" />
    </UnitTest>
    <UnitTest name="ForEachThrowsContractException158" storage="c:\users\suprdewd\desktop\projects\forritun\sharpbag\sharpbag.tests\bin\release\sharpbag.tests.dll" id="4ef1899b-961d-b074-c653-732880e5589d">
      <Execution id="cf0367f6-c209-4017-99fa-b8d26ae944a1" />
      <TestMethod codeBase="C:/Users/SuprDewd/Desktop/Projects/Forritun/SharpBag/SharpBag.Tests/bin/Release/SharpBag.Tests.DLL" adapterTypeName="Microsoft.VisualStudio.TestTools.TestTypes.Unit.UnitTestAdapter, Microsoft.VisualStudio.QualityTools.Tips.UnitTest.Adapter, Version=10.0.0.0, Culture=neutral, PublicKeyToken=b03f5f7f11d50a3a" className="SharpBag.ExtensionsTest, SharpBag.Tests, Version=0.0.0.0, Culture=neutral, PublicKeyToken=null" name="ForEachThrowsContractException158" />
    </UnitTest>
    <UnitTest name="Fill0168804" storage="c:\users\suprdewd\desktop\projects\forritun\sharpbag\sharpbag.tests\bin\release\sharpbag.tests.dll" id="39a24eb5-a45d-f931-6682-86b278494085">
      <Execution id="1c814a0a-6c8e-4473-8425-1d1b046e15fa" />
      <TestMethod codeBase="C:/Users/SuprDewd/Desktop/Projects/Forritun/SharpBag/SharpBag.Tests/bin/Release/SharpBag.Tests.DLL" adapterTypeName="Microsoft.VisualStudio.TestTools.TestTypes.Unit.UnitTestAdapter, Microsoft.VisualStudio.QualityTools.Tips.UnitTest.Adapter, Version=10.0.0.0, Culture=neutral, PublicKeyToken=b03f5f7f11d50a3a" className="SharpBag.ExtensionsTest, SharpBag.Tests, Version=0.0.0.0, Culture=neutral, PublicKeyToken=null" name="Fill0168804" />
    </UnitTest>
    <UnitTest name="UnionAll02ThrowsContractException903" storage="c:\users\suprdewd\desktop\projects\forritun\sharpbag\sharpbag.tests\bin\release\sharpbag.tests.dll" id="49b4e1b0-9a60-f1f3-7d8e-e1f63ecc7d50">
      <Execution id="27eb727c-6daa-43c0-b989-e2177534f9c4" />
      <TestMethod codeBase="C:/Users/SuprDewd/Desktop/Projects/Forritun/SharpBag/SharpBag.Tests/bin/Release/SharpBag.Tests.DLL" adapterTypeName="Microsoft.VisualStudio.TestTools.TestTypes.Unit.UnitTestAdapter, Microsoft.VisualStudio.QualityTools.Tips.UnitTest.Adapter, Version=10.0.0.0, Culture=neutral, PublicKeyToken=b03f5f7f11d50a3a" className="SharpBag.ExtensionsTest, SharpBag.Tests, Version=0.0.0.0, Culture=neutral, PublicKeyToken=null" name="UnionAll02ThrowsContractException903" />
    </UnitTest>
    <UnitTest name="As21518" storage="c:\users\suprdewd\desktop\projects\forritun\sharpbag\sharpbag.tests\bin\release\sharpbag.tests.dll" id="1cdb2f2c-09f6-d6d8-6d16-a0ea90824aba">
      <Execution id="02db6019-6114-4eb4-bbcc-9d0c342f1378" />
      <TestMethod codeBase="C:/Users/SuprDewd/Desktop/Projects/Forritun/SharpBag/SharpBag.Tests/bin/Release/SharpBag.Tests.DLL" adapterTypeName="Microsoft.VisualStudio.TestTools.TestTypes.Unit.UnitTestAdapter, Microsoft.VisualStudio.QualityTools.Tips.UnitTest.Adapter, Version=10.0.0.0, Culture=neutral, PublicKeyToken=b03f5f7f11d50a3a" className="SharpBag.ExtensionsTest, SharpBag.Tests, Version=0.0.0.0, Culture=neutral, PublicKeyToken=null" name="As21518" />
    </UnitTest>
    <UnitTest name="As0163228" storage="c:\users\suprdewd\desktop\projects\forritun\sharpbag\sharpbag.tests\bin\release\sharpbag.tests.dll" id="25e137bf-b11b-a709-2200-80de04831d5b">
      <Execution id="95f0d435-48fb-48a6-9840-6d287ea900d1" />
      <TestMethod codeBase="C:/Users/SuprDewd/Desktop/Projects/Forritun/SharpBag/SharpBag.Tests/bin/Release/SharpBag.Tests.DLL" adapterTypeName="Microsoft.VisualStudio.TestTools.TestTypes.Unit.UnitTestAdapter, Microsoft.VisualStudio.QualityTools.Tips.UnitTest.Adapter, Version=10.0.0.0, Culture=neutral, PublicKeyToken=b03f5f7f11d50a3a" className="SharpBag.ExtensionsTest, SharpBag.Tests, Version=0.0.0.0, Culture=neutral, PublicKeyToken=null" name="As0163228" />
    </UnitTest>
    <UnitTest name="As0163211" storage="c:\users\suprdewd\desktop\projects\forritun\sharpbag\sharpbag.tests\bin\release\sharpbag.tests.dll" id="7206ff03-56a7-ec6c-ffc0-c8679263faa3">
      <Execution id="225433bd-7a7d-4e2c-a442-db5b5fba4b8f" />
      <TestMethod codeBase="C:/Users/SuprDewd/Desktop/Projects/Forritun/SharpBag/SharpBag.Tests/bin/Release/SharpBag.Tests.DLL" adapterTypeName="Microsoft.VisualStudio.TestTools.TestTypes.Unit.UnitTestAdapter, Microsoft.VisualStudio.QualityTools.Tips.UnitTest.Adapter, Version=10.0.0.0, Culture=neutral, PublicKeyToken=b03f5f7f11d50a3a" className="SharpBag.ExtensionsTest, SharpBag.Tests, Version=0.0.0.0, Culture=neutral, PublicKeyToken=null" name="As0163211" />
    </UnitTest>
    <UnitTest name="Fill0110504" storage="c:\users\suprdewd\desktop\projects\forritun\sharpbag\sharpbag.tests\bin\release\sharpbag.tests.dll" id="1c5ab376-6152-4272-31e3-55dc91a07a86">
      <Execution id="31c6a6ef-3c5e-441d-9cf3-bc673ba3668d" />
      <TestMethod codeBase="C:/Users/SuprDewd/Desktop/Projects/Forritun/SharpBag/SharpBag.Tests/bin/Release/SharpBag.Tests.DLL" adapterTypeName="Microsoft.VisualStudio.TestTools.TestTypes.Unit.UnitTestAdapter, Microsoft.VisualStudio.QualityTools.Tips.UnitTest.Adapter, Version=10.0.0.0, Culture=neutral, PublicKeyToken=b03f5f7f11d50a3a" className="SharpBag.ExtensionsTest, SharpBag.Tests, Version=0.0.0.0, Culture=neutral, PublicKeyToken=null" name="Fill0110504" />
    </UnitTest>
    <UnitTest name="GenerateThrowsContractException133" storage="c:\users\suprdewd\desktop\projects\forritun\sharpbag\sharpbag.tests\bin\release\sharpbag.tests.dll" id="54c53908-aa18-b805-dfbf-38b92f93913c">
      <Execution id="b60fe5fe-4c9f-4844-9b04-029bda27e5f4" />
      <TestMethod codeBase="C:/Users/SuprDewd/Desktop/Projects/Forritun/SharpBag/SharpBag.Tests/bin/Release/SharpBag.Tests.DLL" adapterTypeName="Microsoft.VisualStudio.TestTools.TestTypes.Unit.UnitTestAdapter, Microsoft.VisualStudio.QualityTools.Tips.UnitTest.Adapter, Version=10.0.0.0, Culture=neutral, PublicKeyToken=b03f5f7f11d50a3a" className="SharpBag.UtilsTest, SharpBag.Tests, Version=0.0.0.0, Culture=neutral, PublicKeyToken=null" name="GenerateThrowsContractException133" />
    </UnitTest>
    <UnitTest name="As0163230" storage="c:\users\suprdewd\desktop\projects\forritun\sharpbag\sharpbag.tests\bin\release\sharpbag.tests.dll" id="eaed8830-28b9-0d81-19c8-50909473733c">
      <Execution id="19afdf30-64fc-455c-abaf-04fdb51b0612" />
      <TestMethod codeBase="C:/Users/SuprDewd/Desktop/Projects/Forritun/SharpBag/SharpBag.Tests/bin/Release/SharpBag.Tests.DLL" adapterTypeName="Microsoft.VisualStudio.TestTools.TestTypes.Unit.UnitTestAdapter, Microsoft.VisualStudio.QualityTools.Tips.UnitTest.Adapter, Version=10.0.0.0, Culture=neutral, PublicKeyToken=b03f5f7f11d50a3a" className="SharpBag.ExtensionsTest, SharpBag.Tests, Version=0.0.0.0, Culture=neutral, PublicKeyToken=null" name="As0163230" />
    </UnitTest>
    <UnitTest name="IfNotNull47704" storage="c:\users\suprdewd\desktop\projects\forritun\sharpbag\sharpbag.tests\bin\release\sharpbag.tests.dll" id="1b50a732-77b4-82a3-8153-f8dad0640018">
      <Execution id="f2833ab0-dce5-4a62-bd7b-78238dd31e00" />
      <TestMethod codeBase="C:/Users/SuprDewd/Desktop/Projects/Forritun/SharpBag/SharpBag.Tests/bin/Release/SharpBag.Tests.DLL" adapterTypeName="Microsoft.VisualStudio.TestTools.TestTypes.Unit.UnitTestAdapter, Microsoft.VisualStudio.QualityTools.Tips.UnitTest.Adapter, Version=10.0.0.0, Culture=neutral, PublicKeyToken=b03f5f7f11d50a3a" className="SharpBag.ExtensionsTest, SharpBag.Tests, Version=0.0.0.0, Culture=neutral, PublicKeyToken=null" name="IfNotNull47704" />
    </UnitTest>
    <UnitTest name="Add60903" storage="c:\users\suprdewd\desktop\projects\forritun\sharpbag\sharpbag.tests\bin\release\sharpbag.tests.dll" id="f4a16930-7fb5-1364-b2bb-1dffeb9040de">
      <Execution id="6ea9d843-6108-4b37-ae7c-621e45742c72" />
      <TestMethod codeBase="C:/Users/SuprDewd/Desktop/Projects/Forritun/SharpBag/SharpBag.Tests/bin/Release/SharpBag.Tests.DLL" adapterTypeName="Microsoft.VisualStudio.TestTools.TestTypes.Unit.UnitTestAdapter, Microsoft.VisualStudio.QualityTools.Tips.UnitTest.Adapter, Version=10.0.0.0, Culture=neutral, PublicKeyToken=b03f5f7f11d50a3a" className="SharpBag.ExtensionsTest, SharpBag.Tests, Version=0.0.0.0, Culture=neutral, PublicKeyToken=null" name="Add60903" />
    </UnitTest>
    <UnitTest name="AsEnumerable02ThrowsContractException18" storage="c:\users\suprdewd\desktop\projects\forritun\sharpbag\sharpbag.tests\bin\release\sharpbag.tests.dll" id="7a7d56e7-b4b7-3226-df1d-44471276e993">
      <Execution id="4d615b57-2e9b-418b-b6c4-a92909c2eb3a" />
      <TestMethod codeBase="C:/Users/SuprDewd/Desktop/Projects/Forritun/SharpBag/SharpBag.Tests/bin/Release/SharpBag.Tests.DLL" adapterTypeName="Microsoft.VisualStudio.TestTools.TestTypes.Unit.UnitTestAdapter, Microsoft.VisualStudio.QualityTools.Tips.UnitTest.Adapter, Version=10.0.0.0, Culture=neutral, PublicKeyToken=b03f5f7f11d50a3a" className="SharpBag.ExtensionsTest, SharpBag.Tests, Version=0.0.0.0, Culture=neutral, PublicKeyToken=null" name="AsEnumerable02ThrowsContractException18" />
    </UnitTest>
    <UnitTest name="As01402" storage="c:\users\suprdewd\desktop\projects\forritun\sharpbag\sharpbag.tests\bin\release\sharpbag.tests.dll" id="7ba074f7-37b4-86ab-f897-639c59c7afb2">
      <Execution id="f8f52786-fed0-44d8-92e2-a80d35991cac" />
      <TestMethod codeBase="C:/Users/SuprDewd/Desktop/Projects/Forritun/SharpBag/SharpBag.Tests/bin/Release/SharpBag.Tests.DLL" adapterTypeName="Microsoft.VisualStudio.TestTools.TestTypes.Unit.UnitTestAdapter, Microsoft.VisualStudio.QualityTools.Tips.UnitTest.Adapter, Version=10.0.0.0, Culture=neutral, PublicKeyToken=b03f5f7f11d50a3a" className="SharpBag.ExtensionsTest, SharpBag.Tests, Version=0.0.0.0, Culture=neutral, PublicKeyToken=null" name="As01402" />
    </UnitTest>
    <UnitTest name="IfNotNull47703" storage="c:\users\suprdewd\desktop\projects\forritun\sharpbag\sharpbag.tests\bin\release\sharpbag.tests.dll" id="d8af0a27-8cd9-d036-917e-00672cd2689b">
      <Execution id="b88dc0e9-0fc7-4825-bfb1-81f569c4341d" />
      <TestMethod codeBase="C:/Users/SuprDewd/Desktop/Projects/Forritun/SharpBag/SharpBag.Tests/bin/Release/SharpBag.Tests.DLL" adapterTypeName="Microsoft.VisualStudio.TestTools.TestTypes.Unit.UnitTestAdapter, Microsoft.VisualStudio.QualityTools.Tips.UnitTest.Adapter, Version=10.0.0.0, Culture=neutral, PublicKeyToken=b03f5f7f11d50a3a" className="SharpBag.ExtensionsTest, SharpBag.Tests, Version=0.0.0.0, Culture=neutral, PublicKeyToken=null" name="IfNotNull47703" />
    </UnitTest>
    <UnitTest name="IfNotNull17303" storage="c:\users\suprdewd\desktop\projects\forritun\sharpbag\sharpbag.tests\bin\release\sharpbag.tests.dll" id="d75bbbff-3e3e-ac68-2b4f-48cfb14f2d0a">
      <Execution id="ff80e11b-5988-4eb7-a559-f4ad9e7f3858" />
      <TestMethod codeBase="C:/Users/SuprDewd/Desktop/Projects/Forritun/SharpBag/SharpBag.Tests/bin/Release/SharpBag.Tests.DLL" adapterTypeName="Microsoft.VisualStudio.TestTools.TestTypes.Unit.UnitTestAdapter, Microsoft.VisualStudio.QualityTools.Tips.UnitTest.Adapter, Version=10.0.0.0, Culture=neutral, PublicKeyToken=b03f5f7f11d50a3a" className="SharpBag.ExtensionsTest, SharpBag.Tests, Version=0.0.0.0, Culture=neutral, PublicKeyToken=null" name="IfNotNull17303" />
    </UnitTest>
    <UnitTest name="As0136703" storage="c:\users\suprdewd\desktop\projects\forritun\sharpbag\sharpbag.tests\bin\release\sharpbag.tests.dll" id="e80fc0c4-2914-56fc-191b-489f27774cbc">
      <Execution id="cc1545f5-34e6-4c9f-a943-eb95dc7db5c6" />
      <TestMethod codeBase="C:/Users/SuprDewd/Desktop/Projects/Forritun/SharpBag/SharpBag.Tests/bin/Release/SharpBag.Tests.DLL" adapterTypeName="Microsoft.VisualStudio.TestTools.TestTypes.Unit.UnitTestAdapter, Microsoft.VisualStudio.QualityTools.Tips.UnitTest.Adapter, Version=10.0.0.0, Culture=neutral, PublicKeyToken=b03f5f7f11d50a3a" className="SharpBag.ExtensionsTest, SharpBag.Tests, Version=0.0.0.0, Culture=neutral, PublicKeyToken=null" name="As0136703" />
    </UnitTest>
    <UnitTest name="As0163235" storage="c:\users\suprdewd\desktop\projects\forritun\sharpbag\sharpbag.tests\bin\release\sharpbag.tests.dll" id="c0b049d8-5af1-212d-f646-b9a7aa76e7aa">
      <Execution id="9f5ed83e-9ddf-4b32-ab68-de9d77e8fd4e" />
      <TestMethod codeBase="C:/Users/SuprDewd/Desktop/Projects/Forritun/SharpBag/SharpBag.Tests/bin/Release/SharpBag.Tests.DLL" adapterTypeName="Microsoft.VisualStudio.TestTools.TestTypes.Unit.UnitTestAdapter, Microsoft.VisualStudio.QualityTools.Tips.UnitTest.Adapter, Version=10.0.0.0, Culture=neutral, PublicKeyToken=b03f5f7f11d50a3a" className="SharpBag.ExtensionsTest, SharpBag.Tests, Version=0.0.0.0, Culture=neutral, PublicKeyToken=null" name="As0163235" />
    </UnitTest>
    <UnitTest name="Fill0157104" storage="c:\users\suprdewd\desktop\projects\forritun\sharpbag\sharpbag.tests\bin\release\sharpbag.tests.dll" id="d5027f5f-1da1-2a25-97cf-1e7da6a062b5">
      <Execution id="1066013d-1b7b-45a9-a5fa-f4195d9e8562" />
      <TestMethod codeBase="C:/Users/SuprDewd/Desktop/Projects/Forritun/SharpBag/SharpBag.Tests/bin/Release/SharpBag.Tests.DLL" adapterTypeName="Microsoft.VisualStudio.TestTools.TestTypes.Unit.UnitTestAdapter, Microsoft.VisualStudio.QualityTools.Tips.UnitTest.Adapter, Version=10.0.0.0, Culture=neutral, PublicKeyToken=b03f5f7f11d50a3a" className="SharpBag.ExtensionsTest, SharpBag.Tests, Version=0.0.0.0, Culture=neutral, PublicKeyToken=null" name="Fill0157104" />
    </UnitTest>
    <UnitTest name="ToString01530" storage="c:\users\suprdewd\desktop\projects\forritun\sharpbag\sharpbag.tests\bin\release\sharpbag.tests.dll" id="0cf9c414-1497-f4be-8e70-721d9337c834">
      <Execution id="581d12c0-de11-4036-a522-031ef93c0ff4" />
      <TestMethod codeBase="C:/Users/SuprDewd/Desktop/Projects/Forritun/SharpBag/SharpBag.Tests/bin/Release/SharpBag.Tests.DLL" adapterTypeName="Microsoft.VisualStudio.TestTools.TestTypes.Unit.UnitTestAdapter, Microsoft.VisualStudio.QualityTools.Tips.UnitTest.Adapter, Version=10.0.0.0, Culture=neutral, PublicKeyToken=b03f5f7f11d50a3a" className="SharpBag.Algorithms.PriorityQueueItemTTest, SharpBag.Tests, Version=0.0.0.0, Culture=neutral, PublicKeyToken=null" name="ToString01530" />
    </UnitTest>
    <UnitTest name="TakeEveryThrowsContractException265" storage="c:\users\suprdewd\desktop\projects\forritun\sharpbag\sharpbag.tests\bin\release\sharpbag.tests.dll" id="1614cc64-5cbc-b082-cb61-089f874d65b1">
      <Execution id="a1ceea79-8441-47aa-a2f7-13829d25c52f" />
      <TestMethod codeBase="C:/Users/SuprDewd/Desktop/Projects/Forritun/SharpBag/SharpBag.Tests/bin/Release/SharpBag.Tests.DLL" adapterTypeName="Microsoft.VisualStudio.TestTools.TestTypes.Unit.UnitTestAdapter, Microsoft.VisualStudio.QualityTools.Tips.UnitTest.Adapter, Version=10.0.0.0, Culture=neutral, PublicKeyToken=b03f5f7f11d50a3a" className="SharpBag.ExtensionsTest, SharpBag.Tests, Version=0.0.0.0, Culture=neutral, PublicKeyToken=null" name="TakeEveryThrowsContractException265" />
    </UnitTest>
    <UnitTest name="IterThrowsContractException917" storage="c:\users\suprdewd\desktop\projects\forritun\sharpbag\sharpbag.tests\bin\release\sharpbag.tests.dll" id="02dbbd81-860f-9e6d-6bf0-d3b21164d681">
      <Execution id="7c48caf6-e91e-49f6-98e4-1dade7fd13e5" />
      <TestMethod codeBase="C:/Users/SuprDewd/Desktop/Projects/Forritun/SharpBag/SharpBag.Tests/bin/Release/SharpBag.Tests.DLL" adapterTypeName="Microsoft.VisualStudio.TestTools.TestTypes.Unit.UnitTestAdapter, Microsoft.VisualStudio.QualityTools.Tips.UnitTest.Adapter, Version=10.0.0.0, Culture=neutral, PublicKeyToken=b03f5f7f11d50a3a" className="SharpBag.ExtensionsTest, SharpBag.Tests, Version=0.0.0.0, Culture=neutral, PublicKeyToken=null" name="IterThrowsContractException917" />
    </UnitTest>
    <UnitTest name="As0166403" storage="c:\users\suprdewd\desktop\projects\forritun\sharpbag\sharpbag.tests\bin\release\sharpbag.tests.dll" id="4c1abec7-91f0-7672-2e0f-302cf26fbd1a">
      <Execution id="f2ee70ad-6e97-473f-95e1-be21fb008ee0" />
      <TestMethod codeBase="C:/Users/SuprDewd/Desktop/Projects/Forritun/SharpBag/SharpBag.Tests/bin/Release/SharpBag.Tests.DLL" adapterTypeName="Microsoft.VisualStudio.TestTools.TestTypes.Unit.UnitTestAdapter, Microsoft.VisualStudio.QualityTools.Tips.UnitTest.Adapter, Version=10.0.0.0, Culture=neutral, PublicKeyToken=b03f5f7f11d50a3a" className="SharpBag.ExtensionsTest, SharpBag.Tests, Version=0.0.0.0, Culture=neutral, PublicKeyToken=null" name="As0166403" />
    </UnitTest>
    <UnitTest name="ForEach78803" storage="c:\users\suprdewd\desktop\projects\forritun\sharpbag\sharpbag.tests\bin\release\sharpbag.tests.dll" id="71153c10-625e-eee7-0105-ad1f18f9fb72">
      <Execution id="4d6d4ddd-618a-40be-a0c9-85511236cfe6" />
      <TestMethod codeBase="C:/Users/SuprDewd/Desktop/Projects/Forritun/SharpBag/SharpBag.Tests/bin/Release/SharpBag.Tests.DLL" adapterTypeName="Microsoft.VisualStudio.TestTools.TestTypes.Unit.UnitTestAdapter, Microsoft.VisualStudio.QualityTools.Tips.UnitTest.Adapter, Version=10.0.0.0, Culture=neutral, PublicKeyToken=b03f5f7f11d50a3a" className="SharpBag.ExtensionsTest, SharpBag.Tests, Version=0.0.0.0, Culture=neutral, PublicKeyToken=null" name="ForEach78803" />
    </UnitTest>
    <UnitTest name="As568" storage="c:\users\suprdewd\desktop\projects\forritun\sharpbag\sharpbag.tests\bin\release\sharpbag.tests.dll" id="8dec4c0d-9137-8bca-e823-6edddad67b2a">
      <Execution id="d1c3ef33-f121-4382-b438-01d0e5adc713" />
      <TestMethod codeBase="C:/Users/SuprDewd/Desktop/Projects/Forritun/SharpBag/SharpBag.Tests/bin/Release/SharpBag.Tests.DLL" adapterTypeName="Microsoft.VisualStudio.TestTools.TestTypes.Unit.UnitTestAdapter, Microsoft.VisualStudio.QualityTools.Tips.UnitTest.Adapter, Version=10.0.0.0, Culture=neutral, PublicKeyToken=b03f5f7f11d50a3a" className="SharpBag.ExtensionsTest, SharpBag.Tests, Version=0.0.0.0, Culture=neutral, PublicKeyToken=null" name="As568" />
    </UnitTest>
    <UnitTest name="ItemSetThrowsContractException48" storage="c:\users\suprdewd\desktop\projects\forritun\sharpbag\sharpbag.tests\bin\release\sharpbag.tests.dll" id="a5e95aa9-bc38-31cc-9093-9339a7e10a1b">
      <Execution id="e795b48c-e5c5-40fd-bd70-3b4eabbe87b5" />
      <TestMethod codeBase="C:/Users/SuprDewd/Desktop/Projects/Forritun/SharpBag/SharpBag.Tests/bin/Release/SharpBag.Tests.DLL" adapterTypeName="Microsoft.VisualStudio.TestTools.TestTypes.Unit.UnitTestAdapter, Microsoft.VisualStudio.QualityTools.Tips.UnitTest.Adapter, Version=10.0.0.0, Culture=neutral, PublicKeyToken=b03f5f7f11d50a3a" className="SharpBag.Algorithms.PriorityQueueTTest, SharpBag.Tests, Version=0.0.0.0, Culture=neutral, PublicKeyToken=null" name="ItemSetThrowsContractException48" />
    </UnitTest>
    <UnitTest name="Execute93301" storage="c:\users\suprdewd\desktop\projects\forritun\sharpbag\sharpbag.tests\bin\release\sharpbag.tests.dll" id="fd09b993-a9b4-e74b-ac25-fcabec687112">
      <Execution id="99837d9d-db1c-4305-a9d4-d9d7e74f3078" />
      <TestMethod codeBase="C:/Users/SuprDewd/Desktop/Projects/Forritun/SharpBag/SharpBag.Tests/bin/Release/SharpBag.Tests.DLL" adapterTypeName="Microsoft.VisualStudio.TestTools.TestTypes.Unit.UnitTestAdapter, Microsoft.VisualStudio.QualityTools.Tips.UnitTest.Adapter, Version=10.0.0.0, Culture=neutral, PublicKeyToken=b03f5f7f11d50a3a" className="SharpBag.ExtensionsTest, SharpBag.Tests, Version=0.0.0.0, Culture=neutral, PublicKeyToken=null" name="Execute93301" />
    </UnitTest>
    <UnitTest name="CastAs434" storage="c:\users\suprdewd\desktop\projects\forritun\sharpbag\sharpbag.tests\bin\release\sharpbag.tests.dll" id="17cbf434-78e7-42a5-6758-242cc94ac703">
      <Execution id="e95dda02-320d-42dc-aa25-5fc74f988cde" />
      <TestMethod codeBase="C:/Users/SuprDewd/Desktop/Projects/Forritun/SharpBag/SharpBag.Tests/bin/Release/SharpBag.Tests.DLL" adapterTypeName="Microsoft.VisualStudio.TestTools.TestTypes.Unit.UnitTestAdapter, Microsoft.VisualStudio.QualityTools.Tips.UnitTest.Adapter, Version=10.0.0.0, Culture=neutral, PublicKeyToken=b03f5f7f11d50a3a" className="SharpBag.ExtensionsTest, SharpBag.Tests, Version=0.0.0.0, Culture=neutral, PublicKeyToken=null" name="CastAs434" />
    </UnitTest>
    <UnitTest name="NullOr71402" storage="c:\users\suprdewd\desktop\projects\forritun\sharpbag\sharpbag.tests\bin\release\sharpbag.tests.dll" id="56fc1a57-6e5c-088b-8f95-88d9f697c097">
      <Execution id="4d2516b1-421a-4b9b-8d53-f31c6cc455d8" />
      <TestMethod codeBase="C:/Users/SuprDewd/Desktop/Projects/Forritun/SharpBag/SharpBag.Tests/bin/Release/SharpBag.Tests.DLL" adapterTypeName="Microsoft.VisualStudio.TestTools.TestTypes.Unit.UnitTestAdapter, Microsoft.VisualStudio.QualityTools.Tips.UnitTest.Adapter, Version=10.0.0.0, Culture=neutral, PublicKeyToken=b03f5f7f11d50a3a" className="SharpBag.ExtensionsTest, SharpBag.Tests, Version=0.0.0.0, Culture=neutral, PublicKeyToken=null" name="NullOr71402" />
    </UnitTest>
    <UnitTest name="As0163222" storage="c:\users\suprdewd\desktop\projects\forritun\sharpbag\sharpbag.tests\bin\release\sharpbag.tests.dll" id="473a2b39-cb44-1d62-3c12-9fd92e3b377f">
      <Execution id="59c41a66-f782-4055-a5ab-2261be31f8d6" />
      <TestMethod codeBase="C:/Users/SuprDewd/Desktop/Projects/Forritun/SharpBag/SharpBag.Tests/bin/Release/SharpBag.Tests.DLL" adapterTypeName="Microsoft.VisualStudio.TestTools.TestTypes.Unit.UnitTestAdapter, Microsoft.VisualStudio.QualityTools.Tips.UnitTest.Adapter, Version=10.0.0.0, Culture=neutral, PublicKeyToken=b03f5f7f11d50a3a" className="SharpBag.ExtensionsTest, SharpBag.Tests, Version=0.0.0.0, Culture=neutral, PublicKeyToken=null" name="As0163222" />
    </UnitTest>
    <UnitTest name="As0163234" storage="c:\users\suprdewd\desktop\projects\forritun\sharpbag\sharpbag.tests\bin\release\sharpbag.tests.dll" id="d0140d76-78ce-58b3-2274-c95b28b0ccfb">
      <Execution id="2c7b15be-9ae6-44f8-a183-0c6a4b889336" />
      <TestMethod codeBase="C:/Users/SuprDewd/Desktop/Projects/Forritun/SharpBag/SharpBag.Tests/bin/Release/SharpBag.Tests.DLL" adapterTypeName="Microsoft.VisualStudio.TestTools.TestTypes.Unit.UnitTestAdapter, Microsoft.VisualStudio.QualityTools.Tips.UnitTest.Adapter, Version=10.0.0.0, Culture=neutral, PublicKeyToken=b03f5f7f11d50a3a" className="SharpBag.ExtensionsTest, SharpBag.Tests, Version=0.0.0.0, Culture=neutral, PublicKeyToken=null" name="As0163234" />
    </UnitTest>
    <UnitTest name="As0198303" storage="c:\users\suprdewd\desktop\projects\forritun\sharpbag\sharpbag.tests\bin\release\sharpbag.tests.dll" id="d56f2fbf-3f3e-cba1-4f8d-7b34cec35b0a">
      <Execution id="12e53611-e1a8-493c-8af4-52737cf8666f" />
      <TestMethod codeBase="C:/Users/SuprDewd/Desktop/Projects/Forritun/SharpBag/SharpBag.Tests/bin/Release/SharpBag.Tests.DLL" adapterTypeName="Microsoft.VisualStudio.TestTools.TestTypes.Unit.UnitTestAdapter, Microsoft.VisualStudio.QualityTools.Tips.UnitTest.Adapter, Version=10.0.0.0, Culture=neutral, PublicKeyToken=b03f5f7f11d50a3a" className="SharpBag.ExtensionsTest, SharpBag.Tests, Version=0.0.0.0, Culture=neutral, PublicKeyToken=null" name="As0198303" />
    </UnitTest>
    <UnitTest name="TakeEveryThrowsContractException998" storage="c:\users\suprdewd\desktop\projects\forritun\sharpbag\sharpbag.tests\bin\release\sharpbag.tests.dll" id="c35eb805-49e5-7d06-b69d-ba684aaa6791">
      <Execution id="c13809f0-3d9d-4a39-bcdf-cad19baa6b47" />
      <TestMethod codeBase="C:/Users/SuprDewd/Desktop/Projects/Forritun/SharpBag/SharpBag.Tests/bin/Release/SharpBag.Tests.DLL" adapterTypeName="Microsoft.VisualStudio.TestTools.TestTypes.Unit.UnitTestAdapter, Microsoft.VisualStudio.QualityTools.Tips.UnitTest.Adapter, Version=10.0.0.0, Culture=neutral, PublicKeyToken=b03f5f7f11d50a3a" className="SharpBag.ExtensionsTest, SharpBag.Tests, Version=0.0.0.0, Culture=neutral, PublicKeyToken=null" name="TakeEveryThrowsContractException998" />
    </UnitTest>
    <UnitTest name="ForEach12502" storage="c:\users\suprdewd\desktop\projects\forritun\sharpbag\sharpbag.tests\bin\release\sharpbag.tests.dll" id="f5f02455-4aef-8763-5044-dc094bc64ba2">
      <Execution id="ab2671b2-906a-4762-9573-7419639427d2" />
      <TestMethod codeBase="C:/Users/SuprDewd/Desktop/Projects/Forritun/SharpBag/SharpBag.Tests/bin/Release/SharpBag.Tests.DLL" adapterTypeName="Microsoft.VisualStudio.TestTools.TestTypes.Unit.UnitTestAdapter, Microsoft.VisualStudio.QualityTools.Tips.UnitTest.Adapter, Version=10.0.0.0, Culture=neutral, PublicKeyToken=b03f5f7f11d50a3a" className="SharpBag.ExtensionsTest, SharpBag.Tests, Version=0.0.0.0, Culture=neutral, PublicKeyToken=null" name="ForEach12502" />
    </UnitTest>
    <UnitTest name="Add29603" storage="c:\users\suprdewd\desktop\projects\forritun\sharpbag\sharpbag.tests\bin\release\sharpbag.tests.dll" id="b74830d0-a6ce-14b6-0d35-7c2e849267f3">
      <Execution id="f0dc3947-5e0d-47e3-8f57-0514144b505a" />
      <TestMethod codeBase="C:/Users/SuprDewd/Desktop/Projects/Forritun/SharpBag/SharpBag.Tests/bin/Release/SharpBag.Tests.DLL" adapterTypeName="Microsoft.VisualStudio.TestTools.TestTypes.Unit.UnitTestAdapter, Microsoft.VisualStudio.QualityTools.Tips.UnitTest.Adapter, Version=10.0.0.0, Culture=neutral, PublicKeyToken=b03f5f7f11d50a3a" className="SharpBag.ExtensionsTest, SharpBag.Tests, Version=0.0.0.0, Culture=neutral, PublicKeyToken=null" name="Add29603" />
    </UnitTest>
    <UnitTest name="IsIn34" storage="c:\users\suprdewd\desktop\projects\forritun\sharpbag\sharpbag.tests\bin\release\sharpbag.tests.dll" id="6f205f53-5c1d-2d23-0592-7823ba18d3aa">
      <Execution id="e8e7c080-123b-4e6f-a936-51b01369035e" />
      <TestMethod codeBase="C:/Users/SuprDewd/Desktop/Projects/Forritun/SharpBag/SharpBag.Tests/bin/Release/SharpBag.Tests.DLL" adapterTypeName="Microsoft.VisualStudio.TestTools.TestTypes.Unit.UnitTestAdapter, Microsoft.VisualStudio.QualityTools.Tips.UnitTest.Adapter, Version=10.0.0.0, Culture=neutral, PublicKeyToken=b03f5f7f11d50a3a" className="SharpBag.ExtensionsTest, SharpBag.Tests, Version=0.0.0.0, Culture=neutral, PublicKeyToken=null" name="IsIn34" />
    </UnitTest>
    <UnitTest name="GetEnumerator016901" storage="c:\users\suprdewd\desktop\projects\forritun\sharpbag\sharpbag.tests\bin\release\sharpbag.tests.dll" id="3340cb14-cf3b-8e1f-ca28-73acf64d833a">
      <Execution id="0f98d94d-98bb-43b8-a798-ae2945f37bb8" />
      <TestMethod codeBase="C:/Users/SuprDewd/Desktop/Projects/Forritun/SharpBag/SharpBag.Tests/bin/Release/SharpBag.Tests.DLL" adapterTypeName="Microsoft.VisualStudio.TestTools.TestTypes.Unit.UnitTestAdapter, Microsoft.VisualStudio.QualityTools.Tips.UnitTest.Adapter, Version=10.0.0.0, Culture=neutral, PublicKeyToken=b03f5f7f11d50a3a" className="SharpBag.Algorithms.PriorityQueueTTest, SharpBag.Tests, Version=0.0.0.0, Culture=neutral, PublicKeyToken=null" name="GetEnumerator016901" />
    </UnitTest>
    <UnitTest name="As76301" storage="c:\users\suprdewd\desktop\projects\forritun\sharpbag\sharpbag.tests\bin\release\sharpbag.tests.dll" id="14c4d8f7-99c5-9b56-48f1-16bece872cd1">
      <Execution id="e9e0afda-dbf4-4d50-9bda-a8e5502c3726" />
      <TestMethod codeBase="C:/Users/SuprDewd/Desktop/Projects/Forritun/SharpBag/SharpBag.Tests/bin/Release/SharpBag.Tests.DLL" adapterTypeName="Microsoft.VisualStudio.TestTools.TestTypes.Unit.UnitTestAdapter, Microsoft.VisualStudio.QualityTools.Tips.UnitTest.Adapter, Version=10.0.0.0, Culture=neutral, PublicKeyToken=b03f5f7f11d50a3a" className="SharpBag.ExtensionsTest, SharpBag.Tests, Version=0.0.0.0, Culture=neutral, PublicKeyToken=null" name="As76301" />
    </UnitTest>
    <UnitTest name="ReadLinesFromFileThrowsContractException787" storage="c:\users\suprdewd\desktop\projects\forritun\sharpbag\sharpbag.tests\bin\release\sharpbag.tests.dll" id="eda1af69-c93e-56bb-5fe9-14115441188c">
      <Execution id="94fc2e12-d996-40a3-86a9-0a4c409a2aa0" />
      <TestMethod codeBase="C:/Users/SuprDewd/Desktop/Projects/Forritun/SharpBag/SharpBag.Tests/bin/Release/SharpBag.Tests.DLL" adapterTypeName="Microsoft.VisualStudio.TestTools.TestTypes.Unit.UnitTestAdapter, Microsoft.VisualStudio.QualityTools.Tips.UnitTest.Adapter, Version=10.0.0.0, Culture=neutral, PublicKeyToken=b03f5f7f11d50a3a" className="SharpBag.UtilsTest, SharpBag.Tests, Version=0.0.0.0, Culture=neutral, PublicKeyToken=null" name="ReadLinesFromFileThrowsContractException787" />
    </UnitTest>
  </TestDefinitions>
  <TestLists>
    <TestList name="Results Not in a List" id="8c84fa94-04c1-424b-9868-57a2d4851a1d" />
    <TestList name="All Loaded Results" id="19431567-8539-422a-85d7-44ee4e166bda" />
  </TestLists>
  <TestEntries>
    <TestEntry testId="02dbbd81-860f-9e6d-6bf0-d3b21164d681" executionId="7c48caf6-e91e-49f6-98e4-1dade7fd13e5" testListId="8c84fa94-04c1-424b-9868-57a2d4851a1d" />
    <TestEntry testId="03c88b26-e4eb-d38e-6683-3ac55f8aeeac" executionId="bffe98c0-503a-4004-b472-1e10e551c832" testListId="8c84fa94-04c1-424b-9868-57a2d4851a1d" />
    <TestEntry testId="04c53adc-df51-85a8-3dcb-278e962fc112" executionId="f0de585b-7384-4eca-9040-996bdffa2cdb" testListId="8c84fa94-04c1-424b-9868-57a2d4851a1d" />
    <TestEntry testId="055e48df-0214-9f4b-ed2b-c5a320ca2c7d" executionId="e11f11ef-a657-4d51-b57c-6aba35c751c6" testListId="8c84fa94-04c1-424b-9868-57a2d4851a1d" />
    <TestEntry testId="06d747a6-abc2-c83d-da24-3ee86184f362" executionId="77c01fd6-9f46-491f-a891-b570679a3582" testListId="8c84fa94-04c1-424b-9868-57a2d4851a1d" />
    <TestEntry testId="0860ee19-0524-5919-2b3c-8316527f7933" executionId="229c1f08-7141-4b83-b109-01f11522d7e6" testListId="8c84fa94-04c1-424b-9868-57a2d4851a1d" />
    <TestEntry testId="09abec53-bc8a-0db2-1ff6-28ad5ea0f559" executionId="a57ce3f3-1f7a-40bc-a13b-0f7bcbff04a4" testListId="8c84fa94-04c1-424b-9868-57a2d4851a1d" />
    <TestEntry testId="0c1112ce-06b8-6d36-f7fb-a3574f6e2065" executionId="8cfae88d-98d1-429a-a8a4-30427106ea7b" testListId="8c84fa94-04c1-424b-9868-57a2d4851a1d" />
    <TestEntry testId="0c58cf0b-ac72-a134-206f-98daff22c7f5" executionId="e3324a77-9651-4f93-bd57-29661b1ea7f9" testListId="8c84fa94-04c1-424b-9868-57a2d4851a1d" />
    <TestEntry testId="0c6370f1-3a15-0de1-18cb-8da30dd57ee7" executionId="ca2f3c7a-fdea-4a9a-9135-c09497fda26c" testListId="8c84fa94-04c1-424b-9868-57a2d4851a1d" />
    <TestEntry testId="0cb477c5-7b02-500d-45eb-bb863b0c13bb" executionId="2761727d-ad3e-4029-b21d-d9ea89d48eb8" testListId="8c84fa94-04c1-424b-9868-57a2d4851a1d" />
    <TestEntry testId="0cf9c414-1497-f4be-8e70-721d9337c834" executionId="581d12c0-de11-4036-a522-031ef93c0ff4" testListId="8c84fa94-04c1-424b-9868-57a2d4851a1d" />
    <TestEntry testId="0e44207d-1ccf-04c5-6aef-2081653ff131" executionId="c72e3e6c-a2f2-4589-86a7-0844c666d127" testListId="8c84fa94-04c1-424b-9868-57a2d4851a1d" />
    <TestEntry testId="0e645c38-e73b-967d-e94f-74a8d38a05b3" executionId="a585fb87-0fa8-49a0-a0ab-bd72de365a07" testListId="8c84fa94-04c1-424b-9868-57a2d4851a1d" />
    <TestEntry testId="0e73a463-cb0d-f992-9d84-5941849f04d6" executionId="9d6a7f14-0d63-4d7c-9474-922f5426961a" testListId="8c84fa94-04c1-424b-9868-57a2d4851a1d" />
    <TestEntry testId="0e90738b-70d8-2788-4a26-d16c8666f6ca" executionId="0979dc0e-ce6a-4f20-aeb2-34df2517eda2" testListId="8c84fa94-04c1-424b-9868-57a2d4851a1d" />
    <TestEntry testId="0f614d48-4580-1835-c34d-314b56fdf70c" executionId="8138b3ec-6515-45cb-b0aa-13d311962929" testListId="8c84fa94-04c1-424b-9868-57a2d4851a1d" />
    <TestEntry testId="0f9431a7-c4c3-1aca-912d-ce2c11b0e97d" executionId="7d2152c2-a7dd-4819-91b8-76abe3a8472f" testListId="8c84fa94-04c1-424b-9868-57a2d4851a1d" />
    <TestEntry testId="106b7a63-3c06-2f97-097e-1a5d38b1a1ac" executionId="0fc66cb7-bd24-468d-874d-e3b2e8f1ebc6" testListId="8c84fa94-04c1-424b-9868-57a2d4851a1d" />
    <TestEntry testId="11187b04-c546-bd3e-0bbb-d3f71bff1f4f" executionId="c06a5013-78a1-45d0-8174-99524294d057" testListId="8c84fa94-04c1-424b-9868-57a2d4851a1d" />
    <TestEntry testId="116bcbca-67a9-cf3b-0614-27721784c6e2" executionId="83c55d5c-7a58-498c-b315-6bdaefd30362" testListId="8c84fa94-04c1-424b-9868-57a2d4851a1d" />
    <TestEntry testId="116e53ad-53cc-1f8c-5eeb-a61eba3cd5e8" executionId="99a8f90e-0e90-4917-b4ba-dffdfa1738bc" testListId="8c84fa94-04c1-424b-9868-57a2d4851a1d" />
    <TestEntry testId="1281f517-45b5-6723-bc3e-71da88a02141" executionId="fe8822f7-96ea-441f-9969-3302abeba13c" testListId="8c84fa94-04c1-424b-9868-57a2d4851a1d" />
    <TestEntry testId="14c4d8f7-99c5-9b56-48f1-16bece872cd1" executionId="e9e0afda-dbf4-4d50-9bda-a8e5502c3726" testListId="8c84fa94-04c1-424b-9868-57a2d4851a1d" />
    <TestEntry testId="14e07649-4bb1-965c-d352-f5e6a62d38fd" executionId="d5fb7bb0-fe50-4493-aea2-9a0301e33658" testListId="8c84fa94-04c1-424b-9868-57a2d4851a1d" />
    <TestEntry testId="1614cc64-5cbc-b082-cb61-089f874d65b1" executionId="a1ceea79-8441-47aa-a2f7-13829d25c52f" testListId="8c84fa94-04c1-424b-9868-57a2d4851a1d" />
    <TestEntry testId="16bc510b-963f-30e5-6517-13389edd4fdc" executionId="280585d2-5629-4714-b8d9-308d0739a444" testListId="8c84fa94-04c1-424b-9868-57a2d4851a1d" />
    <TestEntry testId="16eccf92-0ec9-930b-cfbe-252e74468966" executionId="1020f508-f3d3-4f80-9f7b-76387e15b9b8" testListId="8c84fa94-04c1-424b-9868-57a2d4851a1d" />
    <TestEntry testId="17cbf434-78e7-42a5-6758-242cc94ac703" executionId="e95dda02-320d-42dc-aa25-5fc74f988cde" testListId="8c84fa94-04c1-424b-9868-57a2d4851a1d" />
    <TestEntry testId="18234ca5-6af0-1355-5140-f92645f28e01" executionId="2531f3e3-a363-4c91-abad-912f2eab69a9" testListId="8c84fa94-04c1-424b-9868-57a2d4851a1d" />
    <TestEntry testId="19033310-a8dd-db0b-1dcd-2bf1bef510ca" executionId="3e38df1c-0aff-4d06-bdd3-294b1b2da177" testListId="8c84fa94-04c1-424b-9868-57a2d4851a1d" />
    <TestEntry testId="1903a639-b5d9-1b4f-9c30-0405b15e8f12" executionId="5c9c77c4-ac3e-4596-ba41-d4e63d0925ce" testListId="8c84fa94-04c1-424b-9868-57a2d4851a1d" />
    <TestEntry testId="1a1204f8-80dc-63b9-41bb-196d59b5bd9c" executionId="042b9d58-bbff-41ed-811b-174a17cb1657" testListId="8c84fa94-04c1-424b-9868-57a2d4851a1d" />
    <TestEntry testId="1a16baca-1870-eb8d-2332-884e5248582b" executionId="8bd81ab6-3d37-4b94-8dbc-dd5466116d9e" testListId="8c84fa94-04c1-424b-9868-57a2d4851a1d" />
    <TestEntry testId="1a2d7899-6e00-21df-f034-6547a11cae31" executionId="0e511a9f-637a-4106-9d1f-5b170f1b6f24" testListId="8c84fa94-04c1-424b-9868-57a2d4851a1d" />
    <TestEntry testId="1a41ca06-c399-fb41-1b68-4e54f6d9fba0" executionId="d5318add-2dff-424d-be06-8f5849740fb9" testListId="8c84fa94-04c1-424b-9868-57a2d4851a1d" />
    <TestEntry testId="1ac879f8-3c0a-1016-6157-e481eddd5c9f" executionId="4532b79d-210e-467d-a15e-d99370101ae4" testListId="8c84fa94-04c1-424b-9868-57a2d4851a1d" />
    <TestEntry testId="1b50a732-77b4-82a3-8153-f8dad0640018" executionId="f2833ab0-dce5-4a62-bd7b-78238dd31e00" testListId="8c84fa94-04c1-424b-9868-57a2d4851a1d" />
    <TestEntry testId="1b9103d0-5cae-0f4c-09ff-459b405bb125" executionId="01707573-ff4d-450d-9b13-c0d074c3086d" testListId="8c84fa94-04c1-424b-9868-57a2d4851a1d" />
    <TestEntry testId="1c5ab376-6152-4272-31e3-55dc91a07a86" executionId="31c6a6ef-3c5e-441d-9cf3-bc673ba3668d" testListId="8c84fa94-04c1-424b-9868-57a2d4851a1d" />
    <TestEntry testId="1c9baf40-1112-7f41-3f0f-adc161687f04" executionId="8f7c7e03-55f0-420c-a7ed-e66a0b63784b" testListId="8c84fa94-04c1-424b-9868-57a2d4851a1d" />
    <TestEntry testId="1ca82a0b-7842-06c7-ecd3-2f81b62f1e0e" executionId="e254531b-69a0-4e4e-82e1-7d22d5911e24" testListId="8c84fa94-04c1-424b-9868-57a2d4851a1d" />
    <TestEntry testId="1cb6fca5-5cbd-75cb-cfee-a358b8315906" executionId="f6231841-cfb6-4396-bee9-70f8cb2362b9" testListId="8c84fa94-04c1-424b-9868-57a2d4851a1d" />
    <TestEntry testId="1cdb2f2c-09f6-d6d8-6d16-a0ea90824aba" executionId="02db6019-6114-4eb4-bbcc-9d0c342f1378" testListId="8c84fa94-04c1-424b-9868-57a2d4851a1d" />
    <TestEntry testId="1e0ca069-996e-4bc0-6164-74e9ee8107ac" executionId="bdb2f348-a99a-4f2b-9792-96ebdec2607c" testListId="8c84fa94-04c1-424b-9868-57a2d4851a1d" />
    <TestEntry testId="1e811e95-82b3-7182-a1a6-ec99686bab87" executionId="7f203835-a175-4321-8ce3-c1f637181baa" testListId="8c84fa94-04c1-424b-9868-57a2d4851a1d" />
    <TestEntry testId="1fd730db-48ad-68c2-a560-921c988f9a38" executionId="c935dbf1-deac-4f1a-803e-3756601a22b0" testListId="8c84fa94-04c1-424b-9868-57a2d4851a1d" />
    <TestEntry testId="20789601-3bb2-517f-9c07-8755507d968d" executionId="019e2018-61a0-4286-a07c-58b69d607967" testListId="8c84fa94-04c1-424b-9868-57a2d4851a1d" />
    <TestEntry testId="21cd2d7c-c714-efa2-4c1d-abe7711f0f8f" executionId="5bedd233-110f-4b34-a320-52ad8c7bed64" testListId="8c84fa94-04c1-424b-9868-57a2d4851a1d" />
    <TestEntry testId="2250a8be-6947-1057-ceec-e49c62f651fa" executionId="1c17cb2e-4f14-4e51-834b-b58a0aa8b0f9" testListId="8c84fa94-04c1-424b-9868-57a2d4851a1d" />
    <TestEntry testId="229cca66-aa3f-9557-9307-ec8679e563f6" executionId="bcded512-9d10-406c-aed6-d57268c63540" testListId="8c84fa94-04c1-424b-9868-57a2d4851a1d" />
    <TestEntry testId="22b3bc9e-2d91-4747-086b-d415be2c5776" executionId="ff3f7446-e3f2-472a-8243-182e7c154603" testListId="8c84fa94-04c1-424b-9868-57a2d4851a1d" />
    <TestEntry testId="22fb3f0c-8177-2102-3c97-5cd124eaf953" executionId="fbccaa8e-5c2a-4a74-b1d9-9e3a97a3d90c" testListId="8c84fa94-04c1-424b-9868-57a2d4851a1d" />
    <TestEntry testId="23289518-cff6-51c7-cbca-8f7fc69c7429" executionId="62a75a28-20b3-49de-bd64-b2b4f1344f1a" testListId="8c84fa94-04c1-424b-9868-57a2d4851a1d" />
    <TestEntry testId="232bf56a-14b4-d23b-234d-b4dc8e45e5f1" executionId="75c72597-0011-4fbe-a112-fec0bb3ff2e9" testListId="8c84fa94-04c1-424b-9868-57a2d4851a1d" />
    <TestEntry testId="236dd585-9363-168d-3729-7ab007ad8692" executionId="66b7e1dc-d669-4dde-8f91-730ad3f5b34a" testListId="8c84fa94-04c1-424b-9868-57a2d4851a1d" />
    <TestEntry testId="25d5b35a-db1f-e192-1a83-5fbd23003a20" executionId="04a68b88-56c4-4c3c-823c-17ec34b52879" testListId="8c84fa94-04c1-424b-9868-57a2d4851a1d" />
    <TestEntry testId="25e137bf-b11b-a709-2200-80de04831d5b" executionId="95f0d435-48fb-48a6-9840-6d287ea900d1" testListId="8c84fa94-04c1-424b-9868-57a2d4851a1d" />
    <TestEntry testId="2873c42d-778c-9215-3e6d-6d287f7555e3" executionId="414f269e-50b9-4417-85f8-d806670933b0" testListId="8c84fa94-04c1-424b-9868-57a2d4851a1d" />
    <TestEntry testId="28805317-a840-3e77-4899-69199b1265d9" executionId="93768309-8afb-4207-b1a5-d68bea0dbf23" testListId="8c84fa94-04c1-424b-9868-57a2d4851a1d" />
    <TestEntry testId="29095a51-c311-c865-7cf1-7076578258b7" executionId="c5218f08-536b-415f-98f7-2284c6f62593" testListId="8c84fa94-04c1-424b-9868-57a2d4851a1d" />
    <TestEntry testId="29c9ba2a-8918-92c1-edbc-ad1fd40c77e1" executionId="f3e8c233-605d-4ce3-ba15-17342a63882b" testListId="8c84fa94-04c1-424b-9868-57a2d4851a1d" />
    <TestEntry testId="29e140f3-0b7d-028a-f85f-e65d5e7a4460" executionId="d31970d2-4a3d-467d-9d23-7e62ea52c671" testListId="8c84fa94-04c1-424b-9868-57a2d4851a1d" />
    <TestEntry testId="2a3bccbe-42e2-9009-af11-20e5efc1eb2e" executionId="e495c235-926d-44f9-9d9e-addeb4eb8ce2" testListId="8c84fa94-04c1-424b-9868-57a2d4851a1d" />
    <TestEntry testId="2b6a1fd0-ad89-86fe-c32f-c850f3486570" executionId="9500018d-a515-4a75-99c8-6e956ee1705e" testListId="8c84fa94-04c1-424b-9868-57a2d4851a1d" />
    <TestEntry testId="2b9734bf-2716-3fbd-907d-b338c9f5816c" executionId="d1ae1ac9-348a-4b9a-aefc-fc1065285136" testListId="8c84fa94-04c1-424b-9868-57a2d4851a1d" />
    <TestEntry testId="2c678190-6575-f47a-afde-b3eb80b1856c" executionId="77a7aff5-32ed-49fb-94e9-f3d9c476b2b8" testListId="8c84fa94-04c1-424b-9868-57a2d4851a1d" />
    <TestEntry testId="2cb985a5-30e0-1631-ebdb-14215fcd5267" executionId="94b1c81e-ade2-4314-9ee8-4faf867ef33e" testListId="8c84fa94-04c1-424b-9868-57a2d4851a1d" />
    <TestEntry testId="2e107be2-e3af-1a8b-fb4b-bdb5534db4b8" executionId="c518c7c6-85b1-4cf2-a25b-15b50501b09f" testListId="8c84fa94-04c1-424b-9868-57a2d4851a1d" />
    <TestEntry testId="2e9abde5-72f2-18f2-ec62-8da36318a8ed" executionId="c827765a-1426-4372-a2d8-2c57efcf35dd" testListId="8c84fa94-04c1-424b-9868-57a2d4851a1d" />
    <TestEntry testId="2f5ec1c4-04f0-fa9c-5150-6f7abf584f74" executionId="ae777088-c2b0-4c56-80a9-40d2864c9d52" testListId="8c84fa94-04c1-424b-9868-57a2d4851a1d" />
    <TestEntry testId="2f965438-892b-963f-1d2d-a0dc16402531" executionId="65170dab-c90a-46ee-baa0-75c969e5ab84" testListId="8c84fa94-04c1-424b-9868-57a2d4851a1d" />
    <TestEntry testId="2fd85783-fc83-f96f-d9bf-a6bcc5a252f1" executionId="261f9ca1-6e6a-4906-9034-5ff399306fb6" testListId="8c84fa94-04c1-424b-9868-57a2d4851a1d" />
    <TestEntry testId="2ff335b0-14c8-89c8-7e7b-05ade8625c3d" executionId="61947b27-50e3-439a-91ef-dfb1447b08f0" testListId="8c84fa94-04c1-424b-9868-57a2d4851a1d" />
    <TestEntry testId="2ff38794-ad92-1998-3c20-e3ee775a8969" executionId="65970aae-59c2-495e-a1b8-5fd69bd2c5d3" testListId="8c84fa94-04c1-424b-9868-57a2d4851a1d" />
    <TestEntry testId="31751606-0e00-3ddd-298e-e7c2d6c445a2" executionId="c177e8a1-14ef-46da-8bcc-4f4e1aefdff8" testListId="8c84fa94-04c1-424b-9868-57a2d4851a1d" />
    <TestEntry testId="31a88d64-bb5b-6217-2758-d493dee381b6" executionId="9589137e-fbaf-4f92-8fc6-83c18d85a3ce" testListId="8c84fa94-04c1-424b-9868-57a2d4851a1d" />
    <TestEntry testId="31a904fb-b5e5-f95a-175a-584bb2addaff" executionId="30de9a40-2260-428d-9dd1-1f2ffe7e3ecd" testListId="8c84fa94-04c1-424b-9868-57a2d4851a1d" />
    <TestEntry testId="3340cb14-cf3b-8e1f-ca28-73acf64d833a" executionId="0f98d94d-98bb-43b8-a798-ae2945f37bb8" testListId="8c84fa94-04c1-424b-9868-57a2d4851a1d" />
    <TestEntry testId="33d00c5c-c888-05a3-fa39-c11369cf7bd7" executionId="75110d1e-8cbe-478a-83bb-479b9d8e6768" testListId="8c84fa94-04c1-424b-9868-57a2d4851a1d" />
    <TestEntry testId="3403c50d-2a71-9a27-1ea8-652ff438ba45" executionId="e3844f9a-7446-461c-9743-12bc7189a8cb" testListId="8c84fa94-04c1-424b-9868-57a2d4851a1d" />
    <TestEntry testId="34aa3cd1-c558-0302-e5aa-355d37850848" executionId="80720da5-cd40-4a4f-b965-54b50988b748" testListId="8c84fa94-04c1-424b-9868-57a2d4851a1d" />
    <TestEntry testId="36c0ac7a-9f37-b952-7a17-2ad1e9132b69" executionId="fe7f6a25-b781-4359-a754-0e50f8e78c49" testListId="8c84fa94-04c1-424b-9868-57a2d4851a1d" />
    <TestEntry testId="37c5e788-97a2-ee7f-c1df-5b64dcc3fb4c" executionId="5a8dc038-5ac4-4aa6-8902-bf501400d00b" testListId="8c84fa94-04c1-424b-9868-57a2d4851a1d" />
    <TestEntry testId="382ae704-dd0b-2259-d31c-dfbfb69a1305" executionId="2c6bdec2-aa91-4f65-812b-efeba53200ad" testListId="8c84fa94-04c1-424b-9868-57a2d4851a1d" />
    <TestEntry testId="382f1a18-8c5b-b8b8-72e6-323b201ac9b0" executionId="54bc8018-1103-4f2d-a32c-edf888cd20eb" testListId="8c84fa94-04c1-424b-9868-57a2d4851a1d" />
    <TestEntry testId="389db5b6-ab96-a436-4af4-f75359c85bc2" executionId="3afccc54-0f76-42a4-85d5-6d1f825a09fe" testListId="8c84fa94-04c1-424b-9868-57a2d4851a1d" />
    <TestEntry testId="3902168e-77cb-c1b4-c44f-4336ab3b86bd" executionId="27e986a6-7b7b-4789-8a9a-4b62585ee609" testListId="8c84fa94-04c1-424b-9868-57a2d4851a1d" />
    <TestEntry testId="39820720-af85-1690-8f39-546deff2b7b4" executionId="1e047fd2-d486-41ea-a498-fa724705991f" testListId="8c84fa94-04c1-424b-9868-57a2d4851a1d" />
    <TestEntry testId="39a24eb5-a45d-f931-6682-86b278494085" executionId="1c814a0a-6c8e-4473-8425-1d1b046e15fa" testListId="8c84fa94-04c1-424b-9868-57a2d4851a1d" />
    <TestEntry testId="3c1d094b-ca29-adfc-cfcd-77289a3cce3f" executionId="4481c9c0-063b-4403-b22f-b21251878d4c" testListId="8c84fa94-04c1-424b-9868-57a2d4851a1d" />
    <TestEntry testId="3ca3afbe-4155-3a78-1581-d034645ac0e9" executionId="58869ced-1eca-4fe1-af79-229e0986514e" testListId="8c84fa94-04c1-424b-9868-57a2d4851a1d" />
    <TestEntry testId="3f99a1d3-4dae-8b7d-a361-9ebbf5115b1e" executionId="3cab3828-ed03-4528-90b8-e3b30ccc4b1d" testListId="8c84fa94-04c1-424b-9868-57a2d4851a1d" />
    <TestEntry testId="3febe6f3-67ab-23b3-dd85-d4b7c1206b0c" executionId="6d7e653a-d7a8-4fd6-b894-be85903ee1b9" testListId="8c84fa94-04c1-424b-9868-57a2d4851a1d" />
    <TestEntry testId="40b13692-f736-7aca-afa5-678a24ba3ffc" executionId="cfe0e9fb-0066-4cdb-a8db-4a8554c0cf96" testListId="8c84fa94-04c1-424b-9868-57a2d4851a1d" />
    <TestEntry testId="40e83519-1225-601d-0c17-661b77e82314" executionId="155d10ea-49f5-41c2-92ad-b5bc1446ac68" testListId="8c84fa94-04c1-424b-9868-57a2d4851a1d" />
    <TestEntry testId="4183213a-6645-16c2-af8b-e5bfcf7442d8" executionId="9ba62b41-5d5d-4f60-8a7b-144c6011d932" testListId="8c84fa94-04c1-424b-9868-57a2d4851a1d" />
    <TestEntry testId="41b53b6b-04c0-c784-5da0-bab31b4fb4d7" executionId="4958d1ce-97cf-4eb5-855b-a29964d270aa" testListId="8c84fa94-04c1-424b-9868-57a2d4851a1d" />
    <TestEntry testId="42f45f10-504d-0d19-0e58-1ea2105c69e9" executionId="0c792b9f-d730-4c53-ad31-b03ef0ef8fee" testListId="8c84fa94-04c1-424b-9868-57a2d4851a1d" />
    <TestEntry testId="43271b50-9462-4bb7-5e78-3783a2d68504" executionId="e79f1d97-a9b1-4c21-a495-5416d7d3017b" testListId="8c84fa94-04c1-424b-9868-57a2d4851a1d" />
    <TestEntry testId="44ddd54b-7a43-e4f9-ebb3-b78badce4585" executionId="5a4ea228-9083-4486-aaf9-9748c140d190" testListId="8c84fa94-04c1-424b-9868-57a2d4851a1d" />
    <TestEntry testId="4603637e-fb7e-2981-f426-423b0ee1dc90" executionId="782f2f21-0355-406b-b145-2c7c4a39c0eb" testListId="8c84fa94-04c1-424b-9868-57a2d4851a1d" />
    <TestEntry testId="466bff3f-4c8e-a9c1-50f6-91ffeb15d3a1" executionId="dfebcf07-712d-403a-900f-98c186729b34" testListId="8c84fa94-04c1-424b-9868-57a2d4851a1d" />
    <TestEntry testId="46ca0fd9-03e1-55e3-3ad7-b4625d8d07c0" executionId="da49f931-8f02-4675-b85d-574bf2cad402" testListId="8c84fa94-04c1-424b-9868-57a2d4851a1d" />
    <TestEntry testId="473a2b39-cb44-1d62-3c12-9fd92e3b377f" executionId="59c41a66-f782-4055-a5ab-2261be31f8d6" testListId="8c84fa94-04c1-424b-9868-57a2d4851a1d" />
    <TestEntry testId="4828b82d-197c-d38d-1052-fb24855ec6ae" executionId="8e7811f5-22d0-4f4f-bd2e-908242e99afd" testListId="8c84fa94-04c1-424b-9868-57a2d4851a1d" />
    <TestEntry testId="49aa9228-e307-ef3c-566e-386137588923" executionId="517ab199-c891-4518-8799-d4b1b2dfa33f" testListId="8c84fa94-04c1-424b-9868-57a2d4851a1d" />
    <TestEntry testId="49b4e1b0-9a60-f1f3-7d8e-e1f63ecc7d50" executionId="27eb727c-6daa-43c0-b989-e2177534f9c4" testListId="8c84fa94-04c1-424b-9868-57a2d4851a1d" />
    <TestEntry testId="4a5ccd91-8853-f0cc-c6d0-af1603a36ab2" executionId="2a4b782c-27fe-4acd-9fba-b495a79691a1" testListId="8c84fa94-04c1-424b-9868-57a2d4851a1d" />
    <TestEntry testId="4c1abec7-91f0-7672-2e0f-302cf26fbd1a" executionId="f2ee70ad-6e97-473f-95e1-be21fb008ee0" testListId="8c84fa94-04c1-424b-9868-57a2d4851a1d" />
    <TestEntry testId="4c766330-2a1a-c11f-5958-fa0e45c2a866" executionId="8068c461-e6ba-4531-b392-8dfcb11f4c2b" testListId="8c84fa94-04c1-424b-9868-57a2d4851a1d" />
    <TestEntry testId="4d41008a-7d5b-c195-89ca-25e2bba2803d" executionId="d93ace15-cb99-45b1-aa6b-76db9a67244a" testListId="8c84fa94-04c1-424b-9868-57a2d4851a1d" />
    <TestEntry testId="4ef1899b-961d-b074-c653-732880e5589d" executionId="cf0367f6-c209-4017-99fa-b8d26ae944a1" testListId="8c84fa94-04c1-424b-9868-57a2d4851a1d" />
    <TestEntry testId="4f308a7f-5339-1197-c196-e8c2a3294cdb" executionId="24c1790e-7977-4ac7-baac-288de88f82e5" testListId="8c84fa94-04c1-424b-9868-57a2d4851a1d" />
    <TestEntry testId="4fbb91c1-c965-1543-022c-12856d2ae5ad" executionId="a8edc9fa-5196-4ea7-99c1-b50b32471efa" testListId="8c84fa94-04c1-424b-9868-57a2d4851a1d" />
    <TestEntry testId="4fd2d142-96e9-3d7b-16b2-0b0965a16f21" executionId="aa04b0ec-3be0-4827-9e6b-db5415a11cc8" testListId="8c84fa94-04c1-424b-9868-57a2d4851a1d" />
    <TestEntry testId="51819a1f-c4ce-ae98-f248-c4cc70983131" executionId="f324c89e-fb30-4010-b01d-021b0799339e" testListId="8c84fa94-04c1-424b-9868-57a2d4851a1d" />
    <TestEntry testId="530e9426-a117-1e44-3c23-eb9bc838bd65" executionId="bb735448-ab14-40c8-8173-c464f1c82cf1" testListId="8c84fa94-04c1-424b-9868-57a2d4851a1d" />
    <TestEntry testId="532bfe79-61d3-8d09-52bb-06591829691e" executionId="d4dbf9bc-5296-4a8e-8be4-6e5447c10b38" testListId="8c84fa94-04c1-424b-9868-57a2d4851a1d" />
    <TestEntry testId="536b6a19-3a08-b70f-2e38-9f6c85ff083a" executionId="d8a808b8-86d8-460b-82fc-da31c5a6bff8" testListId="8c84fa94-04c1-424b-9868-57a2d4851a1d" />
    <TestEntry testId="54c53908-aa18-b805-dfbf-38b92f93913c" executionId="b60fe5fe-4c9f-4844-9b04-029bda27e5f4" testListId="8c84fa94-04c1-424b-9868-57a2d4851a1d" />
    <TestEntry testId="54dfb2f2-edab-6914-c734-746381ef028e" executionId="2d91170d-4dc8-4868-967b-eb368a73b6bb" testListId="8c84fa94-04c1-424b-9868-57a2d4851a1d" />
    <TestEntry testId="559ad5fd-9c89-3fab-e602-368a88629e35" executionId="5c538b90-d5de-4e9c-9506-131c13f26b20" testListId="8c84fa94-04c1-424b-9868-57a2d4851a1d" />
    <TestEntry testId="567a07ee-04bb-68f0-b054-7c3ac20e04d0" executionId="b099b8a9-3474-4ecd-ad8f-a3d3fb4440ab" testListId="8c84fa94-04c1-424b-9868-57a2d4851a1d" />
    <TestEntry testId="56fc1a57-6e5c-088b-8f95-88d9f697c097" executionId="4d2516b1-421a-4b9b-8d53-f31c6cc455d8" testListId="8c84fa94-04c1-424b-9868-57a2d4851a1d" />
    <TestEntry testId="5755d2a8-1978-f19d-e7bc-79a3772bf830" executionId="5238986c-e39b-4758-ba63-a6146836eca9" testListId="8c84fa94-04c1-424b-9868-57a2d4851a1d" />
    <TestEntry testId="583a3c4e-73f0-f6e0-0816-cbe45229841d" executionId="089b2a0f-b93f-40ff-9f50-ff22e278cf86" testListId="8c84fa94-04c1-424b-9868-57a2d4851a1d" />
    <TestEntry testId="585eea8b-8fa4-71e8-9d43-5274aef9fa35" executionId="9432d553-2e05-4334-8a33-f646c4d85ef1" testListId="8c84fa94-04c1-424b-9868-57a2d4851a1d" />
    <TestEntry testId="59990ab9-8064-95a7-969b-da2dc269c717" executionId="c15756ec-a04c-41d4-bcd0-ebda22c8e686" testListId="8c84fa94-04c1-424b-9868-57a2d4851a1d" />
    <TestEntry testId="5b905b9d-179c-2930-2f2f-ad7751aea174" executionId="92838782-6738-4a49-a5ca-6fe1ee936b09" testListId="8c84fa94-04c1-424b-9868-57a2d4851a1d" />
    <TestEntry testId="5d4547ce-a6eb-4a5d-11b5-fd4fb3f2b4c4" executionId="42bb0648-6265-46d4-8031-99ab131f3068" testListId="8c84fa94-04c1-424b-9868-57a2d4851a1d" />
    <TestEntry testId="5d663026-8403-d8b3-571f-dbc623bc2b0e" executionId="7f409c90-de67-4606-9a9f-d853b3b0a6fa" testListId="8c84fa94-04c1-424b-9868-57a2d4851a1d" />
    <TestEntry testId="5f0a5483-d074-35b1-500e-1196c2881235" executionId="a702c889-446d-4773-afd4-7f6f7305db19" testListId="8c84fa94-04c1-424b-9868-57a2d4851a1d" />
    <TestEntry testId="5f6c8af1-2825-3c27-b802-e1be0e1eeb12" executionId="f4163ecd-2781-4f61-83be-1c4687775ee4" testListId="8c84fa94-04c1-424b-9868-57a2d4851a1d" />
    <TestEntry testId="5fdc84ef-63cf-5a14-fe7e-7e23560c2d19" executionId="28c5eca9-6bf0-4103-9d5c-fb9366fa5aba" testListId="8c84fa94-04c1-424b-9868-57a2d4851a1d" />
    <TestEntry testId="603d3527-31ad-433b-f22d-64c8d067b62d" executionId="f06aa191-83db-402d-b628-a6ad11a43a3c" testListId="8c84fa94-04c1-424b-9868-57a2d4851a1d" />
    <TestEntry testId="61f7685b-d775-dd59-8bb8-b9d96ff30e56" executionId="9418420f-895c-4391-9458-e93d846b9114" testListId="8c84fa94-04c1-424b-9868-57a2d4851a1d" />
    <TestEntry testId="633e6a31-e7c1-dc4e-810e-71a427cf70a8" executionId="29bece57-326e-44cb-8d3e-33f5e44f8b90" testListId="8c84fa94-04c1-424b-9868-57a2d4851a1d" />
    <TestEntry testId="640310df-d648-7294-c434-32af677c30c3" executionId="84da620e-c423-44e7-a989-ddb9234d4529" testListId="8c84fa94-04c1-424b-9868-57a2d4851a1d" />
    <TestEntry testId="644c941d-d40b-5655-7852-107ffef9acae" executionId="c0eee53a-d867-4889-ba28-5359f945678a" testListId="8c84fa94-04c1-424b-9868-57a2d4851a1d" />
    <TestEntry testId="69d4fcec-3787-b518-9138-fc65c3d09ecc" executionId="219aae95-18dc-434b-b802-ff5508d0e68e" testListId="8c84fa94-04c1-424b-9868-57a2d4851a1d" />
    <TestEntry testId="6b5ea87c-ca8e-cd07-2a54-53cd363577f8" executionId="560b012b-4334-47f2-b979-5353138b1a5e" testListId="8c84fa94-04c1-424b-9868-57a2d4851a1d" />
    <TestEntry testId="6ea29e89-2e15-126e-eecf-3f7b211c52eb" executionId="274bd040-fb81-4926-b449-8e78d4f7aba5" testListId="8c84fa94-04c1-424b-9868-57a2d4851a1d" />
    <TestEntry testId="6f205f53-5c1d-2d23-0592-7823ba18d3aa" executionId="e8e7c080-123b-4e6f-a936-51b01369035e" testListId="8c84fa94-04c1-424b-9868-57a2d4851a1d" />
    <TestEntry testId="6fb9b650-50a8-89e9-0d35-3a3dc4939152" executionId="3619d736-023b-40b3-bf55-919df6e16628" testListId="8c84fa94-04c1-424b-9868-57a2d4851a1d" />
    <TestEntry testId="70ecef07-25d9-9298-9faa-26825e270b46" executionId="912e678e-d890-46f7-b695-dcc492ac1da5" testListId="8c84fa94-04c1-424b-9868-57a2d4851a1d" />
    <TestEntry testId="71153c10-625e-eee7-0105-ad1f18f9fb72" executionId="4d6d4ddd-618a-40be-a0c9-85511236cfe6" testListId="8c84fa94-04c1-424b-9868-57a2d4851a1d" />
    <TestEntry testId="71646323-a11c-72a1-6c73-8267f331f47f" executionId="fa3d61a0-1b24-4038-9f9d-15e170161d41" testListId="8c84fa94-04c1-424b-9868-57a2d4851a1d" />
    <TestEntry testId="71a360e3-d81d-a30a-382f-721ef096f5b1" executionId="0f345363-43ae-4896-b5eb-b92e82d1c147" testListId="8c84fa94-04c1-424b-9868-57a2d4851a1d" />
    <TestEntry testId="7206ff03-56a7-ec6c-ffc0-c8679263faa3" executionId="225433bd-7a7d-4e2c-a442-db5b5fba4b8f" testListId="8c84fa94-04c1-424b-9868-57a2d4851a1d" />
    <TestEntry testId="73dedb08-3777-9f76-6412-b3470bb8b574" executionId="87d01fea-992d-42d1-98db-9078420117f9" testListId="8c84fa94-04c1-424b-9868-57a2d4851a1d" />
    <TestEntry testId="767e3845-1b47-6225-c38c-e6345e12262a" executionId="2beadd68-9a63-4bbe-8d3f-43cbcffaa6c2" testListId="8c84fa94-04c1-424b-9868-57a2d4851a1d" />
    <TestEntry testId="7743f34e-ac5f-23a3-8e8f-212222420029" executionId="0b0f8de0-c78a-46ea-a84e-443bed0a9a63" testListId="8c84fa94-04c1-424b-9868-57a2d4851a1d" />
    <TestEntry testId="787c2aca-5007-7e56-5e10-28020b3be468" executionId="a4827343-4396-406f-ada6-02b4f9e5fe84" testListId="8c84fa94-04c1-424b-9868-57a2d4851a1d" />
    <TestEntry testId="7896ac03-38fd-b99c-d27e-6cbd208a3f1e" executionId="bb0bafd4-1b17-4c87-90d9-e0827ae02968" testListId="8c84fa94-04c1-424b-9868-57a2d4851a1d" />
    <TestEntry testId="797d7b6c-0b94-436f-8cf2-1181e4378e5e" executionId="ff68889a-7982-4600-a9d3-74f02a929de1" testListId="8c84fa94-04c1-424b-9868-57a2d4851a1d" />
    <TestEntry testId="7a7d56e7-b4b7-3226-df1d-44471276e993" executionId="4d615b57-2e9b-418b-b6c4-a92909c2eb3a" testListId="8c84fa94-04c1-424b-9868-57a2d4851a1d" />
    <TestEntry testId="7a9400e0-6f1a-74cc-aaf2-4e620d01eac4" executionId="7804a375-9011-4af3-bf49-c36bac810705" testListId="8c84fa94-04c1-424b-9868-57a2d4851a1d" />
    <TestEntry testId="7a965cd2-e1cf-8636-b94b-9bb1e4688fd0" executionId="92a6d556-6ca2-4163-90bb-cf64bb85d6ed" testListId="8c84fa94-04c1-424b-9868-57a2d4851a1d" />
    <TestEntry testId="7a9b0937-239f-a7cc-e1fc-09bbc3508e89" executionId="82cb842b-4102-4dda-94f5-a45c32573664" testListId="8c84fa94-04c1-424b-9868-57a2d4851a1d" />
    <TestEntry testId="7acd9860-9837-fbe5-5425-b774d050444a" executionId="3d373d60-d2bc-4977-aa21-b65f66dc9978" testListId="8c84fa94-04c1-424b-9868-57a2d4851a1d" />
    <TestEntry testId="7b6ad291-8507-bfdb-b921-bf2c15c5fff5" executionId="8edb69bb-2415-4158-b084-ac15344b1274" testListId="8c84fa94-04c1-424b-9868-57a2d4851a1d" />
    <TestEntry testId="7ba074f7-37b4-86ab-f897-639c59c7afb2" executionId="f8f52786-fed0-44d8-92e2-a80d35991cac" testListId="8c84fa94-04c1-424b-9868-57a2d4851a1d" />
    <TestEntry testId="7d85dd6d-e955-0c88-df95-d36cadd3d7ff" executionId="187e6437-fd7f-47b4-808a-fa9561e9b13d" testListId="8c84fa94-04c1-424b-9868-57a2d4851a1d" />
    <TestEntry testId="80003646-df99-feba-93b2-6a809b884bf6" executionId="bed00d26-3c9d-40d4-9382-1cac8ecb6a4e" testListId="8c84fa94-04c1-424b-9868-57a2d4851a1d" />
    <TestEntry testId="808822f6-9c85-0a33-f1f9-4d64c79fb975" executionId="6a54798c-a158-4105-8727-221a26118ecf" testListId="8c84fa94-04c1-424b-9868-57a2d4851a1d" />
    <TestEntry testId="80c446f8-daa9-dd90-7ba0-f56b79877aec" executionId="1edc05a2-478c-4b4b-9b2b-5e0f8dd6567f" testListId="8c84fa94-04c1-424b-9868-57a2d4851a1d" />
    <TestEntry testId="830b7e4e-1e9d-8453-edde-ba93d873d94b" executionId="8da6d892-6b9d-4ed0-8cd9-30e39c16fa4f" testListId="8c84fa94-04c1-424b-9868-57a2d4851a1d" />
    <TestEntry testId="8449ab5e-c7c8-6deb-cb03-833888a032c6" executionId="6b71e558-f042-47cf-86c4-e1a412ac8177" testListId="8c84fa94-04c1-424b-9868-57a2d4851a1d" />
    <TestEntry testId="850912a6-5065-5531-7451-3014a79cee54" executionId="e9a76891-40e9-4fab-ac29-6fc1f6855ca0" testListId="8c84fa94-04c1-424b-9868-57a2d4851a1d" />
    <TestEntry testId="869377b3-dcd6-3fd0-816f-a4a48e30d6c3" executionId="1260b417-1438-45fe-96a4-61bda7a43ee2" testListId="8c84fa94-04c1-424b-9868-57a2d4851a1d" />
    <TestEntry testId="86a0d6ba-240b-81ef-7612-a91dd0bac5dd" executionId="8946aff0-96b0-4c22-baeb-1d970b4f5bfa" testListId="8c84fa94-04c1-424b-9868-57a2d4851a1d" />
    <TestEntry testId="86c02588-b87f-32bd-880b-56b0d73c1993" executionId="b3984f8c-8f46-4490-a16f-1ba137c01e95" testListId="8c84fa94-04c1-424b-9868-57a2d4851a1d" />
    <TestEntry testId="8795f817-2bb9-9d00-f981-a3a8a2b7335e" executionId="2647eb0b-4d5d-49fe-8ef1-4feec2f56605" testListId="8c84fa94-04c1-424b-9868-57a2d4851a1d" />
    <TestEntry testId="8a248c8c-38d6-117a-cb08-bb2fddeae117" executionId="d77c6082-7676-4d39-bb3c-048a79047fb7" testListId="8c84fa94-04c1-424b-9868-57a2d4851a1d" />
    <TestEntry testId="8d13964e-5c5a-1ee4-b9d1-2f111aabda85" executionId="839cf15a-0c48-4e36-b64f-ccf632372d2c" testListId="8c84fa94-04c1-424b-9868-57a2d4851a1d" />
    <TestEntry testId="8d424c8f-9c8d-8bdb-c98c-1e76a87f52e2" executionId="7de47a5f-cab8-46f6-a207-e598352d01d5" testListId="8c84fa94-04c1-424b-9868-57a2d4851a1d" />
    <TestEntry testId="8dec4c0d-9137-8bca-e823-6edddad67b2a" executionId="d1c3ef33-f121-4382-b438-01d0e5adc713" testListId="8c84fa94-04c1-424b-9868-57a2d4851a1d" />
    <TestEntry testId="8e9dd2cf-ab74-a19e-4fae-41caa637e0ed" executionId="65a8c956-0343-4236-a1a0-17d62c68f730" testListId="8c84fa94-04c1-424b-9868-57a2d4851a1d" />
    <TestEntry testId="8f15350a-b612-7c9b-89ff-1e54a29d9340" executionId="43d83b25-af69-408a-9ceb-c55035c85e5d" testListId="8c84fa94-04c1-424b-9868-57a2d4851a1d" />
    <TestEntry testId="8f214c0c-af12-b9fb-ae32-e2f0e522a10f" executionId="e679c970-5aa1-4f39-9a04-fa12698b6867" testListId="8c84fa94-04c1-424b-9868-57a2d4851a1d" />
    <TestEntry testId="8fabe6be-0a48-74a9-97ec-54d046e764bc" executionId="b81bdde7-9a1b-48ed-b7a2-40db9919e671" testListId="8c84fa94-04c1-424b-9868-57a2d4851a1d" />
    <TestEntry testId="90427aa6-8cf4-b956-2b3f-9546b7107ae7" executionId="01d77fc3-6d66-433d-883f-693d92ed3ba7" testListId="8c84fa94-04c1-424b-9868-57a2d4851a1d" />
    <TestEntry testId="91ad74e2-7f98-39c5-b2ac-d6979eb1e521" executionId="629ce793-b6d3-4352-8816-1f63f5ab1bb0" testListId="8c84fa94-04c1-424b-9868-57a2d4851a1d" />
    <TestEntry testId="920395ef-4d81-2796-a8e3-57b62c679836" executionId="748fd5b3-1426-4700-b2d6-74c8cd876ff2" testListId="8c84fa94-04c1-424b-9868-57a2d4851a1d" />
    <TestEntry testId="92c796c7-6140-7467-0f72-263f4de0d5fd" executionId="83ec14b7-1cf5-4dcd-877c-3af2cbc6373e" testListId="8c84fa94-04c1-424b-9868-57a2d4851a1d" />
    <TestEntry testId="93237b41-2edc-1e5e-efe4-c865b1af2b62" executionId="57750980-9910-40d6-b5aa-ac30942a8298" testListId="8c84fa94-04c1-424b-9868-57a2d4851a1d" />
    <TestEntry testId="94035d88-ed3c-a1c6-5571-0e7a52145b86" executionId="75f003df-742d-4a6d-9b92-fa72d7f70c4f" testListId="8c84fa94-04c1-424b-9868-57a2d4851a1d" />
    <TestEntry testId="94c02084-a2f4-8ed3-b12d-a1ac0caf9379" executionId="0dbefe49-8b3e-4fb0-b53e-b56ab89d72bd" testListId="8c84fa94-04c1-424b-9868-57a2d4851a1d" />
    <TestEntry testId="9611d5ba-c78e-b7b6-592f-64194d91b456" executionId="da0849d6-9313-4e4e-8ad7-bb65e753fca7" testListId="8c84fa94-04c1-424b-9868-57a2d4851a1d" />
    <TestEntry testId="97102229-37fa-e978-ffae-7fd4c7300f98" executionId="6eecb85c-a4e9-4701-a2fe-c34f5c330c55" testListId="8c84fa94-04c1-424b-9868-57a2d4851a1d" />
    <TestEntry testId="97495e35-0952-692a-91b0-3d721dc574e4" executionId="a25fa8f5-3c2d-492e-8fc5-619feedeb8fe" testListId="8c84fa94-04c1-424b-9868-57a2d4851a1d" />
    <TestEntry testId="98f1539c-0085-97ac-e6d6-c700951efc19" executionId="62a6a3df-8506-401e-8fd9-132bd555ff0b" testListId="8c84fa94-04c1-424b-9868-57a2d4851a1d" />
    <TestEntry testId="990a1706-3c38-5c79-dd26-6bf2a85de470" executionId="20bb7a96-a04f-4a4d-a9b6-83ba96920cf9" testListId="8c84fa94-04c1-424b-9868-57a2d4851a1d" />
    <TestEntry testId="9a12b8c7-dd2a-27a8-8e5c-846cf91e7a67" executionId="9040687a-27b6-43d6-9215-c765d50d3d31" testListId="8c84fa94-04c1-424b-9868-57a2d4851a1d" />
    <TestEntry testId="9b2baef8-8cea-f431-96b6-95e1ddfaf4a9" executionId="0185bf2f-1639-4bc3-9b8e-d6040da80832" testListId="8c84fa94-04c1-424b-9868-57a2d4851a1d" />
    <TestEntry testId="9bfa0b14-def6-4233-8f09-efbae74ca192" executionId="45acd4a3-3f49-4290-9bea-e64d594d48a6" testListId="8c84fa94-04c1-424b-9868-57a2d4851a1d" />
    <TestEntry testId="9d4922e1-95bb-cc07-dd59-02aa21bc0c9d" executionId="29427a45-04dd-48e3-94f7-2ac2b593fe1c" testListId="8c84fa94-04c1-424b-9868-57a2d4851a1d" />
    <TestEntry testId="9ed7c416-1a7b-4673-195d-ca2e196d2a2e" executionId="5fb32d10-a9de-4e39-9e97-461647d9a823" testListId="8c84fa94-04c1-424b-9868-57a2d4851a1d" />
    <TestEntry testId="a45582f8-3825-adac-44bf-8fa9e3381e89" executionId="83769d4a-b942-4a2f-b6c1-e1ecf021d95f" testListId="8c84fa94-04c1-424b-9868-57a2d4851a1d" />
    <TestEntry testId="a5088dbd-9f6a-bb83-e64a-07cfd5052c81" executionId="46bd205a-136a-4ef7-986d-94351d5f3b6f" testListId="8c84fa94-04c1-424b-9868-57a2d4851a1d" />
    <TestEntry testId="a51caca7-6a0e-8bea-fb89-3104ddb0e38a" executionId="87b8129e-aab7-4176-9c70-cc8bece14cb5" testListId="8c84fa94-04c1-424b-9868-57a2d4851a1d" />
    <TestEntry testId="a56170ce-b399-e27e-e213-58e00eb4c436" executionId="9569ed6e-ba1a-4b30-abb5-a6aa48fd2eab" testListId="8c84fa94-04c1-424b-9868-57a2d4851a1d" />
    <TestEntry testId="a5e95aa9-bc38-31cc-9093-9339a7e10a1b" executionId="e795b48c-e5c5-40fd-bd70-3b4eabbe87b5" testListId="8c84fa94-04c1-424b-9868-57a2d4851a1d" />
    <TestEntry testId="a65b5eab-4121-901b-449c-fc9aba07d07b" executionId="c8a4ffa9-02fb-4079-97b9-954c224e9189" testListId="8c84fa94-04c1-424b-9868-57a2d4851a1d" />
    <TestEntry testId="a8ed7a3a-0e05-4105-ece6-4d106523c6c6" executionId="96287bff-2d4c-452c-aea1-bb05a22f74a0" testListId="8c84fa94-04c1-424b-9868-57a2d4851a1d" />
    <TestEntry testId="aa951c3d-ee4a-9ede-aac2-7e390167d171" executionId="45cb7fee-d8ea-4c93-b358-cf5a9fea311e" testListId="8c84fa94-04c1-424b-9868-57a2d4851a1d" />
    <TestEntry testId="ab328c1b-fd51-1dad-6b49-0a3734c2c2e7" executionId="65cb2fff-6480-4376-865b-91a68ffa17aa" testListId="8c84fa94-04c1-424b-9868-57a2d4851a1d" />
    <TestEntry testId="ab4705e8-14a4-6e9f-baf9-e3d238e84cf8" executionId="be8de3ab-c7d4-416f-b07d-c2fda488b65a" testListId="8c84fa94-04c1-424b-9868-57a2d4851a1d" />
    <TestEntry testId="ad25e31e-4a53-f08b-b3bd-cfdcb07226a0" executionId="4ff4e99a-906f-428d-8984-1494675f6e62" testListId="8c84fa94-04c1-424b-9868-57a2d4851a1d" />
    <TestEntry testId="aef19ea6-eb47-a1be-032c-8930cda21d9c" executionId="5a35672c-eaa6-4f35-805b-05f754197a5b" testListId="8c84fa94-04c1-424b-9868-57a2d4851a1d" />
    <TestEntry testId="afe5b38f-db93-5765-7ecd-49d9214e51e3" executionId="6b9b6aed-dbf1-4288-a8b7-1310cb5dc831" testListId="8c84fa94-04c1-424b-9868-57a2d4851a1d" />
    <TestEntry testId="b037dab8-9f99-92da-4740-6e79cccc1e32" executionId="b0bda978-f0a0-4d14-9502-78071d5f1c22" testListId="8c84fa94-04c1-424b-9868-57a2d4851a1d" />
    <TestEntry testId="b03d2b82-a5f5-4a0a-521f-fd9e431b28da" executionId="55016fbf-17ed-49d1-bba5-dc8bc69518db" testListId="8c84fa94-04c1-424b-9868-57a2d4851a1d" />
    <TestEntry testId="b086ebe0-6bb0-f4b4-2d74-97b1a10dd517" executionId="16cba0b5-41b0-4d17-81c3-a984818a2e57" testListId="8c84fa94-04c1-424b-9868-57a2d4851a1d" />
    <TestEntry testId="b1e8fb4c-7380-ad76-529d-dbdac5528194" executionId="2e4857d0-c674-48ff-a1fe-49cc632fec84" testListId="8c84fa94-04c1-424b-9868-57a2d4851a1d" />
    <TestEntry testId="b2c4141e-1dfd-f110-5623-435719fb340e" executionId="a76e29f9-41f3-4d17-b9a9-8e039e9b8351" testListId="8c84fa94-04c1-424b-9868-57a2d4851a1d" />
    <TestEntry testId="b30e4a1d-f330-da4d-3e81-5c536003275c" executionId="9a1b1e01-4bf6-464c-a39b-67bb327499c1" testListId="8c84fa94-04c1-424b-9868-57a2d4851a1d" />
    <TestEntry testId="b32008e9-7a6b-e8be-077f-aa699d6cced0" executionId="6d88c50a-f144-407a-95a9-7996e35ba3bb" testListId="8c84fa94-04c1-424b-9868-57a2d4851a1d" />
    <TestEntry testId="b43d3839-897a-8359-f8af-bc2aa0d853ca" executionId="b0903a60-24f5-4acb-8a4c-db64d412b0b4" testListId="8c84fa94-04c1-424b-9868-57a2d4851a1d" />
    <TestEntry testId="b67c54ae-5aad-e1cc-2b17-0ad544f3f701" executionId="5405d82f-bfea-4617-8bbd-a2ea0125a826" testListId="8c84fa94-04c1-424b-9868-57a2d4851a1d" />
    <TestEntry testId="b6dfae7d-5cf1-2d64-17e8-8a5ce5813218" executionId="960db9a1-036d-4d2b-95d3-7a5c3a75720b" testListId="8c84fa94-04c1-424b-9868-57a2d4851a1d" />
    <TestEntry testId="b70d24a9-e4cc-d879-39c7-bc30de9e70ab" executionId="93c1c173-5fbb-43b6-9e0d-ac632f1fa771" testListId="8c84fa94-04c1-424b-9868-57a2d4851a1d" />
    <TestEntry testId="b74830d0-a6ce-14b6-0d35-7c2e849267f3" executionId="f0dc3947-5e0d-47e3-8f57-0514144b505a" testListId="8c84fa94-04c1-424b-9868-57a2d4851a1d" />
    <TestEntry testId="b7fcc578-5aaf-c60a-749d-838a3f516168" executionId="9eadecd9-7130-4156-8cae-e702debebafe" testListId="8c84fa94-04c1-424b-9868-57a2d4851a1d" />
    <TestEntry testId="b8e531ca-ec94-5331-cc83-d2332ab01f85" executionId="25d5a774-2821-474a-b70a-ba4fc653a263" testListId="8c84fa94-04c1-424b-9868-57a2d4851a1d" />
    <TestEntry testId="b99ec452-b626-078c-5efb-2041d6f255c4" executionId="415a69e4-4680-481a-97e5-c98a74cc0871" testListId="8c84fa94-04c1-424b-9868-57a2d4851a1d" />
    <TestEntry testId="baf4ce3c-1fc7-efc9-3438-7f66d5c18bcf" executionId="7016ca0a-b6f7-43d5-81a6-8f5093955b2d" testListId="8c84fa94-04c1-424b-9868-57a2d4851a1d" />
    <TestEntry testId="bbc45056-7304-0cf8-18ec-0f56b7abf591" executionId="9c30ed6e-a231-4657-95e4-09257e101add" testListId="8c84fa94-04c1-424b-9868-57a2d4851a1d" />
    <TestEntry testId="bbe65d68-71ba-72ec-21d1-a0b54bdef612" executionId="4f518d99-e77f-4704-9c08-e583f2679273" testListId="8c84fa94-04c1-424b-9868-57a2d4851a1d" />
    <TestEntry testId="bbfb3b40-32b8-1a5f-ae60-bf53c22dbf87" executionId="fb4fdd5f-91db-40fa-b845-532c1a8a90ef" testListId="8c84fa94-04c1-424b-9868-57a2d4851a1d" />
    <TestEntry testId="bd00057e-88b2-1e9c-846b-ed190ddc5717" executionId="e359895d-be50-4ccf-aa1c-4a74c281e0f1" testListId="8c84fa94-04c1-424b-9868-57a2d4851a1d" />
    <TestEntry testId="bd7ec864-24ff-4ca6-8f63-6e2fe4065d39" executionId="ed272dd5-f8c5-4d88-9797-2d8ae0d5567f" testListId="8c84fa94-04c1-424b-9868-57a2d4851a1d" />
    <TestEntry testId="bdf76499-e0f6-3d7b-4432-982ba6c3b223" executionId="9ed9310d-f005-437d-b83c-5251cc3b7f0e" testListId="8c84fa94-04c1-424b-9868-57a2d4851a1d" />
    <TestEntry testId="be5f5722-e49c-2552-3b23-55e7eba52bdb" executionId="2fdaabd6-71c4-4c50-a75c-cb3deaa454db" testListId="8c84fa94-04c1-424b-9868-57a2d4851a1d" />
    <TestEntry testId="be772578-3bd6-fe1e-69ad-baa513f62b0b" executionId="c85c87dc-e3b1-4a5f-a41c-dbf91800ade8" testListId="8c84fa94-04c1-424b-9868-57a2d4851a1d" />
    <TestEntry testId="bf4b4d8f-a9c5-278f-9d0c-4140566dfe7e" executionId="40c74957-bb5a-4c40-a9be-4ad0a5cd5efb" testListId="8c84fa94-04c1-424b-9868-57a2d4851a1d" />
    <TestEntry testId="c0b049d8-5af1-212d-f646-b9a7aa76e7aa" executionId="9f5ed83e-9ddf-4b32-ab68-de9d77e8fd4e" testListId="8c84fa94-04c1-424b-9868-57a2d4851a1d" />
    <TestEntry testId="c2a16b22-9983-ed58-4351-7fd3ef453798" executionId="6e726d4e-c214-453c-a55b-2dab15bfcaf9" testListId="8c84fa94-04c1-424b-9868-57a2d4851a1d" />
    <TestEntry testId="c35eb805-49e5-7d06-b69d-ba684aaa6791" executionId="c13809f0-3d9d-4a39-bcdf-cad19baa6b47" testListId="8c84fa94-04c1-424b-9868-57a2d4851a1d" />
    <TestEntry testId="c3a5f774-5c25-7fa7-593c-10a98b5db768" executionId="8113f137-0a5c-49fe-9ee3-9b0f8db59cd9" testListId="8c84fa94-04c1-424b-9868-57a2d4851a1d" />
    <TestEntry testId="c3b85211-1b55-61c6-8d42-782c04048184" executionId="3becfe3c-3354-4e84-b177-36ff5ccf3db2" testListId="8c84fa94-04c1-424b-9868-57a2d4851a1d" />
    <TestEntry testId="c3e8dcc2-bac7-2a0c-9c06-8dc4838145f3" executionId="907b2dba-7584-4aba-aaea-864c23567552" testListId="8c84fa94-04c1-424b-9868-57a2d4851a1d" />
    <TestEntry testId="c441e89e-f895-2b6d-e75c-6ac07c647d62" executionId="5af7da92-ab67-4547-b3f7-34d70320e0e9" testListId="8c84fa94-04c1-424b-9868-57a2d4851a1d" />
    <TestEntry testId="c6e56d30-e4b1-0266-4be4-81fd81816d37" executionId="6ddd8461-c4e9-495c-96ad-0b2341180c5a" testListId="8c84fa94-04c1-424b-9868-57a2d4851a1d" />
    <TestEntry testId="c75708a0-bd76-5c05-5aaa-8fcb10fd4321" executionId="c70db59b-d503-4f59-bb3b-b321dfedfd65" testListId="8c84fa94-04c1-424b-9868-57a2d4851a1d" />
    <TestEntry testId="c764531a-8b43-978a-82fa-64e183192f81" executionId="8166af40-e882-4774-8bfa-e4dd33f57c14" testListId="8c84fa94-04c1-424b-9868-57a2d4851a1d" />
    <TestEntry testId="c80221bd-ca0a-aa23-6b81-2ed5f20f8d5f" executionId="f9de7107-4b34-4d98-9f88-3467fd4ad60d" testListId="8c84fa94-04c1-424b-9868-57a2d4851a1d" />
    <TestEntry testId="cc8275a0-551e-d39e-ef08-c6785391cae1" executionId="4784d11f-99ea-440c-8412-fc526ca63fc2" testListId="8c84fa94-04c1-424b-9868-57a2d4851a1d" />
    <TestEntry testId="cdf50321-c0eb-ddc4-0179-2919c2028903" executionId="db428deb-fe85-4058-8b5d-5b68f95ee5e7" testListId="8c84fa94-04c1-424b-9868-57a2d4851a1d" />
    <TestEntry testId="d0140d76-78ce-58b3-2274-c95b28b0ccfb" executionId="2c7b15be-9ae6-44f8-a183-0c6a4b889336" testListId="8c84fa94-04c1-424b-9868-57a2d4851a1d" />
    <TestEntry testId="d045283f-2980-ed70-af3d-611e9266ab64" executionId="38992313-84e2-424e-a5c4-503feba6a73f" testListId="8c84fa94-04c1-424b-9868-57a2d4851a1d" />
    <TestEntry testId="d5027f5f-1da1-2a25-97cf-1e7da6a062b5" executionId="1066013d-1b7b-45a9-a5fa-f4195d9e8562" testListId="8c84fa94-04c1-424b-9868-57a2d4851a1d" />
    <TestEntry testId="d56f2fbf-3f3e-cba1-4f8d-7b34cec35b0a" executionId="12e53611-e1a8-493c-8af4-52737cf8666f" testListId="8c84fa94-04c1-424b-9868-57a2d4851a1d" />
    <TestEntry testId="d75bbbff-3e3e-ac68-2b4f-48cfb14f2d0a" executionId="ff80e11b-5988-4eb7-a559-f4ad9e7f3858" testListId="8c84fa94-04c1-424b-9868-57a2d4851a1d" />
    <TestEntry testId="d820847a-a64d-718b-5774-4886058277c3" executionId="c88783dd-8a46-4e15-a6b5-8976ff2d0fde" testListId="8c84fa94-04c1-424b-9868-57a2d4851a1d" />
    <TestEntry testId="d8af0a27-8cd9-d036-917e-00672cd2689b" executionId="b88dc0e9-0fc7-4825-bfb1-81f569c4341d" testListId="8c84fa94-04c1-424b-9868-57a2d4851a1d" />
    <TestEntry testId="d97a225a-e31a-2138-2fae-7b4109b25275" executionId="b89301b9-f4a0-4291-81eb-22b9ca47f2ea" testListId="8c84fa94-04c1-424b-9868-57a2d4851a1d" />
    <TestEntry testId="d982986f-d5cc-bb8f-d6d8-e2a54e2f4dd0" executionId="adc37caa-ffcc-4bfc-bbdf-06ef003186fe" testListId="8c84fa94-04c1-424b-9868-57a2d4851a1d" />
    <TestEntry testId="db3b4c9b-bf56-f07b-1edd-3db630376de3" executionId="77217488-0fcf-49bc-8fad-248b32d28455" testListId="8c84fa94-04c1-424b-9868-57a2d4851a1d" />
    <TestEntry testId="db3b6314-b1da-7626-0e4e-61abbddac9d6" executionId="ba3f62c9-e497-4295-89e0-920fcad1cfd1" testListId="8c84fa94-04c1-424b-9868-57a2d4851a1d" />
    <TestEntry testId="dc08494a-5655-aecb-96fc-b52817050a2a" executionId="d6640504-fbdd-4b15-88cf-f37571549c9c" testListId="8c84fa94-04c1-424b-9868-57a2d4851a1d" />
    <TestEntry testId="de06015f-869e-46b8-4b51-8c7b049b2b96" executionId="c1ff9be1-34dc-42ad-be9c-a79048e09ec8" testListId="8c84fa94-04c1-424b-9868-57a2d4851a1d" />
    <TestEntry testId="de9d9ca9-6d6f-fece-a7ad-0d011ee5cf94" executionId="bb612246-d948-4e61-b54d-277f1cc3bab8" testListId="8c84fa94-04c1-424b-9868-57a2d4851a1d" />
    <TestEntry testId="e18cfbc3-f9cf-311e-f710-177b71a46e6d" executionId="7a0fe09f-de9c-4180-8a19-2bca876e2fe4" testListId="8c84fa94-04c1-424b-9868-57a2d4851a1d" />
    <TestEntry testId="e30391ee-1b3b-ee9f-b02c-b47de478c33f" executionId="59ed7bec-4240-426c-91ac-7ad9be9f77b8" testListId="8c84fa94-04c1-424b-9868-57a2d4851a1d" />
    <TestEntry testId="e37183df-04ce-aa53-28d5-e792188a2202" executionId="dfb6ad59-865d-437a-b8f2-e57f14945ef3" testListId="8c84fa94-04c1-424b-9868-57a2d4851a1d" />
    <TestEntry testId="e4451568-6212-a798-2a99-bf5d281a2d5f" executionId="e6662ae0-e2a0-4a7f-a658-6a78de2325ce" testListId="8c84fa94-04c1-424b-9868-57a2d4851a1d" />
    <TestEntry testId="e5623ce5-a9dc-7c7d-ffdc-f4cf28cd97aa" executionId="66f04dfb-4d02-41a9-9197-c36a0fda99a5" testListId="8c84fa94-04c1-424b-9868-57a2d4851a1d" />
    <TestEntry testId="e5750d14-09bb-ec70-127b-652a47b7dd9c" executionId="988d7102-7d62-4ac0-b679-cf691b0279e3" testListId="8c84fa94-04c1-424b-9868-57a2d4851a1d" />
    <TestEntry testId="e77c7ab7-183b-1f93-57a3-77e0403bec4c" executionId="4b9afbe4-c049-49e1-86c9-688756066d66" testListId="8c84fa94-04c1-424b-9868-57a2d4851a1d" />
    <TestEntry testId="e80fc0c4-2914-56fc-191b-489f27774cbc" executionId="cc1545f5-34e6-4c9f-a943-eb95dc7db5c6" testListId="8c84fa94-04c1-424b-9868-57a2d4851a1d" />
    <TestEntry testId="e860bbd5-6ce1-07c3-fd03-d14cbeda5d8f" executionId="52ad0182-276c-4375-89bd-af33115fe916" testListId="8c84fa94-04c1-424b-9868-57a2d4851a1d" />
    <TestEntry testId="e89c0529-2532-190e-5936-91edd9263fb1" executionId="311545c1-ba52-47c6-83ca-35ce2c2d4cb9" testListId="8c84fa94-04c1-424b-9868-57a2d4851a1d" />
    <TestEntry testId="e8ca73cc-b93e-0f49-9374-ed860ffbd677" executionId="c594535f-29ad-4600-99c0-1991922a287b" testListId="8c84fa94-04c1-424b-9868-57a2d4851a1d" />
    <TestEntry testId="e92bcf37-6e16-c584-ba8a-01b110421a93" executionId="0c9759cf-fe0d-4b6a-ae0d-ef8db7d8a308" testListId="8c84fa94-04c1-424b-9868-57a2d4851a1d" />
    <TestEntry testId="e966bfbe-0422-eb75-f093-b800f9c629b7" executionId="2403780c-bb2d-487c-bc6e-72484408d48b" testListId="8c84fa94-04c1-424b-9868-57a2d4851a1d" />
    <TestEntry testId="ea12baf4-c62d-b0ca-b8ec-0dd742c09890" executionId="02ebf3ff-bdec-4fb9-b65d-d63ebfc76965" testListId="8c84fa94-04c1-424b-9868-57a2d4851a1d" />
    <TestEntry testId="ea8ee283-08b1-8adf-4aa4-5e76e4a476d8" executionId="dbe50e90-bbaf-4d7c-8c20-8e500ea605f0" testListId="8c84fa94-04c1-424b-9868-57a2d4851a1d" />
    <TestEntry testId="eaed8830-28b9-0d81-19c8-50909473733c" executionId="19afdf30-64fc-455c-abaf-04fdb51b0612" testListId="8c84fa94-04c1-424b-9868-57a2d4851a1d" />
    <TestEntry testId="ec55615d-1e36-c752-f2bf-b20284d0ae33" executionId="dc4be1e7-11a3-4aeb-9891-7c15378b4d90" testListId="8c84fa94-04c1-424b-9868-57a2d4851a1d" />
    <TestEntry testId="ec99d1a9-4b49-a94f-134c-f58d11b57222" executionId="3660a247-2b59-496b-b07a-83ef7579fd24" testListId="8c84fa94-04c1-424b-9868-57a2d4851a1d" />
    <TestEntry testId="eda1af69-c93e-56bb-5fe9-14115441188c" executionId="94fc2e12-d996-40a3-86a9-0a4c409a2aa0" testListId="8c84fa94-04c1-424b-9868-57a2d4851a1d" />
    <TestEntry testId="ee7a26ae-f08b-c1d5-713f-d21139c592b9" executionId="4a97c648-64b9-4761-b9e2-7f4fcd3e44e4" testListId="8c84fa94-04c1-424b-9868-57a2d4851a1d" />
    <TestEntry testId="eeb34c89-a7df-f580-faa2-1b58190ee5be" executionId="4a92ea80-d797-416e-9c18-a63c4b5af903" testListId="8c84fa94-04c1-424b-9868-57a2d4851a1d" />
    <TestEntry testId="f026b4fd-1d5b-6d3d-657e-a3e832a7de61" executionId="34c966f2-9ef0-43e0-9df9-57053aadb34f" testListId="8c84fa94-04c1-424b-9868-57a2d4851a1d" />
    <TestEntry testId="f342f959-584b-70f7-fc12-f7e45c365653" executionId="ae0fbf49-6302-42a6-82b4-bb30ba3126a7" testListId="8c84fa94-04c1-424b-9868-57a2d4851a1d" />
    <TestEntry testId="f4a16930-7fb5-1364-b2bb-1dffeb9040de" executionId="6ea9d843-6108-4b37-ae7c-621e45742c72" testListId="8c84fa94-04c1-424b-9868-57a2d4851a1d" />
    <TestEntry testId="f4f76af5-0d54-7bf8-8ba4-b32803d7a374" executionId="1f735105-0a22-4173-8c1d-2e851449c174" testListId="8c84fa94-04c1-424b-9868-57a2d4851a1d" />
    <TestEntry testId="f51de229-4761-6e36-e9f5-2ae1d5b346f0" executionId="42d3d3d5-fb90-4d20-b5d7-8c09c506233c" testListId="8c84fa94-04c1-424b-9868-57a2d4851a1d" />
    <TestEntry testId="f55b9351-7cff-05be-34ae-f71cd06467b8" executionId="d0ca6ab7-7fbc-4aae-baee-ff1c3fce1bbf" testListId="8c84fa94-04c1-424b-9868-57a2d4851a1d" />
    <TestEntry testId="f56d5205-e252-235c-3244-90ee14efb3f4" executionId="7fb2cb1a-676d-409d-a7ef-c71b4142027b" testListId="8c84fa94-04c1-424b-9868-57a2d4851a1d" />
    <TestEntry testId="f5f02455-4aef-8763-5044-dc094bc64ba2" executionId="ab2671b2-906a-4762-9573-7419639427d2" testListId="8c84fa94-04c1-424b-9868-57a2d4851a1d" />
    <TestEntry testId="f66902ae-2eb8-36de-bdb4-af24338ae682" executionId="dd17d9c9-034c-4398-a469-a51ba1449ec3" testListId="8c84fa94-04c1-424b-9868-57a2d4851a1d" />
    <TestEntry testId="f791b1fc-7ecf-06ad-9b72-838a0f1da804" executionId="ac0462a9-548d-4ac9-b83b-364e9d58640f" testListId="8c84fa94-04c1-424b-9868-57a2d4851a1d" />
    <TestEntry testId="f96aeaaa-982a-50fe-9819-4fadbbdc5555" executionId="d58a5ecd-9a4c-426c-be98-c37d76929932" testListId="8c84fa94-04c1-424b-9868-57a2d4851a1d" />
    <TestEntry testId="fa540630-b33a-7141-4c49-c4e59268577a" executionId="63019cdc-a25e-4c4e-b918-e3147447160a" testListId="8c84fa94-04c1-424b-9868-57a2d4851a1d" />
    <TestEntry testId="fce54152-c90c-9cca-2f79-ca939e2fd20d" executionId="6df71264-7fe1-4d61-b3e5-0f2740eb1657" testListId="8c84fa94-04c1-424b-9868-57a2d4851a1d" />
    <TestEntry testId="fd09b993-a9b4-e74b-ac25-fcabec687112" executionId="99837d9d-db1c-4305-a9d4-d9d7e74f3078" testListId="8c84fa94-04c1-424b-9868-57a2d4851a1d" />
    <TestEntry testId="fdc59520-9564-0684-d4f9-2091f576f931" executionId="5d83b893-b16b-49e0-9ef1-d431d8847bb0" testListId="8c84fa94-04c1-424b-9868-57a2d4851a1d" />
    <TestEntry testId="fdc6582f-0eab-5f36-d160-7547a6de5dbb" executionId="76b0e0e8-c371-40cf-98c4-a9ba71287987" testListId="8c84fa94-04c1-424b-9868-57a2d4851a1d" />
    <TestEntry testId="febe8afb-7bc1-3f13-831b-73b163a8c327" executionId="56c6c526-0a39-4822-8ee5-01c0c39860fd" testListId="8c84fa94-04c1-424b-9868-57a2d4851a1d" />
  </TestEntries>
  <Results>
    <UnitTestResult executionId="7c48caf6-e91e-49f6-98e4-1dade7fd13e5" testId="02dbbd81-860f-9e6d-6bf0-d3b21164d681" testName="IterThrowsContractException917" computerName="EDSAC" duration="00:00:00.0742773" startTime="2010-12-05T14:25:21.0905491+00:00" endTime="2010-12-05T14:25:21.9155963+00:00" testType="13cdc9d9-ddb5-4fa4-a97d-d965ccfc6d4b" outcome="Passed" testListId="8c84fa94-04c1-424b-9868-57a2d4851a1d" relativeResultsDirectory="7c48caf6-e91e-49f6-98e4-1dade7fd13e5">
    </UnitTestResult>
    <UnitTestResult executionId="bffe98c0-503a-4004-b472-1e10e551c832" testId="03c88b26-e4eb-d38e-6683-3ac55f8aeeac" testName="Add60901" computerName="EDSAC" duration="00:00:00.0034841" startTime="2010-12-05T14:25:21.9335974+00:00" endTime="2010-12-05T14:25:21.9846003+00:00" testType="13cdc9d9-ddb5-4fa4-a97d-d965ccfc6d4b" outcome="Passed" testListId="8c84fa94-04c1-424b-9868-57a2d4851a1d" relativeResultsDirectory="bffe98c0-503a-4004-b472-1e10e551c832">
    </UnitTestResult>
    <UnitTestResult executionId="f0de585b-7384-4eca-9040-996bdffa2cdb" testId="04c53adc-df51-85a8-3dcb-278e962fc112" testName="Subarray709" computerName="EDSAC" duration="00:00:00.0055498" startTime="2010-12-05T14:25:21.9916007+00:00" endTime="2010-12-05T14:25:22.0096017+00:00" testType="13cdc9d9-ddb5-4fa4-a97d-d965ccfc6d4b" outcome="Passed" testListId="8c84fa94-04c1-424b-9868-57a2d4851a1d" relativeResultsDirectory="f0de585b-7384-4eca-9040-996bdffa2cdb">
    </UnitTestResult>
    <UnitTestResult executionId="e11f11ef-a657-4d51-b57c-6aba35c751c6" testId="055e48df-0214-9f4b-ed2b-c5a320ca2c7d" testName="As0163236" computerName="EDSAC" duration="00:00:00.0020101" startTime="2010-12-05T14:25:22.0136019+00:00" endTime="2010-12-05T14:25:22.0326030+00:00" testType="13cdc9d9-ddb5-4fa4-a97d-d965ccfc6d4b" outcome="Passed" testListId="8c84fa94-04c1-424b-9868-57a2d4851a1d" relativeResultsDirectory="e11f11ef-a657-4d51-b57c-6aba35c751c6">
    </UnitTestResult>
    <UnitTestResult executionId="77c01fd6-9f46-491f-a891-b570679a3582" testId="06d747a6-abc2-c83d-da24-3ee86184f362" testName="IsNullableTypeThrowsContractException544" computerName="EDSAC" duration="00:00:00.0006285" startTime="2010-12-05T14:25:22.0346031+00:00" endTime="2010-12-05T14:25:22.0466038+00:00" testType="13cdc9d9-ddb5-4fa4-a97d-d965ccfc6d4b" outcome="Passed" testListId="8c84fa94-04c1-424b-9868-57a2d4851a1d" relativeResultsDirectory="77c01fd6-9f46-491f-a891-b570679a3582">
    </UnitTestResult>
    <UnitTestResult executionId="229c1f08-7141-4b83-b109-01f11522d7e6" testId="0860ee19-0524-5919-2b3c-8316527f7933" testName="If921" computerName="EDSAC" duration="00:00:00.0003620" startTime="2010-12-05T14:25:22.0506040+00:00" endTime="2010-12-05T14:25:22.0596046+00:00" testType="13cdc9d9-ddb5-4fa4-a97d-d965ccfc6d4b" outcome="Passed" testListId="8c84fa94-04c1-424b-9868-57a2d4851a1d" relativeResultsDirectory="229c1f08-7141-4b83-b109-01f11522d7e6">
    </UnitTestResult>
    <UnitTestResult executionId="a57ce3f3-1f7a-40bc-a13b-0f7bcbff04a4" testId="09abec53-bc8a-0db2-1ff6-28ad5ea0f559" testName="As0166404" computerName="EDSAC" duration="00:00:00.0034174" startTime="2010-12-05T14:25:22.0646048+00:00" endTime="2010-12-05T14:25:22.0746054+00:00" testType="13cdc9d9-ddb5-4fa4-a97d-d965ccfc6d4b" outcome="Passed" testListId="8c84fa94-04c1-424b-9868-57a2d4851a1d" relativeResultsDirectory="a57ce3f3-1f7a-40bc-a13b-0f7bcbff04a4">
    </UnitTestResult>
    <UnitTestResult executionId="8cfae88d-98d1-429a-a8a4-30427106ea7b" testId="0c1112ce-06b8-6d36-f7fb-a3574f6e2065" testName="As0163237" computerName="EDSAC" duration="00:00:00.0004484" startTime="2010-12-05T14:25:22.0806058+00:00" endTime="2010-12-05T14:25:22.0876062+00:00" testType="13cdc9d9-ddb5-4fa4-a97d-d965ccfc6d4b" outcome="Passed" testListId="8c84fa94-04c1-424b-9868-57a2d4851a1d" relativeResultsDirectory="8cfae88d-98d1-429a-a8a4-30427106ea7b">
    </UnitTestResult>
    <UnitTestResult executionId="e3324a77-9651-4f93-bd57-29661b1ea7f9" testId="0c58cf0b-ac72-a134-206f-98daff22c7f5" testName="As0132103" computerName="EDSAC" duration="00:00:00.0004227" startTime="2010-12-05T14:25:22.0916064+00:00" endTime="2010-12-05T14:25:22.0986068+00:00" testType="13cdc9d9-ddb5-4fa4-a97d-d965ccfc6d4b" outcome="Passed" testListId="8c84fa94-04c1-424b-9868-57a2d4851a1d" relativeResultsDirectory="e3324a77-9651-4f93-bd57-29661b1ea7f9">
    </UnitTestResult>
    <UnitTestResult executionId="ca2f3c7a-fdea-4a9a-9135-c09497fda26c" testId="0c6370f1-3a15-0de1-18cb-8da30dd57ee7" testName="UnionAllThrowsContractException498" computerName="EDSAC" duration="00:00:00.0024702" startTime="2010-12-05T14:25:22.1036071+00:00" endTime="2010-12-05T14:25:22.1126076+00:00" testType="13cdc9d9-ddb5-4fa4-a97d-d965ccfc6d4b" outcome="Passed" testListId="8c84fa94-04c1-424b-9868-57a2d4851a1d" relativeResultsDirectory="ca2f3c7a-fdea-4a9a-9135-c09497fda26c">
    </UnitTestResult>
    <UnitTestResult executionId="2761727d-ad3e-4029-b21d-d9ea89d48eb8" testId="0cb477c5-7b02-500d-45eb-bb863b0c13bb" testName="RangeThrowsContractException958" computerName="EDSAC" duration="00:00:00.0043735" startTime="2010-12-05T14:25:22.1176079+00:00" endTime="2010-12-05T14:25:22.1296086+00:00" testType="13cdc9d9-ddb5-4fa4-a97d-d965ccfc6d4b" outcome="Passed" testListId="8c84fa94-04c1-424b-9868-57a2d4851a1d" relativeResultsDirectory="2761727d-ad3e-4029-b21d-d9ea89d48eb8">
    </UnitTestResult>
    <UnitTestResult executionId="581d12c0-de11-4036-a522-031ef93c0ff4" testId="0cf9c414-1497-f4be-8e70-721d9337c834" testName="ToString01530" computerName="EDSAC" duration="00:00:00.0032387" startTime="2010-12-05T14:25:22.1386091+00:00" endTime="2010-12-05T14:25:22.1506098+00:00" testType="13cdc9d9-ddb5-4fa4-a97d-d965ccfc6d4b" outcome="Passed" testListId="8c84fa94-04c1-424b-9868-57a2d4851a1d" relativeResultsDirectory="581d12c0-de11-4036-a522-031ef93c0ff4">
    </UnitTestResult>
    <UnitTestResult executionId="c72e3e6c-a2f2-4589-86a7-0844c666d127" testId="0e44207d-1ccf-04c5-6aef-2081653ff131" testName="IfNotNull0159703" computerName="EDSAC" duration="00:00:00.0239403" startTime="2010-12-05T14:25:22.1566101+00:00" endTime="2010-12-05T14:25:22.1986125+00:00" testType="13cdc9d9-ddb5-4fa4-a97d-d965ccfc6d4b" outcome="Passed" testListId="8c84fa94-04c1-424b-9868-57a2d4851a1d" relativeResultsDirectory="c72e3e6c-a2f2-4589-86a7-0844c666d127">
    </UnitTestResult>
    <UnitTestResult executionId="a585fb87-0fa8-49a0-a0ab-bd72de365a07" testId="0e645c38-e73b-967d-e94f-74a8d38a05b3" testName="As170" computerName="EDSAC" duration="00:00:00.1052272" startTime="2010-12-05T14:25:22.2096131+00:00" endTime="2010-12-05T14:25:22.3416207+00:00" testType="13cdc9d9-ddb5-4fa4-a97d-d965ccfc6d4b" outcome="Passed" testListId="8c84fa94-04c1-424b-9868-57a2d4851a1d" relativeResultsDirectory="a585fb87-0fa8-49a0-a0ab-bd72de365a07">
    </UnitTestResult>
    <UnitTestResult executionId="9d6a7f14-0d63-4d7c-9474-922f5426961a" testId="0e73a463-cb0d-f992-9d84-5941849f04d6" testName="To0459801" computerName="EDSAC" duration="00:00:00.0120418" startTime="2010-12-05T14:25:22.3686222+00:00" endTime="2010-12-05T14:25:22.3896234+00:00" testType="13cdc9d9-ddb5-4fa4-a97d-d965ccfc6d4b" outcome="Passed" testListId="8c84fa94-04c1-424b-9868-57a2d4851a1d" relativeResultsDirectory="9d6a7f14-0d63-4d7c-9474-922f5426961a">
    </UnitTestResult>
    <UnitTestResult executionId="0979dc0e-ce6a-4f20-aeb2-34df2517eda2" testId="0e90738b-70d8-2788-4a26-d16c8666f6ca" testName="As0163232" computerName="EDSAC" duration="00:00:00.0050963" startTime="2010-12-05T14:25:22.4046243+00:00" endTime="2010-12-05T14:25:22.4316258+00:00" testType="13cdc9d9-ddb5-4fa4-a97d-d965ccfc6d4b" outcome="Passed" testListId="8c84fa94-04c1-424b-9868-57a2d4851a1d" relativeResultsDirectory="0979dc0e-ce6a-4f20-aeb2-34df2517eda2">
    </UnitTestResult>
    <UnitTestResult executionId="8138b3ec-6515-45cb-b0aa-13d311962929" testId="0f614d48-4580-1835-c34d-314b56fdf70c" testName="AsEnumerable56003" computerName="EDSAC" duration="00:00:00.0141070" startTime="2010-12-05T14:25:22.4476268+00:00" endTime="2010-12-05T14:25:22.4936294+00:00" testType="13cdc9d9-ddb5-4fa4-a97d-d965ccfc6d4b" outcome="Passed" testListId="8c84fa94-04c1-424b-9868-57a2d4851a1d" relativeResultsDirectory="8138b3ec-6515-45cb-b0aa-13d311962929">
    </UnitTestResult>
    <UnitTestResult executionId="7d2152c2-a7dd-4819-91b8-76abe3a8472f" testId="0f9431a7-c4c3-1aca-912d-ce2c11b0e97d" testName="ContainsArrayThrowsContractException154" computerName="EDSAC" duration="00:00:00.0150425" startTime="2010-12-05T14:25:22.5006298+00:00" endTime="2010-12-05T14:25:22.5246312+00:00" testType="13cdc9d9-ddb5-4fa4-a97d-d965ccfc6d4b" outcome="Passed" testListId="8c84fa94-04c1-424b-9868-57a2d4851a1d" relativeResultsDirectory="7d2152c2-a7dd-4819-91b8-76abe3a8472f">
    </UnitTestResult>
    <UnitTestResult executionId="0fc66cb7-bd24-468d-874d-e3b2e8f1ebc6" testId="106b7a63-3c06-2f97-097e-1a5d38b1a1ac" testName="Add88503" computerName="EDSAC" duration="00:00:00.0010442" startTime="2010-12-05T14:25:22.5346317+00:00" endTime="2010-12-05T14:25:22.5726339+00:00" testType="13cdc9d9-ddb5-4fa4-a97d-d965ccfc6d4b" outcome="Passed" testListId="8c84fa94-04c1-424b-9868-57a2d4851a1d" relativeResultsDirectory="0fc66cb7-bd24-468d-874d-e3b2e8f1ebc6">
    </UnitTestResult>
    <UnitTestResult executionId="c06a5013-78a1-45d0-8174-99524294d057" testId="11187b04-c546-bd3e-0bbb-d3f71bff1f4f" testName="AsEnumerable0314803" computerName="EDSAC" duration="00:00:00.0328269" startTime="2010-12-05T14:25:22.5786342+00:00" endTime="2010-12-05T14:25:22.6196366+00:00" testType="13cdc9d9-ddb5-4fa4-a97d-d965ccfc6d4b" outcome="Passed" testListId="8c84fa94-04c1-424b-9868-57a2d4851a1d" relativeResultsDirectory="c06a5013-78a1-45d0-8174-99524294d057">
    </UnitTestResult>
    <UnitTestResult executionId="83c55d5c-7a58-498c-b315-6bdaefd30362" testId="116bcbca-67a9-cf3b-0614-27721784c6e2" testName="IfNotNull0159704" computerName="EDSAC" duration="00:00:00.0003354" startTime="2010-12-05T14:25:22.6456381+00:00" endTime="2010-12-05T14:25:22.6546386+00:00" testType="13cdc9d9-ddb5-4fa4-a97d-d965ccfc6d4b" outcome="Passed" testListId="8c84fa94-04c1-424b-9868-57a2d4851a1d" relativeResultsDirectory="83c55d5c-7a58-498c-b315-6bdaefd30362">
    </UnitTestResult>
    <UnitTestResult executionId="99a8f90e-0e90-4917-b4ba-dffdfa1738bc" testId="116e53ad-53cc-1f8c-5eeb-a61eba3cd5e8" testName="ForEach90804" computerName="EDSAC" duration="00:00:00.0038117" startTime="2010-12-05T14:25:22.6926408+00:00" endTime="2010-12-05T14:25:22.7106418+00:00" testType="13cdc9d9-ddb5-4fa4-a97d-d965ccfc6d4b" outcome="Passed" testListId="8c84fa94-04c1-424b-9868-57a2d4851a1d" relativeResultsDirectory="99a8f90e-0e90-4917-b4ba-dffdfa1738bc">
    </UnitTestResult>
    <UnitTestResult executionId="fe8822f7-96ea-441f-9969-3302abeba13c" testId="1281f517-45b5-6723-bc3e-71da88a02141" testName="Random43101" computerName="EDSAC" duration="00:00:00.0020157" startTime="2010-12-05T14:25:22.7326431+00:00" endTime="2010-12-05T14:25:22.7516441+00:00" testType="13cdc9d9-ddb5-4fa4-a97d-d965ccfc6d4b" outcome="Passed" testListId="8c84fa94-04c1-424b-9868-57a2d4851a1d" relativeResultsDirectory="fe8822f7-96ea-441f-9969-3302abeba13c">
    </UnitTestResult>
    <UnitTestResult executionId="e9e0afda-dbf4-4d50-9bda-a8e5502c3726" testId="14c4d8f7-99c5-9b56-48f1-16bece872cd1" testName="As76301" computerName="EDSAC" duration="00:00:00.0055363" startTime="2010-12-05T14:25:22.7616447+00:00" endTime="2010-12-05T14:25:22.7886463+00:00" testType="13cdc9d9-ddb5-4fa4-a97d-d965ccfc6d4b" outcome="Passed" testListId="8c84fa94-04c1-424b-9868-57a2d4851a1d" relativeResultsDirectory="e9e0afda-dbf4-4d50-9bda-a8e5502c3726">
    </UnitTestResult>
    <UnitTestResult executionId="d5fb7bb0-fe50-4493-aea2-9a0301e33658" testId="14e07649-4bb1-965c-d352-f5e6a62d38fd" testName="IsNullOrEmpty177" computerName="EDSAC" duration="00:00:00.0040511" startTime="2010-12-05T14:25:22.8036471+00:00" endTime="2010-12-05T14:25:22.8226482+00:00" testType="13cdc9d9-ddb5-4fa4-a97d-d965ccfc6d4b" outcome="Passed" testListId="8c84fa94-04c1-424b-9868-57a2d4851a1d" relativeResultsDirectory="d5fb7bb0-fe50-4493-aea2-9a0301e33658">
    </UnitTestResult>
    <UnitTestResult executionId="a1ceea79-8441-47aa-a2f7-13829d25c52f" testId="1614cc64-5cbc-b082-cb61-089f874d65b1" testName="TakeEveryThrowsContractException265" computerName="EDSAC" duration="00:00:00.0074074" startTime="2010-12-05T14:25:22.8316487+00:00" endTime="2010-12-05T14:25:22.8666507+00:00" testType="13cdc9d9-ddb5-4fa4-a97d-d965ccfc6d4b" outcome="Passed" testListId="8c84fa94-04c1-424b-9868-57a2d4851a1d" relativeResultsDirectory="a1ceea79-8441-47aa-a2f7-13829d25c52f">
    </UnitTestResult>
    <UnitTestResult executionId="280585d2-5629-4714-b8d9-308d0739a444" testId="16bc510b-963f-30e5-6517-13389edd4fdc" testName="GetByPercentThrowsIndexOutOfRangeException858" computerName="EDSAC" duration="00:00:00.0032228" startTime="2010-12-05T14:25:22.8756512+00:00" endTime="2010-12-05T14:25:22.8936523+00:00" testType="13cdc9d9-ddb5-4fa4-a97d-d965ccfc6d4b" outcome="Passed" testListId="8c84fa94-04c1-424b-9868-57a2d4851a1d" relativeResultsDirectory="280585d2-5629-4714-b8d9-308d0739a444">
    </UnitTestResult>
    <UnitTestResult executionId="1020f508-f3d3-4f80-9f7b-76387e15b9b8" testId="16eccf92-0ec9-930b-cfbe-252e74468966" testName="GenerateEndlessThrowsContractException760" computerName="EDSAC" duration="00:00:00.0019872" startTime="2010-12-05T14:25:22.9066530+00:00" endTime="2010-12-05T14:25:22.9486554+00:00" testType="13cdc9d9-ddb5-4fa4-a97d-d965ccfc6d4b" outcome="Passed" testListId="8c84fa94-04c1-424b-9868-57a2d4851a1d" relativeResultsDirectory="1020f508-f3d3-4f80-9f7b-76387e15b9b8">
    </UnitTestResult>
    <UnitTestResult executionId="e95dda02-320d-42dc-aa25-5fc74f988cde" testId="17cbf434-78e7-42a5-6758-242cc94ac703" testName="CastAs434" computerName="EDSAC" duration="00:00:00.0004008" startTime="2010-12-05T14:25:22.9616562+00:00" endTime="2010-12-05T14:25:23.0106590+00:00" testType="13cdc9d9-ddb5-4fa4-a97d-d965ccfc6d4b" outcome="Passed" testListId="8c84fa94-04c1-424b-9868-57a2d4851a1d" relativeResultsDirectory="e95dda02-320d-42dc-aa25-5fc74f988cde">
    </UnitTestResult>
    <UnitTestResult executionId="2531f3e3-a363-4c91-abad-912f2eab69a9" testId="18234ca5-6af0-1355-5140-f92645f28e01" testName="If79" computerName="EDSAC" duration="00:00:00.0042162" startTime="2010-12-05T14:25:23.0316602+00:00" endTime="2010-12-05T14:25:23.0506612+00:00" testType="13cdc9d9-ddb5-4fa4-a97d-d965ccfc6d4b" outcome="Passed" testListId="8c84fa94-04c1-424b-9868-57a2d4851a1d" relativeResultsDirectory="2531f3e3-a363-4c91-abad-912f2eab69a9">
    </UnitTestResult>
    <UnitTestResult executionId="3e38df1c-0aff-4d06-bdd3-294b1b2da177" testId="19033310-a8dd-db0b-1dcd-2bf1bef510ca" testName="Fill0110501" computerName="EDSAC" duration="00:00:00.0045429" startTime="2010-12-05T14:25:23.0596618+00:00" endTime="2010-12-05T14:25:23.0836631+00:00" testType="13cdc9d9-ddb5-4fa4-a97d-d965ccfc6d4b" outcome="Passed" testListId="8c84fa94-04c1-424b-9868-57a2d4851a1d" relativeResultsDirectory="3e38df1c-0aff-4d06-bdd3-294b1b2da177">
    </UnitTestResult>
    <UnitTestResult executionId="5c9c77c4-ac3e-4596-ba41-d4e63d0925ce" testId="1903a639-b5d9-1b4f-9c30-0405b15e8f12" testName="ForEach90802" computerName="EDSAC" duration="00:00:00.0023498" startTime="2010-12-05T14:25:23.0886634+00:00" endTime="2010-12-05T14:25:23.1066644+00:00" testType="13cdc9d9-ddb5-4fa4-a97d-d965ccfc6d4b" outcome="Passed" testListId="8c84fa94-04c1-424b-9868-57a2d4851a1d" relativeResultsDirectory="5c9c77c4-ac3e-4596-ba41-d4e63d0925ce">
    </UnitTestResult>
    <UnitTestResult executionId="042b9d58-bbff-41ed-811b-174a17cb1657" testId="1a1204f8-80dc-63b9-41bb-196d59b5bd9c" testName="As21507" computerName="EDSAC" duration="00:00:00.0029018" startTime="2010-12-05T14:25:23.1326659+00:00" endTime="2010-12-05T14:25:23.1456667+00:00" testType="13cdc9d9-ddb5-4fa4-a97d-d965ccfc6d4b" outcome="Passed" testListId="8c84fa94-04c1-424b-9868-57a2d4851a1d" relativeResultsDirectory="042b9d58-bbff-41ed-811b-174a17cb1657">
    </UnitTestResult>
    <UnitTestResult executionId="8bd81ab6-3d37-4b94-8dbc-dd5466116d9e" testId="1a16baca-1870-eb8d-2332-884e5248582b" testName="GetByPercentThrowsContractException316" computerName="EDSAC" duration="00:00:00.0005571" startTime="2010-12-05T14:25:23.1576674+00:00" endTime="2010-12-05T14:25:23.1716682+00:00" testType="13cdc9d9-ddb5-4fa4-a97d-d965ccfc6d4b" outcome="Passed" testListId="8c84fa94-04c1-424b-9868-57a2d4851a1d" relativeResultsDirectory="8bd81ab6-3d37-4b94-8dbc-dd5466116d9e">
    </UnitTestResult>
    <UnitTestResult executionId="0e511a9f-637a-4106-9d1f-5b170f1b6f24" testId="1a2d7899-6e00-21df-f034-6547a11cae31" testName="ExecuteThrowsContractException889" computerName="EDSAC" duration="00:00:00.0063118" startTime="2010-12-05T14:25:23.1826688+00:00" endTime="2010-12-05T14:25:23.1946695+00:00" testType="13cdc9d9-ddb5-4fa4-a97d-d965ccfc6d4b" outcome="Passed" testListId="8c84fa94-04c1-424b-9868-57a2d4851a1d" relativeResultsDirectory="0e511a9f-637a-4106-9d1f-5b170f1b6f24">
    </UnitTestResult>
    <UnitTestResult executionId="d5318add-2dff-424d-be06-8f5849740fb9" testId="1a41ca06-c399-fb41-1b68-4e54f6d9fba0" testName="As0163227" computerName="EDSAC" duration="00:00:00.0028360" startTime="2010-12-05T14:25:23.2026699+00:00" endTime="2010-12-05T14:25:23.2136706+00:00" testType="13cdc9d9-ddb5-4fa4-a97d-d965ccfc6d4b" outcome="Passed" testListId="8c84fa94-04c1-424b-9868-57a2d4851a1d" relativeResultsDirectory="d5318add-2dff-424d-be06-8f5849740fb9">
    </UnitTestResult>
    <UnitTestResult executionId="4532b79d-210e-467d-a15e-d99370101ae4" testId="1ac879f8-3c0a-1016-6157-e481eddd5c9f" testName="Add74301" computerName="EDSAC" duration="00:00:00.0041402" startTime="2010-12-05T14:25:23.2226711+00:00" endTime="2010-12-05T14:25:23.2436723+00:00" testType="13cdc9d9-ddb5-4fa4-a97d-d965ccfc6d4b" outcome="Passed" testListId="8c84fa94-04c1-424b-9868-57a2d4851a1d" relativeResultsDirectory="4532b79d-210e-467d-a15e-d99370101ae4">
    </UnitTestResult>
    <UnitTestResult executionId="f2833ab0-dce5-4a62-bd7b-78238dd31e00" testId="1b50a732-77b4-82a3-8153-f8dad0640018" testName="IfNotNull47704" computerName="EDSAC" duration="00:00:00.0029363" startTime="2010-12-05T14:25:23.2526728+00:00" endTime="2010-12-05T14:25:23.2716739+00:00" testType="13cdc9d9-ddb5-4fa4-a97d-d965ccfc6d4b" outcome="Passed" testListId="8c84fa94-04c1-424b-9868-57a2d4851a1d" relativeResultsDirectory="f2833ab0-dce5-4a62-bd7b-78238dd31e00">
    </UnitTestResult>
    <UnitTestResult executionId="01707573-ff4d-450d-9b13-c0d074c3086d" testId="1b9103d0-5cae-0f4c-09ff-459b405bb125" testName="Random01ThrowsContractException824" computerName="EDSAC" duration="00:00:00.0007279" startTime="2010-12-05T14:25:23.2776742+00:00" endTime="2010-12-05T14:25:23.3156764+00:00" testType="13cdc9d9-ddb5-4fa4-a97d-d965ccfc6d4b" outcome="Passed" testListId="8c84fa94-04c1-424b-9868-57a2d4851a1d" relativeResultsDirectory="01707573-ff4d-450d-9b13-c0d074c3086d">
    </UnitTestResult>
    <UnitTestResult executionId="31c6a6ef-3c5e-441d-9cf3-bc673ba3668d" testId="1c5ab376-6152-4272-31e3-55dc91a07a86" testName="Fill0110504" computerName="EDSAC" duration="00:00:00.0183550" startTime="2010-12-05T14:25:23.3236769+00:00" endTime="2010-12-05T14:25:23.3766799+00:00" testType="13cdc9d9-ddb5-4fa4-a97d-d965ccfc6d4b" outcome="Passed" testListId="8c84fa94-04c1-424b-9868-57a2d4851a1d" relativeResultsDirectory="31c6a6ef-3c5e-441d-9cf3-bc673ba3668d">
    </UnitTestResult>
    <UnitTestResult executionId="8f7c7e03-55f0-420c-a7ed-e66a0b63784b" testId="1c9baf40-1112-7f41-3f0f-adc161687f04" testName="Fill01ThrowsContractException279" computerName="EDSAC" duration="00:00:00.0007755" startTime="2010-12-05T14:25:23.3786800+00:00" endTime="2010-12-05T14:25:23.3956810+00:00" testType="13cdc9d9-ddb5-4fa4-a97d-d965ccfc6d4b" outcome="Passed" testListId="8c84fa94-04c1-424b-9868-57a2d4851a1d" relativeResultsDirectory="8f7c7e03-55f0-420c-a7ed-e66a0b63784b">
    </UnitTestResult>
    <UnitTestResult executionId="e254531b-69a0-4e4e-82e1-7d22d5911e24" testId="1ca82a0b-7842-06c7-ecd3-2f81b62f1e0e" testName="ReadLinesFromFileThrowsContractException244" computerName="EDSAC" duration="00:00:00.0015556" startTime="2010-12-05T14:25:23.4056816+00:00" endTime="2010-12-05T14:25:23.4286829+00:00" testType="13cdc9d9-ddb5-4fa4-a97d-d965ccfc6d4b" outcome="Passed" testListId="8c84fa94-04c1-424b-9868-57a2d4851a1d" relativeResultsDirectory="e254531b-69a0-4e4e-82e1-7d22d5911e24">
    </UnitTestResult>
    <UnitTestResult executionId="f6231841-cfb6-4396-bee9-70f8cb2362b9" testId="1cb6fca5-5cbd-75cb-cfee-a358b8315906" testName="Add60904" computerName="EDSAC" duration="00:00:00.0051877" startTime="2010-12-05T14:25:23.4336832+00:00" endTime="2010-12-05T14:25:23.4516842+00:00" testType="13cdc9d9-ddb5-4fa4-a97d-d965ccfc6d4b" outcome="Passed" testListId="8c84fa94-04c1-424b-9868-57a2d4851a1d" relativeResultsDirectory="f6231841-cfb6-4396-bee9-70f8cb2362b9">
    </UnitTestResult>
    <UnitTestResult executionId="02db6019-6114-4eb4-bbcc-9d0c342f1378" testId="1cdb2f2c-09f6-d6d8-6d16-a0ea90824aba" testName="As21518" computerName="EDSAC" duration="00:00:00.0030590" startTime="2010-12-05T14:25:23.4636849+00:00" endTime="2010-12-05T14:25:23.4806858+00:00" testType="13cdc9d9-ddb5-4fa4-a97d-d965ccfc6d4b" outcome="Passed" testListId="8c84fa94-04c1-424b-9868-57a2d4851a1d" relativeResultsDirectory="02db6019-6114-4eb4-bbcc-9d0c342f1378">
    </UnitTestResult>
    <UnitTestResult executionId="bdb2f348-a99a-4f2b-9792-96ebdec2607c" testId="1e0ca069-996e-4bc0-6164-74e9ee8107ac" testName="GetByPercentThrowsContractException730" computerName="EDSAC" duration="00:00:00.0025640" startTime="2010-12-05T14:25:23.4986869+00:00" endTime="2010-12-05T14:25:23.5096875+00:00" testType="13cdc9d9-ddb5-4fa4-a97d-d965ccfc6d4b" outcome="Passed" testListId="8c84fa94-04c1-424b-9868-57a2d4851a1d" relativeResultsDirectory="bdb2f348-a99a-4f2b-9792-96ebdec2607c">
    </UnitTestResult>
    <UnitTestResult executionId="7f203835-a175-4321-8ce3-c1f637181baa" testId="1e811e95-82b3-7182-a1a6-ec99686bab87" testName="IsIn570" computerName="EDSAC" duration="00:00:00.0019602" startTime="2010-12-05T14:25:23.5176880+00:00" endTime="2010-12-05T14:25:23.5356890+00:00" testType="13cdc9d9-ddb5-4fa4-a97d-d965ccfc6d4b" outcome="Passed" testListId="8c84fa94-04c1-424b-9868-57a2d4851a1d" relativeResultsDirectory="7f203835-a175-4321-8ce3-c1f637181baa">
    </UnitTestResult>
    <UnitTestResult executionId="c935dbf1-deac-4f1a-803e-3756601a22b0" testId="1fd730db-48ad-68c2-a560-921c988f9a38" testName="GenerateEndless277" computerName="EDSAC" duration="00:00:00.0069804" startTime="2010-12-05T14:25:23.5436894+00:00" endTime="2010-12-05T14:25:23.5596904+00:00" testType="13cdc9d9-ddb5-4fa4-a97d-d965ccfc6d4b" outcome="Passed" testListId="8c84fa94-04c1-424b-9868-57a2d4851a1d" relativeResultsDirectory="c935dbf1-deac-4f1a-803e-3756601a22b0">
    </UnitTestResult>
    <UnitTestResult executionId="019e2018-61a0-4286-a07c-58b69d607967" testId="20789601-3bb2-517f-9c07-8755507d968d" testName="IsIn0134" computerName="EDSAC" duration="00:00:00.0050277" startTime="2010-12-05T14:25:23.5656907+00:00" endTime="2010-12-05T14:25:23.5906921+00:00" testType="13cdc9d9-ddb5-4fa4-a97d-d965ccfc6d4b" outcome="Passed" testListId="8c84fa94-04c1-424b-9868-57a2d4851a1d" relativeResultsDirectory="019e2018-61a0-4286-a07c-58b69d607967">
    </UnitTestResult>
    <UnitTestResult executionId="5bedd233-110f-4b34-a320-52ad8c7bed64" testId="21cd2d7c-c714-efa2-4c1d-abe7711f0f8f" testName="IfNotNull01ThrowsContractException561" computerName="EDSAC" duration="00:00:00.0005459" startTime="2010-12-05T14:25:23.5986926+00:00" endTime="2010-12-05T14:25:23.6066930+00:00" testType="13cdc9d9-ddb5-4fa4-a97d-d965ccfc6d4b" outcome="Passed" testListId="8c84fa94-04c1-424b-9868-57a2d4851a1d" relativeResultsDirectory="5bedd233-110f-4b34-a320-52ad8c7bed64">
    </UnitTestResult>
    <UnitTestResult executionId="1c17cb2e-4f14-4e51-834b-b58a0aa8b0f9" testId="2250a8be-6947-1057-ceec-e49c62f651fa" testName="As21505" computerName="EDSAC" duration="00:00:00.0066240" startTime="2010-12-05T14:25:23.6086932+00:00" endTime="2010-12-05T14:25:23.6616962+00:00" testType="13cdc9d9-ddb5-4fa4-a97d-d965ccfc6d4b" outcome="Passed" testListId="8c84fa94-04c1-424b-9868-57a2d4851a1d" relativeResultsDirectory="1c17cb2e-4f14-4e51-834b-b58a0aa8b0f9">
    </UnitTestResult>
    <UnitTestResult executionId="bcded512-9d10-406c-aed6-d57268c63540" testId="229cca66-aa3f-9557-9307-ec8679e563f6" testName="To0163701" computerName="EDSAC" duration="00:00:00.0164928" startTime="2010-12-05T14:25:23.6636963+00:00" endTime="2010-12-05T14:25:23.7196995+00:00" testType="13cdc9d9-ddb5-4fa4-a97d-d965ccfc6d4b" outcome="Passed" testListId="8c84fa94-04c1-424b-9868-57a2d4851a1d" relativeResultsDirectory="bcded512-9d10-406c-aed6-d57268c63540">
    </UnitTestResult>
    <UnitTestResult executionId="ff3f7446-e3f2-472a-8243-182e7c154603" testId="22b3bc9e-2d91-4747-086b-d415be2c5776" testName="RangeThrowsContractException560" computerName="EDSAC" duration="00:00:00.0006187" startTime="2010-12-05T14:25:23.7216996+00:00" endTime="2010-12-05T14:25:23.7427008+00:00" testType="13cdc9d9-ddb5-4fa4-a97d-d965ccfc6d4b" outcome="Passed" testListId="8c84fa94-04c1-424b-9868-57a2d4851a1d" relativeResultsDirectory="ff3f7446-e3f2-472a-8243-182e7c154603">
    </UnitTestResult>
    <UnitTestResult executionId="fbccaa8e-5c2a-4a74-b1d9-9e3a97a3d90c" testId="22fb3f0c-8177-2102-3c97-5cd124eaf953" testName="Add60902" computerName="EDSAC" duration="00:00:00.0004502" startTime="2010-12-05T14:25:23.7447009+00:00" endTime="2010-12-05T14:25:23.7677023+00:00" testType="13cdc9d9-ddb5-4fa4-a97d-d965ccfc6d4b" outcome="Passed" testListId="8c84fa94-04c1-424b-9868-57a2d4851a1d" relativeResultsDirectory="fbccaa8e-5c2a-4a74-b1d9-9e3a97a3d90c">
    </UnitTestResult>
    <UnitTestResult executionId="62a75a28-20b3-49de-bd64-b2b4f1344f1a" testId="23289518-cff6-51c7-cbca-8f7fc69c7429" testName="SubarrayThrowsContractException304" computerName="EDSAC" duration="00:00:00.0008562" startTime="2010-12-05T14:25:23.7697024+00:00" endTime="2010-12-05T14:25:23.7897035+00:00" testType="13cdc9d9-ddb5-4fa4-a97d-d965ccfc6d4b" outcome="Passed" testListId="8c84fa94-04c1-424b-9868-57a2d4851a1d" relativeResultsDirectory="62a75a28-20b3-49de-bd64-b2b4f1344f1a">
    </UnitTestResult>
    <UnitTestResult executionId="75c72597-0011-4fbe-a112-fec0bb3ff2e9" testId="232bf56a-14b4-d23b-234d-b4dc8e45e5f1" testName="ExecutionTime01738" computerName="EDSAC" duration="00:00:00.0125532" startTime="2010-12-05T14:25:23.7927037+00:00" endTime="2010-12-05T14:25:23.8197052+00:00" testType="13cdc9d9-ddb5-4fa4-a97d-d965ccfc6d4b" outcome="Passed" testListId="8c84fa94-04c1-424b-9868-57a2d4851a1d" relativeResultsDirectory="75c72597-0011-4fbe-a112-fec0bb3ff2e9">
    </UnitTestResult>
    <UnitTestResult executionId="66b7e1dc-d669-4dde-8f91-730ad3f5b34a" testId="236dd585-9363-168d-3729-7ab007ad8692" testName="Fill68801" computerName="EDSAC" duration="00:00:00.0028453" startTime="2010-12-05T14:25:23.8287057+00:00" endTime="2010-12-05T14:25:23.8397064+00:00" testType="13cdc9d9-ddb5-4fa4-a97d-d965ccfc6d4b" outcome="Passed" testListId="8c84fa94-04c1-424b-9868-57a2d4851a1d" relativeResultsDirectory="66b7e1dc-d669-4dde-8f91-730ad3f5b34a">
    </UnitTestResult>
    <UnitTestResult executionId="04a68b88-56c4-4c3c-823c-17ec34b52879" testId="25d5b35a-db1f-e192-1a83-5fbd23003a20" testName="Execute53301" computerName="EDSAC" duration="00:00:00.0028579" startTime="2010-12-05T14:25:23.8417065+00:00" endTime="2010-12-05T14:25:23.8647078+00:00" testType="13cdc9d9-ddb5-4fa4-a97d-d965ccfc6d4b" outcome="Passed" testListId="8c84fa94-04c1-424b-9868-57a2d4851a1d" relativeResultsDirectory="04a68b88-56c4-4c3c-823c-17ec34b52879">
    </UnitTestResult>
    <UnitTestResult executionId="95f0d435-48fb-48a6-9840-6d287ea900d1" testId="25e137bf-b11b-a709-2200-80de04831d5b" testName="As0163228" computerName="EDSAC" duration="00:00:00.0004050" startTime="2010-12-05T14:25:23.8677080+00:00" endTime="2010-12-05T14:25:23.8837089+00:00" testType="13cdc9d9-ddb5-4fa4-a97d-d965ccfc6d4b" outcome="Passed" testListId="8c84fa94-04c1-424b-9868-57a2d4851a1d" relativeResultsDirectory="95f0d435-48fb-48a6-9840-6d287ea900d1">
    </UnitTestResult>
    <UnitTestResult executionId="414f269e-50b9-4417-85f8-d806670933b0" testId="2873c42d-778c-9215-3e6d-6d287f7555e3" testName="SubarrayThrowsIndexOutOfRangeException460" computerName="EDSAC" duration="00:00:00.0289359" startTime="2010-12-05T14:25:23.8897092+00:00" endTime="2010-12-05T14:25:23.9347118+00:00" testType="13cdc9d9-ddb5-4fa4-a97d-d965ccfc6d4b" outcome="Failed" testListId="8c84fa94-04c1-424b-9868-57a2d4851a1d" relativeResultsDirectory="414f269e-50b9-4417-85f8-d806670933b0">
      <Output>
        <ErrorInfo>
          <Message>Test method SharpBag.ExtensionsTest.SubarrayThrowsIndexOutOfRangeException460 threw exception: 
System.IndexOutOfRangeException: Index was outside the bounds of the array.</Message>
          <StackTrace>    at SharpBag.Extensions.Subarray(Int32[,] a, Int32 x1, Int32 y1, Int32 x2, Int32 y2) in C:\Users\SuprDewd\Desktop\Projects\Forritun\SharpBag\SharpBag\Extensions.cs:line 569
   at SharpBag.ExtensionsTest.SubarrayThrowsIndexOutOfRangeException460() in C:\Users\SuprDewd\Desktop\Projects\Forritun\SharpBag\SharpBag.Tests\ExtensionsTest.Subarray.g.cs:line 76
</StackTrace>
        </ErrorInfo>
      </Output>
    </UnitTestResult>
    <UnitTestResult executionId="93768309-8afb-4207-b1a5-d68bea0dbf23" testId="28805317-a840-3e77-4899-69199b1265d9" testName="CreateIEnumerableThrowsContractException485" computerName="EDSAC" duration="00:00:00.0038877" startTime="2010-12-05T14:25:23.9437123+00:00" endTime="2010-12-05T14:25:23.9737140+00:00" testType="13cdc9d9-ddb5-4fa4-a97d-d965ccfc6d4b" outcome="Passed" testListId="8c84fa94-04c1-424b-9868-57a2d4851a1d" relativeResultsDirectory="93768309-8afb-4207-b1a5-d68bea0dbf23">
    </UnitTestResult>
    <UnitTestResult executionId="c5218f08-536b-415f-98f7-2284c6f62593" testId="29095a51-c311-c865-7cf1-7076578258b7" testName="As0136704" computerName="EDSAC" duration="00:00:00.0006299" startTime="2010-12-05T14:25:23.9777143+00:00" endTime="2010-12-05T14:25:23.9947152+00:00" testType="13cdc9d9-ddb5-4fa4-a97d-d965ccfc6d4b" outcome="Passed" testListId="8c84fa94-04c1-424b-9868-57a2d4851a1d" relativeResultsDirectory="c5218f08-536b-415f-98f7-2284c6f62593">
    </UnitTestResult>
    <UnitTestResult executionId="f3e8c233-605d-4ce3-ba15-17342a63882b" testId="29c9ba2a-8918-92c1-edbc-ad1fd40c77e1" testName="ReadLinesFromThrowsContractException838" computerName="EDSAC" duration="00:00:00.0018141" startTime="2010-12-05T14:25:23.9997155+00:00" endTime="2010-12-05T14:25:24.0117162+00:00" testType="13cdc9d9-ddb5-4fa4-a97d-d965ccfc6d4b" outcome="Passed" testListId="8c84fa94-04c1-424b-9868-57a2d4851a1d" relativeResultsDirectory="f3e8c233-605d-4ce3-ba15-17342a63882b">
    </UnitTestResult>
    <UnitTestResult executionId="d31970d2-4a3d-467d-9d23-7e62ea52c671" testId="29e140f3-0b7d-028a-f85f-e65d5e7a4460" testName="Add29601" computerName="EDSAC" duration="00:00:00.0004656" startTime="2010-12-05T14:25:24.0187166+00:00" endTime="2010-12-05T14:25:24.0287172+00:00" testType="13cdc9d9-ddb5-4fa4-a97d-d965ccfc6d4b" outcome="Passed" testListId="8c84fa94-04c1-424b-9868-57a2d4851a1d" relativeResultsDirectory="d31970d2-4a3d-467d-9d23-7e62ea52c671">
    </UnitTestResult>
    <UnitTestResult executionId="e495c235-926d-44f9-9d9e-addeb4eb8ce2" testId="2a3bccbe-42e2-9009-af11-20e5efc1eb2e" testName="As0163241" computerName="EDSAC" duration="00:00:00.0004456" startTime="2010-12-05T14:25:24.0317174+00:00" endTime="2010-12-05T14:25:24.0417179+00:00" testType="13cdc9d9-ddb5-4fa4-a97d-d965ccfc6d4b" outcome="Passed" testListId="8c84fa94-04c1-424b-9868-57a2d4851a1d" relativeResultsDirectory="e495c235-926d-44f9-9d9e-addeb4eb8ce2">
    </UnitTestResult>
    <UnitTestResult executionId="9500018d-a515-4a75-99c8-6e956ee1705e" testId="2b6a1fd0-ad89-86fe-c32f-c850f3486570" testName="As0166401" computerName="EDSAC" duration="00:00:00.0008753" startTime="2010-12-05T14:25:24.0437180+00:00" endTime="2010-12-05T14:25:24.0557187+00:00" testType="13cdc9d9-ddb5-4fa4-a97d-d965ccfc6d4b" outcome="Passed" testListId="8c84fa94-04c1-424b-9868-57a2d4851a1d" relativeResultsDirectory="9500018d-a515-4a75-99c8-6e956ee1705e">
    </UnitTestResult>
    <UnitTestResult executionId="d1ae1ac9-348a-4b9a-aefc-fc1065285136" testId="2b9734bf-2716-3fbd-907d-b338c9f5816c" testName="As0163225" computerName="EDSAC" duration="00:00:00.0006023" startTime="2010-12-05T14:25:24.0587189+00:00" endTime="2010-12-05T14:25:24.0707196+00:00" testType="13cdc9d9-ddb5-4fa4-a97d-d965ccfc6d4b" outcome="Passed" testListId="8c84fa94-04c1-424b-9868-57a2d4851a1d" relativeResultsDirectory="d1ae1ac9-348a-4b9a-aefc-fc1065285136">
    </UnitTestResult>
    <UnitTestResult executionId="77a7aff5-32ed-49fb-94e9-f3d9c476b2b8" testId="2c678190-6575-f47a-afde-b3eb80b1856c" testName="As0166003" computerName="EDSAC" duration="00:00:00.0025514" startTime="2010-12-05T14:25:24.0727197+00:00" endTime="2010-12-05T14:25:24.1017214+00:00" testType="13cdc9d9-ddb5-4fa4-a97d-d965ccfc6d4b" outcome="Passed" testListId="8c84fa94-04c1-424b-9868-57a2d4851a1d" relativeResultsDirectory="77a7aff5-32ed-49fb-94e9-f3d9c476b2b8">
    </UnitTestResult>
    <UnitTestResult executionId="94b1c81e-ade2-4314-9ee8-4faf867ef33e" testId="2cb985a5-30e0-1631-ebdb-14215fcd5267" testName="Random575" computerName="EDSAC" duration="00:00:00.0005338" startTime="2010-12-05T14:25:24.1057216+00:00" endTime="2010-12-05T14:25:24.1157222+00:00" testType="13cdc9d9-ddb5-4fa4-a97d-d965ccfc6d4b" outcome="Passed" testListId="8c84fa94-04c1-424b-9868-57a2d4851a1d" relativeResultsDirectory="94b1c81e-ade2-4314-9ee8-4faf867ef33e">
    </UnitTestResult>
    <UnitTestResult executionId="c518c7c6-85b1-4cf2-a25b-15b50501b09f" testId="2e107be2-e3af-1a8b-fb4b-bdb5534db4b8" testName="GetByPercent562" computerName="EDSAC" duration="00:00:00.0003396" startTime="2010-12-05T14:25:24.1187223+00:00" endTime="2010-12-05T14:25:24.1307230+00:00" testType="13cdc9d9-ddb5-4fa4-a97d-d965ccfc6d4b" outcome="Passed" testListId="8c84fa94-04c1-424b-9868-57a2d4851a1d" relativeResultsDirectory="c518c7c6-85b1-4cf2-a25b-15b50501b09f">
    </UnitTestResult>
    <UnitTestResult executionId="c827765a-1426-4372-a2d8-2c57efcf35dd" testId="2e9abde5-72f2-18f2-ec62-8da36318a8ed" testName="As0163213" computerName="EDSAC" duration="00:00:00.0004269" startTime="2010-12-05T14:25:24.1387235+00:00" endTime="2010-12-05T14:25:24.1497241+00:00" testType="13cdc9d9-ddb5-4fa4-a97d-d965ccfc6d4b" outcome="Passed" testListId="8c84fa94-04c1-424b-9868-57a2d4851a1d" relativeResultsDirectory="c827765a-1426-4372-a2d8-2c57efcf35dd">
    </UnitTestResult>
    <UnitTestResult executionId="ae777088-c2b0-4c56-80a9-40d2864c9d52" testId="2f5ec1c4-04f0-fa9c-5150-6f7abf584f74" testName="ExecutionTime01ThrowsContractException820" computerName="EDSAC" duration="00:00:00.0006798" startTime="2010-12-05T14:25:24.1547244+00:00" endTime="2010-12-05T14:25:24.1647250+00:00" testType="13cdc9d9-ddb5-4fa4-a97d-d965ccfc6d4b" outcome="Passed" testListId="8c84fa94-04c1-424b-9868-57a2d4851a1d" relativeResultsDirectory="ae777088-c2b0-4c56-80a9-40d2864c9d52">
    </UnitTestResult>
    <UnitTestResult executionId="65170dab-c90a-46ee-baa0-75c969e5ab84" testId="2f965438-892b-963f-1d2d-a0dc16402531" testName="Fill0110503" computerName="EDSAC" duration="00:00:00.0003975" startTime="2010-12-05T14:25:24.1667251+00:00" endTime="2010-12-05T14:25:24.1767257+00:00" testType="13cdc9d9-ddb5-4fa4-a97d-d965ccfc6d4b" outcome="Passed" testListId="8c84fa94-04c1-424b-9868-57a2d4851a1d" relativeResultsDirectory="65170dab-c90a-46ee-baa0-75c969e5ab84">
    </UnitTestResult>
    <UnitTestResult executionId="261f9ca1-6e6a-4906-9034-5ff399306fb6" testId="2fd85783-fc83-f96f-d9bf-a6bcc5a252f1" testName="UnionAllThrowsContractException888" computerName="EDSAC" duration="00:00:00.0007876" startTime="2010-12-05T14:25:24.1807259+00:00" endTime="2010-12-05T14:25:24.1937266+00:00" testType="13cdc9d9-ddb5-4fa4-a97d-d965ccfc6d4b" outcome="Passed" testListId="8c84fa94-04c1-424b-9868-57a2d4851a1d" relativeResultsDirectory="261f9ca1-6e6a-4906-9034-5ff399306fb6">
    </UnitTestResult>
    <UnitTestResult executionId="61947b27-50e3-439a-91ef-dfb1447b08f0" testId="2ff335b0-14c8-89c8-7e7b-05ade8625c3d" testName="NullOrThrowsContractException472" computerName="EDSAC" duration="00:00:00.0014525" startTime="2010-12-05T14:25:24.1977269+00:00" endTime="2010-12-05T14:25:24.2077274+00:00" testType="13cdc9d9-ddb5-4fa4-a97d-d965ccfc6d4b" outcome="Passed" testListId="8c84fa94-04c1-424b-9868-57a2d4851a1d" relativeResultsDirectory="61947b27-50e3-439a-91ef-dfb1447b08f0">
    </UnitTestResult>
    <UnitTestResult executionId="65970aae-59c2-495e-a1b8-5fd69bd2c5d3" testId="2ff38794-ad92-1998-3c20-e3ee775a8969" testName="TakeEveryThrowsContractException368" computerName="EDSAC" duration="00:00:00.0006803" startTime="2010-12-05T14:25:24.2147278+00:00" endTime="2010-12-05T14:25:24.2307287+00:00" testType="13cdc9d9-ddb5-4fa4-a97d-d965ccfc6d4b" outcome="Passed" testListId="8c84fa94-04c1-424b-9868-57a2d4851a1d" relativeResultsDirectory="65970aae-59c2-495e-a1b8-5fd69bd2c5d3">
    </UnitTestResult>
    <UnitTestResult executionId="c177e8a1-14ef-46da-8bcc-4f4e1aefdff8" testId="31751606-0e00-3ddd-298e-e7c2d6c445a2" testName="As0198302" computerName="EDSAC" duration="00:00:00.0008263" startTime="2010-12-05T14:25:24.2327289+00:00" endTime="2010-12-05T14:25:24.2437295+00:00" testType="13cdc9d9-ddb5-4fa4-a97d-d965ccfc6d4b" outcome="Passed" testListId="8c84fa94-04c1-424b-9868-57a2d4851a1d" relativeResultsDirectory="c177e8a1-14ef-46da-8bcc-4f4e1aefdff8">
    </UnitTestResult>
    <UnitTestResult executionId="9589137e-fbaf-4f92-8fc6-83c18d85a3ce" testId="31a88d64-bb5b-6217-2758-d493dee381b6" testName="To02632" computerName="EDSAC" duration="00:00:00.0058545" startTime="2010-12-05T14:25:24.2497298+00:00" endTime="2010-12-05T14:25:24.2677309+00:00" testType="13cdc9d9-ddb5-4fa4-a97d-d965ccfc6d4b" outcome="Passed" testListId="8c84fa94-04c1-424b-9868-57a2d4851a1d" relativeResultsDirectory="9589137e-fbaf-4f92-8fc6-83c18d85a3ce">
    </UnitTestResult>
    <UnitTestResult executionId="30de9a40-2260-428d-9dd1-1f2ffe7e3ecd" testId="31a904fb-b5e5-f95a-175a-584bb2addaff" testName="As0163209" computerName="EDSAC" duration="00:00:00.0004241" startTime="2010-12-05T14:25:24.2697310+00:00" endTime="2010-12-05T14:25:24.2807316+00:00" testType="13cdc9d9-ddb5-4fa4-a97d-d965ccfc6d4b" outcome="Passed" testListId="8c84fa94-04c1-424b-9868-57a2d4851a1d" relativeResultsDirectory="30de9a40-2260-428d-9dd1-1f2ffe7e3ecd">
    </UnitTestResult>
    <UnitTestResult executionId="0f98d94d-98bb-43b8-a798-ae2945f37bb8" testId="3340cb14-cf3b-8e1f-ca28-73acf64d833a" testName="GetEnumerator016901" computerName="EDSAC" duration="00:00:00.0024837" startTime="2010-12-05T14:25:24.2847318+00:00" endTime="2010-12-05T14:25:24.2957325+00:00" testType="13cdc9d9-ddb5-4fa4-a97d-d965ccfc6d4b" outcome="Passed" testListId="8c84fa94-04c1-424b-9868-57a2d4851a1d" relativeResultsDirectory="0f98d94d-98bb-43b8-a798-ae2945f37bb8">
    </UnitTestResult>
    <UnitTestResult executionId="75110d1e-8cbe-478a-83bb-479b9d8e6768" testId="33d00c5c-c888-05a3-fa39-c11369cf7bd7" testName="Iter96002" computerName="EDSAC" duration="00:00:00.0006854" startTime="2010-12-05T14:25:24.2997327+00:00" endTime="2010-12-05T14:25:24.3137335+00:00" testType="13cdc9d9-ddb5-4fa4-a97d-d965ccfc6d4b" outcome="Passed" testListId="8c84fa94-04c1-424b-9868-57a2d4851a1d" relativeResultsDirectory="75110d1e-8cbe-478a-83bb-479b9d8e6768">
    </UnitTestResult>
    <UnitTestResult executionId="e3844f9a-7446-461c-9743-12bc7189a8cb" testId="3403c50d-2a71-9a27-1ea8-652ff438ba45" testName="As0163218" computerName="EDSAC" duration="00:00:00.0004087" startTime="2010-12-05T14:25:24.3177337+00:00" endTime="2010-12-05T14:25:24.3317345+00:00" testType="13cdc9d9-ddb5-4fa4-a97d-d965ccfc6d4b" outcome="Passed" testListId="8c84fa94-04c1-424b-9868-57a2d4851a1d" relativeResultsDirectory="e3844f9a-7446-461c-9743-12bc7189a8cb">
    </UnitTestResult>
    <UnitTestResult executionId="80720da5-cd40-4a4f-b965-54b50988b748" testId="34aa3cd1-c558-0302-e5aa-355d37850848" testName="ForEach78802" computerName="EDSAC" duration="00:00:00.0060752" startTime="2010-12-05T14:25:24.3337346+00:00" endTime="2010-12-05T14:25:24.3527357+00:00" testType="13cdc9d9-ddb5-4fa4-a97d-d965ccfc6d4b" outcome="Passed" testListId="8c84fa94-04c1-424b-9868-57a2d4851a1d" relativeResultsDirectory="80720da5-cd40-4a4f-b965-54b50988b748">
    </UnitTestResult>
    <UnitTestResult executionId="fe7f6a25-b781-4359-a754-0e50f8e78c49" testId="36c0ac7a-9f37-b952-7a17-2ad1e9132b69" testName="ForEach12504" computerName="EDSAC" duration="00:00:00.0007414" startTime="2010-12-05T14:25:24.3547358+00:00" endTime="2010-12-05T14:25:24.3687366+00:00" testType="13cdc9d9-ddb5-4fa4-a97d-d965ccfc6d4b" outcome="Passed" testListId="8c84fa94-04c1-424b-9868-57a2d4851a1d" relativeResultsDirectory="fe7f6a25-b781-4359-a754-0e50f8e78c49">
    </UnitTestResult>
    <UnitTestResult executionId="5a8dc038-5ac4-4aa6-8902-bf501400d00b" testId="37c5e788-97a2-ee7f-c1df-5b64dcc3fb4c" testName="As0166002" computerName="EDSAC" duration="00:00:00.0004619" startTime="2010-12-05T14:25:24.3707367+00:00" endTime="2010-12-05T14:25:24.3847376+00:00" testType="13cdc9d9-ddb5-4fa4-a97d-d965ccfc6d4b" outcome="Passed" testListId="8c84fa94-04c1-424b-9868-57a2d4851a1d" relativeResultsDirectory="5a8dc038-5ac4-4aa6-8902-bf501400d00b">
    </UnitTestResult>
    <UnitTestResult executionId="2c6bdec2-aa91-4f65-812b-efeba53200ad" testId="382ae704-dd0b-2259-d31c-dfbfb69a1305" testName="UnionAll13601" computerName="EDSAC" duration="00:00:00.0039484" startTime="2010-12-05T14:25:24.3867377+00:00" endTime="2010-12-05T14:25:24.4027386+00:00" testType="13cdc9d9-ddb5-4fa4-a97d-d965ccfc6d4b" outcome="Passed" testListId="8c84fa94-04c1-424b-9868-57a2d4851a1d" relativeResultsDirectory="2c6bdec2-aa91-4f65-812b-efeba53200ad">
    </UnitTestResult>
    <UnitTestResult executionId="54bc8018-1103-4f2d-a32c-edf888cd20eb" testId="382f1a18-8c5b-b8b8-72e6-323b201ac9b0" testName="ExecutionTime01ThrowsContractException363" computerName="EDSAC" duration="00:00:00.0028514" startTime="2010-12-05T14:25:24.4047387+00:00" endTime="2010-12-05T14:25:24.4207396+00:00" testType="13cdc9d9-ddb5-4fa4-a97d-d965ccfc6d4b" outcome="Passed" testListId="8c84fa94-04c1-424b-9868-57a2d4851a1d" relativeResultsDirectory="54bc8018-1103-4f2d-a32c-edf888cd20eb">
    </UnitTestResult>
    <UnitTestResult executionId="3afccc54-0f76-42a4-85d5-6d1f825a09fe" testId="389db5b6-ab96-a436-4af4-f75359c85bc2" testName="As0163224" computerName="EDSAC" duration="00:00:00.0028724" startTime="2010-12-05T14:25:24.4297401+00:00" endTime="2010-12-05T14:25:24.4447410+00:00" testType="13cdc9d9-ddb5-4fa4-a97d-d965ccfc6d4b" outcome="Passed" testListId="8c84fa94-04c1-424b-9868-57a2d4851a1d" relativeResultsDirectory="3afccc54-0f76-42a4-85d5-6d1f825a09fe">
    </UnitTestResult>
    <UnitTestResult executionId="27e986a6-7b7b-4789-8a9a-4b62585ee609" testId="3902168e-77cb-c1b4-c44f-4336ab3b86bd" testName="EmptyIfNull122" computerName="EDSAC" duration="00:00:00.0046577" startTime="2010-12-05T14:25:24.4467411+00:00" endTime="2010-12-05T14:25:24.4637421+00:00" testType="13cdc9d9-ddb5-4fa4-a97d-d965ccfc6d4b" outcome="Passed" testListId="8c84fa94-04c1-424b-9868-57a2d4851a1d" relativeResultsDirectory="27e986a6-7b7b-4789-8a9a-4b62585ee609">
    </UnitTestResult>
    <UnitTestResult executionId="1e047fd2-d486-41ea-a498-fa724705991f" testId="39820720-af85-1690-8f39-546deff2b7b4" testName="AsEnumerable0128302" computerName="EDSAC" duration="00:00:00.0047099" startTime="2010-12-05T14:25:24.4657422+00:00" endTime="2010-12-05T14:25:24.4827432+00:00" testType="13cdc9d9-ddb5-4fa4-a97d-d965ccfc6d4b" outcome="Passed" testListId="8c84fa94-04c1-424b-9868-57a2d4851a1d" relativeResultsDirectory="1e047fd2-d486-41ea-a498-fa724705991f">
    </UnitTestResult>
    <UnitTestResult executionId="1c814a0a-6c8e-4473-8425-1d1b046e15fa" testId="39a24eb5-a45d-f931-6682-86b278494085" testName="Fill0168804" computerName="EDSAC" duration="00:00:00.0027917" startTime="2010-12-05T14:25:24.4847433+00:00" endTime="2010-12-05T14:25:24.4987441+00:00" testType="13cdc9d9-ddb5-4fa4-a97d-d965ccfc6d4b" outcome="Passed" testListId="8c84fa94-04c1-424b-9868-57a2d4851a1d" relativeResultsDirectory="1c814a0a-6c8e-4473-8425-1d1b046e15fa">
    </UnitTestResult>
    <UnitTestResult executionId="4481c9c0-063b-4403-b22f-b21251878d4c" testId="3c1d094b-ca29-adfc-cfcd-77289a3cce3f" testName="As0130304" computerName="EDSAC" duration="00:00:00.0029382" startTime="2010-12-05T14:25:24.5007442+00:00" endTime="2010-12-05T14:25:24.5157450+00:00" testType="13cdc9d9-ddb5-4fa4-a97d-d965ccfc6d4b" outcome="Passed" testListId="8c84fa94-04c1-424b-9868-57a2d4851a1d" relativeResultsDirectory="4481c9c0-063b-4403-b22f-b21251878d4c">
    </UnitTestResult>
    <UnitTestResult executionId="58869ced-1eca-4fe1-af79-229e0986514e" testId="3ca3afbe-4155-3a78-1581-d034645ac0e9" testName="To04ThrowsContractException193" computerName="EDSAC" duration="00:00:00.0030651" startTime="2010-12-05T14:25:24.5177452+00:00" endTime="2010-12-05T14:25:24.5367462+00:00" testType="13cdc9d9-ddb5-4fa4-a97d-d965ccfc6d4b" outcome="Passed" testListId="8c84fa94-04c1-424b-9868-57a2d4851a1d" relativeResultsDirectory="58869ced-1eca-4fe1-af79-229e0986514e">
    </UnitTestResult>
    <UnitTestResult executionId="3cab3828-ed03-4528-90b8-e3b30ccc4b1d" testId="3f99a1d3-4dae-8b7d-a361-9ebbf5115b1e" testName="As0163240" computerName="EDSAC" duration="00:00:00.0050179" startTime="2010-12-05T14:25:24.5387464+00:00" endTime="2010-12-05T14:25:24.5577474+00:00" testType="13cdc9d9-ddb5-4fa4-a97d-d965ccfc6d4b" outcome="Passed" testListId="8c84fa94-04c1-424b-9868-57a2d4851a1d" relativeResultsDirectory="3cab3828-ed03-4528-90b8-e3b30ccc4b1d">
    </UnitTestResult>
    <UnitTestResult executionId="6d7e653a-d7a8-4fd6-b894-be85903ee1b9" testId="3febe6f3-67ab-23b3-dd85-d4b7c1206b0c" testName="TakeEvery57301" computerName="EDSAC" duration="00:00:00.0005725" startTime="2010-12-05T14:25:24.5607476+00:00" endTime="2010-12-05T14:25:24.5777486+00:00" testType="13cdc9d9-ddb5-4fa4-a97d-d965ccfc6d4b" outcome="Passed" testListId="8c84fa94-04c1-424b-9868-57a2d4851a1d" relativeResultsDirectory="6d7e653a-d7a8-4fd6-b894-be85903ee1b9">
    </UnitTestResult>
    <UnitTestResult executionId="cfe0e9fb-0066-4cdb-a8db-4a8554c0cf96" testId="40b13692-f736-7aca-afa5-678a24ba3ffc" testName="As0163219" computerName="EDSAC" duration="00:00:00.0026354" startTime="2010-12-05T14:25:24.5797487+00:00" endTime="2010-12-05T14:25:24.5937495+00:00" testType="13cdc9d9-ddb5-4fa4-a97d-d965ccfc6d4b" outcome="Passed" testListId="8c84fa94-04c1-424b-9868-57a2d4851a1d" relativeResultsDirectory="cfe0e9fb-0066-4cdb-a8db-4a8554c0cf96">
    </UnitTestResult>
    <UnitTestResult executionId="155d10ea-49f5-41c2-92ad-b5bc1446ac68" testId="40e83519-1225-601d-0c17-661b77e82314" testName="As01404" computerName="EDSAC" duration="00:00:00.0119928" startTime="2010-12-05T14:25:24.5957496+00:00" endTime="2010-12-05T14:25:24.6197510+00:00" testType="13cdc9d9-ddb5-4fa4-a97d-d965ccfc6d4b" outcome="Passed" testListId="8c84fa94-04c1-424b-9868-57a2d4851a1d" relativeResultsDirectory="155d10ea-49f5-41c2-92ad-b5bc1446ac68">
    </UnitTestResult>
    <UnitTestResult executionId="9ba62b41-5d5d-4f60-8a7b-144c6011d932" testId="4183213a-6645-16c2-af8b-e5bfcf7442d8" testName="NullOr90701" computerName="EDSAC" duration="00:00:00.0034697" startTime="2010-12-05T14:25:24.6227512+00:00" endTime="2010-12-05T14:25:24.6487527+00:00" testType="13cdc9d9-ddb5-4fa4-a97d-d965ccfc6d4b" outcome="Passed" testListId="8c84fa94-04c1-424b-9868-57a2d4851a1d" relativeResultsDirectory="9ba62b41-5d5d-4f60-8a7b-144c6011d932">
    </UnitTestResult>
    <UnitTestResult executionId="4958d1ce-97cf-4eb5-855b-a29964d270aa" testId="41b53b6b-04c0-c784-5da0-bab31b4fb4d7" testName="ForEach90803" computerName="EDSAC" duration="00:00:00.0031006" startTime="2010-12-05T14:25:24.6517528+00:00" endTime="2010-12-05T14:25:24.6677537+00:00" testType="13cdc9d9-ddb5-4fa4-a97d-d965ccfc6d4b" outcome="Passed" testListId="8c84fa94-04c1-424b-9868-57a2d4851a1d" relativeResultsDirectory="4958d1ce-97cf-4eb5-855b-a29964d270aa">
    </UnitTestResult>
    <UnitTestResult executionId="0c792b9f-d730-4c53-ad31-b03ef0ef8fee" testId="42f45f10-504d-0d19-0e58-1ea2105c69e9" testName="AsEnumerable0128301" computerName="EDSAC" duration="00:00:00.0029699" startTime="2010-12-05T14:25:24.6707539+00:00" endTime="2010-12-05T14:25:24.6877549+00:00" testType="13cdc9d9-ddb5-4fa4-a97d-d965ccfc6d4b" outcome="Passed" testListId="8c84fa94-04c1-424b-9868-57a2d4851a1d" relativeResultsDirectory="0c792b9f-d730-4c53-ad31-b03ef0ef8fee">
    </UnitTestResult>
    <UnitTestResult executionId="e79f1d97-a9b1-4c21-a495-5416d7d3017b" testId="43271b50-9462-4bb7-5e78-3783a2d68504" testName="As0198301" computerName="EDSAC" duration="00:00:00.0007619" startTime="2010-12-05T14:25:24.6907551+00:00" endTime="2010-12-05T14:25:24.7037558+00:00" testType="13cdc9d9-ddb5-4fa4-a97d-d965ccfc6d4b" outcome="Passed" testListId="8c84fa94-04c1-424b-9868-57a2d4851a1d" relativeResultsDirectory="e79f1d97-a9b1-4c21-a495-5416d7d3017b">
    </UnitTestResult>
    <UnitTestResult executionId="5a4ea228-9083-4486-aaf9-9748c140d190" testId="44ddd54b-7a43-e4f9-ebb3-b78badce4585" testName="As21517" computerName="EDSAC" duration="00:00:00.0005935" startTime="2010-12-05T14:25:24.7067560+00:00" endTime="2010-12-05T14:25:24.7217568+00:00" testType="13cdc9d9-ddb5-4fa4-a97d-d965ccfc6d4b" outcome="Passed" testListId="8c84fa94-04c1-424b-9868-57a2d4851a1d" relativeResultsDirectory="5a4ea228-9083-4486-aaf9-9748c140d190">
    </UnitTestResult>
    <UnitTestResult executionId="782f2f21-0355-406b-b145-2c7c4a39c0eb" testId="4603637e-fb7e-2981-f426-423b0ee1dc90" testName="As01ThrowsContractException876" computerName="EDSAC" duration="00:00:00.0007125" startTime="2010-12-05T14:25:24.7297573+00:00" endTime="2010-12-05T14:25:24.7437581+00:00" testType="13cdc9d9-ddb5-4fa4-a97d-d965ccfc6d4b" outcome="Passed" testListId="8c84fa94-04c1-424b-9868-57a2d4851a1d" relativeResultsDirectory="782f2f21-0355-406b-b145-2c7c4a39c0eb">
    </UnitTestResult>
    <UnitTestResult executionId="dfebcf07-712d-403a-900f-98c186729b34" testId="466bff3f-4c8e-a9c1-50f6-91ffeb15d3a1" testName="As0163231" computerName="EDSAC" duration="00:00:00.0004017" startTime="2010-12-05T14:25:24.7457582+00:00" endTime="2010-12-05T14:25:24.7687595+00:00" testType="13cdc9d9-ddb5-4fa4-a97d-d965ccfc6d4b" outcome="Passed" testListId="8c84fa94-04c1-424b-9868-57a2d4851a1d" relativeResultsDirectory="dfebcf07-712d-403a-900f-98c186729b34">
    </UnitTestResult>
    <UnitTestResult executionId="da49f931-8f02-4675-b85d-574bf2cad402" testId="46ca0fd9-03e1-55e3-3ad7-b4625d8d07c0" testName="IfNotNull17302" computerName="EDSAC" duration="00:00:00.0003634" startTime="2010-12-05T14:25:24.7707596+00:00" endTime="2010-12-05T14:25:24.7877606+00:00" testType="13cdc9d9-ddb5-4fa4-a97d-d965ccfc6d4b" outcome="Passed" testListId="8c84fa94-04c1-424b-9868-57a2d4851a1d" relativeResultsDirectory="da49f931-8f02-4675-b85d-574bf2cad402">
    </UnitTestResult>
    <UnitTestResult executionId="59c41a66-f782-4055-a5ab-2261be31f8d6" testId="473a2b39-cb44-1d62-3c12-9fd92e3b377f" testName="As0163222" computerName="EDSAC" duration="00:00:00.0004148" startTime="2010-12-05T14:25:24.7917608+00:00" endTime="2010-12-05T14:25:24.8007613+00:00" testType="13cdc9d9-ddb5-4fa4-a97d-d965ccfc6d4b" outcome="Passed" testListId="8c84fa94-04c1-424b-9868-57a2d4851a1d" relativeResultsDirectory="59c41a66-f782-4055-a5ab-2261be31f8d6">
    </UnitTestResult>
    <UnitTestResult executionId="8e7811f5-22d0-4f4f-bd2e-908242e99afd" testId="4828b82d-197c-d38d-1052-fb24855ec6ae" testName="UnionAll02ThrowsContractException669" computerName="EDSAC" duration="00:00:00.0077046" startTime="2010-12-05T14:25:24.8037615+00:00" endTime="2010-12-05T14:25:24.8177623+00:00" testType="13cdc9d9-ddb5-4fa4-a97d-d965ccfc6d4b" outcome="Passed" testListId="8c84fa94-04c1-424b-9868-57a2d4851a1d" relativeResultsDirectory="8e7811f5-22d0-4f4f-bd2e-908242e99afd">
    </UnitTestResult>
    <UnitTestResult executionId="517ab199-c891-4518-8799-d4b1b2dfa33f" testId="49aa9228-e307-ef3c-566e-386137588923" testName="IfNotNull0192301" computerName="EDSAC" duration="00:00:00.0005048" startTime="2010-12-05T14:25:24.8247627+00:00" endTime="2010-12-05T14:25:24.8367634+00:00" testType="13cdc9d9-ddb5-4fa4-a97d-d965ccfc6d4b" outcome="Passed" testListId="8c84fa94-04c1-424b-9868-57a2d4851a1d" relativeResultsDirectory="517ab199-c891-4518-8799-d4b1b2dfa33f">
    </UnitTestResult>
    <UnitTestResult executionId="27eb727c-6daa-43c0-b989-e2177534f9c4" testId="49b4e1b0-9a60-f1f3-7d8e-e1f63ecc7d50" testName="UnionAll02ThrowsContractException903" computerName="EDSAC" duration="00:00:00.0053506" startTime="2010-12-05T14:25:24.8397636+00:00" endTime="2010-12-05T14:25:24.8517643+00:00" testType="13cdc9d9-ddb5-4fa4-a97d-d965ccfc6d4b" outcome="Passed" testListId="8c84fa94-04c1-424b-9868-57a2d4851a1d" relativeResultsDirectory="27eb727c-6daa-43c0-b989-e2177534f9c4">
    </UnitTestResult>
    <UnitTestResult executionId="2a4b782c-27fe-4acd-9fba-b495a79691a1" testId="4a5ccd91-8853-f0cc-c6d0-af1603a36ab2" testName="As0166001" computerName="EDSAC" duration="00:00:00.0006019" startTime="2010-12-05T14:25:24.8557645+00:00" endTime="2010-12-05T14:25:24.8657651+00:00" testType="13cdc9d9-ddb5-4fa4-a97d-d965ccfc6d4b" outcome="Passed" testListId="8c84fa94-04c1-424b-9868-57a2d4851a1d" relativeResultsDirectory="2a4b782c-27fe-4acd-9fba-b495a79691a1">
    </UnitTestResult>
    <UnitTestResult executionId="f2ee70ad-6e97-473f-95e1-be21fb008ee0" testId="4c1abec7-91f0-7672-2e0f-302cf26fbd1a" testName="As0166403" computerName="EDSAC" duration="00:00:00.0008319" startTime="2010-12-05T14:25:24.8677652+00:00" endTime="2010-12-05T14:25:24.8777658+00:00" testType="13cdc9d9-ddb5-4fa4-a97d-d965ccfc6d4b" outcome="Passed" testListId="8c84fa94-04c1-424b-9868-57a2d4851a1d" relativeResultsDirectory="f2ee70ad-6e97-473f-95e1-be21fb008ee0">
    </UnitTestResult>
    <UnitTestResult executionId="8068c461-e6ba-4531-b392-8dfcb11f4c2b" testId="4c766330-2a1a-c11f-5958-fa0e45c2a866" testName="UnionAll0233901" computerName="EDSAC" duration="00:00:00.0006565" startTime="2010-12-05T14:25:24.8797659+00:00" endTime="2010-12-05T14:25:24.8917666+00:00" testType="13cdc9d9-ddb5-4fa4-a97d-d965ccfc6d4b" outcome="Passed" testListId="8c84fa94-04c1-424b-9868-57a2d4851a1d" relativeResultsDirectory="8068c461-e6ba-4531-b392-8dfcb11f4c2b">
    </UnitTestResult>
    <UnitTestResult executionId="d93ace15-cb99-45b1-aa6b-76db9a67244a" testId="4d41008a-7d5b-c195-89ca-25e2bba2803d" testName="NullOr71404" computerName="EDSAC" duration="00:00:00.0008352" startTime="2010-12-05T14:25:24.8937667+00:00" endTime="2010-12-05T14:25:24.9057674+00:00" testType="13cdc9d9-ddb5-4fa4-a97d-d965ccfc6d4b" outcome="Passed" testListId="8c84fa94-04c1-424b-9868-57a2d4851a1d" relativeResultsDirectory="d93ace15-cb99-45b1-aa6b-76db9a67244a">
    </UnitTestResult>
    <UnitTestResult executionId="cf0367f6-c209-4017-99fa-b8d26ae944a1" testId="4ef1899b-961d-b074-c653-732880e5589d" testName="ForEachThrowsContractException158" computerName="EDSAC" duration="00:00:00.0008147" startTime="2010-12-05T14:25:24.9077675+00:00" endTime="2010-12-05T14:25:24.9247684+00:00" testType="13cdc9d9-ddb5-4fa4-a97d-d965ccfc6d4b" outcome="Passed" testListId="8c84fa94-04c1-424b-9868-57a2d4851a1d" relativeResultsDirectory="cf0367f6-c209-4017-99fa-b8d26ae944a1">
    </UnitTestResult>
    <UnitTestResult executionId="24c1790e-7977-4ac7-baac-288de88f82e5" testId="4f308a7f-5339-1197-c196-e8c2a3294cdb" testName="AsEnumerable0258803" computerName="EDSAC" duration="00:00:00.0028962" startTime="2010-12-05T14:25:24.9277686+00:00" endTime="2010-12-05T14:25:24.9427695+00:00" testType="13cdc9d9-ddb5-4fa4-a97d-d965ccfc6d4b" outcome="Passed" testListId="8c84fa94-04c1-424b-9868-57a2d4851a1d" relativeResultsDirectory="24c1790e-7977-4ac7-baac-288de88f82e5">
    </UnitTestResult>
    <UnitTestResult executionId="a8edc9fa-5196-4ea7-99c1-b50b32471efa" testId="4fbb91c1-c965-1543-022c-12856d2ae5ad" testName="As0163243" computerName="EDSAC" duration="00:00:00.0004512" startTime="2010-12-05T14:25:24.9457696+00:00" endTime="2010-12-05T14:25:24.9567703+00:00" testType="13cdc9d9-ddb5-4fa4-a97d-d965ccfc6d4b" outcome="Passed" testListId="8c84fa94-04c1-424b-9868-57a2d4851a1d" relativeResultsDirectory="a8edc9fa-5196-4ea7-99c1-b50b32471efa">
    </UnitTestResult>
    <UnitTestResult executionId="aa04b0ec-3be0-4827-9e6b-db5415a11cc8" testId="4fd2d142-96e9-3d7b-16b2-0b0965a16f21" testName="ExecutionTime642" computerName="EDSAC" duration="00:00:00.0447997" startTime="2010-12-05T14:25:24.9597704+00:00" endTime="2010-12-05T14:25:25.0137735+00:00" testType="13cdc9d9-ddb5-4fa4-a97d-d965ccfc6d4b" outcome="Failed" testListId="8c84fa94-04c1-424b-9868-57a2d4851a1d" relativeResultsDirectory="aa04b0ec-3be0-4827-9e6b-db5415a11cc8">
      <Output>
        <ErrorInfo>
          <Message>Assert.AreEqual failed. Expected:&lt;25&gt;. Actual:&lt;0&gt;. </Message>
          <StackTrace>   at SharpBag.UtilsTest.ExecutionTime642() in C:\Users\SuprDewd\Desktop\Projects\Forritun\SharpBag\SharpBag.Tests\UtilsTest.ExecutionTime01.g.cs:line 92
</StackTrace>
        </ErrorInfo>
      </Output>
    </UnitTestResult>
    <UnitTestResult executionId="f324c89e-fb30-4010-b01d-021b0799339e" testId="51819a1f-c4ce-ae98-f248-c4cc70983131" testName="SubarrayThrowsContractException966" computerName="EDSAC" duration="00:00:00.0015020" startTime="2010-12-05T14:25:25.0167737+00:00" endTime="2010-12-05T14:25:25.0337747+00:00" testType="13cdc9d9-ddb5-4fa4-a97d-d965ccfc6d4b" outcome="Passed" testListId="8c84fa94-04c1-424b-9868-57a2d4851a1d" relativeResultsDirectory="f324c89e-fb30-4010-b01d-021b0799339e">
    </UnitTestResult>
    <UnitTestResult executionId="bb735448-ab14-40c8-8173-c464f1c82cf1" testId="530e9426-a117-1e44-3c23-eb9bc838bd65" testName="DequeueThrowsContractException38" computerName="EDSAC" duration="00:00:00.0020829" startTime="2010-12-05T14:25:25.0367748+00:00" endTime="2010-12-05T14:25:25.0507756+00:00" testType="13cdc9d9-ddb5-4fa4-a97d-d965ccfc6d4b" outcome="Passed" testListId="8c84fa94-04c1-424b-9868-57a2d4851a1d" relativeResultsDirectory="bb735448-ab14-40c8-8173-c464f1c82cf1">
    </UnitTestResult>
    <UnitTestResult executionId="d4dbf9bc-5296-4a8e-8be4-6e5447c10b38" testId="532bfe79-61d3-8d09-52bb-06591829691e" testName="GetByPercentThrowsContractException151" computerName="EDSAC" duration="00:00:00.0005855" startTime="2010-12-05T14:25:25.0527758+00:00" endTime="2010-12-05T14:25:25.0647764+00:00" testType="13cdc9d9-ddb5-4fa4-a97d-d965ccfc6d4b" outcome="Passed" testListId="8c84fa94-04c1-424b-9868-57a2d4851a1d" relativeResultsDirectory="d4dbf9bc-5296-4a8e-8be4-6e5447c10b38">
    </UnitTestResult>
    <UnitTestResult executionId="d8a808b8-86d8-460b-82fc-da31c5a6bff8" testId="536b6a19-3a08-b70f-2e38-9f6c85ff083a" testName="ReadLinesFromConsole864" computerName="EDSAC" duration="00:00:00.0022504" startTime="2010-12-05T14:25:25.0667766+00:00" endTime="2010-12-05T14:25:25.0787772+00:00" testType="13cdc9d9-ddb5-4fa4-a97d-d965ccfc6d4b" outcome="Passed" testListId="8c84fa94-04c1-424b-9868-57a2d4851a1d" relativeResultsDirectory="d8a808b8-86d8-460b-82fc-da31c5a6bff8">
    </UnitTestResult>
    <UnitTestResult executionId="b60fe5fe-4c9f-4844-9b04-029bda27e5f4" testId="54c53908-aa18-b805-dfbf-38b92f93913c" testName="GenerateThrowsContractException133" computerName="EDSAC" duration="00:00:00.0008534" startTime="2010-12-05T14:25:25.0817774+00:00" endTime="2010-12-05T14:25:25.0927780+00:00" testType="13cdc9d9-ddb5-4fa4-a97d-d965ccfc6d4b" outcome="Passed" testListId="8c84fa94-04c1-424b-9868-57a2d4851a1d" relativeResultsDirectory="b60fe5fe-4c9f-4844-9b04-029bda27e5f4">
    </UnitTestResult>
    <UnitTestResult executionId="2d91170d-4dc8-4868-967b-eb368a73b6bb" testId="54dfb2f2-edab-6914-c734-746381ef028e" testName="Times25801" computerName="EDSAC" duration="00:00:00.0024781" startTime="2010-12-05T14:25:25.0957782+00:00" endTime="2010-12-05T14:25:25.1067788+00:00" testType="13cdc9d9-ddb5-4fa4-a97d-d965ccfc6d4b" outcome="Passed" testListId="8c84fa94-04c1-424b-9868-57a2d4851a1d" relativeResultsDirectory="2d91170d-4dc8-4868-967b-eb368a73b6bb">
    </UnitTestResult>
    <UnitTestResult executionId="5c538b90-d5de-4e9c-9506-131c13f26b20" testId="559ad5fd-9c89-3fab-e602-368a88629e35" testName="As0163221" computerName="EDSAC" duration="00:00:00.0004544" startTime="2010-12-05T14:25:25.1107791+00:00" endTime="2010-12-05T14:25:25.1187795+00:00" testType="13cdc9d9-ddb5-4fa4-a97d-d965ccfc6d4b" outcome="Passed" testListId="8c84fa94-04c1-424b-9868-57a2d4851a1d" relativeResultsDirectory="5c538b90-d5de-4e9c-9506-131c13f26b20">
    </UnitTestResult>
    <UnitTestResult executionId="b099b8a9-3474-4ecd-ad8f-a3d3fb4440ab" testId="567a07ee-04bb-68f0-b054-7c3ac20e04d0" testName="Range377" computerName="EDSAC" duration="00:00:00.0006471" startTime="2010-12-05T14:25:25.1217797+00:00" endTime="2010-12-05T14:25:25.1347805+00:00" testType="13cdc9d9-ddb5-4fa4-a97d-d965ccfc6d4b" outcome="Passed" testListId="8c84fa94-04c1-424b-9868-57a2d4851a1d" relativeResultsDirectory="b099b8a9-3474-4ecd-ad8f-a3d3fb4440ab">
    </UnitTestResult>
    <UnitTestResult executionId="4d2516b1-421a-4b9b-8d53-f31c6cc455d8" testId="56fc1a57-6e5c-088b-8f95-88d9f697c097" testName="NullOr71402" computerName="EDSAC" duration="00:00:00.0006476" startTime="2010-12-05T14:25:25.1367806+00:00" endTime="2010-12-05T14:25:25.1467811+00:00" testType="13cdc9d9-ddb5-4fa4-a97d-d965ccfc6d4b" outcome="Passed" testListId="8c84fa94-04c1-424b-9868-57a2d4851a1d" relativeResultsDirectory="4d2516b1-421a-4b9b-8d53-f31c6cc455d8">
    </UnitTestResult>
    <UnitTestResult executionId="5238986c-e39b-4758-ba63-a6146836eca9" testId="5755d2a8-1978-f19d-e7bc-79a3772bf830" testName="IsIn01ThrowsContractException380" computerName="EDSAC" duration="00:00:00.0005501" startTime="2010-12-05T14:25:25.1497813+00:00" endTime="2010-12-05T14:25:25.1617820+00:00" testType="13cdc9d9-ddb5-4fa4-a97d-d965ccfc6d4b" outcome="Passed" testListId="8c84fa94-04c1-424b-9868-57a2d4851a1d" relativeResultsDirectory="5238986c-e39b-4758-ba63-a6146836eca9">
    </UnitTestResult>
    <UnitTestResult executionId="089b2a0f-b93f-40ff-9f50-ff22e278cf86" testId="583a3c4e-73f0-f6e0-0816-cbe45229841d" testName="AsEnumerable56001" computerName="EDSAC" duration="00:00:00.0003821" startTime="2010-12-05T14:25:25.1637821+00:00" endTime="2010-12-05T14:25:25.1747827+00:00" testType="13cdc9d9-ddb5-4fa4-a97d-d965ccfc6d4b" outcome="Passed" testListId="8c84fa94-04c1-424b-9868-57a2d4851a1d" relativeResultsDirectory="089b2a0f-b93f-40ff-9f50-ff22e278cf86">
    </UnitTestResult>
    <UnitTestResult executionId="9432d553-2e05-4334-8a33-f646c4d85ef1" testId="585eea8b-8fa4-71e8-9d43-5274aef9fa35" testName="As21520" computerName="EDSAC" duration="00:00:00.0006168" startTime="2010-12-05T14:25:25.1777829+00:00" endTime="2010-12-05T14:25:25.1907837+00:00" testType="13cdc9d9-ddb5-4fa4-a97d-d965ccfc6d4b" outcome="Passed" testListId="8c84fa94-04c1-424b-9868-57a2d4851a1d" relativeResultsDirectory="9432d553-2e05-4334-8a33-f646c4d85ef1">
    </UnitTestResult>
    <UnitTestResult executionId="c15756ec-a04c-41d4-bcd0-ebda22c8e686" testId="59990ab9-8064-95a7-969b-da2dc269c717" testName="ToDictionaryThrowsContractException478" computerName="EDSAC" duration="00:00:00.0015575" startTime="2010-12-05T14:25:25.1977841+00:00" endTime="2010-12-05T14:25:25.2087847+00:00" testType="13cdc9d9-ddb5-4fa4-a97d-d965ccfc6d4b" outcome="Passed" testListId="8c84fa94-04c1-424b-9868-57a2d4851a1d" relativeResultsDirectory="c15756ec-a04c-41d4-bcd0-ebda22c8e686">
    </UnitTestResult>
    <UnitTestResult executionId="92838782-6738-4a49-a5ca-6fe1ee936b09" testId="5b905b9d-179c-2930-2f2f-ad7751aea174" testName="As01401" computerName="EDSAC" duration="00:00:00.0006387" startTime="2010-12-05T14:25:25.2107848+00:00" endTime="2010-12-05T14:25:25.2267857+00:00" testType="13cdc9d9-ddb5-4fa4-a97d-d965ccfc6d4b" outcome="Passed" testListId="8c84fa94-04c1-424b-9868-57a2d4851a1d" relativeResultsDirectory="92838782-6738-4a49-a5ca-6fe1ee936b09">
    </UnitTestResult>
    <UnitTestResult executionId="42bb0648-6265-46d4-8031-99ab131f3068" testId="5d4547ce-a6eb-4a5d-11b5-fd4fb3f2b4c4" testName="IfNotNull17304" computerName="EDSAC" duration="00:00:00.0005547" startTime="2010-12-05T14:25:25.2297859+00:00" endTime="2010-12-05T14:25:25.2427866+00:00" testType="13cdc9d9-ddb5-4fa4-a97d-d965ccfc6d4b" outcome="Passed" testListId="8c84fa94-04c1-424b-9868-57a2d4851a1d" relativeResultsDirectory="42bb0648-6265-46d4-8031-99ab131f3068">
    </UnitTestResult>
    <UnitTestResult executionId="7f409c90-de67-4606-9a9f-d853b3b0a6fa" testId="5d663026-8403-d8b3-571f-dbc623bc2b0e" testName="As0163242" computerName="EDSAC" duration="00:00:00.0005310" startTime="2010-12-05T14:25:25.2537873+00:00" endTime="2010-12-05T14:25:25.2607877+00:00" testType="13cdc9d9-ddb5-4fa4-a97d-d965ccfc6d4b" outcome="Passed" testListId="8c84fa94-04c1-424b-9868-57a2d4851a1d" relativeResultsDirectory="7f409c90-de67-4606-9a9f-d853b3b0a6fa">
    </UnitTestResult>
    <UnitTestResult executionId="a702c889-446d-4773-afd4-7f6f7305db19" testId="5f0a5483-d074-35b1-500e-1196c2881235" testName="Enqueue74301" computerName="EDSAC" duration="00:00:00.0010858" startTime="2010-12-05T14:25:25.2627878+00:00" endTime="2010-12-05T14:25:25.2697882+00:00" testType="13cdc9d9-ddb5-4fa4-a97d-d965ccfc6d4b" outcome="Passed" testListId="8c84fa94-04c1-424b-9868-57a2d4851a1d" relativeResultsDirectory="a702c889-446d-4773-afd4-7f6f7305db19">
    </UnitTestResult>
    <UnitTestResult executionId="f4163ecd-2781-4f61-83be-1c4687775ee4" testId="5f6c8af1-2825-3c27-b802-e1be0e1eeb12" testName="Iter96001" computerName="EDSAC" duration="00:00:00.0006191" startTime="2010-12-05T14:25:25.2717883+00:00" endTime="2010-12-05T14:25:25.2777886+00:00" testType="13cdc9d9-ddb5-4fa4-a97d-d965ccfc6d4b" outcome="Passed" testListId="8c84fa94-04c1-424b-9868-57a2d4851a1d" relativeResultsDirectory="f4163ecd-2781-4f61-83be-1c4687775ee4">
    </UnitTestResult>
    <UnitTestResult executionId="28c5eca9-6bf0-4103-9d5c-fb9366fa5aba" testId="5fdc84ef-63cf-5a14-fe7e-7e23560c2d19" testName="ItemGetThrowsContractException130" computerName="EDSAC" duration="00:00:00.0020250" startTime="2010-12-05T14:25:25.2797887+00:00" endTime="2010-12-05T14:25:25.2877892+00:00" testType="13cdc9d9-ddb5-4fa4-a97d-d965ccfc6d4b" outcome="Passed" testListId="8c84fa94-04c1-424b-9868-57a2d4851a1d" relativeResultsDirectory="28c5eca9-6bf0-4103-9d5c-fb9366fa5aba">
    </UnitTestResult>
    <UnitTestResult executionId="f06aa191-83db-402d-b628-a6ad11a43a3c" testId="603d3527-31ad-433b-f22d-64c8d067b62d" testName="NullOr90704" computerName="EDSAC" duration="00:00:00.0004558" startTime="2010-12-05T14:25:25.2907894+00:00" endTime="2010-12-05T14:25:25.2977898+00:00" testType="13cdc9d9-ddb5-4fa4-a97d-d965ccfc6d4b" outcome="Passed" testListId="8c84fa94-04c1-424b-9868-57a2d4851a1d" relativeResultsDirectory="f06aa191-83db-402d-b628-a6ad11a43a3c">
    </UnitTestResult>
    <UnitTestResult executionId="9418420f-895c-4391-9458-e93d846b9114" testId="61f7685b-d775-dd59-8bb8-b9d96ff30e56" testName="ToString01827" computerName="EDSAC" duration="00:00:00.0029116" startTime="2010-12-05T14:25:25.3047902+00:00" endTime="2010-12-05T14:25:25.3507928+00:00" testType="13cdc9d9-ddb5-4fa4-a97d-d965ccfc6d4b" outcome="Passed" testListId="8c84fa94-04c1-424b-9868-57a2d4851a1d" relativeResultsDirectory="9418420f-895c-4391-9458-e93d846b9114">
    </UnitTestResult>
    <UnitTestResult executionId="29bece57-326e-44cb-8d3e-33f5e44f8b90" testId="633e6a31-e7c1-dc4e-810e-71a427cf70a8" testName="IsNot859" computerName="EDSAC" duration="00:00:00.0004558" startTime="2010-12-05T14:25:25.3647936+00:00" endTime="2010-12-05T14:25:25.3797945+00:00" testType="13cdc9d9-ddb5-4fa4-a97d-d965ccfc6d4b" outcome="Passed" testListId="8c84fa94-04c1-424b-9868-57a2d4851a1d" relativeResultsDirectory="29bece57-326e-44cb-8d3e-33f5e44f8b90">
    </UnitTestResult>
    <UnitTestResult executionId="84da620e-c423-44e7-a989-ddb9234d4529" testId="640310df-d648-7294-c434-32af677c30c3" testName="UnionAll0135501" computerName="EDSAC" duration="00:00:00.0032536" startTime="2010-12-05T14:25:25.3837947+00:00" endTime="2010-12-05T14:25:25.3937953+00:00" testType="13cdc9d9-ddb5-4fa4-a97d-d965ccfc6d4b" outcome="Passed" testListId="8c84fa94-04c1-424b-9868-57a2d4851a1d" relativeResultsDirectory="84da620e-c423-44e7-a989-ddb9234d4529">
    </UnitTestResult>
    <UnitTestResult executionId="c0eee53a-d867-4889-ba28-5359f945678a" testId="644c941d-d40b-5655-7852-107ffef9acae" testName="Subarray305" computerName="EDSAC" duration="00:00:00.0013513" startTime="2010-12-05T14:25:25.3977955+00:00" endTime="2010-12-05T14:25:25.4187967+00:00" testType="13cdc9d9-ddb5-4fa4-a97d-d965ccfc6d4b" outcome="Passed" testListId="8c84fa94-04c1-424b-9868-57a2d4851a1d" relativeResultsDirectory="c0eee53a-d867-4889-ba28-5359f945678a">
    </UnitTestResult>
    <UnitTestResult executionId="219aae95-18dc-434b-b802-ff5508d0e68e" testId="69d4fcec-3787-b518-9138-fc65c3d09ecc" testName="IfNotNull47701" computerName="EDSAC" duration="00:00:00.0003942" startTime="2010-12-05T14:25:25.4277972+00:00" endTime="2010-12-05T14:25:25.4477984+00:00" testType="13cdc9d9-ddb5-4fa4-a97d-d965ccfc6d4b" outcome="Passed" testListId="8c84fa94-04c1-424b-9868-57a2d4851a1d" relativeResultsDirectory="219aae95-18dc-434b-b802-ff5508d0e68e">
    </UnitTestResult>
    <UnitTestResult executionId="560b012b-4334-47f2-b979-5353138b1a5e" testId="6b5ea87c-ca8e-cd07-2a54-53cd363577f8" testName="ToDictionary65201" computerName="EDSAC" duration="00:00:00.0013592" startTime="2010-12-05T14:25:25.4507985+00:00" endTime="2010-12-05T14:25:25.4617992+00:00" testType="13cdc9d9-ddb5-4fa4-a97d-d965ccfc6d4b" outcome="Passed" testListId="8c84fa94-04c1-424b-9868-57a2d4851a1d" relativeResultsDirectory="560b012b-4334-47f2-b979-5353138b1a5e">
    </UnitTestResult>
    <UnitTestResult executionId="274bd040-fb81-4926-b449-8e78d4f7aba5" testId="6ea29e89-2e15-126e-eecf-3f7b211c52eb" testName="Subarray142" computerName="EDSAC" duration="00:00:00.0010727" startTime="2010-12-05T14:25:25.4657994+00:00" endTime="2010-12-05T14:25:25.4768000+00:00" testType="13cdc9d9-ddb5-4fa4-a97d-d965ccfc6d4b" outcome="Passed" testListId="8c84fa94-04c1-424b-9868-57a2d4851a1d" relativeResultsDirectory="274bd040-fb81-4926-b449-8e78d4f7aba5">
    </UnitTestResult>
    <UnitTestResult executionId="e8e7c080-123b-4e6f-a936-51b01369035e" testId="6f205f53-5c1d-2d23-0592-7823ba18d3aa" testName="IsIn34" computerName="EDSAC" duration="00:00:00.0005277" startTime="2010-12-05T14:25:25.4798002+00:00" endTime="2010-12-05T14:25:25.4928009+00:00" testType="13cdc9d9-ddb5-4fa4-a97d-d965ccfc6d4b" outcome="Passed" testListId="8c84fa94-04c1-424b-9868-57a2d4851a1d" relativeResultsDirectory="e8e7c080-123b-4e6f-a936-51b01369035e">
    </UnitTestResult>
    <UnitTestResult executionId="3619d736-023b-40b3-bf55-919df6e16628" testId="6fb9b650-50a8-89e9-0d35-3a3dc4939152" testName="Add88502" computerName="EDSAC" duration="00:00:00.0006849" startTime="2010-12-05T14:25:25.4958011+00:00" endTime="2010-12-05T14:25:25.5098019+00:00" testType="13cdc9d9-ddb5-4fa4-a97d-d965ccfc6d4b" outcome="Passed" testListId="8c84fa94-04c1-424b-9868-57a2d4851a1d" relativeResultsDirectory="3619d736-023b-40b3-bf55-919df6e16628">
    </UnitTestResult>
    <UnitTestResult executionId="912e678e-d890-46f7-b695-dcc492ac1da5" testId="70ecef07-25d9-9298-9faa-26825e270b46" testName="Fill0168803" computerName="EDSAC" duration="00:00:00.0003714" startTime="2010-12-05T14:25:25.5128021+00:00" endTime="2010-12-05T14:25:25.5258028+00:00" testType="13cdc9d9-ddb5-4fa4-a97d-d965ccfc6d4b" outcome="Passed" testListId="8c84fa94-04c1-424b-9868-57a2d4851a1d" relativeResultsDirectory="912e678e-d890-46f7-b695-dcc492ac1da5">
    </UnitTestResult>
    <UnitTestResult executionId="4d6d4ddd-618a-40be-a0c9-85511236cfe6" testId="71153c10-625e-eee7-0105-ad1f18f9fb72" testName="ForEach78803" computerName="EDSAC" duration="00:00:00.0004834" startTime="2010-12-05T14:25:25.5278029+00:00" endTime="2010-12-05T14:25:25.5468040+00:00" testType="13cdc9d9-ddb5-4fa4-a97d-d965ccfc6d4b" outcome="Passed" testListId="8c84fa94-04c1-424b-9868-57a2d4851a1d" relativeResultsDirectory="4d6d4ddd-618a-40be-a0c9-85511236cfe6">
    </UnitTestResult>
    <UnitTestResult executionId="fa3d61a0-1b24-4038-9f9d-15e170161d41" testId="71646323-a11c-72a1-6c73-8267f331f47f" testName="ExecutionTime01401" computerName="EDSAC" duration="00:00:00.0140230" startTime="2010-12-05T14:25:25.5508042+00:00" endTime="2010-12-05T14:25:25.5748056+00:00" testType="13cdc9d9-ddb5-4fa4-a97d-d965ccfc6d4b" outcome="Passed" testListId="8c84fa94-04c1-424b-9868-57a2d4851a1d" relativeResultsDirectory="fa3d61a0-1b24-4038-9f9d-15e170161d41">
    </UnitTestResult>
    <UnitTestResult executionId="0f345363-43ae-4896-b5eb-b92e82d1c147" testId="71a360e3-d81d-a30a-382f-721ef096f5b1" testName="IfNotNull0192303" computerName="EDSAC" duration="00:00:00.0006107" startTime="2010-12-05T14:25:25.5778058+00:00" endTime="2010-12-05T14:25:25.5948068+00:00" testType="13cdc9d9-ddb5-4fa4-a97d-d965ccfc6d4b" outcome="Passed" testListId="8c84fa94-04c1-424b-9868-57a2d4851a1d" relativeResultsDirectory="0f345363-43ae-4896-b5eb-b92e82d1c147">
    </UnitTestResult>
    <UnitTestResult executionId="225433bd-7a7d-4e2c-a442-db5b5fba4b8f" testId="7206ff03-56a7-ec6c-ffc0-c8679263faa3" testName="As0163211" computerName="EDSAC" duration="00:00:00.0004712" startTime="2010-12-05T14:25:25.5978069+00:00" endTime="2010-12-05T14:25:25.6108077+00:00" testType="13cdc9d9-ddb5-4fa4-a97d-d965ccfc6d4b" outcome="Passed" testListId="8c84fa94-04c1-424b-9868-57a2d4851a1d" relativeResultsDirectory="225433bd-7a7d-4e2c-a442-db5b5fba4b8f">
    </UnitTestResult>
    <UnitTestResult executionId="87d01fea-992d-42d1-98db-9078420117f9" testId="73dedb08-3777-9f76-6412-b3470bb8b574" testName="AsEnumerable0314801" computerName="EDSAC" duration="00:00:00.0006700" startTime="2010-12-05T14:25:25.6138078+00:00" endTime="2010-12-05T14:25:25.6258085+00:00" testType="13cdc9d9-ddb5-4fa4-a97d-d965ccfc6d4b" outcome="Passed" testListId="8c84fa94-04c1-424b-9868-57a2d4851a1d" relativeResultsDirectory="87d01fea-992d-42d1-98db-9078420117f9">
    </UnitTestResult>
    <UnitTestResult executionId="2beadd68-9a63-4bbe-8d3f-43cbcffaa6c2" testId="767e3845-1b47-6225-c38c-e6345e12262a" testName="Is373" computerName="EDSAC" duration="00:00:00.0004866" startTime="2010-12-05T14:25:25.6288087+00:00" endTime="2010-12-05T14:25:25.6408094+00:00" testType="13cdc9d9-ddb5-4fa4-a97d-d965ccfc6d4b" outcome="Passed" testListId="8c84fa94-04c1-424b-9868-57a2d4851a1d" relativeResultsDirectory="2beadd68-9a63-4bbe-8d3f-43cbcffaa6c2">
    </UnitTestResult>
    <UnitTestResult executionId="0b0f8de0-c78a-46ea-a84e-443bed0a9a63" testId="7743f34e-ac5f-23a3-8e8f-212222420029" testName="As215" computerName="EDSAC" duration="00:00:00.0004633" startTime="2010-12-05T14:25:25.6448096+00:00" endTime="2010-12-05T14:25:25.6568103+00:00" testType="13cdc9d9-ddb5-4fa4-a97d-d965ccfc6d4b" outcome="Passed" testListId="8c84fa94-04c1-424b-9868-57a2d4851a1d" relativeResultsDirectory="0b0f8de0-c78a-46ea-a84e-443bed0a9a63">
    </UnitTestResult>
    <UnitTestResult executionId="a4827343-4396-406f-ada6-02b4f9e5fe84" testId="787c2aca-5007-7e56-5e10-28020b3be468" testName="AsEnumerable0314804" computerName="EDSAC" duration="00:00:00.0005002" startTime="2010-12-05T14:25:25.6608105+00:00" endTime="2010-12-05T14:25:25.6748113+00:00" testType="13cdc9d9-ddb5-4fa4-a97d-d965ccfc6d4b" outcome="Passed" testListId="8c84fa94-04c1-424b-9868-57a2d4851a1d" relativeResultsDirectory="a4827343-4396-406f-ada6-02b4f9e5fe84">
    </UnitTestResult>
    <UnitTestResult executionId="bb0bafd4-1b17-4c87-90d9-e0827ae02968" testId="7896ac03-38fd-b99c-d27e-6cbd208a3f1e" testName="As21502" computerName="EDSAC" duration="00:00:00.0004969" startTime="2010-12-05T14:25:25.6788116+00:00" endTime="2010-12-05T14:25:25.6958125+00:00" testType="13cdc9d9-ddb5-4fa4-a97d-d965ccfc6d4b" outcome="Passed" testListId="8c84fa94-04c1-424b-9868-57a2d4851a1d" relativeResultsDirectory="bb0bafd4-1b17-4c87-90d9-e0827ae02968">
    </UnitTestResult>
    <UnitTestResult executionId="ff68889a-7982-4600-a9d3-74f02a929de1" testId="797d7b6c-0b94-436f-8cf2-1181e4378e5e" testName="AddThrowsContractException551" computerName="EDSAC" duration="00:00:00.0006369" startTime="2010-12-05T14:25:25.6978127+00:00" endTime="2010-12-05T14:25:25.7088133+00:00" testType="13cdc9d9-ddb5-4fa4-a97d-d965ccfc6d4b" outcome="Passed" testListId="8c84fa94-04c1-424b-9868-57a2d4851a1d" relativeResultsDirectory="ff68889a-7982-4600-a9d3-74f02a929de1">
    </UnitTestResult>
    <UnitTestResult executionId="4d615b57-2e9b-418b-b6c4-a92909c2eb3a" testId="7a7d56e7-b4b7-3226-df1d-44471276e993" testName="AsEnumerable02ThrowsContractException18" computerName="EDSAC" duration="00:00:00.0006789" startTime="2010-12-05T14:25:25.7128135+00:00" endTime="2010-12-05T14:25:25.7238141+00:00" testType="13cdc9d9-ddb5-4fa4-a97d-d965ccfc6d4b" outcome="Passed" testListId="8c84fa94-04c1-424b-9868-57a2d4851a1d" relativeResultsDirectory="4d615b57-2e9b-418b-b6c4-a92909c2eb3a">
    </UnitTestResult>
    <UnitTestResult executionId="7804a375-9011-4af3-bf49-c36bac810705" testId="7a9400e0-6f1a-74cc-aaf2-4e620d01eac4" testName="As0166402" computerName="EDSAC" duration="00:00:00.0007153" startTime="2010-12-05T14:25:25.7268143+00:00" endTime="2010-12-05T14:25:25.7388150+00:00" testType="13cdc9d9-ddb5-4fa4-a97d-d965ccfc6d4b" outcome="Passed" testListId="8c84fa94-04c1-424b-9868-57a2d4851a1d" relativeResultsDirectory="7804a375-9011-4af3-bf49-c36bac810705">
    </UnitTestResult>
    <UnitTestResult executionId="92a6d556-6ca2-4163-90bb-cf64bb85d6ed" testId="7a965cd2-e1cf-8636-b94b-9bb1e4688fd0" testName="Iter96004" computerName="EDSAC" duration="00:00:00.0007106" startTime="2010-12-05T14:25:25.7418152+00:00" endTime="2010-12-05T14:25:25.7528158+00:00" testType="13cdc9d9-ddb5-4fa4-a97d-d965ccfc6d4b" outcome="Passed" testListId="8c84fa94-04c1-424b-9868-57a2d4851a1d" relativeResultsDirectory="92a6d556-6ca2-4163-90bb-cf64bb85d6ed">
    </UnitTestResult>
    <UnitTestResult executionId="82cb842b-4102-4dda-94f5-a45c32573664" testId="7a9b0937-239f-a7cc-e1fc-09bbc3508e89" testName="As0130301" computerName="EDSAC" duration="00:00:00.0004143" startTime="2010-12-05T14:25:25.7558160+00:00" endTime="2010-12-05T14:25:25.7658165+00:00" testType="13cdc9d9-ddb5-4fa4-a97d-d965ccfc6d4b" outcome="Passed" testListId="8c84fa94-04c1-424b-9868-57a2d4851a1d" relativeResultsDirectory="82cb842b-4102-4dda-94f5-a45c32573664">
    </UnitTestResult>
    <UnitTestResult executionId="3d373d60-d2bc-4977-aa21-b65f66dc9978" testId="7acd9860-9837-fbe5-5425-b774d050444a" testName="ForEach12503" computerName="EDSAC" duration="00:00:00.0005394" startTime="2010-12-05T14:25:25.7678167+00:00" endTime="2010-12-05T14:25:25.7778172+00:00" testType="13cdc9d9-ddb5-4fa4-a97d-d965ccfc6d4b" outcome="Passed" testListId="8c84fa94-04c1-424b-9868-57a2d4851a1d" relativeResultsDirectory="3d373d60-d2bc-4977-aa21-b65f66dc9978">
    </UnitTestResult>
    <UnitTestResult executionId="8edb69bb-2415-4158-b084-ac15344b1274" testId="7b6ad291-8507-bfdb-b921-bf2c15c5fff5" testName="IterThrowsContractException889" computerName="EDSAC" duration="00:00:00.0006593" startTime="2010-12-05T14:25:25.7808174+00:00" endTime="2010-12-05T14:25:25.7918180+00:00" testType="13cdc9d9-ddb5-4fa4-a97d-d965ccfc6d4b" outcome="Passed" testListId="8c84fa94-04c1-424b-9868-57a2d4851a1d" relativeResultsDirectory="8edb69bb-2415-4158-b084-ac15344b1274">
    </UnitTestResult>
    <UnitTestResult executionId="f8f52786-fed0-44d8-92e2-a80d35991cac" testId="7ba074f7-37b4-86ab-f897-639c59c7afb2" testName="As01402" computerName="EDSAC" duration="00:00:00.0007647" startTime="2010-12-05T14:25:25.7948182+00:00" endTime="2010-12-05T14:25:25.8048188+00:00" testType="13cdc9d9-ddb5-4fa4-a97d-d965ccfc6d4b" outcome="Passed" testListId="8c84fa94-04c1-424b-9868-57a2d4851a1d" relativeResultsDirectory="f8f52786-fed0-44d8-92e2-a80d35991cac">
    </UnitTestResult>
    <UnitTestResult executionId="187e6437-fd7f-47b4-808a-fa9561e9b13d" testId="7d85dd6d-e955-0c88-df95-d36cadd3d7ff" testName="IsNullOrEmpty839" computerName="EDSAC" duration="00:00:00.0005048" startTime="2010-12-05T14:25:25.8078189+00:00" endTime="2010-12-05T14:25:25.8168195+00:00" testType="13cdc9d9-ddb5-4fa4-a97d-d965ccfc6d4b" outcome="Passed" testListId="8c84fa94-04c1-424b-9868-57a2d4851a1d" relativeResultsDirectory="187e6437-fd7f-47b4-808a-fa9561e9b13d">
    </UnitTestResult>
    <UnitTestResult executionId="bed00d26-3c9d-40d4-9382-1cac8ecb6a4e" testId="80003646-df99-feba-93b2-6a809b884bf6" testName="Fill0157102" computerName="EDSAC" duration="00:00:00.0004432" startTime="2010-12-05T14:25:25.8288201+00:00" endTime="2010-12-05T14:25:25.8398208+00:00" testType="13cdc9d9-ddb5-4fa4-a97d-d965ccfc6d4b" outcome="Passed" testListId="8c84fa94-04c1-424b-9868-57a2d4851a1d" relativeResultsDirectory="bed00d26-3c9d-40d4-9382-1cac8ecb6a4e">
    </UnitTestResult>
    <UnitTestResult executionId="6a54798c-a158-4105-8727-221a26118ecf" testId="808822f6-9c85-0a33-f1f9-4d64c79fb975" testName="As763" computerName="EDSAC" duration="00:00:00.0004992" startTime="2010-12-05T14:25:25.8448211+00:00" endTime="2010-12-05T14:25:25.8558217+00:00" testType="13cdc9d9-ddb5-4fa4-a97d-d965ccfc6d4b" outcome="Passed" testListId="8c84fa94-04c1-424b-9868-57a2d4851a1d" relativeResultsDirectory="6a54798c-a158-4105-8727-221a26118ecf">
    </UnitTestResult>
    <UnitTestResult executionId="1edc05a2-478c-4b4b-9b2b-5e0f8dd6567f" testId="80c446f8-daa9-dd90-7ba0-f56b79877aec" testName="AsEnumerable0258802" computerName="EDSAC" duration="00:00:00.0006299" startTime="2010-12-05T14:25:25.8578218+00:00" endTime="2010-12-05T14:25:25.8738227+00:00" testType="13cdc9d9-ddb5-4fa4-a97d-d965ccfc6d4b" outcome="Passed" testListId="8c84fa94-04c1-424b-9868-57a2d4851a1d" relativeResultsDirectory="1edc05a2-478c-4b4b-9b2b-5e0f8dd6567f">
    </UnitTestResult>
    <UnitTestResult executionId="8da6d892-6b9d-4ed0-8cd9-30e39c16fa4f" testId="830b7e4e-1e9d-8453-edde-ba93d873d94b" testName="SubarrayThrowsIndexOutOfRangeException166" computerName="EDSAC" duration="00:00:00.0026970" startTime="2010-12-05T14:25:25.8778230+00:00" endTime="2010-12-05T14:25:25.8898236+00:00" testType="13cdc9d9-ddb5-4fa4-a97d-d965ccfc6d4b" outcome="Failed" testListId="8c84fa94-04c1-424b-9868-57a2d4851a1d" relativeResultsDirectory="8da6d892-6b9d-4ed0-8cd9-30e39c16fa4f">
      <Output>
        <ErrorInfo>
          <Message>Test method SharpBag.ExtensionsTest.SubarrayThrowsIndexOutOfRangeException166 threw exception: 
System.IndexOutOfRangeException: Index was outside the bounds of the array.</Message>
          <StackTrace>    at SharpBag.Extensions.Subarray(Int32[,] a, Int32 x1, Int32 y1, Int32 x2, Int32 y2) in C:\Users\SuprDewd\Desktop\Projects\Forritun\SharpBag\SharpBag\Extensions.cs:line 569
   at SharpBag.ExtensionsTest.SubarrayThrowsIndexOutOfRangeException166() in C:\Users\SuprDewd\Desktop\Projects\Forritun\SharpBag\SharpBag.Tests\ExtensionsTest.Subarray.g.cs:line 66
</StackTrace>
        </ErrorInfo>
      </Output>
    </UnitTestResult>
    <UnitTestResult executionId="6b71e558-f042-47cf-86c4-e1a412ac8177" testId="8449ab5e-c7c8-6deb-cb03-833888a032c6" testName="Fill0110502" computerName="EDSAC" duration="00:00:00.0022957" startTime="2010-12-05T14:25:25.8918238+00:00" endTime="2010-12-05T14:25:25.9098248+00:00" testType="13cdc9d9-ddb5-4fa4-a97d-d965ccfc6d4b" outcome="Passed" testListId="8c84fa94-04c1-424b-9868-57a2d4851a1d" relativeResultsDirectory="6b71e558-f042-47cf-86c4-e1a412ac8177">
    </UnitTestResult>
    <UnitTestResult executionId="e9a76891-40e9-4fab-ac29-6fc1f6855ca0" testId="850912a6-5065-5531-7451-3014a79cee54" testName="As0132107" computerName="EDSAC" duration="00:00:00.0003994" startTime="2010-12-05T14:25:25.9118249+00:00" endTime="2010-12-05T14:25:25.9278258+00:00" testType="13cdc9d9-ddb5-4fa4-a97d-d965ccfc6d4b" outcome="Passed" testListId="8c84fa94-04c1-424b-9868-57a2d4851a1d" relativeResultsDirectory="e9a76891-40e9-4fab-ac29-6fc1f6855ca0">
    </UnitTestResult>
    <UnitTestResult executionId="1260b417-1438-45fe-96a4-61bda7a43ee2" testId="869377b3-dcd6-3fd0-816f-a4a48e30d6c3" testName="To01ThrowsContractException635" computerName="EDSAC" duration="00:00:00.0006649" startTime="2010-12-05T14:25:25.9298259+00:00" endTime="2010-12-05T14:25:25.9438267+00:00" testType="13cdc9d9-ddb5-4fa4-a97d-d965ccfc6d4b" outcome="Passed" testListId="8c84fa94-04c1-424b-9868-57a2d4851a1d" relativeResultsDirectory="1260b417-1438-45fe-96a4-61bda7a43ee2">
    </UnitTestResult>
    <UnitTestResult executionId="8946aff0-96b0-4c22-baeb-1d970b4f5bfa" testId="86a0d6ba-240b-81ef-7612-a91dd0bac5dd" testName="To0482501" computerName="EDSAC" duration="00:00:00.0003410" startTime="2010-12-05T14:25:25.9558274+00:00" endTime="2010-12-05T14:25:25.9738284+00:00" testType="13cdc9d9-ddb5-4fa4-a97d-d965ccfc6d4b" outcome="Passed" testListId="8c84fa94-04c1-424b-9868-57a2d4851a1d" relativeResultsDirectory="8946aff0-96b0-4c22-baeb-1d970b4f5bfa">
    </UnitTestResult>
    <UnitTestResult executionId="b3984f8c-8f46-4490-a16f-1ba137c01e95" testId="86c02588-b87f-32bd-880b-56b0d73c1993" testName="NullOr71401" computerName="EDSAC" duration="00:00:00.0007414" startTime="2010-12-05T14:25:25.9768286+00:00" endTime="2010-12-05T14:25:25.9978298+00:00" testType="13cdc9d9-ddb5-4fa4-a97d-d965ccfc6d4b" outcome="Passed" testListId="8c84fa94-04c1-424b-9868-57a2d4851a1d" relativeResultsDirectory="b3984f8c-8f46-4490-a16f-1ba137c01e95">
    </UnitTestResult>
    <UnitTestResult executionId="2647eb0b-4d5d-49fe-8ef1-4feec2f56605" testId="8795f817-2bb9-9d00-f981-a3a8a2b7335e" testName="Add88501" computerName="EDSAC" duration="00:00:00.0022565" startTime="2010-12-05T14:25:26.0028301+00:00" endTime="2010-12-05T14:25:26.0368320+00:00" testType="13cdc9d9-ddb5-4fa4-a97d-d965ccfc6d4b" outcome="Passed" testListId="8c84fa94-04c1-424b-9868-57a2d4851a1d" relativeResultsDirectory="2647eb0b-4d5d-49fe-8ef1-4feec2f56605">
    </UnitTestResult>
    <UnitTestResult executionId="d77c6082-7676-4d39-bb3c-048a79047fb7" testId="8a248c8c-38d6-117a-cb08-bb2fddeae117" testName="ForEach12501" computerName="EDSAC" duration="00:00:00.0003877" startTime="2010-12-05T14:25:26.0428324+00:00" endTime="2010-12-05T14:25:26.0658337+00:00" testType="13cdc9d9-ddb5-4fa4-a97d-d965ccfc6d4b" outcome="Passed" testListId="8c84fa94-04c1-424b-9868-57a2d4851a1d" relativeResultsDirectory="d77c6082-7676-4d39-bb3c-048a79047fb7">
    </UnitTestResult>
    <UnitTestResult executionId="839cf15a-0c48-4e36-b64f-ccf632372d2c" testId="8d13964e-5c5a-1ee4-b9d1-2f111aabda85" testName="GetPriorityEnumerator72901" computerName="EDSAC" duration="00:00:00.0047608" startTime="2010-12-05T14:25:26.0678338+00:00" endTime="2010-12-05T14:25:26.0848348+00:00" testType="13cdc9d9-ddb5-4fa4-a97d-d965ccfc6d4b" outcome="Passed" testListId="8c84fa94-04c1-424b-9868-57a2d4851a1d" relativeResultsDirectory="839cf15a-0c48-4e36-b64f-ccf632372d2c">
    </UnitTestResult>
    <UnitTestResult executionId="7de47a5f-cab8-46f6-a207-e598352d01d5" testId="8d424c8f-9c8d-8bdb-c98c-1e76a87f52e2" testName="Shuffle565" computerName="EDSAC" duration="00:00:00.0028173" startTime="2010-12-05T14:25:26.0878350+00:00" endTime="2010-12-05T14:25:26.0998356+00:00" testType="13cdc9d9-ddb5-4fa4-a97d-d965ccfc6d4b" outcome="Passed" testListId="8c84fa94-04c1-424b-9868-57a2d4851a1d" relativeResultsDirectory="7de47a5f-cab8-46f6-a207-e598352d01d5">
    </UnitTestResult>
    <UnitTestResult executionId="d1c3ef33-f121-4382-b438-01d0e5adc713" testId="8dec4c0d-9137-8bca-e823-6edddad67b2a" testName="As568" computerName="EDSAC" duration="00:00:00.0008445" startTime="2010-12-05T14:25:26.1028358+00:00" endTime="2010-12-05T14:25:26.1138364+00:00" testType="13cdc9d9-ddb5-4fa4-a97d-d965ccfc6d4b" outcome="Passed" testListId="8c84fa94-04c1-424b-9868-57a2d4851a1d" relativeResultsDirectory="d1c3ef33-f121-4382-b438-01d0e5adc713">
    </UnitTestResult>
    <UnitTestResult executionId="65a8c956-0343-4236-a1a0-17d62c68f730" testId="8e9dd2cf-ab74-a19e-4fae-41caa637e0ed" testName="AsEnumerable03ThrowsContractException289" computerName="EDSAC" duration="00:00:00.0005748" startTime="2010-12-05T14:25:26.1158366+00:00" endTime="2010-12-05T14:25:26.1268372+00:00" testType="13cdc9d9-ddb5-4fa4-a97d-d965ccfc6d4b" outcome="Passed" testListId="8c84fa94-04c1-424b-9868-57a2d4851a1d" relativeResultsDirectory="65a8c956-0343-4236-a1a0-17d62c68f730">
    </UnitTestResult>
    <UnitTestResult executionId="43d83b25-af69-408a-9ceb-c55035c85e5d" testId="8f15350a-b612-7c9b-89ff-1e54a29d9340" testName="To03ThrowsContractException968" computerName="EDSAC" duration="00:00:00.0007115" startTime="2010-12-05T14:25:26.1288373+00:00" endTime="2010-12-05T14:25:26.1418381+00:00" testType="13cdc9d9-ddb5-4fa4-a97d-d965ccfc6d4b" outcome="Passed" testListId="8c84fa94-04c1-424b-9868-57a2d4851a1d" relativeResultsDirectory="43d83b25-af69-408a-9ceb-c55035c85e5d">
    </UnitTestResult>
    <UnitTestResult executionId="e679c970-5aa1-4f39-9a04-fa12698b6867" testId="8f214c0c-af12-b9fb-ae32-e2f0e522a10f" testName="NullOr90702" computerName="EDSAC" duration="00:00:00.0004717" startTime="2010-12-05T14:25:26.1438382+00:00" endTime="2010-12-05T14:25:26.1588390+00:00" testType="13cdc9d9-ddb5-4fa4-a97d-d965ccfc6d4b" outcome="Passed" testListId="8c84fa94-04c1-424b-9868-57a2d4851a1d" relativeResultsDirectory="e679c970-5aa1-4f39-9a04-fa12698b6867">
    </UnitTestResult>
    <UnitTestResult executionId="b81bdde7-9a1b-48ed-b7a2-40db9919e671" testId="8fabe6be-0a48-74a9-97ec-54d046e764bc" testName="Constructor94201" computerName="EDSAC" duration="00:00:00.0007479" startTime="2010-12-05T14:25:26.1648394+00:00" endTime="2010-12-05T14:25:26.1748399+00:00" testType="13cdc9d9-ddb5-4fa4-a97d-d965ccfc6d4b" outcome="Passed" testListId="8c84fa94-04c1-424b-9868-57a2d4851a1d" relativeResultsDirectory="b81bdde7-9a1b-48ed-b7a2-40db9919e671">
    </UnitTestResult>
    <UnitTestResult executionId="01d77fc3-6d66-433d-883f-693d92ed3ba7" testId="90427aa6-8cf4-b956-2b3f-9546b7107ae7" testName="TimesThrowsContractException662" computerName="EDSAC" duration="00:00:00.0005995" startTime="2010-12-05T14:25:26.1768401+00:00" endTime="2010-12-05T14:25:26.1878407+00:00" testType="13cdc9d9-ddb5-4fa4-a97d-d965ccfc6d4b" outcome="Passed" testListId="8c84fa94-04c1-424b-9868-57a2d4851a1d" relativeResultsDirectory="01d77fc3-6d66-433d-883f-693d92ed3ba7">
    </UnitTestResult>
    <UnitTestResult executionId="629ce793-b6d3-4352-8816-1f63f5ab1bb0" testId="91ad74e2-7f98-39c5-b2ac-d6979eb1e521" testName="As0163239" computerName="EDSAC" duration="00:00:00.0004120" startTime="2010-12-05T14:25:26.1908409+00:00" endTime="2010-12-05T14:25:26.2048417+00:00" testType="13cdc9d9-ddb5-4fa4-a97d-d965ccfc6d4b" outcome="Passed" testListId="8c84fa94-04c1-424b-9868-57a2d4851a1d" relativeResultsDirectory="629ce793-b6d3-4352-8816-1f63f5ab1bb0">
    </UnitTestResult>
    <UnitTestResult executionId="748fd5b3-1426-4700-b2d6-74c8cd876ff2" testId="920395ef-4d81-2796-a8e3-57b62c679836" testName="As0132102" computerName="EDSAC" duration="00:00:00.0003975" startTime="2010-12-05T14:25:26.2078418+00:00" endTime="2010-12-05T14:25:26.2218426+00:00" testType="13cdc9d9-ddb5-4fa4-a97d-d965ccfc6d4b" outcome="Passed" testListId="8c84fa94-04c1-424b-9868-57a2d4851a1d" relativeResultsDirectory="748fd5b3-1426-4700-b2d6-74c8cd876ff2">
    </UnitTestResult>
    <UnitTestResult executionId="83ec14b7-1cf5-4dcd-877c-3af2cbc6373e" testId="92c796c7-6140-7467-0f72-263f4de0d5fd" testName="Add88504" computerName="EDSAC" duration="00:00:00.0006135" startTime="2010-12-05T14:25:26.2238427+00:00" endTime="2010-12-05T14:25:26.2358434+00:00" testType="13cdc9d9-ddb5-4fa4-a97d-d965ccfc6d4b" outcome="Passed" testListId="8c84fa94-04c1-424b-9868-57a2d4851a1d" relativeResultsDirectory="83ec14b7-1cf5-4dcd-877c-3af2cbc6373e">
    </UnitTestResult>
    <UnitTestResult executionId="57750980-9910-40d6-b5aa-ac30942a8298" testId="93237b41-2edc-1e5e-efe4-c865b1af2b62" testName="PeekThrowsContractException550" computerName="EDSAC" duration="00:00:00.0018515" startTime="2010-12-05T14:25:26.2378435+00:00" endTime="2010-12-05T14:25:26.2498442+00:00" testType="13cdc9d9-ddb5-4fa4-a97d-d965ccfc6d4b" outcome="Passed" testListId="8c84fa94-04c1-424b-9868-57a2d4851a1d" relativeResultsDirectory="57750980-9910-40d6-b5aa-ac30942a8298">
    </UnitTestResult>
    <UnitTestResult executionId="75f003df-742d-4a6d-9b92-fa72d7f70c4f" testId="94035d88-ed3c-a1c6-5571-0e7a52145b86" testName="GetEnumerator20301" computerName="EDSAC" duration="00:00:00.0022355" startTime="2010-12-05T14:25:26.2518443+00:00" endTime="2010-12-05T14:25:26.2658451+00:00" testType="13cdc9d9-ddb5-4fa4-a97d-d965ccfc6d4b" outcome="Passed" testListId="8c84fa94-04c1-424b-9868-57a2d4851a1d" relativeResultsDirectory="75f003df-742d-4a6d-9b92-fa72d7f70c4f">
    </UnitTestResult>
    <UnitTestResult executionId="0dbefe49-8b3e-4fb0-b53e-b56ab89d72bd" testId="94c02084-a2f4-8ed3-b12d-a1ac0caf9379" testName="AsEnumerable01ThrowsContractException5" computerName="EDSAC" duration="00:00:00.0005897" startTime="2010-12-05T14:25:26.2688453+00:00" endTime="2010-12-05T14:25:26.2788459+00:00" testType="13cdc9d9-ddb5-4fa4-a97d-d965ccfc6d4b" outcome="Passed" testListId="8c84fa94-04c1-424b-9868-57a2d4851a1d" relativeResultsDirectory="0dbefe49-8b3e-4fb0-b53e-b56ab89d72bd">
    </UnitTestResult>
    <UnitTestResult executionId="da0849d6-9313-4e4e-8ad7-bb65e753fca7" testId="9611d5ba-c78e-b7b6-592f-64194d91b456" testName="AsEnumerable56004" computerName="EDSAC" duration="00:00:00.0003863" startTime="2010-12-05T14:25:26.2808460+00:00" endTime="2010-12-05T14:25:26.2958469+00:00" testType="13cdc9d9-ddb5-4fa4-a97d-d965ccfc6d4b" outcome="Passed" testListId="8c84fa94-04c1-424b-9868-57a2d4851a1d" relativeResultsDirectory="da0849d6-9313-4e4e-8ad7-bb65e753fca7">
    </UnitTestResult>
    <UnitTestResult executionId="6eecb85c-a4e9-4701-a2fe-c34f5c330c55" testId="97102229-37fa-e978-ffae-7fd4c7300f98" testName="NullOr90703" computerName="EDSAC" duration="00:00:00.0004512" startTime="2010-12-05T14:25:26.2978470+00:00" endTime="2010-12-05T14:25:26.3078475+00:00" testType="13cdc9d9-ddb5-4fa4-a97d-d965ccfc6d4b" outcome="Passed" testListId="8c84fa94-04c1-424b-9868-57a2d4851a1d" relativeResultsDirectory="6eecb85c-a4e9-4701-a2fe-c34f5c330c55">
    </UnitTestResult>
    <UnitTestResult executionId="a25fa8f5-3c2d-492e-8fc5-619feedeb8fe" testId="97495e35-0952-692a-91b0-3d721dc574e4" testName="As0166004" computerName="EDSAC" duration="00:00:00.0007573" startTime="2010-12-05T14:25:26.3118478+00:00" endTime="2010-12-05T14:25:26.3328490+00:00" testType="13cdc9d9-ddb5-4fa4-a97d-d965ccfc6d4b" outcome="Passed" testListId="8c84fa94-04c1-424b-9868-57a2d4851a1d" relativeResultsDirectory="a25fa8f5-3c2d-492e-8fc5-619feedeb8fe">
    </UnitTestResult>
    <UnitTestResult executionId="62a6a3df-8506-401e-8fd9-132bd555ff0b" testId="98f1539c-0085-97ac-e6d6-c700951efc19" testName="RangeThrowsContractException841" computerName="EDSAC" duration="00:00:00.0011730" startTime="2010-12-05T14:25:26.3368492+00:00" endTime="2010-12-05T14:25:26.3508500+00:00" testType="13cdc9d9-ddb5-4fa4-a97d-d965ccfc6d4b" outcome="Passed" testListId="8c84fa94-04c1-424b-9868-57a2d4851a1d" relativeResultsDirectory="62a6a3df-8506-401e-8fd9-132bd555ff0b">
    </UnitTestResult>
    <UnitTestResult executionId="20bb7a96-a04f-4a4d-a9b6-83ba96920cf9" testId="990a1706-3c38-5c79-dd26-6bf2a85de470" testName="As0163233" computerName="EDSAC" duration="00:00:00.0006023" startTime="2010-12-05T14:25:26.3578504+00:00" endTime="2010-12-05T14:25:26.3698511+00:00" testType="13cdc9d9-ddb5-4fa4-a97d-d965ccfc6d4b" outcome="Passed" testListId="8c84fa94-04c1-424b-9868-57a2d4851a1d" relativeResultsDirectory="20bb7a96-a04f-4a4d-a9b6-83ba96920cf9">
    </UnitTestResult>
    <UnitTestResult executionId="9040687a-27b6-43d6-9215-c765d50d3d31" testId="9a12b8c7-dd2a-27a8-8e5c-846cf91e7a67" testName="ForEach78804" computerName="EDSAC" duration="00:00:00.0011357" startTime="2010-12-05T14:25:26.3728513+00:00" endTime="2010-12-05T14:25:26.3918524+00:00" testType="13cdc9d9-ddb5-4fa4-a97d-d965ccfc6d4b" outcome="Passed" testListId="8c84fa94-04c1-424b-9868-57a2d4851a1d" relativeResultsDirectory="9040687a-27b6-43d6-9215-c765d50d3d31">
    </UnitTestResult>
    <UnitTestResult executionId="0185bf2f-1639-4bc3-9b8e-d6040da80832" testId="9b2baef8-8cea-f431-96b6-95e1ddfaf4a9" testName="As29401" computerName="EDSAC" duration="00:00:00.0008538" startTime="2010-12-05T14:25:26.4028530+00:00" endTime="2010-12-05T14:25:26.4148537+00:00" testType="13cdc9d9-ddb5-4fa4-a97d-d965ccfc6d4b" outcome="Passed" testListId="8c84fa94-04c1-424b-9868-57a2d4851a1d" relativeResultsDirectory="0185bf2f-1639-4bc3-9b8e-d6040da80832">
    </UnitTestResult>
    <UnitTestResult executionId="45acd4a3-3f49-4290-9bea-e64d594d48a6" testId="9bfa0b14-def6-4233-8f09-efbae74ca192" testName="Iter96003" computerName="EDSAC" duration="00:00:00.0005492" startTime="2010-12-05T14:25:26.4188539+00:00" endTime="2010-12-05T14:25:26.4288545+00:00" testType="13cdc9d9-ddb5-4fa4-a97d-d965ccfc6d4b" outcome="Passed" testListId="8c84fa94-04c1-424b-9868-57a2d4851a1d" relativeResultsDirectory="45acd4a3-3f49-4290-9bea-e64d594d48a6">
    </UnitTestResult>
    <UnitTestResult executionId="29427a45-04dd-48e3-94f7-2ac2b593fe1c" testId="9d4922e1-95bb-cc07-dd59-02aa21bc0c9d" testName="As6" computerName="EDSAC" duration="00:00:00.0011893" startTime="2010-12-05T14:25:26.4348548+00:00" endTime="2010-12-05T14:25:26.4468555+00:00" testType="13cdc9d9-ddb5-4fa4-a97d-d965ccfc6d4b" outcome="Passed" testListId="8c84fa94-04c1-424b-9868-57a2d4851a1d" relativeResultsDirectory="29427a45-04dd-48e3-94f7-2ac2b593fe1c">
    </UnitTestResult>
    <UnitTestResult executionId="5fb32d10-a9de-4e39-9e97-461647d9a823" testId="9ed7c416-1a7b-4673-195d-ca2e196d2a2e" testName="With25501" computerName="EDSAC" duration="00:00:00.0011184" startTime="2010-12-05T14:25:26.4508557+00:00" endTime="2010-12-05T14:25:26.4628564+00:00" testType="13cdc9d9-ddb5-4fa4-a97d-d965ccfc6d4b" outcome="Passed" testListId="8c84fa94-04c1-424b-9868-57a2d4851a1d" relativeResultsDirectory="5fb32d10-a9de-4e39-9e97-461647d9a823">
    </UnitTestResult>
    <UnitTestResult executionId="83769d4a-b942-4a2f-b6c1-e1ecf021d95f" testId="a45582f8-3825-adac-44bf-8fa9e3381e89" testName="ForEach78801" computerName="EDSAC" duration="00:00:00.0003980" startTime="2010-12-05T14:25:26.4658566+00:00" endTime="2010-12-05T14:25:26.4778573+00:00" testType="13cdc9d9-ddb5-4fa4-a97d-d965ccfc6d4b" outcome="Passed" testListId="8c84fa94-04c1-424b-9868-57a2d4851a1d" relativeResultsDirectory="83769d4a-b942-4a2f-b6c1-e1ecf021d95f">
    </UnitTestResult>
    <UnitTestResult executionId="46bd205a-136a-4ef7-986d-94351d5f3b6f" testId="a5088dbd-9f6a-bb83-e64a-07cfd5052c81" testName="As0130303" computerName="EDSAC" duration="00:00:00.0004054" startTime="2010-12-05T14:25:26.4848577+00:00" endTime="2010-12-05T14:25:26.4968584+00:00" testType="13cdc9d9-ddb5-4fa4-a97d-d965ccfc6d4b" outcome="Passed" testListId="8c84fa94-04c1-424b-9868-57a2d4851a1d" relativeResultsDirectory="46bd205a-136a-4ef7-986d-94351d5f3b6f">
    </UnitTestResult>
    <UnitTestResult executionId="87b8129e-aab7-4176-9c70-cc8bece14cb5" testId="a51caca7-6a0e-8bea-fb89-3104ddb0e38a" testName="Fill105" computerName="EDSAC" duration="00:00:00.0002552" startTime="2010-12-05T14:25:26.5028587+00:00" endTime="2010-12-05T14:25:26.5158594+00:00" testType="13cdc9d9-ddb5-4fa4-a97d-d965ccfc6d4b" outcome="Passed" testListId="8c84fa94-04c1-424b-9868-57a2d4851a1d" relativeResultsDirectory="87b8129e-aab7-4176-9c70-cc8bece14cb5">
    </UnitTestResult>
    <UnitTestResult executionId="9569ed6e-ba1a-4b30-abb5-a6aa48fd2eab" testId="a56170ce-b399-e27e-e213-58e00eb4c436" testName="As0163238" computerName="EDSAC" duration="00:00:00.0012701" startTime="2010-12-05T14:25:26.5188596+00:00" endTime="2010-12-05T14:25:26.5378607+00:00" testType="13cdc9d9-ddb5-4fa4-a97d-d965ccfc6d4b" outcome="Passed" testListId="8c84fa94-04c1-424b-9868-57a2d4851a1d" relativeResultsDirectory="9569ed6e-ba1a-4b30-abb5-a6aa48fd2eab">
    </UnitTestResult>
    <UnitTestResult executionId="e795b48c-e5c5-40fd-bd70-3b4eabbe87b5" testId="a5e95aa9-bc38-31cc-9093-9339a7e10a1b" testName="ItemSetThrowsContractException48" computerName="EDSAC" duration="00:00:00.0021823" startTime="2010-12-05T14:25:26.5428610+00:00" endTime="2010-12-05T14:25:26.5528616+00:00" testType="13cdc9d9-ddb5-4fa4-a97d-d965ccfc6d4b" outcome="Passed" testListId="8c84fa94-04c1-424b-9868-57a2d4851a1d" relativeResultsDirectory="e795b48c-e5c5-40fd-bd70-3b4eabbe87b5">
    </UnitTestResult>
    <UnitTestResult executionId="c8a4ffa9-02fb-4079-97b9-954c224e9189" testId="a65b5eab-4121-901b-449c-fc9aba07d07b" testName="IfNotNull0192302" computerName="EDSAC" duration="00:00:00.0003863" startTime="2010-12-05T14:25:26.5568618+00:00" endTime="2010-12-05T14:25:26.5718626+00:00" testType="13cdc9d9-ddb5-4fa4-a97d-d965ccfc6d4b" outcome="Passed" testListId="8c84fa94-04c1-424b-9868-57a2d4851a1d" relativeResultsDirectory="c8a4ffa9-02fb-4079-97b9-954c224e9189">
    </UnitTestResult>
    <UnitTestResult executionId="96287bff-2d4c-452c-aea1-bb05a22f74a0" testId="a8ed7a3a-0e05-4105-ece6-4d106523c6c6" testName="ShuffleThrowsContractException285" computerName="EDSAC" duration="00:00:00.0009952" startTime="2010-12-05T14:25:26.5748628+00:00" endTime="2010-12-05T14:25:26.5858634+00:00" testType="13cdc9d9-ddb5-4fa4-a97d-d965ccfc6d4b" outcome="Passed" testListId="8c84fa94-04c1-424b-9868-57a2d4851a1d" relativeResultsDirectory="96287bff-2d4c-452c-aea1-bb05a22f74a0">
    </UnitTestResult>
    <UnitTestResult executionId="45cb7fee-d8ea-4c93-b358-cf5a9fea311e" testId="aa951c3d-ee4a-9ede-aac2-7e390167d171" testName="As0163244" computerName="EDSAC" duration="00:00:00.0004157" startTime="2010-12-05T14:25:26.5898637+00:00" endTime="2010-12-05T14:25:26.5988642+00:00" testType="13cdc9d9-ddb5-4fa4-a97d-d965ccfc6d4b" outcome="Passed" testListId="8c84fa94-04c1-424b-9868-57a2d4851a1d" relativeResultsDirectory="45cb7fee-d8ea-4c93-b358-cf5a9fea311e">
    </UnitTestResult>
    <UnitTestResult executionId="65cb2fff-6480-4376-865b-91a68ffa17aa" testId="ab328c1b-fd51-1dad-6b49-0a3734c2c2e7" testName="Generate602" computerName="EDSAC" duration="00:00:00.0015108" startTime="2010-12-05T14:25:26.6008643+00:00" endTime="2010-12-05T14:25:26.6148651+00:00" testType="13cdc9d9-ddb5-4fa4-a97d-d965ccfc6d4b" outcome="Passed" testListId="8c84fa94-04c1-424b-9868-57a2d4851a1d" relativeResultsDirectory="65cb2fff-6480-4376-865b-91a68ffa17aa">
    </UnitTestResult>
    <UnitTestResult executionId="be8de3ab-c7d4-416f-b07d-c2fda488b65a" testId="ab4705e8-14a4-6e9f-baf9-e3d238e84cf8" testName="As0163210" computerName="EDSAC" duration="00:00:00.0004176" startTime="2010-12-05T14:25:26.6168652+00:00" endTime="2010-12-05T14:25:26.6338662+00:00" testType="13cdc9d9-ddb5-4fa4-a97d-d965ccfc6d4b" outcome="Passed" testListId="8c84fa94-04c1-424b-9868-57a2d4851a1d" relativeResultsDirectory="be8de3ab-c7d4-416f-b07d-c2fda488b65a">
    </UnitTestResult>
    <UnitTestResult executionId="4ff4e99a-906f-428d-8984-1494675f6e62" testId="ad25e31e-4a53-f08b-b3bd-cfdcb07226a0" testName="IsInThrowsContractException285" computerName="EDSAC" duration="00:00:00.0006173" startTime="2010-12-05T14:25:26.6368664+00:00" endTime="2010-12-05T14:25:26.6528673+00:00" testType="13cdc9d9-ddb5-4fa4-a97d-d965ccfc6d4b" outcome="Passed" testListId="8c84fa94-04c1-424b-9868-57a2d4851a1d" relativeResultsDirectory="4ff4e99a-906f-428d-8984-1494675f6e62">
    </UnitTestResult>
    <UnitTestResult executionId="5a35672c-eaa6-4f35-805b-05f754197a5b" testId="aef19ea6-eb47-a1be-032c-8930cda21d9c" testName="ForEachThrowsContractException904" computerName="EDSAC" duration="00:00:00.0005534" startTime="2010-12-05T14:25:26.6558675+00:00" endTime="2010-12-05T14:25:26.6698683+00:00" testType="13cdc9d9-ddb5-4fa4-a97d-d965ccfc6d4b" outcome="Passed" testListId="8c84fa94-04c1-424b-9868-57a2d4851a1d" relativeResultsDirectory="5a35672c-eaa6-4f35-805b-05f754197a5b">
    </UnitTestResult>
    <UnitTestResult executionId="6b9b6aed-dbf1-4288-a8b7-1310cb5dc831" testId="afe5b38f-db93-5765-7ecd-49d9214e51e3" testName="AsEnumerableThrowsContractException9" computerName="EDSAC" duration="00:00:00.0006000" startTime="2010-12-05T14:25:26.6748685+00:00" endTime="2010-12-05T14:25:26.6868692+00:00" testType="13cdc9d9-ddb5-4fa4-a97d-d965ccfc6d4b" outcome="Passed" testListId="8c84fa94-04c1-424b-9868-57a2d4851a1d" relativeResultsDirectory="6b9b6aed-dbf1-4288-a8b7-1310cb5dc831">
    </UnitTestResult>
    <UnitTestResult executionId="b0bda978-f0a0-4d14-9502-78071d5f1c22" testId="b037dab8-9f99-92da-4740-6e79cccc1e32" testName="FillThrowsContractException543" computerName="EDSAC" duration="00:00:00.0005473" startTime="2010-12-05T14:25:26.6888693+00:00" endTime="2010-12-05T14:25:26.7008700+00:00" testType="13cdc9d9-ddb5-4fa4-a97d-d965ccfc6d4b" outcome="Passed" testListId="8c84fa94-04c1-424b-9868-57a2d4851a1d" relativeResultsDirectory="b0bda978-f0a0-4d14-9502-78071d5f1c22">
    </UnitTestResult>
    <UnitTestResult executionId="55016fbf-17ed-49d1-bba5-dc8bc69518db" testId="b03d2b82-a5f5-4a0a-521f-fd9e431b28da" testName="As21503" computerName="EDSAC" duration="00:00:00.0004610" startTime="2010-12-05T14:25:26.7048703+00:00" endTime="2010-12-05T14:25:26.7158709+00:00" testType="13cdc9d9-ddb5-4fa4-a97d-d965ccfc6d4b" outcome="Passed" testListId="8c84fa94-04c1-424b-9868-57a2d4851a1d" relativeResultsDirectory="55016fbf-17ed-49d1-bba5-dc8bc69518db">
    </UnitTestResult>
    <UnitTestResult executionId="16cba0b5-41b0-4d17-81c3-a984818a2e57" testId="b086ebe0-6bb0-f4b4-2d74-97b1a10dd517" testName="IfNotNull0159702" computerName="EDSAC" duration="00:00:00.0003438" startTime="2010-12-05T14:25:26.7188711+00:00" endTime="2010-12-05T14:25:26.7268715+00:00" testType="13cdc9d9-ddb5-4fa4-a97d-d965ccfc6d4b" outcome="Passed" testListId="8c84fa94-04c1-424b-9868-57a2d4851a1d" relativeResultsDirectory="16cba0b5-41b0-4d17-81c3-a984818a2e57">
    </UnitTestResult>
    <UnitTestResult executionId="2e4857d0-c674-48ff-a1fe-49cc632fec84" testId="b1e8fb4c-7380-ad76-529d-dbdac5528194" testName="As21519" computerName="EDSAC" duration="00:00:00.0005897" startTime="2010-12-05T14:25:26.7288716+00:00" endTime="2010-12-05T14:25:26.7398723+00:00" testType="13cdc9d9-ddb5-4fa4-a97d-d965ccfc6d4b" outcome="Passed" testListId="8c84fa94-04c1-424b-9868-57a2d4851a1d" relativeResultsDirectory="2e4857d0-c674-48ff-a1fe-49cc632fec84">
    </UnitTestResult>
    <UnitTestResult executionId="a76e29f9-41f3-4d17-b9a9-8e039e9b8351" testId="b2c4141e-1dfd-f110-5623-435719fb340e" testName="AsEnumerable0258801" computerName="EDSAC" duration="00:00:00.0019271" startTime="2010-12-05T14:25:26.7488728+00:00" endTime="2010-12-05T14:25:26.7668738+00:00" testType="13cdc9d9-ddb5-4fa4-a97d-d965ccfc6d4b" outcome="Passed" testListId="8c84fa94-04c1-424b-9868-57a2d4851a1d" relativeResultsDirectory="a76e29f9-41f3-4d17-b9a9-8e039e9b8351">
    </UnitTestResult>
    <UnitTestResult executionId="9a1b1e01-4bf6-464c-a39b-67bb327499c1" testId="b30e4a1d-f330-da4d-3e81-5c536003275c" testName="As0132104" computerName="EDSAC" duration="00:00:00.0006490" startTime="2010-12-05T14:25:26.7688739+00:00" endTime="2010-12-05T14:25:26.7878750+00:00" testType="13cdc9d9-ddb5-4fa4-a97d-d965ccfc6d4b" outcome="Passed" testListId="8c84fa94-04c1-424b-9868-57a2d4851a1d" relativeResultsDirectory="9a1b1e01-4bf6-464c-a39b-67bb327499c1">
    </UnitTestResult>
    <UnitTestResult executionId="6d88c50a-f144-407a-95a9-7996e35ba3bb" testId="b32008e9-7a6b-e8be-077f-aa699d6cced0" testName="Constructor25201" computerName="EDSAC" duration="00:00:00.0009957" startTime="2010-12-05T14:25:26.7908752+00:00" endTime="2010-12-05T14:25:26.8038759+00:00" testType="13cdc9d9-ddb5-4fa4-a97d-d965ccfc6d4b" outcome="Passed" testListId="8c84fa94-04c1-424b-9868-57a2d4851a1d" relativeResultsDirectory="6d88c50a-f144-407a-95a9-7996e35ba3bb">
    </UnitTestResult>
    <UnitTestResult executionId="b0903a60-24f5-4acb-8a4c-db64d412b0b4" testId="b43d3839-897a-8359-f8af-bc2aa0d853ca" testName="ExecutionTimeThrowsContractException15" computerName="EDSAC" duration="00:00:00.0006551" startTime="2010-12-05T14:25:26.8058760+00:00" endTime="2010-12-05T14:25:26.8218769+00:00" testType="13cdc9d9-ddb5-4fa4-a97d-d965ccfc6d4b" outcome="Passed" testListId="8c84fa94-04c1-424b-9868-57a2d4851a1d" relativeResultsDirectory="b0903a60-24f5-4acb-8a4c-db64d412b0b4">
    </UnitTestResult>
    <UnitTestResult executionId="5405d82f-bfea-4617-8bbd-a2ea0125a826" testId="b67c54ae-5aad-e1cc-2b17-0ad544f3f701" testName="IfNotNullThrowsContractException197" computerName="EDSAC" duration="00:00:00.0006975" startTime="2010-12-05T14:25:26.8318775+00:00" endTime="2010-12-05T14:25:26.8488785+00:00" testType="13cdc9d9-ddb5-4fa4-a97d-d965ccfc6d4b" outcome="Passed" testListId="8c84fa94-04c1-424b-9868-57a2d4851a1d" relativeResultsDirectory="5405d82f-bfea-4617-8bbd-a2ea0125a826">
    </UnitTestResult>
    <UnitTestResult executionId="960db9a1-036d-4d2b-95d3-7a5c3a75720b" testId="b6dfae7d-5cf1-2d64-17e8-8a5ce5813218" testName="Single617" computerName="EDSAC" duration="00:00:00.0020017" startTime="2010-12-05T14:25:26.8518787+00:00" endTime="2010-12-05T14:25:26.8668795+00:00" testType="13cdc9d9-ddb5-4fa4-a97d-d965ccfc6d4b" outcome="Passed" testListId="8c84fa94-04c1-424b-9868-57a2d4851a1d" relativeResultsDirectory="960db9a1-036d-4d2b-95d3-7a5c3a75720b">
    </UnitTestResult>
    <UnitTestResult executionId="93c1c173-5fbb-43b6-9e0d-ac632f1fa771" testId="b70d24a9-e4cc-d879-39c7-bc30de9e70ab" testName="As0163215" computerName="EDSAC" duration="00:00:00.0007171" startTime="2010-12-05T14:25:26.8718798+00:00" endTime="2010-12-05T14:25:26.8858806+00:00" testType="13cdc9d9-ddb5-4fa4-a97d-d965ccfc6d4b" outcome="Passed" testListId="8c84fa94-04c1-424b-9868-57a2d4851a1d" relativeResultsDirectory="93c1c173-5fbb-43b6-9e0d-ac632f1fa771">
    </UnitTestResult>
    <UnitTestResult executionId="f0dc3947-5e0d-47e3-8f57-0514144b505a" testId="b74830d0-a6ce-14b6-0d35-7c2e849267f3" testName="Add29603" computerName="EDSAC" duration="00:00:00.0004535" startTime="2010-12-05T14:25:26.8888808+00:00" endTime="2010-12-05T14:25:26.9038816+00:00" testType="13cdc9d9-ddb5-4fa4-a97d-d965ccfc6d4b" outcome="Passed" testListId="8c84fa94-04c1-424b-9868-57a2d4851a1d" relativeResultsDirectory="f0dc3947-5e0d-47e3-8f57-0514144b505a">
    </UnitTestResult>
    <UnitTestResult executionId="9eadecd9-7130-4156-8cae-e702debebafe" testId="b7fcc578-5aaf-c60a-749d-838a3f516168" testName="To0146301" computerName="EDSAC" duration="00:00:00.0003098" startTime="2010-12-05T14:25:26.9058818+00:00" endTime="2010-12-05T14:25:26.9218827+00:00" testType="13cdc9d9-ddb5-4fa4-a97d-d965ccfc6d4b" outcome="Passed" testListId="8c84fa94-04c1-424b-9868-57a2d4851a1d" relativeResultsDirectory="9eadecd9-7130-4156-8cae-e702debebafe">
    </UnitTestResult>
    <UnitTestResult executionId="25d5a774-2821-474a-b70a-ba4fc653a263" testId="b8e531ca-ec94-5331-cc83-d2332ab01f85" testName="Fill0157101" computerName="EDSAC" duration="00:00:00.0003742" startTime="2010-12-05T14:25:26.9238828+00:00" endTime="2010-12-05T14:25:26.9348834+00:00" testType="13cdc9d9-ddb5-4fa4-a97d-d965ccfc6d4b" outcome="Passed" testListId="8c84fa94-04c1-424b-9868-57a2d4851a1d" relativeResultsDirectory="25d5a774-2821-474a-b70a-ba4fc653a263">
    </UnitTestResult>
    <UnitTestResult executionId="415a69e4-4680-481a-97e5-c98a74cc0871" testId="b99ec452-b626-078c-5efb-2041d6f255c4" testName="As21504" computerName="EDSAC" duration="00:00:00.0004899" startTime="2010-12-05T14:25:26.9388836+00:00" endTime="2010-12-05T14:25:26.9468841+00:00" testType="13cdc9d9-ddb5-4fa4-a97d-d965ccfc6d4b" outcome="Passed" testListId="8c84fa94-04c1-424b-9868-57a2d4851a1d" relativeResultsDirectory="415a69e4-4680-481a-97e5-c98a74cc0871">
    </UnitTestResult>
    <UnitTestResult executionId="7016ca0a-b6f7-43d5-81a6-8f5093955b2d" testId="baf4ce3c-1fc7-efc9-3438-7f66d5c18bcf" testName="As01403" computerName="EDSAC" duration="00:00:00.0005860" startTime="2010-12-05T14:25:26.9488842+00:00" endTime="2010-12-05T14:25:26.9608849+00:00" testType="13cdc9d9-ddb5-4fa4-a97d-d965ccfc6d4b" outcome="Passed" testListId="8c84fa94-04c1-424b-9868-57a2d4851a1d" relativeResultsDirectory="7016ca0a-b6f7-43d5-81a6-8f5093955b2d">
    </UnitTestResult>
    <UnitTestResult executionId="9c30ed6e-a231-4657-95e4-09257e101add" testId="bbc45056-7304-0cf8-18ec-0f56b7abf591" testName="As0198304" computerName="EDSAC" duration="00:00:00.0006929" startTime="2010-12-05T14:25:26.9628850+00:00" endTime="2010-12-05T14:25:26.9738856+00:00" testType="13cdc9d9-ddb5-4fa4-a97d-d965ccfc6d4b" outcome="Passed" testListId="8c84fa94-04c1-424b-9868-57a2d4851a1d" relativeResultsDirectory="9c30ed6e-a231-4657-95e4-09257e101add">
    </UnitTestResult>
    <UnitTestResult executionId="4f518d99-e77f-4704-9c08-e583f2679273" testId="bbe65d68-71ba-72ec-21d1-a0b54bdef612" testName="AsEnumerable0128304" computerName="EDSAC" duration="00:00:00.0004334" startTime="2010-12-05T14:25:26.9768858+00:00" endTime="2010-12-05T14:25:26.9908866+00:00" testType="13cdc9d9-ddb5-4fa4-a97d-d965ccfc6d4b" outcome="Passed" testListId="8c84fa94-04c1-424b-9868-57a2d4851a1d" relativeResultsDirectory="4f518d99-e77f-4704-9c08-e583f2679273">
    </UnitTestResult>
    <UnitTestResult executionId="fb4fdd5f-91db-40fa-b845-532c1a8a90ef" testId="bbfb3b40-32b8-1a5f-ae60-bf53c22dbf87" testName="Random01ThrowsContractException221" computerName="EDSAC" duration="00:00:00.0013741" startTime="2010-12-05T14:25:26.9948868+00:00" endTime="2010-12-05T14:25:27.0088876+00:00" testType="13cdc9d9-ddb5-4fa4-a97d-d965ccfc6d4b" outcome="Passed" testListId="8c84fa94-04c1-424b-9868-57a2d4851a1d" relativeResultsDirectory="fb4fdd5f-91db-40fa-b845-532c1a8a90ef">
    </UnitTestResult>
    <UnitTestResult executionId="e359895d-be50-4ccf-aa1c-4a74c281e0f1" testId="bd00057e-88b2-1e9c-846b-ed190ddc5717" testName="To0488601" computerName="EDSAC" duration="00:00:00.0004008" startTime="2010-12-05T14:25:27.0108878+00:00" endTime="2010-12-05T14:25:27.0248886+00:00" testType="13cdc9d9-ddb5-4fa4-a97d-d965ccfc6d4b" outcome="Passed" testListId="8c84fa94-04c1-424b-9868-57a2d4851a1d" relativeResultsDirectory="e359895d-be50-4ccf-aa1c-4a74c281e0f1">
    </UnitTestResult>
    <UnitTestResult executionId="ed272dd5-f8c5-4d88-9797-2d8ae0d5567f" testId="bd7ec864-24ff-4ca6-8f63-6e2fe4065d39" testName="To20301" computerName="EDSAC" duration="00:00:00.0026190" startTime="2010-12-05T14:25:27.0268887+00:00" endTime="2010-12-05T14:25:27.0468898+00:00" testType="13cdc9d9-ddb5-4fa4-a97d-d965ccfc6d4b" outcome="Passed" testListId="8c84fa94-04c1-424b-9868-57a2d4851a1d" relativeResultsDirectory="ed272dd5-f8c5-4d88-9797-2d8ae0d5567f">
    </UnitTestResult>
    <UnitTestResult executionId="9ed9310d-f005-437d-b83c-5251cc3b7f0e" testId="bdf76499-e0f6-3d7b-4432-982ba6c3b223" testName="Fill0168801" computerName="EDSAC" duration="00:00:00.0003644" startTime="2010-12-05T14:25:27.0508900+00:00" endTime="2010-12-05T14:25:27.0598906+00:00" testType="13cdc9d9-ddb5-4fa4-a97d-d965ccfc6d4b" outcome="Passed" testListId="8c84fa94-04c1-424b-9868-57a2d4851a1d" relativeResultsDirectory="9ed9310d-f005-437d-b83c-5251cc3b7f0e">
    </UnitTestResult>
    <UnitTestResult executionId="2fdaabd6-71c4-4c50-a75c-cb3deaa454db" testId="be5f5722-e49c-2552-3b23-55e7eba52bdb" testName="FromEnumerator55" computerName="EDSAC" duration="00:00:00.0021286" startTime="2010-12-05T14:25:27.0618907+00:00" endTime="2010-12-05T14:25:27.0768915+00:00" testType="13cdc9d9-ddb5-4fa4-a97d-d965ccfc6d4b" outcome="Passed" testListId="8c84fa94-04c1-424b-9868-57a2d4851a1d" relativeResultsDirectory="2fdaabd6-71c4-4c50-a75c-cb3deaa454db">
    </UnitTestResult>
    <UnitTestResult executionId="c85c87dc-e3b1-4a5f-a41c-dbf91800ade8" testId="be772578-3bd6-fe1e-69ad-baa513f62b0b" testName="As0163226" computerName="EDSAC" duration="00:00:00.0004134" startTime="2010-12-05T14:25:27.0818918+00:00" endTime="2010-12-05T14:25:27.0898923+00:00" testType="13cdc9d9-ddb5-4fa4-a97d-d965ccfc6d4b" outcome="Passed" testListId="8c84fa94-04c1-424b-9868-57a2d4851a1d" relativeResultsDirectory="c85c87dc-e3b1-4a5f-a41c-dbf91800ade8">
    </UnitTestResult>
    <UnitTestResult executionId="40c74957-bb5a-4c40-a9be-4ad0a5cd5efb" testId="bf4b4d8f-a9c5-278f-9d0c-4140566dfe7e" testName="As0130302" computerName="EDSAC" duration="00:00:00.0003802" startTime="2010-12-05T14:25:27.0918924+00:00" endTime="2010-12-05T14:25:27.1028930+00:00" testType="13cdc9d9-ddb5-4fa4-a97d-d965ccfc6d4b" outcome="Passed" testListId="8c84fa94-04c1-424b-9868-57a2d4851a1d" relativeResultsDirectory="40c74957-bb5a-4c40-a9be-4ad0a5cd5efb">
    </UnitTestResult>
    <UnitTestResult executionId="9f5ed83e-9ddf-4b32-ab68-de9d77e8fd4e" testId="c0b049d8-5af1-212d-f646-b9a7aa76e7aa" testName="As0163235" computerName="EDSAC" duration="00:00:00.0003900" startTime="2010-12-05T14:25:27.1058932+00:00" endTime="2010-12-05T14:25:27.1198940+00:00" testType="13cdc9d9-ddb5-4fa4-a97d-d965ccfc6d4b" outcome="Passed" testListId="8c84fa94-04c1-424b-9868-57a2d4851a1d" relativeResultsDirectory="9f5ed83e-9ddf-4b32-ab68-de9d77e8fd4e">
    </UnitTestResult>
    <UnitTestResult executionId="6e726d4e-c214-453c-a55b-2dab15bfcaf9" testId="c2a16b22-9983-ed58-4351-7fd3ef453798" testName="SubarrayThrowsContractException629" computerName="EDSAC" duration="00:00:00.0008674" startTime="2010-12-05T14:25:27.1238942+00:00" endTime="2010-12-05T14:25:27.1378950+00:00" testType="13cdc9d9-ddb5-4fa4-a97d-d965ccfc6d4b" outcome="Passed" testListId="8c84fa94-04c1-424b-9868-57a2d4851a1d" relativeResultsDirectory="6e726d4e-c214-453c-a55b-2dab15bfcaf9">
    </UnitTestResult>
    <UnitTestResult executionId="c13809f0-3d9d-4a39-bcdf-cad19baa6b47" testId="c35eb805-49e5-7d06-b69d-ba684aaa6791" testName="TakeEveryThrowsContractException998" computerName="EDSAC" duration="00:00:00.0006952" startTime="2010-12-05T14:25:27.1398951+00:00" endTime="2010-12-05T14:25:27.1548960+00:00" testType="13cdc9d9-ddb5-4fa4-a97d-d965ccfc6d4b" outcome="Passed" testListId="8c84fa94-04c1-424b-9868-57a2d4851a1d" relativeResultsDirectory="c13809f0-3d9d-4a39-bcdf-cad19baa6b47">
    </UnitTestResult>
    <UnitTestResult executionId="8113f137-0a5c-49fe-9ee3-9b0f8db59cd9" testId="c3a5f774-5c25-7fa7-593c-10a98b5db768" testName="Execute424" computerName="EDSAC" duration="00:00:00.0006299" startTime="2010-12-05T14:25:27.1568961+00:00" endTime="2010-12-05T14:25:27.1718970+00:00" testType="13cdc9d9-ddb5-4fa4-a97d-d965ccfc6d4b" outcome="Passed" testListId="8c84fa94-04c1-424b-9868-57a2d4851a1d" relativeResultsDirectory="8113f137-0a5c-49fe-9ee3-9b0f8db59cd9">
    </UnitTestResult>
    <UnitTestResult executionId="3becfe3c-3354-4e84-b177-36ff5ccf3db2" testId="c3b85211-1b55-61c6-8d42-782c04048184" testName="AsEnumerable0258804" computerName="EDSAC" duration="00:00:00.0006705" startTime="2010-12-05T14:25:27.1818975+00:00" endTime="2010-12-05T14:25:27.2008986+00:00" testType="13cdc9d9-ddb5-4fa4-a97d-d965ccfc6d4b" outcome="Passed" testListId="8c84fa94-04c1-424b-9868-57a2d4851a1d" relativeResultsDirectory="3becfe3c-3354-4e84-b177-36ff5ccf3db2">
    </UnitTestResult>
    <UnitTestResult executionId="907b2dba-7584-4aba-aaea-864c23567552" testId="c3e8dcc2-bac7-2a0c-9c06-8dc4838145f3" testName="Fill0168802" computerName="EDSAC" duration="00:00:00.0004950" startTime="2010-12-05T14:25:27.2028987+00:00" endTime="2010-12-05T14:25:27.2168995+00:00" testType="13cdc9d9-ddb5-4fa4-a97d-d965ccfc6d4b" outcome="Passed" testListId="8c84fa94-04c1-424b-9868-57a2d4851a1d" relativeResultsDirectory="907b2dba-7584-4aba-aaea-864c23567552">
    </UnitTestResult>
    <UnitTestResult executionId="5af7da92-ab67-4547-b3f7-34d70320e0e9" testId="c441e89e-f895-2b6d-e75c-6ac07c647d62" testName="AsEnumerable0128303" computerName="EDSAC" duration="00:00:00.0004432" startTime="2010-12-05T14:25:27.2188997+00:00" endTime="2010-12-05T14:25:27.2359006+00:00" testType="13cdc9d9-ddb5-4fa4-a97d-d965ccfc6d4b" outcome="Passed" testListId="8c84fa94-04c1-424b-9868-57a2d4851a1d" relativeResultsDirectory="5af7da92-ab67-4547-b3f7-34d70320e0e9">
    </UnitTestResult>
    <UnitTestResult executionId="6ddd8461-c4e9-495c-96ad-0b2341180c5a" testId="c6e56d30-e4b1-0266-4be4-81fd81816d37" testName="ReadLinesFrom335" computerName="EDSAC" duration="00:00:00.0006509" startTime="2010-12-05T14:25:27.2379007+00:00" endTime="2010-12-05T14:25:27.2509015+00:00" testType="13cdc9d9-ddb5-4fa4-a97d-d965ccfc6d4b" outcome="Passed" testListId="8c84fa94-04c1-424b-9868-57a2d4851a1d" relativeResultsDirectory="6ddd8461-c4e9-495c-96ad-0b2341180c5a">
    </UnitTestResult>
    <UnitTestResult executionId="c70db59b-d503-4f59-bb3b-b321dfedfd65" testId="c75708a0-bd76-5c05-5aaa-8fcb10fd4321" testName="ToThrowsContractException891" computerName="EDSAC" duration="00:00:00.0014754" startTime="2010-12-05T14:25:27.2559018+00:00" endTime="2010-12-05T14:25:27.2689025+00:00" testType="13cdc9d9-ddb5-4fa4-a97d-d965ccfc6d4b" outcome="Passed" testListId="8c84fa94-04c1-424b-9868-57a2d4851a1d" relativeResultsDirectory="c70db59b-d503-4f59-bb3b-b321dfedfd65">
    </UnitTestResult>
    <UnitTestResult executionId="8166af40-e882-4774-8bfa-e4dd33f57c14" testId="c764531a-8b43-978a-82fa-64e183192f81" testName="IsNullOrEmpty963" computerName="EDSAC" duration="00:00:00.0005389" startTime="2010-12-05T14:25:27.2709026+00:00" endTime="2010-12-05T14:25:27.2899037+00:00" testType="13cdc9d9-ddb5-4fa4-a97d-d965ccfc6d4b" outcome="Passed" testListId="8c84fa94-04c1-424b-9868-57a2d4851a1d" relativeResultsDirectory="8166af40-e882-4774-8bfa-e4dd33f57c14">
    </UnitTestResult>
    <UnitTestResult executionId="f9de7107-4b34-4d98-9f88-3467fd4ad60d" testId="c80221bd-ca0a-aa23-6b81-2ed5f20f8d5f" testName="As0163229" computerName="EDSAC" duration="00:00:00.0004890" startTime="2010-12-05T14:25:27.2919038+00:00" endTime="2010-12-05T14:25:27.3039045+00:00" testType="13cdc9d9-ddb5-4fa4-a97d-d965ccfc6d4b" outcome="Passed" testListId="8c84fa94-04c1-424b-9868-57a2d4851a1d" relativeResultsDirectory="f9de7107-4b34-4d98-9f88-3467fd4ad60d">
    </UnitTestResult>
    <UnitTestResult executionId="4784d11f-99ea-440c-8412-fc526ca63fc2" testId="cc8275a0-551e-d39e-ef08-c6785391cae1" testName="UnionAll01ThrowsContractException68" computerName="EDSAC" duration="00:00:00.0008744" startTime="2010-12-05T14:25:27.3069047+00:00" endTime="2010-12-05T14:25:27.3189054+00:00" testType="13cdc9d9-ddb5-4fa4-a97d-d965ccfc6d4b" outcome="Passed" testListId="8c84fa94-04c1-424b-9868-57a2d4851a1d" relativeResultsDirectory="4784d11f-99ea-440c-8412-fc526ca63fc2">
    </UnitTestResult>
    <UnitTestResult executionId="db428deb-fe85-4058-8b5d-5b68f95ee5e7" testId="cdf50321-c0eb-ddc4-0179-2919c2028903" testName="IsIn01570" computerName="EDSAC" duration="00:00:00.0011585" startTime="2010-12-05T14:25:27.3219055+00:00" endTime="2010-12-05T14:25:27.3409066+00:00" testType="13cdc9d9-ddb5-4fa4-a97d-d965ccfc6d4b" outcome="Passed" testListId="8c84fa94-04c1-424b-9868-57a2d4851a1d" relativeResultsDirectory="db428deb-fe85-4058-8b5d-5b68f95ee5e7">
    </UnitTestResult>
    <UnitTestResult executionId="2c7b15be-9ae6-44f8-a183-0c6a4b889336" testId="d0140d76-78ce-58b3-2274-c95b28b0ccfb" testName="As0163234" computerName="EDSAC" duration="00:00:00.0003919" startTime="2010-12-05T14:25:27.3509072+00:00" endTime="2010-12-05T14:25:27.3629079+00:00" testType="13cdc9d9-ddb5-4fa4-a97d-d965ccfc6d4b" outcome="Passed" testListId="8c84fa94-04c1-424b-9868-57a2d4851a1d" relativeResultsDirectory="2c7b15be-9ae6-44f8-a183-0c6a4b889336">
    </UnitTestResult>
    <UnitTestResult executionId="38992313-84e2-424e-a5c4-503feba6a73f" testId="d045283f-2980-ed70-af3d-611e9266ab64" testName="To0120301" computerName="EDSAC" duration="00:00:00.0002794" startTime="2010-12-05T14:25:27.3659081+00:00" endTime="2010-12-05T14:25:27.3779088+00:00" testType="13cdc9d9-ddb5-4fa4-a97d-d965ccfc6d4b" outcome="Passed" testListId="8c84fa94-04c1-424b-9868-57a2d4851a1d" relativeResultsDirectory="38992313-84e2-424e-a5c4-503feba6a73f">
    </UnitTestResult>
    <UnitTestResult executionId="1066013d-1b7b-45a9-a5fa-f4195d9e8562" testId="d5027f5f-1da1-2a25-97cf-1e7da6a062b5" testName="Fill0157104" computerName="EDSAC" duration="00:00:00.0003700" startTime="2010-12-05T14:25:27.3829090+00:00" endTime="2010-12-05T14:25:27.3919096+00:00" testType="13cdc9d9-ddb5-4fa4-a97d-d965ccfc6d4b" outcome="Passed" testListId="8c84fa94-04c1-424b-9868-57a2d4851a1d" relativeResultsDirectory="1066013d-1b7b-45a9-a5fa-f4195d9e8562">
    </UnitTestResult>
    <UnitTestResult executionId="12e53611-e1a8-493c-8af4-52737cf8666f" testId="d56f2fbf-3f3e-cba1-4f8d-7b34cec35b0a" testName="As0198303" computerName="EDSAC" duration="00:00:00.0007335" startTime="2010-12-05T14:25:27.3959098+00:00" endTime="2010-12-05T14:25:27.4069104+00:00" testType="13cdc9d9-ddb5-4fa4-a97d-d965ccfc6d4b" outcome="Passed" testListId="8c84fa94-04c1-424b-9868-57a2d4851a1d" relativeResultsDirectory="12e53611-e1a8-493c-8af4-52737cf8666f">
    </UnitTestResult>
    <UnitTestResult executionId="ff80e11b-5988-4eb7-a559-f4ad9e7f3858" testId="d75bbbff-3e3e-ac68-2b4f-48cfb14f2d0a" testName="IfNotNull17303" computerName="EDSAC" duration="00:00:00.0003611" startTime="2010-12-05T14:25:27.4109106+00:00" endTime="2010-12-05T14:25:27.4229113+00:00" testType="13cdc9d9-ddb5-4fa4-a97d-d965ccfc6d4b" outcome="Passed" testListId="8c84fa94-04c1-424b-9868-57a2d4851a1d" relativeResultsDirectory="ff80e11b-5988-4eb7-a559-f4ad9e7f3858">
    </UnitTestResult>
    <UnitTestResult executionId="c88783dd-8a46-4e15-a6b5-8976ff2d0fde" testId="d820847a-a64d-718b-5774-4886058277c3" testName="Add29602" computerName="EDSAC" duration="00:00:00.0004465" startTime="2010-12-05T14:25:27.4249114+00:00" endTime="2010-12-05T14:25:27.4369121+00:00" testType="13cdc9d9-ddb5-4fa4-a97d-d965ccfc6d4b" outcome="Passed" testListId="8c84fa94-04c1-424b-9868-57a2d4851a1d" relativeResultsDirectory="c88783dd-8a46-4e15-a6b5-8976ff2d0fde">
    </UnitTestResult>
    <UnitTestResult executionId="b88dc0e9-0fc7-4825-bfb1-81f569c4341d" testId="d8af0a27-8cd9-d036-917e-00672cd2689b" testName="IfNotNull47703" computerName="EDSAC" duration="00:00:00.0003872" startTime="2010-12-05T14:25:27.4399123+00:00" endTime="2010-12-05T14:25:27.4539131+00:00" testType="13cdc9d9-ddb5-4fa4-a97d-d965ccfc6d4b" outcome="Passed" testListId="8c84fa94-04c1-424b-9868-57a2d4851a1d" relativeResultsDirectory="b88dc0e9-0fc7-4825-bfb1-81f569c4341d">
    </UnitTestResult>
    <UnitTestResult executionId="b89301b9-f4a0-4291-81eb-22b9ca47f2ea" testId="d97a225a-e31a-2138-2fae-7b4109b25275" testName="As928" computerName="EDSAC" duration="00:00:00.0004703" startTime="2010-12-05T14:25:27.4579133+00:00" endTime="2010-12-05T14:25:27.4659138+00:00" testType="13cdc9d9-ddb5-4fa4-a97d-d965ccfc6d4b" outcome="Passed" testListId="8c84fa94-04c1-424b-9868-57a2d4851a1d" relativeResultsDirectory="b89301b9-f4a0-4291-81eb-22b9ca47f2ea">
    </UnitTestResult>
    <UnitTestResult executionId="adc37caa-ffcc-4bfc-bbdf-06ef003186fe" testId="d982986f-d5cc-bb8f-d6d8-e2a54e2f4dd0" testName="EmptyIfNull574" computerName="EDSAC" duration="00:00:00.0006957" startTime="2010-12-05T14:25:27.4689140+00:00" endTime="2010-12-05T14:25:27.4799146+00:00" testType="13cdc9d9-ddb5-4fa4-a97d-d965ccfc6d4b" outcome="Passed" testListId="8c84fa94-04c1-424b-9868-57a2d4851a1d" relativeResultsDirectory="adc37caa-ffcc-4bfc-bbdf-06ef003186fe">
    </UnitTestResult>
    <UnitTestResult executionId="77217488-0fcf-49bc-8fad-248b32d28455" testId="db3b4c9b-bf56-f07b-1edd-3db630376de3" testName="IfNotNull47702" computerName="EDSAC" duration="00:00:00.0003793" startTime="2010-12-05T14:25:27.4819147+00:00" endTime="2010-12-05T14:25:27.4929153+00:00" testType="13cdc9d9-ddb5-4fa4-a97d-d965ccfc6d4b" outcome="Passed" testListId="8c84fa94-04c1-424b-9868-57a2d4851a1d" relativeResultsDirectory="77217488-0fcf-49bc-8fad-248b32d28455">
    </UnitTestResult>
    <UnitTestResult executionId="ba3f62c9-e497-4295-89e0-920fcad1cfd1" testId="db3b6314-b1da-7626-0e4e-61abbddac9d6" testName="To72301" computerName="EDSAC" duration="00:00:00.0002995" startTime="2010-12-05T14:25:27.4949154+00:00" endTime="2010-12-05T14:25:27.5089162+00:00" testType="13cdc9d9-ddb5-4fa4-a97d-d965ccfc6d4b" outcome="Passed" testListId="8c84fa94-04c1-424b-9868-57a2d4851a1d" relativeResultsDirectory="ba3f62c9-e497-4295-89e0-920fcad1cfd1">
    </UnitTestResult>
    <UnitTestResult executionId="d6640504-fbdd-4b15-88cf-f37571549c9c" testId="dc08494a-5655-aecb-96fc-b52817050a2a" testName="As0163212" computerName="EDSAC" duration="00:00:00.0004059" startTime="2010-12-05T14:25:27.5129165+00:00" endTime="2010-12-05T14:25:27.5229170+00:00" testType="13cdc9d9-ddb5-4fa4-a97d-d965ccfc6d4b" outcome="Passed" testListId="8c84fa94-04c1-424b-9868-57a2d4851a1d" relativeResultsDirectory="d6640504-fbdd-4b15-88cf-f37571549c9c">
    </UnitTestResult>
    <UnitTestResult executionId="c1ff9be1-34dc-42ad-be9c-a79048e09ec8" testId="de06015f-869e-46b8-4b51-8c7b049b2b96" testName="As0136701" computerName="EDSAC" duration="00:00:00.0009509" startTime="2010-12-05T14:25:27.5259172+00:00" endTime="2010-12-05T14:25:27.5419181+00:00" testType="13cdc9d9-ddb5-4fa4-a97d-d965ccfc6d4b" outcome="Passed" testListId="8c84fa94-04c1-424b-9868-57a2d4851a1d" relativeResultsDirectory="c1ff9be1-34dc-42ad-be9c-a79048e09ec8">
    </UnitTestResult>
    <UnitTestResult executionId="bb612246-d948-4e61-b54d-277f1cc3bab8" testId="de9d9ca9-6d6f-fece-a7ad-0d011ee5cf94" testName="As0132106" computerName="EDSAC" duration="00:00:00.0003849" startTime="2010-12-05T14:25:27.5439182+00:00" endTime="2010-12-05T14:25:27.5609192+00:00" testType="13cdc9d9-ddb5-4fa4-a97d-d965ccfc6d4b" outcome="Passed" testListId="8c84fa94-04c1-424b-9868-57a2d4851a1d" relativeResultsDirectory="bb612246-d948-4e61-b54d-277f1cc3bab8">
    </UnitTestResult>
    <UnitTestResult executionId="7a0fe09f-de9c-4180-8a19-2bca876e2fe4" testId="e18cfbc3-f9cf-311e-f710-177b71a46e6d" testName="WithThrowsContractException374" computerName="EDSAC" duration="00:00:00.0005603" startTime="2010-12-05T14:25:27.5629193+00:00" endTime="2010-12-05T14:25:27.5749200+00:00" testType="13cdc9d9-ddb5-4fa4-a97d-d965ccfc6d4b" outcome="Passed" testListId="8c84fa94-04c1-424b-9868-57a2d4851a1d" relativeResultsDirectory="7a0fe09f-de9c-4180-8a19-2bca876e2fe4">
    </UnitTestResult>
    <UnitTestResult executionId="59ed7bec-4240-426c-91ac-7ad9be9f77b8" testId="e30391ee-1b3b-ee9f-b02c-b47de478c33f" testName="As0132108" computerName="EDSAC" duration="00:00:00.0003942" startTime="2010-12-05T14:25:27.5789202+00:00" endTime="2010-12-05T14:25:27.5879208+00:00" testType="13cdc9d9-ddb5-4fa4-a97d-d965ccfc6d4b" outcome="Passed" testListId="8c84fa94-04c1-424b-9868-57a2d4851a1d" relativeResultsDirectory="59ed7bec-4240-426c-91ac-7ad9be9f77b8">
    </UnitTestResult>
    <UnitTestResult executionId="dfb6ad59-865d-437a-b8f2-e57f14945ef3" testId="e37183df-04ce-aa53-28d5-e792188a2202" testName="As0163220" computerName="EDSAC" duration="00:00:00.0007237" startTime="2010-12-05T14:25:27.5909209+00:00" endTime="2010-12-05T14:25:27.6079219+00:00" testType="13cdc9d9-ddb5-4fa4-a97d-d965ccfc6d4b" outcome="Passed" testListId="8c84fa94-04c1-424b-9868-57a2d4851a1d" relativeResultsDirectory="dfb6ad59-865d-437a-b8f2-e57f14945ef3">
    </UnitTestResult>
    <UnitTestResult executionId="e6662ae0-e2a0-4a7f-a658-6a78de2325ce" testId="e4451568-6212-a798-2a99-bf5d281a2d5f" testName="CreateIEnumerable420" computerName="EDSAC" duration="00:00:00.0004983" startTime="2010-12-05T14:25:27.6169224+00:00" endTime="2010-12-05T14:25:27.6369236+00:00" testType="13cdc9d9-ddb5-4fa4-a97d-d965ccfc6d4b" outcome="Passed" testListId="8c84fa94-04c1-424b-9868-57a2d4851a1d" relativeResultsDirectory="e6662ae0-e2a0-4a7f-a658-6a78de2325ce">
    </UnitTestResult>
    <UnitTestResult executionId="66f04dfb-4d02-41a9-9197-c36a0fda99a5" testId="e5623ce5-a9dc-7c7d-ffdc-f4cf28cd97aa" testName="InvokeIfRequiredThrowsContractException870" computerName="EDSAC" duration="00:00:00.0014520" startTime="2010-12-05T14:25:27.6389237+00:00" endTime="2010-12-05T14:25:27.6569247+00:00" testType="13cdc9d9-ddb5-4fa4-a97d-d965ccfc6d4b" outcome="Passed" testListId="8c84fa94-04c1-424b-9868-57a2d4851a1d" relativeResultsDirectory="66f04dfb-4d02-41a9-9197-c36a0fda99a5">
    </UnitTestResult>
    <UnitTestResult executionId="988d7102-7d62-4ac0-b679-cf691b0279e3" testId="e5750d14-09bb-ec70-127b-652a47b7dd9c" testName="As0163214" computerName="EDSAC" duration="00:00:00.0003947" startTime="2010-12-05T14:25:27.6609249+00:00" endTime="2010-12-05T14:25:27.6769259+00:00" testType="13cdc9d9-ddb5-4fa4-a97d-d965ccfc6d4b" outcome="Passed" testListId="8c84fa94-04c1-424b-9868-57a2d4851a1d" relativeResultsDirectory="988d7102-7d62-4ac0-b679-cf691b0279e3">
    </UnitTestResult>
    <UnitTestResult executionId="4b9afbe4-c049-49e1-86c9-688756066d66" testId="e77c7ab7-183b-1f93-57a3-77e0403bec4c" testName="Fill0157103" computerName="EDSAC" duration="00:00:00.0004213" startTime="2010-12-05T14:25:27.6789260+00:00" endTime="2010-12-05T14:25:27.6949269+00:00" testType="13cdc9d9-ddb5-4fa4-a97d-d965ccfc6d4b" outcome="Passed" testListId="8c84fa94-04c1-424b-9868-57a2d4851a1d" relativeResultsDirectory="4b9afbe4-c049-49e1-86c9-688756066d66">
    </UnitTestResult>
    <UnitTestResult executionId="cc1545f5-34e6-4c9f-a943-eb95dc7db5c6" testId="e80fc0c4-2914-56fc-191b-489f27774cbc" testName="As0136703" computerName="EDSAC" duration="00:00:00.0008305" startTime="2010-12-05T14:25:27.6989271+00:00" endTime="2010-12-05T14:25:27.7099277+00:00" testType="13cdc9d9-ddb5-4fa4-a97d-d965ccfc6d4b" outcome="Passed" testListId="8c84fa94-04c1-424b-9868-57a2d4851a1d" relativeResultsDirectory="cc1545f5-34e6-4c9f-a943-eb95dc7db5c6">
    </UnitTestResult>
    <UnitTestResult executionId="52ad0182-276c-4375-89bd-af33115fe916" testId="e860bbd5-6ce1-07c3-fd03-d14cbeda5d8f" testName="Fill57101" computerName="EDSAC" duration="00:00:00.0005594" startTime="2010-12-05T14:25:27.7119279+00:00" endTime="2010-12-05T14:25:27.7269287+00:00" testType="13cdc9d9-ddb5-4fa4-a97d-d965ccfc6d4b" outcome="Passed" testListId="8c84fa94-04c1-424b-9868-57a2d4851a1d" relativeResultsDirectory="52ad0182-276c-4375-89bd-af33115fe916">
    </UnitTestResult>
    <UnitTestResult executionId="311545c1-ba52-47c6-83ca-35ce2c2d4cb9" testId="e89c0529-2532-190e-5936-91edd9263fb1" testName="IfNotNull0192304" computerName="EDSAC" duration="00:00:00.0003611" startTime="2010-12-05T14:25:27.7319290+00:00" endTime="2010-12-05T14:25:27.7459298+00:00" testType="13cdc9d9-ddb5-4fa4-a97d-d965ccfc6d4b" outcome="Passed" testListId="8c84fa94-04c1-424b-9868-57a2d4851a1d" relativeResultsDirectory="311545c1-ba52-47c6-83ca-35ce2c2d4cb9">
    </UnitTestResult>
    <UnitTestResult executionId="c594535f-29ad-4600-99c0-1991922a287b" testId="e8ca73cc-b93e-0f49-9374-ed860ffbd677" testName="RangeThrowsContractException187" computerName="EDSAC" duration="00:00:00.0006215" startTime="2010-12-05T14:25:27.7479299+00:00" endTime="2010-12-05T14:25:27.7589305+00:00" testType="13cdc9d9-ddb5-4fa4-a97d-d965ccfc6d4b" outcome="Passed" testListId="8c84fa94-04c1-424b-9868-57a2d4851a1d" relativeResultsDirectory="c594535f-29ad-4600-99c0-1991922a287b">
    </UnitTestResult>
    <UnitTestResult executionId="0c9759cf-fe0d-4b6a-ae0d-ef8db7d8a308" testId="e92bcf37-6e16-c584-ba8a-01b110421a93" testName="ExecutionTime78" computerName="EDSAC" duration="00:00:00.0070980" startTime="2010-12-05T14:25:27.7609307+00:00" endTime="2010-12-05T14:25:27.7799317+00:00" testType="13cdc9d9-ddb5-4fa4-a97d-d965ccfc6d4b" outcome="Passed" testListId="8c84fa94-04c1-424b-9868-57a2d4851a1d" relativeResultsDirectory="0c9759cf-fe0d-4b6a-ae0d-ef8db7d8a308">
    </UnitTestResult>
    <UnitTestResult executionId="2403780c-bb2d-487c-bc6e-72484408d48b" testId="e966bfbe-0422-eb75-f093-b800f9c629b7" testName="As0163217" computerName="EDSAC" duration="00:00:00.0004078" startTime="2010-12-05T14:25:27.7829319+00:00" endTime="2010-12-05T14:25:27.7959327+00:00" testType="13cdc9d9-ddb5-4fa4-a97d-d965ccfc6d4b" outcome="Passed" testListId="8c84fa94-04c1-424b-9868-57a2d4851a1d" relativeResultsDirectory="2403780c-bb2d-487c-bc6e-72484408d48b">
    </UnitTestResult>
    <UnitTestResult executionId="02ebf3ff-bdec-4fb9-b65d-d63ebfc76965" testId="ea12baf4-c62d-b0ca-b8ec-0dd742c09890" testName="As21501" computerName="EDSAC" duration="00:00:00.0004661" startTime="2010-12-05T14:25:27.7979328+00:00" endTime="2010-12-05T14:25:27.8129336+00:00" testType="13cdc9d9-ddb5-4fa4-a97d-d965ccfc6d4b" outcome="Passed" testListId="8c84fa94-04c1-424b-9868-57a2d4851a1d" relativeResultsDirectory="02ebf3ff-bdec-4fb9-b65d-d63ebfc76965">
    </UnitTestResult>
    <UnitTestResult executionId="dbe50e90-bbaf-4d7c-8c20-8e500ea605f0" testId="ea8ee283-08b1-8adf-4aa4-5e76e4a476d8" testName="As0132109" computerName="EDSAC" duration="00:00:00.0005557" startTime="2010-12-05T14:25:27.8179339+00:00" endTime="2010-12-05T14:25:27.8359349+00:00" testType="13cdc9d9-ddb5-4fa4-a97d-d965ccfc6d4b" outcome="Passed" testListId="8c84fa94-04c1-424b-9868-57a2d4851a1d" relativeResultsDirectory="dbe50e90-bbaf-4d7c-8c20-8e500ea605f0">
    </UnitTestResult>
    <UnitTestResult executionId="19afdf30-64fc-455c-abaf-04fdb51b0612" testId="eaed8830-28b9-0d81-19c8-50909473733c" testName="As0163230" computerName="EDSAC" duration="00:00:00.0003863" startTime="2010-12-05T14:25:27.8409352+00:00" endTime="2010-12-05T14:25:27.8559361+00:00" testType="13cdc9d9-ddb5-4fa4-a97d-d965ccfc6d4b" outcome="Passed" testListId="8c84fa94-04c1-424b-9868-57a2d4851a1d" relativeResultsDirectory="19afdf30-64fc-455c-abaf-04fdb51b0612">
    </UnitTestResult>
    <UnitTestResult executionId="dc4be1e7-11a3-4aeb-9891-7c15378b4d90" testId="ec55615d-1e36-c752-f2bf-b20284d0ae33" testName="As0163223" computerName="EDSAC" duration="00:00:00.0016765" startTime="2010-12-05T14:25:27.8609364+00:00" endTime="2010-12-05T14:25:27.8829376+00:00" testType="13cdc9d9-ddb5-4fa4-a97d-d965ccfc6d4b" outcome="Passed" testListId="8c84fa94-04c1-424b-9868-57a2d4851a1d" relativeResultsDirectory="dc4be1e7-11a3-4aeb-9891-7c15378b4d90">
    </UnitTestResult>
    <UnitTestResult executionId="3660a247-2b59-496b-b07a-83ef7579fd24" testId="ec99d1a9-4b49-a94f-134c-f58d11b57222" testName="AsEnumerable56002" computerName="EDSAC" duration="00:00:00.0009392" startTime="2010-12-05T14:25:27.8849378+00:00" endTime="2010-12-05T14:25:27.9029388+00:00" testType="13cdc9d9-ddb5-4fa4-a97d-d965ccfc6d4b" outcome="Passed" testListId="8c84fa94-04c1-424b-9868-57a2d4851a1d" relativeResultsDirectory="3660a247-2b59-496b-b07a-83ef7579fd24">
    </UnitTestResult>
    <UnitTestResult executionId="94fc2e12-d996-40a3-86a9-0a4c409a2aa0" testId="eda1af69-c93e-56bb-5fe9-14115441188c" testName="ReadLinesFromFileThrowsContractException787" computerName="EDSAC" duration="00:00:00.0006541" startTime="2010-12-05T14:25:27.9079391+00:00" endTime="2010-12-05T14:25:27.9239400+00:00" testType="13cdc9d9-ddb5-4fa4-a97d-d965ccfc6d4b" outcome="Passed" testListId="8c84fa94-04c1-424b-9868-57a2d4851a1d" relativeResultsDirectory="94fc2e12-d996-40a3-86a9-0a4c409a2aa0">
    </UnitTestResult>
    <UnitTestResult executionId="4a97c648-64b9-4761-b9e2-7f4fcd3e44e4" testId="ee7a26ae-f08b-c1d5-713f-d21139c592b9" testName="As0163216" computerName="EDSAC" duration="00:00:00.0013881" startTime="2010-12-05T14:25:27.9259401+00:00" endTime="2010-12-05T14:25:27.9489414+00:00" testType="13cdc9d9-ddb5-4fa4-a97d-d965ccfc6d4b" outcome="Passed" testListId="8c84fa94-04c1-424b-9868-57a2d4851a1d" relativeResultsDirectory="4a97c648-64b9-4761-b9e2-7f4fcd3e44e4">
    </UnitTestResult>
    <UnitTestResult executionId="4a92ea80-d797-416e-9c18-a63c4b5af903" testId="eeb34c89-a7df-f580-faa2-1b58190ee5be" testName="Add29604" computerName="EDSAC" duration="00:00:00.0008431" startTime="2010-12-05T14:25:27.9529416+00:00" endTime="2010-12-05T14:25:27.9699426+00:00" testType="13cdc9d9-ddb5-4fa4-a97d-d965ccfc6d4b" outcome="Passed" testListId="8c84fa94-04c1-424b-9868-57a2d4851a1d" relativeResultsDirectory="4a92ea80-d797-416e-9c18-a63c4b5af903">
    </UnitTestResult>
    <UnitTestResult executionId="34c966f2-9ef0-43e0-9df9-57053aadb34f" testId="f026b4fd-1d5b-6d3d-657e-a3e832a7de61" testName="To46301" computerName="EDSAC" duration="00:00:00.0002902" startTime="2010-12-05T14:25:27.9759430+00:00" endTime="2010-12-05T14:25:27.9939440+00:00" testType="13cdc9d9-ddb5-4fa4-a97d-d965ccfc6d4b" outcome="Passed" testListId="8c84fa94-04c1-424b-9868-57a2d4851a1d" relativeResultsDirectory="34c966f2-9ef0-43e0-9df9-57053aadb34f">
    </UnitTestResult>
    <UnitTestResult executionId="ae0fbf49-6302-42a6-82b4-bb30ba3126a7" testId="f342f959-584b-70f7-fc12-f7e45c365653" testName="AsEnumerable0314802" computerName="EDSAC" duration="00:00:00.0007307" startTime="2010-12-05T14:25:27.9999443+00:00" endTime="2010-12-05T14:25:28.0189454+00:00" testType="13cdc9d9-ddb5-4fa4-a97d-d965ccfc6d4b" outcome="Passed" testListId="8c84fa94-04c1-424b-9868-57a2d4851a1d" relativeResultsDirectory="ae0fbf49-6302-42a6-82b4-bb30ba3126a7">
    </UnitTestResult>
    <UnitTestResult executionId="6ea9d843-6108-4b37-ae7c-621e45742c72" testId="f4a16930-7fb5-1364-b2bb-1dffeb9040de" testName="Add60903" computerName="EDSAC" duration="00:00:00.0005314" startTime="2010-12-05T14:25:28.0219456+00:00" endTime="2010-12-05T14:25:28.0439468+00:00" testType="13cdc9d9-ddb5-4fa4-a97d-d965ccfc6d4b" outcome="Passed" testListId="8c84fa94-04c1-424b-9868-57a2d4851a1d" relativeResultsDirectory="6ea9d843-6108-4b37-ae7c-621e45742c72">
    </UnitTestResult>
    <UnitTestResult executionId="1f735105-0a22-4173-8c1d-2e851449c174" testId="f4f76af5-0d54-7bf8-8ba4-b32803d7a374" testName="As21508" computerName="EDSAC" duration="00:00:00.0007769" startTime="2010-12-05T14:25:28.0459470+00:00" endTime="2010-12-05T14:25:28.0609478+00:00" testType="13cdc9d9-ddb5-4fa4-a97d-d965ccfc6d4b" outcome="Passed" testListId="8c84fa94-04c1-424b-9868-57a2d4851a1d" relativeResultsDirectory="1f735105-0a22-4173-8c1d-2e851449c174">
    </UnitTestResult>
    <UnitTestResult executionId="42d3d3d5-fb90-4d20-b5d7-8c09c506233c" testId="f51de229-4761-6e36-e9f5-2ae1d5b346f0" testName="ForEach90801" computerName="EDSAC" duration="00:00:00.0009490" startTime="2010-12-05T14:25:28.0629479+00:00" endTime="2010-12-05T14:25:28.0789488+00:00" testType="13cdc9d9-ddb5-4fa4-a97d-d965ccfc6d4b" outcome="Passed" testListId="8c84fa94-04c1-424b-9868-57a2d4851a1d" relativeResultsDirectory="42d3d3d5-fb90-4d20-b5d7-8c09c506233c">
    </UnitTestResult>
    <UnitTestResult executionId="d0ca6ab7-7fbc-4aae-baee-ff1c3fce1bbf" testId="f55b9351-7cff-05be-34ae-f71cd06467b8" testName="FromEnumeratorThrowsContractException632" computerName="EDSAC" duration="00:00:00.0006541" startTime="2010-12-05T14:25:28.0819490+00:00" endTime="2010-12-05T14:25:28.0969499+00:00" testType="13cdc9d9-ddb5-4fa4-a97d-d965ccfc6d4b" outcome="Passed" testListId="8c84fa94-04c1-424b-9868-57a2d4851a1d" relativeResultsDirectory="d0ca6ab7-7fbc-4aae-baee-ff1c3fce1bbf">
    </UnitTestResult>
    <UnitTestResult executionId="7fb2cb1a-676d-409d-a7ef-c71b4142027b" testId="f56d5205-e252-235c-3244-90ee14efb3f4" testName="InvokeIfRequired01ThrowsContractException382" computerName="EDSAC" duration="00:00:00.0015570" startTime="2010-12-05T14:25:28.1019502+00:00" endTime="2010-12-05T14:25:28.1129508+00:00" testType="13cdc9d9-ddb5-4fa4-a97d-d965ccfc6d4b" outcome="Passed" testListId="8c84fa94-04c1-424b-9868-57a2d4851a1d" relativeResultsDirectory="7fb2cb1a-676d-409d-a7ef-c71b4142027b">
    </UnitTestResult>
    <UnitTestResult executionId="ab2671b2-906a-4762-9573-7419639427d2" testId="f5f02455-4aef-8763-5044-dc094bc64ba2" testName="ForEach12502" computerName="EDSAC" duration="00:00:00.0003774" startTime="2010-12-05T14:25:28.1179511+00:00" endTime="2010-12-05T14:25:28.1419525+00:00" testType="13cdc9d9-ddb5-4fa4-a97d-d965ccfc6d4b" outcome="Passed" testListId="8c84fa94-04c1-424b-9868-57a2d4851a1d" relativeResultsDirectory="ab2671b2-906a-4762-9573-7419639427d2">
    </UnitTestResult>
    <UnitTestResult executionId="dd17d9c9-034c-4398-a469-a51ba1449ec3" testId="f66902ae-2eb8-36de-bdb4-af24338ae682" testName="TakeEveryThrowsContractException597" computerName="EDSAC" duration="00:00:00.0007129" startTime="2010-12-05T14:25:28.1439526+00:00" endTime="2010-12-05T14:25:28.1579534+00:00" testType="13cdc9d9-ddb5-4fa4-a97d-d965ccfc6d4b" outcome="Passed" testListId="8c84fa94-04c1-424b-9868-57a2d4851a1d" relativeResultsDirectory="dd17d9c9-034c-4398-a469-a51ba1449ec3">
    </UnitTestResult>
    <UnitTestResult executionId="ac0462a9-548d-4ac9-b83b-364e9d58640f" testId="f791b1fc-7ecf-06ad-9b72-838a0f1da804" testName="As0136702" computerName="EDSAC" duration="00:00:00.0006868" startTime="2010-12-05T14:25:28.1609535+00:00" endTime="2010-12-05T14:25:28.1729542+00:00" testType="13cdc9d9-ddb5-4fa4-a97d-d965ccfc6d4b" outcome="Passed" testListId="8c84fa94-04c1-424b-9868-57a2d4851a1d" relativeResultsDirectory="ac0462a9-548d-4ac9-b83b-364e9d58640f">
    </UnitTestResult>
    <UnitTestResult executionId="d58a5ecd-9a4c-426c-be98-c37d76929932" testId="f96aeaaa-982a-50fe-9819-4fadbbdc5555" testName="IfNotNull0159701" computerName="EDSAC" duration="00:00:00.0003256" startTime="2010-12-05T14:25:28.1759544+00:00" endTime="2010-12-05T14:25:28.1909553+00:00" testType="13cdc9d9-ddb5-4fa4-a97d-d965ccfc6d4b" outcome="Passed" testListId="8c84fa94-04c1-424b-9868-57a2d4851a1d" relativeResultsDirectory="d58a5ecd-9a4c-426c-be98-c37d76929932">
    </UnitTestResult>
    <UnitTestResult executionId="63019cdc-a25e-4c4e-b918-e3147447160a" testId="fa540630-b33a-7141-4c49-c4e59268577a" testName="CountGet1901" computerName="EDSAC" duration="00:00:00.0010312" startTime="2010-12-05T14:25:28.1949555+00:00" endTime="2010-12-05T14:25:28.2069562+00:00" testType="13cdc9d9-ddb5-4fa4-a97d-d965ccfc6d4b" outcome="Passed" testListId="8c84fa94-04c1-424b-9868-57a2d4851a1d" relativeResultsDirectory="63019cdc-a25e-4c4e-b918-e3147447160a">
    </UnitTestResult>
    <UnitTestResult executionId="6df71264-7fe1-4d61-b3e5-0f2740eb1657" testId="fce54152-c90c-9cca-2f79-ca939e2fd20d" testName="RandomThrowsContractException824" computerName="EDSAC" duration="00:00:00.0005743" startTime="2010-12-05T14:25:28.2109564+00:00" endTime="2010-12-05T14:25:28.2199569+00:00" testType="13cdc9d9-ddb5-4fa4-a97d-d965ccfc6d4b" outcome="Passed" testListId="8c84fa94-04c1-424b-9868-57a2d4851a1d" relativeResultsDirectory="6df71264-7fe1-4d61-b3e5-0f2740eb1657">
    </UnitTestResult>
    <UnitTestResult executionId="99837d9d-db1c-4305-a9d4-d9d7e74f3078" testId="fd09b993-a9b4-e74b-ac25-fcabec687112" testName="Execute93301" computerName="EDSAC" duration="00:00:00.0002594" startTime="2010-12-05T14:25:28.2229571+00:00" endTime="2010-12-05T14:25:28.2359578+00:00" testType="13cdc9d9-ddb5-4fa4-a97d-d965ccfc6d4b" outcome="Passed" testListId="8c84fa94-04c1-424b-9868-57a2d4851a1d" relativeResultsDirectory="99837d9d-db1c-4305-a9d4-d9d7e74f3078">
    </UnitTestResult>
    <UnitTestResult executionId="5d83b893-b16b-49e0-9ef1-d431d8847bb0" testId="fdc59520-9564-0684-d4f9-2091f576f931" testName="NullOr71403" computerName="EDSAC" duration="00:00:00.0005487" startTime="2010-12-05T14:25:28.2379579+00:00" endTime="2010-12-05T14:25:28.2489586+00:00" testType="13cdc9d9-ddb5-4fa4-a97d-d965ccfc6d4b" outcome="Passed" testListId="8c84fa94-04c1-424b-9868-57a2d4851a1d" relativeResultsDirectory="5d83b893-b16b-49e0-9ef1-d431d8847bb0">
    </UnitTestResult>
    <UnitTestResult executionId="76b0e0e8-c371-40cf-98c4-a9ba71287987" testId="fdc6582f-0eab-5f36-d160-7547a6de5dbb" testName="IfNotNull17301" computerName="EDSAC" duration="00:00:00.0003625" startTime="2010-12-05T14:25:28.2539589+00:00" endTime="2010-12-05T14:25:28.2629594+00:00" testType="13cdc9d9-ddb5-4fa4-a97d-d965ccfc6d4b" outcome="Passed" testListId="8c84fa94-04c1-424b-9868-57a2d4851a1d" relativeResultsDirectory="76b0e0e8-c371-40cf-98c4-a9ba71287987">
    </UnitTestResult>
    <UnitTestResult executionId="56c6c526-0a39-4822-8ee5-01c0c39860fd" testId="febe8afb-7bc1-3f13-831b-73b163a8c327" testName="As0132105" computerName="EDSAC" duration="00:00:00.0004199" startTime="2010-12-05T14:25:28.2669596+00:00" endTime="2010-12-05T14:25:28.2759601+00:00" testType="13cdc9d9-ddb5-4fa4-a97d-d965ccfc6d4b" outcome="Passed" testListId="8c84fa94-04c1-424b-9868-57a2d4851a1d" relativeResultsDirectory="56c6c526-0a39-4822-8ee5-01c0c39860fd">
    </UnitTestResult>
  </Results>
</TestRun>