<?xml version="1.0" encoding="UTF-8"?>
<TestRun id="c21116fe-0ea0-4bbc-a2a0-ca449df7f52d" name="SuprDewd@EDSAC 2010-12-04 01:56:08" runUser="EDSAC\SuprDewd" xmlns="http://microsoft.com/schemas/VisualStudio/TeamTest/2010">
  <TestSettings name="Local" id="4c59a5fa-d837-49f8-8b62-15cf0be0742f">
    <Description>These are default test settings for a local test run.</Description>
    <Deployment userDeploymentRoot="C:\Users\SuprDewd\Desktop\Projects\Forritun\SharpBag\TestResults" useDefaultDeploymentRoot="false" enabled="false" runDeploymentRoot="SuprDewd_EDSAC 2010-12-04 01_56_08">
      <DeploymentItem filename="C:\Users\SuprDewd\Desktop\Projects\Forritun\SharpBag\SharpBag.Tests01\MolesAssemblies\SharpBag.Moles.dll" />
      <DeploymentItem filename="C:\Users\SuprDewd\Desktop\Projects\Forritun\SharpBag\SharpBag\bin\Release\SharpBag.dll" />
    </Deployment>
    <Execution>
      <TestTypeSpecific />
      <AgentRule name="Execution Agents">
      </AgentRule>
    </Execution>
  </TestSettings>
  <Times creation="2010-12-04T01:56:08.6566824+00:00" queuing="2010-12-04T01:56:12.3358929+00:00" start="2010-12-04T01:56:12.6409103+00:00" finish="2010-12-04T01:57:49.3824436+00:00" />
  <ResultSummary outcome="Error">
    <Counters total="5" executed="2" error="0" failed="1" timeout="0" aborted="1" inconclusive="0" passedButRunAborted="0" notRunnable="0" notExecuted="3" disconnected="0" warning="0" passed="0" completed="0" inProgress="0" pending="0" />
    <RunInfos>
      <RunInfo computerName="EDSAC" outcome="Error" timestamp="2010-12-04T01:57:49.3764433+00:00">
        <Text>Test host process exited unexpectedly.</Text>
      </RunInfo>
    </RunInfos>
  </ResultSummary>
  <TestDefinitions>
    <UnitTest name="GetByPercentThrowsIndexOutOfRangeException858" storage="c:\users\suprdewd\desktop\projects\forritun\sharpbag\sharpbag.tests01\bin\release\sharpbag.tests.dll" id="16bc510b-963f-30e5-6517-13389edd4fdc">
      <Execution id="e438fd7e-e5fa-498f-a05a-c1d9900897b5" />
      <TestMethod codeBase="C:/Users/SuprDewd/Desktop/Projects/Forritun/SharpBag/SharpBag.Tests01/bin/Release/SharpBag.Tests.DLL" adapterTypeName="Microsoft.VisualStudio.TestTools.TestTypes.Unit.UnitTestAdapter, Microsoft.VisualStudio.QualityTools.Tips.UnitTest.Adapter, Version=10.0.0.0, Culture=neutral, PublicKeyToken=b03f5f7f11d50a3a" className="SharpBag.ExtensionsTest, SharpBag.Tests, Version=0.0.0.0, Culture=neutral, PublicKeyToken=null" name="GetByPercentThrowsIndexOutOfRangeException858" />
    </UnitTest>
    <UnitTest name="To02ThrowsEntryPointNotFoundException897" storage="c:\users\suprdewd\desktop\projects\forritun\sharpbag\sharpbag.tests01\bin\release\sharpbag.tests.dll" id="6b7dcc70-66b6-d437-fa4f-aad0a0e1d53f">
      <Execution id="c2e99c2b-8bf3-40be-879a-4d1744733a57" />
      <TestMethod codeBase="C:/Users/SuprDewd/Desktop/Projects/Forritun/SharpBag/SharpBag.Tests01/bin/Release/SharpBag.Tests.DLL" adapterTypeName="Microsoft.VisualStudio.TestTools.TestTypes.Unit.UnitTestAdapter, Microsoft.VisualStudio.QualityTools.Tips.UnitTest.Adapter, Version=10.0.0.0, Culture=neutral, PublicKeyToken=b03f5f7f11d50a3a" className="SharpBag.ExtensionsTest, SharpBag.Tests, Version=0.0.0.0, Culture=neutral, PublicKeyToken=null" name="To02ThrowsEntryPointNotFoundException897" />
    </UnitTest>
    <UnitTest name="SubarrayThrowsIndexOutOfRangeException719" storage="c:\users\suprdewd\desktop\projects\forritun\sharpbag\sharpbag.tests01\bin\release\sharpbag.tests.dll" id="805ce682-089b-aeb5-3890-6340750c38cb">
      <Execution id="2f1f384b-c6dc-4b76-b678-8888af760e38" />
      <TestMethod codeBase="C:/Users/SuprDewd/Desktop/Projects/Forritun/SharpBag/SharpBag.Tests01/bin/Release/SharpBag.Tests.DLL" adapterTypeName="Microsoft.VisualStudio.TestTools.TestTypes.Unit.UnitTestAdapter, Microsoft.VisualStudio.QualityTools.Tips.UnitTest.Adapter, Version=10.0.0.0, Culture=neutral, PublicKeyToken=b03f5f7f11d50a3a" className="SharpBag.ExtensionsTest, SharpBag.Tests, Version=0.0.0.0, Culture=neutral, PublicKeyToken=null" name="SubarrayThrowsIndexOutOfRangeException719" />
    </UnitTest>
    <UnitTest name="RandomThrowsContractException503" storage="c:\users\suprdewd\desktop\projects\forritun\sharpbag\sharpbag.tests01\bin\release\sharpbag.tests.dll" id="cda388d5-457a-465e-ba14-ce9de40a3bb3">
      <Execution id="dca59dd5-c82e-4f16-b41e-e593993c594d" />
      <TestMethod codeBase="C:/Users/SuprDewd/Desktop/Projects/Forritun/SharpBag/SharpBag.Tests01/bin/Release/SharpBag.Tests.DLL" adapterTypeName="Microsoft.VisualStudio.TestTools.TestTypes.Unit.UnitTestAdapter, Microsoft.VisualStudio.QualityTools.Tips.UnitTest.Adapter, Version=10.0.0.0, Culture=neutral, PublicKeyToken=b03f5f7f11d50a3a" className="SharpBag.ExtensionsTest, SharpBag.Tests, Version=0.0.0.0, Culture=neutral, PublicKeyToken=null" name="RandomThrowsContractException503" />
    </UnitTest>
    <UnitTest name="SubarrayThrowsIndexOutOfRangeException237" storage="c:\users\suprdewd\desktop\projects\forritun\sharpbag\sharpbag.tests01\bin\release\sharpbag.tests.dll" id="594704dd-0a86-b16d-988c-f53dd3e4a947">
      <Execution id="090f7cb2-32a5-4910-be1f-017e1141bd78" />
      <TestMethod codeBase="C:/Users/SuprDewd/Desktop/Projects/Forritun/SharpBag/SharpBag.Tests01/bin/Release/SharpBag.Tests.DLL" adapterTypeName="Microsoft.VisualStudio.TestTools.TestTypes.Unit.UnitTestAdapter, Microsoft.VisualStudio.QualityTools.Tips.UnitTest.Adapter, Version=10.0.0.0, Culture=neutral, PublicKeyToken=b03f5f7f11d50a3a" className="SharpBag.ExtensionsTest, SharpBag.Tests, Version=0.0.0.0, Culture=neutral, PublicKeyToken=null" name="SubarrayThrowsIndexOutOfRangeException237" />
    </UnitTest>
  </TestDefinitions>
  <TestLists>
    <TestList name="Results Not in a List" id="8c84fa94-04c1-424b-9868-57a2d4851a1d" />
    <TestList name="All Loaded Results" id="19431567-8539-422a-85d7-44ee4e166bda" />
  </TestLists>
  <TestEntries>
    <TestEntry testId="805ce682-089b-aeb5-3890-6340750c38cb" executionId="2f1f384b-c6dc-4b76-b678-8888af760e38" testListId="8c84fa94-04c1-424b-9868-57a2d4851a1d" />
    <TestEntry testId="16bc510b-963f-30e5-6517-13389edd4fdc" executionId="e438fd7e-e5fa-498f-a05a-c1d9900897b5" testListId="8c84fa94-04c1-424b-9868-57a2d4851a1d" />
    <TestEntry testId="6b7dcc70-66b6-d437-fa4f-aad0a0e1d53f" executionId="c2e99c2b-8bf3-40be-879a-4d1744733a57" testListId="8c84fa94-04c1-424b-9868-57a2d4851a1d" />
    <TestEntry testId="594704dd-0a86-b16d-988c-f53dd3e4a947" executionId="090f7cb2-32a5-4910-be1f-017e1141bd78" testListId="8c84fa94-04c1-424b-9868-57a2d4851a1d" />
    <TestEntry testId="cda388d5-457a-465e-ba14-ce9de40a3bb3" executionId="dca59dd5-c82e-4f16-b41e-e593993c594d" testListId="8c84fa94-04c1-424b-9868-57a2d4851a1d" />
  </TestEntries>
  <Results>
    <UnitTestResult executionId="2f1f384b-c6dc-4b76-b678-8888af760e38" testId="805ce682-089b-aeb5-3890-6340750c38cb" testName="SubarrayThrowsIndexOutOfRangeException719" computerName="EDSAC" duration="00:01:08.1600264" startTime="2010-12-04T01:56:12.7709177+00:00" endTime="2010-12-04T01:57:23.0199358+00:00" testType="13cdc9d9-ddb5-4fa4-a97d-d965ccfc6d4b" outcome="Failed" testListId="8c84fa94-04c1-424b-9868-57a2d4851a1d" relativeResultsDirectory="2f1f384b-c6dc-4b76-b678-8888af760e38">
      <Output>
        <ErrorInfo>
          <Message>Test method SharpBag.ExtensionsTest.SubarrayThrowsIndexOutOfRangeException719 threw exception: 
System.IndexOutOfRangeException: Index was outside the bounds of the array.</Message>
          <StackTrace>    at SharpBag.Extensions.Subarray(Int32[,] a, Int32 x1, Int32 y1, Int32 x2, Int32 y2) in C:\Users\SuprDewd\Desktop\Projects\Forritun\SharpBag\SharpBag\Extensions.cs:line 587
   at SharpBag.ExtensionsTest.Subarray(Int32[,] a, Int32 x1, Int32 y1, Int32 x2, Int32 y2) in C:\Users\SuprDewd\Desktop\Projects\Forritun\SharpBag\SharpBag.Tests01\ExtensionsTest.cs:line 151
   at SharpBag.ExtensionsTest.SubarrayThrowsIndexOutOfRangeException719() in C:\Users\SuprDewd\Desktop\Projects\Forritun\SharpBag\SharpBag.Tests01\ExtensionsTest.Subarray.g.cs:line 76
</StackTrace>
        </ErrorInfo>
      </Output>
    </UnitTestResult>
    <UnitTestResult executionId="e438fd7e-e5fa-498f-a05a-c1d9900897b5" testId="16bc510b-963f-30e5-6517-13389edd4fdc" testName="GetByPercentThrowsIndexOutOfRangeException858" computerName="EDSAC" duration="00:00:26.2785031" startTime="2010-12-04T01:57:23.1029405+00:00" endTime="2010-12-04T01:57:49.3814436+00:00" testType="13cdc9d9-ddb5-4fa4-a97d-d965ccfc6d4b" outcome="Aborted" testListId="8c84fa94-04c1-424b-9868-57a2d4851a1d" relativeResultsDirectory="e438fd7e-e5fa-498f-a05a-c1d9900897b5">
    </UnitTestResult>
    <UnitTestResult executionId="c2e99c2b-8bf3-40be-879a-4d1744733a57" testId="6b7dcc70-66b6-d437-fa4f-aad0a0e1d53f" testName="To02ThrowsEntryPointNotFoundException897" computerName="EDSAC" testType="13cdc9d9-ddb5-4fa4-a97d-d965ccfc6d4b" outcome="NotExecuted" testListId="8c84fa94-04c1-424b-9868-57a2d4851a1d" relativeResultsDirectory="c2e99c2b-8bf3-40be-879a-4d1744733a57">
    </UnitTestResult>
    <UnitTestResult executionId="090f7cb2-32a5-4910-be1f-017e1141bd78" testId="594704dd-0a86-b16d-988c-f53dd3e4a947" testName="SubarrayThrowsIndexOutOfRangeException237" computerName="EDSAC" testType="13cdc9d9-ddb5-4fa4-a97d-d965ccfc6d4b" outcome="NotExecuted" testListId="8c84fa94-04c1-424b-9868-57a2d4851a1d" relativeResultsDirectory="090f7cb2-32a5-4910-be1f-017e1141bd78">
    </UnitTestResult>
    <UnitTestResult executionId="dca59dd5-c82e-4f16-b41e-e593993c594d" testId="cda388d5-457a-465e-ba14-ce9de40a3bb3" testName="RandomThrowsContractException503" computerName="EDSAC" testType="13cdc9d9-ddb5-4fa4-a97d-d965ccfc6d4b" outcome="NotExecuted" testListId="8c84fa94-04c1-424b-9868-57a2d4851a1d" relativeResultsDirectory="dca59dd5-c82e-4f16-b41e-e593993c594d">
    </UnitTestResult>
  </Results>
</TestRun>