<?xml version="1.0" encoding="UTF-8"?>
<TestRun id="f89aeb42-bf6e-4bc3-954e-51ee74df4bfe" name="SuprDewd@EDSAC 2010-12-04 14:56:42" runUser="EDSAC\SuprDewd" xmlns="http://microsoft.com/schemas/VisualStudio/TeamTest/2010">
  <TestSettings name="Local" id="4c59a5fa-d837-49f8-8b62-15cf0be0742f">
    <Description>These are default test settings for a local test run.</Description>
    <Deployment enabled="false" runDeploymentRoot="SuprDewd_EDSAC 2010-12-04 14_56_42">
      <DeploymentItem filename="C:\Users\SuprDewd\Desktop\Projects\Forritun\SharpBag\SharpBag.Tests01\MolesAssemblies\SharpBag.Moles.dll" />
      <DeploymentItem filename="C:\Users\SuprDewd\Desktop\Projects\Forritun\SharpBag\SharpBag\bin\Release\SharpBag.dll" />
    </Deployment>
    <Execution>
      <TestTypeSpecific />
      <AgentRule name="Execution Agents">
      </AgentRule>
    </Execution>
  </TestSettings>
  <Times creation="2010-12-04T14:56:42.0600509+00:00" queuing="2010-12-04T14:56:42.4080708+00:00" start="2010-12-04T14:56:42.6190829+00:00" finish="2010-12-04T14:56:49.5224777+00:00" />
  <ResultSummary outcome="Failed">
    <Counters total="281" executed="281" passed="277" error="0" failed="4" timeout="0" aborted="0" inconclusive="0" passedButRunAborted="0" notRunnable="0" notExecuted="0" disconnected="0" warning="0" completed="0" inProgress="0" pending="0" />
  </ResultSummary>
  <TestDefinitions>
    <UnitTest name="SubarrayThrowsIndexOutOfRangeException166" storage="c:\users\suprdewd\desktop\projects\forritun\sharpbag\sharpbag.tests01\bin\release\sharpbag.tests.dll" id="830b7e4e-1e9d-8453-edde-ba93d873d94b">
      <Execution id="d7947c7e-1c5f-41db-a7d5-5c3eb487cca1" />
      <TestMethod codeBase="C:/Users/SuprDewd/Desktop/Projects/Forritun/SharpBag/SharpBag.Tests01/bin/Release/SharpBag.Tests.DLL" adapterTypeName="Microsoft.VisualStudio.TestTools.TestTypes.Unit.UnitTestAdapter, Microsoft.VisualStudio.QualityTools.Tips.UnitTest.Adapter, Version=10.0.0.0, Culture=neutral, PublicKeyToken=b03f5f7f11d50a3a" className="SharpBag.ExtensionsTest, SharpBag.Tests, Version=0.0.0.0, Culture=neutral, PublicKeyToken=null" name="SubarrayThrowsIndexOutOfRangeException166" />
    </UnitTest>
    <UnitTest name="As0136704" storage="c:\users\suprdewd\desktop\projects\forritun\sharpbag\sharpbag.tests01\bin\release\sharpbag.tests.dll" id="29095a51-c311-c865-7cf1-7076578258b7">
      <Execution id="90f64686-cdbb-48c6-9c85-6a68092821d7" />
      <TestMethod codeBase="C:/Users/SuprDewd/Desktop/Projects/Forritun/SharpBag/SharpBag.Tests01/bin/Release/SharpBag.Tests.DLL" adapterTypeName="Microsoft.VisualStudio.TestTools.TestTypes.Unit.UnitTestAdapter, Microsoft.VisualStudio.QualityTools.Tips.UnitTest.Adapter, Version=10.0.0.0, Culture=neutral, PublicKeyToken=b03f5f7f11d50a3a" className="SharpBag.ExtensionsTest, SharpBag.Tests, Version=0.0.0.0, Culture=neutral, PublicKeyToken=null" name="As0136704" />
    </UnitTest>
    <UnitTest name="As0163239" storage="c:\users\suprdewd\desktop\projects\forritun\sharpbag\sharpbag.tests01\bin\release\sharpbag.tests.dll" id="91ad74e2-7f98-39c5-b2ac-d6979eb1e521">
      <Execution id="cb9ae790-d6ad-46ad-8ca3-462e62bcd11c" />
      <TestMethod codeBase="C:/Users/SuprDewd/Desktop/Projects/Forritun/SharpBag/SharpBag.Tests01/bin/Release/SharpBag.Tests.DLL" adapterTypeName="Microsoft.VisualStudio.TestTools.TestTypes.Unit.UnitTestAdapter, Microsoft.VisualStudio.QualityTools.Tips.UnitTest.Adapter, Version=10.0.0.0, Culture=neutral, PublicKeyToken=b03f5f7f11d50a3a" className="SharpBag.ExtensionsTest, SharpBag.Tests, Version=0.0.0.0, Culture=neutral, PublicKeyToken=null" name="As0163239" />
    </UnitTest>
    <UnitTest name="As0163214" storage="c:\users\suprdewd\desktop\projects\forritun\sharpbag\sharpbag.tests01\bin\release\sharpbag.tests.dll" id="e5750d14-09bb-ec70-127b-652a47b7dd9c">
      <Execution id="00da114f-5673-423d-81a1-d217f845f08b" />
      <TestMethod codeBase="C:/Users/SuprDewd/Desktop/Projects/Forritun/SharpBag/SharpBag.Tests01/bin/Release/SharpBag.Tests.DLL" adapterTypeName="Microsoft.VisualStudio.TestTools.TestTypes.Unit.UnitTestAdapter, Microsoft.VisualStudio.QualityTools.Tips.UnitTest.Adapter, Version=10.0.0.0, Culture=neutral, PublicKeyToken=b03f5f7f11d50a3a" className="SharpBag.ExtensionsTest, SharpBag.Tests, Version=0.0.0.0, Culture=neutral, PublicKeyToken=null" name="As0163214" />
    </UnitTest>
    <UnitTest name="UnionAll02ThrowsContractException669" storage="c:\users\suprdewd\desktop\projects\forritun\sharpbag\sharpbag.tests01\bin\release\sharpbag.tests.dll" id="4828b82d-197c-d38d-1052-fb24855ec6ae">
      <Execution id="a637e9fc-7945-4ce8-9d2b-20889b2ed541" />
      <TestMethod codeBase="C:/Users/SuprDewd/Desktop/Projects/Forritun/SharpBag/SharpBag.Tests01/bin/Release/SharpBag.Tests.DLL" adapterTypeName="Microsoft.VisualStudio.TestTools.TestTypes.Unit.UnitTestAdapter, Microsoft.VisualStudio.QualityTools.Tips.UnitTest.Adapter, Version=10.0.0.0, Culture=neutral, PublicKeyToken=b03f5f7f11d50a3a" className="SharpBag.ExtensionsTest, SharpBag.Tests, Version=0.0.0.0, Culture=neutral, PublicKeyToken=null" name="UnionAll02ThrowsContractException669" />
    </UnitTest>
    <UnitTest name="As0163240" storage="c:\users\suprdewd\desktop\projects\forritun\sharpbag\sharpbag.tests01\bin\release\sharpbag.tests.dll" id="3f99a1d3-4dae-8b7d-a361-9ebbf5115b1e">
      <Execution id="9a390a5a-6f99-4a80-9d4c-038a2e97c2c3" />
      <TestMethod codeBase="C:/Users/SuprDewd/Desktop/Projects/Forritun/SharpBag/SharpBag.Tests01/bin/Release/SharpBag.Tests.DLL" adapterTypeName="Microsoft.VisualStudio.TestTools.TestTypes.Unit.UnitTestAdapter, Microsoft.VisualStudio.QualityTools.Tips.UnitTest.Adapter, Version=10.0.0.0, Culture=neutral, PublicKeyToken=b03f5f7f11d50a3a" className="SharpBag.ExtensionsTest, SharpBag.Tests, Version=0.0.0.0, Culture=neutral, PublicKeyToken=null" name="As0163240" />
    </UnitTest>
    <UnitTest name="As0163243" storage="c:\users\suprdewd\desktop\projects\forritun\sharpbag\sharpbag.tests01\bin\release\sharpbag.tests.dll" id="4fbb91c1-c965-1543-022c-12856d2ae5ad">
      <Execution id="50998a72-a066-46ea-90d8-e0273a1b8884" />
      <TestMethod codeBase="C:/Users/SuprDewd/Desktop/Projects/Forritun/SharpBag/SharpBag.Tests01/bin/Release/SharpBag.Tests.DLL" adapterTypeName="Microsoft.VisualStudio.TestTools.TestTypes.Unit.UnitTestAdapter, Microsoft.VisualStudio.QualityTools.Tips.UnitTest.Adapter, Version=10.0.0.0, Culture=neutral, PublicKeyToken=b03f5f7f11d50a3a" className="SharpBag.ExtensionsTest, SharpBag.Tests, Version=0.0.0.0, Culture=neutral, PublicKeyToken=null" name="As0163243" />
    </UnitTest>
    <UnitTest name="Shuffle565" storage="c:\users\suprdewd\desktop\projects\forritun\sharpbag\sharpbag.tests01\bin\release\sharpbag.tests.dll" id="8d424c8f-9c8d-8bdb-c98c-1e76a87f52e2">
      <Execution id="9de4a048-3bcb-413c-900d-79ac0dbd6a34" />
      <TestMethod codeBase="C:/Users/SuprDewd/Desktop/Projects/Forritun/SharpBag/SharpBag.Tests01/bin/Release/SharpBag.Tests.DLL" adapterTypeName="Microsoft.VisualStudio.TestTools.TestTypes.Unit.UnitTestAdapter, Microsoft.VisualStudio.QualityTools.Tips.UnitTest.Adapter, Version=10.0.0.0, Culture=neutral, PublicKeyToken=b03f5f7f11d50a3a" className="SharpBag.ExtensionsTest, SharpBag.Tests, Version=0.0.0.0, Culture=neutral, PublicKeyToken=null" name="Shuffle565" />
    </UnitTest>
    <UnitTest name="ToDictionary65201" storage="c:\users\suprdewd\desktop\projects\forritun\sharpbag\sharpbag.tests01\bin\release\sharpbag.tests.dll" id="6b5ea87c-ca8e-cd07-2a54-53cd363577f8">
      <Execution id="a4bfecbe-668f-4213-802a-00dc7e00ef7f" />
      <TestMethod codeBase="C:/Users/SuprDewd/Desktop/Projects/Forritun/SharpBag/SharpBag.Tests01/bin/Release/SharpBag.Tests.DLL" adapterTypeName="Microsoft.VisualStudio.TestTools.TestTypes.Unit.UnitTestAdapter, Microsoft.VisualStudio.QualityTools.Tips.UnitTest.Adapter, Version=10.0.0.0, Culture=neutral, PublicKeyToken=b03f5f7f11d50a3a" className="SharpBag.ExtensionsTest, SharpBag.Tests, Version=0.0.0.0, Culture=neutral, PublicKeyToken=null" name="ToDictionary65201" />
    </UnitTest>
    <UnitTest name="AsEnumerable0258804" storage="c:\users\suprdewd\desktop\projects\forritun\sharpbag\sharpbag.tests01\bin\release\sharpbag.tests.dll" id="c3b85211-1b55-61c6-8d42-782c04048184">
      <Execution id="f0cae06c-73de-4e00-be26-faa44c7cd518" />
      <TestMethod codeBase="C:/Users/SuprDewd/Desktop/Projects/Forritun/SharpBag/SharpBag.Tests01/bin/Release/SharpBag.Tests.DLL" adapterTypeName="Microsoft.VisualStudio.TestTools.TestTypes.Unit.UnitTestAdapter, Microsoft.VisualStudio.QualityTools.Tips.UnitTest.Adapter, Version=10.0.0.0, Culture=neutral, PublicKeyToken=b03f5f7f11d50a3a" className="SharpBag.ExtensionsTest, SharpBag.Tests, Version=0.0.0.0, Culture=neutral, PublicKeyToken=null" name="AsEnumerable0258804" />
    </UnitTest>
    <UnitTest name="Add60901" storage="c:\users\suprdewd\desktop\projects\forritun\sharpbag\sharpbag.tests01\bin\release\sharpbag.tests.dll" id="03c88b26-e4eb-d38e-6683-3ac55f8aeeac">
      <Execution id="5f458334-c7cb-498b-a7c2-477e1ce4e438" />
      <TestMethod codeBase="C:/Users/SuprDewd/Desktop/Projects/Forritun/SharpBag/SharpBag.Tests01/bin/Release/SharpBag.Tests.DLL" adapterTypeName="Microsoft.VisualStudio.TestTools.TestTypes.Unit.UnitTestAdapter, Microsoft.VisualStudio.QualityTools.Tips.UnitTest.Adapter, Version=10.0.0.0, Culture=neutral, PublicKeyToken=b03f5f7f11d50a3a" className="SharpBag.ExtensionsTest, SharpBag.Tests, Version=0.0.0.0, Culture=neutral, PublicKeyToken=null" name="Add60901" />
    </UnitTest>
    <UnitTest name="As21502" storage="c:\users\suprdewd\desktop\projects\forritun\sharpbag\sharpbag.tests01\bin\release\sharpbag.tests.dll" id="7896ac03-38fd-b99c-d27e-6cbd208a3f1e">
      <Execution id="1e3e7393-ec54-4019-bc0b-baa6558f01c7" />
      <TestMethod codeBase="C:/Users/SuprDewd/Desktop/Projects/Forritun/SharpBag/SharpBag.Tests01/bin/Release/SharpBag.Tests.DLL" adapterTypeName="Microsoft.VisualStudio.TestTools.TestTypes.Unit.UnitTestAdapter, Microsoft.VisualStudio.QualityTools.Tips.UnitTest.Adapter, Version=10.0.0.0, Culture=neutral, PublicKeyToken=b03f5f7f11d50a3a" className="SharpBag.ExtensionsTest, SharpBag.Tests, Version=0.0.0.0, Culture=neutral, PublicKeyToken=null" name="As21502" />
    </UnitTest>
    <UnitTest name="As0163225" storage="c:\users\suprdewd\desktop\projects\forritun\sharpbag\sharpbag.tests01\bin\release\sharpbag.tests.dll" id="2b9734bf-2716-3fbd-907d-b338c9f5816c">
      <Execution id="8e371ce4-b8a1-45b8-8dc2-5c9eb3ddbdf0" />
      <TestMethod codeBase="C:/Users/SuprDewd/Desktop/Projects/Forritun/SharpBag/SharpBag.Tests01/bin/Release/SharpBag.Tests.DLL" adapterTypeName="Microsoft.VisualStudio.TestTools.TestTypes.Unit.UnitTestAdapter, Microsoft.VisualStudio.QualityTools.Tips.UnitTest.Adapter, Version=10.0.0.0, Culture=neutral, PublicKeyToken=b03f5f7f11d50a3a" className="SharpBag.ExtensionsTest, SharpBag.Tests, Version=0.0.0.0, Culture=neutral, PublicKeyToken=null" name="As0163225" />
    </UnitTest>
    <UnitTest name="WithThrowsContractException374" storage="c:\users\suprdewd\desktop\projects\forritun\sharpbag\sharpbag.tests01\bin\release\sharpbag.tests.dll" id="e18cfbc3-f9cf-311e-f710-177b71a46e6d">
      <Execution id="5ee8ea20-552c-4359-b2b9-5dfb7ce20828" />
      <TestMethod codeBase="C:/Users/SuprDewd/Desktop/Projects/Forritun/SharpBag/SharpBag.Tests01/bin/Release/SharpBag.Tests.DLL" adapterTypeName="Microsoft.VisualStudio.TestTools.TestTypes.Unit.UnitTestAdapter, Microsoft.VisualStudio.QualityTools.Tips.UnitTest.Adapter, Version=10.0.0.0, Culture=neutral, PublicKeyToken=b03f5f7f11d50a3a" className="SharpBag.ExtensionsTest, SharpBag.Tests, Version=0.0.0.0, Culture=neutral, PublicKeyToken=null" name="WithThrowsContractException374" />
    </UnitTest>
    <UnitTest name="Add743" storage="c:\users\suprdewd\desktop\projects\forritun\sharpbag\sharpbag.tests01\bin\release\sharpbag.tests.dll" id="399a76fc-a3c8-ef57-f8a9-641b3638b637">
      <Execution id="a12af34b-65e4-4af7-92a8-86b62b8eb402" />
      <TestMethod codeBase="C:/Users/SuprDewd/Desktop/Projects/Forritun/SharpBag/SharpBag.Tests01/bin/Release/SharpBag.Tests.DLL" adapterTypeName="Microsoft.VisualStudio.TestTools.TestTypes.Unit.UnitTestAdapter, Microsoft.VisualStudio.QualityTools.Tips.UnitTest.Adapter, Version=10.0.0.0, Culture=neutral, PublicKeyToken=b03f5f7f11d50a3a" className="SharpBag.Algorithms.PriorityQueueTTest, SharpBag.Tests, Version=0.0.0.0, Culture=neutral, PublicKeyToken=null" name="Add743" />
    </UnitTest>
    <UnitTest name="As0163231" storage="c:\users\suprdewd\desktop\projects\forritun\sharpbag\sharpbag.tests01\bin\release\sharpbag.tests.dll" id="466bff3f-4c8e-a9c1-50f6-91ffeb15d3a1">
      <Execution id="1b1df1f3-f7e4-4fe9-8073-8f70dd17a40c" />
      <TestMethod codeBase="C:/Users/SuprDewd/Desktop/Projects/Forritun/SharpBag/SharpBag.Tests01/bin/Release/SharpBag.Tests.DLL" adapterTypeName="Microsoft.VisualStudio.TestTools.TestTypes.Unit.UnitTestAdapter, Microsoft.VisualStudio.QualityTools.Tips.UnitTest.Adapter, Version=10.0.0.0, Culture=neutral, PublicKeyToken=b03f5f7f11d50a3a" className="SharpBag.ExtensionsTest, SharpBag.Tests, Version=0.0.0.0, Culture=neutral, PublicKeyToken=null" name="As0163231" />
    </UnitTest>
    <UnitTest name="AsEnumerable0314802" storage="c:\users\suprdewd\desktop\projects\forritun\sharpbag\sharpbag.tests01\bin\release\sharpbag.tests.dll" id="f342f959-584b-70f7-fc12-f7e45c365653">
      <Execution id="18b56ea4-6838-4427-bca3-4f0f26cfa30b" />
      <TestMethod codeBase="C:/Users/SuprDewd/Desktop/Projects/Forritun/SharpBag/SharpBag.Tests01/bin/Release/SharpBag.Tests.DLL" adapterTypeName="Microsoft.VisualStudio.TestTools.TestTypes.Unit.UnitTestAdapter, Microsoft.VisualStudio.QualityTools.Tips.UnitTest.Adapter, Version=10.0.0.0, Culture=neutral, PublicKeyToken=b03f5f7f11d50a3a" className="SharpBag.ExtensionsTest, SharpBag.Tests, Version=0.0.0.0, Culture=neutral, PublicKeyToken=null" name="AsEnumerable0314802" />
    </UnitTest>
    <UnitTest name="With25501" storage="c:\users\suprdewd\desktop\projects\forritun\sharpbag\sharpbag.tests01\bin\release\sharpbag.tests.dll" id="9ed7c416-1a7b-4673-195d-ca2e196d2a2e">
      <Execution id="a3e5d070-4714-41e2-ab91-a4e12a5fe648" />
      <TestMethod codeBase="C:/Users/SuprDewd/Desktop/Projects/Forritun/SharpBag/SharpBag.Tests01/bin/Release/SharpBag.Tests.DLL" adapterTypeName="Microsoft.VisualStudio.TestTools.TestTypes.Unit.UnitTestAdapter, Microsoft.VisualStudio.QualityTools.Tips.UnitTest.Adapter, Version=10.0.0.0, Culture=neutral, PublicKeyToken=b03f5f7f11d50a3a" className="SharpBag.ExtensionsTest, SharpBag.Tests, Version=0.0.0.0, Culture=neutral, PublicKeyToken=null" name="With25501" />
    </UnitTest>
    <UnitTest name="To02632" storage="c:\users\suprdewd\desktop\projects\forritun\sharpbag\sharpbag.tests01\bin\release\sharpbag.tests.dll" id="31a88d64-bb5b-6217-2758-d493dee381b6">
      <Execution id="77a3ddf9-8f67-4b20-aeb8-02ab9f2decaf" />
      <TestMethod codeBase="C:/Users/SuprDewd/Desktop/Projects/Forritun/SharpBag/SharpBag.Tests01/bin/Release/SharpBag.Tests.DLL" adapterTypeName="Microsoft.VisualStudio.TestTools.TestTypes.Unit.UnitTestAdapter, Microsoft.VisualStudio.QualityTools.Tips.UnitTest.Adapter, Version=10.0.0.0, Culture=neutral, PublicKeyToken=b03f5f7f11d50a3a" className="SharpBag.ExtensionsTest, SharpBag.Tests, Version=0.0.0.0, Culture=neutral, PublicKeyToken=null" name="To02632" />
    </UnitTest>
    <UnitTest name="NullOrThrowsContractException472" storage="c:\users\suprdewd\desktop\projects\forritun\sharpbag\sharpbag.tests01\bin\release\sharpbag.tests.dll" id="2ff335b0-14c8-89c8-7e7b-05ade8625c3d">
      <Execution id="3dd42a6e-6b1c-4aba-ada3-c599e4a03dd8" />
      <TestMethod codeBase="C:/Users/SuprDewd/Desktop/Projects/Forritun/SharpBag/SharpBag.Tests01/bin/Release/SharpBag.Tests.DLL" adapterTypeName="Microsoft.VisualStudio.TestTools.TestTypes.Unit.UnitTestAdapter, Microsoft.VisualStudio.QualityTools.Tips.UnitTest.Adapter, Version=10.0.0.0, Culture=neutral, PublicKeyToken=b03f5f7f11d50a3a" className="SharpBag.ExtensionsTest, SharpBag.Tests, Version=0.0.0.0, Culture=neutral, PublicKeyToken=null" name="NullOrThrowsContractException472" />
    </UnitTest>
    <UnitTest name="As21507" storage="c:\users\suprdewd\desktop\projects\forritun\sharpbag\sharpbag.tests01\bin\release\sharpbag.tests.dll" id="1a1204f8-80dc-63b9-41bb-196d59b5bd9c">
      <Execution id="1ec25c49-0d08-421f-b50c-397c4f6536be" />
      <TestMethod codeBase="C:/Users/SuprDewd/Desktop/Projects/Forritun/SharpBag/SharpBag.Tests01/bin/Release/SharpBag.Tests.DLL" adapterTypeName="Microsoft.VisualStudio.TestTools.TestTypes.Unit.UnitTestAdapter, Microsoft.VisualStudio.QualityTools.Tips.UnitTest.Adapter, Version=10.0.0.0, Culture=neutral, PublicKeyToken=b03f5f7f11d50a3a" className="SharpBag.ExtensionsTest, SharpBag.Tests, Version=0.0.0.0, Culture=neutral, PublicKeyToken=null" name="As21507" />
    </UnitTest>
    <UnitTest name="Execute53301" storage="c:\users\suprdewd\desktop\projects\forritun\sharpbag\sharpbag.tests01\bin\release\sharpbag.tests.dll" id="25d5b35a-db1f-e192-1a83-5fbd23003a20">
      <Execution id="72def3d4-6825-48ba-a8f3-a5568abb3713" />
      <TestMethod codeBase="C:/Users/SuprDewd/Desktop/Projects/Forritun/SharpBag/SharpBag.Tests01/bin/Release/SharpBag.Tests.DLL" adapterTypeName="Microsoft.VisualStudio.TestTools.TestTypes.Unit.UnitTestAdapter, Microsoft.VisualStudio.QualityTools.Tips.UnitTest.Adapter, Version=10.0.0.0, Culture=neutral, PublicKeyToken=b03f5f7f11d50a3a" className="SharpBag.ExtensionsTest, SharpBag.Tests, Version=0.0.0.0, Culture=neutral, PublicKeyToken=null" name="Execute53301" />
    </UnitTest>
    <UnitTest name="InvokeIfRequired01ThrowsContractException382" storage="c:\users\suprdewd\desktop\projects\forritun\sharpbag\sharpbag.tests01\bin\release\sharpbag.tests.dll" id="f56d5205-e252-235c-3244-90ee14efb3f4">
      <Execution id="74062691-b121-4e5a-877f-cb6cd271e3fb" />
      <TestMethod codeBase="C:/Users/SuprDewd/Desktop/Projects/Forritun/SharpBag/SharpBag.Tests01/bin/Release/SharpBag.Tests.DLL" adapterTypeName="Microsoft.VisualStudio.TestTools.TestTypes.Unit.UnitTestAdapter, Microsoft.VisualStudio.QualityTools.Tips.UnitTest.Adapter, Version=10.0.0.0, Culture=neutral, PublicKeyToken=b03f5f7f11d50a3a" className="SharpBag.ExtensionsTest, SharpBag.Tests, Version=0.0.0.0, Culture=neutral, PublicKeyToken=null" name="InvokeIfRequired01ThrowsContractException382" />
    </UnitTest>
    <UnitTest name="As0166002" storage="c:\users\suprdewd\desktop\projects\forritun\sharpbag\sharpbag.tests01\bin\release\sharpbag.tests.dll" id="37c5e788-97a2-ee7f-c1df-5b64dcc3fb4c">
      <Execution id="331c686e-9ea0-40a4-abf4-5aedc43b0ca1" />
      <TestMethod codeBase="C:/Users/SuprDewd/Desktop/Projects/Forritun/SharpBag/SharpBag.Tests01/bin/Release/SharpBag.Tests.DLL" adapterTypeName="Microsoft.VisualStudio.TestTools.TestTypes.Unit.UnitTestAdapter, Microsoft.VisualStudio.QualityTools.Tips.UnitTest.Adapter, Version=10.0.0.0, Culture=neutral, PublicKeyToken=b03f5f7f11d50a3a" className="SharpBag.ExtensionsTest, SharpBag.Tests, Version=0.0.0.0, Culture=neutral, PublicKeyToken=null" name="As0166002" />
    </UnitTest>
    <UnitTest name="IsNullOrEmpty839" storage="c:\users\suprdewd\desktop\projects\forritun\sharpbag\sharpbag.tests01\bin\release\sharpbag.tests.dll" id="7d85dd6d-e955-0c88-df95-d36cadd3d7ff">
      <Execution id="3af2e1c7-50f2-432c-9f09-0c7cd9534fff" />
      <TestMethod codeBase="C:/Users/SuprDewd/Desktop/Projects/Forritun/SharpBag/SharpBag.Tests01/bin/Release/SharpBag.Tests.DLL" adapterTypeName="Microsoft.VisualStudio.TestTools.TestTypes.Unit.UnitTestAdapter, Microsoft.VisualStudio.QualityTools.Tips.UnitTest.Adapter, Version=10.0.0.0, Culture=neutral, PublicKeyToken=b03f5f7f11d50a3a" className="SharpBag.ExtensionsTest, SharpBag.Tests, Version=0.0.0.0, Culture=neutral, PublicKeyToken=null" name="IsNullOrEmpty839" />
    </UnitTest>
    <UnitTest name="AsEnumerable0128304" storage="c:\users\suprdewd\desktop\projects\forritun\sharpbag\sharpbag.tests01\bin\release\sharpbag.tests.dll" id="bbe65d68-71ba-72ec-21d1-a0b54bdef612">
      <Execution id="86cc50a3-da7b-4786-96a8-7f06fa021765" />
      <TestMethod codeBase="C:/Users/SuprDewd/Desktop/Projects/Forritun/SharpBag/SharpBag.Tests01/bin/Release/SharpBag.Tests.DLL" adapterTypeName="Microsoft.VisualStudio.TestTools.TestTypes.Unit.UnitTestAdapter, Microsoft.VisualStudio.QualityTools.Tips.UnitTest.Adapter, Version=10.0.0.0, Culture=neutral, PublicKeyToken=b03f5f7f11d50a3a" className="SharpBag.ExtensionsTest, SharpBag.Tests, Version=0.0.0.0, Culture=neutral, PublicKeyToken=null" name="AsEnumerable0128304" />
    </UnitTest>
    <UnitTest name="AsEnumerable0314803" storage="c:\users\suprdewd\desktop\projects\forritun\sharpbag\sharpbag.tests01\bin\release\sharpbag.tests.dll" id="11187b04-c546-bd3e-0bbb-d3f71bff1f4f">
      <Execution id="264a5bda-200e-413a-890e-2d0d60bd03fa" />
      <TestMethod codeBase="C:/Users/SuprDewd/Desktop/Projects/Forritun/SharpBag/SharpBag.Tests01/bin/Release/SharpBag.Tests.DLL" adapterTypeName="Microsoft.VisualStudio.TestTools.TestTypes.Unit.UnitTestAdapter, Microsoft.VisualStudio.QualityTools.Tips.UnitTest.Adapter, Version=10.0.0.0, Culture=neutral, PublicKeyToken=b03f5f7f11d50a3a" className="SharpBag.ExtensionsTest, SharpBag.Tests, Version=0.0.0.0, Culture=neutral, PublicKeyToken=null" name="AsEnumerable0314803" />
    </UnitTest>
    <UnitTest name="Range377" storage="c:\users\suprdewd\desktop\projects\forritun\sharpbag\sharpbag.tests01\bin\release\sharpbag.tests.dll" id="567a07ee-04bb-68f0-b054-7c3ac20e04d0">
      <Execution id="482334f1-5cb7-4d98-8609-7f4a4aafdf10" />
      <TestMethod codeBase="C:/Users/SuprDewd/Desktop/Projects/Forritun/SharpBag/SharpBag.Tests01/bin/Release/SharpBag.Tests.DLL" adapterTypeName="Microsoft.VisualStudio.TestTools.TestTypes.Unit.UnitTestAdapter, Microsoft.VisualStudio.QualityTools.Tips.UnitTest.Adapter, Version=10.0.0.0, Culture=neutral, PublicKeyToken=b03f5f7f11d50a3a" className="SharpBag.ExtensionsTest, SharpBag.Tests, Version=0.0.0.0, Culture=neutral, PublicKeyToken=null" name="Range377" />
    </UnitTest>
    <UnitTest name="AsEnumerable03ThrowsContractException289" storage="c:\users\suprdewd\desktop\projects\forritun\sharpbag\sharpbag.tests01\bin\release\sharpbag.tests.dll" id="8e9dd2cf-ab74-a19e-4fae-41caa637e0ed">
      <Execution id="19f86857-3dca-4e76-9ccb-8b3d5cfabd08" />
      <TestMethod codeBase="C:/Users/SuprDewd/Desktop/Projects/Forritun/SharpBag/SharpBag.Tests01/bin/Release/SharpBag.Tests.DLL" adapterTypeName="Microsoft.VisualStudio.TestTools.TestTypes.Unit.UnitTestAdapter, Microsoft.VisualStudio.QualityTools.Tips.UnitTest.Adapter, Version=10.0.0.0, Culture=neutral, PublicKeyToken=b03f5f7f11d50a3a" className="SharpBag.ExtensionsTest, SharpBag.Tests, Version=0.0.0.0, Culture=neutral, PublicKeyToken=null" name="AsEnumerable03ThrowsContractException289" />
    </UnitTest>
    <UnitTest name="As21504" storage="c:\users\suprdewd\desktop\projects\forritun\sharpbag\sharpbag.tests01\bin\release\sharpbag.tests.dll" id="b99ec452-b626-078c-5efb-2041d6f255c4">
      <Execution id="c4d0ea2b-faad-4b06-9f98-b63e35250e61" />
      <TestMethod codeBase="C:/Users/SuprDewd/Desktop/Projects/Forritun/SharpBag/SharpBag.Tests01/bin/Release/SharpBag.Tests.DLL" adapterTypeName="Microsoft.VisualStudio.TestTools.TestTypes.Unit.UnitTestAdapter, Microsoft.VisualStudio.QualityTools.Tips.UnitTest.Adapter, Version=10.0.0.0, Culture=neutral, PublicKeyToken=b03f5f7f11d50a3a" className="SharpBag.ExtensionsTest, SharpBag.Tests, Version=0.0.0.0, Culture=neutral, PublicKeyToken=null" name="As21504" />
    </UnitTest>
    <UnitTest name="Subarray305" storage="c:\users\suprdewd\desktop\projects\forritun\sharpbag\sharpbag.tests01\bin\release\sharpbag.tests.dll" id="644c941d-d40b-5655-7852-107ffef9acae">
      <Execution id="1e9506a9-4f1e-43bd-b4ac-5d853dcb8750" />
      <TestMethod codeBase="C:/Users/SuprDewd/Desktop/Projects/Forritun/SharpBag/SharpBag.Tests01/bin/Release/SharpBag.Tests.DLL" adapterTypeName="Microsoft.VisualStudio.TestTools.TestTypes.Unit.UnitTestAdapter, Microsoft.VisualStudio.QualityTools.Tips.UnitTest.Adapter, Version=10.0.0.0, Culture=neutral, PublicKeyToken=b03f5f7f11d50a3a" className="SharpBag.ExtensionsTest, SharpBag.Tests, Version=0.0.0.0, Culture=neutral, PublicKeyToken=null" name="Subarray305" />
    </UnitTest>
    <UnitTest name="IsInThrowsContractException285" storage="c:\users\suprdewd\desktop\projects\forritun\sharpbag\sharpbag.tests01\bin\release\sharpbag.tests.dll" id="ad25e31e-4a53-f08b-b3bd-cfdcb07226a0">
      <Execution id="beb8ac2c-9d2a-4295-9c76-ba82c79aee7d" />
      <TestMethod codeBase="C:/Users/SuprDewd/Desktop/Projects/Forritun/SharpBag/SharpBag.Tests01/bin/Release/SharpBag.Tests.DLL" adapterTypeName="Microsoft.VisualStudio.TestTools.TestTypes.Unit.UnitTestAdapter, Microsoft.VisualStudio.QualityTools.Tips.UnitTest.Adapter, Version=10.0.0.0, Culture=neutral, PublicKeyToken=b03f5f7f11d50a3a" className="SharpBag.ExtensionsTest, SharpBag.Tests, Version=0.0.0.0, Culture=neutral, PublicKeyToken=null" name="IsInThrowsContractException285" />
    </UnitTest>
    <UnitTest name="As0130304" storage="c:\users\suprdewd\desktop\projects\forritun\sharpbag\sharpbag.tests01\bin\release\sharpbag.tests.dll" id="3c1d094b-ca29-adfc-cfcd-77289a3cce3f">
      <Execution id="09e3476e-1c60-405c-b9f6-768785ec421f" />
      <TestMethod codeBase="C:/Users/SuprDewd/Desktop/Projects/Forritun/SharpBag/SharpBag.Tests01/bin/Release/SharpBag.Tests.DLL" adapterTypeName="Microsoft.VisualStudio.TestTools.TestTypes.Unit.UnitTestAdapter, Microsoft.VisualStudio.QualityTools.Tips.UnitTest.Adapter, Version=10.0.0.0, Culture=neutral, PublicKeyToken=b03f5f7f11d50a3a" className="SharpBag.ExtensionsTest, SharpBag.Tests, Version=0.0.0.0, Culture=neutral, PublicKeyToken=null" name="As0130304" />
    </UnitTest>
    <UnitTest name="Random575" storage="c:\users\suprdewd\desktop\projects\forritun\sharpbag\sharpbag.tests01\bin\release\sharpbag.tests.dll" id="2cb985a5-30e0-1631-ebdb-14215fcd5267">
      <Execution id="1b22087b-6adf-4bec-9e73-bfb287ebbb11" />
      <TestMethod codeBase="C:/Users/SuprDewd/Desktop/Projects/Forritun/SharpBag/SharpBag.Tests01/bin/Release/SharpBag.Tests.DLL" adapterTypeName="Microsoft.VisualStudio.TestTools.TestTypes.Unit.UnitTestAdapter, Microsoft.VisualStudio.QualityTools.Tips.UnitTest.Adapter, Version=10.0.0.0, Culture=neutral, PublicKeyToken=b03f5f7f11d50a3a" className="SharpBag.ExtensionsTest, SharpBag.Tests, Version=0.0.0.0, Culture=neutral, PublicKeyToken=null" name="Random575" />
    </UnitTest>
    <UnitTest name="To0488601" storage="c:\users\suprdewd\desktop\projects\forritun\sharpbag\sharpbag.tests01\bin\release\sharpbag.tests.dll" id="bd00057e-88b2-1e9c-846b-ed190ddc5717">
      <Execution id="e5e82def-1b28-480b-95c8-4c8058389907" />
      <TestMethod codeBase="C:/Users/SuprDewd/Desktop/Projects/Forritun/SharpBag/SharpBag.Tests01/bin/Release/SharpBag.Tests.DLL" adapterTypeName="Microsoft.VisualStudio.TestTools.TestTypes.Unit.UnitTestAdapter, Microsoft.VisualStudio.QualityTools.Tips.UnitTest.Adapter, Version=10.0.0.0, Culture=neutral, PublicKeyToken=b03f5f7f11d50a3a" className="SharpBag.ExtensionsTest, SharpBag.Tests, Version=0.0.0.0, Culture=neutral, PublicKeyToken=null" name="To0488601" />
    </UnitTest>
    <UnitTest name="AsEnumerable0128303" storage="c:\users\suprdewd\desktop\projects\forritun\sharpbag\sharpbag.tests01\bin\release\sharpbag.tests.dll" id="c441e89e-f895-2b6d-e75c-6ac07c647d62">
      <Execution id="6991e43f-f0b7-4837-9922-571c4202f58c" />
      <TestMethod codeBase="C:/Users/SuprDewd/Desktop/Projects/Forritun/SharpBag/SharpBag.Tests01/bin/Release/SharpBag.Tests.DLL" adapterTypeName="Microsoft.VisualStudio.TestTools.TestTypes.Unit.UnitTestAdapter, Microsoft.VisualStudio.QualityTools.Tips.UnitTest.Adapter, Version=10.0.0.0, Culture=neutral, PublicKeyToken=b03f5f7f11d50a3a" className="SharpBag.ExtensionsTest, SharpBag.Tests, Version=0.0.0.0, Culture=neutral, PublicKeyToken=null" name="AsEnumerable0128303" />
    </UnitTest>
    <UnitTest name="Fill0157102" storage="c:\users\suprdewd\desktop\projects\forritun\sharpbag\sharpbag.tests01\bin\release\sharpbag.tests.dll" id="80003646-df99-feba-93b2-6a809b884bf6">
      <Execution id="6d890517-72d1-4608-a628-300771096b59" />
      <TestMethod codeBase="C:/Users/SuprDewd/Desktop/Projects/Forritun/SharpBag/SharpBag.Tests01/bin/Release/SharpBag.Tests.DLL" adapterTypeName="Microsoft.VisualStudio.TestTools.TestTypes.Unit.UnitTestAdapter, Microsoft.VisualStudio.QualityTools.Tips.UnitTest.Adapter, Version=10.0.0.0, Culture=neutral, PublicKeyToken=b03f5f7f11d50a3a" className="SharpBag.ExtensionsTest, SharpBag.Tests, Version=0.0.0.0, Culture=neutral, PublicKeyToken=null" name="Fill0157102" />
    </UnitTest>
    <UnitTest name="As0163212" storage="c:\users\suprdewd\desktop\projects\forritun\sharpbag\sharpbag.tests01\bin\release\sharpbag.tests.dll" id="dc08494a-5655-aecb-96fc-b52817050a2a">
      <Execution id="b40dfb02-c0b2-44e4-a491-b0b12c36b716" />
      <TestMethod codeBase="C:/Users/SuprDewd/Desktop/Projects/Forritun/SharpBag/SharpBag.Tests01/bin/Release/SharpBag.Tests.DLL" adapterTypeName="Microsoft.VisualStudio.TestTools.TestTypes.Unit.UnitTestAdapter, Microsoft.VisualStudio.QualityTools.Tips.UnitTest.Adapter, Version=10.0.0.0, Culture=neutral, PublicKeyToken=b03f5f7f11d50a3a" className="SharpBag.ExtensionsTest, SharpBag.Tests, Version=0.0.0.0, Culture=neutral, PublicKeyToken=null" name="As0163212" />
    </UnitTest>
    <UnitTest name="UnionAll13601" storage="c:\users\suprdewd\desktop\projects\forritun\sharpbag\sharpbag.tests01\bin\release\sharpbag.tests.dll" id="382ae704-dd0b-2259-d31c-dfbfb69a1305">
      <Execution id="b35ab5d8-18a5-40d1-994b-c084f695722c" />
      <TestMethod codeBase="C:/Users/SuprDewd/Desktop/Projects/Forritun/SharpBag/SharpBag.Tests01/bin/Release/SharpBag.Tests.DLL" adapterTypeName="Microsoft.VisualStudio.TestTools.TestTypes.Unit.UnitTestAdapter, Microsoft.VisualStudio.QualityTools.Tips.UnitTest.Adapter, Version=10.0.0.0, Culture=neutral, PublicKeyToken=b03f5f7f11d50a3a" className="SharpBag.ExtensionsTest, SharpBag.Tests, Version=0.0.0.0, Culture=neutral, PublicKeyToken=null" name="UnionAll13601" />
    </UnitTest>
    <UnitTest name="ShuffleThrowsContractException285" storage="c:\users\suprdewd\desktop\projects\forritun\sharpbag\sharpbag.tests01\bin\release\sharpbag.tests.dll" id="a8ed7a3a-0e05-4105-ece6-4d106523c6c6">
      <Execution id="7b2c0dc6-32dc-45c2-a283-d5ed1e3555ba" />
      <TestMethod codeBase="C:/Users/SuprDewd/Desktop/Projects/Forritun/SharpBag/SharpBag.Tests01/bin/Release/SharpBag.Tests.DLL" adapterTypeName="Microsoft.VisualStudio.TestTools.TestTypes.Unit.UnitTestAdapter, Microsoft.VisualStudio.QualityTools.Tips.UnitTest.Adapter, Version=10.0.0.0, Culture=neutral, PublicKeyToken=b03f5f7f11d50a3a" className="SharpBag.ExtensionsTest, SharpBag.Tests, Version=0.0.0.0, Culture=neutral, PublicKeyToken=null" name="ShuffleThrowsContractException285" />
    </UnitTest>
    <UnitTest name="Fill68801" storage="c:\users\suprdewd\desktop\projects\forritun\sharpbag\sharpbag.tests01\bin\release\sharpbag.tests.dll" id="236dd585-9363-168d-3729-7ab007ad8692">
      <Execution id="fcb48002-237e-44ce-9948-73b18cfa26bd" />
      <TestMethod codeBase="C:/Users/SuprDewd/Desktop/Projects/Forritun/SharpBag/SharpBag.Tests01/bin/Release/SharpBag.Tests.DLL" adapterTypeName="Microsoft.VisualStudio.TestTools.TestTypes.Unit.UnitTestAdapter, Microsoft.VisualStudio.QualityTools.Tips.UnitTest.Adapter, Version=10.0.0.0, Culture=neutral, PublicKeyToken=b03f5f7f11d50a3a" className="SharpBag.ExtensionsTest, SharpBag.Tests, Version=0.0.0.0, Culture=neutral, PublicKeyToken=null" name="Fill68801" />
    </UnitTest>
    <UnitTest name="IterThrowsContractException889" storage="c:\users\suprdewd\desktop\projects\forritun\sharpbag\sharpbag.tests01\bin\release\sharpbag.tests.dll" id="7b6ad291-8507-bfdb-b921-bf2c15c5fff5">
      <Execution id="322adcb0-fd5f-4e3c-be67-753cf1caa3cc" />
      <TestMethod codeBase="C:/Users/SuprDewd/Desktop/Projects/Forritun/SharpBag/SharpBag.Tests01/bin/Release/SharpBag.Tests.DLL" adapterTypeName="Microsoft.VisualStudio.TestTools.TestTypes.Unit.UnitTestAdapter, Microsoft.VisualStudio.QualityTools.Tips.UnitTest.Adapter, Version=10.0.0.0, Culture=neutral, PublicKeyToken=b03f5f7f11d50a3a" className="SharpBag.ExtensionsTest, SharpBag.Tests, Version=0.0.0.0, Culture=neutral, PublicKeyToken=null" name="IterThrowsContractException889" />
    </UnitTest>
    <UnitTest name="As29401" storage="c:\users\suprdewd\desktop\projects\forritun\sharpbag\sharpbag.tests01\bin\release\sharpbag.tests.dll" id="9b2baef8-8cea-f431-96b6-95e1ddfaf4a9">
      <Execution id="17493753-0589-4914-bd4d-449d5f7a3f4e" />
      <TestMethod codeBase="C:/Users/SuprDewd/Desktop/Projects/Forritun/SharpBag/SharpBag.Tests01/bin/Release/SharpBag.Tests.DLL" adapterTypeName="Microsoft.VisualStudio.TestTools.TestTypes.Unit.UnitTestAdapter, Microsoft.VisualStudio.QualityTools.Tips.UnitTest.Adapter, Version=10.0.0.0, Culture=neutral, PublicKeyToken=b03f5f7f11d50a3a" className="SharpBag.ExtensionsTest, SharpBag.Tests, Version=0.0.0.0, Culture=neutral, PublicKeyToken=null" name="As29401" />
    </UnitTest>
    <UnitTest name="ForEach90802" storage="c:\users\suprdewd\desktop\projects\forritun\sharpbag\sharpbag.tests01\bin\release\sharpbag.tests.dll" id="1903a639-b5d9-1b4f-9c30-0405b15e8f12">
      <Execution id="fa5140f5-c144-4ead-b064-9fa4dd747288" />
      <TestMethod codeBase="C:/Users/SuprDewd/Desktop/Projects/Forritun/SharpBag/SharpBag.Tests01/bin/Release/SharpBag.Tests.DLL" adapterTypeName="Microsoft.VisualStudio.TestTools.TestTypes.Unit.UnitTestAdapter, Microsoft.VisualStudio.QualityTools.Tips.UnitTest.Adapter, Version=10.0.0.0, Culture=neutral, PublicKeyToken=b03f5f7f11d50a3a" className="SharpBag.ExtensionsTest, SharpBag.Tests, Version=0.0.0.0, Culture=neutral, PublicKeyToken=null" name="ForEach90802" />
    </UnitTest>
    <UnitTest name="Fill105" storage="c:\users\suprdewd\desktop\projects\forritun\sharpbag\sharpbag.tests01\bin\release\sharpbag.tests.dll" id="a51caca7-6a0e-8bea-fb89-3104ddb0e38a">
      <Execution id="d5885fce-5b59-4349-ac13-c31b4a195466" />
      <TestMethod codeBase="C:/Users/SuprDewd/Desktop/Projects/Forritun/SharpBag/SharpBag.Tests01/bin/Release/SharpBag.Tests.DLL" adapterTypeName="Microsoft.VisualStudio.TestTools.TestTypes.Unit.UnitTestAdapter, Microsoft.VisualStudio.QualityTools.Tips.UnitTest.Adapter, Version=10.0.0.0, Culture=neutral, PublicKeyToken=b03f5f7f11d50a3a" className="SharpBag.ExtensionsTest, SharpBag.Tests, Version=0.0.0.0, Culture=neutral, PublicKeyToken=null" name="Fill105" />
    </UnitTest>
    <UnitTest name="IfNotNull0192303" storage="c:\users\suprdewd\desktop\projects\forritun\sharpbag\sharpbag.tests01\bin\release\sharpbag.tests.dll" id="71a360e3-d81d-a30a-382f-721ef096f5b1">
      <Execution id="8a7a608a-683f-4c6d-bf3e-e292a271e765" />
      <TestMethod codeBase="C:/Users/SuprDewd/Desktop/Projects/Forritun/SharpBag/SharpBag.Tests01/bin/Release/SharpBag.Tests.DLL" adapterTypeName="Microsoft.VisualStudio.TestTools.TestTypes.Unit.UnitTestAdapter, Microsoft.VisualStudio.QualityTools.Tips.UnitTest.Adapter, Version=10.0.0.0, Culture=neutral, PublicKeyToken=b03f5f7f11d50a3a" className="SharpBag.ExtensionsTest, SharpBag.Tests, Version=0.0.0.0, Culture=neutral, PublicKeyToken=null" name="IfNotNull0192303" />
    </UnitTest>
    <UnitTest name="GetByPercentThrowsIndexOutOfRangeException858" storage="c:\users\suprdewd\desktop\projects\forritun\sharpbag\sharpbag.tests01\bin\release\sharpbag.tests.dll" id="16bc510b-963f-30e5-6517-13389edd4fdc">
      <Execution id="8b457a30-6233-4878-8da6-5cbb9767b07a" />
      <TestMethod codeBase="C:/Users/SuprDewd/Desktop/Projects/Forritun/SharpBag/SharpBag.Tests01/bin/Release/SharpBag.Tests.DLL" adapterTypeName="Microsoft.VisualStudio.TestTools.TestTypes.Unit.UnitTestAdapter, Microsoft.VisualStudio.QualityTools.Tips.UnitTest.Adapter, Version=10.0.0.0, Culture=neutral, PublicKeyToken=b03f5f7f11d50a3a" className="SharpBag.ExtensionsTest, SharpBag.Tests, Version=0.0.0.0, Culture=neutral, PublicKeyToken=null" name="GetByPercentThrowsIndexOutOfRangeException858" />
    </UnitTest>
    <UnitTest name="IsNullOrEmpty177" storage="c:\users\suprdewd\desktop\projects\forritun\sharpbag\sharpbag.tests01\bin\release\sharpbag.tests.dll" id="14e07649-4bb1-965c-d352-f5e6a62d38fd">
      <Execution id="0e3ad9b7-d600-483c-b6fe-5043e0bbabad" />
      <TestMethod codeBase="C:/Users/SuprDewd/Desktop/Projects/Forritun/SharpBag/SharpBag.Tests01/bin/Release/SharpBag.Tests.DLL" adapterTypeName="Microsoft.VisualStudio.TestTools.TestTypes.Unit.UnitTestAdapter, Microsoft.VisualStudio.QualityTools.Tips.UnitTest.Adapter, Version=10.0.0.0, Culture=neutral, PublicKeyToken=b03f5f7f11d50a3a" className="SharpBag.ExtensionsTest, SharpBag.Tests, Version=0.0.0.0, Culture=neutral, PublicKeyToken=null" name="IsNullOrEmpty177" />
    </UnitTest>
    <UnitTest name="TakeEvery57301" storage="c:\users\suprdewd\desktop\projects\forritun\sharpbag\sharpbag.tests01\bin\release\sharpbag.tests.dll" id="3febe6f3-67ab-23b3-dd85-d4b7c1206b0c">
      <Execution id="7d35f364-6095-4c93-b531-5cfc9a8dddf8" />
      <TestMethod codeBase="C:/Users/SuprDewd/Desktop/Projects/Forritun/SharpBag/SharpBag.Tests01/bin/Release/SharpBag.Tests.DLL" adapterTypeName="Microsoft.VisualStudio.TestTools.TestTypes.Unit.UnitTestAdapter, Microsoft.VisualStudio.QualityTools.Tips.UnitTest.Adapter, Version=10.0.0.0, Culture=neutral, PublicKeyToken=b03f5f7f11d50a3a" className="SharpBag.ExtensionsTest, SharpBag.Tests, Version=0.0.0.0, Culture=neutral, PublicKeyToken=null" name="TakeEvery57301" />
    </UnitTest>
    <UnitTest name="As0163235" storage="c:\users\suprdewd\desktop\projects\forritun\sharpbag\sharpbag.tests01\bin\release\sharpbag.tests.dll" id="c0b049d8-5af1-212d-f646-b9a7aa76e7aa">
      <Execution id="d76e929b-9a4e-4caf-81f7-0e807b18c5a4" />
      <TestMethod codeBase="C:/Users/SuprDewd/Desktop/Projects/Forritun/SharpBag/SharpBag.Tests01/bin/Release/SharpBag.Tests.DLL" adapterTypeName="Microsoft.VisualStudio.TestTools.TestTypes.Unit.UnitTestAdapter, Microsoft.VisualStudio.QualityTools.Tips.UnitTest.Adapter, Version=10.0.0.0, Culture=neutral, PublicKeyToken=b03f5f7f11d50a3a" className="SharpBag.ExtensionsTest, SharpBag.Tests, Version=0.0.0.0, Culture=neutral, PublicKeyToken=null" name="As0163235" />
    </UnitTest>
    <UnitTest name="GetEnumerator203" storage="c:\users\suprdewd\desktop\projects\forritun\sharpbag\sharpbag.tests01\bin\release\sharpbag.tests.dll" id="7931ef47-8391-bf76-37f8-dd781a05ed84">
      <Execution id="1296ae29-0a17-42ed-af0c-c314f231c003" />
      <TestMethod codeBase="C:/Users/SuprDewd/Desktop/Projects/Forritun/SharpBag/SharpBag.Tests01/bin/Release/SharpBag.Tests.DLL" adapterTypeName="Microsoft.VisualStudio.TestTools.TestTypes.Unit.UnitTestAdapter, Microsoft.VisualStudio.QualityTools.Tips.UnitTest.Adapter, Version=10.0.0.0, Culture=neutral, PublicKeyToken=b03f5f7f11d50a3a" className="SharpBag.Algorithms.PriorityQueueTTest, SharpBag.Tests, Version=0.0.0.0, Culture=neutral, PublicKeyToken=null" name="GetEnumerator203" />
    </UnitTest>
    <UnitTest name="AsEnumerable56004" storage="c:\users\suprdewd\desktop\projects\forritun\sharpbag\sharpbag.tests01\bin\release\sharpbag.tests.dll" id="9611d5ba-c78e-b7b6-592f-64194d91b456">
      <Execution id="40d8aac3-e338-48cb-bf28-5e3ae4e61bbe" />
      <TestMethod codeBase="C:/Users/SuprDewd/Desktop/Projects/Forritun/SharpBag/SharpBag.Tests01/bin/Release/SharpBag.Tests.DLL" adapterTypeName="Microsoft.VisualStudio.TestTools.TestTypes.Unit.UnitTestAdapter, Microsoft.VisualStudio.QualityTools.Tips.UnitTest.Adapter, Version=10.0.0.0, Culture=neutral, PublicKeyToken=b03f5f7f11d50a3a" className="SharpBag.ExtensionsTest, SharpBag.Tests, Version=0.0.0.0, Culture=neutral, PublicKeyToken=null" name="AsEnumerable56004" />
    </UnitTest>
    <UnitTest name="As0198302" storage="c:\users\suprdewd\desktop\projects\forritun\sharpbag\sharpbag.tests01\bin\release\sharpbag.tests.dll" id="31751606-0e00-3ddd-298e-e7c2d6c445a2">
      <Execution id="5da7dc9b-59e8-4d6f-a19f-17cc65a2d135" />
      <TestMethod codeBase="C:/Users/SuprDewd/Desktop/Projects/Forritun/SharpBag/SharpBag.Tests01/bin/Release/SharpBag.Tests.DLL" adapterTypeName="Microsoft.VisualStudio.TestTools.TestTypes.Unit.UnitTestAdapter, Microsoft.VisualStudio.QualityTools.Tips.UnitTest.Adapter, Version=10.0.0.0, Culture=neutral, PublicKeyToken=b03f5f7f11d50a3a" className="SharpBag.ExtensionsTest, SharpBag.Tests, Version=0.0.0.0, Culture=neutral, PublicKeyToken=null" name="As0198302" />
    </UnitTest>
    <UnitTest name="RangeThrowsContractException560" storage="c:\users\suprdewd\desktop\projects\forritun\sharpbag\sharpbag.tests01\bin\release\sharpbag.tests.dll" id="22b3bc9e-2d91-4747-086b-d415be2c5776">
      <Execution id="5e3cb91a-d710-408f-a7fc-3382cc104ba8" />
      <TestMethod codeBase="C:/Users/SuprDewd/Desktop/Projects/Forritun/SharpBag/SharpBag.Tests01/bin/Release/SharpBag.Tests.DLL" adapterTypeName="Microsoft.VisualStudio.TestTools.TestTypes.Unit.UnitTestAdapter, Microsoft.VisualStudio.QualityTools.Tips.UnitTest.Adapter, Version=10.0.0.0, Culture=neutral, PublicKeyToken=b03f5f7f11d50a3a" className="SharpBag.ExtensionsTest, SharpBag.Tests, Version=0.0.0.0, Culture=neutral, PublicKeyToken=null" name="RangeThrowsContractException560" />
    </UnitTest>
    <UnitTest name="Is373" storage="c:\users\suprdewd\desktop\projects\forritun\sharpbag\sharpbag.tests01\bin\release\sharpbag.tests.dll" id="767e3845-1b47-6225-c38c-e6345e12262a">
      <Execution id="14b37480-f3ee-406f-bb89-ec8dca118e32" />
      <TestMethod codeBase="C:/Users/SuprDewd/Desktop/Projects/Forritun/SharpBag/SharpBag.Tests01/bin/Release/SharpBag.Tests.DLL" adapterTypeName="Microsoft.VisualStudio.TestTools.TestTypes.Unit.UnitTestAdapter, Microsoft.VisualStudio.QualityTools.Tips.UnitTest.Adapter, Version=10.0.0.0, Culture=neutral, PublicKeyToken=b03f5f7f11d50a3a" className="SharpBag.ExtensionsTest, SharpBag.Tests, Version=0.0.0.0, Culture=neutral, PublicKeyToken=null" name="Is373" />
    </UnitTest>
    <UnitTest name="IfNotNull47701" storage="c:\users\suprdewd\desktop\projects\forritun\sharpbag\sharpbag.tests01\bin\release\sharpbag.tests.dll" id="69d4fcec-3787-b518-9138-fc65c3d09ecc">
      <Execution id="087964f7-4138-493e-8b9b-f7a6f8e16cfe" />
      <TestMethod codeBase="C:/Users/SuprDewd/Desktop/Projects/Forritun/SharpBag/SharpBag.Tests01/bin/Release/SharpBag.Tests.DLL" adapterTypeName="Microsoft.VisualStudio.TestTools.TestTypes.Unit.UnitTestAdapter, Microsoft.VisualStudio.QualityTools.Tips.UnitTest.Adapter, Version=10.0.0.0, Culture=neutral, PublicKeyToken=b03f5f7f11d50a3a" className="SharpBag.ExtensionsTest, SharpBag.Tests, Version=0.0.0.0, Culture=neutral, PublicKeyToken=null" name="IfNotNull47701" />
    </UnitTest>
    <UnitTest name="Subarray142" storage="c:\users\suprdewd\desktop\projects\forritun\sharpbag\sharpbag.tests01\bin\release\sharpbag.tests.dll" id="6ea29e89-2e15-126e-eecf-3f7b211c52eb">
      <Execution id="5dc98ac2-cd4e-40e9-aadc-30d9209f77fa" />
      <TestMethod codeBase="C:/Users/SuprDewd/Desktop/Projects/Forritun/SharpBag/SharpBag.Tests01/bin/Release/SharpBag.Tests.DLL" adapterTypeName="Microsoft.VisualStudio.TestTools.TestTypes.Unit.UnitTestAdapter, Microsoft.VisualStudio.QualityTools.Tips.UnitTest.Adapter, Version=10.0.0.0, Culture=neutral, PublicKeyToken=b03f5f7f11d50a3a" className="SharpBag.ExtensionsTest, SharpBag.Tests, Version=0.0.0.0, Culture=neutral, PublicKeyToken=null" name="Subarray142" />
    </UnitTest>
    <UnitTest name="IfNotNull0159701" storage="c:\users\suprdewd\desktop\projects\forritun\sharpbag\sharpbag.tests01\bin\release\sharpbag.tests.dll" id="f96aeaaa-982a-50fe-9819-4fadbbdc5555">
      <Execution id="d34c96ec-ceae-4144-84f6-10e6e1f61e62" />
      <TestMethod codeBase="C:/Users/SuprDewd/Desktop/Projects/Forritun/SharpBag/SharpBag.Tests01/bin/Release/SharpBag.Tests.DLL" adapterTypeName="Microsoft.VisualStudio.TestTools.TestTypes.Unit.UnitTestAdapter, Microsoft.VisualStudio.QualityTools.Tips.UnitTest.Adapter, Version=10.0.0.0, Culture=neutral, PublicKeyToken=b03f5f7f11d50a3a" className="SharpBag.ExtensionsTest, SharpBag.Tests, Version=0.0.0.0, Culture=neutral, PublicKeyToken=null" name="IfNotNull0159701" />
    </UnitTest>
    <UnitTest name="NullOr90702" storage="c:\users\suprdewd\desktop\projects\forritun\sharpbag\sharpbag.tests01\bin\release\sharpbag.tests.dll" id="8f214c0c-af12-b9fb-ae32-e2f0e522a10f">
      <Execution id="339dd452-9d60-4b55-926f-67ba5f3311a9" />
      <TestMethod codeBase="C:/Users/SuprDewd/Desktop/Projects/Forritun/SharpBag/SharpBag.Tests01/bin/Release/SharpBag.Tests.DLL" adapterTypeName="Microsoft.VisualStudio.TestTools.TestTypes.Unit.UnitTestAdapter, Microsoft.VisualStudio.QualityTools.Tips.UnitTest.Adapter, Version=10.0.0.0, Culture=neutral, PublicKeyToken=b03f5f7f11d50a3a" className="SharpBag.ExtensionsTest, SharpBag.Tests, Version=0.0.0.0, Culture=neutral, PublicKeyToken=null" name="NullOr90702" />
    </UnitTest>
    <UnitTest name="ForEach12503" storage="c:\users\suprdewd\desktop\projects\forritun\sharpbag\sharpbag.tests01\bin\release\sharpbag.tests.dll" id="7acd9860-9837-fbe5-5425-b774d050444a">
      <Execution id="fa3f10e5-c3e0-42cc-8efb-b10f48978317" />
      <TestMethod codeBase="C:/Users/SuprDewd/Desktop/Projects/Forritun/SharpBag/SharpBag.Tests01/bin/Release/SharpBag.Tests.DLL" adapterTypeName="Microsoft.VisualStudio.TestTools.TestTypes.Unit.UnitTestAdapter, Microsoft.VisualStudio.QualityTools.Tips.UnitTest.Adapter, Version=10.0.0.0, Culture=neutral, PublicKeyToken=b03f5f7f11d50a3a" className="SharpBag.ExtensionsTest, SharpBag.Tests, Version=0.0.0.0, Culture=neutral, PublicKeyToken=null" name="ForEach12503" />
    </UnitTest>
    <UnitTest name="ForEach12504" storage="c:\users\suprdewd\desktop\projects\forritun\sharpbag\sharpbag.tests01\bin\release\sharpbag.tests.dll" id="36c0ac7a-9f37-b952-7a17-2ad1e9132b69">
      <Execution id="2fa3f583-def6-4b80-9d1f-16cf1016f7f3" />
      <TestMethod codeBase="C:/Users/SuprDewd/Desktop/Projects/Forritun/SharpBag/SharpBag.Tests01/bin/Release/SharpBag.Tests.DLL" adapterTypeName="Microsoft.VisualStudio.TestTools.TestTypes.Unit.UnitTestAdapter, Microsoft.VisualStudio.QualityTools.Tips.UnitTest.Adapter, Version=10.0.0.0, Culture=neutral, PublicKeyToken=b03f5f7f11d50a3a" className="SharpBag.ExtensionsTest, SharpBag.Tests, Version=0.0.0.0, Culture=neutral, PublicKeyToken=null" name="ForEach12504" />
    </UnitTest>
    <UnitTest name="ItemSetThrowsArgumentOutOfRangeException209" storage="c:\users\suprdewd\desktop\projects\forritun\sharpbag\sharpbag.tests01\bin\release\sharpbag.tests.dll" id="61204312-b642-b8f4-e07a-61631489b8b3">
      <Execution id="7757c958-f4b6-496a-ba50-59de93170eb7" />
      <TestMethod codeBase="C:/Users/SuprDewd/Desktop/Projects/Forritun/SharpBag/SharpBag.Tests01/bin/Release/SharpBag.Tests.DLL" adapterTypeName="Microsoft.VisualStudio.TestTools.TestTypes.Unit.UnitTestAdapter, Microsoft.VisualStudio.QualityTools.Tips.UnitTest.Adapter, Version=10.0.0.0, Culture=neutral, PublicKeyToken=b03f5f7f11d50a3a" className="SharpBag.Algorithms.PriorityQueueTTest, SharpBag.Tests, Version=0.0.0.0, Culture=neutral, PublicKeyToken=null" name="ItemSetThrowsArgumentOutOfRangeException209" />
    </UnitTest>
    <UnitTest name="ToString01827" storage="c:\users\suprdewd\desktop\projects\forritun\sharpbag\sharpbag.tests01\bin\release\sharpbag.tests.dll" id="61f7685b-d775-dd59-8bb8-b9d96ff30e56">
      <Execution id="fa47779b-e3e7-448a-935d-b3e2a3de22d3" />
      <TestMethod codeBase="C:/Users/SuprDewd/Desktop/Projects/Forritun/SharpBag/SharpBag.Tests01/bin/Release/SharpBag.Tests.DLL" adapterTypeName="Microsoft.VisualStudio.TestTools.TestTypes.Unit.UnitTestAdapter, Microsoft.VisualStudio.QualityTools.Tips.UnitTest.Adapter, Version=10.0.0.0, Culture=neutral, PublicKeyToken=b03f5f7f11d50a3a" className="SharpBag.Algorithms.PriorityQueueItemTTest, SharpBag.Tests, Version=0.0.0.0, Culture=neutral, PublicKeyToken=null" name="ToString01827" />
    </UnitTest>
    <UnitTest name="Dequeue19" storage="c:\users\suprdewd\desktop\projects\forritun\sharpbag\sharpbag.tests01\bin\release\sharpbag.tests.dll" id="06526ef8-2c35-33d9-065a-ac58170dfa4f">
      <Execution id="53eb5cdb-8269-4ae0-9434-f82474593b42" />
      <TestMethod codeBase="C:/Users/SuprDewd/Desktop/Projects/Forritun/SharpBag/SharpBag.Tests01/bin/Release/SharpBag.Tests.DLL" adapterTypeName="Microsoft.VisualStudio.TestTools.TestTypes.Unit.UnitTestAdapter, Microsoft.VisualStudio.QualityTools.Tips.UnitTest.Adapter, Version=10.0.0.0, Culture=neutral, PublicKeyToken=b03f5f7f11d50a3a" className="SharpBag.Algorithms.PriorityQueueTTest, SharpBag.Tests, Version=0.0.0.0, Culture=neutral, PublicKeyToken=null" name="Dequeue19" />
    </UnitTest>
    <UnitTest name="As0163223" storage="c:\users\suprdewd\desktop\projects\forritun\sharpbag\sharpbag.tests01\bin\release\sharpbag.tests.dll" id="ec55615d-1e36-c752-f2bf-b20284d0ae33">
      <Execution id="6994c9ef-eda4-4d2e-996d-a06a6af8ea3a" />
      <TestMethod codeBase="C:/Users/SuprDewd/Desktop/Projects/Forritun/SharpBag/SharpBag.Tests01/bin/Release/SharpBag.Tests.DLL" adapterTypeName="Microsoft.VisualStudio.TestTools.TestTypes.Unit.UnitTestAdapter, Microsoft.VisualStudio.QualityTools.Tips.UnitTest.Adapter, Version=10.0.0.0, Culture=neutral, PublicKeyToken=b03f5f7f11d50a3a" className="SharpBag.ExtensionsTest, SharpBag.Tests, Version=0.0.0.0, Culture=neutral, PublicKeyToken=null" name="As0163223" />
    </UnitTest>
    <UnitTest name="IsIn34" storage="c:\users\suprdewd\desktop\projects\forritun\sharpbag\sharpbag.tests01\bin\release\sharpbag.tests.dll" id="6f205f53-5c1d-2d23-0592-7823ba18d3aa">
      <Execution id="dfdf698e-c2be-49ad-8e14-b961398ca48f" />
      <TestMethod codeBase="C:/Users/SuprDewd/Desktop/Projects/Forritun/SharpBag/SharpBag.Tests01/bin/Release/SharpBag.Tests.DLL" adapterTypeName="Microsoft.VisualStudio.TestTools.TestTypes.Unit.UnitTestAdapter, Microsoft.VisualStudio.QualityTools.Tips.UnitTest.Adapter, Version=10.0.0.0, Culture=neutral, PublicKeyToken=b03f5f7f11d50a3a" className="SharpBag.ExtensionsTest, SharpBag.Tests, Version=0.0.0.0, Culture=neutral, PublicKeyToken=null" name="IsIn34" />
    </UnitTest>
    <UnitTest name="ToThrowsContractException891" storage="c:\users\suprdewd\desktop\projects\forritun\sharpbag\sharpbag.tests01\bin\release\sharpbag.tests.dll" id="c75708a0-bd76-5c05-5aaa-8fcb10fd4321">
      <Execution id="3ba559e7-3ab2-4248-9903-3ff78e64cb27" />
      <TestMethod codeBase="C:/Users/SuprDewd/Desktop/Projects/Forritun/SharpBag/SharpBag.Tests01/bin/Release/SharpBag.Tests.DLL" adapterTypeName="Microsoft.VisualStudio.TestTools.TestTypes.Unit.UnitTestAdapter, Microsoft.VisualStudio.QualityTools.Tips.UnitTest.Adapter, Version=10.0.0.0, Culture=neutral, PublicKeyToken=b03f5f7f11d50a3a" className="SharpBag.ExtensionsTest, SharpBag.Tests, Version=0.0.0.0, Culture=neutral, PublicKeyToken=null" name="ToThrowsContractException891" />
    </UnitTest>
    <UnitTest name="Constructor942" storage="c:\users\suprdewd\desktop\projects\forritun\sharpbag\sharpbag.tests01\bin\release\sharpbag.tests.dll" id="6c35acfd-143f-54af-798f-44cf8c92eaa5">
      <Execution id="fba5bad2-a97c-4180-9ef0-9144e9597dc7" />
      <TestMethod codeBase="C:/Users/SuprDewd/Desktop/Projects/Forritun/SharpBag/SharpBag.Tests01/bin/Release/SharpBag.Tests.DLL" adapterTypeName="Microsoft.VisualStudio.TestTools.TestTypes.Unit.UnitTestAdapter, Microsoft.VisualStudio.QualityTools.Tips.UnitTest.Adapter, Version=10.0.0.0, Culture=neutral, PublicKeyToken=b03f5f7f11d50a3a" className="SharpBag.Algorithms.PriorityQueueItemTTest, SharpBag.Tests, Version=0.0.0.0, Culture=neutral, PublicKeyToken=null" name="Constructor942" />
    </UnitTest>
    <UnitTest name="As0166003" storage="c:\users\suprdewd\desktop\projects\forritun\sharpbag\sharpbag.tests01\bin\release\sharpbag.tests.dll" id="2c678190-6575-f47a-afde-b3eb80b1856c">
      <Execution id="580356af-74e7-486a-b588-ef3e58b35e75" />
      <TestMethod codeBase="C:/Users/SuprDewd/Desktop/Projects/Forritun/SharpBag/SharpBag.Tests01/bin/Release/SharpBag.Tests.DLL" adapterTypeName="Microsoft.VisualStudio.TestTools.TestTypes.Unit.UnitTestAdapter, Microsoft.VisualStudio.QualityTools.Tips.UnitTest.Adapter, Version=10.0.0.0, Culture=neutral, PublicKeyToken=b03f5f7f11d50a3a" className="SharpBag.ExtensionsTest, SharpBag.Tests, Version=0.0.0.0, Culture=neutral, PublicKeyToken=null" name="As0166003" />
    </UnitTest>
    <UnitTest name="ForEach90801" storage="c:\users\suprdewd\desktop\projects\forritun\sharpbag\sharpbag.tests01\bin\release\sharpbag.tests.dll" id="f51de229-4761-6e36-e9f5-2ae1d5b346f0">
      <Execution id="1e5fe333-cba2-413f-ae86-4a24eaeffeb3" />
      <TestMethod codeBase="C:/Users/SuprDewd/Desktop/Projects/Forritun/SharpBag/SharpBag.Tests01/bin/Release/SharpBag.Tests.DLL" adapterTypeName="Microsoft.VisualStudio.TestTools.TestTypes.Unit.UnitTestAdapter, Microsoft.VisualStudio.QualityTools.Tips.UnitTest.Adapter, Version=10.0.0.0, Culture=neutral, PublicKeyToken=b03f5f7f11d50a3a" className="SharpBag.ExtensionsTest, SharpBag.Tests, Version=0.0.0.0, Culture=neutral, PublicKeyToken=null" name="ForEach90801" />
    </UnitTest>
    <UnitTest name="ForEach90803" storage="c:\users\suprdewd\desktop\projects\forritun\sharpbag\sharpbag.tests01\bin\release\sharpbag.tests.dll" id="41b53b6b-04c0-c784-5da0-bab31b4fb4d7">
      <Execution id="73596c98-e4bb-4d2c-b195-b60a738b3951" />
      <TestMethod codeBase="C:/Users/SuprDewd/Desktop/Projects/Forritun/SharpBag/SharpBag.Tests01/bin/Release/SharpBag.Tests.DLL" adapterTypeName="Microsoft.VisualStudio.TestTools.TestTypes.Unit.UnitTestAdapter, Microsoft.VisualStudio.QualityTools.Tips.UnitTest.Adapter, Version=10.0.0.0, Culture=neutral, PublicKeyToken=b03f5f7f11d50a3a" className="SharpBag.ExtensionsTest, SharpBag.Tests, Version=0.0.0.0, Culture=neutral, PublicKeyToken=null" name="ForEach90803" />
    </UnitTest>
    <UnitTest name="Constructor252" storage="c:\users\suprdewd\desktop\projects\forritun\sharpbag\sharpbag.tests01\bin\release\sharpbag.tests.dll" id="31436b9b-402e-c564-d2b8-f2ac05c70517">
      <Execution id="6e8249a5-4fb0-476a-b200-7f89c16428a4" />
      <TestMethod codeBase="C:/Users/SuprDewd/Desktop/Projects/Forritun/SharpBag/SharpBag.Tests01/bin/Release/SharpBag.Tests.DLL" adapterTypeName="Microsoft.VisualStudio.TestTools.TestTypes.Unit.UnitTestAdapter, Microsoft.VisualStudio.QualityTools.Tips.UnitTest.Adapter, Version=10.0.0.0, Culture=neutral, PublicKeyToken=b03f5f7f11d50a3a" className="SharpBag.Algorithms.PriorityQueueTTest, SharpBag.Tests, Version=0.0.0.0, Culture=neutral, PublicKeyToken=null" name="Constructor252" />
    </UnitTest>
    <UnitTest name="AddThrowsContractException551" storage="c:\users\suprdewd\desktop\projects\forritun\sharpbag\sharpbag.tests01\bin\release\sharpbag.tests.dll" id="797d7b6c-0b94-436f-8cf2-1181e4378e5e">
      <Execution id="d6183bac-d627-4817-8fdb-d6e5a0c025d0" />
      <TestMethod codeBase="C:/Users/SuprDewd/Desktop/Projects/Forritun/SharpBag/SharpBag.Tests01/bin/Release/SharpBag.Tests.DLL" adapterTypeName="Microsoft.VisualStudio.TestTools.TestTypes.Unit.UnitTestAdapter, Microsoft.VisualStudio.QualityTools.Tips.UnitTest.Adapter, Version=10.0.0.0, Culture=neutral, PublicKeyToken=b03f5f7f11d50a3a" className="SharpBag.ExtensionsTest, SharpBag.Tests, Version=0.0.0.0, Culture=neutral, PublicKeyToken=null" name="AddThrowsContractException551" />
    </UnitTest>
    <UnitTest name="AsEnumerable0314804" storage="c:\users\suprdewd\desktop\projects\forritun\sharpbag\sharpbag.tests01\bin\release\sharpbag.tests.dll" id="787c2aca-5007-7e56-5e10-28020b3be468">
      <Execution id="808b415f-4238-4ae2-833c-4e9e10b659d3" />
      <TestMethod codeBase="C:/Users/SuprDewd/Desktop/Projects/Forritun/SharpBag/SharpBag.Tests01/bin/Release/SharpBag.Tests.DLL" adapterTypeName="Microsoft.VisualStudio.TestTools.TestTypes.Unit.UnitTestAdapter, Microsoft.VisualStudio.QualityTools.Tips.UnitTest.Adapter, Version=10.0.0.0, Culture=neutral, PublicKeyToken=b03f5f7f11d50a3a" className="SharpBag.ExtensionsTest, SharpBag.Tests, Version=0.0.0.0, Culture=neutral, PublicKeyToken=null" name="AsEnumerable0314804" />
    </UnitTest>
    <UnitTest name="As0130302" storage="c:\users\suprdewd\desktop\projects\forritun\sharpbag\sharpbag.tests01\bin\release\sharpbag.tests.dll" id="bf4b4d8f-a9c5-278f-9d0c-4140566dfe7e">
      <Execution id="2531ae4f-984a-43ce-91ff-23c7f45db61a" />
      <TestMethod codeBase="C:/Users/SuprDewd/Desktop/Projects/Forritun/SharpBag/SharpBag.Tests01/bin/Release/SharpBag.Tests.DLL" adapterTypeName="Microsoft.VisualStudio.TestTools.TestTypes.Unit.UnitTestAdapter, Microsoft.VisualStudio.QualityTools.Tips.UnitTest.Adapter, Version=10.0.0.0, Culture=neutral, PublicKeyToken=b03f5f7f11d50a3a" className="SharpBag.ExtensionsTest, SharpBag.Tests, Version=0.0.0.0, Culture=neutral, PublicKeyToken=null" name="As0130302" />
    </UnitTest>
    <UnitTest name="UnionAll0135501" storage="c:\users\suprdewd\desktop\projects\forritun\sharpbag\sharpbag.tests01\bin\release\sharpbag.tests.dll" id="640310df-d648-7294-c434-32af677c30c3">
      <Execution id="d05eb318-c628-46d4-adad-c386946603f7" />
      <TestMethod codeBase="C:/Users/SuprDewd/Desktop/Projects/Forritun/SharpBag/SharpBag.Tests01/bin/Release/SharpBag.Tests.DLL" adapterTypeName="Microsoft.VisualStudio.TestTools.TestTypes.Unit.UnitTestAdapter, Microsoft.VisualStudio.QualityTools.Tips.UnitTest.Adapter, Version=10.0.0.0, Culture=neutral, PublicKeyToken=b03f5f7f11d50a3a" className="SharpBag.ExtensionsTest, SharpBag.Tests, Version=0.0.0.0, Culture=neutral, PublicKeyToken=null" name="UnionAll0135501" />
    </UnitTest>
    <UnitTest name="ContainsArrayThrowsContractException154" storage="c:\users\suprdewd\desktop\projects\forritun\sharpbag\sharpbag.tests01\bin\release\sharpbag.tests.dll" id="0f9431a7-c4c3-1aca-912d-ce2c11b0e97d">
      <Execution id="b8db62a4-2b6d-46bb-b7ae-bffe297862bf" />
      <TestMethod codeBase="C:/Users/SuprDewd/Desktop/Projects/Forritun/SharpBag/SharpBag.Tests01/bin/Release/SharpBag.Tests.DLL" adapterTypeName="Microsoft.VisualStudio.TestTools.TestTypes.Unit.UnitTestAdapter, Microsoft.VisualStudio.QualityTools.Tips.UnitTest.Adapter, Version=10.0.0.0, Culture=neutral, PublicKeyToken=b03f5f7f11d50a3a" className="SharpBag.ExtensionsTest, SharpBag.Tests, Version=0.0.0.0, Culture=neutral, PublicKeyToken=null" name="ContainsArrayThrowsContractException154" />
    </UnitTest>
    <UnitTest name="As0163213" storage="c:\users\suprdewd\desktop\projects\forritun\sharpbag\sharpbag.tests01\bin\release\sharpbag.tests.dll" id="2e9abde5-72f2-18f2-ec62-8da36318a8ed">
      <Execution id="edb3864f-7d63-4f02-a749-2232765cb963" />
      <TestMethod codeBase="C:/Users/SuprDewd/Desktop/Projects/Forritun/SharpBag/SharpBag.Tests01/bin/Release/SharpBag.Tests.DLL" adapterTypeName="Microsoft.VisualStudio.TestTools.TestTypes.Unit.UnitTestAdapter, Microsoft.VisualStudio.QualityTools.Tips.UnitTest.Adapter, Version=10.0.0.0, Culture=neutral, PublicKeyToken=b03f5f7f11d50a3a" className="SharpBag.ExtensionsTest, SharpBag.Tests, Version=0.0.0.0, Culture=neutral, PublicKeyToken=null" name="As0163213" />
    </UnitTest>
    <UnitTest name="As0163221" storage="c:\users\suprdewd\desktop\projects\forritun\sharpbag\sharpbag.tests01\bin\release\sharpbag.tests.dll" id="559ad5fd-9c89-3fab-e602-368a88629e35">
      <Execution id="91674233-9bff-46ce-b373-66922cb59e27" />
      <TestMethod codeBase="C:/Users/SuprDewd/Desktop/Projects/Forritun/SharpBag/SharpBag.Tests01/bin/Release/SharpBag.Tests.DLL" adapterTypeName="Microsoft.VisualStudio.TestTools.TestTypes.Unit.UnitTestAdapter, Microsoft.VisualStudio.QualityTools.Tips.UnitTest.Adapter, Version=10.0.0.0, Culture=neutral, PublicKeyToken=b03f5f7f11d50a3a" className="SharpBag.ExtensionsTest, SharpBag.Tests, Version=0.0.0.0, Culture=neutral, PublicKeyToken=null" name="As0163221" />
    </UnitTest>
    <UnitTest name="As0166004" storage="c:\users\suprdewd\desktop\projects\forritun\sharpbag\sharpbag.tests01\bin\release\sharpbag.tests.dll" id="97495e35-0952-692a-91b0-3d721dc574e4">
      <Execution id="6409b609-f302-4380-a31f-1637532fe11a" />
      <TestMethod codeBase="C:/Users/SuprDewd/Desktop/Projects/Forritun/SharpBag/SharpBag.Tests01/bin/Release/SharpBag.Tests.DLL" adapterTypeName="Microsoft.VisualStudio.TestTools.TestTypes.Unit.UnitTestAdapter, Microsoft.VisualStudio.QualityTools.Tips.UnitTest.Adapter, Version=10.0.0.0, Culture=neutral, PublicKeyToken=b03f5f7f11d50a3a" className="SharpBag.ExtensionsTest, SharpBag.Tests, Version=0.0.0.0, Culture=neutral, PublicKeyToken=null" name="As0166004" />
    </UnitTest>
    <UnitTest name="As0163229" storage="c:\users\suprdewd\desktop\projects\forritun\sharpbag\sharpbag.tests01\bin\release\sharpbag.tests.dll" id="c80221bd-ca0a-aa23-6b81-2ed5f20f8d5f">
      <Execution id="a8e756d0-88a1-4f1f-8e4a-e55419dfec83" />
      <TestMethod codeBase="C:/Users/SuprDewd/Desktop/Projects/Forritun/SharpBag/SharpBag.Tests01/bin/Release/SharpBag.Tests.DLL" adapterTypeName="Microsoft.VisualStudio.TestTools.TestTypes.Unit.UnitTestAdapter, Microsoft.VisualStudio.QualityTools.Tips.UnitTest.Adapter, Version=10.0.0.0, Culture=neutral, PublicKeyToken=b03f5f7f11d50a3a" className="SharpBag.ExtensionsTest, SharpBag.Tests, Version=0.0.0.0, Culture=neutral, PublicKeyToken=null" name="As0163229" />
    </UnitTest>
    <UnitTest name="As0136702" storage="c:\users\suprdewd\desktop\projects\forritun\sharpbag\sharpbag.tests01\bin\release\sharpbag.tests.dll" id="f791b1fc-7ecf-06ad-9b72-838a0f1da804">
      <Execution id="e92ea123-2a28-4e49-aee8-62dffa10fe5f" />
      <TestMethod codeBase="C:/Users/SuprDewd/Desktop/Projects/Forritun/SharpBag/SharpBag.Tests01/bin/Release/SharpBag.Tests.DLL" adapterTypeName="Microsoft.VisualStudio.TestTools.TestTypes.Unit.UnitTestAdapter, Microsoft.VisualStudio.QualityTools.Tips.UnitTest.Adapter, Version=10.0.0.0, Culture=neutral, PublicKeyToken=b03f5f7f11d50a3a" className="SharpBag.ExtensionsTest, SharpBag.Tests, Version=0.0.0.0, Culture=neutral, PublicKeyToken=null" name="As0136702" />
    </UnitTest>
    <UnitTest name="ForEach78804" storage="c:\users\suprdewd\desktop\projects\forritun\sharpbag\sharpbag.tests01\bin\release\sharpbag.tests.dll" id="9a12b8c7-dd2a-27a8-8e5c-846cf91e7a67">
      <Execution id="8c9f6670-323f-420e-92a6-76ce8f190ac0" />
      <TestMethod codeBase="C:/Users/SuprDewd/Desktop/Projects/Forritun/SharpBag/SharpBag.Tests01/bin/Release/SharpBag.Tests.DLL" adapterTypeName="Microsoft.VisualStudio.TestTools.TestTypes.Unit.UnitTestAdapter, Microsoft.VisualStudio.QualityTools.Tips.UnitTest.Adapter, Version=10.0.0.0, Culture=neutral, PublicKeyToken=b03f5f7f11d50a3a" className="SharpBag.ExtensionsTest, SharpBag.Tests, Version=0.0.0.0, Culture=neutral, PublicKeyToken=null" name="ForEach78804" />
    </UnitTest>
    <UnitTest name="As0163244" storage="c:\users\suprdewd\desktop\projects\forritun\sharpbag\sharpbag.tests01\bin\release\sharpbag.tests.dll" id="aa951c3d-ee4a-9ede-aac2-7e390167d171">
      <Execution id="6ce5020d-420b-4697-b11d-3c04dce2cbfc" />
      <TestMethod codeBase="C:/Users/SuprDewd/Desktop/Projects/Forritun/SharpBag/SharpBag.Tests01/bin/Release/SharpBag.Tests.DLL" adapterTypeName="Microsoft.VisualStudio.TestTools.TestTypes.Unit.UnitTestAdapter, Microsoft.VisualStudio.QualityTools.Tips.UnitTest.Adapter, Version=10.0.0.0, Culture=neutral, PublicKeyToken=b03f5f7f11d50a3a" className="SharpBag.ExtensionsTest, SharpBag.Tests, Version=0.0.0.0, Culture=neutral, PublicKeyToken=null" name="As0163244" />
    </UnitTest>
    <UnitTest name="As0163237" storage="c:\users\suprdewd\desktop\projects\forritun\sharpbag\sharpbag.tests01\bin\release\sharpbag.tests.dll" id="0c1112ce-06b8-6d36-f7fb-a3574f6e2065">
      <Execution id="152ac724-8b63-465f-99f6-22e112de5b53" />
      <TestMethod codeBase="C:/Users/SuprDewd/Desktop/Projects/Forritun/SharpBag/SharpBag.Tests01/bin/Release/SharpBag.Tests.DLL" adapterTypeName="Microsoft.VisualStudio.TestTools.TestTypes.Unit.UnitTestAdapter, Microsoft.VisualStudio.QualityTools.Tips.UnitTest.Adapter, Version=10.0.0.0, Culture=neutral, PublicKeyToken=b03f5f7f11d50a3a" className="SharpBag.ExtensionsTest, SharpBag.Tests, Version=0.0.0.0, Culture=neutral, PublicKeyToken=null" name="As0163237" />
    </UnitTest>
    <UnitTest name="AsEnumerable56003" storage="c:\users\suprdewd\desktop\projects\forritun\sharpbag\sharpbag.tests01\bin\release\sharpbag.tests.dll" id="0f614d48-4580-1835-c34d-314b56fdf70c">
      <Execution id="cb69138e-13a1-4ea0-9f37-d48106f4e621" />
      <TestMethod codeBase="C:/Users/SuprDewd/Desktop/Projects/Forritun/SharpBag/SharpBag.Tests01/bin/Release/SharpBag.Tests.DLL" adapterTypeName="Microsoft.VisualStudio.TestTools.TestTypes.Unit.UnitTestAdapter, Microsoft.VisualStudio.QualityTools.Tips.UnitTest.Adapter, Version=10.0.0.0, Culture=neutral, PublicKeyToken=b03f5f7f11d50a3a" className="SharpBag.ExtensionsTest, SharpBag.Tests, Version=0.0.0.0, Culture=neutral, PublicKeyToken=null" name="AsEnumerable56003" />
    </UnitTest>
    <UnitTest name="Add88504" storage="c:\users\suprdewd\desktop\projects\forritun\sharpbag\sharpbag.tests01\bin\release\sharpbag.tests.dll" id="92c796c7-6140-7467-0f72-263f4de0d5fd">
      <Execution id="9540b94d-af18-4daa-bada-6713f69dc76e" />
      <TestMethod codeBase="C:/Users/SuprDewd/Desktop/Projects/Forritun/SharpBag/SharpBag.Tests01/bin/Release/SharpBag.Tests.DLL" adapterTypeName="Microsoft.VisualStudio.TestTools.TestTypes.Unit.UnitTestAdapter, Microsoft.VisualStudio.QualityTools.Tips.UnitTest.Adapter, Version=10.0.0.0, Culture=neutral, PublicKeyToken=b03f5f7f11d50a3a" className="SharpBag.ExtensionsTest, SharpBag.Tests, Version=0.0.0.0, Culture=neutral, PublicKeyToken=null" name="Add88504" />
    </UnitTest>
    <UnitTest name="IsNot859" storage="c:\users\suprdewd\desktop\projects\forritun\sharpbag\sharpbag.tests01\bin\release\sharpbag.tests.dll" id="633e6a31-e7c1-dc4e-810e-71a427cf70a8">
      <Execution id="6ad5024f-2838-4ed4-bd8e-382d49852712" />
      <TestMethod codeBase="C:/Users/SuprDewd/Desktop/Projects/Forritun/SharpBag/SharpBag.Tests01/bin/Release/SharpBag.Tests.DLL" adapterTypeName="Microsoft.VisualStudio.TestTools.TestTypes.Unit.UnitTestAdapter, Microsoft.VisualStudio.QualityTools.Tips.UnitTest.Adapter, Version=10.0.0.0, Culture=neutral, PublicKeyToken=b03f5f7f11d50a3a" className="SharpBag.ExtensionsTest, SharpBag.Tests, Version=0.0.0.0, Culture=neutral, PublicKeyToken=null" name="IsNot859" />
    </UnitTest>
    <UnitTest name="EmptyIfNull574" storage="c:\users\suprdewd\desktop\projects\forritun\sharpbag\sharpbag.tests01\bin\release\sharpbag.tests.dll" id="d982986f-d5cc-bb8f-d6d8-e2a54e2f4dd0">
      <Execution id="beb0ab2e-10c4-4c8f-8a13-96f1c26fb972" />
      <TestMethod codeBase="C:/Users/SuprDewd/Desktop/Projects/Forritun/SharpBag/SharpBag.Tests01/bin/Release/SharpBag.Tests.DLL" adapterTypeName="Microsoft.VisualStudio.TestTools.TestTypes.Unit.UnitTestAdapter, Microsoft.VisualStudio.QualityTools.Tips.UnitTest.Adapter, Version=10.0.0.0, Culture=neutral, PublicKeyToken=b03f5f7f11d50a3a" className="SharpBag.ExtensionsTest, SharpBag.Tests, Version=0.0.0.0, Culture=neutral, PublicKeyToken=null" name="EmptyIfNull574" />
    </UnitTest>
    <UnitTest name="As21519" storage="c:\users\suprdewd\desktop\projects\forritun\sharpbag\sharpbag.tests01\bin\release\sharpbag.tests.dll" id="b1e8fb4c-7380-ad76-529d-dbdac5528194">
      <Execution id="1dc11376-ad99-430a-8247-62b8f0cffbc6" />
      <TestMethod codeBase="C:/Users/SuprDewd/Desktop/Projects/Forritun/SharpBag/SharpBag.Tests01/bin/Release/SharpBag.Tests.DLL" adapterTypeName="Microsoft.VisualStudio.TestTools.TestTypes.Unit.UnitTestAdapter, Microsoft.VisualStudio.QualityTools.Tips.UnitTest.Adapter, Version=10.0.0.0, Culture=neutral, PublicKeyToken=b03f5f7f11d50a3a" className="SharpBag.ExtensionsTest, SharpBag.Tests, Version=0.0.0.0, Culture=neutral, PublicKeyToken=null" name="As21519" />
    </UnitTest>
    <UnitTest name="To0146301" storage="c:\users\suprdewd\desktop\projects\forritun\sharpbag\sharpbag.tests01\bin\release\sharpbag.tests.dll" id="b7fcc578-5aaf-c60a-749d-838a3f516168">
      <Execution id="17d8c1bb-0db5-4fd2-a63c-d400f8ab8716" />
      <TestMethod codeBase="C:/Users/SuprDewd/Desktop/Projects/Forritun/SharpBag/SharpBag.Tests01/bin/Release/SharpBag.Tests.DLL" adapterTypeName="Microsoft.VisualStudio.TestTools.TestTypes.Unit.UnitTestAdapter, Microsoft.VisualStudio.QualityTools.Tips.UnitTest.Adapter, Version=10.0.0.0, Culture=neutral, PublicKeyToken=b03f5f7f11d50a3a" className="SharpBag.ExtensionsTest, SharpBag.Tests, Version=0.0.0.0, Culture=neutral, PublicKeyToken=null" name="To0146301" />
    </UnitTest>
    <UnitTest name="GetByPercentThrowsContractException151" storage="c:\users\suprdewd\desktop\projects\forritun\sharpbag\sharpbag.tests01\bin\release\sharpbag.tests.dll" id="532bfe79-61d3-8d09-52bb-06591829691e">
      <Execution id="d69ff07e-36d4-496f-a0a0-c03e30f9926d" />
      <TestMethod codeBase="C:/Users/SuprDewd/Desktop/Projects/Forritun/SharpBag/SharpBag.Tests01/bin/Release/SharpBag.Tests.DLL" adapterTypeName="Microsoft.VisualStudio.TestTools.TestTypes.Unit.UnitTestAdapter, Microsoft.VisualStudio.QualityTools.Tips.UnitTest.Adapter, Version=10.0.0.0, Culture=neutral, PublicKeyToken=b03f5f7f11d50a3a" className="SharpBag.ExtensionsTest, SharpBag.Tests, Version=0.0.0.0, Culture=neutral, PublicKeyToken=null" name="GetByPercentThrowsContractException151" />
    </UnitTest>
    <UnitTest name="ExecuteThrowsContractException889" storage="c:\users\suprdewd\desktop\projects\forritun\sharpbag\sharpbag.tests01\bin\release\sharpbag.tests.dll" id="1a2d7899-6e00-21df-f034-6547a11cae31">
      <Execution id="8c0103cd-07f9-44fc-8372-df99b8c3c9f7" />
      <TestMethod codeBase="C:/Users/SuprDewd/Desktop/Projects/Forritun/SharpBag/SharpBag.Tests01/bin/Release/SharpBag.Tests.DLL" adapterTypeName="Microsoft.VisualStudio.TestTools.TestTypes.Unit.UnitTestAdapter, Microsoft.VisualStudio.QualityTools.Tips.UnitTest.Adapter, Version=10.0.0.0, Culture=neutral, PublicKeyToken=b03f5f7f11d50a3a" className="SharpBag.ExtensionsTest, SharpBag.Tests, Version=0.0.0.0, Culture=neutral, PublicKeyToken=null" name="ExecuteThrowsContractException889" />
    </UnitTest>
    <UnitTest name="IsIn570" storage="c:\users\suprdewd\desktop\projects\forritun\sharpbag\sharpbag.tests01\bin\release\sharpbag.tests.dll" id="1e811e95-82b3-7182-a1a6-ec99686bab87">
      <Execution id="522ac48a-80b1-4c2e-9440-96e1b13cdf46" />
      <TestMethod codeBase="C:/Users/SuprDewd/Desktop/Projects/Forritun/SharpBag/SharpBag.Tests01/bin/Release/SharpBag.Tests.DLL" adapterTypeName="Microsoft.VisualStudio.TestTools.TestTypes.Unit.UnitTestAdapter, Microsoft.VisualStudio.QualityTools.Tips.UnitTest.Adapter, Version=10.0.0.0, Culture=neutral, PublicKeyToken=b03f5f7f11d50a3a" className="SharpBag.ExtensionsTest, SharpBag.Tests, Version=0.0.0.0, Culture=neutral, PublicKeyToken=null" name="IsIn570" />
    </UnitTest>
    <UnitTest name="RangeThrowsContractException841" storage="c:\users\suprdewd\desktop\projects\forritun\sharpbag\sharpbag.tests01\bin\release\sharpbag.tests.dll" id="98f1539c-0085-97ac-e6d6-c700951efc19">
      <Execution id="13c9e3e0-d690-4c7b-af25-ec6945840024" />
      <TestMethod codeBase="C:/Users/SuprDewd/Desktop/Projects/Forritun/SharpBag/SharpBag.Tests01/bin/Release/SharpBag.Tests.DLL" adapterTypeName="Microsoft.VisualStudio.TestTools.TestTypes.Unit.UnitTestAdapter, Microsoft.VisualStudio.QualityTools.Tips.UnitTest.Adapter, Version=10.0.0.0, Culture=neutral, PublicKeyToken=b03f5f7f11d50a3a" className="SharpBag.ExtensionsTest, SharpBag.Tests, Version=0.0.0.0, Culture=neutral, PublicKeyToken=null" name="RangeThrowsContractException841" />
    </UnitTest>
    <UnitTest name="SubarrayThrowsContractException304" storage="c:\users\suprdewd\desktop\projects\forritun\sharpbag\sharpbag.tests01\bin\release\sharpbag.tests.dll" id="23289518-cff6-51c7-cbca-8f7fc69c7429">
      <Execution id="645dce81-92f5-47af-ab53-6fecd8d2f0dd" />
      <TestMethod codeBase="C:/Users/SuprDewd/Desktop/Projects/Forritun/SharpBag/SharpBag.Tests01/bin/Release/SharpBag.Tests.DLL" adapterTypeName="Microsoft.VisualStudio.TestTools.TestTypes.Unit.UnitTestAdapter, Microsoft.VisualStudio.QualityTools.Tips.UnitTest.Adapter, Version=10.0.0.0, Culture=neutral, PublicKeyToken=b03f5f7f11d50a3a" className="SharpBag.ExtensionsTest, SharpBag.Tests, Version=0.0.0.0, Culture=neutral, PublicKeyToken=null" name="SubarrayThrowsContractException304" />
    </UnitTest>
    <UnitTest name="NullOr90701" storage="c:\users\suprdewd\desktop\projects\forritun\sharpbag\sharpbag.tests01\bin\release\sharpbag.tests.dll" id="4183213a-6645-16c2-af8b-e5bfcf7442d8">
      <Execution id="5ddc379e-f504-4654-9f94-928bb29ccd4e" />
      <TestMethod codeBase="C:/Users/SuprDewd/Desktop/Projects/Forritun/SharpBag/SharpBag.Tests01/bin/Release/SharpBag.Tests.DLL" adapterTypeName="Microsoft.VisualStudio.TestTools.TestTypes.Unit.UnitTestAdapter, Microsoft.VisualStudio.QualityTools.Tips.UnitTest.Adapter, Version=10.0.0.0, Culture=neutral, PublicKeyToken=b03f5f7f11d50a3a" className="SharpBag.ExtensionsTest, SharpBag.Tests, Version=0.0.0.0, Culture=neutral, PublicKeyToken=null" name="NullOr90701" />
    </UnitTest>
    <UnitTest name="ForEach78802" storage="c:\users\suprdewd\desktop\projects\forritun\sharpbag\sharpbag.tests01\bin\release\sharpbag.tests.dll" id="34aa3cd1-c558-0302-e5aa-355d37850848">
      <Execution id="28270b47-3c56-4415-b594-25b523ef1f6b" />
      <TestMethod codeBase="C:/Users/SuprDewd/Desktop/Projects/Forritun/SharpBag/SharpBag.Tests01/bin/Release/SharpBag.Tests.DLL" adapterTypeName="Microsoft.VisualStudio.TestTools.TestTypes.Unit.UnitTestAdapter, Microsoft.VisualStudio.QualityTools.Tips.UnitTest.Adapter, Version=10.0.0.0, Culture=neutral, PublicKeyToken=b03f5f7f11d50a3a" className="SharpBag.ExtensionsTest, SharpBag.Tests, Version=0.0.0.0, Culture=neutral, PublicKeyToken=null" name="ForEach78802" />
    </UnitTest>
    <UnitTest name="To03ThrowsContractException968" storage="c:\users\suprdewd\desktop\projects\forritun\sharpbag\sharpbag.tests01\bin\release\sharpbag.tests.dll" id="8f15350a-b612-7c9b-89ff-1e54a29d9340">
      <Execution id="4d2a669a-fb6f-46f5-83ba-e8399510ea5c" />
      <TestMethod codeBase="C:/Users/SuprDewd/Desktop/Projects/Forritun/SharpBag/SharpBag.Tests01/bin/Release/SharpBag.Tests.DLL" adapterTypeName="Microsoft.VisualStudio.TestTools.TestTypes.Unit.UnitTestAdapter, Microsoft.VisualStudio.QualityTools.Tips.UnitTest.Adapter, Version=10.0.0.0, Culture=neutral, PublicKeyToken=b03f5f7f11d50a3a" className="SharpBag.ExtensionsTest, SharpBag.Tests, Version=0.0.0.0, Culture=neutral, PublicKeyToken=null" name="To03ThrowsContractException968" />
    </UnitTest>
    <UnitTest name="IfNotNull0159702" storage="c:\users\suprdewd\desktop\projects\forritun\sharpbag\sharpbag.tests01\bin\release\sharpbag.tests.dll" id="b086ebe0-6bb0-f4b4-2d74-97b1a10dd517">
      <Execution id="1ad67a80-5406-42ff-b0e1-0728286fcdd0" />
      <TestMethod codeBase="C:/Users/SuprDewd/Desktop/Projects/Forritun/SharpBag/SharpBag.Tests01/bin/Release/SharpBag.Tests.DLL" adapterTypeName="Microsoft.VisualStudio.TestTools.TestTypes.Unit.UnitTestAdapter, Microsoft.VisualStudio.QualityTools.Tips.UnitTest.Adapter, Version=10.0.0.0, Culture=neutral, PublicKeyToken=b03f5f7f11d50a3a" className="SharpBag.ExtensionsTest, SharpBag.Tests, Version=0.0.0.0, Culture=neutral, PublicKeyToken=null" name="IfNotNull0159702" />
    </UnitTest>
    <UnitTest name="IfNotNull0192301" storage="c:\users\suprdewd\desktop\projects\forritun\sharpbag\sharpbag.tests01\bin\release\sharpbag.tests.dll" id="49aa9228-e307-ef3c-566e-386137588923">
      <Execution id="b57fcb3c-9acc-41af-b66f-5d74312cbc06" />
      <TestMethod codeBase="C:/Users/SuprDewd/Desktop/Projects/Forritun/SharpBag/SharpBag.Tests01/bin/Release/SharpBag.Tests.DLL" adapterTypeName="Microsoft.VisualStudio.TestTools.TestTypes.Unit.UnitTestAdapter, Microsoft.VisualStudio.QualityTools.Tips.UnitTest.Adapter, Version=10.0.0.0, Culture=neutral, PublicKeyToken=b03f5f7f11d50a3a" className="SharpBag.ExtensionsTest, SharpBag.Tests, Version=0.0.0.0, Culture=neutral, PublicKeyToken=null" name="IfNotNull0192301" />
    </UnitTest>
    <UnitTest name="IfNotNull47702" storage="c:\users\suprdewd\desktop\projects\forritun\sharpbag\sharpbag.tests01\bin\release\sharpbag.tests.dll" id="db3b4c9b-bf56-f07b-1edd-3db630376de3">
      <Execution id="330bd424-60b7-494c-bc1a-30aa9eb06fc7" />
      <TestMethod codeBase="C:/Users/SuprDewd/Desktop/Projects/Forritun/SharpBag/SharpBag.Tests01/bin/Release/SharpBag.Tests.DLL" adapterTypeName="Microsoft.VisualStudio.TestTools.TestTypes.Unit.UnitTestAdapter, Microsoft.VisualStudio.QualityTools.Tips.UnitTest.Adapter, Version=10.0.0.0, Culture=neutral, PublicKeyToken=b03f5f7f11d50a3a" className="SharpBag.ExtensionsTest, SharpBag.Tests, Version=0.0.0.0, Culture=neutral, PublicKeyToken=null" name="IfNotNull47702" />
    </UnitTest>
    <UnitTest name="GetByPercentThrowsContractException316" storage="c:\users\suprdewd\desktop\projects\forritun\sharpbag\sharpbag.tests01\bin\release\sharpbag.tests.dll" id="1a16baca-1870-eb8d-2332-884e5248582b">
      <Execution id="b13e79dc-2937-4b31-8ec2-8a54c8c6a79b" />
      <TestMethod codeBase="C:/Users/SuprDewd/Desktop/Projects/Forritun/SharpBag/SharpBag.Tests01/bin/Release/SharpBag.Tests.DLL" adapterTypeName="Microsoft.VisualStudio.TestTools.TestTypes.Unit.UnitTestAdapter, Microsoft.VisualStudio.QualityTools.Tips.UnitTest.Adapter, Version=10.0.0.0, Culture=neutral, PublicKeyToken=b03f5f7f11d50a3a" className="SharpBag.ExtensionsTest, SharpBag.Tests, Version=0.0.0.0, Culture=neutral, PublicKeyToken=null" name="GetByPercentThrowsContractException316" />
    </UnitTest>
    <UnitTest name="TakeEveryThrowsContractException597" storage="c:\users\suprdewd\desktop\projects\forritun\sharpbag\sharpbag.tests01\bin\release\sharpbag.tests.dll" id="f66902ae-2eb8-36de-bdb4-af24338ae682">
      <Execution id="055a1f47-5bf1-4019-9a5a-1438c7e2a6e1" />
      <TestMethod codeBase="C:/Users/SuprDewd/Desktop/Projects/Forritun/SharpBag/SharpBag.Tests01/bin/Release/SharpBag.Tests.DLL" adapterTypeName="Microsoft.VisualStudio.TestTools.TestTypes.Unit.UnitTestAdapter, Microsoft.VisualStudio.QualityTools.Tips.UnitTest.Adapter, Version=10.0.0.0, Culture=neutral, PublicKeyToken=b03f5f7f11d50a3a" className="SharpBag.ExtensionsTest, SharpBag.Tests, Version=0.0.0.0, Culture=neutral, PublicKeyToken=null" name="TakeEveryThrowsContractException597" />
    </UnitTest>
    <UnitTest name="AsEnumerable0128301" storage="c:\users\suprdewd\desktop\projects\forritun\sharpbag\sharpbag.tests01\bin\release\sharpbag.tests.dll" id="42f45f10-504d-0d19-0e58-1ea2105c69e9">
      <Execution id="6a0264f0-43dd-4cc5-9933-a996c7d6cd53" />
      <TestMethod codeBase="C:/Users/SuprDewd/Desktop/Projects/Forritun/SharpBag/SharpBag.Tests01/bin/Release/SharpBag.Tests.DLL" adapterTypeName="Microsoft.VisualStudio.TestTools.TestTypes.Unit.UnitTestAdapter, Microsoft.VisualStudio.QualityTools.Tips.UnitTest.Adapter, Version=10.0.0.0, Culture=neutral, PublicKeyToken=b03f5f7f11d50a3a" className="SharpBag.ExtensionsTest, SharpBag.Tests, Version=0.0.0.0, Culture=neutral, PublicKeyToken=null" name="AsEnumerable0128301" />
    </UnitTest>
    <UnitTest name="As21501" storage="c:\users\suprdewd\desktop\projects\forritun\sharpbag\sharpbag.tests01\bin\release\sharpbag.tests.dll" id="ea12baf4-c62d-b0ca-b8ec-0dd742c09890">
      <Execution id="da46fbbc-7946-4957-87a8-ea078d08fcce" />
      <TestMethod codeBase="C:/Users/SuprDewd/Desktop/Projects/Forritun/SharpBag/SharpBag.Tests01/bin/Release/SharpBag.Tests.DLL" adapterTypeName="Microsoft.VisualStudio.TestTools.TestTypes.Unit.UnitTestAdapter, Microsoft.VisualStudio.QualityTools.Tips.UnitTest.Adapter, Version=10.0.0.0, Culture=neutral, PublicKeyToken=b03f5f7f11d50a3a" className="SharpBag.ExtensionsTest, SharpBag.Tests, Version=0.0.0.0, Culture=neutral, PublicKeyToken=null" name="As21501" />
    </UnitTest>
    <UnitTest name="Random43101" storage="c:\users\suprdewd\desktop\projects\forritun\sharpbag\sharpbag.tests01\bin\release\sharpbag.tests.dll" id="1281f517-45b5-6723-bc3e-71da88a02141">
      <Execution id="02016426-4c43-496c-8972-e1e7113d7ebe" />
      <TestMethod codeBase="C:/Users/SuprDewd/Desktop/Projects/Forritun/SharpBag/SharpBag.Tests01/bin/Release/SharpBag.Tests.DLL" adapterTypeName="Microsoft.VisualStudio.TestTools.TestTypes.Unit.UnitTestAdapter, Microsoft.VisualStudio.QualityTools.Tips.UnitTest.Adapter, Version=10.0.0.0, Culture=neutral, PublicKeyToken=b03f5f7f11d50a3a" className="SharpBag.ExtensionsTest, SharpBag.Tests, Version=0.0.0.0, Culture=neutral, PublicKeyToken=null" name="Random43101" />
    </UnitTest>
    <UnitTest name="AsEnumerableThrowsContractException9" storage="c:\users\suprdewd\desktop\projects\forritun\sharpbag\sharpbag.tests01\bin\release\sharpbag.tests.dll" id="afe5b38f-db93-5765-7ecd-49d9214e51e3">
      <Execution id="de871d33-0a02-44c3-b0c6-db7c27ec5953" />
      <TestMethod codeBase="C:/Users/SuprDewd/Desktop/Projects/Forritun/SharpBag/SharpBag.Tests01/bin/Release/SharpBag.Tests.DLL" adapterTypeName="Microsoft.VisualStudio.TestTools.TestTypes.Unit.UnitTestAdapter, Microsoft.VisualStudio.QualityTools.Tips.UnitTest.Adapter, Version=10.0.0.0, Culture=neutral, PublicKeyToken=b03f5f7f11d50a3a" className="SharpBag.ExtensionsTest, SharpBag.Tests, Version=0.0.0.0, Culture=neutral, PublicKeyToken=null" name="AsEnumerableThrowsContractException9" />
    </UnitTest>
    <UnitTest name="Random01ThrowsContractException824" storage="c:\users\suprdewd\desktop\projects\forritun\sharpbag\sharpbag.tests01\bin\release\sharpbag.tests.dll" id="1b9103d0-5cae-0f4c-09ff-459b405bb125">
      <Execution id="b0ae1e0a-daee-4ca3-afe1-e254803dfcde" />
      <TestMethod codeBase="C:/Users/SuprDewd/Desktop/Projects/Forritun/SharpBag/SharpBag.Tests01/bin/Release/SharpBag.Tests.DLL" adapterTypeName="Microsoft.VisualStudio.TestTools.TestTypes.Unit.UnitTestAdapter, Microsoft.VisualStudio.QualityTools.Tips.UnitTest.Adapter, Version=10.0.0.0, Culture=neutral, PublicKeyToken=b03f5f7f11d50a3a" className="SharpBag.ExtensionsTest, SharpBag.Tests, Version=0.0.0.0, Culture=neutral, PublicKeyToken=null" name="Random01ThrowsContractException824" />
    </UnitTest>
    <UnitTest name="Subarray709" storage="c:\users\suprdewd\desktop\projects\forritun\sharpbag\sharpbag.tests01\bin\release\sharpbag.tests.dll" id="04c53adc-df51-85a8-3dcb-278e962fc112">
      <Execution id="b7908c3e-163b-4dde-b150-2aab167efda5" />
      <TestMethod codeBase="C:/Users/SuprDewd/Desktop/Projects/Forritun/SharpBag/SharpBag.Tests01/bin/Release/SharpBag.Tests.DLL" adapterTypeName="Microsoft.VisualStudio.TestTools.TestTypes.Unit.UnitTestAdapter, Microsoft.VisualStudio.QualityTools.Tips.UnitTest.Adapter, Version=10.0.0.0, Culture=neutral, PublicKeyToken=b03f5f7f11d50a3a" className="SharpBag.ExtensionsTest, SharpBag.Tests, Version=0.0.0.0, Culture=neutral, PublicKeyToken=null" name="Subarray709" />
    </UnitTest>
    <UnitTest name="As0166402" storage="c:\users\suprdewd\desktop\projects\forritun\sharpbag\sharpbag.tests01\bin\release\sharpbag.tests.dll" id="7a9400e0-6f1a-74cc-aaf2-4e620d01eac4">
      <Execution id="09353add-96d9-4c4f-8acd-9cf51c4d76cf" />
      <TestMethod codeBase="C:/Users/SuprDewd/Desktop/Projects/Forritun/SharpBag/SharpBag.Tests01/bin/Release/SharpBag.Tests.DLL" adapterTypeName="Microsoft.VisualStudio.TestTools.TestTypes.Unit.UnitTestAdapter, Microsoft.VisualStudio.QualityTools.Tips.UnitTest.Adapter, Version=10.0.0.0, Culture=neutral, PublicKeyToken=b03f5f7f11d50a3a" className="SharpBag.ExtensionsTest, SharpBag.Tests, Version=0.0.0.0, Culture=neutral, PublicKeyToken=null" name="As0166402" />
    </UnitTest>
    <UnitTest name="As0130303" storage="c:\users\suprdewd\desktop\projects\forritun\sharpbag\sharpbag.tests01\bin\release\sharpbag.tests.dll" id="a5088dbd-9f6a-bb83-e64a-07cfd5052c81">
      <Execution id="1b09788f-2577-4b03-8642-ab6d31b92b40" />
      <TestMethod codeBase="C:/Users/SuprDewd/Desktop/Projects/Forritun/SharpBag/SharpBag.Tests01/bin/Release/SharpBag.Tests.DLL" adapterTypeName="Microsoft.VisualStudio.TestTools.TestTypes.Unit.UnitTestAdapter, Microsoft.VisualStudio.QualityTools.Tips.UnitTest.Adapter, Version=10.0.0.0, Culture=neutral, PublicKeyToken=b03f5f7f11d50a3a" className="SharpBag.ExtensionsTest, SharpBag.Tests, Version=0.0.0.0, Culture=neutral, PublicKeyToken=null" name="As0130303" />
    </UnitTest>
    <UnitTest name="To04ThrowsContractException193" storage="c:\users\suprdewd\desktop\projects\forritun\sharpbag\sharpbag.tests01\bin\release\sharpbag.tests.dll" id="3ca3afbe-4155-3a78-1581-d034645ac0e9">
      <Execution id="bebe517a-da6e-42f7-bbe0-fa4b1b9a570d" />
      <TestMethod codeBase="C:/Users/SuprDewd/Desktop/Projects/Forritun/SharpBag/SharpBag.Tests01/bin/Release/SharpBag.Tests.DLL" adapterTypeName="Microsoft.VisualStudio.TestTools.TestTypes.Unit.UnitTestAdapter, Microsoft.VisualStudio.QualityTools.Tips.UnitTest.Adapter, Version=10.0.0.0, Culture=neutral, PublicKeyToken=b03f5f7f11d50a3a" className="SharpBag.ExtensionsTest, SharpBag.Tests, Version=0.0.0.0, Culture=neutral, PublicKeyToken=null" name="To04ThrowsContractException193" />
    </UnitTest>
    <UnitTest name="As763" storage="c:\users\suprdewd\desktop\projects\forritun\sharpbag\sharpbag.tests01\bin\release\sharpbag.tests.dll" id="808822f6-9c85-0a33-f1f9-4d64c79fb975">
      <Execution id="77167e47-7760-4536-902c-128b0c2703b5" />
      <TestMethod codeBase="C:/Users/SuprDewd/Desktop/Projects/Forritun/SharpBag/SharpBag.Tests01/bin/Release/SharpBag.Tests.DLL" adapterTypeName="Microsoft.VisualStudio.TestTools.TestTypes.Unit.UnitTestAdapter, Microsoft.VisualStudio.QualityTools.Tips.UnitTest.Adapter, Version=10.0.0.0, Culture=neutral, PublicKeyToken=b03f5f7f11d50a3a" className="SharpBag.ExtensionsTest, SharpBag.Tests, Version=0.0.0.0, Culture=neutral, PublicKeyToken=null" name="As763" />
    </UnitTest>
    <UnitTest name="Iter96004" storage="c:\users\suprdewd\desktop\projects\forritun\sharpbag\sharpbag.tests01\bin\release\sharpbag.tests.dll" id="7a965cd2-e1cf-8636-b94b-9bb1e4688fd0">
      <Execution id="b2a9e108-2ef2-418c-98cb-438b40a35726" />
      <TestMethod codeBase="C:/Users/SuprDewd/Desktop/Projects/Forritun/SharpBag/SharpBag.Tests01/bin/Release/SharpBag.Tests.DLL" adapterTypeName="Microsoft.VisualStudio.TestTools.TestTypes.Unit.UnitTestAdapter, Microsoft.VisualStudio.QualityTools.Tips.UnitTest.Adapter, Version=10.0.0.0, Culture=neutral, PublicKeyToken=b03f5f7f11d50a3a" className="SharpBag.ExtensionsTest, SharpBag.Tests, Version=0.0.0.0, Culture=neutral, PublicKeyToken=null" name="Iter96004" />
    </UnitTest>
    <UnitTest name="UnionAll0233901" storage="c:\users\suprdewd\desktop\projects\forritun\sharpbag\sharpbag.tests01\bin\release\sharpbag.tests.dll" id="4c766330-2a1a-c11f-5958-fa0e45c2a866">
      <Execution id="98215004-8da2-42d9-a5bc-9686fb5e9441" />
      <TestMethod codeBase="C:/Users/SuprDewd/Desktop/Projects/Forritun/SharpBag/SharpBag.Tests01/bin/Release/SharpBag.Tests.DLL" adapterTypeName="Microsoft.VisualStudio.TestTools.TestTypes.Unit.UnitTestAdapter, Microsoft.VisualStudio.QualityTools.Tips.UnitTest.Adapter, Version=10.0.0.0, Culture=neutral, PublicKeyToken=b03f5f7f11d50a3a" className="SharpBag.ExtensionsTest, SharpBag.Tests, Version=0.0.0.0, Culture=neutral, PublicKeyToken=null" name="UnionAll0233901" />
    </UnitTest>
    <UnitTest name="SubarrayThrowsIndexOutOfRangeException460" storage="c:\users\suprdewd\desktop\projects\forritun\sharpbag\sharpbag.tests01\bin\release\sharpbag.tests.dll" id="2873c42d-778c-9215-3e6d-6d287f7555e3">
      <Execution id="f92df60c-5e2c-482d-ac72-bd5c3146a864" />
      <TestMethod codeBase="C:/Users/SuprDewd/Desktop/Projects/Forritun/SharpBag/SharpBag.Tests01/bin/Release/SharpBag.Tests.DLL" adapterTypeName="Microsoft.VisualStudio.TestTools.TestTypes.Unit.UnitTestAdapter, Microsoft.VisualStudio.QualityTools.Tips.UnitTest.Adapter, Version=10.0.0.0, Culture=neutral, PublicKeyToken=b03f5f7f11d50a3a" className="SharpBag.ExtensionsTest, SharpBag.Tests, Version=0.0.0.0, Culture=neutral, PublicKeyToken=null" name="SubarrayThrowsIndexOutOfRangeException460" />
    </UnitTest>
    <UnitTest name="ForEach12501" storage="c:\users\suprdewd\desktop\projects\forritun\sharpbag\sharpbag.tests01\bin\release\sharpbag.tests.dll" id="8a248c8c-38d6-117a-cb08-bb2fddeae117">
      <Execution id="814720d3-a30a-4455-8188-fae52e260830" />
      <TestMethod codeBase="C:/Users/SuprDewd/Desktop/Projects/Forritun/SharpBag/SharpBag.Tests01/bin/Release/SharpBag.Tests.DLL" adapterTypeName="Microsoft.VisualStudio.TestTools.TestTypes.Unit.UnitTestAdapter, Microsoft.VisualStudio.QualityTools.Tips.UnitTest.Adapter, Version=10.0.0.0, Culture=neutral, PublicKeyToken=b03f5f7f11d50a3a" className="SharpBag.ExtensionsTest, SharpBag.Tests, Version=0.0.0.0, Culture=neutral, PublicKeyToken=null" name="ForEach12501" />
    </UnitTest>
    <UnitTest name="As01403" storage="c:\users\suprdewd\desktop\projects\forritun\sharpbag\sharpbag.tests01\bin\release\sharpbag.tests.dll" id="baf4ce3c-1fc7-efc9-3438-7f66d5c18bcf">
      <Execution id="4ed41203-f0be-40b0-a95d-43f3e441e9a1" />
      <TestMethod codeBase="C:/Users/SuprDewd/Desktop/Projects/Forritun/SharpBag/SharpBag.Tests01/bin/Release/SharpBag.Tests.DLL" adapterTypeName="Microsoft.VisualStudio.TestTools.TestTypes.Unit.UnitTestAdapter, Microsoft.VisualStudio.QualityTools.Tips.UnitTest.Adapter, Version=10.0.0.0, Culture=neutral, PublicKeyToken=b03f5f7f11d50a3a" className="SharpBag.ExtensionsTest, SharpBag.Tests, Version=0.0.0.0, Culture=neutral, PublicKeyToken=null" name="As01403" />
    </UnitTest>
    <UnitTest name="Add88503" storage="c:\users\suprdewd\desktop\projects\forritun\sharpbag\sharpbag.tests01\bin\release\sharpbag.tests.dll" id="106b7a63-3c06-2f97-097e-1a5d38b1a1ac">
      <Execution id="2061b660-035b-4b44-bf81-a1248f2ff6e8" />
      <TestMethod codeBase="C:/Users/SuprDewd/Desktop/Projects/Forritun/SharpBag/SharpBag.Tests01/bin/Release/SharpBag.Tests.DLL" adapterTypeName="Microsoft.VisualStudio.TestTools.TestTypes.Unit.UnitTestAdapter, Microsoft.VisualStudio.QualityTools.Tips.UnitTest.Adapter, Version=10.0.0.0, Culture=neutral, PublicKeyToken=b03f5f7f11d50a3a" className="SharpBag.ExtensionsTest, SharpBag.Tests, Version=0.0.0.0, Culture=neutral, PublicKeyToken=null" name="Add88503" />
    </UnitTest>
    <UnitTest name="To20301" storage="c:\users\suprdewd\desktop\projects\forritun\sharpbag\sharpbag.tests01\bin\release\sharpbag.tests.dll" id="bd7ec864-24ff-4ca6-8f63-6e2fe4065d39">
      <Execution id="da384bdb-3a39-4647-8e63-300bc75d4a65" />
      <TestMethod codeBase="C:/Users/SuprDewd/Desktop/Projects/Forritun/SharpBag/SharpBag.Tests01/bin/Release/SharpBag.Tests.DLL" adapterTypeName="Microsoft.VisualStudio.TestTools.TestTypes.Unit.UnitTestAdapter, Microsoft.VisualStudio.QualityTools.Tips.UnitTest.Adapter, Version=10.0.0.0, Culture=neutral, PublicKeyToken=b03f5f7f11d50a3a" className="SharpBag.ExtensionsTest, SharpBag.Tests, Version=0.0.0.0, Culture=neutral, PublicKeyToken=null" name="To20301" />
    </UnitTest>
    <UnitTest name="As0163227" storage="c:\users\suprdewd\desktop\projects\forritun\sharpbag\sharpbag.tests01\bin\release\sharpbag.tests.dll" id="1a41ca06-c399-fb41-1b68-4e54f6d9fba0">
      <Execution id="f3c2e14f-aab9-4390-93e0-179a5c5ed7f7" />
      <TestMethod codeBase="C:/Users/SuprDewd/Desktop/Projects/Forritun/SharpBag/SharpBag.Tests01/bin/Release/SharpBag.Tests.DLL" adapterTypeName="Microsoft.VisualStudio.TestTools.TestTypes.Unit.UnitTestAdapter, Microsoft.VisualStudio.QualityTools.Tips.UnitTest.Adapter, Version=10.0.0.0, Culture=neutral, PublicKeyToken=b03f5f7f11d50a3a" className="SharpBag.ExtensionsTest, SharpBag.Tests, Version=0.0.0.0, Culture=neutral, PublicKeyToken=null" name="As0163227" />
    </UnitTest>
    <UnitTest name="IsNullableTypeThrowsContractException544" storage="c:\users\suprdewd\desktop\projects\forritun\sharpbag\sharpbag.tests01\bin\release\sharpbag.tests.dll" id="06d747a6-abc2-c83d-da24-3ee86184f362">
      <Execution id="2833900f-c22a-45f2-9648-594b2b5ca078" />
      <TestMethod codeBase="C:/Users/SuprDewd/Desktop/Projects/Forritun/SharpBag/SharpBag.Tests01/bin/Release/SharpBag.Tests.DLL" adapterTypeName="Microsoft.VisualStudio.TestTools.TestTypes.Unit.UnitTestAdapter, Microsoft.VisualStudio.QualityTools.Tips.UnitTest.Adapter, Version=10.0.0.0, Culture=neutral, PublicKeyToken=b03f5f7f11d50a3a" className="SharpBag.ExtensionsTest, SharpBag.Tests, Version=0.0.0.0, Culture=neutral, PublicKeyToken=null" name="IsNullableTypeThrowsContractException544" />
    </UnitTest>
    <UnitTest name="CountGet19" storage="c:\users\suprdewd\desktop\projects\forritun\sharpbag\sharpbag.tests01\bin\release\sharpbag.tests.dll" id="3d1b4ead-73c1-7ffd-8ba5-ca86df93d823">
      <Execution id="5ce08c5d-1374-45d7-9cc6-69fb2ee97046" />
      <TestMethod codeBase="C:/Users/SuprDewd/Desktop/Projects/Forritun/SharpBag/SharpBag.Tests01/bin/Release/SharpBag.Tests.DLL" adapterTypeName="Microsoft.VisualStudio.TestTools.TestTypes.Unit.UnitTestAdapter, Microsoft.VisualStudio.QualityTools.Tips.UnitTest.Adapter, Version=10.0.0.0, Culture=neutral, PublicKeyToken=b03f5f7f11d50a3a" className="SharpBag.Algorithms.PriorityQueueTTest, SharpBag.Tests, Version=0.0.0.0, Culture=neutral, PublicKeyToken=null" name="CountGet19" />
    </UnitTest>
    <UnitTest name="EmptyIfNull122" storage="c:\users\suprdewd\desktop\projects\forritun\sharpbag\sharpbag.tests01\bin\release\sharpbag.tests.dll" id="3902168e-77cb-c1b4-c44f-4336ab3b86bd">
      <Execution id="9107166e-078d-470d-a6f7-ce56542ce1bc" />
      <TestMethod codeBase="C:/Users/SuprDewd/Desktop/Projects/Forritun/SharpBag/SharpBag.Tests01/bin/Release/SharpBag.Tests.DLL" adapterTypeName="Microsoft.VisualStudio.TestTools.TestTypes.Unit.UnitTestAdapter, Microsoft.VisualStudio.QualityTools.Tips.UnitTest.Adapter, Version=10.0.0.0, Culture=neutral, PublicKeyToken=b03f5f7f11d50a3a" className="SharpBag.ExtensionsTest, SharpBag.Tests, Version=0.0.0.0, Culture=neutral, PublicKeyToken=null" name="EmptyIfNull122" />
    </UnitTest>
    <UnitTest name="As0132106" storage="c:\users\suprdewd\desktop\projects\forritun\sharpbag\sharpbag.tests01\bin\release\sharpbag.tests.dll" id="de9d9ca9-6d6f-fece-a7ad-0d011ee5cf94">
      <Execution id="e1314cc5-1e56-45e7-b2e8-33981f733a26" />
      <TestMethod codeBase="C:/Users/SuprDewd/Desktop/Projects/Forritun/SharpBag/SharpBag.Tests01/bin/Release/SharpBag.Tests.DLL" adapterTypeName="Microsoft.VisualStudio.TestTools.TestTypes.Unit.UnitTestAdapter, Microsoft.VisualStudio.QualityTools.Tips.UnitTest.Adapter, Version=10.0.0.0, Culture=neutral, PublicKeyToken=b03f5f7f11d50a3a" className="SharpBag.ExtensionsTest, SharpBag.Tests, Version=0.0.0.0, Culture=neutral, PublicKeyToken=null" name="As0132106" />
    </UnitTest>
    <UnitTest name="NullOr71404" storage="c:\users\suprdewd\desktop\projects\forritun\sharpbag\sharpbag.tests01\bin\release\sharpbag.tests.dll" id="4d41008a-7d5b-c195-89ca-25e2bba2803d">
      <Execution id="0aabe088-e0eb-4992-8f6b-4ebf7cd0b2d6" />
      <TestMethod codeBase="C:/Users/SuprDewd/Desktop/Projects/Forritun/SharpBag/SharpBag.Tests01/bin/Release/SharpBag.Tests.DLL" adapterTypeName="Microsoft.VisualStudio.TestTools.TestTypes.Unit.UnitTestAdapter, Microsoft.VisualStudio.QualityTools.Tips.UnitTest.Adapter, Version=10.0.0.0, Culture=neutral, PublicKeyToken=b03f5f7f11d50a3a" className="SharpBag.ExtensionsTest, SharpBag.Tests, Version=0.0.0.0, Culture=neutral, PublicKeyToken=null" name="NullOr71404" />
    </UnitTest>
    <UnitTest name="AsEnumerable0258801" storage="c:\users\suprdewd\desktop\projects\forritun\sharpbag\sharpbag.tests01\bin\release\sharpbag.tests.dll" id="b2c4141e-1dfd-f110-5623-435719fb340e">
      <Execution id="577a2f7a-f2e3-4c18-ae68-0ad839708aa6" />
      <TestMethod codeBase="C:/Users/SuprDewd/Desktop/Projects/Forritun/SharpBag/SharpBag.Tests01/bin/Release/SharpBag.Tests.DLL" adapterTypeName="Microsoft.VisualStudio.TestTools.TestTypes.Unit.UnitTestAdapter, Microsoft.VisualStudio.QualityTools.Tips.UnitTest.Adapter, Version=10.0.0.0, Culture=neutral, PublicKeyToken=b03f5f7f11d50a3a" className="SharpBag.ExtensionsTest, SharpBag.Tests, Version=0.0.0.0, Culture=neutral, PublicKeyToken=null" name="AsEnumerable0258801" />
    </UnitTest>
    <UnitTest name="ForEach78801" storage="c:\users\suprdewd\desktop\projects\forritun\sharpbag\sharpbag.tests01\bin\release\sharpbag.tests.dll" id="a45582f8-3825-adac-44bf-8fa9e3381e89">
      <Execution id="3ed58799-2262-4b5f-b501-446925eb807e" />
      <TestMethod codeBase="C:/Users/SuprDewd/Desktop/Projects/Forritun/SharpBag/SharpBag.Tests01/bin/Release/SharpBag.Tests.DLL" adapterTypeName="Microsoft.VisualStudio.TestTools.TestTypes.Unit.UnitTestAdapter, Microsoft.VisualStudio.QualityTools.Tips.UnitTest.Adapter, Version=10.0.0.0, Culture=neutral, PublicKeyToken=b03f5f7f11d50a3a" className="SharpBag.ExtensionsTest, SharpBag.Tests, Version=0.0.0.0, Culture=neutral, PublicKeyToken=null" name="ForEach78801" />
    </UnitTest>
    <UnitTest name="IfNotNull0192302" storage="c:\users\suprdewd\desktop\projects\forritun\sharpbag\sharpbag.tests01\bin\release\sharpbag.tests.dll" id="a65b5eab-4121-901b-449c-fc9aba07d07b">
      <Execution id="427161a3-6016-4e79-ad0e-326c283a6349" />
      <TestMethod codeBase="C:/Users/SuprDewd/Desktop/Projects/Forritun/SharpBag/SharpBag.Tests01/bin/Release/SharpBag.Tests.DLL" adapterTypeName="Microsoft.VisualStudio.TestTools.TestTypes.Unit.UnitTestAdapter, Microsoft.VisualStudio.QualityTools.Tips.UnitTest.Adapter, Version=10.0.0.0, Culture=neutral, PublicKeyToken=b03f5f7f11d50a3a" className="SharpBag.ExtensionsTest, SharpBag.Tests, Version=0.0.0.0, Culture=neutral, PublicKeyToken=null" name="IfNotNull0192302" />
    </UnitTest>
    <UnitTest name="Enqueue743" storage="c:\users\suprdewd\desktop\projects\forritun\sharpbag\sharpbag.tests01\bin\release\sharpbag.tests.dll" id="b40efeba-149d-b0b2-c78c-fd20b414ee67">
      <Execution id="1f88414f-eedc-45ab-aa1d-5e77c4daba68" />
      <TestMethod codeBase="C:/Users/SuprDewd/Desktop/Projects/Forritun/SharpBag/SharpBag.Tests01/bin/Release/SharpBag.Tests.DLL" adapterTypeName="Microsoft.VisualStudio.TestTools.TestTypes.Unit.UnitTestAdapter, Microsoft.VisualStudio.QualityTools.Tips.UnitTest.Adapter, Version=10.0.0.0, Culture=neutral, PublicKeyToken=b03f5f7f11d50a3a" className="SharpBag.Algorithms.PriorityQueueTTest, SharpBag.Tests, Version=0.0.0.0, Culture=neutral, PublicKeyToken=null" name="Enqueue743" />
    </UnitTest>
    <UnitTest name="InvokeIfRequiredThrowsContractException870" storage="c:\users\suprdewd\desktop\projects\forritun\sharpbag\sharpbag.tests01\bin\release\sharpbag.tests.dll" id="e5623ce5-a9dc-7c7d-ffdc-f4cf28cd97aa">
      <Execution id="13d33fc2-c22e-465f-9abf-ed20953b56d1" />
      <TestMethod codeBase="C:/Users/SuprDewd/Desktop/Projects/Forritun/SharpBag/SharpBag.Tests01/bin/Release/SharpBag.Tests.DLL" adapterTypeName="Microsoft.VisualStudio.TestTools.TestTypes.Unit.UnitTestAdapter, Microsoft.VisualStudio.QualityTools.Tips.UnitTest.Adapter, Version=10.0.0.0, Culture=neutral, PublicKeyToken=b03f5f7f11d50a3a" className="SharpBag.ExtensionsTest, SharpBag.Tests, Version=0.0.0.0, Culture=neutral, PublicKeyToken=null" name="InvokeIfRequiredThrowsContractException870" />
    </UnitTest>
    <UnitTest name="Add60904" storage="c:\users\suprdewd\desktop\projects\forritun\sharpbag\sharpbag.tests01\bin\release\sharpbag.tests.dll" id="1cb6fca5-5cbd-75cb-cfee-a358b8315906">
      <Execution id="0d6b1b56-8b0e-4c9b-9412-10c47738cb24" />
      <TestMethod codeBase="C:/Users/SuprDewd/Desktop/Projects/Forritun/SharpBag/SharpBag.Tests01/bin/Release/SharpBag.Tests.DLL" adapterTypeName="Microsoft.VisualStudio.TestTools.TestTypes.Unit.UnitTestAdapter, Microsoft.VisualStudio.QualityTools.Tips.UnitTest.Adapter, Version=10.0.0.0, Culture=neutral, PublicKeyToken=b03f5f7f11d50a3a" className="SharpBag.ExtensionsTest, SharpBag.Tests, Version=0.0.0.0, Culture=neutral, PublicKeyToken=null" name="Add60904" />
    </UnitTest>
    <UnitTest name="To0459801" storage="c:\users\suprdewd\desktop\projects\forritun\sharpbag\sharpbag.tests01\bin\release\sharpbag.tests.dll" id="0e73a463-cb0d-f992-9d84-5941849f04d6">
      <Execution id="9f1882f0-05ef-4d45-80dd-b8f78f662685" />
      <TestMethod codeBase="C:/Users/SuprDewd/Desktop/Projects/Forritun/SharpBag/SharpBag.Tests01/bin/Release/SharpBag.Tests.DLL" adapterTypeName="Microsoft.VisualStudio.TestTools.TestTypes.Unit.UnitTestAdapter, Microsoft.VisualStudio.QualityTools.Tips.UnitTest.Adapter, Version=10.0.0.0, Culture=neutral, PublicKeyToken=b03f5f7f11d50a3a" className="SharpBag.ExtensionsTest, SharpBag.Tests, Version=0.0.0.0, Culture=neutral, PublicKeyToken=null" name="To0459801" />
    </UnitTest>
    <UnitTest name="Add29602" storage="c:\users\suprdewd\desktop\projects\forritun\sharpbag\sharpbag.tests01\bin\release\sharpbag.tests.dll" id="d820847a-a64d-718b-5774-4886058277c3">
      <Execution id="fbd9e614-e4a0-4de0-ad96-99bf7051720e" />
      <TestMethod codeBase="C:/Users/SuprDewd/Desktop/Projects/Forritun/SharpBag/SharpBag.Tests01/bin/Release/SharpBag.Tests.DLL" adapterTypeName="Microsoft.VisualStudio.TestTools.TestTypes.Unit.UnitTestAdapter, Microsoft.VisualStudio.QualityTools.Tips.UnitTest.Adapter, Version=10.0.0.0, Culture=neutral, PublicKeyToken=b03f5f7f11d50a3a" className="SharpBag.ExtensionsTest, SharpBag.Tests, Version=0.0.0.0, Culture=neutral, PublicKeyToken=null" name="Add29602" />
    </UnitTest>
    <UnitTest name="To0163701" storage="c:\users\suprdewd\desktop\projects\forritun\sharpbag\sharpbag.tests01\bin\release\sharpbag.tests.dll" id="229cca66-aa3f-9557-9307-ec8679e563f6">
      <Execution id="2fb02edd-0225-462c-9933-e7979c8f3665" />
      <TestMethod codeBase="C:/Users/SuprDewd/Desktop/Projects/Forritun/SharpBag/SharpBag.Tests01/bin/Release/SharpBag.Tests.DLL" adapterTypeName="Microsoft.VisualStudio.TestTools.TestTypes.Unit.UnitTestAdapter, Microsoft.VisualStudio.QualityTools.Tips.UnitTest.Adapter, Version=10.0.0.0, Culture=neutral, PublicKeyToken=b03f5f7f11d50a3a" className="SharpBag.ExtensionsTest, SharpBag.Tests, Version=0.0.0.0, Culture=neutral, PublicKeyToken=null" name="To0163701" />
    </UnitTest>
    <UnitTest name="As21503" storage="c:\users\suprdewd\desktop\projects\forritun\sharpbag\sharpbag.tests01\bin\release\sharpbag.tests.dll" id="b03d2b82-a5f5-4a0a-521f-fd9e431b28da">
      <Execution id="52c3d9e1-c4e8-49a9-b724-6b27022e857e" />
      <TestMethod codeBase="C:/Users/SuprDewd/Desktop/Projects/Forritun/SharpBag/SharpBag.Tests01/bin/Release/SharpBag.Tests.DLL" adapterTypeName="Microsoft.VisualStudio.TestTools.TestTypes.Unit.UnitTestAdapter, Microsoft.VisualStudio.QualityTools.Tips.UnitTest.Adapter, Version=10.0.0.0, Culture=neutral, PublicKeyToken=b03f5f7f11d50a3a" className="SharpBag.ExtensionsTest, SharpBag.Tests, Version=0.0.0.0, Culture=neutral, PublicKeyToken=null" name="As21503" />
    </UnitTest>
    <UnitTest name="Fill0168802" storage="c:\users\suprdewd\desktop\projects\forritun\sharpbag\sharpbag.tests01\bin\release\sharpbag.tests.dll" id="c3e8dcc2-bac7-2a0c-9c06-8dc4838145f3">
      <Execution id="51ecdc6d-730d-45a3-8833-94800e30f118" />
      <TestMethod codeBase="C:/Users/SuprDewd/Desktop/Projects/Forritun/SharpBag/SharpBag.Tests01/bin/Release/SharpBag.Tests.DLL" adapterTypeName="Microsoft.VisualStudio.TestTools.TestTypes.Unit.UnitTestAdapter, Microsoft.VisualStudio.QualityTools.Tips.UnitTest.Adapter, Version=10.0.0.0, Culture=neutral, PublicKeyToken=b03f5f7f11d50a3a" className="SharpBag.ExtensionsTest, SharpBag.Tests, Version=0.0.0.0, Culture=neutral, PublicKeyToken=null" name="Fill0168802" />
    </UnitTest>
    <UnitTest name="As21505" storage="c:\users\suprdewd\desktop\projects\forritun\sharpbag\sharpbag.tests01\bin\release\sharpbag.tests.dll" id="2250a8be-6947-1057-ceec-e49c62f651fa">
      <Execution id="6dc26975-c8d0-4e7e-a837-e5b33d0cd05d" />
      <TestMethod codeBase="C:/Users/SuprDewd/Desktop/Projects/Forritun/SharpBag/SharpBag.Tests01/bin/Release/SharpBag.Tests.DLL" adapterTypeName="Microsoft.VisualStudio.TestTools.TestTypes.Unit.UnitTestAdapter, Microsoft.VisualStudio.QualityTools.Tips.UnitTest.Adapter, Version=10.0.0.0, Culture=neutral, PublicKeyToken=b03f5f7f11d50a3a" className="SharpBag.ExtensionsTest, SharpBag.Tests, Version=0.0.0.0, Culture=neutral, PublicKeyToken=null" name="As21505" />
    </UnitTest>
    <UnitTest name="As0132104" storage="c:\users\suprdewd\desktop\projects\forritun\sharpbag\sharpbag.tests01\bin\release\sharpbag.tests.dll" id="b30e4a1d-f330-da4d-3e81-5c536003275c">
      <Execution id="2350624e-a521-45ca-8c29-2696357a6253" />
      <TestMethod codeBase="C:/Users/SuprDewd/Desktop/Projects/Forritun/SharpBag/SharpBag.Tests01/bin/Release/SharpBag.Tests.DLL" adapterTypeName="Microsoft.VisualStudio.TestTools.TestTypes.Unit.UnitTestAdapter, Microsoft.VisualStudio.QualityTools.Tips.UnitTest.Adapter, Version=10.0.0.0, Culture=neutral, PublicKeyToken=b03f5f7f11d50a3a" className="SharpBag.ExtensionsTest, SharpBag.Tests, Version=0.0.0.0, Culture=neutral, PublicKeyToken=null" name="As0132104" />
    </UnitTest>
    <UnitTest name="As0163216" storage="c:\users\suprdewd\desktop\projects\forritun\sharpbag\sharpbag.tests01\bin\release\sharpbag.tests.dll" id="ee7a26ae-f08b-c1d5-713f-d21139c592b9">
      <Execution id="7ecf5297-da67-45c2-96ca-5e0f03954010" />
      <TestMethod codeBase="C:/Users/SuprDewd/Desktop/Projects/Forritun/SharpBag/SharpBag.Tests01/bin/Release/SharpBag.Tests.DLL" adapterTypeName="Microsoft.VisualStudio.TestTools.TestTypes.Unit.UnitTestAdapter, Microsoft.VisualStudio.QualityTools.Tips.UnitTest.Adapter, Version=10.0.0.0, Culture=neutral, PublicKeyToken=b03f5f7f11d50a3a" className="SharpBag.ExtensionsTest, SharpBag.Tests, Version=0.0.0.0, Culture=neutral, PublicKeyToken=null" name="As0163216" />
    </UnitTest>
    <UnitTest name="As0166401" storage="c:\users\suprdewd\desktop\projects\forritun\sharpbag\sharpbag.tests01\bin\release\sharpbag.tests.dll" id="2b6a1fd0-ad89-86fe-c32f-c850f3486570">
      <Execution id="e4746785-5f4b-42bd-8201-c5d536d72907" />
      <TestMethod codeBase="C:/Users/SuprDewd/Desktop/Projects/Forritun/SharpBag/SharpBag.Tests01/bin/Release/SharpBag.Tests.DLL" adapterTypeName="Microsoft.VisualStudio.TestTools.TestTypes.Unit.UnitTestAdapter, Microsoft.VisualStudio.QualityTools.Tips.UnitTest.Adapter, Version=10.0.0.0, Culture=neutral, PublicKeyToken=b03f5f7f11d50a3a" className="SharpBag.ExtensionsTest, SharpBag.Tests, Version=0.0.0.0, Culture=neutral, PublicKeyToken=null" name="As0166401" />
    </UnitTest>
    <UnitTest name="Random01ThrowsContractException221" storage="c:\users\suprdewd\desktop\projects\forritun\sharpbag\sharpbag.tests01\bin\release\sharpbag.tests.dll" id="bbfb3b40-32b8-1a5f-ae60-bf53c22dbf87">
      <Execution id="350c3f46-fdd0-4c9f-8bb8-73b7f0ac6f68" />
      <TestMethod codeBase="C:/Users/SuprDewd/Desktop/Projects/Forritun/SharpBag/SharpBag.Tests01/bin/Release/SharpBag.Tests.DLL" adapterTypeName="Microsoft.VisualStudio.TestTools.TestTypes.Unit.UnitTestAdapter, Microsoft.VisualStudio.QualityTools.Tips.UnitTest.Adapter, Version=10.0.0.0, Culture=neutral, PublicKeyToken=b03f5f7f11d50a3a" className="SharpBag.ExtensionsTest, SharpBag.Tests, Version=0.0.0.0, Culture=neutral, PublicKeyToken=null" name="Random01ThrowsContractException221" />
    </UnitTest>
    <UnitTest name="As21520" storage="c:\users\suprdewd\desktop\projects\forritun\sharpbag\sharpbag.tests01\bin\release\sharpbag.tests.dll" id="585eea8b-8fa4-71e8-9d43-5274aef9fa35">
      <Execution id="d453dcca-bef9-4500-8774-cf2750934004" />
      <TestMethod codeBase="C:/Users/SuprDewd/Desktop/Projects/Forritun/SharpBag/SharpBag.Tests01/bin/Release/SharpBag.Tests.DLL" adapterTypeName="Microsoft.VisualStudio.TestTools.TestTypes.Unit.UnitTestAdapter, Microsoft.VisualStudio.QualityTools.Tips.UnitTest.Adapter, Version=10.0.0.0, Culture=neutral, PublicKeyToken=b03f5f7f11d50a3a" className="SharpBag.ExtensionsTest, SharpBag.Tests, Version=0.0.0.0, Culture=neutral, PublicKeyToken=null" name="As21520" />
    </UnitTest>
    <UnitTest name="As0163241" storage="c:\users\suprdewd\desktop\projects\forritun\sharpbag\sharpbag.tests01\bin\release\sharpbag.tests.dll" id="2a3bccbe-42e2-9009-af11-20e5efc1eb2e">
      <Execution id="b3699b8c-58ee-4e27-abfb-baeccf3ad06c" />
      <TestMethod codeBase="C:/Users/SuprDewd/Desktop/Projects/Forritun/SharpBag/SharpBag.Tests01/bin/Release/SharpBag.Tests.DLL" adapterTypeName="Microsoft.VisualStudio.TestTools.TestTypes.Unit.UnitTestAdapter, Microsoft.VisualStudio.QualityTools.Tips.UnitTest.Adapter, Version=10.0.0.0, Culture=neutral, PublicKeyToken=b03f5f7f11d50a3a" className="SharpBag.ExtensionsTest, SharpBag.Tests, Version=0.0.0.0, Culture=neutral, PublicKeyToken=null" name="As0163241" />
    </UnitTest>
    <UnitTest name="As0163219" storage="c:\users\suprdewd\desktop\projects\forritun\sharpbag\sharpbag.tests01\bin\release\sharpbag.tests.dll" id="40b13692-f736-7aca-afa5-678a24ba3ffc">
      <Execution id="07a12868-b03a-456c-9fb7-cf5dbe982b5e" />
      <TestMethod codeBase="C:/Users/SuprDewd/Desktop/Projects/Forritun/SharpBag/SharpBag.Tests01/bin/Release/SharpBag.Tests.DLL" adapterTypeName="Microsoft.VisualStudio.TestTools.TestTypes.Unit.UnitTestAdapter, Microsoft.VisualStudio.QualityTools.Tips.UnitTest.Adapter, Version=10.0.0.0, Culture=neutral, PublicKeyToken=b03f5f7f11d50a3a" className="SharpBag.ExtensionsTest, SharpBag.Tests, Version=0.0.0.0, Culture=neutral, PublicKeyToken=null" name="As0163219" />
    </UnitTest>
    <UnitTest name="As6" storage="c:\users\suprdewd\desktop\projects\forritun\sharpbag\sharpbag.tests01\bin\release\sharpbag.tests.dll" id="9d4922e1-95bb-cc07-dd59-02aa21bc0c9d">
      <Execution id="2c090a9c-a52c-4043-9bb3-c53da601e0ac" />
      <TestMethod codeBase="C:/Users/SuprDewd/Desktop/Projects/Forritun/SharpBag/SharpBag.Tests01/bin/Release/SharpBag.Tests.DLL" adapterTypeName="Microsoft.VisualStudio.TestTools.TestTypes.Unit.UnitTestAdapter, Microsoft.VisualStudio.QualityTools.Tips.UnitTest.Adapter, Version=10.0.0.0, Culture=neutral, PublicKeyToken=b03f5f7f11d50a3a" className="SharpBag.ExtensionsTest, SharpBag.Tests, Version=0.0.0.0, Culture=neutral, PublicKeyToken=null" name="As6" />
    </UnitTest>
    <UnitTest name="UnionAllThrowsContractException498" storage="c:\users\suprdewd\desktop\projects\forritun\sharpbag\sharpbag.tests01\bin\release\sharpbag.tests.dll" id="0c6370f1-3a15-0de1-18cb-8da30dd57ee7">
      <Execution id="867b495f-94dd-4f79-9448-c0e23059e492" />
      <TestMethod codeBase="C:/Users/SuprDewd/Desktop/Projects/Forritun/SharpBag/SharpBag.Tests01/bin/Release/SharpBag.Tests.DLL" adapterTypeName="Microsoft.VisualStudio.TestTools.TestTypes.Unit.UnitTestAdapter, Microsoft.VisualStudio.QualityTools.Tips.UnitTest.Adapter, Version=10.0.0.0, Culture=neutral, PublicKeyToken=b03f5f7f11d50a3a" className="SharpBag.ExtensionsTest, SharpBag.Tests, Version=0.0.0.0, Culture=neutral, PublicKeyToken=null" name="UnionAllThrowsContractException498" />
    </UnitTest>
    <UnitTest name="As170" storage="c:\users\suprdewd\desktop\projects\forritun\sharpbag\sharpbag.tests01\bin\release\sharpbag.tests.dll" id="0e645c38-e73b-967d-e94f-74a8d38a05b3">
      <Execution id="2bc36d3b-83df-4cab-81b6-819a124428e2" />
      <TestMethod codeBase="C:/Users/SuprDewd/Desktop/Projects/Forritun/SharpBag/SharpBag.Tests01/bin/Release/SharpBag.Tests.DLL" adapterTypeName="Microsoft.VisualStudio.TestTools.TestTypes.Unit.UnitTestAdapter, Microsoft.VisualStudio.QualityTools.Tips.UnitTest.Adapter, Version=10.0.0.0, Culture=neutral, PublicKeyToken=b03f5f7f11d50a3a" className="SharpBag.ExtensionsTest, SharpBag.Tests, Version=0.0.0.0, Culture=neutral, PublicKeyToken=null" name="As170" />
    </UnitTest>
    <UnitTest name="As0166001" storage="c:\users\suprdewd\desktop\projects\forritun\sharpbag\sharpbag.tests01\bin\release\sharpbag.tests.dll" id="4a5ccd91-8853-f0cc-c6d0-af1603a36ab2">
      <Execution id="f302b6ba-d125-4e68-8f63-c7b4a3d426ea" />
      <TestMethod codeBase="C:/Users/SuprDewd/Desktop/Projects/Forritun/SharpBag/SharpBag.Tests01/bin/Release/SharpBag.Tests.DLL" adapterTypeName="Microsoft.VisualStudio.TestTools.TestTypes.Unit.UnitTestAdapter, Microsoft.VisualStudio.QualityTools.Tips.UnitTest.Adapter, Version=10.0.0.0, Culture=neutral, PublicKeyToken=b03f5f7f11d50a3a" className="SharpBag.ExtensionsTest, SharpBag.Tests, Version=0.0.0.0, Culture=neutral, PublicKeyToken=null" name="As0166001" />
    </UnitTest>
    <UnitTest name="Add88501" storage="c:\users\suprdewd\desktop\projects\forritun\sharpbag\sharpbag.tests01\bin\release\sharpbag.tests.dll" id="8795f817-2bb9-9d00-f981-a3a8a2b7335e">
      <Execution id="f3b149a4-7c52-4c98-8779-a7d004610c83" />
      <TestMethod codeBase="C:/Users/SuprDewd/Desktop/Projects/Forritun/SharpBag/SharpBag.Tests01/bin/Release/SharpBag.Tests.DLL" adapterTypeName="Microsoft.VisualStudio.TestTools.TestTypes.Unit.UnitTestAdapter, Microsoft.VisualStudio.QualityTools.Tips.UnitTest.Adapter, Version=10.0.0.0, Culture=neutral, PublicKeyToken=b03f5f7f11d50a3a" className="SharpBag.ExtensionsTest, SharpBag.Tests, Version=0.0.0.0, Culture=neutral, PublicKeyToken=null" name="Add88501" />
    </UnitTest>
    <UnitTest name="As0132103" storage="c:\users\suprdewd\desktop\projects\forritun\sharpbag\sharpbag.tests01\bin\release\sharpbag.tests.dll" id="0c58cf0b-ac72-a134-206f-98daff22c7f5">
      <Execution id="6bf93b2a-aefc-4da1-a9f8-2639dd43bfd3" />
      <TestMethod codeBase="C:/Users/SuprDewd/Desktop/Projects/Forritun/SharpBag/SharpBag.Tests01/bin/Release/SharpBag.Tests.DLL" adapterTypeName="Microsoft.VisualStudio.TestTools.TestTypes.Unit.UnitTestAdapter, Microsoft.VisualStudio.QualityTools.Tips.UnitTest.Adapter, Version=10.0.0.0, Culture=neutral, PublicKeyToken=b03f5f7f11d50a3a" className="SharpBag.ExtensionsTest, SharpBag.Tests, Version=0.0.0.0, Culture=neutral, PublicKeyToken=null" name="As0132103" />
    </UnitTest>
    <UnitTest name="Times25801" storage="c:\users\suprdewd\desktop\projects\forritun\sharpbag\sharpbag.tests01\bin\release\sharpbag.tests.dll" id="54dfb2f2-edab-6914-c734-746381ef028e">
      <Execution id="b6c63b80-d2cd-48c4-9aff-fe0fc9bb76dc" />
      <TestMethod codeBase="C:/Users/SuprDewd/Desktop/Projects/Forritun/SharpBag/SharpBag.Tests01/bin/Release/SharpBag.Tests.DLL" adapterTypeName="Microsoft.VisualStudio.TestTools.TestTypes.Unit.UnitTestAdapter, Microsoft.VisualStudio.QualityTools.Tips.UnitTest.Adapter, Version=10.0.0.0, Culture=neutral, PublicKeyToken=b03f5f7f11d50a3a" className="SharpBag.ExtensionsTest, SharpBag.Tests, Version=0.0.0.0, Culture=neutral, PublicKeyToken=null" name="Times25801" />
    </UnitTest>
    <UnitTest name="As0163217" storage="c:\users\suprdewd\desktop\projects\forritun\sharpbag\sharpbag.tests01\bin\release\sharpbag.tests.dll" id="e966bfbe-0422-eb75-f093-b800f9c629b7">
      <Execution id="78ef6998-7c05-460a-a73f-6023dea49eaf" />
      <TestMethod codeBase="C:/Users/SuprDewd/Desktop/Projects/Forritun/SharpBag/SharpBag.Tests01/bin/Release/SharpBag.Tests.DLL" adapterTypeName="Microsoft.VisualStudio.TestTools.TestTypes.Unit.UnitTestAdapter, Microsoft.VisualStudio.QualityTools.Tips.UnitTest.Adapter, Version=10.0.0.0, Culture=neutral, PublicKeyToken=b03f5f7f11d50a3a" className="SharpBag.ExtensionsTest, SharpBag.Tests, Version=0.0.0.0, Culture=neutral, PublicKeyToken=null" name="As0163217" />
    </UnitTest>
    <UnitTest name="As0163218" storage="c:\users\suprdewd\desktop\projects\forritun\sharpbag\sharpbag.tests01\bin\release\sharpbag.tests.dll" id="3403c50d-2a71-9a27-1ea8-652ff438ba45">
      <Execution id="9ebd7b2a-5de6-42b2-baca-96a9f86c24bd" />
      <TestMethod codeBase="C:/Users/SuprDewd/Desktop/Projects/Forritun/SharpBag/SharpBag.Tests01/bin/Release/SharpBag.Tests.DLL" adapterTypeName="Microsoft.VisualStudio.TestTools.TestTypes.Unit.UnitTestAdapter, Microsoft.VisualStudio.QualityTools.Tips.UnitTest.Adapter, Version=10.0.0.0, Culture=neutral, PublicKeyToken=b03f5f7f11d50a3a" className="SharpBag.ExtensionsTest, SharpBag.Tests, Version=0.0.0.0, Culture=neutral, PublicKeyToken=null" name="As0163218" />
    </UnitTest>
    <UnitTest name="As215" storage="c:\users\suprdewd\desktop\projects\forritun\sharpbag\sharpbag.tests01\bin\release\sharpbag.tests.dll" id="7743f34e-ac5f-23a3-8e8f-212222420029">
      <Execution id="2183d141-f5be-4ad3-8c6f-2e466a8aee7b" />
      <TestMethod codeBase="C:/Users/SuprDewd/Desktop/Projects/Forritun/SharpBag/SharpBag.Tests01/bin/Release/SharpBag.Tests.DLL" adapterTypeName="Microsoft.VisualStudio.TestTools.TestTypes.Unit.UnitTestAdapter, Microsoft.VisualStudio.QualityTools.Tips.UnitTest.Adapter, Version=10.0.0.0, Culture=neutral, PublicKeyToken=b03f5f7f11d50a3a" className="SharpBag.ExtensionsTest, SharpBag.Tests, Version=0.0.0.0, Culture=neutral, PublicKeyToken=null" name="As215" />
    </UnitTest>
    <UnitTest name="As0132107" storage="c:\users\suprdewd\desktop\projects\forritun\sharpbag\sharpbag.tests01\bin\release\sharpbag.tests.dll" id="850912a6-5065-5531-7451-3014a79cee54">
      <Execution id="85ab93a2-5247-4574-87ba-531d8d05a273" />
      <TestMethod codeBase="C:/Users/SuprDewd/Desktop/Projects/Forritun/SharpBag/SharpBag.Tests01/bin/Release/SharpBag.Tests.DLL" adapterTypeName="Microsoft.VisualStudio.TestTools.TestTypes.Unit.UnitTestAdapter, Microsoft.VisualStudio.QualityTools.Tips.UnitTest.Adapter, Version=10.0.0.0, Culture=neutral, PublicKeyToken=b03f5f7f11d50a3a" className="SharpBag.ExtensionsTest, SharpBag.Tests, Version=0.0.0.0, Culture=neutral, PublicKeyToken=null" name="As0132107" />
    </UnitTest>
    <UnitTest name="Fill0110503" storage="c:\users\suprdewd\desktop\projects\forritun\sharpbag\sharpbag.tests01\bin\release\sharpbag.tests.dll" id="2f965438-892b-963f-1d2d-a0dc16402531">
      <Execution id="7b6a7650-96ed-4165-85e5-fc4c9b8a65b2" />
      <TestMethod codeBase="C:/Users/SuprDewd/Desktop/Projects/Forritun/SharpBag/SharpBag.Tests01/bin/Release/SharpBag.Tests.DLL" adapterTypeName="Microsoft.VisualStudio.TestTools.TestTypes.Unit.UnitTestAdapter, Microsoft.VisualStudio.QualityTools.Tips.UnitTest.Adapter, Version=10.0.0.0, Culture=neutral, PublicKeyToken=b03f5f7f11d50a3a" className="SharpBag.ExtensionsTest, SharpBag.Tests, Version=0.0.0.0, Culture=neutral, PublicKeyToken=null" name="Fill0110503" />
    </UnitTest>
    <UnitTest name="To0482501" storage="c:\users\suprdewd\desktop\projects\forritun\sharpbag\sharpbag.tests01\bin\release\sharpbag.tests.dll" id="86a0d6ba-240b-81ef-7612-a91dd0bac5dd">
      <Execution id="ec467344-3df3-47d2-b353-80b3520f40b6" />
      <TestMethod codeBase="C:/Users/SuprDewd/Desktop/Projects/Forritun/SharpBag/SharpBag.Tests01/bin/Release/SharpBag.Tests.DLL" adapterTypeName="Microsoft.VisualStudio.TestTools.TestTypes.Unit.UnitTestAdapter, Microsoft.VisualStudio.QualityTools.Tips.UnitTest.Adapter, Version=10.0.0.0, Culture=neutral, PublicKeyToken=b03f5f7f11d50a3a" className="SharpBag.ExtensionsTest, SharpBag.Tests, Version=0.0.0.0, Culture=neutral, PublicKeyToken=null" name="To0482501" />
    </UnitTest>
    <UnitTest name="GetByPercentThrowsContractException730" storage="c:\users\suprdewd\desktop\projects\forritun\sharpbag\sharpbag.tests01\bin\release\sharpbag.tests.dll" id="1e0ca069-996e-4bc0-6164-74e9ee8107ac">
      <Execution id="8d2bea6e-d26e-444f-9d70-dd78379663a3" />
      <TestMethod codeBase="C:/Users/SuprDewd/Desktop/Projects/Forritun/SharpBag/SharpBag.Tests01/bin/Release/SharpBag.Tests.DLL" adapterTypeName="Microsoft.VisualStudio.TestTools.TestTypes.Unit.UnitTestAdapter, Microsoft.VisualStudio.QualityTools.Tips.UnitTest.Adapter, Version=10.0.0.0, Culture=neutral, PublicKeyToken=b03f5f7f11d50a3a" className="SharpBag.ExtensionsTest, SharpBag.Tests, Version=0.0.0.0, Culture=neutral, PublicKeyToken=null" name="GetByPercentThrowsContractException730" />
    </UnitTest>
    <UnitTest name="As928" storage="c:\users\suprdewd\desktop\projects\forritun\sharpbag\sharpbag.tests01\bin\release\sharpbag.tests.dll" id="d97a225a-e31a-2138-2fae-7b4109b25275">
      <Execution id="a7c94780-7413-4708-a4bb-d3f88aacc030" />
      <TestMethod codeBase="C:/Users/SuprDewd/Desktop/Projects/Forritun/SharpBag/SharpBag.Tests01/bin/Release/SharpBag.Tests.DLL" adapterTypeName="Microsoft.VisualStudio.TestTools.TestTypes.Unit.UnitTestAdapter, Microsoft.VisualStudio.QualityTools.Tips.UnitTest.Adapter, Version=10.0.0.0, Culture=neutral, PublicKeyToken=b03f5f7f11d50a3a" className="SharpBag.ExtensionsTest, SharpBag.Tests, Version=0.0.0.0, Culture=neutral, PublicKeyToken=null" name="As928" />
    </UnitTest>
    <UnitTest name="Fill0110502" storage="c:\users\suprdewd\desktop\projects\forritun\sharpbag\sharpbag.tests01\bin\release\sharpbag.tests.dll" id="8449ab5e-c7c8-6deb-cb03-833888a032c6">
      <Execution id="8412c4d3-cc9e-48c0-bf27-4624bec7a1a2" />
      <TestMethod codeBase="C:/Users/SuprDewd/Desktop/Projects/Forritun/SharpBag/SharpBag.Tests01/bin/Release/SharpBag.Tests.DLL" adapterTypeName="Microsoft.VisualStudio.TestTools.TestTypes.Unit.UnitTestAdapter, Microsoft.VisualStudio.QualityTools.Tips.UnitTest.Adapter, Version=10.0.0.0, Culture=neutral, PublicKeyToken=b03f5f7f11d50a3a" className="SharpBag.ExtensionsTest, SharpBag.Tests, Version=0.0.0.0, Culture=neutral, PublicKeyToken=null" name="Fill0110502" />
    </UnitTest>
    <UnitTest name="As0198301" storage="c:\users\suprdewd\desktop\projects\forritun\sharpbag\sharpbag.tests01\bin\release\sharpbag.tests.dll" id="43271b50-9462-4bb7-5e78-3783a2d68504">
      <Execution id="b365fb04-14ed-444d-a406-cdc52c6508ed" />
      <TestMethod codeBase="C:/Users/SuprDewd/Desktop/Projects/Forritun/SharpBag/SharpBag.Tests01/bin/Release/SharpBag.Tests.DLL" adapterTypeName="Microsoft.VisualStudio.TestTools.TestTypes.Unit.UnitTestAdapter, Microsoft.VisualStudio.QualityTools.Tips.UnitTest.Adapter, Version=10.0.0.0, Culture=neutral, PublicKeyToken=b03f5f7f11d50a3a" className="SharpBag.ExtensionsTest, SharpBag.Tests, Version=0.0.0.0, Culture=neutral, PublicKeyToken=null" name="As0198301" />
    </UnitTest>
    <UnitTest name="As0163224" storage="c:\users\suprdewd\desktop\projects\forritun\sharpbag\sharpbag.tests01\bin\release\sharpbag.tests.dll" id="389db5b6-ab96-a436-4af4-f75359c85bc2">
      <Execution id="30c256cc-e4f4-47e0-9075-6bb472667fb5" />
      <TestMethod codeBase="C:/Users/SuprDewd/Desktop/Projects/Forritun/SharpBag/SharpBag.Tests01/bin/Release/SharpBag.Tests.DLL" adapterTypeName="Microsoft.VisualStudio.TestTools.TestTypes.Unit.UnitTestAdapter, Microsoft.VisualStudio.QualityTools.Tips.UnitTest.Adapter, Version=10.0.0.0, Culture=neutral, PublicKeyToken=b03f5f7f11d50a3a" className="SharpBag.ExtensionsTest, SharpBag.Tests, Version=0.0.0.0, Culture=neutral, PublicKeyToken=null" name="As0163224" />
    </UnitTest>
    <UnitTest name="RangeThrowsContractException958" storage="c:\users\suprdewd\desktop\projects\forritun\sharpbag\sharpbag.tests01\bin\release\sharpbag.tests.dll" id="0cb477c5-7b02-500d-45eb-bb863b0c13bb">
      <Execution id="c9a933b9-dbaa-433c-95de-82407c2036aa" />
      <TestMethod codeBase="C:/Users/SuprDewd/Desktop/Projects/Forritun/SharpBag/SharpBag.Tests01/bin/Release/SharpBag.Tests.DLL" adapterTypeName="Microsoft.VisualStudio.TestTools.TestTypes.Unit.UnitTestAdapter, Microsoft.VisualStudio.QualityTools.Tips.UnitTest.Adapter, Version=10.0.0.0, Culture=neutral, PublicKeyToken=b03f5f7f11d50a3a" className="SharpBag.ExtensionsTest, SharpBag.Tests, Version=0.0.0.0, Culture=neutral, PublicKeyToken=null" name="RangeThrowsContractException958" />
    </UnitTest>
    <UnitTest name="SubarrayThrowsContractException966" storage="c:\users\suprdewd\desktop\projects\forritun\sharpbag\sharpbag.tests01\bin\release\sharpbag.tests.dll" id="51819a1f-c4ce-ae98-f248-c4cc70983131">
      <Execution id="5135b9f1-96f0-4dae-a680-79094fb9aaee" />
      <TestMethod codeBase="C:/Users/SuprDewd/Desktop/Projects/Forritun/SharpBag/SharpBag.Tests01/bin/Release/SharpBag.Tests.DLL" adapterTypeName="Microsoft.VisualStudio.TestTools.TestTypes.Unit.UnitTestAdapter, Microsoft.VisualStudio.QualityTools.Tips.UnitTest.Adapter, Version=10.0.0.0, Culture=neutral, PublicKeyToken=b03f5f7f11d50a3a" className="SharpBag.ExtensionsTest, SharpBag.Tests, Version=0.0.0.0, Culture=neutral, PublicKeyToken=null" name="SubarrayThrowsContractException966" />
    </UnitTest>
    <UnitTest name="As0132105" storage="c:\users\suprdewd\desktop\projects\forritun\sharpbag\sharpbag.tests01\bin\release\sharpbag.tests.dll" id="febe8afb-7bc1-3f13-831b-73b163a8c327">
      <Execution id="35d3cba7-05d2-4080-8ce9-3e0471ad2394" />
      <TestMethod codeBase="C:/Users/SuprDewd/Desktop/Projects/Forritun/SharpBag/SharpBag.Tests01/bin/Release/SharpBag.Tests.DLL" adapterTypeName="Microsoft.VisualStudio.TestTools.TestTypes.Unit.UnitTestAdapter, Microsoft.VisualStudio.QualityTools.Tips.UnitTest.Adapter, Version=10.0.0.0, Culture=neutral, PublicKeyToken=b03f5f7f11d50a3a" className="SharpBag.ExtensionsTest, SharpBag.Tests, Version=0.0.0.0, Culture=neutral, PublicKeyToken=null" name="As0132105" />
    </UnitTest>
    <UnitTest name="As0163226" storage="c:\users\suprdewd\desktop\projects\forritun\sharpbag\sharpbag.tests01\bin\release\sharpbag.tests.dll" id="be772578-3bd6-fe1e-69ad-baa513f62b0b">
      <Execution id="b6d52446-22c8-46bb-ad83-91953fa036eb" />
      <TestMethod codeBase="C:/Users/SuprDewd/Desktop/Projects/Forritun/SharpBag/SharpBag.Tests01/bin/Release/SharpBag.Tests.DLL" adapterTypeName="Microsoft.VisualStudio.TestTools.TestTypes.Unit.UnitTestAdapter, Microsoft.VisualStudio.QualityTools.Tips.UnitTest.Adapter, Version=10.0.0.0, Culture=neutral, PublicKeyToken=b03f5f7f11d50a3a" className="SharpBag.ExtensionsTest, SharpBag.Tests, Version=0.0.0.0, Culture=neutral, PublicKeyToken=null" name="As0163226" />
    </UnitTest>
    <UnitTest name="AsEnumerable0258802" storage="c:\users\suprdewd\desktop\projects\forritun\sharpbag\sharpbag.tests01\bin\release\sharpbag.tests.dll" id="80c446f8-daa9-dd90-7ba0-f56b79877aec">
      <Execution id="b37c6165-010c-4e18-817e-d83b904fc59a" />
      <TestMethod codeBase="C:/Users/SuprDewd/Desktop/Projects/Forritun/SharpBag/SharpBag.Tests01/bin/Release/SharpBag.Tests.DLL" adapterTypeName="Microsoft.VisualStudio.TestTools.TestTypes.Unit.UnitTestAdapter, Microsoft.VisualStudio.QualityTools.Tips.UnitTest.Adapter, Version=10.0.0.0, Culture=neutral, PublicKeyToken=b03f5f7f11d50a3a" className="SharpBag.ExtensionsTest, SharpBag.Tests, Version=0.0.0.0, Culture=neutral, PublicKeyToken=null" name="AsEnumerable0258802" />
    </UnitTest>
    <UnitTest name="As01401" storage="c:\users\suprdewd\desktop\projects\forritun\sharpbag\sharpbag.tests01\bin\release\sharpbag.tests.dll" id="5b905b9d-179c-2930-2f2f-ad7751aea174">
      <Execution id="f21614a0-e2c3-4592-ba52-c06f9d7622d6" />
      <TestMethod codeBase="C:/Users/SuprDewd/Desktop/Projects/Forritun/SharpBag/SharpBag.Tests01/bin/Release/SharpBag.Tests.DLL" adapterTypeName="Microsoft.VisualStudio.TestTools.TestTypes.Unit.UnitTestAdapter, Microsoft.VisualStudio.QualityTools.Tips.UnitTest.Adapter, Version=10.0.0.0, Culture=neutral, PublicKeyToken=b03f5f7f11d50a3a" className="SharpBag.ExtensionsTest, SharpBag.Tests, Version=0.0.0.0, Culture=neutral, PublicKeyToken=null" name="As01401" />
    </UnitTest>
    <UnitTest name="As0163232" storage="c:\users\suprdewd\desktop\projects\forritun\sharpbag\sharpbag.tests01\bin\release\sharpbag.tests.dll" id="0e90738b-70d8-2788-4a26-d16c8666f6ca">
      <Execution id="769b30ba-a34f-48aa-9885-39a3ad34c7dc" />
      <TestMethod codeBase="C:/Users/SuprDewd/Desktop/Projects/Forritun/SharpBag/SharpBag.Tests01/bin/Release/SharpBag.Tests.DLL" adapterTypeName="Microsoft.VisualStudio.TestTools.TestTypes.Unit.UnitTestAdapter, Microsoft.VisualStudio.QualityTools.Tips.UnitTest.Adapter, Version=10.0.0.0, Culture=neutral, PublicKeyToken=b03f5f7f11d50a3a" className="SharpBag.ExtensionsTest, SharpBag.Tests, Version=0.0.0.0, Culture=neutral, PublicKeyToken=null" name="As0163232" />
    </UnitTest>
    <UnitTest name="As0163238" storage="c:\users\suprdewd\desktop\projects\forritun\sharpbag\sharpbag.tests01\bin\release\sharpbag.tests.dll" id="a56170ce-b399-e27e-e213-58e00eb4c436">
      <Execution id="51fb3779-d0ed-46ad-8c41-6b4e4571d148" />
      <TestMethod codeBase="C:/Users/SuprDewd/Desktop/Projects/Forritun/SharpBag/SharpBag.Tests01/bin/Release/SharpBag.Tests.DLL" adapterTypeName="Microsoft.VisualStudio.TestTools.TestTypes.Unit.UnitTestAdapter, Microsoft.VisualStudio.QualityTools.Tips.UnitTest.Adapter, Version=10.0.0.0, Culture=neutral, PublicKeyToken=b03f5f7f11d50a3a" className="SharpBag.ExtensionsTest, SharpBag.Tests, Version=0.0.0.0, Culture=neutral, PublicKeyToken=null" name="As0163238" />
    </UnitTest>
    <UnitTest name="Fill01ThrowsContractException279" storage="c:\users\suprdewd\desktop\projects\forritun\sharpbag\sharpbag.tests01\bin\release\sharpbag.tests.dll" id="1c9baf40-1112-7f41-3f0f-adc161687f04">
      <Execution id="967b739c-1c28-40c3-bfe4-50afcda14f05" />
      <TestMethod codeBase="C:/Users/SuprDewd/Desktop/Projects/Forritun/SharpBag/SharpBag.Tests01/bin/Release/SharpBag.Tests.DLL" adapterTypeName="Microsoft.VisualStudio.TestTools.TestTypes.Unit.UnitTestAdapter, Microsoft.VisualStudio.QualityTools.Tips.UnitTest.Adapter, Version=10.0.0.0, Culture=neutral, PublicKeyToken=b03f5f7f11d50a3a" className="SharpBag.ExtensionsTest, SharpBag.Tests, Version=0.0.0.0, Culture=neutral, PublicKeyToken=null" name="Fill01ThrowsContractException279" />
    </UnitTest>
    <UnitTest name="Fill0168801" storage="c:\users\suprdewd\desktop\projects\forritun\sharpbag\sharpbag.tests01\bin\release\sharpbag.tests.dll" id="bdf76499-e0f6-3d7b-4432-982ba6c3b223">
      <Execution id="db0829f2-0788-4bda-b6dd-721eb6358b73" />
      <TestMethod codeBase="C:/Users/SuprDewd/Desktop/Projects/Forritun/SharpBag/SharpBag.Tests01/bin/Release/SharpBag.Tests.DLL" adapterTypeName="Microsoft.VisualStudio.TestTools.TestTypes.Unit.UnitTestAdapter, Microsoft.VisualStudio.QualityTools.Tips.UnitTest.Adapter, Version=10.0.0.0, Culture=neutral, PublicKeyToken=b03f5f7f11d50a3a" className="SharpBag.ExtensionsTest, SharpBag.Tests, Version=0.0.0.0, Culture=neutral, PublicKeyToken=null" name="Fill0168801" />
    </UnitTest>
    <UnitTest name="UnionAllThrowsContractException888" storage="c:\users\suprdewd\desktop\projects\forritun\sharpbag\sharpbag.tests01\bin\release\sharpbag.tests.dll" id="2fd85783-fc83-f96f-d9bf-a6bcc5a252f1">
      <Execution id="ad9145ae-4dec-4329-ab9d-a6f328da0c24" />
      <TestMethod codeBase="C:/Users/SuprDewd/Desktop/Projects/Forritun/SharpBag/SharpBag.Tests01/bin/Release/SharpBag.Tests.DLL" adapterTypeName="Microsoft.VisualStudio.TestTools.TestTypes.Unit.UnitTestAdapter, Microsoft.VisualStudio.QualityTools.Tips.UnitTest.Adapter, Version=10.0.0.0, Culture=neutral, PublicKeyToken=b03f5f7f11d50a3a" className="SharpBag.ExtensionsTest, SharpBag.Tests, Version=0.0.0.0, Culture=neutral, PublicKeyToken=null" name="UnionAllThrowsContractException888" />
    </UnitTest>
    <UnitTest name="IsIn01ThrowsContractException380" storage="c:\users\suprdewd\desktop\projects\forritun\sharpbag\sharpbag.tests01\bin\release\sharpbag.tests.dll" id="5755d2a8-1978-f19d-e7bc-79a3772bf830">
      <Execution id="14c98e8b-3382-4326-89fc-406deaab3835" />
      <TestMethod codeBase="C:/Users/SuprDewd/Desktop/Projects/Forritun/SharpBag/SharpBag.Tests01/bin/Release/SharpBag.Tests.DLL" adapterTypeName="Microsoft.VisualStudio.TestTools.TestTypes.Unit.UnitTestAdapter, Microsoft.VisualStudio.QualityTools.Tips.UnitTest.Adapter, Version=10.0.0.0, Culture=neutral, PublicKeyToken=b03f5f7f11d50a3a" className="SharpBag.ExtensionsTest, SharpBag.Tests, Version=0.0.0.0, Culture=neutral, PublicKeyToken=null" name="IsIn01ThrowsContractException380" />
    </UnitTest>
    <UnitTest name="AsEnumerable0128302" storage="c:\users\suprdewd\desktop\projects\forritun\sharpbag\sharpbag.tests01\bin\release\sharpbag.tests.dll" id="39820720-af85-1690-8f39-546deff2b7b4">
      <Execution id="e45145c7-3c96-4e7f-ace0-a413611f20df" />
      <TestMethod codeBase="C:/Users/SuprDewd/Desktop/Projects/Forritun/SharpBag/SharpBag.Tests01/bin/Release/SharpBag.Tests.DLL" adapterTypeName="Microsoft.VisualStudio.TestTools.TestTypes.Unit.UnitTestAdapter, Microsoft.VisualStudio.QualityTools.Tips.UnitTest.Adapter, Version=10.0.0.0, Culture=neutral, PublicKeyToken=b03f5f7f11d50a3a" className="SharpBag.ExtensionsTest, SharpBag.Tests, Version=0.0.0.0, Culture=neutral, PublicKeyToken=null" name="AsEnumerable0128302" />
    </UnitTest>
    <UnitTest name="To72301" storage="c:\users\suprdewd\desktop\projects\forritun\sharpbag\sharpbag.tests01\bin\release\sharpbag.tests.dll" id="db3b6314-b1da-7626-0e4e-61abbddac9d6">
      <Execution id="18d13aee-dec1-48f2-aa21-1a475edd4f06" />
      <TestMethod codeBase="C:/Users/SuprDewd/Desktop/Projects/Forritun/SharpBag/SharpBag.Tests01/bin/Release/SharpBag.Tests.DLL" adapterTypeName="Microsoft.VisualStudio.TestTools.TestTypes.Unit.UnitTestAdapter, Microsoft.VisualStudio.QualityTools.Tips.UnitTest.Adapter, Version=10.0.0.0, Culture=neutral, PublicKeyToken=b03f5f7f11d50a3a" className="SharpBag.ExtensionsTest, SharpBag.Tests, Version=0.0.0.0, Culture=neutral, PublicKeyToken=null" name="To72301" />
    </UnitTest>
    <UnitTest name="As0136701" storage="c:\users\suprdewd\desktop\projects\forritun\sharpbag\sharpbag.tests01\bin\release\sharpbag.tests.dll" id="de06015f-869e-46b8-4b51-8c7b049b2b96">
      <Execution id="92202ae4-8025-4891-9258-bf3149d05803" />
      <TestMethod codeBase="C:/Users/SuprDewd/Desktop/Projects/Forritun/SharpBag/SharpBag.Tests01/bin/Release/SharpBag.Tests.DLL" adapterTypeName="Microsoft.VisualStudio.TestTools.TestTypes.Unit.UnitTestAdapter, Microsoft.VisualStudio.QualityTools.Tips.UnitTest.Adapter, Version=10.0.0.0, Culture=neutral, PublicKeyToken=b03f5f7f11d50a3a" className="SharpBag.ExtensionsTest, SharpBag.Tests, Version=0.0.0.0, Culture=neutral, PublicKeyToken=null" name="As0136701" />
    </UnitTest>
    <UnitTest name="NullOr90704" storage="c:\users\suprdewd\desktop\projects\forritun\sharpbag\sharpbag.tests01\bin\release\sharpbag.tests.dll" id="603d3527-31ad-433b-f22d-64c8d067b62d">
      <Execution id="efa1ddfd-0fee-4164-8a30-79541d8582d8" />
      <TestMethod codeBase="C:/Users/SuprDewd/Desktop/Projects/Forritun/SharpBag/SharpBag.Tests01/bin/Release/SharpBag.Tests.DLL" adapterTypeName="Microsoft.VisualStudio.TestTools.TestTypes.Unit.UnitTestAdapter, Microsoft.VisualStudio.QualityTools.Tips.UnitTest.Adapter, Version=10.0.0.0, Culture=neutral, PublicKeyToken=b03f5f7f11d50a3a" className="SharpBag.ExtensionsTest, SharpBag.Tests, Version=0.0.0.0, Culture=neutral, PublicKeyToken=null" name="NullOr90704" />
    </UnitTest>
    <UnitTest name="As21517" storage="c:\users\suprdewd\desktop\projects\forritun\sharpbag\sharpbag.tests01\bin\release\sharpbag.tests.dll" id="44ddd54b-7a43-e4f9-ebb3-b78badce4585">
      <Execution id="a79443ce-66ef-4a9a-b8e5-5e1e268a9e78" />
      <TestMethod codeBase="C:/Users/SuprDewd/Desktop/Projects/Forritun/SharpBag/SharpBag.Tests01/bin/Release/SharpBag.Tests.DLL" adapterTypeName="Microsoft.VisualStudio.TestTools.TestTypes.Unit.UnitTestAdapter, Microsoft.VisualStudio.QualityTools.Tips.UnitTest.Adapter, Version=10.0.0.0, Culture=neutral, PublicKeyToken=b03f5f7f11d50a3a" className="SharpBag.ExtensionsTest, SharpBag.Tests, Version=0.0.0.0, Culture=neutral, PublicKeyToken=null" name="As21517" />
    </UnitTest>
    <UnitTest name="Fill0157101" storage="c:\users\suprdewd\desktop\projects\forritun\sharpbag\sharpbag.tests01\bin\release\sharpbag.tests.dll" id="b8e531ca-ec94-5331-cc83-d2332ab01f85">
      <Execution id="349d3110-48a6-4c22-a323-13dd7b3d4e70" />
      <TestMethod codeBase="C:/Users/SuprDewd/Desktop/Projects/Forritun/SharpBag/SharpBag.Tests01/bin/Release/SharpBag.Tests.DLL" adapterTypeName="Microsoft.VisualStudio.TestTools.TestTypes.Unit.UnitTestAdapter, Microsoft.VisualStudio.QualityTools.Tips.UnitTest.Adapter, Version=10.0.0.0, Culture=neutral, PublicKeyToken=b03f5f7f11d50a3a" className="SharpBag.ExtensionsTest, SharpBag.Tests, Version=0.0.0.0, Culture=neutral, PublicKeyToken=null" name="Fill0157101" />
    </UnitTest>
    <UnitTest name="GetByPercent562" storage="c:\users\suprdewd\desktop\projects\forritun\sharpbag\sharpbag.tests01\bin\release\sharpbag.tests.dll" id="2e107be2-e3af-1a8b-fb4b-bdb5534db4b8">
      <Execution id="e079883e-91eb-4177-ae5e-283b02451268" />
      <TestMethod codeBase="C:/Users/SuprDewd/Desktop/Projects/Forritun/SharpBag/SharpBag.Tests01/bin/Release/SharpBag.Tests.DLL" adapterTypeName="Microsoft.VisualStudio.TestTools.TestTypes.Unit.UnitTestAdapter, Microsoft.VisualStudio.QualityTools.Tips.UnitTest.Adapter, Version=10.0.0.0, Culture=neutral, PublicKeyToken=b03f5f7f11d50a3a" className="SharpBag.ExtensionsTest, SharpBag.Tests, Version=0.0.0.0, Culture=neutral, PublicKeyToken=null" name="GetByPercent562" />
    </UnitTest>
    <UnitTest name="NullOr90703" storage="c:\users\suprdewd\desktop\projects\forritun\sharpbag\sharpbag.tests01\bin\release\sharpbag.tests.dll" id="97102229-37fa-e978-ffae-7fd4c7300f98">
      <Execution id="13afdfd4-a155-4b63-94b1-8c14dd4795f1" />
      <TestMethod codeBase="C:/Users/SuprDewd/Desktop/Projects/Forritun/SharpBag/SharpBag.Tests01/bin/Release/SharpBag.Tests.DLL" adapterTypeName="Microsoft.VisualStudio.TestTools.TestTypes.Unit.UnitTestAdapter, Microsoft.VisualStudio.QualityTools.Tips.UnitTest.Adapter, Version=10.0.0.0, Culture=neutral, PublicKeyToken=b03f5f7f11d50a3a" className="SharpBag.ExtensionsTest, SharpBag.Tests, Version=0.0.0.0, Culture=neutral, PublicKeyToken=null" name="NullOr90703" />
    </UnitTest>
    <UnitTest name="ToDictionaryThrowsContractException478" storage="c:\users\suprdewd\desktop\projects\forritun\sharpbag\sharpbag.tests01\bin\release\sharpbag.tests.dll" id="59990ab9-8064-95a7-969b-da2dc269c717">
      <Execution id="64ff61b3-d662-4419-a05d-183eaa30479a" />
      <TestMethod codeBase="C:/Users/SuprDewd/Desktop/Projects/Forritun/SharpBag/SharpBag.Tests01/bin/Release/SharpBag.Tests.DLL" adapterTypeName="Microsoft.VisualStudio.TestTools.TestTypes.Unit.UnitTestAdapter, Microsoft.VisualStudio.QualityTools.Tips.UnitTest.Adapter, Version=10.0.0.0, Culture=neutral, PublicKeyToken=b03f5f7f11d50a3a" className="SharpBag.ExtensionsTest, SharpBag.Tests, Version=0.0.0.0, Culture=neutral, PublicKeyToken=null" name="ToDictionaryThrowsContractException478" />
    </UnitTest>
    <UnitTest name="IfNotNull47704" storage="c:\users\suprdewd\desktop\projects\forritun\sharpbag\sharpbag.tests01\bin\release\sharpbag.tests.dll" id="1b50a732-77b4-82a3-8153-f8dad0640018">
      <Execution id="60a6e744-70a9-4957-9cde-dfbde183ac6c" />
      <TestMethod codeBase="C:/Users/SuprDewd/Desktop/Projects/Forritun/SharpBag/SharpBag.Tests01/bin/Release/SharpBag.Tests.DLL" adapterTypeName="Microsoft.VisualStudio.TestTools.TestTypes.Unit.UnitTestAdapter, Microsoft.VisualStudio.QualityTools.Tips.UnitTest.Adapter, Version=10.0.0.0, Culture=neutral, PublicKeyToken=b03f5f7f11d50a3a" className="SharpBag.ExtensionsTest, SharpBag.Tests, Version=0.0.0.0, Culture=neutral, PublicKeyToken=null" name="IfNotNull47704" />
    </UnitTest>
    <UnitTest name="As0132109" storage="c:\users\suprdewd\desktop\projects\forritun\sharpbag\sharpbag.tests01\bin\release\sharpbag.tests.dll" id="ea8ee283-08b1-8adf-4aa4-5e76e4a476d8">
      <Execution id="18b35327-c504-483f-90bc-5a859b348ebc" />
      <TestMethod codeBase="C:/Users/SuprDewd/Desktop/Projects/Forritun/SharpBag/SharpBag.Tests01/bin/Release/SharpBag.Tests.DLL" adapterTypeName="Microsoft.VisualStudio.TestTools.TestTypes.Unit.UnitTestAdapter, Microsoft.VisualStudio.QualityTools.Tips.UnitTest.Adapter, Version=10.0.0.0, Culture=neutral, PublicKeyToken=b03f5f7f11d50a3a" className="SharpBag.ExtensionsTest, SharpBag.Tests, Version=0.0.0.0, Culture=neutral, PublicKeyToken=null" name="As0132109" />
    </UnitTest>
    <UnitTest name="As0166404" storage="c:\users\suprdewd\desktop\projects\forritun\sharpbag\sharpbag.tests01\bin\release\sharpbag.tests.dll" id="09abec53-bc8a-0db2-1ff6-28ad5ea0f559">
      <Execution id="23a993cc-7c1c-4dc6-9dee-ad59c94bc522" />
      <TestMethod codeBase="C:/Users/SuprDewd/Desktop/Projects/Forritun/SharpBag/SharpBag.Tests01/bin/Release/SharpBag.Tests.DLL" adapterTypeName="Microsoft.VisualStudio.TestTools.TestTypes.Unit.UnitTestAdapter, Microsoft.VisualStudio.QualityTools.Tips.UnitTest.Adapter, Version=10.0.0.0, Culture=neutral, PublicKeyToken=b03f5f7f11d50a3a" className="SharpBag.ExtensionsTest, SharpBag.Tests, Version=0.0.0.0, Culture=neutral, PublicKeyToken=null" name="As0166404" />
    </UnitTest>
    <UnitTest name="Add29601" storage="c:\users\suprdewd\desktop\projects\forritun\sharpbag\sharpbag.tests01\bin\release\sharpbag.tests.dll" id="29e140f3-0b7d-028a-f85f-e65d5e7a4460">
      <Execution id="967ad0e3-317d-4d7d-896a-b6b60cf72d0d" />
      <TestMethod codeBase="C:/Users/SuprDewd/Desktop/Projects/Forritun/SharpBag/SharpBag.Tests01/bin/Release/SharpBag.Tests.DLL" adapterTypeName="Microsoft.VisualStudio.TestTools.TestTypes.Unit.UnitTestAdapter, Microsoft.VisualStudio.QualityTools.Tips.UnitTest.Adapter, Version=10.0.0.0, Culture=neutral, PublicKeyToken=b03f5f7f11d50a3a" className="SharpBag.ExtensionsTest, SharpBag.Tests, Version=0.0.0.0, Culture=neutral, PublicKeyToken=null" name="Add29601" />
    </UnitTest>
    <UnitTest name="IterThrowsContractException917" storage="c:\users\suprdewd\desktop\projects\forritun\sharpbag\sharpbag.tests01\bin\release\sharpbag.tests.dll" id="02dbbd81-860f-9e6d-6bf0-d3b21164d681">
      <Execution id="15942e46-12e0-411c-b7b8-0af2bf905bb3" />
      <TestMethod codeBase="C:/Users/SuprDewd/Desktop/Projects/Forritun/SharpBag/SharpBag.Tests01/bin/Release/SharpBag.Tests.DLL" adapterTypeName="Microsoft.VisualStudio.TestTools.TestTypes.Unit.UnitTestAdapter, Microsoft.VisualStudio.QualityTools.Tips.UnitTest.Adapter, Version=10.0.0.0, Culture=neutral, PublicKeyToken=b03f5f7f11d50a3a" className="SharpBag.ExtensionsTest, SharpBag.Tests, Version=0.0.0.0, Culture=neutral, PublicKeyToken=null" name="IterThrowsContractException917" />
    </UnitTest>
    <UnitTest name="If79" storage="c:\users\suprdewd\desktop\projects\forritun\sharpbag\sharpbag.tests01\bin\release\sharpbag.tests.dll" id="18234ca5-6af0-1355-5140-f92645f28e01">
      <Execution id="b4cfe6f0-8dc5-431f-838a-925395772371" />
      <TestMethod codeBase="C:/Users/SuprDewd/Desktop/Projects/Forritun/SharpBag/SharpBag.Tests01/bin/Release/SharpBag.Tests.DLL" adapterTypeName="Microsoft.VisualStudio.TestTools.TestTypes.Unit.UnitTestAdapter, Microsoft.VisualStudio.QualityTools.Tips.UnitTest.Adapter, Version=10.0.0.0, Culture=neutral, PublicKeyToken=b03f5f7f11d50a3a" className="SharpBag.ExtensionsTest, SharpBag.Tests, Version=0.0.0.0, Culture=neutral, PublicKeyToken=null" name="If79" />
    </UnitTest>
    <UnitTest name="As0163242" storage="c:\users\suprdewd\desktop\projects\forritun\sharpbag\sharpbag.tests01\bin\release\sharpbag.tests.dll" id="5d663026-8403-d8b3-571f-dbc623bc2b0e">
      <Execution id="94a22ef0-e8b2-425c-a53f-975890a2f992" />
      <TestMethod codeBase="C:/Users/SuprDewd/Desktop/Projects/Forritun/SharpBag/SharpBag.Tests01/bin/Release/SharpBag.Tests.DLL" adapterTypeName="Microsoft.VisualStudio.TestTools.TestTypes.Unit.UnitTestAdapter, Microsoft.VisualStudio.QualityTools.Tips.UnitTest.Adapter, Version=10.0.0.0, Culture=neutral, PublicKeyToken=b03f5f7f11d50a3a" className="SharpBag.ExtensionsTest, SharpBag.Tests, Version=0.0.0.0, Culture=neutral, PublicKeyToken=null" name="As0163242" />
    </UnitTest>
    <UnitTest name="AsEnumerable0258803" storage="c:\users\suprdewd\desktop\projects\forritun\sharpbag\sharpbag.tests01\bin\release\sharpbag.tests.dll" id="4f308a7f-5339-1197-c196-e8c2a3294cdb">
      <Execution id="57042238-c0b9-4ded-a0d6-506acebdd925" />
      <TestMethod codeBase="C:/Users/SuprDewd/Desktop/Projects/Forritun/SharpBag/SharpBag.Tests01/bin/Release/SharpBag.Tests.DLL" adapterTypeName="Microsoft.VisualStudio.TestTools.TestTypes.Unit.UnitTestAdapter, Microsoft.VisualStudio.QualityTools.Tips.UnitTest.Adapter, Version=10.0.0.0, Culture=neutral, PublicKeyToken=b03f5f7f11d50a3a" className="SharpBag.ExtensionsTest, SharpBag.Tests, Version=0.0.0.0, Culture=neutral, PublicKeyToken=null" name="AsEnumerable0258803" />
    </UnitTest>
    <UnitTest name="As0163211" storage="c:\users\suprdewd\desktop\projects\forritun\sharpbag\sharpbag.tests01\bin\release\sharpbag.tests.dll" id="7206ff03-56a7-ec6c-ffc0-c8679263faa3">
      <Execution id="e013bd21-8be3-4e69-b477-f738ef033fae" />
      <TestMethod codeBase="C:/Users/SuprDewd/Desktop/Projects/Forritun/SharpBag/SharpBag.Tests01/bin/Release/SharpBag.Tests.DLL" adapterTypeName="Microsoft.VisualStudio.TestTools.TestTypes.Unit.UnitTestAdapter, Microsoft.VisualStudio.QualityTools.Tips.UnitTest.Adapter, Version=10.0.0.0, Culture=neutral, PublicKeyToken=b03f5f7f11d50a3a" className="SharpBag.ExtensionsTest, SharpBag.Tests, Version=0.0.0.0, Culture=neutral, PublicKeyToken=null" name="As0163211" />
    </UnitTest>
    <UnitTest name="Fill0110501" storage="c:\users\suprdewd\desktop\projects\forritun\sharpbag\sharpbag.tests01\bin\release\sharpbag.tests.dll" id="19033310-a8dd-db0b-1dcd-2bf1bef510ca">
      <Execution id="a6c81f78-23b7-49cc-918c-9323e0579942" />
      <TestMethod codeBase="C:/Users/SuprDewd/Desktop/Projects/Forritun/SharpBag/SharpBag.Tests01/bin/Release/SharpBag.Tests.DLL" adapterTypeName="Microsoft.VisualStudio.TestTools.TestTypes.Unit.UnitTestAdapter, Microsoft.VisualStudio.QualityTools.Tips.UnitTest.Adapter, Version=10.0.0.0, Culture=neutral, PublicKeyToken=b03f5f7f11d50a3a" className="SharpBag.ExtensionsTest, SharpBag.Tests, Version=0.0.0.0, Culture=neutral, PublicKeyToken=null" name="Fill0110501" />
    </UnitTest>
    <UnitTest name="As21508" storage="c:\users\suprdewd\desktop\projects\forritun\sharpbag\sharpbag.tests01\bin\release\sharpbag.tests.dll" id="f4f76af5-0d54-7bf8-8ba4-b32803d7a374">
      <Execution id="8912d0cf-1a0e-4667-a485-a9a28d37d3b1" />
      <TestMethod codeBase="C:/Users/SuprDewd/Desktop/Projects/Forritun/SharpBag/SharpBag.Tests01/bin/Release/SharpBag.Tests.DLL" adapterTypeName="Microsoft.VisualStudio.TestTools.TestTypes.Unit.UnitTestAdapter, Microsoft.VisualStudio.QualityTools.Tips.UnitTest.Adapter, Version=10.0.0.0, Culture=neutral, PublicKeyToken=b03f5f7f11d50a3a" className="SharpBag.ExtensionsTest, SharpBag.Tests, Version=0.0.0.0, Culture=neutral, PublicKeyToken=null" name="As21508" />
    </UnitTest>
    <UnitTest name="As0163233" storage="c:\users\suprdewd\desktop\projects\forritun\sharpbag\sharpbag.tests01\bin\release\sharpbag.tests.dll" id="990a1706-3c38-5c79-dd26-6bf2a85de470">
      <Execution id="18179625-e895-4d32-bda7-35e3af112c94" />
      <TestMethod codeBase="C:/Users/SuprDewd/Desktop/Projects/Forritun/SharpBag/SharpBag.Tests01/bin/Release/SharpBag.Tests.DLL" adapterTypeName="Microsoft.VisualStudio.TestTools.TestTypes.Unit.UnitTestAdapter, Microsoft.VisualStudio.QualityTools.Tips.UnitTest.Adapter, Version=10.0.0.0, Culture=neutral, PublicKeyToken=b03f5f7f11d50a3a" className="SharpBag.ExtensionsTest, SharpBag.Tests, Version=0.0.0.0, Culture=neutral, PublicKeyToken=null" name="As0163233" />
    </UnitTest>
    <UnitTest name="IfNotNull17302" storage="c:\users\suprdewd\desktop\projects\forritun\sharpbag\sharpbag.tests01\bin\release\sharpbag.tests.dll" id="46ca0fd9-03e1-55e3-3ad7-b4625d8d07c0">
      <Execution id="adae31e4-4024-4348-9788-a785c2d16796" />
      <TestMethod codeBase="C:/Users/SuprDewd/Desktop/Projects/Forritun/SharpBag/SharpBag.Tests01/bin/Release/SharpBag.Tests.DLL" adapterTypeName="Microsoft.VisualStudio.TestTools.TestTypes.Unit.UnitTestAdapter, Microsoft.VisualStudio.QualityTools.Tips.UnitTest.Adapter, Version=10.0.0.0, Culture=neutral, PublicKeyToken=b03f5f7f11d50a3a" className="SharpBag.ExtensionsTest, SharpBag.Tests, Version=0.0.0.0, Culture=neutral, PublicKeyToken=null" name="IfNotNull17302" />
    </UnitTest>
    <UnitTest name="ItemGetThrowsArgumentOutOfRangeException363" storage="c:\users\suprdewd\desktop\projects\forritun\sharpbag\sharpbag.tests01\bin\release\sharpbag.tests.dll" id="28df7c9b-89b0-61d3-f840-04af08900cfa">
      <Execution id="737ec510-7aff-4cc2-bd06-41a28a18ff17" />
      <TestMethod codeBase="C:/Users/SuprDewd/Desktop/Projects/Forritun/SharpBag/SharpBag.Tests01/bin/Release/SharpBag.Tests.DLL" adapterTypeName="Microsoft.VisualStudio.TestTools.TestTypes.Unit.UnitTestAdapter, Microsoft.VisualStudio.QualityTools.Tips.UnitTest.Adapter, Version=10.0.0.0, Culture=neutral, PublicKeyToken=b03f5f7f11d50a3a" className="SharpBag.Algorithms.PriorityQueueTTest, SharpBag.Tests, Version=0.0.0.0, Culture=neutral, PublicKeyToken=null" name="ItemGetThrowsArgumentOutOfRangeException363" />
    </UnitTest>
    <UnitTest name="As0198304" storage="c:\users\suprdewd\desktop\projects\forritun\sharpbag\sharpbag.tests01\bin\release\sharpbag.tests.dll" id="bbc45056-7304-0cf8-18ec-0f56b7abf591">
      <Execution id="4eaa1cc3-e976-4830-a7e5-38ed2044666c" />
      <TestMethod codeBase="C:/Users/SuprDewd/Desktop/Projects/Forritun/SharpBag/SharpBag.Tests01/bin/Release/SharpBag.Tests.DLL" adapterTypeName="Microsoft.VisualStudio.TestTools.TestTypes.Unit.UnitTestAdapter, Microsoft.VisualStudio.QualityTools.Tips.UnitTest.Adapter, Version=10.0.0.0, Culture=neutral, PublicKeyToken=b03f5f7f11d50a3a" className="SharpBag.ExtensionsTest, SharpBag.Tests, Version=0.0.0.0, Culture=neutral, PublicKeyToken=null" name="As0198304" />
    </UnitTest>
    <UnitTest name="ForEachThrowsContractException904" storage="c:\users\suprdewd\desktop\projects\forritun\sharpbag\sharpbag.tests01\bin\release\sharpbag.tests.dll" id="aef19ea6-eb47-a1be-032c-8930cda21d9c">
      <Execution id="0929addd-5be2-4c41-90e7-8a7ef6020c38" />
      <TestMethod codeBase="C:/Users/SuprDewd/Desktop/Projects/Forritun/SharpBag/SharpBag.Tests01/bin/Release/SharpBag.Tests.DLL" adapterTypeName="Microsoft.VisualStudio.TestTools.TestTypes.Unit.UnitTestAdapter, Microsoft.VisualStudio.QualityTools.Tips.UnitTest.Adapter, Version=10.0.0.0, Culture=neutral, PublicKeyToken=b03f5f7f11d50a3a" className="SharpBag.ExtensionsTest, SharpBag.Tests, Version=0.0.0.0, Culture=neutral, PublicKeyToken=null" name="ForEachThrowsContractException904" />
    </UnitTest>
    <UnitTest name="As0130301" storage="c:\users\suprdewd\desktop\projects\forritun\sharpbag\sharpbag.tests01\bin\release\sharpbag.tests.dll" id="7a9b0937-239f-a7cc-e1fc-09bbc3508e89">
      <Execution id="178ba817-d4f3-4727-814f-a7c24cf058bf" />
      <TestMethod codeBase="C:/Users/SuprDewd/Desktop/Projects/Forritun/SharpBag/SharpBag.Tests01/bin/Release/SharpBag.Tests.DLL" adapterTypeName="Microsoft.VisualStudio.TestTools.TestTypes.Unit.UnitTestAdapter, Microsoft.VisualStudio.QualityTools.Tips.UnitTest.Adapter, Version=10.0.0.0, Culture=neutral, PublicKeyToken=b03f5f7f11d50a3a" className="SharpBag.ExtensionsTest, SharpBag.Tests, Version=0.0.0.0, Culture=neutral, PublicKeyToken=null" name="As0130301" />
    </UnitTest>
    <UnitTest name="IsIn01570" storage="c:\users\suprdewd\desktop\projects\forritun\sharpbag\sharpbag.tests01\bin\release\sharpbag.tests.dll" id="cdf50321-c0eb-ddc4-0179-2919c2028903">
      <Execution id="d811694a-513d-4936-9f48-8b333d94bd84" />
      <TestMethod codeBase="C:/Users/SuprDewd/Desktop/Projects/Forritun/SharpBag/SharpBag.Tests01/bin/Release/SharpBag.Tests.DLL" adapterTypeName="Microsoft.VisualStudio.TestTools.TestTypes.Unit.UnitTestAdapter, Microsoft.VisualStudio.QualityTools.Tips.UnitTest.Adapter, Version=10.0.0.0, Culture=neutral, PublicKeyToken=b03f5f7f11d50a3a" className="SharpBag.ExtensionsTest, SharpBag.Tests, Version=0.0.0.0, Culture=neutral, PublicKeyToken=null" name="IsIn01570" />
    </UnitTest>
    <UnitTest name="Add29604" storage="c:\users\suprdewd\desktop\projects\forritun\sharpbag\sharpbag.tests01\bin\release\sharpbag.tests.dll" id="eeb34c89-a7df-f580-faa2-1b58190ee5be">
      <Execution id="cfad733f-e7a2-41f2-b445-87a8bdbb017f" />
      <TestMethod codeBase="C:/Users/SuprDewd/Desktop/Projects/Forritun/SharpBag/SharpBag.Tests01/bin/Release/SharpBag.Tests.DLL" adapterTypeName="Microsoft.VisualStudio.TestTools.TestTypes.Unit.UnitTestAdapter, Microsoft.VisualStudio.QualityTools.Tips.UnitTest.Adapter, Version=10.0.0.0, Culture=neutral, PublicKeyToken=b03f5f7f11d50a3a" className="SharpBag.ExtensionsTest, SharpBag.Tests, Version=0.0.0.0, Culture=neutral, PublicKeyToken=null" name="Add29604" />
    </UnitTest>
    <UnitTest name="Add60902" storage="c:\users\suprdewd\desktop\projects\forritun\sharpbag\sharpbag.tests01\bin\release\sharpbag.tests.dll" id="22fb3f0c-8177-2102-3c97-5cd124eaf953">
      <Execution id="bfa0c21e-d6d2-483a-a8aa-dedf86d45687" />
      <TestMethod codeBase="C:/Users/SuprDewd/Desktop/Projects/Forritun/SharpBag/SharpBag.Tests01/bin/Release/SharpBag.Tests.DLL" adapterTypeName="Microsoft.VisualStudio.TestTools.TestTypes.Unit.UnitTestAdapter, Microsoft.VisualStudio.QualityTools.Tips.UnitTest.Adapter, Version=10.0.0.0, Culture=neutral, PublicKeyToken=b03f5f7f11d50a3a" className="SharpBag.ExtensionsTest, SharpBag.Tests, Version=0.0.0.0, Culture=neutral, PublicKeyToken=null" name="Add60902" />
    </UnitTest>
    <UnitTest name="AsEnumerable56002" storage="c:\users\suprdewd\desktop\projects\forritun\sharpbag\sharpbag.tests01\bin\release\sharpbag.tests.dll" id="ec99d1a9-4b49-a94f-134c-f58d11b57222">
      <Execution id="1380df3f-8d92-488e-8483-7bd0650846a8" />
      <TestMethod codeBase="C:/Users/SuprDewd/Desktop/Projects/Forritun/SharpBag/SharpBag.Tests01/bin/Release/SharpBag.Tests.DLL" adapterTypeName="Microsoft.VisualStudio.TestTools.TestTypes.Unit.UnitTestAdapter, Microsoft.VisualStudio.QualityTools.Tips.UnitTest.Adapter, Version=10.0.0.0, Culture=neutral, PublicKeyToken=b03f5f7f11d50a3a" className="SharpBag.ExtensionsTest, SharpBag.Tests, Version=0.0.0.0, Culture=neutral, PublicKeyToken=null" name="AsEnumerable56002" />
    </UnitTest>
    <UnitTest name="TakeEveryThrowsContractException368" storage="c:\users\suprdewd\desktop\projects\forritun\sharpbag\sharpbag.tests01\bin\release\sharpbag.tests.dll" id="2ff38794-ad92-1998-3c20-e3ee775a8969">
      <Execution id="123f5870-3ea2-4512-9fa2-d1033c8a9000" />
      <TestMethod codeBase="C:/Users/SuprDewd/Desktop/Projects/Forritun/SharpBag/SharpBag.Tests01/bin/Release/SharpBag.Tests.DLL" adapterTypeName="Microsoft.VisualStudio.TestTools.TestTypes.Unit.UnitTestAdapter, Microsoft.VisualStudio.QualityTools.Tips.UnitTest.Adapter, Version=10.0.0.0, Culture=neutral, PublicKeyToken=b03f5f7f11d50a3a" className="SharpBag.ExtensionsTest, SharpBag.Tests, Version=0.0.0.0, Culture=neutral, PublicKeyToken=null" name="TakeEveryThrowsContractException368" />
    </UnitTest>
    <UnitTest name="Iter96001" storage="c:\users\suprdewd\desktop\projects\forritun\sharpbag\sharpbag.tests01\bin\release\sharpbag.tests.dll" id="5f6c8af1-2825-3c27-b802-e1be0e1eeb12">
      <Execution id="6892b384-787e-4c72-8ceb-fcb2a7d7d834" />
      <TestMethod codeBase="C:/Users/SuprDewd/Desktop/Projects/Forritun/SharpBag/SharpBag.Tests01/bin/Release/SharpBag.Tests.DLL" adapterTypeName="Microsoft.VisualStudio.TestTools.TestTypes.Unit.UnitTestAdapter, Microsoft.VisualStudio.QualityTools.Tips.UnitTest.Adapter, Version=10.0.0.0, Culture=neutral, PublicKeyToken=b03f5f7f11d50a3a" className="SharpBag.ExtensionsTest, SharpBag.Tests, Version=0.0.0.0, Culture=neutral, PublicKeyToken=null" name="Iter96001" />
    </UnitTest>
    <UnitTest name="RangeThrowsContractException187" storage="c:\users\suprdewd\desktop\projects\forritun\sharpbag\sharpbag.tests01\bin\release\sharpbag.tests.dll" id="e8ca73cc-b93e-0f49-9374-ed860ffbd677">
      <Execution id="2d254fab-8d85-438a-95a5-d6507e620248" />
      <TestMethod codeBase="C:/Users/SuprDewd/Desktop/Projects/Forritun/SharpBag/SharpBag.Tests01/bin/Release/SharpBag.Tests.DLL" adapterTypeName="Microsoft.VisualStudio.TestTools.TestTypes.Unit.UnitTestAdapter, Microsoft.VisualStudio.QualityTools.Tips.UnitTest.Adapter, Version=10.0.0.0, Culture=neutral, PublicKeyToken=b03f5f7f11d50a3a" className="SharpBag.ExtensionsTest, SharpBag.Tests, Version=0.0.0.0, Culture=neutral, PublicKeyToken=null" name="RangeThrowsContractException187" />
    </UnitTest>
    <UnitTest name="FillThrowsContractException543" storage="c:\users\suprdewd\desktop\projects\forritun\sharpbag\sharpbag.tests01\bin\release\sharpbag.tests.dll" id="b037dab8-9f99-92da-4740-6e79cccc1e32">
      <Execution id="c0511735-ded3-4011-9de5-a65d49d3a44b" />
      <TestMethod codeBase="C:/Users/SuprDewd/Desktop/Projects/Forritun/SharpBag/SharpBag.Tests01/bin/Release/SharpBag.Tests.DLL" adapterTypeName="Microsoft.VisualStudio.TestTools.TestTypes.Unit.UnitTestAdapter, Microsoft.VisualStudio.QualityTools.Tips.UnitTest.Adapter, Version=10.0.0.0, Culture=neutral, PublicKeyToken=b03f5f7f11d50a3a" className="SharpBag.ExtensionsTest, SharpBag.Tests, Version=0.0.0.0, Culture=neutral, PublicKeyToken=null" name="FillThrowsContractException543" />
    </UnitTest>
    <UnitTest name="Fill0157103" storage="c:\users\suprdewd\desktop\projects\forritun\sharpbag\sharpbag.tests01\bin\release\sharpbag.tests.dll" id="e77c7ab7-183b-1f93-57a3-77e0403bec4c">
      <Execution id="2d3be0bd-d9d4-4dd0-9284-82703b4490f8" />
      <TestMethod codeBase="C:/Users/SuprDewd/Desktop/Projects/Forritun/SharpBag/SharpBag.Tests01/bin/Release/SharpBag.Tests.DLL" adapterTypeName="Microsoft.VisualStudio.TestTools.TestTypes.Unit.UnitTestAdapter, Microsoft.VisualStudio.QualityTools.Tips.UnitTest.Adapter, Version=10.0.0.0, Culture=neutral, PublicKeyToken=b03f5f7f11d50a3a" className="SharpBag.ExtensionsTest, SharpBag.Tests, Version=0.0.0.0, Culture=neutral, PublicKeyToken=null" name="Fill0157103" />
    </UnitTest>
    <UnitTest name="NullOr71401" storage="c:\users\suprdewd\desktop\projects\forritun\sharpbag\sharpbag.tests01\bin\release\sharpbag.tests.dll" id="86c02588-b87f-32bd-880b-56b0d73c1993">
      <Execution id="22501506-8959-4fd2-a357-e2964460fe4c" />
      <TestMethod codeBase="C:/Users/SuprDewd/Desktop/Projects/Forritun/SharpBag/SharpBag.Tests01/bin/Release/SharpBag.Tests.DLL" adapterTypeName="Microsoft.VisualStudio.TestTools.TestTypes.Unit.UnitTestAdapter, Microsoft.VisualStudio.QualityTools.Tips.UnitTest.Adapter, Version=10.0.0.0, Culture=neutral, PublicKeyToken=b03f5f7f11d50a3a" className="SharpBag.ExtensionsTest, SharpBag.Tests, Version=0.0.0.0, Culture=neutral, PublicKeyToken=null" name="NullOr71401" />
    </UnitTest>
    <UnitTest name="AsEnumerable01ThrowsContractException5" storage="c:\users\suprdewd\desktop\projects\forritun\sharpbag\sharpbag.tests01\bin\release\sharpbag.tests.dll" id="94c02084-a2f4-8ed3-b12d-a1ac0caf9379">
      <Execution id="52f0884a-5b67-4bef-803e-bd9e3c4bffe2" />
      <TestMethod codeBase="C:/Users/SuprDewd/Desktop/Projects/Forritun/SharpBag/SharpBag.Tests01/bin/Release/SharpBag.Tests.DLL" adapterTypeName="Microsoft.VisualStudio.TestTools.TestTypes.Unit.UnitTestAdapter, Microsoft.VisualStudio.QualityTools.Tips.UnitTest.Adapter, Version=10.0.0.0, Culture=neutral, PublicKeyToken=b03f5f7f11d50a3a" className="SharpBag.ExtensionsTest, SharpBag.Tests, Version=0.0.0.0, Culture=neutral, PublicKeyToken=null" name="AsEnumerable01ThrowsContractException5" />
    </UnitTest>
    <UnitTest name="UnionAll01ThrowsContractException68" storage="c:\users\suprdewd\desktop\projects\forritun\sharpbag\sharpbag.tests01\bin\release\sharpbag.tests.dll" id="cc8275a0-551e-d39e-ef08-c6785391cae1">
      <Execution id="f2829066-cbe0-4c21-b437-ace3bb0bb8eb" />
      <TestMethod codeBase="C:/Users/SuprDewd/Desktop/Projects/Forritun/SharpBag/SharpBag.Tests01/bin/Release/SharpBag.Tests.DLL" adapterTypeName="Microsoft.VisualStudio.TestTools.TestTypes.Unit.UnitTestAdapter, Microsoft.VisualStudio.QualityTools.Tips.UnitTest.Adapter, Version=10.0.0.0, Culture=neutral, PublicKeyToken=b03f5f7f11d50a3a" className="SharpBag.ExtensionsTest, SharpBag.Tests, Version=0.0.0.0, Culture=neutral, PublicKeyToken=null" name="UnionAll01ThrowsContractException68" />
    </UnitTest>
    <UnitTest name="GetEnumerator0169" storage="c:\users\suprdewd\desktop\projects\forritun\sharpbag\sharpbag.tests01\bin\release\sharpbag.tests.dll" id="638dc709-5ccc-38d6-4efe-fa86b15a753c">
      <Execution id="42da5bc3-7006-440f-87d8-cb49ede9792f" />
      <TestMethod codeBase="C:/Users/SuprDewd/Desktop/Projects/Forritun/SharpBag/SharpBag.Tests01/bin/Release/SharpBag.Tests.DLL" adapterTypeName="Microsoft.VisualStudio.TestTools.TestTypes.Unit.UnitTestAdapter, Microsoft.VisualStudio.QualityTools.Tips.UnitTest.Adapter, Version=10.0.0.0, Culture=neutral, PublicKeyToken=b03f5f7f11d50a3a" className="SharpBag.Algorithms.PriorityQueueTTest, SharpBag.Tests, Version=0.0.0.0, Culture=neutral, PublicKeyToken=null" name="GetEnumerator0169" />
    </UnitTest>
    <UnitTest name="IsNullOrEmpty963" storage="c:\users\suprdewd\desktop\projects\forritun\sharpbag\sharpbag.tests01\bin\release\sharpbag.tests.dll" id="c764531a-8b43-978a-82fa-64e183192f81">
      <Execution id="fccf715e-68bc-49be-860c-54d693989595" />
      <TestMethod codeBase="C:/Users/SuprDewd/Desktop/Projects/Forritun/SharpBag/SharpBag.Tests01/bin/Release/SharpBag.Tests.DLL" adapterTypeName="Microsoft.VisualStudio.TestTools.TestTypes.Unit.UnitTestAdapter, Microsoft.VisualStudio.QualityTools.Tips.UnitTest.Adapter, Version=10.0.0.0, Culture=neutral, PublicKeyToken=b03f5f7f11d50a3a" className="SharpBag.ExtensionsTest, SharpBag.Tests, Version=0.0.0.0, Culture=neutral, PublicKeyToken=null" name="IsNullOrEmpty963" />
    </UnitTest>
    <UnitTest name="As01404" storage="c:\users\suprdewd\desktop\projects\forritun\sharpbag\sharpbag.tests01\bin\release\sharpbag.tests.dll" id="40e83519-1225-601d-0c17-661b77e82314">
      <Execution id="23b72a6b-4b4f-48ad-a40a-d0c2975e3f77" />
      <TestMethod codeBase="C:/Users/SuprDewd/Desktop/Projects/Forritun/SharpBag/SharpBag.Tests01/bin/Release/SharpBag.Tests.DLL" adapterTypeName="Microsoft.VisualStudio.TestTools.TestTypes.Unit.UnitTestAdapter, Microsoft.VisualStudio.QualityTools.Tips.UnitTest.Adapter, Version=10.0.0.0, Culture=neutral, PublicKeyToken=b03f5f7f11d50a3a" className="SharpBag.ExtensionsTest, SharpBag.Tests, Version=0.0.0.0, Culture=neutral, PublicKeyToken=null" name="As01404" />
    </UnitTest>
    <UnitTest name="As0163236" storage="c:\users\suprdewd\desktop\projects\forritun\sharpbag\sharpbag.tests01\bin\release\sharpbag.tests.dll" id="055e48df-0214-9f4b-ed2b-c5a320ca2c7d">
      <Execution id="235acff7-4667-4b38-9ae8-37babfda5015" />
      <TestMethod codeBase="C:/Users/SuprDewd/Desktop/Projects/Forritun/SharpBag/SharpBag.Tests01/bin/Release/SharpBag.Tests.DLL" adapterTypeName="Microsoft.VisualStudio.TestTools.TestTypes.Unit.UnitTestAdapter, Microsoft.VisualStudio.QualityTools.Tips.UnitTest.Adapter, Version=10.0.0.0, Culture=neutral, PublicKeyToken=b03f5f7f11d50a3a" className="SharpBag.ExtensionsTest, SharpBag.Tests, Version=0.0.0.0, Culture=neutral, PublicKeyToken=null" name="As0163236" />
    </UnitTest>
    <UnitTest name="To0120301" storage="c:\users\suprdewd\desktop\projects\forritun\sharpbag\sharpbag.tests01\bin\release\sharpbag.tests.dll" id="d045283f-2980-ed70-af3d-611e9266ab64">
      <Execution id="8cffd4e9-d4ff-4645-be8c-c112219832c1" />
      <TestMethod codeBase="C:/Users/SuprDewd/Desktop/Projects/Forritun/SharpBag/SharpBag.Tests01/bin/Release/SharpBag.Tests.DLL" adapterTypeName="Microsoft.VisualStudio.TestTools.TestTypes.Unit.UnitTestAdapter, Microsoft.VisualStudio.QualityTools.Tips.UnitTest.Adapter, Version=10.0.0.0, Culture=neutral, PublicKeyToken=b03f5f7f11d50a3a" className="SharpBag.ExtensionsTest, SharpBag.Tests, Version=0.0.0.0, Culture=neutral, PublicKeyToken=null" name="To0120301" />
    </UnitTest>
    <UnitTest name="As0163209" storage="c:\users\suprdewd\desktop\projects\forritun\sharpbag\sharpbag.tests01\bin\release\sharpbag.tests.dll" id="31a904fb-b5e5-f95a-175a-584bb2addaff">
      <Execution id="bacfedc7-b67f-441f-9b13-ab6cbbbc7100" />
      <TestMethod codeBase="C:/Users/SuprDewd/Desktop/Projects/Forritun/SharpBag/SharpBag.Tests01/bin/Release/SharpBag.Tests.DLL" adapterTypeName="Microsoft.VisualStudio.TestTools.TestTypes.Unit.UnitTestAdapter, Microsoft.VisualStudio.QualityTools.Tips.UnitTest.Adapter, Version=10.0.0.0, Culture=neutral, PublicKeyToken=b03f5f7f11d50a3a" className="SharpBag.ExtensionsTest, SharpBag.Tests, Version=0.0.0.0, Culture=neutral, PublicKeyToken=null" name="As0163209" />
    </UnitTest>
    <UnitTest name="IfNotNull0159703" storage="c:\users\suprdewd\desktop\projects\forritun\sharpbag\sharpbag.tests01\bin\release\sharpbag.tests.dll" id="0e44207d-1ccf-04c5-6aef-2081653ff131">
      <Execution id="3ab5e271-733f-419e-9414-afda8dd48317" />
      <TestMethod codeBase="C:/Users/SuprDewd/Desktop/Projects/Forritun/SharpBag/SharpBag.Tests01/bin/Release/SharpBag.Tests.DLL" adapterTypeName="Microsoft.VisualStudio.TestTools.TestTypes.Unit.UnitTestAdapter, Microsoft.VisualStudio.QualityTools.Tips.UnitTest.Adapter, Version=10.0.0.0, Culture=neutral, PublicKeyToken=b03f5f7f11d50a3a" className="SharpBag.ExtensionsTest, SharpBag.Tests, Version=0.0.0.0, Culture=neutral, PublicKeyToken=null" name="IfNotNull0159703" />
    </UnitTest>
    <UnitTest name="IfNotNullThrowsContractException197" storage="c:\users\suprdewd\desktop\projects\forritun\sharpbag\sharpbag.tests01\bin\release\sharpbag.tests.dll" id="b67c54ae-5aad-e1cc-2b17-0ad544f3f701">
      <Execution id="c17ba052-6571-43fc-9e2d-12f40b2df5a5" />
      <TestMethod codeBase="C:/Users/SuprDewd/Desktop/Projects/Forritun/SharpBag/SharpBag.Tests01/bin/Release/SharpBag.Tests.DLL" adapterTypeName="Microsoft.VisualStudio.TestTools.TestTypes.Unit.UnitTestAdapter, Microsoft.VisualStudio.QualityTools.Tips.UnitTest.Adapter, Version=10.0.0.0, Culture=neutral, PublicKeyToken=b03f5f7f11d50a3a" className="SharpBag.ExtensionsTest, SharpBag.Tests, Version=0.0.0.0, Culture=neutral, PublicKeyToken=null" name="IfNotNullThrowsContractException197" />
    </UnitTest>
    <UnitTest name="SubarrayThrowsContractException629" storage="c:\users\suprdewd\desktop\projects\forritun\sharpbag\sharpbag.tests01\bin\release\sharpbag.tests.dll" id="c2a16b22-9983-ed58-4351-7fd3ef453798">
      <Execution id="7112544b-c39a-4553-8930-89fc805a5fe8" />
      <TestMethod codeBase="C:/Users/SuprDewd/Desktop/Projects/Forritun/SharpBag/SharpBag.Tests01/bin/Release/SharpBag.Tests.DLL" adapterTypeName="Microsoft.VisualStudio.TestTools.TestTypes.Unit.UnitTestAdapter, Microsoft.VisualStudio.QualityTools.Tips.UnitTest.Adapter, Version=10.0.0.0, Culture=neutral, PublicKeyToken=b03f5f7f11d50a3a" className="SharpBag.ExtensionsTest, SharpBag.Tests, Version=0.0.0.0, Culture=neutral, PublicKeyToken=null" name="SubarrayThrowsContractException629" />
    </UnitTest>
    <UnitTest name="AsEnumerable0314801" storage="c:\users\suprdewd\desktop\projects\forritun\sharpbag\sharpbag.tests01\bin\release\sharpbag.tests.dll" id="73dedb08-3777-9f76-6412-b3470bb8b574">
      <Execution id="637e1561-fb73-4fa1-8370-531c12d54f35" />
      <TestMethod codeBase="C:/Users/SuprDewd/Desktop/Projects/Forritun/SharpBag/SharpBag.Tests01/bin/Release/SharpBag.Tests.DLL" adapterTypeName="Microsoft.VisualStudio.TestTools.TestTypes.Unit.UnitTestAdapter, Microsoft.VisualStudio.QualityTools.Tips.UnitTest.Adapter, Version=10.0.0.0, Culture=neutral, PublicKeyToken=b03f5f7f11d50a3a" className="SharpBag.ExtensionsTest, SharpBag.Tests, Version=0.0.0.0, Culture=neutral, PublicKeyToken=null" name="AsEnumerable0314801" />
    </UnitTest>
    <UnitTest name="As0163220" storage="c:\users\suprdewd\desktop\projects\forritun\sharpbag\sharpbag.tests01\bin\release\sharpbag.tests.dll" id="e37183df-04ce-aa53-28d5-e792188a2202">
      <Execution id="107536ed-4b7c-4cb9-b926-bb520b3bed7d" />
      <TestMethod codeBase="C:/Users/SuprDewd/Desktop/Projects/Forritun/SharpBag/SharpBag.Tests01/bin/Release/SharpBag.Tests.DLL" adapterTypeName="Microsoft.VisualStudio.TestTools.TestTypes.Unit.UnitTestAdapter, Microsoft.VisualStudio.QualityTools.Tips.UnitTest.Adapter, Version=10.0.0.0, Culture=neutral, PublicKeyToken=b03f5f7f11d50a3a" className="SharpBag.ExtensionsTest, SharpBag.Tests, Version=0.0.0.0, Culture=neutral, PublicKeyToken=null" name="As0163220" />
    </UnitTest>
    <UnitTest name="As0132102" storage="c:\users\suprdewd\desktop\projects\forritun\sharpbag\sharpbag.tests01\bin\release\sharpbag.tests.dll" id="920395ef-4d81-2796-a8e3-57b62c679836">
      <Execution id="0e338c43-dd96-4e85-8bc0-753620dfb20e" />
      <TestMethod codeBase="C:/Users/SuprDewd/Desktop/Projects/Forritun/SharpBag/SharpBag.Tests01/bin/Release/SharpBag.Tests.DLL" adapterTypeName="Microsoft.VisualStudio.TestTools.TestTypes.Unit.UnitTestAdapter, Microsoft.VisualStudio.QualityTools.Tips.UnitTest.Adapter, Version=10.0.0.0, Culture=neutral, PublicKeyToken=b03f5f7f11d50a3a" className="SharpBag.ExtensionsTest, SharpBag.Tests, Version=0.0.0.0, Culture=neutral, PublicKeyToken=null" name="As0132102" />
    </UnitTest>
    <UnitTest name="Add88502" storage="c:\users\suprdewd\desktop\projects\forritun\sharpbag\sharpbag.tests01\bin\release\sharpbag.tests.dll" id="6fb9b650-50a8-89e9-0d35-3a3dc4939152">
      <Execution id="982d6fd4-6de0-405c-8471-249d105deb4e" />
      <TestMethod codeBase="C:/Users/SuprDewd/Desktop/Projects/Forritun/SharpBag/SharpBag.Tests01/bin/Release/SharpBag.Tests.DLL" adapterTypeName="Microsoft.VisualStudio.TestTools.TestTypes.Unit.UnitTestAdapter, Microsoft.VisualStudio.QualityTools.Tips.UnitTest.Adapter, Version=10.0.0.0, Culture=neutral, PublicKeyToken=b03f5f7f11d50a3a" className="SharpBag.ExtensionsTest, SharpBag.Tests, Version=0.0.0.0, Culture=neutral, PublicKeyToken=null" name="Add88502" />
    </UnitTest>
    <UnitTest name="IfNotNull0159704" storage="c:\users\suprdewd\desktop\projects\forritun\sharpbag\sharpbag.tests01\bin\release\sharpbag.tests.dll" id="116bcbca-67a9-cf3b-0614-27721784c6e2">
      <Execution id="1d3aae0e-bae1-46e2-8b7a-51d379215058" />
      <TestMethod codeBase="C:/Users/SuprDewd/Desktop/Projects/Forritun/SharpBag/SharpBag.Tests01/bin/Release/SharpBag.Tests.DLL" adapterTypeName="Microsoft.VisualStudio.TestTools.TestTypes.Unit.UnitTestAdapter, Microsoft.VisualStudio.QualityTools.Tips.UnitTest.Adapter, Version=10.0.0.0, Culture=neutral, PublicKeyToken=b03f5f7f11d50a3a" className="SharpBag.ExtensionsTest, SharpBag.Tests, Version=0.0.0.0, Culture=neutral, PublicKeyToken=null" name="IfNotNull0159704" />
    </UnitTest>
    <UnitTest name="As0163215" storage="c:\users\suprdewd\desktop\projects\forritun\sharpbag\sharpbag.tests01\bin\release\sharpbag.tests.dll" id="b70d24a9-e4cc-d879-39c7-bc30de9e70ab">
      <Execution id="e877da99-20de-4da8-af7e-be9fce519459" />
      <TestMethod codeBase="C:/Users/SuprDewd/Desktop/Projects/Forritun/SharpBag/SharpBag.Tests01/bin/Release/SharpBag.Tests.DLL" adapterTypeName="Microsoft.VisualStudio.TestTools.TestTypes.Unit.UnitTestAdapter, Microsoft.VisualStudio.QualityTools.Tips.UnitTest.Adapter, Version=10.0.0.0, Culture=neutral, PublicKeyToken=b03f5f7f11d50a3a" className="SharpBag.ExtensionsTest, SharpBag.Tests, Version=0.0.0.0, Culture=neutral, PublicKeyToken=null" name="As0163215" />
    </UnitTest>
    <UnitTest name="If921" storage="c:\users\suprdewd\desktop\projects\forritun\sharpbag\sharpbag.tests01\bin\release\sharpbag.tests.dll" id="0860ee19-0524-5919-2b3c-8316527f7933">
      <Execution id="90c6eddb-9b81-4eef-b5ed-1d641eb4af76" />
      <TestMethod codeBase="C:/Users/SuprDewd/Desktop/Projects/Forritun/SharpBag/SharpBag.Tests01/bin/Release/SharpBag.Tests.DLL" adapterTypeName="Microsoft.VisualStudio.TestTools.TestTypes.Unit.UnitTestAdapter, Microsoft.VisualStudio.QualityTools.Tips.UnitTest.Adapter, Version=10.0.0.0, Culture=neutral, PublicKeyToken=b03f5f7f11d50a3a" className="SharpBag.ExtensionsTest, SharpBag.Tests, Version=0.0.0.0, Culture=neutral, PublicKeyToken=null" name="If921" />
    </UnitTest>
    <UnitTest name="As01ThrowsContractException876" storage="c:\users\suprdewd\desktop\projects\forritun\sharpbag\sharpbag.tests01\bin\release\sharpbag.tests.dll" id="4603637e-fb7e-2981-f426-423b0ee1dc90">
      <Execution id="1e1906a7-93f9-4f32-91cd-e1df2af42b13" />
      <TestMethod codeBase="C:/Users/SuprDewd/Desktop/Projects/Forritun/SharpBag/SharpBag.Tests01/bin/Release/SharpBag.Tests.DLL" adapterTypeName="Microsoft.VisualStudio.TestTools.TestTypes.Unit.UnitTestAdapter, Microsoft.VisualStudio.QualityTools.Tips.UnitTest.Adapter, Version=10.0.0.0, Culture=neutral, PublicKeyToken=b03f5f7f11d50a3a" className="SharpBag.ExtensionsTest, SharpBag.Tests, Version=0.0.0.0, Culture=neutral, PublicKeyToken=null" name="As01ThrowsContractException876" />
    </UnitTest>
    <UnitTest name="Execute424" storage="c:\users\suprdewd\desktop\projects\forritun\sharpbag\sharpbag.tests01\bin\release\sharpbag.tests.dll" id="c3a5f774-5c25-7fa7-593c-10a98b5db768">
      <Execution id="817afd37-597d-4538-9476-d5c9188182b7" />
      <TestMethod codeBase="C:/Users/SuprDewd/Desktop/Projects/Forritun/SharpBag/SharpBag.Tests01/bin/Release/SharpBag.Tests.DLL" adapterTypeName="Microsoft.VisualStudio.TestTools.TestTypes.Unit.UnitTestAdapter, Microsoft.VisualStudio.QualityTools.Tips.UnitTest.Adapter, Version=10.0.0.0, Culture=neutral, PublicKeyToken=b03f5f7f11d50a3a" className="SharpBag.ExtensionsTest, SharpBag.Tests, Version=0.0.0.0, Culture=neutral, PublicKeyToken=null" name="Execute424" />
    </UnitTest>
    <UnitTest name="Iter96003" storage="c:\users\suprdewd\desktop\projects\forritun\sharpbag\sharpbag.tests01\bin\release\sharpbag.tests.dll" id="9bfa0b14-def6-4233-8f09-efbae74ca192">
      <Execution id="a6f4f96b-af54-4fb4-86ce-1ce3a6cb9976" />
      <TestMethod codeBase="C:/Users/SuprDewd/Desktop/Projects/Forritun/SharpBag/SharpBag.Tests01/bin/Release/SharpBag.Tests.DLL" adapterTypeName="Microsoft.VisualStudio.TestTools.TestTypes.Unit.UnitTestAdapter, Microsoft.VisualStudio.QualityTools.Tips.UnitTest.Adapter, Version=10.0.0.0, Culture=neutral, PublicKeyToken=b03f5f7f11d50a3a" className="SharpBag.ExtensionsTest, SharpBag.Tests, Version=0.0.0.0, Culture=neutral, PublicKeyToken=null" name="Iter96003" />
    </UnitTest>
    <UnitTest name="TimesThrowsContractException662" storage="c:\users\suprdewd\desktop\projects\forritun\sharpbag\sharpbag.tests01\bin\release\sharpbag.tests.dll" id="90427aa6-8cf4-b956-2b3f-9546b7107ae7">
      <Execution id="5b65f94f-531a-45eb-a603-52da15db13bf" />
      <TestMethod codeBase="C:/Users/SuprDewd/Desktop/Projects/Forritun/SharpBag/SharpBag.Tests01/bin/Release/SharpBag.Tests.DLL" adapterTypeName="Microsoft.VisualStudio.TestTools.TestTypes.Unit.UnitTestAdapter, Microsoft.VisualStudio.QualityTools.Tips.UnitTest.Adapter, Version=10.0.0.0, Culture=neutral, PublicKeyToken=b03f5f7f11d50a3a" className="SharpBag.ExtensionsTest, SharpBag.Tests, Version=0.0.0.0, Culture=neutral, PublicKeyToken=null" name="TimesThrowsContractException662" />
    </UnitTest>
    <UnitTest name="IsIn0134" storage="c:\users\suprdewd\desktop\projects\forritun\sharpbag\sharpbag.tests01\bin\release\sharpbag.tests.dll" id="20789601-3bb2-517f-9c07-8755507d968d">
      <Execution id="70a4587b-e42c-4db5-a70e-1eeb20aaa5bb" />
      <TestMethod codeBase="C:/Users/SuprDewd/Desktop/Projects/Forritun/SharpBag/SharpBag.Tests01/bin/Release/SharpBag.Tests.DLL" adapterTypeName="Microsoft.VisualStudio.TestTools.TestTypes.Unit.UnitTestAdapter, Microsoft.VisualStudio.QualityTools.Tips.UnitTest.Adapter, Version=10.0.0.0, Culture=neutral, PublicKeyToken=b03f5f7f11d50a3a" className="SharpBag.ExtensionsTest, SharpBag.Tests, Version=0.0.0.0, Culture=neutral, PublicKeyToken=null" name="IsIn0134" />
    </UnitTest>
    <UnitTest name="NullOr71403" storage="c:\users\suprdewd\desktop\projects\forritun\sharpbag\sharpbag.tests01\bin\release\sharpbag.tests.dll" id="fdc59520-9564-0684-d4f9-2091f576f931">
      <Execution id="84668074-64e0-4fa3-9cd1-795c5f7f346f" />
      <TestMethod codeBase="C:/Users/SuprDewd/Desktop/Projects/Forritun/SharpBag/SharpBag.Tests01/bin/Release/SharpBag.Tests.DLL" adapterTypeName="Microsoft.VisualStudio.TestTools.TestTypes.Unit.UnitTestAdapter, Microsoft.VisualStudio.QualityTools.Tips.UnitTest.Adapter, Version=10.0.0.0, Culture=neutral, PublicKeyToken=b03f5f7f11d50a3a" className="SharpBag.ExtensionsTest, SharpBag.Tests, Version=0.0.0.0, Culture=neutral, PublicKeyToken=null" name="NullOr71403" />
    </UnitTest>
    <UnitTest name="IfNotNull01ThrowsContractException561" storage="c:\users\suprdewd\desktop\projects\forritun\sharpbag\sharpbag.tests01\bin\release\sharpbag.tests.dll" id="21cd2d7c-c714-efa2-4c1d-abe7711f0f8f">
      <Execution id="a75f8457-7c12-456f-89c2-124ef2bf8954" />
      <TestMethod codeBase="C:/Users/SuprDewd/Desktop/Projects/Forritun/SharpBag/SharpBag.Tests01/bin/Release/SharpBag.Tests.DLL" adapterTypeName="Microsoft.VisualStudio.TestTools.TestTypes.Unit.UnitTestAdapter, Microsoft.VisualStudio.QualityTools.Tips.UnitTest.Adapter, Version=10.0.0.0, Culture=neutral, PublicKeyToken=b03f5f7f11d50a3a" className="SharpBag.ExtensionsTest, SharpBag.Tests, Version=0.0.0.0, Culture=neutral, PublicKeyToken=null" name="IfNotNull01ThrowsContractException561" />
    </UnitTest>
    <UnitTest name="ForEach90804" storage="c:\users\suprdewd\desktop\projects\forritun\sharpbag\sharpbag.tests01\bin\release\sharpbag.tests.dll" id="116e53ad-53cc-1f8c-5eeb-a61eba3cd5e8">
      <Execution id="7ce512e5-1c57-41ca-a437-9a28dd4ea46f" />
      <TestMethod codeBase="C:/Users/SuprDewd/Desktop/Projects/Forritun/SharpBag/SharpBag.Tests01/bin/Release/SharpBag.Tests.DLL" adapterTypeName="Microsoft.VisualStudio.TestTools.TestTypes.Unit.UnitTestAdapter, Microsoft.VisualStudio.QualityTools.Tips.UnitTest.Adapter, Version=10.0.0.0, Culture=neutral, PublicKeyToken=b03f5f7f11d50a3a" className="SharpBag.ExtensionsTest, SharpBag.Tests, Version=0.0.0.0, Culture=neutral, PublicKeyToken=null" name="ForEach90804" />
    </UnitTest>
    <UnitTest name="IfNotNull0192304" storage="c:\users\suprdewd\desktop\projects\forritun\sharpbag\sharpbag.tests01\bin\release\sharpbag.tests.dll" id="e89c0529-2532-190e-5936-91edd9263fb1">
      <Execution id="1a0c0464-eb60-4e60-ae47-6b83d5074358" />
      <TestMethod codeBase="C:/Users/SuprDewd/Desktop/Projects/Forritun/SharpBag/SharpBag.Tests01/bin/Release/SharpBag.Tests.DLL" adapterTypeName="Microsoft.VisualStudio.TestTools.TestTypes.Unit.UnitTestAdapter, Microsoft.VisualStudio.QualityTools.Tips.UnitTest.Adapter, Version=10.0.0.0, Culture=neutral, PublicKeyToken=b03f5f7f11d50a3a" className="SharpBag.ExtensionsTest, SharpBag.Tests, Version=0.0.0.0, Culture=neutral, PublicKeyToken=null" name="IfNotNull0192304" />
    </UnitTest>
    <UnitTest name="AsEnumerable56001" storage="c:\users\suprdewd\desktop\projects\forritun\sharpbag\sharpbag.tests01\bin\release\sharpbag.tests.dll" id="583a3c4e-73f0-f6e0-0816-cbe45229841d">
      <Execution id="2eeb5e24-4d89-4a95-b4ef-75cb815f799b" />
      <TestMethod codeBase="C:/Users/SuprDewd/Desktop/Projects/Forritun/SharpBag/SharpBag.Tests01/bin/Release/SharpBag.Tests.DLL" adapterTypeName="Microsoft.VisualStudio.TestTools.TestTypes.Unit.UnitTestAdapter, Microsoft.VisualStudio.QualityTools.Tips.UnitTest.Adapter, Version=10.0.0.0, Culture=neutral, PublicKeyToken=b03f5f7f11d50a3a" className="SharpBag.ExtensionsTest, SharpBag.Tests, Version=0.0.0.0, Culture=neutral, PublicKeyToken=null" name="AsEnumerable56001" />
    </UnitTest>
    <UnitTest name="IfNotNull17304" storage="c:\users\suprdewd\desktop\projects\forritun\sharpbag\sharpbag.tests01\bin\release\sharpbag.tests.dll" id="5d4547ce-a6eb-4a5d-11b5-fd4fb3f2b4c4">
      <Execution id="24c5c8a1-7cc6-40ab-a89c-e600801f70d2" />
      <TestMethod codeBase="C:/Users/SuprDewd/Desktop/Projects/Forritun/SharpBag/SharpBag.Tests01/bin/Release/SharpBag.Tests.DLL" adapterTypeName="Microsoft.VisualStudio.TestTools.TestTypes.Unit.UnitTestAdapter, Microsoft.VisualStudio.QualityTools.Tips.UnitTest.Adapter, Version=10.0.0.0, Culture=neutral, PublicKeyToken=b03f5f7f11d50a3a" className="SharpBag.ExtensionsTest, SharpBag.Tests, Version=0.0.0.0, Culture=neutral, PublicKeyToken=null" name="IfNotNull17304" />
    </UnitTest>
    <UnitTest name="Iter96002" storage="c:\users\suprdewd\desktop\projects\forritun\sharpbag\sharpbag.tests01\bin\release\sharpbag.tests.dll" id="33d00c5c-c888-05a3-fa39-c11369cf7bd7">
      <Execution id="596626f4-8c51-4d60-9f29-d8f0342d55b5" />
      <TestMethod codeBase="C:/Users/SuprDewd/Desktop/Projects/Forritun/SharpBag/SharpBag.Tests01/bin/Release/SharpBag.Tests.DLL" adapterTypeName="Microsoft.VisualStudio.TestTools.TestTypes.Unit.UnitTestAdapter, Microsoft.VisualStudio.QualityTools.Tips.UnitTest.Adapter, Version=10.0.0.0, Culture=neutral, PublicKeyToken=b03f5f7f11d50a3a" className="SharpBag.ExtensionsTest, SharpBag.Tests, Version=0.0.0.0, Culture=neutral, PublicKeyToken=null" name="Iter96002" />
    </UnitTest>
    <UnitTest name="To01ThrowsContractException635" storage="c:\users\suprdewd\desktop\projects\forritun\sharpbag\sharpbag.tests01\bin\release\sharpbag.tests.dll" id="869377b3-dcd6-3fd0-816f-a4a48e30d6c3">
      <Execution id="350e005d-2e8d-48dd-8c1e-d0a55a523d14" />
      <TestMethod codeBase="C:/Users/SuprDewd/Desktop/Projects/Forritun/SharpBag/SharpBag.Tests01/bin/Release/SharpBag.Tests.DLL" adapterTypeName="Microsoft.VisualStudio.TestTools.TestTypes.Unit.UnitTestAdapter, Microsoft.VisualStudio.QualityTools.Tips.UnitTest.Adapter, Version=10.0.0.0, Culture=neutral, PublicKeyToken=b03f5f7f11d50a3a" className="SharpBag.ExtensionsTest, SharpBag.Tests, Version=0.0.0.0, Culture=neutral, PublicKeyToken=null" name="To01ThrowsContractException635" />
    </UnitTest>
    <UnitTest name="Fill57101" storage="c:\users\suprdewd\desktop\projects\forritun\sharpbag\sharpbag.tests01\bin\release\sharpbag.tests.dll" id="e860bbd5-6ce1-07c3-fd03-d14cbeda5d8f">
      <Execution id="2123987a-61bf-455c-ade2-bdf383c65cc4" />
      <TestMethod codeBase="C:/Users/SuprDewd/Desktop/Projects/Forritun/SharpBag/SharpBag.Tests01/bin/Release/SharpBag.Tests.DLL" adapterTypeName="Microsoft.VisualStudio.TestTools.TestTypes.Unit.UnitTestAdapter, Microsoft.VisualStudio.QualityTools.Tips.UnitTest.Adapter, Version=10.0.0.0, Culture=neutral, PublicKeyToken=b03f5f7f11d50a3a" className="SharpBag.ExtensionsTest, SharpBag.Tests, Version=0.0.0.0, Culture=neutral, PublicKeyToken=null" name="Fill57101" />
    </UnitTest>
    <UnitTest name="To46301" storage="c:\users\suprdewd\desktop\projects\forritun\sharpbag\sharpbag.tests01\bin\release\sharpbag.tests.dll" id="f026b4fd-1d5b-6d3d-657e-a3e832a7de61">
      <Execution id="416f51a3-88c7-44e4-bb65-76f9f9eaebd2" />
      <TestMethod codeBase="C:/Users/SuprDewd/Desktop/Projects/Forritun/SharpBag/SharpBag.Tests01/bin/Release/SharpBag.Tests.DLL" adapterTypeName="Microsoft.VisualStudio.TestTools.TestTypes.Unit.UnitTestAdapter, Microsoft.VisualStudio.QualityTools.Tips.UnitTest.Adapter, Version=10.0.0.0, Culture=neutral, PublicKeyToken=b03f5f7f11d50a3a" className="SharpBag.ExtensionsTest, SharpBag.Tests, Version=0.0.0.0, Culture=neutral, PublicKeyToken=null" name="To46301" />
    </UnitTest>
    <UnitTest name="As0132108" storage="c:\users\suprdewd\desktop\projects\forritun\sharpbag\sharpbag.tests01\bin\release\sharpbag.tests.dll" id="e30391ee-1b3b-ee9f-b02c-b47de478c33f">
      <Execution id="cc8c77bf-17e4-4f73-bb67-e6f6d7d28cb3" />
      <TestMethod codeBase="C:/Users/SuprDewd/Desktop/Projects/Forritun/SharpBag/SharpBag.Tests01/bin/Release/SharpBag.Tests.DLL" adapterTypeName="Microsoft.VisualStudio.TestTools.TestTypes.Unit.UnitTestAdapter, Microsoft.VisualStudio.QualityTools.Tips.UnitTest.Adapter, Version=10.0.0.0, Culture=neutral, PublicKeyToken=b03f5f7f11d50a3a" className="SharpBag.ExtensionsTest, SharpBag.Tests, Version=0.0.0.0, Culture=neutral, PublicKeyToken=null" name="As0132108" />
    </UnitTest>
    <UnitTest name="ForEachThrowsContractException158" storage="c:\users\suprdewd\desktop\projects\forritun\sharpbag\sharpbag.tests01\bin\release\sharpbag.tests.dll" id="4ef1899b-961d-b074-c653-732880e5589d">
      <Execution id="5c1ae14b-7415-48e6-b4ef-4c34dd042058" />
      <TestMethod codeBase="C:/Users/SuprDewd/Desktop/Projects/Forritun/SharpBag/SharpBag.Tests01/bin/Release/SharpBag.Tests.DLL" adapterTypeName="Microsoft.VisualStudio.TestTools.TestTypes.Unit.UnitTestAdapter, Microsoft.VisualStudio.QualityTools.Tips.UnitTest.Adapter, Version=10.0.0.0, Culture=neutral, PublicKeyToken=b03f5f7f11d50a3a" className="SharpBag.ExtensionsTest, SharpBag.Tests, Version=0.0.0.0, Culture=neutral, PublicKeyToken=null" name="ForEachThrowsContractException158" />
    </UnitTest>
    <UnitTest name="Fill0168804" storage="c:\users\suprdewd\desktop\projects\forritun\sharpbag\sharpbag.tests01\bin\release\sharpbag.tests.dll" id="39a24eb5-a45d-f931-6682-86b278494085">
      <Execution id="613559ca-1042-4892-afad-1e03b9588bc2" />
      <TestMethod codeBase="C:/Users/SuprDewd/Desktop/Projects/Forritun/SharpBag/SharpBag.Tests01/bin/Release/SharpBag.Tests.DLL" adapterTypeName="Microsoft.VisualStudio.TestTools.TestTypes.Unit.UnitTestAdapter, Microsoft.VisualStudio.QualityTools.Tips.UnitTest.Adapter, Version=10.0.0.0, Culture=neutral, PublicKeyToken=b03f5f7f11d50a3a" className="SharpBag.ExtensionsTest, SharpBag.Tests, Version=0.0.0.0, Culture=neutral, PublicKeyToken=null" name="Fill0168804" />
    </UnitTest>
    <UnitTest name="UnionAll02ThrowsContractException903" storage="c:\users\suprdewd\desktop\projects\forritun\sharpbag\sharpbag.tests01\bin\release\sharpbag.tests.dll" id="49b4e1b0-9a60-f1f3-7d8e-e1f63ecc7d50">
      <Execution id="2d9a8a60-19bd-4e2c-88b7-31a778d544e0" />
      <TestMethod codeBase="C:/Users/SuprDewd/Desktop/Projects/Forritun/SharpBag/SharpBag.Tests01/bin/Release/SharpBag.Tests.DLL" adapterTypeName="Microsoft.VisualStudio.TestTools.TestTypes.Unit.UnitTestAdapter, Microsoft.VisualStudio.QualityTools.Tips.UnitTest.Adapter, Version=10.0.0.0, Culture=neutral, PublicKeyToken=b03f5f7f11d50a3a" className="SharpBag.ExtensionsTest, SharpBag.Tests, Version=0.0.0.0, Culture=neutral, PublicKeyToken=null" name="UnionAll02ThrowsContractException903" />
    </UnitTest>
    <UnitTest name="As21518" storage="c:\users\suprdewd\desktop\projects\forritun\sharpbag\sharpbag.tests01\bin\release\sharpbag.tests.dll" id="1cdb2f2c-09f6-d6d8-6d16-a0ea90824aba">
      <Execution id="ddf0c647-88d0-41c7-9964-61722555f7b6" />
      <TestMethod codeBase="C:/Users/SuprDewd/Desktop/Projects/Forritun/SharpBag/SharpBag.Tests01/bin/Release/SharpBag.Tests.DLL" adapterTypeName="Microsoft.VisualStudio.TestTools.TestTypes.Unit.UnitTestAdapter, Microsoft.VisualStudio.QualityTools.Tips.UnitTest.Adapter, Version=10.0.0.0, Culture=neutral, PublicKeyToken=b03f5f7f11d50a3a" className="SharpBag.ExtensionsTest, SharpBag.Tests, Version=0.0.0.0, Culture=neutral, PublicKeyToken=null" name="As21518" />
    </UnitTest>
    <UnitTest name="As0163228" storage="c:\users\suprdewd\desktop\projects\forritun\sharpbag\sharpbag.tests01\bin\release\sharpbag.tests.dll" id="25e137bf-b11b-a709-2200-80de04831d5b">
      <Execution id="bcebe507-5461-4466-92e0-223133773f24" />
      <TestMethod codeBase="C:/Users/SuprDewd/Desktop/Projects/Forritun/SharpBag/SharpBag.Tests01/bin/Release/SharpBag.Tests.DLL" adapterTypeName="Microsoft.VisualStudio.TestTools.TestTypes.Unit.UnitTestAdapter, Microsoft.VisualStudio.QualityTools.Tips.UnitTest.Adapter, Version=10.0.0.0, Culture=neutral, PublicKeyToken=b03f5f7f11d50a3a" className="SharpBag.ExtensionsTest, SharpBag.Tests, Version=0.0.0.0, Culture=neutral, PublicKeyToken=null" name="As0163228" />
    </UnitTest>
    <UnitTest name="As0198303" storage="c:\users\suprdewd\desktop\projects\forritun\sharpbag\sharpbag.tests01\bin\release\sharpbag.tests.dll" id="d56f2fbf-3f3e-cba1-4f8d-7b34cec35b0a">
      <Execution id="acd10036-55c7-4f60-8c58-470331b06419" />
      <TestMethod codeBase="C:/Users/SuprDewd/Desktop/Projects/Forritun/SharpBag/SharpBag.Tests01/bin/Release/SharpBag.Tests.DLL" adapterTypeName="Microsoft.VisualStudio.TestTools.TestTypes.Unit.UnitTestAdapter, Microsoft.VisualStudio.QualityTools.Tips.UnitTest.Adapter, Version=10.0.0.0, Culture=neutral, PublicKeyToken=b03f5f7f11d50a3a" className="SharpBag.ExtensionsTest, SharpBag.Tests, Version=0.0.0.0, Culture=neutral, PublicKeyToken=null" name="As0198303" />
    </UnitTest>
    <UnitTest name="Fill0110504" storage="c:\users\suprdewd\desktop\projects\forritun\sharpbag\sharpbag.tests01\bin\release\sharpbag.tests.dll" id="1c5ab376-6152-4272-31e3-55dc91a07a86">
      <Execution id="af0dbd35-565c-4f6f-b0cb-fa6d51b36c76" />
      <TestMethod codeBase="C:/Users/SuprDewd/Desktop/Projects/Forritun/SharpBag/SharpBag.Tests01/bin/Release/SharpBag.Tests.DLL" adapterTypeName="Microsoft.VisualStudio.TestTools.TestTypes.Unit.UnitTestAdapter, Microsoft.VisualStudio.QualityTools.Tips.UnitTest.Adapter, Version=10.0.0.0, Culture=neutral, PublicKeyToken=b03f5f7f11d50a3a" className="SharpBag.ExtensionsTest, SharpBag.Tests, Version=0.0.0.0, Culture=neutral, PublicKeyToken=null" name="Fill0110504" />
    </UnitTest>
    <UnitTest name="As0163230" storage="c:\users\suprdewd\desktop\projects\forritun\sharpbag\sharpbag.tests01\bin\release\sharpbag.tests.dll" id="eaed8830-28b9-0d81-19c8-50909473733c">
      <Execution id="cd09aedb-85a1-49bf-b7b4-1452f114e387" />
      <TestMethod codeBase="C:/Users/SuprDewd/Desktop/Projects/Forritun/SharpBag/SharpBag.Tests01/bin/Release/SharpBag.Tests.DLL" adapterTypeName="Microsoft.VisualStudio.TestTools.TestTypes.Unit.UnitTestAdapter, Microsoft.VisualStudio.QualityTools.Tips.UnitTest.Adapter, Version=10.0.0.0, Culture=neutral, PublicKeyToken=b03f5f7f11d50a3a" className="SharpBag.ExtensionsTest, SharpBag.Tests, Version=0.0.0.0, Culture=neutral, PublicKeyToken=null" name="As0163230" />
    </UnitTest>
    <UnitTest name="GetPriorityEnumerator729" storage="c:\users\suprdewd\desktop\projects\forritun\sharpbag\sharpbag.tests01\bin\release\sharpbag.tests.dll" id="2dfc267b-ab1a-a89f-e9d2-4356c6585174">
      <Execution id="563d6852-1f78-4e64-99d9-bf979a03bc15" />
      <TestMethod codeBase="C:/Users/SuprDewd/Desktop/Projects/Forritun/SharpBag/SharpBag.Tests01/bin/Release/SharpBag.Tests.DLL" adapterTypeName="Microsoft.VisualStudio.TestTools.TestTypes.Unit.UnitTestAdapter, Microsoft.VisualStudio.QualityTools.Tips.UnitTest.Adapter, Version=10.0.0.0, Culture=neutral, PublicKeyToken=b03f5f7f11d50a3a" className="SharpBag.Algorithms.PriorityQueueTTest, SharpBag.Tests, Version=0.0.0.0, Culture=neutral, PublicKeyToken=null" name="GetPriorityEnumerator729" />
    </UnitTest>
    <UnitTest name="Add60903" storage="c:\users\suprdewd\desktop\projects\forritun\sharpbag\sharpbag.tests01\bin\release\sharpbag.tests.dll" id="f4a16930-7fb5-1364-b2bb-1dffeb9040de">
      <Execution id="42ee37f5-5166-4a34-8270-e34c47e25e93" />
      <TestMethod codeBase="C:/Users/SuprDewd/Desktop/Projects/Forritun/SharpBag/SharpBag.Tests01/bin/Release/SharpBag.Tests.DLL" adapterTypeName="Microsoft.VisualStudio.TestTools.TestTypes.Unit.UnitTestAdapter, Microsoft.VisualStudio.QualityTools.Tips.UnitTest.Adapter, Version=10.0.0.0, Culture=neutral, PublicKeyToken=b03f5f7f11d50a3a" className="SharpBag.ExtensionsTest, SharpBag.Tests, Version=0.0.0.0, Culture=neutral, PublicKeyToken=null" name="Add60903" />
    </UnitTest>
    <UnitTest name="AsEnumerable02ThrowsContractException18" storage="c:\users\suprdewd\desktop\projects\forritun\sharpbag\sharpbag.tests01\bin\release\sharpbag.tests.dll" id="7a7d56e7-b4b7-3226-df1d-44471276e993">
      <Execution id="1d87393f-8beb-4d06-ade2-1da5aa896232" />
      <TestMethod codeBase="C:/Users/SuprDewd/Desktop/Projects/Forritun/SharpBag/SharpBag.Tests01/bin/Release/SharpBag.Tests.DLL" adapterTypeName="Microsoft.VisualStudio.TestTools.TestTypes.Unit.UnitTestAdapter, Microsoft.VisualStudio.QualityTools.Tips.UnitTest.Adapter, Version=10.0.0.0, Culture=neutral, PublicKeyToken=b03f5f7f11d50a3a" className="SharpBag.ExtensionsTest, SharpBag.Tests, Version=0.0.0.0, Culture=neutral, PublicKeyToken=null" name="AsEnumerable02ThrowsContractException18" />
    </UnitTest>
    <UnitTest name="As01402" storage="c:\users\suprdewd\desktop\projects\forritun\sharpbag\sharpbag.tests01\bin\release\sharpbag.tests.dll" id="7ba074f7-37b4-86ab-f897-639c59c7afb2">
      <Execution id="fad27179-003a-4877-8c53-32042b10d836" />
      <TestMethod codeBase="C:/Users/SuprDewd/Desktop/Projects/Forritun/SharpBag/SharpBag.Tests01/bin/Release/SharpBag.Tests.DLL" adapterTypeName="Microsoft.VisualStudio.TestTools.TestTypes.Unit.UnitTestAdapter, Microsoft.VisualStudio.QualityTools.Tips.UnitTest.Adapter, Version=10.0.0.0, Culture=neutral, PublicKeyToken=b03f5f7f11d50a3a" className="SharpBag.ExtensionsTest, SharpBag.Tests, Version=0.0.0.0, Culture=neutral, PublicKeyToken=null" name="As01402" />
    </UnitTest>
    <UnitTest name="IfNotNull47703" storage="c:\users\suprdewd\desktop\projects\forritun\sharpbag\sharpbag.tests01\bin\release\sharpbag.tests.dll" id="d8af0a27-8cd9-d036-917e-00672cd2689b">
      <Execution id="aef36b23-2fb9-403c-b66d-e88df15d7172" />
      <TestMethod codeBase="C:/Users/SuprDewd/Desktop/Projects/Forritun/SharpBag/SharpBag.Tests01/bin/Release/SharpBag.Tests.DLL" adapterTypeName="Microsoft.VisualStudio.TestTools.TestTypes.Unit.UnitTestAdapter, Microsoft.VisualStudio.QualityTools.Tips.UnitTest.Adapter, Version=10.0.0.0, Culture=neutral, PublicKeyToken=b03f5f7f11d50a3a" className="SharpBag.ExtensionsTest, SharpBag.Tests, Version=0.0.0.0, Culture=neutral, PublicKeyToken=null" name="IfNotNull47703" />
    </UnitTest>
    <UnitTest name="IfNotNull17303" storage="c:\users\suprdewd\desktop\projects\forritun\sharpbag\sharpbag.tests01\bin\release\sharpbag.tests.dll" id="d75bbbff-3e3e-ac68-2b4f-48cfb14f2d0a">
      <Execution id="f570b940-41b1-49e7-ad46-10fb1861c64f" />
      <TestMethod codeBase="C:/Users/SuprDewd/Desktop/Projects/Forritun/SharpBag/SharpBag.Tests01/bin/Release/SharpBag.Tests.DLL" adapterTypeName="Microsoft.VisualStudio.TestTools.TestTypes.Unit.UnitTestAdapter, Microsoft.VisualStudio.QualityTools.Tips.UnitTest.Adapter, Version=10.0.0.0, Culture=neutral, PublicKeyToken=b03f5f7f11d50a3a" className="SharpBag.ExtensionsTest, SharpBag.Tests, Version=0.0.0.0, Culture=neutral, PublicKeyToken=null" name="IfNotNull17303" />
    </UnitTest>
    <UnitTest name="As0136703" storage="c:\users\suprdewd\desktop\projects\forritun\sharpbag\sharpbag.tests01\bin\release\sharpbag.tests.dll" id="e80fc0c4-2914-56fc-191b-489f27774cbc">
      <Execution id="e0eba494-c0be-4a3a-9259-8b1892694d67" />
      <TestMethod codeBase="C:/Users/SuprDewd/Desktop/Projects/Forritun/SharpBag/SharpBag.Tests01/bin/Release/SharpBag.Tests.DLL" adapterTypeName="Microsoft.VisualStudio.TestTools.TestTypes.Unit.UnitTestAdapter, Microsoft.VisualStudio.QualityTools.Tips.UnitTest.Adapter, Version=10.0.0.0, Culture=neutral, PublicKeyToken=b03f5f7f11d50a3a" className="SharpBag.ExtensionsTest, SharpBag.Tests, Version=0.0.0.0, Culture=neutral, PublicKeyToken=null" name="As0136703" />
    </UnitTest>
    <UnitTest name="Fill0157104" storage="c:\users\suprdewd\desktop\projects\forritun\sharpbag\sharpbag.tests01\bin\release\sharpbag.tests.dll" id="d5027f5f-1da1-2a25-97cf-1e7da6a062b5">
      <Execution id="92eed259-f4ab-4f63-a2c7-02c0661c9781" />
      <TestMethod codeBase="C:/Users/SuprDewd/Desktop/Projects/Forritun/SharpBag/SharpBag.Tests01/bin/Release/SharpBag.Tests.DLL" adapterTypeName="Microsoft.VisualStudio.TestTools.TestTypes.Unit.UnitTestAdapter, Microsoft.VisualStudio.QualityTools.Tips.UnitTest.Adapter, Version=10.0.0.0, Culture=neutral, PublicKeyToken=b03f5f7f11d50a3a" className="SharpBag.ExtensionsTest, SharpBag.Tests, Version=0.0.0.0, Culture=neutral, PublicKeyToken=null" name="Fill0157104" />
    </UnitTest>
    <UnitTest name="ToString01530" storage="c:\users\suprdewd\desktop\projects\forritun\sharpbag\sharpbag.tests01\bin\release\sharpbag.tests.dll" id="0cf9c414-1497-f4be-8e70-721d9337c834">
      <Execution id="2855b58c-94a3-45cc-a4b5-cdf17ded4fa4" />
      <TestMethod codeBase="C:/Users/SuprDewd/Desktop/Projects/Forritun/SharpBag/SharpBag.Tests01/bin/Release/SharpBag.Tests.DLL" adapterTypeName="Microsoft.VisualStudio.TestTools.TestTypes.Unit.UnitTestAdapter, Microsoft.VisualStudio.QualityTools.Tips.UnitTest.Adapter, Version=10.0.0.0, Culture=neutral, PublicKeyToken=b03f5f7f11d50a3a" className="SharpBag.Algorithms.PriorityQueueItemTTest, SharpBag.Tests, Version=0.0.0.0, Culture=neutral, PublicKeyToken=null" name="ToString01530" />
    </UnitTest>
    <UnitTest name="TakeEveryThrowsContractException265" storage="c:\users\suprdewd\desktop\projects\forritun\sharpbag\sharpbag.tests01\bin\release\sharpbag.tests.dll" id="1614cc64-5cbc-b082-cb61-089f874d65b1">
      <Execution id="a0751c94-1721-49e9-b328-8b404cf7c492" />
      <TestMethod codeBase="C:/Users/SuprDewd/Desktop/Projects/Forritun/SharpBag/SharpBag.Tests01/bin/Release/SharpBag.Tests.DLL" adapterTypeName="Microsoft.VisualStudio.TestTools.TestTypes.Unit.UnitTestAdapter, Microsoft.VisualStudio.QualityTools.Tips.UnitTest.Adapter, Version=10.0.0.0, Culture=neutral, PublicKeyToken=b03f5f7f11d50a3a" className="SharpBag.ExtensionsTest, SharpBag.Tests, Version=0.0.0.0, Culture=neutral, PublicKeyToken=null" name="TakeEveryThrowsContractException265" />
    </UnitTest>
    <UnitTest name="Fill0168803" storage="c:\users\suprdewd\desktop\projects\forritun\sharpbag\sharpbag.tests01\bin\release\sharpbag.tests.dll" id="70ecef07-25d9-9298-9faa-26825e270b46">
      <Execution id="dbede760-54b3-421e-9b03-df7225af3cd8" />
      <TestMethod codeBase="C:/Users/SuprDewd/Desktop/Projects/Forritun/SharpBag/SharpBag.Tests01/bin/Release/SharpBag.Tests.DLL" adapterTypeName="Microsoft.VisualStudio.TestTools.TestTypes.Unit.UnitTestAdapter, Microsoft.VisualStudio.QualityTools.Tips.UnitTest.Adapter, Version=10.0.0.0, Culture=neutral, PublicKeyToken=b03f5f7f11d50a3a" className="SharpBag.ExtensionsTest, SharpBag.Tests, Version=0.0.0.0, Culture=neutral, PublicKeyToken=null" name="Fill0168803" />
    </UnitTest>
    <UnitTest name="As0166403" storage="c:\users\suprdewd\desktop\projects\forritun\sharpbag\sharpbag.tests01\bin\release\sharpbag.tests.dll" id="4c1abec7-91f0-7672-2e0f-302cf26fbd1a">
      <Execution id="3635087c-53cd-4a82-b0d7-9c6707a2f30f" />
      <TestMethod codeBase="C:/Users/SuprDewd/Desktop/Projects/Forritun/SharpBag/SharpBag.Tests01/bin/Release/SharpBag.Tests.DLL" adapterTypeName="Microsoft.VisualStudio.TestTools.TestTypes.Unit.UnitTestAdapter, Microsoft.VisualStudio.QualityTools.Tips.UnitTest.Adapter, Version=10.0.0.0, Culture=neutral, PublicKeyToken=b03f5f7f11d50a3a" className="SharpBag.ExtensionsTest, SharpBag.Tests, Version=0.0.0.0, Culture=neutral, PublicKeyToken=null" name="As0166403" />
    </UnitTest>
    <UnitTest name="ForEach78803" storage="c:\users\suprdewd\desktop\projects\forritun\sharpbag\sharpbag.tests01\bin\release\sharpbag.tests.dll" id="71153c10-625e-eee7-0105-ad1f18f9fb72">
      <Execution id="19e4bd8c-dd44-4748-b006-fefaaebc9207" />
      <TestMethod codeBase="C:/Users/SuprDewd/Desktop/Projects/Forritun/SharpBag/SharpBag.Tests01/bin/Release/SharpBag.Tests.DLL" adapterTypeName="Microsoft.VisualStudio.TestTools.TestTypes.Unit.UnitTestAdapter, Microsoft.VisualStudio.QualityTools.Tips.UnitTest.Adapter, Version=10.0.0.0, Culture=neutral, PublicKeyToken=b03f5f7f11d50a3a" className="SharpBag.ExtensionsTest, SharpBag.Tests, Version=0.0.0.0, Culture=neutral, PublicKeyToken=null" name="ForEach78803" />
    </UnitTest>
    <UnitTest name="As568" storage="c:\users\suprdewd\desktop\projects\forritun\sharpbag\sharpbag.tests01\bin\release\sharpbag.tests.dll" id="8dec4c0d-9137-8bca-e823-6edddad67b2a">
      <Execution id="bc0b6c93-18a5-48c2-9525-7723952e325c" />
      <TestMethod codeBase="C:/Users/SuprDewd/Desktop/Projects/Forritun/SharpBag/SharpBag.Tests01/bin/Release/SharpBag.Tests.DLL" adapterTypeName="Microsoft.VisualStudio.TestTools.TestTypes.Unit.UnitTestAdapter, Microsoft.VisualStudio.QualityTools.Tips.UnitTest.Adapter, Version=10.0.0.0, Culture=neutral, PublicKeyToken=b03f5f7f11d50a3a" className="SharpBag.ExtensionsTest, SharpBag.Tests, Version=0.0.0.0, Culture=neutral, PublicKeyToken=null" name="As568" />
    </UnitTest>
    <UnitTest name="Execute93301" storage="c:\users\suprdewd\desktop\projects\forritun\sharpbag\sharpbag.tests01\bin\release\sharpbag.tests.dll" id="fd09b993-a9b4-e74b-ac25-fcabec687112">
      <Execution id="7dc3d483-526c-442c-9664-1203136f5fdf" />
      <TestMethod codeBase="C:/Users/SuprDewd/Desktop/Projects/Forritun/SharpBag/SharpBag.Tests01/bin/Release/SharpBag.Tests.DLL" adapterTypeName="Microsoft.VisualStudio.TestTools.TestTypes.Unit.UnitTestAdapter, Microsoft.VisualStudio.QualityTools.Tips.UnitTest.Adapter, Version=10.0.0.0, Culture=neutral, PublicKeyToken=b03f5f7f11d50a3a" className="SharpBag.ExtensionsTest, SharpBag.Tests, Version=0.0.0.0, Culture=neutral, PublicKeyToken=null" name="Execute93301" />
    </UnitTest>
    <UnitTest name="CastAs434" storage="c:\users\suprdewd\desktop\projects\forritun\sharpbag\sharpbag.tests01\bin\release\sharpbag.tests.dll" id="17cbf434-78e7-42a5-6758-242cc94ac703">
      <Execution id="dbd486ce-94b9-4848-be1a-707b366717ee" />
      <TestMethod codeBase="C:/Users/SuprDewd/Desktop/Projects/Forritun/SharpBag/SharpBag.Tests01/bin/Release/SharpBag.Tests.DLL" adapterTypeName="Microsoft.VisualStudio.TestTools.TestTypes.Unit.UnitTestAdapter, Microsoft.VisualStudio.QualityTools.Tips.UnitTest.Adapter, Version=10.0.0.0, Culture=neutral, PublicKeyToken=b03f5f7f11d50a3a" className="SharpBag.ExtensionsTest, SharpBag.Tests, Version=0.0.0.0, Culture=neutral, PublicKeyToken=null" name="CastAs434" />
    </UnitTest>
    <UnitTest name="NullOr71402" storage="c:\users\suprdewd\desktop\projects\forritun\sharpbag\sharpbag.tests01\bin\release\sharpbag.tests.dll" id="56fc1a57-6e5c-088b-8f95-88d9f697c097">
      <Execution id="42dd54c3-8c90-4f96-b3f8-13214f413f22" />
      <TestMethod codeBase="C:/Users/SuprDewd/Desktop/Projects/Forritun/SharpBag/SharpBag.Tests01/bin/Release/SharpBag.Tests.DLL" adapterTypeName="Microsoft.VisualStudio.TestTools.TestTypes.Unit.UnitTestAdapter, Microsoft.VisualStudio.QualityTools.Tips.UnitTest.Adapter, Version=10.0.0.0, Culture=neutral, PublicKeyToken=b03f5f7f11d50a3a" className="SharpBag.ExtensionsTest, SharpBag.Tests, Version=0.0.0.0, Culture=neutral, PublicKeyToken=null" name="NullOr71402" />
    </UnitTest>
    <UnitTest name="As0163222" storage="c:\users\suprdewd\desktop\projects\forritun\sharpbag\sharpbag.tests01\bin\release\sharpbag.tests.dll" id="473a2b39-cb44-1d62-3c12-9fd92e3b377f">
      <Execution id="987c5ca6-58f8-4ee5-aecb-b1b015fbdba0" />
      <TestMethod codeBase="C:/Users/SuprDewd/Desktop/Projects/Forritun/SharpBag/SharpBag.Tests01/bin/Release/SharpBag.Tests.DLL" adapterTypeName="Microsoft.VisualStudio.TestTools.TestTypes.Unit.UnitTestAdapter, Microsoft.VisualStudio.QualityTools.Tips.UnitTest.Adapter, Version=10.0.0.0, Culture=neutral, PublicKeyToken=b03f5f7f11d50a3a" className="SharpBag.ExtensionsTest, SharpBag.Tests, Version=0.0.0.0, Culture=neutral, PublicKeyToken=null" name="As0163222" />
    </UnitTest>
    <UnitTest name="As0163234" storage="c:\users\suprdewd\desktop\projects\forritun\sharpbag\sharpbag.tests01\bin\release\sharpbag.tests.dll" id="d0140d76-78ce-58b3-2274-c95b28b0ccfb">
      <Execution id="2068ae6f-d774-4772-8512-5aa8524ff75b" />
      <TestMethod codeBase="C:/Users/SuprDewd/Desktop/Projects/Forritun/SharpBag/SharpBag.Tests01/bin/Release/SharpBag.Tests.DLL" adapterTypeName="Microsoft.VisualStudio.TestTools.TestTypes.Unit.UnitTestAdapter, Microsoft.VisualStudio.QualityTools.Tips.UnitTest.Adapter, Version=10.0.0.0, Culture=neutral, PublicKeyToken=b03f5f7f11d50a3a" className="SharpBag.ExtensionsTest, SharpBag.Tests, Version=0.0.0.0, Culture=neutral, PublicKeyToken=null" name="As0163234" />
    </UnitTest>
    <UnitTest name="Peek19" storage="c:\users\suprdewd\desktop\projects\forritun\sharpbag\sharpbag.tests01\bin\release\sharpbag.tests.dll" id="b011074d-b132-dafa-b376-520451894204">
      <Execution id="86ac40c0-7534-467e-8ab8-19bf947c3def" />
      <TestMethod codeBase="C:/Users/SuprDewd/Desktop/Projects/Forritun/SharpBag/SharpBag.Tests01/bin/Release/SharpBag.Tests.DLL" adapterTypeName="Microsoft.VisualStudio.TestTools.TestTypes.Unit.UnitTestAdapter, Microsoft.VisualStudio.QualityTools.Tips.UnitTest.Adapter, Version=10.0.0.0, Culture=neutral, PublicKeyToken=b03f5f7f11d50a3a" className="SharpBag.Algorithms.PriorityQueueTTest, SharpBag.Tests, Version=0.0.0.0, Culture=neutral, PublicKeyToken=null" name="Peek19" />
    </UnitTest>
    <UnitTest name="TakeEveryThrowsContractException998" storage="c:\users\suprdewd\desktop\projects\forritun\sharpbag\sharpbag.tests01\bin\release\sharpbag.tests.dll" id="c35eb805-49e5-7d06-b69d-ba684aaa6791">
      <Execution id="79efb802-3ac3-4e46-8ce0-064451962b84" />
      <TestMethod codeBase="C:/Users/SuprDewd/Desktop/Projects/Forritun/SharpBag/SharpBag.Tests01/bin/Release/SharpBag.Tests.DLL" adapterTypeName="Microsoft.VisualStudio.TestTools.TestTypes.Unit.UnitTestAdapter, Microsoft.VisualStudio.QualityTools.Tips.UnitTest.Adapter, Version=10.0.0.0, Culture=neutral, PublicKeyToken=b03f5f7f11d50a3a" className="SharpBag.ExtensionsTest, SharpBag.Tests, Version=0.0.0.0, Culture=neutral, PublicKeyToken=null" name="TakeEveryThrowsContractException998" />
    </UnitTest>
    <UnitTest name="ForEach12502" storage="c:\users\suprdewd\desktop\projects\forritun\sharpbag\sharpbag.tests01\bin\release\sharpbag.tests.dll" id="f5f02455-4aef-8763-5044-dc094bc64ba2">
      <Execution id="16a8d57c-0af1-487c-ba2e-a7c478e21264" />
      <TestMethod codeBase="C:/Users/SuprDewd/Desktop/Projects/Forritun/SharpBag/SharpBag.Tests01/bin/Release/SharpBag.Tests.DLL" adapterTypeName="Microsoft.VisualStudio.TestTools.TestTypes.Unit.UnitTestAdapter, Microsoft.VisualStudio.QualityTools.Tips.UnitTest.Adapter, Version=10.0.0.0, Culture=neutral, PublicKeyToken=b03f5f7f11d50a3a" className="SharpBag.ExtensionsTest, SharpBag.Tests, Version=0.0.0.0, Culture=neutral, PublicKeyToken=null" name="ForEach12502" />
    </UnitTest>
    <UnitTest name="Add29603" storage="c:\users\suprdewd\desktop\projects\forritun\sharpbag\sharpbag.tests01\bin\release\sharpbag.tests.dll" id="b74830d0-a6ce-14b6-0d35-7c2e849267f3">
      <Execution id="a98bac51-98e6-440d-a273-6167892eafa3" />
      <TestMethod codeBase="C:/Users/SuprDewd/Desktop/Projects/Forritun/SharpBag/SharpBag.Tests01/bin/Release/SharpBag.Tests.DLL" adapterTypeName="Microsoft.VisualStudio.TestTools.TestTypes.Unit.UnitTestAdapter, Microsoft.VisualStudio.QualityTools.Tips.UnitTest.Adapter, Version=10.0.0.0, Culture=neutral, PublicKeyToken=b03f5f7f11d50a3a" className="SharpBag.ExtensionsTest, SharpBag.Tests, Version=0.0.0.0, Culture=neutral, PublicKeyToken=null" name="Add29603" />
    </UnitTest>
    <UnitTest name="As0163210" storage="c:\users\suprdewd\desktop\projects\forritun\sharpbag\sharpbag.tests01\bin\release\sharpbag.tests.dll" id="ab4705e8-14a4-6e9f-baf9-e3d238e84cf8">
      <Execution id="1ec85b63-c95a-47f1-abeb-b28649b7619a" />
      <TestMethod codeBase="C:/Users/SuprDewd/Desktop/Projects/Forritun/SharpBag/SharpBag.Tests01/bin/Release/SharpBag.Tests.DLL" adapterTypeName="Microsoft.VisualStudio.TestTools.TestTypes.Unit.UnitTestAdapter, Microsoft.VisualStudio.QualityTools.Tips.UnitTest.Adapter, Version=10.0.0.0, Culture=neutral, PublicKeyToken=b03f5f7f11d50a3a" className="SharpBag.ExtensionsTest, SharpBag.Tests, Version=0.0.0.0, Culture=neutral, PublicKeyToken=null" name="As0163210" />
    </UnitTest>
    <UnitTest name="IfNotNull17301" storage="c:\users\suprdewd\desktop\projects\forritun\sharpbag\sharpbag.tests01\bin\release\sharpbag.tests.dll" id="fdc6582f-0eab-5f36-d160-7547a6de5dbb">
      <Execution id="b8897519-0c6d-4ea3-a5ba-e12905a20a35" />
      <TestMethod codeBase="C:/Users/SuprDewd/Desktop/Projects/Forritun/SharpBag/SharpBag.Tests01/bin/Release/SharpBag.Tests.DLL" adapterTypeName="Microsoft.VisualStudio.TestTools.TestTypes.Unit.UnitTestAdapter, Microsoft.VisualStudio.QualityTools.Tips.UnitTest.Adapter, Version=10.0.0.0, Culture=neutral, PublicKeyToken=b03f5f7f11d50a3a" className="SharpBag.ExtensionsTest, SharpBag.Tests, Version=0.0.0.0, Culture=neutral, PublicKeyToken=null" name="IfNotNull17301" />
    </UnitTest>
    <UnitTest name="As76301" storage="c:\users\suprdewd\desktop\projects\forritun\sharpbag\sharpbag.tests01\bin\release\sharpbag.tests.dll" id="14c4d8f7-99c5-9b56-48f1-16bece872cd1">
      <Execution id="5148aa9b-3e05-4d62-bc84-0bb06489ee39" />
      <TestMethod codeBase="C:/Users/SuprDewd/Desktop/Projects/Forritun/SharpBag/SharpBag.Tests01/bin/Release/SharpBag.Tests.DLL" adapterTypeName="Microsoft.VisualStudio.TestTools.TestTypes.Unit.UnitTestAdapter, Microsoft.VisualStudio.QualityTools.Tips.UnitTest.Adapter, Version=10.0.0.0, Culture=neutral, PublicKeyToken=b03f5f7f11d50a3a" className="SharpBag.ExtensionsTest, SharpBag.Tests, Version=0.0.0.0, Culture=neutral, PublicKeyToken=null" name="As76301" />
    </UnitTest>
    <UnitTest name="RandomThrowsContractException824" storage="c:\users\suprdewd\desktop\projects\forritun\sharpbag\sharpbag.tests01\bin\release\sharpbag.tests.dll" id="fce54152-c90c-9cca-2f79-ca939e2fd20d">
      <Execution id="a20dffce-40dd-468f-8666-60b2d28e2cc9" />
      <TestMethod codeBase="C:/Users/SuprDewd/Desktop/Projects/Forritun/SharpBag/SharpBag.Tests01/bin/Release/SharpBag.Tests.DLL" adapterTypeName="Microsoft.VisualStudio.TestTools.TestTypes.Unit.UnitTestAdapter, Microsoft.VisualStudio.QualityTools.Tips.UnitTest.Adapter, Version=10.0.0.0, Culture=neutral, PublicKeyToken=b03f5f7f11d50a3a" className="SharpBag.ExtensionsTest, SharpBag.Tests, Version=0.0.0.0, Culture=neutral, PublicKeyToken=null" name="RandomThrowsContractException824" />
    </UnitTest>
  </TestDefinitions>
  <TestLists>
    <TestList name="Results Not in a List" id="8c84fa94-04c1-424b-9868-57a2d4851a1d" />
    <TestList name="All Loaded Results" id="19431567-8539-422a-85d7-44ee4e166bda" />
  </TestLists>
  <TestEntries>
    <TestEntry testId="02dbbd81-860f-9e6d-6bf0-d3b21164d681" executionId="15942e46-12e0-411c-b7b8-0af2bf905bb3" testListId="8c84fa94-04c1-424b-9868-57a2d4851a1d" />
    <TestEntry testId="03c88b26-e4eb-d38e-6683-3ac55f8aeeac" executionId="5f458334-c7cb-498b-a7c2-477e1ce4e438" testListId="8c84fa94-04c1-424b-9868-57a2d4851a1d" />
    <TestEntry testId="04c53adc-df51-85a8-3dcb-278e962fc112" executionId="b7908c3e-163b-4dde-b150-2aab167efda5" testListId="8c84fa94-04c1-424b-9868-57a2d4851a1d" />
    <TestEntry testId="055e48df-0214-9f4b-ed2b-c5a320ca2c7d" executionId="235acff7-4667-4b38-9ae8-37babfda5015" testListId="8c84fa94-04c1-424b-9868-57a2d4851a1d" />
    <TestEntry testId="06526ef8-2c35-33d9-065a-ac58170dfa4f" executionId="53eb5cdb-8269-4ae0-9434-f82474593b42" testListId="8c84fa94-04c1-424b-9868-57a2d4851a1d" />
    <TestEntry testId="06d747a6-abc2-c83d-da24-3ee86184f362" executionId="2833900f-c22a-45f2-9648-594b2b5ca078" testListId="8c84fa94-04c1-424b-9868-57a2d4851a1d" />
    <TestEntry testId="0860ee19-0524-5919-2b3c-8316527f7933" executionId="90c6eddb-9b81-4eef-b5ed-1d641eb4af76" testListId="8c84fa94-04c1-424b-9868-57a2d4851a1d" />
    <TestEntry testId="09abec53-bc8a-0db2-1ff6-28ad5ea0f559" executionId="23a993cc-7c1c-4dc6-9dee-ad59c94bc522" testListId="8c84fa94-04c1-424b-9868-57a2d4851a1d" />
    <TestEntry testId="0c1112ce-06b8-6d36-f7fb-a3574f6e2065" executionId="152ac724-8b63-465f-99f6-22e112de5b53" testListId="8c84fa94-04c1-424b-9868-57a2d4851a1d" />
    <TestEntry testId="0c58cf0b-ac72-a134-206f-98daff22c7f5" executionId="6bf93b2a-aefc-4da1-a9f8-2639dd43bfd3" testListId="8c84fa94-04c1-424b-9868-57a2d4851a1d" />
    <TestEntry testId="0c6370f1-3a15-0de1-18cb-8da30dd57ee7" executionId="867b495f-94dd-4f79-9448-c0e23059e492" testListId="8c84fa94-04c1-424b-9868-57a2d4851a1d" />
    <TestEntry testId="0cb477c5-7b02-500d-45eb-bb863b0c13bb" executionId="c9a933b9-dbaa-433c-95de-82407c2036aa" testListId="8c84fa94-04c1-424b-9868-57a2d4851a1d" />
    <TestEntry testId="0cf9c414-1497-f4be-8e70-721d9337c834" executionId="2855b58c-94a3-45cc-a4b5-cdf17ded4fa4" testListId="8c84fa94-04c1-424b-9868-57a2d4851a1d" />
    <TestEntry testId="0e44207d-1ccf-04c5-6aef-2081653ff131" executionId="3ab5e271-733f-419e-9414-afda8dd48317" testListId="8c84fa94-04c1-424b-9868-57a2d4851a1d" />
    <TestEntry testId="0e645c38-e73b-967d-e94f-74a8d38a05b3" executionId="2bc36d3b-83df-4cab-81b6-819a124428e2" testListId="8c84fa94-04c1-424b-9868-57a2d4851a1d" />
    <TestEntry testId="0e73a463-cb0d-f992-9d84-5941849f04d6" executionId="9f1882f0-05ef-4d45-80dd-b8f78f662685" testListId="8c84fa94-04c1-424b-9868-57a2d4851a1d" />
    <TestEntry testId="0e90738b-70d8-2788-4a26-d16c8666f6ca" executionId="769b30ba-a34f-48aa-9885-39a3ad34c7dc" testListId="8c84fa94-04c1-424b-9868-57a2d4851a1d" />
    <TestEntry testId="0f614d48-4580-1835-c34d-314b56fdf70c" executionId="cb69138e-13a1-4ea0-9f37-d48106f4e621" testListId="8c84fa94-04c1-424b-9868-57a2d4851a1d" />
    <TestEntry testId="0f9431a7-c4c3-1aca-912d-ce2c11b0e97d" executionId="b8db62a4-2b6d-46bb-b7ae-bffe297862bf" testListId="8c84fa94-04c1-424b-9868-57a2d4851a1d" />
    <TestEntry testId="106b7a63-3c06-2f97-097e-1a5d38b1a1ac" executionId="2061b660-035b-4b44-bf81-a1248f2ff6e8" testListId="8c84fa94-04c1-424b-9868-57a2d4851a1d" />
    <TestEntry testId="11187b04-c546-bd3e-0bbb-d3f71bff1f4f" executionId="264a5bda-200e-413a-890e-2d0d60bd03fa" testListId="8c84fa94-04c1-424b-9868-57a2d4851a1d" />
    <TestEntry testId="116bcbca-67a9-cf3b-0614-27721784c6e2" executionId="1d3aae0e-bae1-46e2-8b7a-51d379215058" testListId="8c84fa94-04c1-424b-9868-57a2d4851a1d" />
    <TestEntry testId="116e53ad-53cc-1f8c-5eeb-a61eba3cd5e8" executionId="7ce512e5-1c57-41ca-a437-9a28dd4ea46f" testListId="8c84fa94-04c1-424b-9868-57a2d4851a1d" />
    <TestEntry testId="1281f517-45b5-6723-bc3e-71da88a02141" executionId="02016426-4c43-496c-8972-e1e7113d7ebe" testListId="8c84fa94-04c1-424b-9868-57a2d4851a1d" />
    <TestEntry testId="14c4d8f7-99c5-9b56-48f1-16bece872cd1" executionId="5148aa9b-3e05-4d62-bc84-0bb06489ee39" testListId="8c84fa94-04c1-424b-9868-57a2d4851a1d" />
    <TestEntry testId="14e07649-4bb1-965c-d352-f5e6a62d38fd" executionId="0e3ad9b7-d600-483c-b6fe-5043e0bbabad" testListId="8c84fa94-04c1-424b-9868-57a2d4851a1d" />
    <TestEntry testId="1614cc64-5cbc-b082-cb61-089f874d65b1" executionId="a0751c94-1721-49e9-b328-8b404cf7c492" testListId="8c84fa94-04c1-424b-9868-57a2d4851a1d" />
    <TestEntry testId="16bc510b-963f-30e5-6517-13389edd4fdc" executionId="8b457a30-6233-4878-8da6-5cbb9767b07a" testListId="8c84fa94-04c1-424b-9868-57a2d4851a1d" />
    <TestEntry testId="17cbf434-78e7-42a5-6758-242cc94ac703" executionId="dbd486ce-94b9-4848-be1a-707b366717ee" testListId="8c84fa94-04c1-424b-9868-57a2d4851a1d" />
    <TestEntry testId="18234ca5-6af0-1355-5140-f92645f28e01" executionId="b4cfe6f0-8dc5-431f-838a-925395772371" testListId="8c84fa94-04c1-424b-9868-57a2d4851a1d" />
    <TestEntry testId="19033310-a8dd-db0b-1dcd-2bf1bef510ca" executionId="a6c81f78-23b7-49cc-918c-9323e0579942" testListId="8c84fa94-04c1-424b-9868-57a2d4851a1d" />
    <TestEntry testId="1903a639-b5d9-1b4f-9c30-0405b15e8f12" executionId="fa5140f5-c144-4ead-b064-9fa4dd747288" testListId="8c84fa94-04c1-424b-9868-57a2d4851a1d" />
    <TestEntry testId="1a1204f8-80dc-63b9-41bb-196d59b5bd9c" executionId="1ec25c49-0d08-421f-b50c-397c4f6536be" testListId="8c84fa94-04c1-424b-9868-57a2d4851a1d" />
    <TestEntry testId="1a16baca-1870-eb8d-2332-884e5248582b" executionId="b13e79dc-2937-4b31-8ec2-8a54c8c6a79b" testListId="8c84fa94-04c1-424b-9868-57a2d4851a1d" />
    <TestEntry testId="1a2d7899-6e00-21df-f034-6547a11cae31" executionId="8c0103cd-07f9-44fc-8372-df99b8c3c9f7" testListId="8c84fa94-04c1-424b-9868-57a2d4851a1d" />
    <TestEntry testId="1a41ca06-c399-fb41-1b68-4e54f6d9fba0" executionId="f3c2e14f-aab9-4390-93e0-179a5c5ed7f7" testListId="8c84fa94-04c1-424b-9868-57a2d4851a1d" />
    <TestEntry testId="1b50a732-77b4-82a3-8153-f8dad0640018" executionId="60a6e744-70a9-4957-9cde-dfbde183ac6c" testListId="8c84fa94-04c1-424b-9868-57a2d4851a1d" />
    <TestEntry testId="1b9103d0-5cae-0f4c-09ff-459b405bb125" executionId="b0ae1e0a-daee-4ca3-afe1-e254803dfcde" testListId="8c84fa94-04c1-424b-9868-57a2d4851a1d" />
    <TestEntry testId="1c5ab376-6152-4272-31e3-55dc91a07a86" executionId="af0dbd35-565c-4f6f-b0cb-fa6d51b36c76" testListId="8c84fa94-04c1-424b-9868-57a2d4851a1d" />
    <TestEntry testId="1c9baf40-1112-7f41-3f0f-adc161687f04" executionId="967b739c-1c28-40c3-bfe4-50afcda14f05" testListId="8c84fa94-04c1-424b-9868-57a2d4851a1d" />
    <TestEntry testId="1cb6fca5-5cbd-75cb-cfee-a358b8315906" executionId="0d6b1b56-8b0e-4c9b-9412-10c47738cb24" testListId="8c84fa94-04c1-424b-9868-57a2d4851a1d" />
    <TestEntry testId="1cdb2f2c-09f6-d6d8-6d16-a0ea90824aba" executionId="ddf0c647-88d0-41c7-9964-61722555f7b6" testListId="8c84fa94-04c1-424b-9868-57a2d4851a1d" />
    <TestEntry testId="1e0ca069-996e-4bc0-6164-74e9ee8107ac" executionId="8d2bea6e-d26e-444f-9d70-dd78379663a3" testListId="8c84fa94-04c1-424b-9868-57a2d4851a1d" />
    <TestEntry testId="1e811e95-82b3-7182-a1a6-ec99686bab87" executionId="522ac48a-80b1-4c2e-9440-96e1b13cdf46" testListId="8c84fa94-04c1-424b-9868-57a2d4851a1d" />
    <TestEntry testId="20789601-3bb2-517f-9c07-8755507d968d" executionId="70a4587b-e42c-4db5-a70e-1eeb20aaa5bb" testListId="8c84fa94-04c1-424b-9868-57a2d4851a1d" />
    <TestEntry testId="21cd2d7c-c714-efa2-4c1d-abe7711f0f8f" executionId="a75f8457-7c12-456f-89c2-124ef2bf8954" testListId="8c84fa94-04c1-424b-9868-57a2d4851a1d" />
    <TestEntry testId="2250a8be-6947-1057-ceec-e49c62f651fa" executionId="6dc26975-c8d0-4e7e-a837-e5b33d0cd05d" testListId="8c84fa94-04c1-424b-9868-57a2d4851a1d" />
    <TestEntry testId="229cca66-aa3f-9557-9307-ec8679e563f6" executionId="2fb02edd-0225-462c-9933-e7979c8f3665" testListId="8c84fa94-04c1-424b-9868-57a2d4851a1d" />
    <TestEntry testId="22b3bc9e-2d91-4747-086b-d415be2c5776" executionId="5e3cb91a-d710-408f-a7fc-3382cc104ba8" testListId="8c84fa94-04c1-424b-9868-57a2d4851a1d" />
    <TestEntry testId="22fb3f0c-8177-2102-3c97-5cd124eaf953" executionId="bfa0c21e-d6d2-483a-a8aa-dedf86d45687" testListId="8c84fa94-04c1-424b-9868-57a2d4851a1d" />
    <TestEntry testId="23289518-cff6-51c7-cbca-8f7fc69c7429" executionId="645dce81-92f5-47af-ab53-6fecd8d2f0dd" testListId="8c84fa94-04c1-424b-9868-57a2d4851a1d" />
    <TestEntry testId="236dd585-9363-168d-3729-7ab007ad8692" executionId="fcb48002-237e-44ce-9948-73b18cfa26bd" testListId="8c84fa94-04c1-424b-9868-57a2d4851a1d" />
    <TestEntry testId="25d5b35a-db1f-e192-1a83-5fbd23003a20" executionId="72def3d4-6825-48ba-a8f3-a5568abb3713" testListId="8c84fa94-04c1-424b-9868-57a2d4851a1d" />
    <TestEntry testId="25e137bf-b11b-a709-2200-80de04831d5b" executionId="bcebe507-5461-4466-92e0-223133773f24" testListId="8c84fa94-04c1-424b-9868-57a2d4851a1d" />
    <TestEntry testId="2873c42d-778c-9215-3e6d-6d287f7555e3" executionId="f92df60c-5e2c-482d-ac72-bd5c3146a864" testListId="8c84fa94-04c1-424b-9868-57a2d4851a1d" />
    <TestEntry testId="28df7c9b-89b0-61d3-f840-04af08900cfa" executionId="737ec510-7aff-4cc2-bd06-41a28a18ff17" testListId="8c84fa94-04c1-424b-9868-57a2d4851a1d" />
    <TestEntry testId="29095a51-c311-c865-7cf1-7076578258b7" executionId="90f64686-cdbb-48c6-9c85-6a68092821d7" testListId="8c84fa94-04c1-424b-9868-57a2d4851a1d" />
    <TestEntry testId="29e140f3-0b7d-028a-f85f-e65d5e7a4460" executionId="967ad0e3-317d-4d7d-896a-b6b60cf72d0d" testListId="8c84fa94-04c1-424b-9868-57a2d4851a1d" />
    <TestEntry testId="2a3bccbe-42e2-9009-af11-20e5efc1eb2e" executionId="b3699b8c-58ee-4e27-abfb-baeccf3ad06c" testListId="8c84fa94-04c1-424b-9868-57a2d4851a1d" />
    <TestEntry testId="2b6a1fd0-ad89-86fe-c32f-c850f3486570" executionId="e4746785-5f4b-42bd-8201-c5d536d72907" testListId="8c84fa94-04c1-424b-9868-57a2d4851a1d" />
    <TestEntry testId="2b9734bf-2716-3fbd-907d-b338c9f5816c" executionId="8e371ce4-b8a1-45b8-8dc2-5c9eb3ddbdf0" testListId="8c84fa94-04c1-424b-9868-57a2d4851a1d" />
    <TestEntry testId="2c678190-6575-f47a-afde-b3eb80b1856c" executionId="580356af-74e7-486a-b588-ef3e58b35e75" testListId="8c84fa94-04c1-424b-9868-57a2d4851a1d" />
    <TestEntry testId="2cb985a5-30e0-1631-ebdb-14215fcd5267" executionId="1b22087b-6adf-4bec-9e73-bfb287ebbb11" testListId="8c84fa94-04c1-424b-9868-57a2d4851a1d" />
    <TestEntry testId="2dfc267b-ab1a-a89f-e9d2-4356c6585174" executionId="563d6852-1f78-4e64-99d9-bf979a03bc15" testListId="8c84fa94-04c1-424b-9868-57a2d4851a1d" />
    <TestEntry testId="2e107be2-e3af-1a8b-fb4b-bdb5534db4b8" executionId="e079883e-91eb-4177-ae5e-283b02451268" testListId="8c84fa94-04c1-424b-9868-57a2d4851a1d" />
    <TestEntry testId="2e9abde5-72f2-18f2-ec62-8da36318a8ed" executionId="edb3864f-7d63-4f02-a749-2232765cb963" testListId="8c84fa94-04c1-424b-9868-57a2d4851a1d" />
    <TestEntry testId="2f965438-892b-963f-1d2d-a0dc16402531" executionId="7b6a7650-96ed-4165-85e5-fc4c9b8a65b2" testListId="8c84fa94-04c1-424b-9868-57a2d4851a1d" />
    <TestEntry testId="2fd85783-fc83-f96f-d9bf-a6bcc5a252f1" executionId="ad9145ae-4dec-4329-ab9d-a6f328da0c24" testListId="8c84fa94-04c1-424b-9868-57a2d4851a1d" />
    <TestEntry testId="2ff335b0-14c8-89c8-7e7b-05ade8625c3d" executionId="3dd42a6e-6b1c-4aba-ada3-c599e4a03dd8" testListId="8c84fa94-04c1-424b-9868-57a2d4851a1d" />
    <TestEntry testId="2ff38794-ad92-1998-3c20-e3ee775a8969" executionId="123f5870-3ea2-4512-9fa2-d1033c8a9000" testListId="8c84fa94-04c1-424b-9868-57a2d4851a1d" />
    <TestEntry testId="31436b9b-402e-c564-d2b8-f2ac05c70517" executionId="6e8249a5-4fb0-476a-b200-7f89c16428a4" testListId="8c84fa94-04c1-424b-9868-57a2d4851a1d" />
    <TestEntry testId="31751606-0e00-3ddd-298e-e7c2d6c445a2" executionId="5da7dc9b-59e8-4d6f-a19f-17cc65a2d135" testListId="8c84fa94-04c1-424b-9868-57a2d4851a1d" />
    <TestEntry testId="31a88d64-bb5b-6217-2758-d493dee381b6" executionId="77a3ddf9-8f67-4b20-aeb8-02ab9f2decaf" testListId="8c84fa94-04c1-424b-9868-57a2d4851a1d" />
    <TestEntry testId="31a904fb-b5e5-f95a-175a-584bb2addaff" executionId="bacfedc7-b67f-441f-9b13-ab6cbbbc7100" testListId="8c84fa94-04c1-424b-9868-57a2d4851a1d" />
    <TestEntry testId="33d00c5c-c888-05a3-fa39-c11369cf7bd7" executionId="596626f4-8c51-4d60-9f29-d8f0342d55b5" testListId="8c84fa94-04c1-424b-9868-57a2d4851a1d" />
    <TestEntry testId="3403c50d-2a71-9a27-1ea8-652ff438ba45" executionId="9ebd7b2a-5de6-42b2-baca-96a9f86c24bd" testListId="8c84fa94-04c1-424b-9868-57a2d4851a1d" />
    <TestEntry testId="34aa3cd1-c558-0302-e5aa-355d37850848" executionId="28270b47-3c56-4415-b594-25b523ef1f6b" testListId="8c84fa94-04c1-424b-9868-57a2d4851a1d" />
    <TestEntry testId="36c0ac7a-9f37-b952-7a17-2ad1e9132b69" executionId="2fa3f583-def6-4b80-9d1f-16cf1016f7f3" testListId="8c84fa94-04c1-424b-9868-57a2d4851a1d" />
    <TestEntry testId="37c5e788-97a2-ee7f-c1df-5b64dcc3fb4c" executionId="331c686e-9ea0-40a4-abf4-5aedc43b0ca1" testListId="8c84fa94-04c1-424b-9868-57a2d4851a1d" />
    <TestEntry testId="382ae704-dd0b-2259-d31c-dfbfb69a1305" executionId="b35ab5d8-18a5-40d1-994b-c084f695722c" testListId="8c84fa94-04c1-424b-9868-57a2d4851a1d" />
    <TestEntry testId="389db5b6-ab96-a436-4af4-f75359c85bc2" executionId="30c256cc-e4f4-47e0-9075-6bb472667fb5" testListId="8c84fa94-04c1-424b-9868-57a2d4851a1d" />
    <TestEntry testId="3902168e-77cb-c1b4-c44f-4336ab3b86bd" executionId="9107166e-078d-470d-a6f7-ce56542ce1bc" testListId="8c84fa94-04c1-424b-9868-57a2d4851a1d" />
    <TestEntry testId="39820720-af85-1690-8f39-546deff2b7b4" executionId="e45145c7-3c96-4e7f-ace0-a413611f20df" testListId="8c84fa94-04c1-424b-9868-57a2d4851a1d" />
    <TestEntry testId="399a76fc-a3c8-ef57-f8a9-641b3638b637" executionId="a12af34b-65e4-4af7-92a8-86b62b8eb402" testListId="8c84fa94-04c1-424b-9868-57a2d4851a1d" />
    <TestEntry testId="39a24eb5-a45d-f931-6682-86b278494085" executionId="613559ca-1042-4892-afad-1e03b9588bc2" testListId="8c84fa94-04c1-424b-9868-57a2d4851a1d" />
    <TestEntry testId="3c1d094b-ca29-adfc-cfcd-77289a3cce3f" executionId="09e3476e-1c60-405c-b9f6-768785ec421f" testListId="8c84fa94-04c1-424b-9868-57a2d4851a1d" />
    <TestEntry testId="3ca3afbe-4155-3a78-1581-d034645ac0e9" executionId="bebe517a-da6e-42f7-bbe0-fa4b1b9a570d" testListId="8c84fa94-04c1-424b-9868-57a2d4851a1d" />
    <TestEntry testId="3d1b4ead-73c1-7ffd-8ba5-ca86df93d823" executionId="5ce08c5d-1374-45d7-9cc6-69fb2ee97046" testListId="8c84fa94-04c1-424b-9868-57a2d4851a1d" />
    <TestEntry testId="3f99a1d3-4dae-8b7d-a361-9ebbf5115b1e" executionId="9a390a5a-6f99-4a80-9d4c-038a2e97c2c3" testListId="8c84fa94-04c1-424b-9868-57a2d4851a1d" />
    <TestEntry testId="3febe6f3-67ab-23b3-dd85-d4b7c1206b0c" executionId="7d35f364-6095-4c93-b531-5cfc9a8dddf8" testListId="8c84fa94-04c1-424b-9868-57a2d4851a1d" />
    <TestEntry testId="40b13692-f736-7aca-afa5-678a24ba3ffc" executionId="07a12868-b03a-456c-9fb7-cf5dbe982b5e" testListId="8c84fa94-04c1-424b-9868-57a2d4851a1d" />
    <TestEntry testId="40e83519-1225-601d-0c17-661b77e82314" executionId="23b72a6b-4b4f-48ad-a40a-d0c2975e3f77" testListId="8c84fa94-04c1-424b-9868-57a2d4851a1d" />
    <TestEntry testId="4183213a-6645-16c2-af8b-e5bfcf7442d8" executionId="5ddc379e-f504-4654-9f94-928bb29ccd4e" testListId="8c84fa94-04c1-424b-9868-57a2d4851a1d" />
    <TestEntry testId="41b53b6b-04c0-c784-5da0-bab31b4fb4d7" executionId="73596c98-e4bb-4d2c-b195-b60a738b3951" testListId="8c84fa94-04c1-424b-9868-57a2d4851a1d" />
    <TestEntry testId="42f45f10-504d-0d19-0e58-1ea2105c69e9" executionId="6a0264f0-43dd-4cc5-9933-a996c7d6cd53" testListId="8c84fa94-04c1-424b-9868-57a2d4851a1d" />
    <TestEntry testId="43271b50-9462-4bb7-5e78-3783a2d68504" executionId="b365fb04-14ed-444d-a406-cdc52c6508ed" testListId="8c84fa94-04c1-424b-9868-57a2d4851a1d" />
    <TestEntry testId="44ddd54b-7a43-e4f9-ebb3-b78badce4585" executionId="a79443ce-66ef-4a9a-b8e5-5e1e268a9e78" testListId="8c84fa94-04c1-424b-9868-57a2d4851a1d" />
    <TestEntry testId="4603637e-fb7e-2981-f426-423b0ee1dc90" executionId="1e1906a7-93f9-4f32-91cd-e1df2af42b13" testListId="8c84fa94-04c1-424b-9868-57a2d4851a1d" />
    <TestEntry testId="466bff3f-4c8e-a9c1-50f6-91ffeb15d3a1" executionId="1b1df1f3-f7e4-4fe9-8073-8f70dd17a40c" testListId="8c84fa94-04c1-424b-9868-57a2d4851a1d" />
    <TestEntry testId="46ca0fd9-03e1-55e3-3ad7-b4625d8d07c0" executionId="adae31e4-4024-4348-9788-a785c2d16796" testListId="8c84fa94-04c1-424b-9868-57a2d4851a1d" />
    <TestEntry testId="473a2b39-cb44-1d62-3c12-9fd92e3b377f" executionId="987c5ca6-58f8-4ee5-aecb-b1b015fbdba0" testListId="8c84fa94-04c1-424b-9868-57a2d4851a1d" />
    <TestEntry testId="4828b82d-197c-d38d-1052-fb24855ec6ae" executionId="a637e9fc-7945-4ce8-9d2b-20889b2ed541" testListId="8c84fa94-04c1-424b-9868-57a2d4851a1d" />
    <TestEntry testId="49aa9228-e307-ef3c-566e-386137588923" executionId="b57fcb3c-9acc-41af-b66f-5d74312cbc06" testListId="8c84fa94-04c1-424b-9868-57a2d4851a1d" />
    <TestEntry testId="49b4e1b0-9a60-f1f3-7d8e-e1f63ecc7d50" executionId="2d9a8a60-19bd-4e2c-88b7-31a778d544e0" testListId="8c84fa94-04c1-424b-9868-57a2d4851a1d" />
    <TestEntry testId="4a5ccd91-8853-f0cc-c6d0-af1603a36ab2" executionId="f302b6ba-d125-4e68-8f63-c7b4a3d426ea" testListId="8c84fa94-04c1-424b-9868-57a2d4851a1d" />
    <TestEntry testId="4c1abec7-91f0-7672-2e0f-302cf26fbd1a" executionId="3635087c-53cd-4a82-b0d7-9c6707a2f30f" testListId="8c84fa94-04c1-424b-9868-57a2d4851a1d" />
    <TestEntry testId="4c766330-2a1a-c11f-5958-fa0e45c2a866" executionId="98215004-8da2-42d9-a5bc-9686fb5e9441" testListId="8c84fa94-04c1-424b-9868-57a2d4851a1d" />
    <TestEntry testId="4d41008a-7d5b-c195-89ca-25e2bba2803d" executionId="0aabe088-e0eb-4992-8f6b-4ebf7cd0b2d6" testListId="8c84fa94-04c1-424b-9868-57a2d4851a1d" />
    <TestEntry testId="4ef1899b-961d-b074-c653-732880e5589d" executionId="5c1ae14b-7415-48e6-b4ef-4c34dd042058" testListId="8c84fa94-04c1-424b-9868-57a2d4851a1d" />
    <TestEntry testId="4f308a7f-5339-1197-c196-e8c2a3294cdb" executionId="57042238-c0b9-4ded-a0d6-506acebdd925" testListId="8c84fa94-04c1-424b-9868-57a2d4851a1d" />
    <TestEntry testId="4fbb91c1-c965-1543-022c-12856d2ae5ad" executionId="50998a72-a066-46ea-90d8-e0273a1b8884" testListId="8c84fa94-04c1-424b-9868-57a2d4851a1d" />
    <TestEntry testId="51819a1f-c4ce-ae98-f248-c4cc70983131" executionId="5135b9f1-96f0-4dae-a680-79094fb9aaee" testListId="8c84fa94-04c1-424b-9868-57a2d4851a1d" />
    <TestEntry testId="532bfe79-61d3-8d09-52bb-06591829691e" executionId="d69ff07e-36d4-496f-a0a0-c03e30f9926d" testListId="8c84fa94-04c1-424b-9868-57a2d4851a1d" />
    <TestEntry testId="54dfb2f2-edab-6914-c734-746381ef028e" executionId="b6c63b80-d2cd-48c4-9aff-fe0fc9bb76dc" testListId="8c84fa94-04c1-424b-9868-57a2d4851a1d" />
    <TestEntry testId="559ad5fd-9c89-3fab-e602-368a88629e35" executionId="91674233-9bff-46ce-b373-66922cb59e27" testListId="8c84fa94-04c1-424b-9868-57a2d4851a1d" />
    <TestEntry testId="567a07ee-04bb-68f0-b054-7c3ac20e04d0" executionId="482334f1-5cb7-4d98-8609-7f4a4aafdf10" testListId="8c84fa94-04c1-424b-9868-57a2d4851a1d" />
    <TestEntry testId="56fc1a57-6e5c-088b-8f95-88d9f697c097" executionId="42dd54c3-8c90-4f96-b3f8-13214f413f22" testListId="8c84fa94-04c1-424b-9868-57a2d4851a1d" />
    <TestEntry testId="5755d2a8-1978-f19d-e7bc-79a3772bf830" executionId="14c98e8b-3382-4326-89fc-406deaab3835" testListId="8c84fa94-04c1-424b-9868-57a2d4851a1d" />
    <TestEntry testId="583a3c4e-73f0-f6e0-0816-cbe45229841d" executionId="2eeb5e24-4d89-4a95-b4ef-75cb815f799b" testListId="8c84fa94-04c1-424b-9868-57a2d4851a1d" />
    <TestEntry testId="585eea8b-8fa4-71e8-9d43-5274aef9fa35" executionId="d453dcca-bef9-4500-8774-cf2750934004" testListId="8c84fa94-04c1-424b-9868-57a2d4851a1d" />
    <TestEntry testId="59990ab9-8064-95a7-969b-da2dc269c717" executionId="64ff61b3-d662-4419-a05d-183eaa30479a" testListId="8c84fa94-04c1-424b-9868-57a2d4851a1d" />
    <TestEntry testId="5b905b9d-179c-2930-2f2f-ad7751aea174" executionId="f21614a0-e2c3-4592-ba52-c06f9d7622d6" testListId="8c84fa94-04c1-424b-9868-57a2d4851a1d" />
    <TestEntry testId="5d4547ce-a6eb-4a5d-11b5-fd4fb3f2b4c4" executionId="24c5c8a1-7cc6-40ab-a89c-e600801f70d2" testListId="8c84fa94-04c1-424b-9868-57a2d4851a1d" />
    <TestEntry testId="5d663026-8403-d8b3-571f-dbc623bc2b0e" executionId="94a22ef0-e8b2-425c-a53f-975890a2f992" testListId="8c84fa94-04c1-424b-9868-57a2d4851a1d" />
    <TestEntry testId="5f6c8af1-2825-3c27-b802-e1be0e1eeb12" executionId="6892b384-787e-4c72-8ceb-fcb2a7d7d834" testListId="8c84fa94-04c1-424b-9868-57a2d4851a1d" />
    <TestEntry testId="603d3527-31ad-433b-f22d-64c8d067b62d" executionId="efa1ddfd-0fee-4164-8a30-79541d8582d8" testListId="8c84fa94-04c1-424b-9868-57a2d4851a1d" />
    <TestEntry testId="61204312-b642-b8f4-e07a-61631489b8b3" executionId="7757c958-f4b6-496a-ba50-59de93170eb7" testListId="8c84fa94-04c1-424b-9868-57a2d4851a1d" />
    <TestEntry testId="61f7685b-d775-dd59-8bb8-b9d96ff30e56" executionId="fa47779b-e3e7-448a-935d-b3e2a3de22d3" testListId="8c84fa94-04c1-424b-9868-57a2d4851a1d" />
    <TestEntry testId="633e6a31-e7c1-dc4e-810e-71a427cf70a8" executionId="6ad5024f-2838-4ed4-bd8e-382d49852712" testListId="8c84fa94-04c1-424b-9868-57a2d4851a1d" />
    <TestEntry testId="638dc709-5ccc-38d6-4efe-fa86b15a753c" executionId="42da5bc3-7006-440f-87d8-cb49ede9792f" testListId="8c84fa94-04c1-424b-9868-57a2d4851a1d" />
    <TestEntry testId="640310df-d648-7294-c434-32af677c30c3" executionId="d05eb318-c628-46d4-adad-c386946603f7" testListId="8c84fa94-04c1-424b-9868-57a2d4851a1d" />
    <TestEntry testId="644c941d-d40b-5655-7852-107ffef9acae" executionId="1e9506a9-4f1e-43bd-b4ac-5d853dcb8750" testListId="8c84fa94-04c1-424b-9868-57a2d4851a1d" />
    <TestEntry testId="69d4fcec-3787-b518-9138-fc65c3d09ecc" executionId="087964f7-4138-493e-8b9b-f7a6f8e16cfe" testListId="8c84fa94-04c1-424b-9868-57a2d4851a1d" />
    <TestEntry testId="6b5ea87c-ca8e-cd07-2a54-53cd363577f8" executionId="a4bfecbe-668f-4213-802a-00dc7e00ef7f" testListId="8c84fa94-04c1-424b-9868-57a2d4851a1d" />
    <TestEntry testId="6c35acfd-143f-54af-798f-44cf8c92eaa5" executionId="fba5bad2-a97c-4180-9ef0-9144e9597dc7" testListId="8c84fa94-04c1-424b-9868-57a2d4851a1d" />
    <TestEntry testId="6ea29e89-2e15-126e-eecf-3f7b211c52eb" executionId="5dc98ac2-cd4e-40e9-aadc-30d9209f77fa" testListId="8c84fa94-04c1-424b-9868-57a2d4851a1d" />
    <TestEntry testId="6f205f53-5c1d-2d23-0592-7823ba18d3aa" executionId="dfdf698e-c2be-49ad-8e14-b961398ca48f" testListId="8c84fa94-04c1-424b-9868-57a2d4851a1d" />
    <TestEntry testId="6fb9b650-50a8-89e9-0d35-3a3dc4939152" executionId="982d6fd4-6de0-405c-8471-249d105deb4e" testListId="8c84fa94-04c1-424b-9868-57a2d4851a1d" />
    <TestEntry testId="70ecef07-25d9-9298-9faa-26825e270b46" executionId="dbede760-54b3-421e-9b03-df7225af3cd8" testListId="8c84fa94-04c1-424b-9868-57a2d4851a1d" />
    <TestEntry testId="71153c10-625e-eee7-0105-ad1f18f9fb72" executionId="19e4bd8c-dd44-4748-b006-fefaaebc9207" testListId="8c84fa94-04c1-424b-9868-57a2d4851a1d" />
    <TestEntry testId="71a360e3-d81d-a30a-382f-721ef096f5b1" executionId="8a7a608a-683f-4c6d-bf3e-e292a271e765" testListId="8c84fa94-04c1-424b-9868-57a2d4851a1d" />
    <TestEntry testId="7206ff03-56a7-ec6c-ffc0-c8679263faa3" executionId="e013bd21-8be3-4e69-b477-f738ef033fae" testListId="8c84fa94-04c1-424b-9868-57a2d4851a1d" />
    <TestEntry testId="73dedb08-3777-9f76-6412-b3470bb8b574" executionId="637e1561-fb73-4fa1-8370-531c12d54f35" testListId="8c84fa94-04c1-424b-9868-57a2d4851a1d" />
    <TestEntry testId="767e3845-1b47-6225-c38c-e6345e12262a" executionId="14b37480-f3ee-406f-bb89-ec8dca118e32" testListId="8c84fa94-04c1-424b-9868-57a2d4851a1d" />
    <TestEntry testId="7743f34e-ac5f-23a3-8e8f-212222420029" executionId="2183d141-f5be-4ad3-8c6f-2e466a8aee7b" testListId="8c84fa94-04c1-424b-9868-57a2d4851a1d" />
    <TestEntry testId="787c2aca-5007-7e56-5e10-28020b3be468" executionId="808b415f-4238-4ae2-833c-4e9e10b659d3" testListId="8c84fa94-04c1-424b-9868-57a2d4851a1d" />
    <TestEntry testId="7896ac03-38fd-b99c-d27e-6cbd208a3f1e" executionId="1e3e7393-ec54-4019-bc0b-baa6558f01c7" testListId="8c84fa94-04c1-424b-9868-57a2d4851a1d" />
    <TestEntry testId="7931ef47-8391-bf76-37f8-dd781a05ed84" executionId="1296ae29-0a17-42ed-af0c-c314f231c003" testListId="8c84fa94-04c1-424b-9868-57a2d4851a1d" />
    <TestEntry testId="797d7b6c-0b94-436f-8cf2-1181e4378e5e" executionId="d6183bac-d627-4817-8fdb-d6e5a0c025d0" testListId="8c84fa94-04c1-424b-9868-57a2d4851a1d" />
    <TestEntry testId="7a7d56e7-b4b7-3226-df1d-44471276e993" executionId="1d87393f-8beb-4d06-ade2-1da5aa896232" testListId="8c84fa94-04c1-424b-9868-57a2d4851a1d" />
    <TestEntry testId="7a9400e0-6f1a-74cc-aaf2-4e620d01eac4" executionId="09353add-96d9-4c4f-8acd-9cf51c4d76cf" testListId="8c84fa94-04c1-424b-9868-57a2d4851a1d" />
    <TestEntry testId="7a965cd2-e1cf-8636-b94b-9bb1e4688fd0" executionId="b2a9e108-2ef2-418c-98cb-438b40a35726" testListId="8c84fa94-04c1-424b-9868-57a2d4851a1d" />
    <TestEntry testId="7a9b0937-239f-a7cc-e1fc-09bbc3508e89" executionId="178ba817-d4f3-4727-814f-a7c24cf058bf" testListId="8c84fa94-04c1-424b-9868-57a2d4851a1d" />
    <TestEntry testId="7acd9860-9837-fbe5-5425-b774d050444a" executionId="fa3f10e5-c3e0-42cc-8efb-b10f48978317" testListId="8c84fa94-04c1-424b-9868-57a2d4851a1d" />
    <TestEntry testId="7b6ad291-8507-bfdb-b921-bf2c15c5fff5" executionId="322adcb0-fd5f-4e3c-be67-753cf1caa3cc" testListId="8c84fa94-04c1-424b-9868-57a2d4851a1d" />
    <TestEntry testId="7ba074f7-37b4-86ab-f897-639c59c7afb2" executionId="fad27179-003a-4877-8c53-32042b10d836" testListId="8c84fa94-04c1-424b-9868-57a2d4851a1d" />
    <TestEntry testId="7d85dd6d-e955-0c88-df95-d36cadd3d7ff" executionId="3af2e1c7-50f2-432c-9f09-0c7cd9534fff" testListId="8c84fa94-04c1-424b-9868-57a2d4851a1d" />
    <TestEntry testId="80003646-df99-feba-93b2-6a809b884bf6" executionId="6d890517-72d1-4608-a628-300771096b59" testListId="8c84fa94-04c1-424b-9868-57a2d4851a1d" />
    <TestEntry testId="808822f6-9c85-0a33-f1f9-4d64c79fb975" executionId="77167e47-7760-4536-902c-128b0c2703b5" testListId="8c84fa94-04c1-424b-9868-57a2d4851a1d" />
    <TestEntry testId="80c446f8-daa9-dd90-7ba0-f56b79877aec" executionId="b37c6165-010c-4e18-817e-d83b904fc59a" testListId="8c84fa94-04c1-424b-9868-57a2d4851a1d" />
    <TestEntry testId="830b7e4e-1e9d-8453-edde-ba93d873d94b" executionId="d7947c7e-1c5f-41db-a7d5-5c3eb487cca1" testListId="8c84fa94-04c1-424b-9868-57a2d4851a1d" />
    <TestEntry testId="8449ab5e-c7c8-6deb-cb03-833888a032c6" executionId="8412c4d3-cc9e-48c0-bf27-4624bec7a1a2" testListId="8c84fa94-04c1-424b-9868-57a2d4851a1d" />
    <TestEntry testId="850912a6-5065-5531-7451-3014a79cee54" executionId="85ab93a2-5247-4574-87ba-531d8d05a273" testListId="8c84fa94-04c1-424b-9868-57a2d4851a1d" />
    <TestEntry testId="869377b3-dcd6-3fd0-816f-a4a48e30d6c3" executionId="350e005d-2e8d-48dd-8c1e-d0a55a523d14" testListId="8c84fa94-04c1-424b-9868-57a2d4851a1d" />
    <TestEntry testId="86a0d6ba-240b-81ef-7612-a91dd0bac5dd" executionId="ec467344-3df3-47d2-b353-80b3520f40b6" testListId="8c84fa94-04c1-424b-9868-57a2d4851a1d" />
    <TestEntry testId="86c02588-b87f-32bd-880b-56b0d73c1993" executionId="22501506-8959-4fd2-a357-e2964460fe4c" testListId="8c84fa94-04c1-424b-9868-57a2d4851a1d" />
    <TestEntry testId="8795f817-2bb9-9d00-f981-a3a8a2b7335e" executionId="f3b149a4-7c52-4c98-8779-a7d004610c83" testListId="8c84fa94-04c1-424b-9868-57a2d4851a1d" />
    <TestEntry testId="8a248c8c-38d6-117a-cb08-bb2fddeae117" executionId="814720d3-a30a-4455-8188-fae52e260830" testListId="8c84fa94-04c1-424b-9868-57a2d4851a1d" />
    <TestEntry testId="8d424c8f-9c8d-8bdb-c98c-1e76a87f52e2" executionId="9de4a048-3bcb-413c-900d-79ac0dbd6a34" testListId="8c84fa94-04c1-424b-9868-57a2d4851a1d" />
    <TestEntry testId="8dec4c0d-9137-8bca-e823-6edddad67b2a" executionId="bc0b6c93-18a5-48c2-9525-7723952e325c" testListId="8c84fa94-04c1-424b-9868-57a2d4851a1d" />
    <TestEntry testId="8e9dd2cf-ab74-a19e-4fae-41caa637e0ed" executionId="19f86857-3dca-4e76-9ccb-8b3d5cfabd08" testListId="8c84fa94-04c1-424b-9868-57a2d4851a1d" />
    <TestEntry testId="8f15350a-b612-7c9b-89ff-1e54a29d9340" executionId="4d2a669a-fb6f-46f5-83ba-e8399510ea5c" testListId="8c84fa94-04c1-424b-9868-57a2d4851a1d" />
    <TestEntry testId="8f214c0c-af12-b9fb-ae32-e2f0e522a10f" executionId="339dd452-9d60-4b55-926f-67ba5f3311a9" testListId="8c84fa94-04c1-424b-9868-57a2d4851a1d" />
    <TestEntry testId="90427aa6-8cf4-b956-2b3f-9546b7107ae7" executionId="5b65f94f-531a-45eb-a603-52da15db13bf" testListId="8c84fa94-04c1-424b-9868-57a2d4851a1d" />
    <TestEntry testId="91ad74e2-7f98-39c5-b2ac-d6979eb1e521" executionId="cb9ae790-d6ad-46ad-8ca3-462e62bcd11c" testListId="8c84fa94-04c1-424b-9868-57a2d4851a1d" />
    <TestEntry testId="920395ef-4d81-2796-a8e3-57b62c679836" executionId="0e338c43-dd96-4e85-8bc0-753620dfb20e" testListId="8c84fa94-04c1-424b-9868-57a2d4851a1d" />
    <TestEntry testId="92c796c7-6140-7467-0f72-263f4de0d5fd" executionId="9540b94d-af18-4daa-bada-6713f69dc76e" testListId="8c84fa94-04c1-424b-9868-57a2d4851a1d" />
    <TestEntry testId="94c02084-a2f4-8ed3-b12d-a1ac0caf9379" executionId="52f0884a-5b67-4bef-803e-bd9e3c4bffe2" testListId="8c84fa94-04c1-424b-9868-57a2d4851a1d" />
    <TestEntry testId="9611d5ba-c78e-b7b6-592f-64194d91b456" executionId="40d8aac3-e338-48cb-bf28-5e3ae4e61bbe" testListId="8c84fa94-04c1-424b-9868-57a2d4851a1d" />
    <TestEntry testId="97102229-37fa-e978-ffae-7fd4c7300f98" executionId="13afdfd4-a155-4b63-94b1-8c14dd4795f1" testListId="8c84fa94-04c1-424b-9868-57a2d4851a1d" />
    <TestEntry testId="97495e35-0952-692a-91b0-3d721dc574e4" executionId="6409b609-f302-4380-a31f-1637532fe11a" testListId="8c84fa94-04c1-424b-9868-57a2d4851a1d" />
    <TestEntry testId="98f1539c-0085-97ac-e6d6-c700951efc19" executionId="13c9e3e0-d690-4c7b-af25-ec6945840024" testListId="8c84fa94-04c1-424b-9868-57a2d4851a1d" />
    <TestEntry testId="990a1706-3c38-5c79-dd26-6bf2a85de470" executionId="18179625-e895-4d32-bda7-35e3af112c94" testListId="8c84fa94-04c1-424b-9868-57a2d4851a1d" />
    <TestEntry testId="9a12b8c7-dd2a-27a8-8e5c-846cf91e7a67" executionId="8c9f6670-323f-420e-92a6-76ce8f190ac0" testListId="8c84fa94-04c1-424b-9868-57a2d4851a1d" />
    <TestEntry testId="9b2baef8-8cea-f431-96b6-95e1ddfaf4a9" executionId="17493753-0589-4914-bd4d-449d5f7a3f4e" testListId="8c84fa94-04c1-424b-9868-57a2d4851a1d" />
    <TestEntry testId="9bfa0b14-def6-4233-8f09-efbae74ca192" executionId="a6f4f96b-af54-4fb4-86ce-1ce3a6cb9976" testListId="8c84fa94-04c1-424b-9868-57a2d4851a1d" />
    <TestEntry testId="9d4922e1-95bb-cc07-dd59-02aa21bc0c9d" executionId="2c090a9c-a52c-4043-9bb3-c53da601e0ac" testListId="8c84fa94-04c1-424b-9868-57a2d4851a1d" />
    <TestEntry testId="9ed7c416-1a7b-4673-195d-ca2e196d2a2e" executionId="a3e5d070-4714-41e2-ab91-a4e12a5fe648" testListId="8c84fa94-04c1-424b-9868-57a2d4851a1d" />
    <TestEntry testId="a45582f8-3825-adac-44bf-8fa9e3381e89" executionId="3ed58799-2262-4b5f-b501-446925eb807e" testListId="8c84fa94-04c1-424b-9868-57a2d4851a1d" />
    <TestEntry testId="a5088dbd-9f6a-bb83-e64a-07cfd5052c81" executionId="1b09788f-2577-4b03-8642-ab6d31b92b40" testListId="8c84fa94-04c1-424b-9868-57a2d4851a1d" />
    <TestEntry testId="a51caca7-6a0e-8bea-fb89-3104ddb0e38a" executionId="d5885fce-5b59-4349-ac13-c31b4a195466" testListId="8c84fa94-04c1-424b-9868-57a2d4851a1d" />
    <TestEntry testId="a56170ce-b399-e27e-e213-58e00eb4c436" executionId="51fb3779-d0ed-46ad-8c41-6b4e4571d148" testListId="8c84fa94-04c1-424b-9868-57a2d4851a1d" />
    <TestEntry testId="a65b5eab-4121-901b-449c-fc9aba07d07b" executionId="427161a3-6016-4e79-ad0e-326c283a6349" testListId="8c84fa94-04c1-424b-9868-57a2d4851a1d" />
    <TestEntry testId="a8ed7a3a-0e05-4105-ece6-4d106523c6c6" executionId="7b2c0dc6-32dc-45c2-a283-d5ed1e3555ba" testListId="8c84fa94-04c1-424b-9868-57a2d4851a1d" />
    <TestEntry testId="aa951c3d-ee4a-9ede-aac2-7e390167d171" executionId="6ce5020d-420b-4697-b11d-3c04dce2cbfc" testListId="8c84fa94-04c1-424b-9868-57a2d4851a1d" />
    <TestEntry testId="ab4705e8-14a4-6e9f-baf9-e3d238e84cf8" executionId="1ec85b63-c95a-47f1-abeb-b28649b7619a" testListId="8c84fa94-04c1-424b-9868-57a2d4851a1d" />
    <TestEntry testId="ad25e31e-4a53-f08b-b3bd-cfdcb07226a0" executionId="beb8ac2c-9d2a-4295-9c76-ba82c79aee7d" testListId="8c84fa94-04c1-424b-9868-57a2d4851a1d" />
    <TestEntry testId="aef19ea6-eb47-a1be-032c-8930cda21d9c" executionId="0929addd-5be2-4c41-90e7-8a7ef6020c38" testListId="8c84fa94-04c1-424b-9868-57a2d4851a1d" />
    <TestEntry testId="afe5b38f-db93-5765-7ecd-49d9214e51e3" executionId="de871d33-0a02-44c3-b0c6-db7c27ec5953" testListId="8c84fa94-04c1-424b-9868-57a2d4851a1d" />
    <TestEntry testId="b011074d-b132-dafa-b376-520451894204" executionId="86ac40c0-7534-467e-8ab8-19bf947c3def" testListId="8c84fa94-04c1-424b-9868-57a2d4851a1d" />
    <TestEntry testId="b037dab8-9f99-92da-4740-6e79cccc1e32" executionId="c0511735-ded3-4011-9de5-a65d49d3a44b" testListId="8c84fa94-04c1-424b-9868-57a2d4851a1d" />
    <TestEntry testId="b03d2b82-a5f5-4a0a-521f-fd9e431b28da" executionId="52c3d9e1-c4e8-49a9-b724-6b27022e857e" testListId="8c84fa94-04c1-424b-9868-57a2d4851a1d" />
    <TestEntry testId="b086ebe0-6bb0-f4b4-2d74-97b1a10dd517" executionId="1ad67a80-5406-42ff-b0e1-0728286fcdd0" testListId="8c84fa94-04c1-424b-9868-57a2d4851a1d" />
    <TestEntry testId="b1e8fb4c-7380-ad76-529d-dbdac5528194" executionId="1dc11376-ad99-430a-8247-62b8f0cffbc6" testListId="8c84fa94-04c1-424b-9868-57a2d4851a1d" />
    <TestEntry testId="b2c4141e-1dfd-f110-5623-435719fb340e" executionId="577a2f7a-f2e3-4c18-ae68-0ad839708aa6" testListId="8c84fa94-04c1-424b-9868-57a2d4851a1d" />
    <TestEntry testId="b30e4a1d-f330-da4d-3e81-5c536003275c" executionId="2350624e-a521-45ca-8c29-2696357a6253" testListId="8c84fa94-04c1-424b-9868-57a2d4851a1d" />
    <TestEntry testId="b40efeba-149d-b0b2-c78c-fd20b414ee67" executionId="1f88414f-eedc-45ab-aa1d-5e77c4daba68" testListId="8c84fa94-04c1-424b-9868-57a2d4851a1d" />
    <TestEntry testId="b67c54ae-5aad-e1cc-2b17-0ad544f3f701" executionId="c17ba052-6571-43fc-9e2d-12f40b2df5a5" testListId="8c84fa94-04c1-424b-9868-57a2d4851a1d" />
    <TestEntry testId="b70d24a9-e4cc-d879-39c7-bc30de9e70ab" executionId="e877da99-20de-4da8-af7e-be9fce519459" testListId="8c84fa94-04c1-424b-9868-57a2d4851a1d" />
    <TestEntry testId="b74830d0-a6ce-14b6-0d35-7c2e849267f3" executionId="a98bac51-98e6-440d-a273-6167892eafa3" testListId="8c84fa94-04c1-424b-9868-57a2d4851a1d" />
    <TestEntry testId="b7fcc578-5aaf-c60a-749d-838a3f516168" executionId="17d8c1bb-0db5-4fd2-a63c-d400f8ab8716" testListId="8c84fa94-04c1-424b-9868-57a2d4851a1d" />
    <TestEntry testId="b8e531ca-ec94-5331-cc83-d2332ab01f85" executionId="349d3110-48a6-4c22-a323-13dd7b3d4e70" testListId="8c84fa94-04c1-424b-9868-57a2d4851a1d" />
    <TestEntry testId="b99ec452-b626-078c-5efb-2041d6f255c4" executionId="c4d0ea2b-faad-4b06-9f98-b63e35250e61" testListId="8c84fa94-04c1-424b-9868-57a2d4851a1d" />
    <TestEntry testId="baf4ce3c-1fc7-efc9-3438-7f66d5c18bcf" executionId="4ed41203-f0be-40b0-a95d-43f3e441e9a1" testListId="8c84fa94-04c1-424b-9868-57a2d4851a1d" />
    <TestEntry testId="bbc45056-7304-0cf8-18ec-0f56b7abf591" executionId="4eaa1cc3-e976-4830-a7e5-38ed2044666c" testListId="8c84fa94-04c1-424b-9868-57a2d4851a1d" />
    <TestEntry testId="bbe65d68-71ba-72ec-21d1-a0b54bdef612" executionId="86cc50a3-da7b-4786-96a8-7f06fa021765" testListId="8c84fa94-04c1-424b-9868-57a2d4851a1d" />
    <TestEntry testId="bbfb3b40-32b8-1a5f-ae60-bf53c22dbf87" executionId="350c3f46-fdd0-4c9f-8bb8-73b7f0ac6f68" testListId="8c84fa94-04c1-424b-9868-57a2d4851a1d" />
    <TestEntry testId="bd00057e-88b2-1e9c-846b-ed190ddc5717" executionId="e5e82def-1b28-480b-95c8-4c8058389907" testListId="8c84fa94-04c1-424b-9868-57a2d4851a1d" />
    <TestEntry testId="bd7ec864-24ff-4ca6-8f63-6e2fe4065d39" executionId="da384bdb-3a39-4647-8e63-300bc75d4a65" testListId="8c84fa94-04c1-424b-9868-57a2d4851a1d" />
    <TestEntry testId="bdf76499-e0f6-3d7b-4432-982ba6c3b223" executionId="db0829f2-0788-4bda-b6dd-721eb6358b73" testListId="8c84fa94-04c1-424b-9868-57a2d4851a1d" />
    <TestEntry testId="be772578-3bd6-fe1e-69ad-baa513f62b0b" executionId="b6d52446-22c8-46bb-ad83-91953fa036eb" testListId="8c84fa94-04c1-424b-9868-57a2d4851a1d" />
    <TestEntry testId="bf4b4d8f-a9c5-278f-9d0c-4140566dfe7e" executionId="2531ae4f-984a-43ce-91ff-23c7f45db61a" testListId="8c84fa94-04c1-424b-9868-57a2d4851a1d" />
    <TestEntry testId="c0b049d8-5af1-212d-f646-b9a7aa76e7aa" executionId="d76e929b-9a4e-4caf-81f7-0e807b18c5a4" testListId="8c84fa94-04c1-424b-9868-57a2d4851a1d" />
    <TestEntry testId="c2a16b22-9983-ed58-4351-7fd3ef453798" executionId="7112544b-c39a-4553-8930-89fc805a5fe8" testListId="8c84fa94-04c1-424b-9868-57a2d4851a1d" />
    <TestEntry testId="c35eb805-49e5-7d06-b69d-ba684aaa6791" executionId="79efb802-3ac3-4e46-8ce0-064451962b84" testListId="8c84fa94-04c1-424b-9868-57a2d4851a1d" />
    <TestEntry testId="c3a5f774-5c25-7fa7-593c-10a98b5db768" executionId="817afd37-597d-4538-9476-d5c9188182b7" testListId="8c84fa94-04c1-424b-9868-57a2d4851a1d" />
    <TestEntry testId="c3b85211-1b55-61c6-8d42-782c04048184" executionId="f0cae06c-73de-4e00-be26-faa44c7cd518" testListId="8c84fa94-04c1-424b-9868-57a2d4851a1d" />
    <TestEntry testId="c3e8dcc2-bac7-2a0c-9c06-8dc4838145f3" executionId="51ecdc6d-730d-45a3-8833-94800e30f118" testListId="8c84fa94-04c1-424b-9868-57a2d4851a1d" />
    <TestEntry testId="c441e89e-f895-2b6d-e75c-6ac07c647d62" executionId="6991e43f-f0b7-4837-9922-571c4202f58c" testListId="8c84fa94-04c1-424b-9868-57a2d4851a1d" />
    <TestEntry testId="c75708a0-bd76-5c05-5aaa-8fcb10fd4321" executionId="3ba559e7-3ab2-4248-9903-3ff78e64cb27" testListId="8c84fa94-04c1-424b-9868-57a2d4851a1d" />
    <TestEntry testId="c764531a-8b43-978a-82fa-64e183192f81" executionId="fccf715e-68bc-49be-860c-54d693989595" testListId="8c84fa94-04c1-424b-9868-57a2d4851a1d" />
    <TestEntry testId="c80221bd-ca0a-aa23-6b81-2ed5f20f8d5f" executionId="a8e756d0-88a1-4f1f-8e4a-e55419dfec83" testListId="8c84fa94-04c1-424b-9868-57a2d4851a1d" />
    <TestEntry testId="cc8275a0-551e-d39e-ef08-c6785391cae1" executionId="f2829066-cbe0-4c21-b437-ace3bb0bb8eb" testListId="8c84fa94-04c1-424b-9868-57a2d4851a1d" />
    <TestEntry testId="cdf50321-c0eb-ddc4-0179-2919c2028903" executionId="d811694a-513d-4936-9f48-8b333d94bd84" testListId="8c84fa94-04c1-424b-9868-57a2d4851a1d" />
    <TestEntry testId="d0140d76-78ce-58b3-2274-c95b28b0ccfb" executionId="2068ae6f-d774-4772-8512-5aa8524ff75b" testListId="8c84fa94-04c1-424b-9868-57a2d4851a1d" />
    <TestEntry testId="d045283f-2980-ed70-af3d-611e9266ab64" executionId="8cffd4e9-d4ff-4645-be8c-c112219832c1" testListId="8c84fa94-04c1-424b-9868-57a2d4851a1d" />
    <TestEntry testId="d5027f5f-1da1-2a25-97cf-1e7da6a062b5" executionId="92eed259-f4ab-4f63-a2c7-02c0661c9781" testListId="8c84fa94-04c1-424b-9868-57a2d4851a1d" />
    <TestEntry testId="d56f2fbf-3f3e-cba1-4f8d-7b34cec35b0a" executionId="acd10036-55c7-4f60-8c58-470331b06419" testListId="8c84fa94-04c1-424b-9868-57a2d4851a1d" />
    <TestEntry testId="d75bbbff-3e3e-ac68-2b4f-48cfb14f2d0a" executionId="f570b940-41b1-49e7-ad46-10fb1861c64f" testListId="8c84fa94-04c1-424b-9868-57a2d4851a1d" />
    <TestEntry testId="d820847a-a64d-718b-5774-4886058277c3" executionId="fbd9e614-e4a0-4de0-ad96-99bf7051720e" testListId="8c84fa94-04c1-424b-9868-57a2d4851a1d" />
    <TestEntry testId="d8af0a27-8cd9-d036-917e-00672cd2689b" executionId="aef36b23-2fb9-403c-b66d-e88df15d7172" testListId="8c84fa94-04c1-424b-9868-57a2d4851a1d" />
    <TestEntry testId="d97a225a-e31a-2138-2fae-7b4109b25275" executionId="a7c94780-7413-4708-a4bb-d3f88aacc030" testListId="8c84fa94-04c1-424b-9868-57a2d4851a1d" />
    <TestEntry testId="d982986f-d5cc-bb8f-d6d8-e2a54e2f4dd0" executionId="beb0ab2e-10c4-4c8f-8a13-96f1c26fb972" testListId="8c84fa94-04c1-424b-9868-57a2d4851a1d" />
    <TestEntry testId="db3b4c9b-bf56-f07b-1edd-3db630376de3" executionId="330bd424-60b7-494c-bc1a-30aa9eb06fc7" testListId="8c84fa94-04c1-424b-9868-57a2d4851a1d" />
    <TestEntry testId="db3b6314-b1da-7626-0e4e-61abbddac9d6" executionId="18d13aee-dec1-48f2-aa21-1a475edd4f06" testListId="8c84fa94-04c1-424b-9868-57a2d4851a1d" />
    <TestEntry testId="dc08494a-5655-aecb-96fc-b52817050a2a" executionId="b40dfb02-c0b2-44e4-a491-b0b12c36b716" testListId="8c84fa94-04c1-424b-9868-57a2d4851a1d" />
    <TestEntry testId="de06015f-869e-46b8-4b51-8c7b049b2b96" executionId="92202ae4-8025-4891-9258-bf3149d05803" testListId="8c84fa94-04c1-424b-9868-57a2d4851a1d" />
    <TestEntry testId="de9d9ca9-6d6f-fece-a7ad-0d011ee5cf94" executionId="e1314cc5-1e56-45e7-b2e8-33981f733a26" testListId="8c84fa94-04c1-424b-9868-57a2d4851a1d" />
    <TestEntry testId="e18cfbc3-f9cf-311e-f710-177b71a46e6d" executionId="5ee8ea20-552c-4359-b2b9-5dfb7ce20828" testListId="8c84fa94-04c1-424b-9868-57a2d4851a1d" />
    <TestEntry testId="e30391ee-1b3b-ee9f-b02c-b47de478c33f" executionId="cc8c77bf-17e4-4f73-bb67-e6f6d7d28cb3" testListId="8c84fa94-04c1-424b-9868-57a2d4851a1d" />
    <TestEntry testId="e37183df-04ce-aa53-28d5-e792188a2202" executionId="107536ed-4b7c-4cb9-b926-bb520b3bed7d" testListId="8c84fa94-04c1-424b-9868-57a2d4851a1d" />
    <TestEntry testId="e5623ce5-a9dc-7c7d-ffdc-f4cf28cd97aa" executionId="13d33fc2-c22e-465f-9abf-ed20953b56d1" testListId="8c84fa94-04c1-424b-9868-57a2d4851a1d" />
    <TestEntry testId="e5750d14-09bb-ec70-127b-652a47b7dd9c" executionId="00da114f-5673-423d-81a1-d217f845f08b" testListId="8c84fa94-04c1-424b-9868-57a2d4851a1d" />
    <TestEntry testId="e77c7ab7-183b-1f93-57a3-77e0403bec4c" executionId="2d3be0bd-d9d4-4dd0-9284-82703b4490f8" testListId="8c84fa94-04c1-424b-9868-57a2d4851a1d" />
    <TestEntry testId="e80fc0c4-2914-56fc-191b-489f27774cbc" executionId="e0eba494-c0be-4a3a-9259-8b1892694d67" testListId="8c84fa94-04c1-424b-9868-57a2d4851a1d" />
    <TestEntry testId="e860bbd5-6ce1-07c3-fd03-d14cbeda5d8f" executionId="2123987a-61bf-455c-ade2-bdf383c65cc4" testListId="8c84fa94-04c1-424b-9868-57a2d4851a1d" />
    <TestEntry testId="e89c0529-2532-190e-5936-91edd9263fb1" executionId="1a0c0464-eb60-4e60-ae47-6b83d5074358" testListId="8c84fa94-04c1-424b-9868-57a2d4851a1d" />
    <TestEntry testId="e8ca73cc-b93e-0f49-9374-ed860ffbd677" executionId="2d254fab-8d85-438a-95a5-d6507e620248" testListId="8c84fa94-04c1-424b-9868-57a2d4851a1d" />
    <TestEntry testId="e966bfbe-0422-eb75-f093-b800f9c629b7" executionId="78ef6998-7c05-460a-a73f-6023dea49eaf" testListId="8c84fa94-04c1-424b-9868-57a2d4851a1d" />
    <TestEntry testId="ea12baf4-c62d-b0ca-b8ec-0dd742c09890" executionId="da46fbbc-7946-4957-87a8-ea078d08fcce" testListId="8c84fa94-04c1-424b-9868-57a2d4851a1d" />
    <TestEntry testId="ea8ee283-08b1-8adf-4aa4-5e76e4a476d8" executionId="18b35327-c504-483f-90bc-5a859b348ebc" testListId="8c84fa94-04c1-424b-9868-57a2d4851a1d" />
    <TestEntry testId="eaed8830-28b9-0d81-19c8-50909473733c" executionId="cd09aedb-85a1-49bf-b7b4-1452f114e387" testListId="8c84fa94-04c1-424b-9868-57a2d4851a1d" />
    <TestEntry testId="ec55615d-1e36-c752-f2bf-b20284d0ae33" executionId="6994c9ef-eda4-4d2e-996d-a06a6af8ea3a" testListId="8c84fa94-04c1-424b-9868-57a2d4851a1d" />
    <TestEntry testId="ec99d1a9-4b49-a94f-134c-f58d11b57222" executionId="1380df3f-8d92-488e-8483-7bd0650846a8" testListId="8c84fa94-04c1-424b-9868-57a2d4851a1d" />
    <TestEntry testId="ee7a26ae-f08b-c1d5-713f-d21139c592b9" executionId="7ecf5297-da67-45c2-96ca-5e0f03954010" testListId="8c84fa94-04c1-424b-9868-57a2d4851a1d" />
    <TestEntry testId="eeb34c89-a7df-f580-faa2-1b58190ee5be" executionId="cfad733f-e7a2-41f2-b445-87a8bdbb017f" testListId="8c84fa94-04c1-424b-9868-57a2d4851a1d" />
    <TestEntry testId="f026b4fd-1d5b-6d3d-657e-a3e832a7de61" executionId="416f51a3-88c7-44e4-bb65-76f9f9eaebd2" testListId="8c84fa94-04c1-424b-9868-57a2d4851a1d" />
    <TestEntry testId="f342f959-584b-70f7-fc12-f7e45c365653" executionId="18b56ea4-6838-4427-bca3-4f0f26cfa30b" testListId="8c84fa94-04c1-424b-9868-57a2d4851a1d" />
    <TestEntry testId="f4a16930-7fb5-1364-b2bb-1dffeb9040de" executionId="42ee37f5-5166-4a34-8270-e34c47e25e93" testListId="8c84fa94-04c1-424b-9868-57a2d4851a1d" />
    <TestEntry testId="f4f76af5-0d54-7bf8-8ba4-b32803d7a374" executionId="8912d0cf-1a0e-4667-a485-a9a28d37d3b1" testListId="8c84fa94-04c1-424b-9868-57a2d4851a1d" />
    <TestEntry testId="f51de229-4761-6e36-e9f5-2ae1d5b346f0" executionId="1e5fe333-cba2-413f-ae86-4a24eaeffeb3" testListId="8c84fa94-04c1-424b-9868-57a2d4851a1d" />
    <TestEntry testId="f56d5205-e252-235c-3244-90ee14efb3f4" executionId="74062691-b121-4e5a-877f-cb6cd271e3fb" testListId="8c84fa94-04c1-424b-9868-57a2d4851a1d" />
    <TestEntry testId="f5f02455-4aef-8763-5044-dc094bc64ba2" executionId="16a8d57c-0af1-487c-ba2e-a7c478e21264" testListId="8c84fa94-04c1-424b-9868-57a2d4851a1d" />
    <TestEntry testId="f66902ae-2eb8-36de-bdb4-af24338ae682" executionId="055a1f47-5bf1-4019-9a5a-1438c7e2a6e1" testListId="8c84fa94-04c1-424b-9868-57a2d4851a1d" />
    <TestEntry testId="f791b1fc-7ecf-06ad-9b72-838a0f1da804" executionId="e92ea123-2a28-4e49-aee8-62dffa10fe5f" testListId="8c84fa94-04c1-424b-9868-57a2d4851a1d" />
    <TestEntry testId="f96aeaaa-982a-50fe-9819-4fadbbdc5555" executionId="d34c96ec-ceae-4144-84f6-10e6e1f61e62" testListId="8c84fa94-04c1-424b-9868-57a2d4851a1d" />
    <TestEntry testId="fce54152-c90c-9cca-2f79-ca939e2fd20d" executionId="a20dffce-40dd-468f-8666-60b2d28e2cc9" testListId="8c84fa94-04c1-424b-9868-57a2d4851a1d" />
    <TestEntry testId="fd09b993-a9b4-e74b-ac25-fcabec687112" executionId="7dc3d483-526c-442c-9664-1203136f5fdf" testListId="8c84fa94-04c1-424b-9868-57a2d4851a1d" />
    <TestEntry testId="fdc59520-9564-0684-d4f9-2091f576f931" executionId="84668074-64e0-4fa3-9cd1-795c5f7f346f" testListId="8c84fa94-04c1-424b-9868-57a2d4851a1d" />
    <TestEntry testId="fdc6582f-0eab-5f36-d160-7547a6de5dbb" executionId="b8897519-0c6d-4ea3-a5ba-e12905a20a35" testListId="8c84fa94-04c1-424b-9868-57a2d4851a1d" />
    <TestEntry testId="febe8afb-7bc1-3f13-831b-73b163a8c327" executionId="35d3cba7-05d2-4080-8ce9-3e0471ad2394" testListId="8c84fa94-04c1-424b-9868-57a2d4851a1d" />
  </TestEntries>
  <Results>
    <UnitTestResult executionId="15942e46-12e0-411c-b7b8-0af2bf905bb3" testId="02dbbd81-860f-9e6d-6bf0-d3b21164d681" testName="IterThrowsContractException917" computerName="EDSAC" duration="00:00:00.0274861" startTime="2010-12-04T14:56:42.6540849+00:00" endTime="2010-12-04T14:56:43.2931214+00:00" testType="13cdc9d9-ddb5-4fa4-a97d-d965ccfc6d4b" outcome="Passed" testListId="8c84fa94-04c1-424b-9868-57a2d4851a1d" relativeResultsDirectory="15942e46-12e0-411c-b7b8-0af2bf905bb3">
    </UnitTestResult>
    <UnitTestResult executionId="5f458334-c7cb-498b-a7c2-477e1ce4e438" testId="03c88b26-e4eb-d38e-6683-3ac55f8aeeac" testName="Add60901" computerName="EDSAC" duration="00:00:00.0117198" startTime="2010-12-04T14:56:43.3061222+00:00" endTime="2010-12-04T14:56:43.3311236+00:00" testType="13cdc9d9-ddb5-4fa4-a97d-d965ccfc6d4b" outcome="Passed" testListId="8c84fa94-04c1-424b-9868-57a2d4851a1d" relativeResultsDirectory="5f458334-c7cb-498b-a7c2-477e1ce4e438">
    </UnitTestResult>
    <UnitTestResult executionId="b7908c3e-163b-4dde-b150-2aab167efda5" testId="04c53adc-df51-85a8-3dcb-278e962fc112" testName="Subarray709" computerName="EDSAC" duration="00:00:00.0095207" startTime="2010-12-04T14:56:43.3431243+00:00" endTime="2010-12-04T14:56:43.3731260+00:00" testType="13cdc9d9-ddb5-4fa4-a97d-d965ccfc6d4b" outcome="Passed" testListId="8c84fa94-04c1-424b-9868-57a2d4851a1d" relativeResultsDirectory="b7908c3e-163b-4dde-b150-2aab167efda5">
    </UnitTestResult>
    <UnitTestResult executionId="235acff7-4667-4b38-9ae8-37babfda5015" testId="055e48df-0214-9f4b-ed2b-c5a320ca2c7d" testName="As0163236" computerName="EDSAC" duration="00:00:00.0106825" startTime="2010-12-04T14:56:43.3941272+00:00" endTime="2010-12-04T14:56:43.4341295+00:00" testType="13cdc9d9-ddb5-4fa4-a97d-d965ccfc6d4b" outcome="Passed" testListId="8c84fa94-04c1-424b-9868-57a2d4851a1d" relativeResultsDirectory="235acff7-4667-4b38-9ae8-37babfda5015">
    </UnitTestResult>
    <UnitTestResult executionId="53eb5cdb-8269-4ae0-9434-f82474593b42" testId="06526ef8-2c35-33d9-065a-ac58170dfa4f" testName="Dequeue19" computerName="EDSAC" duration="00:00:00.0045597" startTime="2010-12-04T14:56:43.4411299+00:00" endTime="2010-12-04T14:56:43.4641312+00:00" testType="13cdc9d9-ddb5-4fa4-a97d-d965ccfc6d4b" outcome="Passed" testListId="8c84fa94-04c1-424b-9868-57a2d4851a1d" relativeResultsDirectory="53eb5cdb-8269-4ae0-9434-f82474593b42">
    </UnitTestResult>
    <UnitTestResult executionId="2833900f-c22a-45f2-9648-594b2b5ca078" testId="06d747a6-abc2-c83d-da24-3ee86184f362" testName="IsNullableTypeThrowsContractException544" computerName="EDSAC" duration="00:00:00.0007176" startTime="2010-12-04T14:56:43.4861324+00:00" endTime="2010-12-04T14:56:43.5041335+00:00" testType="13cdc9d9-ddb5-4fa4-a97d-d965ccfc6d4b" outcome="Passed" testListId="8c84fa94-04c1-424b-9868-57a2d4851a1d" relativeResultsDirectory="2833900f-c22a-45f2-9648-594b2b5ca078">
    </UnitTestResult>
    <UnitTestResult executionId="90c6eddb-9b81-4eef-b5ed-1d641eb4af76" testId="0860ee19-0524-5919-2b3c-8316527f7933" testName="If921" computerName="EDSAC" duration="00:00:00.0005328" startTime="2010-12-04T14:56:43.5171342+00:00" endTime="2010-12-04T14:56:43.5301350+00:00" testType="13cdc9d9-ddb5-4fa4-a97d-d965ccfc6d4b" outcome="Passed" testListId="8c84fa94-04c1-424b-9868-57a2d4851a1d" relativeResultsDirectory="90c6eddb-9b81-4eef-b5ed-1d641eb4af76">
    </UnitTestResult>
    <UnitTestResult executionId="23a993cc-7c1c-4dc6-9dee-ad59c94bc522" testId="09abec53-bc8a-0db2-1ff6-28ad5ea0f559" testName="As0166404" computerName="EDSAC" duration="00:00:00.0049115" startTime="2010-12-04T14:56:43.5391355+00:00" endTime="2010-12-04T14:56:43.5601367+00:00" testType="13cdc9d9-ddb5-4fa4-a97d-d965ccfc6d4b" outcome="Passed" testListId="8c84fa94-04c1-424b-9868-57a2d4851a1d" relativeResultsDirectory="23a993cc-7c1c-4dc6-9dee-ad59c94bc522">
    </UnitTestResult>
    <UnitTestResult executionId="152ac724-8b63-465f-99f6-22e112de5b53" testId="0c1112ce-06b8-6d36-f7fb-a3574f6e2065" testName="As0163237" computerName="EDSAC" duration="00:00:00.0043432" startTime="2010-12-04T14:56:43.5661370+00:00" endTime="2010-12-04T14:56:43.5831380+00:00" testType="13cdc9d9-ddb5-4fa4-a97d-d965ccfc6d4b" outcome="Passed" testListId="8c84fa94-04c1-424b-9868-57a2d4851a1d" relativeResultsDirectory="152ac724-8b63-465f-99f6-22e112de5b53">
    </UnitTestResult>
    <UnitTestResult executionId="6bf93b2a-aefc-4da1-a9f8-2639dd43bfd3" testId="0c58cf0b-ac72-a134-206f-98daff22c7f5" testName="As0132103" computerName="EDSAC" duration="00:00:00.0022924" startTime="2010-12-04T14:56:43.6041392+00:00" endTime="2010-12-04T14:56:43.6261405+00:00" testType="13cdc9d9-ddb5-4fa4-a97d-d965ccfc6d4b" outcome="Passed" testListId="8c84fa94-04c1-424b-9868-57a2d4851a1d" relativeResultsDirectory="6bf93b2a-aefc-4da1-a9f8-2639dd43bfd3">
    </UnitTestResult>
    <UnitTestResult executionId="867b495f-94dd-4f79-9448-c0e23059e492" testId="0c6370f1-3a15-0de1-18cb-8da30dd57ee7" testName="UnionAllThrowsContractException498" computerName="EDSAC" duration="00:00:00.0046003" startTime="2010-12-04T14:56:43.6361410+00:00" endTime="2010-12-04T14:56:43.6531420+00:00" testType="13cdc9d9-ddb5-4fa4-a97d-d965ccfc6d4b" outcome="Passed" testListId="8c84fa94-04c1-424b-9868-57a2d4851a1d" relativeResultsDirectory="867b495f-94dd-4f79-9448-c0e23059e492">
    </UnitTestResult>
    <UnitTestResult executionId="c9a933b9-dbaa-433c-95de-82407c2036aa" testId="0cb477c5-7b02-500d-45eb-bb863b0c13bb" testName="RangeThrowsContractException958" computerName="EDSAC" duration="00:00:00.0080354" startTime="2010-12-04T14:56:43.6681429+00:00" endTime="2010-12-04T14:56:43.6901441+00:00" testType="13cdc9d9-ddb5-4fa4-a97d-d965ccfc6d4b" outcome="Passed" testListId="8c84fa94-04c1-424b-9868-57a2d4851a1d" relativeResultsDirectory="c9a933b9-dbaa-433c-95de-82407c2036aa">
    </UnitTestResult>
    <UnitTestResult executionId="2855b58c-94a3-45cc-a4b5-cdf17ded4fa4" testId="0cf9c414-1497-f4be-8e70-721d9337c834" testName="ToString01530" computerName="EDSAC" duration="00:00:00.0071937" startTime="2010-12-04T14:56:43.6971445+00:00" endTime="2010-12-04T14:56:43.7151455+00:00" testType="13cdc9d9-ddb5-4fa4-a97d-d965ccfc6d4b" outcome="Passed" testListId="8c84fa94-04c1-424b-9868-57a2d4851a1d" relativeResultsDirectory="2855b58c-94a3-45cc-a4b5-cdf17ded4fa4">
    </UnitTestResult>
    <UnitTestResult executionId="3ab5e271-733f-419e-9414-afda8dd48317" testId="0e44207d-1ccf-04c5-6aef-2081653ff131" testName="IfNotNull0159703" computerName="EDSAC" duration="00:00:00.0058498" startTime="2010-12-04T14:56:43.7191458+00:00" endTime="2010-12-04T14:56:43.7331466+00:00" testType="13cdc9d9-ddb5-4fa4-a97d-d965ccfc6d4b" outcome="Passed" testListId="8c84fa94-04c1-424b-9868-57a2d4851a1d" relativeResultsDirectory="3ab5e271-733f-419e-9414-afda8dd48317">
    </UnitTestResult>
    <UnitTestResult executionId="2bc36d3b-83df-4cab-81b6-819a124428e2" testId="0e645c38-e73b-967d-e94f-74a8d38a05b3" testName="As170" computerName="EDSAC" duration="00:00:00.0024679" startTime="2010-12-04T14:56:43.7451473+00:00" endTime="2010-12-04T14:56:43.7571480+00:00" testType="13cdc9d9-ddb5-4fa4-a97d-d965ccfc6d4b" outcome="Passed" testListId="8c84fa94-04c1-424b-9868-57a2d4851a1d" relativeResultsDirectory="2bc36d3b-83df-4cab-81b6-819a124428e2">
    </UnitTestResult>
    <UnitTestResult executionId="9f1882f0-05ef-4d45-80dd-b8f78f662685" testId="0e73a463-cb0d-f992-9d84-5941849f04d6" testName="To0459801" computerName="EDSAC" duration="00:00:00.0030665" startTime="2010-12-04T14:56:43.7661485+00:00" endTime="2010-12-04T14:56:43.7791492+00:00" testType="13cdc9d9-ddb5-4fa4-a97d-d965ccfc6d4b" outcome="Passed" testListId="8c84fa94-04c1-424b-9868-57a2d4851a1d" relativeResultsDirectory="9f1882f0-05ef-4d45-80dd-b8f78f662685">
    </UnitTestResult>
    <UnitTestResult executionId="769b30ba-a34f-48aa-9885-39a3ad34c7dc" testId="0e90738b-70d8-2788-4a26-d16c8666f6ca" testName="As0163232" computerName="EDSAC" duration="00:00:00.0032056" startTime="2010-12-04T14:56:43.7891498+00:00" endTime="2010-12-04T14:56:43.8091509+00:00" testType="13cdc9d9-ddb5-4fa4-a97d-d965ccfc6d4b" outcome="Passed" testListId="8c84fa94-04c1-424b-9868-57a2d4851a1d" relativeResultsDirectory="769b30ba-a34f-48aa-9885-39a3ad34c7dc">
    </UnitTestResult>
    <UnitTestResult executionId="cb69138e-13a1-4ea0-9f37-d48106f4e621" testId="0f614d48-4580-1835-c34d-314b56fdf70c" testName="AsEnumerable56003" computerName="EDSAC" duration="00:00:00.0022331" startTime="2010-12-04T14:56:43.8271520+00:00" endTime="2010-12-04T14:56:43.8451530+00:00" testType="13cdc9d9-ddb5-4fa4-a97d-d965ccfc6d4b" outcome="Passed" testListId="8c84fa94-04c1-424b-9868-57a2d4851a1d" relativeResultsDirectory="cb69138e-13a1-4ea0-9f37-d48106f4e621">
    </UnitTestResult>
    <UnitTestResult executionId="b8db62a4-2b6d-46bb-b7ae-bffe297862bf" testId="0f9431a7-c4c3-1aca-912d-ce2c11b0e97d" testName="ContainsArrayThrowsContractException154" computerName="EDSAC" duration="00:00:00.0014492" startTime="2010-12-04T14:56:43.8511533+00:00" endTime="2010-12-04T14:56:43.8791549+00:00" testType="13cdc9d9-ddb5-4fa4-a97d-d965ccfc6d4b" outcome="Passed" testListId="8c84fa94-04c1-424b-9868-57a2d4851a1d" relativeResultsDirectory="b8db62a4-2b6d-46bb-b7ae-bffe297862bf">
    </UnitTestResult>
    <UnitTestResult executionId="2061b660-035b-4b44-bf81-a1248f2ff6e8" testId="106b7a63-3c06-2f97-097e-1a5d38b1a1ac" testName="Add88503" computerName="EDSAC" duration="00:00:00.0026064" startTime="2010-12-04T14:56:43.8851553+00:00" endTime="2010-12-04T14:56:43.9031563+00:00" testType="13cdc9d9-ddb5-4fa4-a97d-d965ccfc6d4b" outcome="Passed" testListId="8c84fa94-04c1-424b-9868-57a2d4851a1d" relativeResultsDirectory="2061b660-035b-4b44-bf81-a1248f2ff6e8">
    </UnitTestResult>
    <UnitTestResult executionId="264a5bda-200e-413a-890e-2d0d60bd03fa" testId="11187b04-c546-bd3e-0bbb-d3f71bff1f4f" testName="AsEnumerable0314803" computerName="EDSAC" duration="00:00:00.0052031" startTime="2010-12-04T14:56:43.9071565+00:00" endTime="2010-12-04T14:56:43.9311579+00:00" testType="13cdc9d9-ddb5-4fa4-a97d-d965ccfc6d4b" outcome="Passed" testListId="8c84fa94-04c1-424b-9868-57a2d4851a1d" relativeResultsDirectory="264a5bda-200e-413a-890e-2d0d60bd03fa">
    </UnitTestResult>
    <UnitTestResult executionId="1d3aae0e-bae1-46e2-8b7a-51d379215058" testId="116bcbca-67a9-cf3b-0614-27721784c6e2" testName="IfNotNull0159704" computerName="EDSAC" duration="00:00:00.0052227" startTime="2010-12-04T14:56:43.9391584+00:00" endTime="2010-12-04T14:56:43.9581594+00:00" testType="13cdc9d9-ddb5-4fa4-a97d-d965ccfc6d4b" outcome="Passed" testListId="8c84fa94-04c1-424b-9868-57a2d4851a1d" relativeResultsDirectory="1d3aae0e-bae1-46e2-8b7a-51d379215058">
    </UnitTestResult>
    <UnitTestResult executionId="7ce512e5-1c57-41ca-a437-9a28dd4ea46f" testId="116e53ad-53cc-1f8c-5eeb-a61eba3cd5e8" testName="ForEach90804" computerName="EDSAC" duration="00:00:00.0029233" startTime="2010-12-04T14:56:43.9721602+00:00" endTime="2010-12-04T14:56:43.9831609+00:00" testType="13cdc9d9-ddb5-4fa4-a97d-d965ccfc6d4b" outcome="Passed" testListId="8c84fa94-04c1-424b-9868-57a2d4851a1d" relativeResultsDirectory="7ce512e5-1c57-41ca-a437-9a28dd4ea46f">
    </UnitTestResult>
    <UnitTestResult executionId="02016426-4c43-496c-8972-e1e7113d7ebe" testId="1281f517-45b5-6723-bc3e-71da88a02141" testName="Random43101" computerName="EDSAC" duration="00:00:00.0018823" startTime="2010-12-04T14:56:43.9881612+00:00" endTime="2010-12-04T14:56:44.0021620+00:00" testType="13cdc9d9-ddb5-4fa4-a97d-d965ccfc6d4b" outcome="Passed" testListId="8c84fa94-04c1-424b-9868-57a2d4851a1d" relativeResultsDirectory="02016426-4c43-496c-8972-e1e7113d7ebe">
    </UnitTestResult>
    <UnitTestResult executionId="5148aa9b-3e05-4d62-bc84-0bb06489ee39" testId="14c4d8f7-99c5-9b56-48f1-16bece872cd1" testName="As76301" computerName="EDSAC" duration="00:00:00.0006373" startTime="2010-12-04T14:56:44.0101624+00:00" endTime="2010-12-04T14:56:44.0241632+00:00" testType="13cdc9d9-ddb5-4fa4-a97d-d965ccfc6d4b" outcome="Passed" testListId="8c84fa94-04c1-424b-9868-57a2d4851a1d" relativeResultsDirectory="5148aa9b-3e05-4d62-bc84-0bb06489ee39">
    </UnitTestResult>
    <UnitTestResult executionId="0e3ad9b7-d600-483c-b6fe-5043e0bbabad" testId="14e07649-4bb1-965c-d352-f5e6a62d38fd" testName="IsNullOrEmpty177" computerName="EDSAC" duration="00:00:00.0005967" startTime="2010-12-04T14:56:44.0311636+00:00" endTime="2010-12-04T14:56:44.0461645+00:00" testType="13cdc9d9-ddb5-4fa4-a97d-d965ccfc6d4b" outcome="Passed" testListId="8c84fa94-04c1-424b-9868-57a2d4851a1d" relativeResultsDirectory="0e3ad9b7-d600-483c-b6fe-5043e0bbabad">
    </UnitTestResult>
    <UnitTestResult executionId="a0751c94-1721-49e9-b328-8b404cf7c492" testId="1614cc64-5cbc-b082-cb61-089f874d65b1" testName="TakeEveryThrowsContractException265" computerName="EDSAC" duration="00:00:00.0037006" startTime="2010-12-04T14:56:44.0481646+00:00" endTime="2010-12-04T14:56:44.0661656+00:00" testType="13cdc9d9-ddb5-4fa4-a97d-d965ccfc6d4b" outcome="Passed" testListId="8c84fa94-04c1-424b-9868-57a2d4851a1d" relativeResultsDirectory="a0751c94-1721-49e9-b328-8b404cf7c492">
    </UnitTestResult>
    <UnitTestResult executionId="8b457a30-6233-4878-8da6-5cbb9767b07a" testId="16bc510b-963f-30e5-6517-13389edd4fdc" testName="GetByPercentThrowsIndexOutOfRangeException858" computerName="EDSAC" duration="00:00:00.0020078" startTime="2010-12-04T14:56:44.0681657+00:00" endTime="2010-12-04T14:56:44.0861668+00:00" testType="13cdc9d9-ddb5-4fa4-a97d-d965ccfc6d4b" outcome="Passed" testListId="8c84fa94-04c1-424b-9868-57a2d4851a1d" relativeResultsDirectory="8b457a30-6233-4878-8da6-5cbb9767b07a">
    </UnitTestResult>
    <UnitTestResult executionId="dbd486ce-94b9-4848-be1a-707b366717ee" testId="17cbf434-78e7-42a5-6758-242cc94ac703" testName="CastAs434" computerName="EDSAC" duration="00:00:00.0008137" startTime="2010-12-04T14:56:44.0931672+00:00" endTime="2010-12-04T14:56:44.1071680+00:00" testType="13cdc9d9-ddb5-4fa4-a97d-d965ccfc6d4b" outcome="Passed" testListId="8c84fa94-04c1-424b-9868-57a2d4851a1d" relativeResultsDirectory="dbd486ce-94b9-4848-be1a-707b366717ee">
    </UnitTestResult>
    <UnitTestResult executionId="b4cfe6f0-8dc5-431f-838a-925395772371" testId="18234ca5-6af0-1355-5140-f92645f28e01" testName="If79" computerName="EDSAC" duration="00:00:00.0003471" startTime="2010-12-04T14:56:44.1131683+00:00" endTime="2010-12-04T14:56:44.1241689+00:00" testType="13cdc9d9-ddb5-4fa4-a97d-d965ccfc6d4b" outcome="Passed" testListId="8c84fa94-04c1-424b-9868-57a2d4851a1d" relativeResultsDirectory="b4cfe6f0-8dc5-431f-838a-925395772371">
    </UnitTestResult>
    <UnitTestResult executionId="a6c81f78-23b7-49cc-918c-9323e0579942" testId="19033310-a8dd-db0b-1dcd-2bf1bef510ca" testName="Fill0110501" computerName="EDSAC" duration="00:00:00.0028281" startTime="2010-12-04T14:56:44.1321694+00:00" endTime="2010-12-04T14:56:44.1481703+00:00" testType="13cdc9d9-ddb5-4fa4-a97d-d965ccfc6d4b" outcome="Passed" testListId="8c84fa94-04c1-424b-9868-57a2d4851a1d" relativeResultsDirectory="a6c81f78-23b7-49cc-918c-9323e0579942">
    </UnitTestResult>
    <UnitTestResult executionId="fa5140f5-c144-4ead-b064-9fa4dd747288" testId="1903a639-b5d9-1b4f-9c30-0405b15e8f12" testName="ForEach90802" computerName="EDSAC" duration="00:00:00.0004222" startTime="2010-12-04T14:56:44.1561708+00:00" endTime="2010-12-04T14:56:44.1681715+00:00" testType="13cdc9d9-ddb5-4fa4-a97d-d965ccfc6d4b" outcome="Passed" testListId="8c84fa94-04c1-424b-9868-57a2d4851a1d" relativeResultsDirectory="fa5140f5-c144-4ead-b064-9fa4dd747288">
    </UnitTestResult>
    <UnitTestResult executionId="1ec25c49-0d08-421f-b50c-397c4f6536be" testId="1a1204f8-80dc-63b9-41bb-196d59b5bd9c" testName="As21507" computerName="EDSAC" duration="00:00:00.0006821" startTime="2010-12-04T14:56:44.1731717+00:00" endTime="2010-12-04T14:56:44.1851724+00:00" testType="13cdc9d9-ddb5-4fa4-a97d-d965ccfc6d4b" outcome="Passed" testListId="8c84fa94-04c1-424b-9868-57a2d4851a1d" relativeResultsDirectory="1ec25c49-0d08-421f-b50c-397c4f6536be">
    </UnitTestResult>
    <UnitTestResult executionId="b13e79dc-2937-4b31-8ec2-8a54c8c6a79b" testId="1a16baca-1870-eb8d-2332-884e5248582b" testName="GetByPercentThrowsContractException316" computerName="EDSAC" duration="00:00:00.0005944" startTime="2010-12-04T14:56:44.1891727+00:00" endTime="2010-12-04T14:56:44.2021734+00:00" testType="13cdc9d9-ddb5-4fa4-a97d-d965ccfc6d4b" outcome="Passed" testListId="8c84fa94-04c1-424b-9868-57a2d4851a1d" relativeResultsDirectory="b13e79dc-2937-4b31-8ec2-8a54c8c6a79b">
    </UnitTestResult>
    <UnitTestResult executionId="8c0103cd-07f9-44fc-8372-df99b8c3c9f7" testId="1a2d7899-6e00-21df-f034-6547a11cae31" testName="ExecuteThrowsContractException889" computerName="EDSAC" duration="00:00:00.0015449" startTime="2010-12-04T14:56:44.2041735+00:00" endTime="2010-12-04T14:56:44.2241747+00:00" testType="13cdc9d9-ddb5-4fa4-a97d-d965ccfc6d4b" outcome="Passed" testListId="8c84fa94-04c1-424b-9868-57a2d4851a1d" relativeResultsDirectory="8c0103cd-07f9-44fc-8372-df99b8c3c9f7">
    </UnitTestResult>
    <UnitTestResult executionId="f3c2e14f-aab9-4390-93e0-179a5c5ed7f7" testId="1a41ca06-c399-fb41-1b68-4e54f6d9fba0" testName="As0163227" computerName="EDSAC" duration="00:00:00.0004138" startTime="2010-12-04T14:56:44.2271748+00:00" endTime="2010-12-04T14:56:44.2411756+00:00" testType="13cdc9d9-ddb5-4fa4-a97d-d965ccfc6d4b" outcome="Passed" testListId="8c84fa94-04c1-424b-9868-57a2d4851a1d" relativeResultsDirectory="f3c2e14f-aab9-4390-93e0-179a5c5ed7f7">
    </UnitTestResult>
    <UnitTestResult executionId="60a6e744-70a9-4957-9cde-dfbde183ac6c" testId="1b50a732-77b4-82a3-8153-f8dad0640018" testName="IfNotNull47704" computerName="EDSAC" duration="00:00:00.0019742" startTime="2010-12-04T14:56:44.2601767+00:00" endTime="2010-12-04T14:56:44.2751776+00:00" testType="13cdc9d9-ddb5-4fa4-a97d-d965ccfc6d4b" outcome="Passed" testListId="8c84fa94-04c1-424b-9868-57a2d4851a1d" relativeResultsDirectory="60a6e744-70a9-4957-9cde-dfbde183ac6c">
    </UnitTestResult>
    <UnitTestResult executionId="b0ae1e0a-daee-4ca3-afe1-e254803dfcde" testId="1b9103d0-5cae-0f4c-09ff-459b405bb125" testName="Random01ThrowsContractException824" computerName="EDSAC" duration="00:00:00.0011795" startTime="2010-12-04T14:56:44.2781778+00:00" endTime="2010-12-04T14:56:44.2981789+00:00" testType="13cdc9d9-ddb5-4fa4-a97d-d965ccfc6d4b" outcome="Passed" testListId="8c84fa94-04c1-424b-9868-57a2d4851a1d" relativeResultsDirectory="b0ae1e0a-daee-4ca3-afe1-e254803dfcde">
    </UnitTestResult>
    <UnitTestResult executionId="af0dbd35-565c-4f6f-b0cb-fa6d51b36c76" testId="1c5ab376-6152-4272-31e3-55dc91a07a86" testName="Fill0110504" computerName="EDSAC" duration="00:00:00.0003648" startTime="2010-12-04T14:56:44.3041792+00:00" endTime="2010-12-04T14:56:44.3201802+00:00" testType="13cdc9d9-ddb5-4fa4-a97d-d965ccfc6d4b" outcome="Passed" testListId="8c84fa94-04c1-424b-9868-57a2d4851a1d" relativeResultsDirectory="af0dbd35-565c-4f6f-b0cb-fa6d51b36c76">
    </UnitTestResult>
    <UnitTestResult executionId="967b739c-1c28-40c3-bfe4-50afcda14f05" testId="1c9baf40-1112-7f41-3f0f-adc161687f04" testName="Fill01ThrowsContractException279" computerName="EDSAC" duration="00:00:00.0010232" startTime="2010-12-04T14:56:44.3231803+00:00" endTime="2010-12-04T14:56:44.3391812+00:00" testType="13cdc9d9-ddb5-4fa4-a97d-d965ccfc6d4b" outcome="Passed" testListId="8c84fa94-04c1-424b-9868-57a2d4851a1d" relativeResultsDirectory="967b739c-1c28-40c3-bfe4-50afcda14f05">
    </UnitTestResult>
    <UnitTestResult executionId="0d6b1b56-8b0e-4c9b-9412-10c47738cb24" testId="1cb6fca5-5cbd-75cb-cfee-a358b8315906" testName="Add60904" computerName="EDSAC" duration="00:00:00.0004456" startTime="2010-12-04T14:56:44.3421814+00:00" endTime="2010-12-04T14:56:44.3521820+00:00" testType="13cdc9d9-ddb5-4fa4-a97d-d965ccfc6d4b" outcome="Passed" testListId="8c84fa94-04c1-424b-9868-57a2d4851a1d" relativeResultsDirectory="0d6b1b56-8b0e-4c9b-9412-10c47738cb24">
    </UnitTestResult>
    <UnitTestResult executionId="ddf0c647-88d0-41c7-9964-61722555f7b6" testId="1cdb2f2c-09f6-d6d8-6d16-a0ea90824aba" testName="As21518" computerName="EDSAC" duration="00:00:00.0006709" startTime="2010-12-04T14:56:44.3581823+00:00" endTime="2010-12-04T14:56:44.3711831+00:00" testType="13cdc9d9-ddb5-4fa4-a97d-d965ccfc6d4b" outcome="Passed" testListId="8c84fa94-04c1-424b-9868-57a2d4851a1d" relativeResultsDirectory="ddf0c647-88d0-41c7-9964-61722555f7b6">
    </UnitTestResult>
    <UnitTestResult executionId="8d2bea6e-d26e-444f-9d70-dd78379663a3" testId="1e0ca069-996e-4bc0-6164-74e9ee8107ac" testName="GetByPercentThrowsContractException730" computerName="EDSAC" duration="00:00:00.0005636" startTime="2010-12-04T14:56:44.3731832+00:00" endTime="2010-12-04T14:56:44.3901842+00:00" testType="13cdc9d9-ddb5-4fa4-a97d-d965ccfc6d4b" outcome="Passed" testListId="8c84fa94-04c1-424b-9868-57a2d4851a1d" relativeResultsDirectory="8d2bea6e-d26e-444f-9d70-dd78379663a3">
    </UnitTestResult>
    <UnitTestResult executionId="522ac48a-80b1-4c2e-9440-96e1b13cdf46" testId="1e811e95-82b3-7182-a1a6-ec99686bab87" testName="IsIn570" computerName="EDSAC" duration="00:00:00.0009808" startTime="2010-12-04T14:56:44.4011848+00:00" endTime="2010-12-04T14:56:44.4141855+00:00" testType="13cdc9d9-ddb5-4fa4-a97d-d965ccfc6d4b" outcome="Passed" testListId="8c84fa94-04c1-424b-9868-57a2d4851a1d" relativeResultsDirectory="522ac48a-80b1-4c2e-9440-96e1b13cdf46">
    </UnitTestResult>
    <UnitTestResult executionId="70a4587b-e42c-4db5-a70e-1eeb20aaa5bb" testId="20789601-3bb2-517f-9c07-8755507d968d" testName="IsIn0134" computerName="EDSAC" duration="00:00:00.0008739" startTime="2010-12-04T14:56:44.4221860+00:00" endTime="2010-12-04T14:56:44.4381869+00:00" testType="13cdc9d9-ddb5-4fa4-a97d-d965ccfc6d4b" outcome="Passed" testListId="8c84fa94-04c1-424b-9868-57a2d4851a1d" relativeResultsDirectory="70a4587b-e42c-4db5-a70e-1eeb20aaa5bb">
    </UnitTestResult>
    <UnitTestResult executionId="a75f8457-7c12-456f-89c2-124ef2bf8954" testId="21cd2d7c-c714-efa2-4c1d-abe7711f0f8f" testName="IfNotNull01ThrowsContractException561" computerName="EDSAC" duration="00:00:00.0029620" startTime="2010-12-04T14:56:44.4411871+00:00" endTime="2010-12-04T14:56:44.4601882+00:00" testType="13cdc9d9-ddb5-4fa4-a97d-d965ccfc6d4b" outcome="Passed" testListId="8c84fa94-04c1-424b-9868-57a2d4851a1d" relativeResultsDirectory="a75f8457-7c12-456f-89c2-124ef2bf8954">
    </UnitTestResult>
    <UnitTestResult executionId="6dc26975-c8d0-4e7e-a837-e5b33d0cd05d" testId="2250a8be-6947-1057-ceec-e49c62f651fa" testName="As21505" computerName="EDSAC" duration="00:00:00.0004535" startTime="2010-12-04T14:56:44.4761891+00:00" endTime="2010-12-04T14:56:44.4911899+00:00" testType="13cdc9d9-ddb5-4fa4-a97d-d965ccfc6d4b" outcome="Passed" testListId="8c84fa94-04c1-424b-9868-57a2d4851a1d" relativeResultsDirectory="6dc26975-c8d0-4e7e-a837-e5b33d0cd05d">
    </UnitTestResult>
    <UnitTestResult executionId="2fb02edd-0225-462c-9933-e7979c8f3665" testId="229cca66-aa3f-9557-9307-ec8679e563f6" testName="To0163701" computerName="EDSAC" duration="00:00:00.0028682" startTime="2010-12-04T14:56:44.5041907+00:00" endTime="2010-12-04T14:56:44.5231918+00:00" testType="13cdc9d9-ddb5-4fa4-a97d-d965ccfc6d4b" outcome="Passed" testListId="8c84fa94-04c1-424b-9868-57a2d4851a1d" relativeResultsDirectory="2fb02edd-0225-462c-9933-e7979c8f3665">
    </UnitTestResult>
    <UnitTestResult executionId="5e3cb91a-d710-408f-a7fc-3382cc104ba8" testId="22b3bc9e-2d91-4747-086b-d415be2c5776" testName="RangeThrowsContractException560" computerName="EDSAC" duration="00:00:00.0008767" startTime="2010-12-04T14:56:44.5391927+00:00" endTime="2010-12-04T14:56:44.5541935+00:00" testType="13cdc9d9-ddb5-4fa4-a97d-d965ccfc6d4b" outcome="Passed" testListId="8c84fa94-04c1-424b-9868-57a2d4851a1d" relativeResultsDirectory="5e3cb91a-d710-408f-a7fc-3382cc104ba8">
    </UnitTestResult>
    <UnitTestResult executionId="bfa0c21e-d6d2-483a-a8aa-dedf86d45687" testId="22fb3f0c-8177-2102-3c97-5cd124eaf953" testName="Add60902" computerName="EDSAC" duration="00:00:00.0004502" startTime="2010-12-04T14:56:44.5661942+00:00" endTime="2010-12-04T14:56:44.5771949+00:00" testType="13cdc9d9-ddb5-4fa4-a97d-d965ccfc6d4b" outcome="Passed" testListId="8c84fa94-04c1-424b-9868-57a2d4851a1d" relativeResultsDirectory="bfa0c21e-d6d2-483a-a8aa-dedf86d45687">
    </UnitTestResult>
    <UnitTestResult executionId="645dce81-92f5-47af-ab53-6fecd8d2f0dd" testId="23289518-cff6-51c7-cbca-8f7fc69c7429" testName="SubarrayThrowsContractException304" computerName="EDSAC" duration="00:00:00.0011683" startTime="2010-12-04T14:56:44.5911957+00:00" endTime="2010-12-04T14:56:44.6061965+00:00" testType="13cdc9d9-ddb5-4fa4-a97d-d965ccfc6d4b" outcome="Passed" testListId="8c84fa94-04c1-424b-9868-57a2d4851a1d" relativeResultsDirectory="645dce81-92f5-47af-ab53-6fecd8d2f0dd">
    </UnitTestResult>
    <UnitTestResult executionId="fcb48002-237e-44ce-9948-73b18cfa26bd" testId="236dd585-9363-168d-3729-7ab007ad8692" testName="Fill68801" computerName="EDSAC" duration="00:00:00.0011940" startTime="2010-12-04T14:56:44.6081966+00:00" endTime="2010-12-04T14:56:44.6251976+00:00" testType="13cdc9d9-ddb5-4fa4-a97d-d965ccfc6d4b" outcome="Passed" testListId="8c84fa94-04c1-424b-9868-57a2d4851a1d" relativeResultsDirectory="fcb48002-237e-44ce-9948-73b18cfa26bd">
    </UnitTestResult>
    <UnitTestResult executionId="72def3d4-6825-48ba-a8f3-a5568abb3713" testId="25d5b35a-db1f-e192-1a83-5fbd23003a20" testName="Execute53301" computerName="EDSAC" duration="00:00:00.0006658" startTime="2010-12-04T14:56:44.6281978+00:00" endTime="2010-12-04T14:56:44.6441987+00:00" testType="13cdc9d9-ddb5-4fa4-a97d-d965ccfc6d4b" outcome="Passed" testListId="8c84fa94-04c1-424b-9868-57a2d4851a1d" relativeResultsDirectory="72def3d4-6825-48ba-a8f3-a5568abb3713">
    </UnitTestResult>
    <UnitTestResult executionId="bcebe507-5461-4466-92e0-223133773f24" testId="25e137bf-b11b-a709-2200-80de04831d5b" testName="As0163228" computerName="EDSAC" duration="00:00:00.0007955" startTime="2010-12-04T14:56:44.6491990+00:00" endTime="2010-12-04T14:56:44.6621997+00:00" testType="13cdc9d9-ddb5-4fa4-a97d-d965ccfc6d4b" outcome="Passed" testListId="8c84fa94-04c1-424b-9868-57a2d4851a1d" relativeResultsDirectory="bcebe507-5461-4466-92e0-223133773f24">
    </UnitTestResult>
    <UnitTestResult executionId="f92df60c-5e2c-482d-ac72-bd5c3146a864" testId="2873c42d-778c-9215-3e6d-6d287f7555e3" testName="SubarrayThrowsIndexOutOfRangeException460" computerName="EDSAC" duration="00:00:00.0248026" startTime="2010-12-04T14:56:44.6651999+00:00" endTime="2010-12-04T14:56:44.7032021+00:00" testType="13cdc9d9-ddb5-4fa4-a97d-d965ccfc6d4b" outcome="Failed" testListId="8c84fa94-04c1-424b-9868-57a2d4851a1d" relativeResultsDirectory="f92df60c-5e2c-482d-ac72-bd5c3146a864">
      <Output>
        <ErrorInfo>
          <Message>Test method SharpBag.ExtensionsTest.SubarrayThrowsIndexOutOfRangeException460 threw exception: 
System.IndexOutOfRangeException: Index was outside the bounds of the array.</Message>
          <StackTrace>    at SharpBag.Extensions.Subarray(Int32[,] a, Int32 x1, Int32 y1, Int32 x2, Int32 y2) in C:\Users\SuprDewd\Desktop\Projects\Forritun\SharpBag\SharpBag\Extensions.cs:line 569
   at SharpBag.ExtensionsTest.SubarrayThrowsIndexOutOfRangeException460() in C:\Users\SuprDewd\Desktop\Projects\Forritun\SharpBag\SharpBag.Tests01\ExtensionsTest.Subarray.g.cs:line 76
</StackTrace>
        </ErrorInfo>
      </Output>
    </UnitTestResult>
    <UnitTestResult executionId="737ec510-7aff-4cc2-bd06-41a28a18ff17" testId="28df7c9b-89b0-61d3-f840-04af08900cfa" testName="ItemGetThrowsArgumentOutOfRangeException363" computerName="EDSAC" duration="00:00:00.0390179" startTime="2010-12-04T14:56:44.7052022+00:00" endTime="2010-12-04T14:56:44.7582052+00:00" testType="13cdc9d9-ddb5-4fa4-a97d-d965ccfc6d4b" outcome="Failed" testListId="8c84fa94-04c1-424b-9868-57a2d4851a1d" relativeResultsDirectory="737ec510-7aff-4cc2-bd06-41a28a18ff17">
      <Output>
        <ErrorInfo>
          <Message>Test method SharpBag.Algorithms.PriorityQueueTTest.ItemGetThrowsArgumentOutOfRangeException363 threw exception: 
System.ArgumentOutOfRangeException: Index was out of range. Must be non-negative and less than the size of the collection.
Parameter name: index</Message>
          <StackTrace>    at System.ThrowHelper.ThrowArgumentOutOfRangeException()
   at SharpBag.Algorithms.PriorityQueue`1.get_Item(Int32 index) in C:\Users\SuprDewd\Desktop\Projects\Forritun\SharpBag\SharpBag\Algorithms\PriorityQueue.cs:line 120
   at SharpBag.Algorithms.PriorityQueueTTest.ItemGetThrowsArgumentOutOfRangeException363() in C:\Users\SuprDewd\Desktop\Projects\Forritun\SharpBag\SharpBag.Tests01\PriorityQueueTTest.ItemGet.g.cs:line 28
</StackTrace>
        </ErrorInfo>
      </Output>
    </UnitTestResult>
    <UnitTestResult executionId="90f64686-cdbb-48c6-9c85-6a68092821d7" testId="29095a51-c311-c865-7cf1-7076578258b7" testName="As0136704" computerName="EDSAC" duration="00:00:00.0009616" startTime="2010-12-04T14:56:44.7612054+00:00" endTime="2010-12-04T14:56:44.7812065+00:00" testType="13cdc9d9-ddb5-4fa4-a97d-d965ccfc6d4b" outcome="Passed" testListId="8c84fa94-04c1-424b-9868-57a2d4851a1d" relativeResultsDirectory="90f64686-cdbb-48c6-9c85-6a68092821d7">
    </UnitTestResult>
    <UnitTestResult executionId="967ad0e3-317d-4d7d-896a-b6b60cf72d0d" testId="29e140f3-0b7d-028a-f85f-e65d5e7a4460" testName="Add29601" computerName="EDSAC" duration="00:00:00.0007531" startTime="2010-12-04T14:56:44.7832066+00:00" endTime="2010-12-04T14:56:44.8002076+00:00" testType="13cdc9d9-ddb5-4fa4-a97d-d965ccfc6d4b" outcome="Passed" testListId="8c84fa94-04c1-424b-9868-57a2d4851a1d" relativeResultsDirectory="967ad0e3-317d-4d7d-896a-b6b60cf72d0d">
    </UnitTestResult>
    <UnitTestResult executionId="b3699b8c-58ee-4e27-abfb-baeccf3ad06c" testId="2a3bccbe-42e2-9009-af11-20e5efc1eb2e" testName="As0163241" computerName="EDSAC" duration="00:00:00.0008496" startTime="2010-12-04T14:56:44.8042078+00:00" endTime="2010-12-04T14:56:44.8212088+00:00" testType="13cdc9d9-ddb5-4fa4-a97d-d965ccfc6d4b" outcome="Passed" testListId="8c84fa94-04c1-424b-9868-57a2d4851a1d" relativeResultsDirectory="b3699b8c-58ee-4e27-abfb-baeccf3ad06c">
    </UnitTestResult>
    <UnitTestResult executionId="e4746785-5f4b-42bd-8201-c5d536d72907" testId="2b6a1fd0-ad89-86fe-c32f-c850f3486570" testName="As0166401" computerName="EDSAC" duration="00:00:00.0009924" startTime="2010-12-04T14:56:44.8232089+00:00" endTime="2010-12-04T14:56:44.8422100+00:00" testType="13cdc9d9-ddb5-4fa4-a97d-d965ccfc6d4b" outcome="Passed" testListId="8c84fa94-04c1-424b-9868-57a2d4851a1d" relativeResultsDirectory="e4746785-5f4b-42bd-8201-c5d536d72907">
    </UnitTestResult>
    <UnitTestResult executionId="8e371ce4-b8a1-45b8-8dc2-5c9eb3ddbdf0" testId="2b9734bf-2716-3fbd-907d-b338c9f5816c" testName="As0163225" computerName="EDSAC" duration="00:00:00.0012673" startTime="2010-12-04T14:56:44.8482104+00:00" endTime="2010-12-04T14:56:44.8642113+00:00" testType="13cdc9d9-ddb5-4fa4-a97d-d965ccfc6d4b" outcome="Passed" testListId="8c84fa94-04c1-424b-9868-57a2d4851a1d" relativeResultsDirectory="8e371ce4-b8a1-45b8-8dc2-5c9eb3ddbdf0">
    </UnitTestResult>
    <UnitTestResult executionId="580356af-74e7-486a-b588-ef3e58b35e75" testId="2c678190-6575-f47a-afde-b3eb80b1856c" testName="As0166003" computerName="EDSAC" duration="00:00:00.0006877" startTime="2010-12-04T14:56:44.8672114+00:00" endTime="2010-12-04T14:56:44.8842124+00:00" testType="13cdc9d9-ddb5-4fa4-a97d-d965ccfc6d4b" outcome="Passed" testListId="8c84fa94-04c1-424b-9868-57a2d4851a1d" relativeResultsDirectory="580356af-74e7-486a-b588-ef3e58b35e75">
    </UnitTestResult>
    <UnitTestResult executionId="1b22087b-6adf-4bec-9e73-bfb287ebbb11" testId="2cb985a5-30e0-1631-ebdb-14215fcd5267" testName="Random575" computerName="EDSAC" duration="00:00:00.0003896" startTime="2010-12-04T14:56:44.8872126+00:00" endTime="2010-12-04T14:56:44.9022134+00:00" testType="13cdc9d9-ddb5-4fa4-a97d-d965ccfc6d4b" outcome="Passed" testListId="8c84fa94-04c1-424b-9868-57a2d4851a1d" relativeResultsDirectory="1b22087b-6adf-4bec-9e73-bfb287ebbb11">
    </UnitTestResult>
    <UnitTestResult executionId="563d6852-1f78-4e64-99d9-bf979a03bc15" testId="2dfc267b-ab1a-a89f-e9d2-4356c6585174" testName="GetPriorityEnumerator729" computerName="EDSAC" duration="00:00:00.0043394" startTime="2010-12-04T14:56:44.9042136+00:00" endTime="2010-12-04T14:56:44.9252148+00:00" testType="13cdc9d9-ddb5-4fa4-a97d-d965ccfc6d4b" outcome="Passed" testListId="8c84fa94-04c1-424b-9868-57a2d4851a1d" relativeResultsDirectory="563d6852-1f78-4e64-99d9-bf979a03bc15">
    </UnitTestResult>
    <UnitTestResult executionId="e079883e-91eb-4177-ae5e-283b02451268" testId="2e107be2-e3af-1a8b-fb4b-bdb5534db4b8" testName="GetByPercent562" computerName="EDSAC" duration="00:00:00.0003648" startTime="2010-12-04T14:56:44.9302150+00:00" endTime="2010-12-04T14:56:44.9432158+00:00" testType="13cdc9d9-ddb5-4fa4-a97d-d965ccfc6d4b" outcome="Passed" testListId="8c84fa94-04c1-424b-9868-57a2d4851a1d" relativeResultsDirectory="e079883e-91eb-4177-ae5e-283b02451268">
    </UnitTestResult>
    <UnitTestResult executionId="edb3864f-7d63-4f02-a749-2232765cb963" testId="2e9abde5-72f2-18f2-ec62-8da36318a8ed" testName="As0163213" computerName="EDSAC" duration="00:00:00.0003882" startTime="2010-12-04T14:56:44.9482161+00:00" endTime="2010-12-04T14:56:44.9612168+00:00" testType="13cdc9d9-ddb5-4fa4-a97d-d965ccfc6d4b" outcome="Passed" testListId="8c84fa94-04c1-424b-9868-57a2d4851a1d" relativeResultsDirectory="edb3864f-7d63-4f02-a749-2232765cb963">
    </UnitTestResult>
    <UnitTestResult executionId="7b6a7650-96ed-4165-85e5-fc4c9b8a65b2" testId="2f965438-892b-963f-1d2d-a0dc16402531" testName="Fill0110503" computerName="EDSAC" duration="00:00:00.0003676" startTime="2010-12-04T14:56:44.9642170+00:00" endTime="2010-12-04T14:56:44.9792178+00:00" testType="13cdc9d9-ddb5-4fa4-a97d-d965ccfc6d4b" outcome="Passed" testListId="8c84fa94-04c1-424b-9868-57a2d4851a1d" relativeResultsDirectory="7b6a7650-96ed-4165-85e5-fc4c9b8a65b2">
    </UnitTestResult>
    <UnitTestResult executionId="ad9145ae-4dec-4329-ab9d-a6f328da0c24" testId="2fd85783-fc83-f96f-d9bf-a6bcc5a252f1" testName="UnionAllThrowsContractException888" computerName="EDSAC" duration="00:00:00.0009420" startTime="2010-12-04T14:56:44.9842181+00:00" endTime="2010-12-04T14:56:44.9992190+00:00" testType="13cdc9d9-ddb5-4fa4-a97d-d965ccfc6d4b" outcome="Passed" testListId="8c84fa94-04c1-424b-9868-57a2d4851a1d" relativeResultsDirectory="ad9145ae-4dec-4329-ab9d-a6f328da0c24">
    </UnitTestResult>
    <UnitTestResult executionId="3dd42a6e-6b1c-4aba-ada3-c599e4a03dd8" testId="2ff335b0-14c8-89c8-7e7b-05ade8625c3d" testName="NullOrThrowsContractException472" computerName="EDSAC" duration="00:00:00.0016144" startTime="2010-12-04T14:56:45.0012191+00:00" endTime="2010-12-04T14:56:45.0132198+00:00" testType="13cdc9d9-ddb5-4fa4-a97d-d965ccfc6d4b" outcome="Passed" testListId="8c84fa94-04c1-424b-9868-57a2d4851a1d" relativeResultsDirectory="3dd42a6e-6b1c-4aba-ada3-c599e4a03dd8">
    </UnitTestResult>
    <UnitTestResult executionId="123f5870-3ea2-4512-9fa2-d1033c8a9000" testId="2ff38794-ad92-1998-3c20-e3ee775a8969" testName="TakeEveryThrowsContractException368" computerName="EDSAC" duration="00:00:00.0009294" startTime="2010-12-04T14:56:45.0202202+00:00" endTime="2010-12-04T14:56:45.0372212+00:00" testType="13cdc9d9-ddb5-4fa4-a97d-d965ccfc6d4b" outcome="Passed" testListId="8c84fa94-04c1-424b-9868-57a2d4851a1d" relativeResultsDirectory="123f5870-3ea2-4512-9fa2-d1033c8a9000">
    </UnitTestResult>
    <UnitTestResult executionId="6e8249a5-4fb0-476a-b200-7f89c16428a4" testId="31436b9b-402e-c564-d2b8-f2ac05c70517" testName="Constructor252" computerName="EDSAC" duration="00:00:00.0006873" startTime="2010-12-04T14:56:45.0412214+00:00" endTime="2010-12-04T14:56:45.0592224+00:00" testType="13cdc9d9-ddb5-4fa4-a97d-d965ccfc6d4b" outcome="Passed" testListId="8c84fa94-04c1-424b-9868-57a2d4851a1d" relativeResultsDirectory="6e8249a5-4fb0-476a-b200-7f89c16428a4">
    </UnitTestResult>
    <UnitTestResult executionId="5da7dc9b-59e8-4d6f-a19f-17cc65a2d135" testId="31751606-0e00-3ddd-298e-e7c2d6c445a2" testName="As0198302" computerName="EDSAC" duration="00:00:00.0006966" startTime="2010-12-04T14:56:45.0662228+00:00" endTime="2010-12-04T14:56:45.0742233+00:00" testType="13cdc9d9-ddb5-4fa4-a97d-d965ccfc6d4b" outcome="Passed" testListId="8c84fa94-04c1-424b-9868-57a2d4851a1d" relativeResultsDirectory="5da7dc9b-59e8-4d6f-a19f-17cc65a2d135">
    </UnitTestResult>
    <UnitTestResult executionId="77a3ddf9-8f67-4b20-aeb8-02ab9f2decaf" testId="31a88d64-bb5b-6217-2758-d493dee381b6" testName="To02632" computerName="EDSAC" duration="00:00:00.0042629" startTime="2010-12-04T14:56:45.0822237+00:00" endTime="2010-12-04T14:56:45.0942244+00:00" testType="13cdc9d9-ddb5-4fa4-a97d-d965ccfc6d4b" outcome="Passed" testListId="8c84fa94-04c1-424b-9868-57a2d4851a1d" relativeResultsDirectory="77a3ddf9-8f67-4b20-aeb8-02ab9f2decaf">
    </UnitTestResult>
    <UnitTestResult executionId="bacfedc7-b67f-441f-9b13-ab6cbbbc7100" testId="31a904fb-b5e5-f95a-175a-584bb2addaff" testName="As0163209" computerName="EDSAC" duration="00:00:00.0004204" startTime="2010-12-04T14:56:45.0982247+00:00" endTime="2010-12-04T14:56:45.1092253+00:00" testType="13cdc9d9-ddb5-4fa4-a97d-d965ccfc6d4b" outcome="Passed" testListId="8c84fa94-04c1-424b-9868-57a2d4851a1d" relativeResultsDirectory="bacfedc7-b67f-441f-9b13-ab6cbbbc7100">
    </UnitTestResult>
    <UnitTestResult executionId="596626f4-8c51-4d60-9f29-d8f0342d55b5" testId="33d00c5c-c888-05a3-fa39-c11369cf7bd7" testName="Iter96002" computerName="EDSAC" duration="00:00:00.0006775" startTime="2010-12-04T14:56:45.1122255+00:00" endTime="2010-12-04T14:56:45.1262263+00:00" testType="13cdc9d9-ddb5-4fa4-a97d-d965ccfc6d4b" outcome="Passed" testListId="8c84fa94-04c1-424b-9868-57a2d4851a1d" relativeResultsDirectory="596626f4-8c51-4d60-9f29-d8f0342d55b5">
    </UnitTestResult>
    <UnitTestResult executionId="9ebd7b2a-5de6-42b2-baca-96a9f86c24bd" testId="3403c50d-2a71-9a27-1ea8-652ff438ba45" testName="As0163218" computerName="EDSAC" duration="00:00:00.0004003" startTime="2010-12-04T14:56:45.1352268+00:00" endTime="2010-12-04T14:56:45.1432272+00:00" testType="13cdc9d9-ddb5-4fa4-a97d-d965ccfc6d4b" outcome="Passed" testListId="8c84fa94-04c1-424b-9868-57a2d4851a1d" relativeResultsDirectory="9ebd7b2a-5de6-42b2-baca-96a9f86c24bd">
    </UnitTestResult>
    <UnitTestResult executionId="28270b47-3c56-4415-b594-25b523ef1f6b" testId="34aa3cd1-c558-0302-e5aa-355d37850848" testName="ForEach78802" computerName="EDSAC" duration="00:00:00.0004325" startTime="2010-12-04T14:56:45.1522277+00:00" endTime="2010-12-04T14:56:45.1652285+00:00" testType="13cdc9d9-ddb5-4fa4-a97d-d965ccfc6d4b" outcome="Passed" testListId="8c84fa94-04c1-424b-9868-57a2d4851a1d" relativeResultsDirectory="28270b47-3c56-4415-b594-25b523ef1f6b">
    </UnitTestResult>
    <UnitTestResult executionId="2fa3f583-def6-4b80-9d1f-16cf1016f7f3" testId="36c0ac7a-9f37-b952-7a17-2ad1e9132b69" testName="ForEach12504" computerName="EDSAC" duration="00:00:00.0004493" startTime="2010-12-04T14:56:45.1712288+00:00" endTime="2010-12-04T14:56:45.1832295+00:00" testType="13cdc9d9-ddb5-4fa4-a97d-d965ccfc6d4b" outcome="Passed" testListId="8c84fa94-04c1-424b-9868-57a2d4851a1d" relativeResultsDirectory="2fa3f583-def6-4b80-9d1f-16cf1016f7f3">
    </UnitTestResult>
    <UnitTestResult executionId="331c686e-9ea0-40a4-abf4-5aedc43b0ca1" testId="37c5e788-97a2-ee7f-c1df-5b64dcc3fb4c" testName="As0166002" computerName="EDSAC" duration="00:00:00.0003826" startTime="2010-12-04T14:56:45.1912300+00:00" endTime="2010-12-04T14:56:45.2002305+00:00" testType="13cdc9d9-ddb5-4fa4-a97d-d965ccfc6d4b" outcome="Passed" testListId="8c84fa94-04c1-424b-9868-57a2d4851a1d" relativeResultsDirectory="331c686e-9ea0-40a4-abf4-5aedc43b0ca1">
    </UnitTestResult>
    <UnitTestResult executionId="b35ab5d8-18a5-40d1-994b-c084f695722c" testId="382ae704-dd0b-2259-d31c-dfbfb69a1305" testName="UnionAll13601" computerName="EDSAC" duration="00:00:00.0006163" startTime="2010-12-04T14:56:45.2072309+00:00" endTime="2010-12-04T14:56:45.2152313+00:00" testType="13cdc9d9-ddb5-4fa4-a97d-d965ccfc6d4b" outcome="Passed" testListId="8c84fa94-04c1-424b-9868-57a2d4851a1d" relativeResultsDirectory="b35ab5d8-18a5-40d1-994b-c084f695722c">
    </UnitTestResult>
    <UnitTestResult executionId="30c256cc-e4f4-47e0-9075-6bb472667fb5" testId="389db5b6-ab96-a436-4af4-f75359c85bc2" testName="As0163224" computerName="EDSAC" duration="00:00:00.0005268" startTime="2010-12-04T14:56:45.2232318+00:00" endTime="2010-12-04T14:56:45.2312323+00:00" testType="13cdc9d9-ddb5-4fa4-a97d-d965ccfc6d4b" outcome="Passed" testListId="8c84fa94-04c1-424b-9868-57a2d4851a1d" relativeResultsDirectory="30c256cc-e4f4-47e0-9075-6bb472667fb5">
    </UnitTestResult>
    <UnitTestResult executionId="9107166e-078d-470d-a6f7-ce56542ce1bc" testId="3902168e-77cb-c1b4-c44f-4336ab3b86bd" testName="EmptyIfNull122" computerName="EDSAC" duration="00:00:00.0013009" startTime="2010-12-04T14:56:45.2372326+00:00" endTime="2010-12-04T14:56:45.2502333+00:00" testType="13cdc9d9-ddb5-4fa4-a97d-d965ccfc6d4b" outcome="Passed" testListId="8c84fa94-04c1-424b-9868-57a2d4851a1d" relativeResultsDirectory="9107166e-078d-470d-a6f7-ce56542ce1bc">
    </UnitTestResult>
    <UnitTestResult executionId="e45145c7-3c96-4e7f-ace0-a413611f20df" testId="39820720-af85-1690-8f39-546deff2b7b4" testName="AsEnumerable0128302" computerName="EDSAC" duration="00:00:00.0021422" startTime="2010-12-04T14:56:45.2562337+00:00" endTime="2010-12-04T14:56:45.2712346+00:00" testType="13cdc9d9-ddb5-4fa4-a97d-d965ccfc6d4b" outcome="Passed" testListId="8c84fa94-04c1-424b-9868-57a2d4851a1d" relativeResultsDirectory="e45145c7-3c96-4e7f-ace0-a413611f20df">
    </UnitTestResult>
    <UnitTestResult executionId="a12af34b-65e4-4af7-92a8-86b62b8eb402" testId="399a76fc-a3c8-ef57-f8a9-641b3638b637" testName="Add743" computerName="EDSAC" duration="00:00:00.0010522" startTime="2010-12-04T14:56:45.2812351+00:00" endTime="2010-12-04T14:56:45.2892356+00:00" testType="13cdc9d9-ddb5-4fa4-a97d-d965ccfc6d4b" outcome="Passed" testListId="8c84fa94-04c1-424b-9868-57a2d4851a1d" relativeResultsDirectory="a12af34b-65e4-4af7-92a8-86b62b8eb402">
    </UnitTestResult>
    <UnitTestResult executionId="613559ca-1042-4892-afad-1e03b9588bc2" testId="39a24eb5-a45d-f931-6682-86b278494085" testName="Fill0168804" computerName="EDSAC" duration="00:00:00.0003546" startTime="2010-12-04T14:56:45.2912357+00:00" endTime="2010-12-04T14:56:45.3082367+00:00" testType="13cdc9d9-ddb5-4fa4-a97d-d965ccfc6d4b" outcome="Passed" testListId="8c84fa94-04c1-424b-9868-57a2d4851a1d" relativeResultsDirectory="613559ca-1042-4892-afad-1e03b9588bc2">
    </UnitTestResult>
    <UnitTestResult executionId="09e3476e-1c60-405c-b9f6-768785ec421f" testId="3c1d094b-ca29-adfc-cfcd-77289a3cce3f" testName="As0130304" computerName="EDSAC" duration="00:00:00.0023297" startTime="2010-12-04T14:56:45.3112368+00:00" endTime="2010-12-04T14:56:45.3222375+00:00" testType="13cdc9d9-ddb5-4fa4-a97d-d965ccfc6d4b" outcome="Passed" testListId="8c84fa94-04c1-424b-9868-57a2d4851a1d" relativeResultsDirectory="09e3476e-1c60-405c-b9f6-768785ec421f">
    </UnitTestResult>
    <UnitTestResult executionId="bebe517a-da6e-42f7-bbe0-fa4b1b9a570d" testId="3ca3afbe-4155-3a78-1581-d034645ac0e9" testName="To04ThrowsContractException193" computerName="EDSAC" duration="00:00:00.0005370" startTime="2010-12-04T14:56:45.3242376+00:00" endTime="2010-12-04T14:56:45.3392384+00:00" testType="13cdc9d9-ddb5-4fa4-a97d-d965ccfc6d4b" outcome="Passed" testListId="8c84fa94-04c1-424b-9868-57a2d4851a1d" relativeResultsDirectory="bebe517a-da6e-42f7-bbe0-fa4b1b9a570d">
    </UnitTestResult>
    <UnitTestResult executionId="5ce08c5d-1374-45d7-9cc6-69fb2ee97046" testId="3d1b4ead-73c1-7ffd-8ba5-ca86df93d823" testName="CountGet19" computerName="EDSAC" duration="00:00:00.0009220" startTime="2010-12-04T14:56:45.3462388+00:00" endTime="2010-12-04T14:56:45.3542393+00:00" testType="13cdc9d9-ddb5-4fa4-a97d-d965ccfc6d4b" outcome="Passed" testListId="8c84fa94-04c1-424b-9868-57a2d4851a1d" relativeResultsDirectory="5ce08c5d-1374-45d7-9cc6-69fb2ee97046">
    </UnitTestResult>
    <UnitTestResult executionId="9a390a5a-6f99-4a80-9d4c-038a2e97c2c3" testId="3f99a1d3-4dae-8b7d-a361-9ebbf5115b1e" testName="As0163240" computerName="EDSAC" duration="00:00:00.0003914" startTime="2010-12-04T14:56:45.3572395+00:00" endTime="2010-12-04T14:56:45.3722403+00:00" testType="13cdc9d9-ddb5-4fa4-a97d-d965ccfc6d4b" outcome="Passed" testListId="8c84fa94-04c1-424b-9868-57a2d4851a1d" relativeResultsDirectory="9a390a5a-6f99-4a80-9d4c-038a2e97c2c3">
    </UnitTestResult>
    <UnitTestResult executionId="7d35f364-6095-4c93-b531-5cfc9a8dddf8" testId="3febe6f3-67ab-23b3-dd85-d4b7c1206b0c" testName="TakeEvery57301" computerName="EDSAC" duration="00:00:00.0025532" startTime="2010-12-04T14:56:45.3752405+00:00" endTime="2010-12-04T14:56:45.3922415+00:00" testType="13cdc9d9-ddb5-4fa4-a97d-d965ccfc6d4b" outcome="Passed" testListId="8c84fa94-04c1-424b-9868-57a2d4851a1d" relativeResultsDirectory="7d35f364-6095-4c93-b531-5cfc9a8dddf8">
    </UnitTestResult>
    <UnitTestResult executionId="07a12868-b03a-456c-9fb7-cf5dbe982b5e" testId="40b13692-f736-7aca-afa5-678a24ba3ffc" testName="As0163219" computerName="EDSAC" duration="00:00:00.0003961" startTime="2010-12-04T14:56:45.3942416+00:00" endTime="2010-12-04T14:56:45.4092424+00:00" testType="13cdc9d9-ddb5-4fa4-a97d-d965ccfc6d4b" outcome="Passed" testListId="8c84fa94-04c1-424b-9868-57a2d4851a1d" relativeResultsDirectory="07a12868-b03a-456c-9fb7-cf5dbe982b5e">
    </UnitTestResult>
    <UnitTestResult executionId="23b72a6b-4b4f-48ad-a40a-d0c2975e3f77" testId="40e83519-1225-601d-0c17-661b77e82314" testName="As01404" computerName="EDSAC" duration="00:00:00.0009490" startTime="2010-12-04T14:56:45.4112426+00:00" endTime="2010-12-04T14:56:45.4282435+00:00" testType="13cdc9d9-ddb5-4fa4-a97d-d965ccfc6d4b" outcome="Passed" testListId="8c84fa94-04c1-424b-9868-57a2d4851a1d" relativeResultsDirectory="23b72a6b-4b4f-48ad-a40a-d0c2975e3f77">
    </UnitTestResult>
    <UnitTestResult executionId="5ddc379e-f504-4654-9f94-928bb29ccd4e" testId="4183213a-6645-16c2-af8b-e5bfcf7442d8" testName="NullOr90701" computerName="EDSAC" duration="00:00:00.0014623" startTime="2010-12-04T14:56:45.4402442+00:00" endTime="2010-12-04T14:56:45.4572452+00:00" testType="13cdc9d9-ddb5-4fa4-a97d-d965ccfc6d4b" outcome="Passed" testListId="8c84fa94-04c1-424b-9868-57a2d4851a1d" relativeResultsDirectory="5ddc379e-f504-4654-9f94-928bb29ccd4e">
    </UnitTestResult>
    <UnitTestResult executionId="73596c98-e4bb-4d2c-b195-b60a738b3951" testId="41b53b6b-04c0-c784-5da0-bab31b4fb4d7" testName="ForEach90803" computerName="EDSAC" duration="00:00:00.0004152" startTime="2010-12-04T14:56:45.4702459+00:00" endTime="2010-12-04T14:56:45.4902471+00:00" testType="13cdc9d9-ddb5-4fa4-a97d-d965ccfc6d4b" outcome="Passed" testListId="8c84fa94-04c1-424b-9868-57a2d4851a1d" relativeResultsDirectory="73596c98-e4bb-4d2c-b195-b60a738b3951">
    </UnitTestResult>
    <UnitTestResult executionId="6a0264f0-43dd-4cc5-9933-a996c7d6cd53" testId="42f45f10-504d-0d19-0e58-1ea2105c69e9" testName="AsEnumerable0128301" computerName="EDSAC" duration="00:00:00.0006980" startTime="2010-12-04T14:56:45.4952474+00:00" endTime="2010-12-04T14:56:45.5102482+00:00" testType="13cdc9d9-ddb5-4fa4-a97d-d965ccfc6d4b" outcome="Passed" testListId="8c84fa94-04c1-424b-9868-57a2d4851a1d" relativeResultsDirectory="6a0264f0-43dd-4cc5-9933-a996c7d6cd53">
    </UnitTestResult>
    <UnitTestResult executionId="b365fb04-14ed-444d-a406-cdc52c6508ed" testId="43271b50-9462-4bb7-5e78-3783a2d68504" testName="As0198301" computerName="EDSAC" duration="00:00:00.0006859" startTime="2010-12-04T14:56:45.5122483+00:00" endTime="2010-12-04T14:56:45.5292493+00:00" testType="13cdc9d9-ddb5-4fa4-a97d-d965ccfc6d4b" outcome="Passed" testListId="8c84fa94-04c1-424b-9868-57a2d4851a1d" relativeResultsDirectory="b365fb04-14ed-444d-a406-cdc52c6508ed">
    </UnitTestResult>
    <UnitTestResult executionId="a79443ce-66ef-4a9a-b8e5-5e1e268a9e78" testId="44ddd54b-7a43-e4f9-ebb3-b78badce4585" testName="As21517" computerName="EDSAC" duration="00:00:00.0005846" startTime="2010-12-04T14:56:45.5312494+00:00" endTime="2010-12-04T14:56:45.5492505+00:00" testType="13cdc9d9-ddb5-4fa4-a97d-d965ccfc6d4b" outcome="Passed" testListId="8c84fa94-04c1-424b-9868-57a2d4851a1d" relativeResultsDirectory="a79443ce-66ef-4a9a-b8e5-5e1e268a9e78">
    </UnitTestResult>
    <UnitTestResult executionId="1e1906a7-93f9-4f32-91cd-e1df2af42b13" testId="4603637e-fb7e-2981-f426-423b0ee1dc90" testName="As01ThrowsContractException876" computerName="EDSAC" duration="00:00:00.0005464" startTime="2010-12-04T14:56:45.5512506+00:00" endTime="2010-12-04T14:56:45.5682515+00:00" testType="13cdc9d9-ddb5-4fa4-a97d-d965ccfc6d4b" outcome="Passed" testListId="8c84fa94-04c1-424b-9868-57a2d4851a1d" relativeResultsDirectory="1e1906a7-93f9-4f32-91cd-e1df2af42b13">
    </UnitTestResult>
    <UnitTestResult executionId="1b1df1f3-f7e4-4fe9-8073-8f70dd17a40c" testId="466bff3f-4c8e-a9c1-50f6-91ffeb15d3a1" testName="As0163231" computerName="EDSAC" duration="00:00:00.0005296" startTime="2010-12-04T14:56:45.5702517+00:00" endTime="2010-12-04T14:56:45.5872526+00:00" testType="13cdc9d9-ddb5-4fa4-a97d-d965ccfc6d4b" outcome="Passed" testListId="8c84fa94-04c1-424b-9868-57a2d4851a1d" relativeResultsDirectory="1b1df1f3-f7e4-4fe9-8073-8f70dd17a40c">
    </UnitTestResult>
    <UnitTestResult executionId="adae31e4-4024-4348-9788-a785c2d16796" testId="46ca0fd9-03e1-55e3-3ad7-b4625d8d07c0" testName="IfNotNull17302" computerName="EDSAC" duration="00:00:00.0003592" startTime="2010-12-04T14:56:45.5892527+00:00" endTime="2010-12-04T14:56:45.6062537+00:00" testType="13cdc9d9-ddb5-4fa4-a97d-d965ccfc6d4b" outcome="Passed" testListId="8c84fa94-04c1-424b-9868-57a2d4851a1d" relativeResultsDirectory="adae31e4-4024-4348-9788-a785c2d16796">
    </UnitTestResult>
    <UnitTestResult executionId="987c5ca6-58f8-4ee5-aecb-b1b015fbdba0" testId="473a2b39-cb44-1d62-3c12-9fd92e3b377f" testName="As0163222" computerName="EDSAC" duration="00:00:00.0003863" startTime="2010-12-04T14:56:45.6152542+00:00" endTime="2010-12-04T14:56:45.6302551+00:00" testType="13cdc9d9-ddb5-4fa4-a97d-d965ccfc6d4b" outcome="Passed" testListId="8c84fa94-04c1-424b-9868-57a2d4851a1d" relativeResultsDirectory="987c5ca6-58f8-4ee5-aecb-b1b015fbdba0">
    </UnitTestResult>
    <UnitTestResult executionId="a637e9fc-7945-4ce8-9d2b-20889b2ed541" testId="4828b82d-197c-d38d-1052-fb24855ec6ae" testName="UnionAll02ThrowsContractException669" computerName="EDSAC" duration="00:00:00.0028551" startTime="2010-12-04T14:56:45.6322552+00:00" endTime="2010-12-04T14:56:45.6552565+00:00" testType="13cdc9d9-ddb5-4fa4-a97d-d965ccfc6d4b" outcome="Passed" testListId="8c84fa94-04c1-424b-9868-57a2d4851a1d" relativeResultsDirectory="a637e9fc-7945-4ce8-9d2b-20889b2ed541">
    </UnitTestResult>
    <UnitTestResult executionId="b57fcb3c-9acc-41af-b66f-5d74312cbc06" testId="49aa9228-e307-ef3c-566e-386137588923" testName="IfNotNull0192301" computerName="EDSAC" duration="00:00:00.0025019" startTime="2010-12-04T14:56:45.6702574+00:00" endTime="2010-12-04T14:56:45.6972589+00:00" testType="13cdc9d9-ddb5-4fa4-a97d-d965ccfc6d4b" outcome="Passed" testListId="8c84fa94-04c1-424b-9868-57a2d4851a1d" relativeResultsDirectory="b57fcb3c-9acc-41af-b66f-5d74312cbc06">
    </UnitTestResult>
    <UnitTestResult executionId="2d9a8a60-19bd-4e2c-88b7-31a778d544e0" testId="49b4e1b0-9a60-f1f3-7d8e-e1f63ecc7d50" testName="UnionAll02ThrowsContractException903" computerName="EDSAC" duration="00:00:00.0026167" startTime="2010-12-04T14:56:45.7172601+00:00" endTime="2010-12-04T14:56:45.7342610+00:00" testType="13cdc9d9-ddb5-4fa4-a97d-d965ccfc6d4b" outcome="Passed" testListId="8c84fa94-04c1-424b-9868-57a2d4851a1d" relativeResultsDirectory="2d9a8a60-19bd-4e2c-88b7-31a778d544e0">
    </UnitTestResult>
    <UnitTestResult executionId="f302b6ba-d125-4e68-8f63-c7b4a3d426ea" testId="4a5ccd91-8853-f0cc-c6d0-af1603a36ab2" testName="As0166001" computerName="EDSAC" duration="00:00:00.0007059" startTime="2010-12-04T14:56:45.7432615+00:00" endTime="2010-12-04T14:56:45.7582624+00:00" testType="13cdc9d9-ddb5-4fa4-a97d-d965ccfc6d4b" outcome="Passed" testListId="8c84fa94-04c1-424b-9868-57a2d4851a1d" relativeResultsDirectory="f302b6ba-d125-4e68-8f63-c7b4a3d426ea">
    </UnitTestResult>
    <UnitTestResult executionId="3635087c-53cd-4a82-b0d7-9c6707a2f30f" testId="4c1abec7-91f0-7672-2e0f-302cf26fbd1a" testName="As0166403" computerName="EDSAC" duration="00:00:00.0026279" startTime="2010-12-04T14:56:45.7602625+00:00" endTime="2010-12-04T14:56:45.7822638+00:00" testType="13cdc9d9-ddb5-4fa4-a97d-d965ccfc6d4b" outcome="Passed" testListId="8c84fa94-04c1-424b-9868-57a2d4851a1d" relativeResultsDirectory="3635087c-53cd-4a82-b0d7-9c6707a2f30f">
    </UnitTestResult>
    <UnitTestResult executionId="98215004-8da2-42d9-a5bc-9686fb5e9441" testId="4c766330-2a1a-c11f-5958-fa0e45c2a866" testName="UnionAll0233901" computerName="EDSAC" duration="00:00:00.0027973" startTime="2010-12-04T14:56:45.7972646+00:00" endTime="2010-12-04T14:56:45.8132656+00:00" testType="13cdc9d9-ddb5-4fa4-a97d-d965ccfc6d4b" outcome="Passed" testListId="8c84fa94-04c1-424b-9868-57a2d4851a1d" relativeResultsDirectory="98215004-8da2-42d9-a5bc-9686fb5e9441">
    </UnitTestResult>
    <UnitTestResult executionId="0aabe088-e0eb-4992-8f6b-4ebf7cd0b2d6" testId="4d41008a-7d5b-c195-89ca-25e2bba2803d" testName="NullOr71404" computerName="EDSAC" duration="00:00:00.0005701" startTime="2010-12-04T14:56:45.8152657+00:00" endTime="2010-12-04T14:56:45.8422672+00:00" testType="13cdc9d9-ddb5-4fa4-a97d-d965ccfc6d4b" outcome="Passed" testListId="8c84fa94-04c1-424b-9868-57a2d4851a1d" relativeResultsDirectory="0aabe088-e0eb-4992-8f6b-4ebf7cd0b2d6">
    </UnitTestResult>
    <UnitTestResult executionId="5c1ae14b-7415-48e6-b4ef-4c34dd042058" testId="4ef1899b-961d-b074-c653-732880e5589d" testName="ForEachThrowsContractException158" computerName="EDSAC" duration="00:00:00.0011931" startTime="2010-12-04T14:56:45.8512677+00:00" endTime="2010-12-04T14:56:45.8682687+00:00" testType="13cdc9d9-ddb5-4fa4-a97d-d965ccfc6d4b" outcome="Passed" testListId="8c84fa94-04c1-424b-9868-57a2d4851a1d" relativeResultsDirectory="5c1ae14b-7415-48e6-b4ef-4c34dd042058">
    </UnitTestResult>
    <UnitTestResult executionId="57042238-c0b9-4ded-a0d6-506acebdd925" testId="4f308a7f-5339-1197-c196-e8c2a3294cdb" testName="AsEnumerable0258803" computerName="EDSAC" duration="00:00:00.0026354" startTime="2010-12-04T14:56:45.8852697+00:00" endTime="2010-12-04T14:56:45.8942702+00:00" testType="13cdc9d9-ddb5-4fa4-a97d-d965ccfc6d4b" outcome="Passed" testListId="8c84fa94-04c1-424b-9868-57a2d4851a1d" relativeResultsDirectory="57042238-c0b9-4ded-a0d6-506acebdd925">
    </UnitTestResult>
    <UnitTestResult executionId="50998a72-a066-46ea-90d8-e0273a1b8884" testId="4fbb91c1-c965-1543-022c-12856d2ae5ad" testName="As0163243" computerName="EDSAC" duration="00:00:00.0004185" startTime="2010-12-04T14:56:45.9022706+00:00" endTime="2010-12-04T14:56:45.9172715+00:00" testType="13cdc9d9-ddb5-4fa4-a97d-d965ccfc6d4b" outcome="Passed" testListId="8c84fa94-04c1-424b-9868-57a2d4851a1d" relativeResultsDirectory="50998a72-a066-46ea-90d8-e0273a1b8884">
    </UnitTestResult>
    <UnitTestResult executionId="5135b9f1-96f0-4dae-a680-79094fb9aaee" testId="51819a1f-c4ce-ae98-f248-c4cc70983131" testName="SubarrayThrowsContractException966" computerName="EDSAC" duration="00:00:00.0022471" startTime="2010-12-04T14:56:45.9212717+00:00" endTime="2010-12-04T14:56:45.9352725+00:00" testType="13cdc9d9-ddb5-4fa4-a97d-d965ccfc6d4b" outcome="Passed" testListId="8c84fa94-04c1-424b-9868-57a2d4851a1d" relativeResultsDirectory="5135b9f1-96f0-4dae-a680-79094fb9aaee">
    </UnitTestResult>
    <UnitTestResult executionId="d69ff07e-36d4-496f-a0a0-c03e30f9926d" testId="532bfe79-61d3-8d09-52bb-06591829691e" testName="GetByPercentThrowsContractException151" computerName="EDSAC" duration="00:00:00.0007633" startTime="2010-12-04T14:56:45.9382727+00:00" endTime="2010-12-04T14:56:45.9522735+00:00" testType="13cdc9d9-ddb5-4fa4-a97d-d965ccfc6d4b" outcome="Passed" testListId="8c84fa94-04c1-424b-9868-57a2d4851a1d" relativeResultsDirectory="d69ff07e-36d4-496f-a0a0-c03e30f9926d">
    </UnitTestResult>
    <UnitTestResult executionId="b6c63b80-d2cd-48c4-9aff-fe0fc9bb76dc" testId="54dfb2f2-edab-6914-c734-746381ef028e" testName="Times25801" computerName="EDSAC" duration="00:00:00.0054061" startTime="2010-12-04T14:56:45.9542736+00:00" endTime="2010-12-04T14:56:45.9652742+00:00" testType="13cdc9d9-ddb5-4fa4-a97d-d965ccfc6d4b" outcome="Passed" testListId="8c84fa94-04c1-424b-9868-57a2d4851a1d" relativeResultsDirectory="b6c63b80-d2cd-48c4-9aff-fe0fc9bb76dc">
    </UnitTestResult>
    <UnitTestResult executionId="91674233-9bff-46ce-b373-66922cb59e27" testId="559ad5fd-9c89-3fab-e602-368a88629e35" testName="As0163221" computerName="EDSAC" duration="00:00:00.0061335" startTime="2010-12-04T14:56:45.9672744+00:00" endTime="2010-12-04T14:56:45.9872755+00:00" testType="13cdc9d9-ddb5-4fa4-a97d-d965ccfc6d4b" outcome="Passed" testListId="8c84fa94-04c1-424b-9868-57a2d4851a1d" relativeResultsDirectory="91674233-9bff-46ce-b373-66922cb59e27">
    </UnitTestResult>
    <UnitTestResult executionId="482334f1-5cb7-4d98-8609-7f4a4aafdf10" testId="567a07ee-04bb-68f0-b054-7c3ac20e04d0" testName="Range377" computerName="EDSAC" duration="00:00:00.0005492" startTime="2010-12-04T14:56:46.0042765+00:00" endTime="2010-12-04T14:56:46.0262777+00:00" testType="13cdc9d9-ddb5-4fa4-a97d-d965ccfc6d4b" outcome="Passed" testListId="8c84fa94-04c1-424b-9868-57a2d4851a1d" relativeResultsDirectory="482334f1-5cb7-4d98-8609-7f4a4aafdf10">
    </UnitTestResult>
    <UnitTestResult executionId="42dd54c3-8c90-4f96-b3f8-13214f413f22" testId="56fc1a57-6e5c-088b-8f95-88d9f697c097" testName="NullOr71402" computerName="EDSAC" duration="00:00:00.0004885" startTime="2010-12-04T14:56:46.0362783+00:00" endTime="2010-12-04T14:56:46.0532793+00:00" testType="13cdc9d9-ddb5-4fa4-a97d-d965ccfc6d4b" outcome="Passed" testListId="8c84fa94-04c1-424b-9868-57a2d4851a1d" relativeResultsDirectory="42dd54c3-8c90-4f96-b3f8-13214f413f22">
    </UnitTestResult>
    <UnitTestResult executionId="14c98e8b-3382-4326-89fc-406deaab3835" testId="5755d2a8-1978-f19d-e7bc-79a3772bf830" testName="IsIn01ThrowsContractException380" computerName="EDSAC" duration="00:00:00.0024137" startTime="2010-12-04T14:56:46.0652800+00:00" endTime="2010-12-04T14:56:46.0832810+00:00" testType="13cdc9d9-ddb5-4fa4-a97d-d965ccfc6d4b" outcome="Passed" testListId="8c84fa94-04c1-424b-9868-57a2d4851a1d" relativeResultsDirectory="14c98e8b-3382-4326-89fc-406deaab3835">
    </UnitTestResult>
    <UnitTestResult executionId="2eeb5e24-4d89-4a95-b4ef-75cb815f799b" testId="583a3c4e-73f0-f6e0-0816-cbe45229841d" testName="AsEnumerable56001" computerName="EDSAC" duration="00:00:00.0003821" startTime="2010-12-04T14:56:46.0922815+00:00" endTime="2010-12-04T14:56:46.1112826+00:00" testType="13cdc9d9-ddb5-4fa4-a97d-d965ccfc6d4b" outcome="Passed" testListId="8c84fa94-04c1-424b-9868-57a2d4851a1d" relativeResultsDirectory="2eeb5e24-4d89-4a95-b4ef-75cb815f799b">
    </UnitTestResult>
    <UnitTestResult executionId="d453dcca-bef9-4500-8774-cf2750934004" testId="585eea8b-8fa4-71e8-9d43-5274aef9fa35" testName="As21520" computerName="EDSAC" duration="00:00:00.0013508" startTime="2010-12-04T14:56:46.1162829+00:00" endTime="2010-12-04T14:56:46.1392842+00:00" testType="13cdc9d9-ddb5-4fa4-a97d-d965ccfc6d4b" outcome="Passed" testListId="8c84fa94-04c1-424b-9868-57a2d4851a1d" relativeResultsDirectory="d453dcca-bef9-4500-8774-cf2750934004">
    </UnitTestResult>
    <UnitTestResult executionId="64ff61b3-d662-4419-a05d-183eaa30479a" testId="59990ab9-8064-95a7-969b-da2dc269c717" testName="ToDictionaryThrowsContractException478" computerName="EDSAC" duration="00:00:00.0032308" startTime="2010-12-04T14:56:46.1492848+00:00" endTime="2010-12-04T14:56:46.1722861+00:00" testType="13cdc9d9-ddb5-4fa4-a97d-d965ccfc6d4b" outcome="Passed" testListId="8c84fa94-04c1-424b-9868-57a2d4851a1d" relativeResultsDirectory="64ff61b3-d662-4419-a05d-183eaa30479a">
    </UnitTestResult>
    <UnitTestResult executionId="f21614a0-e2c3-4592-ba52-c06f9d7622d6" testId="5b905b9d-179c-2930-2f2f-ad7751aea174" testName="As01401" computerName="EDSAC" duration="00:00:00.0005823" startTime="2010-12-04T14:56:46.1842868+00:00" endTime="2010-12-04T14:56:46.1982876+00:00" testType="13cdc9d9-ddb5-4fa4-a97d-d965ccfc6d4b" outcome="Passed" testListId="8c84fa94-04c1-424b-9868-57a2d4851a1d" relativeResultsDirectory="f21614a0-e2c3-4592-ba52-c06f9d7622d6">
    </UnitTestResult>
    <UnitTestResult executionId="24c5c8a1-7cc6-40ab-a89c-e600801f70d2" testId="5d4547ce-a6eb-4a5d-11b5-fd4fb3f2b4c4" testName="IfNotNull17304" computerName="EDSAC" duration="00:00:00.0003457" startTime="2010-12-04T14:56:46.2012877+00:00" endTime="2010-12-04T14:56:46.2192888+00:00" testType="13cdc9d9-ddb5-4fa4-a97d-d965ccfc6d4b" outcome="Passed" testListId="8c84fa94-04c1-424b-9868-57a2d4851a1d" relativeResultsDirectory="24c5c8a1-7cc6-40ab-a89c-e600801f70d2">
    </UnitTestResult>
    <UnitTestResult executionId="94a22ef0-e8b2-425c-a53f-975890a2f992" testId="5d663026-8403-d8b3-571f-dbc623bc2b0e" testName="As0163242" computerName="EDSAC" duration="00:00:00.0005235" startTime="2010-12-04T14:56:46.2212889+00:00" endTime="2010-12-04T14:56:46.2452903+00:00" testType="13cdc9d9-ddb5-4fa4-a97d-d965ccfc6d4b" outcome="Passed" testListId="8c84fa94-04c1-424b-9868-57a2d4851a1d" relativeResultsDirectory="94a22ef0-e8b2-425c-a53f-975890a2f992">
    </UnitTestResult>
    <UnitTestResult executionId="6892b384-787e-4c72-8ceb-fcb2a7d7d834" testId="5f6c8af1-2825-3c27-b802-e1be0e1eeb12" testName="Iter96001" computerName="EDSAC" duration="00:00:00.0007265" startTime="2010-12-04T14:56:46.2572910+00:00" endTime="2010-12-04T14:56:46.2672915+00:00" testType="13cdc9d9-ddb5-4fa4-a97d-d965ccfc6d4b" outcome="Passed" testListId="8c84fa94-04c1-424b-9868-57a2d4851a1d" relativeResultsDirectory="6892b384-787e-4c72-8ceb-fcb2a7d7d834">
    </UnitTestResult>
    <UnitTestResult executionId="efa1ddfd-0fee-4164-8a30-79541d8582d8" testId="603d3527-31ad-433b-f22d-64c8d067b62d" testName="NullOr90704" computerName="EDSAC" duration="00:00:00.0009145" startTime="2010-12-04T14:56:46.2692916+00:00" endTime="2010-12-04T14:56:46.2862926+00:00" testType="13cdc9d9-ddb5-4fa4-a97d-d965ccfc6d4b" outcome="Passed" testListId="8c84fa94-04c1-424b-9868-57a2d4851a1d" relativeResultsDirectory="efa1ddfd-0fee-4164-8a30-79541d8582d8">
    </UnitTestResult>
    <UnitTestResult executionId="7757c958-f4b6-496a-ba50-59de93170eb7" testId="61204312-b642-b8f4-e07a-61631489b8b3" testName="ItemSetThrowsArgumentOutOfRangeException209" computerName="EDSAC" duration="00:00:00.0468313" startTime="2010-12-04T14:56:46.2882927+00:00" endTime="2010-12-04T14:56:46.3482962+00:00" testType="13cdc9d9-ddb5-4fa4-a97d-d965ccfc6d4b" outcome="Failed" testListId="8c84fa94-04c1-424b-9868-57a2d4851a1d" relativeResultsDirectory="7757c958-f4b6-496a-ba50-59de93170eb7">
      <Output>
        <ErrorInfo>
          <Message>Test method SharpBag.Algorithms.PriorityQueueTTest.ItemSetThrowsArgumentOutOfRangeException209 threw exception: 
System.ArgumentOutOfRangeException: Index was out of range. Must be non-negative and less than the size of the collection.
Parameter name: index</Message>
          <StackTrace>    at System.ThrowHelper.ThrowArgumentOutOfRangeException()
   at System.Collections.Generic.List`1.set_Item(Int32 index, T value)
   at SharpBag.Algorithms.PriorityQueue`1.set_Item(Int32 index, T value) in C:\Users\SuprDewd\Desktop\Projects\Forritun\SharpBag\SharpBag\Algorithms\PriorityQueue.cs:line 124
   at SharpBag.Algorithms.PriorityQueueTTest.ItemSetThrowsArgumentOutOfRangeException209() in C:\Users\SuprDewd\Desktop\Projects\Forritun\SharpBag\SharpBag.Tests01\PriorityQueueTTest.ItemSet.g.cs:line 27
</StackTrace>
        </ErrorInfo>
      </Output>
    </UnitTestResult>
    <UnitTestResult executionId="fa47779b-e3e7-448a-935d-b3e2a3de22d3" testId="61f7685b-d775-dd59-8bb8-b9d96ff30e56" testName="ToString01827" computerName="EDSAC" duration="00:00:00.0007297" startTime="2010-12-04T14:56:46.3652971+00:00" endTime="2010-12-04T14:56:46.3752977+00:00" testType="13cdc9d9-ddb5-4fa4-a97d-d965ccfc6d4b" outcome="Passed" testListId="8c84fa94-04c1-424b-9868-57a2d4851a1d" relativeResultsDirectory="fa47779b-e3e7-448a-935d-b3e2a3de22d3">
    </UnitTestResult>
    <UnitTestResult executionId="6ad5024f-2838-4ed4-bd8e-382d49852712" testId="633e6a31-e7c1-dc4e-810e-71a427cf70a8" testName="IsNot859" computerName="EDSAC" duration="00:00:00.0004694" startTime="2010-12-04T14:56:46.3782979+00:00" endTime="2010-12-04T14:56:46.3932987+00:00" testType="13cdc9d9-ddb5-4fa4-a97d-d965ccfc6d4b" outcome="Passed" testListId="8c84fa94-04c1-424b-9868-57a2d4851a1d" relativeResultsDirectory="6ad5024f-2838-4ed4-bd8e-382d49852712">
    </UnitTestResult>
    <UnitTestResult executionId="42da5bc3-7006-440f-87d8-cb49ede9792f" testId="638dc709-5ccc-38d6-4efe-fa86b15a753c" testName="GetEnumerator0169" computerName="EDSAC" duration="00:00:00.0018636" startTime="2010-12-04T14:56:46.3992991+00:00" endTime="2010-12-04T14:56:46.4122998+00:00" testType="13cdc9d9-ddb5-4fa4-a97d-d965ccfc6d4b" outcome="Passed" testListId="8c84fa94-04c1-424b-9868-57a2d4851a1d" relativeResultsDirectory="42da5bc3-7006-440f-87d8-cb49ede9792f">
    </UnitTestResult>
    <UnitTestResult executionId="d05eb318-c628-46d4-adad-c386946603f7" testId="640310df-d648-7294-c434-32af677c30c3" testName="UnionAll0135501" computerName="EDSAC" duration="00:00:00.0023069" startTime="2010-12-04T14:56:46.4153000+00:00" endTime="2010-12-04T14:56:46.4313009+00:00" testType="13cdc9d9-ddb5-4fa4-a97d-d965ccfc6d4b" outcome="Passed" testListId="8c84fa94-04c1-424b-9868-57a2d4851a1d" relativeResultsDirectory="d05eb318-c628-46d4-adad-c386946603f7">
    </UnitTestResult>
    <UnitTestResult executionId="1e9506a9-4f1e-43bd-b4ac-5d853dcb8750" testId="644c941d-d40b-5655-7852-107ffef9acae" testName="Subarray305" computerName="EDSAC" duration="00:00:00.0008557" startTime="2010-12-04T14:56:46.4363012+00:00" endTime="2010-12-04T14:56:46.4503020+00:00" testType="13cdc9d9-ddb5-4fa4-a97d-d965ccfc6d4b" outcome="Passed" testListId="8c84fa94-04c1-424b-9868-57a2d4851a1d" relativeResultsDirectory="1e9506a9-4f1e-43bd-b4ac-5d853dcb8750">
    </UnitTestResult>
    <UnitTestResult executionId="087964f7-4138-493e-8b9b-f7a6f8e16cfe" testId="69d4fcec-3787-b518-9138-fc65c3d09ecc" testName="IfNotNull47701" computerName="EDSAC" duration="00:00:00.0003868" startTime="2010-12-04T14:56:46.4553023+00:00" endTime="2010-12-04T14:56:46.4703031+00:00" testType="13cdc9d9-ddb5-4fa4-a97d-d965ccfc6d4b" outcome="Passed" testListId="8c84fa94-04c1-424b-9868-57a2d4851a1d" relativeResultsDirectory="087964f7-4138-493e-8b9b-f7a6f8e16cfe">
    </UnitTestResult>
    <UnitTestResult executionId="a4bfecbe-668f-4213-802a-00dc7e00ef7f" testId="6b5ea87c-ca8e-cd07-2a54-53cd363577f8" testName="ToDictionary65201" computerName="EDSAC" duration="00:00:00.0006901" startTime="2010-12-04T14:56:46.4723032+00:00" endTime="2010-12-04T14:56:46.4913043+00:00" testType="13cdc9d9-ddb5-4fa4-a97d-d965ccfc6d4b" outcome="Passed" testListId="8c84fa94-04c1-424b-9868-57a2d4851a1d" relativeResultsDirectory="a4bfecbe-668f-4213-802a-00dc7e00ef7f">
    </UnitTestResult>
    <UnitTestResult executionId="fba5bad2-a97c-4180-9ef0-9144e9597dc7" testId="6c35acfd-143f-54af-798f-44cf8c92eaa5" testName="Constructor942" computerName="EDSAC" duration="00:00:00.0007671" startTime="2010-12-04T14:56:46.4953046+00:00" endTime="2010-12-04T14:56:46.5103054+00:00" testType="13cdc9d9-ddb5-4fa4-a97d-d965ccfc6d4b" outcome="Passed" testListId="8c84fa94-04c1-424b-9868-57a2d4851a1d" relativeResultsDirectory="fba5bad2-a97c-4180-9ef0-9144e9597dc7">
    </UnitTestResult>
    <UnitTestResult executionId="5dc98ac2-cd4e-40e9-aadc-30d9209f77fa" testId="6ea29e89-2e15-126e-eecf-3f7b211c52eb" testName="Subarray142" computerName="EDSAC" duration="00:00:00.0008473" startTime="2010-12-04T14:56:46.5133056+00:00" endTime="2010-12-04T14:56:46.5293065+00:00" testType="13cdc9d9-ddb5-4fa4-a97d-d965ccfc6d4b" outcome="Passed" testListId="8c84fa94-04c1-424b-9868-57a2d4851a1d" relativeResultsDirectory="5dc98ac2-cd4e-40e9-aadc-30d9209f77fa">
    </UnitTestResult>
    <UnitTestResult executionId="dfdf698e-c2be-49ad-8e14-b961398ca48f" testId="6f205f53-5c1d-2d23-0592-7823ba18d3aa" testName="IsIn34" computerName="EDSAC" duration="00:00:00.0004031" startTime="2010-12-04T14:56:46.5313066+00:00" endTime="2010-12-04T14:56:46.5453074+00:00" testType="13cdc9d9-ddb5-4fa4-a97d-d965ccfc6d4b" outcome="Passed" testListId="8c84fa94-04c1-424b-9868-57a2d4851a1d" relativeResultsDirectory="dfdf698e-c2be-49ad-8e14-b961398ca48f">
    </UnitTestResult>
    <UnitTestResult executionId="982d6fd4-6de0-405c-8471-249d105deb4e" testId="6fb9b650-50a8-89e9-0d35-3a3dc4939152" testName="Add88502" computerName="EDSAC" duration="00:00:00.0037506" startTime="2010-12-04T14:56:46.5493077+00:00" endTime="2010-12-04T14:56:46.5653086+00:00" testType="13cdc9d9-ddb5-4fa4-a97d-d965ccfc6d4b" outcome="Passed" testListId="8c84fa94-04c1-424b-9868-57a2d4851a1d" relativeResultsDirectory="982d6fd4-6de0-405c-8471-249d105deb4e">
    </UnitTestResult>
    <UnitTestResult executionId="dbede760-54b3-421e-9b03-df7225af3cd8" testId="70ecef07-25d9-9298-9faa-26825e270b46" testName="Fill0168803" computerName="EDSAC" duration="00:00:00.0004082" startTime="2010-12-04T14:56:46.5673087+00:00" endTime="2010-12-04T14:56:46.5803094+00:00" testType="13cdc9d9-ddb5-4fa4-a97d-d965ccfc6d4b" outcome="Passed" testListId="8c84fa94-04c1-424b-9868-57a2d4851a1d" relativeResultsDirectory="dbede760-54b3-421e-9b03-df7225af3cd8">
    </UnitTestResult>
    <UnitTestResult executionId="19e4bd8c-dd44-4748-b006-fefaaebc9207" testId="71153c10-625e-eee7-0105-ad1f18f9fb72" testName="ForEach78803" computerName="EDSAC" duration="00:00:00.0004054" startTime="2010-12-04T14:56:46.5823095+00:00" endTime="2010-12-04T14:56:46.5973104+00:00" testType="13cdc9d9-ddb5-4fa4-a97d-d965ccfc6d4b" outcome="Passed" testListId="8c84fa94-04c1-424b-9868-57a2d4851a1d" relativeResultsDirectory="19e4bd8c-dd44-4748-b006-fefaaebc9207">
    </UnitTestResult>
    <UnitTestResult executionId="8a7a608a-683f-4c6d-bf3e-e292a271e765" testId="71a360e3-d81d-a30a-382f-721ef096f5b1" testName="IfNotNull0192303" computerName="EDSAC" duration="00:00:00.0003830" startTime="2010-12-04T14:56:46.5993105+00:00" endTime="2010-12-04T14:56:46.6173115+00:00" testType="13cdc9d9-ddb5-4fa4-a97d-d965ccfc6d4b" outcome="Passed" testListId="8c84fa94-04c1-424b-9868-57a2d4851a1d" relativeResultsDirectory="8a7a608a-683f-4c6d-bf3e-e292a271e765">
    </UnitTestResult>
    <UnitTestResult executionId="e013bd21-8be3-4e69-b477-f738ef033fae" testId="7206ff03-56a7-ec6c-ffc0-c8679263faa3" testName="As0163211" computerName="EDSAC" duration="00:00:00.0004008" startTime="2010-12-04T14:56:46.6293122+00:00" endTime="2010-12-04T14:56:46.6413129+00:00" testType="13cdc9d9-ddb5-4fa4-a97d-d965ccfc6d4b" outcome="Passed" testListId="8c84fa94-04c1-424b-9868-57a2d4851a1d" relativeResultsDirectory="e013bd21-8be3-4e69-b477-f738ef033fae">
    </UnitTestResult>
    <UnitTestResult executionId="637e1561-fb73-4fa1-8370-531c12d54f35" testId="73dedb08-3777-9f76-6412-b3470bb8b574" testName="AsEnumerable0314801" computerName="EDSAC" duration="00:00:00.0005669" startTime="2010-12-04T14:56:46.6433130+00:00" endTime="2010-12-04T14:56:46.6653143+00:00" testType="13cdc9d9-ddb5-4fa4-a97d-d965ccfc6d4b" outcome="Passed" testListId="8c84fa94-04c1-424b-9868-57a2d4851a1d" relativeResultsDirectory="637e1561-fb73-4fa1-8370-531c12d54f35">
    </UnitTestResult>
    <UnitTestResult executionId="14b37480-f3ee-406f-bb89-ec8dca118e32" testId="767e3845-1b47-6225-c38c-e6345e12262a" testName="Is373" computerName="EDSAC" duration="00:00:00.0003830" startTime="2010-12-04T14:56:46.6683145+00:00" endTime="2010-12-04T14:56:46.6863155+00:00" testType="13cdc9d9-ddb5-4fa4-a97d-d965ccfc6d4b" outcome="Passed" testListId="8c84fa94-04c1-424b-9868-57a2d4851a1d" relativeResultsDirectory="14b37480-f3ee-406f-bb89-ec8dca118e32">
    </UnitTestResult>
    <UnitTestResult executionId="2183d141-f5be-4ad3-8c6f-2e466a8aee7b" testId="7743f34e-ac5f-23a3-8e8f-212222420029" testName="As215" computerName="EDSAC" duration="00:00:00.0007134" startTime="2010-12-04T14:56:46.6893157+00:00" endTime="2010-12-04T14:56:46.7063166+00:00" testType="13cdc9d9-ddb5-4fa4-a97d-d965ccfc6d4b" outcome="Passed" testListId="8c84fa94-04c1-424b-9868-57a2d4851a1d" relativeResultsDirectory="2183d141-f5be-4ad3-8c6f-2e466a8aee7b">
    </UnitTestResult>
    <UnitTestResult executionId="808b415f-4238-4ae2-833c-4e9e10b659d3" testId="787c2aca-5007-7e56-5e10-28020b3be468" testName="AsEnumerable0314804" computerName="EDSAC" duration="00:00:00.0004885" startTime="2010-12-04T14:56:46.7113169+00:00" endTime="2010-12-04T14:56:46.7263178+00:00" testType="13cdc9d9-ddb5-4fa4-a97d-d965ccfc6d4b" outcome="Passed" testListId="8c84fa94-04c1-424b-9868-57a2d4851a1d" relativeResultsDirectory="808b415f-4238-4ae2-833c-4e9e10b659d3">
    </UnitTestResult>
    <UnitTestResult executionId="1e3e7393-ec54-4019-bc0b-baa6558f01c7" testId="7896ac03-38fd-b99c-d27e-6cbd208a3f1e" testName="As21502" computerName="EDSAC" duration="00:00:00.0004628" startTime="2010-12-04T14:56:46.7323181+00:00" endTime="2010-12-04T14:56:46.7483190+00:00" testType="13cdc9d9-ddb5-4fa4-a97d-d965ccfc6d4b" outcome="Passed" testListId="8c84fa94-04c1-424b-9868-57a2d4851a1d" relativeResultsDirectory="1e3e7393-ec54-4019-bc0b-baa6558f01c7">
    </UnitTestResult>
    <UnitTestResult executionId="1296ae29-0a17-42ed-af0c-c314f231c003" testId="7931ef47-8391-bf76-37f8-dd781a05ed84" testName="GetEnumerator203" computerName="EDSAC" duration="00:00:00.0022775" startTime="2010-12-04T14:56:46.7533193+00:00" endTime="2010-12-04T14:56:46.7723204+00:00" testType="13cdc9d9-ddb5-4fa4-a97d-d965ccfc6d4b" outcome="Passed" testListId="8c84fa94-04c1-424b-9868-57a2d4851a1d" relativeResultsDirectory="1296ae29-0a17-42ed-af0c-c314f231c003">
    </UnitTestResult>
    <UnitTestResult executionId="d6183bac-d627-4817-8fdb-d6e5a0c025d0" testId="797d7b6c-0b94-436f-8cf2-1181e4378e5e" testName="AddThrowsContractException551" computerName="EDSAC" duration="00:00:00.0005757" startTime="2010-12-04T14:56:46.7743205+00:00" endTime="2010-12-04T14:56:46.7913215+00:00" testType="13cdc9d9-ddb5-4fa4-a97d-d965ccfc6d4b" outcome="Passed" testListId="8c84fa94-04c1-424b-9868-57a2d4851a1d" relativeResultsDirectory="d6183bac-d627-4817-8fdb-d6e5a0c025d0">
    </UnitTestResult>
    <UnitTestResult executionId="1d87393f-8beb-4d06-ade2-1da5aa896232" testId="7a7d56e7-b4b7-3226-df1d-44471276e993" testName="AsEnumerable02ThrowsContractException18" computerName="EDSAC" duration="00:00:00.0006084" startTime="2010-12-04T14:56:46.7933216+00:00" endTime="2010-12-04T14:56:46.8103226+00:00" testType="13cdc9d9-ddb5-4fa4-a97d-d965ccfc6d4b" outcome="Passed" testListId="8c84fa94-04c1-424b-9868-57a2d4851a1d" relativeResultsDirectory="1d87393f-8beb-4d06-ade2-1da5aa896232">
    </UnitTestResult>
    <UnitTestResult executionId="09353add-96d9-4c4f-8acd-9cf51c4d76cf" testId="7a9400e0-6f1a-74cc-aaf2-4e620d01eac4" testName="As0166402" computerName="EDSAC" duration="00:00:00.0006859" startTime="2010-12-04T14:56:46.8213232+00:00" endTime="2010-12-04T14:56:46.8323238+00:00" testType="13cdc9d9-ddb5-4fa4-a97d-d965ccfc6d4b" outcome="Passed" testListId="8c84fa94-04c1-424b-9868-57a2d4851a1d" relativeResultsDirectory="09353add-96d9-4c4f-8acd-9cf51c4d76cf">
    </UnitTestResult>
    <UnitTestResult executionId="b2a9e108-2ef2-418c-98cb-438b40a35726" testId="7a965cd2-e1cf-8636-b94b-9bb1e4688fd0" testName="Iter96004" computerName="EDSAC" duration="00:00:00.0006103" startTime="2010-12-04T14:56:46.8413244+00:00" endTime="2010-12-04T14:56:46.8533250+00:00" testType="13cdc9d9-ddb5-4fa4-a97d-d965ccfc6d4b" outcome="Passed" testListId="8c84fa94-04c1-424b-9868-57a2d4851a1d" relativeResultsDirectory="b2a9e108-2ef2-418c-98cb-438b40a35726">
    </UnitTestResult>
    <UnitTestResult executionId="178ba817-d4f3-4727-814f-a7c24cf058bf" testId="7a9b0937-239f-a7cc-e1fc-09bbc3508e89" testName="As0130301" computerName="EDSAC" duration="00:00:00.0003914" startTime="2010-12-04T14:56:46.8553252+00:00" endTime="2010-12-04T14:56:46.8713261+00:00" testType="13cdc9d9-ddb5-4fa4-a97d-d965ccfc6d4b" outcome="Passed" testListId="8c84fa94-04c1-424b-9868-57a2d4851a1d" relativeResultsDirectory="178ba817-d4f3-4727-814f-a7c24cf058bf">
    </UnitTestResult>
    <UnitTestResult executionId="fa3f10e5-c3e0-42cc-8efb-b10f48978317" testId="7acd9860-9837-fbe5-5425-b774d050444a" testName="ForEach12503" computerName="EDSAC" duration="00:00:00.0008137" startTime="2010-12-04T14:56:46.8803266+00:00" endTime="2010-12-04T14:56:46.8963275+00:00" testType="13cdc9d9-ddb5-4fa4-a97d-d965ccfc6d4b" outcome="Passed" testListId="8c84fa94-04c1-424b-9868-57a2d4851a1d" relativeResultsDirectory="fa3f10e5-c3e0-42cc-8efb-b10f48978317">
    </UnitTestResult>
    <UnitTestResult executionId="322adcb0-fd5f-4e3c-be67-753cf1caa3cc" testId="7b6ad291-8507-bfdb-b921-bf2c15c5fff5" testName="IterThrowsContractException889" computerName="EDSAC" duration="00:00:00.0007125" startTime="2010-12-04T14:56:46.8983276+00:00" endTime="2010-12-04T14:56:46.9153286+00:00" testType="13cdc9d9-ddb5-4fa4-a97d-d965ccfc6d4b" outcome="Passed" testListId="8c84fa94-04c1-424b-9868-57a2d4851a1d" relativeResultsDirectory="322adcb0-fd5f-4e3c-be67-753cf1caa3cc">
    </UnitTestResult>
    <UnitTestResult executionId="fad27179-003a-4877-8c53-32042b10d836" testId="7ba074f7-37b4-86ab-f897-639c59c7afb2" testName="As01402" computerName="EDSAC" duration="00:00:00.0007092" startTime="2010-12-04T14:56:46.9173287+00:00" endTime="2010-12-04T14:56:46.9313295+00:00" testType="13cdc9d9-ddb5-4fa4-a97d-d965ccfc6d4b" outcome="Passed" testListId="8c84fa94-04c1-424b-9868-57a2d4851a1d" relativeResultsDirectory="fad27179-003a-4877-8c53-32042b10d836">
    </UnitTestResult>
    <UnitTestResult executionId="3af2e1c7-50f2-432c-9f09-0c7cd9534fff" testId="7d85dd6d-e955-0c88-df95-d36cadd3d7ff" testName="IsNullOrEmpty839" computerName="EDSAC" duration="00:00:00.0006350" startTime="2010-12-04T14:56:46.9333296+00:00" endTime="2010-12-04T14:56:46.9493305+00:00" testType="13cdc9d9-ddb5-4fa4-a97d-d965ccfc6d4b" outcome="Passed" testListId="8c84fa94-04c1-424b-9868-57a2d4851a1d" relativeResultsDirectory="3af2e1c7-50f2-432c-9f09-0c7cd9534fff">
    </UnitTestResult>
    <UnitTestResult executionId="6d890517-72d1-4608-a628-300771096b59" testId="80003646-df99-feba-93b2-6a809b884bf6" testName="Fill0157102" computerName="EDSAC" duration="00:00:00.0003550" startTime="2010-12-04T14:56:46.9513306+00:00" endTime="2010-12-04T14:56:46.9673316+00:00" testType="13cdc9d9-ddb5-4fa4-a97d-d965ccfc6d4b" outcome="Passed" testListId="8c84fa94-04c1-424b-9868-57a2d4851a1d" relativeResultsDirectory="6d890517-72d1-4608-a628-300771096b59">
    </UnitTestResult>
    <UnitTestResult executionId="77167e47-7760-4536-902c-128b0c2703b5" testId="808822f6-9c85-0a33-f1f9-4d64c79fb975" testName="As763" computerName="EDSAC" duration="00:00:00.0007657" startTime="2010-12-04T14:56:46.9693317+00:00" endTime="2010-12-04T14:56:46.9853326+00:00" testType="13cdc9d9-ddb5-4fa4-a97d-d965ccfc6d4b" outcome="Passed" testListId="8c84fa94-04c1-424b-9868-57a2d4851a1d" relativeResultsDirectory="77167e47-7760-4536-902c-128b0c2703b5">
    </UnitTestResult>
    <UnitTestResult executionId="b37c6165-010c-4e18-817e-d83b904fc59a" testId="80c446f8-daa9-dd90-7ba0-f56b79877aec" testName="AsEnumerable0258802" computerName="EDSAC" duration="00:00:00.0005319" startTime="2010-12-04T14:56:46.9873327+00:00" endTime="2010-12-04T14:56:47.0033336+00:00" testType="13cdc9d9-ddb5-4fa4-a97d-d965ccfc6d4b" outcome="Passed" testListId="8c84fa94-04c1-424b-9868-57a2d4851a1d" relativeResultsDirectory="b37c6165-010c-4e18-817e-d83b904fc59a">
    </UnitTestResult>
    <UnitTestResult executionId="d7947c7e-1c5f-41db-a7d5-5c3eb487cca1" testId="830b7e4e-1e9d-8453-edde-ba93d873d94b" testName="SubarrayThrowsIndexOutOfRangeException166" computerName="EDSAC" duration="00:00:00.0022784" startTime="2010-12-04T14:56:47.0053337+00:00" endTime="2010-12-04T14:56:47.0223347+00:00" testType="13cdc9d9-ddb5-4fa4-a97d-d965ccfc6d4b" outcome="Failed" testListId="8c84fa94-04c1-424b-9868-57a2d4851a1d" relativeResultsDirectory="d7947c7e-1c5f-41db-a7d5-5c3eb487cca1">
      <Output>
        <ErrorInfo>
          <Message>Test method SharpBag.ExtensionsTest.SubarrayThrowsIndexOutOfRangeException166 threw exception: 
System.IndexOutOfRangeException: Index was outside the bounds of the array.</Message>
          <StackTrace>    at SharpBag.Extensions.Subarray(Int32[,] a, Int32 x1, Int32 y1, Int32 x2, Int32 y2) in C:\Users\SuprDewd\Desktop\Projects\Forritun\SharpBag\SharpBag\Extensions.cs:line 569
   at SharpBag.ExtensionsTest.SubarrayThrowsIndexOutOfRangeException166() in C:\Users\SuprDewd\Desktop\Projects\Forritun\SharpBag\SharpBag.Tests01\ExtensionsTest.Subarray.g.cs:line 66
</StackTrace>
        </ErrorInfo>
      </Output>
    </UnitTestResult>
    <UnitTestResult executionId="8412c4d3-cc9e-48c0-bf27-4624bec7a1a2" testId="8449ab5e-c7c8-6deb-cb03-833888a032c6" testName="Fill0110502" computerName="EDSAC" duration="00:00:00.0012822" startTime="2010-12-04T14:56:47.0243348+00:00" endTime="2010-12-04T14:56:47.0423359+00:00" testType="13cdc9d9-ddb5-4fa4-a97d-d965ccfc6d4b" outcome="Passed" testListId="8c84fa94-04c1-424b-9868-57a2d4851a1d" relativeResultsDirectory="8412c4d3-cc9e-48c0-bf27-4624bec7a1a2">
    </UnitTestResult>
    <UnitTestResult executionId="85ab93a2-5247-4574-87ba-531d8d05a273" testId="850912a6-5065-5531-7451-3014a79cee54" testName="As0132107" computerName="EDSAC" duration="00:00:00.0003872" startTime="2010-12-04T14:56:47.0443360+00:00" endTime="2010-12-04T14:56:47.0733376+00:00" testType="13cdc9d9-ddb5-4fa4-a97d-d965ccfc6d4b" outcome="Passed" testListId="8c84fa94-04c1-424b-9868-57a2d4851a1d" relativeResultsDirectory="85ab93a2-5247-4574-87ba-531d8d05a273">
    </UnitTestResult>
    <UnitTestResult executionId="350e005d-2e8d-48dd-8c1e-d0a55a523d14" testId="869377b3-dcd6-3fd0-816f-a4a48e30d6c3" testName="To01ThrowsContractException635" computerName="EDSAC" duration="00:00:00.0005879" startTime="2010-12-04T14:56:47.0763378+00:00" endTime="2010-12-04T14:56:47.0903386+00:00" testType="13cdc9d9-ddb5-4fa4-a97d-d965ccfc6d4b" outcome="Passed" testListId="8c84fa94-04c1-424b-9868-57a2d4851a1d" relativeResultsDirectory="350e005d-2e8d-48dd-8c1e-d0a55a523d14">
    </UnitTestResult>
    <UnitTestResult executionId="ec467344-3df3-47d2-b353-80b3520f40b6" testId="86a0d6ba-240b-81ef-7612-a91dd0bac5dd" testName="To0482501" computerName="EDSAC" duration="00:00:00.0003107" startTime="2010-12-04T14:56:47.0923387+00:00" endTime="2010-12-04T14:56:47.1123399+00:00" testType="13cdc9d9-ddb5-4fa4-a97d-d965ccfc6d4b" outcome="Passed" testListId="8c84fa94-04c1-424b-9868-57a2d4851a1d" relativeResultsDirectory="ec467344-3df3-47d2-b353-80b3520f40b6">
    </UnitTestResult>
    <UnitTestResult executionId="22501506-8959-4fd2-a357-e2964460fe4c" testId="86c02588-b87f-32bd-880b-56b0d73c1993" testName="NullOr71401" computerName="EDSAC" duration="00:00:00.0006429" startTime="2010-12-04T14:56:47.1133399+00:00" endTime="2010-12-04T14:56:47.1323410+00:00" testType="13cdc9d9-ddb5-4fa4-a97d-d965ccfc6d4b" outcome="Passed" testListId="8c84fa94-04c1-424b-9868-57a2d4851a1d" relativeResultsDirectory="22501506-8959-4fd2-a357-e2964460fe4c">
    </UnitTestResult>
    <UnitTestResult executionId="f3b149a4-7c52-4c98-8779-a7d004610c83" testId="8795f817-2bb9-9d00-f981-a3a8a2b7335e" testName="Add88501" computerName="EDSAC" duration="00:00:00.0004362" startTime="2010-12-04T14:56:47.1423416+00:00" endTime="2010-12-04T14:56:47.1563424+00:00" testType="13cdc9d9-ddb5-4fa4-a97d-d965ccfc6d4b" outcome="Passed" testListId="8c84fa94-04c1-424b-9868-57a2d4851a1d" relativeResultsDirectory="f3b149a4-7c52-4c98-8779-a7d004610c83">
    </UnitTestResult>
    <UnitTestResult executionId="814720d3-a30a-4455-8188-fae52e260830" testId="8a248c8c-38d6-117a-cb08-bb2fddeae117" testName="ForEach12501" computerName="EDSAC" duration="00:00:00.0004339" startTime="2010-12-04T14:56:47.1583425+00:00" endTime="2010-12-04T14:56:47.1773436+00:00" testType="13cdc9d9-ddb5-4fa4-a97d-d965ccfc6d4b" outcome="Passed" testListId="8c84fa94-04c1-424b-9868-57a2d4851a1d" relativeResultsDirectory="814720d3-a30a-4455-8188-fae52e260830">
    </UnitTestResult>
    <UnitTestResult executionId="9de4a048-3bcb-413c-900d-79ac0dbd6a34" testId="8d424c8f-9c8d-8bdb-c98c-1e76a87f52e2" testName="Shuffle565" computerName="EDSAC" duration="00:00:00.0030231" startTime="2010-12-04T14:56:47.1863441+00:00" endTime="2010-12-04T14:56:47.2033451+00:00" testType="13cdc9d9-ddb5-4fa4-a97d-d965ccfc6d4b" outcome="Passed" testListId="8c84fa94-04c1-424b-9868-57a2d4851a1d" relativeResultsDirectory="9de4a048-3bcb-413c-900d-79ac0dbd6a34">
    </UnitTestResult>
    <UnitTestResult executionId="bc0b6c93-18a5-48c2-9525-7723952e325c" testId="8dec4c0d-9137-8bca-e823-6edddad67b2a" testName="As568" computerName="EDSAC" duration="00:00:00.0006915" startTime="2010-12-04T14:56:47.2053452+00:00" endTime="2010-12-04T14:56:47.2223461+00:00" testType="13cdc9d9-ddb5-4fa4-a97d-d965ccfc6d4b" outcome="Passed" testListId="8c84fa94-04c1-424b-9868-57a2d4851a1d" relativeResultsDirectory="bc0b6c93-18a5-48c2-9525-7723952e325c">
    </UnitTestResult>
    <UnitTestResult executionId="19f86857-3dca-4e76-9ccb-8b3d5cfabd08" testId="8e9dd2cf-ab74-a19e-4fae-41caa637e0ed" testName="AsEnumerable03ThrowsContractException289" computerName="EDSAC" duration="00:00:00.0005300" startTime="2010-12-04T14:56:47.2243463+00:00" endTime="2010-12-04T14:56:47.2403472+00:00" testType="13cdc9d9-ddb5-4fa4-a97d-d965ccfc6d4b" outcome="Passed" testListId="8c84fa94-04c1-424b-9868-57a2d4851a1d" relativeResultsDirectory="19f86857-3dca-4e76-9ccb-8b3d5cfabd08">
    </UnitTestResult>
    <UnitTestResult executionId="4d2a669a-fb6f-46f5-83ba-e8399510ea5c" testId="8f15350a-b612-7c9b-89ff-1e54a29d9340" testName="To03ThrowsContractException968" computerName="EDSAC" duration="00:00:00.0007045" startTime="2010-12-04T14:56:47.2423473+00:00" endTime="2010-12-04T14:56:47.2583482+00:00" testType="13cdc9d9-ddb5-4fa4-a97d-d965ccfc6d4b" outcome="Passed" testListId="8c84fa94-04c1-424b-9868-57a2d4851a1d" relativeResultsDirectory="4d2a669a-fb6f-46f5-83ba-e8399510ea5c">
    </UnitTestResult>
    <UnitTestResult executionId="339dd452-9d60-4b55-926f-67ba5f3311a9" testId="8f214c0c-af12-b9fb-ae32-e2f0e522a10f" testName="NullOr90702" computerName="EDSAC" duration="00:00:00.0004549" startTime="2010-12-04T14:56:47.2603483+00:00" endTime="2010-12-04T14:56:47.2773493+00:00" testType="13cdc9d9-ddb5-4fa4-a97d-d965ccfc6d4b" outcome="Passed" testListId="8c84fa94-04c1-424b-9868-57a2d4851a1d" relativeResultsDirectory="339dd452-9d60-4b55-926f-67ba5f3311a9">
    </UnitTestResult>
    <UnitTestResult executionId="5b65f94f-531a-45eb-a603-52da15db13bf" testId="90427aa6-8cf4-b956-2b3f-9546b7107ae7" testName="TimesThrowsContractException662" computerName="EDSAC" duration="00:00:00.0006061" startTime="2010-12-04T14:56:47.2883499+00:00" endTime="2010-12-04T14:56:47.3003506+00:00" testType="13cdc9d9-ddb5-4fa4-a97d-d965ccfc6d4b" outcome="Passed" testListId="8c84fa94-04c1-424b-9868-57a2d4851a1d" relativeResultsDirectory="5b65f94f-531a-45eb-a603-52da15db13bf">
    </UnitTestResult>
    <UnitTestResult executionId="cb9ae790-d6ad-46ad-8ca3-462e62bcd11c" testId="91ad74e2-7f98-39c5-b2ac-d6979eb1e521" testName="As0163239" computerName="EDSAC" duration="00:00:00.0003924" startTime="2010-12-04T14:56:47.3033508+00:00" endTime="2010-12-04T14:56:47.3183516+00:00" testType="13cdc9d9-ddb5-4fa4-a97d-d965ccfc6d4b" outcome="Passed" testListId="8c84fa94-04c1-424b-9868-57a2d4851a1d" relativeResultsDirectory="cb9ae790-d6ad-46ad-8ca3-462e62bcd11c">
    </UnitTestResult>
    <UnitTestResult executionId="0e338c43-dd96-4e85-8bc0-753620dfb20e" testId="920395ef-4d81-2796-a8e3-57b62c679836" testName="As0132102" computerName="EDSAC" duration="00:00:00.0003760" startTime="2010-12-04T14:56:47.3203518+00:00" endTime="2010-12-04T14:56:47.3373527+00:00" testType="13cdc9d9-ddb5-4fa4-a97d-d965ccfc6d4b" outcome="Passed" testListId="8c84fa94-04c1-424b-9868-57a2d4851a1d" relativeResultsDirectory="0e338c43-dd96-4e85-8bc0-753620dfb20e">
    </UnitTestResult>
    <UnitTestResult executionId="9540b94d-af18-4daa-bada-6713f69dc76e" testId="92c796c7-6140-7467-0f72-263f4de0d5fd" testName="Add88504" computerName="EDSAC" duration="00:00:00.0011875" startTime="2010-12-04T14:56:47.3393528+00:00" endTime="2010-12-04T14:56:47.3513535+00:00" testType="13cdc9d9-ddb5-4fa4-a97d-d965ccfc6d4b" outcome="Passed" testListId="8c84fa94-04c1-424b-9868-57a2d4851a1d" relativeResultsDirectory="9540b94d-af18-4daa-bada-6713f69dc76e">
    </UnitTestResult>
    <UnitTestResult executionId="52f0884a-5b67-4bef-803e-bd9e3c4bffe2" testId="94c02084-a2f4-8ed3-b12d-a1ac0caf9379" testName="AsEnumerable01ThrowsContractException5" computerName="EDSAC" duration="00:00:00.0005865" startTime="2010-12-04T14:56:47.3533536+00:00" endTime="2010-12-04T14:56:47.3713547+00:00" testType="13cdc9d9-ddb5-4fa4-a97d-d965ccfc6d4b" outcome="Passed" testListId="8c84fa94-04c1-424b-9868-57a2d4851a1d" relativeResultsDirectory="52f0884a-5b67-4bef-803e-bd9e3c4bffe2">
    </UnitTestResult>
    <UnitTestResult executionId="40d8aac3-e338-48cb-bf28-5e3ae4e61bbe" testId="9611d5ba-c78e-b7b6-592f-64194d91b456" testName="AsEnumerable56004" computerName="EDSAC" duration="00:00:00.0008053" startTime="2010-12-04T14:56:47.3733548+00:00" endTime="2010-12-04T14:56:47.3913558+00:00" testType="13cdc9d9-ddb5-4fa4-a97d-d965ccfc6d4b" outcome="Passed" testListId="8c84fa94-04c1-424b-9868-57a2d4851a1d" relativeResultsDirectory="40d8aac3-e338-48cb-bf28-5e3ae4e61bbe">
    </UnitTestResult>
    <UnitTestResult executionId="13afdfd4-a155-4b63-94b1-8c14dd4795f1" testId="97102229-37fa-e978-ffae-7fd4c7300f98" testName="NullOr90703" computerName="EDSAC" duration="00:00:00.0005767" startTime="2010-12-04T14:56:47.3933559+00:00" endTime="2010-12-04T14:56:47.4103569+00:00" testType="13cdc9d9-ddb5-4fa4-a97d-d965ccfc6d4b" outcome="Passed" testListId="8c84fa94-04c1-424b-9868-57a2d4851a1d" relativeResultsDirectory="13afdfd4-a155-4b63-94b1-8c14dd4795f1">
    </UnitTestResult>
    <UnitTestResult executionId="6409b609-f302-4380-a31f-1637532fe11a" testId="97495e35-0952-692a-91b0-3d721dc574e4" testName="As0166004" computerName="EDSAC" duration="00:00:00.0003863" startTime="2010-12-04T14:56:47.4123570+00:00" endTime="2010-12-04T14:56:47.4303580+00:00" testType="13cdc9d9-ddb5-4fa4-a97d-d965ccfc6d4b" outcome="Passed" testListId="8c84fa94-04c1-424b-9868-57a2d4851a1d" relativeResultsDirectory="6409b609-f302-4380-a31f-1637532fe11a">
    </UnitTestResult>
    <UnitTestResult executionId="13c9e3e0-d690-4c7b-af25-ec6945840024" testId="98f1539c-0085-97ac-e6d6-c700951efc19" testName="RangeThrowsContractException841" computerName="EDSAC" duration="00:00:00.0006173" startTime="2010-12-04T14:56:47.4413587+00:00" endTime="2010-12-04T14:56:47.4523593+00:00" testType="13cdc9d9-ddb5-4fa4-a97d-d965ccfc6d4b" outcome="Passed" testListId="8c84fa94-04c1-424b-9868-57a2d4851a1d" relativeResultsDirectory="13c9e3e0-d690-4c7b-af25-ec6945840024">
    </UnitTestResult>
    <UnitTestResult executionId="18179625-e895-4d32-bda7-35e3af112c94" testId="990a1706-3c38-5c79-dd26-6bf2a85de470" testName="As0163233" computerName="EDSAC" duration="00:00:00.0005114" startTime="2010-12-04T14:56:47.4543594+00:00" endTime="2010-12-04T14:56:47.4683602+00:00" testType="13cdc9d9-ddb5-4fa4-a97d-d965ccfc6d4b" outcome="Passed" testListId="8c84fa94-04c1-424b-9868-57a2d4851a1d" relativeResultsDirectory="18179625-e895-4d32-bda7-35e3af112c94">
    </UnitTestResult>
    <UnitTestResult executionId="8c9f6670-323f-420e-92a6-76ce8f190ac0" testId="9a12b8c7-dd2a-27a8-8e5c-846cf91e7a67" testName="ForEach78804" computerName="EDSAC" duration="00:00:00.0003760" startTime="2010-12-04T14:56:47.4773607+00:00" endTime="2010-12-04T14:56:47.4943617+00:00" testType="13cdc9d9-ddb5-4fa4-a97d-d965ccfc6d4b" outcome="Passed" testListId="8c84fa94-04c1-424b-9868-57a2d4851a1d" relativeResultsDirectory="8c9f6670-323f-420e-92a6-76ce8f190ac0">
    </UnitTestResult>
    <UnitTestResult executionId="17493753-0589-4914-bd4d-449d5f7a3f4e" testId="9b2baef8-8cea-f431-96b6-95e1ddfaf4a9" testName="As29401" computerName="EDSAC" duration="00:00:00.0008217" startTime="2010-12-04T14:56:47.4973619+00:00" endTime="2010-12-04T14:56:47.5073625+00:00" testType="13cdc9d9-ddb5-4fa4-a97d-d965ccfc6d4b" outcome="Passed" testListId="8c84fa94-04c1-424b-9868-57a2d4851a1d" relativeResultsDirectory="17493753-0589-4914-bd4d-449d5f7a3f4e">
    </UnitTestResult>
    <UnitTestResult executionId="a6f4f96b-af54-4fb4-86ce-1ce3a6cb9976" testId="9bfa0b14-def6-4233-8f09-efbae74ca192" testName="Iter96003" computerName="EDSAC" duration="00:00:00.0005403" startTime="2010-12-04T14:56:47.5173630+00:00" endTime="2010-12-04T14:56:47.5313638+00:00" testType="13cdc9d9-ddb5-4fa4-a97d-d965ccfc6d4b" outcome="Passed" testListId="8c84fa94-04c1-424b-9868-57a2d4851a1d" relativeResultsDirectory="a6f4f96b-af54-4fb4-86ce-1ce3a6cb9976">
    </UnitTestResult>
    <UnitTestResult executionId="2c090a9c-a52c-4043-9bb3-c53da601e0ac" testId="9d4922e1-95bb-cc07-dd59-02aa21bc0c9d" testName="As6" computerName="EDSAC" duration="00:00:00.0007503" startTime="2010-12-04T14:56:47.5353641+00:00" endTime="2010-12-04T14:56:47.5523650+00:00" testType="13cdc9d9-ddb5-4fa4-a97d-d965ccfc6d4b" outcome="Passed" testListId="8c84fa94-04c1-424b-9868-57a2d4851a1d" relativeResultsDirectory="2c090a9c-a52c-4043-9bb3-c53da601e0ac">
    </UnitTestResult>
    <UnitTestResult executionId="a3e5d070-4714-41e2-ab91-a4e12a5fe648" testId="9ed7c416-1a7b-4673-195d-ca2e196d2a2e" testName="With25501" computerName="EDSAC" duration="00:00:00.0009812" startTime="2010-12-04T14:56:47.5623656+00:00" endTime="2010-12-04T14:56:47.5763664+00:00" testType="13cdc9d9-ddb5-4fa4-a97d-d965ccfc6d4b" outcome="Passed" testListId="8c84fa94-04c1-424b-9868-57a2d4851a1d" relativeResultsDirectory="a3e5d070-4714-41e2-ab91-a4e12a5fe648">
    </UnitTestResult>
    <UnitTestResult executionId="3ed58799-2262-4b5f-b501-446925eb807e" testId="a45582f8-3825-adac-44bf-8fa9e3381e89" testName="ForEach78801" computerName="EDSAC" duration="00:00:00.0021403" startTime="2010-12-04T14:56:47.5913673+00:00" endTime="2010-12-04T14:56:47.6153686+00:00" testType="13cdc9d9-ddb5-4fa4-a97d-d965ccfc6d4b" outcome="Passed" testListId="8c84fa94-04c1-424b-9868-57a2d4851a1d" relativeResultsDirectory="3ed58799-2262-4b5f-b501-446925eb807e">
    </UnitTestResult>
    <UnitTestResult executionId="1b09788f-2577-4b03-8642-ab6d31b92b40" testId="a5088dbd-9f6a-bb83-e64a-07cfd5052c81" testName="As0130303" computerName="EDSAC" duration="00:00:00.0003924" startTime="2010-12-04T14:56:47.6213690+00:00" endTime="2010-12-04T14:56:47.6303695+00:00" testType="13cdc9d9-ddb5-4fa4-a97d-d965ccfc6d4b" outcome="Passed" testListId="8c84fa94-04c1-424b-9868-57a2d4851a1d" relativeResultsDirectory="1b09788f-2577-4b03-8642-ab6d31b92b40">
    </UnitTestResult>
    <UnitTestResult executionId="d5885fce-5b59-4349-ac13-c31b4a195466" testId="a51caca7-6a0e-8bea-fb89-3104ddb0e38a" testName="Fill105" computerName="EDSAC" duration="00:00:00.0002501" startTime="2010-12-04T14:56:47.6413701+00:00" endTime="2010-12-04T14:56:47.6513707+00:00" testType="13cdc9d9-ddb5-4fa4-a97d-d965ccfc6d4b" outcome="Passed" testListId="8c84fa94-04c1-424b-9868-57a2d4851a1d" relativeResultsDirectory="d5885fce-5b59-4349-ac13-c31b4a195466">
    </UnitTestResult>
    <UnitTestResult executionId="51fb3779-d0ed-46ad-8c41-6b4e4571d148" testId="a56170ce-b399-e27e-e213-58e00eb4c436" testName="As0163238" computerName="EDSAC" duration="00:00:00.0007937" startTime="2010-12-04T14:56:47.6543709+00:00" endTime="2010-12-04T14:56:47.6723719+00:00" testType="13cdc9d9-ddb5-4fa4-a97d-d965ccfc6d4b" outcome="Passed" testListId="8c84fa94-04c1-424b-9868-57a2d4851a1d" relativeResultsDirectory="51fb3779-d0ed-46ad-8c41-6b4e4571d148">
    </UnitTestResult>
    <UnitTestResult executionId="427161a3-6016-4e79-ad0e-326c283a6349" testId="a65b5eab-4121-901b-449c-fc9aba07d07b" testName="IfNotNull0192302" computerName="EDSAC" duration="00:00:00.0007120" startTime="2010-12-04T14:56:47.6733719+00:00" endTime="2010-12-04T14:56:47.6893729+00:00" testType="13cdc9d9-ddb5-4fa4-a97d-d965ccfc6d4b" outcome="Passed" testListId="8c84fa94-04c1-424b-9868-57a2d4851a1d" relativeResultsDirectory="427161a3-6016-4e79-ad0e-326c283a6349">
    </UnitTestResult>
    <UnitTestResult executionId="7b2c0dc6-32dc-45c2-a283-d5ed1e3555ba" testId="a8ed7a3a-0e05-4105-ece6-4d106523c6c6" testName="ShuffleThrowsContractException285" computerName="EDSAC" duration="00:00:00.0006126" startTime="2010-12-04T14:56:47.6913730+00:00" endTime="2010-12-04T14:56:47.7083739+00:00" testType="13cdc9d9-ddb5-4fa4-a97d-d965ccfc6d4b" outcome="Passed" testListId="8c84fa94-04c1-424b-9868-57a2d4851a1d" relativeResultsDirectory="7b2c0dc6-32dc-45c2-a283-d5ed1e3555ba">
    </UnitTestResult>
    <UnitTestResult executionId="6ce5020d-420b-4697-b11d-3c04dce2cbfc" testId="aa951c3d-ee4a-9ede-aac2-7e390167d171" testName="As0163244" computerName="EDSAC" duration="00:00:00.0004213" startTime="2010-12-04T14:56:47.7143743+00:00" endTime="2010-12-04T14:56:47.7323753+00:00" testType="13cdc9d9-ddb5-4fa4-a97d-d965ccfc6d4b" outcome="Passed" testListId="8c84fa94-04c1-424b-9868-57a2d4851a1d" relativeResultsDirectory="6ce5020d-420b-4697-b11d-3c04dce2cbfc">
    </UnitTestResult>
    <UnitTestResult executionId="1ec85b63-c95a-47f1-abeb-b28649b7619a" testId="ab4705e8-14a4-6e9f-baf9-e3d238e84cf8" testName="As0163210" computerName="EDSAC" duration="00:00:00.0003919" startTime="2010-12-04T14:56:47.7433759+00:00" endTime="2010-12-04T14:56:47.7553766+00:00" testType="13cdc9d9-ddb5-4fa4-a97d-d965ccfc6d4b" outcome="Passed" testListId="8c84fa94-04c1-424b-9868-57a2d4851a1d" relativeResultsDirectory="1ec85b63-c95a-47f1-abeb-b28649b7619a">
    </UnitTestResult>
    <UnitTestResult executionId="beb8ac2c-9d2a-4295-9c76-ba82c79aee7d" testId="ad25e31e-4a53-f08b-b3bd-cfdcb07226a0" testName="IsInThrowsContractException285" computerName="EDSAC" duration="00:00:00.0006882" startTime="2010-12-04T14:56:47.7573768+00:00" endTime="2010-12-04T14:56:47.7733777+00:00" testType="13cdc9d9-ddb5-4fa4-a97d-d965ccfc6d4b" outcome="Passed" testListId="8c84fa94-04c1-424b-9868-57a2d4851a1d" relativeResultsDirectory="beb8ac2c-9d2a-4295-9c76-ba82c79aee7d">
    </UnitTestResult>
    <UnitTestResult executionId="0929addd-5be2-4c41-90e7-8a7ef6020c38" testId="aef19ea6-eb47-a1be-032c-8930cda21d9c" testName="ForEachThrowsContractException904" computerName="EDSAC" duration="00:00:00.0008217" startTime="2010-12-04T14:56:47.7833782+00:00" endTime="2010-12-04T14:56:47.7943789+00:00" testType="13cdc9d9-ddb5-4fa4-a97d-d965ccfc6d4b" outcome="Passed" testListId="8c84fa94-04c1-424b-9868-57a2d4851a1d" relativeResultsDirectory="0929addd-5be2-4c41-90e7-8a7ef6020c38">
    </UnitTestResult>
    <UnitTestResult executionId="de871d33-0a02-44c3-b0c6-db7c27ec5953" testId="afe5b38f-db93-5765-7ecd-49d9214e51e3" testName="AsEnumerableThrowsContractException9" computerName="EDSAC" duration="00:00:00.0008203" startTime="2010-12-04T14:56:47.8043794+00:00" endTime="2010-12-04T14:56:47.8153801+00:00" testType="13cdc9d9-ddb5-4fa4-a97d-d965ccfc6d4b" outcome="Passed" testListId="8c84fa94-04c1-424b-9868-57a2d4851a1d" relativeResultsDirectory="de871d33-0a02-44c3-b0c6-db7c27ec5953">
    </UnitTestResult>
    <UnitTestResult executionId="86ac40c0-7534-467e-8ab8-19bf947c3def" testId="b011074d-b132-dafa-b376-520451894204" testName="Peek19" computerName="EDSAC" duration="00:00:00.0010545" startTime="2010-12-04T14:56:47.8183802+00:00" endTime="2010-12-04T14:56:47.8403815+00:00" testType="13cdc9d9-ddb5-4fa4-a97d-d965ccfc6d4b" outcome="Passed" testListId="8c84fa94-04c1-424b-9868-57a2d4851a1d" relativeResultsDirectory="86ac40c0-7534-467e-8ab8-19bf947c3def">
    </UnitTestResult>
    <UnitTestResult executionId="c0511735-ded3-4011-9de5-a65d49d3a44b" testId="b037dab8-9f99-92da-4740-6e79cccc1e32" testName="FillThrowsContractException543" computerName="EDSAC" duration="00:00:00.0005613" startTime="2010-12-04T14:56:47.8473819+00:00" endTime="2010-12-04T14:56:47.8623828+00:00" testType="13cdc9d9-ddb5-4fa4-a97d-d965ccfc6d4b" outcome="Passed" testListId="8c84fa94-04c1-424b-9868-57a2d4851a1d" relativeResultsDirectory="c0511735-ded3-4011-9de5-a65d49d3a44b">
    </UnitTestResult>
    <UnitTestResult executionId="52c3d9e1-c4e8-49a9-b724-6b27022e857e" testId="b03d2b82-a5f5-4a0a-521f-fd9e431b28da" testName="As21503" computerName="EDSAC" duration="00:00:00.0005062" startTime="2010-12-04T14:56:47.8633828+00:00" endTime="2010-12-04T14:56:47.8793837+00:00" testType="13cdc9d9-ddb5-4fa4-a97d-d965ccfc6d4b" outcome="Passed" testListId="8c84fa94-04c1-424b-9868-57a2d4851a1d" relativeResultsDirectory="52c3d9e1-c4e8-49a9-b724-6b27022e857e">
    </UnitTestResult>
    <UnitTestResult executionId="1ad67a80-5406-42ff-b0e1-0728286fcdd0" testId="b086ebe0-6bb0-f4b4-2d74-97b1a10dd517" testName="IfNotNull0159702" computerName="EDSAC" duration="00:00:00.0003373" startTime="2010-12-04T14:56:47.8813838+00:00" endTime="2010-12-04T14:56:47.9003849+00:00" testType="13cdc9d9-ddb5-4fa4-a97d-d965ccfc6d4b" outcome="Passed" testListId="8c84fa94-04c1-424b-9868-57a2d4851a1d" relativeResultsDirectory="1ad67a80-5406-42ff-b0e1-0728286fcdd0">
    </UnitTestResult>
    <UnitTestResult executionId="1dc11376-ad99-430a-8247-62b8f0cffbc6" testId="b1e8fb4c-7380-ad76-529d-dbdac5528194" testName="As21519" computerName="EDSAC" duration="00:00:00.0007540" startTime="2010-12-04T14:56:47.9023850+00:00" endTime="2010-12-04T14:56:47.9153858+00:00" testType="13cdc9d9-ddb5-4fa4-a97d-d965ccfc6d4b" outcome="Passed" testListId="8c84fa94-04c1-424b-9868-57a2d4851a1d" relativeResultsDirectory="1dc11376-ad99-430a-8247-62b8f0cffbc6">
    </UnitTestResult>
    <UnitTestResult executionId="577a2f7a-f2e3-4c18-ae68-0ad839708aa6" testId="b2c4141e-1dfd-f110-5623-435719fb340e" testName="AsEnumerable0258801" computerName="EDSAC" duration="00:00:00.0005314" startTime="2010-12-04T14:56:47.9253864+00:00" endTime="2010-12-04T14:56:47.9413873+00:00" testType="13cdc9d9-ddb5-4fa4-a97d-d965ccfc6d4b" outcome="Passed" testListId="8c84fa94-04c1-424b-9868-57a2d4851a1d" relativeResultsDirectory="577a2f7a-f2e3-4c18-ae68-0ad839708aa6">
    </UnitTestResult>
    <UnitTestResult executionId="2350624e-a521-45ca-8c29-2696357a6253" testId="b30e4a1d-f330-da4d-3e81-5c536003275c" testName="As0132104" computerName="EDSAC" duration="00:00:00.0006938" startTime="2010-12-04T14:56:47.9423873+00:00" endTime="2010-12-04T14:56:47.9593883+00:00" testType="13cdc9d9-ddb5-4fa4-a97d-d965ccfc6d4b" outcome="Passed" testListId="8c84fa94-04c1-424b-9868-57a2d4851a1d" relativeResultsDirectory="2350624e-a521-45ca-8c29-2696357a6253">
    </UnitTestResult>
    <UnitTestResult executionId="1f88414f-eedc-45ab-aa1d-5e77c4daba68" testId="b40efeba-149d-b0b2-c78c-fd20b414ee67" testName="Enqueue743" computerName="EDSAC" duration="00:00:00.0007003" startTime="2010-12-04T14:56:47.9623885+00:00" endTime="2010-12-04T14:56:47.9793894+00:00" testType="13cdc9d9-ddb5-4fa4-a97d-d965ccfc6d4b" outcome="Passed" testListId="8c84fa94-04c1-424b-9868-57a2d4851a1d" relativeResultsDirectory="1f88414f-eedc-45ab-aa1d-5e77c4daba68">
    </UnitTestResult>
    <UnitTestResult executionId="c17ba052-6571-43fc-9e2d-12f40b2df5a5" testId="b67c54ae-5aad-e1cc-2b17-0ad544f3f701" testName="IfNotNullThrowsContractException197" computerName="EDSAC" duration="00:00:00.0005846" startTime="2010-12-04T14:56:47.9813896+00:00" endTime="2010-12-04T14:56:47.9973905+00:00" testType="13cdc9d9-ddb5-4fa4-a97d-d965ccfc6d4b" outcome="Passed" testListId="8c84fa94-04c1-424b-9868-57a2d4851a1d" relativeResultsDirectory="c17ba052-6571-43fc-9e2d-12f40b2df5a5">
    </UnitTestResult>
    <UnitTestResult executionId="e877da99-20de-4da8-af7e-be9fce519459" testId="b70d24a9-e4cc-d879-39c7-bc30de9e70ab" testName="As0163215" computerName="EDSAC" duration="00:00:00.0005198" startTime="2010-12-04T14:56:48.0003906+00:00" endTime="2010-12-04T14:56:48.0163916+00:00" testType="13cdc9d9-ddb5-4fa4-a97d-d965ccfc6d4b" outcome="Passed" testListId="8c84fa94-04c1-424b-9868-57a2d4851a1d" relativeResultsDirectory="e877da99-20de-4da8-af7e-be9fce519459">
    </UnitTestResult>
    <UnitTestResult executionId="a98bac51-98e6-440d-a273-6167892eafa3" testId="b74830d0-a6ce-14b6-0d35-7c2e849267f3" testName="Add29603" computerName="EDSAC" duration="00:00:00.0004358" startTime="2010-12-04T14:56:48.0183917+00:00" endTime="2010-12-04T14:56:48.0353927+00:00" testType="13cdc9d9-ddb5-4fa4-a97d-d965ccfc6d4b" outcome="Passed" testListId="8c84fa94-04c1-424b-9868-57a2d4851a1d" relativeResultsDirectory="a98bac51-98e6-440d-a273-6167892eafa3">
    </UnitTestResult>
    <UnitTestResult executionId="17d8c1bb-0db5-4fd2-a63c-d400f8ab8716" testId="b7fcc578-5aaf-c60a-749d-838a3f516168" testName="To0146301" computerName="EDSAC" duration="00:00:00.0021244" startTime="2010-12-04T14:56:48.0373928+00:00" endTime="2010-12-04T14:56:48.0483934+00:00" testType="13cdc9d9-ddb5-4fa4-a97d-d965ccfc6d4b" outcome="Passed" testListId="8c84fa94-04c1-424b-9868-57a2d4851a1d" relativeResultsDirectory="17d8c1bb-0db5-4fd2-a63c-d400f8ab8716">
    </UnitTestResult>
    <UnitTestResult executionId="349d3110-48a6-4c22-a323-13dd7b3d4e70" testId="b8e531ca-ec94-5331-cc83-d2332ab01f85" testName="Fill0157101" computerName="EDSAC" duration="00:00:00.0003480" startTime="2010-12-04T14:56:48.0613941+00:00" endTime="2010-12-04T14:56:48.0753949+00:00" testType="13cdc9d9-ddb5-4fa4-a97d-d965ccfc6d4b" outcome="Passed" testListId="8c84fa94-04c1-424b-9868-57a2d4851a1d" relativeResultsDirectory="349d3110-48a6-4c22-a323-13dd7b3d4e70">
    </UnitTestResult>
    <UnitTestResult executionId="c4d0ea2b-faad-4b06-9f98-b63e35250e61" testId="b99ec452-b626-078c-5efb-2041d6f255c4" testName="As21504" computerName="EDSAC" duration="00:00:00.0005314" startTime="2010-12-04T14:56:48.0783951+00:00" endTime="2010-12-04T14:56:48.0953961+00:00" testType="13cdc9d9-ddb5-4fa4-a97d-d965ccfc6d4b" outcome="Passed" testListId="8c84fa94-04c1-424b-9868-57a2d4851a1d" relativeResultsDirectory="c4d0ea2b-faad-4b06-9f98-b63e35250e61">
    </UnitTestResult>
    <UnitTestResult executionId="4ed41203-f0be-40b0-a95d-43f3e441e9a1" testId="baf4ce3c-1fc7-efc9-3438-7f66d5c18bcf" testName="As01403" computerName="EDSAC" duration="00:00:00.0006429" startTime="2010-12-04T14:56:48.0973962+00:00" endTime="2010-12-04T14:56:48.1133971+00:00" testType="13cdc9d9-ddb5-4fa4-a97d-d965ccfc6d4b" outcome="Passed" testListId="8c84fa94-04c1-424b-9868-57a2d4851a1d" relativeResultsDirectory="4ed41203-f0be-40b0-a95d-43f3e441e9a1">
    </UnitTestResult>
    <UnitTestResult executionId="4eaa1cc3-e976-4830-a7e5-38ed2044666c" testId="bbc45056-7304-0cf8-18ec-0f56b7abf591" testName="As0198304" computerName="EDSAC" duration="00:00:00.0007979" startTime="2010-12-04T14:56:48.1163973+00:00" endTime="2010-12-04T14:56:48.1283980+00:00" testType="13cdc9d9-ddb5-4fa4-a97d-d965ccfc6d4b" outcome="Passed" testListId="8c84fa94-04c1-424b-9868-57a2d4851a1d" relativeResultsDirectory="4eaa1cc3-e976-4830-a7e5-38ed2044666c">
    </UnitTestResult>
    <UnitTestResult executionId="86cc50a3-da7b-4786-96a8-7f06fa021765" testId="bbe65d68-71ba-72ec-21d1-a0b54bdef612" testName="AsEnumerable0128304" computerName="EDSAC" duration="00:00:00.0003858" startTime="2010-12-04T14:56:48.1303981+00:00" endTime="2010-12-04T14:56:48.1493992+00:00" testType="13cdc9d9-ddb5-4fa4-a97d-d965ccfc6d4b" outcome="Passed" testListId="8c84fa94-04c1-424b-9868-57a2d4851a1d" relativeResultsDirectory="86cc50a3-da7b-4786-96a8-7f06fa021765">
    </UnitTestResult>
    <UnitTestResult executionId="350c3f46-fdd0-4c9f-8bb8-73b7f0ac6f68" testId="bbfb3b40-32b8-1a5f-ae60-bf53c22dbf87" testName="Random01ThrowsContractException221" computerName="EDSAC" duration="00:00:00.0006252" startTime="2010-12-04T14:56:48.1513993+00:00" endTime="2010-12-04T14:56:48.1684003+00:00" testType="13cdc9d9-ddb5-4fa4-a97d-d965ccfc6d4b" outcome="Passed" testListId="8c84fa94-04c1-424b-9868-57a2d4851a1d" relativeResultsDirectory="350c3f46-fdd0-4c9f-8bb8-73b7f0ac6f68">
    </UnitTestResult>
    <UnitTestResult executionId="e5e82def-1b28-480b-95c8-4c8058389907" testId="bd00057e-88b2-1e9c-846b-ed190ddc5717" testName="To0488601" computerName="EDSAC" duration="00:00:00.0003350" startTime="2010-12-04T14:56:48.1764007+00:00" endTime="2010-12-04T14:56:48.1914016+00:00" testType="13cdc9d9-ddb5-4fa4-a97d-d965ccfc6d4b" outcome="Passed" testListId="8c84fa94-04c1-424b-9868-57a2d4851a1d" relativeResultsDirectory="e5e82def-1b28-480b-95c8-4c8058389907">
    </UnitTestResult>
    <UnitTestResult executionId="da384bdb-3a39-4647-8e63-300bc75d4a65" testId="bd7ec864-24ff-4ca6-8f63-6e2fe4065d39" testName="To20301" computerName="EDSAC" duration="00:00:00.0032014" startTime="2010-12-04T14:56:48.1934017+00:00" endTime="2010-12-04T14:56:48.2114027+00:00" testType="13cdc9d9-ddb5-4fa4-a97d-d965ccfc6d4b" outcome="Passed" testListId="8c84fa94-04c1-424b-9868-57a2d4851a1d" relativeResultsDirectory="da384bdb-3a39-4647-8e63-300bc75d4a65">
    </UnitTestResult>
    <UnitTestResult executionId="db0829f2-0788-4bda-b6dd-721eb6358b73" testId="bdf76499-e0f6-3d7b-4432-982ba6c3b223" testName="Fill0168801" computerName="EDSAC" duration="00:00:00.0004278" startTime="2010-12-04T14:56:48.2144029+00:00" endTime="2010-12-04T14:56:48.2314039+00:00" testType="13cdc9d9-ddb5-4fa4-a97d-d965ccfc6d4b" outcome="Passed" testListId="8c84fa94-04c1-424b-9868-57a2d4851a1d" relativeResultsDirectory="db0829f2-0788-4bda-b6dd-721eb6358b73">
    </UnitTestResult>
    <UnitTestResult executionId="b6d52446-22c8-46bb-ad83-91953fa036eb" testId="be772578-3bd6-fe1e-69ad-baa513f62b0b" testName="As0163226" computerName="EDSAC" duration="00:00:00.0003896" startTime="2010-12-04T14:56:48.2414044+00:00" endTime="2010-12-04T14:56:48.2494049+00:00" testType="13cdc9d9-ddb5-4fa4-a97d-d965ccfc6d4b" outcome="Passed" testListId="8c84fa94-04c1-424b-9868-57a2d4851a1d" relativeResultsDirectory="b6d52446-22c8-46bb-ad83-91953fa036eb">
    </UnitTestResult>
    <UnitTestResult executionId="2531ae4f-984a-43ce-91ff-23c7f45db61a" testId="bf4b4d8f-a9c5-278f-9d0c-4140566dfe7e" testName="As0130302" computerName="EDSAC" duration="00:00:00.0003933" startTime="2010-12-04T14:56:48.2524051+00:00" endTime="2010-12-04T14:56:48.2684060+00:00" testType="13cdc9d9-ddb5-4fa4-a97d-d965ccfc6d4b" outcome="Passed" testListId="8c84fa94-04c1-424b-9868-57a2d4851a1d" relativeResultsDirectory="2531ae4f-984a-43ce-91ff-23c7f45db61a">
    </UnitTestResult>
    <UnitTestResult executionId="d76e929b-9a4e-4caf-81f7-0e807b18c5a4" testId="c0b049d8-5af1-212d-f646-b9a7aa76e7aa" testName="As0163235" computerName="EDSAC" duration="00:00:00.0003760" startTime="2010-12-04T14:56:48.2714062+00:00" endTime="2010-12-04T14:56:48.2874071+00:00" testType="13cdc9d9-ddb5-4fa4-a97d-d965ccfc6d4b" outcome="Passed" testListId="8c84fa94-04c1-424b-9868-57a2d4851a1d" relativeResultsDirectory="d76e929b-9a4e-4caf-81f7-0e807b18c5a4">
    </UnitTestResult>
    <UnitTestResult executionId="7112544b-c39a-4553-8930-89fc805a5fe8" testId="c2a16b22-9983-ed58-4351-7fd3ef453798" testName="SubarrayThrowsContractException629" computerName="EDSAC" duration="00:00:00.0008842" startTime="2010-12-04T14:56:48.2904072+00:00" endTime="2010-12-04T14:56:48.3074082+00:00" testType="13cdc9d9-ddb5-4fa4-a97d-d965ccfc6d4b" outcome="Passed" testListId="8c84fa94-04c1-424b-9868-57a2d4851a1d" relativeResultsDirectory="7112544b-c39a-4553-8930-89fc805a5fe8">
    </UnitTestResult>
    <UnitTestResult executionId="79efb802-3ac3-4e46-8ce0-064451962b84" testId="c35eb805-49e5-7d06-b69d-ba684aaa6791" testName="TakeEveryThrowsContractException998" computerName="EDSAC" duration="00:00:00.0006112" startTime="2010-12-04T14:56:48.3094083+00:00" endTime="2010-12-04T14:56:48.3294095+00:00" testType="13cdc9d9-ddb5-4fa4-a97d-d965ccfc6d4b" outcome="Passed" testListId="8c84fa94-04c1-424b-9868-57a2d4851a1d" relativeResultsDirectory="79efb802-3ac3-4e46-8ce0-064451962b84">
    </UnitTestResult>
    <UnitTestResult executionId="817afd37-597d-4538-9476-d5c9188182b7" testId="c3a5f774-5c25-7fa7-593c-10a98b5db768" testName="Execute424" computerName="EDSAC" duration="00:00:00.0002729" startTime="2010-12-04T14:56:48.3304095+00:00" endTime="2010-12-04T14:56:48.3474105+00:00" testType="13cdc9d9-ddb5-4fa4-a97d-d965ccfc6d4b" outcome="Passed" testListId="8c84fa94-04c1-424b-9868-57a2d4851a1d" relativeResultsDirectory="817afd37-597d-4538-9476-d5c9188182b7">
    </UnitTestResult>
    <UnitTestResult executionId="f0cae06c-73de-4e00-be26-faa44c7cd518" testId="c3b85211-1b55-61c6-8d42-782c04048184" testName="AsEnumerable0258804" computerName="EDSAC" duration="00:00:00.0005356" startTime="2010-12-04T14:56:48.3534108+00:00" endTime="2010-12-04T14:56:48.3644115+00:00" testType="13cdc9d9-ddb5-4fa4-a97d-d965ccfc6d4b" outcome="Passed" testListId="8c84fa94-04c1-424b-9868-57a2d4851a1d" relativeResultsDirectory="f0cae06c-73de-4e00-be26-faa44c7cd518">
    </UnitTestResult>
    <UnitTestResult executionId="51ecdc6d-730d-45a3-8833-94800e30f118" testId="c3e8dcc2-bac7-2a0c-9c06-8dc4838145f3" testName="Fill0168802" computerName="EDSAC" duration="00:00:00.0045023" startTime="2010-12-04T14:56:48.3654115+00:00" endTime="2010-12-04T14:56:48.4024136+00:00" testType="13cdc9d9-ddb5-4fa4-a97d-d965ccfc6d4b" outcome="Passed" testListId="8c84fa94-04c1-424b-9868-57a2d4851a1d" relativeResultsDirectory="51ecdc6d-730d-45a3-8833-94800e30f118">
    </UnitTestResult>
    <UnitTestResult executionId="6991e43f-f0b7-4837-9922-571c4202f58c" testId="c441e89e-f895-2b6d-e75c-6ac07c647d62" testName="AsEnumerable0128303" computerName="EDSAC" duration="00:00:00.0029765" startTime="2010-12-04T14:56:48.4254150+00:00" endTime="2010-12-04T14:56:48.4514164+00:00" testType="13cdc9d9-ddb5-4fa4-a97d-d965ccfc6d4b" outcome="Passed" testListId="8c84fa94-04c1-424b-9868-57a2d4851a1d" relativeResultsDirectory="6991e43f-f0b7-4837-9922-571c4202f58c">
    </UnitTestResult>
    <UnitTestResult executionId="3ba559e7-3ab2-4248-9903-3ff78e64cb27" testId="c75708a0-bd76-5c05-5aaa-8fcb10fd4321" testName="ToThrowsContractException891" computerName="EDSAC" duration="00:00:00.0005338" startTime="2010-12-04T14:56:48.4634171+00:00" endTime="2010-12-04T14:56:48.4774179+00:00" testType="13cdc9d9-ddb5-4fa4-a97d-d965ccfc6d4b" outcome="Passed" testListId="8c84fa94-04c1-424b-9868-57a2d4851a1d" relativeResultsDirectory="3ba559e7-3ab2-4248-9903-3ff78e64cb27">
    </UnitTestResult>
    <UnitTestResult executionId="fccf715e-68bc-49be-860c-54d693989595" testId="c764531a-8b43-978a-82fa-64e183192f81" testName="IsNullOrEmpty963" computerName="EDSAC" duration="00:00:00.0004610" startTime="2010-12-04T14:56:48.4864184+00:00" endTime="2010-12-04T14:56:48.4954190+00:00" testType="13cdc9d9-ddb5-4fa4-a97d-d965ccfc6d4b" outcome="Passed" testListId="8c84fa94-04c1-424b-9868-57a2d4851a1d" relativeResultsDirectory="fccf715e-68bc-49be-860c-54d693989595">
    </UnitTestResult>
    <UnitTestResult executionId="a8e756d0-88a1-4f1f-8e4a-e55419dfec83" testId="c80221bd-ca0a-aa23-6b81-2ed5f20f8d5f" testName="As0163229" computerName="EDSAC" duration="00:00:00.0004484" startTime="2010-12-04T14:56:48.5024194+00:00" endTime="2010-12-04T14:56:48.5154201+00:00" testType="13cdc9d9-ddb5-4fa4-a97d-d965ccfc6d4b" outcome="Passed" testListId="8c84fa94-04c1-424b-9868-57a2d4851a1d" relativeResultsDirectory="a8e756d0-88a1-4f1f-8e4a-e55419dfec83">
    </UnitTestResult>
    <UnitTestResult executionId="f2829066-cbe0-4c21-b437-ace3bb0bb8eb" testId="cc8275a0-551e-d39e-ef08-c6785391cae1" testName="UnionAll01ThrowsContractException68" computerName="EDSAC" duration="00:00:00.0006691" startTime="2010-12-04T14:56:48.5234206+00:00" endTime="2010-12-04T14:56:48.5384214+00:00" testType="13cdc9d9-ddb5-4fa4-a97d-d965ccfc6d4b" outcome="Passed" testListId="8c84fa94-04c1-424b-9868-57a2d4851a1d" relativeResultsDirectory="f2829066-cbe0-4c21-b437-ace3bb0bb8eb">
    </UnitTestResult>
    <UnitTestResult executionId="d811694a-513d-4936-9f48-8b333d94bd84" testId="cdf50321-c0eb-ddc4-0179-2919c2028903" testName="IsIn01570" computerName="EDSAC" duration="00:00:00.0003550" startTime="2010-12-04T14:56:48.5454218+00:00" endTime="2010-12-04T14:56:48.5584226+00:00" testType="13cdc9d9-ddb5-4fa4-a97d-d965ccfc6d4b" outcome="Passed" testListId="8c84fa94-04c1-424b-9868-57a2d4851a1d" relativeResultsDirectory="d811694a-513d-4936-9f48-8b333d94bd84">
    </UnitTestResult>
    <UnitTestResult executionId="2068ae6f-d774-4772-8512-5aa8524ff75b" testId="d0140d76-78ce-58b3-2274-c95b28b0ccfb" testName="As0163234" computerName="EDSAC" duration="00:00:00.0005002" startTime="2010-12-04T14:56:48.5684231+00:00" endTime="2010-12-04T14:56:48.5824239+00:00" testType="13cdc9d9-ddb5-4fa4-a97d-d965ccfc6d4b" outcome="Passed" testListId="8c84fa94-04c1-424b-9868-57a2d4851a1d" relativeResultsDirectory="2068ae6f-d774-4772-8512-5aa8524ff75b">
    </UnitTestResult>
    <UnitTestResult executionId="8cffd4e9-d4ff-4645-be8c-c112219832c1" testId="d045283f-2980-ed70-af3d-611e9266ab64" testName="To0120301" computerName="EDSAC" duration="00:00:00.0002841" startTime="2010-12-04T14:56:48.5834240+00:00" endTime="2010-12-04T14:56:48.5964247+00:00" testType="13cdc9d9-ddb5-4fa4-a97d-d965ccfc6d4b" outcome="Passed" testListId="8c84fa94-04c1-424b-9868-57a2d4851a1d" relativeResultsDirectory="8cffd4e9-d4ff-4645-be8c-c112219832c1">
    </UnitTestResult>
    <UnitTestResult executionId="92eed259-f4ab-4f63-a2c7-02c0661c9781" testId="d5027f5f-1da1-2a25-97cf-1e7da6a062b5" testName="Fill0157104" computerName="EDSAC" duration="00:00:00.0009280" startTime="2010-12-04T14:56:48.5974248+00:00" endTime="2010-12-04T14:56:48.6124257+00:00" testType="13cdc9d9-ddb5-4fa4-a97d-d965ccfc6d4b" outcome="Passed" testListId="8c84fa94-04c1-424b-9868-57a2d4851a1d" relativeResultsDirectory="92eed259-f4ab-4f63-a2c7-02c0661c9781">
    </UnitTestResult>
    <UnitTestResult executionId="acd10036-55c7-4f60-8c58-470331b06419" testId="d56f2fbf-3f3e-cba1-4f8d-7b34cec35b0a" testName="As0198303" computerName="EDSAC" duration="00:00:00.0006863" startTime="2010-12-04T14:56:48.6154258+00:00" endTime="2010-12-04T14:56:48.6314267+00:00" testType="13cdc9d9-ddb5-4fa4-a97d-d965ccfc6d4b" outcome="Passed" testListId="8c84fa94-04c1-424b-9868-57a2d4851a1d" relativeResultsDirectory="acd10036-55c7-4f60-8c58-470331b06419">
    </UnitTestResult>
    <UnitTestResult executionId="f570b940-41b1-49e7-ad46-10fb1861c64f" testId="d75bbbff-3e3e-ac68-2b4f-48cfb14f2d0a" testName="IfNotNull17303" computerName="EDSAC" duration="00:00:00.0003443" startTime="2010-12-04T14:56:48.6384271+00:00" endTime="2010-12-04T14:56:48.6534280+00:00" testType="13cdc9d9-ddb5-4fa4-a97d-d965ccfc6d4b" outcome="Passed" testListId="8c84fa94-04c1-424b-9868-57a2d4851a1d" relativeResultsDirectory="f570b940-41b1-49e7-ad46-10fb1861c64f">
    </UnitTestResult>
    <UnitTestResult executionId="fbd9e614-e4a0-4de0-ad96-99bf7051720e" testId="d820847a-a64d-718b-5774-4886058277c3" testName="Add29602" computerName="EDSAC" duration="00:00:00.0004269" startTime="2010-12-04T14:56:48.6554281+00:00" endTime="2010-12-04T14:56:48.6714290+00:00" testType="13cdc9d9-ddb5-4fa4-a97d-d965ccfc6d4b" outcome="Passed" testListId="8c84fa94-04c1-424b-9868-57a2d4851a1d" relativeResultsDirectory="fbd9e614-e4a0-4de0-ad96-99bf7051720e">
    </UnitTestResult>
    <UnitTestResult executionId="aef36b23-2fb9-403c-b66d-e88df15d7172" testId="d8af0a27-8cd9-d036-917e-00672cd2689b" testName="IfNotNull47703" computerName="EDSAC" duration="00:00:00.0003793" startTime="2010-12-04T14:56:48.6814296+00:00" endTime="2010-12-04T14:56:48.6894301+00:00" testType="13cdc9d9-ddb5-4fa4-a97d-d965ccfc6d4b" outcome="Passed" testListId="8c84fa94-04c1-424b-9868-57a2d4851a1d" relativeResultsDirectory="aef36b23-2fb9-403c-b66d-e88df15d7172">
    </UnitTestResult>
    <UnitTestResult executionId="a7c94780-7413-4708-a4bb-d3f88aacc030" testId="d97a225a-e31a-2138-2fae-7b4109b25275" testName="As928" computerName="EDSAC" duration="00:00:00.0004530" startTime="2010-12-04T14:56:48.6974305+00:00" endTime="2010-12-04T14:56:48.7094312+00:00" testType="13cdc9d9-ddb5-4fa4-a97d-d965ccfc6d4b" outcome="Passed" testListId="8c84fa94-04c1-424b-9868-57a2d4851a1d" relativeResultsDirectory="a7c94780-7413-4708-a4bb-d3f88aacc030">
    </UnitTestResult>
    <UnitTestResult executionId="beb0ab2e-10c4-4c8f-8a13-96f1c26fb972" testId="d982986f-d5cc-bb8f-d6d8-e2a54e2f4dd0" testName="EmptyIfNull574" computerName="EDSAC" duration="00:00:00.0003485" startTime="2010-12-04T14:56:48.7204318+00:00" endTime="2010-12-04T14:56:48.7284323+00:00" testType="13cdc9d9-ddb5-4fa4-a97d-d965ccfc6d4b" outcome="Passed" testListId="8c84fa94-04c1-424b-9868-57a2d4851a1d" relativeResultsDirectory="beb0ab2e-10c4-4c8f-8a13-96f1c26fb972">
    </UnitTestResult>
    <UnitTestResult executionId="330bd424-60b7-494c-bc1a-30aa9eb06fc7" testId="db3b4c9b-bf56-f07b-1edd-3db630376de3" testName="IfNotNull47702" computerName="EDSAC" duration="00:00:00.0004101" startTime="2010-12-04T14:56:48.7324325+00:00" endTime="2010-12-04T14:56:48.7494335+00:00" testType="13cdc9d9-ddb5-4fa4-a97d-d965ccfc6d4b" outcome="Passed" testListId="8c84fa94-04c1-424b-9868-57a2d4851a1d" relativeResultsDirectory="330bd424-60b7-494c-bc1a-30aa9eb06fc7">
    </UnitTestResult>
    <UnitTestResult executionId="18d13aee-dec1-48f2-aa21-1a475edd4f06" testId="db3b6314-b1da-7626-0e4e-61abbddac9d6" testName="To72301" computerName="EDSAC" duration="00:00:00.0003200" startTime="2010-12-04T14:56:48.7524337+00:00" endTime="2010-12-04T14:56:48.7694346+00:00" testType="13cdc9d9-ddb5-4fa4-a97d-d965ccfc6d4b" outcome="Passed" testListId="8c84fa94-04c1-424b-9868-57a2d4851a1d" relativeResultsDirectory="18d13aee-dec1-48f2-aa21-1a475edd4f06">
    </UnitTestResult>
    <UnitTestResult executionId="b40dfb02-c0b2-44e4-a491-b0b12c36b716" testId="dc08494a-5655-aecb-96fc-b52817050a2a" testName="As0163212" computerName="EDSAC" duration="00:00:00.0003914" startTime="2010-12-04T14:56:48.7724348+00:00" endTime="2010-12-04T14:56:48.7874357+00:00" testType="13cdc9d9-ddb5-4fa4-a97d-d965ccfc6d4b" outcome="Passed" testListId="8c84fa94-04c1-424b-9868-57a2d4851a1d" relativeResultsDirectory="b40dfb02-c0b2-44e4-a491-b0b12c36b716">
    </UnitTestResult>
    <UnitTestResult executionId="92202ae4-8025-4891-9258-bf3149d05803" testId="de06015f-869e-46b8-4b51-8c7b049b2b96" testName="As0136701" computerName="EDSAC" duration="00:00:00.0005972" startTime="2010-12-04T14:56:48.7904358+00:00" endTime="2010-12-04T14:56:48.8044366+00:00" testType="13cdc9d9-ddb5-4fa4-a97d-d965ccfc6d4b" outcome="Passed" testListId="8c84fa94-04c1-424b-9868-57a2d4851a1d" relativeResultsDirectory="92202ae4-8025-4891-9258-bf3149d05803">
    </UnitTestResult>
    <UnitTestResult executionId="e1314cc5-1e56-45e7-b2e8-33981f733a26" testId="de9d9ca9-6d6f-fece-a7ad-0d011ee5cf94" testName="As0132106" computerName="EDSAC" duration="00:00:00.0004115" startTime="2010-12-04T14:56:48.8064368+00:00" endTime="2010-12-04T14:56:48.8214376+00:00" testType="13cdc9d9-ddb5-4fa4-a97d-d965ccfc6d4b" outcome="Passed" testListId="8c84fa94-04c1-424b-9868-57a2d4851a1d" relativeResultsDirectory="e1314cc5-1e56-45e7-b2e8-33981f733a26">
    </UnitTestResult>
    <UnitTestResult executionId="5ee8ea20-552c-4359-b2b9-5dfb7ce20828" testId="e18cfbc3-f9cf-311e-f710-177b71a46e6d" testName="WithThrowsContractException374" computerName="EDSAC" duration="00:00:00.0005524" startTime="2010-12-04T14:56:48.8284380+00:00" endTime="2010-12-04T14:56:48.8394386+00:00" testType="13cdc9d9-ddb5-4fa4-a97d-d965ccfc6d4b" outcome="Passed" testListId="8c84fa94-04c1-424b-9868-57a2d4851a1d" relativeResultsDirectory="5ee8ea20-552c-4359-b2b9-5dfb7ce20828">
    </UnitTestResult>
    <UnitTestResult executionId="cc8c77bf-17e4-4f73-bb67-e6f6d7d28cb3" testId="e30391ee-1b3b-ee9f-b02c-b47de478c33f" testName="As0132108" computerName="EDSAC" duration="00:00:00.0004367" startTime="2010-12-04T14:56:48.8414388+00:00" endTime="2010-12-04T14:56:48.8584397+00:00" testType="13cdc9d9-ddb5-4fa4-a97d-d965ccfc6d4b" outcome="Passed" testListId="8c84fa94-04c1-424b-9868-57a2d4851a1d" relativeResultsDirectory="cc8c77bf-17e4-4f73-bb67-e6f6d7d28cb3">
    </UnitTestResult>
    <UnitTestResult executionId="107536ed-4b7c-4cb9-b926-bb520b3bed7d" testId="e37183df-04ce-aa53-28d5-e792188a2202" testName="As0163220" computerName="EDSAC" duration="00:00:00.0003798" startTime="2010-12-04T14:56:48.8604398+00:00" endTime="2010-12-04T14:56:48.8774408+00:00" testType="13cdc9d9-ddb5-4fa4-a97d-d965ccfc6d4b" outcome="Passed" testListId="8c84fa94-04c1-424b-9868-57a2d4851a1d" relativeResultsDirectory="107536ed-4b7c-4cb9-b926-bb520b3bed7d">
    </UnitTestResult>
    <UnitTestResult executionId="13d33fc2-c22e-465f-9abf-ed20953b56d1" testId="e5623ce5-a9dc-7c7d-ffdc-f4cf28cd97aa" testName="InvokeIfRequiredThrowsContractException870" computerName="EDSAC" duration="00:00:00.0011333" startTime="2010-12-04T14:56:48.8794409+00:00" endTime="2010-12-04T14:56:48.8974420+00:00" testType="13cdc9d9-ddb5-4fa4-a97d-d965ccfc6d4b" outcome="Passed" testListId="8c84fa94-04c1-424b-9868-57a2d4851a1d" relativeResultsDirectory="13d33fc2-c22e-465f-9abf-ed20953b56d1">
    </UnitTestResult>
    <UnitTestResult executionId="00da114f-5673-423d-81a1-d217f845f08b" testId="e5750d14-09bb-ec70-127b-652a47b7dd9c" testName="As0163214" computerName="EDSAC" duration="00:00:00.0003914" startTime="2010-12-04T14:56:48.9064425+00:00" endTime="2010-12-04T14:56:48.9204433+00:00" testType="13cdc9d9-ddb5-4fa4-a97d-d965ccfc6d4b" outcome="Passed" testListId="8c84fa94-04c1-424b-9868-57a2d4851a1d" relativeResultsDirectory="00da114f-5673-423d-81a1-d217f845f08b">
    </UnitTestResult>
    <UnitTestResult executionId="2d3be0bd-d9d4-4dd0-9284-82703b4490f8" testId="e77c7ab7-183b-1f93-57a3-77e0403bec4c" testName="Fill0157103" computerName="EDSAC" duration="00:00:00.0003532" startTime="2010-12-04T14:56:48.9224434+00:00" endTime="2010-12-04T14:56:48.9404444+00:00" testType="13cdc9d9-ddb5-4fa4-a97d-d965ccfc6d4b" outcome="Passed" testListId="8c84fa94-04c1-424b-9868-57a2d4851a1d" relativeResultsDirectory="2d3be0bd-d9d4-4dd0-9284-82703b4490f8">
    </UnitTestResult>
    <UnitTestResult executionId="e0eba494-c0be-4a3a-9259-8b1892694d67" testId="e80fc0c4-2914-56fc-191b-489f27774cbc" testName="As0136703" computerName="EDSAC" duration="00:00:00.0005804" startTime="2010-12-04T14:56:48.9494449+00:00" endTime="2010-12-04T14:56:48.9624457+00:00" testType="13cdc9d9-ddb5-4fa4-a97d-d965ccfc6d4b" outcome="Passed" testListId="8c84fa94-04c1-424b-9868-57a2d4851a1d" relativeResultsDirectory="e0eba494-c0be-4a3a-9259-8b1892694d67">
    </UnitTestResult>
    <UnitTestResult executionId="2123987a-61bf-455c-ade2-bdf383c65cc4" testId="e860bbd5-6ce1-07c3-fd03-d14cbeda5d8f" testName="Fill57101" computerName="EDSAC" duration="00:00:00.0002617" startTime="2010-12-04T14:56:48.9644458+00:00" endTime="2010-12-04T14:56:48.9814468+00:00" testType="13cdc9d9-ddb5-4fa4-a97d-d965ccfc6d4b" outcome="Passed" testListId="8c84fa94-04c1-424b-9868-57a2d4851a1d" relativeResultsDirectory="2123987a-61bf-455c-ade2-bdf383c65cc4">
    </UnitTestResult>
    <UnitTestResult executionId="1a0c0464-eb60-4e60-ae47-6b83d5074358" testId="e89c0529-2532-190e-5936-91edd9263fb1" testName="IfNotNull0192304" computerName="EDSAC" duration="00:00:00.0004218" startTime="2010-12-04T14:56:48.9824468+00:00" endTime="2010-12-04T14:56:48.9974477+00:00" testType="13cdc9d9-ddb5-4fa4-a97d-d965ccfc6d4b" outcome="Passed" testListId="8c84fa94-04c1-424b-9868-57a2d4851a1d" relativeResultsDirectory="1a0c0464-eb60-4e60-ae47-6b83d5074358">
    </UnitTestResult>
    <UnitTestResult executionId="2d254fab-8d85-438a-95a5-d6507e620248" testId="e8ca73cc-b93e-0f49-9374-ed860ffbd677" testName="RangeThrowsContractException187" computerName="EDSAC" duration="00:00:00.0006331" startTime="2010-12-04T14:56:49.0024480+00:00" endTime="2010-12-04T14:56:49.0214491+00:00" testType="13cdc9d9-ddb5-4fa4-a97d-d965ccfc6d4b" outcome="Passed" testListId="8c84fa94-04c1-424b-9868-57a2d4851a1d" relativeResultsDirectory="2d254fab-8d85-438a-95a5-d6507e620248">
    </UnitTestResult>
    <UnitTestResult executionId="78ef6998-7c05-460a-a73f-6023dea49eaf" testId="e966bfbe-0422-eb75-f093-b800f9c629b7" testName="As0163217" computerName="EDSAC" duration="00:00:00.0003891" startTime="2010-12-04T14:56:49.0294495+00:00" endTime="2010-12-04T14:56:49.0384500+00:00" testType="13cdc9d9-ddb5-4fa4-a97d-d965ccfc6d4b" outcome="Passed" testListId="8c84fa94-04c1-424b-9868-57a2d4851a1d" relativeResultsDirectory="78ef6998-7c05-460a-a73f-6023dea49eaf">
    </UnitTestResult>
    <UnitTestResult executionId="da46fbbc-7946-4957-87a8-ea078d08fcce" testId="ea12baf4-c62d-b0ca-b8ec-0dd742c09890" testName="As21501" computerName="EDSAC" duration="00:00:00.0004516" startTime="2010-12-04T14:56:49.0394501+00:00" endTime="2010-12-04T14:56:49.0564511+00:00" testType="13cdc9d9-ddb5-4fa4-a97d-d965ccfc6d4b" outcome="Passed" testListId="8c84fa94-04c1-424b-9868-57a2d4851a1d" relativeResultsDirectory="da46fbbc-7946-4957-87a8-ea078d08fcce">
    </UnitTestResult>
    <UnitTestResult executionId="18b35327-c504-483f-90bc-5a859b348ebc" testId="ea8ee283-08b1-8adf-4aa4-5e76e4a476d8" testName="As0132109" computerName="EDSAC" duration="00:00:00.0003835" startTime="2010-12-04T14:56:49.0654516+00:00" endTime="2010-12-04T14:56:49.0734520+00:00" testType="13cdc9d9-ddb5-4fa4-a97d-d965ccfc6d4b" outcome="Passed" testListId="8c84fa94-04c1-424b-9868-57a2d4851a1d" relativeResultsDirectory="18b35327-c504-483f-90bc-5a859b348ebc">
    </UnitTestResult>
    <UnitTestResult executionId="cd09aedb-85a1-49bf-b7b4-1452f114e387" testId="eaed8830-28b9-0d81-19c8-50909473733c" testName="As0163230" computerName="EDSAC" duration="00:00:00.0003858" startTime="2010-12-04T14:56:49.0754521+00:00" endTime="2010-12-04T14:56:49.0894529+00:00" testType="13cdc9d9-ddb5-4fa4-a97d-d965ccfc6d4b" outcome="Passed" testListId="8c84fa94-04c1-424b-9868-57a2d4851a1d" relativeResultsDirectory="cd09aedb-85a1-49bf-b7b4-1452f114e387">
    </UnitTestResult>
    <UnitTestResult executionId="6994c9ef-eda4-4d2e-996d-a06a6af8ea3a" testId="ec55615d-1e36-c752-f2bf-b20284d0ae33" testName="As0163223" computerName="EDSAC" duration="00:00:00.0003872" startTime="2010-12-04T14:56:49.0914531+00:00" endTime="2010-12-04T14:56:49.1074540+00:00" testType="13cdc9d9-ddb5-4fa4-a97d-d965ccfc6d4b" outcome="Passed" testListId="8c84fa94-04c1-424b-9868-57a2d4851a1d" relativeResultsDirectory="6994c9ef-eda4-4d2e-996d-a06a6af8ea3a">
    </UnitTestResult>
    <UnitTestResult executionId="1380df3f-8d92-488e-8483-7bd0650846a8" testId="ec99d1a9-4b49-a94f-134c-f58d11b57222" testName="AsEnumerable56002" computerName="EDSAC" duration="00:00:00.0004726" startTime="2010-12-04T14:56:49.1184546+00:00" endTime="2010-12-04T14:56:49.1324554+00:00" testType="13cdc9d9-ddb5-4fa4-a97d-d965ccfc6d4b" outcome="Passed" testListId="8c84fa94-04c1-424b-9868-57a2d4851a1d" relativeResultsDirectory="1380df3f-8d92-488e-8483-7bd0650846a8">
    </UnitTestResult>
    <UnitTestResult executionId="7ecf5297-da67-45c2-96ca-5e0f03954010" testId="ee7a26ae-f08b-c1d5-713f-d21139c592b9" testName="As0163216" computerName="EDSAC" duration="00:00:00.0003802" startTime="2010-12-04T14:56:49.1404559+00:00" endTime="2010-12-04T14:56:49.1514565+00:00" testType="13cdc9d9-ddb5-4fa4-a97d-d965ccfc6d4b" outcome="Passed" testListId="8c84fa94-04c1-424b-9868-57a2d4851a1d" relativeResultsDirectory="7ecf5297-da67-45c2-96ca-5e0f03954010">
    </UnitTestResult>
    <UnitTestResult executionId="cfad733f-e7a2-41f2-b445-87a8bdbb017f" testId="eeb34c89-a7df-f580-faa2-1b58190ee5be" testName="Add29604" computerName="EDSAC" duration="00:00:00.0004288" startTime="2010-12-04T14:56:49.1524565+00:00" endTime="2010-12-04T14:56:49.1694575+00:00" testType="13cdc9d9-ddb5-4fa4-a97d-d965ccfc6d4b" outcome="Passed" testListId="8c84fa94-04c1-424b-9868-57a2d4851a1d" relativeResultsDirectory="cfad733f-e7a2-41f2-b445-87a8bdbb017f">
    </UnitTestResult>
    <UnitTestResult executionId="416f51a3-88c7-44e4-bb65-76f9f9eaebd2" testId="f026b4fd-1d5b-6d3d-657e-a3e832a7de61" testName="To46301" computerName="EDSAC" duration="00:00:00.0002776" startTime="2010-12-04T14:56:49.1784580+00:00" endTime="2010-12-04T14:56:49.1894587+00:00" testType="13cdc9d9-ddb5-4fa4-a97d-d965ccfc6d4b" outcome="Passed" testListId="8c84fa94-04c1-424b-9868-57a2d4851a1d" relativeResultsDirectory="416f51a3-88c7-44e4-bb65-76f9f9eaebd2">
    </UnitTestResult>
    <UnitTestResult executionId="18b56ea4-6838-4427-bca3-4f0f26cfa30b" testId="f342f959-584b-70f7-fc12-f7e45c365653" testName="AsEnumerable0314802" computerName="EDSAC" duration="00:00:00.0004838" startTime="2010-12-04T14:56:49.1914588+00:00" endTime="2010-12-04T14:56:49.2074597+00:00" testType="13cdc9d9-ddb5-4fa4-a97d-d965ccfc6d4b" outcome="Passed" testListId="8c84fa94-04c1-424b-9868-57a2d4851a1d" relativeResultsDirectory="18b56ea4-6838-4427-bca3-4f0f26cfa30b">
    </UnitTestResult>
    <UnitTestResult executionId="42ee37f5-5166-4a34-8270-e34c47e25e93" testId="f4a16930-7fb5-1364-b2bb-1dffeb9040de" testName="Add60903" computerName="EDSAC" duration="00:00:00.0005459" startTime="2010-12-04T14:56:49.2154601+00:00" endTime="2010-12-04T14:56:49.2264608+00:00" testType="13cdc9d9-ddb5-4fa4-a97d-d965ccfc6d4b" outcome="Passed" testListId="8c84fa94-04c1-424b-9868-57a2d4851a1d" relativeResultsDirectory="42ee37f5-5166-4a34-8270-e34c47e25e93">
    </UnitTestResult>
    <UnitTestResult executionId="8912d0cf-1a0e-4667-a485-a9a28d37d3b1" testId="f4f76af5-0d54-7bf8-8ba4-b32803d7a374" testName="As21508" computerName="EDSAC" duration="00:00:00.0004465" startTime="2010-12-04T14:56:49.2354613+00:00" endTime="2010-12-04T14:56:49.2474620+00:00" testType="13cdc9d9-ddb5-4fa4-a97d-d965ccfc6d4b" outcome="Passed" testListId="8c84fa94-04c1-424b-9868-57a2d4851a1d" relativeResultsDirectory="8912d0cf-1a0e-4667-a485-a9a28d37d3b1">
    </UnitTestResult>
    <UnitTestResult executionId="1e5fe333-cba2-413f-ae86-4a24eaeffeb3" testId="f51de229-4761-6e36-e9f5-2ae1d5b346f0" testName="ForEach90801" computerName="EDSAC" duration="00:00:00.0003779" startTime="2010-12-04T14:56:49.2564625+00:00" endTime="2010-12-04T14:56:49.2704633+00:00" testType="13cdc9d9-ddb5-4fa4-a97d-d965ccfc6d4b" outcome="Passed" testListId="8c84fa94-04c1-424b-9868-57a2d4851a1d" relativeResultsDirectory="1e5fe333-cba2-413f-ae86-4a24eaeffeb3">
    </UnitTestResult>
    <UnitTestResult executionId="74062691-b121-4e5a-877f-cb6cd271e3fb" testId="f56d5205-e252-235c-3244-90ee14efb3f4" testName="InvokeIfRequired01ThrowsContractException382" computerName="EDSAC" duration="00:00:00.0013723" startTime="2010-12-04T14:56:49.2794638+00:00" endTime="2010-12-04T14:56:49.2914645+00:00" testType="13cdc9d9-ddb5-4fa4-a97d-d965ccfc6d4b" outcome="Passed" testListId="8c84fa94-04c1-424b-9868-57a2d4851a1d" relativeResultsDirectory="74062691-b121-4e5a-877f-cb6cd271e3fb">
    </UnitTestResult>
    <UnitTestResult executionId="16a8d57c-0af1-487c-ba2e-a7c478e21264" testId="f5f02455-4aef-8763-5044-dc094bc64ba2" testName="ForEach12502" computerName="EDSAC" duration="00:00:00.0004278" startTime="2010-12-04T14:56:49.2934646+00:00" endTime="2010-12-04T14:56:49.3094655+00:00" testType="13cdc9d9-ddb5-4fa4-a97d-d965ccfc6d4b" outcome="Passed" testListId="8c84fa94-04c1-424b-9868-57a2d4851a1d" relativeResultsDirectory="16a8d57c-0af1-487c-ba2e-a7c478e21264">
    </UnitTestResult>
    <UnitTestResult executionId="055a1f47-5bf1-4019-9a5a-1438c7e2a6e1" testId="f66902ae-2eb8-36de-bdb4-af24338ae682" testName="TakeEveryThrowsContractException597" computerName="EDSAC" duration="00:00:00.0010083" startTime="2010-12-04T14:56:49.3114656+00:00" endTime="2010-12-04T14:56:49.3324668+00:00" testType="13cdc9d9-ddb5-4fa4-a97d-d965ccfc6d4b" outcome="Passed" testListId="8c84fa94-04c1-424b-9868-57a2d4851a1d" relativeResultsDirectory="055a1f47-5bf1-4019-9a5a-1438c7e2a6e1">
    </UnitTestResult>
    <UnitTestResult executionId="e92ea123-2a28-4e49-aee8-62dffa10fe5f" testId="f791b1fc-7ecf-06ad-9b72-838a0f1da804" testName="As0136702" computerName="EDSAC" duration="00:00:00.0005860" startTime="2010-12-04T14:56:49.3444675+00:00" endTime="2010-12-04T14:56:49.3564682+00:00" testType="13cdc9d9-ddb5-4fa4-a97d-d965ccfc6d4b" outcome="Passed" testListId="8c84fa94-04c1-424b-9868-57a2d4851a1d" relativeResultsDirectory="e92ea123-2a28-4e49-aee8-62dffa10fe5f">
    </UnitTestResult>
    <UnitTestResult executionId="d34c96ec-ceae-4144-84f6-10e6e1f61e62" testId="f96aeaaa-982a-50fe-9819-4fadbbdc5555" testName="IfNotNull0159701" computerName="EDSAC" duration="00:00:00.0003214" startTime="2010-12-04T14:56:49.3674688+00:00" endTime="2010-12-04T14:56:49.3794695+00:00" testType="13cdc9d9-ddb5-4fa4-a97d-d965ccfc6d4b" outcome="Passed" testListId="8c84fa94-04c1-424b-9868-57a2d4851a1d" relativeResultsDirectory="d34c96ec-ceae-4144-84f6-10e6e1f61e62">
    </UnitTestResult>
    <UnitTestResult executionId="a20dffce-40dd-468f-8666-60b2d28e2cc9" testId="fce54152-c90c-9cca-2f79-ca939e2fd20d" testName="RandomThrowsContractException824" computerName="EDSAC" duration="00:00:00.0008790" startTime="2010-12-04T14:56:49.3884700+00:00" endTime="2010-12-04T14:56:49.4014708+00:00" testType="13cdc9d9-ddb5-4fa4-a97d-d965ccfc6d4b" outcome="Passed" testListId="8c84fa94-04c1-424b-9868-57a2d4851a1d" relativeResultsDirectory="a20dffce-40dd-468f-8666-60b2d28e2cc9">
    </UnitTestResult>
    <UnitTestResult executionId="7dc3d483-526c-442c-9664-1203136f5fdf" testId="fd09b993-a9b4-e74b-ac25-fcabec687112" testName="Execute93301" computerName="EDSAC" duration="00:00:00.0003116" startTime="2010-12-04T14:56:49.4044710+00:00" endTime="2010-12-04T14:56:49.4184718+00:00" testType="13cdc9d9-ddb5-4fa4-a97d-d965ccfc6d4b" outcome="Passed" testListId="8c84fa94-04c1-424b-9868-57a2d4851a1d" relativeResultsDirectory="7dc3d483-526c-442c-9664-1203136f5fdf">
    </UnitTestResult>
    <UnitTestResult executionId="84668074-64e0-4fa3-9cd1-795c5f7f346f" testId="fdc59520-9564-0684-d4f9-2091f576f931" testName="NullOr71403" computerName="EDSAC" duration="00:00:00.0004708" startTime="2010-12-04T14:56:49.4204719+00:00" endTime="2010-12-04T14:56:49.4374728+00:00" testType="13cdc9d9-ddb5-4fa4-a97d-d965ccfc6d4b" outcome="Passed" testListId="8c84fa94-04c1-424b-9868-57a2d4851a1d" relativeResultsDirectory="84668074-64e0-4fa3-9cd1-795c5f7f346f">
    </UnitTestResult>
    <UnitTestResult executionId="b8897519-0c6d-4ea3-a5ba-e12905a20a35" testId="fdc6582f-0eab-5f36-d160-7547a6de5dbb" testName="IfNotNull17301" computerName="EDSAC" duration="00:00:00.0003448" startTime="2010-12-04T14:56:49.4394730+00:00" endTime="2010-12-04T14:56:49.4574740+00:00" testType="13cdc9d9-ddb5-4fa4-a97d-d965ccfc6d4b" outcome="Passed" testListId="8c84fa94-04c1-424b-9868-57a2d4851a1d" relativeResultsDirectory="b8897519-0c6d-4ea3-a5ba-e12905a20a35">
    </UnitTestResult>
    <UnitTestResult executionId="35d3cba7-05d2-4080-8ce9-3e0471ad2394" testId="febe8afb-7bc1-3f13-831b-73b163a8c327" testName="As0132105" computerName="EDSAC" duration="00:00:00.0003863" startTime="2010-12-04T14:56:49.4664745+00:00" endTime="2010-12-04T14:56:49.4774751+00:00" testType="13cdc9d9-ddb5-4fa4-a97d-d965ccfc6d4b" outcome="Passed" testListId="8c84fa94-04c1-424b-9868-57a2d4851a1d" relativeResultsDirectory="35d3cba7-05d2-4080-8ce9-3e0471ad2394">
    </UnitTestResult>
  </Results>
</TestRun>