<?xml version="1.0" encoding="UTF-8"?>
<TestRun id="5fd462f8-5f11-4025-9d62-c03410310f52" name="SuprDewd@MINIAC 2011-01-14 23:32:20" runUser="Miniac\SuprDewd" xmlns="http://microsoft.com/schemas/VisualStudio/TeamTest/2010">
  <TestSettings name="Local" id="4c59a5fa-d837-49f8-8b62-15cf0be0742f">
    <Description>These are default test settings for a local test run.</Description>
    <Deployment enabled="false" runDeploymentRoot="SuprDewd_MINIAC 2011-01-14 23_32_20">
      <DeploymentItem filename="C:\Users\SuprDewd\Documents\Projects\SharpBag\SharpBag.Tests\bin\Release\mysql.data.dll" />
      <DeploymentItem filename="C:\Users\SuprDewd\Documents\Projects\SharpBag\SharpBag.Tests\MolesAssemblies\SharpBag.Moles.dll" />
      <DeploymentItem filename="C:\Users\SuprDewd\Documents\Projects\SharpBag\SharpBag\bin\Release\SharpBag.dll" />
    </Deployment>
    <Execution>
      <TestTypeSpecific />
      <AgentRule name="Execution Agents">
      </AgentRule>
    </Execution>
  </TestSettings>
  <Times creation="2011-01-14T23:32:20.0841579+00:00" queuing="2011-01-14T23:32:22.9663343+00:00" start="2011-01-14T23:32:23.2853631+00:00" finish="2011-01-14T23:32:31.7108915+00:00" />
  <ResultSummary outcome="Failed">
    <Counters total="425" executed="425" passed="423" error="0" failed="2" timeout="0" aborted="0" inconclusive="0" passedButRunAborted="0" notRunnable="0" notExecuted="0" disconnected="0" warning="0" completed="0" inProgress="0" pending="0" />
  </ResultSummary>
  <TestDefinitions>
    <UnitTest name="IfNotNull0192303" storage="c:\users\suprdewd\documents\projects\sharpbag\sharpbag.tests\bin\release\sharpbag.tests.dll" id="71a360e3-d81d-a30a-382f-721ef096f5b1">
      <Execution id="7905b065-7a04-44c2-90f1-f8bc5c72a4b5" />
      <TestMethod codeBase="C:/Users/SuprDewd/Documents/Projects/SharpBag/SharpBag.Tests/bin/Release/SharpBag.Tests.DLL" adapterTypeName="Microsoft.VisualStudio.TestTools.TestTypes.Unit.UnitTestAdapter, Microsoft.VisualStudio.QualityTools.Tips.UnitTest.Adapter, Version=10.0.0.0, Culture=neutral, PublicKeyToken=b03f5f7f11d50a3a" className="SharpBag.ExtensionsTest, SharpBag.Tests, Version=0.0.0.0, Culture=neutral, PublicKeyToken=null" name="IfNotNull0192303" />
    </UnitTest>
    <UnitTest name="NullOr90702" storage="c:\users\suprdewd\documents\projects\sharpbag\sharpbag.tests\bin\release\sharpbag.tests.dll" id="8f214c0c-af12-b9fb-ae32-e2f0e522a10f">
      <Execution id="82efdde7-9167-4e76-9923-89972cabf4f0" />
      <TestMethod codeBase="C:/Users/SuprDewd/Documents/Projects/SharpBag/SharpBag.Tests/bin/Release/SharpBag.Tests.DLL" adapterTypeName="Microsoft.VisualStudio.TestTools.TestTypes.Unit.UnitTestAdapter, Microsoft.VisualStudio.QualityTools.Tips.UnitTest.Adapter, Version=10.0.0.0, Culture=neutral, PublicKeyToken=b03f5f7f11d50a3a" className="SharpBag.ExtensionsTest, SharpBag.Tests, Version=0.0.0.0, Culture=neutral, PublicKeyToken=null" name="NullOr90702" />
    </UnitTest>
    <UnitTest name="As0198302" storage="c:\users\suprdewd\documents\projects\sharpbag\sharpbag.tests\bin\release\sharpbag.tests.dll" id="31751606-0e00-3ddd-298e-e7c2d6c445a2">
      <Execution id="ecea90ba-0307-4d19-9397-8ea310b766ba" />
      <TestMethod codeBase="C:/Users/SuprDewd/Documents/Projects/SharpBag/SharpBag.Tests/bin/Release/SharpBag.Tests.DLL" adapterTypeName="Microsoft.VisualStudio.TestTools.TestTypes.Unit.UnitTestAdapter, Microsoft.VisualStudio.QualityTools.Tips.UnitTest.Adapter, Version=10.0.0.0, Culture=neutral, PublicKeyToken=b03f5f7f11d50a3a" className="SharpBag.ExtensionsTest, SharpBag.Tests, Version=0.0.0.0, Culture=neutral, PublicKeyToken=null" name="As0198302" />
    </UnitTest>
    <UnitTest name="Fill68801" storage="c:\users\suprdewd\documents\projects\sharpbag\sharpbag.tests\bin\release\sharpbag.tests.dll" id="236dd585-9363-168d-3729-7ab007ad8692">
      <Execution id="e1fa3638-8d03-48ad-8516-629ba2d597a2" />
      <TestMethod codeBase="C:/Users/SuprDewd/Documents/Projects/SharpBag/SharpBag.Tests/bin/Release/SharpBag.Tests.DLL" adapterTypeName="Microsoft.VisualStudio.TestTools.TestTypes.Unit.UnitTestAdapter, Microsoft.VisualStudio.QualityTools.Tips.UnitTest.Adapter, Version=10.0.0.0, Culture=neutral, PublicKeyToken=b03f5f7f11d50a3a" className="SharpBag.ExtensionsTest, SharpBag.Tests, Version=0.0.0.0, Culture=neutral, PublicKeyToken=null" name="Fill68801" />
    </UnitTest>
    <UnitTest name="As0163207" storage="c:\users\suprdewd\documents\projects\sharpbag\sharpbag.tests\bin\release\sharpbag.tests.dll" id="3a633eaa-632f-f936-1d35-4e407b494884">
      <Execution id="faf427dd-1b7c-433e-a600-fa0ff020c9ff" />
      <TestMethod codeBase="C:/Users/SuprDewd/Documents/Projects/SharpBag/SharpBag.Tests/bin/Release/SharpBag.Tests.DLL" adapterTypeName="Microsoft.VisualStudio.TestTools.TestTypes.Unit.UnitTestAdapter, Microsoft.VisualStudio.QualityTools.Tips.UnitTest.Adapter, Version=10.0.0.0, Culture=neutral, PublicKeyToken=b03f5f7f11d50a3a" className="SharpBag.ExtensionsTest, SharpBag.Tests, Version=0.0.0.0, Culture=neutral, PublicKeyToken=null" name="As0163207" />
    </UnitTest>
    <UnitTest name="As0166003" storage="c:\users\suprdewd\documents\projects\sharpbag\sharpbag.tests\bin\release\sharpbag.tests.dll" id="2c678190-6575-f47a-afde-b3eb80b1856c">
      <Execution id="1b0d17a9-c63b-402e-bd73-22d9509f20f1" />
      <TestMethod codeBase="C:/Users/SuprDewd/Documents/Projects/SharpBag/SharpBag.Tests/bin/Release/SharpBag.Tests.DLL" adapterTypeName="Microsoft.VisualStudio.TestTools.TestTypes.Unit.UnitTestAdapter, Microsoft.VisualStudio.QualityTools.Tips.UnitTest.Adapter, Version=10.0.0.0, Culture=neutral, PublicKeyToken=b03f5f7f11d50a3a" className="SharpBag.ExtensionsTest, SharpBag.Tests, Version=0.0.0.0, Culture=neutral, PublicKeyToken=null" name="As0166003" />
    </UnitTest>
    <UnitTest name="EmptyIfNull122" storage="c:\users\suprdewd\documents\projects\sharpbag\sharpbag.tests\bin\release\sharpbag.tests.dll" id="3902168e-77cb-c1b4-c44f-4336ab3b86bd">
      <Execution id="4c1737e5-2d9c-4d67-99b0-66ce0d2a2fe3" />
      <TestMethod codeBase="C:/Users/SuprDewd/Documents/Projects/SharpBag/SharpBag.Tests/bin/Release/SharpBag.Tests.DLL" adapterTypeName="Microsoft.VisualStudio.TestTools.TestTypes.Unit.UnitTestAdapter, Microsoft.VisualStudio.QualityTools.Tips.UnitTest.Adapter, Version=10.0.0.0, Culture=neutral, PublicKeyToken=b03f5f7f11d50a3a" className="SharpBag.ExtensionsTest, SharpBag.Tests, Version=0.0.0.0, Culture=neutral, PublicKeyToken=null" name="EmptyIfNull122" />
    </UnitTest>
    <UnitTest name="AsEnumerable0258803" storage="c:\users\suprdewd\documents\projects\sharpbag\sharpbag.tests\bin\release\sharpbag.tests.dll" id="4f308a7f-5339-1197-c196-e8c2a3294cdb">
      <Execution id="1e167db3-5366-43e3-8e56-caecf3f76439" />
      <TestMethod codeBase="C:/Users/SuprDewd/Documents/Projects/SharpBag/SharpBag.Tests/bin/Release/SharpBag.Tests.DLL" adapterTypeName="Microsoft.VisualStudio.TestTools.TestTypes.Unit.UnitTestAdapter, Microsoft.VisualStudio.QualityTools.Tips.UnitTest.Adapter, Version=10.0.0.0, Culture=neutral, PublicKeyToken=b03f5f7f11d50a3a" className="SharpBag.ExtensionsTest, SharpBag.Tests, Version=0.0.0.0, Culture=neutral, PublicKeyToken=null" name="AsEnumerable0258803" />
    </UnitTest>
    <UnitTest name="Random01ThrowsContractException508" storage="c:\users\suprdewd\documents\projects\sharpbag\sharpbag.tests\bin\release\sharpbag.tests.dll" id="028f28fd-be8d-20f6-580d-7908e85c567f">
      <Execution id="d0dffde7-2779-40b8-8af0-fdc50e9a0f33" />
      <TestMethod codeBase="C:/Users/SuprDewd/Documents/Projects/SharpBag/SharpBag.Tests/bin/Release/SharpBag.Tests.DLL" adapterTypeName="Microsoft.VisualStudio.TestTools.TestTypes.Unit.UnitTestAdapter, Microsoft.VisualStudio.QualityTools.Tips.UnitTest.Adapter, Version=10.0.0.0, Culture=neutral, PublicKeyToken=b03f5f7f11d50a3a" className="SharpBag.ExtensionsTest, SharpBag.Tests, Version=0.0.0.0, Culture=neutral, PublicKeyToken=null" name="Random01ThrowsContractException508" />
    </UnitTest>
    <UnitTest name="As0136701" storage="c:\users\suprdewd\documents\projects\sharpbag\sharpbag.tests\bin\release\sharpbag.tests.dll" id="de06015f-869e-46b8-4b51-8c7b049b2b96">
      <Execution id="aa1535cb-b0f5-46bc-83be-5be57d5edf7e" />
      <TestMethod codeBase="C:/Users/SuprDewd/Documents/Projects/SharpBag/SharpBag.Tests/bin/Release/SharpBag.Tests.DLL" adapterTypeName="Microsoft.VisualStudio.TestTools.TestTypes.Unit.UnitTestAdapter, Microsoft.VisualStudio.QualityTools.Tips.UnitTest.Adapter, Version=10.0.0.0, Culture=neutral, PublicKeyToken=b03f5f7f11d50a3a" className="SharpBag.ExtensionsTest, SharpBag.Tests, Version=0.0.0.0, Culture=neutral, PublicKeyToken=null" name="As0136701" />
    </UnitTest>
    <UnitTest name="As0132108" storage="c:\users\suprdewd\documents\projects\sharpbag\sharpbag.tests\bin\release\sharpbag.tests.dll" id="e30391ee-1b3b-ee9f-b02c-b47de478c33f">
      <Execution id="520bc0a5-13d5-48e9-a68c-d66768fde1fe" />
      <TestMethod codeBase="C:/Users/SuprDewd/Documents/Projects/SharpBag/SharpBag.Tests/bin/Release/SharpBag.Tests.DLL" adapterTypeName="Microsoft.VisualStudio.TestTools.TestTypes.Unit.UnitTestAdapter, Microsoft.VisualStudio.QualityTools.Tips.UnitTest.Adapter, Version=10.0.0.0, Culture=neutral, PublicKeyToken=b03f5f7f11d50a3a" className="SharpBag.ExtensionsTest, SharpBag.Tests, Version=0.0.0.0, Culture=neutral, PublicKeyToken=null" name="As0132108" />
    </UnitTest>
    <UnitTest name="As01632" storage="c:\users\suprdewd\documents\projects\sharpbag\sharpbag.tests\bin\release\sharpbag.tests.dll" id="f685a220-cae8-50b0-d543-46e310017a33">
      <Execution id="0f815e79-f6fc-494a-a77d-dec1b2170f89" />
      <TestMethod codeBase="C:/Users/SuprDewd/Documents/Projects/SharpBag/SharpBag.Tests/bin/Release/SharpBag.Tests.DLL" adapterTypeName="Microsoft.VisualStudio.TestTools.TestTypes.Unit.UnitTestAdapter, Microsoft.VisualStudio.QualityTools.Tips.UnitTest.Adapter, Version=10.0.0.0, Culture=neutral, PublicKeyToken=b03f5f7f11d50a3a" className="SharpBag.ExtensionsTest, SharpBag.Tests, Version=0.0.0.0, Culture=neutral, PublicKeyToken=null" name="As01632" />
    </UnitTest>
    <UnitTest name="IfNotNull0159703" storage="c:\users\suprdewd\documents\projects\sharpbag\sharpbag.tests\bin\release\sharpbag.tests.dll" id="0e44207d-1ccf-04c5-6aef-2081653ff131">
      <Execution id="1cfa32d1-c9b0-4676-ab35-1e3985cc1fb9" />
      <TestMethod codeBase="C:/Users/SuprDewd/Documents/Projects/SharpBag/SharpBag.Tests/bin/Release/SharpBag.Tests.DLL" adapterTypeName="Microsoft.VisualStudio.TestTools.TestTypes.Unit.UnitTestAdapter, Microsoft.VisualStudio.QualityTools.Tips.UnitTest.Adapter, Version=10.0.0.0, Culture=neutral, PublicKeyToken=b03f5f7f11d50a3a" className="SharpBag.ExtensionsTest, SharpBag.Tests, Version=0.0.0.0, Culture=neutral, PublicKeyToken=null" name="IfNotNull0159703" />
    </UnitTest>
    <UnitTest name="Take01ThrowsIndexOutOfRangeException817" storage="c:\users\suprdewd\documents\projects\sharpbag\sharpbag.tests\bin\release\sharpbag.tests.dll" id="47d55f13-e46c-b000-9e07-f790b956391a">
      <Execution id="c244e5a1-9442-41e9-a064-5468edc062c1" />
      <TestMethod codeBase="C:/Users/SuprDewd/Documents/Projects/SharpBag/SharpBag.Tests/bin/Release/SharpBag.Tests.DLL" adapterTypeName="Microsoft.VisualStudio.TestTools.TestTypes.Unit.UnitTestAdapter, Microsoft.VisualStudio.QualityTools.Tips.UnitTest.Adapter, Version=10.0.0.0, Culture=neutral, PublicKeyToken=b03f5f7f11d50a3a" className="SharpBag.ExtensionsTest, SharpBag.Tests, Version=0.0.0.0, Culture=neutral, PublicKeyToken=null" name="Take01ThrowsIndexOutOfRangeException817" />
    </UnitTest>
    <UnitTest name="CollatzCount735" storage="c:\users\suprdewd\documents\projects\sharpbag\sharpbag.tests\bin\release\sharpbag.tests.dll" id="76549838-3cd5-8196-8fe5-c215d6bd242f">
      <Execution id="3a0f29b4-43d8-480d-936b-223f1095faf8" />
      <TestMethod codeBase="C:/Users/SuprDewd/Documents/Projects/SharpBag/SharpBag.Tests/bin/Release/SharpBag.Tests.DLL" adapterTypeName="Microsoft.VisualStudio.TestTools.TestTypes.Unit.UnitTestAdapter, Microsoft.VisualStudio.QualityTools.Tips.UnitTest.Adapter, Version=10.0.0.0, Culture=neutral, PublicKeyToken=b03f5f7f11d50a3a" className="SharpBag.Math.MathExtensionsTest, SharpBag.Tests, Version=0.0.0.0, Culture=neutral, PublicKeyToken=null" name="CollatzCount735" />
    </UnitTest>
    <UnitTest name="ToBitmapSourceThrowsContractException871" storage="c:\users\suprdewd\documents\projects\sharpbag\sharpbag.tests\bin\release\sharpbag.tests.dll" id="09d5fce9-d98a-1fa1-f446-d10c4751e838">
      <Execution id="7c297264-7624-419a-8650-7bb2026d7fb9" />
      <TestMethod codeBase="C:/Users/SuprDewd/Documents/Projects/SharpBag/SharpBag.Tests/bin/Release/SharpBag.Tests.DLL" adapterTypeName="Microsoft.VisualStudio.TestTools.TestTypes.Unit.UnitTestAdapter, Microsoft.VisualStudio.QualityTools.Tips.UnitTest.Adapter, Version=10.0.0.0, Culture=neutral, PublicKeyToken=b03f5f7f11d50a3a" className="SharpBag.Media.MediaExtensionsTest, SharpBag.Tests, Version=0.0.0.0, Culture=neutral, PublicKeyToken=null" name="ToBitmapSourceThrowsContractException871" />
    </UnitTest>
    <UnitTest name="IfNotNull0192301" storage="c:\users\suprdewd\documents\projects\sharpbag\sharpbag.tests\bin\release\sharpbag.tests.dll" id="49aa9228-e307-ef3c-566e-386137588923">
      <Execution id="173f88bd-7960-4a64-afd5-399eb9a16b35" />
      <TestMethod codeBase="C:/Users/SuprDewd/Documents/Projects/SharpBag/SharpBag.Tests/bin/Release/SharpBag.Tests.DLL" adapterTypeName="Microsoft.VisualStudio.TestTools.TestTypes.Unit.UnitTestAdapter, Microsoft.VisualStudio.QualityTools.Tips.UnitTest.Adapter, Version=10.0.0.0, Culture=neutral, PublicKeyToken=b03f5f7f11d50a3a" className="SharpBag.ExtensionsTest, SharpBag.Tests, Version=0.0.0.0, Culture=neutral, PublicKeyToken=null" name="IfNotNull0192301" />
    </UnitTest>
    <UnitTest name="NextChar01ThrowsContractException654" storage="c:\users\suprdewd\documents\projects\sharpbag\sharpbag.tests\bin\release\sharpbag.tests.dll" id="9e62e436-d347-f0d4-fadd-560760980b01">
      <Execution id="547aca89-fba1-4833-aa97-9b45b688833d" />
      <TestMethod codeBase="C:/Users/SuprDewd/Documents/Projects/SharpBag/SharpBag.Tests/bin/Release/SharpBag.Tests.DLL" adapterTypeName="Microsoft.VisualStudio.TestTools.TestTypes.Unit.UnitTestAdapter, Microsoft.VisualStudio.QualityTools.Tips.UnitTest.Adapter, Version=10.0.0.0, Culture=neutral, PublicKeyToken=b03f5f7f11d50a3a" className="SharpBag.RandomExtensionsTest, SharpBag.Tests, Version=0.0.0.0, Culture=neutral, PublicKeyToken=null" name="NextChar01ThrowsContractException654" />
    </UnitTest>
    <UnitTest name="AsEnumerableThrowsContractException497" storage="c:\users\suprdewd\documents\projects\sharpbag\sharpbag.tests\bin\release\sharpbag.tests.dll" id="dc78d455-e59d-ace7-23e4-df6c3ad29814">
      <Execution id="4f996e1c-37a5-4cff-859b-6a6ad425ec64" />
      <TestMethod codeBase="C:/Users/SuprDewd/Documents/Projects/SharpBag/SharpBag.Tests/bin/Release/SharpBag.Tests.DLL" adapterTypeName="Microsoft.VisualStudio.TestTools.TestTypes.Unit.UnitTestAdapter, Microsoft.VisualStudio.QualityTools.Tips.UnitTest.Adapter, Version=10.0.0.0, Culture=neutral, PublicKeyToken=b03f5f7f11d50a3a" className="SharpBag.ExtensionsTest, SharpBag.Tests, Version=0.0.0.0, Culture=neutral, PublicKeyToken=null" name="AsEnumerableThrowsContractException497" />
    </UnitTest>
    <UnitTest name="As0132104" storage="c:\users\suprdewd\documents\projects\sharpbag\sharpbag.tests\bin\release\sharpbag.tests.dll" id="b30e4a1d-f330-da4d-3e81-5c536003275c">
      <Execution id="41822445-e4c6-4051-a280-b0d9f9d46287" />
      <TestMethod codeBase="C:/Users/SuprDewd/Documents/Projects/SharpBag/SharpBag.Tests/bin/Release/SharpBag.Tests.DLL" adapterTypeName="Microsoft.VisualStudio.TestTools.TestTypes.Unit.UnitTestAdapter, Microsoft.VisualStudio.QualityTools.Tips.UnitTest.Adapter, Version=10.0.0.0, Culture=neutral, PublicKeyToken=b03f5f7f11d50a3a" className="SharpBag.ExtensionsTest, SharpBag.Tests, Version=0.0.0.0, Culture=neutral, PublicKeyToken=null" name="As0132104" />
    </UnitTest>
    <UnitTest name="IfNotNull0192304" storage="c:\users\suprdewd\documents\projects\sharpbag\sharpbag.tests\bin\release\sharpbag.tests.dll" id="e89c0529-2532-190e-5936-91edd9263fb1">
      <Execution id="16e52531-04c6-4fee-900d-e9aba64973c6" />
      <TestMethod codeBase="C:/Users/SuprDewd/Documents/Projects/SharpBag/SharpBag.Tests/bin/Release/SharpBag.Tests.DLL" adapterTypeName="Microsoft.VisualStudio.TestTools.TestTypes.Unit.UnitTestAdapter, Microsoft.VisualStudio.QualityTools.Tips.UnitTest.Adapter, Version=10.0.0.0, Culture=neutral, PublicKeyToken=b03f5f7f11d50a3a" className="SharpBag.ExtensionsTest, SharpBag.Tests, Version=0.0.0.0, Culture=neutral, PublicKeyToken=null" name="IfNotNull0192304" />
    </UnitTest>
    <UnitTest name="As0163215" storage="c:\users\suprdewd\documents\projects\sharpbag\sharpbag.tests\bin\release\sharpbag.tests.dll" id="b70d24a9-e4cc-d879-39c7-bc30de9e70ab">
      <Execution id="0d91789c-788a-4162-8379-b374ae587da2" />
      <TestMethod codeBase="C:/Users/SuprDewd/Documents/Projects/SharpBag/SharpBag.Tests/bin/Release/SharpBag.Tests.DLL" adapterTypeName="Microsoft.VisualStudio.TestTools.TestTypes.Unit.UnitTestAdapter, Microsoft.VisualStudio.QualityTools.Tips.UnitTest.Adapter, Version=10.0.0.0, Culture=neutral, PublicKeyToken=b03f5f7f11d50a3a" className="SharpBag.ExtensionsTest, SharpBag.Tests, Version=0.0.0.0, Culture=neutral, PublicKeyToken=null" name="As0163215" />
    </UnitTest>
    <UnitTest name="AsEnumerable0258801" storage="c:\users\suprdewd\documents\projects\sharpbag\sharpbag.tests\bin\release\sharpbag.tests.dll" id="b2c4141e-1dfd-f110-5623-435719fb340e">
      <Execution id="7f0686f2-6b96-4715-9631-453e9015c416" />
      <TestMethod codeBase="C:/Users/SuprDewd/Documents/Projects/SharpBag/SharpBag.Tests/bin/Release/SharpBag.Tests.DLL" adapterTypeName="Microsoft.VisualStudio.TestTools.TestTypes.Unit.UnitTestAdapter, Microsoft.VisualStudio.QualityTools.Tips.UnitTest.Adapter, Version=10.0.0.0, Culture=neutral, PublicKeyToken=b03f5f7f11d50a3a" className="SharpBag.ExtensionsTest, SharpBag.Tests, Version=0.0.0.0, Culture=neutral, PublicKeyToken=null" name="AsEnumerable0258801" />
    </UnitTest>
    <UnitTest name="Random01ThrowsContractException791" storage="c:\users\suprdewd\documents\projects\sharpbag\sharpbag.tests\bin\release\sharpbag.tests.dll" id="ba4ad856-2aca-f1cb-f1f3-4abe5647b176">
      <Execution id="574f8036-f916-453c-8987-ac12da553065" />
      <TestMethod codeBase="C:/Users/SuprDewd/Documents/Projects/SharpBag/SharpBag.Tests/bin/Release/SharpBag.Tests.DLL" adapterTypeName="Microsoft.VisualStudio.TestTools.TestTypes.Unit.UnitTestAdapter, Microsoft.VisualStudio.QualityTools.Tips.UnitTest.Adapter, Version=10.0.0.0, Culture=neutral, PublicKeyToken=b03f5f7f11d50a3a" className="SharpBag.ExtensionsTest, SharpBag.Tests, Version=0.0.0.0, Culture=neutral, PublicKeyToken=null" name="Random01ThrowsContractException791" />
    </UnitTest>
    <UnitTest name="AddThrowsContractException261" storage="c:\users\suprdewd\documents\projects\sharpbag\sharpbag.tests\bin\release\sharpbag.tests.dll" id="30d8e69f-8aa2-c29f-376f-bcb878c7b97b">
      <Execution id="66c11ce2-de12-482f-84e7-ff20d1acaca1" />
      <TestMethod codeBase="C:/Users/SuprDewd/Documents/Projects/SharpBag/SharpBag.Tests/bin/Release/SharpBag.Tests.DLL" adapterTypeName="Microsoft.VisualStudio.TestTools.TestTypes.Unit.UnitTestAdapter, Microsoft.VisualStudio.QualityTools.Tips.UnitTest.Adapter, Version=10.0.0.0, Culture=neutral, PublicKeyToken=b03f5f7f11d50a3a" className="SharpBag.ExtensionsTest, SharpBag.Tests, Version=0.0.0.0, Culture=neutral, PublicKeyToken=null" name="AddThrowsContractException261" />
    </UnitTest>
    <UnitTest name="CreateRectangleThrowsContractException295" storage="c:\users\suprdewd\documents\projects\sharpbag\sharpbag.tests\bin\release\sharpbag.tests.dll" id="ba655519-84b5-616e-0933-0bcd320e888d">
      <Execution id="99683579-c2cb-4bfc-9570-0c8b0d241014" />
      <TestMethod codeBase="C:/Users/SuprDewd/Documents/Projects/SharpBag/SharpBag.Tests/bin/Release/SharpBag.Tests.DLL" adapterTypeName="Microsoft.VisualStudio.TestTools.TestTypes.Unit.UnitTestAdapter, Microsoft.VisualStudio.QualityTools.Tips.UnitTest.Adapter, Version=10.0.0.0, Culture=neutral, PublicKeyToken=b03f5f7f11d50a3a" className="SharpBag.Media.MediaExtensionsTest, SharpBag.Tests, Version=0.0.0.0, Culture=neutral, PublicKeyToken=null" name="CreateRectangleThrowsContractException295" />
    </UnitTest>
    <UnitTest name="As0198303" storage="c:\users\suprdewd\documents\projects\sharpbag\sharpbag.tests\bin\release\sharpbag.tests.dll" id="d56f2fbf-3f3e-cba1-4f8d-7b34cec35b0a">
      <Execution id="42bf4313-cabf-4859-a5d7-b3010bf41fe1" />
      <TestMethod codeBase="C:/Users/SuprDewd/Documents/Projects/SharpBag/SharpBag.Tests/bin/Release/SharpBag.Tests.DLL" adapterTypeName="Microsoft.VisualStudio.TestTools.TestTypes.Unit.UnitTestAdapter, Microsoft.VisualStudio.QualityTools.Tips.UnitTest.Adapter, Version=10.0.0.0, Culture=neutral, PublicKeyToken=b03f5f7f11d50a3a" className="SharpBag.ExtensionsTest, SharpBag.Tests, Version=0.0.0.0, Culture=neutral, PublicKeyToken=null" name="As0198303" />
    </UnitTest>
    <UnitTest name="AsEnumerable01283" storage="c:\users\suprdewd\documents\projects\sharpbag\sharpbag.tests\bin\release\sharpbag.tests.dll" id="f20d04ec-6bdf-2adb-3ea0-dea4791f58d1">
      <Execution id="16403b16-17cc-4f94-9230-ad1f9c14bf70" />
      <TestMethod codeBase="C:/Users/SuprDewd/Documents/Projects/SharpBag/SharpBag.Tests/bin/Release/SharpBag.Tests.DLL" adapterTypeName="Microsoft.VisualStudio.TestTools.TestTypes.Unit.UnitTestAdapter, Microsoft.VisualStudio.QualityTools.Tips.UnitTest.Adapter, Version=10.0.0.0, Culture=neutral, PublicKeyToken=b03f5f7f11d50a3a" className="SharpBag.ExtensionsTest, SharpBag.Tests, Version=0.0.0.0, Culture=neutral, PublicKeyToken=null" name="AsEnumerable01283" />
    </UnitTest>
    <UnitTest name="With25501" storage="c:\users\suprdewd\documents\projects\sharpbag\sharpbag.tests\bin\release\sharpbag.tests.dll" id="9ed7c416-1a7b-4673-195d-ca2e196d2a2e">
      <Execution id="e9e098fe-808a-42f0-8ca3-31a962efd9e7" />
      <TestMethod codeBase="C:/Users/SuprDewd/Documents/Projects/SharpBag/SharpBag.Tests/bin/Release/SharpBag.Tests.DLL" adapterTypeName="Microsoft.VisualStudio.TestTools.TestTypes.Unit.UnitTestAdapter, Microsoft.VisualStudio.QualityTools.Tips.UnitTest.Adapter, Version=10.0.0.0, Culture=neutral, PublicKeyToken=b03f5f7f11d50a3a" className="SharpBag.ExtensionsTest, SharpBag.Tests, Version=0.0.0.0, Culture=neutral, PublicKeyToken=null" name="With25501" />
    </UnitTest>
    <UnitTest name="TakeEveryThrowsContractException998" storage="c:\users\suprdewd\documents\projects\sharpbag\sharpbag.tests\bin\release\sharpbag.tests.dll" id="c35eb805-49e5-7d06-b69d-ba684aaa6791">
      <Execution id="2c662c89-71f7-45bd-822e-c2e75786be95" />
      <TestMethod codeBase="C:/Users/SuprDewd/Documents/Projects/SharpBag/SharpBag.Tests/bin/Release/SharpBag.Tests.DLL" adapterTypeName="Microsoft.VisualStudio.TestTools.TestTypes.Unit.UnitTestAdapter, Microsoft.VisualStudio.QualityTools.Tips.UnitTest.Adapter, Version=10.0.0.0, Culture=neutral, PublicKeyToken=b03f5f7f11d50a3a" className="SharpBag.ExtensionsTest, SharpBag.Tests, Version=0.0.0.0, Culture=neutral, PublicKeyToken=null" name="TakeEveryThrowsContractException998" />
    </UnitTest>
    <UnitTest name="As21501" storage="c:\users\suprdewd\documents\projects\sharpbag\sharpbag.tests\bin\release\sharpbag.tests.dll" id="ea12baf4-c62d-b0ca-b8ec-0dd742c09890">
      <Execution id="6de86cd3-f51b-4f3f-8176-98f4676619b7" />
      <TestMethod codeBase="C:/Users/SuprDewd/Documents/Projects/SharpBag/SharpBag.Tests/bin/Release/SharpBag.Tests.DLL" adapterTypeName="Microsoft.VisualStudio.TestTools.TestTypes.Unit.UnitTestAdapter, Microsoft.VisualStudio.QualityTools.Tips.UnitTest.Adapter, Version=10.0.0.0, Culture=neutral, PublicKeyToken=b03f5f7f11d50a3a" className="SharpBag.ExtensionsTest, SharpBag.Tests, Version=0.0.0.0, Culture=neutral, PublicKeyToken=null" name="As21501" />
    </UnitTest>
    <UnitTest name="RangeThrowsContractException560" storage="c:\users\suprdewd\documents\projects\sharpbag\sharpbag.tests\bin\release\sharpbag.tests.dll" id="22b3bc9e-2d91-4747-086b-d415be2c5776">
      <Execution id="1abd723c-44cc-4637-a4e8-bb8b98cad2f6" />
      <TestMethod codeBase="C:/Users/SuprDewd/Documents/Projects/SharpBag/SharpBag.Tests/bin/Release/SharpBag.Tests.DLL" adapterTypeName="Microsoft.VisualStudio.TestTools.TestTypes.Unit.UnitTestAdapter, Microsoft.VisualStudio.QualityTools.Tips.UnitTest.Adapter, Version=10.0.0.0, Culture=neutral, PublicKeyToken=b03f5f7f11d50a3a" className="SharpBag.ExtensionsTest, SharpBag.Tests, Version=0.0.0.0, Culture=neutral, PublicKeyToken=null" name="RangeThrowsContractException560" />
    </UnitTest>
    <UnitTest name="DequeueThrowsContractException38" storage="c:\users\suprdewd\documents\projects\sharpbag\sharpbag.tests\bin\release\sharpbag.tests.dll" id="530e9426-a117-1e44-3c23-eb9bc838bd65">
      <Execution id="d980dddc-5dc3-47a4-80f6-05d73112c2a2" />
      <TestMethod codeBase="C:/Users/SuprDewd/Documents/Projects/SharpBag/SharpBag.Tests/bin/Release/SharpBag.Tests.DLL" adapterTypeName="Microsoft.VisualStudio.TestTools.TestTypes.Unit.UnitTestAdapter, Microsoft.VisualStudio.QualityTools.Tips.UnitTest.Adapter, Version=10.0.0.0, Culture=neutral, PublicKeyToken=b03f5f7f11d50a3a" className="SharpBag.Algorithms.PriorityQueueTTest, SharpBag.Tests, Version=0.0.0.0, Culture=neutral, PublicKeyToken=null" name="DequeueThrowsContractException38" />
    </UnitTest>
    <UnitTest name="CreateIEnumerableThrowsContractException485" storage="c:\users\suprdewd\documents\projects\sharpbag\sharpbag.tests\bin\release\sharpbag.tests.dll" id="28805317-a840-3e77-4899-69199b1265d9">
      <Execution id="784f92c4-6904-41db-8426-542b96debf22" />
      <TestMethod codeBase="C:/Users/SuprDewd/Documents/Projects/SharpBag/SharpBag.Tests/bin/Release/SharpBag.Tests.DLL" adapterTypeName="Microsoft.VisualStudio.TestTools.TestTypes.Unit.UnitTestAdapter, Microsoft.VisualStudio.QualityTools.Tips.UnitTest.Adapter, Version=10.0.0.0, Culture=neutral, PublicKeyToken=b03f5f7f11d50a3a" className="SharpBag.UtilsTest, SharpBag.Tests, Version=0.0.0.0, Culture=neutral, PublicKeyToken=null" name="CreateIEnumerableThrowsContractException485" />
    </UnitTest>
    <UnitTest name="IfNotNull01923" storage="c:\users\suprdewd\documents\projects\sharpbag\sharpbag.tests\bin\release\sharpbag.tests.dll" id="46f11c29-0946-1ee3-1afe-afb72995b905">
      <Execution id="1310c29b-f2c5-4c43-b92d-e0afb6ec1eef" />
      <TestMethod codeBase="C:/Users/SuprDewd/Documents/Projects/SharpBag/SharpBag.Tests/bin/Release/SharpBag.Tests.DLL" adapterTypeName="Microsoft.VisualStudio.TestTools.TestTypes.Unit.UnitTestAdapter, Microsoft.VisualStudio.QualityTools.Tips.UnitTest.Adapter, Version=10.0.0.0, Culture=neutral, PublicKeyToken=b03f5f7f11d50a3a" className="SharpBag.ExtensionsTest, SharpBag.Tests, Version=0.0.0.0, Culture=neutral, PublicKeyToken=null" name="IfNotNull01923" />
    </UnitTest>
    <UnitTest name="As0163214" storage="c:\users\suprdewd\documents\projects\sharpbag\sharpbag.tests\bin\release\sharpbag.tests.dll" id="e5750d14-09bb-ec70-127b-652a47b7dd9c">
      <Execution id="24cdb446-bfbb-4833-9e83-e2c15c050f2a" />
      <TestMethod codeBase="C:/Users/SuprDewd/Documents/Projects/SharpBag/SharpBag.Tests/bin/Release/SharpBag.Tests.DLL" adapterTypeName="Microsoft.VisualStudio.TestTools.TestTypes.Unit.UnitTestAdapter, Microsoft.VisualStudio.QualityTools.Tips.UnitTest.Adapter, Version=10.0.0.0, Culture=neutral, PublicKeyToken=b03f5f7f11d50a3a" className="SharpBag.ExtensionsTest, SharpBag.Tests, Version=0.0.0.0, Culture=neutral, PublicKeyToken=null" name="As0163214" />
    </UnitTest>
    <UnitTest name="As0163251" storage="c:\users\suprdewd\documents\projects\sharpbag\sharpbag.tests\bin\release\sharpbag.tests.dll" id="95816ce1-0531-2f11-d3d8-9f96ac610bcc">
      <Execution id="76767f5c-8e51-487a-ae23-08c05f5beac7" />
      <TestMethod codeBase="C:/Users/SuprDewd/Documents/Projects/SharpBag/SharpBag.Tests/bin/Release/SharpBag.Tests.DLL" adapterTypeName="Microsoft.VisualStudio.TestTools.TestTypes.Unit.UnitTestAdapter, Microsoft.VisualStudio.QualityTools.Tips.UnitTest.Adapter, Version=10.0.0.0, Culture=neutral, PublicKeyToken=b03f5f7f11d50a3a" className="SharpBag.ExtensionsTest, SharpBag.Tests, Version=0.0.0.0, Culture=neutral, PublicKeyToken=null" name="As0163251" />
    </UnitTest>
    <UnitTest name="Fill0168805" storage="c:\users\suprdewd\documents\projects\sharpbag\sharpbag.tests\bin\release\sharpbag.tests.dll" id="61a82769-7381-8ac4-d5a7-8e88dfdda588">
      <Execution id="1154f1d7-2c02-4e8d-a957-018434b91850" />
      <TestMethod codeBase="C:/Users/SuprDewd/Documents/Projects/SharpBag/SharpBag.Tests/bin/Release/SharpBag.Tests.DLL" adapterTypeName="Microsoft.VisualStudio.TestTools.TestTypes.Unit.UnitTestAdapter, Microsoft.VisualStudio.QualityTools.Tips.UnitTest.Adapter, Version=10.0.0.0, Culture=neutral, PublicKeyToken=b03f5f7f11d50a3a" className="SharpBag.ExtensionsTest, SharpBag.Tests, Version=0.0.0.0, Culture=neutral, PublicKeyToken=null" name="Fill0168805" />
    </UnitTest>
    <UnitTest name="AsEnumerable0258802" storage="c:\users\suprdewd\documents\projects\sharpbag\sharpbag.tests\bin\release\sharpbag.tests.dll" id="80c446f8-daa9-dd90-7ba0-f56b79877aec">
      <Execution id="b8801540-f439-48a2-9cf0-c95bc22f7426" />
      <TestMethod codeBase="C:/Users/SuprDewd/Documents/Projects/SharpBag/SharpBag.Tests/bin/Release/SharpBag.Tests.DLL" adapterTypeName="Microsoft.VisualStudio.TestTools.TestTypes.Unit.UnitTestAdapter, Microsoft.VisualStudio.QualityTools.Tips.UnitTest.Adapter, Version=10.0.0.0, Culture=neutral, PublicKeyToken=b03f5f7f11d50a3a" className="SharpBag.ExtensionsTest, SharpBag.Tests, Version=0.0.0.0, Culture=neutral, PublicKeyToken=null" name="AsEnumerable0258802" />
    </UnitTest>
    <UnitTest name="ForEach90802" storage="c:\users\suprdewd\documents\projects\sharpbag\sharpbag.tests\bin\release\sharpbag.tests.dll" id="1903a639-b5d9-1b4f-9c30-0405b15e8f12">
      <Execution id="12357e0c-ffc7-4c10-934b-409c202ac8e9" />
      <TestMethod codeBase="C:/Users/SuprDewd/Documents/Projects/SharpBag/SharpBag.Tests/bin/Release/SharpBag.Tests.DLL" adapterTypeName="Microsoft.VisualStudio.TestTools.TestTypes.Unit.UnitTestAdapter, Microsoft.VisualStudio.QualityTools.Tips.UnitTest.Adapter, Version=10.0.0.0, Culture=neutral, PublicKeyToken=b03f5f7f11d50a3a" className="SharpBag.ExtensionsTest, SharpBag.Tests, Version=0.0.0.0, Culture=neutral, PublicKeyToken=null" name="ForEach90802" />
    </UnitTest>
    <UnitTest name="GetEnumerator016901" storage="c:\users\suprdewd\documents\projects\sharpbag\sharpbag.tests\bin\release\sharpbag.tests.dll" id="3340cb14-cf3b-8e1f-ca28-73acf64d833a">
      <Execution id="5300c038-dc08-4eb6-9396-ff7c3cc35885" />
      <TestMethod codeBase="C:/Users/SuprDewd/Documents/Projects/SharpBag/SharpBag.Tests/bin/Release/SharpBag.Tests.DLL" adapterTypeName="Microsoft.VisualStudio.TestTools.TestTypes.Unit.UnitTestAdapter, Microsoft.VisualStudio.QualityTools.Tips.UnitTest.Adapter, Version=10.0.0.0, Culture=neutral, PublicKeyToken=b03f5f7f11d50a3a" className="SharpBag.Algorithms.PriorityQueueTTest, SharpBag.Tests, Version=0.0.0.0, Culture=neutral, PublicKeyToken=null" name="GetEnumerator016901" />
    </UnitTest>
    <UnitTest name="ForEach12504" storage="c:\users\suprdewd\documents\projects\sharpbag\sharpbag.tests\bin\release\sharpbag.tests.dll" id="36c0ac7a-9f37-b952-7a17-2ad1e9132b69">
      <Execution id="486f9e19-23ae-4984-b13a-ddbf380c2b4a" />
      <TestMethod codeBase="C:/Users/SuprDewd/Documents/Projects/SharpBag/SharpBag.Tests/bin/Release/SharpBag.Tests.DLL" adapterTypeName="Microsoft.VisualStudio.TestTools.TestTypes.Unit.UnitTestAdapter, Microsoft.VisualStudio.QualityTools.Tips.UnitTest.Adapter, Version=10.0.0.0, Culture=neutral, PublicKeyToken=b03f5f7f11d50a3a" className="SharpBag.ExtensionsTest, SharpBag.Tests, Version=0.0.0.0, Culture=neutral, PublicKeyToken=null" name="ForEach12504" />
    </UnitTest>
    <UnitTest name="As0136703" storage="c:\users\suprdewd\documents\projects\sharpbag\sharpbag.tests\bin\release\sharpbag.tests.dll" id="e80fc0c4-2914-56fc-191b-489f27774cbc">
      <Execution id="2eb5663f-6ed5-4184-b06e-596ea54b0fe7" />
      <TestMethod codeBase="C:/Users/SuprDewd/Documents/Projects/SharpBag/SharpBag.Tests/bin/Release/SharpBag.Tests.DLL" adapterTypeName="Microsoft.VisualStudio.TestTools.TestTypes.Unit.UnitTestAdapter, Microsoft.VisualStudio.QualityTools.Tips.UnitTest.Adapter, Version=10.0.0.0, Culture=neutral, PublicKeyToken=b03f5f7f11d50a3a" className="SharpBag.ExtensionsTest, SharpBag.Tests, Version=0.0.0.0, Culture=neutral, PublicKeyToken=null" name="As0136703" />
    </UnitTest>
    <UnitTest name="GetEnumerator20301" storage="c:\users\suprdewd\documents\projects\sharpbag\sharpbag.tests\bin\release\sharpbag.tests.dll" id="94035d88-ed3c-a1c6-5571-0e7a52145b86">
      <Execution id="3bf9eaf2-272d-49d7-bbe3-03333313dd2f" />
      <TestMethod codeBase="C:/Users/SuprDewd/Documents/Projects/SharpBag/SharpBag.Tests/bin/Release/SharpBag.Tests.DLL" adapterTypeName="Microsoft.VisualStudio.TestTools.TestTypes.Unit.UnitTestAdapter, Microsoft.VisualStudio.QualityTools.Tips.UnitTest.Adapter, Version=10.0.0.0, Culture=neutral, PublicKeyToken=b03f5f7f11d50a3a" className="SharpBag.Algorithms.PriorityQueueTTest, SharpBag.Tests, Version=0.0.0.0, Culture=neutral, PublicKeyToken=null" name="GetEnumerator20301" />
    </UnitTest>
    <UnitTest name="As0136704" storage="c:\users\suprdewd\documents\projects\sharpbag\sharpbag.tests\bin\release\sharpbag.tests.dll" id="29095a51-c311-c865-7cf1-7076578258b7">
      <Execution id="429cd244-9c02-40f9-a15e-09a2cb3c0568" />
      <TestMethod codeBase="C:/Users/SuprDewd/Documents/Projects/SharpBag/SharpBag.Tests/bin/Release/SharpBag.Tests.DLL" adapterTypeName="Microsoft.VisualStudio.TestTools.TestTypes.Unit.UnitTestAdapter, Microsoft.VisualStudio.QualityTools.Tips.UnitTest.Adapter, Version=10.0.0.0, Culture=neutral, PublicKeyToken=b03f5f7f11d50a3a" className="SharpBag.ExtensionsTest, SharpBag.Tests, Version=0.0.0.0, Culture=neutral, PublicKeyToken=null" name="As0136704" />
    </UnitTest>
    <UnitTest name="NullOr90703" storage="c:\users\suprdewd\documents\projects\sharpbag\sharpbag.tests\bin\release\sharpbag.tests.dll" id="97102229-37fa-e978-ffae-7fd4c7300f98">
      <Execution id="aa38107b-5efe-46d7-81ad-0c24f1928ab8" />
      <TestMethod codeBase="C:/Users/SuprDewd/Documents/Projects/SharpBag/SharpBag.Tests/bin/Release/SharpBag.Tests.DLL" adapterTypeName="Microsoft.VisualStudio.TestTools.TestTypes.Unit.UnitTestAdapter, Microsoft.VisualStudio.QualityTools.Tips.UnitTest.Adapter, Version=10.0.0.0, Culture=neutral, PublicKeyToken=b03f5f7f11d50a3a" className="SharpBag.ExtensionsTest, SharpBag.Tests, Version=0.0.0.0, Culture=neutral, PublicKeyToken=null" name="NullOr90703" />
    </UnitTest>
    <UnitTest name="IfNotNull17303" storage="c:\users\suprdewd\documents\projects\sharpbag\sharpbag.tests\bin\release\sharpbag.tests.dll" id="d75bbbff-3e3e-ac68-2b4f-48cfb14f2d0a">
      <Execution id="edd640c5-57ee-4942-b631-c1149ad7d86f" />
      <TestMethod codeBase="C:/Users/SuprDewd/Documents/Projects/SharpBag/SharpBag.Tests/bin/Release/SharpBag.Tests.DLL" adapterTypeName="Microsoft.VisualStudio.TestTools.TestTypes.Unit.UnitTestAdapter, Microsoft.VisualStudio.QualityTools.Tips.UnitTest.Adapter, Version=10.0.0.0, Culture=neutral, PublicKeyToken=b03f5f7f11d50a3a" className="SharpBag.ExtensionsTest, SharpBag.Tests, Version=0.0.0.0, Culture=neutral, PublicKeyToken=null" name="IfNotNull17303" />
    </UnitTest>
    <UnitTest name="NullOr71405" storage="c:\users\suprdewd\documents\projects\sharpbag\sharpbag.tests\bin\release\sharpbag.tests.dll" id="65cd41cd-3590-8447-2d3a-ee7f389d323c">
      <Execution id="13698f22-bf39-40d9-a3c9-763ec5084ee4" />
      <TestMethod codeBase="C:/Users/SuprDewd/Documents/Projects/SharpBag/SharpBag.Tests/bin/Release/SharpBag.Tests.DLL" adapterTypeName="Microsoft.VisualStudio.TestTools.TestTypes.Unit.UnitTestAdapter, Microsoft.VisualStudio.QualityTools.Tips.UnitTest.Adapter, Version=10.0.0.0, Culture=neutral, PublicKeyToken=b03f5f7f11d50a3a" className="SharpBag.ExtensionsTest, SharpBag.Tests, Version=0.0.0.0, Culture=neutral, PublicKeyToken=null" name="NullOr71405" />
    </UnitTest>
    <UnitTest name="Add88506" storage="c:\users\suprdewd\documents\projects\sharpbag\sharpbag.tests\bin\release\sharpbag.tests.dll" id="cde3f8df-5511-2974-1851-e9e6d6fb436e">
      <Execution id="0bbae3c4-7d5a-42c6-9b73-915893d67efb" />
      <TestMethod codeBase="C:/Users/SuprDewd/Documents/Projects/SharpBag/SharpBag.Tests/bin/Release/SharpBag.Tests.DLL" adapterTypeName="Microsoft.VisualStudio.TestTools.TestTypes.Unit.UnitTestAdapter, Microsoft.VisualStudio.QualityTools.Tips.UnitTest.Adapter, Version=10.0.0.0, Culture=neutral, PublicKeyToken=b03f5f7f11d50a3a" className="SharpBag.ExtensionsTest, SharpBag.Tests, Version=0.0.0.0, Culture=neutral, PublicKeyToken=null" name="Add88506" />
    </UnitTest>
    <UnitTest name="As0166402" storage="c:\users\suprdewd\documents\projects\sharpbag\sharpbag.tests\bin\release\sharpbag.tests.dll" id="7a9400e0-6f1a-74cc-aaf2-4e620d01eac4">
      <Execution id="1c98eab2-2180-4dce-9e95-7972e28ba38a" />
      <TestMethod codeBase="C:/Users/SuprDewd/Documents/Projects/SharpBag/SharpBag.Tests/bin/Release/SharpBag.Tests.DLL" adapterTypeName="Microsoft.VisualStudio.TestTools.TestTypes.Unit.UnitTestAdapter, Microsoft.VisualStudio.QualityTools.Tips.UnitTest.Adapter, Version=10.0.0.0, Culture=neutral, PublicKeyToken=b03f5f7f11d50a3a" className="SharpBag.ExtensionsTest, SharpBag.Tests, Version=0.0.0.0, Culture=neutral, PublicKeyToken=null" name="As0166402" />
    </UnitTest>
    <UnitTest name="As170" storage="c:\users\suprdewd\documents\projects\sharpbag\sharpbag.tests\bin\release\sharpbag.tests.dll" id="0e645c38-e73b-967d-e94f-74a8d38a05b3">
      <Execution id="987aafee-27d1-4863-b24a-50a266a9f4c7" />
      <TestMethod codeBase="C:/Users/SuprDewd/Documents/Projects/SharpBag/SharpBag.Tests/bin/Release/SharpBag.Tests.DLL" adapterTypeName="Microsoft.VisualStudio.TestTools.TestTypes.Unit.UnitTestAdapter, Microsoft.VisualStudio.QualityTools.Tips.UnitTest.Adapter, Version=10.0.0.0, Culture=neutral, PublicKeyToken=b03f5f7f11d50a3a" className="SharpBag.ExtensionsTest, SharpBag.Tests, Version=0.0.0.0, Culture=neutral, PublicKeyToken=null" name="As170" />
    </UnitTest>
    <UnitTest name="Fill0110503" storage="c:\users\suprdewd\documents\projects\sharpbag\sharpbag.tests\bin\release\sharpbag.tests.dll" id="2f965438-892b-963f-1d2d-a0dc16402531">
      <Execution id="51007925-b1ca-4b67-b9ac-b577456d177d" />
      <TestMethod codeBase="C:/Users/SuprDewd/Documents/Projects/SharpBag/SharpBag.Tests/bin/Release/SharpBag.Tests.DLL" adapterTypeName="Microsoft.VisualStudio.TestTools.TestTypes.Unit.UnitTestAdapter, Microsoft.VisualStudio.QualityTools.Tips.UnitTest.Adapter, Version=10.0.0.0, Culture=neutral, PublicKeyToken=b03f5f7f11d50a3a" className="SharpBag.ExtensionsTest, SharpBag.Tests, Version=0.0.0.0, Culture=neutral, PublicKeyToken=null" name="Fill0110503" />
    </UnitTest>
    <UnitTest name="IfNotNull17302" storage="c:\users\suprdewd\documents\projects\sharpbag\sharpbag.tests\bin\release\sharpbag.tests.dll" id="46ca0fd9-03e1-55e3-3ad7-b4625d8d07c0">
      <Execution id="b57cdd93-f47f-4055-a6ce-8b67804f2a8e" />
      <TestMethod codeBase="C:/Users/SuprDewd/Documents/Projects/SharpBag/SharpBag.Tests/bin/Release/SharpBag.Tests.DLL" adapterTypeName="Microsoft.VisualStudio.TestTools.TestTypes.Unit.UnitTestAdapter, Microsoft.VisualStudio.QualityTools.Tips.UnitTest.Adapter, Version=10.0.0.0, Culture=neutral, PublicKeyToken=b03f5f7f11d50a3a" className="SharpBag.ExtensionsTest, SharpBag.Tests, Version=0.0.0.0, Culture=neutral, PublicKeyToken=null" name="IfNotNull17302" />
    </UnitTest>
    <UnitTest name="As0166405" storage="c:\users\suprdewd\documents\projects\sharpbag\sharpbag.tests\bin\release\sharpbag.tests.dll" id="e197bdfc-0045-603d-fd55-1b37a447bd99">
      <Execution id="8d5c54d9-3d52-4793-8063-365dc9a8594a" />
      <TestMethod codeBase="C:/Users/SuprDewd/Documents/Projects/SharpBag/SharpBag.Tests/bin/Release/SharpBag.Tests.DLL" adapterTypeName="Microsoft.VisualStudio.TestTools.TestTypes.Unit.UnitTestAdapter, Microsoft.VisualStudio.QualityTools.Tips.UnitTest.Adapter, Version=10.0.0.0, Culture=neutral, PublicKeyToken=b03f5f7f11d50a3a" className="SharpBag.ExtensionsTest, SharpBag.Tests, Version=0.0.0.0, Culture=neutral, PublicKeyToken=null" name="As0166405" />
    </UnitTest>
    <UnitTest name="As0163223" storage="c:\users\suprdewd\documents\projects\sharpbag\sharpbag.tests\bin\release\sharpbag.tests.dll" id="ec55615d-1e36-c752-f2bf-b20284d0ae33">
      <Execution id="d06602f3-d349-4524-bad8-04a8943135b4" />
      <TestMethod codeBase="C:/Users/SuprDewd/Documents/Projects/SharpBag/SharpBag.Tests/bin/Release/SharpBag.Tests.DLL" adapterTypeName="Microsoft.VisualStudio.TestTools.TestTypes.Unit.UnitTestAdapter, Microsoft.VisualStudio.QualityTools.Tips.UnitTest.Adapter, Version=10.0.0.0, Culture=neutral, PublicKeyToken=b03f5f7f11d50a3a" className="SharpBag.ExtensionsTest, SharpBag.Tests, Version=0.0.0.0, Culture=neutral, PublicKeyToken=null" name="As0163223" />
    </UnitTest>
    <UnitTest name="UnionAll02ThrowsContractException669" storage="c:\users\suprdewd\documents\projects\sharpbag\sharpbag.tests\bin\release\sharpbag.tests.dll" id="4828b82d-197c-d38d-1052-fb24855ec6ae">
      <Execution id="6e39631a-e0ae-4529-8a5c-6a1675b32e3a" />
      <TestMethod codeBase="C:/Users/SuprDewd/Documents/Projects/SharpBag/SharpBag.Tests/bin/Release/SharpBag.Tests.DLL" adapterTypeName="Microsoft.VisualStudio.TestTools.TestTypes.Unit.UnitTestAdapter, Microsoft.VisualStudio.QualityTools.Tips.UnitTest.Adapter, Version=10.0.0.0, Culture=neutral, PublicKeyToken=b03f5f7f11d50a3a" className="SharpBag.ExtensionsTest, SharpBag.Tests, Version=0.0.0.0, Culture=neutral, PublicKeyToken=null" name="UnionAll02ThrowsContractException669" />
    </UnitTest>
    <UnitTest name="UnionAllThrowsContractException498" storage="c:\users\suprdewd\documents\projects\sharpbag\sharpbag.tests\bin\release\sharpbag.tests.dll" id="0c6370f1-3a15-0de1-18cb-8da30dd57ee7">
      <Execution id="89ed64b2-d5e2-4632-94bb-3162b29f0131" />
      <TestMethod codeBase="C:/Users/SuprDewd/Documents/Projects/SharpBag/SharpBag.Tests/bin/Release/SharpBag.Tests.DLL" adapterTypeName="Microsoft.VisualStudio.TestTools.TestTypes.Unit.UnitTestAdapter, Microsoft.VisualStudio.QualityTools.Tips.UnitTest.Adapter, Version=10.0.0.0, Culture=neutral, PublicKeyToken=b03f5f7f11d50a3a" className="SharpBag.ExtensionsTest, SharpBag.Tests, Version=0.0.0.0, Culture=neutral, PublicKeyToken=null" name="UnionAllThrowsContractException498" />
    </UnitTest>
    <UnitTest name="RangeThrowsContractException958" storage="c:\users\suprdewd\documents\projects\sharpbag\sharpbag.tests\bin\release\sharpbag.tests.dll" id="0cb477c5-7b02-500d-45eb-bb863b0c13bb">
      <Execution id="4eaa2c37-25b2-42f8-951f-17ccc20fd3b0" />
      <TestMethod codeBase="C:/Users/SuprDewd/Documents/Projects/SharpBag/SharpBag.Tests/bin/Release/SharpBag.Tests.DLL" adapterTypeName="Microsoft.VisualStudio.TestTools.TestTypes.Unit.UnitTestAdapter, Microsoft.VisualStudio.QualityTools.Tips.UnitTest.Adapter, Version=10.0.0.0, Culture=neutral, PublicKeyToken=b03f5f7f11d50a3a" className="SharpBag.ExtensionsTest, SharpBag.Tests, Version=0.0.0.0, Culture=neutral, PublicKeyToken=null" name="RangeThrowsContractException958" />
    </UnitTest>
    <UnitTest name="Add88502" storage="c:\users\suprdewd\documents\projects\sharpbag\sharpbag.tests\bin\release\sharpbag.tests.dll" id="6fb9b650-50a8-89e9-0d35-3a3dc4939152">
      <Execution id="b9022aea-82e3-403c-85c9-acfcb847a659" />
      <TestMethod codeBase="C:/Users/SuprDewd/Documents/Projects/SharpBag/SharpBag.Tests/bin/Release/SharpBag.Tests.DLL" adapterTypeName="Microsoft.VisualStudio.TestTools.TestTypes.Unit.UnitTestAdapter, Microsoft.VisualStudio.QualityTools.Tips.UnitTest.Adapter, Version=10.0.0.0, Culture=neutral, PublicKeyToken=b03f5f7f11d50a3a" className="SharpBag.ExtensionsTest, SharpBag.Tests, Version=0.0.0.0, Culture=neutral, PublicKeyToken=null" name="Add88502" />
    </UnitTest>
    <UnitTest name="As0132102" storage="c:\users\suprdewd\documents\projects\sharpbag\sharpbag.tests\bin\release\sharpbag.tests.dll" id="920395ef-4d81-2796-a8e3-57b62c679836">
      <Execution id="585f5e6e-fde1-422f-abb4-1452448811f3" />
      <TestMethod codeBase="C:/Users/SuprDewd/Documents/Projects/SharpBag/SharpBag.Tests/bin/Release/SharpBag.Tests.DLL" adapterTypeName="Microsoft.VisualStudio.TestTools.TestTypes.Unit.UnitTestAdapter, Microsoft.VisualStudio.QualityTools.Tips.UnitTest.Adapter, Version=10.0.0.0, Culture=neutral, PublicKeyToken=b03f5f7f11d50a3a" className="SharpBag.ExtensionsTest, SharpBag.Tests, Version=0.0.0.0, Culture=neutral, PublicKeyToken=null" name="As0132102" />
    </UnitTest>
    <UnitTest name="CollatzCount510" storage="c:\users\suprdewd\documents\projects\sharpbag\sharpbag.tests\bin\release\sharpbag.tests.dll" id="1b741696-a239-fa83-4bfb-5be27d6d2eb3">
      <Execution id="34f91791-6ae6-42a3-bffe-81a0c0072a7a" />
      <TestMethod codeBase="C:/Users/SuprDewd/Documents/Projects/SharpBag/SharpBag.Tests/bin/Release/SharpBag.Tests.DLL" adapterTypeName="Microsoft.VisualStudio.TestTools.TestTypes.Unit.UnitTestAdapter, Microsoft.VisualStudio.QualityTools.Tips.UnitTest.Adapter, Version=10.0.0.0, Culture=neutral, PublicKeyToken=b03f5f7f11d50a3a" className="SharpBag.Math.MathExtensionsTest, SharpBag.Tests, Version=0.0.0.0, Culture=neutral, PublicKeyToken=null" name="CollatzCount510" />
    </UnitTest>
    <UnitTest name="As01ThrowsContractException598" storage="c:\users\suprdewd\documents\projects\sharpbag\sharpbag.tests\bin\release\sharpbag.tests.dll" id="d547ad6e-782f-a39e-e1be-9fb7bf1da3b9">
      <Execution id="e4c47c35-bede-4045-a6cd-8e04954fccb6" />
      <TestMethod codeBase="C:/Users/SuprDewd/Documents/Projects/SharpBag/SharpBag.Tests/bin/Release/SharpBag.Tests.DLL" adapterTypeName="Microsoft.VisualStudio.TestTools.TestTypes.Unit.UnitTestAdapter, Microsoft.VisualStudio.QualityTools.Tips.UnitTest.Adapter, Version=10.0.0.0, Culture=neutral, PublicKeyToken=b03f5f7f11d50a3a" className="SharpBag.ExtensionsTest, SharpBag.Tests, Version=0.0.0.0, Culture=neutral, PublicKeyToken=null" name="As01ThrowsContractException598" />
    </UnitTest>
    <UnitTest name="Single617" storage="c:\users\suprdewd\documents\projects\sharpbag\sharpbag.tests\bin\release\sharpbag.tests.dll" id="b6dfae7d-5cf1-2d64-17e8-8a5ce5813218">
      <Execution id="4eb25bc2-eca5-4956-94eb-7e06541c2664" />
      <TestMethod codeBase="C:/Users/SuprDewd/Documents/Projects/SharpBag/SharpBag.Tests/bin/Release/SharpBag.Tests.DLL" adapterTypeName="Microsoft.VisualStudio.TestTools.TestTypes.Unit.UnitTestAdapter, Microsoft.VisualStudio.QualityTools.Tips.UnitTest.Adapter, Version=10.0.0.0, Culture=neutral, PublicKeyToken=b03f5f7f11d50a3a" className="SharpBag.UtilsTest, SharpBag.Tests, Version=0.0.0.0, Culture=neutral, PublicKeyToken=null" name="Single617" />
    </UnitTest>
    <UnitTest name="IsIn570" storage="c:\users\suprdewd\documents\projects\sharpbag\sharpbag.tests\bin\release\sharpbag.tests.dll" id="1e811e95-82b3-7182-a1a6-ec99686bab87">
      <Execution id="2cd6af5a-e780-4d8a-a373-43ae79294484" />
      <TestMethod codeBase="C:/Users/SuprDewd/Documents/Projects/SharpBag/SharpBag.Tests/bin/Release/SharpBag.Tests.DLL" adapterTypeName="Microsoft.VisualStudio.TestTools.TestTypes.Unit.UnitTestAdapter, Microsoft.VisualStudio.QualityTools.Tips.UnitTest.Adapter, Version=10.0.0.0, Culture=neutral, PublicKeyToken=b03f5f7f11d50a3a" className="SharpBag.ExtensionsTest, SharpBag.Tests, Version=0.0.0.0, Culture=neutral, PublicKeyToken=null" name="IsIn570" />
    </UnitTest>
    <UnitTest name="Shuffle52101" storage="c:\users\suprdewd\documents\projects\sharpbag\sharpbag.tests\bin\release\sharpbag.tests.dll" id="2e27cda4-16b0-824b-d141-c5b5382ec851">
      <Execution id="c39df63c-baaa-409d-bcea-dff5784984ed" />
      <TestMethod codeBase="C:/Users/SuprDewd/Documents/Projects/SharpBag/SharpBag.Tests/bin/Release/SharpBag.Tests.DLL" adapterTypeName="Microsoft.VisualStudio.TestTools.TestTypes.Unit.UnitTestAdapter, Microsoft.VisualStudio.QualityTools.Tips.UnitTest.Adapter, Version=10.0.0.0, Culture=neutral, PublicKeyToken=b03f5f7f11d50a3a" className="SharpBag.ExtensionsTest, SharpBag.Tests, Version=0.0.0.0, Culture=neutral, PublicKeyToken=null" name="Shuffle52101" />
    </UnitTest>
    <UnitTest name="As0163253" storage="c:\users\suprdewd\documents\projects\sharpbag\sharpbag.tests\bin\release\sharpbag.tests.dll" id="e8dd01cd-30c9-943f-8fc4-f4240bad21f1">
      <Execution id="e177ff07-6e30-41a6-83f1-1c3b6c8041ec" />
      <TestMethod codeBase="C:/Users/SuprDewd/Documents/Projects/SharpBag/SharpBag.Tests/bin/Release/SharpBag.Tests.DLL" adapterTypeName="Microsoft.VisualStudio.TestTools.TestTypes.Unit.UnitTestAdapter, Microsoft.VisualStudio.QualityTools.Tips.UnitTest.Adapter, Version=10.0.0.0, Culture=neutral, PublicKeyToken=b03f5f7f11d50a3a" className="SharpBag.ExtensionsTest, SharpBag.Tests, Version=0.0.0.0, Culture=neutral, PublicKeyToken=null" name="As0163253" />
    </UnitTest>
    <UnitTest name="To0459801" storage="c:\users\suprdewd\documents\projects\sharpbag\sharpbag.tests\bin\release\sharpbag.tests.dll" id="0e73a463-cb0d-f992-9d84-5941849f04d6">
      <Execution id="2b59e830-8029-4729-88de-e9f0eb6ec098" />
      <TestMethod codeBase="C:/Users/SuprDewd/Documents/Projects/SharpBag/SharpBag.Tests/bin/Release/SharpBag.Tests.DLL" adapterTypeName="Microsoft.VisualStudio.TestTools.TestTypes.Unit.UnitTestAdapter, Microsoft.VisualStudio.QualityTools.Tips.UnitTest.Adapter, Version=10.0.0.0, Culture=neutral, PublicKeyToken=b03f5f7f11d50a3a" className="SharpBag.ExtensionsTest, SharpBag.Tests, Version=0.0.0.0, Culture=neutral, PublicKeyToken=null" name="To0459801" />
    </UnitTest>
    <UnitTest name="CountGet1901" storage="c:\users\suprdewd\documents\projects\sharpbag\sharpbag.tests\bin\release\sharpbag.tests.dll" id="fa540630-b33a-7141-4c49-c4e59268577a">
      <Execution id="59e731f7-7f80-4cb4-bd69-c4fcc903383e" />
      <TestMethod codeBase="C:/Users/SuprDewd/Documents/Projects/SharpBag/SharpBag.Tests/bin/Release/SharpBag.Tests.DLL" adapterTypeName="Microsoft.VisualStudio.TestTools.TestTypes.Unit.UnitTestAdapter, Microsoft.VisualStudio.QualityTools.Tips.UnitTest.Adapter, Version=10.0.0.0, Culture=neutral, PublicKeyToken=b03f5f7f11d50a3a" className="SharpBag.Algorithms.PriorityQueueTTest, SharpBag.Tests, Version=0.0.0.0, Culture=neutral, PublicKeyToken=null" name="CountGet1901" />
    </UnitTest>
    <UnitTest name="Add609" storage="c:\users\suprdewd\documents\projects\sharpbag\sharpbag.tests\bin\release\sharpbag.tests.dll" id="7068f11c-cf82-d38d-0f16-16dd9f7c090f">
      <Execution id="4481f1e7-4115-4e58-a837-5a0f0925e521" />
      <TestMethod codeBase="C:/Users/SuprDewd/Documents/Projects/SharpBag/SharpBag.Tests/bin/Release/SharpBag.Tests.DLL" adapterTypeName="Microsoft.VisualStudio.TestTools.TestTypes.Unit.UnitTestAdapter, Microsoft.VisualStudio.QualityTools.Tips.UnitTest.Adapter, Version=10.0.0.0, Culture=neutral, PublicKeyToken=b03f5f7f11d50a3a" className="SharpBag.ExtensionsTest, SharpBag.Tests, Version=0.0.0.0, Culture=neutral, PublicKeyToken=null" name="Add609" />
    </UnitTest>
    <UnitTest name="Execute424" storage="c:\users\suprdewd\documents\projects\sharpbag\sharpbag.tests\bin\release\sharpbag.tests.dll" id="c3a5f774-5c25-7fa7-593c-10a98b5db768">
      <Execution id="43835e6c-4df7-4640-984a-8e445eb9f6cb" />
      <TestMethod codeBase="C:/Users/SuprDewd/Documents/Projects/SharpBag/SharpBag.Tests/bin/Release/SharpBag.Tests.DLL" adapterTypeName="Microsoft.VisualStudio.TestTools.TestTypes.Unit.UnitTestAdapter, Microsoft.VisualStudio.QualityTools.Tips.UnitTest.Adapter, Version=10.0.0.0, Culture=neutral, PublicKeyToken=b03f5f7f11d50a3a" className="SharpBag.ExtensionsTest, SharpBag.Tests, Version=0.0.0.0, Culture=neutral, PublicKeyToken=null" name="Execute424" />
    </UnitTest>
    <UnitTest name="ForEach78803" storage="c:\users\suprdewd\documents\projects\sharpbag\sharpbag.tests\bin\release\sharpbag.tests.dll" id="71153c10-625e-eee7-0105-ad1f18f9fb72">
      <Execution id="6e61cc46-9c8b-4a33-b13b-b5bbc39dfa38" />
      <TestMethod codeBase="C:/Users/SuprDewd/Documents/Projects/SharpBag/SharpBag.Tests/bin/Release/SharpBag.Tests.DLL" adapterTypeName="Microsoft.VisualStudio.TestTools.TestTypes.Unit.UnitTestAdapter, Microsoft.VisualStudio.QualityTools.Tips.UnitTest.Adapter, Version=10.0.0.0, Culture=neutral, PublicKeyToken=b03f5f7f11d50a3a" className="SharpBag.ExtensionsTest, SharpBag.Tests, Version=0.0.0.0, Culture=neutral, PublicKeyToken=null" name="ForEach78803" />
    </UnitTest>
    <UnitTest name="Fill0110501" storage="c:\users\suprdewd\documents\projects\sharpbag\sharpbag.tests\bin\release\sharpbag.tests.dll" id="19033310-a8dd-db0b-1dcd-2bf1bef510ca">
      <Execution id="070a4012-3043-411b-b157-d5fe4085966d" />
      <TestMethod codeBase="C:/Users/SuprDewd/Documents/Projects/SharpBag/SharpBag.Tests/bin/Release/SharpBag.Tests.DLL" adapterTypeName="Microsoft.VisualStudio.TestTools.TestTypes.Unit.UnitTestAdapter, Microsoft.VisualStudio.QualityTools.Tips.UnitTest.Adapter, Version=10.0.0.0, Culture=neutral, PublicKeyToken=b03f5f7f11d50a3a" className="SharpBag.ExtensionsTest, SharpBag.Tests, Version=0.0.0.0, Culture=neutral, PublicKeyToken=null" name="Fill0110501" />
    </UnitTest>
    <UnitTest name="ForEachThrowsContractException599" storage="c:\users\suprdewd\documents\projects\sharpbag\sharpbag.tests\bin\release\sharpbag.tests.dll" id="361a1550-e2b2-7624-b616-00a1d7f9e7ef">
      <Execution id="5ef42f84-1e1d-4905-b88b-35a1fbc7e5cc" />
      <TestMethod codeBase="C:/Users/SuprDewd/Documents/Projects/SharpBag/SharpBag.Tests/bin/Release/SharpBag.Tests.DLL" adapterTypeName="Microsoft.VisualStudio.TestTools.TestTypes.Unit.UnitTestAdapter, Microsoft.VisualStudio.QualityTools.Tips.UnitTest.Adapter, Version=10.0.0.0, Culture=neutral, PublicKeyToken=b03f5f7f11d50a3a" className="SharpBag.ExtensionsTest, SharpBag.Tests, Version=0.0.0.0, Culture=neutral, PublicKeyToken=null" name="ForEachThrowsContractException599" />
    </UnitTest>
    <UnitTest name="ForEach90804" storage="c:\users\suprdewd\documents\projects\sharpbag\sharpbag.tests\bin\release\sharpbag.tests.dll" id="116e53ad-53cc-1f8c-5eeb-a61eba3cd5e8">
      <Execution id="2442e3b0-8f3e-4f8c-87ec-88623c7d7d79" />
      <TestMethod codeBase="C:/Users/SuprDewd/Documents/Projects/SharpBag/SharpBag.Tests/bin/Release/SharpBag.Tests.DLL" adapterTypeName="Microsoft.VisualStudio.TestTools.TestTypes.Unit.UnitTestAdapter, Microsoft.VisualStudio.QualityTools.Tips.UnitTest.Adapter, Version=10.0.0.0, Culture=neutral, PublicKeyToken=b03f5f7f11d50a3a" className="SharpBag.ExtensionsTest, SharpBag.Tests, Version=0.0.0.0, Culture=neutral, PublicKeyToken=null" name="ForEach90804" />
    </UnitTest>
    <UnitTest name="NullOr71404" storage="c:\users\suprdewd\documents\projects\sharpbag\sharpbag.tests\bin\release\sharpbag.tests.dll" id="4d41008a-7d5b-c195-89ca-25e2bba2803d">
      <Execution id="883d47e2-8f1b-40d3-b875-eb98e6401154" />
      <TestMethod codeBase="C:/Users/SuprDewd/Documents/Projects/SharpBag/SharpBag.Tests/bin/Release/SharpBag.Tests.DLL" adapterTypeName="Microsoft.VisualStudio.TestTools.TestTypes.Unit.UnitTestAdapter, Microsoft.VisualStudio.QualityTools.Tips.UnitTest.Adapter, Version=10.0.0.0, Culture=neutral, PublicKeyToken=b03f5f7f11d50a3a" className="SharpBag.ExtensionsTest, SharpBag.Tests, Version=0.0.0.0, Culture=neutral, PublicKeyToken=null" name="NullOr71404" />
    </UnitTest>
    <UnitTest name="ForEach125" storage="c:\users\suprdewd\documents\projects\sharpbag\sharpbag.tests\bin\release\sharpbag.tests.dll" id="193af604-0c49-1c0a-39c2-739404c2ca21">
      <Execution id="aa99a7ca-4fc3-440a-a5ab-3181562bbf6a" />
      <TestMethod codeBase="C:/Users/SuprDewd/Documents/Projects/SharpBag/SharpBag.Tests/bin/Release/SharpBag.Tests.DLL" adapterTypeName="Microsoft.VisualStudio.TestTools.TestTypes.Unit.UnitTestAdapter, Microsoft.VisualStudio.QualityTools.Tips.UnitTest.Adapter, Version=10.0.0.0, Culture=neutral, PublicKeyToken=b03f5f7f11d50a3a" className="SharpBag.ExtensionsTest, SharpBag.Tests, Version=0.0.0.0, Culture=neutral, PublicKeyToken=null" name="ForEach125" />
    </UnitTest>
    <UnitTest name="IfNotNull17301" storage="c:\users\suprdewd\documents\projects\sharpbag\sharpbag.tests\bin\release\sharpbag.tests.dll" id="fdc6582f-0eab-5f36-d160-7547a6de5dbb">
      <Execution id="6ab7ef11-22a9-43a0-bc88-61c0c9898875" />
      <TestMethod codeBase="C:/Users/SuprDewd/Documents/Projects/SharpBag/SharpBag.Tests/bin/Release/SharpBag.Tests.DLL" adapterTypeName="Microsoft.VisualStudio.TestTools.TestTypes.Unit.UnitTestAdapter, Microsoft.VisualStudio.QualityTools.Tips.UnitTest.Adapter, Version=10.0.0.0, Culture=neutral, PublicKeyToken=b03f5f7f11d50a3a" className="SharpBag.ExtensionsTest, SharpBag.Tests, Version=0.0.0.0, Culture=neutral, PublicKeyToken=null" name="IfNotNull17301" />
    </UnitTest>
    <UnitTest name="Enqueue74301" storage="c:\users\suprdewd\documents\projects\sharpbag\sharpbag.tests\bin\release\sharpbag.tests.dll" id="5f0a5483-d074-35b1-500e-1196c2881235">
      <Execution id="69a4f62d-113d-4e53-99c2-dcfdd36c437e" />
      <TestMethod codeBase="C:/Users/SuprDewd/Documents/Projects/SharpBag/SharpBag.Tests/bin/Release/SharpBag.Tests.DLL" adapterTypeName="Microsoft.VisualStudio.TestTools.TestTypes.Unit.UnitTestAdapter, Microsoft.VisualStudio.QualityTools.Tips.UnitTest.Adapter, Version=10.0.0.0, Culture=neutral, PublicKeyToken=b03f5f7f11d50a3a" className="SharpBag.Algorithms.PriorityQueueTTest, SharpBag.Tests, Version=0.0.0.0, Culture=neutral, PublicKeyToken=null" name="Enqueue74301" />
    </UnitTest>
    <UnitTest name="UnionAllThrowsContractException888" storage="c:\users\suprdewd\documents\projects\sharpbag\sharpbag.tests\bin\release\sharpbag.tests.dll" id="2fd85783-fc83-f96f-d9bf-a6bcc5a252f1">
      <Execution id="6e6a3d12-d56f-4084-b372-e0c1c2bd51dd" />
      <TestMethod codeBase="C:/Users/SuprDewd/Documents/Projects/SharpBag/SharpBag.Tests/bin/Release/SharpBag.Tests.DLL" adapterTypeName="Microsoft.VisualStudio.TestTools.TestTypes.Unit.UnitTestAdapter, Microsoft.VisualStudio.QualityTools.Tips.UnitTest.Adapter, Version=10.0.0.0, Culture=neutral, PublicKeyToken=b03f5f7f11d50a3a" className="SharpBag.ExtensionsTest, SharpBag.Tests, Version=0.0.0.0, Culture=neutral, PublicKeyToken=null" name="UnionAllThrowsContractException888" />
    </UnitTest>
    <UnitTest name="CollatzCount01510" storage="c:\users\suprdewd\documents\projects\sharpbag\sharpbag.tests\bin\release\sharpbag.tests.dll" id="2cd94b85-ca28-7ec9-b7f9-ff8305b67d1c">
      <Execution id="21616ca5-8594-4097-8a63-620d2b31dcc6" />
      <TestMethod codeBase="C:/Users/SuprDewd/Documents/Projects/SharpBag/SharpBag.Tests/bin/Release/SharpBag.Tests.DLL" adapterTypeName="Microsoft.VisualStudio.TestTools.TestTypes.Unit.UnitTestAdapter, Microsoft.VisualStudio.QualityTools.Tips.UnitTest.Adapter, Version=10.0.0.0, Culture=neutral, PublicKeyToken=b03f5f7f11d50a3a" className="SharpBag.Math.MathExtensionsTest, SharpBag.Tests, Version=0.0.0.0, Culture=neutral, PublicKeyToken=null" name="CollatzCount01510" />
    </UnitTest>
    <UnitTest name="As0163236" storage="c:\users\suprdewd\documents\projects\sharpbag\sharpbag.tests\bin\release\sharpbag.tests.dll" id="055e48df-0214-9f4b-ed2b-c5a320ca2c7d">
      <Execution id="a4544959-26a9-48e0-aa9f-69a8bb469f8e" />
      <TestMethod codeBase="C:/Users/SuprDewd/Documents/Projects/SharpBag/SharpBag.Tests/bin/Release/SharpBag.Tests.DLL" adapterTypeName="Microsoft.VisualStudio.TestTools.TestTypes.Unit.UnitTestAdapter, Microsoft.VisualStudio.QualityTools.Tips.UnitTest.Adapter, Version=10.0.0.0, Culture=neutral, PublicKeyToken=b03f5f7f11d50a3a" className="SharpBag.ExtensionsTest, SharpBag.Tests, Version=0.0.0.0, Culture=neutral, PublicKeyToken=null" name="As0163236" />
    </UnitTest>
    <UnitTest name="NullOr71401" storage="c:\users\suprdewd\documents\projects\sharpbag\sharpbag.tests\bin\release\sharpbag.tests.dll" id="86c02588-b87f-32bd-880b-56b0d73c1993">
      <Execution id="709eacd3-57e9-4a65-8caa-5b8ee321e908" />
      <TestMethod codeBase="C:/Users/SuprDewd/Documents/Projects/SharpBag/SharpBag.Tests/bin/Release/SharpBag.Tests.DLL" adapterTypeName="Microsoft.VisualStudio.TestTools.TestTypes.Unit.UnitTestAdapter, Microsoft.VisualStudio.QualityTools.Tips.UnitTest.Adapter, Version=10.0.0.0, Culture=neutral, PublicKeyToken=b03f5f7f11d50a3a" className="SharpBag.ExtensionsTest, SharpBag.Tests, Version=0.0.0.0, Culture=neutral, PublicKeyToken=null" name="NullOr71401" />
    </UnitTest>
    <UnitTest name="TakeEveryThrowsContractException597" storage="c:\users\suprdewd\documents\projects\sharpbag\sharpbag.tests\bin\release\sharpbag.tests.dll" id="f66902ae-2eb8-36de-bdb4-af24338ae682">
      <Execution id="8d0adeb2-4861-4b65-87ec-16035a9fa917" />
      <TestMethod codeBase="C:/Users/SuprDewd/Documents/Projects/SharpBag/SharpBag.Tests/bin/Release/SharpBag.Tests.DLL" adapterTypeName="Microsoft.VisualStudio.TestTools.TestTypes.Unit.UnitTestAdapter, Microsoft.VisualStudio.QualityTools.Tips.UnitTest.Adapter, Version=10.0.0.0, Culture=neutral, PublicKeyToken=b03f5f7f11d50a3a" className="SharpBag.ExtensionsTest, SharpBag.Tests, Version=0.0.0.0, Culture=neutral, PublicKeyToken=null" name="TakeEveryThrowsContractException597" />
    </UnitTest>
    <UnitTest name="As0163241" storage="c:\users\suprdewd\documents\projects\sharpbag\sharpbag.tests\bin\release\sharpbag.tests.dll" id="2a3bccbe-42e2-9009-af11-20e5efc1eb2e">
      <Execution id="c9cb8768-586e-4c66-8afb-32b9d1117bd0" />
      <TestMethod codeBase="C:/Users/SuprDewd/Documents/Projects/SharpBag/SharpBag.Tests/bin/Release/SharpBag.Tests.DLL" adapterTypeName="Microsoft.VisualStudio.TestTools.TestTypes.Unit.UnitTestAdapter, Microsoft.VisualStudio.QualityTools.Tips.UnitTest.Adapter, Version=10.0.0.0, Culture=neutral, PublicKeyToken=b03f5f7f11d50a3a" className="SharpBag.ExtensionsTest, SharpBag.Tests, Version=0.0.0.0, Culture=neutral, PublicKeyToken=null" name="As0163241" />
    </UnitTest>
    <UnitTest name="IfNotNull17305" storage="c:\users\suprdewd\documents\projects\sharpbag\sharpbag.tests\bin\release\sharpbag.tests.dll" id="a1e0f884-6f4f-6b96-6595-df107952cc43">
      <Execution id="9a0e5801-ba5b-49e8-9c50-e84bc6a63ff6" />
      <TestMethod codeBase="C:/Users/SuprDewd/Documents/Projects/SharpBag/SharpBag.Tests/bin/Release/SharpBag.Tests.DLL" adapterTypeName="Microsoft.VisualStudio.TestTools.TestTypes.Unit.UnitTestAdapter, Microsoft.VisualStudio.QualityTools.Tips.UnitTest.Adapter, Version=10.0.0.0, Culture=neutral, PublicKeyToken=b03f5f7f11d50a3a" className="SharpBag.ExtensionsTest, SharpBag.Tests, Version=0.0.0.0, Culture=neutral, PublicKeyToken=null" name="IfNotNull17305" />
    </UnitTest>
    <UnitTest name="As0136705" storage="c:\users\suprdewd\documents\projects\sharpbag\sharpbag.tests\bin\release\sharpbag.tests.dll" id="37513ae8-9597-0d8b-e168-0cedc873d749">
      <Execution id="8406a175-58db-47ad-9421-bc695985ce25" />
      <TestMethod codeBase="C:/Users/SuprDewd/Documents/Projects/SharpBag/SharpBag.Tests/bin/Release/SharpBag.Tests.DLL" adapterTypeName="Microsoft.VisualStudio.TestTools.TestTypes.Unit.UnitTestAdapter, Microsoft.VisualStudio.QualityTools.Tips.UnitTest.Adapter, Version=10.0.0.0, Culture=neutral, PublicKeyToken=b03f5f7f11d50a3a" className="SharpBag.ExtensionsTest, SharpBag.Tests, Version=0.0.0.0, Culture=neutral, PublicKeyToken=null" name="As0136705" />
    </UnitTest>
    <UnitTest name="FromEnumeratorThrowsContractException632" storage="c:\users\suprdewd\documents\projects\sharpbag\sharpbag.tests\bin\release\sharpbag.tests.dll" id="f55b9351-7cff-05be-34ae-f71cd06467b8">
      <Execution id="23d2952e-7e9c-480f-be69-15c2c63c078a" />
      <TestMethod codeBase="C:/Users/SuprDewd/Documents/Projects/SharpBag/SharpBag.Tests/bin/Release/SharpBag.Tests.DLL" adapterTypeName="Microsoft.VisualStudio.TestTools.TestTypes.Unit.UnitTestAdapter, Microsoft.VisualStudio.QualityTools.Tips.UnitTest.Adapter, Version=10.0.0.0, Culture=neutral, PublicKeyToken=b03f5f7f11d50a3a" className="SharpBag.UtilsTest, SharpBag.Tests, Version=0.0.0.0, Culture=neutral, PublicKeyToken=null" name="FromEnumeratorThrowsContractException632" />
    </UnitTest>
    <UnitTest name="Constructor25201" storage="c:\users\suprdewd\documents\projects\sharpbag\sharpbag.tests\bin\release\sharpbag.tests.dll" id="b32008e9-7a6b-e8be-077f-aa699d6cced0">
      <Execution id="574d602f-8469-4cd6-9af7-91764e91ae62" />
      <TestMethod codeBase="C:/Users/SuprDewd/Documents/Projects/SharpBag/SharpBag.Tests/bin/Release/SharpBag.Tests.DLL" adapterTypeName="Microsoft.VisualStudio.TestTools.TestTypes.Unit.UnitTestAdapter, Microsoft.VisualStudio.QualityTools.Tips.UnitTest.Adapter, Version=10.0.0.0, Culture=neutral, PublicKeyToken=b03f5f7f11d50a3a" className="SharpBag.Algorithms.PriorityQueueTTest, SharpBag.Tests, Version=0.0.0.0, Culture=neutral, PublicKeyToken=null" name="Constructor25201" />
    </UnitTest>
    <UnitTest name="PeekThrowsContractException550" storage="c:\users\suprdewd\documents\projects\sharpbag\sharpbag.tests\bin\release\sharpbag.tests.dll" id="93237b41-2edc-1e5e-efe4-c865b1af2b62">
      <Execution id="c0886442-8787-420e-a79b-5f2e3053915e" />
      <TestMethod codeBase="C:/Users/SuprDewd/Documents/Projects/SharpBag/SharpBag.Tests/bin/Release/SharpBag.Tests.DLL" adapterTypeName="Microsoft.VisualStudio.TestTools.TestTypes.Unit.UnitTestAdapter, Microsoft.VisualStudio.QualityTools.Tips.UnitTest.Adapter, Version=10.0.0.0, Culture=neutral, PublicKeyToken=b03f5f7f11d50a3a" className="SharpBag.Algorithms.PriorityQueueTTest, SharpBag.Tests, Version=0.0.0.0, Culture=neutral, PublicKeyToken=null" name="PeekThrowsContractException550" />
    </UnitTest>
    <UnitTest name="Subarray305" storage="c:\users\suprdewd\documents\projects\sharpbag\sharpbag.tests\bin\release\sharpbag.tests.dll" id="644c941d-d40b-5655-7852-107ffef9acae">
      <Execution id="77057406-370d-455b-b8e9-1158078b559d" />
      <TestMethod codeBase="C:/Users/SuprDewd/Documents/Projects/SharpBag/SharpBag.Tests/bin/Release/SharpBag.Tests.DLL" adapterTypeName="Microsoft.VisualStudio.TestTools.TestTypes.Unit.UnitTestAdapter, Microsoft.VisualStudio.QualityTools.Tips.UnitTest.Adapter, Version=10.0.0.0, Culture=neutral, PublicKeyToken=b03f5f7f11d50a3a" className="SharpBag.ExtensionsTest, SharpBag.Tests, Version=0.0.0.0, Culture=neutral, PublicKeyToken=null" name="Subarray305" />
    </UnitTest>
    <UnitTest name="As0198305" storage="c:\users\suprdewd\documents\projects\sharpbag\sharpbag.tests\bin\release\sharpbag.tests.dll" id="ef82270c-3036-3051-f3de-27b622229225">
      <Execution id="19a4f620-cfc8-448d-8e2a-1cca89c07b8a" />
      <TestMethod codeBase="C:/Users/SuprDewd/Documents/Projects/SharpBag/SharpBag.Tests/bin/Release/SharpBag.Tests.DLL" adapterTypeName="Microsoft.VisualStudio.TestTools.TestTypes.Unit.UnitTestAdapter, Microsoft.VisualStudio.QualityTools.Tips.UnitTest.Adapter, Version=10.0.0.0, Culture=neutral, PublicKeyToken=b03f5f7f11d50a3a" className="SharpBag.ExtensionsTest, SharpBag.Tests, Version=0.0.0.0, Culture=neutral, PublicKeyToken=null" name="As0198305" />
    </UnitTest>
    <UnitTest name="Bound01171" storage="c:\users\suprdewd\documents\projects\sharpbag\sharpbag.tests\bin\release\sharpbag.tests.dll" id="2a73a8ee-edb3-255b-de40-e76f0ee6887d">
      <Execution id="608716d9-f182-478b-b2fd-685f5ad38629" />
      <TestMethod codeBase="C:/Users/SuprDewd/Documents/Projects/SharpBag/SharpBag.Tests/bin/Release/SharpBag.Tests.DLL" adapterTypeName="Microsoft.VisualStudio.TestTools.TestTypes.Unit.UnitTestAdapter, Microsoft.VisualStudio.QualityTools.Tips.UnitTest.Adapter, Version=10.0.0.0, Culture=neutral, PublicKeyToken=b03f5f7f11d50a3a" className="SharpBag.Math.MathExtensionsTest, SharpBag.Tests, Version=0.0.0.0, Culture=neutral, PublicKeyToken=null" name="Bound01171" />
    </UnitTest>
    <UnitTest name="GetEntry793" storage="c:\users\suprdewd\documents\projects\sharpbag\sharpbag.tests\bin\release\sharpbag.tests.dll" id="6e33d2cd-b750-0799-4e58-46b5850c6cde">
      <Execution id="b8fd5518-2a44-4513-ad22-986af54192c9" />
      <TestMethod codeBase="C:/Users/SuprDewd/Documents/Projects/SharpBag/SharpBag.Tests/bin/Release/SharpBag.Tests.DLL" adapterTypeName="Microsoft.VisualStudio.TestTools.TestTypes.Unit.UnitTestAdapter, Microsoft.VisualStudio.QualityTools.Tips.UnitTest.Adapter, Version=10.0.0.0, Culture=neutral, PublicKeyToken=b03f5f7f11d50a3a" className="SharpBag.Math.PascalTriangleTest, SharpBag.Tests, Version=0.0.0.0, Culture=neutral, PublicKeyToken=null" name="GetEntry793" />
    </UnitTest>
    <UnitTest name="IfNotNull17304" storage="c:\users\suprdewd\documents\projects\sharpbag\sharpbag.tests\bin\release\sharpbag.tests.dll" id="5d4547ce-a6eb-4a5d-11b5-fd4fb3f2b4c4">
      <Execution id="33051eb5-32d9-4298-8d2c-f0d39c1d7141" />
      <TestMethod codeBase="C:/Users/SuprDewd/Documents/Projects/SharpBag/SharpBag.Tests/bin/Release/SharpBag.Tests.DLL" adapterTypeName="Microsoft.VisualStudio.TestTools.TestTypes.Unit.UnitTestAdapter, Microsoft.VisualStudio.QualityTools.Tips.UnitTest.Adapter, Version=10.0.0.0, Culture=neutral, PublicKeyToken=b03f5f7f11d50a3a" className="SharpBag.ExtensionsTest, SharpBag.Tests, Version=0.0.0.0, Culture=neutral, PublicKeyToken=null" name="IfNotNull17304" />
    </UnitTest>
    <UnitTest name="To0488601" storage="c:\users\suprdewd\documents\projects\sharpbag\sharpbag.tests\bin\release\sharpbag.tests.dll" id="bd00057e-88b2-1e9c-846b-ed190ddc5717">
      <Execution id="148201db-c3ea-4c19-9932-8d59cb239e4e" />
      <TestMethod codeBase="C:/Users/SuprDewd/Documents/Projects/SharpBag/SharpBag.Tests/bin/Release/SharpBag.Tests.DLL" adapterTypeName="Microsoft.VisualStudio.TestTools.TestTypes.Unit.UnitTestAdapter, Microsoft.VisualStudio.QualityTools.Tips.UnitTest.Adapter, Version=10.0.0.0, Culture=neutral, PublicKeyToken=b03f5f7f11d50a3a" className="SharpBag.ExtensionsTest, SharpBag.Tests, Version=0.0.0.0, Culture=neutral, PublicKeyToken=null" name="To0488601" />
    </UnitTest>
    <UnitTest name="Add88504" storage="c:\users\suprdewd\documents\projects\sharpbag\sharpbag.tests\bin\release\sharpbag.tests.dll" id="92c796c7-6140-7467-0f72-263f4de0d5fd">
      <Execution id="c2d7d806-1a44-42f0-8d99-245e67bc23b0" />
      <TestMethod codeBase="C:/Users/SuprDewd/Documents/Projects/SharpBag/SharpBag.Tests/bin/Release/SharpBag.Tests.DLL" adapterTypeName="Microsoft.VisualStudio.TestTools.TestTypes.Unit.UnitTestAdapter, Microsoft.VisualStudio.QualityTools.Tips.UnitTest.Adapter, Version=10.0.0.0, Culture=neutral, PublicKeyToken=b03f5f7f11d50a3a" className="SharpBag.ExtensionsTest, SharpBag.Tests, Version=0.0.0.0, Culture=neutral, PublicKeyToken=null" name="Add88504" />
    </UnitTest>
    <UnitTest name="As0130305" storage="c:\users\suprdewd\documents\projects\sharpbag\sharpbag.tests\bin\release\sharpbag.tests.dll" id="6a1f2a29-ccc8-fc38-2175-50dd5959bbb5">
      <Execution id="aedcfe16-3041-45a4-9579-7790cf7e3ea8" />
      <TestMethod codeBase="C:/Users/SuprDewd/Documents/Projects/SharpBag/SharpBag.Tests/bin/Release/SharpBag.Tests.DLL" adapterTypeName="Microsoft.VisualStudio.TestTools.TestTypes.Unit.UnitTestAdapter, Microsoft.VisualStudio.QualityTools.Tips.UnitTest.Adapter, Version=10.0.0.0, Culture=neutral, PublicKeyToken=b03f5f7f11d50a3a" className="SharpBag.ExtensionsTest, SharpBag.Tests, Version=0.0.0.0, Culture=neutral, PublicKeyToken=null" name="As0130305" />
    </UnitTest>
    <UnitTest name="Fill0110505" storage="c:\users\suprdewd\documents\projects\sharpbag\sharpbag.tests\bin\release\sharpbag.tests.dll" id="54298867-2de1-54e3-939d-7ba756012afc">
      <Execution id="14d54e55-e25a-4b24-8509-ff7ebc3d0c56" />
      <TestMethod codeBase="C:/Users/SuprDewd/Documents/Projects/SharpBag/SharpBag.Tests/bin/Release/SharpBag.Tests.DLL" adapterTypeName="Microsoft.VisualStudio.TestTools.TestTypes.Unit.UnitTestAdapter, Microsoft.VisualStudio.QualityTools.Tips.UnitTest.Adapter, Version=10.0.0.0, Culture=neutral, PublicKeyToken=b03f5f7f11d50a3a" className="SharpBag.ExtensionsTest, SharpBag.Tests, Version=0.0.0.0, Culture=neutral, PublicKeyToken=null" name="Fill0110505" />
    </UnitTest>
    <UnitTest name="Bound415" storage="c:\users\suprdewd\documents\projects\sharpbag\sharpbag.tests\bin\release\sharpbag.tests.dll" id="b56ad954-f39f-415d-b4cd-5cf900faebf0">
      <Execution id="878336f6-03e0-417c-825c-023c9cf2f91f" />
      <TestMethod codeBase="C:/Users/SuprDewd/Documents/Projects/SharpBag/SharpBag.Tests/bin/Release/SharpBag.Tests.DLL" adapterTypeName="Microsoft.VisualStudio.TestTools.TestTypes.Unit.UnitTestAdapter, Microsoft.VisualStudio.QualityTools.Tips.UnitTest.Adapter, Version=10.0.0.0, Culture=neutral, PublicKeyToken=b03f5f7f11d50a3a" className="SharpBag.Math.MathExtensionsTest, SharpBag.Tests, Version=0.0.0.0, Culture=neutral, PublicKeyToken=null" name="Bound415" />
    </UnitTest>
    <UnitTest name="NullOrThrowsContractException745" storage="c:\users\suprdewd\documents\projects\sharpbag\sharpbag.tests\bin\release\sharpbag.tests.dll" id="41c73ee5-f5f2-636b-5a9a-3a3fb22aecad">
      <Execution id="fd08cda5-e8dd-41bb-b640-108bde52405a" />
      <TestMethod codeBase="C:/Users/SuprDewd/Documents/Projects/SharpBag/SharpBag.Tests/bin/Release/SharpBag.Tests.DLL" adapterTypeName="Microsoft.VisualStudio.TestTools.TestTypes.Unit.UnitTestAdapter, Microsoft.VisualStudio.QualityTools.Tips.UnitTest.Adapter, Version=10.0.0.0, Culture=neutral, PublicKeyToken=b03f5f7f11d50a3a" className="SharpBag.ExtensionsTest, SharpBag.Tests, Version=0.0.0.0, Culture=neutral, PublicKeyToken=null" name="NullOrThrowsContractException745" />
    </UnitTest>
    <UnitTest name="NullOr90704" storage="c:\users\suprdewd\documents\projects\sharpbag\sharpbag.tests\bin\release\sharpbag.tests.dll" id="603d3527-31ad-433b-f22d-64c8d067b62d">
      <Execution id="13f91341-aea0-4dcd-97f6-21cfd00cab6b" />
      <TestMethod codeBase="C:/Users/SuprDewd/Documents/Projects/SharpBag/SharpBag.Tests/bin/Release/SharpBag.Tests.DLL" adapterTypeName="Microsoft.VisualStudio.TestTools.TestTypes.Unit.UnitTestAdapter, Microsoft.VisualStudio.QualityTools.Tips.UnitTest.Adapter, Version=10.0.0.0, Culture=neutral, PublicKeyToken=b03f5f7f11d50a3a" className="SharpBag.ExtensionsTest, SharpBag.Tests, Version=0.0.0.0, Culture=neutral, PublicKeyToken=null" name="NullOr90704" />
    </UnitTest>
    <UnitTest name="As0163218" storage="c:\users\suprdewd\documents\projects\sharpbag\sharpbag.tests\bin\release\sharpbag.tests.dll" id="3403c50d-2a71-9a27-1ea8-652ff438ba45">
      <Execution id="15ac21c1-8e76-4313-8694-473956bd40dc" />
      <TestMethod codeBase="C:/Users/SuprDewd/Documents/Projects/SharpBag/SharpBag.Tests/bin/Release/SharpBag.Tests.DLL" adapterTypeName="Microsoft.VisualStudio.TestTools.TestTypes.Unit.UnitTestAdapter, Microsoft.VisualStudio.QualityTools.Tips.UnitTest.Adapter, Version=10.0.0.0, Culture=neutral, PublicKeyToken=b03f5f7f11d50a3a" className="SharpBag.ExtensionsTest, SharpBag.Tests, Version=0.0.0.0, Culture=neutral, PublicKeyToken=null" name="As0163218" />
    </UnitTest>
    <UnitTest name="As0163234" storage="c:\users\suprdewd\documents\projects\sharpbag\sharpbag.tests\bin\release\sharpbag.tests.dll" id="d0140d76-78ce-58b3-2274-c95b28b0ccfb">
      <Execution id="4c8cd366-297d-48b5-b6ed-4671a5181d62" />
      <TestMethod codeBase="C:/Users/SuprDewd/Documents/Projects/SharpBag/SharpBag.Tests/bin/Release/SharpBag.Tests.DLL" adapterTypeName="Microsoft.VisualStudio.TestTools.TestTypes.Unit.UnitTestAdapter, Microsoft.VisualStudio.QualityTools.Tips.UnitTest.Adapter, Version=10.0.0.0, Culture=neutral, PublicKeyToken=b03f5f7f11d50a3a" className="SharpBag.ExtensionsTest, SharpBag.Tests, Version=0.0.0.0, Culture=neutral, PublicKeyToken=null" name="As0163234" />
    </UnitTest>
    <UnitTest name="Shuffle960" storage="c:\users\suprdewd\documents\projects\sharpbag\sharpbag.tests\bin\release\sharpbag.tests.dll" id="78cde1d7-dc20-60c9-ac3e-224ced9a536f">
      <Execution id="603017f4-17ae-448c-b580-6b45804f03c4" />
      <TestMethod codeBase="C:/Users/SuprDewd/Documents/Projects/SharpBag/SharpBag.Tests/bin/Release/SharpBag.Tests.DLL" adapterTypeName="Microsoft.VisualStudio.TestTools.TestTypes.Unit.UnitTestAdapter, Microsoft.VisualStudio.QualityTools.Tips.UnitTest.Adapter, Version=10.0.0.0, Culture=neutral, PublicKeyToken=b03f5f7f11d50a3a" className="SharpBag.ExtensionsTest, SharpBag.Tests, Version=0.0.0.0, Culture=neutral, PublicKeyToken=null" name="Shuffle960" />
    </UnitTest>
    <UnitTest name="To203" storage="c:\users\suprdewd\documents\projects\sharpbag\sharpbag.tests\bin\release\sharpbag.tests.dll" id="2f442340-39d2-2141-feae-caa93af13693">
      <Execution id="8aa3a68e-29ab-487d-b72c-c4e0b12f8e60" />
      <TestMethod codeBase="C:/Users/SuprDewd/Documents/Projects/SharpBag/SharpBag.Tests/bin/Release/SharpBag.Tests.DLL" adapterTypeName="Microsoft.VisualStudio.TestTools.TestTypes.Unit.UnitTestAdapter, Microsoft.VisualStudio.QualityTools.Tips.UnitTest.Adapter, Version=10.0.0.0, Culture=neutral, PublicKeyToken=b03f5f7f11d50a3a" className="SharpBag.ExtensionsTest, SharpBag.Tests, Version=0.0.0.0, Culture=neutral, PublicKeyToken=null" name="To203" />
    </UnitTest>
    <UnitTest name="IsNullOrEmpty177" storage="c:\users\suprdewd\documents\projects\sharpbag\sharpbag.tests\bin\release\sharpbag.tests.dll" id="14e07649-4bb1-965c-d352-f5e6a62d38fd">
      <Execution id="d46f90c9-ad89-45df-926c-ffee17e50478" />
      <TestMethod codeBase="C:/Users/SuprDewd/Documents/Projects/SharpBag/SharpBag.Tests/bin/Release/SharpBag.Tests.DLL" adapterTypeName="Microsoft.VisualStudio.TestTools.TestTypes.Unit.UnitTestAdapter, Microsoft.VisualStudio.QualityTools.Tips.UnitTest.Adapter, Version=10.0.0.0, Culture=neutral, PublicKeyToken=b03f5f7f11d50a3a" className="SharpBag.ExtensionsTest, SharpBag.Tests, Version=0.0.0.0, Culture=neutral, PublicKeyToken=null" name="IsNullOrEmpty177" />
    </UnitTest>
    <UnitTest name="NextStringThrowsContractException707" storage="c:\users\suprdewd\documents\projects\sharpbag\sharpbag.tests\bin\release\sharpbag.tests.dll" id="5d3e9240-0aab-ea59-1a14-d23dae50d829">
      <Execution id="f78e3f7e-838d-4e01-a171-3297b10f0ac7" />
      <TestMethod codeBase="C:/Users/SuprDewd/Documents/Projects/SharpBag/SharpBag.Tests/bin/Release/SharpBag.Tests.DLL" adapterTypeName="Microsoft.VisualStudio.TestTools.TestTypes.Unit.UnitTestAdapter, Microsoft.VisualStudio.QualityTools.Tips.UnitTest.Adapter, Version=10.0.0.0, Culture=neutral, PublicKeyToken=b03f5f7f11d50a3a" className="SharpBag.RandomExtensionsTest, SharpBag.Tests, Version=0.0.0.0, Culture=neutral, PublicKeyToken=null" name="NextStringThrowsContractException707" />
    </UnitTest>
    <UnitTest name="GetByPercentThrowsContractException15101" storage="c:\users\suprdewd\documents\projects\sharpbag\sharpbag.tests\bin\release\sharpbag.tests.dll" id="3c579db0-0876-cedf-1e56-2a6de957c366">
      <Execution id="f524664b-2693-4bf6-a75a-8ac5541f19d1" />
      <TestMethod codeBase="C:/Users/SuprDewd/Documents/Projects/SharpBag/SharpBag.Tests/bin/Release/SharpBag.Tests.DLL" adapterTypeName="Microsoft.VisualStudio.TestTools.TestTypes.Unit.UnitTestAdapter, Microsoft.VisualStudio.QualityTools.Tips.UnitTest.Adapter, Version=10.0.0.0, Culture=neutral, PublicKeyToken=b03f5f7f11d50a3a" className="SharpBag.ExtensionsTest, SharpBag.Tests, Version=0.0.0.0, Culture=neutral, PublicKeyToken=null" name="GetByPercentThrowsContractException15101" />
    </UnitTest>
    <UnitTest name="GetSubRectangles932" storage="c:\users\suprdewd\documents\projects\sharpbag\sharpbag.tests\bin\release\sharpbag.tests.dll" id="619cbe95-853c-eb3c-526b-15e254b297ac">
      <Execution id="62e4303e-4208-4fc6-859b-540b0a98d65f" />
      <TestMethod codeBase="C:/Users/SuprDewd/Documents/Projects/SharpBag/SharpBag.Tests/bin/Release/SharpBag.Tests.DLL" adapterTypeName="Microsoft.VisualStudio.TestTools.TestTypes.Unit.UnitTestAdapter, Microsoft.VisualStudio.QualityTools.Tips.UnitTest.Adapter, Version=10.0.0.0, Culture=neutral, PublicKeyToken=b03f5f7f11d50a3a" className="SharpBag.Media.MediaExtensionsTest, SharpBag.Tests, Version=0.0.0.0, Culture=neutral, PublicKeyToken=null" name="GetSubRectangles932" />
    </UnitTest>
    <UnitTest name="As014" storage="c:\users\suprdewd\documents\projects\sharpbag\sharpbag.tests\bin\release\sharpbag.tests.dll" id="7edd5b56-0f03-8716-c3c8-130b2e422ca5">
      <Execution id="21cb7b74-4b8b-4f04-a3d4-ddd05d67c2d7" />
      <TestMethod codeBase="C:/Users/SuprDewd/Documents/Projects/SharpBag/SharpBag.Tests/bin/Release/SharpBag.Tests.DLL" adapterTypeName="Microsoft.VisualStudio.TestTools.TestTypes.Unit.UnitTestAdapter, Microsoft.VisualStudio.QualityTools.Tips.UnitTest.Adapter, Version=10.0.0.0, Culture=neutral, PublicKeyToken=b03f5f7f11d50a3a" className="SharpBag.ExtensionsTest, SharpBag.Tests, Version=0.0.0.0, Culture=neutral, PublicKeyToken=null" name="As014" />
    </UnitTest>
    <UnitTest name="NullOr90701" storage="c:\users\suprdewd\documents\projects\sharpbag\sharpbag.tests\bin\release\sharpbag.tests.dll" id="4183213a-6645-16c2-af8b-e5bfcf7442d8">
      <Execution id="f7543374-01d2-4fd0-bd34-1eb862c0d0b7" />
      <TestMethod codeBase="C:/Users/SuprDewd/Documents/Projects/SharpBag/SharpBag.Tests/bin/Release/SharpBag.Tests.DLL" adapterTypeName="Microsoft.VisualStudio.TestTools.TestTypes.Unit.UnitTestAdapter, Microsoft.VisualStudio.QualityTools.Tips.UnitTest.Adapter, Version=10.0.0.0, Culture=neutral, PublicKeyToken=b03f5f7f11d50a3a" className="SharpBag.ExtensionsTest, SharpBag.Tests, Version=0.0.0.0, Culture=neutral, PublicKeyToken=null" name="NullOr90701" />
    </UnitTest>
    <UnitTest name="ForEach78802" storage="c:\users\suprdewd\documents\projects\sharpbag\sharpbag.tests\bin\release\sharpbag.tests.dll" id="34aa3cd1-c558-0302-e5aa-355d37850848">
      <Execution id="acf724b6-8b82-44cd-85c7-517d640ad442" />
      <TestMethod codeBase="C:/Users/SuprDewd/Documents/Projects/SharpBag/SharpBag.Tests/bin/Release/SharpBag.Tests.DLL" adapterTypeName="Microsoft.VisualStudio.TestTools.TestTypes.Unit.UnitTestAdapter, Microsoft.VisualStudio.QualityTools.Tips.UnitTest.Adapter, Version=10.0.0.0, Culture=neutral, PublicKeyToken=b03f5f7f11d50a3a" className="SharpBag.ExtensionsTest, SharpBag.Tests, Version=0.0.0.0, Culture=neutral, PublicKeyToken=null" name="ForEach78802" />
    </UnitTest>
    <UnitTest name="Fill0157102" storage="c:\users\suprdewd\documents\projects\sharpbag\sharpbag.tests\bin\release\sharpbag.tests.dll" id="80003646-df99-feba-93b2-6a809b884bf6">
      <Execution id="d2960aaf-c287-415d-8c0b-93d1403f938f" />
      <TestMethod codeBase="C:/Users/SuprDewd/Documents/Projects/SharpBag/SharpBag.Tests/bin/Release/SharpBag.Tests.DLL" adapterTypeName="Microsoft.VisualStudio.TestTools.TestTypes.Unit.UnitTestAdapter, Microsoft.VisualStudio.QualityTools.Tips.UnitTest.Adapter, Version=10.0.0.0, Culture=neutral, PublicKeyToken=b03f5f7f11d50a3a" className="SharpBag.ExtensionsTest, SharpBag.Tests, Version=0.0.0.0, Culture=neutral, PublicKeyToken=null" name="Fill0157102" />
    </UnitTest>
    <UnitTest name="As21518" storage="c:\users\suprdewd\documents\projects\sharpbag\sharpbag.tests\bin\release\sharpbag.tests.dll" id="1cdb2f2c-09f6-d6d8-6d16-a0ea90824aba">
      <Execution id="970b1bd5-6813-4ea3-a9f1-154c914ba834" />
      <TestMethod codeBase="C:/Users/SuprDewd/Documents/Projects/SharpBag/SharpBag.Tests/bin/Release/SharpBag.Tests.DLL" adapterTypeName="Microsoft.VisualStudio.TestTools.TestTypes.Unit.UnitTestAdapter, Microsoft.VisualStudio.QualityTools.Tips.UnitTest.Adapter, Version=10.0.0.0, Culture=neutral, PublicKeyToken=b03f5f7f11d50a3a" className="SharpBag.ExtensionsTest, SharpBag.Tests, Version=0.0.0.0, Culture=neutral, PublicKeyToken=null" name="As21518" />
    </UnitTest>
    <UnitTest name="ForEach90801" storage="c:\users\suprdewd\documents\projects\sharpbag\sharpbag.tests\bin\release\sharpbag.tests.dll" id="f51de229-4761-6e36-e9f5-2ae1d5b346f0">
      <Execution id="3e68e284-4c60-4c33-8171-200f76650783" />
      <TestMethod codeBase="C:/Users/SuprDewd/Documents/Projects/SharpBag/SharpBag.Tests/bin/Release/SharpBag.Tests.DLL" adapterTypeName="Microsoft.VisualStudio.TestTools.TestTypes.Unit.UnitTestAdapter, Microsoft.VisualStudio.QualityTools.Tips.UnitTest.Adapter, Version=10.0.0.0, Culture=neutral, PublicKeyToken=b03f5f7f11d50a3a" className="SharpBag.ExtensionsTest, SharpBag.Tests, Version=0.0.0.0, Culture=neutral, PublicKeyToken=null" name="ForEach90801" />
    </UnitTest>
    <UnitTest name="IsNullOrEmpty963" storage="c:\users\suprdewd\documents\projects\sharpbag\sharpbag.tests\bin\release\sharpbag.tests.dll" id="c764531a-8b43-978a-82fa-64e183192f81">
      <Execution id="d9025d9a-f73e-4121-8a24-216af0415daf" />
      <TestMethod codeBase="C:/Users/SuprDewd/Documents/Projects/SharpBag/SharpBag.Tests/bin/Release/SharpBag.Tests.DLL" adapterTypeName="Microsoft.VisualStudio.TestTools.TestTypes.Unit.UnitTestAdapter, Microsoft.VisualStudio.QualityTools.Tips.UnitTest.Adapter, Version=10.0.0.0, Culture=neutral, PublicKeyToken=b03f5f7f11d50a3a" className="SharpBag.ExtensionsTest, SharpBag.Tests, Version=0.0.0.0, Culture=neutral, PublicKeyToken=null" name="IsNullOrEmpty963" />
    </UnitTest>
    <UnitTest name="Fill0157103" storage="c:\users\suprdewd\documents\projects\sharpbag\sharpbag.tests\bin\release\sharpbag.tests.dll" id="e77c7ab7-183b-1f93-57a3-77e0403bec4c">
      <Execution id="f5f2e73b-d1e2-4fa8-bc96-97aaa5886e41" />
      <TestMethod codeBase="C:/Users/SuprDewd/Documents/Projects/SharpBag/SharpBag.Tests/bin/Release/SharpBag.Tests.DLL" adapterTypeName="Microsoft.VisualStudio.TestTools.TestTypes.Unit.UnitTestAdapter, Microsoft.VisualStudio.QualityTools.Tips.UnitTest.Adapter, Version=10.0.0.0, Culture=neutral, PublicKeyToken=b03f5f7f11d50a3a" className="SharpBag.ExtensionsTest, SharpBag.Tests, Version=0.0.0.0, Culture=neutral, PublicKeyToken=null" name="Fill0157103" />
    </UnitTest>
    <UnitTest name="ForEach788" storage="c:\users\suprdewd\documents\projects\sharpbag\sharpbag.tests\bin\release\sharpbag.tests.dll" id="81c4858e-2ab2-b121-25c5-9c96ee04a442">
      <Execution id="38988921-a246-4a46-82e0-565e405589c0" />
      <TestMethod codeBase="C:/Users/SuprDewd/Documents/Projects/SharpBag/SharpBag.Tests/bin/Release/SharpBag.Tests.DLL" adapterTypeName="Microsoft.VisualStudio.TestTools.TestTypes.Unit.UnitTestAdapter, Microsoft.VisualStudio.QualityTools.Tips.UnitTest.Adapter, Version=10.0.0.0, Culture=neutral, PublicKeyToken=b03f5f7f11d50a3a" className="SharpBag.ExtensionsTest, SharpBag.Tests, Version=0.0.0.0, Culture=neutral, PublicKeyToken=null" name="ForEach788" />
    </UnitTest>
    <UnitTest name="IfNotNull47702" storage="c:\users\suprdewd\documents\projects\sharpbag\sharpbag.tests\bin\release\sharpbag.tests.dll" id="db3b4c9b-bf56-f07b-1edd-3db630376de3">
      <Execution id="3e49c368-1ce7-496e-bd30-233c19d166b7" />
      <TestMethod codeBase="C:/Users/SuprDewd/Documents/Projects/SharpBag/SharpBag.Tests/bin/Release/SharpBag.Tests.DLL" adapterTypeName="Microsoft.VisualStudio.TestTools.TestTypes.Unit.UnitTestAdapter, Microsoft.VisualStudio.QualityTools.Tips.UnitTest.Adapter, Version=10.0.0.0, Culture=neutral, PublicKeyToken=b03f5f7f11d50a3a" className="SharpBag.ExtensionsTest, SharpBag.Tests, Version=0.0.0.0, Culture=neutral, PublicKeyToken=null" name="IfNotNull47702" />
    </UnitTest>
    <UnitTest name="NullOr90705" storage="c:\users\suprdewd\documents\projects\sharpbag\sharpbag.tests\bin\release\sharpbag.tests.dll" id="0b76aeed-ae7b-38c5-60da-c9243d875dc1">
      <Execution id="62f0080b-0809-450e-8136-96773dfafe43" />
      <TestMethod codeBase="C:/Users/SuprDewd/Documents/Projects/SharpBag/SharpBag.Tests/bin/Release/SharpBag.Tests.DLL" adapterTypeName="Microsoft.VisualStudio.TestTools.TestTypes.Unit.UnitTestAdapter, Microsoft.VisualStudio.QualityTools.Tips.UnitTest.Adapter, Version=10.0.0.0, Culture=neutral, PublicKeyToken=b03f5f7f11d50a3a" className="SharpBag.ExtensionsTest, SharpBag.Tests, Version=0.0.0.0, Culture=neutral, PublicKeyToken=null" name="NullOr90705" />
    </UnitTest>
    <UnitTest name="As0163247" storage="c:\users\suprdewd\documents\projects\sharpbag\sharpbag.tests\bin\release\sharpbag.tests.dll" id="b20907a7-3144-45e5-c78a-5e9a4f58d7c0">
      <Execution id="df634a2c-e0e2-48b9-b17d-45520d87aca6" />
      <TestMethod codeBase="C:/Users/SuprDewd/Documents/Projects/SharpBag/SharpBag.Tests/bin/Release/SharpBag.Tests.DLL" adapterTypeName="Microsoft.VisualStudio.TestTools.TestTypes.Unit.UnitTestAdapter, Microsoft.VisualStudio.QualityTools.Tips.UnitTest.Adapter, Version=10.0.0.0, Culture=neutral, PublicKeyToken=b03f5f7f11d50a3a" className="SharpBag.ExtensionsTest, SharpBag.Tests, Version=0.0.0.0, Culture=neutral, PublicKeyToken=null" name="As0163247" />
    </UnitTest>
    <UnitTest name="To02632" storage="c:\users\suprdewd\documents\projects\sharpbag\sharpbag.tests\bin\release\sharpbag.tests.dll" id="31a88d64-bb5b-6217-2758-d493dee381b6">
      <Execution id="8452b91a-348b-4a72-ae1a-83f454830b48" />
      <TestMethod codeBase="C:/Users/SuprDewd/Documents/Projects/SharpBag/SharpBag.Tests/bin/Release/SharpBag.Tests.DLL" adapterTypeName="Microsoft.VisualStudio.TestTools.TestTypes.Unit.UnitTestAdapter, Microsoft.VisualStudio.QualityTools.Tips.UnitTest.Adapter, Version=10.0.0.0, Culture=neutral, PublicKeyToken=b03f5f7f11d50a3a" className="SharpBag.ExtensionsTest, SharpBag.Tests, Version=0.0.0.0, Culture=neutral, PublicKeyToken=null" name="To02632" />
    </UnitTest>
    <UnitTest name="TimesThrowsContractException662" storage="c:\users\suprdewd\documents\projects\sharpbag\sharpbag.tests\bin\release\sharpbag.tests.dll" id="90427aa6-8cf4-b956-2b3f-9546b7107ae7">
      <Execution id="5b3cf7a5-361c-4b13-b7ef-ff0921e2802e" />
      <TestMethod codeBase="C:/Users/SuprDewd/Documents/Projects/SharpBag/SharpBag.Tests/bin/Release/SharpBag.Tests.DLL" adapterTypeName="Microsoft.VisualStudio.TestTools.TestTypes.Unit.UnitTestAdapter, Microsoft.VisualStudio.QualityTools.Tips.UnitTest.Adapter, Version=10.0.0.0, Culture=neutral, PublicKeyToken=b03f5f7f11d50a3a" className="SharpBag.ExtensionsTest, SharpBag.Tests, Version=0.0.0.0, Culture=neutral, PublicKeyToken=null" name="TimesThrowsContractException662" />
    </UnitTest>
    <UnitTest name="To03ThrowsContractException968" storage="c:\users\suprdewd\documents\projects\sharpbag\sharpbag.tests\bin\release\sharpbag.tests.dll" id="8f15350a-b612-7c9b-89ff-1e54a29d9340">
      <Execution id="a23db80f-2c10-436a-bc68-57a91795b497" />
      <TestMethod codeBase="C:/Users/SuprDewd/Documents/Projects/SharpBag/SharpBag.Tests/bin/Release/SharpBag.Tests.DLL" adapterTypeName="Microsoft.VisualStudio.TestTools.TestTypes.Unit.UnitTestAdapter, Microsoft.VisualStudio.QualityTools.Tips.UnitTest.Adapter, Version=10.0.0.0, Culture=neutral, PublicKeyToken=b03f5f7f11d50a3a" className="SharpBag.ExtensionsTest, SharpBag.Tests, Version=0.0.0.0, Culture=neutral, PublicKeyToken=null" name="To03ThrowsContractException968" />
    </UnitTest>
    <UnitTest name="Fill0168801" storage="c:\users\suprdewd\documents\projects\sharpbag\sharpbag.tests\bin\release\sharpbag.tests.dll" id="bdf76499-e0f6-3d7b-4432-982ba6c3b223">
      <Execution id="d3e66866-9f8d-4281-9d8f-9a82401f6b11" />
      <TestMethod codeBase="C:/Users/SuprDewd/Documents/Projects/SharpBag/SharpBag.Tests/bin/Release/SharpBag.Tests.DLL" adapterTypeName="Microsoft.VisualStudio.TestTools.TestTypes.Unit.UnitTestAdapter, Microsoft.VisualStudio.QualityTools.Tips.UnitTest.Adapter, Version=10.0.0.0, Culture=neutral, PublicKeyToken=b03f5f7f11d50a3a" className="SharpBag.ExtensionsTest, SharpBag.Tests, Version=0.0.0.0, Culture=neutral, PublicKeyToken=null" name="Fill0168801" />
    </UnitTest>
    <UnitTest name="CollatzCount01606" storage="c:\users\suprdewd\documents\projects\sharpbag\sharpbag.tests\bin\release\sharpbag.tests.dll" id="3cd79fab-d2b4-f532-5d2a-fc7f89f94523">
      <Execution id="40d8c161-e7a8-4b6c-b0c0-9a2196e5a4c0" />
      <TestMethod codeBase="C:/Users/SuprDewd/Documents/Projects/SharpBag/SharpBag.Tests/bin/Release/SharpBag.Tests.DLL" adapterTypeName="Microsoft.VisualStudio.TestTools.TestTypes.Unit.UnitTestAdapter, Microsoft.VisualStudio.QualityTools.Tips.UnitTest.Adapter, Version=10.0.0.0, Culture=neutral, PublicKeyToken=b03f5f7f11d50a3a" className="SharpBag.Math.MathExtensionsTest, SharpBag.Tests, Version=0.0.0.0, Culture=neutral, PublicKeyToken=null" name="CollatzCount01606" />
    </UnitTest>
    <UnitTest name="IsNullableTypeThrowsContractException691" storage="c:\users\suprdewd\documents\projects\sharpbag\sharpbag.tests\bin\release\sharpbag.tests.dll" id="72d5e817-798e-11fb-c5e1-586687370685">
      <Execution id="6d6e4d6f-060f-4b3f-a9e2-f8d8d439561f" />
      <TestMethod codeBase="C:/Users/SuprDewd/Documents/Projects/SharpBag/SharpBag.Tests/bin/Release/SharpBag.Tests.DLL" adapterTypeName="Microsoft.VisualStudio.TestTools.TestTypes.Unit.UnitTestAdapter, Microsoft.VisualStudio.QualityTools.Tips.UnitTest.Adapter, Version=10.0.0.0, Culture=neutral, PublicKeyToken=b03f5f7f11d50a3a" className="SharpBag.ExtensionsTest, SharpBag.Tests, Version=0.0.0.0, Culture=neutral, PublicKeyToken=null" name="IsNullableTypeThrowsContractException691" />
    </UnitTest>
    <UnitTest name="GetSubRectangles179" storage="c:\users\suprdewd\documents\projects\sharpbag\sharpbag.tests\bin\release\sharpbag.tests.dll" id="3cd342db-3464-b39f-d797-78a5b44d7bab">
      <Execution id="da33c110-86c2-4cdb-b2fd-86dd5c6ee1a2" />
      <TestMethod codeBase="C:/Users/SuprDewd/Documents/Projects/SharpBag/SharpBag.Tests/bin/Release/SharpBag.Tests.DLL" adapterTypeName="Microsoft.VisualStudio.TestTools.TestTypes.Unit.UnitTestAdapter, Microsoft.VisualStudio.QualityTools.Tips.UnitTest.Adapter, Version=10.0.0.0, Culture=neutral, PublicKeyToken=b03f5f7f11d50a3a" className="SharpBag.Media.MediaExtensionsTest, SharpBag.Tests, Version=0.0.0.0, Culture=neutral, PublicKeyToken=null" name="GetSubRectangles179" />
    </UnitTest>
    <UnitTest name="ItemSetThrowsContractException48" storage="c:\users\suprdewd\documents\projects\sharpbag\sharpbag.tests\bin\release\sharpbag.tests.dll" id="a5e95aa9-bc38-31cc-9093-9339a7e10a1b">
      <Execution id="f0bea8e0-19e8-450a-becf-3fe4296a02ec" />
      <TestMethod codeBase="C:/Users/SuprDewd/Documents/Projects/SharpBag/SharpBag.Tests/bin/Release/SharpBag.Tests.DLL" adapterTypeName="Microsoft.VisualStudio.TestTools.TestTypes.Unit.UnitTestAdapter, Microsoft.VisualStudio.QualityTools.Tips.UnitTest.Adapter, Version=10.0.0.0, Culture=neutral, PublicKeyToken=b03f5f7f11d50a3a" className="SharpBag.Algorithms.PriorityQueueTTest, SharpBag.Tests, Version=0.0.0.0, Culture=neutral, PublicKeyToken=null" name="ItemSetThrowsContractException48" />
    </UnitTest>
    <UnitTest name="IterThrowsContractException577" storage="c:\users\suprdewd\documents\projects\sharpbag\sharpbag.tests\bin\release\sharpbag.tests.dll" id="f379b7c1-eb43-f239-1226-f41b6efc1dcd">
      <Execution id="7d5dca4a-9837-4fc0-a545-c73c1058e70c" />
      <TestMethod codeBase="C:/Users/SuprDewd/Documents/Projects/SharpBag/SharpBag.Tests/bin/Release/SharpBag.Tests.DLL" adapterTypeName="Microsoft.VisualStudio.TestTools.TestTypes.Unit.UnitTestAdapter, Microsoft.VisualStudio.QualityTools.Tips.UnitTest.Adapter, Version=10.0.0.0, Culture=neutral, PublicKeyToken=b03f5f7f11d50a3a" className="SharpBag.ExtensionsTest, SharpBag.Tests, Version=0.0.0.0, Culture=neutral, PublicKeyToken=null" name="IterThrowsContractException577" />
    </UnitTest>
    <UnitTest name="As76301" storage="c:\users\suprdewd\documents\projects\sharpbag\sharpbag.tests\bin\release\sharpbag.tests.dll" id="14c4d8f7-99c5-9b56-48f1-16bece872cd1">
      <Execution id="a7b1a003-b435-4414-8565-4683bb37df17" />
      <TestMethod codeBase="C:/Users/SuprDewd/Documents/Projects/SharpBag/SharpBag.Tests/bin/Release/SharpBag.Tests.DLL" adapterTypeName="Microsoft.VisualStudio.TestTools.TestTypes.Unit.UnitTestAdapter, Microsoft.VisualStudio.QualityTools.Tips.UnitTest.Adapter, Version=10.0.0.0, Culture=neutral, PublicKeyToken=b03f5f7f11d50a3a" className="SharpBag.ExtensionsTest, SharpBag.Tests, Version=0.0.0.0, Culture=neutral, PublicKeyToken=null" name="As76301" />
    </UnitTest>
    <UnitTest name="Fill0110504" storage="c:\users\suprdewd\documents\projects\sharpbag\sharpbag.tests\bin\release\sharpbag.tests.dll" id="1c5ab376-6152-4272-31e3-55dc91a07a86">
      <Execution id="9a23fe44-c479-4135-9bbf-af35d523b367" />
      <TestMethod codeBase="C:/Users/SuprDewd/Documents/Projects/SharpBag/SharpBag.Tests/bin/Release/SharpBag.Tests.DLL" adapterTypeName="Microsoft.VisualStudio.TestTools.TestTypes.Unit.UnitTestAdapter, Microsoft.VisualStudio.QualityTools.Tips.UnitTest.Adapter, Version=10.0.0.0, Culture=neutral, PublicKeyToken=b03f5f7f11d50a3a" className="SharpBag.ExtensionsTest, SharpBag.Tests, Version=0.0.0.0, Culture=neutral, PublicKeyToken=null" name="Fill0110504" />
    </UnitTest>
    <UnitTest name="CastAs434" storage="c:\users\suprdewd\documents\projects\sharpbag\sharpbag.tests\bin\release\sharpbag.tests.dll" id="17cbf434-78e7-42a5-6758-242cc94ac703">
      <Execution id="4d6d9e33-4b41-4c17-af7d-0a63218163dc" />
      <TestMethod codeBase="C:/Users/SuprDewd/Documents/Projects/SharpBag/SharpBag.Tests/bin/Release/SharpBag.Tests.DLL" adapterTypeName="Microsoft.VisualStudio.TestTools.TestTypes.Unit.UnitTestAdapter, Microsoft.VisualStudio.QualityTools.Tips.UnitTest.Adapter, Version=10.0.0.0, Culture=neutral, PublicKeyToken=b03f5f7f11d50a3a" className="SharpBag.ExtensionsTest, SharpBag.Tests, Version=0.0.0.0, Culture=neutral, PublicKeyToken=null" name="CastAs434" />
    </UnitTest>
    <UnitTest name="CollatzCount01735" storage="c:\users\suprdewd\documents\projects\sharpbag\sharpbag.tests\bin\release\sharpbag.tests.dll" id="a5cd160e-17d6-fbbc-87f0-05f243caef08">
      <Execution id="6b582270-6788-4828-923a-a39fa1aa2b24" />
      <TestMethod codeBase="C:/Users/SuprDewd/Documents/Projects/SharpBag/SharpBag.Tests/bin/Release/SharpBag.Tests.DLL" adapterTypeName="Microsoft.VisualStudio.TestTools.TestTypes.Unit.UnitTestAdapter, Microsoft.VisualStudio.QualityTools.Tips.UnitTest.Adapter, Version=10.0.0.0, Culture=neutral, PublicKeyToken=b03f5f7f11d50a3a" className="SharpBag.Math.MathExtensionsTest, SharpBag.Tests, Version=0.0.0.0, Culture=neutral, PublicKeyToken=null" name="CollatzCount01735" />
    </UnitTest>
    <UnitTest name="WithThrowsContractException374" storage="c:\users\suprdewd\documents\projects\sharpbag\sharpbag.tests\bin\release\sharpbag.tests.dll" id="e18cfbc3-f9cf-311e-f710-177b71a46e6d">
      <Execution id="b06e0fbf-f9d0-4626-b442-1fdaf75fdf1f" />
      <TestMethod codeBase="C:/Users/SuprDewd/Documents/Projects/SharpBag/SharpBag.Tests/bin/Release/SharpBag.Tests.DLL" adapterTypeName="Microsoft.VisualStudio.TestTools.TestTypes.Unit.UnitTestAdapter, Microsoft.VisualStudio.QualityTools.Tips.UnitTest.Adapter, Version=10.0.0.0, Culture=neutral, PublicKeyToken=b03f5f7f11d50a3a" className="SharpBag.ExtensionsTest, SharpBag.Tests, Version=0.0.0.0, Culture=neutral, PublicKeyToken=null" name="WithThrowsContractException374" />
    </UnitTest>
    <UnitTest name="As01401" storage="c:\users\suprdewd\documents\projects\sharpbag\sharpbag.tests\bin\release\sharpbag.tests.dll" id="5b905b9d-179c-2930-2f2f-ad7751aea174">
      <Execution id="019c7634-7f91-4631-b17a-43347915de56" />
      <TestMethod codeBase="C:/Users/SuprDewd/Documents/Projects/SharpBag/SharpBag.Tests/bin/Release/SharpBag.Tests.DLL" adapterTypeName="Microsoft.VisualStudio.TestTools.TestTypes.Unit.UnitTestAdapter, Microsoft.VisualStudio.QualityTools.Tips.UnitTest.Adapter, Version=10.0.0.0, Culture=neutral, PublicKeyToken=b03f5f7f11d50a3a" className="SharpBag.ExtensionsTest, SharpBag.Tests, Version=0.0.0.0, Culture=neutral, PublicKeyToken=null" name="As01401" />
    </UnitTest>
    <UnitTest name="ThrowTest" storage="c:\users\suprdewd\documents\projects\sharpbag\sharpbag.tests\bin\release\sharpbag.tests.dll" id="fbd930ae-612e-63f9-7d85-96b5097af772">
      <Execution id="08301213-05f2-4d4c-8272-dd56ed620272" />
      <TestMethod codeBase="C:/Users/SuprDewd/Documents/Projects/SharpBag/SharpBag.Tests/bin/Release/SharpBag.Tests.DLL" adapterTypeName="Microsoft.VisualStudio.TestTools.TestTypes.Unit.UnitTestAdapter, Microsoft.VisualStudio.QualityTools.Tips.UnitTest.Adapter, Version=10.0.0.0, Culture=neutral, PublicKeyToken=b03f5f7f11d50a3a" className="SharpBag.Tests.DiceTest, SharpBag.Tests, Version=0.0.0.0, Culture=neutral, PublicKeyToken=null" name="ThrowTest" />
    </UnitTest>
    <UnitTest name="As0130303" storage="c:\users\suprdewd\documents\projects\sharpbag\sharpbag.tests\bin\release\sharpbag.tests.dll" id="a5088dbd-9f6a-bb83-e64a-07cfd5052c81">
      <Execution id="078f32a2-d108-4753-8132-7503fcb2e919" />
      <TestMethod codeBase="C:/Users/SuprDewd/Documents/Projects/SharpBag/SharpBag.Tests/bin/Release/SharpBag.Tests.DLL" adapterTypeName="Microsoft.VisualStudio.TestTools.TestTypes.Unit.UnitTestAdapter, Microsoft.VisualStudio.QualityTools.Tips.UnitTest.Adapter, Version=10.0.0.0, Culture=neutral, PublicKeyToken=b03f5f7f11d50a3a" className="SharpBag.ExtensionsTest, SharpBag.Tests, Version=0.0.0.0, Culture=neutral, PublicKeyToken=null" name="As0130303" />
    </UnitTest>
    <UnitTest name="As0166404" storage="c:\users\suprdewd\documents\projects\sharpbag\sharpbag.tests\bin\release\sharpbag.tests.dll" id="09abec53-bc8a-0db2-1ff6-28ad5ea0f559">
      <Execution id="dc3d2351-4d05-49cb-98e1-79da6eeef515" />
      <TestMethod codeBase="C:/Users/SuprDewd/Documents/Projects/SharpBag/SharpBag.Tests/bin/Release/SharpBag.Tests.DLL" adapterTypeName="Microsoft.VisualStudio.TestTools.TestTypes.Unit.UnitTestAdapter, Microsoft.VisualStudio.QualityTools.Tips.UnitTest.Adapter, Version=10.0.0.0, Culture=neutral, PublicKeyToken=b03f5f7f11d50a3a" className="SharpBag.ExtensionsTest, SharpBag.Tests, Version=0.0.0.0, Culture=neutral, PublicKeyToken=null" name="As0166404" />
    </UnitTest>
    <UnitTest name="As0130301" storage="c:\users\suprdewd\documents\projects\sharpbag\sharpbag.tests\bin\release\sharpbag.tests.dll" id="7a9b0937-239f-a7cc-e1fc-09bbc3508e89">
      <Execution id="00f411fd-00d9-44b8-827f-4f6b0b6e6ac4" />
      <TestMethod codeBase="C:/Users/SuprDewd/Documents/Projects/SharpBag/SharpBag.Tests/bin/Release/SharpBag.Tests.DLL" adapterTypeName="Microsoft.VisualStudio.TestTools.TestTypes.Unit.UnitTestAdapter, Microsoft.VisualStudio.QualityTools.Tips.UnitTest.Adapter, Version=10.0.0.0, Culture=neutral, PublicKeyToken=b03f5f7f11d50a3a" className="SharpBag.ExtensionsTest, SharpBag.Tests, Version=0.0.0.0, Culture=neutral, PublicKeyToken=null" name="As0130301" />
    </UnitTest>
    <UnitTest name="RangeThrowsContractException480" storage="c:\users\suprdewd\documents\projects\sharpbag\sharpbag.tests\bin\release\sharpbag.tests.dll" id="7838b58c-a9ae-e08a-edf4-f9593db060d6">
      <Execution id="ab8abcf7-5674-4789-9c0d-8e7ab7b7fa6b" />
      <TestMethod codeBase="C:/Users/SuprDewd/Documents/Projects/SharpBag/SharpBag.Tests/bin/Release/SharpBag.Tests.DLL" adapterTypeName="Microsoft.VisualStudio.TestTools.TestTypes.Unit.UnitTestAdapter, Microsoft.VisualStudio.QualityTools.Tips.UnitTest.Adapter, Version=10.0.0.0, Culture=neutral, PublicKeyToken=b03f5f7f11d50a3a" className="SharpBag.ExtensionsTest, SharpBag.Tests, Version=0.0.0.0, Culture=neutral, PublicKeyToken=null" name="RangeThrowsContractException480" />
    </UnitTest>
    <UnitTest name="TakeEveryThrowsContractException265" storage="c:\users\suprdewd\documents\projects\sharpbag\sharpbag.tests\bin\release\sharpbag.tests.dll" id="1614cc64-5cbc-b082-cb61-089f874d65b1">
      <Execution id="0e39d22a-6342-4d2f-91df-6517e9e4b571" />
      <TestMethod codeBase="C:/Users/SuprDewd/Documents/Projects/SharpBag/SharpBag.Tests/bin/Release/SharpBag.Tests.DLL" adapterTypeName="Microsoft.VisualStudio.TestTools.TestTypes.Unit.UnitTestAdapter, Microsoft.VisualStudio.QualityTools.Tips.UnitTest.Adapter, Version=10.0.0.0, Culture=neutral, PublicKeyToken=b03f5f7f11d50a3a" className="SharpBag.ExtensionsTest, SharpBag.Tests, Version=0.0.0.0, Culture=neutral, PublicKeyToken=null" name="TakeEveryThrowsContractException265" />
    </UnitTest>
    <UnitTest name="SubarrayThrowsContractException629" storage="c:\users\suprdewd\documents\projects\sharpbag\sharpbag.tests\bin\release\sharpbag.tests.dll" id="c2a16b22-9983-ed58-4351-7fd3ef453798">
      <Execution id="f46fae15-dbda-4900-bb02-af7eaa120e02" />
      <TestMethod codeBase="C:/Users/SuprDewd/Documents/Projects/SharpBag/SharpBag.Tests/bin/Release/SharpBag.Tests.DLL" adapterTypeName="Microsoft.VisualStudio.TestTools.TestTypes.Unit.UnitTestAdapter, Microsoft.VisualStudio.QualityTools.Tips.UnitTest.Adapter, Version=10.0.0.0, Culture=neutral, PublicKeyToken=b03f5f7f11d50a3a" className="SharpBag.ExtensionsTest, SharpBag.Tests, Version=0.0.0.0, Culture=neutral, PublicKeyToken=null" name="SubarrayThrowsContractException629" />
    </UnitTest>
    <UnitTest name="Bound8" storage="c:\users\suprdewd\documents\projects\sharpbag\sharpbag.tests\bin\release\sharpbag.tests.dll" id="c3abe281-9f8b-f567-4c3c-8146a5220784">
      <Execution id="f1ba0d12-9b6d-4bc5-8761-6acaaa9e161e" />
      <TestMethod codeBase="C:/Users/SuprDewd/Documents/Projects/SharpBag/SharpBag.Tests/bin/Release/SharpBag.Tests.DLL" adapterTypeName="Microsoft.VisualStudio.TestTools.TestTypes.Unit.UnitTestAdapter, Microsoft.VisualStudio.QualityTools.Tips.UnitTest.Adapter, Version=10.0.0.0, Culture=neutral, PublicKeyToken=b03f5f7f11d50a3a" className="SharpBag.Math.MathExtensionsTest, SharpBag.Tests, Version=0.0.0.0, Culture=neutral, PublicKeyToken=null" name="Bound8" />
    </UnitTest>
    <UnitTest name="As0163232" storage="c:\users\suprdewd\documents\projects\sharpbag\sharpbag.tests\bin\release\sharpbag.tests.dll" id="0e90738b-70d8-2788-4a26-d16c8666f6ca">
      <Execution id="9b3d1ce5-7986-44bd-ad63-8068cb1f2d8d" />
      <TestMethod codeBase="C:/Users/SuprDewd/Documents/Projects/SharpBag/SharpBag.Tests/bin/Release/SharpBag.Tests.DLL" adapterTypeName="Microsoft.VisualStudio.TestTools.TestTypes.Unit.UnitTestAdapter, Microsoft.VisualStudio.QualityTools.Tips.UnitTest.Adapter, Version=10.0.0.0, Culture=neutral, PublicKeyToken=b03f5f7f11d50a3a" className="SharpBag.ExtensionsTest, SharpBag.Tests, Version=0.0.0.0, Culture=neutral, PublicKeyToken=null" name="As0163232" />
    </UnitTest>
    <UnitTest name="Add885" storage="c:\users\suprdewd\documents\projects\sharpbag\sharpbag.tests\bin\release\sharpbag.tests.dll" id="8076c83d-2717-5964-7e9d-50cc5e2706b9">
      <Execution id="07021441-ef00-4ea8-9971-542abcd82148" />
      <TestMethod codeBase="C:/Users/SuprDewd/Documents/Projects/SharpBag/SharpBag.Tests/bin/Release/SharpBag.Tests.DLL" adapterTypeName="Microsoft.VisualStudio.TestTools.TestTypes.Unit.UnitTestAdapter, Microsoft.VisualStudio.QualityTools.Tips.UnitTest.Adapter, Version=10.0.0.0, Culture=neutral, PublicKeyToken=b03f5f7f11d50a3a" className="SharpBag.ExtensionsTest, SharpBag.Tests, Version=0.0.0.0, Culture=neutral, PublicKeyToken=null" name="Add885" />
    </UnitTest>
    <UnitTest name="Add296" storage="c:\users\suprdewd\documents\projects\sharpbag\sharpbag.tests\bin\release\sharpbag.tests.dll" id="cf67e106-470b-64ee-b4ec-daf199d3db2f">
      <Execution id="6aa1ab78-2f90-4d14-ab60-ae3cb9e978e4" />
      <TestMethod codeBase="C:/Users/SuprDewd/Documents/Projects/SharpBag/SharpBag.Tests/bin/Release/SharpBag.Tests.DLL" adapterTypeName="Microsoft.VisualStudio.TestTools.TestTypes.Unit.UnitTestAdapter, Microsoft.VisualStudio.QualityTools.Tips.UnitTest.Adapter, Version=10.0.0.0, Culture=neutral, PublicKeyToken=b03f5f7f11d50a3a" className="SharpBag.ExtensionsTest, SharpBag.Tests, Version=0.0.0.0, Culture=neutral, PublicKeyToken=null" name="Add296" />
    </UnitTest>
    <UnitTest name="AsEnumerable56003" storage="c:\users\suprdewd\documents\projects\sharpbag\sharpbag.tests\bin\release\sharpbag.tests.dll" id="0f614d48-4580-1835-c34d-314b56fdf70c">
      <Execution id="0d97012d-a6dc-4eba-bfc2-9271cd59a6cc" />
      <TestMethod codeBase="C:/Users/SuprDewd/Documents/Projects/SharpBag/SharpBag.Tests/bin/Release/SharpBag.Tests.DLL" adapterTypeName="Microsoft.VisualStudio.TestTools.TestTypes.Unit.UnitTestAdapter, Microsoft.VisualStudio.QualityTools.Tips.UnitTest.Adapter, Version=10.0.0.0, Culture=neutral, PublicKeyToken=b03f5f7f11d50a3a" className="SharpBag.ExtensionsTest, SharpBag.Tests, Version=0.0.0.0, Culture=neutral, PublicKeyToken=null" name="AsEnumerable56003" />
    </UnitTest>
    <UnitTest name="AsEnumerable0258804" storage="c:\users\suprdewd\documents\projects\sharpbag\sharpbag.tests\bin\release\sharpbag.tests.dll" id="c3b85211-1b55-61c6-8d42-782c04048184">
      <Execution id="31c79ac8-8b61-414a-b461-6c98195013db" />
      <TestMethod codeBase="C:/Users/SuprDewd/Documents/Projects/SharpBag/SharpBag.Tests/bin/Release/SharpBag.Tests.DLL" adapterTypeName="Microsoft.VisualStudio.TestTools.TestTypes.Unit.UnitTestAdapter, Microsoft.VisualStudio.QualityTools.Tips.UnitTest.Adapter, Version=10.0.0.0, Culture=neutral, PublicKeyToken=b03f5f7f11d50a3a" className="SharpBag.ExtensionsTest, SharpBag.Tests, Version=0.0.0.0, Culture=neutral, PublicKeyToken=null" name="AsEnumerable0258804" />
    </UnitTest>
    <UnitTest name="As0163216" storage="c:\users\suprdewd\documents\projects\sharpbag\sharpbag.tests\bin\release\sharpbag.tests.dll" id="ee7a26ae-f08b-c1d5-713f-d21139c592b9">
      <Execution id="e2915fd4-6e48-4631-9c8a-bc2c33a74206" />
      <TestMethod codeBase="C:/Users/SuprDewd/Documents/Projects/SharpBag/SharpBag.Tests/bin/Release/SharpBag.Tests.DLL" adapterTypeName="Microsoft.VisualStudio.TestTools.TestTypes.Unit.UnitTestAdapter, Microsoft.VisualStudio.QualityTools.Tips.UnitTest.Adapter, Version=10.0.0.0, Culture=neutral, PublicKeyToken=b03f5f7f11d50a3a" className="SharpBag.ExtensionsTest, SharpBag.Tests, Version=0.0.0.0, Culture=neutral, PublicKeyToken=null" name="As0163216" />
    </UnitTest>
    <UnitTest name="NextDoubleThrowsContractException907" storage="c:\users\suprdewd\documents\projects\sharpbag\sharpbag.tests\bin\release\sharpbag.tests.dll" id="9e14e25f-07a5-efe4-0506-4f19b4be256b">
      <Execution id="e072983a-fa6a-45fb-8f68-eb9aa237cd7c" />
      <TestMethod codeBase="C:/Users/SuprDewd/Documents/Projects/SharpBag/SharpBag.Tests/bin/Release/SharpBag.Tests.DLL" adapterTypeName="Microsoft.VisualStudio.TestTools.TestTypes.Unit.UnitTestAdapter, Microsoft.VisualStudio.QualityTools.Tips.UnitTest.Adapter, Version=10.0.0.0, Culture=neutral, PublicKeyToken=b03f5f7f11d50a3a" className="SharpBag.RandomExtensionsTest, SharpBag.Tests, Version=0.0.0.0, Culture=neutral, PublicKeyToken=null" name="NextDoubleThrowsContractException907" />
    </UnitTest>
    <UnitTest name="Contrast121" storage="c:\users\suprdewd\documents\projects\sharpbag\sharpbag.tests\bin\release\sharpbag.tests.dll" id="aaf3c258-db99-aef3-b307-c0f8c95577a9">
      <Execution id="59c8a62e-2551-44d2-b78b-f9f78d795086" />
      <TestMethod codeBase="C:/Users/SuprDewd/Documents/Projects/SharpBag/SharpBag.Tests/bin/Release/SharpBag.Tests.DLL" adapterTypeName="Microsoft.VisualStudio.TestTools.TestTypes.Unit.UnitTestAdapter, Microsoft.VisualStudio.QualityTools.Tips.UnitTest.Adapter, Version=10.0.0.0, Culture=neutral, PublicKeyToken=b03f5f7f11d50a3a" className="SharpBag.Media.MediaExtensionsTest, SharpBag.Tests, Version=0.0.0.0, Culture=neutral, PublicKeyToken=null" name="Contrast121" />
    </UnitTest>
    <UnitTest name="NullOr71403" storage="c:\users\suprdewd\documents\projects\sharpbag\sharpbag.tests\bin\release\sharpbag.tests.dll" id="fdc59520-9564-0684-d4f9-2091f576f931">
      <Execution id="f260c959-d3ad-4fbe-8d10-0c652fd6b9b2" />
      <TestMethod codeBase="C:/Users/SuprDewd/Documents/Projects/SharpBag/SharpBag.Tests/bin/Release/SharpBag.Tests.DLL" adapterTypeName="Microsoft.VisualStudio.TestTools.TestTypes.Unit.UnitTestAdapter, Microsoft.VisualStudio.QualityTools.Tips.UnitTest.Adapter, Version=10.0.0.0, Culture=neutral, PublicKeyToken=b03f5f7f11d50a3a" className="SharpBag.ExtensionsTest, SharpBag.Tests, Version=0.0.0.0, Culture=neutral, PublicKeyToken=null" name="NullOr71403" />
    </UnitTest>
    <UnitTest name="Fill01571" storage="c:\users\suprdewd\documents\projects\sharpbag\sharpbag.tests\bin\release\sharpbag.tests.dll" id="a9c998c1-d601-9d48-a5aa-e5458f5ccef5">
      <Execution id="4ab36559-7c6e-4672-a97c-51667d5ba5c1" />
      <TestMethod codeBase="C:/Users/SuprDewd/Documents/Projects/SharpBag/SharpBag.Tests/bin/Release/SharpBag.Tests.DLL" adapterTypeName="Microsoft.VisualStudio.TestTools.TestTypes.Unit.UnitTestAdapter, Microsoft.VisualStudio.QualityTools.Tips.UnitTest.Adapter, Version=10.0.0.0, Culture=neutral, PublicKeyToken=b03f5f7f11d50a3a" className="SharpBag.ExtensionsTest, SharpBag.Tests, Version=0.0.0.0, Culture=neutral, PublicKeyToken=null" name="Fill01571" />
    </UnitTest>
    <UnitTest name="ReadLinesFromFileThrowsContractException244" storage="c:\users\suprdewd\documents\projects\sharpbag\sharpbag.tests\bin\release\sharpbag.tests.dll" id="1ca82a0b-7842-06c7-ecd3-2f81b62f1e0e">
      <Execution id="336c1409-0ffb-4d6e-910e-b6881cdc52e8" />
      <TestMethod codeBase="C:/Users/SuprDewd/Documents/Projects/SharpBag/SharpBag.Tests/bin/Release/SharpBag.Tests.DLL" adapterTypeName="Microsoft.VisualStudio.TestTools.TestTypes.Unit.UnitTestAdapter, Microsoft.VisualStudio.QualityTools.Tips.UnitTest.Adapter, Version=10.0.0.0, Culture=neutral, PublicKeyToken=b03f5f7f11d50a3a" className="SharpBag.UtilsTest, SharpBag.Tests, Version=0.0.0.0, Culture=neutral, PublicKeyToken=null" name="ReadLinesFromFileThrowsContractException244" />
    </UnitTest>
    <UnitTest name="To01637" storage="c:\users\suprdewd\documents\projects\sharpbag\sharpbag.tests\bin\release\sharpbag.tests.dll" id="5514446b-a7eb-a40a-85ab-240a248bba2a">
      <Execution id="05b027ff-d25f-41df-85a8-c7805f5bcb38" />
      <TestMethod codeBase="C:/Users/SuprDewd/Documents/Projects/SharpBag/SharpBag.Tests/bin/Release/SharpBag.Tests.DLL" adapterTypeName="Microsoft.VisualStudio.TestTools.TestTypes.Unit.UnitTestAdapter, Microsoft.VisualStudio.QualityTools.Tips.UnitTest.Adapter, Version=10.0.0.0, Culture=neutral, PublicKeyToken=b03f5f7f11d50a3a" className="SharpBag.ExtensionsTest, SharpBag.Tests, Version=0.0.0.0, Culture=neutral, PublicKeyToken=null" name="To01637" />
    </UnitTest>
    <UnitTest name="Iter96005" storage="c:\users\suprdewd\documents\projects\sharpbag\sharpbag.tests\bin\release\sharpbag.tests.dll" id="f4511594-467b-74f8-7fee-b4f5edc20b84">
      <Execution id="f5bce4ca-f34b-4102-b023-b70f9c4f3621" />
      <TestMethod codeBase="C:/Users/SuprDewd/Documents/Projects/SharpBag/SharpBag.Tests/bin/Release/SharpBag.Tests.DLL" adapterTypeName="Microsoft.VisualStudio.TestTools.TestTypes.Unit.UnitTestAdapter, Microsoft.VisualStudio.QualityTools.Tips.UnitTest.Adapter, Version=10.0.0.0, Culture=neutral, PublicKeyToken=b03f5f7f11d50a3a" className="SharpBag.ExtensionsTest, SharpBag.Tests, Version=0.0.0.0, Culture=neutral, PublicKeyToken=null" name="Iter96005" />
    </UnitTest>
    <UnitTest name="Shuffle875" storage="c:\users\suprdewd\documents\projects\sharpbag\sharpbag.tests\bin\release\sharpbag.tests.dll" id="7f5b067d-004d-00c6-05f1-6ba4459536c9">
      <Execution id="d3250c8a-0166-495c-80de-35ea0cbcd055" />
      <TestMethod codeBase="C:/Users/SuprDewd/Documents/Projects/SharpBag/SharpBag.Tests/bin/Release/SharpBag.Tests.DLL" adapterTypeName="Microsoft.VisualStudio.TestTools.TestTypes.Unit.UnitTestAdapter, Microsoft.VisualStudio.QualityTools.Tips.UnitTest.Adapter, Version=10.0.0.0, Culture=neutral, PublicKeyToken=b03f5f7f11d50a3a" className="SharpBag.ExtensionsTest, SharpBag.Tests, Version=0.0.0.0, Culture=neutral, PublicKeyToken=null" name="Shuffle875" />
    </UnitTest>
    <UnitTest name="IfNotNull47704" storage="c:\users\suprdewd\documents\projects\sharpbag\sharpbag.tests\bin\release\sharpbag.tests.dll" id="1b50a732-77b4-82a3-8153-f8dad0640018">
      <Execution id="e59ef956-891a-4a41-9776-512892cfd0f0" />
      <TestMethod codeBase="C:/Users/SuprDewd/Documents/Projects/SharpBag/SharpBag.Tests/bin/Release/SharpBag.Tests.DLL" adapterTypeName="Microsoft.VisualStudio.TestTools.TestTypes.Unit.UnitTestAdapter, Microsoft.VisualStudio.QualityTools.Tips.UnitTest.Adapter, Version=10.0.0.0, Culture=neutral, PublicKeyToken=b03f5f7f11d50a3a" className="SharpBag.ExtensionsTest, SharpBag.Tests, Version=0.0.0.0, Culture=neutral, PublicKeyToken=null" name="IfNotNull47704" />
    </UnitTest>
    <UnitTest name="CreateRectangle621" storage="c:\users\suprdewd\documents\projects\sharpbag\sharpbag.tests\bin\release\sharpbag.tests.dll" id="d11783f8-e784-d3a8-e59d-63f92290584b">
      <Execution id="1b43c9e7-d046-4662-9114-1ad3968dca82" />
      <TestMethod codeBase="C:/Users/SuprDewd/Documents/Projects/SharpBag/SharpBag.Tests/bin/Release/SharpBag.Tests.DLL" adapterTypeName="Microsoft.VisualStudio.TestTools.TestTypes.Unit.UnitTestAdapter, Microsoft.VisualStudio.QualityTools.Tips.UnitTest.Adapter, Version=10.0.0.0, Culture=neutral, PublicKeyToken=b03f5f7f11d50a3a" className="SharpBag.Media.MediaExtensionsTest, SharpBag.Tests, Version=0.0.0.0, Culture=neutral, PublicKeyToken=null" name="CreateRectangle621" />
    </UnitTest>
    <UnitTest name="Contrast768" storage="c:\users\suprdewd\documents\projects\sharpbag\sharpbag.tests\bin\release\sharpbag.tests.dll" id="3141d6f7-4f77-e316-0fab-9f0803c256ce">
      <Execution id="f574e743-65f9-4953-8a4a-fa8cae515352" />
      <TestMethod codeBase="C:/Users/SuprDewd/Documents/Projects/SharpBag/SharpBag.Tests/bin/Release/SharpBag.Tests.DLL" adapterTypeName="Microsoft.VisualStudio.TestTools.TestTypes.Unit.UnitTestAdapter, Microsoft.VisualStudio.QualityTools.Tips.UnitTest.Adapter, Version=10.0.0.0, Culture=neutral, PublicKeyToken=b03f5f7f11d50a3a" className="SharpBag.Media.MediaExtensionsTest, SharpBag.Tests, Version=0.0.0.0, Culture=neutral, PublicKeyToken=null" name="Contrast768" />
    </UnitTest>
    <UnitTest name="To01203" storage="c:\users\suprdewd\documents\projects\sharpbag\sharpbag.tests\bin\release\sharpbag.tests.dll" id="1199c9cc-d8e3-0309-8136-cef199801af6">
      <Execution id="2ff84389-2c5f-4212-89a8-8e6570ab03f4" />
      <TestMethod codeBase="C:/Users/SuprDewd/Documents/Projects/SharpBag/SharpBag.Tests/bin/Release/SharpBag.Tests.DLL" adapterTypeName="Microsoft.VisualStudio.TestTools.TestTypes.Unit.UnitTestAdapter, Microsoft.VisualStudio.QualityTools.Tips.UnitTest.Adapter, Version=10.0.0.0, Culture=neutral, PublicKeyToken=b03f5f7f11d50a3a" className="SharpBag.ExtensionsTest, SharpBag.Tests, Version=0.0.0.0, Culture=neutral, PublicKeyToken=null" name="To01203" />
    </UnitTest>
    <UnitTest name="AsEnumerable03ThrowsContractException218" storage="c:\users\suprdewd\documents\projects\sharpbag\sharpbag.tests\bin\release\sharpbag.tests.dll" id="d5c0936a-c599-0b52-ccd7-56cf32ad0c4f">
      <Execution id="89340f8e-63d4-4462-870f-e3e646aa53bd" />
      <TestMethod codeBase="C:/Users/SuprDewd/Documents/Projects/SharpBag/SharpBag.Tests/bin/Release/SharpBag.Tests.DLL" adapterTypeName="Microsoft.VisualStudio.TestTools.TestTypes.Unit.UnitTestAdapter, Microsoft.VisualStudio.QualityTools.Tips.UnitTest.Adapter, Version=10.0.0.0, Culture=neutral, PublicKeyToken=b03f5f7f11d50a3a" className="SharpBag.ExtensionsTest, SharpBag.Tests, Version=0.0.0.0, Culture=neutral, PublicKeyToken=null" name="AsEnumerable03ThrowsContractException218" />
    </UnitTest>
    <UnitTest name="IsPortFree18" storage="c:\users\suprdewd\documents\projects\sharpbag\sharpbag.tests\bin\release\sharpbag.tests.dll" id="f54b9d87-7e35-d661-8f30-1a09064c130c">
      <Execution id="b9a37c13-451f-4fa9-8223-5f073d338a3e" />
      <TestMethod codeBase="C:/Users/SuprDewd/Documents/Projects/SharpBag/SharpBag.Tests/bin/Release/SharpBag.Tests.DLL" adapterTypeName="Microsoft.VisualStudio.TestTools.TestTypes.Unit.UnitTestAdapter, Microsoft.VisualStudio.QualityTools.Tips.UnitTest.Adapter, Version=10.0.0.0, Culture=neutral, PublicKeyToken=b03f5f7f11d50a3a" className="SharpBag.Net.InternetTest, SharpBag.Tests, Version=0.0.0.0, Culture=neutral, PublicKeyToken=null" name="IsPortFree18" />
    </UnitTest>
    <UnitTest name="As0132109" storage="c:\users\suprdewd\documents\projects\sharpbag\sharpbag.tests\bin\release\sharpbag.tests.dll" id="ea8ee283-08b1-8adf-4aa4-5e76e4a476d8">
      <Execution id="41b33387-391b-4993-a0b1-2aa124ac20ae" />
      <TestMethod codeBase="C:/Users/SuprDewd/Documents/Projects/SharpBag/SharpBag.Tests/bin/Release/SharpBag.Tests.DLL" adapterTypeName="Microsoft.VisualStudio.TestTools.TestTypes.Unit.UnitTestAdapter, Microsoft.VisualStudio.QualityTools.Tips.UnitTest.Adapter, Version=10.0.0.0, Culture=neutral, PublicKeyToken=b03f5f7f11d50a3a" className="SharpBag.ExtensionsTest, SharpBag.Tests, Version=0.0.0.0, Culture=neutral, PublicKeyToken=null" name="As0132109" />
    </UnitTest>
    <UnitTest name="To463" storage="c:\users\suprdewd\documents\projects\sharpbag\sharpbag.tests\bin\release\sharpbag.tests.dll" id="3950117e-1257-8bcc-63aa-35e8e8daf9e2">
      <Execution id="66f7150c-1d69-4f11-9ec4-13d4e9eb1bb7" />
      <TestMethod codeBase="C:/Users/SuprDewd/Documents/Projects/SharpBag/SharpBag.Tests/bin/Release/SharpBag.Tests.DLL" adapterTypeName="Microsoft.VisualStudio.TestTools.TestTypes.Unit.UnitTestAdapter, Microsoft.VisualStudio.QualityTools.Tips.UnitTest.Adapter, Version=10.0.0.0, Culture=neutral, PublicKeyToken=b03f5f7f11d50a3a" className="SharpBag.ExtensionsTest, SharpBag.Tests, Version=0.0.0.0, Culture=neutral, PublicKeyToken=null" name="To463" />
    </UnitTest>
    <UnitTest name="AsEnumerable56005" storage="c:\users\suprdewd\documents\projects\sharpbag\sharpbag.tests\bin\release\sharpbag.tests.dll" id="55e01e02-7bca-1246-be49-4c21bab190b5">
      <Execution id="18745c9b-e3b3-4839-b82d-36796c61bcea" />
      <TestMethod codeBase="C:/Users/SuprDewd/Documents/Projects/SharpBag/SharpBag.Tests/bin/Release/SharpBag.Tests.DLL" adapterTypeName="Microsoft.VisualStudio.TestTools.TestTypes.Unit.UnitTestAdapter, Microsoft.VisualStudio.QualityTools.Tips.UnitTest.Adapter, Version=10.0.0.0, Culture=neutral, PublicKeyToken=b03f5f7f11d50a3a" className="SharpBag.ExtensionsTest, SharpBag.Tests, Version=0.0.0.0, Culture=neutral, PublicKeyToken=null" name="AsEnumerable56005" />
    </UnitTest>
    <UnitTest name="Fill0168803" storage="c:\users\suprdewd\documents\projects\sharpbag\sharpbag.tests\bin\release\sharpbag.tests.dll" id="70ecef07-25d9-9298-9faa-26825e270b46">
      <Execution id="ed000916-5fdc-422c-a8a1-70293846581a" />
      <TestMethod codeBase="C:/Users/SuprDewd/Documents/Projects/SharpBag/SharpBag.Tests/bin/Release/SharpBag.Tests.DLL" adapterTypeName="Microsoft.VisualStudio.TestTools.TestTypes.Unit.UnitTestAdapter, Microsoft.VisualStudio.QualityTools.Tips.UnitTest.Adapter, Version=10.0.0.0, Culture=neutral, PublicKeyToken=b03f5f7f11d50a3a" className="SharpBag.ExtensionsTest, SharpBag.Tests, Version=0.0.0.0, Culture=neutral, PublicKeyToken=null" name="Fill0168803" />
    </UnitTest>
    <UnitTest name="AsEnumerable0128305" storage="c:\users\suprdewd\documents\projects\sharpbag\sharpbag.tests\bin\release\sharpbag.tests.dll" id="1ed065ef-ce8b-7235-fc5f-cca130d48e00">
      <Execution id="e5e21404-8b75-47a8-81c1-6aa30536b2d2" />
      <TestMethod codeBase="C:/Users/SuprDewd/Documents/Projects/SharpBag/SharpBag.Tests/bin/Release/SharpBag.Tests.DLL" adapterTypeName="Microsoft.VisualStudio.TestTools.TestTypes.Unit.UnitTestAdapter, Microsoft.VisualStudio.QualityTools.Tips.UnitTest.Adapter, Version=10.0.0.0, Culture=neutral, PublicKeyToken=b03f5f7f11d50a3a" className="SharpBag.ExtensionsTest, SharpBag.Tests, Version=0.0.0.0, Culture=neutral, PublicKeyToken=null" name="AsEnumerable0128305" />
    </UnitTest>
    <UnitTest name="As01660" storage="c:\users\suprdewd\documents\projects\sharpbag\sharpbag.tests\bin\release\sharpbag.tests.dll" id="0b8785c2-8bd4-a826-60eb-f295a2d7fcb3">
      <Execution id="a39971c6-d13f-4b9e-91df-528d4044b033" />
      <TestMethod codeBase="C:/Users/SuprDewd/Documents/Projects/SharpBag/SharpBag.Tests/bin/Release/SharpBag.Tests.DLL" adapterTypeName="Microsoft.VisualStudio.TestTools.TestTypes.Unit.UnitTestAdapter, Microsoft.VisualStudio.QualityTools.Tips.UnitTest.Adapter, Version=10.0.0.0, Culture=neutral, PublicKeyToken=b03f5f7f11d50a3a" className="SharpBag.ExtensionsTest, SharpBag.Tests, Version=0.0.0.0, Culture=neutral, PublicKeyToken=null" name="As01660" />
    </UnitTest>
    <UnitTest name="Generate602" storage="c:\users\suprdewd\documents\projects\sharpbag\sharpbag.tests\bin\release\sharpbag.tests.dll" id="ab328c1b-fd51-1dad-6b49-0a3734c2c2e7">
      <Execution id="12a93ce0-c609-4d9c-97ee-58cbc67a4144" />
      <TestMethod codeBase="C:/Users/SuprDewd/Documents/Projects/SharpBag/SharpBag.Tests/bin/Release/SharpBag.Tests.DLL" adapterTypeName="Microsoft.VisualStudio.TestTools.TestTypes.Unit.UnitTestAdapter, Microsoft.VisualStudio.QualityTools.Tips.UnitTest.Adapter, Version=10.0.0.0, Culture=neutral, PublicKeyToken=b03f5f7f11d50a3a" className="SharpBag.UtilsTest, SharpBag.Tests, Version=0.0.0.0, Culture=neutral, PublicKeyToken=null" name="Generate602" />
    </UnitTest>
    <UnitTest name="Add60901" storage="c:\users\suprdewd\documents\projects\sharpbag\sharpbag.tests\bin\release\sharpbag.tests.dll" id="03c88b26-e4eb-d38e-6683-3ac55f8aeeac">
      <Execution id="a8b8f51c-668c-4e3e-8cf8-b46197229f4b" />
      <TestMethod codeBase="C:/Users/SuprDewd/Documents/Projects/SharpBag/SharpBag.Tests/bin/Release/SharpBag.Tests.DLL" adapterTypeName="Microsoft.VisualStudio.TestTools.TestTypes.Unit.UnitTestAdapter, Microsoft.VisualStudio.QualityTools.Tips.UnitTest.Adapter, Version=10.0.0.0, Culture=neutral, PublicKeyToken=b03f5f7f11d50a3a" className="SharpBag.ExtensionsTest, SharpBag.Tests, Version=0.0.0.0, Culture=neutral, PublicKeyToken=null" name="Add60901" />
    </UnitTest>
    <UnitTest name="Random575" storage="c:\users\suprdewd\documents\projects\sharpbag\sharpbag.tests\bin\release\sharpbag.tests.dll" id="2cb985a5-30e0-1631-ebdb-14215fcd5267">
      <Execution id="34109a4c-feac-4dfd-b6e3-25008361cf90" />
      <TestMethod codeBase="C:/Users/SuprDewd/Documents/Projects/SharpBag/SharpBag.Tests/bin/Release/SharpBag.Tests.DLL" adapterTypeName="Microsoft.VisualStudio.TestTools.TestTypes.Unit.UnitTestAdapter, Microsoft.VisualStudio.QualityTools.Tips.UnitTest.Adapter, Version=10.0.0.0, Culture=neutral, PublicKeyToken=b03f5f7f11d50a3a" className="SharpBag.ExtensionsTest, SharpBag.Tests, Version=0.0.0.0, Culture=neutral, PublicKeyToken=null" name="Random575" />
    </UnitTest>
    <UnitTest name="As0130304" storage="c:\users\suprdewd\documents\projects\sharpbag\sharpbag.tests\bin\release\sharpbag.tests.dll" id="3c1d094b-ca29-adfc-cfcd-77289a3cce3f">
      <Execution id="f8fc5655-a908-4ab4-a9e1-8162d01f963f" />
      <TestMethod codeBase="C:/Users/SuprDewd/Documents/Projects/SharpBag/SharpBag.Tests/bin/Release/SharpBag.Tests.DLL" adapterTypeName="Microsoft.VisualStudio.TestTools.TestTypes.Unit.UnitTestAdapter, Microsoft.VisualStudio.QualityTools.Tips.UnitTest.Adapter, Version=10.0.0.0, Culture=neutral, PublicKeyToken=b03f5f7f11d50a3a" className="SharpBag.ExtensionsTest, SharpBag.Tests, Version=0.0.0.0, Culture=neutral, PublicKeyToken=null" name="As0130304" />
    </UnitTest>
    <UnitTest name="As21517" storage="c:\users\suprdewd\documents\projects\sharpbag\sharpbag.tests\bin\release\sharpbag.tests.dll" id="44ddd54b-7a43-e4f9-ebb3-b78badce4585">
      <Execution id="99339c84-a185-4333-a27b-4dcd73ac307d" />
      <TestMethod codeBase="C:/Users/SuprDewd/Documents/Projects/SharpBag/SharpBag.Tests/bin/Release/SharpBag.Tests.DLL" adapterTypeName="Microsoft.VisualStudio.TestTools.TestTypes.Unit.UnitTestAdapter, Microsoft.VisualStudio.QualityTools.Tips.UnitTest.Adapter, Version=10.0.0.0, Culture=neutral, PublicKeyToken=b03f5f7f11d50a3a" className="SharpBag.ExtensionsTest, SharpBag.Tests, Version=0.0.0.0, Culture=neutral, PublicKeyToken=null" name="As21517" />
    </UnitTest>
    <UnitTest name="CreateRectangleThrowsContractException799" storage="c:\users\suprdewd\documents\projects\sharpbag\sharpbag.tests\bin\release\sharpbag.tests.dll" id="446e633f-49f1-1108-f723-4032f6b7dd87">
      <Execution id="b66d91bc-dd19-44d2-9c05-351621eca4aa" />
      <TestMethod codeBase="C:/Users/SuprDewd/Documents/Projects/SharpBag/SharpBag.Tests/bin/Release/SharpBag.Tests.DLL" adapterTypeName="Microsoft.VisualStudio.TestTools.TestTypes.Unit.UnitTestAdapter, Microsoft.VisualStudio.QualityTools.Tips.UnitTest.Adapter, Version=10.0.0.0, Culture=neutral, PublicKeyToken=b03f5f7f11d50a3a" className="SharpBag.Media.MediaExtensionsTest, SharpBag.Tests, Version=0.0.0.0, Culture=neutral, PublicKeyToken=null" name="CreateRectangleThrowsContractException799" />
    </UnitTest>
    <UnitTest name="IsIn01570" storage="c:\users\suprdewd\documents\projects\sharpbag\sharpbag.tests\bin\release\sharpbag.tests.dll" id="cdf50321-c0eb-ddc4-0179-2919c2028903">
      <Execution id="e7bb4cdb-9200-4af0-b168-5e865a74429e" />
      <TestMethod codeBase="C:/Users/SuprDewd/Documents/Projects/SharpBag/SharpBag.Tests/bin/Release/SharpBag.Tests.DLL" adapterTypeName="Microsoft.VisualStudio.TestTools.TestTypes.Unit.UnitTestAdapter, Microsoft.VisualStudio.QualityTools.Tips.UnitTest.Adapter, Version=10.0.0.0, Culture=neutral, PublicKeyToken=b03f5f7f11d50a3a" className="SharpBag.ExtensionsTest, SharpBag.Tests, Version=0.0.0.0, Culture=neutral, PublicKeyToken=null" name="IsIn01570" />
    </UnitTest>
    <UnitTest name="Add29601" storage="c:\users\suprdewd\documents\projects\sharpbag\sharpbag.tests\bin\release\sharpbag.tests.dll" id="29e140f3-0b7d-028a-f85f-e65d5e7a4460">
      <Execution id="9a1dbba5-d4d0-4fde-87e1-9e49da78d6c8" />
      <TestMethod codeBase="C:/Users/SuprDewd/Documents/Projects/SharpBag/SharpBag.Tests/bin/Release/SharpBag.Tests.DLL" adapterTypeName="Microsoft.VisualStudio.TestTools.TestTypes.Unit.UnitTestAdapter, Microsoft.VisualStudio.QualityTools.Tips.UnitTest.Adapter, Version=10.0.0.0, Culture=neutral, PublicKeyToken=b03f5f7f11d50a3a" className="SharpBag.ExtensionsTest, SharpBag.Tests, Version=0.0.0.0, Culture=neutral, PublicKeyToken=null" name="Add29601" />
    </UnitTest>
    <UnitTest name="Iter96004" storage="c:\users\suprdewd\documents\projects\sharpbag\sharpbag.tests\bin\release\sharpbag.tests.dll" id="7a965cd2-e1cf-8636-b94b-9bb1e4688fd0">
      <Execution id="c06ee7fd-6a2a-4a8e-a32b-7b701623701c" />
      <TestMethod codeBase="C:/Users/SuprDewd/Documents/Projects/SharpBag/SharpBag.Tests/bin/Release/SharpBag.Tests.DLL" adapterTypeName="Microsoft.VisualStudio.TestTools.TestTypes.Unit.UnitTestAdapter, Microsoft.VisualStudio.QualityTools.Tips.UnitTest.Adapter, Version=10.0.0.0, Culture=neutral, PublicKeyToken=b03f5f7f11d50a3a" className="SharpBag.ExtensionsTest, SharpBag.Tests, Version=0.0.0.0, Culture=neutral, PublicKeyToken=null" name="Iter96004" />
    </UnitTest>
    <UnitTest name="ItemGetThrowsContractException130" storage="c:\users\suprdewd\documents\projects\sharpbag\sharpbag.tests\bin\release\sharpbag.tests.dll" id="5fdc84ef-63cf-5a14-fe7e-7e23560c2d19">
      <Execution id="e0a52ca8-1773-48e1-8aa5-26927fb06165" />
      <TestMethod codeBase="C:/Users/SuprDewd/Documents/Projects/SharpBag/SharpBag.Tests/bin/Release/SharpBag.Tests.DLL" adapterTypeName="Microsoft.VisualStudio.TestTools.TestTypes.Unit.UnitTestAdapter, Microsoft.VisualStudio.QualityTools.Tips.UnitTest.Adapter, Version=10.0.0.0, Culture=neutral, PublicKeyToken=b03f5f7f11d50a3a" className="SharpBag.Algorithms.PriorityQueueTTest, SharpBag.Tests, Version=0.0.0.0, Culture=neutral, PublicKeyToken=null" name="ItemGetThrowsContractException130" />
    </UnitTest>
    <UnitTest name="Take01ThrowsContractException773" storage="c:\users\suprdewd\documents\projects\sharpbag\sharpbag.tests\bin\release\sharpbag.tests.dll" id="6549571d-9021-09b2-07d6-0260b1acecdd">
      <Execution id="a3d260ab-184f-4542-9cb4-346ccfb5b792" />
      <TestMethod codeBase="C:/Users/SuprDewd/Documents/Projects/SharpBag/SharpBag.Tests/bin/Release/SharpBag.Tests.DLL" adapterTypeName="Microsoft.VisualStudio.TestTools.TestTypes.Unit.UnitTestAdapter, Microsoft.VisualStudio.QualityTools.Tips.UnitTest.Adapter, Version=10.0.0.0, Culture=neutral, PublicKeyToken=b03f5f7f11d50a3a" className="SharpBag.ExtensionsTest, SharpBag.Tests, Version=0.0.0.0, Culture=neutral, PublicKeyToken=null" name="Take01ThrowsContractException773" />
    </UnitTest>
    <UnitTest name="As21508" storage="c:\users\suprdewd\documents\projects\sharpbag\sharpbag.tests\bin\release\sharpbag.tests.dll" id="f4f76af5-0d54-7bf8-8ba4-b32803d7a374">
      <Execution id="7ba29c3d-2d2e-496f-87c3-c75935ee3130" />
      <TestMethod codeBase="C:/Users/SuprDewd/Documents/Projects/SharpBag/SharpBag.Tests/bin/Release/SharpBag.Tests.DLL" adapterTypeName="Microsoft.VisualStudio.TestTools.TestTypes.Unit.UnitTestAdapter, Microsoft.VisualStudio.QualityTools.Tips.UnitTest.Adapter, Version=10.0.0.0, Culture=neutral, PublicKeyToken=b03f5f7f11d50a3a" className="SharpBag.ExtensionsTest, SharpBag.Tests, Version=0.0.0.0, Culture=neutral, PublicKeyToken=null" name="As21508" />
    </UnitTest>
    <UnitTest name="IsIn01ThrowsContractException937" storage="c:\users\suprdewd\documents\projects\sharpbag\sharpbag.tests\bin\release\sharpbag.tests.dll" id="6e8b504e-1179-c8e0-b7f7-d2e7e3a8ccae">
      <Execution id="247e6c72-9ee9-43b9-9544-7d08ba07a823" />
      <TestMethod codeBase="C:/Users/SuprDewd/Documents/Projects/SharpBag/SharpBag.Tests/bin/Release/SharpBag.Tests.DLL" adapterTypeName="Microsoft.VisualStudio.TestTools.TestTypes.Unit.UnitTestAdapter, Microsoft.VisualStudio.QualityTools.Tips.UnitTest.Adapter, Version=10.0.0.0, Culture=neutral, PublicKeyToken=b03f5f7f11d50a3a" className="SharpBag.ExtensionsTest, SharpBag.Tests, Version=0.0.0.0, Culture=neutral, PublicKeyToken=null" name="IsIn01ThrowsContractException937" />
    </UnitTest>
    <UnitTest name="IfNotNull47703" storage="c:\users\suprdewd\documents\projects\sharpbag\sharpbag.tests\bin\release\sharpbag.tests.dll" id="d8af0a27-8cd9-d036-917e-00672cd2689b">
      <Execution id="987416fe-db22-4fb7-be5f-5881c82dd9fe" />
      <TestMethod codeBase="C:/Users/SuprDewd/Documents/Projects/SharpBag/SharpBag.Tests/bin/Release/SharpBag.Tests.DLL" adapterTypeName="Microsoft.VisualStudio.TestTools.TestTypes.Unit.UnitTestAdapter, Microsoft.VisualStudio.QualityTools.Tips.UnitTest.Adapter, Version=10.0.0.0, Culture=neutral, PublicKeyToken=b03f5f7f11d50a3a" className="SharpBag.ExtensionsTest, SharpBag.Tests, Version=0.0.0.0, Culture=neutral, PublicKeyToken=null" name="IfNotNull47703" />
    </UnitTest>
    <UnitTest name="Iter96001" storage="c:\users\suprdewd\documents\projects\sharpbag\sharpbag.tests\bin\release\sharpbag.tests.dll" id="5f6c8af1-2825-3c27-b802-e1be0e1eeb12">
      <Execution id="8e2fec11-c3f0-48d0-bd49-a086294cd37c" />
      <TestMethod codeBase="C:/Users/SuprDewd/Documents/Projects/SharpBag/SharpBag.Tests/bin/Release/SharpBag.Tests.DLL" adapterTypeName="Microsoft.VisualStudio.TestTools.TestTypes.Unit.UnitTestAdapter, Microsoft.VisualStudio.QualityTools.Tips.UnitTest.Adapter, Version=10.0.0.0, Culture=neutral, PublicKeyToken=b03f5f7f11d50a3a" className="SharpBag.ExtensionsTest, SharpBag.Tests, Version=0.0.0.0, Culture=neutral, PublicKeyToken=null" name="Iter96001" />
    </UnitTest>
    <UnitTest name="NullOr71402" storage="c:\users\suprdewd\documents\projects\sharpbag\sharpbag.tests\bin\release\sharpbag.tests.dll" id="56fc1a57-6e5c-088b-8f95-88d9f697c097">
      <Execution id="e6c4c30d-732d-4a8d-a8ad-a10832262315" />
      <TestMethod codeBase="C:/Users/SuprDewd/Documents/Projects/SharpBag/SharpBag.Tests/bin/Release/SharpBag.Tests.DLL" adapterTypeName="Microsoft.VisualStudio.TestTools.TestTypes.Unit.UnitTestAdapter, Microsoft.VisualStudio.QualityTools.Tips.UnitTest.Adapter, Version=10.0.0.0, Culture=neutral, PublicKeyToken=b03f5f7f11d50a3a" className="SharpBag.ExtensionsTest, SharpBag.Tests, Version=0.0.0.0, Culture=neutral, PublicKeyToken=null" name="NullOr71402" />
    </UnitTest>
    <UnitTest name="To01463" storage="c:\users\suprdewd\documents\projects\sharpbag\sharpbag.tests\bin\release\sharpbag.tests.dll" id="be4a640d-264d-b6fa-ba99-6f190c20c0bb">
      <Execution id="d9f147a3-db0b-4778-9244-be80cf43371c" />
      <TestMethod codeBase="C:/Users/SuprDewd/Documents/Projects/SharpBag/SharpBag.Tests/bin/Release/SharpBag.Tests.DLL" adapterTypeName="Microsoft.VisualStudio.TestTools.TestTypes.Unit.UnitTestAdapter, Microsoft.VisualStudio.QualityTools.Tips.UnitTest.Adapter, Version=10.0.0.0, Culture=neutral, PublicKeyToken=b03f5f7f11d50a3a" className="SharpBag.ExtensionsTest, SharpBag.Tests, Version=0.0.0.0, Culture=neutral, PublicKeyToken=null" name="To01463" />
    </UnitTest>
    <UnitTest name="Add60906" storage="c:\users\suprdewd\documents\projects\sharpbag\sharpbag.tests\bin\release\sharpbag.tests.dll" id="fa1989e4-dedf-2eca-f2e1-6a1893f9bfd6">
      <Execution id="a4e93235-d706-41d5-a1f1-b7a4f3473b79" />
      <TestMethod codeBase="C:/Users/SuprDewd/Documents/Projects/SharpBag/SharpBag.Tests/bin/Release/SharpBag.Tests.DLL" adapterTypeName="Microsoft.VisualStudio.TestTools.TestTypes.Unit.UnitTestAdapter, Microsoft.VisualStudio.QualityTools.Tips.UnitTest.Adapter, Version=10.0.0.0, Culture=neutral, PublicKeyToken=b03f5f7f11d50a3a" className="SharpBag.ExtensionsTest, SharpBag.Tests, Version=0.0.0.0, Culture=neutral, PublicKeyToken=null" name="Add60906" />
    </UnitTest>
    <UnitTest name="Add60902" storage="c:\users\suprdewd\documents\projects\sharpbag\sharpbag.tests\bin\release\sharpbag.tests.dll" id="22fb3f0c-8177-2102-3c97-5cd124eaf953">
      <Execution id="2aa47a85-1c13-42fa-b8a6-33faef9e24a3" />
      <TestMethod codeBase="C:/Users/SuprDewd/Documents/Projects/SharpBag/SharpBag.Tests/bin/Release/SharpBag.Tests.DLL" adapterTypeName="Microsoft.VisualStudio.TestTools.TestTypes.Unit.UnitTestAdapter, Microsoft.VisualStudio.QualityTools.Tips.UnitTest.Adapter, Version=10.0.0.0, Culture=neutral, PublicKeyToken=b03f5f7f11d50a3a" className="SharpBag.ExtensionsTest, SharpBag.Tests, Version=0.0.0.0, Culture=neutral, PublicKeyToken=null" name="Add60902" />
    </UnitTest>
    <UnitTest name="As0163235" storage="c:\users\suprdewd\documents\projects\sharpbag\sharpbag.tests\bin\release\sharpbag.tests.dll" id="c0b049d8-5af1-212d-f646-b9a7aa76e7aa">
      <Execution id="7f165691-21de-4f7c-b79d-12a86edf0dc4" />
      <TestMethod codeBase="C:/Users/SuprDewd/Documents/Projects/SharpBag/SharpBag.Tests/bin/Release/SharpBag.Tests.DLL" adapterTypeName="Microsoft.VisualStudio.TestTools.TestTypes.Unit.UnitTestAdapter, Microsoft.VisualStudio.QualityTools.Tips.UnitTest.Adapter, Version=10.0.0.0, Culture=neutral, PublicKeyToken=b03f5f7f11d50a3a" className="SharpBag.ExtensionsTest, SharpBag.Tests, Version=0.0.0.0, Culture=neutral, PublicKeyToken=null" name="As0163235" />
    </UnitTest>
    <UnitTest name="As0163245" storage="c:\users\suprdewd\documents\projects\sharpbag\sharpbag.tests\bin\release\sharpbag.tests.dll" id="8a89149d-fc38-f8c9-1fbe-1bd1d7237593">
      <Execution id="769d28a7-bde2-49c2-8494-12fc85b6b960" />
      <TestMethod codeBase="C:/Users/SuprDewd/Documents/Projects/SharpBag/SharpBag.Tests/bin/Release/SharpBag.Tests.DLL" adapterTypeName="Microsoft.VisualStudio.TestTools.TestTypes.Unit.UnitTestAdapter, Microsoft.VisualStudio.QualityTools.Tips.UnitTest.Adapter, Version=10.0.0.0, Culture=neutral, PublicKeyToken=b03f5f7f11d50a3a" className="SharpBag.ExtensionsTest, SharpBag.Tests, Version=0.0.0.0, Culture=neutral, PublicKeyToken=null" name="As0163245" />
    </UnitTest>
    <UnitTest name="As0166401" storage="c:\users\suprdewd\documents\projects\sharpbag\sharpbag.tests\bin\release\sharpbag.tests.dll" id="2b6a1fd0-ad89-86fe-c32f-c850f3486570">
      <Execution id="25768ed8-3cc6-4978-b060-b1dca7b16752" />
      <TestMethod codeBase="C:/Users/SuprDewd/Documents/Projects/SharpBag/SharpBag.Tests/bin/Release/SharpBag.Tests.DLL" adapterTypeName="Microsoft.VisualStudio.TestTools.TestTypes.Unit.UnitTestAdapter, Microsoft.VisualStudio.QualityTools.Tips.UnitTest.Adapter, Version=10.0.0.0, Culture=neutral, PublicKeyToken=b03f5f7f11d50a3a" className="SharpBag.ExtensionsTest, SharpBag.Tests, Version=0.0.0.0, Culture=neutral, PublicKeyToken=null" name="As0166401" />
    </UnitTest>
    <UnitTest name="If921" storage="c:\users\suprdewd\documents\projects\sharpbag\sharpbag.tests\bin\release\sharpbag.tests.dll" id="0860ee19-0524-5919-2b3c-8316527f7933">
      <Execution id="2022bebe-f06b-491c-846c-c51556dcec6a" />
      <TestMethod codeBase="C:/Users/SuprDewd/Documents/Projects/SharpBag/SharpBag.Tests/bin/Release/SharpBag.Tests.DLL" adapterTypeName="Microsoft.VisualStudio.TestTools.TestTypes.Unit.UnitTestAdapter, Microsoft.VisualStudio.QualityTools.Tips.UnitTest.Adapter, Version=10.0.0.0, Culture=neutral, PublicKeyToken=b03f5f7f11d50a3a" className="SharpBag.ExtensionsTest, SharpBag.Tests, Version=0.0.0.0, Culture=neutral, PublicKeyToken=null" name="If921" />
    </UnitTest>
    <UnitTest name="To04ThrowsContractException193" storage="c:\users\suprdewd\documents\projects\sharpbag\sharpbag.tests\bin\release\sharpbag.tests.dll" id="3ca3afbe-4155-3a78-1581-d034645ac0e9">
      <Execution id="90c1fe47-fb50-49a4-a2e4-cd62f0b94457" />
      <TestMethod codeBase="C:/Users/SuprDewd/Documents/Projects/SharpBag/SharpBag.Tests/bin/Release/SharpBag.Tests.DLL" adapterTypeName="Microsoft.VisualStudio.TestTools.TestTypes.Unit.UnitTestAdapter, Microsoft.VisualStudio.QualityTools.Tips.UnitTest.Adapter, Version=10.0.0.0, Culture=neutral, PublicKeyToken=b03f5f7f11d50a3a" className="SharpBag.ExtensionsTest, SharpBag.Tests, Version=0.0.0.0, Culture=neutral, PublicKeyToken=null" name="To04ThrowsContractException193" />
    </UnitTest>
    <UnitTest name="AsEnumerable56001" storage="c:\users\suprdewd\documents\projects\sharpbag\sharpbag.tests\bin\release\sharpbag.tests.dll" id="583a3c4e-73f0-f6e0-0816-cbe45229841d">
      <Execution id="6caa63e4-f982-4109-aae9-f6f927a620e5" />
      <TestMethod codeBase="C:/Users/SuprDewd/Documents/Projects/SharpBag/SharpBag.Tests/bin/Release/SharpBag.Tests.DLL" adapterTypeName="Microsoft.VisualStudio.TestTools.TestTypes.Unit.UnitTestAdapter, Microsoft.VisualStudio.QualityTools.Tips.UnitTest.Adapter, Version=10.0.0.0, Culture=neutral, PublicKeyToken=b03f5f7f11d50a3a" className="SharpBag.ExtensionsTest, SharpBag.Tests, Version=0.0.0.0, Culture=neutral, PublicKeyToken=null" name="AsEnumerable56001" />
    </UnitTest>
    <UnitTest name="As0163250" storage="c:\users\suprdewd\documents\projects\sharpbag\sharpbag.tests\bin\release\sharpbag.tests.dll" id="e2bf1cdc-50b4-47f6-3dd7-62edeb57bce2">
      <Execution id="16292ee2-9ec2-41db-bd61-e751b694b809" />
      <TestMethod codeBase="C:/Users/SuprDewd/Documents/Projects/SharpBag/SharpBag.Tests/bin/Release/SharpBag.Tests.DLL" adapterTypeName="Microsoft.VisualStudio.TestTools.TestTypes.Unit.UnitTestAdapter, Microsoft.VisualStudio.QualityTools.Tips.UnitTest.Adapter, Version=10.0.0.0, Culture=neutral, PublicKeyToken=b03f5f7f11d50a3a" className="SharpBag.ExtensionsTest, SharpBag.Tests, Version=0.0.0.0, Culture=neutral, PublicKeyToken=null" name="As0163250" />
    </UnitTest>
    <UnitTest name="Subarray142" storage="c:\users\suprdewd\documents\projects\sharpbag\sharpbag.tests\bin\release\sharpbag.tests.dll" id="6ea29e89-2e15-126e-eecf-3f7b211c52eb">
      <Execution id="d4dc95d8-a8d0-4df9-b40e-51926fa26a8b" />
      <TestMethod codeBase="C:/Users/SuprDewd/Documents/Projects/SharpBag/SharpBag.Tests/bin/Release/SharpBag.Tests.DLL" adapterTypeName="Microsoft.VisualStudio.TestTools.TestTypes.Unit.UnitTestAdapter, Microsoft.VisualStudio.QualityTools.Tips.UnitTest.Adapter, Version=10.0.0.0, Culture=neutral, PublicKeyToken=b03f5f7f11d50a3a" className="SharpBag.ExtensionsTest, SharpBag.Tests, Version=0.0.0.0, Culture=neutral, PublicKeyToken=null" name="Subarray142" />
    </UnitTest>
    <UnitTest name="GetByPercentThrowsContractException730" storage="c:\users\suprdewd\documents\projects\sharpbag\sharpbag.tests\bin\release\sharpbag.tests.dll" id="1e0ca069-996e-4bc0-6164-74e9ee8107ac">
      <Execution id="fbcc547d-eb00-488e-9568-55e5b305ed1d" />
      <TestMethod codeBase="C:/Users/SuprDewd/Documents/Projects/SharpBag/SharpBag.Tests/bin/Release/SharpBag.Tests.DLL" adapterTypeName="Microsoft.VisualStudio.TestTools.TestTypes.Unit.UnitTestAdapter, Microsoft.VisualStudio.QualityTools.Tips.UnitTest.Adapter, Version=10.0.0.0, Culture=neutral, PublicKeyToken=b03f5f7f11d50a3a" className="SharpBag.ExtensionsTest, SharpBag.Tests, Version=0.0.0.0, Culture=neutral, PublicKeyToken=null" name="GetByPercentThrowsContractException730" />
    </UnitTest>
    <UnitTest name="As215" storage="c:\users\suprdewd\documents\projects\sharpbag\sharpbag.tests\bin\release\sharpbag.tests.dll" id="7743f34e-ac5f-23a3-8e8f-212222420029">
      <Execution id="76440159-7704-42b8-9372-ceb853d45bc1" />
      <TestMethod codeBase="C:/Users/SuprDewd/Documents/Projects/SharpBag/SharpBag.Tests/bin/Release/SharpBag.Tests.DLL" adapterTypeName="Microsoft.VisualStudio.TestTools.TestTypes.Unit.UnitTestAdapter, Microsoft.VisualStudio.QualityTools.Tips.UnitTest.Adapter, Version=10.0.0.0, Culture=neutral, PublicKeyToken=b03f5f7f11d50a3a" className="SharpBag.ExtensionsTest, SharpBag.Tests, Version=0.0.0.0, Culture=neutral, PublicKeyToken=null" name="As215" />
    </UnitTest>
    <UnitTest name="ForEach12502" storage="c:\users\suprdewd\documents\projects\sharpbag\sharpbag.tests\bin\release\sharpbag.tests.dll" id="f5f02455-4aef-8763-5044-dc094bc64ba2">
      <Execution id="794bf32f-5408-4d30-b1c8-d7469b0a2b2d" />
      <TestMethod codeBase="C:/Users/SuprDewd/Documents/Projects/SharpBag/SharpBag.Tests/bin/Release/SharpBag.Tests.DLL" adapterTypeName="Microsoft.VisualStudio.TestTools.TestTypes.Unit.UnitTestAdapter, Microsoft.VisualStudio.QualityTools.Tips.UnitTest.Adapter, Version=10.0.0.0, Culture=neutral, PublicKeyToken=b03f5f7f11d50a3a" className="SharpBag.ExtensionsTest, SharpBag.Tests, Version=0.0.0.0, Culture=neutral, PublicKeyToken=null" name="ForEach12502" />
    </UnitTest>
    <UnitTest name="Add29602" storage="c:\users\suprdewd\documents\projects\sharpbag\sharpbag.tests\bin\release\sharpbag.tests.dll" id="d820847a-a64d-718b-5774-4886058277c3">
      <Execution id="25094923-778e-4b66-a715-717fc0245717" />
      <TestMethod codeBase="C:/Users/SuprDewd/Documents/Projects/SharpBag/SharpBag.Tests/bin/Release/SharpBag.Tests.DLL" adapterTypeName="Microsoft.VisualStudio.TestTools.TestTypes.Unit.UnitTestAdapter, Microsoft.VisualStudio.QualityTools.Tips.UnitTest.Adapter, Version=10.0.0.0, Culture=neutral, PublicKeyToken=b03f5f7f11d50a3a" className="SharpBag.ExtensionsTest, SharpBag.Tests, Version=0.0.0.0, Culture=neutral, PublicKeyToken=null" name="Add29602" />
    </UnitTest>
    <UnitTest name="Fill01688" storage="c:\users\suprdewd\documents\projects\sharpbag\sharpbag.tests\bin\release\sharpbag.tests.dll" id="d400fa75-dd71-d01b-c6b4-e354835a9d50">
      <Execution id="6a06dbce-a4ca-4e38-84d9-15f757c130cd" />
      <TestMethod codeBase="C:/Users/SuprDewd/Documents/Projects/SharpBag/SharpBag.Tests/bin/Release/SharpBag.Tests.DLL" adapterTypeName="Microsoft.VisualStudio.TestTools.TestTypes.Unit.UnitTestAdapter, Microsoft.VisualStudio.QualityTools.Tips.UnitTest.Adapter, Version=10.0.0.0, Culture=neutral, PublicKeyToken=b03f5f7f11d50a3a" className="SharpBag.ExtensionsTest, SharpBag.Tests, Version=0.0.0.0, Culture=neutral, PublicKeyToken=null" name="Fill01688" />
    </UnitTest>
    <UnitTest name="Take01261" storage="c:\users\suprdewd\documents\projects\sharpbag\sharpbag.tests\bin\release\sharpbag.tests.dll" id="36b9e3e8-56e9-be10-8570-3450071220f6">
      <Execution id="7501c9d3-dc35-4244-ac33-7720ae510229" />
      <TestMethod codeBase="C:/Users/SuprDewd/Documents/Projects/SharpBag/SharpBag.Tests/bin/Release/SharpBag.Tests.DLL" adapterTypeName="Microsoft.VisualStudio.TestTools.TestTypes.Unit.UnitTestAdapter, Microsoft.VisualStudio.QualityTools.Tips.UnitTest.Adapter, Version=10.0.0.0, Culture=neutral, PublicKeyToken=b03f5f7f11d50a3a" className="SharpBag.ExtensionsTest, SharpBag.Tests, Version=0.0.0.0, Culture=neutral, PublicKeyToken=null" name="Take01261" />
    </UnitTest>
    <UnitTest name="Constructor94201" storage="c:\users\suprdewd\documents\projects\sharpbag\sharpbag.tests\bin\release\sharpbag.tests.dll" id="8fabe6be-0a48-74a9-97ec-54d046e764bc">
      <Execution id="cae3303c-e44b-43d4-b469-0f22cf2f4850" />
      <TestMethod codeBase="C:/Users/SuprDewd/Documents/Projects/SharpBag/SharpBag.Tests/bin/Release/SharpBag.Tests.DLL" adapterTypeName="Microsoft.VisualStudio.TestTools.TestTypes.Unit.UnitTestAdapter, Microsoft.VisualStudio.QualityTools.Tips.UnitTest.Adapter, Version=10.0.0.0, Culture=neutral, PublicKeyToken=b03f5f7f11d50a3a" className="SharpBag.Algorithms.PriorityQueueItemTTest, SharpBag.Tests, Version=0.0.0.0, Culture=neutral, PublicKeyToken=null" name="Constructor94201" />
    </UnitTest>
    <UnitTest name="AsEnumerable0314801" storage="c:\users\suprdewd\documents\projects\sharpbag\sharpbag.tests\bin\release\sharpbag.tests.dll" id="73dedb08-3777-9f76-6412-b3470bb8b574">
      <Execution id="18fb2ddd-117c-4d30-8db2-ec2e2bc9eabe" />
      <TestMethod codeBase="C:/Users/SuprDewd/Documents/Projects/SharpBag/SharpBag.Tests/bin/Release/SharpBag.Tests.DLL" adapterTypeName="Microsoft.VisualStudio.TestTools.TestTypes.Unit.UnitTestAdapter, Microsoft.VisualStudio.QualityTools.Tips.UnitTest.Adapter, Version=10.0.0.0, Culture=neutral, PublicKeyToken=b03f5f7f11d50a3a" className="SharpBag.ExtensionsTest, SharpBag.Tests, Version=0.0.0.0, Culture=neutral, PublicKeyToken=null" name="AsEnumerable0314801" />
    </UnitTest>
    <UnitTest name="As0163205" storage="c:\users\suprdewd\documents\projects\sharpbag\sharpbag.tests\bin\release\sharpbag.tests.dll" id="48745f52-01da-5495-8edc-495e0a033ca1">
      <Execution id="2867b29d-aff5-4fdc-b789-667154201e2c" />
      <TestMethod codeBase="C:/Users/SuprDewd/Documents/Projects/SharpBag/SharpBag.Tests/bin/Release/SharpBag.Tests.DLL" adapterTypeName="Microsoft.VisualStudio.TestTools.TestTypes.Unit.UnitTestAdapter, Microsoft.VisualStudio.QualityTools.Tips.UnitTest.Adapter, Version=10.0.0.0, Culture=neutral, PublicKeyToken=b03f5f7f11d50a3a" className="SharpBag.ExtensionsTest, SharpBag.Tests, Version=0.0.0.0, Culture=neutral, PublicKeyToken=null" name="As0163205" />
    </UnitTest>
    <UnitTest name="Add74301" storage="c:\users\suprdewd\documents\projects\sharpbag\sharpbag.tests\bin\release\sharpbag.tests.dll" id="1ac879f8-3c0a-1016-6157-e481eddd5c9f">
      <Execution id="5044497a-8f0c-42a9-a146-e653921a38be" />
      <TestMethod codeBase="C:/Users/SuprDewd/Documents/Projects/SharpBag/SharpBag.Tests/bin/Release/SharpBag.Tests.DLL" adapterTypeName="Microsoft.VisualStudio.TestTools.TestTypes.Unit.UnitTestAdapter, Microsoft.VisualStudio.QualityTools.Tips.UnitTest.Adapter, Version=10.0.0.0, Culture=neutral, PublicKeyToken=b03f5f7f11d50a3a" className="SharpBag.Algorithms.PriorityQueueTTest, SharpBag.Tests, Version=0.0.0.0, Culture=neutral, PublicKeyToken=null" name="Add74301" />
    </UnitTest>
    <UnitTest name="GetSubRectangles899" storage="c:\users\suprdewd\documents\projects\sharpbag\sharpbag.tests\bin\release\sharpbag.tests.dll" id="2b100bf6-e6a4-9f38-c22a-f01b6c39f024">
      <Execution id="950011d5-02f4-46a6-962e-2583995a8fb9" />
      <TestMethod codeBase="C:/Users/SuprDewd/Documents/Projects/SharpBag/SharpBag.Tests/bin/Release/SharpBag.Tests.DLL" adapterTypeName="Microsoft.VisualStudio.TestTools.TestTypes.Unit.UnitTestAdapter, Microsoft.VisualStudio.QualityTools.Tips.UnitTest.Adapter, Version=10.0.0.0, Culture=neutral, PublicKeyToken=b03f5f7f11d50a3a" className="SharpBag.Media.MediaExtensionsTest, SharpBag.Tests, Version=0.0.0.0, Culture=neutral, PublicKeyToken=null" name="GetSubRectangles899" />
    </UnitTest>
    <UnitTest name="As0163209" storage="c:\users\suprdewd\documents\projects\sharpbag\sharpbag.tests\bin\release\sharpbag.tests.dll" id="31a904fb-b5e5-f95a-175a-584bb2addaff">
      <Execution id="58f46e4f-2356-4521-a781-2e763fd45344" />
      <TestMethod codeBase="C:/Users/SuprDewd/Documents/Projects/SharpBag/SharpBag.Tests/bin/Release/SharpBag.Tests.DLL" adapterTypeName="Microsoft.VisualStudio.TestTools.TestTypes.Unit.UnitTestAdapter, Microsoft.VisualStudio.QualityTools.Tips.UnitTest.Adapter, Version=10.0.0.0, Culture=neutral, PublicKeyToken=b03f5f7f11d50a3a" className="SharpBag.ExtensionsTest, SharpBag.Tests, Version=0.0.0.0, Culture=neutral, PublicKeyToken=null" name="As0163209" />
    </UnitTest>
    <UnitTest name="IterThrowsContractException105" storage="c:\users\suprdewd\documents\projects\sharpbag\sharpbag.tests\bin\release\sharpbag.tests.dll" id="cf0ed431-1996-776b-ee72-64e564d77181">
      <Execution id="5d3b56c1-2cf9-4fac-941f-9f1249d5c91a" />
      <TestMethod codeBase="C:/Users/SuprDewd/Documents/Projects/SharpBag/SharpBag.Tests/bin/Release/SharpBag.Tests.DLL" adapterTypeName="Microsoft.VisualStudio.TestTools.TestTypes.Unit.UnitTestAdapter, Microsoft.VisualStudio.QualityTools.Tips.UnitTest.Adapter, Version=10.0.0.0, Culture=neutral, PublicKeyToken=b03f5f7f11d50a3a" className="SharpBag.ExtensionsTest, SharpBag.Tests, Version=0.0.0.0, Culture=neutral, PublicKeyToken=null" name="IterThrowsContractException105" />
    </UnitTest>
    <UnitTest name="IfNotNull01597" storage="c:\users\suprdewd\documents\projects\sharpbag\sharpbag.tests\bin\release\sharpbag.tests.dll" id="a5017919-7828-b52a-3fcf-0e88954eb83a">
      <Execution id="1fddb7da-feaa-445c-9fb5-997c4e00f096" />
      <TestMethod codeBase="C:/Users/SuprDewd/Documents/Projects/SharpBag/SharpBag.Tests/bin/Release/SharpBag.Tests.DLL" adapterTypeName="Microsoft.VisualStudio.TestTools.TestTypes.Unit.UnitTestAdapter, Microsoft.VisualStudio.QualityTools.Tips.UnitTest.Adapter, Version=10.0.0.0, Culture=neutral, PublicKeyToken=b03f5f7f11d50a3a" className="SharpBag.ExtensionsTest, SharpBag.Tests, Version=0.0.0.0, Culture=neutral, PublicKeyToken=null" name="IfNotNull01597" />
    </UnitTest>
    <UnitTest name="IsNullOrEmpty839" storage="c:\users\suprdewd\documents\projects\sharpbag\sharpbag.tests\bin\release\sharpbag.tests.dll" id="7d85dd6d-e955-0c88-df95-d36cadd3d7ff">
      <Execution id="f1b0f019-a824-4898-8f6c-26bcd0d34d1a" />
      <TestMethod codeBase="C:/Users/SuprDewd/Documents/Projects/SharpBag/SharpBag.Tests/bin/Release/SharpBag.Tests.DLL" adapterTypeName="Microsoft.VisualStudio.TestTools.TestTypes.Unit.UnitTestAdapter, Microsoft.VisualStudio.QualityTools.Tips.UnitTest.Adapter, Version=10.0.0.0, Culture=neutral, PublicKeyToken=b03f5f7f11d50a3a" className="SharpBag.ExtensionsTest, SharpBag.Tests, Version=0.0.0.0, Culture=neutral, PublicKeyToken=null" name="IsNullOrEmpty839" />
    </UnitTest>
    <UnitTest name="As0132110" storage="c:\users\suprdewd\documents\projects\sharpbag\sharpbag.tests\bin\release\sharpbag.tests.dll" id="1220cf5e-04a1-0c63-1e54-72250893445a">
      <Execution id="f5a14981-5d05-4c6d-b5e4-ba2a8011351c" />
      <TestMethod codeBase="C:/Users/SuprDewd/Documents/Projects/SharpBag/SharpBag.Tests/bin/Release/SharpBag.Tests.DLL" adapterTypeName="Microsoft.VisualStudio.TestTools.TestTypes.Unit.UnitTestAdapter, Microsoft.VisualStudio.QualityTools.Tips.UnitTest.Adapter, Version=10.0.0.0, Culture=neutral, PublicKeyToken=b03f5f7f11d50a3a" className="SharpBag.ExtensionsTest, SharpBag.Tests, Version=0.0.0.0, Culture=neutral, PublicKeyToken=null" name="As0132110" />
    </UnitTest>
    <UnitTest name="As0132101" storage="c:\users\suprdewd\documents\projects\sharpbag\sharpbag.tests\bin\release\sharpbag.tests.dll" id="f4332708-2d9b-652b-a920-66192f9cdfaf">
      <Execution id="e501c3b8-c229-407a-95dd-ac44306c734f" />
      <TestMethod codeBase="C:/Users/SuprDewd/Documents/Projects/SharpBag/SharpBag.Tests/bin/Release/SharpBag.Tests.DLL" adapterTypeName="Microsoft.VisualStudio.TestTools.TestTypes.Unit.UnitTestAdapter, Microsoft.VisualStudio.QualityTools.Tips.UnitTest.Adapter, Version=10.0.0.0, Culture=neutral, PublicKeyToken=b03f5f7f11d50a3a" className="SharpBag.ExtensionsTest, SharpBag.Tests, Version=0.0.0.0, Culture=neutral, PublicKeyToken=null" name="As0132101" />
    </UnitTest>
    <UnitTest name="IfNotNull0159704" storage="c:\users\suprdewd\documents\projects\sharpbag\sharpbag.tests\bin\release\sharpbag.tests.dll" id="116bcbca-67a9-cf3b-0614-27721784c6e2">
      <Execution id="bd5df02a-6f39-456c-9d6c-5f6de172d1cc" />
      <TestMethod codeBase="C:/Users/SuprDewd/Documents/Projects/SharpBag/SharpBag.Tests/bin/Release/SharpBag.Tests.DLL" adapterTypeName="Microsoft.VisualStudio.TestTools.TestTypes.Unit.UnitTestAdapter, Microsoft.VisualStudio.QualityTools.Tips.UnitTest.Adapter, Version=10.0.0.0, Culture=neutral, PublicKeyToken=b03f5f7f11d50a3a" className="SharpBag.ExtensionsTest, SharpBag.Tests, Version=0.0.0.0, Culture=neutral, PublicKeyToken=null" name="IfNotNull0159704" />
    </UnitTest>
    <UnitTest name="As6" storage="c:\users\suprdewd\documents\projects\sharpbag\sharpbag.tests\bin\release\sharpbag.tests.dll" id="9d4922e1-95bb-cc07-dd59-02aa21bc0c9d">
      <Execution id="46e032e8-ba66-436a-8d47-51ff24d32290" />
      <TestMethod codeBase="C:/Users/SuprDewd/Documents/Projects/SharpBag/SharpBag.Tests/bin/Release/SharpBag.Tests.DLL" adapterTypeName="Microsoft.VisualStudio.TestTools.TestTypes.Unit.UnitTestAdapter, Microsoft.VisualStudio.QualityTools.Tips.UnitTest.Adapter, Version=10.0.0.0, Culture=neutral, PublicKeyToken=b03f5f7f11d50a3a" className="SharpBag.ExtensionsTest, SharpBag.Tests, Version=0.0.0.0, Culture=neutral, PublicKeyToken=null" name="As6" />
    </UnitTest>
    <UnitTest name="IfNotNull01ThrowsContractException708" storage="c:\users\suprdewd\documents\projects\sharpbag\sharpbag.tests\bin\release\sharpbag.tests.dll" id="976d989e-cf59-5cea-2b30-323b52da07dc">
      <Execution id="001b9146-62ce-41bf-b3fc-3b120f2639b0" />
      <TestMethod codeBase="C:/Users/SuprDewd/Documents/Projects/SharpBag/SharpBag.Tests/bin/Release/SharpBag.Tests.DLL" adapterTypeName="Microsoft.VisualStudio.TestTools.TestTypes.Unit.UnitTestAdapter, Microsoft.VisualStudio.QualityTools.Tips.UnitTest.Adapter, Version=10.0.0.0, Culture=neutral, PublicKeyToken=b03f5f7f11d50a3a" className="SharpBag.ExtensionsTest, SharpBag.Tests, Version=0.0.0.0, Culture=neutral, PublicKeyToken=null" name="IfNotNull01ThrowsContractException708" />
    </UnitTest>
    <UnitTest name="As0163213" storage="c:\users\suprdewd\documents\projects\sharpbag\sharpbag.tests\bin\release\sharpbag.tests.dll" id="2e9abde5-72f2-18f2-ec62-8da36318a8ed">
      <Execution id="f9ab2e9a-318f-4221-9916-2238d488d007" />
      <TestMethod codeBase="C:/Users/SuprDewd/Documents/Projects/SharpBag/SharpBag.Tests/bin/Release/SharpBag.Tests.DLL" adapterTypeName="Microsoft.VisualStudio.TestTools.TestTypes.Unit.UnitTestAdapter, Microsoft.VisualStudio.QualityTools.Tips.UnitTest.Adapter, Version=10.0.0.0, Culture=neutral, PublicKeyToken=b03f5f7f11d50a3a" className="SharpBag.ExtensionsTest, SharpBag.Tests, Version=0.0.0.0, Culture=neutral, PublicKeyToken=null" name="As0163213" />
    </UnitTest>
    <UnitTest name="AsEnumerable560" storage="c:\users\suprdewd\documents\projects\sharpbag\sharpbag.tests\bin\release\sharpbag.tests.dll" id="84a133d0-001f-a986-72f9-cc05e5f25751">
      <Execution id="cbe77a1b-6980-4887-8aef-16677c7d6051" />
      <TestMethod codeBase="C:/Users/SuprDewd/Documents/Projects/SharpBag/SharpBag.Tests/bin/Release/SharpBag.Tests.DLL" adapterTypeName="Microsoft.VisualStudio.TestTools.TestTypes.Unit.UnitTestAdapter, Microsoft.VisualStudio.QualityTools.Tips.UnitTest.Adapter, Version=10.0.0.0, Culture=neutral, PublicKeyToken=b03f5f7f11d50a3a" className="SharpBag.ExtensionsTest, SharpBag.Tests, Version=0.0.0.0, Culture=neutral, PublicKeyToken=null" name="AsEnumerable560" />
    </UnitTest>
    <UnitTest name="AsEnumerable0128302" storage="c:\users\suprdewd\documents\projects\sharpbag\sharpbag.tests\bin\release\sharpbag.tests.dll" id="39820720-af85-1690-8f39-546deff2b7b4">
      <Execution id="16d5aafe-1e19-49c0-be81-729861f2f72d" />
      <TestMethod codeBase="C:/Users/SuprDewd/Documents/Projects/SharpBag/SharpBag.Tests/bin/Release/SharpBag.Tests.DLL" adapterTypeName="Microsoft.VisualStudio.TestTools.TestTypes.Unit.UnitTestAdapter, Microsoft.VisualStudio.QualityTools.Tips.UnitTest.Adapter, Version=10.0.0.0, Culture=neutral, PublicKeyToken=b03f5f7f11d50a3a" className="SharpBag.ExtensionsTest, SharpBag.Tests, Version=0.0.0.0, Culture=neutral, PublicKeyToken=null" name="AsEnumerable0128302" />
    </UnitTest>
    <UnitTest name="RangeThrowsContractException95" storage="c:\users\suprdewd\documents\projects\sharpbag\sharpbag.tests\bin\release\sharpbag.tests.dll" id="ea9a1e87-93ad-3a52-2165-5f8c61f04d38">
      <Execution id="8fcb31da-3e7b-43c4-b840-5e958fbc6c13" />
      <TestMethod codeBase="C:/Users/SuprDewd/Documents/Projects/SharpBag/SharpBag.Tests/bin/Release/SharpBag.Tests.DLL" adapterTypeName="Microsoft.VisualStudio.TestTools.TestTypes.Unit.UnitTestAdapter, Microsoft.VisualStudio.QualityTools.Tips.UnitTest.Adapter, Version=10.0.0.0, Culture=neutral, PublicKeyToken=b03f5f7f11d50a3a" className="SharpBag.ExtensionsTest, SharpBag.Tests, Version=0.0.0.0, Culture=neutral, PublicKeyToken=null" name="RangeThrowsContractException95" />
    </UnitTest>
    <UnitTest name="FillThrowsContractException184" storage="c:\users\suprdewd\documents\projects\sharpbag\sharpbag.tests\bin\release\sharpbag.tests.dll" id="352720fc-addb-8a50-aed2-2c94197dd6d3">
      <Execution id="279f3afa-15d7-496a-978d-36cd7b9425e8" />
      <TestMethod codeBase="C:/Users/SuprDewd/Documents/Projects/SharpBag/SharpBag.Tests/bin/Release/SharpBag.Tests.DLL" adapterTypeName="Microsoft.VisualStudio.TestTools.TestTypes.Unit.UnitTestAdapter, Microsoft.VisualStudio.QualityTools.Tips.UnitTest.Adapter, Version=10.0.0.0, Culture=neutral, PublicKeyToken=b03f5f7f11d50a3a" className="SharpBag.ExtensionsTest, SharpBag.Tests, Version=0.0.0.0, Culture=neutral, PublicKeyToken=null" name="FillThrowsContractException184" />
    </UnitTest>
    <UnitTest name="GetByPercentThrowsContractException75" storage="c:\users\suprdewd\documents\projects\sharpbag\sharpbag.tests\bin\release\sharpbag.tests.dll" id="c3ee02a5-293b-7ff9-c709-98157fa3a3be">
      <Execution id="2bba44f8-370a-468c-a3d7-8b8a53b1b057" />
      <TestMethod codeBase="C:/Users/SuprDewd/Documents/Projects/SharpBag/SharpBag.Tests/bin/Release/SharpBag.Tests.DLL" adapterTypeName="Microsoft.VisualStudio.TestTools.TestTypes.Unit.UnitTestAdapter, Microsoft.VisualStudio.QualityTools.Tips.UnitTest.Adapter, Version=10.0.0.0, Culture=neutral, PublicKeyToken=b03f5f7f11d50a3a" className="SharpBag.ExtensionsTest, SharpBag.Tests, Version=0.0.0.0, Culture=neutral, PublicKeyToken=null" name="GetByPercentThrowsContractException75" />
    </UnitTest>
    <UnitTest name="NextDateTime01ThrowsContractException939" storage="c:\users\suprdewd\documents\projects\sharpbag\sharpbag.tests\bin\release\sharpbag.tests.dll" id="db3591dc-f825-55e5-4b39-c42cda4bfcd4">
      <Execution id="4d573270-bace-4dc8-bcf2-ae1005d018c8" />
      <TestMethod codeBase="C:/Users/SuprDewd/Documents/Projects/SharpBag/SharpBag.Tests/bin/Release/SharpBag.Tests.DLL" adapterTypeName="Microsoft.VisualStudio.TestTools.TestTypes.Unit.UnitTestAdapter, Microsoft.VisualStudio.QualityTools.Tips.UnitTest.Adapter, Version=10.0.0.0, Culture=neutral, PublicKeyToken=b03f5f7f11d50a3a" className="SharpBag.RandomExtensionsTest, SharpBag.Tests, Version=0.0.0.0, Culture=neutral, PublicKeyToken=null" name="NextDateTime01ThrowsContractException939" />
    </UnitTest>
    <UnitTest name="IfNotNull0192305" storage="c:\users\suprdewd\documents\projects\sharpbag\sharpbag.tests\bin\release\sharpbag.tests.dll" id="24fadf38-4396-5113-e8f4-c4d70d185024">
      <Execution id="c6f65857-3ab8-4911-a923-b6603a182517" />
      <TestMethod codeBase="C:/Users/SuprDewd/Documents/Projects/SharpBag/SharpBag.Tests/bin/Release/SharpBag.Tests.DLL" adapterTypeName="Microsoft.VisualStudio.TestTools.TestTypes.Unit.UnitTestAdapter, Microsoft.VisualStudio.QualityTools.Tips.UnitTest.Adapter, Version=10.0.0.0, Culture=neutral, PublicKeyToken=b03f5f7f11d50a3a" className="SharpBag.ExtensionsTest, SharpBag.Tests, Version=0.0.0.0, Culture=neutral, PublicKeyToken=null" name="IfNotNull0192305" />
    </UnitTest>
    <UnitTest name="NullOr714" storage="c:\users\suprdewd\documents\projects\sharpbag\sharpbag.tests\bin\release\sharpbag.tests.dll" id="e2ea95fb-c5c4-8579-22e2-2d857f0fee1f">
      <Execution id="b0d82c79-89f9-4607-a5a9-476d92497f0d" />
      <TestMethod codeBase="C:/Users/SuprDewd/Documents/Projects/SharpBag/SharpBag.Tests/bin/Release/SharpBag.Tests.DLL" adapterTypeName="Microsoft.VisualStudio.TestTools.TestTypes.Unit.UnitTestAdapter, Microsoft.VisualStudio.QualityTools.Tips.UnitTest.Adapter, Version=10.0.0.0, Culture=neutral, PublicKeyToken=b03f5f7f11d50a3a" className="SharpBag.ExtensionsTest, SharpBag.Tests, Version=0.0.0.0, Culture=neutral, PublicKeyToken=null" name="NullOr714" />
    </UnitTest>
    <UnitTest name="GenerateEndless277" storage="c:\users\suprdewd\documents\projects\sharpbag\sharpbag.tests\bin\release\sharpbag.tests.dll" id="1fd730db-48ad-68c2-a560-921c988f9a38">
      <Execution id="826bc228-0948-47a1-9618-f807ba8e5e5d" />
      <TestMethod codeBase="C:/Users/SuprDewd/Documents/Projects/SharpBag/SharpBag.Tests/bin/Release/SharpBag.Tests.DLL" adapterTypeName="Microsoft.VisualStudio.TestTools.TestTypes.Unit.UnitTestAdapter, Microsoft.VisualStudio.QualityTools.Tips.UnitTest.Adapter, Version=10.0.0.0, Culture=neutral, PublicKeyToken=b03f5f7f11d50a3a" className="SharpBag.UtilsTest, SharpBag.Tests, Version=0.0.0.0, Culture=neutral, PublicKeyToken=null" name="GenerateEndless277" />
    </UnitTest>
    <UnitTest name="As0130302" storage="c:\users\suprdewd\documents\projects\sharpbag\sharpbag.tests\bin\release\sharpbag.tests.dll" id="bf4b4d8f-a9c5-278f-9d0c-4140566dfe7e">
      <Execution id="a248f93c-e706-4be6-9c75-98a17b04ac09" />
      <TestMethod codeBase="C:/Users/SuprDewd/Documents/Projects/SharpBag/SharpBag.Tests/bin/Release/SharpBag.Tests.DLL" adapterTypeName="Microsoft.VisualStudio.TestTools.TestTypes.Unit.UnitTestAdapter, Microsoft.VisualStudio.QualityTools.Tips.UnitTest.Adapter, Version=10.0.0.0, Culture=neutral, PublicKeyToken=b03f5f7f11d50a3a" className="SharpBag.ExtensionsTest, SharpBag.Tests, Version=0.0.0.0, Culture=neutral, PublicKeyToken=null" name="As0130302" />
    </UnitTest>
    <UnitTest name="As01402" storage="c:\users\suprdewd\documents\projects\sharpbag\sharpbag.tests\bin\release\sharpbag.tests.dll" id="7ba074f7-37b4-86ab-f897-639c59c7afb2">
      <Execution id="48d01f25-72fa-4dcc-85aa-04be71196656" />
      <TestMethod codeBase="C:/Users/SuprDewd/Documents/Projects/SharpBag/SharpBag.Tests/bin/Release/SharpBag.Tests.DLL" adapterTypeName="Microsoft.VisualStudio.TestTools.TestTypes.Unit.UnitTestAdapter, Microsoft.VisualStudio.QualityTools.Tips.UnitTest.Adapter, Version=10.0.0.0, Culture=neutral, PublicKeyToken=b03f5f7f11d50a3a" className="SharpBag.ExtensionsTest, SharpBag.Tests, Version=0.0.0.0, Culture=neutral, PublicKeyToken=null" name="As01402" />
    </UnitTest>
    <UnitTest name="Add60905" storage="c:\users\suprdewd\documents\projects\sharpbag\sharpbag.tests\bin\release\sharpbag.tests.dll" id="e7744f00-f1f0-3f04-ae6a-e86613496233">
      <Execution id="c60c6a5d-6e52-4bca-bc58-fbfdc4cc87e0" />
      <TestMethod codeBase="C:/Users/SuprDewd/Documents/Projects/SharpBag/SharpBag.Tests/bin/Release/SharpBag.Tests.DLL" adapterTypeName="Microsoft.VisualStudio.TestTools.TestTypes.Unit.UnitTestAdapter, Microsoft.VisualStudio.QualityTools.Tips.UnitTest.Adapter, Version=10.0.0.0, Culture=neutral, PublicKeyToken=b03f5f7f11d50a3a" className="SharpBag.ExtensionsTest, SharpBag.Tests, Version=0.0.0.0, Culture=neutral, PublicKeyToken=null" name="Add60905" />
    </UnitTest>
    <UnitTest name="IsNot859" storage="c:\users\suprdewd\documents\projects\sharpbag\sharpbag.tests\bin\release\sharpbag.tests.dll" id="633e6a31-e7c1-dc4e-810e-71a427cf70a8">
      <Execution id="881f4c4e-8470-4732-bb85-7413ad6f80c9" />
      <TestMethod codeBase="C:/Users/SuprDewd/Documents/Projects/SharpBag/SharpBag.Tests/bin/Release/SharpBag.Tests.DLL" adapterTypeName="Microsoft.VisualStudio.TestTools.TestTypes.Unit.UnitTestAdapter, Microsoft.VisualStudio.QualityTools.Tips.UnitTest.Adapter, Version=10.0.0.0, Culture=neutral, PublicKeyToken=b03f5f7f11d50a3a" className="SharpBag.ExtensionsTest, SharpBag.Tests, Version=0.0.0.0, Culture=neutral, PublicKeyToken=null" name="IsNot859" />
    </UnitTest>
    <UnitTest name="NextTimeSpanThrowsContractException287" storage="c:\users\suprdewd\documents\projects\sharpbag\sharpbag.tests\bin\release\sharpbag.tests.dll" id="ab8ea52f-3bbb-7d59-5174-ec7db8071eb4">
      <Execution id="b78cd50f-4da2-4484-b072-0f25464191f0" />
      <TestMethod codeBase="C:/Users/SuprDewd/Documents/Projects/SharpBag/SharpBag.Tests/bin/Release/SharpBag.Tests.DLL" adapterTypeName="Microsoft.VisualStudio.TestTools.TestTypes.Unit.UnitTestAdapter, Microsoft.VisualStudio.QualityTools.Tips.UnitTest.Adapter, Version=10.0.0.0, Culture=neutral, PublicKeyToken=b03f5f7f11d50a3a" className="SharpBag.RandomExtensionsTest, SharpBag.Tests, Version=0.0.0.0, Culture=neutral, PublicKeyToken=null" name="NextTimeSpanThrowsContractException287" />
    </UnitTest>
    <UnitTest name="Execute53301" storage="c:\users\suprdewd\documents\projects\sharpbag\sharpbag.tests\bin\release\sharpbag.tests.dll" id="25d5b35a-db1f-e192-1a83-5fbd23003a20">
      <Execution id="7e1ef833-a797-437c-95f2-9965dec6356c" />
      <TestMethod codeBase="C:/Users/SuprDewd/Documents/Projects/SharpBag/SharpBag.Tests/bin/Release/SharpBag.Tests.DLL" adapterTypeName="Microsoft.VisualStudio.TestTools.TestTypes.Unit.UnitTestAdapter, Microsoft.VisualStudio.QualityTools.Tips.UnitTest.Adapter, Version=10.0.0.0, Culture=neutral, PublicKeyToken=b03f5f7f11d50a3a" className="SharpBag.ExtensionsTest, SharpBag.Tests, Version=0.0.0.0, Culture=neutral, PublicKeyToken=null" name="Execute53301" />
    </UnitTest>
    <UnitTest name="IfNotNull0159702" storage="c:\users\suprdewd\documents\projects\sharpbag\sharpbag.tests\bin\release\sharpbag.tests.dll" id="b086ebe0-6bb0-f4b4-2d74-97b1a10dd517">
      <Execution id="1f77e24e-c25e-4b8b-a1f9-266c81598b08" />
      <TestMethod codeBase="C:/Users/SuprDewd/Documents/Projects/SharpBag/SharpBag.Tests/bin/Release/SharpBag.Tests.DLL" adapterTypeName="Microsoft.VisualStudio.TestTools.TestTypes.Unit.UnitTestAdapter, Microsoft.VisualStudio.QualityTools.Tips.UnitTest.Adapter, Version=10.0.0.0, Culture=neutral, PublicKeyToken=b03f5f7f11d50a3a" className="SharpBag.ExtensionsTest, SharpBag.Tests, Version=0.0.0.0, Culture=neutral, PublicKeyToken=null" name="IfNotNull0159702" />
    </UnitTest>
    <UnitTest name="As0166002" storage="c:\users\suprdewd\documents\projects\sharpbag\sharpbag.tests\bin\release\sharpbag.tests.dll" id="37c5e788-97a2-ee7f-c1df-5b64dcc3fb4c">
      <Execution id="5da2b47d-d946-4860-9c99-43a6f0d239d0" />
      <TestMethod codeBase="C:/Users/SuprDewd/Documents/Projects/SharpBag/SharpBag.Tests/bin/Release/SharpBag.Tests.DLL" adapterTypeName="Microsoft.VisualStudio.TestTools.TestTypes.Unit.UnitTestAdapter, Microsoft.VisualStudio.QualityTools.Tips.UnitTest.Adapter, Version=10.0.0.0, Culture=neutral, PublicKeyToken=b03f5f7f11d50a3a" className="SharpBag.ExtensionsTest, SharpBag.Tests, Version=0.0.0.0, Culture=neutral, PublicKeyToken=null" name="As0166002" />
    </UnitTest>
    <UnitTest name="AsEnumerable0128304" storage="c:\users\suprdewd\documents\projects\sharpbag\sharpbag.tests\bin\release\sharpbag.tests.dll" id="bbe65d68-71ba-72ec-21d1-a0b54bdef612">
      <Execution id="1a279f0d-96b5-4859-94da-6e7003c798bb" />
      <TestMethod codeBase="C:/Users/SuprDewd/Documents/Projects/SharpBag/SharpBag.Tests/bin/Release/SharpBag.Tests.DLL" adapterTypeName="Microsoft.VisualStudio.TestTools.TestTypes.Unit.UnitTestAdapter, Microsoft.VisualStudio.QualityTools.Tips.UnitTest.Adapter, Version=10.0.0.0, Culture=neutral, PublicKeyToken=b03f5f7f11d50a3a" className="SharpBag.ExtensionsTest, SharpBag.Tests, Version=0.0.0.0, Culture=neutral, PublicKeyToken=null" name="AsEnumerable0128304" />
    </UnitTest>
    <UnitTest name="As0163233" storage="c:\users\suprdewd\documents\projects\sharpbag\sharpbag.tests\bin\release\sharpbag.tests.dll" id="990a1706-3c38-5c79-dd26-6bf2a85de470">
      <Execution id="a1cf4416-e98e-406a-a309-b59ea85ccb22" />
      <TestMethod codeBase="C:/Users/SuprDewd/Documents/Projects/SharpBag/SharpBag.Tests/bin/Release/SharpBag.Tests.DLL" adapterTypeName="Microsoft.VisualStudio.TestTools.TestTypes.Unit.UnitTestAdapter, Microsoft.VisualStudio.QualityTools.Tips.UnitTest.Adapter, Version=10.0.0.0, Culture=neutral, PublicKeyToken=b03f5f7f11d50a3a" className="SharpBag.ExtensionsTest, SharpBag.Tests, Version=0.0.0.0, Culture=neutral, PublicKeyToken=null" name="As0163233" />
    </UnitTest>
    <UnitTest name="CreateIEnumerable420" storage="c:\users\suprdewd\documents\projects\sharpbag\sharpbag.tests\bin\release\sharpbag.tests.dll" id="e4451568-6212-a798-2a99-bf5d281a2d5f">
      <Execution id="725ce64c-6c81-4b34-b11a-663061b3c8be" />
      <TestMethod codeBase="C:/Users/SuprDewd/Documents/Projects/SharpBag/SharpBag.Tests/bin/Release/SharpBag.Tests.DLL" adapterTypeName="Microsoft.VisualStudio.TestTools.TestTypes.Unit.UnitTestAdapter, Microsoft.VisualStudio.QualityTools.Tips.UnitTest.Adapter, Version=10.0.0.0, Culture=neutral, PublicKeyToken=b03f5f7f11d50a3a" className="SharpBag.UtilsTest, SharpBag.Tests, Version=0.0.0.0, Culture=neutral, PublicKeyToken=null" name="CreateIEnumerable420" />
    </UnitTest>
    <UnitTest name="InvokeIfRequired01ThrowsContractException497" storage="c:\users\suprdewd\documents\projects\sharpbag\sharpbag.tests\bin\release\sharpbag.tests.dll" id="9f8161de-d8d9-0a40-2ccf-5f45a6d4b367">
      <Execution id="a00488ea-4a13-41d6-94a9-4229f3b16bc6" />
      <TestMethod codeBase="C:/Users/SuprDewd/Documents/Projects/SharpBag/SharpBag.Tests/bin/Release/SharpBag.Tests.DLL" adapterTypeName="Microsoft.VisualStudio.TestTools.TestTypes.Unit.UnitTestAdapter, Microsoft.VisualStudio.QualityTools.Tips.UnitTest.Adapter, Version=10.0.0.0, Culture=neutral, PublicKeyToken=b03f5f7f11d50a3a" className="SharpBag.ExtensionsTest, SharpBag.Tests, Version=0.0.0.0, Culture=neutral, PublicKeyToken=null" name="InvokeIfRequired01ThrowsContractException497" />
    </UnitTest>
    <UnitTest name="AsEnumerable0314802" storage="c:\users\suprdewd\documents\projects\sharpbag\sharpbag.tests\bin\release\sharpbag.tests.dll" id="f342f959-584b-70f7-fc12-f7e45c365653">
      <Execution id="6e33f719-6fb1-43a6-a377-ba4e2caa067e" />
      <TestMethod codeBase="C:/Users/SuprDewd/Documents/Projects/SharpBag/SharpBag.Tests/bin/Release/SharpBag.Tests.DLL" adapterTypeName="Microsoft.VisualStudio.TestTools.TestTypes.Unit.UnitTestAdapter, Microsoft.VisualStudio.QualityTools.Tips.UnitTest.Adapter, Version=10.0.0.0, Culture=neutral, PublicKeyToken=b03f5f7f11d50a3a" className="SharpBag.ExtensionsTest, SharpBag.Tests, Version=0.0.0.0, Culture=neutral, PublicKeyToken=null" name="AsEnumerable0314802" />
    </UnitTest>
    <UnitTest name="As0132107" storage="c:\users\suprdewd\documents\projects\sharpbag\sharpbag.tests\bin\release\sharpbag.tests.dll" id="850912a6-5065-5531-7451-3014a79cee54">
      <Execution id="918db04d-b5f3-42c3-8cbb-e7baae971424" />
      <TestMethod codeBase="C:/Users/SuprDewd/Documents/Projects/SharpBag/SharpBag.Tests/bin/Release/SharpBag.Tests.DLL" adapterTypeName="Microsoft.VisualStudio.TestTools.TestTypes.Unit.UnitTestAdapter, Microsoft.VisualStudio.QualityTools.Tips.UnitTest.Adapter, Version=10.0.0.0, Culture=neutral, PublicKeyToken=b03f5f7f11d50a3a" className="SharpBag.ExtensionsTest, SharpBag.Tests, Version=0.0.0.0, Culture=neutral, PublicKeyToken=null" name="As0132107" />
    </UnitTest>
    <UnitTest name="Iter960" storage="c:\users\suprdewd\documents\projects\sharpbag\sharpbag.tests\bin\release\sharpbag.tests.dll" id="221d319c-8869-0d4c-725e-9ea36949d716">
      <Execution id="e8bb4866-f1bb-444c-88ba-cf1ec1d59d58" />
      <TestMethod codeBase="C:/Users/SuprDewd/Documents/Projects/SharpBag/SharpBag.Tests/bin/Release/SharpBag.Tests.DLL" adapterTypeName="Microsoft.VisualStudio.TestTools.TestTypes.Unit.UnitTestAdapter, Microsoft.VisualStudio.QualityTools.Tips.UnitTest.Adapter, Version=10.0.0.0, Culture=neutral, PublicKeyToken=b03f5f7f11d50a3a" className="SharpBag.ExtensionsTest, SharpBag.Tests, Version=0.0.0.0, Culture=neutral, PublicKeyToken=null" name="Iter960" />
    </UnitTest>
    <UnitTest name="As0163222" storage="c:\users\suprdewd\documents\projects\sharpbag\sharpbag.tests\bin\release\sharpbag.tests.dll" id="473a2b39-cb44-1d62-3c12-9fd92e3b377f">
      <Execution id="34892d2e-be89-4ab5-9aa1-cad6867887eb" />
      <TestMethod codeBase="C:/Users/SuprDewd/Documents/Projects/SharpBag/SharpBag.Tests/bin/Release/SharpBag.Tests.DLL" adapterTypeName="Microsoft.VisualStudio.TestTools.TestTypes.Unit.UnitTestAdapter, Microsoft.VisualStudio.QualityTools.Tips.UnitTest.Adapter, Version=10.0.0.0, Culture=neutral, PublicKeyToken=b03f5f7f11d50a3a" className="SharpBag.ExtensionsTest, SharpBag.Tests, Version=0.0.0.0, Culture=neutral, PublicKeyToken=null" name="As0163222" />
    </UnitTest>
    <UnitTest name="ForEach12503" storage="c:\users\suprdewd\documents\projects\sharpbag\sharpbag.tests\bin\release\sharpbag.tests.dll" id="7acd9860-9837-fbe5-5425-b774d050444a">
      <Execution id="71fc5b24-c309-460e-8006-9910173ba1c6" />
      <TestMethod codeBase="C:/Users/SuprDewd/Documents/Projects/SharpBag/SharpBag.Tests/bin/Release/SharpBag.Tests.DLL" adapterTypeName="Microsoft.VisualStudio.TestTools.TestTypes.Unit.UnitTestAdapter, Microsoft.VisualStudio.QualityTools.Tips.UnitTest.Adapter, Version=10.0.0.0, Culture=neutral, PublicKeyToken=b03f5f7f11d50a3a" className="SharpBag.ExtensionsTest, SharpBag.Tests, Version=0.0.0.0, Culture=neutral, PublicKeyToken=null" name="ForEach12503" />
    </UnitTest>
    <UnitTest name="As928" storage="c:\users\suprdewd\documents\projects\sharpbag\sharpbag.tests\bin\release\sharpbag.tests.dll" id="d97a225a-e31a-2138-2fae-7b4109b25275">
      <Execution id="64d38452-9528-4078-aa52-74db942318b4" />
      <TestMethod codeBase="C:/Users/SuprDewd/Documents/Projects/SharpBag/SharpBag.Tests/bin/Release/SharpBag.Tests.DLL" adapterTypeName="Microsoft.VisualStudio.TestTools.TestTypes.Unit.UnitTestAdapter, Microsoft.VisualStudio.QualityTools.Tips.UnitTest.Adapter, Version=10.0.0.0, Culture=neutral, PublicKeyToken=b03f5f7f11d50a3a" className="SharpBag.ExtensionsTest, SharpBag.Tests, Version=0.0.0.0, Culture=neutral, PublicKeyToken=null" name="As928" />
    </UnitTest>
    <UnitTest name="Fill01ThrowsContractException489" storage="c:\users\suprdewd\documents\projects\sharpbag\sharpbag.tests\bin\release\sharpbag.tests.dll" id="7c50cc41-afad-5d78-8e16-c7b6d605577a">
      <Execution id="a837b551-3cc7-4b61-be7e-3ac5edc7cca2" />
      <TestMethod codeBase="C:/Users/SuprDewd/Documents/Projects/SharpBag/SharpBag.Tests/bin/Release/SharpBag.Tests.DLL" adapterTypeName="Microsoft.VisualStudio.TestTools.TestTypes.Unit.UnitTestAdapter, Microsoft.VisualStudio.QualityTools.Tips.UnitTest.Adapter, Version=10.0.0.0, Culture=neutral, PublicKeyToken=b03f5f7f11d50a3a" className="SharpBag.ExtensionsTest, SharpBag.Tests, Version=0.0.0.0, Culture=neutral, PublicKeyToken=null" name="Fill01ThrowsContractException489" />
    </UnitTest>
    <UnitTest name="As0163212" storage="c:\users\suprdewd\documents\projects\sharpbag\sharpbag.tests\bin\release\sharpbag.tests.dll" id="dc08494a-5655-aecb-96fc-b52817050a2a">
      <Execution id="d2fc8373-a8e0-49fc-a76e-675f7f2d59b0" />
      <TestMethod codeBase="C:/Users/SuprDewd/Documents/Projects/SharpBag/SharpBag.Tests/bin/Release/SharpBag.Tests.DLL" adapterTypeName="Microsoft.VisualStudio.TestTools.TestTypes.Unit.UnitTestAdapter, Microsoft.VisualStudio.QualityTools.Tips.UnitTest.Adapter, Version=10.0.0.0, Culture=neutral, PublicKeyToken=b03f5f7f11d50a3a" className="SharpBag.ExtensionsTest, SharpBag.Tests, Version=0.0.0.0, Culture=neutral, PublicKeyToken=null" name="As0163212" />
    </UnitTest>
    <UnitTest name="As0163240" storage="c:\users\suprdewd\documents\projects\sharpbag\sharpbag.tests\bin\release\sharpbag.tests.dll" id="3f99a1d3-4dae-8b7d-a361-9ebbf5115b1e">
      <Execution id="ce59376b-93fc-42cc-81cf-780ba39a3aa8" />
      <TestMethod codeBase="C:/Users/SuprDewd/Documents/Projects/SharpBag/SharpBag.Tests/bin/Release/SharpBag.Tests.DLL" adapterTypeName="Microsoft.VisualStudio.TestTools.TestTypes.Unit.UnitTestAdapter, Microsoft.VisualStudio.QualityTools.Tips.UnitTest.Adapter, Version=10.0.0.0, Culture=neutral, PublicKeyToken=b03f5f7f11d50a3a" className="SharpBag.ExtensionsTest, SharpBag.Tests, Version=0.0.0.0, Culture=neutral, PublicKeyToken=null" name="As0163240" />
    </UnitTest>
    <UnitTest name="IfNotNull47701" storage="c:\users\suprdewd\documents\projects\sharpbag\sharpbag.tests\bin\release\sharpbag.tests.dll" id="69d4fcec-3787-b518-9138-fc65c3d09ecc">
      <Execution id="ab812c8d-1d74-4dbb-b7e8-b7e2e926a764" />
      <TestMethod codeBase="C:/Users/SuprDewd/Documents/Projects/SharpBag/SharpBag.Tests/bin/Release/SharpBag.Tests.DLL" adapterTypeName="Microsoft.VisualStudio.TestTools.TestTypes.Unit.UnitTestAdapter, Microsoft.VisualStudio.QualityTools.Tips.UnitTest.Adapter, Version=10.0.0.0, Culture=neutral, PublicKeyToken=b03f5f7f11d50a3a" className="SharpBag.ExtensionsTest, SharpBag.Tests, Version=0.0.0.0, Culture=neutral, PublicKeyToken=null" name="IfNotNull47701" />
    </UnitTest>
    <UnitTest name="NextTimeSpan01ThrowsContractException279" storage="c:\users\suprdewd\documents\projects\sharpbag\sharpbag.tests\bin\release\sharpbag.tests.dll" id="07802348-e3dc-037c-ce88-1e51ccef97b0">
      <Execution id="8045ccd3-6b9a-4d58-b5e6-83be26002867" />
      <TestMethod codeBase="C:/Users/SuprDewd/Documents/Projects/SharpBag/SharpBag.Tests/bin/Release/SharpBag.Tests.DLL" adapterTypeName="Microsoft.VisualStudio.TestTools.TestTypes.Unit.UnitTestAdapter, Microsoft.VisualStudio.QualityTools.Tips.UnitTest.Adapter, Version=10.0.0.0, Culture=neutral, PublicKeyToken=b03f5f7f11d50a3a" className="SharpBag.RandomExtensionsTest, SharpBag.Tests, Version=0.0.0.0, Culture=neutral, PublicKeyToken=null" name="NextTimeSpan01ThrowsContractException279" />
    </UnitTest>
    <UnitTest name="EmptyIfNull574" storage="c:\users\suprdewd\documents\projects\sharpbag\sharpbag.tests\bin\release\sharpbag.tests.dll" id="d982986f-d5cc-bb8f-d6d8-e2a54e2f4dd0">
      <Execution id="fbf0d227-9d38-40b7-89e7-3af12eb01177" />
      <TestMethod codeBase="C:/Users/SuprDewd/Documents/Projects/SharpBag/SharpBag.Tests/bin/Release/SharpBag.Tests.DLL" adapterTypeName="Microsoft.VisualStudio.TestTools.TestTypes.Unit.UnitTestAdapter, Microsoft.VisualStudio.QualityTools.Tips.UnitTest.Adapter, Version=10.0.0.0, Culture=neutral, PublicKeyToken=b03f5f7f11d50a3a" className="SharpBag.ExtensionsTest, SharpBag.Tests, Version=0.0.0.0, Culture=neutral, PublicKeyToken=null" name="EmptyIfNull574" />
    </UnitTest>
    <UnitTest name="Fill0157101" storage="c:\users\suprdewd\documents\projects\sharpbag\sharpbag.tests\bin\release\sharpbag.tests.dll" id="b8e531ca-ec94-5331-cc83-d2332ab01f85">
      <Execution id="81295f9b-ebf5-4b25-be1c-90741c9f45cb" />
      <TestMethod codeBase="C:/Users/SuprDewd/Documents/Projects/SharpBag/SharpBag.Tests/bin/Release/SharpBag.Tests.DLL" adapterTypeName="Microsoft.VisualStudio.TestTools.TestTypes.Unit.UnitTestAdapter, Microsoft.VisualStudio.QualityTools.Tips.UnitTest.Adapter, Version=10.0.0.0, Culture=neutral, PublicKeyToken=b03f5f7f11d50a3a" className="SharpBag.ExtensionsTest, SharpBag.Tests, Version=0.0.0.0, Culture=neutral, PublicKeyToken=null" name="Fill0157101" />
    </UnitTest>
    <UnitTest name="Execute93301" storage="c:\users\suprdewd\documents\projects\sharpbag\sharpbag.tests\bin\release\sharpbag.tests.dll" id="fd09b993-a9b4-e74b-ac25-fcabec687112">
      <Execution id="d9c99858-1fe9-4577-aa8e-4f2071a8f90b" />
      <TestMethod codeBase="C:/Users/SuprDewd/Documents/Projects/SharpBag/SharpBag.Tests/bin/Release/SharpBag.Tests.DLL" adapterTypeName="Microsoft.VisualStudio.TestTools.TestTypes.Unit.UnitTestAdapter, Microsoft.VisualStudio.QualityTools.Tips.UnitTest.Adapter, Version=10.0.0.0, Culture=neutral, PublicKeyToken=b03f5f7f11d50a3a" className="SharpBag.ExtensionsTest, SharpBag.Tests, Version=0.0.0.0, Culture=neutral, PublicKeyToken=null" name="Execute93301" />
    </UnitTest>
    <UnitTest name="As0136702" storage="c:\users\suprdewd\documents\projects\sharpbag\sharpbag.tests\bin\release\sharpbag.tests.dll" id="f791b1fc-7ecf-06ad-9b72-838a0f1da804">
      <Execution id="165ddbda-6fa1-436c-9552-0346835c1f39" />
      <TestMethod codeBase="C:/Users/SuprDewd/Documents/Projects/SharpBag/SharpBag.Tests/bin/Release/SharpBag.Tests.DLL" adapterTypeName="Microsoft.VisualStudio.TestTools.TestTypes.Unit.UnitTestAdapter, Microsoft.VisualStudio.QualityTools.Tips.UnitTest.Adapter, Version=10.0.0.0, Culture=neutral, PublicKeyToken=b03f5f7f11d50a3a" className="SharpBag.ExtensionsTest, SharpBag.Tests, Version=0.0.0.0, Culture=neutral, PublicKeyToken=null" name="As0136702" />
    </UnitTest>
    <UnitTest name="To723" storage="c:\users\suprdewd\documents\projects\sharpbag\sharpbag.tests\bin\release\sharpbag.tests.dll" id="2a492a9b-f563-5e1e-f60c-76d1e2ee9ce9">
      <Execution id="57f560ec-6533-4217-80d7-658b14d0c934" />
      <TestMethod codeBase="C:/Users/SuprDewd/Documents/Projects/SharpBag/SharpBag.Tests/bin/Release/SharpBag.Tests.DLL" adapterTypeName="Microsoft.VisualStudio.TestTools.TestTypes.Unit.UnitTestAdapter, Microsoft.VisualStudio.QualityTools.Tips.UnitTest.Adapter, Version=10.0.0.0, Culture=neutral, PublicKeyToken=b03f5f7f11d50a3a" className="SharpBag.ExtensionsTest, SharpBag.Tests, Version=0.0.0.0, Culture=neutral, PublicKeyToken=null" name="To723" />
    </UnitTest>
    <UnitTest name="Shuffle395" storage="c:\users\suprdewd\documents\projects\sharpbag\sharpbag.tests\bin\release\sharpbag.tests.dll" id="013a48c5-946e-02f6-4064-7f83cd8d7665">
      <Execution id="1ff4aae1-89da-4c7f-886d-b43571f62e98" />
      <TestMethod codeBase="C:/Users/SuprDewd/Documents/Projects/SharpBag/SharpBag.Tests/bin/Release/SharpBag.Tests.DLL" adapterTypeName="Microsoft.VisualStudio.TestTools.TestTypes.Unit.UnitTestAdapter, Microsoft.VisualStudio.QualityTools.Tips.UnitTest.Adapter, Version=10.0.0.0, Culture=neutral, PublicKeyToken=b03f5f7f11d50a3a" className="SharpBag.ExtensionsTest, SharpBag.Tests, Version=0.0.0.0, Culture=neutral, PublicKeyToken=null" name="Shuffle395" />
    </UnitTest>
    <UnitTest name="As0166005" storage="c:\users\suprdewd\documents\projects\sharpbag\sharpbag.tests\bin\release\sharpbag.tests.dll" id="8fa3fd2f-ba25-de78-c47b-e00d25c74cb6">
      <Execution id="803ebbdd-6cfc-41b8-8226-2de0ab38ab2d" />
      <TestMethod codeBase="C:/Users/SuprDewd/Documents/Projects/SharpBag/SharpBag.Tests/bin/Release/SharpBag.Tests.DLL" adapterTypeName="Microsoft.VisualStudio.TestTools.TestTypes.Unit.UnitTestAdapter, Microsoft.VisualStudio.QualityTools.Tips.UnitTest.Adapter, Version=10.0.0.0, Culture=neutral, PublicKeyToken=b03f5f7f11d50a3a" className="SharpBag.ExtensionsTest, SharpBag.Tests, Version=0.0.0.0, Culture=neutral, PublicKeyToken=null" name="As0166005" />
    </UnitTest>
    <UnitTest name="As0163228" storage="c:\users\suprdewd\documents\projects\sharpbag\sharpbag.tests\bin\release\sharpbag.tests.dll" id="25e137bf-b11b-a709-2200-80de04831d5b">
      <Execution id="ffe1d8bc-f71b-4b62-9488-5a7f249f64cb" />
      <TestMethod codeBase="C:/Users/SuprDewd/Documents/Projects/SharpBag/SharpBag.Tests/bin/Release/SharpBag.Tests.DLL" adapterTypeName="Microsoft.VisualStudio.TestTools.TestTypes.Unit.UnitTestAdapter, Microsoft.VisualStudio.QualityTools.Tips.UnitTest.Adapter, Version=10.0.0.0, Culture=neutral, PublicKeyToken=b03f5f7f11d50a3a" className="SharpBag.ExtensionsTest, SharpBag.Tests, Version=0.0.0.0, Culture=neutral, PublicKeyToken=null" name="As0163228" />
    </UnitTest>
    <UnitTest name="IfNotNull0159701" storage="c:\users\suprdewd\documents\projects\sharpbag\sharpbag.tests\bin\release\sharpbag.tests.dll" id="f96aeaaa-982a-50fe-9819-4fadbbdc5555">
      <Execution id="cefb58f8-d69d-4ef5-ade1-9d65bee481df" />
      <TestMethod codeBase="C:/Users/SuprDewd/Documents/Projects/SharpBag/SharpBag.Tests/bin/Release/SharpBag.Tests.DLL" adapterTypeName="Microsoft.VisualStudio.TestTools.TestTypes.Unit.UnitTestAdapter, Microsoft.VisualStudio.QualityTools.Tips.UnitTest.Adapter, Version=10.0.0.0, Culture=neutral, PublicKeyToken=b03f5f7f11d50a3a" className="SharpBag.ExtensionsTest, SharpBag.Tests, Version=0.0.0.0, Culture=neutral, PublicKeyToken=null" name="IfNotNull0159701" />
    </UnitTest>
    <UnitTest name="ExecutionTimeThrowsContractException15" storage="c:\users\suprdewd\documents\projects\sharpbag\sharpbag.tests\bin\release\sharpbag.tests.dll" id="b43d3839-897a-8359-f8af-bc2aa0d853ca">
      <Execution id="70541005-c8ff-4925-b707-08b0da11bef4" />
      <TestMethod codeBase="C:/Users/SuprDewd/Documents/Projects/SharpBag/SharpBag.Tests/bin/Release/SharpBag.Tests.DLL" adapterTypeName="Microsoft.VisualStudio.TestTools.TestTypes.Unit.UnitTestAdapter, Microsoft.VisualStudio.QualityTools.Tips.UnitTest.Adapter, Version=10.0.0.0, Culture=neutral, PublicKeyToken=b03f5f7f11d50a3a" className="SharpBag.UtilsTest, SharpBag.Tests, Version=0.0.0.0, Culture=neutral, PublicKeyToken=null" name="ExecutionTimeThrowsContractException15" />
    </UnitTest>
    <UnitTest name="ForEach90805" storage="c:\users\suprdewd\documents\projects\sharpbag\sharpbag.tests\bin\release\sharpbag.tests.dll" id="b70adbd0-590e-daec-704e-6b8d2f1eef4b">
      <Execution id="9fd815c6-0e4f-4b25-80ba-782527282fa2" />
      <TestMethod codeBase="C:/Users/SuprDewd/Documents/Projects/SharpBag/SharpBag.Tests/bin/Release/SharpBag.Tests.DLL" adapterTypeName="Microsoft.VisualStudio.TestTools.TestTypes.Unit.UnitTestAdapter, Microsoft.VisualStudio.QualityTools.Tips.UnitTest.Adapter, Version=10.0.0.0, Culture=neutral, PublicKeyToken=b03f5f7f11d50a3a" className="SharpBag.ExtensionsTest, SharpBag.Tests, Version=0.0.0.0, Culture=neutral, PublicKeyToken=null" name="ForEach90805" />
    </UnitTest>
    <UnitTest name="AsEnumerable02ThrowsContractException447" storage="c:\users\suprdewd\documents\projects\sharpbag\sharpbag.tests\bin\release\sharpbag.tests.dll" id="81ae6575-42cf-3ee5-249e-6da4cf14831c">
      <Execution id="f20d438b-5011-4c25-ba40-8b805b7058ca" />
      <TestMethod codeBase="C:/Users/SuprDewd/Documents/Projects/SharpBag/SharpBag.Tests/bin/Release/SharpBag.Tests.DLL" adapterTypeName="Microsoft.VisualStudio.TestTools.TestTypes.Unit.UnitTestAdapter, Microsoft.VisualStudio.QualityTools.Tips.UnitTest.Adapter, Version=10.0.0.0, Culture=neutral, PublicKeyToken=b03f5f7f11d50a3a" className="SharpBag.ExtensionsTest, SharpBag.Tests, Version=0.0.0.0, Culture=neutral, PublicKeyToken=null" name="AsEnumerable02ThrowsContractException447" />
    </UnitTest>
    <UnitTest name="Shuffle713" storage="c:\users\suprdewd\documents\projects\sharpbag\sharpbag.tests\bin\release\sharpbag.tests.dll" id="b81ff0f8-4bd4-95ca-3a1e-ebf2dd6ff95a">
      <Execution id="95357813-cbb4-4e21-8cdd-6d23f7cc8036" />
      <TestMethod codeBase="C:/Users/SuprDewd/Documents/Projects/SharpBag/SharpBag.Tests/bin/Release/SharpBag.Tests.DLL" adapterTypeName="Microsoft.VisualStudio.TestTools.TestTypes.Unit.UnitTestAdapter, Microsoft.VisualStudio.QualityTools.Tips.UnitTest.Adapter, Version=10.0.0.0, Culture=neutral, PublicKeyToken=b03f5f7f11d50a3a" className="SharpBag.ExtensionsTest, SharpBag.Tests, Version=0.0.0.0, Culture=neutral, PublicKeyToken=null" name="Shuffle713" />
    </UnitTest>
    <UnitTest name="IfNotNullThrowsContractException522" storage="c:\users\suprdewd\documents\projects\sharpbag\sharpbag.tests\bin\release\sharpbag.tests.dll" id="0fff3361-456c-b23e-a549-242fc6d0887e">
      <Execution id="a5a586d3-9bcf-4ff9-a69d-fef03f00c388" />
      <TestMethod codeBase="C:/Users/SuprDewd/Documents/Projects/SharpBag/SharpBag.Tests/bin/Release/SharpBag.Tests.DLL" adapterTypeName="Microsoft.VisualStudio.TestTools.TestTypes.Unit.UnitTestAdapter, Microsoft.VisualStudio.QualityTools.Tips.UnitTest.Adapter, Version=10.0.0.0, Culture=neutral, PublicKeyToken=b03f5f7f11d50a3a" className="SharpBag.ExtensionsTest, SharpBag.Tests, Version=0.0.0.0, Culture=neutral, PublicKeyToken=null" name="IfNotNullThrowsContractException522" />
    </UnitTest>
    <UnitTest name="Fill57101" storage="c:\users\suprdewd\documents\projects\sharpbag\sharpbag.tests\bin\release\sharpbag.tests.dll" id="e860bbd5-6ce1-07c3-fd03-d14cbeda5d8f">
      <Execution id="c4ecac12-f4ca-4917-bf4e-d383da095ced" />
      <TestMethod codeBase="C:/Users/SuprDewd/Documents/Projects/SharpBag/SharpBag.Tests/bin/Release/SharpBag.Tests.DLL" adapterTypeName="Microsoft.VisualStudio.TestTools.TestTypes.Unit.UnitTestAdapter, Microsoft.VisualStudio.QualityTools.Tips.UnitTest.Adapter, Version=10.0.0.0, Culture=neutral, PublicKeyToken=b03f5f7f11d50a3a" className="SharpBag.ExtensionsTest, SharpBag.Tests, Version=0.0.0.0, Culture=neutral, PublicKeyToken=null" name="Fill57101" />
    </UnitTest>
    <UnitTest name="Take01222" storage="c:\users\suprdewd\documents\projects\sharpbag\sharpbag.tests\bin\release\sharpbag.tests.dll" id="69f524e3-926c-1af9-87bf-a7458a5d6a66">
      <Execution id="0b3bead6-b202-4e96-8033-8532bc6f6eb8" />
      <TestMethod codeBase="C:/Users/SuprDewd/Documents/Projects/SharpBag/SharpBag.Tests/bin/Release/SharpBag.Tests.DLL" adapterTypeName="Microsoft.VisualStudio.TestTools.TestTypes.Unit.UnitTestAdapter, Microsoft.VisualStudio.QualityTools.Tips.UnitTest.Adapter, Version=10.0.0.0, Culture=neutral, PublicKeyToken=b03f5f7f11d50a3a" className="SharpBag.ExtensionsTest, SharpBag.Tests, Version=0.0.0.0, Culture=neutral, PublicKeyToken=null" name="Take01222" />
    </UnitTest>
    <UnitTest name="Add88503" storage="c:\users\suprdewd\documents\projects\sharpbag\sharpbag.tests\bin\release\sharpbag.tests.dll" id="106b7a63-3c06-2f97-097e-1a5d38b1a1ac">
      <Execution id="991bf105-a20a-4ef1-9992-1a05b932eb57" />
      <TestMethod codeBase="C:/Users/SuprDewd/Documents/Projects/SharpBag/SharpBag.Tests/bin/Release/SharpBag.Tests.DLL" adapterTypeName="Microsoft.VisualStudio.TestTools.TestTypes.Unit.UnitTestAdapter, Microsoft.VisualStudio.QualityTools.Tips.UnitTest.Adapter, Version=10.0.0.0, Culture=neutral, PublicKeyToken=b03f5f7f11d50a3a" className="SharpBag.ExtensionsTest, SharpBag.Tests, Version=0.0.0.0, Culture=neutral, PublicKeyToken=null" name="Add88503" />
    </UnitTest>
    <UnitTest name="Is373" storage="c:\users\suprdewd\documents\projects\sharpbag\sharpbag.tests\bin\release\sharpbag.tests.dll" id="767e3845-1b47-6225-c38c-e6345e12262a">
      <Execution id="70a29d3a-d05f-4790-9e57-269c4d75c23c" />
      <TestMethod codeBase="C:/Users/SuprDewd/Documents/Projects/SharpBag/SharpBag.Tests/bin/Release/SharpBag.Tests.DLL" adapterTypeName="Microsoft.VisualStudio.TestTools.TestTypes.Unit.UnitTestAdapter, Microsoft.VisualStudio.QualityTools.Tips.UnitTest.Adapter, Version=10.0.0.0, Culture=neutral, PublicKeyToken=b03f5f7f11d50a3a" className="SharpBag.ExtensionsTest, SharpBag.Tests, Version=0.0.0.0, Culture=neutral, PublicKeyToken=null" name="Is373" />
    </UnitTest>
    <UnitTest name="ExecuteThrowsContractException357" storage="c:\users\suprdewd\documents\projects\sharpbag\sharpbag.tests\bin\release\sharpbag.tests.dll" id="3dde4b4b-e27c-57a9-155e-da4fc130f503">
      <Execution id="a9181249-8b31-4893-a60d-915f519bde8e" />
      <TestMethod codeBase="C:/Users/SuprDewd/Documents/Projects/SharpBag/SharpBag.Tests/bin/Release/SharpBag.Tests.DLL" adapterTypeName="Microsoft.VisualStudio.TestTools.TestTypes.Unit.UnitTestAdapter, Microsoft.VisualStudio.QualityTools.Tips.UnitTest.Adapter, Version=10.0.0.0, Culture=neutral, PublicKeyToken=b03f5f7f11d50a3a" className="SharpBag.ExtensionsTest, SharpBag.Tests, Version=0.0.0.0, Culture=neutral, PublicKeyToken=null" name="ExecuteThrowsContractException357" />
    </UnitTest>
    <UnitTest name="As0132111" storage="c:\users\suprdewd\documents\projects\sharpbag\sharpbag.tests\bin\release\sharpbag.tests.dll" id="f3c8111d-0bf8-839f-284c-12420a9a1467">
      <Execution id="48f9c4ca-e491-4f82-b65b-0bd0ee7313a6" />
      <TestMethod codeBase="C:/Users/SuprDewd/Documents/Projects/SharpBag/SharpBag.Tests/bin/Release/SharpBag.Tests.DLL" adapterTypeName="Microsoft.VisualStudio.TestTools.TestTypes.Unit.UnitTestAdapter, Microsoft.VisualStudio.QualityTools.Tips.UnitTest.Adapter, Version=10.0.0.0, Culture=neutral, PublicKeyToken=b03f5f7f11d50a3a" className="SharpBag.ExtensionsTest, SharpBag.Tests, Version=0.0.0.0, Culture=neutral, PublicKeyToken=null" name="As0132111" />
    </UnitTest>
    <UnitTest name="GetByPercentThrowsIndexOutOfRangeException858" storage="c:\users\suprdewd\documents\projects\sharpbag\sharpbag.tests\bin\release\sharpbag.tests.dll" id="16bc510b-963f-30e5-6517-13389edd4fdc">
      <Execution id="0fb7c394-62dd-4e9f-b0d6-9709c51b00a6" />
      <TestMethod codeBase="C:/Users/SuprDewd/Documents/Projects/SharpBag/SharpBag.Tests/bin/Release/SharpBag.Tests.DLL" adapterTypeName="Microsoft.VisualStudio.TestTools.TestTypes.Unit.UnitTestAdapter, Microsoft.VisualStudio.QualityTools.Tips.UnitTest.Adapter, Version=10.0.0.0, Culture=neutral, PublicKeyToken=b03f5f7f11d50a3a" className="SharpBag.ExtensionsTest, SharpBag.Tests, Version=0.0.0.0, Culture=neutral, PublicKeyToken=null" name="GetByPercentThrowsIndexOutOfRangeException858" />
    </UnitTest>
    <UnitTest name="ReadLinesFromConsole864" storage="c:\users\suprdewd\documents\projects\sharpbag\sharpbag.tests\bin\release\sharpbag.tests.dll" id="536b6a19-3a08-b70f-2e38-9f6c85ff083a">
      <Execution id="d012b9bd-5014-4fab-a8a6-e4088cee7e10" />
      <TestMethod codeBase="C:/Users/SuprDewd/Documents/Projects/SharpBag/SharpBag.Tests/bin/Release/SharpBag.Tests.DLL" adapterTypeName="Microsoft.VisualStudio.TestTools.TestTypes.Unit.UnitTestAdapter, Microsoft.VisualStudio.QualityTools.Tips.UnitTest.Adapter, Version=10.0.0.0, Culture=neutral, PublicKeyToken=b03f5f7f11d50a3a" className="SharpBag.UtilsTest, SharpBag.Tests, Version=0.0.0.0, Culture=neutral, PublicKeyToken=null" name="ReadLinesFromConsole864" />
    </UnitTest>
    <UnitTest name="As0132105" storage="c:\users\suprdewd\documents\projects\sharpbag\sharpbag.tests\bin\release\sharpbag.tests.dll" id="febe8afb-7bc1-3f13-831b-73b163a8c327">
      <Execution id="f368cf77-45e4-4d4a-a43b-3341198686b6" />
      <TestMethod codeBase="C:/Users/SuprDewd/Documents/Projects/SharpBag/SharpBag.Tests/bin/Release/SharpBag.Tests.DLL" adapterTypeName="Microsoft.VisualStudio.TestTools.TestTypes.Unit.UnitTestAdapter, Microsoft.VisualStudio.QualityTools.Tips.UnitTest.Adapter, Version=10.0.0.0, Culture=neutral, PublicKeyToken=b03f5f7f11d50a3a" className="SharpBag.ExtensionsTest, SharpBag.Tests, Version=0.0.0.0, Culture=neutral, PublicKeyToken=null" name="As0132105" />
    </UnitTest>
    <UnitTest name="ToString01530" storage="c:\users\suprdewd\documents\projects\sharpbag\sharpbag.tests\bin\release\sharpbag.tests.dll" id="0cf9c414-1497-f4be-8e70-721d9337c834">
      <Execution id="dff1c73f-8671-4a66-8391-ec693406ca28" />
      <TestMethod codeBase="C:/Users/SuprDewd/Documents/Projects/SharpBag/SharpBag.Tests/bin/Release/SharpBag.Tests.DLL" adapterTypeName="Microsoft.VisualStudio.TestTools.TestTypes.Unit.UnitTestAdapter, Microsoft.VisualStudio.QualityTools.Tips.UnitTest.Adapter, Version=10.0.0.0, Culture=neutral, PublicKeyToken=b03f5f7f11d50a3a" className="SharpBag.Algorithms.PriorityQueueItemTTest, SharpBag.Tests, Version=0.0.0.0, Culture=neutral, PublicKeyToken=null" name="ToString01530" />
    </UnitTest>
    <UnitTest name="Fill01105" storage="c:\users\suprdewd\documents\projects\sharpbag\sharpbag.tests\bin\release\sharpbag.tests.dll" id="d1244455-073f-9dfb-7627-1dfedd276854">
      <Execution id="fc853e1a-2107-420f-8a3a-9c0ac1ac4d1a" />
      <TestMethod codeBase="C:/Users/SuprDewd/Documents/Projects/SharpBag/SharpBag.Tests/bin/Release/SharpBag.Tests.DLL" adapterTypeName="Microsoft.VisualStudio.TestTools.TestTypes.Unit.UnitTestAdapter, Microsoft.VisualStudio.QualityTools.Tips.UnitTest.Adapter, Version=10.0.0.0, Culture=neutral, PublicKeyToken=b03f5f7f11d50a3a" className="SharpBag.ExtensionsTest, SharpBag.Tests, Version=0.0.0.0, Culture=neutral, PublicKeyToken=null" name="Fill01105" />
    </UnitTest>
    <UnitTest name="As21504" storage="c:\users\suprdewd\documents\projects\sharpbag\sharpbag.tests\bin\release\sharpbag.tests.dll" id="b99ec452-b626-078c-5efb-2041d6f255c4">
      <Execution id="d8617101-a71b-499b-96dd-ce7e8e238989" />
      <TestMethod codeBase="C:/Users/SuprDewd/Documents/Projects/SharpBag/SharpBag.Tests/bin/Release/SharpBag.Tests.DLL" adapterTypeName="Microsoft.VisualStudio.TestTools.TestTypes.Unit.UnitTestAdapter, Microsoft.VisualStudio.QualityTools.Tips.UnitTest.Adapter, Version=10.0.0.0, Culture=neutral, PublicKeyToken=b03f5f7f11d50a3a" className="SharpBag.ExtensionsTest, SharpBag.Tests, Version=0.0.0.0, Culture=neutral, PublicKeyToken=null" name="As21504" />
    </UnitTest>
    <UnitTest name="As0163202" storage="c:\users\suprdewd\documents\projects\sharpbag\sharpbag.tests\bin\release\sharpbag.tests.dll" id="5aba0e57-1e97-6240-5ce7-34738ec9892e">
      <Execution id="43487304-bd1f-4f42-a445-ee31614ae883" />
      <TestMethod codeBase="C:/Users/SuprDewd/Documents/Projects/SharpBag/SharpBag.Tests/bin/Release/SharpBag.Tests.DLL" adapterTypeName="Microsoft.VisualStudio.TestTools.TestTypes.Unit.UnitTestAdapter, Microsoft.VisualStudio.QualityTools.Tips.UnitTest.Adapter, Version=10.0.0.0, Culture=neutral, PublicKeyToken=b03f5f7f11d50a3a" className="SharpBag.ExtensionsTest, SharpBag.Tests, Version=0.0.0.0, Culture=neutral, PublicKeyToken=null" name="As0163202" />
    </UnitTest>
    <UnitTest name="GenerateThrowsContractException133" storage="c:\users\suprdewd\documents\projects\sharpbag\sharpbag.tests\bin\release\sharpbag.tests.dll" id="54c53908-aa18-b805-dfbf-38b92f93913c">
      <Execution id="b1a394f6-efd2-4842-833b-8bccd889c83a" />
      <TestMethod codeBase="C:/Users/SuprDewd/Documents/Projects/SharpBag/SharpBag.Tests/bin/Release/SharpBag.Tests.DLL" adapterTypeName="Microsoft.VisualStudio.TestTools.TestTypes.Unit.UnitTestAdapter, Microsoft.VisualStudio.QualityTools.Tips.UnitTest.Adapter, Version=10.0.0.0, Culture=neutral, PublicKeyToken=b03f5f7f11d50a3a" className="SharpBag.UtilsTest, SharpBag.Tests, Version=0.0.0.0, Culture=neutral, PublicKeyToken=null" name="GenerateThrowsContractException133" />
    </UnitTest>
    <UnitTest name="Add29603" storage="c:\users\suprdewd\documents\projects\sharpbag\sharpbag.tests\bin\release\sharpbag.tests.dll" id="b74830d0-a6ce-14b6-0d35-7c2e849267f3">
      <Execution id="67d92b8a-e6bc-46e7-a2fd-f8ade31a6580" />
      <TestMethod codeBase="C:/Users/SuprDewd/Documents/Projects/SharpBag/SharpBag.Tests/bin/Release/SharpBag.Tests.DLL" adapterTypeName="Microsoft.VisualStudio.TestTools.TestTypes.Unit.UnitTestAdapter, Microsoft.VisualStudio.QualityTools.Tips.UnitTest.Adapter, Version=10.0.0.0, Culture=neutral, PublicKeyToken=b03f5f7f11d50a3a" className="SharpBag.ExtensionsTest, SharpBag.Tests, Version=0.0.0.0, Culture=neutral, PublicKeyToken=null" name="Add29603" />
    </UnitTest>
    <UnitTest name="As29401" storage="c:\users\suprdewd\documents\projects\sharpbag\sharpbag.tests\bin\release\sharpbag.tests.dll" id="9b2baef8-8cea-f431-96b6-95e1ddfaf4a9">
      <Execution id="b8df9fd2-6ead-4447-8605-b90b36fe381c" />
      <TestMethod codeBase="C:/Users/SuprDewd/Documents/Projects/SharpBag/SharpBag.Tests/bin/Release/SharpBag.Tests.DLL" adapterTypeName="Microsoft.VisualStudio.TestTools.TestTypes.Unit.UnitTestAdapter, Microsoft.VisualStudio.QualityTools.Tips.UnitTest.Adapter, Version=10.0.0.0, Culture=neutral, PublicKeyToken=b03f5f7f11d50a3a" className="SharpBag.ExtensionsTest, SharpBag.Tests, Version=0.0.0.0, Culture=neutral, PublicKeyToken=null" name="As29401" />
    </UnitTest>
    <UnitTest name="RandomThrowsContractException730" storage="c:\users\suprdewd\documents\projects\sharpbag\sharpbag.tests\bin\release\sharpbag.tests.dll" id="92caeb3a-566c-6fce-a8ab-3dccc358efd9">
      <Execution id="64acf7a8-09e4-4e0f-913a-0cc8dd88008d" />
      <TestMethod codeBase="C:/Users/SuprDewd/Documents/Projects/SharpBag/SharpBag.Tests/bin/Release/SharpBag.Tests.DLL" adapterTypeName="Microsoft.VisualStudio.TestTools.TestTypes.Unit.UnitTestAdapter, Microsoft.VisualStudio.QualityTools.Tips.UnitTest.Adapter, Version=10.0.0.0, Culture=neutral, PublicKeyToken=b03f5f7f11d50a3a" className="SharpBag.ExtensionsTest, SharpBag.Tests, Version=0.0.0.0, Culture=neutral, PublicKeyToken=null" name="RandomThrowsContractException730" />
    </UnitTest>
    <UnitTest name="AsEnumerable0314805" storage="c:\users\suprdewd\documents\projects\sharpbag\sharpbag.tests\bin\release\sharpbag.tests.dll" id="e75a22b2-c563-8631-1997-baffb42f02e0">
      <Execution id="f334246d-ba07-4381-ba5f-37e7ff24f5d9" />
      <TestMethod codeBase="C:/Users/SuprDewd/Documents/Projects/SharpBag/SharpBag.Tests/bin/Release/SharpBag.Tests.DLL" adapterTypeName="Microsoft.VisualStudio.TestTools.TestTypes.Unit.UnitTestAdapter, Microsoft.VisualStudio.QualityTools.Tips.UnitTest.Adapter, Version=10.0.0.0, Culture=neutral, PublicKeyToken=b03f5f7f11d50a3a" className="SharpBag.ExtensionsTest, SharpBag.Tests, Version=0.0.0.0, Culture=neutral, PublicKeyToken=null" name="AsEnumerable0314805" />
    </UnitTest>
    <UnitTest name="GetEntry399" storage="c:\users\suprdewd\documents\projects\sharpbag\sharpbag.tests\bin\release\sharpbag.tests.dll" id="892a3b87-6eb6-1cb1-2f32-1bd29fed6734">
      <Execution id="aeea2755-8ef1-49ce-a72a-af4e4edad906" />
      <TestMethod codeBase="C:/Users/SuprDewd/Documents/Projects/SharpBag/SharpBag.Tests/bin/Release/SharpBag.Tests.DLL" adapterTypeName="Microsoft.VisualStudio.TestTools.TestTypes.Unit.UnitTestAdapter, Microsoft.VisualStudio.QualityTools.Tips.UnitTest.Adapter, Version=10.0.0.0, Culture=neutral, PublicKeyToken=b03f5f7f11d50a3a" className="SharpBag.Math.PascalTriangleTest, SharpBag.Tests, Version=0.0.0.0, Culture=neutral, PublicKeyToken=null" name="GetEntry399" />
    </UnitTest>
    <UnitTest name="As0163249" storage="c:\users\suprdewd\documents\projects\sharpbag\sharpbag.tests\bin\release\sharpbag.tests.dll" id="8f949d67-2000-ad4f-76a8-a640e3b0f2ea">
      <Execution id="ea115d3c-4c04-4efe-9dd2-0b9103a62a83" />
      <TestMethod codeBase="C:/Users/SuprDewd/Documents/Projects/SharpBag/SharpBag.Tests/bin/Release/SharpBag.Tests.DLL" adapterTypeName="Microsoft.VisualStudio.TestTools.TestTypes.Unit.UnitTestAdapter, Microsoft.VisualStudio.QualityTools.Tips.UnitTest.Adapter, Version=10.0.0.0, Culture=neutral, PublicKeyToken=b03f5f7f11d50a3a" className="SharpBag.ExtensionsTest, SharpBag.Tests, Version=0.0.0.0, Culture=neutral, PublicKeyToken=null" name="As0163249" />
    </UnitTest>
    <UnitTest name="As0163219" storage="c:\users\suprdewd\documents\projects\sharpbag\sharpbag.tests\bin\release\sharpbag.tests.dll" id="40b13692-f736-7aca-afa5-678a24ba3ffc">
      <Execution id="7be786b0-0371-4c6a-b30c-01d184cdf136" />
      <TestMethod codeBase="C:/Users/SuprDewd/Documents/Projects/SharpBag/SharpBag.Tests/bin/Release/SharpBag.Tests.DLL" adapterTypeName="Microsoft.VisualStudio.TestTools.TestTypes.Unit.UnitTestAdapter, Microsoft.VisualStudio.QualityTools.Tips.UnitTest.Adapter, Version=10.0.0.0, Culture=neutral, PublicKeyToken=b03f5f7f11d50a3a" className="SharpBag.ExtensionsTest, SharpBag.Tests, Version=0.0.0.0, Culture=neutral, PublicKeyToken=null" name="As0163219" />
    </UnitTest>
    <UnitTest name="ToString01827" storage="c:\users\suprdewd\documents\projects\sharpbag\sharpbag.tests\bin\release\sharpbag.tests.dll" id="61f7685b-d775-dd59-8bb8-b9d96ff30e56">
      <Execution id="62c5435c-6a4b-426f-96a7-a6b89078b7c1" />
      <TestMethod codeBase="C:/Users/SuprDewd/Documents/Projects/SharpBag/SharpBag.Tests/bin/Release/SharpBag.Tests.DLL" adapterTypeName="Microsoft.VisualStudio.TestTools.TestTypes.Unit.UnitTestAdapter, Microsoft.VisualStudio.QualityTools.Tips.UnitTest.Adapter, Version=10.0.0.0, Culture=neutral, PublicKeyToken=b03f5f7f11d50a3a" className="SharpBag.Algorithms.PriorityQueueItemTTest, SharpBag.Tests, Version=0.0.0.0, Culture=neutral, PublicKeyToken=null" name="ToString01827" />
    </UnitTest>
    <UnitTest name="Times25801" storage="c:\users\suprdewd\documents\projects\sharpbag\sharpbag.tests\bin\release\sharpbag.tests.dll" id="54dfb2f2-edab-6914-c734-746381ef028e">
      <Execution id="72050243-0966-4752-ab07-4d7386bc0bb4" />
      <TestMethod codeBase="C:/Users/SuprDewd/Documents/Projects/SharpBag/SharpBag.Tests/bin/Release/SharpBag.Tests.DLL" adapterTypeName="Microsoft.VisualStudio.TestTools.TestTypes.Unit.UnitTestAdapter, Microsoft.VisualStudio.QualityTools.Tips.UnitTest.Adapter, Version=10.0.0.0, Culture=neutral, PublicKeyToken=b03f5f7f11d50a3a" className="SharpBag.ExtensionsTest, SharpBag.Tests, Version=0.0.0.0, Culture=neutral, PublicKeyToken=null" name="Times25801" />
    </UnitTest>
    <UnitTest name="As0163252" storage="c:\users\suprdewd\documents\projects\sharpbag\sharpbag.tests\bin\release\sharpbag.tests.dll" id="52bb5c10-8020-64c9-2ecd-899322f38be6">
      <Execution id="91b15402-e4cb-457f-88e9-ec7833a8de9b" />
      <TestMethod codeBase="C:/Users/SuprDewd/Documents/Projects/SharpBag/SharpBag.Tests/bin/Release/SharpBag.Tests.DLL" adapterTypeName="Microsoft.VisualStudio.TestTools.TestTypes.Unit.UnitTestAdapter, Microsoft.VisualStudio.QualityTools.Tips.UnitTest.Adapter, Version=10.0.0.0, Culture=neutral, PublicKeyToken=b03f5f7f11d50a3a" className="SharpBag.ExtensionsTest, SharpBag.Tests, Version=0.0.0.0, Culture=neutral, PublicKeyToken=null" name="As0163252" />
    </UnitTest>
    <UnitTest name="IsIn0134" storage="c:\users\suprdewd\documents\projects\sharpbag\sharpbag.tests\bin\release\sharpbag.tests.dll" id="20789601-3bb2-517f-9c07-8755507d968d">
      <Execution id="f683906d-96e1-45c1-b4f0-086f4571fe0a" />
      <TestMethod codeBase="C:/Users/SuprDewd/Documents/Projects/SharpBag/SharpBag.Tests/bin/Release/SharpBag.Tests.DLL" adapterTypeName="Microsoft.VisualStudio.TestTools.TestTypes.Unit.UnitTestAdapter, Microsoft.VisualStudio.QualityTools.Tips.UnitTest.Adapter, Version=10.0.0.0, Culture=neutral, PublicKeyToken=b03f5f7f11d50a3a" className="SharpBag.ExtensionsTest, SharpBag.Tests, Version=0.0.0.0, Culture=neutral, PublicKeyToken=null" name="IsIn0134" />
    </UnitTest>
    <UnitTest name="As21519" storage="c:\users\suprdewd\documents\projects\sharpbag\sharpbag.tests\bin\release\sharpbag.tests.dll" id="b1e8fb4c-7380-ad76-529d-dbdac5528194">
      <Execution id="865dc08b-8156-49f1-98bc-af591ea3398d" />
      <TestMethod codeBase="C:/Users/SuprDewd/Documents/Projects/SharpBag/SharpBag.Tests/bin/Release/SharpBag.Tests.DLL" adapterTypeName="Microsoft.VisualStudio.TestTools.TestTypes.Unit.UnitTestAdapter, Microsoft.VisualStudio.QualityTools.Tips.UnitTest.Adapter, Version=10.0.0.0, Culture=neutral, PublicKeyToken=b03f5f7f11d50a3a" className="SharpBag.ExtensionsTest, SharpBag.Tests, Version=0.0.0.0, Culture=neutral, PublicKeyToken=null" name="As21519" />
    </UnitTest>
    <UnitTest name="ForEach78801" storage="c:\users\suprdewd\documents\projects\sharpbag\sharpbag.tests\bin\release\sharpbag.tests.dll" id="a45582f8-3825-adac-44bf-8fa9e3381e89">
      <Execution id="a3290bfb-05cd-4136-b3fa-bed039bc09d8" />
      <TestMethod codeBase="C:/Users/SuprDewd/Documents/Projects/SharpBag/SharpBag.Tests/bin/Release/SharpBag.Tests.DLL" adapterTypeName="Microsoft.VisualStudio.TestTools.TestTypes.Unit.UnitTestAdapter, Microsoft.VisualStudio.QualityTools.Tips.UnitTest.Adapter, Version=10.0.0.0, Culture=neutral, PublicKeyToken=b03f5f7f11d50a3a" className="SharpBag.ExtensionsTest, SharpBag.Tests, Version=0.0.0.0, Culture=neutral, PublicKeyToken=null" name="ForEach78801" />
    </UnitTest>
    <UnitTest name="Fill0157104" storage="c:\users\suprdewd\documents\projects\sharpbag\sharpbag.tests\bin\release\sharpbag.tests.dll" id="d5027f5f-1da1-2a25-97cf-1e7da6a062b5">
      <Execution id="908c7753-a117-4992-abf3-151cc6e4e764" />
      <TestMethod codeBase="C:/Users/SuprDewd/Documents/Projects/SharpBag/SharpBag.Tests/bin/Release/SharpBag.Tests.DLL" adapterTypeName="Microsoft.VisualStudio.TestTools.TestTypes.Unit.UnitTestAdapter, Microsoft.VisualStudio.QualityTools.Tips.UnitTest.Adapter, Version=10.0.0.0, Culture=neutral, PublicKeyToken=b03f5f7f11d50a3a" className="SharpBag.ExtensionsTest, SharpBag.Tests, Version=0.0.0.0, Culture=neutral, PublicKeyToken=null" name="Fill0157104" />
    </UnitTest>
    <UnitTest name="GetRectangleThrowsContractException636" storage="c:\users\suprdewd\documents\projects\sharpbag\sharpbag.tests\bin\release\sharpbag.tests.dll" id="bff4cadd-4f1c-2dc8-fd6c-9d55b780efae">
      <Execution id="143dd7aa-8ebf-44dd-bcfb-2075ad2aca60" />
      <TestMethod codeBase="C:/Users/SuprDewd/Documents/Projects/SharpBag/SharpBag.Tests/bin/Release/SharpBag.Tests.DLL" adapterTypeName="Microsoft.VisualStudio.TestTools.TestTypes.Unit.UnitTestAdapter, Microsoft.VisualStudio.QualityTools.Tips.UnitTest.Adapter, Version=10.0.0.0, Culture=neutral, PublicKeyToken=b03f5f7f11d50a3a" className="SharpBag.Media.MediaExtensionsTest, SharpBag.Tests, Version=0.0.0.0, Culture=neutral, PublicKeyToken=null" name="GetRectangleThrowsContractException636" />
    </UnitTest>
    <UnitTest name="IfNotNull477" storage="c:\users\suprdewd\documents\projects\sharpbag\sharpbag.tests\bin\release\sharpbag.tests.dll" id="fc92c33d-a24e-4715-be4e-9ee45be3958a">
      <Execution id="f7b7cf14-c228-4cf1-ad4d-98a48713fd27" />
      <TestMethod codeBase="C:/Users/SuprDewd/Documents/Projects/SharpBag/SharpBag.Tests/bin/Release/SharpBag.Tests.DLL" adapterTypeName="Microsoft.VisualStudio.TestTools.TestTypes.Unit.UnitTestAdapter, Microsoft.VisualStudio.QualityTools.Tips.UnitTest.Adapter, Version=10.0.0.0, Culture=neutral, PublicKeyToken=b03f5f7f11d50a3a" className="SharpBag.ExtensionsTest, SharpBag.Tests, Version=0.0.0.0, Culture=neutral, PublicKeyToken=null" name="IfNotNull477" />
    </UnitTest>
    <UnitTest name="As0163201" storage="c:\users\suprdewd\documents\projects\sharpbag\sharpbag.tests\bin\release\sharpbag.tests.dll" id="f4fcc51c-8f8e-7431-03c1-95529343e3ab">
      <Execution id="5693e9ac-be67-46fc-943f-89541bad0da6" />
      <TestMethod codeBase="C:/Users/SuprDewd/Documents/Projects/SharpBag/SharpBag.Tests/bin/Release/SharpBag.Tests.DLL" adapterTypeName="Microsoft.VisualStudio.TestTools.TestTypes.Unit.UnitTestAdapter, Microsoft.VisualStudio.QualityTools.Tips.UnitTest.Adapter, Version=10.0.0.0, Culture=neutral, PublicKeyToken=b03f5f7f11d50a3a" className="SharpBag.ExtensionsTest, SharpBag.Tests, Version=0.0.0.0, Culture=neutral, PublicKeyToken=null" name="As0163201" />
    </UnitTest>
    <UnitTest name="CollatzCount606" storage="c:\users\suprdewd\documents\projects\sharpbag\sharpbag.tests\bin\release\sharpbag.tests.dll" id="ebf62956-8cad-1ea9-be23-3282e8e24cf9">
      <Execution id="99011660-3a59-4e48-a36f-79d0baa21c06" />
      <TestMethod codeBase="C:/Users/SuprDewd/Documents/Projects/SharpBag/SharpBag.Tests/bin/Release/SharpBag.Tests.DLL" adapterTypeName="Microsoft.VisualStudio.TestTools.TestTypes.Unit.UnitTestAdapter, Microsoft.VisualStudio.QualityTools.Tips.UnitTest.Adapter, Version=10.0.0.0, Culture=neutral, PublicKeyToken=b03f5f7f11d50a3a" className="SharpBag.Math.MathExtensionsTest, SharpBag.Tests, Version=0.0.0.0, Culture=neutral, PublicKeyToken=null" name="CollatzCount606" />
    </UnitTest>
    <UnitTest name="IsInThrowsContractException588" storage="c:\users\suprdewd\documents\projects\sharpbag\sharpbag.tests\bin\release\sharpbag.tests.dll" id="2d5e0c73-6690-aba4-5ea6-eafc09214675">
      <Execution id="2d05b3d4-1e6d-4b39-8e65-7a326a34b751" />
      <TestMethod codeBase="C:/Users/SuprDewd/Documents/Projects/SharpBag/SharpBag.Tests/bin/Release/SharpBag.Tests.DLL" adapterTypeName="Microsoft.VisualStudio.TestTools.TestTypes.Unit.UnitTestAdapter, Microsoft.VisualStudio.QualityTools.Tips.UnitTest.Adapter, Version=10.0.0.0, Culture=neutral, PublicKeyToken=b03f5f7f11d50a3a" className="SharpBag.ExtensionsTest, SharpBag.Tests, Version=0.0.0.0, Culture=neutral, PublicKeyToken=null" name="IsInThrowsContractException588" />
    </UnitTest>
    <UnitTest name="As01983" storage="c:\users\suprdewd\documents\projects\sharpbag\sharpbag.tests\bin\release\sharpbag.tests.dll" id="f50339b2-56a6-fab9-1b43-e437b5e0a59d">
      <Execution id="60af3ade-727a-459a-ae88-5961f83cf920" />
      <TestMethod codeBase="C:/Users/SuprDewd/Documents/Projects/SharpBag/SharpBag.Tests/bin/Release/SharpBag.Tests.DLL" adapterTypeName="Microsoft.VisualStudio.TestTools.TestTypes.Unit.UnitTestAdapter, Microsoft.VisualStudio.QualityTools.Tips.UnitTest.Adapter, Version=10.0.0.0, Culture=neutral, PublicKeyToken=b03f5f7f11d50a3a" className="SharpBag.ExtensionsTest, SharpBag.Tests, Version=0.0.0.0, Culture=neutral, PublicKeyToken=null" name="As01983" />
    </UnitTest>
    <UnitTest name="As21516" storage="c:\users\suprdewd\documents\projects\sharpbag\sharpbag.tests\bin\release\sharpbag.tests.dll" id="15f6ec28-2881-7c22-a597-01fe1093749a">
      <Execution id="afbebc1d-6d51-4319-b999-5185ebe9c151" />
      <TestMethod codeBase="C:/Users/SuprDewd/Documents/Projects/SharpBag/SharpBag.Tests/bin/Release/SharpBag.Tests.DLL" adapterTypeName="Microsoft.VisualStudio.TestTools.TestTypes.Unit.UnitTestAdapter, Microsoft.VisualStudio.QualityTools.Tips.UnitTest.Adapter, Version=10.0.0.0, Culture=neutral, PublicKeyToken=b03f5f7f11d50a3a" className="SharpBag.ExtensionsTest, SharpBag.Tests, Version=0.0.0.0, Culture=neutral, PublicKeyToken=null" name="As21516" />
    </UnitTest>
    <UnitTest name="ContainsArrayThrowsContractException828" storage="c:\users\suprdewd\documents\projects\sharpbag\sharpbag.tests\bin\release\sharpbag.tests.dll" id="d8115cf2-acd6-b8cc-aa75-b519347ccd23">
      <Execution id="44ff3567-6219-452b-a3ec-ad68a870f9f0" />
      <TestMethod codeBase="C:/Users/SuprDewd/Documents/Projects/SharpBag/SharpBag.Tests/bin/Release/SharpBag.Tests.DLL" adapterTypeName="Microsoft.VisualStudio.TestTools.TestTypes.Unit.UnitTestAdapter, Microsoft.VisualStudio.QualityTools.Tips.UnitTest.Adapter, Version=10.0.0.0, Culture=neutral, PublicKeyToken=b03f5f7f11d50a3a" className="SharpBag.ExtensionsTest, SharpBag.Tests, Version=0.0.0.0, Culture=neutral, PublicKeyToken=null" name="ContainsArrayThrowsContractException828" />
    </UnitTest>
    <UnitTest name="IfNotNull0192302" storage="c:\users\suprdewd\documents\projects\sharpbag\sharpbag.tests\bin\release\sharpbag.tests.dll" id="a65b5eab-4121-901b-449c-fc9aba07d07b">
      <Execution id="e3970799-40d1-49d2-9977-315d59173fc2" />
      <TestMethod codeBase="C:/Users/SuprDewd/Documents/Projects/SharpBag/SharpBag.Tests/bin/Release/SharpBag.Tests.DLL" adapterTypeName="Microsoft.VisualStudio.TestTools.TestTypes.Unit.UnitTestAdapter, Microsoft.VisualStudio.QualityTools.Tips.UnitTest.Adapter, Version=10.0.0.0, Culture=neutral, PublicKeyToken=b03f5f7f11d50a3a" className="SharpBag.ExtensionsTest, SharpBag.Tests, Version=0.0.0.0, Culture=neutral, PublicKeyToken=null" name="IfNotNull0192302" />
    </UnitTest>
    <UnitTest name="ForEach78804" storage="c:\users\suprdewd\documents\projects\sharpbag\sharpbag.tests\bin\release\sharpbag.tests.dll" id="9a12b8c7-dd2a-27a8-8e5c-846cf91e7a67">
      <Execution id="2dbecf98-0e02-4266-a1cb-fdb9518c9ca6" />
      <TestMethod codeBase="C:/Users/SuprDewd/Documents/Projects/SharpBag/SharpBag.Tests/bin/Release/SharpBag.Tests.DLL" adapterTypeName="Microsoft.VisualStudio.TestTools.TestTypes.Unit.UnitTestAdapter, Microsoft.VisualStudio.QualityTools.Tips.UnitTest.Adapter, Version=10.0.0.0, Culture=neutral, PublicKeyToken=b03f5f7f11d50a3a" className="SharpBag.ExtensionsTest, SharpBag.Tests, Version=0.0.0.0, Culture=neutral, PublicKeyToken=null" name="ForEach78804" />
    </UnitTest>
    <UnitTest name="As0166403" storage="c:\users\suprdewd\documents\projects\sharpbag\sharpbag.tests\bin\release\sharpbag.tests.dll" id="4c1abec7-91f0-7672-2e0f-302cf26fbd1a">
      <Execution id="a3357a62-186e-4898-8e95-ce6a320f6127" />
      <TestMethod codeBase="C:/Users/SuprDewd/Documents/Projects/SharpBag/SharpBag.Tests/bin/Release/SharpBag.Tests.DLL" adapterTypeName="Microsoft.VisualStudio.TestTools.TestTypes.Unit.UnitTestAdapter, Microsoft.VisualStudio.QualityTools.Tips.UnitTest.Adapter, Version=10.0.0.0, Culture=neutral, PublicKeyToken=b03f5f7f11d50a3a" className="SharpBag.ExtensionsTest, SharpBag.Tests, Version=0.0.0.0, Culture=neutral, PublicKeyToken=null" name="As0166403" />
    </UnitTest>
    <UnitTest name="AsEnumerable56004" storage="c:\users\suprdewd\documents\projects\sharpbag\sharpbag.tests\bin\release\sharpbag.tests.dll" id="9611d5ba-c78e-b7b6-592f-64194d91b456">
      <Execution id="918b86bf-6732-42e6-89bb-e744806dd9ca" />
      <TestMethod codeBase="C:/Users/SuprDewd/Documents/Projects/SharpBag/SharpBag.Tests/bin/Release/SharpBag.Tests.DLL" adapterTypeName="Microsoft.VisualStudio.TestTools.TestTypes.Unit.UnitTestAdapter, Microsoft.VisualStudio.QualityTools.Tips.UnitTest.Adapter, Version=10.0.0.0, Culture=neutral, PublicKeyToken=b03f5f7f11d50a3a" className="SharpBag.ExtensionsTest, SharpBag.Tests, Version=0.0.0.0, Culture=neutral, PublicKeyToken=null" name="AsEnumerable56004" />
    </UnitTest>
    <UnitTest name="InvokeIfRequiredThrowsContractException964" storage="c:\users\suprdewd\documents\projects\sharpbag\sharpbag.tests\bin\release\sharpbag.tests.dll" id="93882b4b-b43e-315e-5540-34512bfc71a7">
      <Execution id="9ded6ace-16b5-48be-8444-f1c73742ee51" />
      <TestMethod codeBase="C:/Users/SuprDewd/Documents/Projects/SharpBag/SharpBag.Tests/bin/Release/SharpBag.Tests.DLL" adapterTypeName="Microsoft.VisualStudio.TestTools.TestTypes.Unit.UnitTestAdapter, Microsoft.VisualStudio.QualityTools.Tips.UnitTest.Adapter, Version=10.0.0.0, Culture=neutral, PublicKeyToken=b03f5f7f11d50a3a" className="SharpBag.ExtensionsTest, SharpBag.Tests, Version=0.0.0.0, Culture=neutral, PublicKeyToken=null" name="InvokeIfRequiredThrowsContractException964" />
    </UnitTest>
    <UnitTest name="ToDictionary65201" storage="c:\users\suprdewd\documents\projects\sharpbag\sharpbag.tests\bin\release\sharpbag.tests.dll" id="6b5ea87c-ca8e-cd07-2a54-53cd363577f8">
      <Execution id="bb26f4bf-1f94-4d20-899a-7ed3ece7e231" />
      <TestMethod codeBase="C:/Users/SuprDewd/Documents/Projects/SharpBag/SharpBag.Tests/bin/Release/SharpBag.Tests.DLL" adapterTypeName="Microsoft.VisualStudio.TestTools.TestTypes.Unit.UnitTestAdapter, Microsoft.VisualStudio.QualityTools.Tips.UnitTest.Adapter, Version=10.0.0.0, Culture=neutral, PublicKeyToken=b03f5f7f11d50a3a" className="SharpBag.ExtensionsTest, SharpBag.Tests, Version=0.0.0.0, Culture=neutral, PublicKeyToken=null" name="ToDictionary65201" />
    </UnitTest>
    <UnitTest name="As0163208" storage="c:\users\suprdewd\documents\projects\sharpbag\sharpbag.tests\bin\release\sharpbag.tests.dll" id="b51e8365-ff64-84bf-89d7-6e6cedcc3dbf">
      <Execution id="09497564-a863-40c6-93b1-847eda4c3b93" />
      <TestMethod codeBase="C:/Users/SuprDewd/Documents/Projects/SharpBag/SharpBag.Tests/bin/Release/SharpBag.Tests.DLL" adapterTypeName="Microsoft.VisualStudio.TestTools.TestTypes.Unit.UnitTestAdapter, Microsoft.VisualStudio.QualityTools.Tips.UnitTest.Adapter, Version=10.0.0.0, Culture=neutral, PublicKeyToken=b03f5f7f11d50a3a" className="SharpBag.ExtensionsTest, SharpBag.Tests, Version=0.0.0.0, Culture=neutral, PublicKeyToken=null" name="As0163208" />
    </UnitTest>
    <UnitTest name="As0163246" storage="c:\users\suprdewd\documents\projects\sharpbag\sharpbag.tests\bin\release\sharpbag.tests.dll" id="83b2b843-a328-2103-e83d-4b3241d960cd">
      <Execution id="145f0383-e4d8-4cc2-adaa-ddf51c051d7e" />
      <TestMethod codeBase="C:/Users/SuprDewd/Documents/Projects/SharpBag/SharpBag.Tests/bin/Release/SharpBag.Tests.DLL" adapterTypeName="Microsoft.VisualStudio.TestTools.TestTypes.Unit.UnitTestAdapter, Microsoft.VisualStudio.QualityTools.Tips.UnitTest.Adapter, Version=10.0.0.0, Culture=neutral, PublicKeyToken=b03f5f7f11d50a3a" className="SharpBag.ExtensionsTest, SharpBag.Tests, Version=0.0.0.0, Culture=neutral, PublicKeyToken=null" name="As0163246" />
    </UnitTest>
    <UnitTest name="Add29606" storage="c:\users\suprdewd\documents\projects\sharpbag\sharpbag.tests\bin\release\sharpbag.tests.dll" id="c4c6dbc5-8988-fc78-6c24-cd9bba7d228f">
      <Execution id="ca586d7a-7c85-4978-9a81-ddb0115bcfd9" />
      <TestMethod codeBase="C:/Users/SuprDewd/Documents/Projects/SharpBag/SharpBag.Tests/bin/Release/SharpBag.Tests.DLL" adapterTypeName="Microsoft.VisualStudio.TestTools.TestTypes.Unit.UnitTestAdapter, Microsoft.VisualStudio.QualityTools.Tips.UnitTest.Adapter, Version=10.0.0.0, Culture=neutral, PublicKeyToken=b03f5f7f11d50a3a" className="SharpBag.ExtensionsTest, SharpBag.Tests, Version=0.0.0.0, Culture=neutral, PublicKeyToken=null" name="Add29606" />
    </UnitTest>
    <UnitTest name="GenerateEndlessThrowsContractException760" storage="c:\users\suprdewd\documents\projects\sharpbag\sharpbag.tests\bin\release\sharpbag.tests.dll" id="16eccf92-0ec9-930b-cfbe-252e74468966">
      <Execution id="0b4e7d8d-9966-464e-816a-3190690af527" />
      <TestMethod codeBase="C:/Users/SuprDewd/Documents/Projects/SharpBag/SharpBag.Tests/bin/Release/SharpBag.Tests.DLL" adapterTypeName="Microsoft.VisualStudio.TestTools.TestTypes.Unit.UnitTestAdapter, Microsoft.VisualStudio.QualityTools.Tips.UnitTest.Adapter, Version=10.0.0.0, Culture=neutral, PublicKeyToken=b03f5f7f11d50a3a" className="SharpBag.UtilsTest, SharpBag.Tests, Version=0.0.0.0, Culture=neutral, PublicKeyToken=null" name="GenerateEndlessThrowsContractException760" />
    </UnitTest>
    <UnitTest name="AsEnumerable0314803" storage="c:\users\suprdewd\documents\projects\sharpbag\sharpbag.tests\bin\release\sharpbag.tests.dll" id="11187b04-c546-bd3e-0bbb-d3f71bff1f4f">
      <Execution id="51c01c04-db71-4557-9810-c31f01976884" />
      <TestMethod codeBase="C:/Users/SuprDewd/Documents/Projects/SharpBag/SharpBag.Tests/bin/Release/SharpBag.Tests.DLL" adapterTypeName="Microsoft.VisualStudio.TestTools.TestTypes.Unit.UnitTestAdapter, Microsoft.VisualStudio.QualityTools.Tips.UnitTest.Adapter, Version=10.0.0.0, Culture=neutral, PublicKeyToken=b03f5f7f11d50a3a" className="SharpBag.ExtensionsTest, SharpBag.Tests, Version=0.0.0.0, Culture=neutral, PublicKeyToken=null" name="AsEnumerable0314803" />
    </UnitTest>
    <UnitTest name="ExecutionTime01ThrowsContractException820" storage="c:\users\suprdewd\documents\projects\sharpbag\sharpbag.tests\bin\release\sharpbag.tests.dll" id="2f5ec1c4-04f0-fa9c-5150-6f7abf584f74">
      <Execution id="98459d08-9dd0-4f25-806d-1ab7867ede6a" />
      <TestMethod codeBase="C:/Users/SuprDewd/Documents/Projects/SharpBag/SharpBag.Tests/bin/Release/SharpBag.Tests.DLL" adapterTypeName="Microsoft.VisualStudio.TestTools.TestTypes.Unit.UnitTestAdapter, Microsoft.VisualStudio.QualityTools.Tips.UnitTest.Adapter, Version=10.0.0.0, Culture=neutral, PublicKeyToken=b03f5f7f11d50a3a" className="SharpBag.UtilsTest, SharpBag.Tests, Version=0.0.0.0, Culture=neutral, PublicKeyToken=null" name="ExecutionTime01ThrowsContractException820" />
    </UnitTest>
    <UnitTest name="GetLuminosityThrowsContractException408" storage="c:\users\suprdewd\documents\projects\sharpbag\sharpbag.tests\bin\release\sharpbag.tests.dll" id="966b1426-163f-7f22-4eab-268da60e78c2">
      <Execution id="d5f5bdf5-4d81-42c8-ab1f-78611eca02e7" />
      <TestMethod codeBase="C:/Users/SuprDewd/Documents/Projects/SharpBag/SharpBag.Tests/bin/Release/SharpBag.Tests.DLL" adapterTypeName="Microsoft.VisualStudio.TestTools.TestTypes.Unit.UnitTestAdapter, Microsoft.VisualStudio.QualityTools.Tips.UnitTest.Adapter, Version=10.0.0.0, Culture=neutral, PublicKeyToken=b03f5f7f11d50a3a" className="SharpBag.Media.MediaExtensionsTest, SharpBag.Tests, Version=0.0.0.0, Culture=neutral, PublicKeyToken=null" name="GetLuminosityThrowsContractException408" />
    </UnitTest>
    <UnitTest name="IsPortFree204" storage="c:\users\suprdewd\documents\projects\sharpbag\sharpbag.tests\bin\release\sharpbag.tests.dll" id="c5e910ca-b0f3-fe99-9027-8d0c98206539">
      <Execution id="4324b026-1991-4e18-9e05-5f8c1e4102c3" />
      <TestMethod codeBase="C:/Users/SuprDewd/Documents/Projects/SharpBag/SharpBag.Tests/bin/Release/SharpBag.Tests.DLL" adapterTypeName="Microsoft.VisualStudio.TestTools.TestTypes.Unit.UnitTestAdapter, Microsoft.VisualStudio.QualityTools.Tips.UnitTest.Adapter, Version=10.0.0.0, Culture=neutral, PublicKeyToken=b03f5f7f11d50a3a" className="SharpBag.Net.InternetTest, SharpBag.Tests, Version=0.0.0.0, Culture=neutral, PublicKeyToken=null" name="IsPortFree204" />
    </UnitTest>
    <UnitTest name="Bound171" storage="c:\users\suprdewd\documents\projects\sharpbag\sharpbag.tests\bin\release\sharpbag.tests.dll" id="e2cc1bd6-a2a2-cb02-4b55-fe1eccb8526b">
      <Execution id="cb1cdac2-2373-4002-8af5-1e22f53d8626" />
      <TestMethod codeBase="C:/Users/SuprDewd/Documents/Projects/SharpBag/SharpBag.Tests/bin/Release/SharpBag.Tests.DLL" adapterTypeName="Microsoft.VisualStudio.TestTools.TestTypes.Unit.UnitTestAdapter, Microsoft.VisualStudio.QualityTools.Tips.UnitTest.Adapter, Version=10.0.0.0, Culture=neutral, PublicKeyToken=b03f5f7f11d50a3a" className="SharpBag.Math.MathExtensionsTest, SharpBag.Tests, Version=0.0.0.0, Culture=neutral, PublicKeyToken=null" name="Bound171" />
    </UnitTest>
    <UnitTest name="TakeEvery57301" storage="c:\users\suprdewd\documents\projects\sharpbag\sharpbag.tests\bin\release\sharpbag.tests.dll" id="3febe6f3-67ab-23b3-dd85-d4b7c1206b0c">
      <Execution id="93e24fd5-8f9e-40d8-90fe-de8b7228ea8c" />
      <TestMethod codeBase="C:/Users/SuprDewd/Documents/Projects/SharpBag/SharpBag.Tests/bin/Release/SharpBag.Tests.DLL" adapterTypeName="Microsoft.VisualStudio.TestTools.TestTypes.Unit.UnitTestAdapter, Microsoft.VisualStudio.QualityTools.Tips.UnitTest.Adapter, Version=10.0.0.0, Culture=neutral, PublicKeyToken=b03f5f7f11d50a3a" className="SharpBag.ExtensionsTest, SharpBag.Tests, Version=0.0.0.0, Culture=neutral, PublicKeyToken=null" name="TakeEvery57301" />
    </UnitTest>
    <UnitTest name="ReadLinesFromFileThrowsContractException787" storage="c:\users\suprdewd\documents\projects\sharpbag\sharpbag.tests\bin\release\sharpbag.tests.dll" id="eda1af69-c93e-56bb-5fe9-14115441188c">
      <Execution id="a02104b4-bd21-4a61-ba44-3873b4e3ae01" />
      <TestMethod codeBase="C:/Users/SuprDewd/Documents/Projects/SharpBag/SharpBag.Tests/bin/Release/SharpBag.Tests.DLL" adapterTypeName="Microsoft.VisualStudio.TestTools.TestTypes.Unit.UnitTestAdapter, Microsoft.VisualStudio.QualityTools.Tips.UnitTest.Adapter, Version=10.0.0.0, Culture=neutral, PublicKeyToken=b03f5f7f11d50a3a" className="SharpBag.UtilsTest, SharpBag.Tests, Version=0.0.0.0, Culture=neutral, PublicKeyToken=null" name="ReadLinesFromFileThrowsContractException787" />
    </UnitTest>
    <UnitTest name="As0198304" storage="c:\users\suprdewd\documents\projects\sharpbag\sharpbag.tests\bin\release\sharpbag.tests.dll" id="bbc45056-7304-0cf8-18ec-0f56b7abf591">
      <Execution id="9381aece-5af7-46c2-8b0b-74455c7d3d72" />
      <TestMethod codeBase="C:/Users/SuprDewd/Documents/Projects/SharpBag/SharpBag.Tests/bin/Release/SharpBag.Tests.DLL" adapterTypeName="Microsoft.VisualStudio.TestTools.TestTypes.Unit.UnitTestAdapter, Microsoft.VisualStudio.QualityTools.Tips.UnitTest.Adapter, Version=10.0.0.0, Culture=neutral, PublicKeyToken=b03f5f7f11d50a3a" className="SharpBag.ExtensionsTest, SharpBag.Tests, Version=0.0.0.0, Culture=neutral, PublicKeyToken=null" name="As0198304" />
    </UnitTest>
    <UnitTest name="UnionAll13601" storage="c:\users\suprdewd\documents\projects\sharpbag\sharpbag.tests\bin\release\sharpbag.tests.dll" id="382ae704-dd0b-2259-d31c-dfbfb69a1305">
      <Execution id="85227221-3035-4a47-99b1-f399ca405e57" />
      <TestMethod codeBase="C:/Users/SuprDewd/Documents/Projects/SharpBag/SharpBag.Tests/bin/Release/SharpBag.Tests.DLL" adapterTypeName="Microsoft.VisualStudio.TestTools.TestTypes.Unit.UnitTestAdapter, Microsoft.VisualStudio.QualityTools.Tips.UnitTest.Adapter, Version=10.0.0.0, Culture=neutral, PublicKeyToken=b03f5f7f11d50a3a" className="SharpBag.ExtensionsTest, SharpBag.Tests, Version=0.0.0.0, Culture=neutral, PublicKeyToken=null" name="UnionAll13601" />
    </UnitTest>
    <UnitTest name="As0163206" storage="c:\users\suprdewd\documents\projects\sharpbag\sharpbag.tests\bin\release\sharpbag.tests.dll" id="e3e433dc-f656-51bd-faab-b6cc3200c3cc">
      <Execution id="100c6b6a-66e0-4b0a-863f-507ddca27821" />
      <TestMethod codeBase="C:/Users/SuprDewd/Documents/Projects/SharpBag/SharpBag.Tests/bin/Release/SharpBag.Tests.DLL" adapterTypeName="Microsoft.VisualStudio.TestTools.TestTypes.Unit.UnitTestAdapter, Microsoft.VisualStudio.QualityTools.Tips.UnitTest.Adapter, Version=10.0.0.0, Culture=neutral, PublicKeyToken=b03f5f7f11d50a3a" className="SharpBag.ExtensionsTest, SharpBag.Tests, Version=0.0.0.0, Culture=neutral, PublicKeyToken=null" name="As0163206" />
    </UnitTest>
    <UnitTest name="As0166001" storage="c:\users\suprdewd\documents\projects\sharpbag\sharpbag.tests\bin\release\sharpbag.tests.dll" id="4a5ccd91-8853-f0cc-c6d0-af1603a36ab2">
      <Execution id="d3b04a15-1c7d-4191-8bae-18a2a185b33b" />
      <TestMethod codeBase="C:/Users/SuprDewd/Documents/Projects/SharpBag/SharpBag.Tests/bin/Release/SharpBag.Tests.DLL" adapterTypeName="Microsoft.VisualStudio.TestTools.TestTypes.Unit.UnitTestAdapter, Microsoft.VisualStudio.QualityTools.Tips.UnitTest.Adapter, Version=10.0.0.0, Culture=neutral, PublicKeyToken=b03f5f7f11d50a3a" className="SharpBag.ExtensionsTest, SharpBag.Tests, Version=0.0.0.0, Culture=neutral, PublicKeyToken=null" name="As0166001" />
    </UnitTest>
    <UnitTest name="As0163221" storage="c:\users\suprdewd\documents\projects\sharpbag\sharpbag.tests\bin\release\sharpbag.tests.dll" id="559ad5fd-9c89-3fab-e602-368a88629e35">
      <Execution id="1320e21e-63dd-4668-9269-b325903c53b8" />
      <TestMethod codeBase="C:/Users/SuprDewd/Documents/Projects/SharpBag/SharpBag.Tests/bin/Release/SharpBag.Tests.DLL" adapterTypeName="Microsoft.VisualStudio.TestTools.TestTypes.Unit.UnitTestAdapter, Microsoft.VisualStudio.QualityTools.Tips.UnitTest.Adapter, Version=10.0.0.0, Culture=neutral, PublicKeyToken=b03f5f7f11d50a3a" className="SharpBag.ExtensionsTest, SharpBag.Tests, Version=0.0.0.0, Culture=neutral, PublicKeyToken=null" name="As0163221" />
    </UnitTest>
    <UnitTest name="UnionAll01ThrowsContractException68" storage="c:\users\suprdewd\documents\projects\sharpbag\sharpbag.tests\bin\release\sharpbag.tests.dll" id="cc8275a0-551e-d39e-ef08-c6785391cae1">
      <Execution id="515d0078-ee80-46a3-b00f-8a8c805e77a4" />
      <TestMethod codeBase="C:/Users/SuprDewd/Documents/Projects/SharpBag/SharpBag.Tests/bin/Release/SharpBag.Tests.DLL" adapterTypeName="Microsoft.VisualStudio.TestTools.TestTypes.Unit.UnitTestAdapter, Microsoft.VisualStudio.QualityTools.Tips.UnitTest.Adapter, Version=10.0.0.0, Culture=neutral, PublicKeyToken=b03f5f7f11d50a3a" className="SharpBag.ExtensionsTest, SharpBag.Tests, Version=0.0.0.0, Culture=neutral, PublicKeyToken=null" name="UnionAll01ThrowsContractException68" />
    </UnitTest>
    <UnitTest name="GetEntry195" storage="c:\users\suprdewd\documents\projects\sharpbag\sharpbag.tests\bin\release\sharpbag.tests.dll" id="43b966b3-46a6-2c68-ed24-575462007214">
      <Execution id="4b374b65-fc46-4b01-9dd0-1ca4c75eeb39" />
      <TestMethod codeBase="C:/Users/SuprDewd/Documents/Projects/SharpBag/SharpBag.Tests/bin/Release/SharpBag.Tests.DLL" adapterTypeName="Microsoft.VisualStudio.TestTools.TestTypes.Unit.UnitTestAdapter, Microsoft.VisualStudio.QualityTools.Tips.UnitTest.Adapter, Version=10.0.0.0, Culture=neutral, PublicKeyToken=b03f5f7f11d50a3a" className="SharpBag.Math.PascalTriangleTest, SharpBag.Tests, Version=0.0.0.0, Culture=neutral, PublicKeyToken=null" name="GetEntry195" />
    </UnitTest>
    <UnitTest name="As21521" storage="c:\users\suprdewd\documents\projects\sharpbag\sharpbag.tests\bin\release\sharpbag.tests.dll" id="c120e67a-ca3d-ad4a-6e13-a8ac39d90a59">
      <Execution id="2697653f-6424-4c04-b5c7-b87db438b5d2" />
      <TestMethod codeBase="C:/Users/SuprDewd/Documents/Projects/SharpBag/SharpBag.Tests/bin/Release/SharpBag.Tests.DLL" adapterTypeName="Microsoft.VisualStudio.TestTools.TestTypes.Unit.UnitTestAdapter, Microsoft.VisualStudio.QualityTools.Tips.UnitTest.Adapter, Version=10.0.0.0, Culture=neutral, PublicKeyToken=b03f5f7f11d50a3a" className="SharpBag.ExtensionsTest, SharpBag.Tests, Version=0.0.0.0, Culture=neutral, PublicKeyToken=null" name="As21521" />
    </UnitTest>
    <UnitTest name="AsEnumerable0128301" storage="c:\users\suprdewd\documents\projects\sharpbag\sharpbag.tests\bin\release\sharpbag.tests.dll" id="42f45f10-504d-0d19-0e58-1ea2105c69e9">
      <Execution id="b07365bd-59fc-4d15-980d-45c60c1048a6" />
      <TestMethod codeBase="C:/Users/SuprDewd/Documents/Projects/SharpBag/SharpBag.Tests/bin/Release/SharpBag.Tests.DLL" adapterTypeName="Microsoft.VisualStudio.TestTools.TestTypes.Unit.UnitTestAdapter, Microsoft.VisualStudio.QualityTools.Tips.UnitTest.Adapter, Version=10.0.0.0, Culture=neutral, PublicKeyToken=b03f5f7f11d50a3a" className="SharpBag.ExtensionsTest, SharpBag.Tests, Version=0.0.0.0, Culture=neutral, PublicKeyToken=null" name="AsEnumerable0128301" />
    </UnitTest>
    <UnitTest name="As0163242" storage="c:\users\suprdewd\documents\projects\sharpbag\sharpbag.tests\bin\release\sharpbag.tests.dll" id="5d663026-8403-d8b3-571f-dbc623bc2b0e">
      <Execution id="c2a9e282-bd9b-4b7f-9aff-ce48376999a1" />
      <TestMethod codeBase="C:/Users/SuprDewd/Documents/Projects/SharpBag/SharpBag.Tests/bin/Release/SharpBag.Tests.DLL" adapterTypeName="Microsoft.VisualStudio.TestTools.TestTypes.Unit.UnitTestAdapter, Microsoft.VisualStudio.QualityTools.Tips.UnitTest.Adapter, Version=10.0.0.0, Culture=neutral, PublicKeyToken=b03f5f7f11d50a3a" className="SharpBag.ExtensionsTest, SharpBag.Tests, Version=0.0.0.0, Culture=neutral, PublicKeyToken=null" name="As0163242" />
    </UnitTest>
    <UnitTest name="Add60903" storage="c:\users\suprdewd\documents\projects\sharpbag\sharpbag.tests\bin\release\sharpbag.tests.dll" id="f4a16930-7fb5-1364-b2bb-1dffeb9040de">
      <Execution id="58c678db-9181-4ad6-84a1-ed4bd85a11ff" />
      <TestMethod codeBase="C:/Users/SuprDewd/Documents/Projects/SharpBag/SharpBag.Tests/bin/Release/SharpBag.Tests.DLL" adapterTypeName="Microsoft.VisualStudio.TestTools.TestTypes.Unit.UnitTestAdapter, Microsoft.VisualStudio.QualityTools.Tips.UnitTest.Adapter, Version=10.0.0.0, Culture=neutral, PublicKeyToken=b03f5f7f11d50a3a" className="SharpBag.ExtensionsTest, SharpBag.Tests, Version=0.0.0.0, Culture=neutral, PublicKeyToken=null" name="Add60903" />
    </UnitTest>
    <UnitTest name="As0163227" storage="c:\users\suprdewd\documents\projects\sharpbag\sharpbag.tests\bin\release\sharpbag.tests.dll" id="1a41ca06-c399-fb41-1b68-4e54f6d9fba0">
      <Execution id="ad6ceb4f-e1a7-48e2-9d35-bf0db866873c" />
      <TestMethod codeBase="C:/Users/SuprDewd/Documents/Projects/SharpBag/SharpBag.Tests/bin/Release/SharpBag.Tests.DLL" adapterTypeName="Microsoft.VisualStudio.TestTools.TestTypes.Unit.UnitTestAdapter, Microsoft.VisualStudio.QualityTools.Tips.UnitTest.Adapter, Version=10.0.0.0, Culture=neutral, PublicKeyToken=b03f5f7f11d50a3a" className="SharpBag.ExtensionsTest, SharpBag.Tests, Version=0.0.0.0, Culture=neutral, PublicKeyToken=null" name="As0163227" />
    </UnitTest>
    <UnitTest name="AsEnumerable56002" storage="c:\users\suprdewd\documents\projects\sharpbag\sharpbag.tests\bin\release\sharpbag.tests.dll" id="ec99d1a9-4b49-a94f-134c-f58d11b57222">
      <Execution id="75ef654a-2a38-4e58-98ea-2748cbfb34a1" />
      <TestMethod codeBase="C:/Users/SuprDewd/Documents/Projects/SharpBag/SharpBag.Tests/bin/Release/SharpBag.Tests.DLL" adapterTypeName="Microsoft.VisualStudio.TestTools.TestTypes.Unit.UnitTestAdapter, Microsoft.VisualStudio.QualityTools.Tips.UnitTest.Adapter, Version=10.0.0.0, Culture=neutral, PublicKeyToken=b03f5f7f11d50a3a" className="SharpBag.ExtensionsTest, SharpBag.Tests, Version=0.0.0.0, Culture=neutral, PublicKeyToken=null" name="AsEnumerable56002" />
    </UnitTest>
    <UnitTest name="As01664" storage="c:\users\suprdewd\documents\projects\sharpbag\sharpbag.tests\bin\release\sharpbag.tests.dll" id="dfddd698-039d-4cb7-341a-94646b1b9270">
      <Execution id="8de2b21f-7da0-471a-8de6-99574767ffd9" />
      <TestMethod codeBase="C:/Users/SuprDewd/Documents/Projects/SharpBag/SharpBag.Tests/bin/Release/SharpBag.Tests.DLL" adapterTypeName="Microsoft.VisualStudio.TestTools.TestTypes.Unit.UnitTestAdapter, Microsoft.VisualStudio.QualityTools.Tips.UnitTest.Adapter, Version=10.0.0.0, Culture=neutral, PublicKeyToken=b03f5f7f11d50a3a" className="SharpBag.ExtensionsTest, SharpBag.Tests, Version=0.0.0.0, Culture=neutral, PublicKeyToken=null" name="As01664" />
    </UnitTest>
    <UnitTest name="NextCharThrowsContractException997" storage="c:\users\suprdewd\documents\projects\sharpbag\sharpbag.tests\bin\release\sharpbag.tests.dll" id="c915ebab-6006-9244-c1bb-93a0e94b6128">
      <Execution id="0f0693a3-7900-423f-9ecc-e989f9f7c0bb" />
      <TestMethod codeBase="C:/Users/SuprDewd/Documents/Projects/SharpBag/SharpBag.Tests/bin/Release/SharpBag.Tests.DLL" adapterTypeName="Microsoft.VisualStudio.TestTools.TestTypes.Unit.UnitTestAdapter, Microsoft.VisualStudio.QualityTools.Tips.UnitTest.Adapter, Version=10.0.0.0, Culture=neutral, PublicKeyToken=b03f5f7f11d50a3a" className="SharpBag.RandomExtensionsTest, SharpBag.Tests, Version=0.0.0.0, Culture=neutral, PublicKeyToken=null" name="NextCharThrowsContractException997" />
    </UnitTest>
    <UnitTest name="Shuffle63201" storage="c:\users\suprdewd\documents\projects\sharpbag\sharpbag.tests\bin\release\sharpbag.tests.dll" id="344e42b2-441e-1ac7-2103-3d35eead278e">
      <Execution id="0bedfe53-6ffd-46ba-96cc-f54f5e246946" />
      <TestMethod codeBase="C:/Users/SuprDewd/Documents/Projects/SharpBag/SharpBag.Tests/bin/Release/SharpBag.Tests.DLL" adapterTypeName="Microsoft.VisualStudio.TestTools.TestTypes.Unit.UnitTestAdapter, Microsoft.VisualStudio.QualityTools.Tips.UnitTest.Adapter, Version=10.0.0.0, Culture=neutral, PublicKeyToken=b03f5f7f11d50a3a" className="SharpBag.ExtensionsTest, SharpBag.Tests, Version=0.0.0.0, Culture=neutral, PublicKeyToken=null" name="Shuffle63201" />
    </UnitTest>
    <UnitTest name="Fill0110502" storage="c:\users\suprdewd\documents\projects\sharpbag\sharpbag.tests\bin\release\sharpbag.tests.dll" id="8449ab5e-c7c8-6deb-cb03-833888a032c6">
      <Execution id="61622189-c977-4000-a714-9ed10a2e95be" />
      <TestMethod codeBase="C:/Users/SuprDewd/Documents/Projects/SharpBag/SharpBag.Tests/bin/Release/SharpBag.Tests.DLL" adapterTypeName="Microsoft.VisualStudio.TestTools.TestTypes.Unit.UnitTestAdapter, Microsoft.VisualStudio.QualityTools.Tips.UnitTest.Adapter, Version=10.0.0.0, Culture=neutral, PublicKeyToken=b03f5f7f11d50a3a" className="SharpBag.ExtensionsTest, SharpBag.Tests, Version=0.0.0.0, Culture=neutral, PublicKeyToken=null" name="Fill0110502" />
    </UnitTest>
    <UnitTest name="ShuffleThrowsContractException13" storage="c:\users\suprdewd\documents\projects\sharpbag\sharpbag.tests\bin\release\sharpbag.tests.dll" id="63d33d75-845b-94b5-c155-a4fa9c5d7359">
      <Execution id="2ec88ad4-11a5-4da2-aee5-35e94d944e10" />
      <TestMethod codeBase="C:/Users/SuprDewd/Documents/Projects/SharpBag/SharpBag.Tests/bin/Release/SharpBag.Tests.DLL" adapterTypeName="Microsoft.VisualStudio.TestTools.TestTypes.Unit.UnitTestAdapter, Microsoft.VisualStudio.QualityTools.Tips.UnitTest.Adapter, Version=10.0.0.0, Culture=neutral, PublicKeyToken=b03f5f7f11d50a3a" className="SharpBag.ExtensionsTest, SharpBag.Tests, Version=0.0.0.0, Culture=neutral, PublicKeyToken=null" name="ShuffleThrowsContractException13" />
    </UnitTest>
    <UnitTest name="As0163230" storage="c:\users\suprdewd\documents\projects\sharpbag\sharpbag.tests\bin\release\sharpbag.tests.dll" id="eaed8830-28b9-0d81-19c8-50909473733c">
      <Execution id="9af4a71c-d845-4bee-a283-0d6f65c056d9" />
      <TestMethod codeBase="C:/Users/SuprDewd/Documents/Projects/SharpBag/SharpBag.Tests/bin/Release/SharpBag.Tests.DLL" adapterTypeName="Microsoft.VisualStudio.TestTools.TestTypes.Unit.UnitTestAdapter, Microsoft.VisualStudio.QualityTools.Tips.UnitTest.Adapter, Version=10.0.0.0, Culture=neutral, PublicKeyToken=b03f5f7f11d50a3a" className="SharpBag.ExtensionsTest, SharpBag.Tests, Version=0.0.0.0, Culture=neutral, PublicKeyToken=null" name="As0163230" />
    </UnitTest>
    <UnitTest name="IfNotNull0159705" storage="c:\users\suprdewd\documents\projects\sharpbag\sharpbag.tests\bin\release\sharpbag.tests.dll" id="3c2e9b97-7181-c8d2-2f10-0abc89251ccc">
      <Execution id="e1dad248-10ab-43a2-9136-dd251758ed0e" />
      <TestMethod codeBase="C:/Users/SuprDewd/Documents/Projects/SharpBag/SharpBag.Tests/bin/Release/SharpBag.Tests.DLL" adapterTypeName="Microsoft.VisualStudio.TestTools.TestTypes.Unit.UnitTestAdapter, Microsoft.VisualStudio.QualityTools.Tips.UnitTest.Adapter, Version=10.0.0.0, Culture=neutral, PublicKeyToken=b03f5f7f11d50a3a" className="SharpBag.ExtensionsTest, SharpBag.Tests, Version=0.0.0.0, Culture=neutral, PublicKeyToken=null" name="IfNotNull0159705" />
    </UnitTest>
    <UnitTest name="GetPixelsThrowsContractException443" storage="c:\users\suprdewd\documents\projects\sharpbag\sharpbag.tests\bin\release\sharpbag.tests.dll" id="143eb567-4397-2625-6014-2a2400dd294f">
      <Execution id="640eaa96-d55b-4523-a04d-2f697692b54d" />
      <TestMethod codeBase="C:/Users/SuprDewd/Documents/Projects/SharpBag/SharpBag.Tests/bin/Release/SharpBag.Tests.DLL" adapterTypeName="Microsoft.VisualStudio.TestTools.TestTypes.Unit.UnitTestAdapter, Microsoft.VisualStudio.QualityTools.Tips.UnitTest.Adapter, Version=10.0.0.0, Culture=neutral, PublicKeyToken=b03f5f7f11d50a3a" className="SharpBag.Media.MediaExtensionsTest, SharpBag.Tests, Version=0.0.0.0, Culture=neutral, PublicKeyToken=null" name="GetPixelsThrowsContractException443" />
    </UnitTest>
    <UnitTest name="To0482501" storage="c:\users\suprdewd\documents\projects\sharpbag\sharpbag.tests\bin\release\sharpbag.tests.dll" id="86a0d6ba-240b-81ef-7612-a91dd0bac5dd">
      <Execution id="21099746-6643-4626-848a-175a9b356728" />
      <TestMethod codeBase="C:/Users/SuprDewd/Documents/Projects/SharpBag/SharpBag.Tests/bin/Release/SharpBag.Tests.DLL" adapterTypeName="Microsoft.VisualStudio.TestTools.TestTypes.Unit.UnitTestAdapter, Microsoft.VisualStudio.QualityTools.Tips.UnitTest.Adapter, Version=10.0.0.0, Culture=neutral, PublicKeyToken=b03f5f7f11d50a3a" className="SharpBag.ExtensionsTest, SharpBag.Tests, Version=0.0.0.0, Culture=neutral, PublicKeyToken=null" name="To0482501" />
    </UnitTest>
    <UnitTest name="As0163217" storage="c:\users\suprdewd\documents\projects\sharpbag\sharpbag.tests\bin\release\sharpbag.tests.dll" id="e966bfbe-0422-eb75-f093-b800f9c629b7">
      <Execution id="b63c46d2-a33f-4a75-9245-f2361c89e8f3" />
      <TestMethod codeBase="C:/Users/SuprDewd/Documents/Projects/SharpBag/SharpBag.Tests/bin/Release/SharpBag.Tests.DLL" adapterTypeName="Microsoft.VisualStudio.TestTools.TestTypes.Unit.UnitTestAdapter, Microsoft.VisualStudio.QualityTools.Tips.UnitTest.Adapter, Version=10.0.0.0, Culture=neutral, PublicKeyToken=b03f5f7f11d50a3a" className="SharpBag.ExtensionsTest, SharpBag.Tests, Version=0.0.0.0, Culture=neutral, PublicKeyToken=null" name="As0163217" />
    </UnitTest>
    <UnitTest name="Fill0168804" storage="c:\users\suprdewd\documents\projects\sharpbag\sharpbag.tests\bin\release\sharpbag.tests.dll" id="39a24eb5-a45d-f931-6682-86b278494085">
      <Execution id="83c75efa-9597-44c4-97f9-7e05c1acbd33" />
      <TestMethod codeBase="C:/Users/SuprDewd/Documents/Projects/SharpBag/SharpBag.Tests/bin/Release/SharpBag.Tests.DLL" adapterTypeName="Microsoft.VisualStudio.TestTools.TestTypes.Unit.UnitTestAdapter, Microsoft.VisualStudio.QualityTools.Tips.UnitTest.Adapter, Version=10.0.0.0, Culture=neutral, PublicKeyToken=b03f5f7f11d50a3a" className="SharpBag.ExtensionsTest, SharpBag.Tests, Version=0.0.0.0, Culture=neutral, PublicKeyToken=null" name="Fill0168804" />
    </UnitTest>
    <UnitTest name="Bound01232" storage="c:\users\suprdewd\documents\projects\sharpbag\sharpbag.tests\bin\release\sharpbag.tests.dll" id="53857a93-24c6-17ef-97dc-e0adc3a32915">
      <Execution id="919ff4f1-45b2-4fe4-9da7-50e03b641a79" />
      <TestMethod codeBase="C:/Users/SuprDewd/Documents/Projects/SharpBag/SharpBag.Tests/bin/Release/SharpBag.Tests.DLL" adapterTypeName="Microsoft.VisualStudio.TestTools.TestTypes.Unit.UnitTestAdapter, Microsoft.VisualStudio.QualityTools.Tips.UnitTest.Adapter, Version=10.0.0.0, Culture=neutral, PublicKeyToken=b03f5f7f11d50a3a" className="SharpBag.Math.MathExtensionsTest, SharpBag.Tests, Version=0.0.0.0, Culture=neutral, PublicKeyToken=null" name="Bound01232" />
    </UnitTest>
    <UnitTest name="ForEach908" storage="c:\users\suprdewd\documents\projects\sharpbag\sharpbag.tests\bin\release\sharpbag.tests.dll" id="af3c2eea-1341-4d08-8112-791e701a0e4e">
      <Execution id="6e5c743a-9b17-43e1-8612-7266e04badf6" />
      <TestMethod codeBase="C:/Users/SuprDewd/Documents/Projects/SharpBag/SharpBag.Tests/bin/Release/SharpBag.Tests.DLL" adapterTypeName="Microsoft.VisualStudio.TestTools.TestTypes.Unit.UnitTestAdapter, Microsoft.VisualStudio.QualityTools.Tips.UnitTest.Adapter, Version=10.0.0.0, Culture=neutral, PublicKeyToken=b03f5f7f11d50a3a" className="SharpBag.ExtensionsTest, SharpBag.Tests, Version=0.0.0.0, Culture=neutral, PublicKeyToken=null" name="ForEach908" />
    </UnitTest>
    <UnitTest name="IfNotNull47705" storage="c:\users\suprdewd\documents\projects\sharpbag\sharpbag.tests\bin\release\sharpbag.tests.dll" id="c1838d98-ca12-2824-62bc-37efa629a0f1">
      <Execution id="e44a9576-f8de-429a-885c-d08f0b3e347a" />
      <TestMethod codeBase="C:/Users/SuprDewd/Documents/Projects/SharpBag/SharpBag.Tests/bin/Release/SharpBag.Tests.DLL" adapterTypeName="Microsoft.VisualStudio.TestTools.TestTypes.Unit.UnitTestAdapter, Microsoft.VisualStudio.QualityTools.Tips.UnitTest.Adapter, Version=10.0.0.0, Culture=neutral, PublicKeyToken=b03f5f7f11d50a3a" className="SharpBag.ExtensionsTest, SharpBag.Tests, Version=0.0.0.0, Culture=neutral, PublicKeyToken=null" name="IfNotNull47705" />
    </UnitTest>
    <UnitTest name="Contrast204" storage="c:\users\suprdewd\documents\projects\sharpbag\sharpbag.tests\bin\release\sharpbag.tests.dll" id="89bed9d2-b230-1858-2102-76e62b11adeb">
      <Execution id="cf5bb153-69ae-4029-aa9d-a0c7890fd0ec" />
      <TestMethod codeBase="C:/Users/SuprDewd/Documents/Projects/SharpBag/SharpBag.Tests/bin/Release/SharpBag.Tests.DLL" adapterTypeName="Microsoft.VisualStudio.TestTools.TestTypes.Unit.UnitTestAdapter, Microsoft.VisualStudio.QualityTools.Tips.UnitTest.Adapter, Version=10.0.0.0, Culture=neutral, PublicKeyToken=b03f5f7f11d50a3a" className="SharpBag.Media.MediaExtensionsTest, SharpBag.Tests, Version=0.0.0.0, Culture=neutral, PublicKeyToken=null" name="Contrast204" />
    </UnitTest>
    <UnitTest name="As0163238" storage="c:\users\suprdewd\documents\projects\sharpbag\sharpbag.tests\bin\release\sharpbag.tests.dll" id="a56170ce-b399-e27e-e213-58e00eb4c436">
      <Execution id="01d18059-f513-46c8-8acd-c50b445f90f0" />
      <TestMethod codeBase="C:/Users/SuprDewd/Documents/Projects/SharpBag/SharpBag.Tests/bin/Release/SharpBag.Tests.DLL" adapterTypeName="Microsoft.VisualStudio.TestTools.TestTypes.Unit.UnitTestAdapter, Microsoft.VisualStudio.QualityTools.Tips.UnitTest.Adapter, Version=10.0.0.0, Culture=neutral, PublicKeyToken=b03f5f7f11d50a3a" className="SharpBag.ExtensionsTest, SharpBag.Tests, Version=0.0.0.0, Culture=neutral, PublicKeyToken=null" name="As0163238" />
    </UnitTest>
    <UnitTest name="As01405" storage="c:\users\suprdewd\documents\projects\sharpbag\sharpbag.tests\bin\release\sharpbag.tests.dll" id="fd8b4436-5b05-e5cd-4153-53edada97a9b">
      <Execution id="03c36230-a604-47e9-ba92-78f15bfd8cf2" />
      <TestMethod codeBase="C:/Users/SuprDewd/Documents/Projects/SharpBag/SharpBag.Tests/bin/Release/SharpBag.Tests.DLL" adapterTypeName="Microsoft.VisualStudio.TestTools.TestTypes.Unit.UnitTestAdapter, Microsoft.VisualStudio.QualityTools.Tips.UnitTest.Adapter, Version=10.0.0.0, Culture=neutral, PublicKeyToken=b03f5f7f11d50a3a" className="SharpBag.ExtensionsTest, SharpBag.Tests, Version=0.0.0.0, Culture=neutral, PublicKeyToken=null" name="As01405" />
    </UnitTest>
    <UnitTest name="CollatzCount132" storage="c:\users\suprdewd\documents\projects\sharpbag\sharpbag.tests\bin\release\sharpbag.tests.dll" id="87e43b2d-037f-c02a-4ec1-bb30b85b838b">
      <Execution id="b9463abb-cd30-4467-a019-c8699f1583e7" />
      <TestMethod codeBase="C:/Users/SuprDewd/Documents/Projects/SharpBag/SharpBag.Tests/bin/Release/SharpBag.Tests.DLL" adapterTypeName="Microsoft.VisualStudio.TestTools.TestTypes.Unit.UnitTestAdapter, Microsoft.VisualStudio.QualityTools.Tips.UnitTest.Adapter, Version=10.0.0.0, Culture=neutral, PublicKeyToken=b03f5f7f11d50a3a" className="SharpBag.Math.MathExtensionsTest, SharpBag.Tests, Version=0.0.0.0, Culture=neutral, PublicKeyToken=null" name="CollatzCount132" />
    </UnitTest>
    <UnitTest name="As01403" storage="c:\users\suprdewd\documents\projects\sharpbag\sharpbag.tests\bin\release\sharpbag.tests.dll" id="baf4ce3c-1fc7-efc9-3438-7f66d5c18bcf">
      <Execution id="4fdaa8f0-fd6d-430e-9ed3-90c50273031a" />
      <TestMethod codeBase="C:/Users/SuprDewd/Documents/Projects/SharpBag/SharpBag.Tests/bin/Release/SharpBag.Tests.DLL" adapterTypeName="Microsoft.VisualStudio.TestTools.TestTypes.Unit.UnitTestAdapter, Microsoft.VisualStudio.QualityTools.Tips.UnitTest.Adapter, Version=10.0.0.0, Culture=neutral, PublicKeyToken=b03f5f7f11d50a3a" className="SharpBag.ExtensionsTest, SharpBag.Tests, Version=0.0.0.0, Culture=neutral, PublicKeyToken=null" name="As01403" />
    </UnitTest>
    <UnitTest name="As0163237" storage="c:\users\suprdewd\documents\projects\sharpbag\sharpbag.tests\bin\release\sharpbag.tests.dll" id="0c1112ce-06b8-6d36-f7fb-a3574f6e2065">
      <Execution id="7c3b0d39-976b-4fe7-8c76-b8cd6973e785" />
      <TestMethod codeBase="C:/Users/SuprDewd/Documents/Projects/SharpBag/SharpBag.Tests/bin/Release/SharpBag.Tests.DLL" adapterTypeName="Microsoft.VisualStudio.TestTools.TestTypes.Unit.UnitTestAdapter, Microsoft.VisualStudio.QualityTools.Tips.UnitTest.Adapter, Version=10.0.0.0, Culture=neutral, PublicKeyToken=b03f5f7f11d50a3a" className="SharpBag.ExtensionsTest, SharpBag.Tests, Version=0.0.0.0, Culture=neutral, PublicKeyToken=null" name="As0163237" />
    </UnitTest>
    <UnitTest name="UnionAll0233901" storage="c:\users\suprdewd\documents\projects\sharpbag\sharpbag.tests\bin\release\sharpbag.tests.dll" id="4c766330-2a1a-c11f-5958-fa0e45c2a866">
      <Execution id="54e11e8e-6517-4e8a-b764-3d6960b5b2b5" />
      <TestMethod codeBase="C:/Users/SuprDewd/Documents/Projects/SharpBag/SharpBag.Tests/bin/Release/SharpBag.Tests.DLL" adapterTypeName="Microsoft.VisualStudio.TestTools.TestTypes.Unit.UnitTestAdapter, Microsoft.VisualStudio.QualityTools.Tips.UnitTest.Adapter, Version=10.0.0.0, Culture=neutral, PublicKeyToken=b03f5f7f11d50a3a" className="SharpBag.ExtensionsTest, SharpBag.Tests, Version=0.0.0.0, Culture=neutral, PublicKeyToken=null" name="UnionAll0233901" />
    </UnitTest>
    <UnitTest name="Add88505" storage="c:\users\suprdewd\documents\projects\sharpbag\sharpbag.tests\bin\release\sharpbag.tests.dll" id="b82459f8-9193-4181-e1c2-7a58eee94293">
      <Execution id="ef81fe97-62bd-446c-82ab-40aa94f0cc56" />
      <TestMethod codeBase="C:/Users/SuprDewd/Documents/Projects/SharpBag/SharpBag.Tests/bin/Release/SharpBag.Tests.DLL" adapterTypeName="Microsoft.VisualStudio.TestTools.TestTypes.Unit.UnitTestAdapter, Microsoft.VisualStudio.QualityTools.Tips.UnitTest.Adapter, Version=10.0.0.0, Culture=neutral, PublicKeyToken=b03f5f7f11d50a3a" className="SharpBag.ExtensionsTest, SharpBag.Tests, Version=0.0.0.0, Culture=neutral, PublicKeyToken=null" name="Add88505" />
    </UnitTest>
    <UnitTest name="As0163225" storage="c:\users\suprdewd\documents\projects\sharpbag\sharpbag.tests\bin\release\sharpbag.tests.dll" id="2b9734bf-2716-3fbd-907d-b338c9f5816c">
      <Execution id="e81053f3-294b-4a08-9120-e4de82eac5e1" />
      <TestMethod codeBase="C:/Users/SuprDewd/Documents/Projects/SharpBag/SharpBag.Tests/bin/Release/SharpBag.Tests.DLL" adapterTypeName="Microsoft.VisualStudio.TestTools.TestTypes.Unit.UnitTestAdapter, Microsoft.VisualStudio.QualityTools.Tips.UnitTest.Adapter, Version=10.0.0.0, Culture=neutral, PublicKeyToken=b03f5f7f11d50a3a" className="SharpBag.ExtensionsTest, SharpBag.Tests, Version=0.0.0.0, Culture=neutral, PublicKeyToken=null" name="As0163225" />
    </UnitTest>
    <UnitTest name="Add29604" storage="c:\users\suprdewd\documents\projects\sharpbag\sharpbag.tests\bin\release\sharpbag.tests.dll" id="eeb34c89-a7df-f580-faa2-1b58190ee5be">
      <Execution id="56627ce1-c2a9-4bf3-bfda-d22d59fcee94" />
      <TestMethod codeBase="C:/Users/SuprDewd/Documents/Projects/SharpBag/SharpBag.Tests/bin/Release/SharpBag.Tests.DLL" adapterTypeName="Microsoft.VisualStudio.TestTools.TestTypes.Unit.UnitTestAdapter, Microsoft.VisualStudio.QualityTools.Tips.UnitTest.Adapter, Version=10.0.0.0, Culture=neutral, PublicKeyToken=b03f5f7f11d50a3a" className="SharpBag.ExtensionsTest, SharpBag.Tests, Version=0.0.0.0, Culture=neutral, PublicKeyToken=null" name="Add29604" />
    </UnitTest>
    <UnitTest name="Add88501" storage="c:\users\suprdewd\documents\projects\sharpbag\sharpbag.tests\bin\release\sharpbag.tests.dll" id="8795f817-2bb9-9d00-f981-a3a8a2b7335e">
      <Execution id="13b15a1a-db9b-4009-aeeb-cd40333ec50c" />
      <TestMethod codeBase="C:/Users/SuprDewd/Documents/Projects/SharpBag/SharpBag.Tests/bin/Release/SharpBag.Tests.DLL" adapterTypeName="Microsoft.VisualStudio.TestTools.TestTypes.Unit.UnitTestAdapter, Microsoft.VisualStudio.QualityTools.Tips.UnitTest.Adapter, Version=10.0.0.0, Culture=neutral, PublicKeyToken=b03f5f7f11d50a3a" className="SharpBag.ExtensionsTest, SharpBag.Tests, Version=0.0.0.0, Culture=neutral, PublicKeyToken=null" name="Add88501" />
    </UnitTest>
    <UnitTest name="As0163220" storage="c:\users\suprdewd\documents\projects\sharpbag\sharpbag.tests\bin\release\sharpbag.tests.dll" id="e37183df-04ce-aa53-28d5-e792188a2202">
      <Execution id="9d66b460-a900-4063-b8e2-e9cef4b3b494" />
      <TestMethod codeBase="C:/Users/SuprDewd/Documents/Projects/SharpBag/SharpBag.Tests/bin/Release/SharpBag.Tests.DLL" adapterTypeName="Microsoft.VisualStudio.TestTools.TestTypes.Unit.UnitTestAdapter, Microsoft.VisualStudio.QualityTools.Tips.UnitTest.Adapter, Version=10.0.0.0, Culture=neutral, PublicKeyToken=b03f5f7f11d50a3a" className="SharpBag.ExtensionsTest, SharpBag.Tests, Version=0.0.0.0, Culture=neutral, PublicKeyToken=null" name="As0163220" />
    </UnitTest>
    <UnitTest name="As0163231" storage="c:\users\suprdewd\documents\projects\sharpbag\sharpbag.tests\bin\release\sharpbag.tests.dll" id="466bff3f-4c8e-a9c1-50f6-91ffeb15d3a1">
      <Execution id="c47307fd-2ca4-4537-a026-ae6f953c73a0" />
      <TestMethod codeBase="C:/Users/SuprDewd/Documents/Projects/SharpBag/SharpBag.Tests/bin/Release/SharpBag.Tests.DLL" adapterTypeName="Microsoft.VisualStudio.TestTools.TestTypes.Unit.UnitTestAdapter, Microsoft.VisualStudio.QualityTools.Tips.UnitTest.Adapter, Version=10.0.0.0, Culture=neutral, PublicKeyToken=b03f5f7f11d50a3a" className="SharpBag.ExtensionsTest, SharpBag.Tests, Version=0.0.0.0, Culture=neutral, PublicKeyToken=null" name="As0163231" />
    </UnitTest>
    <UnitTest name="ForEach90803" storage="c:\users\suprdewd\documents\projects\sharpbag\sharpbag.tests\bin\release\sharpbag.tests.dll" id="41b53b6b-04c0-c784-5da0-bab31b4fb4d7">
      <Execution id="faed7ee5-264c-48c6-83d2-6139374007d4" />
      <TestMethod codeBase="C:/Users/SuprDewd/Documents/Projects/SharpBag/SharpBag.Tests/bin/Release/SharpBag.Tests.DLL" adapterTypeName="Microsoft.VisualStudio.TestTools.TestTypes.Unit.UnitTestAdapter, Microsoft.VisualStudio.QualityTools.Tips.UnitTest.Adapter, Version=10.0.0.0, Culture=neutral, PublicKeyToken=b03f5f7f11d50a3a" className="SharpBag.ExtensionsTest, SharpBag.Tests, Version=0.0.0.0, Culture=neutral, PublicKeyToken=null" name="ForEach90803" />
    </UnitTest>
    <UnitTest name="As763" storage="c:\users\suprdewd\documents\projects\sharpbag\sharpbag.tests\bin\release\sharpbag.tests.dll" id="808822f6-9c85-0a33-f1f9-4d64c79fb975">
      <Execution id="9a28d732-fe5e-4afd-a72b-7b248879f3dc" />
      <TestMethod codeBase="C:/Users/SuprDewd/Documents/Projects/SharpBag/SharpBag.Tests/bin/Release/SharpBag.Tests.DLL" adapterTypeName="Microsoft.VisualStudio.TestTools.TestTypes.Unit.UnitTestAdapter, Microsoft.VisualStudio.QualityTools.Tips.UnitTest.Adapter, Version=10.0.0.0, Culture=neutral, PublicKeyToken=b03f5f7f11d50a3a" className="SharpBag.ExtensionsTest, SharpBag.Tests, Version=0.0.0.0, Culture=neutral, PublicKeyToken=null" name="As763" />
    </UnitTest>
    <UnitTest name="TakeEveryThrowsContractException368" storage="c:\users\suprdewd\documents\projects\sharpbag\sharpbag.tests\bin\release\sharpbag.tests.dll" id="2ff38794-ad92-1998-3c20-e3ee775a8969">
      <Execution id="0cedb337-1aca-483e-bb03-24fef038c2c6" />
      <TestMethod codeBase="C:/Users/SuprDewd/Documents/Projects/SharpBag/SharpBag.Tests/bin/Release/SharpBag.Tests.DLL" adapterTypeName="Microsoft.VisualStudio.TestTools.TestTypes.Unit.UnitTestAdapter, Microsoft.VisualStudio.QualityTools.Tips.UnitTest.Adapter, Version=10.0.0.0, Culture=neutral, PublicKeyToken=b03f5f7f11d50a3a" className="SharpBag.ExtensionsTest, SharpBag.Tests, Version=0.0.0.0, Culture=neutral, PublicKeyToken=null" name="TakeEveryThrowsContractException368" />
    </UnitTest>
    <UnitTest name="As0163244" storage="c:\users\suprdewd\documents\projects\sharpbag\sharpbag.tests\bin\release\sharpbag.tests.dll" id="aa951c3d-ee4a-9ede-aac2-7e390167d171">
      <Execution id="8491c6e4-1e73-424d-bc35-3fa8649485b3" />
      <TestMethod codeBase="C:/Users/SuprDewd/Documents/Projects/SharpBag/SharpBag.Tests/bin/Release/SharpBag.Tests.DLL" adapterTypeName="Microsoft.VisualStudio.TestTools.TestTypes.Unit.UnitTestAdapter, Microsoft.VisualStudio.QualityTools.Tips.UnitTest.Adapter, Version=10.0.0.0, Culture=neutral, PublicKeyToken=b03f5f7f11d50a3a" className="SharpBag.ExtensionsTest, SharpBag.Tests, Version=0.0.0.0, Culture=neutral, PublicKeyToken=null" name="As0163244" />
    </UnitTest>
    <UnitTest name="AsEnumerable03148" storage="c:\users\suprdewd\documents\projects\sharpbag\sharpbag.tests\bin\release\sharpbag.tests.dll" id="b2aadfc0-b55c-fa15-a9e1-9405ae9a9cc7">
      <Execution id="57fe8940-af28-4987-a146-ff1d583d4d66" />
      <TestMethod codeBase="C:/Users/SuprDewd/Documents/Projects/SharpBag/SharpBag.Tests/bin/Release/SharpBag.Tests.DLL" adapterTypeName="Microsoft.VisualStudio.TestTools.TestTypes.Unit.UnitTestAdapter, Microsoft.VisualStudio.QualityTools.Tips.UnitTest.Adapter, Version=10.0.0.0, Culture=neutral, PublicKeyToken=b03f5f7f11d50a3a" className="SharpBag.ExtensionsTest, SharpBag.Tests, Version=0.0.0.0, Culture=neutral, PublicKeyToken=null" name="AsEnumerable03148" />
    </UnitTest>
    <UnitTest name="NullOr907" storage="c:\users\suprdewd\documents\projects\sharpbag\sharpbag.tests\bin\release\sharpbag.tests.dll" id="1fa5b7ed-be1a-69d3-e35d-61c48c394d37">
      <Execution id="d9b7775e-c24c-4b85-b975-01d0ba207bab" />
      <TestMethod codeBase="C:/Users/SuprDewd/Documents/Projects/SharpBag/SharpBag.Tests/bin/Release/SharpBag.Tests.DLL" adapterTypeName="Microsoft.VisualStudio.TestTools.TestTypes.Unit.UnitTestAdapter, Microsoft.VisualStudio.QualityTools.Tips.UnitTest.Adapter, Version=10.0.0.0, Culture=neutral, PublicKeyToken=b03f5f7f11d50a3a" className="SharpBag.ExtensionsTest, SharpBag.Tests, Version=0.0.0.0, Culture=neutral, PublicKeyToken=null" name="NullOr907" />
    </UnitTest>
    <UnitTest name="ToDictionaryThrowsContractException478" storage="c:\users\suprdewd\documents\projects\sharpbag\sharpbag.tests\bin\release\sharpbag.tests.dll" id="59990ab9-8064-95a7-969b-da2dc269c717">
      <Execution id="e6c6b912-6f56-4dd0-9e3e-c76f0812477c" />
      <TestMethod codeBase="C:/Users/SuprDewd/Documents/Projects/SharpBag/SharpBag.Tests/bin/Release/SharpBag.Tests.DLL" adapterTypeName="Microsoft.VisualStudio.TestTools.TestTypes.Unit.UnitTestAdapter, Microsoft.VisualStudio.QualityTools.Tips.UnitTest.Adapter, Version=10.0.0.0, Culture=neutral, PublicKeyToken=b03f5f7f11d50a3a" className="SharpBag.ExtensionsTest, SharpBag.Tests, Version=0.0.0.0, Culture=neutral, PublicKeyToken=null" name="ToDictionaryThrowsContractException478" />
    </UnitTest>
    <UnitTest name="As0163211" storage="c:\users\suprdewd\documents\projects\sharpbag\sharpbag.tests\bin\release\sharpbag.tests.dll" id="7206ff03-56a7-ec6c-ffc0-c8679263faa3">
      <Execution id="c1188b3b-099b-44a3-8026-daac460e1976" />
      <TestMethod codeBase="C:/Users/SuprDewd/Documents/Projects/SharpBag/SharpBag.Tests/bin/Release/SharpBag.Tests.DLL" adapterTypeName="Microsoft.VisualStudio.TestTools.TestTypes.Unit.UnitTestAdapter, Microsoft.VisualStudio.QualityTools.Tips.UnitTest.Adapter, Version=10.0.0.0, Culture=neutral, PublicKeyToken=b03f5f7f11d50a3a" className="SharpBag.ExtensionsTest, SharpBag.Tests, Version=0.0.0.0, Culture=neutral, PublicKeyToken=null" name="As0163211" />
    </UnitTest>
    <UnitTest name="GetPriorityEnumerator72901" storage="c:\users\suprdewd\documents\projects\sharpbag\sharpbag.tests\bin\release\sharpbag.tests.dll" id="8d13964e-5c5a-1ee4-b9d1-2f111aabda85">
      <Execution id="f04251fd-f82f-4b6b-b783-df40708ed982" />
      <TestMethod codeBase="C:/Users/SuprDewd/Documents/Projects/SharpBag/SharpBag.Tests/bin/Release/SharpBag.Tests.DLL" adapterTypeName="Microsoft.VisualStudio.TestTools.TestTypes.Unit.UnitTestAdapter, Microsoft.VisualStudio.QualityTools.Tips.UnitTest.Adapter, Version=10.0.0.0, Culture=neutral, PublicKeyToken=b03f5f7f11d50a3a" className="SharpBag.Algorithms.PriorityQueueTTest, SharpBag.Tests, Version=0.0.0.0, Culture=neutral, PublicKeyToken=null" name="GetPriorityEnumerator72901" />
    </UnitTest>
    <UnitTest name="As01303" storage="c:\users\suprdewd\documents\projects\sharpbag\sharpbag.tests\bin\release\sharpbag.tests.dll" id="3d3988d3-9563-f144-e6f1-47341372fdea">
      <Execution id="9d62b667-a735-4b73-adae-0fd3f3c4da57" />
      <TestMethod codeBase="C:/Users/SuprDewd/Documents/Projects/SharpBag/SharpBag.Tests/bin/Release/SharpBag.Tests.DLL" adapterTypeName="Microsoft.VisualStudio.TestTools.TestTypes.Unit.UnitTestAdapter, Microsoft.VisualStudio.QualityTools.Tips.UnitTest.Adapter, Version=10.0.0.0, Culture=neutral, PublicKeyToken=b03f5f7f11d50a3a" className="SharpBag.ExtensionsTest, SharpBag.Tests, Version=0.0.0.0, Culture=neutral, PublicKeyToken=null" name="As01303" />
    </UnitTest>
    <UnitTest name="As0163229" storage="c:\users\suprdewd\documents\projects\sharpbag\sharpbag.tests\bin\release\sharpbag.tests.dll" id="c80221bd-ca0a-aa23-6b81-2ed5f20f8d5f">
      <Execution id="dbd17cf9-80fa-4e97-9b55-529cc723bd10" />
      <TestMethod codeBase="C:/Users/SuprDewd/Documents/Projects/SharpBag/SharpBag.Tests/bin/Release/SharpBag.Tests.DLL" adapterTypeName="Microsoft.VisualStudio.TestTools.TestTypes.Unit.UnitTestAdapter, Microsoft.VisualStudio.QualityTools.Tips.UnitTest.Adapter, Version=10.0.0.0, Culture=neutral, PublicKeyToken=b03f5f7f11d50a3a" className="SharpBag.ExtensionsTest, SharpBag.Tests, Version=0.0.0.0, Culture=neutral, PublicKeyToken=null" name="As0163229" />
    </UnitTest>
    <UnitTest name="As0163204" storage="c:\users\suprdewd\documents\projects\sharpbag\sharpbag.tests\bin\release\sharpbag.tests.dll" id="d9b4351c-7a62-1cab-5792-b4bc31c2d3e2">
      <Execution id="dc0f1f86-8b3f-4aa1-a9fd-783194b10527" />
      <TestMethod codeBase="C:/Users/SuprDewd/Documents/Projects/SharpBag/SharpBag.Tests/bin/Release/SharpBag.Tests.DLL" adapterTypeName="Microsoft.VisualStudio.TestTools.TestTypes.Unit.UnitTestAdapter, Microsoft.VisualStudio.QualityTools.Tips.UnitTest.Adapter, Version=10.0.0.0, Culture=neutral, PublicKeyToken=b03f5f7f11d50a3a" className="SharpBag.ExtensionsTest, SharpBag.Tests, Version=0.0.0.0, Culture=neutral, PublicKeyToken=null" name="As0163204" />
    </UnitTest>
    <UnitTest name="Add60904" storage="c:\users\suprdewd\documents\projects\sharpbag\sharpbag.tests\bin\release\sharpbag.tests.dll" id="1cb6fca5-5cbd-75cb-cfee-a358b8315906">
      <Execution id="244050e6-a08a-40bc-9297-69c0a8a1c244" />
      <TestMethod codeBase="C:/Users/SuprDewd/Documents/Projects/SharpBag/SharpBag.Tests/bin/Release/SharpBag.Tests.DLL" adapterTypeName="Microsoft.VisualStudio.TestTools.TestTypes.Unit.UnitTestAdapter, Microsoft.VisualStudio.QualityTools.Tips.UnitTest.Adapter, Version=10.0.0.0, Culture=neutral, PublicKeyToken=b03f5f7f11d50a3a" className="SharpBag.ExtensionsTest, SharpBag.Tests, Version=0.0.0.0, Culture=neutral, PublicKeyToken=null" name="Add60904" />
    </UnitTest>
    <UnitTest name="AsEnumerable02588" storage="c:\users\suprdewd\documents\projects\sharpbag\sharpbag.tests\bin\release\sharpbag.tests.dll" id="099b6629-b323-a9b6-3641-ebce58ee0f7c">
      <Execution id="998bb40e-fc38-49df-91cf-629262c596de" />
      <TestMethod codeBase="C:/Users/SuprDewd/Documents/Projects/SharpBag/SharpBag.Tests/bin/Release/SharpBag.Tests.DLL" adapterTypeName="Microsoft.VisualStudio.TestTools.TestTypes.Unit.UnitTestAdapter, Microsoft.VisualStudio.QualityTools.Tips.UnitTest.Adapter, Version=10.0.0.0, Culture=neutral, PublicKeyToken=b03f5f7f11d50a3a" className="SharpBag.ExtensionsTest, SharpBag.Tests, Version=0.0.0.0, Culture=neutral, PublicKeyToken=null" name="AsEnumerable02588" />
    </UnitTest>
    <UnitTest name="As21503" storage="c:\users\suprdewd\documents\projects\sharpbag\sharpbag.tests\bin\release\sharpbag.tests.dll" id="b03d2b82-a5f5-4a0a-521f-fd9e431b28da">
      <Execution id="780931b6-5aaa-438d-b2ff-9f752f2e21d4" />
      <TestMethod codeBase="C:/Users/SuprDewd/Documents/Projects/SharpBag/SharpBag.Tests/bin/Release/SharpBag.Tests.DLL" adapterTypeName="Microsoft.VisualStudio.TestTools.TestTypes.Unit.UnitTestAdapter, Microsoft.VisualStudio.QualityTools.Tips.UnitTest.Adapter, Version=10.0.0.0, Culture=neutral, PublicKeyToken=b03f5f7f11d50a3a" className="SharpBag.ExtensionsTest, SharpBag.Tests, Version=0.0.0.0, Culture=neutral, PublicKeyToken=null" name="As21503" />
    </UnitTest>
    <UnitTest name="NextBoolThrowsContractException356" storage="c:\users\suprdewd\documents\projects\sharpbag\sharpbag.tests\bin\release\sharpbag.tests.dll" id="5c94f4eb-6c23-cce6-4e00-2079c09ad7c7">
      <Execution id="d3afe93e-4e06-4f0f-85b1-83773f3f8e31" />
      <TestMethod codeBase="C:/Users/SuprDewd/Documents/Projects/SharpBag/SharpBag.Tests/bin/Release/SharpBag.Tests.DLL" adapterTypeName="Microsoft.VisualStudio.TestTools.TestTypes.Unit.UnitTestAdapter, Microsoft.VisualStudio.QualityTools.Tips.UnitTest.Adapter, Version=10.0.0.0, Culture=neutral, PublicKeyToken=b03f5f7f11d50a3a" className="SharpBag.RandomExtensionsTest, SharpBag.Tests, Version=0.0.0.0, Culture=neutral, PublicKeyToken=null" name="NextBoolThrowsContractException356" />
    </UnitTest>
    <UnitTest name="IfNotNull173" storage="c:\users\suprdewd\documents\projects\sharpbag\sharpbag.tests\bin\release\sharpbag.tests.dll" id="7f627b84-c634-6195-b636-ad9c00404c56">
      <Execution id="2493f09b-13e9-499e-b15f-0ad1f3562596" />
      <TestMethod codeBase="C:/Users/SuprDewd/Documents/Projects/SharpBag/SharpBag.Tests/bin/Release/SharpBag.Tests.DLL" adapterTypeName="Microsoft.VisualStudio.TestTools.TestTypes.Unit.UnitTestAdapter, Microsoft.VisualStudio.QualityTools.Tips.UnitTest.Adapter, Version=10.0.0.0, Culture=neutral, PublicKeyToken=b03f5f7f11d50a3a" className="SharpBag.ExtensionsTest, SharpBag.Tests, Version=0.0.0.0, Culture=neutral, PublicKeyToken=null" name="IfNotNull173" />
    </UnitTest>
    <UnitTest name="As568" storage="c:\users\suprdewd\documents\projects\sharpbag\sharpbag.tests\bin\release\sharpbag.tests.dll" id="8dec4c0d-9137-8bca-e823-6edddad67b2a">
      <Execution id="aa2e354a-2676-4ffe-b9a3-8deadf7621c2" />
      <TestMethod codeBase="C:/Users/SuprDewd/Documents/Projects/SharpBag/SharpBag.Tests/bin/Release/SharpBag.Tests.DLL" adapterTypeName="Microsoft.VisualStudio.TestTools.TestTypes.Unit.UnitTestAdapter, Microsoft.VisualStudio.QualityTools.Tips.UnitTest.Adapter, Version=10.0.0.0, Culture=neutral, PublicKeyToken=b03f5f7f11d50a3a" className="SharpBag.ExtensionsTest, SharpBag.Tests, Version=0.0.0.0, Culture=neutral, PublicKeyToken=null" name="As568" />
    </UnitTest>
    <UnitTest name="AsEnumerable0128303" storage="c:\users\suprdewd\documents\projects\sharpbag\sharpbag.tests\bin\release\sharpbag.tests.dll" id="c441e89e-f895-2b6d-e75c-6ac07c647d62">
      <Execution id="c80d867f-3287-49c1-9f9b-51bcc3ecc81a" />
      <TestMethod codeBase="C:/Users/SuprDewd/Documents/Projects/SharpBag/SharpBag.Tests/bin/Release/SharpBag.Tests.DLL" adapterTypeName="Microsoft.VisualStudio.TestTools.TestTypes.Unit.UnitTestAdapter, Microsoft.VisualStudio.QualityTools.Tips.UnitTest.Adapter, Version=10.0.0.0, Culture=neutral, PublicKeyToken=b03f5f7f11d50a3a" className="SharpBag.ExtensionsTest, SharpBag.Tests, Version=0.0.0.0, Culture=neutral, PublicKeyToken=null" name="AsEnumerable0128303" />
    </UnitTest>
    <UnitTest name="IsIn34" storage="c:\users\suprdewd\documents\projects\sharpbag\sharpbag.tests\bin\release\sharpbag.tests.dll" id="6f205f53-5c1d-2d23-0592-7823ba18d3aa">
      <Execution id="2fb12ba5-dfbe-4f27-9929-c3cba2d0e68e" />
      <TestMethod codeBase="C:/Users/SuprDewd/Documents/Projects/SharpBag/SharpBag.Tests/bin/Release/SharpBag.Tests.DLL" adapterTypeName="Microsoft.VisualStudio.TestTools.TestTypes.Unit.UnitTestAdapter, Microsoft.VisualStudio.QualityTools.Tips.UnitTest.Adapter, Version=10.0.0.0, Culture=neutral, PublicKeyToken=b03f5f7f11d50a3a" className="SharpBag.ExtensionsTest, SharpBag.Tests, Version=0.0.0.0, Culture=neutral, PublicKeyToken=null" name="IsIn34" />
    </UnitTest>
    <UnitTest name="ReadLinesFrom335" storage="c:\users\suprdewd\documents\projects\sharpbag\sharpbag.tests\bin\release\sharpbag.tests.dll" id="c6e56d30-e4b1-0266-4be4-81fd81816d37">
      <Execution id="5f6990cd-4135-4d26-9ac4-f9e4a39351ef" />
      <TestMethod codeBase="C:/Users/SuprDewd/Documents/Projects/SharpBag/SharpBag.Tests/bin/Release/SharpBag.Tests.DLL" adapterTypeName="Microsoft.VisualStudio.TestTools.TestTypes.Unit.UnitTestAdapter, Microsoft.VisualStudio.QualityTools.Tips.UnitTest.Adapter, Version=10.0.0.0, Culture=neutral, PublicKeyToken=b03f5f7f11d50a3a" className="SharpBag.UtilsTest, SharpBag.Tests, Version=0.0.0.0, Culture=neutral, PublicKeyToken=null" name="ReadLinesFrom335" />
    </UnitTest>
    <UnitTest name="SubarrayThrowsContractException966" storage="c:\users\suprdewd\documents\projects\sharpbag\sharpbag.tests\bin\release\sharpbag.tests.dll" id="51819a1f-c4ce-ae98-f248-c4cc70983131">
      <Execution id="8e452957-4f3f-4541-a6fa-f26967aad8c4" />
      <TestMethod codeBase="C:/Users/SuprDewd/Documents/Projects/SharpBag/SharpBag.Tests/bin/Release/SharpBag.Tests.DLL" adapterTypeName="Microsoft.VisualStudio.TestTools.TestTypes.Unit.UnitTestAdapter, Microsoft.VisualStudio.QualityTools.Tips.UnitTest.Adapter, Version=10.0.0.0, Culture=neutral, PublicKeyToken=b03f5f7f11d50a3a" className="SharpBag.ExtensionsTest, SharpBag.Tests, Version=0.0.0.0, Culture=neutral, PublicKeyToken=null" name="SubarrayThrowsContractException966" />
    </UnitTest>
    <UnitTest name="Fill105" storage="c:\users\suprdewd\documents\projects\sharpbag\sharpbag.tests\bin\release\sharpbag.tests.dll" id="a51caca7-6a0e-8bea-fb89-3104ddb0e38a">
      <Execution id="be80e83c-ecac-4bd6-aa59-134650b95ea0" />
      <TestMethod codeBase="C:/Users/SuprDewd/Documents/Projects/SharpBag/SharpBag.Tests/bin/Release/SharpBag.Tests.DLL" adapterTypeName="Microsoft.VisualStudio.TestTools.TestTypes.Unit.UnitTestAdapter, Microsoft.VisualStudio.QualityTools.Tips.UnitTest.Adapter, Version=10.0.0.0, Culture=neutral, PublicKeyToken=b03f5f7f11d50a3a" className="SharpBag.ExtensionsTest, SharpBag.Tests, Version=0.0.0.0, Culture=neutral, PublicKeyToken=null" name="Fill105" />
    </UnitTest>
    <UnitTest name="Fill0157105" storage="c:\users\suprdewd\documents\projects\sharpbag\sharpbag.tests\bin\release\sharpbag.tests.dll" id="d654d0fa-e627-5ae5-cf4d-55765a616a3e">
      <Execution id="6e7d78a2-b3eb-4a07-9588-ba6901c3c695" />
      <TestMethod codeBase="C:/Users/SuprDewd/Documents/Projects/SharpBag/SharpBag.Tests/bin/Release/SharpBag.Tests.DLL" adapterTypeName="Microsoft.VisualStudio.TestTools.TestTypes.Unit.UnitTestAdapter, Microsoft.VisualStudio.QualityTools.Tips.UnitTest.Adapter, Version=10.0.0.0, Culture=neutral, PublicKeyToken=b03f5f7f11d50a3a" className="SharpBag.ExtensionsTest, SharpBag.Tests, Version=0.0.0.0, Culture=neutral, PublicKeyToken=null" name="Fill0157105" />
    </UnitTest>
    <UnitTest name="As0166004" storage="c:\users\suprdewd\documents\projects\sharpbag\sharpbag.tests\bin\release\sharpbag.tests.dll" id="97495e35-0952-692a-91b0-3d721dc574e4">
      <Execution id="d9cdc958-15b4-47c6-8b0b-f6974a5c3b41" />
      <TestMethod codeBase="C:/Users/SuprDewd/Documents/Projects/SharpBag/SharpBag.Tests/bin/Release/SharpBag.Tests.DLL" adapterTypeName="Microsoft.VisualStudio.TestTools.TestTypes.Unit.UnitTestAdapter, Microsoft.VisualStudio.QualityTools.Tips.UnitTest.Adapter, Version=10.0.0.0, Culture=neutral, PublicKeyToken=b03f5f7f11d50a3a" className="SharpBag.ExtensionsTest, SharpBag.Tests, Version=0.0.0.0, Culture=neutral, PublicKeyToken=null" name="As0166004" />
    </UnitTest>
    <UnitTest name="As0163226" storage="c:\users\suprdewd\documents\projects\sharpbag\sharpbag.tests\bin\release\sharpbag.tests.dll" id="be772578-3bd6-fe1e-69ad-baa513f62b0b">
      <Execution id="f74118cf-fcf9-429b-9e19-9748c31b7a8d" />
      <TestMethod codeBase="C:/Users/SuprDewd/Documents/Projects/SharpBag/SharpBag.Tests/bin/Release/SharpBag.Tests.DLL" adapterTypeName="Microsoft.VisualStudio.TestTools.TestTypes.Unit.UnitTestAdapter, Microsoft.VisualStudio.QualityTools.Tips.UnitTest.Adapter, Version=10.0.0.0, Culture=neutral, PublicKeyToken=b03f5f7f11d50a3a" className="SharpBag.ExtensionsTest, SharpBag.Tests, Version=0.0.0.0, Culture=neutral, PublicKeyToken=null" name="As0163226" />
    </UnitTest>
    <UnitTest name="Fill0168802" storage="c:\users\suprdewd\documents\projects\sharpbag\sharpbag.tests\bin\release\sharpbag.tests.dll" id="c3e8dcc2-bac7-2a0c-9c06-8dc4838145f3">
      <Execution id="924e84ae-5a63-41c0-a20e-5a9f8325a5e3" />
      <TestMethod codeBase="C:/Users/SuprDewd/Documents/Projects/SharpBag/SharpBag.Tests/bin/Release/SharpBag.Tests.DLL" adapterTypeName="Microsoft.VisualStudio.TestTools.TestTypes.Unit.UnitTestAdapter, Microsoft.VisualStudio.QualityTools.Tips.UnitTest.Adapter, Version=10.0.0.0, Culture=neutral, PublicKeyToken=b03f5f7f11d50a3a" className="SharpBag.ExtensionsTest, SharpBag.Tests, Version=0.0.0.0, Culture=neutral, PublicKeyToken=null" name="Fill0168802" />
    </UnitTest>
    <UnitTest name="Add29605" storage="c:\users\suprdewd\documents\projects\sharpbag\sharpbag.tests\bin\release\sharpbag.tests.dll" id="f508d895-6987-1ba4-4750-b5ae512c4eca">
      <Execution id="2c4d5811-5442-4366-8ffd-e56165df885d" />
      <TestMethod codeBase="C:/Users/SuprDewd/Documents/Projects/SharpBag/SharpBag.Tests/bin/Release/SharpBag.Tests.DLL" adapterTypeName="Microsoft.VisualStudio.TestTools.TestTypes.Unit.UnitTestAdapter, Microsoft.VisualStudio.QualityTools.Tips.UnitTest.Adapter, Version=10.0.0.0, Culture=neutral, PublicKeyToken=b03f5f7f11d50a3a" className="SharpBag.ExtensionsTest, SharpBag.Tests, Version=0.0.0.0, Culture=neutral, PublicKeyToken=null" name="Add29605" />
    </UnitTest>
    <UnitTest name="As21507" storage="c:\users\suprdewd\documents\projects\sharpbag\sharpbag.tests\bin\release\sharpbag.tests.dll" id="1a1204f8-80dc-63b9-41bb-196d59b5bd9c">
      <Execution id="07ed959c-0e49-428c-8cb9-fc77699079e1" />
      <TestMethod codeBase="C:/Users/SuprDewd/Documents/Projects/SharpBag/SharpBag.Tests/bin/Release/SharpBag.Tests.DLL" adapterTypeName="Microsoft.VisualStudio.TestTools.TestTypes.Unit.UnitTestAdapter, Microsoft.VisualStudio.QualityTools.Tips.UnitTest.Adapter, Version=10.0.0.0, Culture=neutral, PublicKeyToken=b03f5f7f11d50a3a" className="SharpBag.ExtensionsTest, SharpBag.Tests, Version=0.0.0.0, Culture=neutral, PublicKeyToken=null" name="As21507" />
    </UnitTest>
    <UnitTest name="As21502" storage="c:\users\suprdewd\documents\projects\sharpbag\sharpbag.tests\bin\release\sharpbag.tests.dll" id="7896ac03-38fd-b99c-d27e-6cbd208a3f1e">
      <Execution id="50ff0ea6-859f-41ca-acd4-b0bf678d0a83" />
      <TestMethod codeBase="C:/Users/SuprDewd/Documents/Projects/SharpBag/SharpBag.Tests/bin/Release/SharpBag.Tests.DLL" adapterTypeName="Microsoft.VisualStudio.TestTools.TestTypes.Unit.UnitTestAdapter, Microsoft.VisualStudio.QualityTools.Tips.UnitTest.Adapter, Version=10.0.0.0, Culture=neutral, PublicKeyToken=b03f5f7f11d50a3a" className="SharpBag.ExtensionsTest, SharpBag.Tests, Version=0.0.0.0, Culture=neutral, PublicKeyToken=null" name="As21502" />
    </UnitTest>
    <UnitTest name="As0163243" storage="c:\users\suprdewd\documents\projects\sharpbag\sharpbag.tests\bin\release\sharpbag.tests.dll" id="4fbb91c1-c965-1543-022c-12856d2ae5ad">
      <Execution id="583ef911-6b3e-472d-9105-f9606ef1aec1" />
      <TestMethod codeBase="C:/Users/SuprDewd/Documents/Projects/SharpBag/SharpBag.Tests/bin/Release/SharpBag.Tests.DLL" adapterTypeName="Microsoft.VisualStudio.TestTools.TestTypes.Unit.UnitTestAdapter, Microsoft.VisualStudio.QualityTools.Tips.UnitTest.Adapter, Version=10.0.0.0, Culture=neutral, PublicKeyToken=b03f5f7f11d50a3a" className="SharpBag.ExtensionsTest, SharpBag.Tests, Version=0.0.0.0, Culture=neutral, PublicKeyToken=null" name="As0163243" />
    </UnitTest>
    <UnitTest name="AsEnumerable0258805" storage="c:\users\suprdewd\documents\projects\sharpbag\sharpbag.tests\bin\release\sharpbag.tests.dll" id="5c5adf85-1214-e9f8-047f-44815dc050b1">
      <Execution id="6bb63667-59af-4549-bf72-bd41f45ca551" />
      <TestMethod codeBase="C:/Users/SuprDewd/Documents/Projects/SharpBag/SharpBag.Tests/bin/Release/SharpBag.Tests.DLL" adapterTypeName="Microsoft.VisualStudio.TestTools.TestTypes.Unit.UnitTestAdapter, Microsoft.VisualStudio.QualityTools.Tips.UnitTest.Adapter, Version=10.0.0.0, Culture=neutral, PublicKeyToken=b03f5f7f11d50a3a" className="SharpBag.ExtensionsTest, SharpBag.Tests, Version=0.0.0.0, Culture=neutral, PublicKeyToken=null" name="AsEnumerable0258805" />
    </UnitTest>
    <UnitTest name="As01321" storage="c:\users\suprdewd\documents\projects\sharpbag\sharpbag.tests\bin\release\sharpbag.tests.dll" id="ec491029-dab5-3481-ec80-f35631103905">
      <Execution id="c08540ce-e2c9-48e2-8403-d56a2fa7fec2" />
      <TestMethod codeBase="C:/Users/SuprDewd/Documents/Projects/SharpBag/SharpBag.Tests/bin/Release/SharpBag.Tests.DLL" adapterTypeName="Microsoft.VisualStudio.TestTools.TestTypes.Unit.UnitTestAdapter, Microsoft.VisualStudio.QualityTools.Tips.UnitTest.Adapter, Version=10.0.0.0, Culture=neutral, PublicKeyToken=b03f5f7f11d50a3a" className="SharpBag.ExtensionsTest, SharpBag.Tests, Version=0.0.0.0, Culture=neutral, PublicKeyToken=null" name="As01321" />
    </UnitTest>
    <UnitTest name="ReadLinesFromThrowsContractException838" storage="c:\users\suprdewd\documents\projects\sharpbag\sharpbag.tests\bin\release\sharpbag.tests.dll" id="29c9ba2a-8918-92c1-edbc-ad1fd40c77e1">
      <Execution id="0e3c9bf6-7d78-4be9-a64b-f077286aa3e8" />
      <TestMethod codeBase="C:/Users/SuprDewd/Documents/Projects/SharpBag/SharpBag.Tests/bin/Release/SharpBag.Tests.DLL" adapterTypeName="Microsoft.VisualStudio.TestTools.TestTypes.Unit.UnitTestAdapter, Microsoft.VisualStudio.QualityTools.Tips.UnitTest.Adapter, Version=10.0.0.0, Culture=neutral, PublicKeyToken=b03f5f7f11d50a3a" className="SharpBag.UtilsTest, SharpBag.Tests, Version=0.0.0.0, Culture=neutral, PublicKeyToken=null" name="ReadLinesFromThrowsContractException838" />
    </UnitTest>
    <UnitTest name="Iter96003" storage="c:\users\suprdewd\documents\projects\sharpbag\sharpbag.tests\bin\release\sharpbag.tests.dll" id="9bfa0b14-def6-4233-8f09-efbae74ca192">
      <Execution id="e15ff8ee-9101-4a7e-be38-c4fc8c116bf3" />
      <TestMethod codeBase="C:/Users/SuprDewd/Documents/Projects/SharpBag/SharpBag.Tests/bin/Release/SharpBag.Tests.DLL" adapterTypeName="Microsoft.VisualStudio.TestTools.TestTypes.Unit.UnitTestAdapter, Microsoft.VisualStudio.QualityTools.Tips.UnitTest.Adapter, Version=10.0.0.0, Culture=neutral, PublicKeyToken=b03f5f7f11d50a3a" className="SharpBag.ExtensionsTest, SharpBag.Tests, Version=0.0.0.0, Culture=neutral, PublicKeyToken=null" name="Iter96003" />
    </UnitTest>
    <UnitTest name="ForEach12501" storage="c:\users\suprdewd\documents\projects\sharpbag\sharpbag.tests\bin\release\sharpbag.tests.dll" id="8a248c8c-38d6-117a-cb08-bb2fddeae117">
      <Execution id="ac079c18-1b74-4229-a948-446a2ee7b803" />
      <TestMethod codeBase="C:/Users/SuprDewd/Documents/Projects/SharpBag/SharpBag.Tests/bin/Release/SharpBag.Tests.DLL" adapterTypeName="Microsoft.VisualStudio.TestTools.TestTypes.Unit.UnitTestAdapter, Microsoft.VisualStudio.QualityTools.Tips.UnitTest.Adapter, Version=10.0.0.0, Culture=neutral, PublicKeyToken=b03f5f7f11d50a3a" className="SharpBag.ExtensionsTest, SharpBag.Tests, Version=0.0.0.0, Culture=neutral, PublicKeyToken=null" name="ForEach12501" />
    </UnitTest>
    <UnitTest name="As21520" storage="c:\users\suprdewd\documents\projects\sharpbag\sharpbag.tests\bin\release\sharpbag.tests.dll" id="585eea8b-8fa4-71e8-9d43-5274aef9fa35">
      <Execution id="0e87c152-12f7-4c28-b4aa-b8698f05269d" />
      <TestMethod codeBase="C:/Users/SuprDewd/Documents/Projects/SharpBag/SharpBag.Tests/bin/Release/SharpBag.Tests.DLL" adapterTypeName="Microsoft.VisualStudio.TestTools.TestTypes.Unit.UnitTestAdapter, Microsoft.VisualStudio.QualityTools.Tips.UnitTest.Adapter, Version=10.0.0.0, Culture=neutral, PublicKeyToken=b03f5f7f11d50a3a" className="SharpBag.ExtensionsTest, SharpBag.Tests, Version=0.0.0.0, Culture=neutral, PublicKeyToken=null" name="As21520" />
    </UnitTest>
    <UnitTest name="As0163239" storage="c:\users\suprdewd\documents\projects\sharpbag\sharpbag.tests\bin\release\sharpbag.tests.dll" id="91ad74e2-7f98-39c5-b2ac-d6979eb1e521">
      <Execution id="5a5d9631-15c4-42fb-b708-a798419a2acc" />
      <TestMethod codeBase="C:/Users/SuprDewd/Documents/Projects/SharpBag/SharpBag.Tests/bin/Release/SharpBag.Tests.DLL" adapterTypeName="Microsoft.VisualStudio.TestTools.TestTypes.Unit.UnitTestAdapter, Microsoft.VisualStudio.QualityTools.Tips.UnitTest.Adapter, Version=10.0.0.0, Culture=neutral, PublicKeyToken=b03f5f7f11d50a3a" className="SharpBag.ExtensionsTest, SharpBag.Tests, Version=0.0.0.0, Culture=neutral, PublicKeyToken=null" name="As0163239" />
    </UnitTest>
    <UnitTest name="As0132106" storage="c:\users\suprdewd\documents\projects\sharpbag\sharpbag.tests\bin\release\sharpbag.tests.dll" id="de9d9ca9-6d6f-fece-a7ad-0d011ee5cf94">
      <Execution id="0081a8da-5db4-4e81-8d57-4f1d7fa1d37b" />
      <TestMethod codeBase="C:/Users/SuprDewd/Documents/Projects/SharpBag/SharpBag.Tests/bin/Release/SharpBag.Tests.DLL" adapterTypeName="Microsoft.VisualStudio.TestTools.TestTypes.Unit.UnitTestAdapter, Microsoft.VisualStudio.QualityTools.Tips.UnitTest.Adapter, Version=10.0.0.0, Culture=neutral, PublicKeyToken=b03f5f7f11d50a3a" className="SharpBag.ExtensionsTest, SharpBag.Tests, Version=0.0.0.0, Culture=neutral, PublicKeyToken=null" name="As0132106" />
    </UnitTest>
    <UnitTest name="AsEnumerable0314804" storage="c:\users\suprdewd\documents\projects\sharpbag\sharpbag.tests\bin\release\sharpbag.tests.dll" id="787c2aca-5007-7e56-5e10-28020b3be468">
      <Execution id="0954447d-221f-4442-9bd6-683a1e94cff4" />
      <TestMethod codeBase="C:/Users/SuprDewd/Documents/Projects/SharpBag/SharpBag.Tests/bin/Release/SharpBag.Tests.DLL" adapterTypeName="Microsoft.VisualStudio.TestTools.TestTypes.Unit.UnitTestAdapter, Microsoft.VisualStudio.QualityTools.Tips.UnitTest.Adapter, Version=10.0.0.0, Culture=neutral, PublicKeyToken=b03f5f7f11d50a3a" className="SharpBag.ExtensionsTest, SharpBag.Tests, Version=0.0.0.0, Culture=neutral, PublicKeyToken=null" name="AsEnumerable0314804" />
    </UnitTest>
    <UnitTest name="As0163248" storage="c:\users\suprdewd\documents\projects\sharpbag\sharpbag.tests\bin\release\sharpbag.tests.dll" id="21fd8c5c-e865-d794-56d0-ebbbdfae46d7">
      <Execution id="780339eb-4218-4c1c-bb04-5ea61cf1ebe0" />
      <TestMethod codeBase="C:/Users/SuprDewd/Documents/Projects/SharpBag/SharpBag.Tests/bin/Release/SharpBag.Tests.DLL" adapterTypeName="Microsoft.VisualStudio.TestTools.TestTypes.Unit.UnitTestAdapter, Microsoft.VisualStudio.QualityTools.Tips.UnitTest.Adapter, Version=10.0.0.0, Culture=neutral, PublicKeyToken=b03f5f7f11d50a3a" className="SharpBag.ExtensionsTest, SharpBag.Tests, Version=0.0.0.0, Culture=neutral, PublicKeyToken=null" name="As0163248" />
    </UnitTest>
    <UnitTest name="Take01738" storage="c:\users\suprdewd\documents\projects\sharpbag\sharpbag.tests\bin\release\sharpbag.tests.dll" id="91b6a0d5-596c-fd10-e624-2b129cb96b28">
      <Execution id="a7366939-6353-4919-8c58-c46a9bf1d268" />
      <TestMethod codeBase="C:/Users/SuprDewd/Documents/Projects/SharpBag/SharpBag.Tests/bin/Release/SharpBag.Tests.DLL" adapterTypeName="Microsoft.VisualStudio.TestTools.TestTypes.Unit.UnitTestAdapter, Microsoft.VisualStudio.QualityTools.Tips.UnitTest.Adapter, Version=10.0.0.0, Culture=neutral, PublicKeyToken=b03f5f7f11d50a3a" className="SharpBag.ExtensionsTest, SharpBag.Tests, Version=0.0.0.0, Culture=neutral, PublicKeyToken=null" name="Take01738" />
    </UnitTest>
    <UnitTest name="UnionAll02ThrowsContractException903" storage="c:\users\suprdewd\documents\projects\sharpbag\sharpbag.tests\bin\release\sharpbag.tests.dll" id="49b4e1b0-9a60-f1f3-7d8e-e1f63ecc7d50">
      <Execution id="92811609-c095-49e8-8f83-58911f782a0c" />
      <TestMethod codeBase="C:/Users/SuprDewd/Documents/Projects/SharpBag/SharpBag.Tests/bin/Release/SharpBag.Tests.DLL" adapterTypeName="Microsoft.VisualStudio.TestTools.TestTypes.Unit.UnitTestAdapter, Microsoft.VisualStudio.QualityTools.Tips.UnitTest.Adapter, Version=10.0.0.0, Culture=neutral, PublicKeyToken=b03f5f7f11d50a3a" className="SharpBag.ExtensionsTest, SharpBag.Tests, Version=0.0.0.0, Culture=neutral, PublicKeyToken=null" name="UnionAll02ThrowsContractException903" />
    </UnitTest>
    <UnitTest name="ForEach78805" storage="c:\users\suprdewd\documents\projects\sharpbag\sharpbag.tests\bin\release\sharpbag.tests.dll" id="d049d90a-3dba-26cb-52eb-d9fac6863bbe">
      <Execution id="bb2796cb-e412-4be9-a016-51aa716ed42b" />
      <TestMethod codeBase="C:/Users/SuprDewd/Documents/Projects/SharpBag/SharpBag.Tests/bin/Release/SharpBag.Tests.DLL" adapterTypeName="Microsoft.VisualStudio.TestTools.TestTypes.Unit.UnitTestAdapter, Microsoft.VisualStudio.QualityTools.Tips.UnitTest.Adapter, Version=10.0.0.0, Culture=neutral, PublicKeyToken=b03f5f7f11d50a3a" className="SharpBag.ExtensionsTest, SharpBag.Tests, Version=0.0.0.0, Culture=neutral, PublicKeyToken=null" name="ForEach78805" />
    </UnitTest>
    <UnitTest name="As0198301" storage="c:\users\suprdewd\documents\projects\sharpbag\sharpbag.tests\bin\release\sharpbag.tests.dll" id="43271b50-9462-4bb7-5e78-3783a2d68504">
      <Execution id="5f82f691-eca2-4bc8-b78d-6e0af37aca3f" />
      <TestMethod codeBase="C:/Users/SuprDewd/Documents/Projects/SharpBag/SharpBag.Tests/bin/Release/SharpBag.Tests.DLL" adapterTypeName="Microsoft.VisualStudio.TestTools.TestTypes.Unit.UnitTestAdapter, Microsoft.VisualStudio.QualityTools.Tips.UnitTest.Adapter, Version=10.0.0.0, Culture=neutral, PublicKeyToken=b03f5f7f11d50a3a" className="SharpBag.ExtensionsTest, SharpBag.Tests, Version=0.0.0.0, Culture=neutral, PublicKeyToken=null" name="As0198301" />
    </UnitTest>
    <UnitTest name="Subarray709" storage="c:\users\suprdewd\documents\projects\sharpbag\sharpbag.tests\bin\release\sharpbag.tests.dll" id="04c53adc-df51-85a8-3dcb-278e962fc112">
      <Execution id="4f889dec-04fd-40d4-872e-cc29ed06ee05" />
      <TestMethod codeBase="C:/Users/SuprDewd/Documents/Projects/SharpBag/SharpBag.Tests/bin/Release/SharpBag.Tests.DLL" adapterTypeName="Microsoft.VisualStudio.TestTools.TestTypes.Unit.UnitTestAdapter, Microsoft.VisualStudio.QualityTools.Tips.UnitTest.Adapter, Version=10.0.0.0, Culture=neutral, PublicKeyToken=b03f5f7f11d50a3a" className="SharpBag.ExtensionsTest, SharpBag.Tests, Version=0.0.0.0, Culture=neutral, PublicKeyToken=null" name="Subarray709" />
    </UnitTest>
    <UnitTest name="ExecutionTime01ThrowsContractException363" storage="c:\users\suprdewd\documents\projects\sharpbag\sharpbag.tests\bin\release\sharpbag.tests.dll" id="382f1a18-8c5b-b8b8-72e6-323b201ac9b0">
      <Execution id="f29fd986-ab00-49f8-b533-331e12273674" />
      <TestMethod codeBase="C:/Users/SuprDewd/Documents/Projects/SharpBag/SharpBag.Tests/bin/Release/SharpBag.Tests.DLL" adapterTypeName="Microsoft.VisualStudio.TestTools.TestTypes.Unit.UnitTestAdapter, Microsoft.VisualStudio.QualityTools.Tips.UnitTest.Adapter, Version=10.0.0.0, Culture=neutral, PublicKeyToken=b03f5f7f11d50a3a" className="SharpBag.UtilsTest, SharpBag.Tests, Version=0.0.0.0, Culture=neutral, PublicKeyToken=null" name="ExecutionTime01ThrowsContractException363" />
    </UnitTest>
    <UnitTest name="FromEnumerator55" storage="c:\users\suprdewd\documents\projects\sharpbag\sharpbag.tests\bin\release\sharpbag.tests.dll" id="be5f5722-e49c-2552-3b23-55e7eba52bdb">
      <Execution id="d132908f-aa54-481d-ba8c-6be2b74e4f92" />
      <TestMethod codeBase="C:/Users/SuprDewd/Documents/Projects/SharpBag/SharpBag.Tests/bin/Release/SharpBag.Tests.DLL" adapterTypeName="Microsoft.VisualStudio.TestTools.TestTypes.Unit.UnitTestAdapter, Microsoft.VisualStudio.QualityTools.Tips.UnitTest.Adapter, Version=10.0.0.0, Culture=neutral, PublicKeyToken=b03f5f7f11d50a3a" className="SharpBag.UtilsTest, SharpBag.Tests, Version=0.0.0.0, Culture=neutral, PublicKeyToken=null" name="FromEnumerator55" />
    </UnitTest>
    <UnitTest name="As0132103" storage="c:\users\suprdewd\documents\projects\sharpbag\sharpbag.tests\bin\release\sharpbag.tests.dll" id="0c58cf0b-ac72-a134-206f-98daff22c7f5">
      <Execution id="6568f6b4-ad99-4424-a652-cf7d4ccb7987" />
      <TestMethod codeBase="C:/Users/SuprDewd/Documents/Projects/SharpBag/SharpBag.Tests/bin/Release/SharpBag.Tests.DLL" adapterTypeName="Microsoft.VisualStudio.TestTools.TestTypes.Unit.UnitTestAdapter, Microsoft.VisualStudio.QualityTools.Tips.UnitTest.Adapter, Version=10.0.0.0, Culture=neutral, PublicKeyToken=b03f5f7f11d50a3a" className="SharpBag.ExtensionsTest, SharpBag.Tests, Version=0.0.0.0, Culture=neutral, PublicKeyToken=null" name="As0132103" />
    </UnitTest>
    <UnitTest name="Random43101" storage="c:\users\suprdewd\documents\projects\sharpbag\sharpbag.tests\bin\release\sharpbag.tests.dll" id="1281f517-45b5-6723-bc3e-71da88a02141">
      <Execution id="6c9a25ba-2417-4340-acb5-3889a9e0f784" />
      <TestMethod codeBase="C:/Users/SuprDewd/Documents/Projects/SharpBag/SharpBag.Tests/bin/Release/SharpBag.Tests.DLL" adapterTypeName="Microsoft.VisualStudio.TestTools.TestTypes.Unit.UnitTestAdapter, Microsoft.VisualStudio.QualityTools.Tips.UnitTest.Adapter, Version=10.0.0.0, Culture=neutral, PublicKeyToken=b03f5f7f11d50a3a" className="SharpBag.ExtensionsTest, SharpBag.Tests, Version=0.0.0.0, Culture=neutral, PublicKeyToken=null" name="Random43101" />
    </UnitTest>
    <UnitTest name="UnionAll0135501" storage="c:\users\suprdewd\documents\projects\sharpbag\sharpbag.tests\bin\release\sharpbag.tests.dll" id="640310df-d648-7294-c434-32af677c30c3">
      <Execution id="35c7cfd6-e35f-4877-b737-79b8d14e67bf" />
      <TestMethod codeBase="C:/Users/SuprDewd/Documents/Projects/SharpBag/SharpBag.Tests/bin/Release/SharpBag.Tests.DLL" adapterTypeName="Microsoft.VisualStudio.TestTools.TestTypes.Unit.UnitTestAdapter, Microsoft.VisualStudio.QualityTools.Tips.UnitTest.Adapter, Version=10.0.0.0, Culture=neutral, PublicKeyToken=b03f5f7f11d50a3a" className="SharpBag.ExtensionsTest, SharpBag.Tests, Version=0.0.0.0, Culture=neutral, PublicKeyToken=null" name="UnionAll0135501" />
    </UnitTest>
    <UnitTest name="As0163210" storage="c:\users\suprdewd\documents\projects\sharpbag\sharpbag.tests\bin\release\sharpbag.tests.dll" id="ab4705e8-14a4-6e9f-baf9-e3d238e84cf8">
      <Execution id="3d0dc85c-af91-4985-ae32-a90a9b104aea" />
      <TestMethod codeBase="C:/Users/SuprDewd/Documents/Projects/SharpBag/SharpBag.Tests/bin/Release/SharpBag.Tests.DLL" adapterTypeName="Microsoft.VisualStudio.TestTools.TestTypes.Unit.UnitTestAdapter, Microsoft.VisualStudio.QualityTools.Tips.UnitTest.Adapter, Version=10.0.0.0, Culture=neutral, PublicKeyToken=b03f5f7f11d50a3a" className="SharpBag.ExtensionsTest, SharpBag.Tests, Version=0.0.0.0, Culture=neutral, PublicKeyToken=null" name="As0163210" />
    </UnitTest>
    <UnitTest name="GetByPercent562" storage="c:\users\suprdewd\documents\projects\sharpbag\sharpbag.tests\bin\release\sharpbag.tests.dll" id="2e107be2-e3af-1a8b-fb4b-bdb5534db4b8">
      <Execution id="37263557-6569-4949-9586-f91efacdcbb2" />
      <TestMethod codeBase="C:/Users/SuprDewd/Documents/Projects/SharpBag/SharpBag.Tests/bin/Release/SharpBag.Tests.DLL" adapterTypeName="Microsoft.VisualStudio.TestTools.TestTypes.Unit.UnitTestAdapter, Microsoft.VisualStudio.QualityTools.Tips.UnitTest.Adapter, Version=10.0.0.0, Culture=neutral, PublicKeyToken=b03f5f7f11d50a3a" className="SharpBag.ExtensionsTest, SharpBag.Tests, Version=0.0.0.0, Culture=neutral, PublicKeyToken=null" name="GetByPercent562" />
    </UnitTest>
    <UnitTest name="If79" storage="c:\users\suprdewd\documents\projects\sharpbag\sharpbag.tests\bin\release\sharpbag.tests.dll" id="18234ca5-6af0-1355-5140-f92645f28e01">
      <Execution id="9f184506-24ae-4e3d-8090-22017393a6cc" />
      <TestMethod codeBase="C:/Users/SuprDewd/Documents/Projects/SharpBag/SharpBag.Tests/bin/Release/SharpBag.Tests.DLL" adapterTypeName="Microsoft.VisualStudio.TestTools.TestTypes.Unit.UnitTestAdapter, Microsoft.VisualStudio.QualityTools.Tips.UnitTest.Adapter, Version=10.0.0.0, Culture=neutral, PublicKeyToken=b03f5f7f11d50a3a" className="SharpBag.ExtensionsTest, SharpBag.Tests, Version=0.0.0.0, Culture=neutral, PublicKeyToken=null" name="If79" />
    </UnitTest>
    <UnitTest name="AsEnumerable01ThrowsContractException781" storage="c:\users\suprdewd\documents\projects\sharpbag\sharpbag.tests\bin\release\sharpbag.tests.dll" id="c3d74631-4198-0bf7-31b4-c57e4e43d97c">
      <Execution id="80e6420d-4f03-4dda-aa0a-0afebfc65064" />
      <TestMethod codeBase="C:/Users/SuprDewd/Documents/Projects/SharpBag/SharpBag.Tests/bin/Release/SharpBag.Tests.DLL" adapterTypeName="Microsoft.VisualStudio.TestTools.TestTypes.Unit.UnitTestAdapter, Microsoft.VisualStudio.QualityTools.Tips.UnitTest.Adapter, Version=10.0.0.0, Culture=neutral, PublicKeyToken=b03f5f7f11d50a3a" className="SharpBag.ExtensionsTest, SharpBag.Tests, Version=0.0.0.0, Culture=neutral, PublicKeyToken=null" name="AsEnumerable01ThrowsContractException781" />
    </UnitTest>
    <UnitTest name="ToThrowsContractException88" storage="c:\users\suprdewd\documents\projects\sharpbag\sharpbag.tests\bin\release\sharpbag.tests.dll" id="06856cc0-d338-2fce-b65e-89181f957a9c">
      <Execution id="14a7a4b9-ce00-4347-8f5f-c1b7af683baf" />
      <TestMethod codeBase="C:/Users/SuprDewd/Documents/Projects/SharpBag/SharpBag.Tests/bin/Release/SharpBag.Tests.DLL" adapterTypeName="Microsoft.VisualStudio.TestTools.TestTypes.Unit.UnitTestAdapter, Microsoft.VisualStudio.QualityTools.Tips.UnitTest.Adapter, Version=10.0.0.0, Culture=neutral, PublicKeyToken=b03f5f7f11d50a3a" className="SharpBag.ExtensionsTest, SharpBag.Tests, Version=0.0.0.0, Culture=neutral, PublicKeyToken=null" name="ToThrowsContractException88" />
    </UnitTest>
    <UnitTest name="ForEach12505" storage="c:\users\suprdewd\documents\projects\sharpbag\sharpbag.tests\bin\release\sharpbag.tests.dll" id="4c6a72c8-f168-62bf-d7c0-83140d0efec5">
      <Execution id="4a37c58f-6501-4302-9c98-2a386e638425" />
      <TestMethod codeBase="C:/Users/SuprDewd/Documents/Projects/SharpBag/SharpBag.Tests/bin/Release/SharpBag.Tests.DLL" adapterTypeName="Microsoft.VisualStudio.TestTools.TestTypes.Unit.UnitTestAdapter, Microsoft.VisualStudio.QualityTools.Tips.UnitTest.Adapter, Version=10.0.0.0, Culture=neutral, PublicKeyToken=b03f5f7f11d50a3a" className="SharpBag.ExtensionsTest, SharpBag.Tests, Version=0.0.0.0, Culture=neutral, PublicKeyToken=null" name="ForEach12505" />
    </UnitTest>
    <UnitTest name="As0163203" storage="c:\users\suprdewd\documents\projects\sharpbag\sharpbag.tests\bin\release\sharpbag.tests.dll" id="4796da93-05be-09dc-4928-16eafddcfcc3">
      <Execution id="12197d0a-6023-4d9f-ba7f-586cb504ce9a" />
      <TestMethod codeBase="C:/Users/SuprDewd/Documents/Projects/SharpBag/SharpBag.Tests/bin/Release/SharpBag.Tests.DLL" adapterTypeName="Microsoft.VisualStudio.TestTools.TestTypes.Unit.UnitTestAdapter, Microsoft.VisualStudio.QualityTools.Tips.UnitTest.Adapter, Version=10.0.0.0, Culture=neutral, PublicKeyToken=b03f5f7f11d50a3a" className="SharpBag.ExtensionsTest, SharpBag.Tests, Version=0.0.0.0, Culture=neutral, PublicKeyToken=null" name="As0163203" />
    </UnitTest>
    <UnitTest name="As01367" storage="c:\users\suprdewd\documents\projects\sharpbag\sharpbag.tests\bin\release\sharpbag.tests.dll" id="3e37c17d-90fa-e89c-9aa5-d591fc3b0dec">
      <Execution id="c1f404d7-f04e-42a1-9687-99bd5428851b" />
      <TestMethod codeBase="C:/Users/SuprDewd/Documents/Projects/SharpBag/SharpBag.Tests/bin/Release/SharpBag.Tests.DLL" adapterTypeName="Microsoft.VisualStudio.TestTools.TestTypes.Unit.UnitTestAdapter, Microsoft.VisualStudio.QualityTools.Tips.UnitTest.Adapter, Version=10.0.0.0, Culture=neutral, PublicKeyToken=b03f5f7f11d50a3a" className="SharpBag.ExtensionsTest, SharpBag.Tests, Version=0.0.0.0, Culture=neutral, PublicKeyToken=null" name="As01367" />
    </UnitTest>
    <UnitTest name="ForEachThrowsContractException615" storage="c:\users\suprdewd\documents\projects\sharpbag\sharpbag.tests\bin\release\sharpbag.tests.dll" id="876b3f41-8b66-5cdb-8b9f-ad4f6f6688fd">
      <Execution id="25cd86bb-7c4e-4197-94da-b58e568d40c0" />
      <TestMethod codeBase="C:/Users/SuprDewd/Documents/Projects/SharpBag/SharpBag.Tests/bin/Release/SharpBag.Tests.DLL" adapterTypeName="Microsoft.VisualStudio.TestTools.TestTypes.Unit.UnitTestAdapter, Microsoft.VisualStudio.QualityTools.Tips.UnitTest.Adapter, Version=10.0.0.0, Culture=neutral, PublicKeyToken=b03f5f7f11d50a3a" className="SharpBag.ExtensionsTest, SharpBag.Tests, Version=0.0.0.0, Culture=neutral, PublicKeyToken=null" name="ForEachThrowsContractException615" />
    </UnitTest>
    <UnitTest name="SubarrayThrowsContractException304" storage="c:\users\suprdewd\documents\projects\sharpbag\sharpbag.tests\bin\release\sharpbag.tests.dll" id="23289518-cff6-51c7-cbca-8f7fc69c7429">
      <Execution id="6df99944-7556-4af9-932c-55507a2931a4" />
      <TestMethod codeBase="C:/Users/SuprDewd/Documents/Projects/SharpBag/SharpBag.Tests/bin/Release/SharpBag.Tests.DLL" adapterTypeName="Microsoft.VisualStudio.TestTools.TestTypes.Unit.UnitTestAdapter, Microsoft.VisualStudio.QualityTools.Tips.UnitTest.Adapter, Version=10.0.0.0, Culture=neutral, PublicKeyToken=b03f5f7f11d50a3a" className="SharpBag.ExtensionsTest, SharpBag.Tests, Version=0.0.0.0, Culture=neutral, PublicKeyToken=null" name="SubarrayThrowsContractException304" />
    </UnitTest>
    <UnitTest name="As0163224" storage="c:\users\suprdewd\documents\projects\sharpbag\sharpbag.tests\bin\release\sharpbag.tests.dll" id="389db5b6-ab96-a436-4af4-f75359c85bc2">
      <Execution id="d9983e21-8387-42eb-beb8-21e8453573e1" />
      <TestMethod codeBase="C:/Users/SuprDewd/Documents/Projects/SharpBag/SharpBag.Tests/bin/Release/SharpBag.Tests.DLL" adapterTypeName="Microsoft.VisualStudio.TestTools.TestTypes.Unit.UnitTestAdapter, Microsoft.VisualStudio.QualityTools.Tips.UnitTest.Adapter, Version=10.0.0.0, Culture=neutral, PublicKeyToken=b03f5f7f11d50a3a" className="SharpBag.ExtensionsTest, SharpBag.Tests, Version=0.0.0.0, Culture=neutral, PublicKeyToken=null" name="As0163224" />
    </UnitTest>
    <UnitTest name="Range377" storage="c:\users\suprdewd\documents\projects\sharpbag\sharpbag.tests\bin\release\sharpbag.tests.dll" id="567a07ee-04bb-68f0-b054-7c3ac20e04d0">
      <Execution id="7f064a15-e8b5-4f29-bbe3-4f7400de776d" />
      <TestMethod codeBase="C:/Users/SuprDewd/Documents/Projects/SharpBag/SharpBag.Tests/bin/Release/SharpBag.Tests.DLL" adapterTypeName="Microsoft.VisualStudio.TestTools.TestTypes.Unit.UnitTestAdapter, Microsoft.VisualStudio.QualityTools.Tips.UnitTest.Adapter, Version=10.0.0.0, Culture=neutral, PublicKeyToken=b03f5f7f11d50a3a" className="SharpBag.ExtensionsTest, SharpBag.Tests, Version=0.0.0.0, Culture=neutral, PublicKeyToken=null" name="Range377" />
    </UnitTest>
    <UnitTest name="NextDateTimeThrowsContractException762" storage="c:\users\suprdewd\documents\projects\sharpbag\sharpbag.tests\bin\release\sharpbag.tests.dll" id="b2f30ec3-5e04-5411-1ff4-09fa134b1c9b">
      <Execution id="e466b561-6923-413a-afbc-25ba7be474ed" />
      <TestMethod codeBase="C:/Users/SuprDewd/Documents/Projects/SharpBag/SharpBag.Tests/bin/Release/SharpBag.Tests.DLL" adapterTypeName="Microsoft.VisualStudio.TestTools.TestTypes.Unit.UnitTestAdapter, Microsoft.VisualStudio.QualityTools.Tips.UnitTest.Adapter, Version=10.0.0.0, Culture=neutral, PublicKeyToken=b03f5f7f11d50a3a" className="SharpBag.RandomExtensionsTest, SharpBag.Tests, Version=0.0.0.0, Culture=neutral, PublicKeyToken=null" name="NextDateTimeThrowsContractException762" />
    </UnitTest>
    <UnitTest name="Bound01415" storage="c:\users\suprdewd\documents\projects\sharpbag\sharpbag.tests\bin\release\sharpbag.tests.dll" id="d2b87ca7-13bf-5225-5027-20d84a20b6c5">
      <Execution id="2491e5f2-cb26-40ba-91ab-268d9782d070" />
      <TestMethod codeBase="C:/Users/SuprDewd/Documents/Projects/SharpBag/SharpBag.Tests/bin/Release/SharpBag.Tests.DLL" adapterTypeName="Microsoft.VisualStudio.TestTools.TestTypes.Unit.UnitTestAdapter, Microsoft.VisualStudio.QualityTools.Tips.UnitTest.Adapter, Version=10.0.0.0, Culture=neutral, PublicKeyToken=b03f5f7f11d50a3a" className="SharpBag.Math.MathExtensionsTest, SharpBag.Tests, Version=0.0.0.0, Culture=neutral, PublicKeyToken=null" name="Bound01415" />
    </UnitTest>
    <UnitTest name="As21505" storage="c:\users\suprdewd\documents\projects\sharpbag\sharpbag.tests\bin\release\sharpbag.tests.dll" id="2250a8be-6947-1057-ceec-e49c62f651fa">
      <Execution id="577bf85f-ef25-45f8-8183-8279aa5fc1e4" />
      <TestMethod codeBase="C:/Users/SuprDewd/Documents/Projects/SharpBag/SharpBag.Tests/bin/Release/SharpBag.Tests.DLL" adapterTypeName="Microsoft.VisualStudio.TestTools.TestTypes.Unit.UnitTestAdapter, Microsoft.VisualStudio.QualityTools.Tips.UnitTest.Adapter, Version=10.0.0.0, Culture=neutral, PublicKeyToken=b03f5f7f11d50a3a" className="SharpBag.ExtensionsTest, SharpBag.Tests, Version=0.0.0.0, Culture=neutral, PublicKeyToken=null" name="As21505" />
    </UnitTest>
    <UnitTest name="Iter96002" storage="c:\users\suprdewd\documents\projects\sharpbag\sharpbag.tests\bin\release\sharpbag.tests.dll" id="33d00c5c-c888-05a3-fa39-c11369cf7bd7">
      <Execution id="56e8f175-69de-44ce-9e66-7cea315123e1" />
      <TestMethod codeBase="C:/Users/SuprDewd/Documents/Projects/SharpBag/SharpBag.Tests/bin/Release/SharpBag.Tests.DLL" adapterTypeName="Microsoft.VisualStudio.TestTools.TestTypes.Unit.UnitTestAdapter, Microsoft.VisualStudio.QualityTools.Tips.UnitTest.Adapter, Version=10.0.0.0, Culture=neutral, PublicKeyToken=b03f5f7f11d50a3a" className="SharpBag.ExtensionsTest, SharpBag.Tests, Version=0.0.0.0, Culture=neutral, PublicKeyToken=null" name="Iter96002" />
    </UnitTest>
    <UnitTest name="As01404" storage="c:\users\suprdewd\documents\projects\sharpbag\sharpbag.tests\bin\release\sharpbag.tests.dll" id="40e83519-1225-601d-0c17-661b77e82314">
      <Execution id="9d7b0afe-92aa-4246-95b1-028e9645c8d9" />
      <TestMethod codeBase="C:/Users/SuprDewd/Documents/Projects/SharpBag/SharpBag.Tests/bin/Release/SharpBag.Tests.DLL" adapterTypeName="Microsoft.VisualStudio.TestTools.TestTypes.Unit.UnitTestAdapter, Microsoft.VisualStudio.QualityTools.Tips.UnitTest.Adapter, Version=10.0.0.0, Culture=neutral, PublicKeyToken=b03f5f7f11d50a3a" className="SharpBag.ExtensionsTest, SharpBag.Tests, Version=0.0.0.0, Culture=neutral, PublicKeyToken=null" name="As01404" />
    </UnitTest>
  </TestDefinitions>
  <TestLists>
    <TestList name="Results Not in a List" id="8c84fa94-04c1-424b-9868-57a2d4851a1d" />
    <TestList name="All Loaded Results" id="19431567-8539-422a-85d7-44ee4e166bda" />
  </TestLists>
  <TestEntries>
    <TestEntry testId="013a48c5-946e-02f6-4064-7f83cd8d7665" executionId="1ff4aae1-89da-4c7f-886d-b43571f62e98" testListId="8c84fa94-04c1-424b-9868-57a2d4851a1d" />
    <TestEntry testId="028f28fd-be8d-20f6-580d-7908e85c567f" executionId="d0dffde7-2779-40b8-8af0-fdc50e9a0f33" testListId="8c84fa94-04c1-424b-9868-57a2d4851a1d" />
    <TestEntry testId="03c88b26-e4eb-d38e-6683-3ac55f8aeeac" executionId="a8b8f51c-668c-4e3e-8cf8-b46197229f4b" testListId="8c84fa94-04c1-424b-9868-57a2d4851a1d" />
    <TestEntry testId="04c53adc-df51-85a8-3dcb-278e962fc112" executionId="4f889dec-04fd-40d4-872e-cc29ed06ee05" testListId="8c84fa94-04c1-424b-9868-57a2d4851a1d" />
    <TestEntry testId="055e48df-0214-9f4b-ed2b-c5a320ca2c7d" executionId="a4544959-26a9-48e0-aa9f-69a8bb469f8e" testListId="8c84fa94-04c1-424b-9868-57a2d4851a1d" />
    <TestEntry testId="06856cc0-d338-2fce-b65e-89181f957a9c" executionId="14a7a4b9-ce00-4347-8f5f-c1b7af683baf" testListId="8c84fa94-04c1-424b-9868-57a2d4851a1d" />
    <TestEntry testId="07802348-e3dc-037c-ce88-1e51ccef97b0" executionId="8045ccd3-6b9a-4d58-b5e6-83be26002867" testListId="8c84fa94-04c1-424b-9868-57a2d4851a1d" />
    <TestEntry testId="0860ee19-0524-5919-2b3c-8316527f7933" executionId="2022bebe-f06b-491c-846c-c51556dcec6a" testListId="8c84fa94-04c1-424b-9868-57a2d4851a1d" />
    <TestEntry testId="099b6629-b323-a9b6-3641-ebce58ee0f7c" executionId="998bb40e-fc38-49df-91cf-629262c596de" testListId="8c84fa94-04c1-424b-9868-57a2d4851a1d" />
    <TestEntry testId="09abec53-bc8a-0db2-1ff6-28ad5ea0f559" executionId="dc3d2351-4d05-49cb-98e1-79da6eeef515" testListId="8c84fa94-04c1-424b-9868-57a2d4851a1d" />
    <TestEntry testId="09d5fce9-d98a-1fa1-f446-d10c4751e838" executionId="7c297264-7624-419a-8650-7bb2026d7fb9" testListId="8c84fa94-04c1-424b-9868-57a2d4851a1d" />
    <TestEntry testId="0b76aeed-ae7b-38c5-60da-c9243d875dc1" executionId="62f0080b-0809-450e-8136-96773dfafe43" testListId="8c84fa94-04c1-424b-9868-57a2d4851a1d" />
    <TestEntry testId="0b8785c2-8bd4-a826-60eb-f295a2d7fcb3" executionId="a39971c6-d13f-4b9e-91df-528d4044b033" testListId="8c84fa94-04c1-424b-9868-57a2d4851a1d" />
    <TestEntry testId="0c1112ce-06b8-6d36-f7fb-a3574f6e2065" executionId="7c3b0d39-976b-4fe7-8c76-b8cd6973e785" testListId="8c84fa94-04c1-424b-9868-57a2d4851a1d" />
    <TestEntry testId="0c58cf0b-ac72-a134-206f-98daff22c7f5" executionId="6568f6b4-ad99-4424-a652-cf7d4ccb7987" testListId="8c84fa94-04c1-424b-9868-57a2d4851a1d" />
    <TestEntry testId="0c6370f1-3a15-0de1-18cb-8da30dd57ee7" executionId="89ed64b2-d5e2-4632-94bb-3162b29f0131" testListId="8c84fa94-04c1-424b-9868-57a2d4851a1d" />
    <TestEntry testId="0cb477c5-7b02-500d-45eb-bb863b0c13bb" executionId="4eaa2c37-25b2-42f8-951f-17ccc20fd3b0" testListId="8c84fa94-04c1-424b-9868-57a2d4851a1d" />
    <TestEntry testId="0cf9c414-1497-f4be-8e70-721d9337c834" executionId="dff1c73f-8671-4a66-8391-ec693406ca28" testListId="8c84fa94-04c1-424b-9868-57a2d4851a1d" />
    <TestEntry testId="0e44207d-1ccf-04c5-6aef-2081653ff131" executionId="1cfa32d1-c9b0-4676-ab35-1e3985cc1fb9" testListId="8c84fa94-04c1-424b-9868-57a2d4851a1d" />
    <TestEntry testId="0e645c38-e73b-967d-e94f-74a8d38a05b3" executionId="987aafee-27d1-4863-b24a-50a266a9f4c7" testListId="8c84fa94-04c1-424b-9868-57a2d4851a1d" />
    <TestEntry testId="0e73a463-cb0d-f992-9d84-5941849f04d6" executionId="2b59e830-8029-4729-88de-e9f0eb6ec098" testListId="8c84fa94-04c1-424b-9868-57a2d4851a1d" />
    <TestEntry testId="0e90738b-70d8-2788-4a26-d16c8666f6ca" executionId="9b3d1ce5-7986-44bd-ad63-8068cb1f2d8d" testListId="8c84fa94-04c1-424b-9868-57a2d4851a1d" />
    <TestEntry testId="0f614d48-4580-1835-c34d-314b56fdf70c" executionId="0d97012d-a6dc-4eba-bfc2-9271cd59a6cc" testListId="8c84fa94-04c1-424b-9868-57a2d4851a1d" />
    <TestEntry testId="0fff3361-456c-b23e-a549-242fc6d0887e" executionId="a5a586d3-9bcf-4ff9-a69d-fef03f00c388" testListId="8c84fa94-04c1-424b-9868-57a2d4851a1d" />
    <TestEntry testId="106b7a63-3c06-2f97-097e-1a5d38b1a1ac" executionId="991bf105-a20a-4ef1-9992-1a05b932eb57" testListId="8c84fa94-04c1-424b-9868-57a2d4851a1d" />
    <TestEntry testId="11187b04-c546-bd3e-0bbb-d3f71bff1f4f" executionId="51c01c04-db71-4557-9810-c31f01976884" testListId="8c84fa94-04c1-424b-9868-57a2d4851a1d" />
    <TestEntry testId="116bcbca-67a9-cf3b-0614-27721784c6e2" executionId="bd5df02a-6f39-456c-9d6c-5f6de172d1cc" testListId="8c84fa94-04c1-424b-9868-57a2d4851a1d" />
    <TestEntry testId="116e53ad-53cc-1f8c-5eeb-a61eba3cd5e8" executionId="2442e3b0-8f3e-4f8c-87ec-88623c7d7d79" testListId="8c84fa94-04c1-424b-9868-57a2d4851a1d" />
    <TestEntry testId="1199c9cc-d8e3-0309-8136-cef199801af6" executionId="2ff84389-2c5f-4212-89a8-8e6570ab03f4" testListId="8c84fa94-04c1-424b-9868-57a2d4851a1d" />
    <TestEntry testId="1220cf5e-04a1-0c63-1e54-72250893445a" executionId="f5a14981-5d05-4c6d-b5e4-ba2a8011351c" testListId="8c84fa94-04c1-424b-9868-57a2d4851a1d" />
    <TestEntry testId="1281f517-45b5-6723-bc3e-71da88a02141" executionId="6c9a25ba-2417-4340-acb5-3889a9e0f784" testListId="8c84fa94-04c1-424b-9868-57a2d4851a1d" />
    <TestEntry testId="143eb567-4397-2625-6014-2a2400dd294f" executionId="640eaa96-d55b-4523-a04d-2f697692b54d" testListId="8c84fa94-04c1-424b-9868-57a2d4851a1d" />
    <TestEntry testId="14c4d8f7-99c5-9b56-48f1-16bece872cd1" executionId="a7b1a003-b435-4414-8565-4683bb37df17" testListId="8c84fa94-04c1-424b-9868-57a2d4851a1d" />
    <TestEntry testId="14e07649-4bb1-965c-d352-f5e6a62d38fd" executionId="d46f90c9-ad89-45df-926c-ffee17e50478" testListId="8c84fa94-04c1-424b-9868-57a2d4851a1d" />
    <TestEntry testId="15f6ec28-2881-7c22-a597-01fe1093749a" executionId="afbebc1d-6d51-4319-b999-5185ebe9c151" testListId="8c84fa94-04c1-424b-9868-57a2d4851a1d" />
    <TestEntry testId="1614cc64-5cbc-b082-cb61-089f874d65b1" executionId="0e39d22a-6342-4d2f-91df-6517e9e4b571" testListId="8c84fa94-04c1-424b-9868-57a2d4851a1d" />
    <TestEntry testId="16bc510b-963f-30e5-6517-13389edd4fdc" executionId="0fb7c394-62dd-4e9f-b0d6-9709c51b00a6" testListId="8c84fa94-04c1-424b-9868-57a2d4851a1d" />
    <TestEntry testId="16eccf92-0ec9-930b-cfbe-252e74468966" executionId="0b4e7d8d-9966-464e-816a-3190690af527" testListId="8c84fa94-04c1-424b-9868-57a2d4851a1d" />
    <TestEntry testId="17cbf434-78e7-42a5-6758-242cc94ac703" executionId="4d6d9e33-4b41-4c17-af7d-0a63218163dc" testListId="8c84fa94-04c1-424b-9868-57a2d4851a1d" />
    <TestEntry testId="18234ca5-6af0-1355-5140-f92645f28e01" executionId="9f184506-24ae-4e3d-8090-22017393a6cc" testListId="8c84fa94-04c1-424b-9868-57a2d4851a1d" />
    <TestEntry testId="19033310-a8dd-db0b-1dcd-2bf1bef510ca" executionId="070a4012-3043-411b-b157-d5fe4085966d" testListId="8c84fa94-04c1-424b-9868-57a2d4851a1d" />
    <TestEntry testId="1903a639-b5d9-1b4f-9c30-0405b15e8f12" executionId="12357e0c-ffc7-4c10-934b-409c202ac8e9" testListId="8c84fa94-04c1-424b-9868-57a2d4851a1d" />
    <TestEntry testId="193af604-0c49-1c0a-39c2-739404c2ca21" executionId="aa99a7ca-4fc3-440a-a5ab-3181562bbf6a" testListId="8c84fa94-04c1-424b-9868-57a2d4851a1d" />
    <TestEntry testId="1a1204f8-80dc-63b9-41bb-196d59b5bd9c" executionId="07ed959c-0e49-428c-8cb9-fc77699079e1" testListId="8c84fa94-04c1-424b-9868-57a2d4851a1d" />
    <TestEntry testId="1a41ca06-c399-fb41-1b68-4e54f6d9fba0" executionId="ad6ceb4f-e1a7-48e2-9d35-bf0db866873c" testListId="8c84fa94-04c1-424b-9868-57a2d4851a1d" />
    <TestEntry testId="1ac879f8-3c0a-1016-6157-e481eddd5c9f" executionId="5044497a-8f0c-42a9-a146-e653921a38be" testListId="8c84fa94-04c1-424b-9868-57a2d4851a1d" />
    <TestEntry testId="1b50a732-77b4-82a3-8153-f8dad0640018" executionId="e59ef956-891a-4a41-9776-512892cfd0f0" testListId="8c84fa94-04c1-424b-9868-57a2d4851a1d" />
    <TestEntry testId="1b741696-a239-fa83-4bfb-5be27d6d2eb3" executionId="34f91791-6ae6-42a3-bffe-81a0c0072a7a" testListId="8c84fa94-04c1-424b-9868-57a2d4851a1d" />
    <TestEntry testId="1c5ab376-6152-4272-31e3-55dc91a07a86" executionId="9a23fe44-c479-4135-9bbf-af35d523b367" testListId="8c84fa94-04c1-424b-9868-57a2d4851a1d" />
    <TestEntry testId="1ca82a0b-7842-06c7-ecd3-2f81b62f1e0e" executionId="336c1409-0ffb-4d6e-910e-b6881cdc52e8" testListId="8c84fa94-04c1-424b-9868-57a2d4851a1d" />
    <TestEntry testId="1cb6fca5-5cbd-75cb-cfee-a358b8315906" executionId="244050e6-a08a-40bc-9297-69c0a8a1c244" testListId="8c84fa94-04c1-424b-9868-57a2d4851a1d" />
    <TestEntry testId="1cdb2f2c-09f6-d6d8-6d16-a0ea90824aba" executionId="970b1bd5-6813-4ea3-a9f1-154c914ba834" testListId="8c84fa94-04c1-424b-9868-57a2d4851a1d" />
    <TestEntry testId="1e0ca069-996e-4bc0-6164-74e9ee8107ac" executionId="fbcc547d-eb00-488e-9568-55e5b305ed1d" testListId="8c84fa94-04c1-424b-9868-57a2d4851a1d" />
    <TestEntry testId="1e811e95-82b3-7182-a1a6-ec99686bab87" executionId="2cd6af5a-e780-4d8a-a373-43ae79294484" testListId="8c84fa94-04c1-424b-9868-57a2d4851a1d" />
    <TestEntry testId="1ed065ef-ce8b-7235-fc5f-cca130d48e00" executionId="e5e21404-8b75-47a8-81c1-6aa30536b2d2" testListId="8c84fa94-04c1-424b-9868-57a2d4851a1d" />
    <TestEntry testId="1fa5b7ed-be1a-69d3-e35d-61c48c394d37" executionId="d9b7775e-c24c-4b85-b975-01d0ba207bab" testListId="8c84fa94-04c1-424b-9868-57a2d4851a1d" />
    <TestEntry testId="1fd730db-48ad-68c2-a560-921c988f9a38" executionId="826bc228-0948-47a1-9618-f807ba8e5e5d" testListId="8c84fa94-04c1-424b-9868-57a2d4851a1d" />
    <TestEntry testId="20789601-3bb2-517f-9c07-8755507d968d" executionId="f683906d-96e1-45c1-b4f0-086f4571fe0a" testListId="8c84fa94-04c1-424b-9868-57a2d4851a1d" />
    <TestEntry testId="21fd8c5c-e865-d794-56d0-ebbbdfae46d7" executionId="780339eb-4218-4c1c-bb04-5ea61cf1ebe0" testListId="8c84fa94-04c1-424b-9868-57a2d4851a1d" />
    <TestEntry testId="221d319c-8869-0d4c-725e-9ea36949d716" executionId="e8bb4866-f1bb-444c-88ba-cf1ec1d59d58" testListId="8c84fa94-04c1-424b-9868-57a2d4851a1d" />
    <TestEntry testId="2250a8be-6947-1057-ceec-e49c62f651fa" executionId="577bf85f-ef25-45f8-8183-8279aa5fc1e4" testListId="8c84fa94-04c1-424b-9868-57a2d4851a1d" />
    <TestEntry testId="22b3bc9e-2d91-4747-086b-d415be2c5776" executionId="1abd723c-44cc-4637-a4e8-bb8b98cad2f6" testListId="8c84fa94-04c1-424b-9868-57a2d4851a1d" />
    <TestEntry testId="22fb3f0c-8177-2102-3c97-5cd124eaf953" executionId="2aa47a85-1c13-42fa-b8a6-33faef9e24a3" testListId="8c84fa94-04c1-424b-9868-57a2d4851a1d" />
    <TestEntry testId="23289518-cff6-51c7-cbca-8f7fc69c7429" executionId="6df99944-7556-4af9-932c-55507a2931a4" testListId="8c84fa94-04c1-424b-9868-57a2d4851a1d" />
    <TestEntry testId="236dd585-9363-168d-3729-7ab007ad8692" executionId="e1fa3638-8d03-48ad-8516-629ba2d597a2" testListId="8c84fa94-04c1-424b-9868-57a2d4851a1d" />
    <TestEntry testId="24fadf38-4396-5113-e8f4-c4d70d185024" executionId="c6f65857-3ab8-4911-a923-b6603a182517" testListId="8c84fa94-04c1-424b-9868-57a2d4851a1d" />
    <TestEntry testId="25d5b35a-db1f-e192-1a83-5fbd23003a20" executionId="7e1ef833-a797-437c-95f2-9965dec6356c" testListId="8c84fa94-04c1-424b-9868-57a2d4851a1d" />
    <TestEntry testId="25e137bf-b11b-a709-2200-80de04831d5b" executionId="ffe1d8bc-f71b-4b62-9488-5a7f249f64cb" testListId="8c84fa94-04c1-424b-9868-57a2d4851a1d" />
    <TestEntry testId="28805317-a840-3e77-4899-69199b1265d9" executionId="784f92c4-6904-41db-8426-542b96debf22" testListId="8c84fa94-04c1-424b-9868-57a2d4851a1d" />
    <TestEntry testId="29095a51-c311-c865-7cf1-7076578258b7" executionId="429cd244-9c02-40f9-a15e-09a2cb3c0568" testListId="8c84fa94-04c1-424b-9868-57a2d4851a1d" />
    <TestEntry testId="29c9ba2a-8918-92c1-edbc-ad1fd40c77e1" executionId="0e3c9bf6-7d78-4be9-a64b-f077286aa3e8" testListId="8c84fa94-04c1-424b-9868-57a2d4851a1d" />
    <TestEntry testId="29e140f3-0b7d-028a-f85f-e65d5e7a4460" executionId="9a1dbba5-d4d0-4fde-87e1-9e49da78d6c8" testListId="8c84fa94-04c1-424b-9868-57a2d4851a1d" />
    <TestEntry testId="2a3bccbe-42e2-9009-af11-20e5efc1eb2e" executionId="c9cb8768-586e-4c66-8afb-32b9d1117bd0" testListId="8c84fa94-04c1-424b-9868-57a2d4851a1d" />
    <TestEntry testId="2a492a9b-f563-5e1e-f60c-76d1e2ee9ce9" executionId="57f560ec-6533-4217-80d7-658b14d0c934" testListId="8c84fa94-04c1-424b-9868-57a2d4851a1d" />
    <TestEntry testId="2a73a8ee-edb3-255b-de40-e76f0ee6887d" executionId="608716d9-f182-478b-b2fd-685f5ad38629" testListId="8c84fa94-04c1-424b-9868-57a2d4851a1d" />
    <TestEntry testId="2b100bf6-e6a4-9f38-c22a-f01b6c39f024" executionId="950011d5-02f4-46a6-962e-2583995a8fb9" testListId="8c84fa94-04c1-424b-9868-57a2d4851a1d" />
    <TestEntry testId="2b6a1fd0-ad89-86fe-c32f-c850f3486570" executionId="25768ed8-3cc6-4978-b060-b1dca7b16752" testListId="8c84fa94-04c1-424b-9868-57a2d4851a1d" />
    <TestEntry testId="2b9734bf-2716-3fbd-907d-b338c9f5816c" executionId="e81053f3-294b-4a08-9120-e4de82eac5e1" testListId="8c84fa94-04c1-424b-9868-57a2d4851a1d" />
    <TestEntry testId="2c678190-6575-f47a-afde-b3eb80b1856c" executionId="1b0d17a9-c63b-402e-bd73-22d9509f20f1" testListId="8c84fa94-04c1-424b-9868-57a2d4851a1d" />
    <TestEntry testId="2cb985a5-30e0-1631-ebdb-14215fcd5267" executionId="34109a4c-feac-4dfd-b6e3-25008361cf90" testListId="8c84fa94-04c1-424b-9868-57a2d4851a1d" />
    <TestEntry testId="2cd94b85-ca28-7ec9-b7f9-ff8305b67d1c" executionId="21616ca5-8594-4097-8a63-620d2b31dcc6" testListId="8c84fa94-04c1-424b-9868-57a2d4851a1d" />
    <TestEntry testId="2d5e0c73-6690-aba4-5ea6-eafc09214675" executionId="2d05b3d4-1e6d-4b39-8e65-7a326a34b751" testListId="8c84fa94-04c1-424b-9868-57a2d4851a1d" />
    <TestEntry testId="2e107be2-e3af-1a8b-fb4b-bdb5534db4b8" executionId="37263557-6569-4949-9586-f91efacdcbb2" testListId="8c84fa94-04c1-424b-9868-57a2d4851a1d" />
    <TestEntry testId="2e27cda4-16b0-824b-d141-c5b5382ec851" executionId="c39df63c-baaa-409d-bcea-dff5784984ed" testListId="8c84fa94-04c1-424b-9868-57a2d4851a1d" />
    <TestEntry testId="2e9abde5-72f2-18f2-ec62-8da36318a8ed" executionId="f9ab2e9a-318f-4221-9916-2238d488d007" testListId="8c84fa94-04c1-424b-9868-57a2d4851a1d" />
    <TestEntry testId="2f442340-39d2-2141-feae-caa93af13693" executionId="8aa3a68e-29ab-487d-b72c-c4e0b12f8e60" testListId="8c84fa94-04c1-424b-9868-57a2d4851a1d" />
    <TestEntry testId="2f5ec1c4-04f0-fa9c-5150-6f7abf584f74" executionId="98459d08-9dd0-4f25-806d-1ab7867ede6a" testListId="8c84fa94-04c1-424b-9868-57a2d4851a1d" />
    <TestEntry testId="2f965438-892b-963f-1d2d-a0dc16402531" executionId="51007925-b1ca-4b67-b9ac-b577456d177d" testListId="8c84fa94-04c1-424b-9868-57a2d4851a1d" />
    <TestEntry testId="2fd85783-fc83-f96f-d9bf-a6bcc5a252f1" executionId="6e6a3d12-d56f-4084-b372-e0c1c2bd51dd" testListId="8c84fa94-04c1-424b-9868-57a2d4851a1d" />
    <TestEntry testId="2ff38794-ad92-1998-3c20-e3ee775a8969" executionId="0cedb337-1aca-483e-bb03-24fef038c2c6" testListId="8c84fa94-04c1-424b-9868-57a2d4851a1d" />
    <TestEntry testId="30d8e69f-8aa2-c29f-376f-bcb878c7b97b" executionId="66c11ce2-de12-482f-84e7-ff20d1acaca1" testListId="8c84fa94-04c1-424b-9868-57a2d4851a1d" />
    <TestEntry testId="3141d6f7-4f77-e316-0fab-9f0803c256ce" executionId="f574e743-65f9-4953-8a4a-fa8cae515352" testListId="8c84fa94-04c1-424b-9868-57a2d4851a1d" />
    <TestEntry testId="31751606-0e00-3ddd-298e-e7c2d6c445a2" executionId="ecea90ba-0307-4d19-9397-8ea310b766ba" testListId="8c84fa94-04c1-424b-9868-57a2d4851a1d" />
    <TestEntry testId="31a88d64-bb5b-6217-2758-d493dee381b6" executionId="8452b91a-348b-4a72-ae1a-83f454830b48" testListId="8c84fa94-04c1-424b-9868-57a2d4851a1d" />
    <TestEntry testId="31a904fb-b5e5-f95a-175a-584bb2addaff" executionId="58f46e4f-2356-4521-a781-2e763fd45344" testListId="8c84fa94-04c1-424b-9868-57a2d4851a1d" />
    <TestEntry testId="3340cb14-cf3b-8e1f-ca28-73acf64d833a" executionId="5300c038-dc08-4eb6-9396-ff7c3cc35885" testListId="8c84fa94-04c1-424b-9868-57a2d4851a1d" />
    <TestEntry testId="33d00c5c-c888-05a3-fa39-c11369cf7bd7" executionId="56e8f175-69de-44ce-9e66-7cea315123e1" testListId="8c84fa94-04c1-424b-9868-57a2d4851a1d" />
    <TestEntry testId="3403c50d-2a71-9a27-1ea8-652ff438ba45" executionId="15ac21c1-8e76-4313-8694-473956bd40dc" testListId="8c84fa94-04c1-424b-9868-57a2d4851a1d" />
    <TestEntry testId="344e42b2-441e-1ac7-2103-3d35eead278e" executionId="0bedfe53-6ffd-46ba-96cc-f54f5e246946" testListId="8c84fa94-04c1-424b-9868-57a2d4851a1d" />
    <TestEntry testId="34aa3cd1-c558-0302-e5aa-355d37850848" executionId="acf724b6-8b82-44cd-85c7-517d640ad442" testListId="8c84fa94-04c1-424b-9868-57a2d4851a1d" />
    <TestEntry testId="352720fc-addb-8a50-aed2-2c94197dd6d3" executionId="279f3afa-15d7-496a-978d-36cd7b9425e8" testListId="8c84fa94-04c1-424b-9868-57a2d4851a1d" />
    <TestEntry testId="361a1550-e2b2-7624-b616-00a1d7f9e7ef" executionId="5ef42f84-1e1d-4905-b88b-35a1fbc7e5cc" testListId="8c84fa94-04c1-424b-9868-57a2d4851a1d" />
    <TestEntry testId="36b9e3e8-56e9-be10-8570-3450071220f6" executionId="7501c9d3-dc35-4244-ac33-7720ae510229" testListId="8c84fa94-04c1-424b-9868-57a2d4851a1d" />
    <TestEntry testId="36c0ac7a-9f37-b952-7a17-2ad1e9132b69" executionId="486f9e19-23ae-4984-b13a-ddbf380c2b4a" testListId="8c84fa94-04c1-424b-9868-57a2d4851a1d" />
    <TestEntry testId="37513ae8-9597-0d8b-e168-0cedc873d749" executionId="8406a175-58db-47ad-9421-bc695985ce25" testListId="8c84fa94-04c1-424b-9868-57a2d4851a1d" />
    <TestEntry testId="37c5e788-97a2-ee7f-c1df-5b64dcc3fb4c" executionId="5da2b47d-d946-4860-9c99-43a6f0d239d0" testListId="8c84fa94-04c1-424b-9868-57a2d4851a1d" />
    <TestEntry testId="382ae704-dd0b-2259-d31c-dfbfb69a1305" executionId="85227221-3035-4a47-99b1-f399ca405e57" testListId="8c84fa94-04c1-424b-9868-57a2d4851a1d" />
    <TestEntry testId="382f1a18-8c5b-b8b8-72e6-323b201ac9b0" executionId="f29fd986-ab00-49f8-b533-331e12273674" testListId="8c84fa94-04c1-424b-9868-57a2d4851a1d" />
    <TestEntry testId="389db5b6-ab96-a436-4af4-f75359c85bc2" executionId="d9983e21-8387-42eb-beb8-21e8453573e1" testListId="8c84fa94-04c1-424b-9868-57a2d4851a1d" />
    <TestEntry testId="3902168e-77cb-c1b4-c44f-4336ab3b86bd" executionId="4c1737e5-2d9c-4d67-99b0-66ce0d2a2fe3" testListId="8c84fa94-04c1-424b-9868-57a2d4851a1d" />
    <TestEntry testId="3950117e-1257-8bcc-63aa-35e8e8daf9e2" executionId="66f7150c-1d69-4f11-9ec4-13d4e9eb1bb7" testListId="8c84fa94-04c1-424b-9868-57a2d4851a1d" />
    <TestEntry testId="39820720-af85-1690-8f39-546deff2b7b4" executionId="16d5aafe-1e19-49c0-be81-729861f2f72d" testListId="8c84fa94-04c1-424b-9868-57a2d4851a1d" />
    <TestEntry testId="39a24eb5-a45d-f931-6682-86b278494085" executionId="83c75efa-9597-44c4-97f9-7e05c1acbd33" testListId="8c84fa94-04c1-424b-9868-57a2d4851a1d" />
    <TestEntry testId="3a633eaa-632f-f936-1d35-4e407b494884" executionId="faf427dd-1b7c-433e-a600-fa0ff020c9ff" testListId="8c84fa94-04c1-424b-9868-57a2d4851a1d" />
    <TestEntry testId="3c1d094b-ca29-adfc-cfcd-77289a3cce3f" executionId="f8fc5655-a908-4ab4-a9e1-8162d01f963f" testListId="8c84fa94-04c1-424b-9868-57a2d4851a1d" />
    <TestEntry testId="3c2e9b97-7181-c8d2-2f10-0abc89251ccc" executionId="e1dad248-10ab-43a2-9136-dd251758ed0e" testListId="8c84fa94-04c1-424b-9868-57a2d4851a1d" />
    <TestEntry testId="3c579db0-0876-cedf-1e56-2a6de957c366" executionId="f524664b-2693-4bf6-a75a-8ac5541f19d1" testListId="8c84fa94-04c1-424b-9868-57a2d4851a1d" />
    <TestEntry testId="3ca3afbe-4155-3a78-1581-d034645ac0e9" executionId="90c1fe47-fb50-49a4-a2e4-cd62f0b94457" testListId="8c84fa94-04c1-424b-9868-57a2d4851a1d" />
    <TestEntry testId="3cd342db-3464-b39f-d797-78a5b44d7bab" executionId="da33c110-86c2-4cdb-b2fd-86dd5c6ee1a2" testListId="8c84fa94-04c1-424b-9868-57a2d4851a1d" />
    <TestEntry testId="3cd79fab-d2b4-f532-5d2a-fc7f89f94523" executionId="40d8c161-e7a8-4b6c-b0c0-9a2196e5a4c0" testListId="8c84fa94-04c1-424b-9868-57a2d4851a1d" />
    <TestEntry testId="3d3988d3-9563-f144-e6f1-47341372fdea" executionId="9d62b667-a735-4b73-adae-0fd3f3c4da57" testListId="8c84fa94-04c1-424b-9868-57a2d4851a1d" />
    <TestEntry testId="3dde4b4b-e27c-57a9-155e-da4fc130f503" executionId="a9181249-8b31-4893-a60d-915f519bde8e" testListId="8c84fa94-04c1-424b-9868-57a2d4851a1d" />
    <TestEntry testId="3e37c17d-90fa-e89c-9aa5-d591fc3b0dec" executionId="c1f404d7-f04e-42a1-9687-99bd5428851b" testListId="8c84fa94-04c1-424b-9868-57a2d4851a1d" />
    <TestEntry testId="3f99a1d3-4dae-8b7d-a361-9ebbf5115b1e" executionId="ce59376b-93fc-42cc-81cf-780ba39a3aa8" testListId="8c84fa94-04c1-424b-9868-57a2d4851a1d" />
    <TestEntry testId="3febe6f3-67ab-23b3-dd85-d4b7c1206b0c" executionId="93e24fd5-8f9e-40d8-90fe-de8b7228ea8c" testListId="8c84fa94-04c1-424b-9868-57a2d4851a1d" />
    <TestEntry testId="40b13692-f736-7aca-afa5-678a24ba3ffc" executionId="7be786b0-0371-4c6a-b30c-01d184cdf136" testListId="8c84fa94-04c1-424b-9868-57a2d4851a1d" />
    <TestEntry testId="40e83519-1225-601d-0c17-661b77e82314" executionId="9d7b0afe-92aa-4246-95b1-028e9645c8d9" testListId="8c84fa94-04c1-424b-9868-57a2d4851a1d" />
    <TestEntry testId="4183213a-6645-16c2-af8b-e5bfcf7442d8" executionId="f7543374-01d2-4fd0-bd34-1eb862c0d0b7" testListId="8c84fa94-04c1-424b-9868-57a2d4851a1d" />
    <TestEntry testId="41b53b6b-04c0-c784-5da0-bab31b4fb4d7" executionId="faed7ee5-264c-48c6-83d2-6139374007d4" testListId="8c84fa94-04c1-424b-9868-57a2d4851a1d" />
    <TestEntry testId="41c73ee5-f5f2-636b-5a9a-3a3fb22aecad" executionId="fd08cda5-e8dd-41bb-b640-108bde52405a" testListId="8c84fa94-04c1-424b-9868-57a2d4851a1d" />
    <TestEntry testId="42f45f10-504d-0d19-0e58-1ea2105c69e9" executionId="b07365bd-59fc-4d15-980d-45c60c1048a6" testListId="8c84fa94-04c1-424b-9868-57a2d4851a1d" />
    <TestEntry testId="43271b50-9462-4bb7-5e78-3783a2d68504" executionId="5f82f691-eca2-4bc8-b78d-6e0af37aca3f" testListId="8c84fa94-04c1-424b-9868-57a2d4851a1d" />
    <TestEntry testId="43b966b3-46a6-2c68-ed24-575462007214" executionId="4b374b65-fc46-4b01-9dd0-1ca4c75eeb39" testListId="8c84fa94-04c1-424b-9868-57a2d4851a1d" />
    <TestEntry testId="446e633f-49f1-1108-f723-4032f6b7dd87" executionId="b66d91bc-dd19-44d2-9c05-351621eca4aa" testListId="8c84fa94-04c1-424b-9868-57a2d4851a1d" />
    <TestEntry testId="44ddd54b-7a43-e4f9-ebb3-b78badce4585" executionId="99339c84-a185-4333-a27b-4dcd73ac307d" testListId="8c84fa94-04c1-424b-9868-57a2d4851a1d" />
    <TestEntry testId="466bff3f-4c8e-a9c1-50f6-91ffeb15d3a1" executionId="c47307fd-2ca4-4537-a026-ae6f953c73a0" testListId="8c84fa94-04c1-424b-9868-57a2d4851a1d" />
    <TestEntry testId="46ca0fd9-03e1-55e3-3ad7-b4625d8d07c0" executionId="b57cdd93-f47f-4055-a6ce-8b67804f2a8e" testListId="8c84fa94-04c1-424b-9868-57a2d4851a1d" />
    <TestEntry testId="46f11c29-0946-1ee3-1afe-afb72995b905" executionId="1310c29b-f2c5-4c43-b92d-e0afb6ec1eef" testListId="8c84fa94-04c1-424b-9868-57a2d4851a1d" />
    <TestEntry testId="473a2b39-cb44-1d62-3c12-9fd92e3b377f" executionId="34892d2e-be89-4ab5-9aa1-cad6867887eb" testListId="8c84fa94-04c1-424b-9868-57a2d4851a1d" />
    <TestEntry testId="4796da93-05be-09dc-4928-16eafddcfcc3" executionId="12197d0a-6023-4d9f-ba7f-586cb504ce9a" testListId="8c84fa94-04c1-424b-9868-57a2d4851a1d" />
    <TestEntry testId="47d55f13-e46c-b000-9e07-f790b956391a" executionId="c244e5a1-9442-41e9-a064-5468edc062c1" testListId="8c84fa94-04c1-424b-9868-57a2d4851a1d" />
    <TestEntry testId="4828b82d-197c-d38d-1052-fb24855ec6ae" executionId="6e39631a-e0ae-4529-8a5c-6a1675b32e3a" testListId="8c84fa94-04c1-424b-9868-57a2d4851a1d" />
    <TestEntry testId="48745f52-01da-5495-8edc-495e0a033ca1" executionId="2867b29d-aff5-4fdc-b789-667154201e2c" testListId="8c84fa94-04c1-424b-9868-57a2d4851a1d" />
    <TestEntry testId="49aa9228-e307-ef3c-566e-386137588923" executionId="173f88bd-7960-4a64-afd5-399eb9a16b35" testListId="8c84fa94-04c1-424b-9868-57a2d4851a1d" />
    <TestEntry testId="49b4e1b0-9a60-f1f3-7d8e-e1f63ecc7d50" executionId="92811609-c095-49e8-8f83-58911f782a0c" testListId="8c84fa94-04c1-424b-9868-57a2d4851a1d" />
    <TestEntry testId="4a5ccd91-8853-f0cc-c6d0-af1603a36ab2" executionId="d3b04a15-1c7d-4191-8bae-18a2a185b33b" testListId="8c84fa94-04c1-424b-9868-57a2d4851a1d" />
    <TestEntry testId="4c1abec7-91f0-7672-2e0f-302cf26fbd1a" executionId="a3357a62-186e-4898-8e95-ce6a320f6127" testListId="8c84fa94-04c1-424b-9868-57a2d4851a1d" />
    <TestEntry testId="4c6a72c8-f168-62bf-d7c0-83140d0efec5" executionId="4a37c58f-6501-4302-9c98-2a386e638425" testListId="8c84fa94-04c1-424b-9868-57a2d4851a1d" />
    <TestEntry testId="4c766330-2a1a-c11f-5958-fa0e45c2a866" executionId="54e11e8e-6517-4e8a-b764-3d6960b5b2b5" testListId="8c84fa94-04c1-424b-9868-57a2d4851a1d" />
    <TestEntry testId="4d41008a-7d5b-c195-89ca-25e2bba2803d" executionId="883d47e2-8f1b-40d3-b875-eb98e6401154" testListId="8c84fa94-04c1-424b-9868-57a2d4851a1d" />
    <TestEntry testId="4f308a7f-5339-1197-c196-e8c2a3294cdb" executionId="1e167db3-5366-43e3-8e56-caecf3f76439" testListId="8c84fa94-04c1-424b-9868-57a2d4851a1d" />
    <TestEntry testId="4fbb91c1-c965-1543-022c-12856d2ae5ad" executionId="583ef911-6b3e-472d-9105-f9606ef1aec1" testListId="8c84fa94-04c1-424b-9868-57a2d4851a1d" />
    <TestEntry testId="51819a1f-c4ce-ae98-f248-c4cc70983131" executionId="8e452957-4f3f-4541-a6fa-f26967aad8c4" testListId="8c84fa94-04c1-424b-9868-57a2d4851a1d" />
    <TestEntry testId="52bb5c10-8020-64c9-2ecd-899322f38be6" executionId="91b15402-e4cb-457f-88e9-ec7833a8de9b" testListId="8c84fa94-04c1-424b-9868-57a2d4851a1d" />
    <TestEntry testId="530e9426-a117-1e44-3c23-eb9bc838bd65" executionId="d980dddc-5dc3-47a4-80f6-05d73112c2a2" testListId="8c84fa94-04c1-424b-9868-57a2d4851a1d" />
    <TestEntry testId="536b6a19-3a08-b70f-2e38-9f6c85ff083a" executionId="d012b9bd-5014-4fab-a8a6-e4088cee7e10" testListId="8c84fa94-04c1-424b-9868-57a2d4851a1d" />
    <TestEntry testId="53857a93-24c6-17ef-97dc-e0adc3a32915" executionId="919ff4f1-45b2-4fe4-9da7-50e03b641a79" testListId="8c84fa94-04c1-424b-9868-57a2d4851a1d" />
    <TestEntry testId="54298867-2de1-54e3-939d-7ba756012afc" executionId="14d54e55-e25a-4b24-8509-ff7ebc3d0c56" testListId="8c84fa94-04c1-424b-9868-57a2d4851a1d" />
    <TestEntry testId="54c53908-aa18-b805-dfbf-38b92f93913c" executionId="b1a394f6-efd2-4842-833b-8bccd889c83a" testListId="8c84fa94-04c1-424b-9868-57a2d4851a1d" />
    <TestEntry testId="54dfb2f2-edab-6914-c734-746381ef028e" executionId="72050243-0966-4752-ab07-4d7386bc0bb4" testListId="8c84fa94-04c1-424b-9868-57a2d4851a1d" />
    <TestEntry testId="5514446b-a7eb-a40a-85ab-240a248bba2a" executionId="05b027ff-d25f-41df-85a8-c7805f5bcb38" testListId="8c84fa94-04c1-424b-9868-57a2d4851a1d" />
    <TestEntry testId="559ad5fd-9c89-3fab-e602-368a88629e35" executionId="1320e21e-63dd-4668-9269-b325903c53b8" testListId="8c84fa94-04c1-424b-9868-57a2d4851a1d" />
    <TestEntry testId="55e01e02-7bca-1246-be49-4c21bab190b5" executionId="18745c9b-e3b3-4839-b82d-36796c61bcea" testListId="8c84fa94-04c1-424b-9868-57a2d4851a1d" />
    <TestEntry testId="567a07ee-04bb-68f0-b054-7c3ac20e04d0" executionId="7f064a15-e8b5-4f29-bbe3-4f7400de776d" testListId="8c84fa94-04c1-424b-9868-57a2d4851a1d" />
    <TestEntry testId="56fc1a57-6e5c-088b-8f95-88d9f697c097" executionId="e6c4c30d-732d-4a8d-a8ad-a10832262315" testListId="8c84fa94-04c1-424b-9868-57a2d4851a1d" />
    <TestEntry testId="583a3c4e-73f0-f6e0-0816-cbe45229841d" executionId="6caa63e4-f982-4109-aae9-f6f927a620e5" testListId="8c84fa94-04c1-424b-9868-57a2d4851a1d" />
    <TestEntry testId="585eea8b-8fa4-71e8-9d43-5274aef9fa35" executionId="0e87c152-12f7-4c28-b4aa-b8698f05269d" testListId="8c84fa94-04c1-424b-9868-57a2d4851a1d" />
    <TestEntry testId="59990ab9-8064-95a7-969b-da2dc269c717" executionId="e6c6b912-6f56-4dd0-9e3e-c76f0812477c" testListId="8c84fa94-04c1-424b-9868-57a2d4851a1d" />
    <TestEntry testId="5aba0e57-1e97-6240-5ce7-34738ec9892e" executionId="43487304-bd1f-4f42-a445-ee31614ae883" testListId="8c84fa94-04c1-424b-9868-57a2d4851a1d" />
    <TestEntry testId="5b905b9d-179c-2930-2f2f-ad7751aea174" executionId="019c7634-7f91-4631-b17a-43347915de56" testListId="8c84fa94-04c1-424b-9868-57a2d4851a1d" />
    <TestEntry testId="5c5adf85-1214-e9f8-047f-44815dc050b1" executionId="6bb63667-59af-4549-bf72-bd41f45ca551" testListId="8c84fa94-04c1-424b-9868-57a2d4851a1d" />
    <TestEntry testId="5c94f4eb-6c23-cce6-4e00-2079c09ad7c7" executionId="d3afe93e-4e06-4f0f-85b1-83773f3f8e31" testListId="8c84fa94-04c1-424b-9868-57a2d4851a1d" />
    <TestEntry testId="5d3e9240-0aab-ea59-1a14-d23dae50d829" executionId="f78e3f7e-838d-4e01-a171-3297b10f0ac7" testListId="8c84fa94-04c1-424b-9868-57a2d4851a1d" />
    <TestEntry testId="5d4547ce-a6eb-4a5d-11b5-fd4fb3f2b4c4" executionId="33051eb5-32d9-4298-8d2c-f0d39c1d7141" testListId="8c84fa94-04c1-424b-9868-57a2d4851a1d" />
    <TestEntry testId="5d663026-8403-d8b3-571f-dbc623bc2b0e" executionId="c2a9e282-bd9b-4b7f-9aff-ce48376999a1" testListId="8c84fa94-04c1-424b-9868-57a2d4851a1d" />
    <TestEntry testId="5f0a5483-d074-35b1-500e-1196c2881235" executionId="69a4f62d-113d-4e53-99c2-dcfdd36c437e" testListId="8c84fa94-04c1-424b-9868-57a2d4851a1d" />
    <TestEntry testId="5f6c8af1-2825-3c27-b802-e1be0e1eeb12" executionId="8e2fec11-c3f0-48d0-bd49-a086294cd37c" testListId="8c84fa94-04c1-424b-9868-57a2d4851a1d" />
    <TestEntry testId="5fdc84ef-63cf-5a14-fe7e-7e23560c2d19" executionId="e0a52ca8-1773-48e1-8aa5-26927fb06165" testListId="8c84fa94-04c1-424b-9868-57a2d4851a1d" />
    <TestEntry testId="603d3527-31ad-433b-f22d-64c8d067b62d" executionId="13f91341-aea0-4dcd-97f6-21cfd00cab6b" testListId="8c84fa94-04c1-424b-9868-57a2d4851a1d" />
    <TestEntry testId="619cbe95-853c-eb3c-526b-15e254b297ac" executionId="62e4303e-4208-4fc6-859b-540b0a98d65f" testListId="8c84fa94-04c1-424b-9868-57a2d4851a1d" />
    <TestEntry testId="61a82769-7381-8ac4-d5a7-8e88dfdda588" executionId="1154f1d7-2c02-4e8d-a957-018434b91850" testListId="8c84fa94-04c1-424b-9868-57a2d4851a1d" />
    <TestEntry testId="61f7685b-d775-dd59-8bb8-b9d96ff30e56" executionId="62c5435c-6a4b-426f-96a7-a6b89078b7c1" testListId="8c84fa94-04c1-424b-9868-57a2d4851a1d" />
    <TestEntry testId="633e6a31-e7c1-dc4e-810e-71a427cf70a8" executionId="881f4c4e-8470-4732-bb85-7413ad6f80c9" testListId="8c84fa94-04c1-424b-9868-57a2d4851a1d" />
    <TestEntry testId="63d33d75-845b-94b5-c155-a4fa9c5d7359" executionId="2ec88ad4-11a5-4da2-aee5-35e94d944e10" testListId="8c84fa94-04c1-424b-9868-57a2d4851a1d" />
    <TestEntry testId="640310df-d648-7294-c434-32af677c30c3" executionId="35c7cfd6-e35f-4877-b737-79b8d14e67bf" testListId="8c84fa94-04c1-424b-9868-57a2d4851a1d" />
    <TestEntry testId="644c941d-d40b-5655-7852-107ffef9acae" executionId="77057406-370d-455b-b8e9-1158078b559d" testListId="8c84fa94-04c1-424b-9868-57a2d4851a1d" />
    <TestEntry testId="6549571d-9021-09b2-07d6-0260b1acecdd" executionId="a3d260ab-184f-4542-9cb4-346ccfb5b792" testListId="8c84fa94-04c1-424b-9868-57a2d4851a1d" />
    <TestEntry testId="65cd41cd-3590-8447-2d3a-ee7f389d323c" executionId="13698f22-bf39-40d9-a3c9-763ec5084ee4" testListId="8c84fa94-04c1-424b-9868-57a2d4851a1d" />
    <TestEntry testId="69d4fcec-3787-b518-9138-fc65c3d09ecc" executionId="ab812c8d-1d74-4dbb-b7e8-b7e2e926a764" testListId="8c84fa94-04c1-424b-9868-57a2d4851a1d" />
    <TestEntry testId="69f524e3-926c-1af9-87bf-a7458a5d6a66" executionId="0b3bead6-b202-4e96-8033-8532bc6f6eb8" testListId="8c84fa94-04c1-424b-9868-57a2d4851a1d" />
    <TestEntry testId="6a1f2a29-ccc8-fc38-2175-50dd5959bbb5" executionId="aedcfe16-3041-45a4-9579-7790cf7e3ea8" testListId="8c84fa94-04c1-424b-9868-57a2d4851a1d" />
    <TestEntry testId="6b5ea87c-ca8e-cd07-2a54-53cd363577f8" executionId="bb26f4bf-1f94-4d20-899a-7ed3ece7e231" testListId="8c84fa94-04c1-424b-9868-57a2d4851a1d" />
    <TestEntry testId="6e33d2cd-b750-0799-4e58-46b5850c6cde" executionId="b8fd5518-2a44-4513-ad22-986af54192c9" testListId="8c84fa94-04c1-424b-9868-57a2d4851a1d" />
    <TestEntry testId="6e8b504e-1179-c8e0-b7f7-d2e7e3a8ccae" executionId="247e6c72-9ee9-43b9-9544-7d08ba07a823" testListId="8c84fa94-04c1-424b-9868-57a2d4851a1d" />
    <TestEntry testId="6ea29e89-2e15-126e-eecf-3f7b211c52eb" executionId="d4dc95d8-a8d0-4df9-b40e-51926fa26a8b" testListId="8c84fa94-04c1-424b-9868-57a2d4851a1d" />
    <TestEntry testId="6f205f53-5c1d-2d23-0592-7823ba18d3aa" executionId="2fb12ba5-dfbe-4f27-9929-c3cba2d0e68e" testListId="8c84fa94-04c1-424b-9868-57a2d4851a1d" />
    <TestEntry testId="6fb9b650-50a8-89e9-0d35-3a3dc4939152" executionId="b9022aea-82e3-403c-85c9-acfcb847a659" testListId="8c84fa94-04c1-424b-9868-57a2d4851a1d" />
    <TestEntry testId="7068f11c-cf82-d38d-0f16-16dd9f7c090f" executionId="4481f1e7-4115-4e58-a837-5a0f0925e521" testListId="8c84fa94-04c1-424b-9868-57a2d4851a1d" />
    <TestEntry testId="70ecef07-25d9-9298-9faa-26825e270b46" executionId="ed000916-5fdc-422c-a8a1-70293846581a" testListId="8c84fa94-04c1-424b-9868-57a2d4851a1d" />
    <TestEntry testId="71153c10-625e-eee7-0105-ad1f18f9fb72" executionId="6e61cc46-9c8b-4a33-b13b-b5bbc39dfa38" testListId="8c84fa94-04c1-424b-9868-57a2d4851a1d" />
    <TestEntry testId="71a360e3-d81d-a30a-382f-721ef096f5b1" executionId="7905b065-7a04-44c2-90f1-f8bc5c72a4b5" testListId="8c84fa94-04c1-424b-9868-57a2d4851a1d" />
    <TestEntry testId="7206ff03-56a7-ec6c-ffc0-c8679263faa3" executionId="c1188b3b-099b-44a3-8026-daac460e1976" testListId="8c84fa94-04c1-424b-9868-57a2d4851a1d" />
    <TestEntry testId="72d5e817-798e-11fb-c5e1-586687370685" executionId="6d6e4d6f-060f-4b3f-a9e2-f8d8d439561f" testListId="8c84fa94-04c1-424b-9868-57a2d4851a1d" />
    <TestEntry testId="73dedb08-3777-9f76-6412-b3470bb8b574" executionId="18fb2ddd-117c-4d30-8db2-ec2e2bc9eabe" testListId="8c84fa94-04c1-424b-9868-57a2d4851a1d" />
    <TestEntry testId="76549838-3cd5-8196-8fe5-c215d6bd242f" executionId="3a0f29b4-43d8-480d-936b-223f1095faf8" testListId="8c84fa94-04c1-424b-9868-57a2d4851a1d" />
    <TestEntry testId="767e3845-1b47-6225-c38c-e6345e12262a" executionId="70a29d3a-d05f-4790-9e57-269c4d75c23c" testListId="8c84fa94-04c1-424b-9868-57a2d4851a1d" />
    <TestEntry testId="7743f34e-ac5f-23a3-8e8f-212222420029" executionId="76440159-7704-42b8-9372-ceb853d45bc1" testListId="8c84fa94-04c1-424b-9868-57a2d4851a1d" />
    <TestEntry testId="7838b58c-a9ae-e08a-edf4-f9593db060d6" executionId="ab8abcf7-5674-4789-9c0d-8e7ab7b7fa6b" testListId="8c84fa94-04c1-424b-9868-57a2d4851a1d" />
    <TestEntry testId="787c2aca-5007-7e56-5e10-28020b3be468" executionId="0954447d-221f-4442-9bd6-683a1e94cff4" testListId="8c84fa94-04c1-424b-9868-57a2d4851a1d" />
    <TestEntry testId="7896ac03-38fd-b99c-d27e-6cbd208a3f1e" executionId="50ff0ea6-859f-41ca-acd4-b0bf678d0a83" testListId="8c84fa94-04c1-424b-9868-57a2d4851a1d" />
    <TestEntry testId="78cde1d7-dc20-60c9-ac3e-224ced9a536f" executionId="603017f4-17ae-448c-b580-6b45804f03c4" testListId="8c84fa94-04c1-424b-9868-57a2d4851a1d" />
    <TestEntry testId="7a9400e0-6f1a-74cc-aaf2-4e620d01eac4" executionId="1c98eab2-2180-4dce-9e95-7972e28ba38a" testListId="8c84fa94-04c1-424b-9868-57a2d4851a1d" />
    <TestEntry testId="7a965cd2-e1cf-8636-b94b-9bb1e4688fd0" executionId="c06ee7fd-6a2a-4a8e-a32b-7b701623701c" testListId="8c84fa94-04c1-424b-9868-57a2d4851a1d" />
    <TestEntry testId="7a9b0937-239f-a7cc-e1fc-09bbc3508e89" executionId="00f411fd-00d9-44b8-827f-4f6b0b6e6ac4" testListId="8c84fa94-04c1-424b-9868-57a2d4851a1d" />
    <TestEntry testId="7acd9860-9837-fbe5-5425-b774d050444a" executionId="71fc5b24-c309-460e-8006-9910173ba1c6" testListId="8c84fa94-04c1-424b-9868-57a2d4851a1d" />
    <TestEntry testId="7ba074f7-37b4-86ab-f897-639c59c7afb2" executionId="48d01f25-72fa-4dcc-85aa-04be71196656" testListId="8c84fa94-04c1-424b-9868-57a2d4851a1d" />
    <TestEntry testId="7c50cc41-afad-5d78-8e16-c7b6d605577a" executionId="a837b551-3cc7-4b61-be7e-3ac5edc7cca2" testListId="8c84fa94-04c1-424b-9868-57a2d4851a1d" />
    <TestEntry testId="7d85dd6d-e955-0c88-df95-d36cadd3d7ff" executionId="f1b0f019-a824-4898-8f6c-26bcd0d34d1a" testListId="8c84fa94-04c1-424b-9868-57a2d4851a1d" />
    <TestEntry testId="7edd5b56-0f03-8716-c3c8-130b2e422ca5" executionId="21cb7b74-4b8b-4f04-a3d4-ddd05d67c2d7" testListId="8c84fa94-04c1-424b-9868-57a2d4851a1d" />
    <TestEntry testId="7f5b067d-004d-00c6-05f1-6ba4459536c9" executionId="d3250c8a-0166-495c-80de-35ea0cbcd055" testListId="8c84fa94-04c1-424b-9868-57a2d4851a1d" />
    <TestEntry testId="7f627b84-c634-6195-b636-ad9c00404c56" executionId="2493f09b-13e9-499e-b15f-0ad1f3562596" testListId="8c84fa94-04c1-424b-9868-57a2d4851a1d" />
    <TestEntry testId="80003646-df99-feba-93b2-6a809b884bf6" executionId="d2960aaf-c287-415d-8c0b-93d1403f938f" testListId="8c84fa94-04c1-424b-9868-57a2d4851a1d" />
    <TestEntry testId="8076c83d-2717-5964-7e9d-50cc5e2706b9" executionId="07021441-ef00-4ea8-9971-542abcd82148" testListId="8c84fa94-04c1-424b-9868-57a2d4851a1d" />
    <TestEntry testId="808822f6-9c85-0a33-f1f9-4d64c79fb975" executionId="9a28d732-fe5e-4afd-a72b-7b248879f3dc" testListId="8c84fa94-04c1-424b-9868-57a2d4851a1d" />
    <TestEntry testId="80c446f8-daa9-dd90-7ba0-f56b79877aec" executionId="b8801540-f439-48a2-9cf0-c95bc22f7426" testListId="8c84fa94-04c1-424b-9868-57a2d4851a1d" />
    <TestEntry testId="81ae6575-42cf-3ee5-249e-6da4cf14831c" executionId="f20d438b-5011-4c25-ba40-8b805b7058ca" testListId="8c84fa94-04c1-424b-9868-57a2d4851a1d" />
    <TestEntry testId="81c4858e-2ab2-b121-25c5-9c96ee04a442" executionId="38988921-a246-4a46-82e0-565e405589c0" testListId="8c84fa94-04c1-424b-9868-57a2d4851a1d" />
    <TestEntry testId="83b2b843-a328-2103-e83d-4b3241d960cd" executionId="145f0383-e4d8-4cc2-adaa-ddf51c051d7e" testListId="8c84fa94-04c1-424b-9868-57a2d4851a1d" />
    <TestEntry testId="8449ab5e-c7c8-6deb-cb03-833888a032c6" executionId="61622189-c977-4000-a714-9ed10a2e95be" testListId="8c84fa94-04c1-424b-9868-57a2d4851a1d" />
    <TestEntry testId="84a133d0-001f-a986-72f9-cc05e5f25751" executionId="cbe77a1b-6980-4887-8aef-16677c7d6051" testListId="8c84fa94-04c1-424b-9868-57a2d4851a1d" />
    <TestEntry testId="850912a6-5065-5531-7451-3014a79cee54" executionId="918db04d-b5f3-42c3-8cbb-e7baae971424" testListId="8c84fa94-04c1-424b-9868-57a2d4851a1d" />
    <TestEntry testId="86a0d6ba-240b-81ef-7612-a91dd0bac5dd" executionId="21099746-6643-4626-848a-175a9b356728" testListId="8c84fa94-04c1-424b-9868-57a2d4851a1d" />
    <TestEntry testId="86c02588-b87f-32bd-880b-56b0d73c1993" executionId="709eacd3-57e9-4a65-8caa-5b8ee321e908" testListId="8c84fa94-04c1-424b-9868-57a2d4851a1d" />
    <TestEntry testId="876b3f41-8b66-5cdb-8b9f-ad4f6f6688fd" executionId="25cd86bb-7c4e-4197-94da-b58e568d40c0" testListId="8c84fa94-04c1-424b-9868-57a2d4851a1d" />
    <TestEntry testId="8795f817-2bb9-9d00-f981-a3a8a2b7335e" executionId="13b15a1a-db9b-4009-aeeb-cd40333ec50c" testListId="8c84fa94-04c1-424b-9868-57a2d4851a1d" />
    <TestEntry testId="87e43b2d-037f-c02a-4ec1-bb30b85b838b" executionId="b9463abb-cd30-4467-a019-c8699f1583e7" testListId="8c84fa94-04c1-424b-9868-57a2d4851a1d" />
    <TestEntry testId="892a3b87-6eb6-1cb1-2f32-1bd29fed6734" executionId="aeea2755-8ef1-49ce-a72a-af4e4edad906" testListId="8c84fa94-04c1-424b-9868-57a2d4851a1d" />
    <TestEntry testId="89bed9d2-b230-1858-2102-76e62b11adeb" executionId="cf5bb153-69ae-4029-aa9d-a0c7890fd0ec" testListId="8c84fa94-04c1-424b-9868-57a2d4851a1d" />
    <TestEntry testId="8a248c8c-38d6-117a-cb08-bb2fddeae117" executionId="ac079c18-1b74-4229-a948-446a2ee7b803" testListId="8c84fa94-04c1-424b-9868-57a2d4851a1d" />
    <TestEntry testId="8a89149d-fc38-f8c9-1fbe-1bd1d7237593" executionId="769d28a7-bde2-49c2-8494-12fc85b6b960" testListId="8c84fa94-04c1-424b-9868-57a2d4851a1d" />
    <TestEntry testId="8d13964e-5c5a-1ee4-b9d1-2f111aabda85" executionId="f04251fd-f82f-4b6b-b783-df40708ed982" testListId="8c84fa94-04c1-424b-9868-57a2d4851a1d" />
    <TestEntry testId="8dec4c0d-9137-8bca-e823-6edddad67b2a" executionId="aa2e354a-2676-4ffe-b9a3-8deadf7621c2" testListId="8c84fa94-04c1-424b-9868-57a2d4851a1d" />
    <TestEntry testId="8f15350a-b612-7c9b-89ff-1e54a29d9340" executionId="a23db80f-2c10-436a-bc68-57a91795b497" testListId="8c84fa94-04c1-424b-9868-57a2d4851a1d" />
    <TestEntry testId="8f214c0c-af12-b9fb-ae32-e2f0e522a10f" executionId="82efdde7-9167-4e76-9923-89972cabf4f0" testListId="8c84fa94-04c1-424b-9868-57a2d4851a1d" />
    <TestEntry testId="8f949d67-2000-ad4f-76a8-a640e3b0f2ea" executionId="ea115d3c-4c04-4efe-9dd2-0b9103a62a83" testListId="8c84fa94-04c1-424b-9868-57a2d4851a1d" />
    <TestEntry testId="8fa3fd2f-ba25-de78-c47b-e00d25c74cb6" executionId="803ebbdd-6cfc-41b8-8226-2de0ab38ab2d" testListId="8c84fa94-04c1-424b-9868-57a2d4851a1d" />
    <TestEntry testId="8fabe6be-0a48-74a9-97ec-54d046e764bc" executionId="cae3303c-e44b-43d4-b469-0f22cf2f4850" testListId="8c84fa94-04c1-424b-9868-57a2d4851a1d" />
    <TestEntry testId="90427aa6-8cf4-b956-2b3f-9546b7107ae7" executionId="5b3cf7a5-361c-4b13-b7ef-ff0921e2802e" testListId="8c84fa94-04c1-424b-9868-57a2d4851a1d" />
    <TestEntry testId="91ad74e2-7f98-39c5-b2ac-d6979eb1e521" executionId="5a5d9631-15c4-42fb-b708-a798419a2acc" testListId="8c84fa94-04c1-424b-9868-57a2d4851a1d" />
    <TestEntry testId="91b6a0d5-596c-fd10-e624-2b129cb96b28" executionId="a7366939-6353-4919-8c58-c46a9bf1d268" testListId="8c84fa94-04c1-424b-9868-57a2d4851a1d" />
    <TestEntry testId="920395ef-4d81-2796-a8e3-57b62c679836" executionId="585f5e6e-fde1-422f-abb4-1452448811f3" testListId="8c84fa94-04c1-424b-9868-57a2d4851a1d" />
    <TestEntry testId="92c796c7-6140-7467-0f72-263f4de0d5fd" executionId="c2d7d806-1a44-42f0-8d99-245e67bc23b0" testListId="8c84fa94-04c1-424b-9868-57a2d4851a1d" />
    <TestEntry testId="92caeb3a-566c-6fce-a8ab-3dccc358efd9" executionId="64acf7a8-09e4-4e0f-913a-0cc8dd88008d" testListId="8c84fa94-04c1-424b-9868-57a2d4851a1d" />
    <TestEntry testId="93237b41-2edc-1e5e-efe4-c865b1af2b62" executionId="c0886442-8787-420e-a79b-5f2e3053915e" testListId="8c84fa94-04c1-424b-9868-57a2d4851a1d" />
    <TestEntry testId="93882b4b-b43e-315e-5540-34512bfc71a7" executionId="9ded6ace-16b5-48be-8444-f1c73742ee51" testListId="8c84fa94-04c1-424b-9868-57a2d4851a1d" />
    <TestEntry testId="94035d88-ed3c-a1c6-5571-0e7a52145b86" executionId="3bf9eaf2-272d-49d7-bbe3-03333313dd2f" testListId="8c84fa94-04c1-424b-9868-57a2d4851a1d" />
    <TestEntry testId="95816ce1-0531-2f11-d3d8-9f96ac610bcc" executionId="76767f5c-8e51-487a-ae23-08c05f5beac7" testListId="8c84fa94-04c1-424b-9868-57a2d4851a1d" />
    <TestEntry testId="9611d5ba-c78e-b7b6-592f-64194d91b456" executionId="918b86bf-6732-42e6-89bb-e744806dd9ca" testListId="8c84fa94-04c1-424b-9868-57a2d4851a1d" />
    <TestEntry testId="966b1426-163f-7f22-4eab-268da60e78c2" executionId="d5f5bdf5-4d81-42c8-ab1f-78611eca02e7" testListId="8c84fa94-04c1-424b-9868-57a2d4851a1d" />
    <TestEntry testId="97102229-37fa-e978-ffae-7fd4c7300f98" executionId="aa38107b-5efe-46d7-81ad-0c24f1928ab8" testListId="8c84fa94-04c1-424b-9868-57a2d4851a1d" />
    <TestEntry testId="97495e35-0952-692a-91b0-3d721dc574e4" executionId="d9cdc958-15b4-47c6-8b0b-f6974a5c3b41" testListId="8c84fa94-04c1-424b-9868-57a2d4851a1d" />
    <TestEntry testId="976d989e-cf59-5cea-2b30-323b52da07dc" executionId="001b9146-62ce-41bf-b3fc-3b120f2639b0" testListId="8c84fa94-04c1-424b-9868-57a2d4851a1d" />
    <TestEntry testId="990a1706-3c38-5c79-dd26-6bf2a85de470" executionId="a1cf4416-e98e-406a-a309-b59ea85ccb22" testListId="8c84fa94-04c1-424b-9868-57a2d4851a1d" />
    <TestEntry testId="9a12b8c7-dd2a-27a8-8e5c-846cf91e7a67" executionId="2dbecf98-0e02-4266-a1cb-fdb9518c9ca6" testListId="8c84fa94-04c1-424b-9868-57a2d4851a1d" />
    <TestEntry testId="9b2baef8-8cea-f431-96b6-95e1ddfaf4a9" executionId="b8df9fd2-6ead-4447-8605-b90b36fe381c" testListId="8c84fa94-04c1-424b-9868-57a2d4851a1d" />
    <TestEntry testId="9bfa0b14-def6-4233-8f09-efbae74ca192" executionId="e15ff8ee-9101-4a7e-be38-c4fc8c116bf3" testListId="8c84fa94-04c1-424b-9868-57a2d4851a1d" />
    <TestEntry testId="9d4922e1-95bb-cc07-dd59-02aa21bc0c9d" executionId="46e032e8-ba66-436a-8d47-51ff24d32290" testListId="8c84fa94-04c1-424b-9868-57a2d4851a1d" />
    <TestEntry testId="9e14e25f-07a5-efe4-0506-4f19b4be256b" executionId="e072983a-fa6a-45fb-8f68-eb9aa237cd7c" testListId="8c84fa94-04c1-424b-9868-57a2d4851a1d" />
    <TestEntry testId="9e62e436-d347-f0d4-fadd-560760980b01" executionId="547aca89-fba1-4833-aa97-9b45b688833d" testListId="8c84fa94-04c1-424b-9868-57a2d4851a1d" />
    <TestEntry testId="9ed7c416-1a7b-4673-195d-ca2e196d2a2e" executionId="e9e098fe-808a-42f0-8ca3-31a962efd9e7" testListId="8c84fa94-04c1-424b-9868-57a2d4851a1d" />
    <TestEntry testId="9f8161de-d8d9-0a40-2ccf-5f45a6d4b367" executionId="a00488ea-4a13-41d6-94a9-4229f3b16bc6" testListId="8c84fa94-04c1-424b-9868-57a2d4851a1d" />
    <TestEntry testId="a1e0f884-6f4f-6b96-6595-df107952cc43" executionId="9a0e5801-ba5b-49e8-9c50-e84bc6a63ff6" testListId="8c84fa94-04c1-424b-9868-57a2d4851a1d" />
    <TestEntry testId="a45582f8-3825-adac-44bf-8fa9e3381e89" executionId="a3290bfb-05cd-4136-b3fa-bed039bc09d8" testListId="8c84fa94-04c1-424b-9868-57a2d4851a1d" />
    <TestEntry testId="a5017919-7828-b52a-3fcf-0e88954eb83a" executionId="1fddb7da-feaa-445c-9fb5-997c4e00f096" testListId="8c84fa94-04c1-424b-9868-57a2d4851a1d" />
    <TestEntry testId="a5088dbd-9f6a-bb83-e64a-07cfd5052c81" executionId="078f32a2-d108-4753-8132-7503fcb2e919" testListId="8c84fa94-04c1-424b-9868-57a2d4851a1d" />
    <TestEntry testId="a51caca7-6a0e-8bea-fb89-3104ddb0e38a" executionId="be80e83c-ecac-4bd6-aa59-134650b95ea0" testListId="8c84fa94-04c1-424b-9868-57a2d4851a1d" />
    <TestEntry testId="a56170ce-b399-e27e-e213-58e00eb4c436" executionId="01d18059-f513-46c8-8acd-c50b445f90f0" testListId="8c84fa94-04c1-424b-9868-57a2d4851a1d" />
    <TestEntry testId="a5cd160e-17d6-fbbc-87f0-05f243caef08" executionId="6b582270-6788-4828-923a-a39fa1aa2b24" testListId="8c84fa94-04c1-424b-9868-57a2d4851a1d" />
    <TestEntry testId="a5e95aa9-bc38-31cc-9093-9339a7e10a1b" executionId="f0bea8e0-19e8-450a-becf-3fe4296a02ec" testListId="8c84fa94-04c1-424b-9868-57a2d4851a1d" />
    <TestEntry testId="a65b5eab-4121-901b-449c-fc9aba07d07b" executionId="e3970799-40d1-49d2-9977-315d59173fc2" testListId="8c84fa94-04c1-424b-9868-57a2d4851a1d" />
    <TestEntry testId="a9c998c1-d601-9d48-a5aa-e5458f5ccef5" executionId="4ab36559-7c6e-4672-a97c-51667d5ba5c1" testListId="8c84fa94-04c1-424b-9868-57a2d4851a1d" />
    <TestEntry testId="aa951c3d-ee4a-9ede-aac2-7e390167d171" executionId="8491c6e4-1e73-424d-bc35-3fa8649485b3" testListId="8c84fa94-04c1-424b-9868-57a2d4851a1d" />
    <TestEntry testId="aaf3c258-db99-aef3-b307-c0f8c95577a9" executionId="59c8a62e-2551-44d2-b78b-f9f78d795086" testListId="8c84fa94-04c1-424b-9868-57a2d4851a1d" />
    <TestEntry testId="ab328c1b-fd51-1dad-6b49-0a3734c2c2e7" executionId="12a93ce0-c609-4d9c-97ee-58cbc67a4144" testListId="8c84fa94-04c1-424b-9868-57a2d4851a1d" />
    <TestEntry testId="ab4705e8-14a4-6e9f-baf9-e3d238e84cf8" executionId="3d0dc85c-af91-4985-ae32-a90a9b104aea" testListId="8c84fa94-04c1-424b-9868-57a2d4851a1d" />
    <TestEntry testId="ab8ea52f-3bbb-7d59-5174-ec7db8071eb4" executionId="b78cd50f-4da2-4484-b072-0f25464191f0" testListId="8c84fa94-04c1-424b-9868-57a2d4851a1d" />
    <TestEntry testId="af3c2eea-1341-4d08-8112-791e701a0e4e" executionId="6e5c743a-9b17-43e1-8612-7266e04badf6" testListId="8c84fa94-04c1-424b-9868-57a2d4851a1d" />
    <TestEntry testId="b03d2b82-a5f5-4a0a-521f-fd9e431b28da" executionId="780931b6-5aaa-438d-b2ff-9f752f2e21d4" testListId="8c84fa94-04c1-424b-9868-57a2d4851a1d" />
    <TestEntry testId="b086ebe0-6bb0-f4b4-2d74-97b1a10dd517" executionId="1f77e24e-c25e-4b8b-a1f9-266c81598b08" testListId="8c84fa94-04c1-424b-9868-57a2d4851a1d" />
    <TestEntry testId="b1e8fb4c-7380-ad76-529d-dbdac5528194" executionId="865dc08b-8156-49f1-98bc-af591ea3398d" testListId="8c84fa94-04c1-424b-9868-57a2d4851a1d" />
    <TestEntry testId="b20907a7-3144-45e5-c78a-5e9a4f58d7c0" executionId="df634a2c-e0e2-48b9-b17d-45520d87aca6" testListId="8c84fa94-04c1-424b-9868-57a2d4851a1d" />
    <TestEntry testId="b2aadfc0-b55c-fa15-a9e1-9405ae9a9cc7" executionId="57fe8940-af28-4987-a146-ff1d583d4d66" testListId="8c84fa94-04c1-424b-9868-57a2d4851a1d" />
    <TestEntry testId="b2c4141e-1dfd-f110-5623-435719fb340e" executionId="7f0686f2-6b96-4715-9631-453e9015c416" testListId="8c84fa94-04c1-424b-9868-57a2d4851a1d" />
    <TestEntry testId="b2f30ec3-5e04-5411-1ff4-09fa134b1c9b" executionId="e466b561-6923-413a-afbc-25ba7be474ed" testListId="8c84fa94-04c1-424b-9868-57a2d4851a1d" />
    <TestEntry testId="b30e4a1d-f330-da4d-3e81-5c536003275c" executionId="41822445-e4c6-4051-a280-b0d9f9d46287" testListId="8c84fa94-04c1-424b-9868-57a2d4851a1d" />
    <TestEntry testId="b32008e9-7a6b-e8be-077f-aa699d6cced0" executionId="574d602f-8469-4cd6-9af7-91764e91ae62" testListId="8c84fa94-04c1-424b-9868-57a2d4851a1d" />
    <TestEntry testId="b43d3839-897a-8359-f8af-bc2aa0d853ca" executionId="70541005-c8ff-4925-b707-08b0da11bef4" testListId="8c84fa94-04c1-424b-9868-57a2d4851a1d" />
    <TestEntry testId="b51e8365-ff64-84bf-89d7-6e6cedcc3dbf" executionId="09497564-a863-40c6-93b1-847eda4c3b93" testListId="8c84fa94-04c1-424b-9868-57a2d4851a1d" />
    <TestEntry testId="b56ad954-f39f-415d-b4cd-5cf900faebf0" executionId="878336f6-03e0-417c-825c-023c9cf2f91f" testListId="8c84fa94-04c1-424b-9868-57a2d4851a1d" />
    <TestEntry testId="b6dfae7d-5cf1-2d64-17e8-8a5ce5813218" executionId="4eb25bc2-eca5-4956-94eb-7e06541c2664" testListId="8c84fa94-04c1-424b-9868-57a2d4851a1d" />
    <TestEntry testId="b70adbd0-590e-daec-704e-6b8d2f1eef4b" executionId="9fd815c6-0e4f-4b25-80ba-782527282fa2" testListId="8c84fa94-04c1-424b-9868-57a2d4851a1d" />
    <TestEntry testId="b70d24a9-e4cc-d879-39c7-bc30de9e70ab" executionId="0d91789c-788a-4162-8379-b374ae587da2" testListId="8c84fa94-04c1-424b-9868-57a2d4851a1d" />
    <TestEntry testId="b74830d0-a6ce-14b6-0d35-7c2e849267f3" executionId="67d92b8a-e6bc-46e7-a2fd-f8ade31a6580" testListId="8c84fa94-04c1-424b-9868-57a2d4851a1d" />
    <TestEntry testId="b81ff0f8-4bd4-95ca-3a1e-ebf2dd6ff95a" executionId="95357813-cbb4-4e21-8cdd-6d23f7cc8036" testListId="8c84fa94-04c1-424b-9868-57a2d4851a1d" />
    <TestEntry testId="b82459f8-9193-4181-e1c2-7a58eee94293" executionId="ef81fe97-62bd-446c-82ab-40aa94f0cc56" testListId="8c84fa94-04c1-424b-9868-57a2d4851a1d" />
    <TestEntry testId="b8e531ca-ec94-5331-cc83-d2332ab01f85" executionId="81295f9b-ebf5-4b25-be1c-90741c9f45cb" testListId="8c84fa94-04c1-424b-9868-57a2d4851a1d" />
    <TestEntry testId="b99ec452-b626-078c-5efb-2041d6f255c4" executionId="d8617101-a71b-499b-96dd-ce7e8e238989" testListId="8c84fa94-04c1-424b-9868-57a2d4851a1d" />
    <TestEntry testId="ba4ad856-2aca-f1cb-f1f3-4abe5647b176" executionId="574f8036-f916-453c-8987-ac12da553065" testListId="8c84fa94-04c1-424b-9868-57a2d4851a1d" />
    <TestEntry testId="ba655519-84b5-616e-0933-0bcd320e888d" executionId="99683579-c2cb-4bfc-9570-0c8b0d241014" testListId="8c84fa94-04c1-424b-9868-57a2d4851a1d" />
    <TestEntry testId="baf4ce3c-1fc7-efc9-3438-7f66d5c18bcf" executionId="4fdaa8f0-fd6d-430e-9ed3-90c50273031a" testListId="8c84fa94-04c1-424b-9868-57a2d4851a1d" />
    <TestEntry testId="bbc45056-7304-0cf8-18ec-0f56b7abf591" executionId="9381aece-5af7-46c2-8b0b-74455c7d3d72" testListId="8c84fa94-04c1-424b-9868-57a2d4851a1d" />
    <TestEntry testId="bbe65d68-71ba-72ec-21d1-a0b54bdef612" executionId="1a279f0d-96b5-4859-94da-6e7003c798bb" testListId="8c84fa94-04c1-424b-9868-57a2d4851a1d" />
    <TestEntry testId="bd00057e-88b2-1e9c-846b-ed190ddc5717" executionId="148201db-c3ea-4c19-9932-8d59cb239e4e" testListId="8c84fa94-04c1-424b-9868-57a2d4851a1d" />
    <TestEntry testId="bdf76499-e0f6-3d7b-4432-982ba6c3b223" executionId="d3e66866-9f8d-4281-9d8f-9a82401f6b11" testListId="8c84fa94-04c1-424b-9868-57a2d4851a1d" />
    <TestEntry testId="be4a640d-264d-b6fa-ba99-6f190c20c0bb" executionId="d9f147a3-db0b-4778-9244-be80cf43371c" testListId="8c84fa94-04c1-424b-9868-57a2d4851a1d" />
    <TestEntry testId="be5f5722-e49c-2552-3b23-55e7eba52bdb" executionId="d132908f-aa54-481d-ba8c-6be2b74e4f92" testListId="8c84fa94-04c1-424b-9868-57a2d4851a1d" />
    <TestEntry testId="be772578-3bd6-fe1e-69ad-baa513f62b0b" executionId="f74118cf-fcf9-429b-9e19-9748c31b7a8d" testListId="8c84fa94-04c1-424b-9868-57a2d4851a1d" />
    <TestEntry testId="bf4b4d8f-a9c5-278f-9d0c-4140566dfe7e" executionId="a248f93c-e706-4be6-9c75-98a17b04ac09" testListId="8c84fa94-04c1-424b-9868-57a2d4851a1d" />
    <TestEntry testId="bff4cadd-4f1c-2dc8-fd6c-9d55b780efae" executionId="143dd7aa-8ebf-44dd-bcfb-2075ad2aca60" testListId="8c84fa94-04c1-424b-9868-57a2d4851a1d" />
    <TestEntry testId="c0b049d8-5af1-212d-f646-b9a7aa76e7aa" executionId="7f165691-21de-4f7c-b79d-12a86edf0dc4" testListId="8c84fa94-04c1-424b-9868-57a2d4851a1d" />
    <TestEntry testId="c120e67a-ca3d-ad4a-6e13-a8ac39d90a59" executionId="2697653f-6424-4c04-b5c7-b87db438b5d2" testListId="8c84fa94-04c1-424b-9868-57a2d4851a1d" />
    <TestEntry testId="c1838d98-ca12-2824-62bc-37efa629a0f1" executionId="e44a9576-f8de-429a-885c-d08f0b3e347a" testListId="8c84fa94-04c1-424b-9868-57a2d4851a1d" />
    <TestEntry testId="c2a16b22-9983-ed58-4351-7fd3ef453798" executionId="f46fae15-dbda-4900-bb02-af7eaa120e02" testListId="8c84fa94-04c1-424b-9868-57a2d4851a1d" />
    <TestEntry testId="c35eb805-49e5-7d06-b69d-ba684aaa6791" executionId="2c662c89-71f7-45bd-822e-c2e75786be95" testListId="8c84fa94-04c1-424b-9868-57a2d4851a1d" />
    <TestEntry testId="c3a5f774-5c25-7fa7-593c-10a98b5db768" executionId="43835e6c-4df7-4640-984a-8e445eb9f6cb" testListId="8c84fa94-04c1-424b-9868-57a2d4851a1d" />
    <TestEntry testId="c3abe281-9f8b-f567-4c3c-8146a5220784" executionId="f1ba0d12-9b6d-4bc5-8761-6acaaa9e161e" testListId="8c84fa94-04c1-424b-9868-57a2d4851a1d" />
    <TestEntry testId="c3b85211-1b55-61c6-8d42-782c04048184" executionId="31c79ac8-8b61-414a-b461-6c98195013db" testListId="8c84fa94-04c1-424b-9868-57a2d4851a1d" />
    <TestEntry testId="c3d74631-4198-0bf7-31b4-c57e4e43d97c" executionId="80e6420d-4f03-4dda-aa0a-0afebfc65064" testListId="8c84fa94-04c1-424b-9868-57a2d4851a1d" />
    <TestEntry testId="c3e8dcc2-bac7-2a0c-9c06-8dc4838145f3" executionId="924e84ae-5a63-41c0-a20e-5a9f8325a5e3" testListId="8c84fa94-04c1-424b-9868-57a2d4851a1d" />
    <TestEntry testId="c3ee02a5-293b-7ff9-c709-98157fa3a3be" executionId="2bba44f8-370a-468c-a3d7-8b8a53b1b057" testListId="8c84fa94-04c1-424b-9868-57a2d4851a1d" />
    <TestEntry testId="c441e89e-f895-2b6d-e75c-6ac07c647d62" executionId="c80d867f-3287-49c1-9f9b-51bcc3ecc81a" testListId="8c84fa94-04c1-424b-9868-57a2d4851a1d" />
    <TestEntry testId="c4c6dbc5-8988-fc78-6c24-cd9bba7d228f" executionId="ca586d7a-7c85-4978-9a81-ddb0115bcfd9" testListId="8c84fa94-04c1-424b-9868-57a2d4851a1d" />
    <TestEntry testId="c5e910ca-b0f3-fe99-9027-8d0c98206539" executionId="4324b026-1991-4e18-9e05-5f8c1e4102c3" testListId="8c84fa94-04c1-424b-9868-57a2d4851a1d" />
    <TestEntry testId="c6e56d30-e4b1-0266-4be4-81fd81816d37" executionId="5f6990cd-4135-4d26-9ac4-f9e4a39351ef" testListId="8c84fa94-04c1-424b-9868-57a2d4851a1d" />
    <TestEntry testId="c764531a-8b43-978a-82fa-64e183192f81" executionId="d9025d9a-f73e-4121-8a24-216af0415daf" testListId="8c84fa94-04c1-424b-9868-57a2d4851a1d" />
    <TestEntry testId="c80221bd-ca0a-aa23-6b81-2ed5f20f8d5f" executionId="dbd17cf9-80fa-4e97-9b55-529cc723bd10" testListId="8c84fa94-04c1-424b-9868-57a2d4851a1d" />
    <TestEntry testId="c915ebab-6006-9244-c1bb-93a0e94b6128" executionId="0f0693a3-7900-423f-9ecc-e989f9f7c0bb" testListId="8c84fa94-04c1-424b-9868-57a2d4851a1d" />
    <TestEntry testId="cc8275a0-551e-d39e-ef08-c6785391cae1" executionId="515d0078-ee80-46a3-b00f-8a8c805e77a4" testListId="8c84fa94-04c1-424b-9868-57a2d4851a1d" />
    <TestEntry testId="cde3f8df-5511-2974-1851-e9e6d6fb436e" executionId="0bbae3c4-7d5a-42c6-9b73-915893d67efb" testListId="8c84fa94-04c1-424b-9868-57a2d4851a1d" />
    <TestEntry testId="cdf50321-c0eb-ddc4-0179-2919c2028903" executionId="e7bb4cdb-9200-4af0-b168-5e865a74429e" testListId="8c84fa94-04c1-424b-9868-57a2d4851a1d" />
    <TestEntry testId="cf0ed431-1996-776b-ee72-64e564d77181" executionId="5d3b56c1-2cf9-4fac-941f-9f1249d5c91a" testListId="8c84fa94-04c1-424b-9868-57a2d4851a1d" />
    <TestEntry testId="cf67e106-470b-64ee-b4ec-daf199d3db2f" executionId="6aa1ab78-2f90-4d14-ab60-ae3cb9e978e4" testListId="8c84fa94-04c1-424b-9868-57a2d4851a1d" />
    <TestEntry testId="d0140d76-78ce-58b3-2274-c95b28b0ccfb" executionId="4c8cd366-297d-48b5-b6ed-4671a5181d62" testListId="8c84fa94-04c1-424b-9868-57a2d4851a1d" />
    <TestEntry testId="d049d90a-3dba-26cb-52eb-d9fac6863bbe" executionId="bb2796cb-e412-4be9-a016-51aa716ed42b" testListId="8c84fa94-04c1-424b-9868-57a2d4851a1d" />
    <TestEntry testId="d11783f8-e784-d3a8-e59d-63f92290584b" executionId="1b43c9e7-d046-4662-9114-1ad3968dca82" testListId="8c84fa94-04c1-424b-9868-57a2d4851a1d" />
    <TestEntry testId="d1244455-073f-9dfb-7627-1dfedd276854" executionId="fc853e1a-2107-420f-8a3a-9c0ac1ac4d1a" testListId="8c84fa94-04c1-424b-9868-57a2d4851a1d" />
    <TestEntry testId="d2b87ca7-13bf-5225-5027-20d84a20b6c5" executionId="2491e5f2-cb26-40ba-91ab-268d9782d070" testListId="8c84fa94-04c1-424b-9868-57a2d4851a1d" />
    <TestEntry testId="d400fa75-dd71-d01b-c6b4-e354835a9d50" executionId="6a06dbce-a4ca-4e38-84d9-15f757c130cd" testListId="8c84fa94-04c1-424b-9868-57a2d4851a1d" />
    <TestEntry testId="d5027f5f-1da1-2a25-97cf-1e7da6a062b5" executionId="908c7753-a117-4992-abf3-151cc6e4e764" testListId="8c84fa94-04c1-424b-9868-57a2d4851a1d" />
    <TestEntry testId="d547ad6e-782f-a39e-e1be-9fb7bf1da3b9" executionId="e4c47c35-bede-4045-a6cd-8e04954fccb6" testListId="8c84fa94-04c1-424b-9868-57a2d4851a1d" />
    <TestEntry testId="d56f2fbf-3f3e-cba1-4f8d-7b34cec35b0a" executionId="42bf4313-cabf-4859-a5d7-b3010bf41fe1" testListId="8c84fa94-04c1-424b-9868-57a2d4851a1d" />
    <TestEntry testId="d5c0936a-c599-0b52-ccd7-56cf32ad0c4f" executionId="89340f8e-63d4-4462-870f-e3e646aa53bd" testListId="8c84fa94-04c1-424b-9868-57a2d4851a1d" />
    <TestEntry testId="d654d0fa-e627-5ae5-cf4d-55765a616a3e" executionId="6e7d78a2-b3eb-4a07-9588-ba6901c3c695" testListId="8c84fa94-04c1-424b-9868-57a2d4851a1d" />
    <TestEntry testId="d75bbbff-3e3e-ac68-2b4f-48cfb14f2d0a" executionId="edd640c5-57ee-4942-b631-c1149ad7d86f" testListId="8c84fa94-04c1-424b-9868-57a2d4851a1d" />
    <TestEntry testId="d8115cf2-acd6-b8cc-aa75-b519347ccd23" executionId="44ff3567-6219-452b-a3ec-ad68a870f9f0" testListId="8c84fa94-04c1-424b-9868-57a2d4851a1d" />
    <TestEntry testId="d820847a-a64d-718b-5774-4886058277c3" executionId="25094923-778e-4b66-a715-717fc0245717" testListId="8c84fa94-04c1-424b-9868-57a2d4851a1d" />
    <TestEntry testId="d8af0a27-8cd9-d036-917e-00672cd2689b" executionId="987416fe-db22-4fb7-be5f-5881c82dd9fe" testListId="8c84fa94-04c1-424b-9868-57a2d4851a1d" />
    <TestEntry testId="d97a225a-e31a-2138-2fae-7b4109b25275" executionId="64d38452-9528-4078-aa52-74db942318b4" testListId="8c84fa94-04c1-424b-9868-57a2d4851a1d" />
    <TestEntry testId="d982986f-d5cc-bb8f-d6d8-e2a54e2f4dd0" executionId="fbf0d227-9d38-40b7-89e7-3af12eb01177" testListId="8c84fa94-04c1-424b-9868-57a2d4851a1d" />
    <TestEntry testId="d9b4351c-7a62-1cab-5792-b4bc31c2d3e2" executionId="dc0f1f86-8b3f-4aa1-a9fd-783194b10527" testListId="8c84fa94-04c1-424b-9868-57a2d4851a1d" />
    <TestEntry testId="db3591dc-f825-55e5-4b39-c42cda4bfcd4" executionId="4d573270-bace-4dc8-bcf2-ae1005d018c8" testListId="8c84fa94-04c1-424b-9868-57a2d4851a1d" />
    <TestEntry testId="db3b4c9b-bf56-f07b-1edd-3db630376de3" executionId="3e49c368-1ce7-496e-bd30-233c19d166b7" testListId="8c84fa94-04c1-424b-9868-57a2d4851a1d" />
    <TestEntry testId="dc08494a-5655-aecb-96fc-b52817050a2a" executionId="d2fc8373-a8e0-49fc-a76e-675f7f2d59b0" testListId="8c84fa94-04c1-424b-9868-57a2d4851a1d" />
    <TestEntry testId="dc78d455-e59d-ace7-23e4-df6c3ad29814" executionId="4f996e1c-37a5-4cff-859b-6a6ad425ec64" testListId="8c84fa94-04c1-424b-9868-57a2d4851a1d" />
    <TestEntry testId="de06015f-869e-46b8-4b51-8c7b049b2b96" executionId="aa1535cb-b0f5-46bc-83be-5be57d5edf7e" testListId="8c84fa94-04c1-424b-9868-57a2d4851a1d" />
    <TestEntry testId="de9d9ca9-6d6f-fece-a7ad-0d011ee5cf94" executionId="0081a8da-5db4-4e81-8d57-4f1d7fa1d37b" testListId="8c84fa94-04c1-424b-9868-57a2d4851a1d" />
    <TestEntry testId="dfddd698-039d-4cb7-341a-94646b1b9270" executionId="8de2b21f-7da0-471a-8de6-99574767ffd9" testListId="8c84fa94-04c1-424b-9868-57a2d4851a1d" />
    <TestEntry testId="e18cfbc3-f9cf-311e-f710-177b71a46e6d" executionId="b06e0fbf-f9d0-4626-b442-1fdaf75fdf1f" testListId="8c84fa94-04c1-424b-9868-57a2d4851a1d" />
    <TestEntry testId="e197bdfc-0045-603d-fd55-1b37a447bd99" executionId="8d5c54d9-3d52-4793-8063-365dc9a8594a" testListId="8c84fa94-04c1-424b-9868-57a2d4851a1d" />
    <TestEntry testId="e2bf1cdc-50b4-47f6-3dd7-62edeb57bce2" executionId="16292ee2-9ec2-41db-bd61-e751b694b809" testListId="8c84fa94-04c1-424b-9868-57a2d4851a1d" />
    <TestEntry testId="e2cc1bd6-a2a2-cb02-4b55-fe1eccb8526b" executionId="cb1cdac2-2373-4002-8af5-1e22f53d8626" testListId="8c84fa94-04c1-424b-9868-57a2d4851a1d" />
    <TestEntry testId="e2ea95fb-c5c4-8579-22e2-2d857f0fee1f" executionId="b0d82c79-89f9-4607-a5a9-476d92497f0d" testListId="8c84fa94-04c1-424b-9868-57a2d4851a1d" />
    <TestEntry testId="e30391ee-1b3b-ee9f-b02c-b47de478c33f" executionId="520bc0a5-13d5-48e9-a68c-d66768fde1fe" testListId="8c84fa94-04c1-424b-9868-57a2d4851a1d" />
    <TestEntry testId="e37183df-04ce-aa53-28d5-e792188a2202" executionId="9d66b460-a900-4063-b8e2-e9cef4b3b494" testListId="8c84fa94-04c1-424b-9868-57a2d4851a1d" />
    <TestEntry testId="e3e433dc-f656-51bd-faab-b6cc3200c3cc" executionId="100c6b6a-66e0-4b0a-863f-507ddca27821" testListId="8c84fa94-04c1-424b-9868-57a2d4851a1d" />
    <TestEntry testId="e4451568-6212-a798-2a99-bf5d281a2d5f" executionId="725ce64c-6c81-4b34-b11a-663061b3c8be" testListId="8c84fa94-04c1-424b-9868-57a2d4851a1d" />
    <TestEntry testId="e5750d14-09bb-ec70-127b-652a47b7dd9c" executionId="24cdb446-bfbb-4833-9e83-e2c15c050f2a" testListId="8c84fa94-04c1-424b-9868-57a2d4851a1d" />
    <TestEntry testId="e75a22b2-c563-8631-1997-baffb42f02e0" executionId="f334246d-ba07-4381-ba5f-37e7ff24f5d9" testListId="8c84fa94-04c1-424b-9868-57a2d4851a1d" />
    <TestEntry testId="e7744f00-f1f0-3f04-ae6a-e86613496233" executionId="c60c6a5d-6e52-4bca-bc58-fbfdc4cc87e0" testListId="8c84fa94-04c1-424b-9868-57a2d4851a1d" />
    <TestEntry testId="e77c7ab7-183b-1f93-57a3-77e0403bec4c" executionId="f5f2e73b-d1e2-4fa8-bc96-97aaa5886e41" testListId="8c84fa94-04c1-424b-9868-57a2d4851a1d" />
    <TestEntry testId="e80fc0c4-2914-56fc-191b-489f27774cbc" executionId="2eb5663f-6ed5-4184-b06e-596ea54b0fe7" testListId="8c84fa94-04c1-424b-9868-57a2d4851a1d" />
    <TestEntry testId="e860bbd5-6ce1-07c3-fd03-d14cbeda5d8f" executionId="c4ecac12-f4ca-4917-bf4e-d383da095ced" testListId="8c84fa94-04c1-424b-9868-57a2d4851a1d" />
    <TestEntry testId="e89c0529-2532-190e-5936-91edd9263fb1" executionId="16e52531-04c6-4fee-900d-e9aba64973c6" testListId="8c84fa94-04c1-424b-9868-57a2d4851a1d" />
    <TestEntry testId="e8dd01cd-30c9-943f-8fc4-f4240bad21f1" executionId="e177ff07-6e30-41a6-83f1-1c3b6c8041ec" testListId="8c84fa94-04c1-424b-9868-57a2d4851a1d" />
    <TestEntry testId="e966bfbe-0422-eb75-f093-b800f9c629b7" executionId="b63c46d2-a33f-4a75-9245-f2361c89e8f3" testListId="8c84fa94-04c1-424b-9868-57a2d4851a1d" />
    <TestEntry testId="ea12baf4-c62d-b0ca-b8ec-0dd742c09890" executionId="6de86cd3-f51b-4f3f-8176-98f4676619b7" testListId="8c84fa94-04c1-424b-9868-57a2d4851a1d" />
    <TestEntry testId="ea8ee283-08b1-8adf-4aa4-5e76e4a476d8" executionId="41b33387-391b-4993-a0b1-2aa124ac20ae" testListId="8c84fa94-04c1-424b-9868-57a2d4851a1d" />
    <TestEntry testId="ea9a1e87-93ad-3a52-2165-5f8c61f04d38" executionId="8fcb31da-3e7b-43c4-b840-5e958fbc6c13" testListId="8c84fa94-04c1-424b-9868-57a2d4851a1d" />
    <TestEntry testId="eaed8830-28b9-0d81-19c8-50909473733c" executionId="9af4a71c-d845-4bee-a283-0d6f65c056d9" testListId="8c84fa94-04c1-424b-9868-57a2d4851a1d" />
    <TestEntry testId="ebf62956-8cad-1ea9-be23-3282e8e24cf9" executionId="99011660-3a59-4e48-a36f-79d0baa21c06" testListId="8c84fa94-04c1-424b-9868-57a2d4851a1d" />
    <TestEntry testId="ec491029-dab5-3481-ec80-f35631103905" executionId="c08540ce-e2c9-48e2-8403-d56a2fa7fec2" testListId="8c84fa94-04c1-424b-9868-57a2d4851a1d" />
    <TestEntry testId="ec55615d-1e36-c752-f2bf-b20284d0ae33" executionId="d06602f3-d349-4524-bad8-04a8943135b4" testListId="8c84fa94-04c1-424b-9868-57a2d4851a1d" />
    <TestEntry testId="ec99d1a9-4b49-a94f-134c-f58d11b57222" executionId="75ef654a-2a38-4e58-98ea-2748cbfb34a1" testListId="8c84fa94-04c1-424b-9868-57a2d4851a1d" />
    <TestEntry testId="eda1af69-c93e-56bb-5fe9-14115441188c" executionId="a02104b4-bd21-4a61-ba44-3873b4e3ae01" testListId="8c84fa94-04c1-424b-9868-57a2d4851a1d" />
    <TestEntry testId="ee7a26ae-f08b-c1d5-713f-d21139c592b9" executionId="e2915fd4-6e48-4631-9c8a-bc2c33a74206" testListId="8c84fa94-04c1-424b-9868-57a2d4851a1d" />
    <TestEntry testId="eeb34c89-a7df-f580-faa2-1b58190ee5be" executionId="56627ce1-c2a9-4bf3-bfda-d22d59fcee94" testListId="8c84fa94-04c1-424b-9868-57a2d4851a1d" />
    <TestEntry testId="ef82270c-3036-3051-f3de-27b622229225" executionId="19a4f620-cfc8-448d-8e2a-1cca89c07b8a" testListId="8c84fa94-04c1-424b-9868-57a2d4851a1d" />
    <TestEntry testId="f20d04ec-6bdf-2adb-3ea0-dea4791f58d1" executionId="16403b16-17cc-4f94-9230-ad1f9c14bf70" testListId="8c84fa94-04c1-424b-9868-57a2d4851a1d" />
    <TestEntry testId="f342f959-584b-70f7-fc12-f7e45c365653" executionId="6e33f719-6fb1-43a6-a377-ba4e2caa067e" testListId="8c84fa94-04c1-424b-9868-57a2d4851a1d" />
    <TestEntry testId="f379b7c1-eb43-f239-1226-f41b6efc1dcd" executionId="7d5dca4a-9837-4fc0-a545-c73c1058e70c" testListId="8c84fa94-04c1-424b-9868-57a2d4851a1d" />
    <TestEntry testId="f3c8111d-0bf8-839f-284c-12420a9a1467" executionId="48f9c4ca-e491-4f82-b65b-0bd0ee7313a6" testListId="8c84fa94-04c1-424b-9868-57a2d4851a1d" />
    <TestEntry testId="f4332708-2d9b-652b-a920-66192f9cdfaf" executionId="e501c3b8-c229-407a-95dd-ac44306c734f" testListId="8c84fa94-04c1-424b-9868-57a2d4851a1d" />
    <TestEntry testId="f4511594-467b-74f8-7fee-b4f5edc20b84" executionId="f5bce4ca-f34b-4102-b023-b70f9c4f3621" testListId="8c84fa94-04c1-424b-9868-57a2d4851a1d" />
    <TestEntry testId="f4a16930-7fb5-1364-b2bb-1dffeb9040de" executionId="58c678db-9181-4ad6-84a1-ed4bd85a11ff" testListId="8c84fa94-04c1-424b-9868-57a2d4851a1d" />
    <TestEntry testId="f4f76af5-0d54-7bf8-8ba4-b32803d7a374" executionId="7ba29c3d-2d2e-496f-87c3-c75935ee3130" testListId="8c84fa94-04c1-424b-9868-57a2d4851a1d" />
    <TestEntry testId="f4fcc51c-8f8e-7431-03c1-95529343e3ab" executionId="5693e9ac-be67-46fc-943f-89541bad0da6" testListId="8c84fa94-04c1-424b-9868-57a2d4851a1d" />
    <TestEntry testId="f50339b2-56a6-fab9-1b43-e437b5e0a59d" executionId="60af3ade-727a-459a-ae88-5961f83cf920" testListId="8c84fa94-04c1-424b-9868-57a2d4851a1d" />
    <TestEntry testId="f508d895-6987-1ba4-4750-b5ae512c4eca" executionId="2c4d5811-5442-4366-8ffd-e56165df885d" testListId="8c84fa94-04c1-424b-9868-57a2d4851a1d" />
    <TestEntry testId="f51de229-4761-6e36-e9f5-2ae1d5b346f0" executionId="3e68e284-4c60-4c33-8171-200f76650783" testListId="8c84fa94-04c1-424b-9868-57a2d4851a1d" />
    <TestEntry testId="f54b9d87-7e35-d661-8f30-1a09064c130c" executionId="b9a37c13-451f-4fa9-8223-5f073d338a3e" testListId="8c84fa94-04c1-424b-9868-57a2d4851a1d" />
    <TestEntry testId="f55b9351-7cff-05be-34ae-f71cd06467b8" executionId="23d2952e-7e9c-480f-be69-15c2c63c078a" testListId="8c84fa94-04c1-424b-9868-57a2d4851a1d" />
    <TestEntry testId="f5f02455-4aef-8763-5044-dc094bc64ba2" executionId="794bf32f-5408-4d30-b1c8-d7469b0a2b2d" testListId="8c84fa94-04c1-424b-9868-57a2d4851a1d" />
    <TestEntry testId="f66902ae-2eb8-36de-bdb4-af24338ae682" executionId="8d0adeb2-4861-4b65-87ec-16035a9fa917" testListId="8c84fa94-04c1-424b-9868-57a2d4851a1d" />
    <TestEntry testId="f685a220-cae8-50b0-d543-46e310017a33" executionId="0f815e79-f6fc-494a-a77d-dec1b2170f89" testListId="8c84fa94-04c1-424b-9868-57a2d4851a1d" />
    <TestEntry testId="f791b1fc-7ecf-06ad-9b72-838a0f1da804" executionId="165ddbda-6fa1-436c-9552-0346835c1f39" testListId="8c84fa94-04c1-424b-9868-57a2d4851a1d" />
    <TestEntry testId="f96aeaaa-982a-50fe-9819-4fadbbdc5555" executionId="cefb58f8-d69d-4ef5-ade1-9d65bee481df" testListId="8c84fa94-04c1-424b-9868-57a2d4851a1d" />
    <TestEntry testId="fa1989e4-dedf-2eca-f2e1-6a1893f9bfd6" executionId="a4e93235-d706-41d5-a1f1-b7a4f3473b79" testListId="8c84fa94-04c1-424b-9868-57a2d4851a1d" />
    <TestEntry testId="fa540630-b33a-7141-4c49-c4e59268577a" executionId="59e731f7-7f80-4cb4-bd69-c4fcc903383e" testListId="8c84fa94-04c1-424b-9868-57a2d4851a1d" />
    <TestEntry testId="fbd930ae-612e-63f9-7d85-96b5097af772" executionId="08301213-05f2-4d4c-8272-dd56ed620272" testListId="8c84fa94-04c1-424b-9868-57a2d4851a1d" />
    <TestEntry testId="fc92c33d-a24e-4715-be4e-9ee45be3958a" executionId="f7b7cf14-c228-4cf1-ad4d-98a48713fd27" testListId="8c84fa94-04c1-424b-9868-57a2d4851a1d" />
    <TestEntry testId="fd09b993-a9b4-e74b-ac25-fcabec687112" executionId="d9c99858-1fe9-4577-aa8e-4f2071a8f90b" testListId="8c84fa94-04c1-424b-9868-57a2d4851a1d" />
    <TestEntry testId="fd8b4436-5b05-e5cd-4153-53edada97a9b" executionId="03c36230-a604-47e9-ba92-78f15bfd8cf2" testListId="8c84fa94-04c1-424b-9868-57a2d4851a1d" />
    <TestEntry testId="fdc59520-9564-0684-d4f9-2091f576f931" executionId="f260c959-d3ad-4fbe-8d10-0c652fd6b9b2" testListId="8c84fa94-04c1-424b-9868-57a2d4851a1d" />
    <TestEntry testId="fdc6582f-0eab-5f36-d160-7547a6de5dbb" executionId="6ab7ef11-22a9-43a0-bc88-61c0c9898875" testListId="8c84fa94-04c1-424b-9868-57a2d4851a1d" />
    <TestEntry testId="febe8afb-7bc1-3f13-831b-73b163a8c327" executionId="f368cf77-45e4-4d4a-a43b-3341198686b6" testListId="8c84fa94-04c1-424b-9868-57a2d4851a1d" />
  </TestEntries>
  <Results>
    <UnitTestResult executionId="1ff4aae1-89da-4c7f-886d-b43571f62e98" testId="013a48c5-946e-02f6-4064-7f83cd8d7665" testName="Shuffle395" computerName="MINIAC" duration="00:00:00.1915581" startTime="2011-01-14T23:32:23.3233653+00:00" endTime="2011-01-14T23:32:24.3684420+00:00" testType="13cdc9d9-ddb5-4fa4-a97d-d965ccfc6d4b" outcome="Passed" testListId="8c84fa94-04c1-424b-9868-57a2d4851a1d" relativeResultsDirectory="1ff4aae1-89da-4c7f-886d-b43571f62e98">
    </UnitTestResult>
    <UnitTestResult executionId="d0dffde7-2779-40b8-8af0-fdc50e9a0f33" testId="028f28fd-be8d-20f6-580d-7908e85c567f" testName="Random01ThrowsContractException508" computerName="MINIAC" duration="00:00:00.0501365" startTime="2011-01-14T23:32:24.3804427+00:00" endTime="2011-01-14T23:32:24.4384460+00:00" testType="13cdc9d9-ddb5-4fa4-a97d-d965ccfc6d4b" outcome="Passed" testListId="8c84fa94-04c1-424b-9868-57a2d4851a1d" relativeResultsDirectory="d0dffde7-2779-40b8-8af0-fdc50e9a0f33">
    </UnitTestResult>
    <UnitTestResult executionId="a8b8f51c-668c-4e3e-8cf8-b46197229f4b" testId="03c88b26-e4eb-d38e-6683-3ac55f8aeeac" testName="Add60901" computerName="MINIAC" duration="00:00:00.0029456" startTime="2011-01-14T23:32:24.4434463+00:00" endTime="2011-01-14T23:32:24.4524468+00:00" testType="13cdc9d9-ddb5-4fa4-a97d-d965ccfc6d4b" outcome="Passed" testListId="8c84fa94-04c1-424b-9868-57a2d4851a1d" relativeResultsDirectory="a8b8f51c-668c-4e3e-8cf8-b46197229f4b">
    </UnitTestResult>
    <UnitTestResult executionId="4f889dec-04fd-40d4-872e-cc29ed06ee05" testId="04c53adc-df51-85a8-3dcb-278e962fc112" testName="Subarray709" computerName="MINIAC" duration="00:00:00.0054658" startTime="2011-01-14T23:32:24.4564471+00:00" endTime="2011-01-14T23:32:24.4694478+00:00" testType="13cdc9d9-ddb5-4fa4-a97d-d965ccfc6d4b" outcome="Passed" testListId="8c84fa94-04c1-424b-9868-57a2d4851a1d" relativeResultsDirectory="4f889dec-04fd-40d4-872e-cc29ed06ee05">
    </UnitTestResult>
    <UnitTestResult executionId="a4544959-26a9-48e0-aa9f-69a8bb469f8e" testId="055e48df-0214-9f4b-ed2b-c5a320ca2c7d" testName="As0163236" computerName="MINIAC" duration="00:00:00.0019420" startTime="2011-01-14T23:32:24.4744481+00:00" endTime="2011-01-14T23:32:24.4834486+00:00" testType="13cdc9d9-ddb5-4fa4-a97d-d965ccfc6d4b" outcome="Passed" testListId="8c84fa94-04c1-424b-9868-57a2d4851a1d" relativeResultsDirectory="a4544959-26a9-48e0-aa9f-69a8bb469f8e">
    </UnitTestResult>
    <UnitTestResult executionId="14a7a4b9-ce00-4347-8f5f-c1b7af683baf" testId="06856cc0-d338-2fce-b65e-89181f957a9c" testName="ToThrowsContractException88" computerName="MINIAC" duration="00:00:00.0024832" startTime="2011-01-14T23:32:24.4874488+00:00" endTime="2011-01-14T23:32:24.4994495+00:00" testType="13cdc9d9-ddb5-4fa4-a97d-d965ccfc6d4b" outcome="Passed" testListId="8c84fa94-04c1-424b-9868-57a2d4851a1d" relativeResultsDirectory="14a7a4b9-ce00-4347-8f5f-c1b7af683baf">
    </UnitTestResult>
    <UnitTestResult executionId="8045ccd3-6b9a-4d58-b5e6-83be26002867" testId="07802348-e3dc-037c-ce88-1e51ccef97b0" testName="NextTimeSpan01ThrowsContractException279" computerName="MINIAC" duration="00:00:00.0010466" startTime="2011-01-14T23:32:24.5024497+00:00" endTime="2011-01-14T23:32:24.5144504+00:00" testType="13cdc9d9-ddb5-4fa4-a97d-d965ccfc6d4b" outcome="Passed" testListId="8c84fa94-04c1-424b-9868-57a2d4851a1d" relativeResultsDirectory="8045ccd3-6b9a-4d58-b5e6-83be26002867">
    </UnitTestResult>
    <UnitTestResult executionId="2022bebe-f06b-491c-846c-c51556dcec6a" testId="0860ee19-0524-5919-2b3c-8316527f7933" testName="If921" computerName="MINIAC" duration="00:00:00.0003616" startTime="2011-01-14T23:32:24.5184506+00:00" endTime="2011-01-14T23:32:24.5284512+00:00" testType="13cdc9d9-ddb5-4fa4-a97d-d965ccfc6d4b" outcome="Passed" testListId="8c84fa94-04c1-424b-9868-57a2d4851a1d" relativeResultsDirectory="2022bebe-f06b-491c-846c-c51556dcec6a">
    </UnitTestResult>
    <UnitTestResult executionId="998bb40e-fc38-49df-91cf-629262c596de" testId="099b6629-b323-a9b6-3641-ebce58ee0f7c" testName="AsEnumerable02588" computerName="MINIAC" duration="00:00:00.0586316" startTime="2011-01-14T23:32:24.5324514+00:00" endTime="2011-01-14T23:32:24.6014553+00:00" testType="13cdc9d9-ddb5-4fa4-a97d-d965ccfc6d4b" outcome="Passed" testListId="8c84fa94-04c1-424b-9868-57a2d4851a1d" relativeResultsDirectory="998bb40e-fc38-49df-91cf-629262c596de">
    </UnitTestResult>
    <UnitTestResult executionId="dc3d2351-4d05-49cb-98e1-79da6eeef515" testId="09abec53-bc8a-0db2-1ff6-28ad5ea0f559" testName="As0166404" computerName="MINIAC" duration="00:00:00.0035298" startTime="2011-01-14T23:32:24.6044555+00:00" endTime="2011-01-14T23:32:24.6174563+00:00" testType="13cdc9d9-ddb5-4fa4-a97d-d965ccfc6d4b" outcome="Passed" testListId="8c84fa94-04c1-424b-9868-57a2d4851a1d" relativeResultsDirectory="dc3d2351-4d05-49cb-98e1-79da6eeef515">
    </UnitTestResult>
    <UnitTestResult executionId="7c297264-7624-419a-8650-7bb2026d7fb9" testId="09d5fce9-d98a-1fa1-f446-d10c4751e838" testName="ToBitmapSourceThrowsContractException871" computerName="MINIAC" duration="00:00:00.0225441" startTime="2011-01-14T23:32:24.6214565+00:00" endTime="2011-01-14T23:32:24.6524583+00:00" testType="13cdc9d9-ddb5-4fa4-a97d-d965ccfc6d4b" outcome="Passed" testListId="8c84fa94-04c1-424b-9868-57a2d4851a1d" relativeResultsDirectory="7c297264-7624-419a-8650-7bb2026d7fb9">
    </UnitTestResult>
    <UnitTestResult executionId="62f0080b-0809-450e-8136-96773dfafe43" testId="0b76aeed-ae7b-38c5-60da-c9243d875dc1" testName="NullOr90705" computerName="MINIAC" duration="00:00:00.0736513" startTime="2011-01-14T23:32:24.6624588+00:00" endTime="2011-01-14T23:32:24.7494638+00:00" testType="13cdc9d9-ddb5-4fa4-a97d-d965ccfc6d4b" outcome="Passed" testListId="8c84fa94-04c1-424b-9868-57a2d4851a1d" relativeResultsDirectory="62f0080b-0809-450e-8136-96773dfafe43">
    </UnitTestResult>
    <UnitTestResult executionId="a39971c6-d13f-4b9e-91df-528d4044b033" testId="0b8785c2-8bd4-a826-60eb-f295a2d7fcb3" testName="As01660" computerName="MINIAC" duration="00:00:00.0004404" startTime="2011-01-14T23:32:24.7534640+00:00" endTime="2011-01-14T23:32:24.7634646+00:00" testType="13cdc9d9-ddb5-4fa4-a97d-d965ccfc6d4b" outcome="Passed" testListId="8c84fa94-04c1-424b-9868-57a2d4851a1d" relativeResultsDirectory="a39971c6-d13f-4b9e-91df-528d4044b033">
    </UnitTestResult>
    <UnitTestResult executionId="7c3b0d39-976b-4fe7-8c76-b8cd6973e785" testId="0c1112ce-06b8-6d36-f7fb-a3574f6e2065" testName="As0163237" computerName="MINIAC" duration="00:00:00.0004120" startTime="2011-01-14T23:32:24.7674648+00:00" endTime="2011-01-14T23:32:24.7804656+00:00" testType="13cdc9d9-ddb5-4fa4-a97d-d965ccfc6d4b" outcome="Passed" testListId="8c84fa94-04c1-424b-9868-57a2d4851a1d" relativeResultsDirectory="7c3b0d39-976b-4fe7-8c76-b8cd6973e785">
    </UnitTestResult>
    <UnitTestResult executionId="6568f6b4-ad99-4424-a652-cf7d4ccb7987" testId="0c58cf0b-ac72-a134-206f-98daff22c7f5" testName="As0132103" computerName="MINIAC" duration="00:00:00.0004036" startTime="2011-01-14T23:32:24.7854659+00:00" endTime="2011-01-14T23:32:24.7934663+00:00" testType="13cdc9d9-ddb5-4fa4-a97d-d965ccfc6d4b" outcome="Passed" testListId="8c84fa94-04c1-424b-9868-57a2d4851a1d" relativeResultsDirectory="6568f6b4-ad99-4424-a652-cf7d4ccb7987">
    </UnitTestResult>
    <UnitTestResult executionId="89ed64b2-d5e2-4632-94bb-3162b29f0131" testId="0c6370f1-3a15-0de1-18cb-8da30dd57ee7" testName="UnionAllThrowsContractException498" computerName="MINIAC" duration="00:00:00.0023997" startTime="2011-01-14T23:32:24.8004667+00:00" endTime="2011-01-14T23:32:24.8124674+00:00" testType="13cdc9d9-ddb5-4fa4-a97d-d965ccfc6d4b" outcome="Passed" testListId="8c84fa94-04c1-424b-9868-57a2d4851a1d" relativeResultsDirectory="89ed64b2-d5e2-4632-94bb-3162b29f0131">
    </UnitTestResult>
    <UnitTestResult executionId="4eaa2c37-25b2-42f8-951f-17ccc20fd3b0" testId="0cb477c5-7b02-500d-45eb-bb863b0c13bb" testName="RangeThrowsContractException958" computerName="MINIAC" duration="00:00:00.0042717" startTime="2011-01-14T23:32:24.8144675+00:00" endTime="2011-01-14T23:32:24.8314685+00:00" testType="13cdc9d9-ddb5-4fa4-a97d-d965ccfc6d4b" outcome="Passed" testListId="8c84fa94-04c1-424b-9868-57a2d4851a1d" relativeResultsDirectory="4eaa2c37-25b2-42f8-951f-17ccc20fd3b0">
    </UnitTestResult>
    <UnitTestResult executionId="dff1c73f-8671-4a66-8391-ec693406ca28" testId="0cf9c414-1497-f4be-8e70-721d9337c834" testName="ToString01530" computerName="MINIAC" duration="00:00:00.0013442" startTime="2011-01-14T23:32:24.8354687+00:00" endTime="2011-01-14T23:32:24.8474694+00:00" testType="13cdc9d9-ddb5-4fa4-a97d-d965ccfc6d4b" outcome="Passed" testListId="8c84fa94-04c1-424b-9868-57a2d4851a1d" relativeResultsDirectory="dff1c73f-8671-4a66-8391-ec693406ca28">
    </UnitTestResult>
    <UnitTestResult executionId="1cfa32d1-c9b0-4676-ab35-1e3985cc1fb9" testId="0e44207d-1ccf-04c5-6aef-2081653ff131" testName="IfNotNull0159703" computerName="MINIAC" duration="00:00:00.0019415" startTime="2011-01-14T23:32:24.8514696+00:00" endTime="2011-01-14T23:32:24.8614702+00:00" testType="13cdc9d9-ddb5-4fa4-a97d-d965ccfc6d4b" outcome="Passed" testListId="8c84fa94-04c1-424b-9868-57a2d4851a1d" relativeResultsDirectory="1cfa32d1-c9b0-4676-ab35-1e3985cc1fb9">
    </UnitTestResult>
    <UnitTestResult executionId="987aafee-27d1-4863-b24a-50a266a9f4c7" testId="0e645c38-e73b-967d-e94f-74a8d38a05b3" testName="As170" computerName="MINIAC" duration="00:00:00.0006700" startTime="2011-01-14T23:32:24.8664705+00:00" endTime="2011-01-14T23:32:24.8754710+00:00" testType="13cdc9d9-ddb5-4fa4-a97d-d965ccfc6d4b" outcome="Passed" testListId="8c84fa94-04c1-424b-9868-57a2d4851a1d" relativeResultsDirectory="987aafee-27d1-4863-b24a-50a266a9f4c7">
    </UnitTestResult>
    <UnitTestResult executionId="2b59e830-8029-4729-88de-e9f0eb6ec098" testId="0e73a463-cb0d-f992-9d84-5941849f04d6" testName="To0459801" computerName="MINIAC" duration="00:00:00.0030950" startTime="2011-01-14T23:32:24.8784712+00:00" endTime="2011-01-14T23:32:24.8884718+00:00" testType="13cdc9d9-ddb5-4fa4-a97d-d965ccfc6d4b" outcome="Passed" testListId="8c84fa94-04c1-424b-9868-57a2d4851a1d" relativeResultsDirectory="2b59e830-8029-4729-88de-e9f0eb6ec098">
    </UnitTestResult>
    <UnitTestResult executionId="9b3d1ce5-7986-44bd-ad63-8068cb1f2d8d" testId="0e90738b-70d8-2788-4a26-d16c8666f6ca" testName="As0163232" computerName="MINIAC" duration="00:00:00.0004320" startTime="2011-01-14T23:32:24.8914719+00:00" endTime="2011-01-14T23:32:24.9024726+00:00" testType="13cdc9d9-ddb5-4fa4-a97d-d965ccfc6d4b" outcome="Passed" testListId="8c84fa94-04c1-424b-9868-57a2d4851a1d" relativeResultsDirectory="9b3d1ce5-7986-44bd-ad63-8068cb1f2d8d">
    </UnitTestResult>
    <UnitTestResult executionId="0d97012d-a6dc-4eba-bfc2-9271cd59a6cc" testId="0f614d48-4580-1835-c34d-314b56fdf70c" testName="AsEnumerable56003" computerName="MINIAC" duration="00:00:00.0021795" startTime="2011-01-14T23:32:24.9064728+00:00" endTime="2011-01-14T23:32:24.9174734+00:00" testType="13cdc9d9-ddb5-4fa4-a97d-d965ccfc6d4b" outcome="Passed" testListId="8c84fa94-04c1-424b-9868-57a2d4851a1d" relativeResultsDirectory="0d97012d-a6dc-4eba-bfc2-9271cd59a6cc">
    </UnitTestResult>
    <UnitTestResult executionId="a5a586d3-9bcf-4ff9-a69d-fef03f00c388" testId="0fff3361-456c-b23e-a549-242fc6d0887e" testName="IfNotNullThrowsContractException522" computerName="MINIAC" duration="00:00:00.0014329" startTime="2011-01-14T23:32:24.9214736+00:00" endTime="2011-01-14T23:32:24.9314742+00:00" testType="13cdc9d9-ddb5-4fa4-a97d-d965ccfc6d4b" outcome="Passed" testListId="8c84fa94-04c1-424b-9868-57a2d4851a1d" relativeResultsDirectory="a5a586d3-9bcf-4ff9-a69d-fef03f00c388">
    </UnitTestResult>
    <UnitTestResult executionId="991bf105-a20a-4ef1-9992-1a05b932eb57" testId="106b7a63-3c06-2f97-097e-1a5d38b1a1ac" testName="Add88503" computerName="MINIAC" duration="00:00:00.0004773" startTime="2011-01-14T23:32:24.9374746+00:00" endTime="2011-01-14T23:32:24.9464751+00:00" testType="13cdc9d9-ddb5-4fa4-a97d-d965ccfc6d4b" outcome="Passed" testListId="8c84fa94-04c1-424b-9868-57a2d4851a1d" relativeResultsDirectory="991bf105-a20a-4ef1-9992-1a05b932eb57">
    </UnitTestResult>
    <UnitTestResult executionId="51c01c04-db71-4557-9810-c31f01976884" testId="11187b04-c546-bd3e-0bbb-d3f71bff1f4f" testName="AsEnumerable0314803" computerName="MINIAC" duration="00:00:00.0015575" startTime="2011-01-14T23:32:24.9504753+00:00" endTime="2011-01-14T23:32:24.9614759+00:00" testType="13cdc9d9-ddb5-4fa4-a97d-d965ccfc6d4b" outcome="Passed" testListId="8c84fa94-04c1-424b-9868-57a2d4851a1d" relativeResultsDirectory="51c01c04-db71-4557-9810-c31f01976884">
    </UnitTestResult>
    <UnitTestResult executionId="bd5df02a-6f39-456c-9d6c-5f6de172d1cc" testId="116bcbca-67a9-cf3b-0614-27721784c6e2" testName="IfNotNull0159704" computerName="MINIAC" duration="00:00:00.0004647" startTime="2011-01-14T23:32:24.9664762+00:00" endTime="2011-01-14T23:32:24.9834772+00:00" testType="13cdc9d9-ddb5-4fa4-a97d-d965ccfc6d4b" outcome="Passed" testListId="8c84fa94-04c1-424b-9868-57a2d4851a1d" relativeResultsDirectory="bd5df02a-6f39-456c-9d6c-5f6de172d1cc">
    </UnitTestResult>
    <UnitTestResult executionId="2442e3b0-8f3e-4f8c-87ec-88623c7d7d79" testId="116e53ad-53cc-1f8c-5eeb-a61eba3cd5e8" testName="ForEach90804" computerName="MINIAC" duration="00:00:00.0035224" startTime="2011-01-14T23:32:24.9874774+00:00" endTime="2011-01-14T23:32:25.0044784+00:00" testType="13cdc9d9-ddb5-4fa4-a97d-d965ccfc6d4b" outcome="Passed" testListId="8c84fa94-04c1-424b-9868-57a2d4851a1d" relativeResultsDirectory="2442e3b0-8f3e-4f8c-87ec-88623c7d7d79">
    </UnitTestResult>
    <UnitTestResult executionId="2ff84389-2c5f-4212-89a8-8e6570ab03f4" testId="1199c9cc-d8e3-0309-8136-cef199801af6" testName="To01203" computerName="MINIAC" duration="00:00:00.0040538" startTime="2011-01-14T23:32:25.0094787+00:00" endTime="2011-01-14T23:32:25.0314799+00:00" testType="13cdc9d9-ddb5-4fa4-a97d-d965ccfc6d4b" outcome="Passed" testListId="8c84fa94-04c1-424b-9868-57a2d4851a1d" relativeResultsDirectory="2ff84389-2c5f-4212-89a8-8e6570ab03f4">
    </UnitTestResult>
    <UnitTestResult executionId="f5a14981-5d05-4c6d-b5e4-ba2a8011351c" testId="1220cf5e-04a1-0c63-1e54-72250893445a" testName="As0132110" computerName="MINIAC" duration="00:00:00.0005659" startTime="2011-01-14T23:32:25.0354802+00:00" endTime="2011-01-14T23:32:25.0524811+00:00" testType="13cdc9d9-ddb5-4fa4-a97d-d965ccfc6d4b" outcome="Passed" testListId="8c84fa94-04c1-424b-9868-57a2d4851a1d" relativeResultsDirectory="f5a14981-5d05-4c6d-b5e4-ba2a8011351c">
    </UnitTestResult>
    <UnitTestResult executionId="6c9a25ba-2417-4340-acb5-3889a9e0f784" testId="1281f517-45b5-6723-bc3e-71da88a02141" testName="Random43101" computerName="MINIAC" duration="00:00:00.0008860" startTime="2011-01-14T23:32:25.0584815+00:00" endTime="2011-01-14T23:32:25.0684821+00:00" testType="13cdc9d9-ddb5-4fa4-a97d-d965ccfc6d4b" outcome="Passed" testListId="8c84fa94-04c1-424b-9868-57a2d4851a1d" relativeResultsDirectory="6c9a25ba-2417-4340-acb5-3889a9e0f784">
    </UnitTestResult>
    <UnitTestResult executionId="640eaa96-d55b-4523-a04d-2f697692b54d" testId="143eb567-4397-2625-6014-2a2400dd294f" testName="GetPixelsThrowsContractException443" computerName="MINIAC" duration="00:00:00.0023745" startTime="2011-01-14T23:32:25.0724823+00:00" endTime="2011-01-14T23:32:25.0824829+00:00" testType="13cdc9d9-ddb5-4fa4-a97d-d965ccfc6d4b" outcome="Passed" testListId="8c84fa94-04c1-424b-9868-57a2d4851a1d" relativeResultsDirectory="640eaa96-d55b-4523-a04d-2f697692b54d">
    </UnitTestResult>
    <UnitTestResult executionId="a7b1a003-b435-4414-8565-4683bb37df17" testId="14c4d8f7-99c5-9b56-48f1-16bece872cd1" testName="As76301" computerName="MINIAC" duration="00:00:00.0006560" startTime="2011-01-14T23:32:25.0864831+00:00" endTime="2011-01-14T23:32:25.0964837+00:00" testType="13cdc9d9-ddb5-4fa4-a97d-d965ccfc6d4b" outcome="Passed" testListId="8c84fa94-04c1-424b-9868-57a2d4851a1d" relativeResultsDirectory="a7b1a003-b435-4414-8565-4683bb37df17">
    </UnitTestResult>
    <UnitTestResult executionId="d46f90c9-ad89-45df-926c-ffee17e50478" testId="14e07649-4bb1-965c-d352-f5e6a62d38fd" testName="IsNullOrEmpty177" computerName="MINIAC" duration="00:00:00.0017325" startTime="2011-01-14T23:32:25.1014839+00:00" endTime="2011-01-14T23:32:25.1114845+00:00" testType="13cdc9d9-ddb5-4fa4-a97d-d965ccfc6d4b" outcome="Passed" testListId="8c84fa94-04c1-424b-9868-57a2d4851a1d" relativeResultsDirectory="d46f90c9-ad89-45df-926c-ffee17e50478">
    </UnitTestResult>
    <UnitTestResult executionId="afbebc1d-6d51-4319-b999-5185ebe9c151" testId="15f6ec28-2881-7c22-a597-01fe1093749a" testName="As21516" computerName="MINIAC" duration="00:00:00.0008781" startTime="2011-01-14T23:32:25.1154847+00:00" endTime="2011-01-14T23:32:25.1244853+00:00" testType="13cdc9d9-ddb5-4fa4-a97d-d965ccfc6d4b" outcome="Passed" testListId="8c84fa94-04c1-424b-9868-57a2d4851a1d" relativeResultsDirectory="afbebc1d-6d51-4319-b999-5185ebe9c151">
    </UnitTestResult>
    <UnitTestResult executionId="0e39d22a-6342-4d2f-91df-6517e9e4b571" testId="1614cc64-5cbc-b082-cb61-089f874d65b1" testName="TakeEveryThrowsContractException265" computerName="MINIAC" duration="00:00:00.0031113" startTime="2011-01-14T23:32:25.1274854+00:00" endTime="2011-01-14T23:32:25.1414862+00:00" testType="13cdc9d9-ddb5-4fa4-a97d-d965ccfc6d4b" outcome="Passed" testListId="8c84fa94-04c1-424b-9868-57a2d4851a1d" relativeResultsDirectory="0e39d22a-6342-4d2f-91df-6517e9e4b571">
    </UnitTestResult>
    <UnitTestResult executionId="0fb7c394-62dd-4e9f-b0d6-9709c51b00a6" testId="16bc510b-963f-30e5-6517-13389edd4fdc" testName="GetByPercentThrowsIndexOutOfRangeException858" computerName="MINIAC" duration="00:00:00.0016377" startTime="2011-01-14T23:32:25.1454865+00:00" endTime="2011-01-14T23:32:25.1564871+00:00" testType="13cdc9d9-ddb5-4fa4-a97d-d965ccfc6d4b" outcome="Passed" testListId="8c84fa94-04c1-424b-9868-57a2d4851a1d" relativeResultsDirectory="0fb7c394-62dd-4e9f-b0d6-9709c51b00a6">
    </UnitTestResult>
    <UnitTestResult executionId="0b4e7d8d-9966-464e-816a-3190690af527" testId="16eccf92-0ec9-930b-cfbe-252e74468966" testName="GenerateEndlessThrowsContractException760" computerName="MINIAC" duration="00:00:00.0019756" startTime="2011-01-14T23:32:25.1594873+00:00" endTime="2011-01-14T23:32:25.1714879+00:00" testType="13cdc9d9-ddb5-4fa4-a97d-d965ccfc6d4b" outcome="Passed" testListId="8c84fa94-04c1-424b-9868-57a2d4851a1d" relativeResultsDirectory="0b4e7d8d-9966-464e-816a-3190690af527">
    </UnitTestResult>
    <UnitTestResult executionId="4d6d9e33-4b41-4c17-af7d-0a63218163dc" testId="17cbf434-78e7-42a5-6758-242cc94ac703" testName="CastAs434" computerName="MINIAC" duration="00:00:00.0004115" startTime="2011-01-14T23:32:25.1744881+00:00" endTime="2011-01-14T23:32:25.1864888+00:00" testType="13cdc9d9-ddb5-4fa4-a97d-d965ccfc6d4b" outcome="Passed" testListId="8c84fa94-04c1-424b-9868-57a2d4851a1d" relativeResultsDirectory="4d6d9e33-4b41-4c17-af7d-0a63218163dc">
    </UnitTestResult>
    <UnitTestResult executionId="9f184506-24ae-4e3d-8090-22017393a6cc" testId="18234ca5-6af0-1355-5140-f92645f28e01" testName="If79" computerName="MINIAC" duration="00:00:00.0002986" startTime="2011-01-14T23:32:25.1894890+00:00" endTime="2011-01-14T23:32:25.1984895+00:00" testType="13cdc9d9-ddb5-4fa4-a97d-d965ccfc6d4b" outcome="Passed" testListId="8c84fa94-04c1-424b-9868-57a2d4851a1d" relativeResultsDirectory="9f184506-24ae-4e3d-8090-22017393a6cc">
    </UnitTestResult>
    <UnitTestResult executionId="070a4012-3043-411b-b157-d5fe4085966d" testId="19033310-a8dd-db0b-1dcd-2bf1bef510ca" testName="Fill0110501" computerName="MINIAC" duration="00:00:00.0028579" startTime="2011-01-14T23:32:25.2024897+00:00" endTime="2011-01-14T23:32:25.2144904+00:00" testType="13cdc9d9-ddb5-4fa4-a97d-d965ccfc6d4b" outcome="Passed" testListId="8c84fa94-04c1-424b-9868-57a2d4851a1d" relativeResultsDirectory="070a4012-3043-411b-b157-d5fe4085966d">
    </UnitTestResult>
    <UnitTestResult executionId="12357e0c-ffc7-4c10-934b-409c202ac8e9" testId="1903a639-b5d9-1b4f-9c30-0405b15e8f12" testName="ForEach90802" computerName="MINIAC" duration="00:00:00.0003858" startTime="2011-01-14T23:32:25.2184906+00:00" endTime="2011-01-14T23:32:25.2284912+00:00" testType="13cdc9d9-ddb5-4fa4-a97d-d965ccfc6d4b" outcome="Passed" testListId="8c84fa94-04c1-424b-9868-57a2d4851a1d" relativeResultsDirectory="12357e0c-ffc7-4c10-934b-409c202ac8e9">
    </UnitTestResult>
    <UnitTestResult executionId="aa99a7ca-4fc3-440a-a5ab-3181562bbf6a" testId="193af604-0c49-1c0a-39c2-739404c2ca21" testName="ForEach125" computerName="MINIAC" duration="00:00:00.0004115" startTime="2011-01-14T23:32:25.2314914+00:00" endTime="2011-01-14T23:32:25.2404919+00:00" testType="13cdc9d9-ddb5-4fa4-a97d-d965ccfc6d4b" outcome="Passed" testListId="8c84fa94-04c1-424b-9868-57a2d4851a1d" relativeResultsDirectory="aa99a7ca-4fc3-440a-a5ab-3181562bbf6a">
    </UnitTestResult>
    <UnitTestResult executionId="07ed959c-0e49-428c-8cb9-fc77699079e1" testId="1a1204f8-80dc-63b9-41bb-196d59b5bd9c" testName="As21507" computerName="MINIAC" duration="00:00:00.0004941" startTime="2011-01-14T23:32:25.2454922+00:00" endTime="2011-01-14T23:32:25.2544927+00:00" testType="13cdc9d9-ddb5-4fa4-a97d-d965ccfc6d4b" outcome="Passed" testListId="8c84fa94-04c1-424b-9868-57a2d4851a1d" relativeResultsDirectory="07ed959c-0e49-428c-8cb9-fc77699079e1">
    </UnitTestResult>
    <UnitTestResult executionId="ad6ceb4f-e1a7-48e2-9d35-bf0db866873c" testId="1a41ca06-c399-fb41-1b68-4e54f6d9fba0" testName="As0163227" computerName="MINIAC" duration="00:00:00.0004745" startTime="2011-01-14T23:32:25.2584929+00:00" endTime="2011-01-14T23:32:25.2674934+00:00" testType="13cdc9d9-ddb5-4fa4-a97d-d965ccfc6d4b" outcome="Passed" testListId="8c84fa94-04c1-424b-9868-57a2d4851a1d" relativeResultsDirectory="ad6ceb4f-e1a7-48e2-9d35-bf0db866873c">
    </UnitTestResult>
    <UnitTestResult executionId="5044497a-8f0c-42a9-a146-e653921a38be" testId="1ac879f8-3c0a-1016-6157-e481eddd5c9f" testName="Add74301" computerName="MINIAC" duration="00:00:00.0018515" startTime="2011-01-14T23:32:25.2724937+00:00" endTime="2011-01-14T23:32:25.2844944+00:00" testType="13cdc9d9-ddb5-4fa4-a97d-d965ccfc6d4b" outcome="Passed" testListId="8c84fa94-04c1-424b-9868-57a2d4851a1d" relativeResultsDirectory="5044497a-8f0c-42a9-a146-e653921a38be">
    </UnitTestResult>
    <UnitTestResult executionId="e59ef956-891a-4a41-9776-512892cfd0f0" testId="1b50a732-77b4-82a3-8153-f8dad0640018" testName="IfNotNull47704" computerName="MINIAC" duration="00:00:00.0026615" startTime="2011-01-14T23:32:25.2894947+00:00" endTime="2011-01-14T23:32:25.2994953+00:00" testType="13cdc9d9-ddb5-4fa4-a97d-d965ccfc6d4b" outcome="Passed" testListId="8c84fa94-04c1-424b-9868-57a2d4851a1d" relativeResultsDirectory="e59ef956-891a-4a41-9776-512892cfd0f0">
    </UnitTestResult>
    <UnitTestResult executionId="34f91791-6ae6-42a3-bffe-81a0c0072a7a" testId="1b741696-a239-fa83-4bfb-5be27d6d2eb3" testName="CollatzCount510" computerName="MINIAC" duration="00:00:00.0005207" startTime="2011-01-14T23:32:25.3024954+00:00" endTime="2011-01-14T23:32:25.3194964+00:00" testType="13cdc9d9-ddb5-4fa4-a97d-d965ccfc6d4b" outcome="Passed" testListId="8c84fa94-04c1-424b-9868-57a2d4851a1d" relativeResultsDirectory="34f91791-6ae6-42a3-bffe-81a0c0072a7a">
    </UnitTestResult>
    <UnitTestResult executionId="9a23fe44-c479-4135-9bbf-af35d523b367" testId="1c5ab376-6152-4272-31e3-55dc91a07a86" testName="Fill0110504" computerName="MINIAC" duration="00:00:00.0003728" startTime="2011-01-14T23:32:25.3224966+00:00" endTime="2011-01-14T23:32:25.3324972+00:00" testType="13cdc9d9-ddb5-4fa4-a97d-d965ccfc6d4b" outcome="Passed" testListId="8c84fa94-04c1-424b-9868-57a2d4851a1d" relativeResultsDirectory="9a23fe44-c479-4135-9bbf-af35d523b367">
    </UnitTestResult>
    <UnitTestResult executionId="336c1409-0ffb-4d6e-910e-b6881cdc52e8" testId="1ca82a0b-7842-06c7-ecd3-2f81b62f1e0e" testName="ReadLinesFromFileThrowsContractException244" computerName="MINIAC" duration="00:00:00.0015514" startTime="2011-01-14T23:32:25.3364974+00:00" endTime="2011-01-14T23:32:25.3474980+00:00" testType="13cdc9d9-ddb5-4fa4-a97d-d965ccfc6d4b" outcome="Passed" testListId="8c84fa94-04c1-424b-9868-57a2d4851a1d" relativeResultsDirectory="336c1409-0ffb-4d6e-910e-b6881cdc52e8">
    </UnitTestResult>
    <UnitTestResult executionId="244050e6-a08a-40bc-9297-69c0a8a1c244" testId="1cb6fca5-5cbd-75cb-cfee-a358b8315906" testName="Add60904" computerName="MINIAC" duration="00:00:00.0004432" startTime="2011-01-14T23:32:25.3494981+00:00" endTime="2011-01-14T23:32:25.3594987+00:00" testType="13cdc9d9-ddb5-4fa4-a97d-d965ccfc6d4b" outcome="Passed" testListId="8c84fa94-04c1-424b-9868-57a2d4851a1d" relativeResultsDirectory="244050e6-a08a-40bc-9297-69c0a8a1c244">
    </UnitTestResult>
    <UnitTestResult executionId="970b1bd5-6813-4ea3-a9f1-154c914ba834" testId="1cdb2f2c-09f6-d6d8-6d16-a0ea90824aba" testName="As21518" computerName="MINIAC" duration="00:00:00.0006765" startTime="2011-01-14T23:32:25.3624989+00:00" endTime="2011-01-14T23:32:25.3734995+00:00" testType="13cdc9d9-ddb5-4fa4-a97d-d965ccfc6d4b" outcome="Passed" testListId="8c84fa94-04c1-424b-9868-57a2d4851a1d" relativeResultsDirectory="970b1bd5-6813-4ea3-a9f1-154c914ba834">
    </UnitTestResult>
    <UnitTestResult executionId="fbcc547d-eb00-488e-9568-55e5b305ed1d" testId="1e0ca069-996e-4bc0-6164-74e9ee8107ac" testName="GetByPercentThrowsContractException730" computerName="MINIAC" duration="00:00:00.0005557" startTime="2011-01-14T23:32:25.3774997+00:00" endTime="2011-01-14T23:32:25.3865002+00:00" testType="13cdc9d9-ddb5-4fa4-a97d-d965ccfc6d4b" outcome="Passed" testListId="8c84fa94-04c1-424b-9868-57a2d4851a1d" relativeResultsDirectory="fbcc547d-eb00-488e-9568-55e5b305ed1d">
    </UnitTestResult>
    <UnitTestResult executionId="2cd6af5a-e780-4d8a-a373-43ae79294484" testId="1e811e95-82b3-7182-a1a6-ec99686bab87" testName="IsIn570" computerName="MINIAC" duration="00:00:00.0016900" startTime="2011-01-14T23:32:25.3895004+00:00" endTime="2011-01-14T23:32:25.4015011+00:00" testType="13cdc9d9-ddb5-4fa4-a97d-d965ccfc6d4b" outcome="Passed" testListId="8c84fa94-04c1-424b-9868-57a2d4851a1d" relativeResultsDirectory="2cd6af5a-e780-4d8a-a373-43ae79294484">
    </UnitTestResult>
    <UnitTestResult executionId="e5e21404-8b75-47a8-81c1-6aa30536b2d2" testId="1ed065ef-ce8b-7235-fc5f-cca130d48e00" testName="AsEnumerable0128305" computerName="MINIAC" duration="00:00:00.0020857" startTime="2011-01-14T23:32:25.4055013+00:00" endTime="2011-01-14T23:32:25.4165020+00:00" testType="13cdc9d9-ddb5-4fa4-a97d-d965ccfc6d4b" outcome="Passed" testListId="8c84fa94-04c1-424b-9868-57a2d4851a1d" relativeResultsDirectory="e5e21404-8b75-47a8-81c1-6aa30536b2d2">
    </UnitTestResult>
    <UnitTestResult executionId="d9b7775e-c24c-4b85-b975-01d0ba207bab" testId="1fa5b7ed-be1a-69d3-e35d-61c48c394d37" testName="NullOr907" computerName="MINIAC" duration="00:00:00.0004507" startTime="2011-01-14T23:32:25.4205022+00:00" endTime="2011-01-14T23:32:25.4315028+00:00" testType="13cdc9d9-ddb5-4fa4-a97d-d965ccfc6d4b" outcome="Passed" testListId="8c84fa94-04c1-424b-9868-57a2d4851a1d" relativeResultsDirectory="d9b7775e-c24c-4b85-b975-01d0ba207bab">
    </UnitTestResult>
    <UnitTestResult executionId="826bc228-0948-47a1-9618-f807ba8e5e5d" testId="1fd730db-48ad-68c2-a560-921c988f9a38" testName="GenerateEndless277" computerName="MINIAC" duration="00:00:00.0017857" startTime="2011-01-14T23:32:25.4345030+00:00" endTime="2011-01-14T23:32:25.4455036+00:00" testType="13cdc9d9-ddb5-4fa4-a97d-d965ccfc6d4b" outcome="Passed" testListId="8c84fa94-04c1-424b-9868-57a2d4851a1d" relativeResultsDirectory="826bc228-0948-47a1-9618-f807ba8e5e5d">
    </UnitTestResult>
    <UnitTestResult executionId="f683906d-96e1-45c1-b4f0-086f4571fe0a" testId="20789601-3bb2-517f-9c07-8755507d968d" testName="IsIn0134" computerName="MINIAC" duration="00:00:00.0008571" startTime="2011-01-14T23:32:25.4485038+00:00" endTime="2011-01-14T23:32:25.4585044+00:00" testType="13cdc9d9-ddb5-4fa4-a97d-d965ccfc6d4b" outcome="Passed" testListId="8c84fa94-04c1-424b-9868-57a2d4851a1d" relativeResultsDirectory="f683906d-96e1-45c1-b4f0-086f4571fe0a">
    </UnitTestResult>
    <UnitTestResult executionId="780339eb-4218-4c1c-bb04-5ea61cf1ebe0" testId="21fd8c5c-e865-d794-56d0-ebbbdfae46d7" testName="As0163248" computerName="MINIAC" duration="00:00:00.0004591" startTime="2011-01-14T23:32:25.4615045+00:00" endTime="2011-01-14T23:32:25.4725052+00:00" testType="13cdc9d9-ddb5-4fa4-a97d-d965ccfc6d4b" outcome="Passed" testListId="8c84fa94-04c1-424b-9868-57a2d4851a1d" relativeResultsDirectory="780339eb-4218-4c1c-bb04-5ea61cf1ebe0">
    </UnitTestResult>
    <UnitTestResult executionId="e8bb4866-f1bb-444c-88ba-cf1ec1d59d58" testId="221d319c-8869-0d4c-725e-9ea36949d716" testName="Iter960" computerName="MINIAC" duration="00:00:00.0025266" startTime="2011-01-14T23:32:25.4755053+00:00" endTime="2011-01-14T23:32:25.4875060+00:00" testType="13cdc9d9-ddb5-4fa4-a97d-d965ccfc6d4b" outcome="Passed" testListId="8c84fa94-04c1-424b-9868-57a2d4851a1d" relativeResultsDirectory="e8bb4866-f1bb-444c-88ba-cf1ec1d59d58">
    </UnitTestResult>
    <UnitTestResult executionId="577bf85f-ef25-45f8-8183-8279aa5fc1e4" testId="2250a8be-6947-1057-ceec-e49c62f651fa" testName="As21505" computerName="MINIAC" duration="00:00:00.0005039" startTime="2011-01-14T23:32:25.4905062+00:00" endTime="2011-01-14T23:32:25.5135075+00:00" testType="13cdc9d9-ddb5-4fa4-a97d-d965ccfc6d4b" outcome="Passed" testListId="8c84fa94-04c1-424b-9868-57a2d4851a1d" relativeResultsDirectory="577bf85f-ef25-45f8-8183-8279aa5fc1e4">
    </UnitTestResult>
    <UnitTestResult executionId="1abd723c-44cc-4637-a4e8-bb8b98cad2f6" testId="22b3bc9e-2d91-4747-086b-d415be2c5776" testName="RangeThrowsContractException560" computerName="MINIAC" duration="00:00:00.0005641" startTime="2011-01-14T23:32:25.5165077+00:00" endTime="2011-01-14T23:32:25.5265083+00:00" testType="13cdc9d9-ddb5-4fa4-a97d-d965ccfc6d4b" outcome="Passed" testListId="8c84fa94-04c1-424b-9868-57a2d4851a1d" relativeResultsDirectory="1abd723c-44cc-4637-a4e8-bb8b98cad2f6">
    </UnitTestResult>
    <UnitTestResult executionId="2aa47a85-1c13-42fa-b8a6-33faef9e24a3" testId="22fb3f0c-8177-2102-3c97-5cd124eaf953" testName="Add60902" computerName="MINIAC" duration="00:00:00.0004451" startTime="2011-01-14T23:32:25.5295084+00:00" endTime="2011-01-14T23:32:25.5395090+00:00" testType="13cdc9d9-ddb5-4fa4-a97d-d965ccfc6d4b" outcome="Passed" testListId="8c84fa94-04c1-424b-9868-57a2d4851a1d" relativeResultsDirectory="2aa47a85-1c13-42fa-b8a6-33faef9e24a3">
    </UnitTestResult>
    <UnitTestResult executionId="6df99944-7556-4af9-932c-55507a2931a4" testId="23289518-cff6-51c7-cbca-8f7fc69c7429" testName="SubarrayThrowsContractException304" computerName="MINIAC" duration="00:00:00.0005058" startTime="2011-01-14T23:32:25.5425092+00:00" endTime="2011-01-14T23:32:25.5535098+00:00" testType="13cdc9d9-ddb5-4fa4-a97d-d965ccfc6d4b" outcome="Passed" testListId="8c84fa94-04c1-424b-9868-57a2d4851a1d" relativeResultsDirectory="6df99944-7556-4af9-932c-55507a2931a4">
    </UnitTestResult>
    <UnitTestResult executionId="e1fa3638-8d03-48ad-8516-629ba2d597a2" testId="236dd585-9363-168d-3729-7ab007ad8692" testName="Fill68801" computerName="MINIAC" duration="00:00:00.0009374" startTime="2011-01-14T23:32:25.5585101+00:00" endTime="2011-01-14T23:32:25.5675106+00:00" testType="13cdc9d9-ddb5-4fa4-a97d-d965ccfc6d4b" outcome="Passed" testListId="8c84fa94-04c1-424b-9868-57a2d4851a1d" relativeResultsDirectory="e1fa3638-8d03-48ad-8516-629ba2d597a2">
    </UnitTestResult>
    <UnitTestResult executionId="c6f65857-3ab8-4911-a923-b6603a182517" testId="24fadf38-4396-5113-e8f4-c4d70d185024" testName="IfNotNull0192305" computerName="MINIAC" duration="00:00:00.0004003" startTime="2011-01-14T23:32:25.5735109+00:00" endTime="2011-01-14T23:32:25.5825115+00:00" testType="13cdc9d9-ddb5-4fa4-a97d-d965ccfc6d4b" outcome="Passed" testListId="8c84fa94-04c1-424b-9868-57a2d4851a1d" relativeResultsDirectory="c6f65857-3ab8-4911-a923-b6603a182517">
    </UnitTestResult>
    <UnitTestResult executionId="7e1ef833-a797-437c-95f2-9965dec6356c" testId="25d5b35a-db1f-e192-1a83-5fbd23003a20" testName="Execute53301" computerName="MINIAC" duration="00:00:00.0010456" startTime="2011-01-14T23:32:25.5885118+00:00" endTime="2011-01-14T23:32:25.5975123+00:00" testType="13cdc9d9-ddb5-4fa4-a97d-d965ccfc6d4b" outcome="Passed" testListId="8c84fa94-04c1-424b-9868-57a2d4851a1d" relativeResultsDirectory="7e1ef833-a797-437c-95f2-9965dec6356c">
    </UnitTestResult>
    <UnitTestResult executionId="ffe1d8bc-f71b-4b62-9488-5a7f249f64cb" testId="25e137bf-b11b-a709-2200-80de04831d5b" testName="As0163228" computerName="MINIAC" duration="00:00:00.0003994" startTime="2011-01-14T23:32:25.6005125+00:00" endTime="2011-01-14T23:32:25.6115131+00:00" testType="13cdc9d9-ddb5-4fa4-a97d-d965ccfc6d4b" outcome="Passed" testListId="8c84fa94-04c1-424b-9868-57a2d4851a1d" relativeResultsDirectory="ffe1d8bc-f71b-4b62-9488-5a7f249f64cb">
    </UnitTestResult>
    <UnitTestResult executionId="784f92c4-6904-41db-8426-542b96debf22" testId="28805317-a840-3e77-4899-69199b1265d9" testName="CreateIEnumerableThrowsContractException485" computerName="MINIAC" duration="00:00:00.0009364" startTime="2011-01-14T23:32:25.6135132+00:00" endTime="2011-01-14T23:32:25.6275140+00:00" testType="13cdc9d9-ddb5-4fa4-a97d-d965ccfc6d4b" outcome="Passed" testListId="8c84fa94-04c1-424b-9868-57a2d4851a1d" relativeResultsDirectory="784f92c4-6904-41db-8426-542b96debf22">
    </UnitTestResult>
    <UnitTestResult executionId="429cd244-9c02-40f9-a15e-09a2cb3c0568" testId="29095a51-c311-c865-7cf1-7076578258b7" testName="As0136704" computerName="MINIAC" duration="00:00:00.0005986" startTime="2011-01-14T23:32:25.6305142+00:00" endTime="2011-01-14T23:32:25.6415148+00:00" testType="13cdc9d9-ddb5-4fa4-a97d-d965ccfc6d4b" outcome="Passed" testListId="8c84fa94-04c1-424b-9868-57a2d4851a1d" relativeResultsDirectory="429cd244-9c02-40f9-a15e-09a2cb3c0568">
    </UnitTestResult>
    <UnitTestResult executionId="0e3c9bf6-7d78-4be9-a64b-f077286aa3e8" testId="29c9ba2a-8918-92c1-edbc-ad1fd40c77e1" testName="ReadLinesFromThrowsContractException838" computerName="MINIAC" duration="00:00:00.0016559" startTime="2011-01-14T23:32:25.6445150+00:00" endTime="2011-01-14T23:32:25.6555156+00:00" testType="13cdc9d9-ddb5-4fa4-a97d-d965ccfc6d4b" outcome="Passed" testListId="8c84fa94-04c1-424b-9868-57a2d4851a1d" relativeResultsDirectory="0e3c9bf6-7d78-4be9-a64b-f077286aa3e8">
    </UnitTestResult>
    <UnitTestResult executionId="9a1dbba5-d4d0-4fde-87e1-9e49da78d6c8" testId="29e140f3-0b7d-028a-f85f-e65d5e7a4460" testName="Add29601" computerName="MINIAC" duration="00:00:00.0004698" startTime="2011-01-14T23:32:25.6605159+00:00" endTime="2011-01-14T23:32:25.6685164+00:00" testType="13cdc9d9-ddb5-4fa4-a97d-d965ccfc6d4b" outcome="Passed" testListId="8c84fa94-04c1-424b-9868-57a2d4851a1d" relativeResultsDirectory="9a1dbba5-d4d0-4fde-87e1-9e49da78d6c8">
    </UnitTestResult>
    <UnitTestResult executionId="c9cb8768-586e-4c66-8afb-32b9d1117bd0" testId="2a3bccbe-42e2-9009-af11-20e5efc1eb2e" testName="As0163241" computerName="MINIAC" duration="00:00:00.0003970" startTime="2011-01-14T23:32:25.6715165+00:00" endTime="2011-01-14T23:32:25.6835172+00:00" testType="13cdc9d9-ddb5-4fa4-a97d-d965ccfc6d4b" outcome="Passed" testListId="8c84fa94-04c1-424b-9868-57a2d4851a1d" relativeResultsDirectory="c9cb8768-586e-4c66-8afb-32b9d1117bd0">
    </UnitTestResult>
    <UnitTestResult executionId="57f560ec-6533-4217-80d7-658b14d0c934" testId="2a492a9b-f563-5e1e-f60c-76d1e2ee9ce9" testName="To723" computerName="MINIAC" duration="00:00:00.0012029" startTime="2011-01-14T23:32:25.6865174+00:00" endTime="2011-01-14T23:32:25.6975180+00:00" testType="13cdc9d9-ddb5-4fa4-a97d-d965ccfc6d4b" outcome="Passed" testListId="8c84fa94-04c1-424b-9868-57a2d4851a1d" relativeResultsDirectory="57f560ec-6533-4217-80d7-658b14d0c934">
    </UnitTestResult>
    <UnitTestResult executionId="608716d9-f182-478b-b2fd-685f5ad38629" testId="2a73a8ee-edb3-255b-de40-e76f0ee6887d" testName="Bound01171" computerName="MINIAC" duration="00:00:00.0012402" startTime="2011-01-14T23:32:25.6995181+00:00" endTime="2011-01-14T23:32:25.7125189+00:00" testType="13cdc9d9-ddb5-4fa4-a97d-d965ccfc6d4b" outcome="Passed" testListId="8c84fa94-04c1-424b-9868-57a2d4851a1d" relativeResultsDirectory="608716d9-f182-478b-b2fd-685f5ad38629">
    </UnitTestResult>
    <UnitTestResult executionId="950011d5-02f4-46a6-962e-2583995a8fb9" testId="2b100bf6-e6a4-9f38-c22a-f01b6c39f024" testName="GetSubRectangles899" computerName="MINIAC" duration="00:00:00.0137873" startTime="2011-01-14T23:32:25.7165191+00:00" endTime="2011-01-14T23:32:25.7415206+00:00" testType="13cdc9d9-ddb5-4fa4-a97d-d965ccfc6d4b" outcome="Passed" testListId="8c84fa94-04c1-424b-9868-57a2d4851a1d" relativeResultsDirectory="950011d5-02f4-46a6-962e-2583995a8fb9">
    </UnitTestResult>
    <UnitTestResult executionId="25768ed8-3cc6-4978-b060-b1dca7b16752" testId="2b6a1fd0-ad89-86fe-c32f-c850f3486570" testName="As0166401" computerName="MINIAC" duration="00:00:00.0006784" startTime="2011-01-14T23:32:25.7445207+00:00" endTime="2011-01-14T23:32:25.7545213+00:00" testType="13cdc9d9-ddb5-4fa4-a97d-d965ccfc6d4b" outcome="Passed" testListId="8c84fa94-04c1-424b-9868-57a2d4851a1d" relativeResultsDirectory="25768ed8-3cc6-4978-b060-b1dca7b16752">
    </UnitTestResult>
    <UnitTestResult executionId="e81053f3-294b-4a08-9120-e4de82eac5e1" testId="2b9734bf-2716-3fbd-907d-b338c9f5816c" testName="As0163225" computerName="MINIAC" duration="00:00:00.0004050" startTime="2011-01-14T23:32:25.7575215+00:00" endTime="2011-01-14T23:32:25.7705222+00:00" testType="13cdc9d9-ddb5-4fa4-a97d-d965ccfc6d4b" outcome="Passed" testListId="8c84fa94-04c1-424b-9868-57a2d4851a1d" relativeResultsDirectory="e81053f3-294b-4a08-9120-e4de82eac5e1">
    </UnitTestResult>
    <UnitTestResult executionId="1b0d17a9-c63b-402e-bd73-22d9509f20f1" testId="2c678190-6575-f47a-afde-b3eb80b1856c" testName="As0166003" computerName="MINIAC" duration="00:00:00.0003924" startTime="2011-01-14T23:32:25.7735224+00:00" endTime="2011-01-14T23:32:25.7835230+00:00" testType="13cdc9d9-ddb5-4fa4-a97d-d965ccfc6d4b" outcome="Passed" testListId="8c84fa94-04c1-424b-9868-57a2d4851a1d" relativeResultsDirectory="1b0d17a9-c63b-402e-bd73-22d9509f20f1">
    </UnitTestResult>
    <UnitTestResult executionId="34109a4c-feac-4dfd-b6e3-25008361cf90" testId="2cb985a5-30e0-1631-ebdb-14215fcd5267" testName="Random575" computerName="MINIAC" duration="00:00:00.0003770" startTime="2011-01-14T23:32:25.7885232+00:00" endTime="2011-01-14T23:32:25.7965237+00:00" testType="13cdc9d9-ddb5-4fa4-a97d-d965ccfc6d4b" outcome="Passed" testListId="8c84fa94-04c1-424b-9868-57a2d4851a1d" relativeResultsDirectory="34109a4c-feac-4dfd-b6e3-25008361cf90">
    </UnitTestResult>
    <UnitTestResult executionId="21616ca5-8594-4097-8a63-620d2b31dcc6" testId="2cd94b85-ca28-7ec9-b7f9-ff8305b67d1c" testName="CollatzCount01510" computerName="MINIAC" duration="00:00:00.0013886" startTime="2011-01-14T23:32:25.7995239+00:00" endTime="2011-01-14T23:32:25.8115246+00:00" testType="13cdc9d9-ddb5-4fa4-a97d-d965ccfc6d4b" outcome="Passed" testListId="8c84fa94-04c1-424b-9868-57a2d4851a1d" relativeResultsDirectory="21616ca5-8594-4097-8a63-620d2b31dcc6">
    </UnitTestResult>
    <UnitTestResult executionId="2d05b3d4-1e6d-4b39-8e65-7a326a34b751" testId="2d5e0c73-6690-aba4-5ea6-eafc09214675" testName="IsInThrowsContractException588" computerName="MINIAC" duration="00:00:00.0005636" startTime="2011-01-14T23:32:25.8185250+00:00" endTime="2011-01-14T23:32:25.8285255+00:00" testType="13cdc9d9-ddb5-4fa4-a97d-d965ccfc6d4b" outcome="Passed" testListId="8c84fa94-04c1-424b-9868-57a2d4851a1d" relativeResultsDirectory="2d05b3d4-1e6d-4b39-8e65-7a326a34b751">
    </UnitTestResult>
    <UnitTestResult executionId="37263557-6569-4949-9586-f91efacdcbb2" testId="2e107be2-e3af-1a8b-fb4b-bdb5534db4b8" testName="GetByPercent562" computerName="MINIAC" duration="00:00:00.0003322" startTime="2011-01-14T23:32:25.8395262+00:00" endTime="2011-01-14T23:32:25.8495267+00:00" testType="13cdc9d9-ddb5-4fa4-a97d-d965ccfc6d4b" outcome="Passed" testListId="8c84fa94-04c1-424b-9868-57a2d4851a1d" relativeResultsDirectory="37263557-6569-4949-9586-f91efacdcbb2">
    </UnitTestResult>
    <UnitTestResult executionId="c39df63c-baaa-409d-bcea-dff5784984ed" testId="2e27cda4-16b0-824b-d141-c5b5382ec851" testName="Shuffle52101" computerName="MINIAC" duration="00:00:00.0003900" startTime="2011-01-14T23:32:25.8515268+00:00" endTime="2011-01-14T23:32:25.8635275+00:00" testType="13cdc9d9-ddb5-4fa4-a97d-d965ccfc6d4b" outcome="Passed" testListId="8c84fa94-04c1-424b-9868-57a2d4851a1d" relativeResultsDirectory="c39df63c-baaa-409d-bcea-dff5784984ed">
    </UnitTestResult>
    <UnitTestResult executionId="f9ab2e9a-318f-4221-9916-2238d488d007" testId="2e9abde5-72f2-18f2-ec62-8da36318a8ed" testName="As0163213" computerName="MINIAC" duration="00:00:00.0004022" startTime="2011-01-14T23:32:25.8675278+00:00" endTime="2011-01-14T23:32:25.8775283+00:00" testType="13cdc9d9-ddb5-4fa4-a97d-d965ccfc6d4b" outcome="Passed" testListId="8c84fa94-04c1-424b-9868-57a2d4851a1d" relativeResultsDirectory="f9ab2e9a-318f-4221-9916-2238d488d007">
    </UnitTestResult>
    <UnitTestResult executionId="8aa3a68e-29ab-487d-b72c-c4e0b12f8e60" testId="2f442340-39d2-2141-feae-caa93af13693" testName="To203" computerName="MINIAC" duration="00:00:00.0002692" startTime="2011-01-14T23:32:25.8805285+00:00" endTime="2011-01-14T23:32:25.8915291+00:00" testType="13cdc9d9-ddb5-4fa4-a97d-d965ccfc6d4b" outcome="Passed" testListId="8c84fa94-04c1-424b-9868-57a2d4851a1d" relativeResultsDirectory="8aa3a68e-29ab-487d-b72c-c4e0b12f8e60">
    </UnitTestResult>
    <UnitTestResult executionId="98459d08-9dd0-4f25-806d-1ab7867ede6a" testId="2f5ec1c4-04f0-fa9c-5150-6f7abf584f74" testName="ExecutionTime01ThrowsContractException820" computerName="MINIAC" duration="00:00:00.0020432" startTime="2011-01-14T23:32:25.8945293+00:00" endTime="2011-01-14T23:32:25.9075300+00:00" testType="13cdc9d9-ddb5-4fa4-a97d-d965ccfc6d4b" outcome="Passed" testListId="8c84fa94-04c1-424b-9868-57a2d4851a1d" relativeResultsDirectory="98459d08-9dd0-4f25-806d-1ab7867ede6a">
    </UnitTestResult>
    <UnitTestResult executionId="51007925-b1ca-4b67-b9ac-b577456d177d" testId="2f965438-892b-963f-1d2d-a0dc16402531" testName="Fill0110503" computerName="MINIAC" duration="00:00:00.0003555" startTime="2011-01-14T23:32:25.9125303+00:00" endTime="2011-01-14T23:32:25.9205308+00:00" testType="13cdc9d9-ddb5-4fa4-a97d-d965ccfc6d4b" outcome="Passed" testListId="8c84fa94-04c1-424b-9868-57a2d4851a1d" relativeResultsDirectory="51007925-b1ca-4b67-b9ac-b577456d177d">
    </UnitTestResult>
    <UnitTestResult executionId="6e6a3d12-d56f-4084-b372-e0c1c2bd51dd" testId="2fd85783-fc83-f96f-d9bf-a6bcc5a252f1" testName="UnionAllThrowsContractException888" computerName="MINIAC" duration="00:00:00.0007078" startTime="2011-01-14T23:32:25.9235310+00:00" endTime="2011-01-14T23:32:25.9365317+00:00" testType="13cdc9d9-ddb5-4fa4-a97d-d965ccfc6d4b" outcome="Passed" testListId="8c84fa94-04c1-424b-9868-57a2d4851a1d" relativeResultsDirectory="6e6a3d12-d56f-4084-b372-e0c1c2bd51dd">
    </UnitTestResult>
    <UnitTestResult executionId="0cedb337-1aca-483e-bb03-24fef038c2c6" testId="2ff38794-ad92-1998-3c20-e3ee775a8969" testName="TakeEveryThrowsContractException368" computerName="MINIAC" duration="00:00:00.0005627" startTime="2011-01-14T23:32:25.9405319+00:00" endTime="2011-01-14T23:32:25.9525326+00:00" testType="13cdc9d9-ddb5-4fa4-a97d-d965ccfc6d4b" outcome="Passed" testListId="8c84fa94-04c1-424b-9868-57a2d4851a1d" relativeResultsDirectory="0cedb337-1aca-483e-bb03-24fef038c2c6">
    </UnitTestResult>
    <UnitTestResult executionId="66c11ce2-de12-482f-84e7-ff20d1acaca1" testId="30d8e69f-8aa2-c29f-376f-bcb878c7b97b" testName="AddThrowsContractException261" computerName="MINIAC" duration="00:00:00.0006033" startTime="2011-01-14T23:32:25.9555328+00:00" endTime="2011-01-14T23:32:25.9675335+00:00" testType="13cdc9d9-ddb5-4fa4-a97d-d965ccfc6d4b" outcome="Passed" testListId="8c84fa94-04c1-424b-9868-57a2d4851a1d" relativeResultsDirectory="66c11ce2-de12-482f-84e7-ff20d1acaca1">
    </UnitTestResult>
    <UnitTestResult executionId="f574e743-65f9-4953-8a4a-fa8cae515352" testId="3141d6f7-4f77-e316-0fab-9f0803c256ce" testName="Contrast768" computerName="MINIAC" duration="00:00:00.0004339" startTime="2011-01-14T23:32:25.9785341+00:00" endTime="2011-01-14T23:32:25.9865346+00:00" testType="13cdc9d9-ddb5-4fa4-a97d-d965ccfc6d4b" outcome="Passed" testListId="8c84fa94-04c1-424b-9868-57a2d4851a1d" relativeResultsDirectory="f574e743-65f9-4953-8a4a-fa8cae515352">
    </UnitTestResult>
    <UnitTestResult executionId="ecea90ba-0307-4d19-9397-8ea310b766ba" testId="31751606-0e00-3ddd-298e-e7c2d6c445a2" testName="As0198302" computerName="MINIAC" duration="00:00:00.0009621" startTime="2011-01-14T23:32:25.9895347+00:00" endTime="2011-01-14T23:32:26.0005354+00:00" testType="13cdc9d9-ddb5-4fa4-a97d-d965ccfc6d4b" outcome="Passed" testListId="8c84fa94-04c1-424b-9868-57a2d4851a1d" relativeResultsDirectory="ecea90ba-0307-4d19-9397-8ea310b766ba">
    </UnitTestResult>
    <UnitTestResult executionId="8452b91a-348b-4a72-ae1a-83f454830b48" testId="31a88d64-bb5b-6217-2758-d493dee381b6" testName="To02632" computerName="MINIAC" duration="00:00:00.0051079" startTime="2011-01-14T23:32:26.0025355+00:00" endTime="2011-01-14T23:32:26.0255368+00:00" testType="13cdc9d9-ddb5-4fa4-a97d-d965ccfc6d4b" outcome="Passed" testListId="8c84fa94-04c1-424b-9868-57a2d4851a1d" relativeResultsDirectory="8452b91a-348b-4a72-ae1a-83f454830b48">
    </UnitTestResult>
    <UnitTestResult executionId="58f46e4f-2356-4521-a781-2e763fd45344" testId="31a904fb-b5e5-f95a-175a-584bb2addaff" testName="As0163209" computerName="MINIAC" duration="00:00:00.0003882" startTime="2011-01-14T23:32:26.0285370+00:00" endTime="2011-01-14T23:32:26.0415377+00:00" testType="13cdc9d9-ddb5-4fa4-a97d-d965ccfc6d4b" outcome="Passed" testListId="8c84fa94-04c1-424b-9868-57a2d4851a1d" relativeResultsDirectory="58f46e4f-2356-4521-a781-2e763fd45344">
    </UnitTestResult>
    <UnitTestResult executionId="5300c038-dc08-4eb6-9396-ff7c3cc35885" testId="3340cb14-cf3b-8e1f-ca28-73acf64d833a" testName="GetEnumerator016901" computerName="MINIAC" duration="00:00:00.0020064" startTime="2011-01-14T23:32:26.0475381+00:00" endTime="2011-01-14T23:32:26.0645390+00:00" testType="13cdc9d9-ddb5-4fa4-a97d-d965ccfc6d4b" outcome="Passed" testListId="8c84fa94-04c1-424b-9868-57a2d4851a1d" relativeResultsDirectory="5300c038-dc08-4eb6-9396-ff7c3cc35885">
    </UnitTestResult>
    <UnitTestResult executionId="56e8f175-69de-44ce-9e66-7cea315123e1" testId="33d00c5c-c888-05a3-fa39-c11369cf7bd7" testName="Iter96002" computerName="MINIAC" duration="00:00:00.0004936" startTime="2011-01-14T23:32:26.0695393+00:00" endTime="2011-01-14T23:32:26.0795399+00:00" testType="13cdc9d9-ddb5-4fa4-a97d-d965ccfc6d4b" outcome="Passed" testListId="8c84fa94-04c1-424b-9868-57a2d4851a1d" relativeResultsDirectory="56e8f175-69de-44ce-9e66-7cea315123e1">
    </UnitTestResult>
    <UnitTestResult executionId="15ac21c1-8e76-4313-8694-473956bd40dc" testId="3403c50d-2a71-9a27-1ea8-652ff438ba45" testName="As0163218" computerName="MINIAC" duration="00:00:00.0003812" startTime="2011-01-14T23:32:26.0915406+00:00" endTime="2011-01-14T23:32:26.1035413+00:00" testType="13cdc9d9-ddb5-4fa4-a97d-d965ccfc6d4b" outcome="Passed" testListId="8c84fa94-04c1-424b-9868-57a2d4851a1d" relativeResultsDirectory="15ac21c1-8e76-4313-8694-473956bd40dc">
    </UnitTestResult>
    <UnitTestResult executionId="0bedfe53-6ffd-46ba-96cc-f54f5e246946" testId="344e42b2-441e-1ac7-2103-3d35eead278e" testName="Shuffle63201" computerName="MINIAC" duration="00:00:00.0004740" startTime="2011-01-14T23:32:26.1065414+00:00" endTime="2011-01-14T23:32:26.1155419+00:00" testType="13cdc9d9-ddb5-4fa4-a97d-d965ccfc6d4b" outcome="Passed" testListId="8c84fa94-04c1-424b-9868-57a2d4851a1d" relativeResultsDirectory="0bedfe53-6ffd-46ba-96cc-f54f5e246946">
    </UnitTestResult>
    <UnitTestResult executionId="acf724b6-8b82-44cd-85c7-517d640ad442" testId="34aa3cd1-c558-0302-e5aa-355d37850848" testName="ForEach78802" computerName="MINIAC" duration="00:00:00.0003630" startTime="2011-01-14T23:32:26.1215423+00:00" endTime="2011-01-14T23:32:26.1295427+00:00" testType="13cdc9d9-ddb5-4fa4-a97d-d965ccfc6d4b" outcome="Passed" testListId="8c84fa94-04c1-424b-9868-57a2d4851a1d" relativeResultsDirectory="acf724b6-8b82-44cd-85c7-517d640ad442">
    </UnitTestResult>
    <UnitTestResult executionId="279f3afa-15d7-496a-978d-36cd7b9425e8" testId="352720fc-addb-8a50-aed2-2c94197dd6d3" testName="FillThrowsContractException184" computerName="MINIAC" duration="00:00:00.0005496" startTime="2011-01-14T23:32:26.1345430+00:00" endTime="2011-01-14T23:32:26.1455437+00:00" testType="13cdc9d9-ddb5-4fa4-a97d-d965ccfc6d4b" outcome="Passed" testListId="8c84fa94-04c1-424b-9868-57a2d4851a1d" relativeResultsDirectory="279f3afa-15d7-496a-978d-36cd7b9425e8">
    </UnitTestResult>
    <UnitTestResult executionId="5ef42f84-1e1d-4905-b88b-35a1fbc7e5cc" testId="361a1550-e2b2-7624-b616-00a1d7f9e7ef" testName="ForEachThrowsContractException599" computerName="MINIAC" duration="00:00:00.0005799" startTime="2011-01-14T23:32:26.1485438+00:00" endTime="2011-01-14T23:32:26.1605445+00:00" testType="13cdc9d9-ddb5-4fa4-a97d-d965ccfc6d4b" outcome="Passed" testListId="8c84fa94-04c1-424b-9868-57a2d4851a1d" relativeResultsDirectory="5ef42f84-1e1d-4905-b88b-35a1fbc7e5cc">
    </UnitTestResult>
    <UnitTestResult executionId="7501c9d3-dc35-4244-ac33-7720ae510229" testId="36b9e3e8-56e9-be10-8570-3450071220f6" testName="Take01261" computerName="MINIAC" duration="00:00:00.0296632" startTime="2011-01-14T23:32:26.1635447+00:00" endTime="2011-01-14T23:32:26.2045470+00:00" testType="13cdc9d9-ddb5-4fa4-a97d-d965ccfc6d4b" outcome="Passed" testListId="8c84fa94-04c1-424b-9868-57a2d4851a1d" relativeResultsDirectory="7501c9d3-dc35-4244-ac33-7720ae510229">
    </UnitTestResult>
    <UnitTestResult executionId="486f9e19-23ae-4984-b13a-ddbf380c2b4a" testId="36c0ac7a-9f37-b952-7a17-2ad1e9132b69" testName="ForEach12504" computerName="MINIAC" duration="00:00:00.0003774" startTime="2011-01-14T23:32:26.2075472+00:00" endTime="2011-01-14T23:32:26.2165477+00:00" testType="13cdc9d9-ddb5-4fa4-a97d-d965ccfc6d4b" outcome="Passed" testListId="8c84fa94-04c1-424b-9868-57a2d4851a1d" relativeResultsDirectory="486f9e19-23ae-4984-b13a-ddbf380c2b4a">
    </UnitTestResult>
    <UnitTestResult executionId="8406a175-58db-47ad-9421-bc695985ce25" testId="37513ae8-9597-0d8b-e168-0cedc873d749" testName="As0136705" computerName="MINIAC" duration="00:00:00.0005790" startTime="2011-01-14T23:32:26.2195479+00:00" endTime="2011-01-14T23:32:26.2315486+00:00" testType="13cdc9d9-ddb5-4fa4-a97d-d965ccfc6d4b" outcome="Passed" testListId="8c84fa94-04c1-424b-9868-57a2d4851a1d" relativeResultsDirectory="8406a175-58db-47ad-9421-bc695985ce25">
    </UnitTestResult>
    <UnitTestResult executionId="5da2b47d-d946-4860-9c99-43a6f0d239d0" testId="37c5e788-97a2-ee7f-c1df-5b64dcc3fb4c" testName="As0166002" computerName="MINIAC" duration="00:00:00.0005286" startTime="2011-01-14T23:32:26.2345488+00:00" endTime="2011-01-14T23:32:26.2445493+00:00" testType="13cdc9d9-ddb5-4fa4-a97d-d965ccfc6d4b" outcome="Passed" testListId="8c84fa94-04c1-424b-9868-57a2d4851a1d" relativeResultsDirectory="5da2b47d-d946-4860-9c99-43a6f0d239d0">
    </UnitTestResult>
    <UnitTestResult executionId="85227221-3035-4a47-99b1-f399ca405e57" testId="382ae704-dd0b-2259-d31c-dfbfb69a1305" testName="UnionAll13601" computerName="MINIAC" duration="00:00:00.0006243" startTime="2011-01-14T23:32:26.2485496+00:00" endTime="2011-01-14T23:32:26.2595502+00:00" testType="13cdc9d9-ddb5-4fa4-a97d-d965ccfc6d4b" outcome="Passed" testListId="8c84fa94-04c1-424b-9868-57a2d4851a1d" relativeResultsDirectory="85227221-3035-4a47-99b1-f399ca405e57">
    </UnitTestResult>
    <UnitTestResult executionId="f29fd986-ab00-49f8-b533-331e12273674" testId="382f1a18-8c5b-b8b8-72e6-323b201ac9b0" testName="ExecutionTime01ThrowsContractException363" computerName="MINIAC" duration="00:00:00.0005874" startTime="2011-01-14T23:32:26.2615503+00:00" endTime="2011-01-14T23:32:26.2725509+00:00" testType="13cdc9d9-ddb5-4fa4-a97d-d965ccfc6d4b" outcome="Passed" testListId="8c84fa94-04c1-424b-9868-57a2d4851a1d" relativeResultsDirectory="f29fd986-ab00-49f8-b533-331e12273674">
    </UnitTestResult>
    <UnitTestResult executionId="d9983e21-8387-42eb-beb8-21e8453573e1" testId="389db5b6-ab96-a436-4af4-f75359c85bc2" testName="As0163224" computerName="MINIAC" duration="00:00:00.0005146" startTime="2011-01-14T23:32:26.2745510+00:00" endTime="2011-01-14T23:32:26.2885518+00:00" testType="13cdc9d9-ddb5-4fa4-a97d-d965ccfc6d4b" outcome="Passed" testListId="8c84fa94-04c1-424b-9868-57a2d4851a1d" relativeResultsDirectory="d9983e21-8387-42eb-beb8-21e8453573e1">
    </UnitTestResult>
    <UnitTestResult executionId="4c1737e5-2d9c-4d67-99b0-66ce0d2a2fe3" testId="3902168e-77cb-c1b4-c44f-4336ab3b86bd" testName="EmptyIfNull122" computerName="MINIAC" duration="00:00:00.0009915" startTime="2011-01-14T23:32:26.2905520+00:00" endTime="2011-01-14T23:32:26.3025526+00:00" testType="13cdc9d9-ddb5-4fa4-a97d-d965ccfc6d4b" outcome="Passed" testListId="8c84fa94-04c1-424b-9868-57a2d4851a1d" relativeResultsDirectory="4c1737e5-2d9c-4d67-99b0-66ce0d2a2fe3">
    </UnitTestResult>
    <UnitTestResult executionId="66f7150c-1d69-4f11-9ec4-13d4e9eb1bb7" testId="3950117e-1257-8bcc-63aa-35e8e8daf9e2" testName="To463" computerName="MINIAC" duration="00:00:00.0005491" startTime="2011-01-14T23:32:26.3055528+00:00" endTime="2011-01-14T23:32:26.3155534+00:00" testType="13cdc9d9-ddb5-4fa4-a97d-d965ccfc6d4b" outcome="Passed" testListId="8c84fa94-04c1-424b-9868-57a2d4851a1d" relativeResultsDirectory="66f7150c-1d69-4f11-9ec4-13d4e9eb1bb7">
    </UnitTestResult>
    <UnitTestResult executionId="16d5aafe-1e19-49c0-be81-729861f2f72d" testId="39820720-af85-1690-8f39-546deff2b7b4" testName="AsEnumerable0128302" computerName="MINIAC" duration="00:00:00.0003788" startTime="2011-01-14T23:32:26.3215537+00:00" endTime="2011-01-14T23:32:26.3305542+00:00" testType="13cdc9d9-ddb5-4fa4-a97d-d965ccfc6d4b" outcome="Passed" testListId="8c84fa94-04c1-424b-9868-57a2d4851a1d" relativeResultsDirectory="16d5aafe-1e19-49c0-be81-729861f2f72d">
    </UnitTestResult>
    <UnitTestResult executionId="83c75efa-9597-44c4-97f9-7e05c1acbd33" testId="39a24eb5-a45d-f931-6682-86b278494085" testName="Fill0168804" computerName="MINIAC" duration="00:00:00.0003434" startTime="2011-01-14T23:32:26.3325544+00:00" endTime="2011-01-14T23:32:26.3435550+00:00" testType="13cdc9d9-ddb5-4fa4-a97d-d965ccfc6d4b" outcome="Passed" testListId="8c84fa94-04c1-424b-9868-57a2d4851a1d" relativeResultsDirectory="83c75efa-9597-44c4-97f9-7e05c1acbd33">
    </UnitTestResult>
    <UnitTestResult executionId="faf427dd-1b7c-433e-a600-fa0ff020c9ff" testId="3a633eaa-632f-f936-1d35-4e407b494884" testName="As0163207" computerName="MINIAC" duration="00:00:00.0003830" startTime="2011-01-14T23:32:26.3465552+00:00" endTime="2011-01-14T23:32:26.3525555+00:00" testType="13cdc9d9-ddb5-4fa4-a97d-d965ccfc6d4b" outcome="Passed" testListId="8c84fa94-04c1-424b-9868-57a2d4851a1d" relativeResultsDirectory="faf427dd-1b7c-433e-a600-fa0ff020c9ff">
    </UnitTestResult>
    <UnitTestResult executionId="f8fc5655-a908-4ab4-a9e1-8162d01f963f" testId="3c1d094b-ca29-adfc-cfcd-77289a3cce3f" testName="As0130304" computerName="MINIAC" duration="00:00:00.0003938" startTime="2011-01-14T23:32:26.3555557+00:00" endTime="2011-01-14T23:32:26.3625561+00:00" testType="13cdc9d9-ddb5-4fa4-a97d-d965ccfc6d4b" outcome="Passed" testListId="8c84fa94-04c1-424b-9868-57a2d4851a1d" relativeResultsDirectory="f8fc5655-a908-4ab4-a9e1-8162d01f963f">
    </UnitTestResult>
    <UnitTestResult executionId="e1dad248-10ab-43a2-9136-dd251758ed0e" testId="3c2e9b97-7181-c8d2-2f10-0abc89251ccc" testName="IfNotNull0159705" computerName="MINIAC" duration="00:00:00.0003233" startTime="2011-01-14T23:32:26.3715566+00:00" endTime="2011-01-14T23:32:26.3825572+00:00" testType="13cdc9d9-ddb5-4fa4-a97d-d965ccfc6d4b" outcome="Passed" testListId="8c84fa94-04c1-424b-9868-57a2d4851a1d" relativeResultsDirectory="e1dad248-10ab-43a2-9136-dd251758ed0e">
    </UnitTestResult>
    <UnitTestResult executionId="f524664b-2693-4bf6-a75a-8ac5541f19d1" testId="3c579db0-0876-cedf-1e56-2a6de957c366" testName="GetByPercentThrowsContractException15101" computerName="MINIAC" duration="00:00:00.0005286" startTime="2011-01-14T23:32:26.3865574+00:00" endTime="2011-01-14T23:32:26.3975581+00:00" testType="13cdc9d9-ddb5-4fa4-a97d-d965ccfc6d4b" outcome="Passed" testListId="8c84fa94-04c1-424b-9868-57a2d4851a1d" relativeResultsDirectory="f524664b-2693-4bf6-a75a-8ac5541f19d1">
    </UnitTestResult>
    <UnitTestResult executionId="90c1fe47-fb50-49a4-a2e4-cd62f0b94457" testId="3ca3afbe-4155-3a78-1581-d034645ac0e9" testName="To04ThrowsContractException193" computerName="MINIAC" duration="00:00:00.0005090" startTime="2011-01-14T23:32:26.4005582+00:00" endTime="2011-01-14T23:32:26.4105588+00:00" testType="13cdc9d9-ddb5-4fa4-a97d-d965ccfc6d4b" outcome="Passed" testListId="8c84fa94-04c1-424b-9868-57a2d4851a1d" relativeResultsDirectory="90c1fe47-fb50-49a4-a2e4-cd62f0b94457">
    </UnitTestResult>
    <UnitTestResult executionId="da33c110-86c2-4cdb-b2fd-86dd5c6ee1a2" testId="3cd342db-3464-b39f-d797-78a5b44d7bab" testName="GetSubRectangles179" computerName="MINIAC" duration="00:00:00.0003704" startTime="2011-01-14T23:32:26.4125589+00:00" endTime="2011-01-14T23:32:26.4215594+00:00" testType="13cdc9d9-ddb5-4fa4-a97d-d965ccfc6d4b" outcome="Passed" testListId="8c84fa94-04c1-424b-9868-57a2d4851a1d" relativeResultsDirectory="da33c110-86c2-4cdb-b2fd-86dd5c6ee1a2">
    </UnitTestResult>
    <UnitTestResult executionId="40d8c161-e7a8-4b6c-b0c0-9a2196e5a4c0" testId="3cd79fab-d2b4-f532-5d2a-fc7f89f94523" testName="CollatzCount01606" computerName="MINIAC" duration="00:00:00.0002976" startTime="2011-01-14T23:32:26.4255597+00:00" endTime="2011-01-14T23:32:26.4355602+00:00" testType="13cdc9d9-ddb5-4fa4-a97d-d965ccfc6d4b" outcome="Passed" testListId="8c84fa94-04c1-424b-9868-57a2d4851a1d" relativeResultsDirectory="40d8c161-e7a8-4b6c-b0c0-9a2196e5a4c0">
    </UnitTestResult>
    <UnitTestResult executionId="9d62b667-a735-4b73-adae-0fd3f3c4da57" testId="3d3988d3-9563-f144-e6f1-47341372fdea" testName="As01303" computerName="MINIAC" duration="00:00:00.0003830" startTime="2011-01-14T23:32:26.4395605+00:00" endTime="2011-01-14T23:32:26.4475609+00:00" testType="13cdc9d9-ddb5-4fa4-a97d-d965ccfc6d4b" outcome="Passed" testListId="8c84fa94-04c1-424b-9868-57a2d4851a1d" relativeResultsDirectory="9d62b667-a735-4b73-adae-0fd3f3c4da57">
    </UnitTestResult>
    <UnitTestResult executionId="a9181249-8b31-4893-a60d-915f519bde8e" testId="3dde4b4b-e27c-57a9-155e-da4fc130f503" testName="ExecuteThrowsContractException357" computerName="MINIAC" duration="00:00:00.0005333" startTime="2011-01-14T23:32:26.4505611+00:00" endTime="2011-01-14T23:32:26.4615617+00:00" testType="13cdc9d9-ddb5-4fa4-a97d-d965ccfc6d4b" outcome="Passed" testListId="8c84fa94-04c1-424b-9868-57a2d4851a1d" relativeResultsDirectory="a9181249-8b31-4893-a60d-915f519bde8e">
    </UnitTestResult>
    <UnitTestResult executionId="c1f404d7-f04e-42a1-9687-99bd5428851b" testId="3e37c17d-90fa-e89c-9aa5-d591fc3b0dec" testName="As01367" computerName="MINIAC" duration="00:00:00.0007097" startTime="2011-01-14T23:32:26.4645619+00:00" endTime="2011-01-14T23:32:26.4745625+00:00" testType="13cdc9d9-ddb5-4fa4-a97d-d965ccfc6d4b" outcome="Passed" testListId="8c84fa94-04c1-424b-9868-57a2d4851a1d" relativeResultsDirectory="c1f404d7-f04e-42a1-9687-99bd5428851b">
    </UnitTestResult>
    <UnitTestResult executionId="ce59376b-93fc-42cc-81cf-780ba39a3aa8" testId="3f99a1d3-4dae-8b7d-a361-9ebbf5115b1e" testName="As0163240" computerName="MINIAC" duration="00:00:00.0003905" startTime="2011-01-14T23:32:26.4785627+00:00" endTime="2011-01-14T23:32:26.4875632+00:00" testType="13cdc9d9-ddb5-4fa4-a97d-d965ccfc6d4b" outcome="Passed" testListId="8c84fa94-04c1-424b-9868-57a2d4851a1d" relativeResultsDirectory="ce59376b-93fc-42cc-81cf-780ba39a3aa8">
    </UnitTestResult>
    <UnitTestResult executionId="93e24fd5-8f9e-40d8-90fe-de8b7228ea8c" testId="3febe6f3-67ab-23b3-dd85-d4b7c1206b0c" testName="TakeEvery57301" computerName="MINIAC" duration="00:00:00.0006877" startTime="2011-01-14T23:32:26.4905634+00:00" endTime="2011-01-14T23:32:26.5015640+00:00" testType="13cdc9d9-ddb5-4fa4-a97d-d965ccfc6d4b" outcome="Passed" testListId="8c84fa94-04c1-424b-9868-57a2d4851a1d" relativeResultsDirectory="93e24fd5-8f9e-40d8-90fe-de8b7228ea8c">
    </UnitTestResult>
    <UnitTestResult executionId="7be786b0-0371-4c6a-b30c-01d184cdf136" testId="40b13692-f736-7aca-afa5-678a24ba3ffc" testName="As0163219" computerName="MINIAC" duration="00:00:00.0003882" startTime="2011-01-14T23:32:26.5045642+00:00" endTime="2011-01-14T23:32:26.5145648+00:00" testType="13cdc9d9-ddb5-4fa4-a97d-d965ccfc6d4b" outcome="Passed" testListId="8c84fa94-04c1-424b-9868-57a2d4851a1d" relativeResultsDirectory="7be786b0-0371-4c6a-b30c-01d184cdf136">
    </UnitTestResult>
    <UnitTestResult executionId="9d7b0afe-92aa-4246-95b1-028e9645c8d9" testId="40e83519-1225-601d-0c17-661b77e82314" testName="As01404" computerName="MINIAC" duration="00:00:00.0111206" startTime="2011-01-14T23:32:26.5235653+00:00" endTime="2011-01-14T23:32:26.5425664+00:00" testType="13cdc9d9-ddb5-4fa4-a97d-d965ccfc6d4b" outcome="Passed" testListId="8c84fa94-04c1-424b-9868-57a2d4851a1d" relativeResultsDirectory="9d7b0afe-92aa-4246-95b1-028e9645c8d9">
    </UnitTestResult>
    <UnitTestResult executionId="f7543374-01d2-4fd0-bd34-1eb862c0d0b7" testId="4183213a-6645-16c2-af8b-e5bfcf7442d8" testName="NullOr90701" computerName="MINIAC" duration="00:00:00.0004530" startTime="2011-01-14T23:32:26.5455665+00:00" endTime="2011-01-14T23:32:26.5595673+00:00" testType="13cdc9d9-ddb5-4fa4-a97d-d965ccfc6d4b" outcome="Passed" testListId="8c84fa94-04c1-424b-9868-57a2d4851a1d" relativeResultsDirectory="f7543374-01d2-4fd0-bd34-1eb862c0d0b7">
    </UnitTestResult>
    <UnitTestResult executionId="faed7ee5-264c-48c6-83d2-6139374007d4" testId="41b53b6b-04c0-c784-5da0-bab31b4fb4d7" testName="ForEach90803" computerName="MINIAC" duration="00:00:00.0003816" startTime="2011-01-14T23:32:26.5625675+00:00" endTime="2011-01-14T23:32:26.5745682+00:00" testType="13cdc9d9-ddb5-4fa4-a97d-d965ccfc6d4b" outcome="Passed" testListId="8c84fa94-04c1-424b-9868-57a2d4851a1d" relativeResultsDirectory="faed7ee5-264c-48c6-83d2-6139374007d4">
    </UnitTestResult>
    <UnitTestResult executionId="fd08cda5-e8dd-41bb-b640-108bde52405a" testId="41c73ee5-f5f2-636b-5a9a-3a3fb22aecad" testName="NullOrThrowsContractException745" computerName="MINIAC" duration="00:00:00.0005776" startTime="2011-01-14T23:32:26.5805685+00:00" endTime="2011-01-14T23:32:26.5945693+00:00" testType="13cdc9d9-ddb5-4fa4-a97d-d965ccfc6d4b" outcome="Passed" testListId="8c84fa94-04c1-424b-9868-57a2d4851a1d" relativeResultsDirectory="fd08cda5-e8dd-41bb-b640-108bde52405a">
    </UnitTestResult>
    <UnitTestResult executionId="b07365bd-59fc-4d15-980d-45c60c1048a6" testId="42f45f10-504d-0d19-0e58-1ea2105c69e9" testName="AsEnumerable0128301" computerName="MINIAC" duration="00:00:00.0003919" startTime="2011-01-14T23:32:26.6035699+00:00" endTime="2011-01-14T23:32:26.6135704+00:00" testType="13cdc9d9-ddb5-4fa4-a97d-d965ccfc6d4b" outcome="Passed" testListId="8c84fa94-04c1-424b-9868-57a2d4851a1d" relativeResultsDirectory="b07365bd-59fc-4d15-980d-45c60c1048a6">
    </UnitTestResult>
    <UnitTestResult executionId="5f82f691-eca2-4bc8-b78d-6e0af37aca3f" testId="43271b50-9462-4bb7-5e78-3783a2d68504" testName="As0198301" computerName="MINIAC" duration="00:00:00.0007148" startTime="2011-01-14T23:32:26.6265717+00:00" endTime="2011-01-14T23:32:26.6420737+00:00" testType="13cdc9d9-ddb5-4fa4-a97d-d965ccfc6d4b" outcome="Passed" testListId="8c84fa94-04c1-424b-9868-57a2d4851a1d" relativeResultsDirectory="5f82f691-eca2-4bc8-b78d-6e0af37aca3f">
    </UnitTestResult>
    <UnitTestResult executionId="4b374b65-fc46-4b01-9dd0-1ca4c75eeb39" testId="43b966b3-46a6-2c68-ed24-575462007214" testName="GetEntry195" computerName="MINIAC" duration="00:00:00.0005184" startTime="2011-01-14T23:32:26.6455741+00:00" endTime="2011-01-14T23:32:26.6555754+00:00" testType="13cdc9d9-ddb5-4fa4-a97d-d965ccfc6d4b" outcome="Passed" testListId="8c84fa94-04c1-424b-9868-57a2d4851a1d" relativeResultsDirectory="4b374b65-fc46-4b01-9dd0-1ca4c75eeb39">
    </UnitTestResult>
    <UnitTestResult executionId="b66d91bc-dd19-44d2-9c05-351621eca4aa" testId="446e633f-49f1-1108-f723-4032f6b7dd87" testName="CreateRectangleThrowsContractException799" computerName="MINIAC" duration="00:00:00.0013032" startTime="2011-01-14T23:32:26.6590759+00:00" endTime="2011-01-14T23:32:26.6725767+00:00" testType="13cdc9d9-ddb5-4fa4-a97d-d965ccfc6d4b" outcome="Passed" testListId="8c84fa94-04c1-424b-9868-57a2d4851a1d" relativeResultsDirectory="b66d91bc-dd19-44d2-9c05-351621eca4aa">
    </UnitTestResult>
    <UnitTestResult executionId="99339c84-a185-4333-a27b-4dcd73ac307d" testId="44ddd54b-7a43-e4f9-ebb3-b78badce4585" testName="As21517" computerName="MINIAC" duration="00:00:00.0006415" startTime="2011-01-14T23:32:26.6755768+00:00" endTime="2011-01-14T23:32:26.6845774+00:00" testType="13cdc9d9-ddb5-4fa4-a97d-d965ccfc6d4b" outcome="Passed" testListId="8c84fa94-04c1-424b-9868-57a2d4851a1d" relativeResultsDirectory="99339c84-a185-4333-a27b-4dcd73ac307d">
    </UnitTestResult>
    <UnitTestResult executionId="c47307fd-2ca4-4537-a026-ae6f953c73a0" testId="466bff3f-4c8e-a9c1-50f6-91ffeb15d3a1" testName="As0163231" computerName="MINIAC" duration="00:00:00.0004040" startTime="2011-01-14T23:32:26.6875775+00:00" endTime="2011-01-14T23:32:26.6975781+00:00" testType="13cdc9d9-ddb5-4fa4-a97d-d965ccfc6d4b" outcome="Passed" testListId="8c84fa94-04c1-424b-9868-57a2d4851a1d" relativeResultsDirectory="c47307fd-2ca4-4537-a026-ae6f953c73a0">
    </UnitTestResult>
    <UnitTestResult executionId="b57cdd93-f47f-4055-a6ce-8b67804f2a8e" testId="46ca0fd9-03e1-55e3-3ad7-b4625d8d07c0" testName="IfNotNull17302" computerName="MINIAC" duration="00:00:00.0003583" startTime="2011-01-14T23:32:26.7015783+00:00" endTime="2011-01-14T23:32:26.7125790+00:00" testType="13cdc9d9-ddb5-4fa4-a97d-d965ccfc6d4b" outcome="Passed" testListId="8c84fa94-04c1-424b-9868-57a2d4851a1d" relativeResultsDirectory="b57cdd93-f47f-4055-a6ce-8b67804f2a8e">
    </UnitTestResult>
    <UnitTestResult executionId="1310c29b-f2c5-4c43-b92d-e0afb6ec1eef" testId="46f11c29-0946-1ee3-1afe-afb72995b905" testName="IfNotNull01923" computerName="MINIAC" duration="00:00:00.0003616" startTime="2011-01-14T23:32:26.7155791+00:00" endTime="2011-01-14T23:32:26.7255797+00:00" testType="13cdc9d9-ddb5-4fa4-a97d-d965ccfc6d4b" outcome="Passed" testListId="8c84fa94-04c1-424b-9868-57a2d4851a1d" relativeResultsDirectory="1310c29b-f2c5-4c43-b92d-e0afb6ec1eef">
    </UnitTestResult>
    <UnitTestResult executionId="34892d2e-be89-4ab5-9aa1-cad6867887eb" testId="473a2b39-cb44-1d62-3c12-9fd92e3b377f" testName="As0163222" computerName="MINIAC" duration="00:00:00.0003896" startTime="2011-01-14T23:32:26.7285799+00:00" endTime="2011-01-14T23:32:26.7405806+00:00" testType="13cdc9d9-ddb5-4fa4-a97d-d965ccfc6d4b" outcome="Passed" testListId="8c84fa94-04c1-424b-9868-57a2d4851a1d" relativeResultsDirectory="34892d2e-be89-4ab5-9aa1-cad6867887eb">
    </UnitTestResult>
    <UnitTestResult executionId="12197d0a-6023-4d9f-ba7f-586cb504ce9a" testId="4796da93-05be-09dc-4928-16eafddcfcc3" testName="As0163203" computerName="MINIAC" duration="00:00:00.0004143" startTime="2011-01-14T23:32:26.7435807+00:00" endTime="2011-01-14T23:32:26.7535813+00:00" testType="13cdc9d9-ddb5-4fa4-a97d-d965ccfc6d4b" outcome="Passed" testListId="8c84fa94-04c1-424b-9868-57a2d4851a1d" relativeResultsDirectory="12197d0a-6023-4d9f-ba7f-586cb504ce9a">
    </UnitTestResult>
    <UnitTestResult executionId="c244e5a1-9442-41e9-a064-5468edc062c1" testId="47d55f13-e46c-b000-9e07-f790b956391a" testName="Take01ThrowsIndexOutOfRangeException817" computerName="MINIAC" duration="00:00:00.2750968" startTime="2011-01-14T23:32:26.7575815+00:00" endTime="2011-01-14T23:32:27.0415978+00:00" testType="13cdc9d9-ddb5-4fa4-a97d-d965ccfc6d4b" outcome="Failed" testListId="8c84fa94-04c1-424b-9868-57a2d4851a1d" relativeResultsDirectory="c244e5a1-9442-41e9-a064-5468edc062c1">
      <Output>
        <ErrorInfo>
          <Message>Test method SharpBag.ExtensionsTest.Take01ThrowsIndexOutOfRangeException817 threw exception: 
System.IndexOutOfRangeException: Index was outside the bounds of the array.</Message>
          <StackTrace>    at SharpBag.Extensions.&lt;&gt;c__DisplayClass60`1.&lt;Take&gt;b__5f(Int32 i) in C:\Users\SuprDewd\Documents\Projects\SharpBag\SharpBag\Extensions.cs:line 815
   at System.Linq.Enumerable.WhereSelectArrayIterator`2.MoveNext()
   at System.Linq.Buffer`1..ctor(IEnumerable`1 source)
   at System.Linq.Enumerable.ToArray[TSource](IEnumerable`1 source)
   at SharpBag.Extensions.Take[T](IEnumerable`1 collection, IEnumerable`1 indexes) in C:\Users\SuprDewd\Documents\Projects\SharpBag\SharpBag\Extensions.cs:line 813
   at SharpBag.Extensions.Take[T](IEnumerable`1 collection, Int32[] indexes) in C:\Users\SuprDewd\Documents\Projects\SharpBag\SharpBag\Extensions.cs:line 827
   at SharpBag.ExtensionsTest.Take01ThrowsIndexOutOfRangeException817() in C:\Users\SuprDewd\Documents\Projects\SharpBag\SharpBag.Tests\ExtensionsTest.Take01.g.cs:line 143
</StackTrace>
        </ErrorInfo>
      </Output>
    </UnitTestResult>
    <UnitTestResult executionId="6e39631a-e0ae-4529-8a5c-6a1675b32e3a" testId="4828b82d-197c-d38d-1052-fb24855ec6ae" testName="UnionAll02ThrowsContractException669" computerName="MINIAC" duration="00:00:00.0028047" startTime="2011-01-14T23:32:27.0445979+00:00" endTime="2011-01-14T23:32:27.0585987+00:00" testType="13cdc9d9-ddb5-4fa4-a97d-d965ccfc6d4b" outcome="Passed" testListId="8c84fa94-04c1-424b-9868-57a2d4851a1d" relativeResultsDirectory="6e39631a-e0ae-4529-8a5c-6a1675b32e3a">
    </UnitTestResult>
    <UnitTestResult executionId="2867b29d-aff5-4fdc-b789-667154201e2c" testId="48745f52-01da-5495-8edc-495e0a033ca1" testName="As0163205" computerName="MINIAC" duration="00:00:00.0004815" startTime="2011-01-14T23:32:27.0695994+00:00" endTime="2011-01-14T23:32:27.0856013+00:00" testType="13cdc9d9-ddb5-4fa4-a97d-d965ccfc6d4b" outcome="Passed" testListId="8c84fa94-04c1-424b-9868-57a2d4851a1d" relativeResultsDirectory="2867b29d-aff5-4fdc-b789-667154201e2c">
    </UnitTestResult>
    <UnitTestResult executionId="173f88bd-7960-4a64-afd5-399eb9a16b35" testId="49aa9228-e307-ef3c-566e-386137588923" testName="IfNotNull0192301" computerName="MINIAC" duration="00:00:00.0003662" startTime="2011-01-14T23:32:27.0891018+00:00" endTime="2011-01-14T23:32:27.0991031+00:00" testType="13cdc9d9-ddb5-4fa4-a97d-d965ccfc6d4b" outcome="Passed" testListId="8c84fa94-04c1-424b-9868-57a2d4851a1d" relativeResultsDirectory="173f88bd-7960-4a64-afd5-399eb9a16b35">
    </UnitTestResult>
    <UnitTestResult executionId="92811609-c095-49e8-8f83-58911f782a0c" testId="49b4e1b0-9a60-f1f3-7d8e-e1f63ecc7d50" testName="UnionAll02ThrowsContractException903" computerName="MINIAC" duration="00:00:00.0006042" startTime="2011-01-14T23:32:27.1026034+00:00" endTime="2011-01-14T23:32:27.1106039+00:00" testType="13cdc9d9-ddb5-4fa4-a97d-d965ccfc6d4b" outcome="Passed" testListId="8c84fa94-04c1-424b-9868-57a2d4851a1d" relativeResultsDirectory="92811609-c095-49e8-8f83-58911f782a0c">
    </UnitTestResult>
    <UnitTestResult executionId="d3b04a15-1c7d-4191-8bae-18a2a185b33b" testId="4a5ccd91-8853-f0cc-c6d0-af1603a36ab2" testName="As0166001" computerName="MINIAC" duration="00:00:00.0003900" startTime="2011-01-14T23:32:27.1136041+00:00" endTime="2011-01-14T23:32:27.1256047+00:00" testType="13cdc9d9-ddb5-4fa4-a97d-d965ccfc6d4b" outcome="Passed" testListId="8c84fa94-04c1-424b-9868-57a2d4851a1d" relativeResultsDirectory="d3b04a15-1c7d-4191-8bae-18a2a185b33b">
    </UnitTestResult>
    <UnitTestResult executionId="a3357a62-186e-4898-8e95-ce6a320f6127" testId="4c1abec7-91f0-7672-2e0f-302cf26fbd1a" testName="As0166403" computerName="MINIAC" duration="00:00:00.0006593" startTime="2011-01-14T23:32:27.1286049+00:00" endTime="2011-01-14T23:32:27.1406056+00:00" testType="13cdc9d9-ddb5-4fa4-a97d-d965ccfc6d4b" outcome="Passed" testListId="8c84fa94-04c1-424b-9868-57a2d4851a1d" relativeResultsDirectory="a3357a62-186e-4898-8e95-ce6a320f6127">
    </UnitTestResult>
    <UnitTestResult executionId="4a37c58f-6501-4302-9c98-2a386e638425" testId="4c6a72c8-f168-62bf-d7c0-83140d0efec5" testName="ForEach12505" computerName="MINIAC" duration="00:00:00.0003723" startTime="2011-01-14T23:32:27.1436058+00:00" endTime="2011-01-14T23:32:27.1546064+00:00" testType="13cdc9d9-ddb5-4fa4-a97d-d965ccfc6d4b" outcome="Passed" testListId="8c84fa94-04c1-424b-9868-57a2d4851a1d" relativeResultsDirectory="4a37c58f-6501-4302-9c98-2a386e638425">
    </UnitTestResult>
    <UnitTestResult executionId="54e11e8e-6517-4e8a-b764-3d6960b5b2b5" testId="4c766330-2a1a-c11f-5958-fa0e45c2a866" testName="UnionAll0233901" computerName="MINIAC" duration="00:00:00.0006093" startTime="2011-01-14T23:32:27.1606067+00:00" endTime="2011-01-14T23:32:27.1686072+00:00" testType="13cdc9d9-ddb5-4fa4-a97d-d965ccfc6d4b" outcome="Passed" testListId="8c84fa94-04c1-424b-9868-57a2d4851a1d" relativeResultsDirectory="54e11e8e-6517-4e8a-b764-3d6960b5b2b5">
    </UnitTestResult>
    <UnitTestResult executionId="883d47e2-8f1b-40d3-b875-eb98e6401154" testId="4d41008a-7d5b-c195-89ca-25e2bba2803d" testName="NullOr71404" computerName="MINIAC" duration="00:00:00.0303608" startTime="2011-01-14T23:32:27.1766077+00:00" endTime="2011-01-14T23:32:27.2146098+00:00" testType="13cdc9d9-ddb5-4fa4-a97d-d965ccfc6d4b" outcome="Passed" testListId="8c84fa94-04c1-424b-9868-57a2d4851a1d" relativeResultsDirectory="883d47e2-8f1b-40d3-b875-eb98e6401154">
    </UnitTestResult>
    <UnitTestResult executionId="1e167db3-5366-43e3-8e56-caecf3f76439" testId="4f308a7f-5339-1197-c196-e8c2a3294cdb" testName="AsEnumerable0258803" computerName="MINIAC" duration="00:00:00.0005613" startTime="2011-01-14T23:32:27.2176100+00:00" endTime="2011-01-14T23:32:27.2296107+00:00" testType="13cdc9d9-ddb5-4fa4-a97d-d965ccfc6d4b" outcome="Passed" testListId="8c84fa94-04c1-424b-9868-57a2d4851a1d" relativeResultsDirectory="1e167db3-5366-43e3-8e56-caecf3f76439">
    </UnitTestResult>
    <UnitTestResult executionId="583ef911-6b3e-472d-9105-f9606ef1aec1" testId="4fbb91c1-c965-1543-022c-12856d2ae5ad" testName="As0163243" computerName="MINIAC" duration="00:00:00.0003938" startTime="2011-01-14T23:32:27.2326109+00:00" endTime="2011-01-14T23:32:27.2426114+00:00" testType="13cdc9d9-ddb5-4fa4-a97d-d965ccfc6d4b" outcome="Passed" testListId="8c84fa94-04c1-424b-9868-57a2d4851a1d" relativeResultsDirectory="583ef911-6b3e-472d-9105-f9606ef1aec1">
    </UnitTestResult>
    <UnitTestResult executionId="8e452957-4f3f-4541-a6fa-f26967aad8c4" testId="51819a1f-c4ce-ae98-f248-c4cc70983131" testName="SubarrayThrowsContractException966" computerName="MINIAC" duration="00:00:00.0005552" startTime="2011-01-14T23:32:27.2456116+00:00" endTime="2011-01-14T23:32:27.2576123+00:00" testType="13cdc9d9-ddb5-4fa4-a97d-d965ccfc6d4b" outcome="Passed" testListId="8c84fa94-04c1-424b-9868-57a2d4851a1d" relativeResultsDirectory="8e452957-4f3f-4541-a6fa-f26967aad8c4">
    </UnitTestResult>
    <UnitTestResult executionId="91b15402-e4cb-457f-88e9-ec7833a8de9b" testId="52bb5c10-8020-64c9-2ecd-899322f38be6" testName="As0163252" computerName="MINIAC" duration="00:00:00.0003961" startTime="2011-01-14T23:32:27.2606125+00:00" endTime="2011-01-14T23:32:27.2706130+00:00" testType="13cdc9d9-ddb5-4fa4-a97d-d965ccfc6d4b" outcome="Passed" testListId="8c84fa94-04c1-424b-9868-57a2d4851a1d" relativeResultsDirectory="91b15402-e4cb-457f-88e9-ec7833a8de9b">
    </UnitTestResult>
    <UnitTestResult executionId="d980dddc-5dc3-47a4-80f6-05d73112c2a2" testId="530e9426-a117-1e44-3c23-eb9bc838bd65" testName="DequeueThrowsContractException38" computerName="MINIAC" duration="00:00:00.0022210" startTime="2011-01-14T23:32:27.2736132+00:00" endTime="2011-01-14T23:32:27.2846138+00:00" testType="13cdc9d9-ddb5-4fa4-a97d-d965ccfc6d4b" outcome="Passed" testListId="8c84fa94-04c1-424b-9868-57a2d4851a1d" relativeResultsDirectory="d980dddc-5dc3-47a4-80f6-05d73112c2a2">
    </UnitTestResult>
    <UnitTestResult executionId="d012b9bd-5014-4fab-a8a6-e4088cee7e10" testId="536b6a19-3a08-b70f-2e38-9f6c85ff083a" testName="ReadLinesFromConsole864" computerName="MINIAC" duration="00:00:00.0016051" startTime="2011-01-14T23:32:27.2876140+00:00" endTime="2011-01-14T23:32:27.2986146+00:00" testType="13cdc9d9-ddb5-4fa4-a97d-d965ccfc6d4b" outcome="Passed" testListId="8c84fa94-04c1-424b-9868-57a2d4851a1d" relativeResultsDirectory="d012b9bd-5014-4fab-a8a6-e4088cee7e10">
    </UnitTestResult>
    <UnitTestResult executionId="919ff4f1-45b2-4fe4-9da7-50e03b641a79" testId="53857a93-24c6-17ef-97dc-e0adc3a32915" testName="Bound01232" computerName="MINIAC" duration="00:00:00.0003746" startTime="2011-01-14T23:32:27.3026149+00:00" endTime="2011-01-14T23:32:27.3116154+00:00" testType="13cdc9d9-ddb5-4fa4-a97d-d965ccfc6d4b" outcome="Passed" testListId="8c84fa94-04c1-424b-9868-57a2d4851a1d" relativeResultsDirectory="919ff4f1-45b2-4fe4-9da7-50e03b641a79">
    </UnitTestResult>
    <UnitTestResult executionId="14d54e55-e25a-4b24-8509-ff7ebc3d0c56" testId="54298867-2de1-54e3-939d-7ba756012afc" testName="Fill0110505" computerName="MINIAC" duration="00:00:00.0003616" startTime="2011-01-14T23:32:27.3146156+00:00" endTime="2011-01-14T23:32:27.3316165+00:00" testType="13cdc9d9-ddb5-4fa4-a97d-d965ccfc6d4b" outcome="Passed" testListId="8c84fa94-04c1-424b-9868-57a2d4851a1d" relativeResultsDirectory="14d54e55-e25a-4b24-8509-ff7ebc3d0c56">
    </UnitTestResult>
    <UnitTestResult executionId="b1a394f6-efd2-4842-833b-8bccd889c83a" testId="54c53908-aa18-b805-dfbf-38b92f93913c" testName="GenerateThrowsContractException133" computerName="MINIAC" duration="00:00:00.0006709" startTime="2011-01-14T23:32:27.3346167+00:00" endTime="2011-01-14T23:32:27.3456173+00:00" testType="13cdc9d9-ddb5-4fa4-a97d-d965ccfc6d4b" outcome="Passed" testListId="8c84fa94-04c1-424b-9868-57a2d4851a1d" relativeResultsDirectory="b1a394f6-efd2-4842-833b-8bccd889c83a">
    </UnitTestResult>
    <UnitTestResult executionId="72050243-0966-4752-ab07-4d7386bc0bb4" testId="54dfb2f2-edab-6914-c734-746381ef028e" testName="Times25801" computerName="MINIAC" duration="00:00:00.0025131" startTime="2011-01-14T23:32:27.3506176+00:00" endTime="2011-01-14T23:32:27.3616182+00:00" testType="13cdc9d9-ddb5-4fa4-a97d-d965ccfc6d4b" outcome="Passed" testListId="8c84fa94-04c1-424b-9868-57a2d4851a1d" relativeResultsDirectory="72050243-0966-4752-ab07-4d7386bc0bb4">
    </UnitTestResult>
    <UnitTestResult executionId="05b027ff-d25f-41df-85a8-c7805f5bcb38" testId="5514446b-a7eb-a40a-85ab-240a248bba2a" testName="To01637" computerName="MINIAC" duration="00:00:00.0003102" startTime="2011-01-14T23:32:27.3646184+00:00" endTime="2011-01-14T23:32:27.3736189+00:00" testType="13cdc9d9-ddb5-4fa4-a97d-d965ccfc6d4b" outcome="Passed" testListId="8c84fa94-04c1-424b-9868-57a2d4851a1d" relativeResultsDirectory="05b027ff-d25f-41df-85a8-c7805f5bcb38">
    </UnitTestResult>
    <UnitTestResult executionId="1320e21e-63dd-4668-9269-b325903c53b8" testId="559ad5fd-9c89-3fab-e602-368a88629e35" testName="As0163221" computerName="MINIAC" duration="00:00:00.0005337" startTime="2011-01-14T23:32:27.3776192+00:00" endTime="2011-01-14T23:32:27.3886198+00:00" testType="13cdc9d9-ddb5-4fa4-a97d-d965ccfc6d4b" outcome="Passed" testListId="8c84fa94-04c1-424b-9868-57a2d4851a1d" relativeResultsDirectory="1320e21e-63dd-4668-9269-b325903c53b8">
    </UnitTestResult>
    <UnitTestResult executionId="18745c9b-e3b3-4839-b82d-36796c61bcea" testId="55e01e02-7bca-1246-be49-4c21bab190b5" testName="AsEnumerable56005" computerName="MINIAC" duration="00:00:00.0003994" startTime="2011-01-14T23:32:27.3926200+00:00" endTime="2011-01-14T23:32:27.4016205+00:00" testType="13cdc9d9-ddb5-4fa4-a97d-d965ccfc6d4b" outcome="Passed" testListId="8c84fa94-04c1-424b-9868-57a2d4851a1d" relativeResultsDirectory="18745c9b-e3b3-4839-b82d-36796c61bcea">
    </UnitTestResult>
    <UnitTestResult executionId="7f064a15-e8b5-4f29-bbe3-4f7400de776d" testId="567a07ee-04bb-68f0-b054-7c3ac20e04d0" testName="Range377" computerName="MINIAC" duration="00:00:00.0005701" startTime="2011-01-14T23:32:27.4046207+00:00" endTime="2011-01-14T23:32:27.4176214+00:00" testType="13cdc9d9-ddb5-4fa4-a97d-d965ccfc6d4b" outcome="Passed" testListId="8c84fa94-04c1-424b-9868-57a2d4851a1d" relativeResultsDirectory="7f064a15-e8b5-4f29-bbe3-4f7400de776d">
    </UnitTestResult>
    <UnitTestResult executionId="e6c4c30d-732d-4a8d-a8ad-a10832262315" testId="56fc1a57-6e5c-088b-8f95-88d9f697c097" testName="NullOr71402" computerName="MINIAC" duration="00:00:00.0004997" startTime="2011-01-14T23:32:27.4206216+00:00" endTime="2011-01-14T23:32:27.4346224+00:00" testType="13cdc9d9-ddb5-4fa4-a97d-d965ccfc6d4b" outcome="Passed" testListId="8c84fa94-04c1-424b-9868-57a2d4851a1d" relativeResultsDirectory="e6c4c30d-732d-4a8d-a8ad-a10832262315">
    </UnitTestResult>
    <UnitTestResult executionId="6caa63e4-f982-4109-aae9-f6f927a620e5" testId="583a3c4e-73f0-f6e0-0816-cbe45229841d" testName="AsEnumerable56001" computerName="MINIAC" duration="00:00:00.0003989" startTime="2011-01-14T23:32:27.4376226+00:00" endTime="2011-01-14T23:32:27.4486232+00:00" testType="13cdc9d9-ddb5-4fa4-a97d-d965ccfc6d4b" outcome="Passed" testListId="8c84fa94-04c1-424b-9868-57a2d4851a1d" relativeResultsDirectory="6caa63e4-f982-4109-aae9-f6f927a620e5">
    </UnitTestResult>
    <UnitTestResult executionId="0e87c152-12f7-4c28-b4aa-b8698f05269d" testId="585eea8b-8fa4-71e8-9d43-5274aef9fa35" testName="As21520" computerName="MINIAC" duration="00:00:00.0006019" startTime="2011-01-14T23:32:27.4516234+00:00" endTime="2011-01-14T23:32:27.4636241+00:00" testType="13cdc9d9-ddb5-4fa4-a97d-d965ccfc6d4b" outcome="Passed" testListId="8c84fa94-04c1-424b-9868-57a2d4851a1d" relativeResultsDirectory="0e87c152-12f7-4c28-b4aa-b8698f05269d">
    </UnitTestResult>
    <UnitTestResult executionId="e6c6b912-6f56-4dd0-9e3e-c76f0812477c" testId="59990ab9-8064-95a7-969b-da2dc269c717" testName="ToDictionaryThrowsContractException478" computerName="MINIAC" duration="00:00:00.0043819" startTime="2011-01-14T23:32:27.4666242+00:00" endTime="2011-01-14T23:32:27.4856253+00:00" testType="13cdc9d9-ddb5-4fa4-a97d-d965ccfc6d4b" outcome="Passed" testListId="8c84fa94-04c1-424b-9868-57a2d4851a1d" relativeResultsDirectory="e6c6b912-6f56-4dd0-9e3e-c76f0812477c">
    </UnitTestResult>
    <UnitTestResult executionId="43487304-bd1f-4f42-a445-ee31614ae883" testId="5aba0e57-1e97-6240-5ce7-34738ec9892e" testName="As0163202" computerName="MINIAC" duration="00:00:00.0004400" startTime="2011-01-14T23:32:27.4906256+00:00" endTime="2011-01-14T23:32:27.4996261+00:00" testType="13cdc9d9-ddb5-4fa4-a97d-d965ccfc6d4b" outcome="Passed" testListId="8c84fa94-04c1-424b-9868-57a2d4851a1d" relativeResultsDirectory="43487304-bd1f-4f42-a445-ee31614ae883">
    </UnitTestResult>
    <UnitTestResult executionId="019c7634-7f91-4631-b17a-43347915de56" testId="5b905b9d-179c-2930-2f2f-ad7751aea174" testName="As01401" computerName="MINIAC" duration="00:00:00.0005659" startTime="2011-01-14T23:32:27.5026263+00:00" endTime="2011-01-14T23:32:27.5176272+00:00" testType="13cdc9d9-ddb5-4fa4-a97d-d965ccfc6d4b" outcome="Passed" testListId="8c84fa94-04c1-424b-9868-57a2d4851a1d" relativeResultsDirectory="019c7634-7f91-4631-b17a-43347915de56">
    </UnitTestResult>
    <UnitTestResult executionId="6bb63667-59af-4549-bf72-bd41f45ca551" testId="5c5adf85-1214-e9f8-047f-44815dc050b1" testName="AsEnumerable0258805" computerName="MINIAC" duration="00:00:00.0005463" startTime="2011-01-14T23:32:27.5196273+00:00" endTime="2011-01-14T23:32:27.5306279+00:00" testType="13cdc9d9-ddb5-4fa4-a97d-d965ccfc6d4b" outcome="Passed" testListId="8c84fa94-04c1-424b-9868-57a2d4851a1d" relativeResultsDirectory="6bb63667-59af-4549-bf72-bd41f45ca551">
    </UnitTestResult>
    <UnitTestResult executionId="d3afe93e-4e06-4f0f-85b1-83773f3f8e31" testId="5c94f4eb-6c23-cce6-4e00-2079c09ad7c7" testName="NextBoolThrowsContractException356" computerName="MINIAC" duration="00:00:00.0009481" startTime="2011-01-14T23:32:27.5336281+00:00" endTime="2011-01-14T23:32:27.5476289+00:00" testType="13cdc9d9-ddb5-4fa4-a97d-d965ccfc6d4b" outcome="Passed" testListId="8c84fa94-04c1-424b-9868-57a2d4851a1d" relativeResultsDirectory="d3afe93e-4e06-4f0f-85b1-83773f3f8e31">
    </UnitTestResult>
    <UnitTestResult executionId="f78e3f7e-838d-4e01-a171-3297b10f0ac7" testId="5d3e9240-0aab-ea59-1a14-d23dae50d829" testName="NextStringThrowsContractException707" computerName="MINIAC" duration="00:00:00.0010335" startTime="2011-01-14T23:32:27.5536292+00:00" endTime="2011-01-14T23:32:27.5616297+00:00" testType="13cdc9d9-ddb5-4fa4-a97d-d965ccfc6d4b" outcome="Passed" testListId="8c84fa94-04c1-424b-9868-57a2d4851a1d" relativeResultsDirectory="f78e3f7e-838d-4e01-a171-3297b10f0ac7">
    </UnitTestResult>
    <UnitTestResult executionId="33051eb5-32d9-4298-8d2c-f0d39c1d7141" testId="5d4547ce-a6eb-4a5d-11b5-fd4fb3f2b4c4" testName="IfNotNull17304" computerName="MINIAC" duration="00:00:00.0012957" startTime="2011-01-14T23:32:27.5646299+00:00" endTime="2011-01-14T23:32:27.5931315+00:00" testType="13cdc9d9-ddb5-4fa4-a97d-d965ccfc6d4b" outcome="Passed" testListId="8c84fa94-04c1-424b-9868-57a2d4851a1d" relativeResultsDirectory="33051eb5-32d9-4298-8d2c-f0d39c1d7141">
    </UnitTestResult>
    <UnitTestResult executionId="c2a9e282-bd9b-4b7f-9aff-ce48376999a1" testId="5d663026-8403-d8b3-571f-dbc623bc2b0e" testName="As0163242" computerName="MINIAC" duration="00:00:00.0005240" startTime="2011-01-14T23:32:27.5961319+00:00" endTime="2011-01-14T23:32:27.6136341+00:00" testType="13cdc9d9-ddb5-4fa4-a97d-d965ccfc6d4b" outcome="Passed" testListId="8c84fa94-04c1-424b-9868-57a2d4851a1d" relativeResultsDirectory="c2a9e282-bd9b-4b7f-9aff-ce48376999a1">
    </UnitTestResult>
    <UnitTestResult executionId="69a4f62d-113d-4e53-99c2-dcfdd36c437e" testId="5f0a5483-d074-35b1-500e-1196c2881235" testName="Enqueue74301" computerName="MINIAC" duration="00:00:00.0010787" startTime="2011-01-14T23:32:27.6216351+00:00" endTime="2011-01-14T23:32:27.6316358+00:00" testType="13cdc9d9-ddb5-4fa4-a97d-d965ccfc6d4b" outcome="Passed" testListId="8c84fa94-04c1-424b-9868-57a2d4851a1d" relativeResultsDirectory="69a4f62d-113d-4e53-99c2-dcfdd36c437e">
    </UnitTestResult>
    <UnitTestResult executionId="8e2fec11-c3f0-48d0-bd49-a086294cd37c" testId="5f6c8af1-2825-3c27-b802-e1be0e1eeb12" testName="Iter96001" computerName="MINIAC" duration="00:00:00.0006266" startTime="2011-01-14T23:32:27.6356361+00:00" endTime="2011-01-14T23:32:27.6466367+00:00" testType="13cdc9d9-ddb5-4fa4-a97d-d965ccfc6d4b" outcome="Passed" testListId="8c84fa94-04c1-424b-9868-57a2d4851a1d" relativeResultsDirectory="8e2fec11-c3f0-48d0-bd49-a086294cd37c">
    </UnitTestResult>
    <UnitTestResult executionId="e0a52ca8-1773-48e1-8aa5-26927fb06165" testId="5fdc84ef-63cf-5a14-fe7e-7e23560c2d19" testName="ItemGetThrowsContractException130" computerName="MINIAC" duration="00:00:00.0022149" startTime="2011-01-14T23:32:27.6536371+00:00" endTime="2011-01-14T23:32:27.6626376+00:00" testType="13cdc9d9-ddb5-4fa4-a97d-d965ccfc6d4b" outcome="Passed" testListId="8c84fa94-04c1-424b-9868-57a2d4851a1d" relativeResultsDirectory="e0a52ca8-1773-48e1-8aa5-26927fb06165">
    </UnitTestResult>
    <UnitTestResult executionId="13f91341-aea0-4dcd-97f6-21cfd00cab6b" testId="603d3527-31ad-433b-f22d-64c8d067b62d" testName="NullOr90704" computerName="MINIAC" duration="00:00:00.0004661" startTime="2011-01-14T23:32:27.6686380+00:00" endTime="2011-01-14T23:32:27.6796386+00:00" testType="13cdc9d9-ddb5-4fa4-a97d-d965ccfc6d4b" outcome="Passed" testListId="8c84fa94-04c1-424b-9868-57a2d4851a1d" relativeResultsDirectory="13f91341-aea0-4dcd-97f6-21cfd00cab6b">
    </UnitTestResult>
    <UnitTestResult executionId="62e4303e-4208-4fc6-859b-540b0a98d65f" testId="619cbe95-853c-eb3c-526b-15e254b297ac" testName="GetSubRectangles932" computerName="MINIAC" duration="00:00:00.0003714" startTime="2011-01-14T23:32:27.6856390+00:00" endTime="2011-01-14T23:32:27.6946402+00:00" testType="13cdc9d9-ddb5-4fa4-a97d-d965ccfc6d4b" outcome="Passed" testListId="8c84fa94-04c1-424b-9868-57a2d4851a1d" relativeResultsDirectory="62e4303e-4208-4fc6-859b-540b0a98d65f">
    </UnitTestResult>
    <UnitTestResult executionId="1154f1d7-2c02-4e8d-a957-018434b91850" testId="61a82769-7381-8ac4-d5a7-8e88dfdda588" testName="Fill0168805" computerName="MINIAC" duration="00:00:00.0003681" startTime="2011-01-14T23:32:27.7011410+00:00" endTime="2011-01-14T23:32:27.7126424+00:00" testType="13cdc9d9-ddb5-4fa4-a97d-d965ccfc6d4b" outcome="Passed" testListId="8c84fa94-04c1-424b-9868-57a2d4851a1d" relativeResultsDirectory="1154f1d7-2c02-4e8d-a957-018434b91850">
    </UnitTestResult>
    <UnitTestResult executionId="62c5435c-6a4b-426f-96a7-a6b89078b7c1" testId="61f7685b-d775-dd59-8bb8-b9d96ff30e56" testName="ToString01827" computerName="MINIAC" duration="00:00:00.0007064" startTime="2011-01-14T23:32:27.7171430+00:00" endTime="2011-01-14T23:32:27.7276442+00:00" testType="13cdc9d9-ddb5-4fa4-a97d-d965ccfc6d4b" outcome="Passed" testListId="8c84fa94-04c1-424b-9868-57a2d4851a1d" relativeResultsDirectory="62c5435c-6a4b-426f-96a7-a6b89078b7c1">
    </UnitTestResult>
    <UnitTestResult executionId="881f4c4e-8470-4732-bb85-7413ad6f80c9" testId="633e6a31-e7c1-dc4e-810e-71a427cf70a8" testName="IsNot859" computerName="MINIAC" duration="00:00:00.0004451" startTime="2011-01-14T23:32:27.7306444+00:00" endTime="2011-01-14T23:32:27.7406449+00:00" testType="13cdc9d9-ddb5-4fa4-a97d-d965ccfc6d4b" outcome="Passed" testListId="8c84fa94-04c1-424b-9868-57a2d4851a1d" relativeResultsDirectory="881f4c4e-8470-4732-bb85-7413ad6f80c9">
    </UnitTestResult>
    <UnitTestResult executionId="2ec88ad4-11a5-4da2-aee5-35e94d944e10" testId="63d33d75-845b-94b5-c155-a4fa9c5d7359" testName="ShuffleThrowsContractException13" computerName="MINIAC" duration="00:00:00.0012528" startTime="2011-01-14T23:32:27.7426451+00:00" endTime="2011-01-14T23:32:27.7526456+00:00" testType="13cdc9d9-ddb5-4fa4-a97d-d965ccfc6d4b" outcome="Passed" testListId="8c84fa94-04c1-424b-9868-57a2d4851a1d" relativeResultsDirectory="2ec88ad4-11a5-4da2-aee5-35e94d944e10">
    </UnitTestResult>
    <UnitTestResult executionId="35c7cfd6-e35f-4877-b737-79b8d14e67bf" testId="640310df-d648-7294-c434-32af677c30c3" testName="UnionAll0135501" computerName="MINIAC" duration="00:00:00.0022462" startTime="2011-01-14T23:32:27.7556458+00:00" endTime="2011-01-14T23:32:27.7676465+00:00" testType="13cdc9d9-ddb5-4fa4-a97d-d965ccfc6d4b" outcome="Passed" testListId="8c84fa94-04c1-424b-9868-57a2d4851a1d" relativeResultsDirectory="35c7cfd6-e35f-4877-b737-79b8d14e67bf">
    </UnitTestResult>
    <UnitTestResult executionId="77057406-370d-455b-b8e9-1158078b559d" testId="644c941d-d40b-5655-7852-107ffef9acae" testName="Subarray305" computerName="MINIAC" duration="00:00:00.0007097" startTime="2011-01-14T23:32:27.7706467+00:00" endTime="2011-01-14T23:32:27.7846475+00:00" testType="13cdc9d9-ddb5-4fa4-a97d-d965ccfc6d4b" outcome="Passed" testListId="8c84fa94-04c1-424b-9868-57a2d4851a1d" relativeResultsDirectory="77057406-370d-455b-b8e9-1158078b559d">
    </UnitTestResult>
    <UnitTestResult executionId="a3d260ab-184f-4542-9cb4-346ccfb5b792" testId="6549571d-9021-09b2-07d6-0260b1acecdd" testName="Take01ThrowsContractException773" computerName="MINIAC" duration="00:00:00.0022985" startTime="2011-01-14T23:32:27.7866476+00:00" endTime="2011-01-14T23:32:27.7996483+00:00" testType="13cdc9d9-ddb5-4fa4-a97d-d965ccfc6d4b" outcome="Failed" testListId="8c84fa94-04c1-424b-9868-57a2d4851a1d" relativeResultsDirectory="a3d260ab-184f-4542-9cb4-346ccfb5b792">
      <Output>
        <ErrorInfo>
          <Message>Test method SharpBag.ExtensionsTest.Take01ThrowsContractException773 threw exception: 
System.Diagnostics.Contracts.__ContractsRuntime+ContractException: Precondition failed: indexes != null</Message>
          <StackTrace>    at SharpBag.Extensions.Take[T](IEnumerable`1 collection, IEnumerable`1 indexes) in C:\Users\SuprDewd\Documents\Projects\SharpBag\SharpBag\Extensions.cs:line 807
   at SharpBag.Extensions.Take[T](IEnumerable`1 collection, Int32[] indexes) in C:\Users\SuprDewd\Documents\Projects\SharpBag\SharpBag\Extensions.cs:line 827
   at SharpBag.ExtensionsTest.Take01ThrowsContractException773() in C:\Users\SuprDewd\Documents\Projects\SharpBag\SharpBag.Tests\ExtensionsTest.Take01.g.cs:line 28
</StackTrace>
        </ErrorInfo>
      </Output>
    </UnitTestResult>
    <UnitTestResult executionId="13698f22-bf39-40d9-a3c9-763ec5084ee4" testId="65cd41cd-3590-8447-2d3a-ee7f389d323c" testName="NullOr71405" computerName="MINIAC" duration="00:00:00.0012789" startTime="2011-01-14T23:32:27.8036485+00:00" endTime="2011-01-14T23:32:27.8196495+00:00" testType="13cdc9d9-ddb5-4fa4-a97d-d965ccfc6d4b" outcome="Passed" testListId="8c84fa94-04c1-424b-9868-57a2d4851a1d" relativeResultsDirectory="13698f22-bf39-40d9-a3c9-763ec5084ee4">
    </UnitTestResult>
    <UnitTestResult executionId="ab812c8d-1d74-4dbb-b7e8-b7e2e926a764" testId="69d4fcec-3787-b518-9138-fc65c3d09ecc" testName="IfNotNull47701" computerName="MINIAC" duration="00:00:00.0003928" startTime="2011-01-14T23:32:27.8226496+00:00" endTime="2011-01-14T23:32:27.8336503+00:00" testType="13cdc9d9-ddb5-4fa4-a97d-d965ccfc6d4b" outcome="Passed" testListId="8c84fa94-04c1-424b-9868-57a2d4851a1d" relativeResultsDirectory="ab812c8d-1d74-4dbb-b7e8-b7e2e926a764">
    </UnitTestResult>
    <UnitTestResult executionId="0b3bead6-b202-4e96-8033-8532bc6f6eb8" testId="69f524e3-926c-1af9-87bf-a7458a5d6a66" testName="Take01222" computerName="MINIAC" duration="00:00:00.0003942" startTime="2011-01-14T23:32:27.8366504+00:00" endTime="2011-01-14T23:32:27.8466510+00:00" testType="13cdc9d9-ddb5-4fa4-a97d-d965ccfc6d4b" outcome="Passed" testListId="8c84fa94-04c1-424b-9868-57a2d4851a1d" relativeResultsDirectory="0b3bead6-b202-4e96-8033-8532bc6f6eb8">
    </UnitTestResult>
    <UnitTestResult executionId="aedcfe16-3041-45a4-9579-7790cf7e3ea8" testId="6a1f2a29-ccc8-fc38-2175-50dd5959bbb5" testName="As0130305" computerName="MINIAC" duration="00:00:00.0004073" startTime="2011-01-14T23:32:27.8486511+00:00" endTime="2011-01-14T23:32:27.8606518+00:00" testType="13cdc9d9-ddb5-4fa4-a97d-d965ccfc6d4b" outcome="Passed" testListId="8c84fa94-04c1-424b-9868-57a2d4851a1d" relativeResultsDirectory="aedcfe16-3041-45a4-9579-7790cf7e3ea8">
    </UnitTestResult>
    <UnitTestResult executionId="bb26f4bf-1f94-4d20-899a-7ed3ece7e231" testId="6b5ea87c-ca8e-cd07-2a54-53cd363577f8" testName="ToDictionary65201" computerName="MINIAC" duration="00:00:00.0009467" startTime="2011-01-14T23:32:27.8636520+00:00" endTime="2011-01-14T23:32:27.8746526+00:00" testType="13cdc9d9-ddb5-4fa4-a97d-d965ccfc6d4b" outcome="Passed" testListId="8c84fa94-04c1-424b-9868-57a2d4851a1d" relativeResultsDirectory="bb26f4bf-1f94-4d20-899a-7ed3ece7e231">
    </UnitTestResult>
    <UnitTestResult executionId="b8fd5518-2a44-4513-ad22-986af54192c9" testId="6e33d2cd-b750-0799-4e58-46b5850c6cde" testName="GetEntry793" computerName="MINIAC" duration="00:00:00.0002990" startTime="2011-01-14T23:32:27.8776528+00:00" endTime="2011-01-14T23:32:27.8896535+00:00" testType="13cdc9d9-ddb5-4fa4-a97d-d965ccfc6d4b" outcome="Passed" testListId="8c84fa94-04c1-424b-9868-57a2d4851a1d" relativeResultsDirectory="b8fd5518-2a44-4513-ad22-986af54192c9">
    </UnitTestResult>
    <UnitTestResult executionId="247e6c72-9ee9-43b9-9544-7d08ba07a823" testId="6e8b504e-1179-c8e0-b7f7-d2e7e3a8ccae" testName="IsIn01ThrowsContractException937" computerName="MINIAC" duration="00:00:00.0005711" startTime="2011-01-14T23:32:27.8916536+00:00" endTime="2011-01-14T23:32:27.9036543+00:00" testType="13cdc9d9-ddb5-4fa4-a97d-d965ccfc6d4b" outcome="Passed" testListId="8c84fa94-04c1-424b-9868-57a2d4851a1d" relativeResultsDirectory="247e6c72-9ee9-43b9-9544-7d08ba07a823">
    </UnitTestResult>
    <UnitTestResult executionId="d4dc95d8-a8d0-4df9-b40e-51926fa26a8b" testId="6ea29e89-2e15-126e-eecf-3f7b211c52eb" testName="Subarray142" computerName="MINIAC" duration="00:00:00.0010293" startTime="2011-01-14T23:32:27.9086546+00:00" endTime="2011-01-14T23:32:27.9196552+00:00" testType="13cdc9d9-ddb5-4fa4-a97d-d965ccfc6d4b" outcome="Passed" testListId="8c84fa94-04c1-424b-9868-57a2d4851a1d" relativeResultsDirectory="d4dc95d8-a8d0-4df9-b40e-51926fa26a8b">
    </UnitTestResult>
    <UnitTestResult executionId="2fb12ba5-dfbe-4f27-9929-c3cba2d0e68e" testId="6f205f53-5c1d-2d23-0592-7823ba18d3aa" testName="IsIn34" computerName="MINIAC" duration="00:00:00.0003942" startTime="2011-01-14T23:32:27.9216553+00:00" endTime="2011-01-14T23:32:27.9346560+00:00" testType="13cdc9d9-ddb5-4fa4-a97d-d965ccfc6d4b" outcome="Passed" testListId="8c84fa94-04c1-424b-9868-57a2d4851a1d" relativeResultsDirectory="2fb12ba5-dfbe-4f27-9929-c3cba2d0e68e">
    </UnitTestResult>
    <UnitTestResult executionId="b9022aea-82e3-403c-85c9-acfcb847a659" testId="6fb9b650-50a8-89e9-0d35-3a3dc4939152" testName="Add88502" computerName="MINIAC" duration="00:00:00.0008795" startTime="2011-01-14T23:32:27.9376562+00:00" endTime="2011-01-14T23:32:27.9476568+00:00" testType="13cdc9d9-ddb5-4fa4-a97d-d965ccfc6d4b" outcome="Passed" testListId="8c84fa94-04c1-424b-9868-57a2d4851a1d" relativeResultsDirectory="b9022aea-82e3-403c-85c9-acfcb847a659">
    </UnitTestResult>
    <UnitTestResult executionId="4481f1e7-4115-4e58-a837-5a0f0925e521" testId="7068f11c-cf82-d38d-0f16-16dd9f7c090f" testName="Add609" computerName="MINIAC" duration="00:00:00.0004544" startTime="2011-01-14T23:32:27.9506570+00:00" endTime="2011-01-14T23:32:27.9606575+00:00" testType="13cdc9d9-ddb5-4fa4-a97d-d965ccfc6d4b" outcome="Passed" testListId="8c84fa94-04c1-424b-9868-57a2d4851a1d" relativeResultsDirectory="4481f1e7-4115-4e58-a837-5a0f0925e521">
    </UnitTestResult>
    <UnitTestResult executionId="ed000916-5fdc-422c-a8a1-70293846581a" testId="70ecef07-25d9-9298-9faa-26825e270b46" testName="Fill0168803" computerName="MINIAC" duration="00:00:00.0003555" startTime="2011-01-14T23:32:27.9626576+00:00" endTime="2011-01-14T23:32:27.9756584+00:00" testType="13cdc9d9-ddb5-4fa4-a97d-d965ccfc6d4b" outcome="Passed" testListId="8c84fa94-04c1-424b-9868-57a2d4851a1d" relativeResultsDirectory="ed000916-5fdc-422c-a8a1-70293846581a">
    </UnitTestResult>
    <UnitTestResult executionId="6e61cc46-9c8b-4a33-b13b-b5bbc39dfa38" testId="71153c10-625e-eee7-0105-ad1f18f9fb72" testName="ForEach78803" computerName="MINIAC" duration="00:00:00.0003905" startTime="2011-01-14T23:32:27.9786586+00:00" endTime="2011-01-14T23:32:27.9876591+00:00" testType="13cdc9d9-ddb5-4fa4-a97d-d965ccfc6d4b" outcome="Passed" testListId="8c84fa94-04c1-424b-9868-57a2d4851a1d" relativeResultsDirectory="6e61cc46-9c8b-4a33-b13b-b5bbc39dfa38">
    </UnitTestResult>
    <UnitTestResult executionId="7905b065-7a04-44c2-90f1-f8bc5c72a4b5" testId="71a360e3-d81d-a30a-382f-721ef096f5b1" testName="IfNotNull0192303" computerName="MINIAC" duration="00:00:00.0006719" startTime="2011-01-14T23:32:27.9906592+00:00" endTime="2011-01-14T23:32:28.0046600+00:00" testType="13cdc9d9-ddb5-4fa4-a97d-d965ccfc6d4b" outcome="Passed" testListId="8c84fa94-04c1-424b-9868-57a2d4851a1d" relativeResultsDirectory="7905b065-7a04-44c2-90f1-f8bc5c72a4b5">
    </UnitTestResult>
    <UnitTestResult executionId="c1188b3b-099b-44a3-8026-daac460e1976" testId="7206ff03-56a7-ec6c-ffc0-c8679263faa3" testName="As0163211" computerName="MINIAC" duration="00:00:00.0004292" startTime="2011-01-14T23:32:28.0086603+00:00" endTime="2011-01-14T23:32:28.0186608+00:00" testType="13cdc9d9-ddb5-4fa4-a97d-d965ccfc6d4b" outcome="Passed" testListId="8c84fa94-04c1-424b-9868-57a2d4851a1d" relativeResultsDirectory="c1188b3b-099b-44a3-8026-daac460e1976">
    </UnitTestResult>
    <UnitTestResult executionId="6d6e4d6f-060f-4b3f-a9e2-f8d8d439561f" testId="72d5e817-798e-11fb-c5e1-586687370685" testName="IsNullableTypeThrowsContractException691" computerName="MINIAC" duration="00:00:00.0025187" startTime="2011-01-14T23:32:28.0236611+00:00" endTime="2011-01-14T23:32:28.0336617+00:00" testType="13cdc9d9-ddb5-4fa4-a97d-d965ccfc6d4b" outcome="Passed" testListId="8c84fa94-04c1-424b-9868-57a2d4851a1d" relativeResultsDirectory="6d6e4d6f-060f-4b3f-a9e2-f8d8d439561f">
    </UnitTestResult>
    <UnitTestResult executionId="18fb2ddd-117c-4d30-8db2-ec2e2bc9eabe" testId="73dedb08-3777-9f76-6412-b3470bb8b574" testName="AsEnumerable0314801" computerName="MINIAC" duration="00:00:00.0005146" startTime="2011-01-14T23:32:28.0366619+00:00" endTime="2011-01-14T23:32:28.0456624+00:00" testType="13cdc9d9-ddb5-4fa4-a97d-d965ccfc6d4b" outcome="Passed" testListId="8c84fa94-04c1-424b-9868-57a2d4851a1d" relativeResultsDirectory="18fb2ddd-117c-4d30-8db2-ec2e2bc9eabe">
    </UnitTestResult>
    <UnitTestResult executionId="3a0f29b4-43d8-480d-936b-223f1095faf8" testId="76549838-3cd5-8196-8fe5-c215d6bd242f" testName="CollatzCount735" computerName="MINIAC" duration="00:00:00.0002874" startTime="2011-01-14T23:32:28.0496626+00:00" endTime="2011-01-14T23:32:28.0596632+00:00" testType="13cdc9d9-ddb5-4fa4-a97d-d965ccfc6d4b" outcome="Passed" testListId="8c84fa94-04c1-424b-9868-57a2d4851a1d" relativeResultsDirectory="3a0f29b4-43d8-480d-936b-223f1095faf8">
    </UnitTestResult>
    <UnitTestResult executionId="70a29d3a-d05f-4790-9e57-269c4d75c23c" testId="767e3845-1b47-6225-c38c-e6345e12262a" testName="Is373" computerName="MINIAC" duration="00:00:00.0003742" startTime="2011-01-14T23:32:28.0626634+00:00" endTime="2011-01-14T23:32:28.0786643+00:00" testType="13cdc9d9-ddb5-4fa4-a97d-d965ccfc6d4b" outcome="Passed" testListId="8c84fa94-04c1-424b-9868-57a2d4851a1d" relativeResultsDirectory="70a29d3a-d05f-4790-9e57-269c4d75c23c">
    </UnitTestResult>
    <UnitTestResult executionId="76440159-7704-42b8-9372-ceb853d45bc1" testId="7743f34e-ac5f-23a3-8e8f-212222420029" testName="As215" computerName="MINIAC" duration="00:00:00.0004502" startTime="2011-01-14T23:32:28.0826645+00:00" endTime="2011-01-14T23:32:28.0906650+00:00" testType="13cdc9d9-ddb5-4fa4-a97d-d965ccfc6d4b" outcome="Passed" testListId="8c84fa94-04c1-424b-9868-57a2d4851a1d" relativeResultsDirectory="76440159-7704-42b8-9372-ceb853d45bc1">
    </UnitTestResult>
    <UnitTestResult executionId="ab8abcf7-5674-4789-9c0d-8e7ab7b7fa6b" testId="7838b58c-a9ae-e08a-edf4-f9593db060d6" testName="RangeThrowsContractException480" computerName="MINIAC" duration="00:00:00.0006980" startTime="2011-01-14T23:32:28.0976654+00:00" endTime="2011-01-14T23:32:28.1066659+00:00" testType="13cdc9d9-ddb5-4fa4-a97d-d965ccfc6d4b" outcome="Passed" testListId="8c84fa94-04c1-424b-9868-57a2d4851a1d" relativeResultsDirectory="ab8abcf7-5674-4789-9c0d-8e7ab7b7fa6b">
    </UnitTestResult>
    <UnitTestResult executionId="0954447d-221f-4442-9bd6-683a1e94cff4" testId="787c2aca-5007-7e56-5e10-28020b3be468" testName="AsEnumerable0314804" computerName="MINIAC" duration="00:00:00.0006635" startTime="2011-01-14T23:32:28.1096661+00:00" endTime="2011-01-14T23:32:28.1186666+00:00" testType="13cdc9d9-ddb5-4fa4-a97d-d965ccfc6d4b" outcome="Passed" testListId="8c84fa94-04c1-424b-9868-57a2d4851a1d" relativeResultsDirectory="0954447d-221f-4442-9bd6-683a1e94cff4">
    </UnitTestResult>
    <UnitTestResult executionId="50ff0ea6-859f-41ca-acd4-b0bf678d0a83" testId="7896ac03-38fd-b99c-d27e-6cbd208a3f1e" testName="As21502" computerName="MINIAC" duration="00:00:00.0004736" startTime="2011-01-14T23:32:28.1216667+00:00" endTime="2011-01-14T23:32:28.1316673+00:00" testType="13cdc9d9-ddb5-4fa4-a97d-d965ccfc6d4b" outcome="Passed" testListId="8c84fa94-04c1-424b-9868-57a2d4851a1d" relativeResultsDirectory="50ff0ea6-859f-41ca-acd4-b0bf678d0a83">
    </UnitTestResult>
    <UnitTestResult executionId="603017f4-17ae-448c-b580-6b45804f03c4" testId="78cde1d7-dc20-60c9-ac3e-224ced9a536f" testName="Shuffle960" computerName="MINIAC" duration="00:00:00.0004890" startTime="2011-01-14T23:32:28.1356675+00:00" endTime="2011-01-14T23:32:28.1466682+00:00" testType="13cdc9d9-ddb5-4fa4-a97d-d965ccfc6d4b" outcome="Passed" testListId="8c84fa94-04c1-424b-9868-57a2d4851a1d" relativeResultsDirectory="603017f4-17ae-448c-b580-6b45804f03c4">
    </UnitTestResult>
    <UnitTestResult executionId="1c98eab2-2180-4dce-9e95-7972e28ba38a" testId="7a9400e0-6f1a-74cc-aaf2-4e620d01eac4" testName="As0166402" computerName="MINIAC" duration="00:00:00.0006957" startTime="2011-01-14T23:32:28.1506684+00:00" endTime="2011-01-14T23:32:28.1596689+00:00" testType="13cdc9d9-ddb5-4fa4-a97d-d965ccfc6d4b" outcome="Passed" testListId="8c84fa94-04c1-424b-9868-57a2d4851a1d" relativeResultsDirectory="1c98eab2-2180-4dce-9e95-7972e28ba38a">
    </UnitTestResult>
    <UnitTestResult executionId="c06ee7fd-6a2a-4a8e-a32b-7b701623701c" testId="7a965cd2-e1cf-8636-b94b-9bb1e4688fd0" testName="Iter96004" computerName="MINIAC" duration="00:00:00.0004997" startTime="2011-01-14T23:32:28.1636691+00:00" endTime="2011-01-14T23:32:28.1756698+00:00" testType="13cdc9d9-ddb5-4fa4-a97d-d965ccfc6d4b" outcome="Passed" testListId="8c84fa94-04c1-424b-9868-57a2d4851a1d" relativeResultsDirectory="c06ee7fd-6a2a-4a8e-a32b-7b701623701c">
    </UnitTestResult>
    <UnitTestResult executionId="00f411fd-00d9-44b8-827f-4f6b0b6e6ac4" testId="7a9b0937-239f-a7cc-e1fc-09bbc3508e89" testName="As0130301" computerName="MINIAC" duration="00:00:00.0007414" startTime="2011-01-14T23:32:28.1786700+00:00" endTime="2011-01-14T23:32:28.1866705+00:00" testType="13cdc9d9-ddb5-4fa4-a97d-d965ccfc6d4b" outcome="Passed" testListId="8c84fa94-04c1-424b-9868-57a2d4851a1d" relativeResultsDirectory="00f411fd-00d9-44b8-827f-4f6b0b6e6ac4">
    </UnitTestResult>
    <UnitTestResult executionId="71fc5b24-c309-460e-8006-9910173ba1c6" testId="7acd9860-9837-fbe5-5425-b774d050444a" testName="ForEach12503" computerName="MINIAC" duration="00:00:00.0003770" startTime="2011-01-14T23:32:28.1896706+00:00" endTime="2011-01-14T23:32:28.1996712+00:00" testType="13cdc9d9-ddb5-4fa4-a97d-d965ccfc6d4b" outcome="Passed" testListId="8c84fa94-04c1-424b-9868-57a2d4851a1d" relativeResultsDirectory="71fc5b24-c309-460e-8006-9910173ba1c6">
    </UnitTestResult>
    <UnitTestResult executionId="48d01f25-72fa-4dcc-85aa-04be71196656" testId="7ba074f7-37b4-86ab-f897-639c59c7afb2" testName="As01402" computerName="MINIAC" duration="00:00:00.0005701" startTime="2011-01-14T23:32:28.2026714+00:00" endTime="2011-01-14T23:32:28.2156721+00:00" testType="13cdc9d9-ddb5-4fa4-a97d-d965ccfc6d4b" outcome="Passed" testListId="8c84fa94-04c1-424b-9868-57a2d4851a1d" relativeResultsDirectory="48d01f25-72fa-4dcc-85aa-04be71196656">
    </UnitTestResult>
    <UnitTestResult executionId="a837b551-3cc7-4b61-be7e-3ac5edc7cca2" testId="7c50cc41-afad-5d78-8e16-c7b6d605577a" testName="Fill01ThrowsContractException489" computerName="MINIAC" duration="00:00:00.0005729" startTime="2011-01-14T23:32:28.2186723+00:00" endTime="2011-01-14T23:32:28.2296729+00:00" testType="13cdc9d9-ddb5-4fa4-a97d-d965ccfc6d4b" outcome="Passed" testListId="8c84fa94-04c1-424b-9868-57a2d4851a1d" relativeResultsDirectory="a837b551-3cc7-4b61-be7e-3ac5edc7cca2">
    </UnitTestResult>
    <UnitTestResult executionId="f1b0f019-a824-4898-8f6c-26bcd0d34d1a" testId="7d85dd6d-e955-0c88-df95-d36cadd3d7ff" testName="IsNullOrEmpty839" computerName="MINIAC" duration="00:00:00.0003835" startTime="2011-01-14T23:32:28.2326731+00:00" endTime="2011-01-14T23:32:28.2426737+00:00" testType="13cdc9d9-ddb5-4fa4-a97d-d965ccfc6d4b" outcome="Passed" testListId="8c84fa94-04c1-424b-9868-57a2d4851a1d" relativeResultsDirectory="f1b0f019-a824-4898-8f6c-26bcd0d34d1a">
    </UnitTestResult>
    <UnitTestResult executionId="21cb7b74-4b8b-4f04-a3d4-ddd05d67c2d7" testId="7edd5b56-0f03-8716-c3c8-130b2e422ca5" testName="As014" computerName="MINIAC" duration="00:00:00.0005678" startTime="2011-01-14T23:32:28.2456738+00:00" endTime="2011-01-14T23:32:28.2576745+00:00" testType="13cdc9d9-ddb5-4fa4-a97d-d965ccfc6d4b" outcome="Passed" testListId="8c84fa94-04c1-424b-9868-57a2d4851a1d" relativeResultsDirectory="21cb7b74-4b8b-4f04-a3d4-ddd05d67c2d7">
    </UnitTestResult>
    <UnitTestResult executionId="d3250c8a-0166-495c-80de-35ea0cbcd055" testId="7f5b067d-004d-00c6-05f1-6ba4459536c9" testName="Shuffle875" computerName="MINIAC" duration="00:00:00.0004012" startTime="2011-01-14T23:32:28.2606747+00:00" endTime="2011-01-14T23:32:28.2706753+00:00" testType="13cdc9d9-ddb5-4fa4-a97d-d965ccfc6d4b" outcome="Passed" testListId="8c84fa94-04c1-424b-9868-57a2d4851a1d" relativeResultsDirectory="d3250c8a-0166-495c-80de-35ea0cbcd055">
    </UnitTestResult>
    <UnitTestResult executionId="2493f09b-13e9-499e-b15f-0ad1f3562596" testId="7f627b84-c634-6195-b636-ad9c00404c56" testName="IfNotNull173" computerName="MINIAC" duration="00:00:00.0003508" startTime="2011-01-14T23:32:28.2736754+00:00" endTime="2011-01-14T23:32:28.2886763+00:00" testType="13cdc9d9-ddb5-4fa4-a97d-d965ccfc6d4b" outcome="Passed" testListId="8c84fa94-04c1-424b-9868-57a2d4851a1d" relativeResultsDirectory="2493f09b-13e9-499e-b15f-0ad1f3562596">
    </UnitTestResult>
    <UnitTestResult executionId="d2960aaf-c287-415d-8c0b-93d1403f938f" testId="80003646-df99-feba-93b2-6a809b884bf6" testName="Fill0157102" computerName="MINIAC" duration="00:00:00.0004106" startTime="2011-01-14T23:32:28.2906764+00:00" endTime="2011-01-14T23:32:28.3026771+00:00" testType="13cdc9d9-ddb5-4fa4-a97d-d965ccfc6d4b" outcome="Passed" testListId="8c84fa94-04c1-424b-9868-57a2d4851a1d" relativeResultsDirectory="d2960aaf-c287-415d-8c0b-93d1403f938f">
    </UnitTestResult>
    <UnitTestResult executionId="07021441-ef00-4ea8-9971-542abcd82148" testId="8076c83d-2717-5964-7e9d-50cc5e2706b9" testName="Add885" computerName="MINIAC" duration="00:00:00.0005543" startTime="2011-01-14T23:32:28.3056773+00:00" endTime="2011-01-14T23:32:28.3146778+00:00" testType="13cdc9d9-ddb5-4fa4-a97d-d965ccfc6d4b" outcome="Passed" testListId="8c84fa94-04c1-424b-9868-57a2d4851a1d" relativeResultsDirectory="07021441-ef00-4ea8-9971-542abcd82148">
    </UnitTestResult>
    <UnitTestResult executionId="9a28d732-fe5e-4afd-a72b-7b248879f3dc" testId="808822f6-9c85-0a33-f1f9-4d64c79fb975" testName="As763" computerName="MINIAC" duration="00:00:00.0004815" startTime="2011-01-14T23:32:28.3236783+00:00" endTime="2011-01-14T23:32:28.3326788+00:00" testType="13cdc9d9-ddb5-4fa4-a97d-d965ccfc6d4b" outcome="Passed" testListId="8c84fa94-04c1-424b-9868-57a2d4851a1d" relativeResultsDirectory="9a28d732-fe5e-4afd-a72b-7b248879f3dc">
    </UnitTestResult>
    <UnitTestResult executionId="b8801540-f439-48a2-9cf0-c95bc22f7426" testId="80c446f8-daa9-dd90-7ba0-f56b79877aec" testName="AsEnumerable0258802" computerName="MINIAC" duration="00:00:00.0006938" startTime="2011-01-14T23:32:28.3356790+00:00" endTime="2011-01-14T23:32:28.3456796+00:00" testType="13cdc9d9-ddb5-4fa4-a97d-d965ccfc6d4b" outcome="Passed" testListId="8c84fa94-04c1-424b-9868-57a2d4851a1d" relativeResultsDirectory="b8801540-f439-48a2-9cf0-c95bc22f7426">
    </UnitTestResult>
    <UnitTestResult executionId="f20d438b-5011-4c25-ba40-8b805b7058ca" testId="81ae6575-42cf-3ee5-249e-6da4cf14831c" testName="AsEnumerable02ThrowsContractException447" computerName="MINIAC" duration="00:00:00.0005916" startTime="2011-01-14T23:32:28.3496798+00:00" endTime="2011-01-14T23:32:28.3606804+00:00" testType="13cdc9d9-ddb5-4fa4-a97d-d965ccfc6d4b" outcome="Passed" testListId="8c84fa94-04c1-424b-9868-57a2d4851a1d" relativeResultsDirectory="f20d438b-5011-4c25-ba40-8b805b7058ca">
    </UnitTestResult>
    <UnitTestResult executionId="38988921-a246-4a46-82e0-565e405589c0" testId="81c4858e-2ab2-b121-25c5-9c96ee04a442" testName="ForEach788" computerName="MINIAC" duration="00:00:00.0003770" startTime="2011-01-14T23:32:28.3636806+00:00" endTime="2011-01-14T23:32:28.3746812+00:00" testType="13cdc9d9-ddb5-4fa4-a97d-d965ccfc6d4b" outcome="Passed" testListId="8c84fa94-04c1-424b-9868-57a2d4851a1d" relativeResultsDirectory="38988921-a246-4a46-82e0-565e405589c0">
    </UnitTestResult>
    <UnitTestResult executionId="145f0383-e4d8-4cc2-adaa-ddf51c051d7e" testId="83b2b843-a328-2103-e83d-4b3241d960cd" testName="As0163246" computerName="MINIAC" duration="00:00:00.0003966" startTime="2011-01-14T23:32:28.3776814+00:00" endTime="2011-01-14T23:32:28.3916822+00:00" testType="13cdc9d9-ddb5-4fa4-a97d-d965ccfc6d4b" outcome="Passed" testListId="8c84fa94-04c1-424b-9868-57a2d4851a1d" relativeResultsDirectory="145f0383-e4d8-4cc2-adaa-ddf51c051d7e">
    </UnitTestResult>
    <UnitTestResult executionId="61622189-c977-4000-a714-9ed10a2e95be" testId="8449ab5e-c7c8-6deb-cb03-833888a032c6" testName="Fill0110502" computerName="MINIAC" duration="00:00:00.0004918" startTime="2011-01-14T23:32:28.3946824+00:00" endTime="2011-01-14T23:32:28.4046829+00:00" testType="13cdc9d9-ddb5-4fa4-a97d-d965ccfc6d4b" outcome="Passed" testListId="8c84fa94-04c1-424b-9868-57a2d4851a1d" relativeResultsDirectory="61622189-c977-4000-a714-9ed10a2e95be">
    </UnitTestResult>
    <UnitTestResult executionId="cbe77a1b-6980-4887-8aef-16677c7d6051" testId="84a133d0-001f-a986-72f9-cc05e5f25751" testName="AsEnumerable560" computerName="MINIAC" duration="00:00:00.0003886" startTime="2011-01-14T23:32:28.4076831+00:00" endTime="2011-01-14T23:32:28.4166836+00:00" testType="13cdc9d9-ddb5-4fa4-a97d-d965ccfc6d4b" outcome="Passed" testListId="8c84fa94-04c1-424b-9868-57a2d4851a1d" relativeResultsDirectory="cbe77a1b-6980-4887-8aef-16677c7d6051">
    </UnitTestResult>
    <UnitTestResult executionId="918db04d-b5f3-42c3-8cbb-e7baae971424" testId="850912a6-5065-5531-7451-3014a79cee54" testName="As0132107" computerName="MINIAC" duration="00:00:00.0004166" startTime="2011-01-14T23:32:28.4196838+00:00" endTime="2011-01-14T23:32:28.4286843+00:00" testType="13cdc9d9-ddb5-4fa4-a97d-d965ccfc6d4b" outcome="Passed" testListId="8c84fa94-04c1-424b-9868-57a2d4851a1d" relativeResultsDirectory="918db04d-b5f3-42c3-8cbb-e7baae971424">
    </UnitTestResult>
    <UnitTestResult executionId="21099746-6643-4626-848a-175a9b356728" testId="86a0d6ba-240b-81ef-7612-a91dd0bac5dd" testName="To0482501" computerName="MINIAC" duration="00:00:00.0003387" startTime="2011-01-14T23:32:28.4336846+00:00" endTime="2011-01-14T23:32:28.4446852+00:00" testType="13cdc9d9-ddb5-4fa4-a97d-d965ccfc6d4b" outcome="Passed" testListId="8c84fa94-04c1-424b-9868-57a2d4851a1d" relativeResultsDirectory="21099746-6643-4626-848a-175a9b356728">
    </UnitTestResult>
    <UnitTestResult executionId="709eacd3-57e9-4a65-8caa-5b8ee321e908" testId="86c02588-b87f-32bd-880b-56b0d73c1993" testName="NullOr71401" computerName="MINIAC" duration="00:00:00.0007190" startTime="2011-01-14T23:32:28.4476854+00:00" endTime="2011-01-14T23:32:28.4596861+00:00" testType="13cdc9d9-ddb5-4fa4-a97d-d965ccfc6d4b" outcome="Passed" testListId="8c84fa94-04c1-424b-9868-57a2d4851a1d" relativeResultsDirectory="709eacd3-57e9-4a65-8caa-5b8ee321e908">
    </UnitTestResult>
    <UnitTestResult executionId="25cd86bb-7c4e-4197-94da-b58e568d40c0" testId="876b3f41-8b66-5cdb-8b9f-ad4f6f6688fd" testName="ForEachThrowsContractException615" computerName="MINIAC" duration="00:00:00.0005785" startTime="2011-01-14T23:32:28.4666865+00:00" endTime="2011-01-14T23:32:28.4756870+00:00" testType="13cdc9d9-ddb5-4fa4-a97d-d965ccfc6d4b" outcome="Passed" testListId="8c84fa94-04c1-424b-9868-57a2d4851a1d" relativeResultsDirectory="25cd86bb-7c4e-4197-94da-b58e568d40c0">
    </UnitTestResult>
    <UnitTestResult executionId="13b15a1a-db9b-4009-aeeb-cd40333ec50c" testId="8795f817-2bb9-9d00-f981-a3a8a2b7335e" testName="Add88501" computerName="MINIAC" duration="00:00:00.0004600" startTime="2011-01-14T23:32:28.4796872+00:00" endTime="2011-01-14T23:32:28.4911882+00:00" testType="13cdc9d9-ddb5-4fa4-a97d-d965ccfc6d4b" outcome="Passed" testListId="8c84fa94-04c1-424b-9868-57a2d4851a1d" relativeResultsDirectory="13b15a1a-db9b-4009-aeeb-cd40333ec50c">
    </UnitTestResult>
    <UnitTestResult executionId="b9463abb-cd30-4467-a019-c8699f1583e7" testId="87e43b2d-037f-c02a-4ec1-bb30b85b838b" testName="CollatzCount132" computerName="MINIAC" duration="00:00:00.0003028" startTime="2011-01-14T23:32:28.4946886+00:00" endTime="2011-01-14T23:32:28.5186909+00:00" testType="13cdc9d9-ddb5-4fa4-a97d-d965ccfc6d4b" outcome="Passed" testListId="8c84fa94-04c1-424b-9868-57a2d4851a1d" relativeResultsDirectory="b9463abb-cd30-4467-a019-c8699f1583e7">
    </UnitTestResult>
    <UnitTestResult executionId="aeea2755-8ef1-49ce-a72a-af4e4edad906" testId="892a3b87-6eb6-1cb1-2f32-1bd29fed6734" testName="GetEntry399" computerName="MINIAC" duration="00:00:00.0003084" startTime="2011-01-14T23:32:28.5226911+00:00" endTime="2011-01-14T23:32:28.5346922+00:00" testType="13cdc9d9-ddb5-4fa4-a97d-d965ccfc6d4b" outcome="Passed" testListId="8c84fa94-04c1-424b-9868-57a2d4851a1d" relativeResultsDirectory="aeea2755-8ef1-49ce-a72a-af4e4edad906">
    </UnitTestResult>
    <UnitTestResult executionId="cf5bb153-69ae-4029-aa9d-a0c7890fd0ec" testId="89bed9d2-b230-1858-2102-76e62b11adeb" testName="Contrast204" computerName="MINIAC" duration="00:00:00.0003149" startTime="2011-01-14T23:32:28.5401929+00:00" endTime="2011-01-14T23:32:28.5501942+00:00" testType="13cdc9d9-ddb5-4fa4-a97d-d965ccfc6d4b" outcome="Passed" testListId="8c84fa94-04c1-424b-9868-57a2d4851a1d" relativeResultsDirectory="cf5bb153-69ae-4029-aa9d-a0c7890fd0ec">
    </UnitTestResult>
    <UnitTestResult executionId="ac079c18-1b74-4229-a948-446a2ee7b803" testId="8a248c8c-38d6-117a-cb08-bb2fddeae117" testName="ForEach12501" computerName="MINIAC" duration="00:00:00.0004026" startTime="2011-01-14T23:32:28.5531946+00:00" endTime="2011-01-14T23:32:28.5636959+00:00" testType="13cdc9d9-ddb5-4fa4-a97d-d965ccfc6d4b" outcome="Passed" testListId="8c84fa94-04c1-424b-9868-57a2d4851a1d" relativeResultsDirectory="ac079c18-1b74-4229-a948-446a2ee7b803">
    </UnitTestResult>
    <UnitTestResult executionId="769d28a7-bde2-49c2-8494-12fc85b6b960" testId="8a89149d-fc38-f8c9-1fbe-1bd1d7237593" testName="As0163245" computerName="MINIAC" duration="00:00:00.0004017" startTime="2011-01-14T23:32:28.5736972+00:00" endTime="2011-01-14T23:32:28.5826983+00:00" testType="13cdc9d9-ddb5-4fa4-a97d-d965ccfc6d4b" outcome="Passed" testListId="8c84fa94-04c1-424b-9868-57a2d4851a1d" relativeResultsDirectory="769d28a7-bde2-49c2-8494-12fc85b6b960">
    </UnitTestResult>
    <UnitTestResult executionId="f04251fd-f82f-4b6b-b783-df40708ed982" testId="8d13964e-5c5a-1ee4-b9d1-2f111aabda85" testName="GetPriorityEnumerator72901" computerName="MINIAC" duration="00:00:00.0779697" startTime="2011-01-14T23:32:28.5851987+00:00" endTime="2011-01-14T23:32:28.6747048+00:00" testType="13cdc9d9-ddb5-4fa4-a97d-d965ccfc6d4b" outcome="Passed" testListId="8c84fa94-04c1-424b-9868-57a2d4851a1d" relativeResultsDirectory="f04251fd-f82f-4b6b-b783-df40708ed982">
    </UnitTestResult>
    <UnitTestResult executionId="aa2e354a-2676-4ffe-b9a3-8deadf7621c2" testId="8dec4c0d-9137-8bca-e823-6edddad67b2a" testName="As568" computerName="MINIAC" duration="00:00:00.0006961" startTime="2011-01-14T23:32:28.6867055+00:00" endTime="2011-01-14T23:32:28.7017063+00:00" testType="13cdc9d9-ddb5-4fa4-a97d-d965ccfc6d4b" outcome="Passed" testListId="8c84fa94-04c1-424b-9868-57a2d4851a1d" relativeResultsDirectory="aa2e354a-2676-4ffe-b9a3-8deadf7621c2">
    </UnitTestResult>
    <UnitTestResult executionId="a23db80f-2c10-436a-bc68-57a91795b497" testId="8f15350a-b612-7c9b-89ff-1e54a29d9340" testName="To03ThrowsContractException968" computerName="MINIAC" duration="00:00:00.0007549" startTime="2011-01-14T23:32:28.7087067+00:00" endTime="2011-01-14T23:32:28.7187073+00:00" testType="13cdc9d9-ddb5-4fa4-a97d-d965ccfc6d4b" outcome="Passed" testListId="8c84fa94-04c1-424b-9868-57a2d4851a1d" relativeResultsDirectory="a23db80f-2c10-436a-bc68-57a91795b497">
    </UnitTestResult>
    <UnitTestResult executionId="82efdde7-9167-4e76-9923-89972cabf4f0" testId="8f214c0c-af12-b9fb-ae32-e2f0e522a10f" testName="NullOr90702" computerName="MINIAC" duration="00:00:00.0004549" startTime="2011-01-14T23:32:28.7207074+00:00" endTime="2011-01-14T23:32:28.7327081+00:00" testType="13cdc9d9-ddb5-4fa4-a97d-d965ccfc6d4b" outcome="Passed" testListId="8c84fa94-04c1-424b-9868-57a2d4851a1d" relativeResultsDirectory="82efdde7-9167-4e76-9923-89972cabf4f0">
    </UnitTestResult>
    <UnitTestResult executionId="ea115d3c-4c04-4efe-9dd2-0b9103a62a83" testId="8f949d67-2000-ad4f-76a8-a640e3b0f2ea" testName="As0163249" computerName="MINIAC" duration="00:00:00.0004031" startTime="2011-01-14T23:32:28.7357083+00:00" endTime="2011-01-14T23:32:28.7487090+00:00" testType="13cdc9d9-ddb5-4fa4-a97d-d965ccfc6d4b" outcome="Passed" testListId="8c84fa94-04c1-424b-9868-57a2d4851a1d" relativeResultsDirectory="ea115d3c-4c04-4efe-9dd2-0b9103a62a83">
    </UnitTestResult>
    <UnitTestResult executionId="803ebbdd-6cfc-41b8-8226-2de0ab38ab2d" testId="8fa3fd2f-ba25-de78-c47b-e00d25c74cb6" testName="As0166005" computerName="MINIAC" duration="00:00:00.0003891" startTime="2011-01-14T23:32:28.7597097+00:00" endTime="2011-01-14T23:32:28.7772111+00:00" testType="13cdc9d9-ddb5-4fa4-a97d-d965ccfc6d4b" outcome="Passed" testListId="8c84fa94-04c1-424b-9868-57a2d4851a1d" relativeResultsDirectory="803ebbdd-6cfc-41b8-8226-2de0ab38ab2d">
    </UnitTestResult>
    <UnitTestResult executionId="cae3303c-e44b-43d4-b469-0f22cf2f4850" testId="8fabe6be-0a48-74a9-97ec-54d046e764bc" testName="Constructor94201" computerName="MINIAC" duration="00:00:00.0007419" startTime="2011-01-14T23:32:28.7807116+00:00" endTime="2011-01-14T23:32:28.7957132+00:00" testType="13cdc9d9-ddb5-4fa4-a97d-d965ccfc6d4b" outcome="Passed" testListId="8c84fa94-04c1-424b-9868-57a2d4851a1d" relativeResultsDirectory="cae3303c-e44b-43d4-b469-0f22cf2f4850">
    </UnitTestResult>
    <UnitTestResult executionId="5b3cf7a5-361c-4b13-b7ef-ff0921e2802e" testId="90427aa6-8cf4-b956-2b3f-9546b7107ae7" testName="TimesThrowsContractException662" computerName="MINIAC" duration="00:00:00.0006280" startTime="2011-01-14T23:32:28.8037136+00:00" endTime="2011-01-14T23:32:28.8127142+00:00" testType="13cdc9d9-ddb5-4fa4-a97d-d965ccfc6d4b" outcome="Passed" testListId="8c84fa94-04c1-424b-9868-57a2d4851a1d" relativeResultsDirectory="5b3cf7a5-361c-4b13-b7ef-ff0921e2802e">
    </UnitTestResult>
    <UnitTestResult executionId="5a5d9631-15c4-42fb-b708-a798419a2acc" testId="91ad74e2-7f98-39c5-b2ac-d6979eb1e521" testName="As0163239" computerName="MINIAC" duration="00:00:00.0004022" startTime="2011-01-14T23:32:28.8167144+00:00" endTime="2011-01-14T23:32:28.8277150+00:00" testType="13cdc9d9-ddb5-4fa4-a97d-d965ccfc6d4b" outcome="Passed" testListId="8c84fa94-04c1-424b-9868-57a2d4851a1d" relativeResultsDirectory="5a5d9631-15c4-42fb-b708-a798419a2acc">
    </UnitTestResult>
    <UnitTestResult executionId="a7366939-6353-4919-8c58-c46a9bf1d268" testId="91b6a0d5-596c-fd10-e624-2b129cb96b28" testName="Take01738" computerName="MINIAC" duration="00:00:00.0004232" startTime="2011-01-14T23:32:28.8307152+00:00" endTime="2011-01-14T23:32:28.8427159+00:00" testType="13cdc9d9-ddb5-4fa4-a97d-d965ccfc6d4b" outcome="Passed" testListId="8c84fa94-04c1-424b-9868-57a2d4851a1d" relativeResultsDirectory="a7366939-6353-4919-8c58-c46a9bf1d268">
    </UnitTestResult>
    <UnitTestResult executionId="585f5e6e-fde1-422f-abb4-1452448811f3" testId="920395ef-4d81-2796-a8e3-57b62c679836" testName="As0132102" computerName="MINIAC" duration="00:00:00.0003942" startTime="2011-01-14T23:32:28.8497163+00:00" endTime="2011-01-14T23:32:28.8587168+00:00" testType="13cdc9d9-ddb5-4fa4-a97d-d965ccfc6d4b" outcome="Passed" testListId="8c84fa94-04c1-424b-9868-57a2d4851a1d" relativeResultsDirectory="585f5e6e-fde1-422f-abb4-1452448811f3">
    </UnitTestResult>
    <UnitTestResult executionId="c2d7d806-1a44-42f0-8d99-245e67bc23b0" testId="92c796c7-6140-7467-0f72-263f4de0d5fd" testName="Add88504" computerName="MINIAC" duration="00:00:00.0004507" startTime="2011-01-14T23:32:28.8647171+00:00" endTime="2011-01-14T23:32:28.8757178+00:00" testType="13cdc9d9-ddb5-4fa4-a97d-d965ccfc6d4b" outcome="Passed" testListId="8c84fa94-04c1-424b-9868-57a2d4851a1d" relativeResultsDirectory="c2d7d806-1a44-42f0-8d99-245e67bc23b0">
    </UnitTestResult>
    <UnitTestResult executionId="64acf7a8-09e4-4e0f-913a-0cc8dd88008d" testId="92caeb3a-566c-6fce-a8ab-3dccc358efd9" testName="RandomThrowsContractException730" computerName="MINIAC" duration="00:00:00.0008846" startTime="2011-01-14T23:32:28.8827182+00:00" endTime="2011-01-14T23:32:28.8977190+00:00" testType="13cdc9d9-ddb5-4fa4-a97d-d965ccfc6d4b" outcome="Passed" testListId="8c84fa94-04c1-424b-9868-57a2d4851a1d" relativeResultsDirectory="64acf7a8-09e4-4e0f-913a-0cc8dd88008d">
    </UnitTestResult>
    <UnitTestResult executionId="c0886442-8787-420e-a79b-5f2e3053915e" testId="93237b41-2edc-1e5e-efe4-c865b1af2b62" testName="PeekThrowsContractException550" computerName="MINIAC" duration="00:00:00.0016093" startTime="2011-01-14T23:32:28.9037194+00:00" endTime="2011-01-14T23:32:28.9127199+00:00" testType="13cdc9d9-ddb5-4fa4-a97d-d965ccfc6d4b" outcome="Passed" testListId="8c84fa94-04c1-424b-9868-57a2d4851a1d" relativeResultsDirectory="c0886442-8787-420e-a79b-5f2e3053915e">
    </UnitTestResult>
    <UnitTestResult executionId="9ded6ace-16b5-48be-8444-f1c73742ee51" testId="93882b4b-b43e-315e-5540-34512bfc71a7" testName="InvokeIfRequiredThrowsContractException964" computerName="MINIAC" duration="00:00:00.0013205" startTime="2011-01-14T23:32:28.9187202+00:00" endTime="2011-01-14T23:32:28.9287208+00:00" testType="13cdc9d9-ddb5-4fa4-a97d-d965ccfc6d4b" outcome="Passed" testListId="8c84fa94-04c1-424b-9868-57a2d4851a1d" relativeResultsDirectory="9ded6ace-16b5-48be-8444-f1c73742ee51">
    </UnitTestResult>
    <UnitTestResult executionId="3bf9eaf2-272d-49d7-bbe3-03333313dd2f" testId="94035d88-ed3c-a1c6-5571-0e7a52145b86" testName="GetEnumerator20301" computerName="MINIAC" duration="00:00:00.0021991" startTime="2011-01-14T23:32:28.9307209+00:00" endTime="2011-01-14T23:32:28.9477219+00:00" testType="13cdc9d9-ddb5-4fa4-a97d-d965ccfc6d4b" outcome="Passed" testListId="8c84fa94-04c1-424b-9868-57a2d4851a1d" relativeResultsDirectory="3bf9eaf2-272d-49d7-bbe3-03333313dd2f">
    </UnitTestResult>
    <UnitTestResult executionId="76767f5c-8e51-487a-ae23-08c05f5beac7" testId="95816ce1-0531-2f11-d3d8-9f96ac610bcc" testName="As0163251" computerName="MINIAC" duration="00:00:00.0005240" startTime="2011-01-14T23:32:28.9547223+00:00" endTime="2011-01-14T23:32:28.9637228+00:00" testType="13cdc9d9-ddb5-4fa4-a97d-d965ccfc6d4b" outcome="Passed" testListId="8c84fa94-04c1-424b-9868-57a2d4851a1d" relativeResultsDirectory="76767f5c-8e51-487a-ae23-08c05f5beac7">
    </UnitTestResult>
    <UnitTestResult executionId="918b86bf-6732-42e6-89bb-e744806dd9ca" testId="9611d5ba-c78e-b7b6-592f-64194d91b456" testName="AsEnumerable56004" computerName="MINIAC" duration="00:00:00.0003947" startTime="2011-01-14T23:32:28.9717232+00:00" endTime="2011-01-14T23:32:28.9797237+00:00" testType="13cdc9d9-ddb5-4fa4-a97d-d965ccfc6d4b" outcome="Passed" testListId="8c84fa94-04c1-424b-9868-57a2d4851a1d" relativeResultsDirectory="918b86bf-6732-42e6-89bb-e744806dd9ca">
    </UnitTestResult>
    <UnitTestResult executionId="d5f5bdf5-4d81-42c8-ab1f-78611eca02e7" testId="966b1426-163f-7f22-4eab-268da60e78c2" testName="GetLuminosityThrowsContractException408" computerName="MINIAC" duration="00:00:00.0019373" startTime="2011-01-14T23:32:28.9827239+00:00" endTime="2011-01-14T23:32:28.9947246+00:00" testType="13cdc9d9-ddb5-4fa4-a97d-d965ccfc6d4b" outcome="Passed" testListId="8c84fa94-04c1-424b-9868-57a2d4851a1d" relativeResultsDirectory="d5f5bdf5-4d81-42c8-ab1f-78611eca02e7">
    </UnitTestResult>
    <UnitTestResult executionId="aa38107b-5efe-46d7-81ad-0c24f1928ab8" testId="97102229-37fa-e978-ffae-7fd4c7300f98" testName="NullOr90703" computerName="MINIAC" duration="00:00:00.0004446" startTime="2011-01-14T23:32:28.9977247+00:00" endTime="2011-01-14T23:32:29.0117255+00:00" testType="13cdc9d9-ddb5-4fa4-a97d-d965ccfc6d4b" outcome="Passed" testListId="8c84fa94-04c1-424b-9868-57a2d4851a1d" relativeResultsDirectory="aa38107b-5efe-46d7-81ad-0c24f1928ab8">
    </UnitTestResult>
    <UnitTestResult executionId="d9cdc958-15b4-47c6-8b0b-f6974a5c3b41" testId="97495e35-0952-692a-91b0-3d721dc574e4" testName="As0166004" computerName="MINIAC" duration="00:00:00.0003900" startTime="2011-01-14T23:32:29.0177259+00:00" endTime="2011-01-14T23:32:29.0267264+00:00" testType="13cdc9d9-ddb5-4fa4-a97d-d965ccfc6d4b" outcome="Passed" testListId="8c84fa94-04c1-424b-9868-57a2d4851a1d" relativeResultsDirectory="d9cdc958-15b4-47c6-8b0b-f6974a5c3b41">
    </UnitTestResult>
    <UnitTestResult executionId="001b9146-62ce-41bf-b3fc-3b120f2639b0" testId="976d989e-cf59-5cea-2b30-323b52da07dc" testName="IfNotNull01ThrowsContractException708" computerName="MINIAC" duration="00:00:00.0005515" startTime="2011-01-14T23:32:29.0327267+00:00" endTime="2011-01-14T23:32:29.0407272+00:00" testType="13cdc9d9-ddb5-4fa4-a97d-d965ccfc6d4b" outcome="Passed" testListId="8c84fa94-04c1-424b-9868-57a2d4851a1d" relativeResultsDirectory="001b9146-62ce-41bf-b3fc-3b120f2639b0">
    </UnitTestResult>
    <UnitTestResult executionId="a1cf4416-e98e-406a-a309-b59ea85ccb22" testId="990a1706-3c38-5c79-dd26-6bf2a85de470" testName="As0163233" computerName="MINIAC" duration="00:00:00.0005184" startTime="2011-01-14T23:32:29.0437274+00:00" endTime="2011-01-14T23:32:29.0567281+00:00" testType="13cdc9d9-ddb5-4fa4-a97d-d965ccfc6d4b" outcome="Passed" testListId="8c84fa94-04c1-424b-9868-57a2d4851a1d" relativeResultsDirectory="a1cf4416-e98e-406a-a309-b59ea85ccb22">
    </UnitTestResult>
    <UnitTestResult executionId="2dbecf98-0e02-4266-a1cb-fdb9518c9ca6" testId="9a12b8c7-dd2a-27a8-8e5c-846cf91e7a67" testName="ForEach78804" computerName="MINIAC" duration="00:00:00.0003840" startTime="2011-01-14T23:32:29.0597283+00:00" endTime="2011-01-14T23:32:29.0707289+00:00" testType="13cdc9d9-ddb5-4fa4-a97d-d965ccfc6d4b" outcome="Passed" testListId="8c84fa94-04c1-424b-9868-57a2d4851a1d" relativeResultsDirectory="2dbecf98-0e02-4266-a1cb-fdb9518c9ca6">
    </UnitTestResult>
    <UnitTestResult executionId="b8df9fd2-6ead-4447-8605-b90b36fe381c" testId="9b2baef8-8cea-f431-96b6-95e1ddfaf4a9" testName="As29401" computerName="MINIAC" duration="00:00:00.0006588" startTime="2011-01-14T23:32:29.0747291+00:00" endTime="2011-01-14T23:32:29.0847297+00:00" testType="13cdc9d9-ddb5-4fa4-a97d-d965ccfc6d4b" outcome="Passed" testListId="8c84fa94-04c1-424b-9868-57a2d4851a1d" relativeResultsDirectory="b8df9fd2-6ead-4447-8605-b90b36fe381c">
    </UnitTestResult>
    <UnitTestResult executionId="e15ff8ee-9101-4a7e-be38-c4fc8c116bf3" testId="9bfa0b14-def6-4233-8f09-efbae74ca192" testName="Iter96003" computerName="MINIAC" duration="00:00:00.0004932" startTime="2011-01-14T23:32:29.0867298+00:00" endTime="2011-01-14T23:32:29.0967304+00:00" testType="13cdc9d9-ddb5-4fa4-a97d-d965ccfc6d4b" outcome="Passed" testListId="8c84fa94-04c1-424b-9868-57a2d4851a1d" relativeResultsDirectory="e15ff8ee-9101-4a7e-be38-c4fc8c116bf3">
    </UnitTestResult>
    <UnitTestResult executionId="46e032e8-ba66-436a-8d47-51ff24d32290" testId="9d4922e1-95bb-cc07-dd59-02aa21bc0c9d" testName="As6" computerName="MINIAC" duration="00:00:00.0010279" startTime="2011-01-14T23:32:29.0997306+00:00" endTime="2011-01-14T23:32:29.1077310+00:00" testType="13cdc9d9-ddb5-4fa4-a97d-d965ccfc6d4b" outcome="Passed" testListId="8c84fa94-04c1-424b-9868-57a2d4851a1d" relativeResultsDirectory="46e032e8-ba66-436a-8d47-51ff24d32290">
    </UnitTestResult>
    <UnitTestResult executionId="e072983a-fa6a-45fb-8f68-eb9aa237cd7c" testId="9e14e25f-07a5-efe4-0506-4f19b4be256b" testName="NextDoubleThrowsContractException907" computerName="MINIAC" duration="00:00:00.0013004" startTime="2011-01-14T23:32:29.1137314+00:00" endTime="2011-01-14T23:32:29.1247320+00:00" testType="13cdc9d9-ddb5-4fa4-a97d-d965ccfc6d4b" outcome="Passed" testListId="8c84fa94-04c1-424b-9868-57a2d4851a1d" relativeResultsDirectory="e072983a-fa6a-45fb-8f68-eb9aa237cd7c">
    </UnitTestResult>
    <UnitTestResult executionId="547aca89-fba1-4833-aa97-9b45b688833d" testId="9e62e436-d347-f0d4-fadd-560760980b01" testName="NextChar01ThrowsContractException654" computerName="MINIAC" duration="00:00:00.0008599" startTime="2011-01-14T23:32:29.1277322+00:00" endTime="2011-01-14T23:32:29.1377327+00:00" testType="13cdc9d9-ddb5-4fa4-a97d-d965ccfc6d4b" outcome="Passed" testListId="8c84fa94-04c1-424b-9868-57a2d4851a1d" relativeResultsDirectory="547aca89-fba1-4833-aa97-9b45b688833d">
    </UnitTestResult>
    <UnitTestResult executionId="e9e098fe-808a-42f0-8ca3-31a962efd9e7" testId="9ed7c416-1a7b-4673-195d-ca2e196d2a2e" testName="With25501" computerName="MINIAC" duration="00:00:00.0009719" startTime="2011-01-14T23:32:29.1407329+00:00" endTime="2011-01-14T23:32:29.1537337+00:00" testType="13cdc9d9-ddb5-4fa4-a97d-d965ccfc6d4b" outcome="Passed" testListId="8c84fa94-04c1-424b-9868-57a2d4851a1d" relativeResultsDirectory="e9e098fe-808a-42f0-8ca3-31a962efd9e7">
    </UnitTestResult>
    <UnitTestResult executionId="a00488ea-4a13-41d6-94a9-4229f3b16bc6" testId="9f8161de-d8d9-0a40-2ccf-5f45a6d4b367" testName="InvokeIfRequired01ThrowsContractException497" computerName="MINIAC" duration="00:00:00.0014058" startTime="2011-01-14T23:32:29.1637342+00:00" endTime="2011-01-14T23:32:29.1737348+00:00" testType="13cdc9d9-ddb5-4fa4-a97d-d965ccfc6d4b" outcome="Passed" testListId="8c84fa94-04c1-424b-9868-57a2d4851a1d" relativeResultsDirectory="a00488ea-4a13-41d6-94a9-4229f3b16bc6">
    </UnitTestResult>
    <UnitTestResult executionId="9a0e5801-ba5b-49e8-9c50-e84bc6a63ff6" testId="a1e0f884-6f4f-6b96-6595-df107952cc43" testName="IfNotNull17305" computerName="MINIAC" duration="00:00:00.0003569" startTime="2011-01-14T23:32:29.1767350+00:00" endTime="2011-01-14T23:32:29.1857355+00:00" testType="13cdc9d9-ddb5-4fa4-a97d-d965ccfc6d4b" outcome="Passed" testListId="8c84fa94-04c1-424b-9868-57a2d4851a1d" relativeResultsDirectory="9a0e5801-ba5b-49e8-9c50-e84bc6a63ff6">
    </UnitTestResult>
    <UnitTestResult executionId="a3290bfb-05cd-4136-b3fa-bed039bc09d8" testId="a45582f8-3825-adac-44bf-8fa9e3381e89" testName="ForEach78801" computerName="MINIAC" duration="00:00:00.0003840" startTime="2011-01-14T23:32:29.1887357+00:00" endTime="2011-01-14T23:32:29.1987362+00:00" testType="13cdc9d9-ddb5-4fa4-a97d-d965ccfc6d4b" outcome="Passed" testListId="8c84fa94-04c1-424b-9868-57a2d4851a1d" relativeResultsDirectory="a3290bfb-05cd-4136-b3fa-bed039bc09d8">
    </UnitTestResult>
    <UnitTestResult executionId="1fddb7da-feaa-445c-9fb5-997c4e00f096" testId="a5017919-7828-b52a-3fcf-0e88954eb83a" testName="IfNotNull01597" computerName="MINIAC" duration="00:00:00.0007311" startTime="2011-01-14T23:32:29.2017364+00:00" endTime="2011-01-14T23:32:29.2117370+00:00" testType="13cdc9d9-ddb5-4fa4-a97d-d965ccfc6d4b" outcome="Passed" testListId="8c84fa94-04c1-424b-9868-57a2d4851a1d" relativeResultsDirectory="1fddb7da-feaa-445c-9fb5-997c4e00f096">
    </UnitTestResult>
    <UnitTestResult executionId="078f32a2-d108-4753-8132-7503fcb2e919" testId="a5088dbd-9f6a-bb83-e64a-07cfd5052c81" testName="As0130303" computerName="MINIAC" duration="00:00:00.0003938" startTime="2011-01-14T23:32:29.2147371+00:00" endTime="2011-01-14T23:32:29.2267378+00:00" testType="13cdc9d9-ddb5-4fa4-a97d-d965ccfc6d4b" outcome="Passed" testListId="8c84fa94-04c1-424b-9868-57a2d4851a1d" relativeResultsDirectory="078f32a2-d108-4753-8132-7503fcb2e919">
    </UnitTestResult>
    <UnitTestResult executionId="be80e83c-ecac-4bd6-aa59-134650b95ea0" testId="a51caca7-6a0e-8bea-fb89-3104ddb0e38a" testName="Fill105" computerName="MINIAC" duration="00:00:00.0002468" startTime="2011-01-14T23:32:29.2297380+00:00" endTime="2011-01-14T23:32:29.2387385+00:00" testType="13cdc9d9-ddb5-4fa4-a97d-d965ccfc6d4b" outcome="Passed" testListId="8c84fa94-04c1-424b-9868-57a2d4851a1d" relativeResultsDirectory="be80e83c-ecac-4bd6-aa59-134650b95ea0">
    </UnitTestResult>
    <UnitTestResult executionId="01d18059-f513-46c8-8acd-c50b445f90f0" testId="a56170ce-b399-e27e-e213-58e00eb4c436" testName="As0163238" computerName="MINIAC" duration="00:00:00.0003886" startTime="2011-01-14T23:32:29.2417387+00:00" endTime="2011-01-14T23:32:29.2547394+00:00" testType="13cdc9d9-ddb5-4fa4-a97d-d965ccfc6d4b" outcome="Passed" testListId="8c84fa94-04c1-424b-9868-57a2d4851a1d" relativeResultsDirectory="01d18059-f513-46c8-8acd-c50b445f90f0">
    </UnitTestResult>
    <UnitTestResult executionId="6b582270-6788-4828-923a-a39fa1aa2b24" testId="a5cd160e-17d6-fbbc-87f0-05f243caef08" testName="CollatzCount01735" computerName="MINIAC" duration="00:00:00.0003023" startTime="2011-01-14T23:32:29.2587397+00:00" endTime="2011-01-14T23:32:29.2677402+00:00" testType="13cdc9d9-ddb5-4fa4-a97d-d965ccfc6d4b" outcome="Passed" testListId="8c84fa94-04c1-424b-9868-57a2d4851a1d" relativeResultsDirectory="6b582270-6788-4828-923a-a39fa1aa2b24">
    </UnitTestResult>
    <UnitTestResult executionId="f0bea8e0-19e8-450a-becf-3fe4296a02ec" testId="a5e95aa9-bc38-31cc-9093-9339a7e10a1b" testName="ItemSetThrowsContractException48" computerName="MINIAC" duration="00:00:00.0025887" startTime="2011-01-14T23:32:29.2727405+00:00" endTime="2011-01-14T23:32:29.2857412+00:00" testType="13cdc9d9-ddb5-4fa4-a97d-d965ccfc6d4b" outcome="Passed" testListId="8c84fa94-04c1-424b-9868-57a2d4851a1d" relativeResultsDirectory="f0bea8e0-19e8-450a-becf-3fe4296a02ec">
    </UnitTestResult>
    <UnitTestResult executionId="e3970799-40d1-49d2-9977-315d59173fc2" testId="a65b5eab-4121-901b-449c-fc9aba07d07b" testName="IfNotNull0192302" computerName="MINIAC" duration="00:00:00.0004311" startTime="2011-01-14T23:32:29.2947417+00:00" endTime="2011-01-14T23:32:29.3037422+00:00" testType="13cdc9d9-ddb5-4fa4-a97d-d965ccfc6d4b" outcome="Passed" testListId="8c84fa94-04c1-424b-9868-57a2d4851a1d" relativeResultsDirectory="e3970799-40d1-49d2-9977-315d59173fc2">
    </UnitTestResult>
    <UnitTestResult executionId="4ab36559-7c6e-4672-a97c-51667d5ba5c1" testId="a9c998c1-d601-9d48-a5aa-e5458f5ccef5" testName="Fill01571" computerName="MINIAC" duration="00:00:00.0003569" startTime="2011-01-14T23:32:29.3077425+00:00" endTime="2011-01-14T23:32:29.3177430+00:00" testType="13cdc9d9-ddb5-4fa4-a97d-d965ccfc6d4b" outcome="Passed" testListId="8c84fa94-04c1-424b-9868-57a2d4851a1d" relativeResultsDirectory="4ab36559-7c6e-4672-a97c-51667d5ba5c1">
    </UnitTestResult>
    <UnitTestResult executionId="8491c6e4-1e73-424d-bc35-3fa8649485b3" testId="aa951c3d-ee4a-9ede-aac2-7e390167d171" testName="As0163244" computerName="MINIAC" duration="00:00:00.0004857" startTime="2011-01-14T23:32:29.3257435+00:00" endTime="2011-01-14T23:32:29.3357441+00:00" testType="13cdc9d9-ddb5-4fa4-a97d-d965ccfc6d4b" outcome="Passed" testListId="8c84fa94-04c1-424b-9868-57a2d4851a1d" relativeResultsDirectory="8491c6e4-1e73-424d-bc35-3fa8649485b3">
    </UnitTestResult>
    <UnitTestResult executionId="59c8a62e-2551-44d2-b78b-f9f78d795086" testId="aaf3c258-db99-aef3-b307-c0f8c95577a9" testName="Contrast121" computerName="MINIAC" duration="00:00:00.0003704" startTime="2011-01-14T23:32:29.3397443+00:00" endTime="2011-01-14T23:32:29.3537459+00:00" testType="13cdc9d9-ddb5-4fa4-a97d-d965ccfc6d4b" outcome="Passed" testListId="8c84fa94-04c1-424b-9868-57a2d4851a1d" relativeResultsDirectory="59c8a62e-2551-44d2-b78b-f9f78d795086">
    </UnitTestResult>
    <UnitTestResult executionId="12a93ce0-c609-4d9c-97ee-58cbc67a4144" testId="ab328c1b-fd51-1dad-6b49-0a3734c2c2e7" testName="Generate602" computerName="MINIAC" duration="00:00:00.0015132" startTime="2011-01-14T23:32:29.3582464+00:00" endTime="2011-01-14T23:32:29.3687474+00:00" testType="13cdc9d9-ddb5-4fa4-a97d-d965ccfc6d4b" outcome="Passed" testListId="8c84fa94-04c1-424b-9868-57a2d4851a1d" relativeResultsDirectory="12a93ce0-c609-4d9c-97ee-58cbc67a4144">
    </UnitTestResult>
    <UnitTestResult executionId="3d0dc85c-af91-4985-ae32-a90a9b104aea" testId="ab4705e8-14a4-6e9f-baf9-e3d238e84cf8" testName="As0163210" computerName="MINIAC" duration="00:00:00.0003966" startTime="2011-01-14T23:32:29.3717476+00:00" endTime="2011-01-14T23:32:29.3887486+00:00" testType="13cdc9d9-ddb5-4fa4-a97d-d965ccfc6d4b" outcome="Passed" testListId="8c84fa94-04c1-424b-9868-57a2d4851a1d" relativeResultsDirectory="3d0dc85c-af91-4985-ae32-a90a9b104aea">
    </UnitTestResult>
    <UnitTestResult executionId="b78cd50f-4da2-4484-b072-0f25464191f0" testId="ab8ea52f-3bbb-7d59-5174-ec7db8071eb4" testName="NextTimeSpanThrowsContractException287" computerName="MINIAC" duration="00:00:00.0011987" startTime="2011-01-14T23:32:29.3947489+00:00" endTime="2011-01-14T23:32:29.4047495+00:00" testType="13cdc9d9-ddb5-4fa4-a97d-d965ccfc6d4b" outcome="Passed" testListId="8c84fa94-04c1-424b-9868-57a2d4851a1d" relativeResultsDirectory="b78cd50f-4da2-4484-b072-0f25464191f0">
    </UnitTestResult>
    <UnitTestResult executionId="6e5c743a-9b17-43e1-8612-7266e04badf6" testId="af3c2eea-1341-4d08-8112-791e701a0e4e" testName="ForEach908" computerName="MINIAC" duration="00:00:00.0006616" startTime="2011-01-14T23:32:29.4107498+00:00" endTime="2011-01-14T23:32:29.4197503+00:00" testType="13cdc9d9-ddb5-4fa4-a97d-d965ccfc6d4b" outcome="Passed" testListId="8c84fa94-04c1-424b-9868-57a2d4851a1d" relativeResultsDirectory="6e5c743a-9b17-43e1-8612-7266e04badf6">
    </UnitTestResult>
    <UnitTestResult executionId="780931b6-5aaa-438d-b2ff-9f752f2e21d4" testId="b03d2b82-a5f5-4a0a-521f-fd9e431b28da" testName="As21503" computerName="MINIAC" duration="00:00:00.0004614" startTime="2011-01-14T23:32:29.4237506+00:00" endTime="2011-01-14T23:32:29.4327511+00:00" testType="13cdc9d9-ddb5-4fa4-a97d-d965ccfc6d4b" outcome="Passed" testListId="8c84fa94-04c1-424b-9868-57a2d4851a1d" relativeResultsDirectory="780931b6-5aaa-438d-b2ff-9f752f2e21d4">
    </UnitTestResult>
    <UnitTestResult executionId="1f77e24e-c25e-4b8b-a1f9-266c81598b08" testId="b086ebe0-6bb0-f4b4-2d74-97b1a10dd517" testName="IfNotNull0159702" computerName="MINIAC" duration="00:00:00.0003345" startTime="2011-01-14T23:32:29.4407515+00:00" endTime="2011-01-14T23:32:29.4497521+00:00" testType="13cdc9d9-ddb5-4fa4-a97d-d965ccfc6d4b" outcome="Passed" testListId="8c84fa94-04c1-424b-9868-57a2d4851a1d" relativeResultsDirectory="1f77e24e-c25e-4b8b-a1f9-266c81598b08">
    </UnitTestResult>
    <UnitTestResult executionId="865dc08b-8156-49f1-98bc-af591ea3398d" testId="b1e8fb4c-7380-ad76-529d-dbdac5528194" testName="As21519" computerName="MINIAC" duration="00:00:00.0005869" startTime="2011-01-14T23:32:29.4527522+00:00" endTime="2011-01-14T23:32:29.4657530+00:00" testType="13cdc9d9-ddb5-4fa4-a97d-d965ccfc6d4b" outcome="Passed" testListId="8c84fa94-04c1-424b-9868-57a2d4851a1d" relativeResultsDirectory="865dc08b-8156-49f1-98bc-af591ea3398d">
    </UnitTestResult>
    <UnitTestResult executionId="df634a2c-e0e2-48b9-b17d-45520d87aca6" testId="b20907a7-3144-45e5-c78a-5e9a4f58d7c0" testName="As0163247" computerName="MINIAC" duration="00:00:00.0004082" startTime="2011-01-14T23:32:29.4697532+00:00" endTime="2011-01-14T23:32:29.4787537+00:00" testType="13cdc9d9-ddb5-4fa4-a97d-d965ccfc6d4b" outcome="Passed" testListId="8c84fa94-04c1-424b-9868-57a2d4851a1d" relativeResultsDirectory="df634a2c-e0e2-48b9-b17d-45520d87aca6">
    </UnitTestResult>
    <UnitTestResult executionId="57fe8940-af28-4987-a146-ff1d583d4d66" testId="b2aadfc0-b55c-fa15-a9e1-9405ae9a9cc7" testName="AsEnumerable03148" computerName="MINIAC" duration="00:00:00.0004946" startTime="2011-01-14T23:32:29.4827539+00:00" endTime="2011-01-14T23:32:29.4907544+00:00" testType="13cdc9d9-ddb5-4fa4-a97d-d965ccfc6d4b" outcome="Passed" testListId="8c84fa94-04c1-424b-9868-57a2d4851a1d" relativeResultsDirectory="57fe8940-af28-4987-a146-ff1d583d4d66">
    </UnitTestResult>
    <UnitTestResult executionId="7f0686f2-6b96-4715-9631-453e9015c416" testId="b2c4141e-1dfd-f110-5623-435719fb340e" testName="AsEnumerable0258801" computerName="MINIAC" duration="00:00:00.0005491" startTime="2011-01-14T23:32:29.4947546+00:00" endTime="2011-01-14T23:32:29.5047552+00:00" testType="13cdc9d9-ddb5-4fa4-a97d-d965ccfc6d4b" outcome="Passed" testListId="8c84fa94-04c1-424b-9868-57a2d4851a1d" relativeResultsDirectory="7f0686f2-6b96-4715-9631-453e9015c416">
    </UnitTestResult>
    <UnitTestResult executionId="e466b561-6923-413a-afbc-25ba7be474ed" testId="b2f30ec3-5e04-5411-1ff4-09fa134b1c9b" testName="NextDateTimeThrowsContractException762" computerName="MINIAC" duration="00:00:00.0013564" startTime="2011-01-14T23:32:29.5077554+00:00" endTime="2011-01-14T23:32:29.5207561+00:00" testType="13cdc9d9-ddb5-4fa4-a97d-d965ccfc6d4b" outcome="Passed" testListId="8c84fa94-04c1-424b-9868-57a2d4851a1d" relativeResultsDirectory="e466b561-6923-413a-afbc-25ba7be474ed">
    </UnitTestResult>
    <UnitTestResult executionId="41822445-e4c6-4051-a280-b0d9f9d46287" testId="b30e4a1d-f330-da4d-3e81-5c536003275c" testName="As0132104" computerName="MINIAC" duration="00:00:00.0004082" startTime="2011-01-14T23:32:29.5237563+00:00" endTime="2011-01-14T23:32:29.5347569+00:00" testType="13cdc9d9-ddb5-4fa4-a97d-d965ccfc6d4b" outcome="Passed" testListId="8c84fa94-04c1-424b-9868-57a2d4851a1d" relativeResultsDirectory="41822445-e4c6-4051-a280-b0d9f9d46287">
    </UnitTestResult>
    <UnitTestResult executionId="574d602f-8469-4cd6-9af7-91764e91ae62" testId="b32008e9-7a6b-e8be-077f-aa699d6cced0" testName="Constructor25201" computerName="MINIAC" duration="00:00:00.0008370" startTime="2011-01-14T23:32:29.5367570+00:00" endTime="2011-01-14T23:32:29.5507578+00:00" testType="13cdc9d9-ddb5-4fa4-a97d-d965ccfc6d4b" outcome="Passed" testListId="8c84fa94-04c1-424b-9868-57a2d4851a1d" relativeResultsDirectory="574d602f-8469-4cd6-9af7-91764e91ae62">
    </UnitTestResult>
    <UnitTestResult executionId="70541005-c8ff-4925-b707-08b0da11bef4" testId="b43d3839-897a-8359-f8af-bc2aa0d853ca" testName="ExecutionTimeThrowsContractException15" computerName="MINIAC" duration="00:00:00.0012943" startTime="2011-01-14T23:32:29.5547581+00:00" endTime="2011-01-14T23:32:29.5647586+00:00" testType="13cdc9d9-ddb5-4fa4-a97d-d965ccfc6d4b" outcome="Passed" testListId="8c84fa94-04c1-424b-9868-57a2d4851a1d" relativeResultsDirectory="70541005-c8ff-4925-b707-08b0da11bef4">
    </UnitTestResult>
    <UnitTestResult executionId="09497564-a863-40c6-93b1-847eda4c3b93" testId="b51e8365-ff64-84bf-89d7-6e6cedcc3dbf" testName="As0163208" computerName="MINIAC" duration="00:00:00.0003984" startTime="2011-01-14T23:32:29.5677588+00:00" endTime="2011-01-14T23:32:29.5797595+00:00" testType="13cdc9d9-ddb5-4fa4-a97d-d965ccfc6d4b" outcome="Passed" testListId="8c84fa94-04c1-424b-9868-57a2d4851a1d" relativeResultsDirectory="09497564-a863-40c6-93b1-847eda4c3b93">
    </UnitTestResult>
    <UnitTestResult executionId="878336f6-03e0-417c-825c-023c9cf2f91f" testId="b56ad954-f39f-415d-b4cd-5cf900faebf0" testName="Bound415" computerName="MINIAC" duration="00:00:00.0003018" startTime="2011-01-14T23:32:29.5837597+00:00" endTime="2011-01-14T23:32:29.5917602+00:00" testType="13cdc9d9-ddb5-4fa4-a97d-d965ccfc6d4b" outcome="Passed" testListId="8c84fa94-04c1-424b-9868-57a2d4851a1d" relativeResultsDirectory="878336f6-03e0-417c-825c-023c9cf2f91f">
    </UnitTestResult>
    <UnitTestResult executionId="4eb25bc2-eca5-4956-94eb-7e06541c2664" testId="b6dfae7d-5cf1-2d64-17e8-8a5ce5813218" testName="Single617" computerName="MINIAC" duration="00:00:00.0016191" startTime="2011-01-14T23:32:29.5947603+00:00" endTime="2011-01-14T23:32:29.6057610+00:00" testType="13cdc9d9-ddb5-4fa4-a97d-d965ccfc6d4b" outcome="Passed" testListId="8c84fa94-04c1-424b-9868-57a2d4851a1d" relativeResultsDirectory="4eb25bc2-eca5-4956-94eb-7e06541c2664">
    </UnitTestResult>
    <UnitTestResult executionId="9fd815c6-0e4f-4b25-80ba-782527282fa2" testId="b70adbd0-590e-daec-704e-6b8d2f1eef4b" testName="ForEach90805" computerName="MINIAC" duration="00:00:00.0003793" startTime="2011-01-14T23:32:29.6107613+00:00" endTime="2011-01-14T23:32:29.6187617+00:00" testType="13cdc9d9-ddb5-4fa4-a97d-d965ccfc6d4b" outcome="Passed" testListId="8c84fa94-04c1-424b-9868-57a2d4851a1d" relativeResultsDirectory="9fd815c6-0e4f-4b25-80ba-782527282fa2">
    </UnitTestResult>
    <UnitTestResult executionId="0d91789c-788a-4162-8379-b374ae587da2" testId="b70d24a9-e4cc-d879-39c7-bc30de9e70ab" testName="As0163215" computerName="MINIAC" duration="00:00:00.0005347" startTime="2011-01-14T23:32:29.6207618+00:00" endTime="2011-01-14T23:32:29.6317625+00:00" testType="13cdc9d9-ddb5-4fa4-a97d-d965ccfc6d4b" outcome="Passed" testListId="8c84fa94-04c1-424b-9868-57a2d4851a1d" relativeResultsDirectory="0d91789c-788a-4162-8379-b374ae587da2">
    </UnitTestResult>
    <UnitTestResult executionId="67d92b8a-e6bc-46e7-a2fd-f8ade31a6580" testId="b74830d0-a6ce-14b6-0d35-7c2e849267f3" testName="Add29603" computerName="MINIAC" duration="00:00:00.0004502" startTime="2011-01-14T23:32:29.6367628+00:00" endTime="2011-01-14T23:32:29.6467633+00:00" testType="13cdc9d9-ddb5-4fa4-a97d-d965ccfc6d4b" outcome="Passed" testListId="8c84fa94-04c1-424b-9868-57a2d4851a1d" relativeResultsDirectory="67d92b8a-e6bc-46e7-a2fd-f8ade31a6580">
    </UnitTestResult>
    <UnitTestResult executionId="95357813-cbb4-4e21-8cdd-6d23f7cc8036" testId="b81ff0f8-4bd4-95ca-3a1e-ebf2dd6ff95a" testName="Shuffle713" computerName="MINIAC" duration="00:00:00.0005142" startTime="2011-01-14T23:32:29.6507636+00:00" endTime="2011-01-14T23:32:29.6597641+00:00" testType="13cdc9d9-ddb5-4fa4-a97d-d965ccfc6d4b" outcome="Passed" testListId="8c84fa94-04c1-424b-9868-57a2d4851a1d" relativeResultsDirectory="95357813-cbb4-4e21-8cdd-6d23f7cc8036">
    </UnitTestResult>
    <UnitTestResult executionId="ef81fe97-62bd-446c-82ab-40aa94f0cc56" testId="b82459f8-9193-4181-e1c2-7a58eee94293" testName="Add88505" computerName="MINIAC" duration="00:00:00.0004619" startTime="2011-01-14T23:32:29.6617642+00:00" endTime="2011-01-14T23:32:29.6767650+00:00" testType="13cdc9d9-ddb5-4fa4-a97d-d965ccfc6d4b" outcome="Passed" testListId="8c84fa94-04c1-424b-9868-57a2d4851a1d" relativeResultsDirectory="ef81fe97-62bd-446c-82ab-40aa94f0cc56">
    </UnitTestResult>
    <UnitTestResult executionId="81295f9b-ebf5-4b25-be1c-90741c9f45cb" testId="b8e531ca-ec94-5331-cc83-d2332ab01f85" testName="Fill0157101" computerName="MINIAC" duration="00:00:00.0003532" startTime="2011-01-14T23:32:29.6817653+00:00" endTime="2011-01-14T23:32:29.6907658+00:00" testType="13cdc9d9-ddb5-4fa4-a97d-d965ccfc6d4b" outcome="Passed" testListId="8c84fa94-04c1-424b-9868-57a2d4851a1d" relativeResultsDirectory="81295f9b-ebf5-4b25-be1c-90741c9f45cb">
    </UnitTestResult>
    <UnitTestResult executionId="d8617101-a71b-499b-96dd-ce7e8e238989" testId="b99ec452-b626-078c-5efb-2041d6f255c4" testName="As21504" computerName="MINIAC" duration="00:00:00.0004782" startTime="2011-01-14T23:32:29.6937660+00:00" endTime="2011-01-14T23:32:29.7047666+00:00" testType="13cdc9d9-ddb5-4fa4-a97d-d965ccfc6d4b" outcome="Passed" testListId="8c84fa94-04c1-424b-9868-57a2d4851a1d" relativeResultsDirectory="d8617101-a71b-499b-96dd-ce7e8e238989">
    </UnitTestResult>
    <UnitTestResult executionId="574f8036-f916-453c-8987-ac12da553065" testId="ba4ad856-2aca-f1cb-f1f3-4abe5647b176" testName="Random01ThrowsContractException791" computerName="MINIAC" duration="00:00:00.0006182" startTime="2011-01-14T23:32:29.7067668+00:00" endTime="2011-01-14T23:32:29.7187674+00:00" testType="13cdc9d9-ddb5-4fa4-a97d-d965ccfc6d4b" outcome="Passed" testListId="8c84fa94-04c1-424b-9868-57a2d4851a1d" relativeResultsDirectory="574f8036-f916-453c-8987-ac12da553065">
    </UnitTestResult>
    <UnitTestResult executionId="99683579-c2cb-4bfc-9570-0c8b0d241014" testId="ba655519-84b5-616e-0933-0bcd320e888d" testName="CreateRectangleThrowsContractException295" computerName="MINIAC" duration="00:00:00.0005487" startTime="2011-01-14T23:32:29.7227677+00:00" endTime="2011-01-14T23:32:29.7327682+00:00" testType="13cdc9d9-ddb5-4fa4-a97d-d965ccfc6d4b" outcome="Passed" testListId="8c84fa94-04c1-424b-9868-57a2d4851a1d" relativeResultsDirectory="99683579-c2cb-4bfc-9570-0c8b0d241014">
    </UnitTestResult>
    <UnitTestResult executionId="4fdaa8f0-fd6d-430e-9ed3-90c50273031a" testId="baf4ce3c-1fc7-efc9-3438-7f66d5c18bcf" testName="As01403" computerName="MINIAC" duration="00:00:00.0006187" startTime="2011-01-14T23:32:29.7387686+00:00" endTime="2011-01-14T23:32:29.7457690+00:00" testType="13cdc9d9-ddb5-4fa4-a97d-d965ccfc6d4b" outcome="Passed" testListId="8c84fa94-04c1-424b-9868-57a2d4851a1d" relativeResultsDirectory="4fdaa8f0-fd6d-430e-9ed3-90c50273031a">
    </UnitTestResult>
    <UnitTestResult executionId="9381aece-5af7-46c2-8b0b-74455c7d3d72" testId="bbc45056-7304-0cf8-18ec-0f56b7abf591" testName="As0198304" computerName="MINIAC" duration="00:00:00.0006751" startTime="2011-01-14T23:32:29.7487692+00:00" endTime="2011-01-14T23:32:29.7617699+00:00" testType="13cdc9d9-ddb5-4fa4-a97d-d965ccfc6d4b" outcome="Passed" testListId="8c84fa94-04c1-424b-9868-57a2d4851a1d" relativeResultsDirectory="9381aece-5af7-46c2-8b0b-74455c7d3d72">
    </UnitTestResult>
    <UnitTestResult executionId="1a279f0d-96b5-4859-94da-6e7003c798bb" testId="bbe65d68-71ba-72ec-21d1-a0b54bdef612" testName="AsEnumerable0128304" computerName="MINIAC" duration="00:00:00.0004260" startTime="2011-01-14T23:32:29.7637700+00:00" endTime="2011-01-14T23:32:29.7757707+00:00" testType="13cdc9d9-ddb5-4fa4-a97d-d965ccfc6d4b" outcome="Passed" testListId="8c84fa94-04c1-424b-9868-57a2d4851a1d" relativeResultsDirectory="1a279f0d-96b5-4859-94da-6e7003c798bb">
    </UnitTestResult>
    <UnitTestResult executionId="148201db-c3ea-4c19-9932-8d59cb239e4e" testId="bd00057e-88b2-1e9c-846b-ed190ddc5717" testName="To0488601" computerName="MINIAC" duration="00:00:00.0002822" startTime="2011-01-14T23:32:29.7807710+00:00" endTime="2011-01-14T23:32:29.7887714+00:00" testType="13cdc9d9-ddb5-4fa4-a97d-d965ccfc6d4b" outcome="Passed" testListId="8c84fa94-04c1-424b-9868-57a2d4851a1d" relativeResultsDirectory="148201db-c3ea-4c19-9932-8d59cb239e4e">
    </UnitTestResult>
    <UnitTestResult executionId="d3e66866-9f8d-4281-9d8f-9a82401f6b11" testId="bdf76499-e0f6-3d7b-4432-982ba6c3b223" testName="Fill0168801" computerName="MINIAC" duration="00:00:00.0003583" startTime="2011-01-14T23:32:29.7947718+00:00" endTime="2011-01-14T23:32:29.8027722+00:00" testType="13cdc9d9-ddb5-4fa4-a97d-d965ccfc6d4b" outcome="Passed" testListId="8c84fa94-04c1-424b-9868-57a2d4851a1d" relativeResultsDirectory="d3e66866-9f8d-4281-9d8f-9a82401f6b11">
    </UnitTestResult>
    <UnitTestResult executionId="d9f147a3-db0b-4778-9244-be80cf43371c" testId="be4a640d-264d-b6fa-ba99-6f190c20c0bb" testName="To01463" computerName="MINIAC" duration="00:00:00.0002757" startTime="2011-01-14T23:32:29.8087726+00:00" endTime="2011-01-14T23:32:29.8177731+00:00" testType="13cdc9d9-ddb5-4fa4-a97d-d965ccfc6d4b" outcome="Passed" testListId="8c84fa94-04c1-424b-9868-57a2d4851a1d" relativeResultsDirectory="d9f147a3-db0b-4778-9244-be80cf43371c">
    </UnitTestResult>
    <UnitTestResult executionId="d132908f-aa54-481d-ba8c-6be2b74e4f92" testId="be5f5722-e49c-2552-3b23-55e7eba52bdb" testName="FromEnumerator55" computerName="MINIAC" duration="00:00:00.0023680" startTime="2011-01-14T23:32:29.8207733+00:00" endTime="2011-01-14T23:32:29.8347741+00:00" testType="13cdc9d9-ddb5-4fa4-a97d-d965ccfc6d4b" outcome="Passed" testListId="8c84fa94-04c1-424b-9868-57a2d4851a1d" relativeResultsDirectory="d132908f-aa54-481d-ba8c-6be2b74e4f92">
    </UnitTestResult>
    <UnitTestResult executionId="f74118cf-fcf9-429b-9e19-9748c31b7a8d" testId="be772578-3bd6-fe1e-69ad-baa513f62b0b" testName="As0163226" computerName="MINIAC" duration="00:00:00.0003984" startTime="2011-01-14T23:32:29.8377742+00:00" endTime="2011-01-14T23:32:29.8497749+00:00" testType="13cdc9d9-ddb5-4fa4-a97d-d965ccfc6d4b" outcome="Passed" testListId="8c84fa94-04c1-424b-9868-57a2d4851a1d" relativeResultsDirectory="f74118cf-fcf9-429b-9e19-9748c31b7a8d">
    </UnitTestResult>
    <UnitTestResult executionId="a248f93c-e706-4be6-9c75-98a17b04ac09" testId="bf4b4d8f-a9c5-278f-9d0c-4140566dfe7e" testName="As0130302" computerName="MINIAC" duration="00:00:00.0004908" startTime="2011-01-14T23:32:29.8537752+00:00" endTime="2011-01-14T23:32:29.8627757+00:00" testType="13cdc9d9-ddb5-4fa4-a97d-d965ccfc6d4b" outcome="Passed" testListId="8c84fa94-04c1-424b-9868-57a2d4851a1d" relativeResultsDirectory="a248f93c-e706-4be6-9c75-98a17b04ac09">
    </UnitTestResult>
    <UnitTestResult executionId="143dd7aa-8ebf-44dd-bcfb-2075ad2aca60" testId="bff4cadd-4f1c-2dc8-fd6c-9d55b780efae" testName="GetRectangleThrowsContractException636" computerName="MINIAC" duration="00:00:00.0011417" startTime="2011-01-14T23:32:29.8677760+00:00" endTime="2011-01-14T23:32:29.8777765+00:00" testType="13cdc9d9-ddb5-4fa4-a97d-d965ccfc6d4b" outcome="Passed" testListId="8c84fa94-04c1-424b-9868-57a2d4851a1d" relativeResultsDirectory="143dd7aa-8ebf-44dd-bcfb-2075ad2aca60">
    </UnitTestResult>
    <UnitTestResult executionId="7f165691-21de-4f7c-b79d-12a86edf0dc4" testId="c0b049d8-5af1-212d-f646-b9a7aa76e7aa" testName="As0163235" computerName="MINIAC" duration="00:00:00.0003952" startTime="2011-01-14T23:32:29.8797767+00:00" endTime="2011-01-14T23:32:29.8917773+00:00" testType="13cdc9d9-ddb5-4fa4-a97d-d965ccfc6d4b" outcome="Passed" testListId="8c84fa94-04c1-424b-9868-57a2d4851a1d" relativeResultsDirectory="7f165691-21de-4f7c-b79d-12a86edf0dc4">
    </UnitTestResult>
    <UnitTestResult executionId="2697653f-6424-4c04-b5c7-b87db438b5d2" testId="c120e67a-ca3d-ad4a-6e13-a8ac39d90a59" testName="As21521" computerName="MINIAC" duration="00:00:00.0005935" startTime="2011-01-14T23:32:29.8977777+00:00" endTime="2011-01-14T23:32:29.9087783+00:00" testType="13cdc9d9-ddb5-4fa4-a97d-d965ccfc6d4b" outcome="Passed" testListId="8c84fa94-04c1-424b-9868-57a2d4851a1d" relativeResultsDirectory="2697653f-6424-4c04-b5c7-b87db438b5d2">
    </UnitTestResult>
    <UnitTestResult executionId="e44a9576-f8de-429a-885c-d08f0b3e347a" testId="c1838d98-ca12-2824-62bc-37efa629a0f1" testName="IfNotNull47705" computerName="MINIAC" duration="00:00:00.0004059" startTime="2011-01-14T23:32:29.9117785+00:00" endTime="2011-01-14T23:32:29.9217791+00:00" testType="13cdc9d9-ddb5-4fa4-a97d-d965ccfc6d4b" outcome="Passed" testListId="8c84fa94-04c1-424b-9868-57a2d4851a1d" relativeResultsDirectory="e44a9576-f8de-429a-885c-d08f0b3e347a">
    </UnitTestResult>
    <UnitTestResult executionId="f46fae15-dbda-4900-bb02-af7eaa120e02" testId="c2a16b22-9983-ed58-4351-7fd3ef453798" testName="SubarrayThrowsContractException629" computerName="MINIAC" duration="00:00:00.0005683" startTime="2011-01-14T23:32:29.9277794+00:00" endTime="2011-01-14T23:32:29.9377800+00:00" testType="13cdc9d9-ddb5-4fa4-a97d-d965ccfc6d4b" outcome="Passed" testListId="8c84fa94-04c1-424b-9868-57a2d4851a1d" relativeResultsDirectory="f46fae15-dbda-4900-bb02-af7eaa120e02">
    </UnitTestResult>
    <UnitTestResult executionId="2c662c89-71f7-45bd-822e-c2e75786be95" testId="c35eb805-49e5-7d06-b69d-ba684aaa6791" testName="TakeEveryThrowsContractException998" computerName="MINIAC" duration="00:00:00.0006257" startTime="2011-01-14T23:32:29.9447804+00:00" endTime="2011-01-14T23:32:29.9547809+00:00" testType="13cdc9d9-ddb5-4fa4-a97d-d965ccfc6d4b" outcome="Passed" testListId="8c84fa94-04c1-424b-9868-57a2d4851a1d" relativeResultsDirectory="2c662c89-71f7-45bd-822e-c2e75786be95">
    </UnitTestResult>
    <UnitTestResult executionId="43835e6c-4df7-4640-984a-8e445eb9f6cb" testId="c3a5f774-5c25-7fa7-593c-10a98b5db768" testName="Execute424" computerName="MINIAC" duration="00:00:00.0002776" startTime="2011-01-14T23:32:29.9577811+00:00" endTime="2011-01-14T23:32:29.9697818+00:00" testType="13cdc9d9-ddb5-4fa4-a97d-d965ccfc6d4b" outcome="Passed" testListId="8c84fa94-04c1-424b-9868-57a2d4851a1d" relativeResultsDirectory="43835e6c-4df7-4640-984a-8e445eb9f6cb">
    </UnitTestResult>
    <UnitTestResult executionId="f1ba0d12-9b6d-4bc5-8761-6acaaa9e161e" testId="c3abe281-9f8b-f567-4c3c-8146a5220784" testName="Bound8" computerName="MINIAC" duration="00:00:00.0004381" startTime="2011-01-14T23:32:29.9717819+00:00" endTime="2011-01-14T23:32:29.9867828+00:00" testType="13cdc9d9-ddb5-4fa4-a97d-d965ccfc6d4b" outcome="Passed" testListId="8c84fa94-04c1-424b-9868-57a2d4851a1d" relativeResultsDirectory="f1ba0d12-9b6d-4bc5-8761-6acaaa9e161e">
    </UnitTestResult>
    <UnitTestResult executionId="31c79ac8-8b61-414a-b461-6c98195013db" testId="c3b85211-1b55-61c6-8d42-782c04048184" testName="AsEnumerable0258804" computerName="MINIAC" duration="00:00:00.0005496" startTime="2011-01-14T23:32:29.9927831+00:00" endTime="2011-01-14T23:32:30.0007836+00:00" testType="13cdc9d9-ddb5-4fa4-a97d-d965ccfc6d4b" outcome="Passed" testListId="8c84fa94-04c1-424b-9868-57a2d4851a1d" relativeResultsDirectory="31c79ac8-8b61-414a-b461-6c98195013db">
    </UnitTestResult>
    <UnitTestResult executionId="80e6420d-4f03-4dda-aa0a-0afebfc65064" testId="c3d74631-4198-0bf7-31b4-c57e4e43d97c" testName="AsEnumerable01ThrowsContractException781" computerName="MINIAC" duration="00:00:00.0006149" startTime="2011-01-14T23:32:30.0037837+00:00" endTime="2011-01-14T23:32:30.0127843+00:00" testType="13cdc9d9-ddb5-4fa4-a97d-d965ccfc6d4b" outcome="Passed" testListId="8c84fa94-04c1-424b-9868-57a2d4851a1d" relativeResultsDirectory="80e6420d-4f03-4dda-aa0a-0afebfc65064">
    </UnitTestResult>
    <UnitTestResult executionId="924e84ae-5a63-41c0-a20e-5a9f8325a5e3" testId="c3e8dcc2-bac7-2a0c-9c06-8dc4838145f3" testName="Fill0168802" computerName="MINIAC" duration="00:00:00.0003625" startTime="2011-01-14T23:32:30.0197847+00:00" endTime="2011-01-14T23:32:30.0297852+00:00" testType="13cdc9d9-ddb5-4fa4-a97d-d965ccfc6d4b" outcome="Passed" testListId="8c84fa94-04c1-424b-9868-57a2d4851a1d" relativeResultsDirectory="924e84ae-5a63-41c0-a20e-5a9f8325a5e3">
    </UnitTestResult>
    <UnitTestResult executionId="2bba44f8-370a-468c-a3d7-8b8a53b1b057" testId="c3ee02a5-293b-7ff9-c709-98157fa3a3be" testName="GetByPercentThrowsContractException75" computerName="MINIAC" duration="00:00:00.0005664" startTime="2011-01-14T23:32:30.0347855+00:00" endTime="2011-01-14T23:32:30.0427860+00:00" testType="13cdc9d9-ddb5-4fa4-a97d-d965ccfc6d4b" outcome="Passed" testListId="8c84fa94-04c1-424b-9868-57a2d4851a1d" relativeResultsDirectory="2bba44f8-370a-468c-a3d7-8b8a53b1b057">
    </UnitTestResult>
    <UnitTestResult executionId="c80d867f-3287-49c1-9f9b-51bcc3ecc81a" testId="c441e89e-f895-2b6d-e75c-6ac07c647d62" testName="AsEnumerable0128303" computerName="MINIAC" duration="00:00:00.0003984" startTime="2011-01-14T23:32:30.0467862+00:00" endTime="2011-01-14T23:32:30.0577868+00:00" testType="13cdc9d9-ddb5-4fa4-a97d-d965ccfc6d4b" outcome="Passed" testListId="8c84fa94-04c1-424b-9868-57a2d4851a1d" relativeResultsDirectory="c80d867f-3287-49c1-9f9b-51bcc3ecc81a">
    </UnitTestResult>
    <UnitTestResult executionId="ca586d7a-7c85-4978-9a81-ddb0115bcfd9" testId="c4c6dbc5-8988-fc78-6c24-cd9bba7d228f" testName="Add29606" computerName="MINIAC" duration="00:00:00.0004460" startTime="2011-01-14T23:32:30.0607870+00:00" endTime="2011-01-14T23:32:30.0697875+00:00" testType="13cdc9d9-ddb5-4fa4-a97d-d965ccfc6d4b" outcome="Passed" testListId="8c84fa94-04c1-424b-9868-57a2d4851a1d" relativeResultsDirectory="ca586d7a-7c85-4978-9a81-ddb0115bcfd9">
    </UnitTestResult>
    <UnitTestResult executionId="4324b026-1991-4e18-9e05-5f8c1e4102c3" testId="c5e910ca-b0f3-fe99-9027-8d0c98206539" testName="IsPortFree204" computerName="MINIAC" duration="00:00:00.0478343" startTime="2011-01-14T23:32:30.0717876+00:00" endTime="2011-01-14T23:32:30.1307910+00:00" testType="13cdc9d9-ddb5-4fa4-a97d-d965ccfc6d4b" outcome="Passed" testListId="8c84fa94-04c1-424b-9868-57a2d4851a1d" relativeResultsDirectory="4324b026-1991-4e18-9e05-5f8c1e4102c3">
    </UnitTestResult>
    <UnitTestResult executionId="5f6990cd-4135-4d26-9ac4-f9e4a39351ef" testId="c6e56d30-e4b1-0266-4be4-81fd81816d37" testName="ReadLinesFrom335" computerName="MINIAC" duration="00:00:00.0004936" startTime="2011-01-14T23:32:30.1347912+00:00" endTime="2011-01-14T23:32:30.1437918+00:00" testType="13cdc9d9-ddb5-4fa4-a97d-d965ccfc6d4b" outcome="Passed" testListId="8c84fa94-04c1-424b-9868-57a2d4851a1d" relativeResultsDirectory="5f6990cd-4135-4d26-9ac4-f9e4a39351ef">
    </UnitTestResult>
    <UnitTestResult executionId="d9025d9a-f73e-4121-8a24-216af0415daf" testId="c764531a-8b43-978a-82fa-64e183192f81" testName="IsNullOrEmpty963" computerName="MINIAC" duration="00:00:00.0003532" startTime="2011-01-14T23:32:30.1477920+00:00" endTime="2011-01-14T23:32:30.1567925+00:00" testType="13cdc9d9-ddb5-4fa4-a97d-d965ccfc6d4b" outcome="Passed" testListId="8c84fa94-04c1-424b-9868-57a2d4851a1d" relativeResultsDirectory="d9025d9a-f73e-4121-8a24-216af0415daf">
    </UnitTestResult>
    <UnitTestResult executionId="dbd17cf9-80fa-4e97-9b55-529cc723bd10" testId="c80221bd-ca0a-aa23-6b81-2ed5f20f8d5f" testName="As0163229" computerName="MINIAC" duration="00:00:00.0003877" startTime="2011-01-14T23:32:30.1627928+00:00" endTime="2011-01-14T23:32:30.1717934+00:00" testType="13cdc9d9-ddb5-4fa4-a97d-d965ccfc6d4b" outcome="Passed" testListId="8c84fa94-04c1-424b-9868-57a2d4851a1d" relativeResultsDirectory="dbd17cf9-80fa-4e97-9b55-529cc723bd10">
    </UnitTestResult>
    <UnitTestResult executionId="0f0693a3-7900-423f-9ecc-e989f9f7c0bb" testId="c915ebab-6006-9244-c1bb-93a0e94b6128" testName="NextCharThrowsContractException997" computerName="MINIAC" duration="00:00:00.0010410" startTime="2011-01-14T23:32:30.1757936+00:00" endTime="2011-01-14T23:32:30.1837940+00:00" testType="13cdc9d9-ddb5-4fa4-a97d-d965ccfc6d4b" outcome="Passed" testListId="8c84fa94-04c1-424b-9868-57a2d4851a1d" relativeResultsDirectory="0f0693a3-7900-423f-9ecc-e989f9f7c0bb">
    </UnitTestResult>
    <UnitTestResult executionId="515d0078-ee80-46a3-b00f-8a8c805e77a4" testId="cc8275a0-551e-d39e-ef08-c6785391cae1" testName="UnionAll01ThrowsContractException68" computerName="MINIAC" duration="00:00:00.0007185" startTime="2011-01-14T23:32:30.1947947+00:00" endTime="2011-01-14T23:32:30.2027951+00:00" testType="13cdc9d9-ddb5-4fa4-a97d-d965ccfc6d4b" outcome="Passed" testListId="8c84fa94-04c1-424b-9868-57a2d4851a1d" relativeResultsDirectory="515d0078-ee80-46a3-b00f-8a8c805e77a4">
    </UnitTestResult>
    <UnitTestResult executionId="0bbae3c4-7d5a-42c6-9b73-915893d67efb" testId="cde3f8df-5511-2974-1851-e9e6d6fb436e" testName="Add88506" computerName="MINIAC" duration="00:00:00.0005328" startTime="2011-01-14T23:32:30.2067954+00:00" endTime="2011-01-14T23:32:30.2177960+00:00" testType="13cdc9d9-ddb5-4fa4-a97d-d965ccfc6d4b" outcome="Passed" testListId="8c84fa94-04c1-424b-9868-57a2d4851a1d" relativeResultsDirectory="0bbae3c4-7d5a-42c6-9b73-915893d67efb">
    </UnitTestResult>
    <UnitTestResult executionId="e7bb4cdb-9200-4af0-b168-5e865a74429e" testId="cdf50321-c0eb-ddc4-0179-2919c2028903" testName="IsIn01570" computerName="MINIAC" duration="00:00:00.0003583" startTime="2011-01-14T23:32:30.2207962+00:00" endTime="2011-01-14T23:32:30.2317968+00:00" testType="13cdc9d9-ddb5-4fa4-a97d-d965ccfc6d4b" outcome="Passed" testListId="8c84fa94-04c1-424b-9868-57a2d4851a1d" relativeResultsDirectory="e7bb4cdb-9200-4af0-b168-5e865a74429e">
    </UnitTestResult>
    <UnitTestResult executionId="5d3b56c1-2cf9-4fac-941f-9f1249d5c91a" testId="cf0ed431-1996-776b-ee72-64e564d77181" testName="IterThrowsContractException105" computerName="MINIAC" duration="00:00:00.0007811" startTime="2011-01-14T23:32:30.2377971+00:00" endTime="2011-01-14T23:32:30.2467976+00:00" testType="13cdc9d9-ddb5-4fa4-a97d-d965ccfc6d4b" outcome="Passed" testListId="8c84fa94-04c1-424b-9868-57a2d4851a1d" relativeResultsDirectory="5d3b56c1-2cf9-4fac-941f-9f1249d5c91a">
    </UnitTestResult>
    <UnitTestResult executionId="6aa1ab78-2f90-4d14-ab60-ae3cb9e978e4" testId="cf67e106-470b-64ee-b4ec-daf199d3db2f" testName="Add296" computerName="MINIAC" duration="00:00:00.0004544" startTime="2011-01-14T23:32:30.2517979+00:00" endTime="2011-01-14T23:32:30.2597984+00:00" testType="13cdc9d9-ddb5-4fa4-a97d-d965ccfc6d4b" outcome="Passed" testListId="8c84fa94-04c1-424b-9868-57a2d4851a1d" relativeResultsDirectory="6aa1ab78-2f90-4d14-ab60-ae3cb9e978e4">
    </UnitTestResult>
    <UnitTestResult executionId="4c8cd366-297d-48b5-b6ed-4671a5181d62" testId="d0140d76-78ce-58b3-2274-c95b28b0ccfb" testName="As0163234" computerName="MINIAC" duration="00:00:00.0003914" startTime="2011-01-14T23:32:30.2637986+00:00" endTime="2011-01-14T23:32:30.2727991+00:00" testType="13cdc9d9-ddb5-4fa4-a97d-d965ccfc6d4b" outcome="Passed" testListId="8c84fa94-04c1-424b-9868-57a2d4851a1d" relativeResultsDirectory="4c8cd366-297d-48b5-b6ed-4671a5181d62">
    </UnitTestResult>
    <UnitTestResult executionId="bb2796cb-e412-4be9-a016-51aa716ed42b" testId="d049d90a-3dba-26cb-52eb-d9fac6863bbe" testName="ForEach78805" computerName="MINIAC" duration="00:00:00.0004068" startTime="2011-01-14T23:32:30.2767994+00:00" endTime="2011-01-14T23:32:30.2847998+00:00" testType="13cdc9d9-ddb5-4fa4-a97d-d965ccfc6d4b" outcome="Passed" testListId="8c84fa94-04c1-424b-9868-57a2d4851a1d" relativeResultsDirectory="bb2796cb-e412-4be9-a016-51aa716ed42b">
    </UnitTestResult>
    <UnitTestResult executionId="1b43c9e7-d046-4662-9114-1ad3968dca82" testId="d11783f8-e784-d3a8-e59d-63f92290584b" testName="CreateRectangle621" computerName="MINIAC" duration="00:00:00.0007885" startTime="2011-01-14T23:32:30.2878000+00:00" endTime="2011-01-14T23:32:30.2998007+00:00" testType="13cdc9d9-ddb5-4fa4-a97d-d965ccfc6d4b" outcome="Passed" testListId="8c84fa94-04c1-424b-9868-57a2d4851a1d" relativeResultsDirectory="1b43c9e7-d046-4662-9114-1ad3968dca82">
    </UnitTestResult>
    <UnitTestResult executionId="fc853e1a-2107-420f-8a3a-9c0ac1ac4d1a" testId="d1244455-073f-9dfb-7627-1dfedd276854" testName="Fill01105" computerName="MINIAC" duration="00:00:00.0003667" startTime="2011-01-14T23:32:30.3028008+00:00" endTime="2011-01-14T23:32:30.3138015+00:00" testType="13cdc9d9-ddb5-4fa4-a97d-d965ccfc6d4b" outcome="Passed" testListId="8c84fa94-04c1-424b-9868-57a2d4851a1d" relativeResultsDirectory="fc853e1a-2107-420f-8a3a-9c0ac1ac4d1a">
    </UnitTestResult>
    <UnitTestResult executionId="2491e5f2-cb26-40ba-91ab-268d9782d070" testId="d2b87ca7-13bf-5225-5027-20d84a20b6c5" testName="Bound01415" computerName="MINIAC" duration="00:00:00.0003508" startTime="2011-01-14T23:32:30.3168016+00:00" endTime="2011-01-14T23:32:30.3288023+00:00" testType="13cdc9d9-ddb5-4fa4-a97d-d965ccfc6d4b" outcome="Passed" testListId="8c84fa94-04c1-424b-9868-57a2d4851a1d" relativeResultsDirectory="2491e5f2-cb26-40ba-91ab-268d9782d070">
    </UnitTestResult>
    <UnitTestResult executionId="6a06dbce-a4ca-4e38-84d9-15f757c130cd" testId="d400fa75-dd71-d01b-c6b4-e354835a9d50" testName="Fill01688" computerName="MINIAC" duration="00:00:00.0003700" startTime="2011-01-14T23:32:30.3388029+00:00" endTime="2011-01-14T23:32:30.3493038+00:00" testType="13cdc9d9-ddb5-4fa4-a97d-d965ccfc6d4b" outcome="Passed" testListId="8c84fa94-04c1-424b-9868-57a2d4851a1d" relativeResultsDirectory="6a06dbce-a4ca-4e38-84d9-15f757c130cd">
    </UnitTestResult>
    <UnitTestResult executionId="908c7753-a117-4992-abf3-151cc6e4e764" testId="d5027f5f-1da1-2a25-97cf-1e7da6a062b5" testName="Fill0157104" computerName="MINIAC" duration="00:00:00.0004185" startTime="2011-01-14T23:32:30.3573048+00:00" endTime="2011-01-14T23:32:30.3668060+00:00" testType="13cdc9d9-ddb5-4fa4-a97d-d965ccfc6d4b" outcome="Passed" testListId="8c84fa94-04c1-424b-9868-57a2d4851a1d" relativeResultsDirectory="908c7753-a117-4992-abf3-151cc6e4e764">
    </UnitTestResult>
    <UnitTestResult executionId="e4c47c35-bede-4045-a6cd-8e04954fccb6" testId="d547ad6e-782f-a39e-e1be-9fb7bf1da3b9" testName="As01ThrowsContractException598" computerName="MINIAC" duration="00:00:00.0005631" startTime="2011-01-14T23:32:30.3998093+00:00" endTime="2011-01-14T23:32:30.4078097+00:00" testType="13cdc9d9-ddb5-4fa4-a97d-d965ccfc6d4b" outcome="Passed" testListId="8c84fa94-04c1-424b-9868-57a2d4851a1d" relativeResultsDirectory="e4c47c35-bede-4045-a6cd-8e04954fccb6">
    </UnitTestResult>
    <UnitTestResult executionId="42bf4313-cabf-4859-a5d7-b3010bf41fe1" testId="d56f2fbf-3f3e-cba1-4f8d-7b34cec35b0a" testName="As0198303" computerName="MINIAC" duration="00:00:00.0007713" startTime="2011-01-14T23:32:30.4478120+00:00" endTime="2011-01-14T23:32:30.4648130+00:00" testType="13cdc9d9-ddb5-4fa4-a97d-d965ccfc6d4b" outcome="Passed" testListId="8c84fa94-04c1-424b-9868-57a2d4851a1d" relativeResultsDirectory="42bf4313-cabf-4859-a5d7-b3010bf41fe1">
    </UnitTestResult>
    <UnitTestResult executionId="89340f8e-63d4-4462-870f-e3e646aa53bd" testId="d5c0936a-c599-0b52-ccd7-56cf32ad0c4f" testName="AsEnumerable03ThrowsContractException218" computerName="MINIAC" duration="00:00:00.0005370" startTime="2011-01-14T23:32:30.4708133+00:00" endTime="2011-01-14T23:32:30.4798140+00:00" testType="13cdc9d9-ddb5-4fa4-a97d-d965ccfc6d4b" outcome="Passed" testListId="8c84fa94-04c1-424b-9868-57a2d4851a1d" relativeResultsDirectory="89340f8e-63d4-4462-870f-e3e646aa53bd">
    </UnitTestResult>
    <UnitTestResult executionId="6e7d78a2-b3eb-4a07-9588-ba6901c3c695" testId="d654d0fa-e627-5ae5-cf4d-55765a616a3e" testName="Fill0157105" computerName="MINIAC" duration="00:00:00.0003639" startTime="2011-01-14T23:32:30.4858148+00:00" endTime="2011-01-14T23:32:30.4958161+00:00" testType="13cdc9d9-ddb5-4fa4-a97d-d965ccfc6d4b" outcome="Passed" testListId="8c84fa94-04c1-424b-9868-57a2d4851a1d" relativeResultsDirectory="6e7d78a2-b3eb-4a07-9588-ba6901c3c695">
    </UnitTestResult>
    <UnitTestResult executionId="edd640c5-57ee-4942-b631-c1149ad7d86f" testId="d75bbbff-3e3e-ac68-2b4f-48cfb14f2d0a" testName="IfNotNull17303" computerName="MINIAC" duration="00:00:00.0003714" startTime="2011-01-14T23:32:30.5008165+00:00" endTime="2011-01-14T23:32:30.5108171+00:00" testType="13cdc9d9-ddb5-4fa4-a97d-d965ccfc6d4b" outcome="Passed" testListId="8c84fa94-04c1-424b-9868-57a2d4851a1d" relativeResultsDirectory="edd640c5-57ee-4942-b631-c1149ad7d86f">
    </UnitTestResult>
    <UnitTestResult executionId="44ff3567-6219-452b-a3ec-ad68a870f9f0" testId="d8115cf2-acd6-b8cc-aa75-b519347ccd23" testName="ContainsArrayThrowsContractException828" computerName="MINIAC" duration="00:00:00.0013097" startTime="2011-01-14T23:32:30.5148173+00:00" endTime="2011-01-14T23:32:30.5258179+00:00" testType="13cdc9d9-ddb5-4fa4-a97d-d965ccfc6d4b" outcome="Passed" testListId="8c84fa94-04c1-424b-9868-57a2d4851a1d" relativeResultsDirectory="44ff3567-6219-452b-a3ec-ad68a870f9f0">
    </UnitTestResult>
    <UnitTestResult executionId="25094923-778e-4b66-a715-717fc0245717" testId="d820847a-a64d-718b-5774-4886058277c3" testName="Add29602" computerName="MINIAC" duration="00:00:00.0004586" startTime="2011-01-14T23:32:30.5288181+00:00" endTime="2011-01-14T23:32:30.5378186+00:00" testType="13cdc9d9-ddb5-4fa4-a97d-d965ccfc6d4b" outcome="Passed" testListId="8c84fa94-04c1-424b-9868-57a2d4851a1d" relativeResultsDirectory="25094923-778e-4b66-a715-717fc0245717">
    </UnitTestResult>
    <UnitTestResult executionId="987416fe-db22-4fb7-be5f-5881c82dd9fe" testId="d8af0a27-8cd9-d036-917e-00672cd2689b" testName="IfNotNull47703" computerName="MINIAC" duration="00:00:00.0003914" startTime="2011-01-14T23:32:30.5408188+00:00" endTime="2011-01-14T23:32:30.5498193+00:00" testType="13cdc9d9-ddb5-4fa4-a97d-d965ccfc6d4b" outcome="Passed" testListId="8c84fa94-04c1-424b-9868-57a2d4851a1d" relativeResultsDirectory="987416fe-db22-4fb7-be5f-5881c82dd9fe">
    </UnitTestResult>
    <UnitTestResult executionId="64d38452-9528-4078-aa52-74db942318b4" testId="d97a225a-e31a-2138-2fae-7b4109b25275" testName="As928" computerName="MINIAC" duration="00:00:00.0004666" startTime="2011-01-14T23:32:30.5528195+00:00" endTime="2011-01-14T23:32:30.5668203+00:00" testType="13cdc9d9-ddb5-4fa4-a97d-d965ccfc6d4b" outcome="Passed" testListId="8c84fa94-04c1-424b-9868-57a2d4851a1d" relativeResultsDirectory="64d38452-9528-4078-aa52-74db942318b4">
    </UnitTestResult>
    <UnitTestResult executionId="fbf0d227-9d38-40b7-89e7-3af12eb01177" testId="d982986f-d5cc-bb8f-d6d8-e2a54e2f4dd0" testName="EmptyIfNull574" computerName="MINIAC" duration="00:00:00.0003924" startTime="2011-01-14T23:32:30.5728206+00:00" endTime="2011-01-14T23:32:30.5813213+00:00" testType="13cdc9d9-ddb5-4fa4-a97d-d965ccfc6d4b" outcome="Passed" testListId="8c84fa94-04c1-424b-9868-57a2d4851a1d" relativeResultsDirectory="fbf0d227-9d38-40b7-89e7-3af12eb01177">
    </UnitTestResult>
    <UnitTestResult executionId="dc0f1f86-8b3f-4aa1-a9fd-783194b10527" testId="d9b4351c-7a62-1cab-5792-b4bc31c2d3e2" testName="As0163204" computerName="MINIAC" duration="00:00:00.0004036" startTime="2011-01-14T23:32:30.5873220+00:00" endTime="2011-01-14T23:32:30.5988235+00:00" testType="13cdc9d9-ddb5-4fa4-a97d-d965ccfc6d4b" outcome="Passed" testListId="8c84fa94-04c1-424b-9868-57a2d4851a1d" relativeResultsDirectory="dc0f1f86-8b3f-4aa1-a9fd-783194b10527">
    </UnitTestResult>
    <UnitTestResult executionId="4d573270-bace-4dc8-bcf2-ae1005d018c8" testId="db3591dc-f825-55e5-4b39-c42cda4bfcd4" testName="NextDateTime01ThrowsContractException939" computerName="MINIAC" duration="00:00:00.0009761" startTime="2011-01-14T23:32:30.6018237+00:00" endTime="2011-01-14T23:32:30.6108243+00:00" testType="13cdc9d9-ddb5-4fa4-a97d-d965ccfc6d4b" outcome="Passed" testListId="8c84fa94-04c1-424b-9868-57a2d4851a1d" relativeResultsDirectory="4d573270-bace-4dc8-bcf2-ae1005d018c8">
    </UnitTestResult>
    <UnitTestResult executionId="3e49c368-1ce7-496e-bd30-233c19d166b7" testId="db3b4c9b-bf56-f07b-1edd-3db630376de3" testName="IfNotNull47702" computerName="MINIAC" duration="00:00:00.0003947" startTime="2011-01-14T23:32:30.6148245+00:00" endTime="2011-01-14T23:32:30.6228249+00:00" testType="13cdc9d9-ddb5-4fa4-a97d-d965ccfc6d4b" outcome="Passed" testListId="8c84fa94-04c1-424b-9868-57a2d4851a1d" relativeResultsDirectory="3e49c368-1ce7-496e-bd30-233c19d166b7">
    </UnitTestResult>
    <UnitTestResult executionId="d2fc8373-a8e0-49fc-a76e-675f7f2d59b0" testId="dc08494a-5655-aecb-96fc-b52817050a2a" testName="As0163212" computerName="MINIAC" duration="00:00:00.0004180" startTime="2011-01-14T23:32:30.6258251+00:00" endTime="2011-01-14T23:32:30.6388259+00:00" testType="13cdc9d9-ddb5-4fa4-a97d-d965ccfc6d4b" outcome="Passed" testListId="8c84fa94-04c1-424b-9868-57a2d4851a1d" relativeResultsDirectory="d2fc8373-a8e0-49fc-a76e-675f7f2d59b0">
    </UnitTestResult>
    <UnitTestResult executionId="4f996e1c-37a5-4cff-859b-6a6ad425ec64" testId="dc78d455-e59d-ace7-23e4-df6c3ad29814" testName="AsEnumerableThrowsContractException497" computerName="MINIAC" duration="00:00:00.0005874" startTime="2011-01-14T23:32:30.6428261+00:00" endTime="2011-01-14T23:32:30.6518266+00:00" testType="13cdc9d9-ddb5-4fa4-a97d-d965ccfc6d4b" outcome="Passed" testListId="8c84fa94-04c1-424b-9868-57a2d4851a1d" relativeResultsDirectory="4f996e1c-37a5-4cff-859b-6a6ad425ec64">
    </UnitTestResult>
    <UnitTestResult executionId="aa1535cb-b0f5-46bc-83be-5be57d5edf7e" testId="de06015f-869e-46b8-4b51-8c7b049b2b96" testName="As0136701" computerName="MINIAC" duration="00:00:00.0005790" startTime="2011-01-14T23:32:30.6548268+00:00" endTime="2011-01-14T23:32:30.6668275+00:00" testType="13cdc9d9-ddb5-4fa4-a97d-d965ccfc6d4b" outcome="Passed" testListId="8c84fa94-04c1-424b-9868-57a2d4851a1d" relativeResultsDirectory="aa1535cb-b0f5-46bc-83be-5be57d5edf7e">
    </UnitTestResult>
    <UnitTestResult executionId="0081a8da-5db4-4e81-8d57-4f1d7fa1d37b" testId="de9d9ca9-6d6f-fece-a7ad-0d011ee5cf94" testName="As0132106" computerName="MINIAC" duration="00:00:00.0003816" startTime="2011-01-14T23:32:30.6698276+00:00" endTime="2011-01-14T23:32:30.6808283+00:00" testType="13cdc9d9-ddb5-4fa4-a97d-d965ccfc6d4b" outcome="Passed" testListId="8c84fa94-04c1-424b-9868-57a2d4851a1d" relativeResultsDirectory="0081a8da-5db4-4e81-8d57-4f1d7fa1d37b">
    </UnitTestResult>
    <UnitTestResult executionId="8de2b21f-7da0-471a-8de6-99574767ffd9" testId="dfddd698-039d-4cb7-341a-94646b1b9270" testName="As01664" computerName="MINIAC" duration="00:00:00.0008132" startTime="2011-01-14T23:32:30.6838284+00:00" endTime="2011-01-14T23:32:30.6968292+00:00" testType="13cdc9d9-ddb5-4fa4-a97d-d965ccfc6d4b" outcome="Passed" testListId="8c84fa94-04c1-424b-9868-57a2d4851a1d" relativeResultsDirectory="8de2b21f-7da0-471a-8de6-99574767ffd9">
    </UnitTestResult>
    <UnitTestResult executionId="b06e0fbf-f9d0-4626-b442-1fdaf75fdf1f" testId="e18cfbc3-f9cf-311e-f710-177b71a46e6d" testName="WithThrowsContractException374" computerName="MINIAC" duration="00:00:00.0005496" startTime="2011-01-14T23:32:30.6998293+00:00" endTime="2011-01-14T23:32:30.7108300+00:00" testType="13cdc9d9-ddb5-4fa4-a97d-d965ccfc6d4b" outcome="Passed" testListId="8c84fa94-04c1-424b-9868-57a2d4851a1d" relativeResultsDirectory="b06e0fbf-f9d0-4626-b442-1fdaf75fdf1f">
    </UnitTestResult>
    <UnitTestResult executionId="8d5c54d9-3d52-4793-8063-365dc9a8594a" testId="e197bdfc-0045-603d-fd55-1b37a447bd99" testName="As0166405" computerName="MINIAC" duration="00:00:00.0006779" startTime="2011-01-14T23:32:30.7208305+00:00" endTime="2011-01-14T23:32:30.7298311+00:00" testType="13cdc9d9-ddb5-4fa4-a97d-d965ccfc6d4b" outcome="Passed" testListId="8c84fa94-04c1-424b-9868-57a2d4851a1d" relativeResultsDirectory="8d5c54d9-3d52-4793-8063-365dc9a8594a">
    </UnitTestResult>
    <UnitTestResult executionId="16292ee2-9ec2-41db-bd61-e751b694b809" testId="e2bf1cdc-50b4-47f6-3dd7-62edeb57bce2" testName="As0163250" computerName="MINIAC" duration="00:00:00.0004045" startTime="2011-01-14T23:32:30.7338313+00:00" endTime="2011-01-14T23:32:30.7448319+00:00" testType="13cdc9d9-ddb5-4fa4-a97d-d965ccfc6d4b" outcome="Passed" testListId="8c84fa94-04c1-424b-9868-57a2d4851a1d" relativeResultsDirectory="16292ee2-9ec2-41db-bd61-e751b694b809">
    </UnitTestResult>
    <UnitTestResult executionId="cb1cdac2-2373-4002-8af5-1e22f53d8626" testId="e2cc1bd6-a2a2-cb02-4b55-fe1eccb8526b" testName="Bound171" computerName="MINIAC" duration="00:00:00.0002962" startTime="2011-01-14T23:32:30.7468320+00:00" endTime="2011-01-14T23:32:30.7598328+00:00" testType="13cdc9d9-ddb5-4fa4-a97d-d965ccfc6d4b" outcome="Passed" testListId="8c84fa94-04c1-424b-9868-57a2d4851a1d" relativeResultsDirectory="cb1cdac2-2373-4002-8af5-1e22f53d8626">
    </UnitTestResult>
    <UnitTestResult executionId="b0d82c79-89f9-4607-a5a9-476d92497f0d" testId="e2ea95fb-c5c4-8579-22e2-2d857f0fee1f" testName="NullOr714" computerName="MINIAC" duration="00:00:00.0006443" startTime="2011-01-14T23:32:30.7628330+00:00" endTime="2011-01-14T23:32:30.7748336+00:00" testType="13cdc9d9-ddb5-4fa4-a97d-d965ccfc6d4b" outcome="Passed" testListId="8c84fa94-04c1-424b-9868-57a2d4851a1d" relativeResultsDirectory="b0d82c79-89f9-4607-a5a9-476d92497f0d">
    </UnitTestResult>
    <UnitTestResult executionId="520bc0a5-13d5-48e9-a68c-d66768fde1fe" testId="e30391ee-1b3b-ee9f-b02c-b47de478c33f" testName="As0132108" computerName="MINIAC" duration="00:00:00.0003858" startTime="2011-01-14T23:32:30.7778338+00:00" endTime="2011-01-14T23:32:30.7878344+00:00" testType="13cdc9d9-ddb5-4fa4-a97d-d965ccfc6d4b" outcome="Passed" testListId="8c84fa94-04c1-424b-9868-57a2d4851a1d" relativeResultsDirectory="520bc0a5-13d5-48e9-a68c-d66768fde1fe">
    </UnitTestResult>
    <UnitTestResult executionId="9d66b460-a900-4063-b8e2-e9cef4b3b494" testId="e37183df-04ce-aa53-28d5-e792188a2202" testName="As0163220" computerName="MINIAC" duration="00:00:00.0003840" startTime="2011-01-14T23:32:30.7908346+00:00" endTime="2011-01-14T23:32:30.8028352+00:00" testType="13cdc9d9-ddb5-4fa4-a97d-d965ccfc6d4b" outcome="Passed" testListId="8c84fa94-04c1-424b-9868-57a2d4851a1d" relativeResultsDirectory="9d66b460-a900-4063-b8e2-e9cef4b3b494">
    </UnitTestResult>
    <UnitTestResult executionId="100c6b6a-66e0-4b0a-863f-507ddca27821" testId="e3e433dc-f656-51bd-faab-b6cc3200c3cc" testName="As0163206" computerName="MINIAC" duration="00:00:00.0006000" startTime="2011-01-14T23:32:30.8088356+00:00" endTime="2011-01-14T23:32:30.8178361+00:00" testType="13cdc9d9-ddb5-4fa4-a97d-d965ccfc6d4b" outcome="Passed" testListId="8c84fa94-04c1-424b-9868-57a2d4851a1d" relativeResultsDirectory="100c6b6a-66e0-4b0a-863f-507ddca27821">
    </UnitTestResult>
    <UnitTestResult executionId="725ce64c-6c81-4b34-b11a-663061b3c8be" testId="e4451568-6212-a798-2a99-bf5d281a2d5f" testName="CreateIEnumerable420" computerName="MINIAC" duration="00:00:00.0003578" startTime="2011-01-14T23:32:30.8208363+00:00" endTime="2011-01-14T23:32:30.8338370+00:00" testType="13cdc9d9-ddb5-4fa4-a97d-d965ccfc6d4b" outcome="Passed" testListId="8c84fa94-04c1-424b-9868-57a2d4851a1d" relativeResultsDirectory="725ce64c-6c81-4b34-b11a-663061b3c8be">
    </UnitTestResult>
    <UnitTestResult executionId="24cdb446-bfbb-4833-9e83-e2c15c050f2a" testId="e5750d14-09bb-ec70-127b-652a47b7dd9c" testName="As0163214" computerName="MINIAC" duration="00:00:00.0003970" startTime="2011-01-14T23:32:30.8368372+00:00" endTime="2011-01-14T23:32:30.8478378+00:00" testType="13cdc9d9-ddb5-4fa4-a97d-d965ccfc6d4b" outcome="Passed" testListId="8c84fa94-04c1-424b-9868-57a2d4851a1d" relativeResultsDirectory="24cdb446-bfbb-4833-9e83-e2c15c050f2a">
    </UnitTestResult>
    <UnitTestResult executionId="f334246d-ba07-4381-ba5f-37e7ff24f5d9" testId="e75a22b2-c563-8631-1997-baffb42f02e0" testName="AsEnumerable0314805" computerName="MINIAC" duration="00:00:00.0004894" startTime="2011-01-14T23:32:30.8518380+00:00" endTime="2011-01-14T23:32:30.8618386+00:00" testType="13cdc9d9-ddb5-4fa4-a97d-d965ccfc6d4b" outcome="Passed" testListId="8c84fa94-04c1-424b-9868-57a2d4851a1d" relativeResultsDirectory="f334246d-ba07-4381-ba5f-37e7ff24f5d9">
    </UnitTestResult>
    <UnitTestResult executionId="c60c6a5d-6e52-4bca-bc58-fbfdc4cc87e0" testId="e7744f00-f1f0-3f04-ae6a-e86613496233" testName="Add60905" computerName="MINIAC" duration="00:00:00.0004582" startTime="2011-01-14T23:32:30.8688390+00:00" endTime="2011-01-14T23:32:30.8788396+00:00" testType="13cdc9d9-ddb5-4fa4-a97d-d965ccfc6d4b" outcome="Passed" testListId="8c84fa94-04c1-424b-9868-57a2d4851a1d" relativeResultsDirectory="c60c6a5d-6e52-4bca-bc58-fbfdc4cc87e0">
    </UnitTestResult>
    <UnitTestResult executionId="f5f2e73b-d1e2-4fa8-bc96-97aaa5886e41" testId="e77c7ab7-183b-1f93-57a3-77e0403bec4c" testName="Fill0157103" computerName="MINIAC" duration="00:00:00.0003527" startTime="2011-01-14T23:32:30.8818398+00:00" endTime="2011-01-14T23:32:30.8918403+00:00" testType="13cdc9d9-ddb5-4fa4-a97d-d965ccfc6d4b" outcome="Passed" testListId="8c84fa94-04c1-424b-9868-57a2d4851a1d" relativeResultsDirectory="f5f2e73b-d1e2-4fa8-bc96-97aaa5886e41">
    </UnitTestResult>
    <UnitTestResult executionId="2eb5663f-6ed5-4184-b06e-596ea54b0fe7" testId="e80fc0c4-2914-56fc-191b-489f27774cbc" testName="As0136703" computerName="MINIAC" duration="00:00:00.0005991" startTime="2011-01-14T23:32:30.8958406+00:00" endTime="2011-01-14T23:32:30.9068412+00:00" testType="13cdc9d9-ddb5-4fa4-a97d-d965ccfc6d4b" outcome="Passed" testListId="8c84fa94-04c1-424b-9868-57a2d4851a1d" relativeResultsDirectory="2eb5663f-6ed5-4184-b06e-596ea54b0fe7">
    </UnitTestResult>
    <UnitTestResult executionId="c4ecac12-f4ca-4917-bf4e-d383da095ced" testId="e860bbd5-6ce1-07c3-fd03-d14cbeda5d8f" testName="Fill57101" computerName="MINIAC" duration="00:00:00.0002501" startTime="2011-01-14T23:32:30.9118415+00:00" endTime="2011-01-14T23:32:30.9208420+00:00" testType="13cdc9d9-ddb5-4fa4-a97d-d965ccfc6d4b" outcome="Passed" testListId="8c84fa94-04c1-424b-9868-57a2d4851a1d" relativeResultsDirectory="c4ecac12-f4ca-4917-bf4e-d383da095ced">
    </UnitTestResult>
    <UnitTestResult executionId="16e52531-04c6-4fee-900d-e9aba64973c6" testId="e89c0529-2532-190e-5936-91edd9263fb1" testName="IfNotNull0192304" computerName="MINIAC" duration="00:00:00.0003676" startTime="2011-01-14T23:32:30.9228421+00:00" endTime="2011-01-14T23:32:30.9338427+00:00" testType="13cdc9d9-ddb5-4fa4-a97d-d965ccfc6d4b" outcome="Passed" testListId="8c84fa94-04c1-424b-9868-57a2d4851a1d" relativeResultsDirectory="16e52531-04c6-4fee-900d-e9aba64973c6">
    </UnitTestResult>
    <UnitTestResult executionId="e177ff07-6e30-41a6-83f1-1c3b6c8041ec" testId="e8dd01cd-30c9-943f-8fc4-f4240bad21f1" testName="As0163253" computerName="MINIAC" duration="00:00:00.0005389" startTime="2011-01-14T23:32:30.9368429+00:00" endTime="2011-01-14T23:32:30.9488436+00:00" testType="13cdc9d9-ddb5-4fa4-a97d-d965ccfc6d4b" outcome="Passed" testListId="8c84fa94-04c1-424b-9868-57a2d4851a1d" relativeResultsDirectory="e177ff07-6e30-41a6-83f1-1c3b6c8041ec">
    </UnitTestResult>
    <UnitTestResult executionId="b63c46d2-a33f-4a75-9245-f2361c89e8f3" testId="e966bfbe-0422-eb75-f093-b800f9c629b7" testName="As0163217" computerName="MINIAC" duration="00:00:00.0003863" startTime="2011-01-14T23:32:30.9518438+00:00" endTime="2011-01-14T23:32:30.9658446+00:00" testType="13cdc9d9-ddb5-4fa4-a97d-d965ccfc6d4b" outcome="Passed" testListId="8c84fa94-04c1-424b-9868-57a2d4851a1d" relativeResultsDirectory="b63c46d2-a33f-4a75-9245-f2361c89e8f3">
    </UnitTestResult>
    <UnitTestResult executionId="6de86cd3-f51b-4f3f-8176-98f4676619b7" testId="ea12baf4-c62d-b0ca-b8ec-0dd742c09890" testName="As21501" computerName="MINIAC" duration="00:00:00.0004624" startTime="2011-01-14T23:32:30.9718449+00:00" endTime="2011-01-14T23:32:30.9838456+00:00" testType="13cdc9d9-ddb5-4fa4-a97d-d965ccfc6d4b" outcome="Passed" testListId="8c84fa94-04c1-424b-9868-57a2d4851a1d" relativeResultsDirectory="6de86cd3-f51b-4f3f-8176-98f4676619b7">
    </UnitTestResult>
    <UnitTestResult executionId="41b33387-391b-4993-a0b1-2aa124ac20ae" testId="ea8ee283-08b1-8adf-4aa4-5e76e4a476d8" testName="As0132109" computerName="MINIAC" duration="00:00:00.0004124" startTime="2011-01-14T23:32:30.9898459+00:00" endTime="2011-01-14T23:32:30.9978464+00:00" testType="13cdc9d9-ddb5-4fa4-a97d-d965ccfc6d4b" outcome="Passed" testListId="8c84fa94-04c1-424b-9868-57a2d4851a1d" relativeResultsDirectory="41b33387-391b-4993-a0b1-2aa124ac20ae">
    </UnitTestResult>
    <UnitTestResult executionId="8fcb31da-3e7b-43c4-b840-5e958fbc6c13" testId="ea9a1e87-93ad-3a52-2165-5f8c61f04d38" testName="RangeThrowsContractException95" computerName="MINIAC" duration="00:00:00.0006210" startTime="2011-01-14T23:32:31.0038467+00:00" endTime="2011-01-14T23:32:31.0138473+00:00" testType="13cdc9d9-ddb5-4fa4-a97d-d965ccfc6d4b" outcome="Passed" testListId="8c84fa94-04c1-424b-9868-57a2d4851a1d" relativeResultsDirectory="8fcb31da-3e7b-43c4-b840-5e958fbc6c13">
    </UnitTestResult>
    <UnitTestResult executionId="9af4a71c-d845-4bee-a283-0d6f65c056d9" testId="eaed8830-28b9-0d81-19c8-50909473733c" testName="As0163230" computerName="MINIAC" duration="00:00:00.0005160" startTime="2011-01-14T23:32:31.0178475+00:00" endTime="2011-01-14T23:32:31.0298482+00:00" testType="13cdc9d9-ddb5-4fa4-a97d-d965ccfc6d4b" outcome="Passed" testListId="8c84fa94-04c1-424b-9868-57a2d4851a1d" relativeResultsDirectory="9af4a71c-d845-4bee-a283-0d6f65c056d9">
    </UnitTestResult>
    <UnitTestResult executionId="99011660-3a59-4e48-a36f-79d0baa21c06" testId="ebf62956-8cad-1ea9-be23-3282e8e24cf9" testName="CollatzCount606" computerName="MINIAC" duration="00:00:00.0003014" startTime="2011-01-14T23:32:31.0318483+00:00" endTime="2011-01-14T23:32:31.0438490+00:00" testType="13cdc9d9-ddb5-4fa4-a97d-d965ccfc6d4b" outcome="Passed" testListId="8c84fa94-04c1-424b-9868-57a2d4851a1d" relativeResultsDirectory="99011660-3a59-4e48-a36f-79d0baa21c06">
    </UnitTestResult>
    <UnitTestResult executionId="c08540ce-e2c9-48e2-8403-d56a2fa7fec2" testId="ec491029-dab5-3481-ec80-f35631103905" testName="As01321" computerName="MINIAC" duration="00:00:00.0003952" startTime="2011-01-14T23:32:31.0468492+00:00" endTime="2011-01-14T23:32:31.0578498+00:00" testType="13cdc9d9-ddb5-4fa4-a97d-d965ccfc6d4b" outcome="Passed" testListId="8c84fa94-04c1-424b-9868-57a2d4851a1d" relativeResultsDirectory="c08540ce-e2c9-48e2-8403-d56a2fa7fec2">
    </UnitTestResult>
    <UnitTestResult executionId="d06602f3-d349-4524-bad8-04a8943135b4" testId="ec55615d-1e36-c752-f2bf-b20284d0ae33" testName="As0163223" computerName="MINIAC" duration="00:00:00.0003858" startTime="2011-01-14T23:32:31.0598499+00:00" endTime="2011-01-14T23:32:31.0718506+00:00" testType="13cdc9d9-ddb5-4fa4-a97d-d965ccfc6d4b" outcome="Passed" testListId="8c84fa94-04c1-424b-9868-57a2d4851a1d" relativeResultsDirectory="d06602f3-d349-4524-bad8-04a8943135b4">
    </UnitTestResult>
    <UnitTestResult executionId="75ef654a-2a38-4e58-98ea-2748cbfb34a1" testId="ec99d1a9-4b49-a94f-134c-f58d11b57222" testName="AsEnumerable56002" computerName="MINIAC" duration="00:00:00.0003928" startTime="2011-01-14T23:32:31.0758509+00:00" endTime="2011-01-14T23:32:31.0888516+00:00" testType="13cdc9d9-ddb5-4fa4-a97d-d965ccfc6d4b" outcome="Passed" testListId="8c84fa94-04c1-424b-9868-57a2d4851a1d" relativeResultsDirectory="75ef654a-2a38-4e58-98ea-2748cbfb34a1">
    </UnitTestResult>
    <UnitTestResult executionId="a02104b4-bd21-4a61-ba44-3873b4e3ae01" testId="eda1af69-c93e-56bb-5fe9-14115441188c" testName="ReadLinesFromFileThrowsContractException787" computerName="MINIAC" duration="00:00:00.0005277" startTime="2011-01-14T23:32:31.0928518+00:00" endTime="2011-01-14T23:32:31.1038525+00:00" testType="13cdc9d9-ddb5-4fa4-a97d-d965ccfc6d4b" outcome="Passed" testListId="8c84fa94-04c1-424b-9868-57a2d4851a1d" relativeResultsDirectory="a02104b4-bd21-4a61-ba44-3873b4e3ae01">
    </UnitTestResult>
    <UnitTestResult executionId="e2915fd4-6e48-4631-9c8a-bc2c33a74206" testId="ee7a26ae-f08b-c1d5-713f-d21139c592b9" testName="As0163216" computerName="MINIAC" duration="00:00:00.0004983" startTime="2011-01-14T23:32:31.1098528+00:00" endTime="2011-01-14T23:32:31.1198534+00:00" testType="13cdc9d9-ddb5-4fa4-a97d-d965ccfc6d4b" outcome="Passed" testListId="8c84fa94-04c1-424b-9868-57a2d4851a1d" relativeResultsDirectory="e2915fd4-6e48-4631-9c8a-bc2c33a74206">
    </UnitTestResult>
    <UnitTestResult executionId="56627ce1-c2a9-4bf3-bfda-d22d59fcee94" testId="eeb34c89-a7df-f580-faa2-1b58190ee5be" testName="Add29604" computerName="MINIAC" duration="00:00:00.0005235" startTime="2011-01-14T23:32:31.1248537+00:00" endTime="2011-01-14T23:32:31.1368543+00:00" testType="13cdc9d9-ddb5-4fa4-a97d-d965ccfc6d4b" outcome="Passed" testListId="8c84fa94-04c1-424b-9868-57a2d4851a1d" relativeResultsDirectory="56627ce1-c2a9-4bf3-bfda-d22d59fcee94">
    </UnitTestResult>
    <UnitTestResult executionId="19a4f620-cfc8-448d-8e2a-1cca89c07b8a" testId="ef82270c-3036-3051-f3de-27b622229225" testName="As0198305" computerName="MINIAC" duration="00:00:00.0006803" startTime="2011-01-14T23:32:31.1388545+00:00" endTime="2011-01-14T23:32:31.1508551+00:00" testType="13cdc9d9-ddb5-4fa4-a97d-d965ccfc6d4b" outcome="Passed" testListId="8c84fa94-04c1-424b-9868-57a2d4851a1d" relativeResultsDirectory="19a4f620-cfc8-448d-8e2a-1cca89c07b8a">
    </UnitTestResult>
    <UnitTestResult executionId="16403b16-17cc-4f94-9230-ad1f9c14bf70" testId="f20d04ec-6bdf-2adb-3ea0-dea4791f58d1" testName="AsEnumerable01283" computerName="MINIAC" duration="00:00:00.0004600" startTime="2011-01-14T23:32:31.1538553+00:00" endTime="2011-01-14T23:32:31.1668561+00:00" testType="13cdc9d9-ddb5-4fa4-a97d-d965ccfc6d4b" outcome="Passed" testListId="8c84fa94-04c1-424b-9868-57a2d4851a1d" relativeResultsDirectory="16403b16-17cc-4f94-9230-ad1f9c14bf70">
    </UnitTestResult>
    <UnitTestResult executionId="6e33f719-6fb1-43a6-a377-ba4e2caa067e" testId="f342f959-584b-70f7-fc12-f7e45c365653" testName="AsEnumerable0314802" computerName="MINIAC" duration="00:00:00.0005044" startTime="2011-01-14T23:32:31.1698562+00:00" endTime="2011-01-14T23:32:31.1818569+00:00" testType="13cdc9d9-ddb5-4fa4-a97d-d965ccfc6d4b" outcome="Passed" testListId="8c84fa94-04c1-424b-9868-57a2d4851a1d" relativeResultsDirectory="6e33f719-6fb1-43a6-a377-ba4e2caa067e">
    </UnitTestResult>
    <UnitTestResult executionId="7d5dca4a-9837-4fc0-a545-c73c1058e70c" testId="f379b7c1-eb43-f239-1226-f41b6efc1dcd" testName="IterThrowsContractException577" computerName="MINIAC" duration="00:00:00.0006789" startTime="2011-01-14T23:32:31.1878573+00:00" endTime="2011-01-14T23:32:31.1958577+00:00" testType="13cdc9d9-ddb5-4fa4-a97d-d965ccfc6d4b" outcome="Passed" testListId="8c84fa94-04c1-424b-9868-57a2d4851a1d" relativeResultsDirectory="7d5dca4a-9837-4fc0-a545-c73c1058e70c">
    </UnitTestResult>
    <UnitTestResult executionId="48f9c4ca-e491-4f82-b65b-0bd0ee7313a6" testId="f3c8111d-0bf8-839f-284c-12420a9a1467" testName="As0132111" computerName="MINIAC" duration="00:00:00.0003905" startTime="2011-01-14T23:32:31.1988579+00:00" endTime="2011-01-14T23:32:31.2128587+00:00" testType="13cdc9d9-ddb5-4fa4-a97d-d965ccfc6d4b" outcome="Passed" testListId="8c84fa94-04c1-424b-9868-57a2d4851a1d" relativeResultsDirectory="48f9c4ca-e491-4f82-b65b-0bd0ee7313a6">
    </UnitTestResult>
    <UnitTestResult executionId="e501c3b8-c229-407a-95dd-ac44306c734f" testId="f4332708-2d9b-652b-a920-66192f9cdfaf" testName="As0132101" computerName="MINIAC" duration="00:00:00.0003938" startTime="2011-01-14T23:32:31.2198591+00:00" endTime="2011-01-14T23:32:31.2278595+00:00" testType="13cdc9d9-ddb5-4fa4-a97d-d965ccfc6d4b" outcome="Passed" testListId="8c84fa94-04c1-424b-9868-57a2d4851a1d" relativeResultsDirectory="e501c3b8-c229-407a-95dd-ac44306c734f">
    </UnitTestResult>
    <UnitTestResult executionId="f5bce4ca-f34b-4102-b023-b70f9c4f3621" testId="f4511594-467b-74f8-7fee-b4f5edc20b84" testName="Iter96005" computerName="MINIAC" duration="00:00:00.0004988" startTime="2011-01-14T23:32:31.2388602+00:00" endTime="2011-01-14T23:32:31.2478607+00:00" testType="13cdc9d9-ddb5-4fa4-a97d-d965ccfc6d4b" outcome="Passed" testListId="8c84fa94-04c1-424b-9868-57a2d4851a1d" relativeResultsDirectory="f5bce4ca-f34b-4102-b023-b70f9c4f3621">
    </UnitTestResult>
    <UnitTestResult executionId="58c678db-9181-4ad6-84a1-ed4bd85a11ff" testId="f4a16930-7fb5-1364-b2bb-1dffeb9040de" testName="Add60903" computerName="MINIAC" duration="00:00:00.0004558" startTime="2011-01-14T23:32:31.2518609+00:00" endTime="2011-01-14T23:32:31.2618615+00:00" testType="13cdc9d9-ddb5-4fa4-a97d-d965ccfc6d4b" outcome="Passed" testListId="8c84fa94-04c1-424b-9868-57a2d4851a1d" relativeResultsDirectory="58c678db-9181-4ad6-84a1-ed4bd85a11ff">
    </UnitTestResult>
    <UnitTestResult executionId="7ba29c3d-2d2e-496f-87c3-c75935ee3130" testId="f4f76af5-0d54-7bf8-8ba4-b32803d7a374" testName="As21508" computerName="MINIAC" duration="00:00:00.0008184" startTime="2011-01-14T23:32:31.2638616+00:00" endTime="2011-01-14T23:32:31.2768624+00:00" testType="13cdc9d9-ddb5-4fa4-a97d-d965ccfc6d4b" outcome="Passed" testListId="8c84fa94-04c1-424b-9868-57a2d4851a1d" relativeResultsDirectory="7ba29c3d-2d2e-496f-87c3-c75935ee3130">
    </UnitTestResult>
    <UnitTestResult executionId="5693e9ac-be67-46fc-943f-89541bad0da6" testId="f4fcc51c-8f8e-7431-03c1-95529343e3ab" testName="As0163201" computerName="MINIAC" duration="00:00:00.0003947" startTime="2011-01-14T23:32:31.2798625+00:00" endTime="2011-01-14T23:32:31.2938633+00:00" testType="13cdc9d9-ddb5-4fa4-a97d-d965ccfc6d4b" outcome="Passed" testListId="8c84fa94-04c1-424b-9868-57a2d4851a1d" relativeResultsDirectory="5693e9ac-be67-46fc-943f-89541bad0da6">
    </UnitTestResult>
    <UnitTestResult executionId="60af3ade-727a-459a-ae88-5961f83cf920" testId="f50339b2-56a6-fab9-1b43-e437b5e0a59d" testName="As01983" computerName="MINIAC" duration="00:00:00.0010909" startTime="2011-01-14T23:32:31.2958634+00:00" endTime="2011-01-14T23:32:31.3058640+00:00" testType="13cdc9d9-ddb5-4fa4-a97d-d965ccfc6d4b" outcome="Passed" testListId="8c84fa94-04c1-424b-9868-57a2d4851a1d" relativeResultsDirectory="60af3ade-727a-459a-ae88-5961f83cf920">
    </UnitTestResult>
    <UnitTestResult executionId="2c4d5811-5442-4366-8ffd-e56165df885d" testId="f508d895-6987-1ba4-4750-b5ae512c4eca" testName="Add29605" computerName="MINIAC" duration="00:00:00.0004605" startTime="2011-01-14T23:32:31.3088642+00:00" endTime="2011-01-14T23:32:31.3218649+00:00" testType="13cdc9d9-ddb5-4fa4-a97d-d965ccfc6d4b" outcome="Passed" testListId="8c84fa94-04c1-424b-9868-57a2d4851a1d" relativeResultsDirectory="2c4d5811-5442-4366-8ffd-e56165df885d">
    </UnitTestResult>
    <UnitTestResult executionId="3e68e284-4c60-4c33-8171-200f76650783" testId="f51de229-4761-6e36-e9f5-2ae1d5b346f0" testName="ForEach90801" computerName="MINIAC" duration="00:00:00.0004918" startTime="2011-01-14T23:32:31.3258652+00:00" endTime="2011-01-14T23:32:31.3348659+00:00" testType="13cdc9d9-ddb5-4fa4-a97d-d965ccfc6d4b" outcome="Passed" testListId="8c84fa94-04c1-424b-9868-57a2d4851a1d" relativeResultsDirectory="3e68e284-4c60-4c33-8171-200f76650783">
    </UnitTestResult>
    <UnitTestResult executionId="b9a37c13-451f-4fa9-8223-5f073d338a3e" testId="f54b9d87-7e35-d661-8f30-1a09064c130c" testName="IsPortFree18" computerName="MINIAC" duration="00:00:00.0003261" startTime="2011-01-14T23:32:31.3403666+00:00" endTime="2011-01-14T23:32:31.3538682+00:00" testType="13cdc9d9-ddb5-4fa4-a97d-d965ccfc6d4b" outcome="Passed" testListId="8c84fa94-04c1-424b-9868-57a2d4851a1d" relativeResultsDirectory="b9a37c13-451f-4fa9-8223-5f073d338a3e">
    </UnitTestResult>
    <UnitTestResult executionId="23d2952e-7e9c-480f-be69-15c2c63c078a" testId="f55b9351-7cff-05be-34ae-f71cd06467b8" testName="FromEnumeratorThrowsContractException632" computerName="MINIAC" duration="00:00:00.0006350" startTime="2011-01-14T23:32:31.3598686+00:00" endTime="2011-01-14T23:32:31.3688691+00:00" testType="13cdc9d9-ddb5-4fa4-a97d-d965ccfc6d4b" outcome="Passed" testListId="8c84fa94-04c1-424b-9868-57a2d4851a1d" relativeResultsDirectory="23d2952e-7e9c-480f-be69-15c2c63c078a">
    </UnitTestResult>
    <UnitTestResult executionId="794bf32f-5408-4d30-b1c8-d7469b0a2b2d" testId="f5f02455-4aef-8763-5044-dc094bc64ba2" testName="ForEach12502" computerName="MINIAC" duration="00:00:00.0004106" startTime="2011-01-14T23:32:31.3748694+00:00" endTime="2011-01-14T23:32:31.3838699+00:00" testType="13cdc9d9-ddb5-4fa4-a97d-d965ccfc6d4b" outcome="Passed" testListId="8c84fa94-04c1-424b-9868-57a2d4851a1d" relativeResultsDirectory="794bf32f-5408-4d30-b1c8-d7469b0a2b2d">
    </UnitTestResult>
    <UnitTestResult executionId="8d0adeb2-4861-4b65-87ec-16035a9fa917" testId="f66902ae-2eb8-36de-bdb4-af24338ae682" testName="TakeEveryThrowsContractException597" computerName="MINIAC" duration="00:00:00.0005981" startTime="2011-01-14T23:32:31.3868701+00:00" endTime="2011-01-14T23:32:31.3988708+00:00" testType="13cdc9d9-ddb5-4fa4-a97d-d965ccfc6d4b" outcome="Passed" testListId="8c84fa94-04c1-424b-9868-57a2d4851a1d" relativeResultsDirectory="8d0adeb2-4861-4b65-87ec-16035a9fa917">
    </UnitTestResult>
    <UnitTestResult executionId="0f815e79-f6fc-494a-a77d-dec1b2170f89" testId="f685a220-cae8-50b0-d543-46e310017a33" testName="As01632" computerName="MINIAC" duration="00:00:00.0003872" startTime="2011-01-14T23:32:31.4018710+00:00" endTime="2011-01-14T23:32:31.4128716+00:00" testType="13cdc9d9-ddb5-4fa4-a97d-d965ccfc6d4b" outcome="Passed" testListId="8c84fa94-04c1-424b-9868-57a2d4851a1d" relativeResultsDirectory="0f815e79-f6fc-494a-a77d-dec1b2170f89">
    </UnitTestResult>
    <UnitTestResult executionId="165ddbda-6fa1-436c-9552-0346835c1f39" testId="f791b1fc-7ecf-06ad-9b72-838a0f1da804" testName="As0136702" computerName="MINIAC" duration="00:00:00.0005893" startTime="2011-01-14T23:32:31.4158718+00:00" endTime="2011-01-14T23:32:31.4268724+00:00" testType="13cdc9d9-ddb5-4fa4-a97d-d965ccfc6d4b" outcome="Passed" testListId="8c84fa94-04c1-424b-9868-57a2d4851a1d" relativeResultsDirectory="165ddbda-6fa1-436c-9552-0346835c1f39">
    </UnitTestResult>
    <UnitTestResult executionId="cefb58f8-d69d-4ef5-ade1-9d65bee481df" testId="f96aeaaa-982a-50fe-9819-4fadbbdc5555" testName="IfNotNull0159701" computerName="MINIAC" duration="00:00:00.0003359" startTime="2011-01-14T23:32:31.4298726+00:00" endTime="2011-01-14T23:32:31.4408732+00:00" testType="13cdc9d9-ddb5-4fa4-a97d-d965ccfc6d4b" outcome="Passed" testListId="8c84fa94-04c1-424b-9868-57a2d4851a1d" relativeResultsDirectory="cefb58f8-d69d-4ef5-ade1-9d65bee481df">
    </UnitTestResult>
    <UnitTestResult executionId="a4e93235-d706-41d5-a1f1-b7a4f3473b79" testId="fa1989e4-dedf-2eca-f2e1-6a1893f9bfd6" testName="Add60906" computerName="MINIAC" duration="00:00:00.0004694" startTime="2011-01-14T23:32:31.4438734+00:00" endTime="2011-01-14T23:32:31.4558741+00:00" testType="13cdc9d9-ddb5-4fa4-a97d-d965ccfc6d4b" outcome="Passed" testListId="8c84fa94-04c1-424b-9868-57a2d4851a1d" relativeResultsDirectory="a4e93235-d706-41d5-a1f1-b7a4f3473b79">
    </UnitTestResult>
    <UnitTestResult executionId="59e731f7-7f80-4cb4-bd69-c4fcc903383e" testId="fa540630-b33a-7141-4c49-c4e59268577a" testName="CountGet1901" computerName="MINIAC" duration="00:00:00.0011081" startTime="2011-01-14T23:32:31.4578742+00:00" endTime="2011-01-14T23:32:31.4698749+00:00" testType="13cdc9d9-ddb5-4fa4-a97d-d965ccfc6d4b" outcome="Passed" testListId="8c84fa94-04c1-424b-9868-57a2d4851a1d" relativeResultsDirectory="59e731f7-7f80-4cb4-bd69-c4fcc903383e">
    </UnitTestResult>
    <UnitTestResult executionId="08301213-05f2-4d4c-8272-dd56ed620272" testId="fbd930ae-612e-63f9-7d85-96b5097af772" testName="ThrowTest" computerName="MINIAC" duration="00:00:00.0022658" startTime="2011-01-14T23:32:31.4728750+00:00" endTime="2011-01-14T23:32:31.4848757+00:00" testType="13cdc9d9-ddb5-4fa4-a97d-d965ccfc6d4b" outcome="Passed" testListId="8c84fa94-04c1-424b-9868-57a2d4851a1d" relativeResultsDirectory="08301213-05f2-4d4c-8272-dd56ed620272">
    </UnitTestResult>
    <UnitTestResult executionId="f7b7cf14-c228-4cf1-ad4d-98a48713fd27" testId="fc92c33d-a24e-4715-be4e-9ee45be3958a" testName="IfNotNull477" computerName="MINIAC" duration="00:00:00.0003980" startTime="2011-01-14T23:32:31.4868758+00:00" endTime="2011-01-14T23:32:31.5028767+00:00" testType="13cdc9d9-ddb5-4fa4-a97d-d965ccfc6d4b" outcome="Passed" testListId="8c84fa94-04c1-424b-9868-57a2d4851a1d" relativeResultsDirectory="f7b7cf14-c228-4cf1-ad4d-98a48713fd27">
    </UnitTestResult>
    <UnitTestResult executionId="d9c99858-1fe9-4577-aa8e-4f2071a8f90b" testId="fd09b993-a9b4-e74b-ac25-fcabec687112" testName="Execute93301" computerName="MINIAC" duration="00:00:00.0002874" startTime="2011-01-14T23:32:31.5058769+00:00" endTime="2011-01-14T23:32:31.5198777+00:00" testType="13cdc9d9-ddb5-4fa4-a97d-d965ccfc6d4b" outcome="Passed" testListId="8c84fa94-04c1-424b-9868-57a2d4851a1d" relativeResultsDirectory="d9c99858-1fe9-4577-aa8e-4f2071a8f90b">
    </UnitTestResult>
    <UnitTestResult executionId="03c36230-a604-47e9-ba92-78f15bfd8cf2" testId="fd8b4436-5b05-e5cd-4153-53edada97a9b" testName="As01405" computerName="MINIAC" duration="00:00:00.0005673" startTime="2011-01-14T23:32:31.5218778+00:00" endTime="2011-01-14T23:32:31.5338785+00:00" testType="13cdc9d9-ddb5-4fa4-a97d-d965ccfc6d4b" outcome="Passed" testListId="8c84fa94-04c1-424b-9868-57a2d4851a1d" relativeResultsDirectory="03c36230-a604-47e9-ba92-78f15bfd8cf2">
    </UnitTestResult>
    <UnitTestResult executionId="f260c959-d3ad-4fbe-8d10-0c652fd6b9b2" testId="fdc59520-9564-0684-d4f9-2091f576f931" testName="NullOr71403" computerName="MINIAC" duration="00:00:00.0004708" startTime="2011-01-14T23:32:31.5358786+00:00" endTime="2011-01-14T23:32:31.5508795+00:00" testType="13cdc9d9-ddb5-4fa4-a97d-d965ccfc6d4b" outcome="Passed" testListId="8c84fa94-04c1-424b-9868-57a2d4851a1d" relativeResultsDirectory="f260c959-d3ad-4fbe-8d10-0c652fd6b9b2">
    </UnitTestResult>
    <UnitTestResult executionId="6ab7ef11-22a9-43a0-bc88-61c0c9898875" testId="fdc6582f-0eab-5f36-d160-7547a6de5dbb" testName="IfNotNull17301" computerName="MINIAC" duration="00:00:00.0003536" startTime="2011-01-14T23:32:31.5528796+00:00" endTime="2011-01-14T23:32:31.5648803+00:00" testType="13cdc9d9-ddb5-4fa4-a97d-d965ccfc6d4b" outcome="Passed" testListId="8c84fa94-04c1-424b-9868-57a2d4851a1d" relativeResultsDirectory="6ab7ef11-22a9-43a0-bc88-61c0c9898875">
    </UnitTestResult>
    <UnitTestResult executionId="f368cf77-45e4-4d4a-a43b-3341198686b6" testId="febe8afb-7bc1-3f13-831b-73b163a8c327" testName="As0132105" computerName="MINIAC" duration="00:00:00.0004082" startTime="2011-01-14T23:32:31.5698806+00:00" endTime="2011-01-14T23:32:31.5808812+00:00" testType="13cdc9d9-ddb5-4fa4-a97d-d965ccfc6d4b" outcome="Passed" testListId="8c84fa94-04c1-424b-9868-57a2d4851a1d" relativeResultsDirectory="f368cf77-45e4-4d4a-a43b-3341198686b6">
    </UnitTestResult>
  </Results>
</TestRun>