<?xml version="1.0" encoding="UTF-8"?>
<TestRun id="fe28054d-ad9d-4d8c-a32c-eaaf75cc9039" name="SuprDewd@EDSAC 2010-12-04 13:11:25" runUser="EDSAC\SuprDewd" xmlns="http://microsoft.com/schemas/VisualStudio/TeamTest/2010">
  <TestSettings name="Local" id="4c59a5fa-d837-49f8-8b62-15cf0be0742f">
    <Description>These are default test settings for a local test run.</Description>
    <Deployment userDeploymentRoot="C:\Users\SuprDewd\Desktop\Projects\Forritun\SharpBag\TestResults" useDefaultDeploymentRoot="false" enabled="false" runDeploymentRoot="SuprDewd_EDSAC 2010-12-04 13_11_25">
      <DeploymentItem filename="C:\Users\SuprDewd\Desktop\Projects\Forritun\SharpBag\SharpBag.Tests01\MolesAssemblies\SharpBag.Moles.dll" />
      <DeploymentItem filename="C:\Users\SuprDewd\Desktop\Projects\Forritun\SharpBag\SharpBag\bin\Release\SharpBag.dll" />
    </Deployment>
    <Execution>
      <TestTypeSpecific />
      <AgentRule name="Execution Agents">
      </AgentRule>
    </Execution>
  </TestSettings>
  <Times creation="2010-12-04T13:11:25.6107706+00:00" queuing="2010-12-04T13:11:28.9799634+00:00" start="2010-12-04T13:11:29.4189885+00:00" finish="2010-12-04T13:11:50.9922224+00:00" />
  <ResultSummary outcome="Error">
    <Counters total="4" executed="1" error="0" failed="0" timeout="0" aborted="1" inconclusive="0" passedButRunAborted="0" notRunnable="0" notExecuted="3" disconnected="0" warning="0" passed="0" completed="0" inProgress="0" pending="0" />
    <RunInfos>
      <RunInfo computerName="EDSAC" outcome="Error" timestamp="2010-12-04T13:11:50.9862220+00:00">
        <Text>Test host process exited unexpectedly.</Text>
      </RunInfo>
    </RunInfos>
  </ResultSummary>
  <TestDefinitions>
    <UnitTest name="GetByPercentThrowsIndexOutOfRangeException858" storage="c:\users\suprdewd\desktop\projects\forritun\sharpbag\sharpbag.tests01\bin\release\sharpbag.tests.dll" id="16bc510b-963f-30e5-6517-13389edd4fdc">
      <Execution id="bcb3b585-72b7-4a93-92eb-e605ae61fb19" />
      <TestMethod codeBase="C:/Users/SuprDewd/Desktop/Projects/Forritun/SharpBag/SharpBag.Tests01/bin/Release/SharpBag.Tests.DLL" adapterTypeName="Microsoft.VisualStudio.TestTools.TestTypes.Unit.UnitTestAdapter, Microsoft.VisualStudio.QualityTools.Tips.UnitTest.Adapter, Version=10.0.0.0, Culture=neutral, PublicKeyToken=b03f5f7f11d50a3a" className="SharpBag.ExtensionsTest, SharpBag.Tests, Version=0.0.0.0, Culture=neutral, PublicKeyToken=null" name="GetByPercentThrowsIndexOutOfRangeException858" />
    </UnitTest>
    <UnitTest name="RandomThrowsContractException503" storage="c:\users\suprdewd\desktop\projects\forritun\sharpbag\sharpbag.tests01\bin\release\sharpbag.tests.dll" id="cda388d5-457a-465e-ba14-ce9de40a3bb3">
      <Execution id="edfdf45f-00e2-4682-9230-4ee8dff55a74" />
      <TestMethod codeBase="C:/Users/SuprDewd/Desktop/Projects/Forritun/SharpBag/SharpBag.Tests01/bin/Release/SharpBag.Tests.DLL" adapterTypeName="Microsoft.VisualStudio.TestTools.TestTypes.Unit.UnitTestAdapter, Microsoft.VisualStudio.QualityTools.Tips.UnitTest.Adapter, Version=10.0.0.0, Culture=neutral, PublicKeyToken=b03f5f7f11d50a3a" className="SharpBag.ExtensionsTest, SharpBag.Tests, Version=0.0.0.0, Culture=neutral, PublicKeyToken=null" name="RandomThrowsContractException503" />
    </UnitTest>
    <UnitTest name="SubarrayThrowsIndexOutOfRangeException719" storage="c:\users\suprdewd\desktop\projects\forritun\sharpbag\sharpbag.tests01\bin\release\sharpbag.tests.dll" id="805ce682-089b-aeb5-3890-6340750c38cb">
      <Execution id="ec7bc14e-5d79-4a33-a07c-73d4138e8c69" />
      <TestMethod codeBase="C:/Users/SuprDewd/Desktop/Projects/Forritun/SharpBag/SharpBag.Tests01/bin/Release/SharpBag.Tests.DLL" adapterTypeName="Microsoft.VisualStudio.TestTools.TestTypes.Unit.UnitTestAdapter, Microsoft.VisualStudio.QualityTools.Tips.UnitTest.Adapter, Version=10.0.0.0, Culture=neutral, PublicKeyToken=b03f5f7f11d50a3a" className="SharpBag.ExtensionsTest, SharpBag.Tests, Version=0.0.0.0, Culture=neutral, PublicKeyToken=null" name="SubarrayThrowsIndexOutOfRangeException719" />
    </UnitTest>
    <UnitTest name="SubarrayThrowsIndexOutOfRangeException237" storage="c:\users\suprdewd\desktop\projects\forritun\sharpbag\sharpbag.tests01\bin\release\sharpbag.tests.dll" id="594704dd-0a86-b16d-988c-f53dd3e4a947">
      <Execution id="56717a85-6256-472b-ba51-bbbe972e6f2a" />
      <TestMethod codeBase="C:/Users/SuprDewd/Desktop/Projects/Forritun/SharpBag/SharpBag.Tests01/bin/Release/SharpBag.Tests.DLL" adapterTypeName="Microsoft.VisualStudio.TestTools.TestTypes.Unit.UnitTestAdapter, Microsoft.VisualStudio.QualityTools.Tips.UnitTest.Adapter, Version=10.0.0.0, Culture=neutral, PublicKeyToken=b03f5f7f11d50a3a" className="SharpBag.ExtensionsTest, SharpBag.Tests, Version=0.0.0.0, Culture=neutral, PublicKeyToken=null" name="SubarrayThrowsIndexOutOfRangeException237" />
    </UnitTest>
  </TestDefinitions>
  <TestLists>
    <TestList name="Results Not in a List" id="8c84fa94-04c1-424b-9868-57a2d4851a1d" />
    <TestList name="All Loaded Results" id="19431567-8539-422a-85d7-44ee4e166bda" />
  </TestLists>
  <TestEntries>
    <TestEntry testId="16bc510b-963f-30e5-6517-13389edd4fdc" executionId="bcb3b585-72b7-4a93-92eb-e605ae61fb19" testListId="8c84fa94-04c1-424b-9868-57a2d4851a1d" />
    <TestEntry testId="cda388d5-457a-465e-ba14-ce9de40a3bb3" executionId="edfdf45f-00e2-4682-9230-4ee8dff55a74" testListId="8c84fa94-04c1-424b-9868-57a2d4851a1d" />
    <TestEntry testId="805ce682-089b-aeb5-3890-6340750c38cb" executionId="ec7bc14e-5d79-4a33-a07c-73d4138e8c69" testListId="8c84fa94-04c1-424b-9868-57a2d4851a1d" />
    <TestEntry testId="594704dd-0a86-b16d-988c-f53dd3e4a947" executionId="56717a85-6256-472b-ba51-bbbe972e6f2a" testListId="8c84fa94-04c1-424b-9868-57a2d4851a1d" />
  </TestEntries>
  <Results>
    <UnitTestResult executionId="bcb3b585-72b7-4a93-92eb-e605ae61fb19" testId="16bc510b-963f-30e5-6517-13389edd4fdc" testName="GetByPercentThrowsIndexOutOfRangeException858" computerName="EDSAC" duration="00:00:21.2412149" startTime="2010-12-04T13:11:29.7500074+00:00" endTime="2010-12-04T13:11:50.9912223+00:00" testType="13cdc9d9-ddb5-4fa4-a97d-d965ccfc6d4b" outcome="Aborted" testListId="8c84fa94-04c1-424b-9868-57a2d4851a1d" relativeResultsDirectory="bcb3b585-72b7-4a93-92eb-e605ae61fb19">
    </UnitTestResult>
    <UnitTestResult executionId="edfdf45f-00e2-4682-9230-4ee8dff55a74" testId="cda388d5-457a-465e-ba14-ce9de40a3bb3" testName="RandomThrowsContractException503" computerName="EDSAC" testType="13cdc9d9-ddb5-4fa4-a97d-d965ccfc6d4b" outcome="NotExecuted" testListId="8c84fa94-04c1-424b-9868-57a2d4851a1d" relativeResultsDirectory="edfdf45f-00e2-4682-9230-4ee8dff55a74">
    </UnitTestResult>
    <UnitTestResult executionId="ec7bc14e-5d79-4a33-a07c-73d4138e8c69" testId="805ce682-089b-aeb5-3890-6340750c38cb" testName="SubarrayThrowsIndexOutOfRangeException719" computerName="EDSAC" testType="13cdc9d9-ddb5-4fa4-a97d-d965ccfc6d4b" outcome="NotExecuted" testListId="8c84fa94-04c1-424b-9868-57a2d4851a1d" relativeResultsDirectory="ec7bc14e-5d79-4a33-a07c-73d4138e8c69">
    </UnitTestResult>
    <UnitTestResult executionId="56717a85-6256-472b-ba51-bbbe972e6f2a" testId="594704dd-0a86-b16d-988c-f53dd3e4a947" testName="SubarrayThrowsIndexOutOfRangeException237" computerName="EDSAC" testType="13cdc9d9-ddb5-4fa4-a97d-d965ccfc6d4b" outcome="NotExecuted" testListId="8c84fa94-04c1-424b-9868-57a2d4851a1d" relativeResultsDirectory="56717a85-6256-472b-ba51-bbbe972e6f2a">
    </UnitTestResult>
  </Results>
</TestRun>