<?xml version="1.0" encoding="UTF-8"?>
<TestRun id="2ef6a8d4-e281-4188-8031-98e6b579f512" name="SuprDewd@EDSAC 2010-12-04 13:10:53" runUser="EDSAC\SuprDewd" xmlns="http://microsoft.com/schemas/VisualStudio/TeamTest/2010">
  <TestSettings name="Local" id="4c59a5fa-d837-49f8-8b62-15cf0be0742f">
    <Description>These are default test settings for a local test run.</Description>
    <Deployment userDeploymentRoot="C:\Users\SuprDewd\Desktop\Projects\Forritun\SharpBag\TestResults" useDefaultDeploymentRoot="false" enabled="false" runDeploymentRoot="SuprDewd_EDSAC 2010-12-04 13_10_53">
      <DeploymentItem filename="C:\Users\SuprDewd\Desktop\Projects\Forritun\SharpBag\SharpBag.Tests01\MolesAssemblies\SharpBag.Moles.dll" />
      <DeploymentItem filename="C:\Users\SuprDewd\Desktop\Projects\Forritun\SharpBag\SharpBag\bin\Release\SharpBag.dll" />
    </Deployment>
    <Execution>
      <TestTypeSpecific />
      <AgentRule name="Execution Agents">
      </AgentRule>
    </Execution>
  </TestSettings>
  <Times creation="2010-12-04T13:10:53.5459366+00:00" queuing="2010-12-04T13:10:57.3681553+00:00" start="2010-12-04T13:10:57.5111634+00:00" finish="2010-12-04T13:11:11.1929460+00:00" />
  <ResultSummary outcome="Error">
    <Counters total="4" executed="1" error="0" failed="0" timeout="0" aborted="1" inconclusive="0" passedButRunAborted="0" notRunnable="0" notExecuted="3" disconnected="0" warning="0" passed="0" completed="0" inProgress="0" pending="0" />
    <RunInfos>
      <RunInfo computerName="EDSAC" outcome="Error" timestamp="2010-12-04T13:11:11.1869457+00:00">
        <Text>Test host process exited unexpectedly.</Text>
      </RunInfo>
    </RunInfos>
  </ResultSummary>
  <TestDefinitions>
    <UnitTest name="RandomThrowsContractException503" storage="c:\users\suprdewd\desktop\projects\forritun\sharpbag\sharpbag.tests01\bin\release\sharpbag.tests.dll" id="cda388d5-457a-465e-ba14-ce9de40a3bb3">
      <Execution id="9c2b17b3-c462-4664-9bed-e7e78d07aa1e" />
      <TestMethod codeBase="C:/Users/SuprDewd/Desktop/Projects/Forritun/SharpBag/SharpBag.Tests01/bin/Release/SharpBag.Tests.DLL" adapterTypeName="Microsoft.VisualStudio.TestTools.TestTypes.Unit.UnitTestAdapter, Microsoft.VisualStudio.QualityTools.Tips.UnitTest.Adapter, Version=10.0.0.0, Culture=neutral, PublicKeyToken=b03f5f7f11d50a3a" className="SharpBag.ExtensionsTest, SharpBag.Tests, Version=0.0.0.0, Culture=neutral, PublicKeyToken=null" name="RandomThrowsContractException503" />
    </UnitTest>
    <UnitTest name="GetByPercentThrowsIndexOutOfRangeException858" storage="c:\users\suprdewd\desktop\projects\forritun\sharpbag\sharpbag.tests01\bin\release\sharpbag.tests.dll" id="16bc510b-963f-30e5-6517-13389edd4fdc">
      <Execution id="be625d9f-3ee2-454f-823d-18adbed9a9cc" />
      <TestMethod codeBase="C:/Users/SuprDewd/Desktop/Projects/Forritun/SharpBag/SharpBag.Tests01/bin/Release/SharpBag.Tests.DLL" adapterTypeName="Microsoft.VisualStudio.TestTools.TestTypes.Unit.UnitTestAdapter, Microsoft.VisualStudio.QualityTools.Tips.UnitTest.Adapter, Version=10.0.0.0, Culture=neutral, PublicKeyToken=b03f5f7f11d50a3a" className="SharpBag.ExtensionsTest, SharpBag.Tests, Version=0.0.0.0, Culture=neutral, PublicKeyToken=null" name="GetByPercentThrowsIndexOutOfRangeException858" />
    </UnitTest>
    <UnitTest name="SubarrayThrowsIndexOutOfRangeException719" storage="c:\users\suprdewd\desktop\projects\forritun\sharpbag\sharpbag.tests01\bin\release\sharpbag.tests.dll" id="805ce682-089b-aeb5-3890-6340750c38cb">
      <Execution id="4423d599-2a12-4aae-8dff-36e41b2245fd" />
      <TestMethod codeBase="C:/Users/SuprDewd/Desktop/Projects/Forritun/SharpBag/SharpBag.Tests01/bin/Release/SharpBag.Tests.DLL" adapterTypeName="Microsoft.VisualStudio.TestTools.TestTypes.Unit.UnitTestAdapter, Microsoft.VisualStudio.QualityTools.Tips.UnitTest.Adapter, Version=10.0.0.0, Culture=neutral, PublicKeyToken=b03f5f7f11d50a3a" className="SharpBag.ExtensionsTest, SharpBag.Tests, Version=0.0.0.0, Culture=neutral, PublicKeyToken=null" name="SubarrayThrowsIndexOutOfRangeException719" />
    </UnitTest>
    <UnitTest name="SubarrayThrowsIndexOutOfRangeException237" storage="c:\users\suprdewd\desktop\projects\forritun\sharpbag\sharpbag.tests01\bin\release\sharpbag.tests.dll" id="594704dd-0a86-b16d-988c-f53dd3e4a947">
      <Execution id="3b39541f-bafa-4b6f-9411-18ec5d3ef503" />
      <TestMethod codeBase="C:/Users/SuprDewd/Desktop/Projects/Forritun/SharpBag/SharpBag.Tests01/bin/Release/SharpBag.Tests.DLL" adapterTypeName="Microsoft.VisualStudio.TestTools.TestTypes.Unit.UnitTestAdapter, Microsoft.VisualStudio.QualityTools.Tips.UnitTest.Adapter, Version=10.0.0.0, Culture=neutral, PublicKeyToken=b03f5f7f11d50a3a" className="SharpBag.ExtensionsTest, SharpBag.Tests, Version=0.0.0.0, Culture=neutral, PublicKeyToken=null" name="SubarrayThrowsIndexOutOfRangeException237" />
    </UnitTest>
  </TestDefinitions>
  <TestLists>
    <TestList name="Results Not in a List" id="8c84fa94-04c1-424b-9868-57a2d4851a1d" />
    <TestList name="All Loaded Results" id="19431567-8539-422a-85d7-44ee4e166bda" />
  </TestLists>
  <TestEntries>
    <TestEntry testId="cda388d5-457a-465e-ba14-ce9de40a3bb3" executionId="9c2b17b3-c462-4664-9bed-e7e78d07aa1e" testListId="8c84fa94-04c1-424b-9868-57a2d4851a1d" />
    <TestEntry testId="16bc510b-963f-30e5-6517-13389edd4fdc" executionId="be625d9f-3ee2-454f-823d-18adbed9a9cc" testListId="8c84fa94-04c1-424b-9868-57a2d4851a1d" />
    <TestEntry testId="805ce682-089b-aeb5-3890-6340750c38cb" executionId="4423d599-2a12-4aae-8dff-36e41b2245fd" testListId="8c84fa94-04c1-424b-9868-57a2d4851a1d" />
    <TestEntry testId="594704dd-0a86-b16d-988c-f53dd3e4a947" executionId="3b39541f-bafa-4b6f-9411-18ec5d3ef503" testListId="8c84fa94-04c1-424b-9868-57a2d4851a1d" />
  </TestEntries>
  <Results>
    <UnitTestResult executionId="9c2b17b3-c462-4664-9bed-e7e78d07aa1e" testId="cda388d5-457a-465e-ba14-ce9de40a3bb3" testName="RandomThrowsContractException503" computerName="EDSAC" duration="00:00:13.5557754" startTime="2010-12-04T13:10:57.6351705+00:00" endTime="2010-12-04T13:11:11.1909459+00:00" testType="13cdc9d9-ddb5-4fa4-a97d-d965ccfc6d4b" outcome="Aborted" testListId="8c84fa94-04c1-424b-9868-57a2d4851a1d" relativeResultsDirectory="9c2b17b3-c462-4664-9bed-e7e78d07aa1e">
    </UnitTestResult>
    <UnitTestResult executionId="be625d9f-3ee2-454f-823d-18adbed9a9cc" testId="16bc510b-963f-30e5-6517-13389edd4fdc" testName="GetByPercentThrowsIndexOutOfRangeException858" computerName="EDSAC" testType="13cdc9d9-ddb5-4fa4-a97d-d965ccfc6d4b" outcome="NotExecuted" testListId="8c84fa94-04c1-424b-9868-57a2d4851a1d" relativeResultsDirectory="be625d9f-3ee2-454f-823d-18adbed9a9cc">
    </UnitTestResult>
    <UnitTestResult executionId="4423d599-2a12-4aae-8dff-36e41b2245fd" testId="805ce682-089b-aeb5-3890-6340750c38cb" testName="SubarrayThrowsIndexOutOfRangeException719" computerName="EDSAC" testType="13cdc9d9-ddb5-4fa4-a97d-d965ccfc6d4b" outcome="NotExecuted" testListId="8c84fa94-04c1-424b-9868-57a2d4851a1d" relativeResultsDirectory="4423d599-2a12-4aae-8dff-36e41b2245fd">
    </UnitTestResult>
    <UnitTestResult executionId="3b39541f-bafa-4b6f-9411-18ec5d3ef503" testId="594704dd-0a86-b16d-988c-f53dd3e4a947" testName="SubarrayThrowsIndexOutOfRangeException237" computerName="EDSAC" testType="13cdc9d9-ddb5-4fa4-a97d-d965ccfc6d4b" outcome="NotExecuted" testListId="8c84fa94-04c1-424b-9868-57a2d4851a1d" relativeResultsDirectory="3b39541f-bafa-4b6f-9411-18ec5d3ef503">
    </UnitTestResult>
  </Results>
</TestRun>