<?xml version="1.0" encoding="UTF-8"?>
<TestRun id="4899dac9-1509-4848-8fa6-fa6482196a52" name="SuprDewd@EDSAC 2010-12-04 01:52:02" runUser="EDSAC\SuprDewd" xmlns="http://microsoft.com/schemas/VisualStudio/TeamTest/2010">
  <TestSettings name="Local" id="4c59a5fa-d837-49f8-8b62-15cf0be0742f">
    <Description>These are default test settings for a local test run.</Description>
    <Deployment enabled="false" runDeploymentRoot="SuprDewd_EDSAC 2010-12-04 01_52_02">
      <DeploymentItem filename="C:\Users\SuprDewd\Desktop\Projects\Forritun\SharpBag\SharpBag.Tests01\MolesAssemblies\SharpBag.Moles.dll" />
      <DeploymentItem filename="C:\Users\SuprDewd\Desktop\Projects\Forritun\SharpBag\SharpBag\bin\Release\SharpBag.dll" />
    </Deployment>
    <Execution>
      <TestTypeSpecific />
      <AgentRule name="Execution Agents">
      </AgentRule>
    </Execution>
  </TestSettings>
  <Times creation="2010-12-04T01:52:02.2405882+00:00" queuing="2010-12-04T01:52:05.7567893+00:00" start="2010-12-04T01:52:06.1148098+00:00" finish="2010-12-04T01:52:11.6661273+00:00" />
  <ResultSummary outcome="Failed">
    <Counters total="153" executed="153" passed="148" error="0" failed="5" timeout="0" aborted="0" inconclusive="0" passedButRunAborted="0" notRunnable="0" notExecuted="0" disconnected="0" warning="0" completed="0" inProgress="0" pending="0" />
  </ResultSummary>
  <TestDefinitions>
    <UnitTest name="Fill105" storage="c:\users\suprdewd\desktop\projects\forritun\sharpbag\sharpbag.tests01\bin\release\sharpbag.tests.dll" id="a51caca7-6a0e-8bea-fb89-3104ddb0e38a">
      <Execution id="c869c239-f6c6-451a-ab17-5b230a595923" />
      <TestMethod codeBase="C:/Users/SuprDewd/Desktop/Projects/Forritun/SharpBag/SharpBag.Tests01/bin/Release/SharpBag.Tests.DLL" adapterTypeName="Microsoft.VisualStudio.TestTools.TestTypes.Unit.UnitTestAdapter, Microsoft.VisualStudio.QualityTools.Tips.UnitTest.Adapter, Version=10.0.0.0, Culture=neutral, PublicKeyToken=b03f5f7f11d50a3a" className="SharpBag.ExtensionsTest, SharpBag.Tests, Version=0.0.0.0, Culture=neutral, PublicKeyToken=null" name="Fill105" />
    </UnitTest>
    <UnitTest name="RangeThrowsContractException485" storage="c:\users\suprdewd\desktop\projects\forritun\sharpbag\sharpbag.tests01\bin\release\sharpbag.tests.dll" id="c8c2cfdd-b8a6-a87d-8c47-5082bca773be">
      <Execution id="22a79d96-8bc5-4bde-9c9c-88f3a048efe1" />
      <TestMethod codeBase="C:/Users/SuprDewd/Desktop/Projects/Forritun/SharpBag/SharpBag.Tests01/bin/Release/SharpBag.Tests.DLL" adapterTypeName="Microsoft.VisualStudio.TestTools.TestTypes.Unit.UnitTestAdapter, Microsoft.VisualStudio.QualityTools.Tips.UnitTest.Adapter, Version=10.0.0.0, Culture=neutral, PublicKeyToken=b03f5f7f11d50a3a" className="SharpBag.ExtensionsTest, SharpBag.Tests, Version=0.0.0.0, Culture=neutral, PublicKeyToken=null" name="RangeThrowsContractException485" />
    </UnitTest>
    <UnitTest name="NullOr714" storage="c:\users\suprdewd\desktop\projects\forritun\sharpbag\sharpbag.tests01\bin\release\sharpbag.tests.dll" id="e2ea95fb-c5c4-8579-22e2-2d857f0fee1f">
      <Execution id="2f62ca76-2736-41e3-8129-4eb3ea635c65" />
      <TestMethod codeBase="C:/Users/SuprDewd/Desktop/Projects/Forritun/SharpBag/SharpBag.Tests01/bin/Release/SharpBag.Tests.DLL" adapterTypeName="Microsoft.VisualStudio.TestTools.TestTypes.Unit.UnitTestAdapter, Microsoft.VisualStudio.QualityTools.Tips.UnitTest.Adapter, Version=10.0.0.0, Culture=neutral, PublicKeyToken=b03f5f7f11d50a3a" className="SharpBag.ExtensionsTest, SharpBag.Tests, Version=0.0.0.0, Culture=neutral, PublicKeyToken=null" name="NullOr714" />
    </UnitTest>
    <UnitTest name="Shuffle565" storage="c:\users\suprdewd\desktop\projects\forritun\sharpbag\sharpbag.tests01\bin\release\sharpbag.tests.dll" id="8d424c8f-9c8d-8bdb-c98c-1e76a87f52e2">
      <Execution id="042de100-3d0d-444c-b9d3-05bb468411c7" />
      <TestMethod codeBase="C:/Users/SuprDewd/Desktop/Projects/Forritun/SharpBag/SharpBag.Tests01/bin/Release/SharpBag.Tests.DLL" adapterTypeName="Microsoft.VisualStudio.TestTools.TestTypes.Unit.UnitTestAdapter, Microsoft.VisualStudio.QualityTools.Tips.UnitTest.Adapter, Version=10.0.0.0, Culture=neutral, PublicKeyToken=b03f5f7f11d50a3a" className="SharpBag.ExtensionsTest, SharpBag.Tests, Version=0.0.0.0, Culture=neutral, PublicKeyToken=null" name="Shuffle565" />
    </UnitTest>
    <UnitTest name="ForEachThrowsContractException727" storage="c:\users\suprdewd\desktop\projects\forritun\sharpbag\sharpbag.tests01\bin\release\sharpbag.tests.dll" id="26cd5a56-007e-00b1-b708-eca41e9cf9dc">
      <Execution id="eb017f83-3066-4b8d-a9bc-64c871ab38ff" />
      <TestMethod codeBase="C:/Users/SuprDewd/Desktop/Projects/Forritun/SharpBag/SharpBag.Tests01/bin/Release/SharpBag.Tests.DLL" adapterTypeName="Microsoft.VisualStudio.TestTools.TestTypes.Unit.UnitTestAdapter, Microsoft.VisualStudio.QualityTools.Tips.UnitTest.Adapter, Version=10.0.0.0, Culture=neutral, PublicKeyToken=b03f5f7f11d50a3a" className="SharpBag.ExtensionsTest, SharpBag.Tests, Version=0.0.0.0, Culture=neutral, PublicKeyToken=null" name="ForEachThrowsContractException727" />
    </UnitTest>
    <UnitTest name="As294" storage="c:\users\suprdewd\desktop\projects\forritun\sharpbag\sharpbag.tests01\bin\release\sharpbag.tests.dll" id="a6967160-696a-a27d-116b-53906f8b68d5">
      <Execution id="b435d2e4-3cb7-402b-9883-be7a2ea8a04e" />
      <TestMethod codeBase="C:/Users/SuprDewd/Desktop/Projects/Forritun/SharpBag/SharpBag.Tests01/bin/Release/SharpBag.Tests.DLL" adapterTypeName="Microsoft.VisualStudio.TestTools.TestTypes.Unit.UnitTestAdapter, Microsoft.VisualStudio.QualityTools.Tips.UnitTest.Adapter, Version=10.0.0.0, Culture=neutral, PublicKeyToken=b03f5f7f11d50a3a" className="SharpBag.ExtensionsTest, SharpBag.Tests, Version=0.0.0.0, Culture=neutral, PublicKeyToken=null" name="As294" />
    </UnitTest>
    <UnitTest name="Fill571" storage="c:\users\suprdewd\desktop\projects\forritun\sharpbag\sharpbag.tests01\bin\release\sharpbag.tests.dll" id="9490af69-1deb-35f8-e7a6-20a35084fff2">
      <Execution id="c597eafa-515c-4424-aa86-ca177292e1c8" />
      <TestMethod codeBase="C:/Users/SuprDewd/Desktop/Projects/Forritun/SharpBag/SharpBag.Tests01/bin/Release/SharpBag.Tests.DLL" adapterTypeName="Microsoft.VisualStudio.TestTools.TestTypes.Unit.UnitTestAdapter, Microsoft.VisualStudio.QualityTools.Tips.UnitTest.Adapter, Version=10.0.0.0, Culture=neutral, PublicKeyToken=b03f5f7f11d50a3a" className="SharpBag.ExtensionsTest, SharpBag.Tests, Version=0.0.0.0, Culture=neutral, PublicKeyToken=null" name="Fill571" />
    </UnitTest>
    <UnitTest name="As21502" storage="c:\users\suprdewd\desktop\projects\forritun\sharpbag\sharpbag.tests01\bin\release\sharpbag.tests.dll" id="7896ac03-38fd-b99c-d27e-6cbd208a3f1e">
      <Execution id="16ed1a7b-b387-47df-b87f-4a7be0055ac2" />
      <TestMethod codeBase="C:/Users/SuprDewd/Desktop/Projects/Forritun/SharpBag/SharpBag.Tests01/bin/Release/SharpBag.Tests.DLL" adapterTypeName="Microsoft.VisualStudio.TestTools.TestTypes.Unit.UnitTestAdapter, Microsoft.VisualStudio.QualityTools.Tips.UnitTest.Adapter, Version=10.0.0.0, Culture=neutral, PublicKeyToken=b03f5f7f11d50a3a" className="SharpBag.ExtensionsTest, SharpBag.Tests, Version=0.0.0.0, Culture=neutral, PublicKeyToken=null" name="As21502" />
    </UnitTest>
    <UnitTest name="To723" storage="c:\users\suprdewd\desktop\projects\forritun\sharpbag\sharpbag.tests01\bin\release\sharpbag.tests.dll" id="2a492a9b-f563-5e1e-f60c-76d1e2ee9ce9">
      <Execution id="f4bb551c-d99c-4c43-9d7b-a90115bde43e" />
      <TestMethod codeBase="C:/Users/SuprDewd/Desktop/Projects/Forritun/SharpBag/SharpBag.Tests01/bin/Release/SharpBag.Tests.DLL" adapterTypeName="Microsoft.VisualStudio.TestTools.TestTypes.Unit.UnitTestAdapter, Microsoft.VisualStudio.QualityTools.Tips.UnitTest.Adapter, Version=10.0.0.0, Culture=neutral, PublicKeyToken=b03f5f7f11d50a3a" className="SharpBag.ExtensionsTest, SharpBag.Tests, Version=0.0.0.0, Culture=neutral, PublicKeyToken=null" name="To723" />
    </UnitTest>
    <UnitTest name="InvokeIfRequiredThrowsContractException324" storage="c:\users\suprdewd\desktop\projects\forritun\sharpbag\sharpbag.tests01\bin\release\sharpbag.tests.dll" id="9c9afe3f-60c7-8c08-d3be-1e989acc7622">
      <Execution id="601cef9b-20b6-4a1a-9e19-93f8381e9236" />
      <TestMethod codeBase="C:/Users/SuprDewd/Desktop/Projects/Forritun/SharpBag/SharpBag.Tests01/bin/Release/SharpBag.Tests.DLL" adapterTypeName="Microsoft.VisualStudio.TestTools.TestTypes.Unit.UnitTestAdapter, Microsoft.VisualStudio.QualityTools.Tips.UnitTest.Adapter, Version=10.0.0.0, Culture=neutral, PublicKeyToken=b03f5f7f11d50a3a" className="SharpBag.ExtensionsTest, SharpBag.Tests, Version=0.0.0.0, Culture=neutral, PublicKeyToken=null" name="InvokeIfRequiredThrowsContractException324" />
    </UnitTest>
    <UnitTest name="IsInThrowsContractException240" storage="c:\users\suprdewd\desktop\projects\forritun\sharpbag\sharpbag.tests01\bin\release\sharpbag.tests.dll" id="646233b6-d9da-dd2f-a80d-4b417491cb8d">
      <Execution id="9c8ac607-d68c-4db2-b178-8ab2d23ad599" />
      <TestMethod codeBase="C:/Users/SuprDewd/Desktop/Projects/Forritun/SharpBag/SharpBag.Tests01/bin/Release/SharpBag.Tests.DLL" adapterTypeName="Microsoft.VisualStudio.TestTools.TestTypes.Unit.UnitTestAdapter, Microsoft.VisualStudio.QualityTools.Tips.UnitTest.Adapter, Version=10.0.0.0, Culture=neutral, PublicKeyToken=b03f5f7f11d50a3a" className="SharpBag.ExtensionsTest, SharpBag.Tests, Version=0.0.0.0, Culture=neutral, PublicKeyToken=null" name="IsInThrowsContractException240" />
    </UnitTest>
    <UnitTest name="RangeThrowsContractException913" storage="c:\users\suprdewd\desktop\projects\forritun\sharpbag\sharpbag.tests01\bin\release\sharpbag.tests.dll" id="205ac4dd-1d38-125b-1cfd-036daa1ac16f">
      <Execution id="0f91b91a-f79a-49ea-8d62-2e6efbf481ee" />
      <TestMethod codeBase="C:/Users/SuprDewd/Desktop/Projects/Forritun/SharpBag/SharpBag.Tests01/bin/Release/SharpBag.Tests.DLL" adapterTypeName="Microsoft.VisualStudio.TestTools.TestTypes.Unit.UnitTestAdapter, Microsoft.VisualStudio.QualityTools.Tips.UnitTest.Adapter, Version=10.0.0.0, Culture=neutral, PublicKeyToken=b03f5f7f11d50a3a" className="SharpBag.ExtensionsTest, SharpBag.Tests, Version=0.0.0.0, Culture=neutral, PublicKeyToken=null" name="RangeThrowsContractException913" />
    </UnitTest>
    <UnitTest name="IterThrowsContractException991" storage="c:\users\suprdewd\desktop\projects\forritun\sharpbag\sharpbag.tests01\bin\release\sharpbag.tests.dll" id="9c518775-786a-f96e-d480-17e4052cdbf8">
      <Execution id="d67d8f8c-03e0-44f8-90bd-1f2da9727e3e" />
      <TestMethod codeBase="C:/Users/SuprDewd/Desktop/Projects/Forritun/SharpBag/SharpBag.Tests01/bin/Release/SharpBag.Tests.DLL" adapterTypeName="Microsoft.VisualStudio.TestTools.TestTypes.Unit.UnitTestAdapter, Microsoft.VisualStudio.QualityTools.Tips.UnitTest.Adapter, Version=10.0.0.0, Culture=neutral, PublicKeyToken=b03f5f7f11d50a3a" className="SharpBag.ExtensionsTest, SharpBag.Tests, Version=0.0.0.0, Culture=neutral, PublicKeyToken=null" name="IterThrowsContractException991" />
    </UnitTest>
    <UnitTest name="IsNullOrEmpty839" storage="c:\users\suprdewd\desktop\projects\forritun\sharpbag\sharpbag.tests01\bin\release\sharpbag.tests.dll" id="7d85dd6d-e955-0c88-df95-d36cadd3d7ff">
      <Execution id="752e4505-b426-4554-b18c-42eeda39d487" />
      <TestMethod codeBase="C:/Users/SuprDewd/Desktop/Projects/Forritun/SharpBag/SharpBag.Tests01/bin/Release/SharpBag.Tests.DLL" adapterTypeName="Microsoft.VisualStudio.TestTools.TestTypes.Unit.UnitTestAdapter, Microsoft.VisualStudio.QualityTools.Tips.UnitTest.Adapter, Version=10.0.0.0, Culture=neutral, PublicKeyToken=b03f5f7f11d50a3a" className="SharpBag.ExtensionsTest, SharpBag.Tests, Version=0.0.0.0, Culture=neutral, PublicKeyToken=null" name="IsNullOrEmpty839" />
    </UnitTest>
    <UnitTest name="Range377" storage="c:\users\suprdewd\desktop\projects\forritun\sharpbag\sharpbag.tests01\bin\release\sharpbag.tests.dll" id="567a07ee-04bb-68f0-b054-7c3ac20e04d0">
      <Execution id="9f39d40b-564a-4cd9-9b91-1c190bdd5675" />
      <TestMethod codeBase="C:/Users/SuprDewd/Desktop/Projects/Forritun/SharpBag/SharpBag.Tests01/bin/Release/SharpBag.Tests.DLL" adapterTypeName="Microsoft.VisualStudio.TestTools.TestTypes.Unit.UnitTestAdapter, Microsoft.VisualStudio.QualityTools.Tips.UnitTest.Adapter, Version=10.0.0.0, Culture=neutral, PublicKeyToken=b03f5f7f11d50a3a" className="SharpBag.ExtensionsTest, SharpBag.Tests, Version=0.0.0.0, Culture=neutral, PublicKeyToken=null" name="Range377" />
    </UnitTest>
    <UnitTest name="As01ThrowsContractException228" storage="c:\users\suprdewd\desktop\projects\forritun\sharpbag\sharpbag.tests01\bin\release\sharpbag.tests.dll" id="244ce62b-951e-b470-32a3-7178f547fe21">
      <Execution id="7196edaf-eb95-486a-a0d3-43290a9126c5" />
      <TestMethod codeBase="C:/Users/SuprDewd/Desktop/Projects/Forritun/SharpBag/SharpBag.Tests01/bin/Release/SharpBag.Tests.DLL" adapterTypeName="Microsoft.VisualStudio.TestTools.TestTypes.Unit.UnitTestAdapter, Microsoft.VisualStudio.QualityTools.Tips.UnitTest.Adapter, Version=10.0.0.0, Culture=neutral, PublicKeyToken=b03f5f7f11d50a3a" className="SharpBag.ExtensionsTest, SharpBag.Tests, Version=0.0.0.0, Culture=neutral, PublicKeyToken=null" name="As01ThrowsContractException228" />
    </UnitTest>
    <UnitTest name="Subarray305" storage="c:\users\suprdewd\desktop\projects\forritun\sharpbag\sharpbag.tests01\bin\release\sharpbag.tests.dll" id="644c941d-d40b-5655-7852-107ffef9acae">
      <Execution id="edd9562b-fb73-421e-808a-aa149f3f1890" />
      <TestMethod codeBase="C:/Users/SuprDewd/Desktop/Projects/Forritun/SharpBag/SharpBag.Tests01/bin/Release/SharpBag.Tests.DLL" adapterTypeName="Microsoft.VisualStudio.TestTools.TestTypes.Unit.UnitTestAdapter, Microsoft.VisualStudio.QualityTools.Tips.UnitTest.Adapter, Version=10.0.0.0, Culture=neutral, PublicKeyToken=b03f5f7f11d50a3a" className="SharpBag.ExtensionsTest, SharpBag.Tests, Version=0.0.0.0, Culture=neutral, PublicKeyToken=null" name="Subarray305" />
    </UnitTest>
    <UnitTest name="GetByPercentThrowsIndexOutOfRangeException858" storage="c:\users\suprdewd\desktop\projects\forritun\sharpbag\sharpbag.tests01\bin\release\sharpbag.tests.dll" id="16bc510b-963f-30e5-6517-13389edd4fdc">
      <Execution id="57e005ee-1a41-4074-9597-d3c1452ae7b0" />
      <TestMethod codeBase="C:/Users/SuprDewd/Desktop/Projects/Forritun/SharpBag/SharpBag.Tests01/bin/Release/SharpBag.Tests.DLL" adapterTypeName="Microsoft.VisualStudio.TestTools.TestTypes.Unit.UnitTestAdapter, Microsoft.VisualStudio.QualityTools.Tips.UnitTest.Adapter, Version=10.0.0.0, Culture=neutral, PublicKeyToken=b03f5f7f11d50a3a" className="SharpBag.ExtensionsTest, SharpBag.Tests, Version=0.0.0.0, Culture=neutral, PublicKeyToken=null" name="GetByPercentThrowsIndexOutOfRangeException858" />
    </UnitTest>
    <UnitTest name="As0163201" storage="c:\users\suprdewd\desktop\projects\forritun\sharpbag\sharpbag.tests01\bin\release\sharpbag.tests.dll" id="f4fcc51c-8f8e-7431-03c1-95529343e3ab">
      <Execution id="18ae6b30-da76-4703-aae5-85f7d9b9b732" />
      <TestMethod codeBase="C:/Users/SuprDewd/Desktop/Projects/Forritun/SharpBag/SharpBag.Tests01/bin/Release/SharpBag.Tests.DLL" adapterTypeName="Microsoft.VisualStudio.TestTools.TestTypes.Unit.UnitTestAdapter, Microsoft.VisualStudio.QualityTools.Tips.UnitTest.Adapter, Version=10.0.0.0, Culture=neutral, PublicKeyToken=b03f5f7f11d50a3a" className="SharpBag.ExtensionsTest, SharpBag.Tests, Version=0.0.0.0, Culture=neutral, PublicKeyToken=null" name="As0163201" />
    </UnitTest>
    <UnitTest name="NullOr907" storage="c:\users\suprdewd\desktop\projects\forritun\sharpbag\sharpbag.tests01\bin\release\sharpbag.tests.dll" id="1fa5b7ed-be1a-69d3-e35d-61c48c394d37">
      <Execution id="a75cb184-93bb-4440-a50a-9f9af4429dfb" />
      <TestMethod codeBase="C:/Users/SuprDewd/Desktop/Projects/Forritun/SharpBag/SharpBag.Tests01/bin/Release/SharpBag.Tests.DLL" adapterTypeName="Microsoft.VisualStudio.TestTools.TestTypes.Unit.UnitTestAdapter, Microsoft.VisualStudio.QualityTools.Tips.UnitTest.Adapter, Version=10.0.0.0, Culture=neutral, PublicKeyToken=b03f5f7f11d50a3a" className="SharpBag.ExtensionsTest, SharpBag.Tests, Version=0.0.0.0, Culture=neutral, PublicKeyToken=null" name="NullOr907" />
    </UnitTest>
    <UnitTest name="Random01ThrowsContractException243" storage="c:\users\suprdewd\desktop\projects\forritun\sharpbag\sharpbag.tests01\bin\release\sharpbag.tests.dll" id="9124fa98-251f-1756-0c3a-757c402d6c99">
      <Execution id="752d7db5-16e0-4098-9189-df38285e453b" />
      <TestMethod codeBase="C:/Users/SuprDewd/Desktop/Projects/Forritun/SharpBag/SharpBag.Tests01/bin/Release/SharpBag.Tests.DLL" adapterTypeName="Microsoft.VisualStudio.TestTools.TestTypes.Unit.UnitTestAdapter, Microsoft.VisualStudio.QualityTools.Tips.UnitTest.Adapter, Version=10.0.0.0, Culture=neutral, PublicKeyToken=b03f5f7f11d50a3a" className="SharpBag.ExtensionsTest, SharpBag.Tests, Version=0.0.0.0, Culture=neutral, PublicKeyToken=null" name="Random01ThrowsContractException243" />
    </UnitTest>
    <UnitTest name="IsNullOrEmpty963" storage="c:\users\suprdewd\desktop\projects\forritun\sharpbag\sharpbag.tests01\bin\release\sharpbag.tests.dll" id="c764531a-8b43-978a-82fa-64e183192f81">
      <Execution id="645acaa8-4dc3-4b3d-b18d-56a9191397fd" />
      <TestMethod codeBase="C:/Users/SuprDewd/Desktop/Projects/Forritun/SharpBag/SharpBag.Tests01/bin/Release/SharpBag.Tests.DLL" adapterTypeName="Microsoft.VisualStudio.TestTools.TestTypes.Unit.UnitTestAdapter, Microsoft.VisualStudio.QualityTools.Tips.UnitTest.Adapter, Version=10.0.0.0, Culture=neutral, PublicKeyToken=b03f5f7f11d50a3a" className="SharpBag.ExtensionsTest, SharpBag.Tests, Version=0.0.0.0, Culture=neutral, PublicKeyToken=null" name="IsNullOrEmpty963" />
    </UnitTest>
    <UnitTest name="Iter960" storage="c:\users\suprdewd\desktop\projects\forritun\sharpbag\sharpbag.tests01\bin\release\sharpbag.tests.dll" id="221d319c-8869-0d4c-725e-9ea36949d716">
      <Execution id="91f137fd-3ce0-45d1-80ef-9704825cb672" />
      <TestMethod codeBase="C:/Users/SuprDewd/Desktop/Projects/Forritun/SharpBag/SharpBag.Tests01/bin/Release/SharpBag.Tests.DLL" adapterTypeName="Microsoft.VisualStudio.TestTools.TestTypes.Unit.UnitTestAdapter, Microsoft.VisualStudio.QualityTools.Tips.UnitTest.Adapter, Version=10.0.0.0, Culture=neutral, PublicKeyToken=b03f5f7f11d50a3a" className="SharpBag.ExtensionsTest, SharpBag.Tests, Version=0.0.0.0, Culture=neutral, PublicKeyToken=null" name="Iter960" />
    </UnitTest>
    <UnitTest name="Fill01571" storage="c:\users\suprdewd\desktop\projects\forritun\sharpbag\sharpbag.tests01\bin\release\sharpbag.tests.dll" id="a9c998c1-d601-9d48-a5aa-e5458f5ccef5">
      <Execution id="06db3906-516d-4ba2-9435-f3cbbb1cb66c" />
      <TestMethod codeBase="C:/Users/SuprDewd/Desktop/Projects/Forritun/SharpBag/SharpBag.Tests01/bin/Release/SharpBag.Tests.DLL" adapterTypeName="Microsoft.VisualStudio.TestTools.TestTypes.Unit.UnitTestAdapter, Microsoft.VisualStudio.QualityTools.Tips.UnitTest.Adapter, Version=10.0.0.0, Culture=neutral, PublicKeyToken=b03f5f7f11d50a3a" className="SharpBag.ExtensionsTest, SharpBag.Tests, Version=0.0.0.0, Culture=neutral, PublicKeyToken=null" name="Fill01571" />
    </UnitTest>
    <UnitTest name="InvokeIfRequired01ThrowsContractException792" storage="c:\users\suprdewd\desktop\projects\forritun\sharpbag\sharpbag.tests01\bin\release\sharpbag.tests.dll" id="7fd69db5-bd97-d0f9-53e8-99ad322c752b">
      <Execution id="06b479d1-5d81-4470-8b84-4385bd1875ae" />
      <TestMethod codeBase="C:/Users/SuprDewd/Desktop/Projects/Forritun/SharpBag/SharpBag.Tests01/bin/Release/SharpBag.Tests.DLL" adapterTypeName="Microsoft.VisualStudio.TestTools.TestTypes.Unit.UnitTestAdapter, Microsoft.VisualStudio.QualityTools.Tips.UnitTest.Adapter, Version=10.0.0.0, Culture=neutral, PublicKeyToken=b03f5f7f11d50a3a" className="SharpBag.ExtensionsTest, SharpBag.Tests, Version=0.0.0.0, Culture=neutral, PublicKeyToken=null" name="InvokeIfRequired01ThrowsContractException792" />
    </UnitTest>
    <UnitTest name="IsNullOrEmpty177" storage="c:\users\suprdewd\desktop\projects\forritun\sharpbag\sharpbag.tests01\bin\release\sharpbag.tests.dll" id="14e07649-4bb1-965c-d352-f5e6a62d38fd">
      <Execution id="a4a6b81a-2c3c-4a3a-9e4b-f4e789399d8c" />
      <TestMethod codeBase="C:/Users/SuprDewd/Desktop/Projects/Forritun/SharpBag/SharpBag.Tests01/bin/Release/SharpBag.Tests.DLL" adapterTypeName="Microsoft.VisualStudio.TestTools.TestTypes.Unit.UnitTestAdapter, Microsoft.VisualStudio.QualityTools.Tips.UnitTest.Adapter, Version=10.0.0.0, Culture=neutral, PublicKeyToken=b03f5f7f11d50a3a" className="SharpBag.ExtensionsTest, SharpBag.Tests, Version=0.0.0.0, Culture=neutral, PublicKeyToken=null" name="IsNullOrEmpty177" />
    </UnitTest>
    <UnitTest name="UnionAllThrowsContractException292" storage="c:\users\suprdewd\desktop\projects\forritun\sharpbag\sharpbag.tests01\bin\release\sharpbag.tests.dll" id="ad6b7b0f-0850-7179-c3e4-805f9d123948">
      <Execution id="f563b0e0-14a4-4726-bf7d-43939e4a9496" />
      <TestMethod codeBase="C:/Users/SuprDewd/Desktop/Projects/Forritun/SharpBag/SharpBag.Tests01/bin/Release/SharpBag.Tests.DLL" adapterTypeName="Microsoft.VisualStudio.TestTools.TestTypes.Unit.UnitTestAdapter, Microsoft.VisualStudio.QualityTools.Tips.UnitTest.Adapter, Version=10.0.0.0, Culture=neutral, PublicKeyToken=b03f5f7f11d50a3a" className="SharpBag.ExtensionsTest, SharpBag.Tests, Version=0.0.0.0, Culture=neutral, PublicKeyToken=null" name="UnionAllThrowsContractException292" />
    </UnitTest>
    <UnitTest name="Fill688" storage="c:\users\suprdewd\desktop\projects\forritun\sharpbag\sharpbag.tests01\bin\release\sharpbag.tests.dll" id="30d0053c-3b83-f6d8-7942-b6dbd27b329f">
      <Execution id="97d6da80-4dc0-4ebf-a9b0-f9c3b4af3876" />
      <TestMethod codeBase="C:/Users/SuprDewd/Desktop/Projects/Forritun/SharpBag/SharpBag.Tests01/bin/Release/SharpBag.Tests.DLL" adapterTypeName="Microsoft.VisualStudio.TestTools.TestTypes.Unit.UnitTestAdapter, Microsoft.VisualStudio.QualityTools.Tips.UnitTest.Adapter, Version=10.0.0.0, Culture=neutral, PublicKeyToken=b03f5f7f11d50a3a" className="SharpBag.ExtensionsTest, SharpBag.Tests, Version=0.0.0.0, Culture=neutral, PublicKeyToken=null" name="Fill688" />
    </UnitTest>
    <UnitTest name="ToDictionary652" storage="c:\users\suprdewd\desktop\projects\forritun\sharpbag\sharpbag.tests01\bin\release\sharpbag.tests.dll" id="5adb9ee5-30ee-88f6-0128-821d18abc579">
      <Execution id="ee1ff1f7-609c-445e-8078-51b00a3d91cc" />
      <TestMethod codeBase="C:/Users/SuprDewd/Desktop/Projects/Forritun/SharpBag/SharpBag.Tests01/bin/Release/SharpBag.Tests.DLL" adapterTypeName="Microsoft.VisualStudio.TestTools.TestTypes.Unit.UnitTestAdapter, Microsoft.VisualStudio.QualityTools.Tips.UnitTest.Adapter, Version=10.0.0.0, Culture=neutral, PublicKeyToken=b03f5f7f11d50a3a" className="SharpBag.ExtensionsTest, SharpBag.Tests, Version=0.0.0.0, Culture=neutral, PublicKeyToken=null" name="ToDictionary652" />
    </UnitTest>
    <UnitTest name="To02ThrowsEntryPointNotFoundException897" storage="c:\users\suprdewd\desktop\projects\forritun\sharpbag\sharpbag.tests01\bin\release\sharpbag.tests.dll" id="6b7dcc70-66b6-d437-fa4f-aad0a0e1d53f">
      <Execution id="8d6e8a2c-4df4-4716-9a8a-ee0cc01e498a" />
      <TestMethod codeBase="C:/Users/SuprDewd/Desktop/Projects/Forritun/SharpBag/SharpBag.Tests01/bin/Release/SharpBag.Tests.DLL" adapterTypeName="Microsoft.VisualStudio.TestTools.TestTypes.Unit.UnitTestAdapter, Microsoft.VisualStudio.QualityTools.Tips.UnitTest.Adapter, Version=10.0.0.0, Culture=neutral, PublicKeyToken=b03f5f7f11d50a3a" className="SharpBag.ExtensionsTest, SharpBag.Tests, Version=0.0.0.0, Culture=neutral, PublicKeyToken=null" name="To02ThrowsEntryPointNotFoundException897" />
    </UnitTest>
    <UnitTest name="Is373" storage="c:\users\suprdewd\desktop\projects\forritun\sharpbag\sharpbag.tests01\bin\release\sharpbag.tests.dll" id="767e3845-1b47-6225-c38c-e6345e12262a">
      <Execution id="86e36136-8524-4191-818d-3248b27dda3d" />
      <TestMethod codeBase="C:/Users/SuprDewd/Desktop/Projects/Forritun/SharpBag/SharpBag.Tests01/bin/Release/SharpBag.Tests.DLL" adapterTypeName="Microsoft.VisualStudio.TestTools.TestTypes.Unit.UnitTestAdapter, Microsoft.VisualStudio.QualityTools.Tips.UnitTest.Adapter, Version=10.0.0.0, Culture=neutral, PublicKeyToken=b03f5f7f11d50a3a" className="SharpBag.ExtensionsTest, SharpBag.Tests, Version=0.0.0.0, Culture=neutral, PublicKeyToken=null" name="Is373" />
    </UnitTest>
    <UnitTest name="Subarray142" storage="c:\users\suprdewd\desktop\projects\forritun\sharpbag\sharpbag.tests01\bin\release\sharpbag.tests.dll" id="6ea29e89-2e15-126e-eecf-3f7b211c52eb">
      <Execution id="45523d64-1496-498d-b50e-89f8e2329379" />
      <TestMethod codeBase="C:/Users/SuprDewd/Desktop/Projects/Forritun/SharpBag/SharpBag.Tests01/bin/Release/SharpBag.Tests.DLL" adapterTypeName="Microsoft.VisualStudio.TestTools.TestTypes.Unit.UnitTestAdapter, Microsoft.VisualStudio.QualityTools.Tips.UnitTest.Adapter, Version=10.0.0.0, Culture=neutral, PublicKeyToken=b03f5f7f11d50a3a" className="SharpBag.ExtensionsTest, SharpBag.Tests, Version=0.0.0.0, Culture=neutral, PublicKeyToken=null" name="Subarray142" />
    </UnitTest>
    <UnitTest name="SubarrayThrowsContractException671" storage="c:\users\suprdewd\desktop\projects\forritun\sharpbag\sharpbag.tests01\bin\release\sharpbag.tests.dll" id="ed7ad088-5d15-f12d-c0e3-6a91dd726685">
      <Execution id="8cc323e9-cd8b-4c8b-9eca-89da451924ab" />
      <TestMethod codeBase="C:/Users/SuprDewd/Desktop/Projects/Forritun/SharpBag/SharpBag.Tests01/bin/Release/SharpBag.Tests.DLL" adapterTypeName="Microsoft.VisualStudio.TestTools.TestTypes.Unit.UnitTestAdapter, Microsoft.VisualStudio.QualityTools.Tips.UnitTest.Adapter, Version=10.0.0.0, Culture=neutral, PublicKeyToken=b03f5f7f11d50a3a" className="SharpBag.ExtensionsTest, SharpBag.Tests, Version=0.0.0.0, Culture=neutral, PublicKeyToken=null" name="SubarrayThrowsContractException671" />
    </UnitTest>
    <UnitTest name="UnionAll01ThrowsContractException589" storage="c:\users\suprdewd\desktop\projects\forritun\sharpbag\sharpbag.tests01\bin\release\sharpbag.tests.dll" id="78086264-20f3-c7b4-e13e-997436ec518b">
      <Execution id="b06ff40d-83ab-4c6b-8341-52792f4ddcf7" />
      <TestMethod codeBase="C:/Users/SuprDewd/Desktop/Projects/Forritun/SharpBag/SharpBag.Tests01/bin/Release/SharpBag.Tests.DLL" adapterTypeName="Microsoft.VisualStudio.TestTools.TestTypes.Unit.UnitTestAdapter, Microsoft.VisualStudio.QualityTools.Tips.UnitTest.Adapter, Version=10.0.0.0, Culture=neutral, PublicKeyToken=b03f5f7f11d50a3a" className="SharpBag.ExtensionsTest, SharpBag.Tests, Version=0.0.0.0, Culture=neutral, PublicKeyToken=null" name="UnionAll01ThrowsContractException589" />
    </UnitTest>
    <UnitTest name="Add296" storage="c:\users\suprdewd\desktop\projects\forritun\sharpbag\sharpbag.tests01\bin\release\sharpbag.tests.dll" id="cf67e106-470b-64ee-b4ec-daf199d3db2f">
      <Execution id="ad714bf8-c98d-4663-ba72-348d7b878adb" />
      <TestMethod codeBase="C:/Users/SuprDewd/Desktop/Projects/Forritun/SharpBag/SharpBag.Tests01/bin/Release/SharpBag.Tests.DLL" adapterTypeName="Microsoft.VisualStudio.TestTools.TestTypes.Unit.UnitTestAdapter, Microsoft.VisualStudio.QualityTools.Tips.UnitTest.Adapter, Version=10.0.0.0, Culture=neutral, PublicKeyToken=b03f5f7f11d50a3a" className="SharpBag.ExtensionsTest, SharpBag.Tests, Version=0.0.0.0, Culture=neutral, PublicKeyToken=null" name="Add296" />
    </UnitTest>
    <UnitTest name="ToThrowsContractException710" storage="c:\users\suprdewd\desktop\projects\forritun\sharpbag\sharpbag.tests01\bin\release\sharpbag.tests.dll" id="f52b3d24-c27c-4731-8c5e-a7c40c1103b0">
      <Execution id="203d4175-ba6e-4e17-a24f-460f3bb9595b" />
      <TestMethod codeBase="C:/Users/SuprDewd/Desktop/Projects/Forritun/SharpBag/SharpBag.Tests01/bin/Release/SharpBag.Tests.DLL" adapterTypeName="Microsoft.VisualStudio.TestTools.TestTypes.Unit.UnitTestAdapter, Microsoft.VisualStudio.QualityTools.Tips.UnitTest.Adapter, Version=10.0.0.0, Culture=neutral, PublicKeyToken=b03f5f7f11d50a3a" className="SharpBag.ExtensionsTest, SharpBag.Tests, Version=0.0.0.0, Culture=neutral, PublicKeyToken=null" name="ToThrowsContractException710" />
    </UnitTest>
    <UnitTest name="ForEach908" storage="c:\users\suprdewd\desktop\projects\forritun\sharpbag\sharpbag.tests01\bin\release\sharpbag.tests.dll" id="af3c2eea-1341-4d08-8112-791e701a0e4e">
      <Execution id="2aa6f78d-5c22-47c6-8ba7-cd9db1d308f5" />
      <TestMethod codeBase="C:/Users/SuprDewd/Desktop/Projects/Forritun/SharpBag/SharpBag.Tests01/bin/Release/SharpBag.Tests.DLL" adapterTypeName="Microsoft.VisualStudio.TestTools.TestTypes.Unit.UnitTestAdapter, Microsoft.VisualStudio.QualityTools.Tips.UnitTest.Adapter, Version=10.0.0.0, Culture=neutral, PublicKeyToken=b03f5f7f11d50a3a" className="SharpBag.ExtensionsTest, SharpBag.Tests, Version=0.0.0.0, Culture=neutral, PublicKeyToken=null" name="ForEach908" />
    </UnitTest>
    <UnitTest name="AddThrowsContractException500" storage="c:\users\suprdewd\desktop\projects\forritun\sharpbag\sharpbag.tests01\bin\release\sharpbag.tests.dll" id="153f9dfe-1469-43b6-8030-2e1f4f18197e">
      <Execution id="8014b3ab-52a1-4ef6-9403-6204f2347126" />
      <TestMethod codeBase="C:/Users/SuprDewd/Desktop/Projects/Forritun/SharpBag/SharpBag.Tests01/bin/Release/SharpBag.Tests.DLL" adapterTypeName="Microsoft.VisualStudio.TestTools.TestTypes.Unit.UnitTestAdapter, Microsoft.VisualStudio.QualityTools.Tips.UnitTest.Adapter, Version=10.0.0.0, Culture=neutral, PublicKeyToken=b03f5f7f11d50a3a" className="SharpBag.ExtensionsTest, SharpBag.Tests, Version=0.0.0.0, Culture=neutral, PublicKeyToken=null" name="AddThrowsContractException500" />
    </UnitTest>
    <UnitTest name="IfNotNull01ThrowsContractException507" storage="c:\users\suprdewd\desktop\projects\forritun\sharpbag\sharpbag.tests01\bin\release\sharpbag.tests.dll" id="1216a6b0-8489-bf99-b25f-4311a613bf89">
      <Execution id="26796144-86d5-4efb-aaa1-d922c7b05b3f" />
      <TestMethod codeBase="C:/Users/SuprDewd/Desktop/Projects/Forritun/SharpBag/SharpBag.Tests01/bin/Release/SharpBag.Tests.DLL" adapterTypeName="Microsoft.VisualStudio.TestTools.TestTypes.Unit.UnitTestAdapter, Microsoft.VisualStudio.QualityTools.Tips.UnitTest.Adapter, Version=10.0.0.0, Culture=neutral, PublicKeyToken=b03f5f7f11d50a3a" className="SharpBag.ExtensionsTest, SharpBag.Tests, Version=0.0.0.0, Culture=neutral, PublicKeyToken=null" name="IfNotNull01ThrowsContractException507" />
    </UnitTest>
    <UnitTest name="IsIn34" storage="c:\users\suprdewd\desktop\projects\forritun\sharpbag\sharpbag.tests01\bin\release\sharpbag.tests.dll" id="6f205f53-5c1d-2d23-0592-7823ba18d3aa">
      <Execution id="d10d010e-7814-4b08-9d14-e12a6283622b" />
      <TestMethod codeBase="C:/Users/SuprDewd/Desktop/Projects/Forritun/SharpBag/SharpBag.Tests01/bin/Release/SharpBag.Tests.DLL" adapterTypeName="Microsoft.VisualStudio.TestTools.TestTypes.Unit.UnitTestAdapter, Microsoft.VisualStudio.QualityTools.Tips.UnitTest.Adapter, Version=10.0.0.0, Culture=neutral, PublicKeyToken=b03f5f7f11d50a3a" className="SharpBag.ExtensionsTest, SharpBag.Tests, Version=0.0.0.0, Culture=neutral, PublicKeyToken=null" name="IsIn34" />
    </UnitTest>
    <UnitTest name="IterThrowsContractException514" storage="c:\users\suprdewd\desktop\projects\forritun\sharpbag\sharpbag.tests01\bin\release\sharpbag.tests.dll" id="1a2aa5e7-93f9-111f-f012-0d120146abe5">
      <Execution id="8a8dd5fe-23da-4d39-a7a5-966d2351545f" />
      <TestMethod codeBase="C:/Users/SuprDewd/Desktop/Projects/Forritun/SharpBag/SharpBag.Tests01/bin/Release/SharpBag.Tests.DLL" adapterTypeName="Microsoft.VisualStudio.TestTools.TestTypes.Unit.UnitTestAdapter, Microsoft.VisualStudio.QualityTools.Tips.UnitTest.Adapter, Version=10.0.0.0, Culture=neutral, PublicKeyToken=b03f5f7f11d50a3a" className="SharpBag.ExtensionsTest, SharpBag.Tests, Version=0.0.0.0, Culture=neutral, PublicKeyToken=null" name="IterThrowsContractException514" />
    </UnitTest>
    <UnitTest name="SubarrayThrowsIndexOutOfRangeException719" storage="c:\users\suprdewd\desktop\projects\forritun\sharpbag\sharpbag.tests01\bin\release\sharpbag.tests.dll" id="805ce682-089b-aeb5-3890-6340750c38cb">
      <Execution id="15fad6be-8aa1-49c3-8a7d-cdfe8596f416" />
      <TestMethod codeBase="C:/Users/SuprDewd/Desktop/Projects/Forritun/SharpBag/SharpBag.Tests01/bin/Release/SharpBag.Tests.DLL" adapterTypeName="Microsoft.VisualStudio.TestTools.TestTypes.Unit.UnitTestAdapter, Microsoft.VisualStudio.QualityTools.Tips.UnitTest.Adapter, Version=10.0.0.0, Culture=neutral, PublicKeyToken=b03f5f7f11d50a3a" className="SharpBag.ExtensionsTest, SharpBag.Tests, Version=0.0.0.0, Culture=neutral, PublicKeyToken=null" name="SubarrayThrowsIndexOutOfRangeException719" />
    </UnitTest>
    <UnitTest name="To04825" storage="c:\users\suprdewd\desktop\projects\forritun\sharpbag\sharpbag.tests01\bin\release\sharpbag.tests.dll" id="704833fc-664b-cb0a-a6d9-59354a3ac7df">
      <Execution id="2168703a-971f-44f9-a98a-9b0be04fa373" />
      <TestMethod codeBase="C:/Users/SuprDewd/Desktop/Projects/Forritun/SharpBag/SharpBag.Tests01/bin/Release/SharpBag.Tests.DLL" adapterTypeName="Microsoft.VisualStudio.TestTools.TestTypes.Unit.UnitTestAdapter, Microsoft.VisualStudio.QualityTools.Tips.UnitTest.Adapter, Version=10.0.0.0, Culture=neutral, PublicKeyToken=b03f5f7f11d50a3a" className="SharpBag.ExtensionsTest, SharpBag.Tests, Version=0.0.0.0, Culture=neutral, PublicKeyToken=null" name="To04825" />
    </UnitTest>
    <UnitTest name="SubarrayThrowsContractException734" storage="c:\users\suprdewd\desktop\projects\forritun\sharpbag\sharpbag.tests01\bin\release\sharpbag.tests.dll" id="1d926c24-6749-5267-75d7-955626edc4df">
      <Execution id="bfe050ad-3963-4c84-87c3-45a6eb761b28" />
      <TestMethod codeBase="C:/Users/SuprDewd/Desktop/Projects/Forritun/SharpBag/SharpBag.Tests01/bin/Release/SharpBag.Tests.DLL" adapterTypeName="Microsoft.VisualStudio.TestTools.TestTypes.Unit.UnitTestAdapter, Microsoft.VisualStudio.QualityTools.Tips.UnitTest.Adapter, Version=10.0.0.0, Culture=neutral, PublicKeyToken=b03f5f7f11d50a3a" className="SharpBag.ExtensionsTest, SharpBag.Tests, Version=0.0.0.0, Culture=neutral, PublicKeyToken=null" name="SubarrayThrowsContractException734" />
    </UnitTest>
    <UnitTest name="As21507" storage="c:\users\suprdewd\desktop\projects\forritun\sharpbag\sharpbag.tests01\bin\release\sharpbag.tests.dll" id="1a1204f8-80dc-63b9-41bb-196d59b5bd9c">
      <Execution id="b59b3425-f836-4c45-8a53-f21c5c0cb30c" />
      <TestMethod codeBase="C:/Users/SuprDewd/Desktop/Projects/Forritun/SharpBag/SharpBag.Tests01/bin/Release/SharpBag.Tests.DLL" adapterTypeName="Microsoft.VisualStudio.TestTools.TestTypes.Unit.UnitTestAdapter, Microsoft.VisualStudio.QualityTools.Tips.UnitTest.Adapter, Version=10.0.0.0, Culture=neutral, PublicKeyToken=b03f5f7f11d50a3a" className="SharpBag.ExtensionsTest, SharpBag.Tests, Version=0.0.0.0, Culture=neutral, PublicKeyToken=null" name="As21507" />
    </UnitTest>
    <UnitTest name="To463" storage="c:\users\suprdewd\desktop\projects\forritun\sharpbag\sharpbag.tests01\bin\release\sharpbag.tests.dll" id="3950117e-1257-8bcc-63aa-35e8e8daf9e2">
      <Execution id="1a7de490-7ef3-4655-af4e-bf86aa901258" />
      <TestMethod codeBase="C:/Users/SuprDewd/Desktop/Projects/Forritun/SharpBag/SharpBag.Tests01/bin/Release/SharpBag.Tests.DLL" adapterTypeName="Microsoft.VisualStudio.TestTools.TestTypes.Unit.UnitTestAdapter, Microsoft.VisualStudio.QualityTools.Tips.UnitTest.Adapter, Version=10.0.0.0, Culture=neutral, PublicKeyToken=b03f5f7f11d50a3a" className="SharpBag.ExtensionsTest, SharpBag.Tests, Version=0.0.0.0, Culture=neutral, PublicKeyToken=null" name="To463" />
    </UnitTest>
    <UnitTest name="As215" storage="c:\users\suprdewd\desktop\projects\forritun\sharpbag\sharpbag.tests01\bin\release\sharpbag.tests.dll" id="7743f34e-ac5f-23a3-8e8f-212222420029">
      <Execution id="e0ce309b-7061-455a-8847-b934fc33cc82" />
      <TestMethod codeBase="C:/Users/SuprDewd/Desktop/Projects/Forritun/SharpBag/SharpBag.Tests01/bin/Release/SharpBag.Tests.DLL" adapterTypeName="Microsoft.VisualStudio.TestTools.TestTypes.Unit.UnitTestAdapter, Microsoft.VisualStudio.QualityTools.Tips.UnitTest.Adapter, Version=10.0.0.0, Culture=neutral, PublicKeyToken=b03f5f7f11d50a3a" className="SharpBag.ExtensionsTest, SharpBag.Tests, Version=0.0.0.0, Culture=neutral, PublicKeyToken=null" name="As215" />
    </UnitTest>
    <UnitTest name="Times258" storage="c:\users\suprdewd\desktop\projects\forritun\sharpbag\sharpbag.tests01\bin\release\sharpbag.tests.dll" id="635fff99-cecb-31ab-c7e4-e3c205a5337d">
      <Execution id="d026d4a0-fcf1-4a13-853b-48767341787f" />
      <TestMethod codeBase="C:/Users/SuprDewd/Desktop/Projects/Forritun/SharpBag/SharpBag.Tests01/bin/Release/SharpBag.Tests.DLL" adapterTypeName="Microsoft.VisualStudio.TestTools.TestTypes.Unit.UnitTestAdapter, Microsoft.VisualStudio.QualityTools.Tips.UnitTest.Adapter, Version=10.0.0.0, Culture=neutral, PublicKeyToken=b03f5f7f11d50a3a" className="SharpBag.ExtensionsTest, SharpBag.Tests, Version=0.0.0.0, Culture=neutral, PublicKeyToken=null" name="Times258" />
    </UnitTest>
    <UnitTest name="To01203" storage="c:\users\suprdewd\desktop\projects\forritun\sharpbag\sharpbag.tests01\bin\release\sharpbag.tests.dll" id="1199c9cc-d8e3-0309-8136-cef199801af6">
      <Execution id="c2057855-35f2-4262-808a-29f105a24469" />
      <TestMethod codeBase="C:/Users/SuprDewd/Desktop/Projects/Forritun/SharpBag/SharpBag.Tests01/bin/Release/SharpBag.Tests.DLL" adapterTypeName="Microsoft.VisualStudio.TestTools.TestTypes.Unit.UnitTestAdapter, Microsoft.VisualStudio.QualityTools.Tips.UnitTest.Adapter, Version=10.0.0.0, Culture=neutral, PublicKeyToken=b03f5f7f11d50a3a" className="SharpBag.ExtensionsTest, SharpBag.Tests, Version=0.0.0.0, Culture=neutral, PublicKeyToken=null" name="To01203" />
    </UnitTest>
    <UnitTest name="As6" storage="c:\users\suprdewd\desktop\projects\forritun\sharpbag\sharpbag.tests01\bin\release\sharpbag.tests.dll" id="9d4922e1-95bb-cc07-dd59-02aa21bc0c9d">
      <Execution id="f26ba942-c517-444d-b315-aea1c84b2a2d" />
      <TestMethod codeBase="C:/Users/SuprDewd/Desktop/Projects/Forritun/SharpBag/SharpBag.Tests01/bin/Release/SharpBag.Tests.DLL" adapterTypeName="Microsoft.VisualStudio.TestTools.TestTypes.Unit.UnitTestAdapter, Microsoft.VisualStudio.QualityTools.Tips.UnitTest.Adapter, Version=10.0.0.0, Culture=neutral, PublicKeyToken=b03f5f7f11d50a3a" className="SharpBag.ExtensionsTest, SharpBag.Tests, Version=0.0.0.0, Culture=neutral, PublicKeyToken=null" name="As6" />
    </UnitTest>
    <UnitTest name="To01463" storage="c:\users\suprdewd\desktop\projects\forritun\sharpbag\sharpbag.tests01\bin\release\sharpbag.tests.dll" id="be4a640d-264d-b6fa-ba99-6f190c20c0bb">
      <Execution id="6d7767c3-3dbe-416b-856a-cc2853fed86d" />
      <TestMethod codeBase="C:/Users/SuprDewd/Desktop/Projects/Forritun/SharpBag/SharpBag.Tests01/bin/Release/SharpBag.Tests.DLL" adapterTypeName="Microsoft.VisualStudio.TestTools.TestTypes.Unit.UnitTestAdapter, Microsoft.VisualStudio.QualityTools.Tips.UnitTest.Adapter, Version=10.0.0.0, Culture=neutral, PublicKeyToken=b03f5f7f11d50a3a" className="SharpBag.ExtensionsTest, SharpBag.Tests, Version=0.0.0.0, Culture=neutral, PublicKeyToken=null" name="To01463" />
    </UnitTest>
    <UnitTest name="IsNot859" storage="c:\users\suprdewd\desktop\projects\forritun\sharpbag\sharpbag.tests01\bin\release\sharpbag.tests.dll" id="633e6a31-e7c1-dc4e-810e-71a427cf70a8">
      <Execution id="3cb4445f-d3be-4d4a-816b-936d2cb83b1c" />
      <TestMethod codeBase="C:/Users/SuprDewd/Desktop/Projects/Forritun/SharpBag/SharpBag.Tests01/bin/Release/SharpBag.Tests.DLL" adapterTypeName="Microsoft.VisualStudio.TestTools.TestTypes.Unit.UnitTestAdapter, Microsoft.VisualStudio.QualityTools.Tips.UnitTest.Adapter, Version=10.0.0.0, Culture=neutral, PublicKeyToken=b03f5f7f11d50a3a" className="SharpBag.ExtensionsTest, SharpBag.Tests, Version=0.0.0.0, Culture=neutral, PublicKeyToken=null" name="IsNot859" />
    </UnitTest>
    <UnitTest name="Random431" storage="c:\users\suprdewd\desktop\projects\forritun\sharpbag\sharpbag.tests01\bin\release\sharpbag.tests.dll" id="a54e40a4-c460-0f5a-3324-94dd8c77f779">
      <Execution id="71ac2862-ade9-42f8-86b1-1d039b6e56de" />
      <TestMethod codeBase="C:/Users/SuprDewd/Desktop/Projects/Forritun/SharpBag/SharpBag.Tests01/bin/Release/SharpBag.Tests.DLL" adapterTypeName="Microsoft.VisualStudio.TestTools.TestTypes.Unit.UnitTestAdapter, Microsoft.VisualStudio.QualityTools.Tips.UnitTest.Adapter, Version=10.0.0.0, Culture=neutral, PublicKeyToken=b03f5f7f11d50a3a" className="SharpBag.ExtensionsTest, SharpBag.Tests, Version=0.0.0.0, Culture=neutral, PublicKeyToken=null" name="Random431" />
    </UnitTest>
    <UnitTest name="IfNotNull01597" storage="c:\users\suprdewd\desktop\projects\forritun\sharpbag\sharpbag.tests01\bin\release\sharpbag.tests.dll" id="a5017919-7828-b52a-3fcf-0e88954eb83a">
      <Execution id="c795bf00-1ef5-4d37-b204-d77ece4b3be1" />
      <TestMethod codeBase="C:/Users/SuprDewd/Desktop/Projects/Forritun/SharpBag/SharpBag.Tests01/bin/Release/SharpBag.Tests.DLL" adapterTypeName="Microsoft.VisualStudio.TestTools.TestTypes.Unit.UnitTestAdapter, Microsoft.VisualStudio.QualityTools.Tips.UnitTest.Adapter, Version=10.0.0.0, Culture=neutral, PublicKeyToken=b03f5f7f11d50a3a" className="SharpBag.ExtensionsTest, SharpBag.Tests, Version=0.0.0.0, Culture=neutral, PublicKeyToken=null" name="IfNotNull01597" />
    </UnitTest>
    <UnitTest name="TakeEveryThrowsContractException918" storage="c:\users\suprdewd\desktop\projects\forritun\sharpbag\sharpbag.tests01\bin\release\sharpbag.tests.dll" id="0b08a90e-9c88-bf3f-a353-f732342a57da">
      <Execution id="026de801-f98c-4369-959d-ef60d027344d" />
      <TestMethod codeBase="C:/Users/SuprDewd/Desktop/Projects/Forritun/SharpBag/SharpBag.Tests01/bin/Release/SharpBag.Tests.DLL" adapterTypeName="Microsoft.VisualStudio.TestTools.TestTypes.Unit.UnitTestAdapter, Microsoft.VisualStudio.QualityTools.Tips.UnitTest.Adapter, Version=10.0.0.0, Culture=neutral, PublicKeyToken=b03f5f7f11d50a3a" className="SharpBag.ExtensionsTest, SharpBag.Tests, Version=0.0.0.0, Culture=neutral, PublicKeyToken=null" name="TakeEveryThrowsContractException918" />
    </UnitTest>
    <UnitTest name="NullOrThrowsContractException550" storage="c:\users\suprdewd\desktop\projects\forritun\sharpbag\sharpbag.tests01\bin\release\sharpbag.tests.dll" id="49b8113a-7c59-3ab5-29c7-c3f311407d47">
      <Execution id="ae2045bd-0222-41f5-9471-b142a9699fd3" />
      <TestMethod codeBase="C:/Users/SuprDewd/Desktop/Projects/Forritun/SharpBag/SharpBag.Tests01/bin/Release/SharpBag.Tests.DLL" adapterTypeName="Microsoft.VisualStudio.TestTools.TestTypes.Unit.UnitTestAdapter, Microsoft.VisualStudio.QualityTools.Tips.UnitTest.Adapter, Version=10.0.0.0, Culture=neutral, PublicKeyToken=b03f5f7f11d50a3a" className="SharpBag.ExtensionsTest, SharpBag.Tests, Version=0.0.0.0, Culture=neutral, PublicKeyToken=null" name="NullOrThrowsContractException550" />
    </UnitTest>
    <UnitTest name="As01660" storage="c:\users\suprdewd\desktop\projects\forritun\sharpbag\sharpbag.tests01\bin\release\sharpbag.tests.dll" id="0b8785c2-8bd4-a826-60eb-f295a2d7fcb3">
      <Execution id="3e79342c-28cd-499f-b8ce-7db9db16230d" />
      <TestMethod codeBase="C:/Users/SuprDewd/Desktop/Projects/Forritun/SharpBag/SharpBag.Tests01/bin/Release/SharpBag.Tests.DLL" adapterTypeName="Microsoft.VisualStudio.TestTools.TestTypes.Unit.UnitTestAdapter, Microsoft.VisualStudio.QualityTools.Tips.UnitTest.Adapter, Version=10.0.0.0, Culture=neutral, PublicKeyToken=b03f5f7f11d50a3a" className="SharpBag.ExtensionsTest, SharpBag.Tests, Version=0.0.0.0, Culture=neutral, PublicKeyToken=null" name="As01660" />
    </UnitTest>
    <UnitTest name="IsNullableTypeThrowsContractException16" storage="c:\users\suprdewd\desktop\projects\forritun\sharpbag\sharpbag.tests01\bin\release\sharpbag.tests.dll" id="5d9b7cef-774f-9ce0-c97d-9f98a260007e">
      <Execution id="8e606b41-68f8-43af-a75c-6d8b94979b0f" />
      <TestMethod codeBase="C:/Users/SuprDewd/Desktop/Projects/Forritun/SharpBag/SharpBag.Tests01/bin/Release/SharpBag.Tests.DLL" adapterTypeName="Microsoft.VisualStudio.TestTools.TestTypes.Unit.UnitTestAdapter, Microsoft.VisualStudio.QualityTools.Tips.UnitTest.Adapter, Version=10.0.0.0, Culture=neutral, PublicKeyToken=b03f5f7f11d50a3a" className="SharpBag.ExtensionsTest, SharpBag.Tests, Version=0.0.0.0, Culture=neutral, PublicKeyToken=null" name="IsNullableTypeThrowsContractException16" />
    </UnitTest>
    <UnitTest name="As0132101" storage="c:\users\suprdewd\desktop\projects\forritun\sharpbag\sharpbag.tests01\bin\release\sharpbag.tests.dll" id="f4332708-2d9b-652b-a920-66192f9cdfaf">
      <Execution id="309680de-7a08-4ec9-9b58-d65669fbf743" />
      <TestMethod codeBase="C:/Users/SuprDewd/Desktop/Projects/Forritun/SharpBag/SharpBag.Tests01/bin/Release/SharpBag.Tests.DLL" adapterTypeName="Microsoft.VisualStudio.TestTools.TestTypes.Unit.UnitTestAdapter, Microsoft.VisualStudio.QualityTools.Tips.UnitTest.Adapter, Version=10.0.0.0, Culture=neutral, PublicKeyToken=b03f5f7f11d50a3a" className="SharpBag.ExtensionsTest, SharpBag.Tests, Version=0.0.0.0, Culture=neutral, PublicKeyToken=null" name="As0132101" />
    </UnitTest>
    <UnitTest name="IsIn570" storage="c:\users\suprdewd\desktop\projects\forritun\sharpbag\sharpbag.tests01\bin\release\sharpbag.tests.dll" id="1e811e95-82b3-7182-a1a6-ec99686bab87">
      <Execution id="88aa9b6b-e9f7-4043-8de3-e268c0bf9424" />
      <TestMethod codeBase="C:/Users/SuprDewd/Desktop/Projects/Forritun/SharpBag/SharpBag.Tests01/bin/Release/SharpBag.Tests.DLL" adapterTypeName="Microsoft.VisualStudio.TestTools.TestTypes.Unit.UnitTestAdapter, Microsoft.VisualStudio.QualityTools.Tips.UnitTest.Adapter, Version=10.0.0.0, Culture=neutral, PublicKeyToken=b03f5f7f11d50a3a" className="SharpBag.ExtensionsTest, SharpBag.Tests, Version=0.0.0.0, Culture=neutral, PublicKeyToken=null" name="IsIn570" />
    </UnitTest>
    <UnitTest name="As01664" storage="c:\users\suprdewd\desktop\projects\forritun\sharpbag\sharpbag.tests01\bin\release\sharpbag.tests.dll" id="dfddd698-039d-4cb7-341a-94646b1b9270">
      <Execution id="dbe3bdda-f54d-41ac-9137-d6e1c360e288" />
      <TestMethod codeBase="C:/Users/SuprDewd/Desktop/Projects/Forritun/SharpBag/SharpBag.Tests01/bin/Release/SharpBag.Tests.DLL" adapterTypeName="Microsoft.VisualStudio.TestTools.TestTypes.Unit.UnitTestAdapter, Microsoft.VisualStudio.QualityTools.Tips.UnitTest.Adapter, Version=10.0.0.0, Culture=neutral, PublicKeyToken=b03f5f7f11d50a3a" className="SharpBag.ExtensionsTest, SharpBag.Tests, Version=0.0.0.0, Culture=neutral, PublicKeyToken=null" name="As01664" />
    </UnitTest>
    <UnitTest name="AsEnumerable03ThrowsContractException173" storage="c:\users\suprdewd\desktop\projects\forritun\sharpbag\sharpbag.tests01\bin\release\sharpbag.tests.dll" id="cd6d70a0-5149-bc7b-20d9-ea0e29ddf4cf">
      <Execution id="0b1f1427-2970-4b42-a39c-677ae3740835" />
      <TestMethod codeBase="C:/Users/SuprDewd/Desktop/Projects/Forritun/SharpBag/SharpBag.Tests01/bin/Release/SharpBag.Tests.DLL" adapterTypeName="Microsoft.VisualStudio.TestTools.TestTypes.Unit.UnitTestAdapter, Microsoft.VisualStudio.QualityTools.Tips.UnitTest.Adapter, Version=10.0.0.0, Culture=neutral, PublicKeyToken=b03f5f7f11d50a3a" className="SharpBag.ExtensionsTest, SharpBag.Tests, Version=0.0.0.0, Culture=neutral, PublicKeyToken=null" name="AsEnumerable03ThrowsContractException173" />
    </UnitTest>
    <UnitTest name="RandomThrowsContractException574" storage="c:\users\suprdewd\desktop\projects\forritun\sharpbag\sharpbag.tests01\bin\release\sharpbag.tests.dll" id="1ddea7a7-fe10-238b-7e4c-5401f2a78e2b">
      <Execution id="5650d821-0030-453b-8399-8fb05f59475b" />
      <TestMethod codeBase="C:/Users/SuprDewd/Desktop/Projects/Forritun/SharpBag/SharpBag.Tests01/bin/Release/SharpBag.Tests.DLL" adapterTypeName="Microsoft.VisualStudio.TestTools.TestTypes.Unit.UnitTestAdapter, Microsoft.VisualStudio.QualityTools.Tips.UnitTest.Adapter, Version=10.0.0.0, Culture=neutral, PublicKeyToken=b03f5f7f11d50a3a" className="SharpBag.ExtensionsTest, SharpBag.Tests, Version=0.0.0.0, Culture=neutral, PublicKeyToken=null" name="RandomThrowsContractException574" />
    </UnitTest>
    <UnitTest name="ExecuteThrowsContractException78" storage="c:\users\suprdewd\desktop\projects\forritun\sharpbag\sharpbag.tests01\bin\release\sharpbag.tests.dll" id="77908785-744a-2461-09c9-ef819284a9cc">
      <Execution id="a5fbcf12-8464-4988-b6ab-632c57a28ad3" />
      <TestMethod codeBase="C:/Users/SuprDewd/Desktop/Projects/Forritun/SharpBag/SharpBag.Tests01/bin/Release/SharpBag.Tests.DLL" adapterTypeName="Microsoft.VisualStudio.TestTools.TestTypes.Unit.UnitTestAdapter, Microsoft.VisualStudio.QualityTools.Tips.UnitTest.Adapter, Version=10.0.0.0, Culture=neutral, PublicKeyToken=b03f5f7f11d50a3a" className="SharpBag.ExtensionsTest, SharpBag.Tests, Version=0.0.0.0, Culture=neutral, PublicKeyToken=null" name="ExecuteThrowsContractException78" />
    </UnitTest>
    <UnitTest name="RangeThrowsContractException560" storage="c:\users\suprdewd\desktop\projects\forritun\sharpbag\sharpbag.tests01\bin\release\sharpbag.tests.dll" id="22b3bc9e-2d91-4747-086b-d415be2c5776">
      <Execution id="6f9c5727-5e8b-4848-97d0-33992242c2e3" />
      <TestMethod codeBase="C:/Users/SuprDewd/Desktop/Projects/Forritun/SharpBag/SharpBag.Tests01/bin/Release/SharpBag.Tests.DLL" adapterTypeName="Microsoft.VisualStudio.TestTools.TestTypes.Unit.UnitTestAdapter, Microsoft.VisualStudio.QualityTools.Tips.UnitTest.Adapter, Version=10.0.0.0, Culture=neutral, PublicKeyToken=b03f5f7f11d50a3a" className="SharpBag.ExtensionsTest, SharpBag.Tests, Version=0.0.0.0, Culture=neutral, PublicKeyToken=null" name="RangeThrowsContractException560" />
    </UnitTest>
    <UnitTest name="UnionAll02ThrowsContractException412" storage="c:\users\suprdewd\desktop\projects\forritun\sharpbag\sharpbag.tests01\bin\release\sharpbag.tests.dll" id="135a3025-77e5-46ab-cdc0-1fc37de1ad5c">
      <Execution id="3a2dd29d-be38-41c1-9af8-2a271a6c4fe9" />
      <TestMethod codeBase="C:/Users/SuprDewd/Desktop/Projects/Forritun/SharpBag/SharpBag.Tests01/bin/Release/SharpBag.Tests.DLL" adapterTypeName="Microsoft.VisualStudio.TestTools.TestTypes.Unit.UnitTestAdapter, Microsoft.VisualStudio.QualityTools.Tips.UnitTest.Adapter, Version=10.0.0.0, Culture=neutral, PublicKeyToken=b03f5f7f11d50a3a" className="SharpBag.ExtensionsTest, SharpBag.Tests, Version=0.0.0.0, Culture=neutral, PublicKeyToken=null" name="UnionAll02ThrowsContractException412" />
    </UnitTest>
    <UnitTest name="SubarrayThrowsContractException964" storage="c:\users\suprdewd\desktop\projects\forritun\sharpbag\sharpbag.tests01\bin\release\sharpbag.tests.dll" id="d06dda95-89d0-a317-5ac0-24adb003c101">
      <Execution id="54271920-bfeb-45f0-8280-6eb6d3e86f12" />
      <TestMethod codeBase="C:/Users/SuprDewd/Desktop/Projects/Forritun/SharpBag/SharpBag.Tests01/bin/Release/SharpBag.Tests.DLL" adapterTypeName="Microsoft.VisualStudio.TestTools.TestTypes.Unit.UnitTestAdapter, Microsoft.VisualStudio.QualityTools.Tips.UnitTest.Adapter, Version=10.0.0.0, Culture=neutral, PublicKeyToken=b03f5f7f11d50a3a" className="SharpBag.ExtensionsTest, SharpBag.Tests, Version=0.0.0.0, Culture=neutral, PublicKeyToken=null" name="SubarrayThrowsContractException964" />
    </UnitTest>
    <UnitTest name="ForEachThrowsContractException931" storage="c:\users\suprdewd\desktop\projects\forritun\sharpbag\sharpbag.tests01\bin\release\sharpbag.tests.dll" id="b9a0a920-02f6-e8cf-8012-6ed61570d734">
      <Execution id="290608a3-64fd-4fa0-8d65-5070c55c64da" />
      <TestMethod codeBase="C:/Users/SuprDewd/Desktop/Projects/Forritun/SharpBag/SharpBag.Tests01/bin/Release/SharpBag.Tests.DLL" adapterTypeName="Microsoft.VisualStudio.TestTools.TestTypes.Unit.UnitTestAdapter, Microsoft.VisualStudio.QualityTools.Tips.UnitTest.Adapter, Version=10.0.0.0, Culture=neutral, PublicKeyToken=b03f5f7f11d50a3a" className="SharpBag.ExtensionsTest, SharpBag.Tests, Version=0.0.0.0, Culture=neutral, PublicKeyToken=null" name="ForEachThrowsContractException931" />
    </UnitTest>
    <UnitTest name="As66" storage="c:\users\suprdewd\desktop\projects\forritun\sharpbag\sharpbag.tests01\bin\release\sharpbag.tests.dll" id="2b439315-a245-09eb-2a28-a8a156c3b963">
      <Execution id="456c6555-4c9d-4177-bcbb-0544b62780af" />
      <TestMethod codeBase="C:/Users/SuprDewd/Desktop/Projects/Forritun/SharpBag/SharpBag.Tests01/bin/Release/SharpBag.Tests.DLL" adapterTypeName="Microsoft.VisualStudio.TestTools.TestTypes.Unit.UnitTestAdapter, Microsoft.VisualStudio.QualityTools.Tips.UnitTest.Adapter, Version=10.0.0.0, Culture=neutral, PublicKeyToken=b03f5f7f11d50a3a" className="SharpBag.ExtensionsTest, SharpBag.Tests, Version=0.0.0.0, Culture=neutral, PublicKeyToken=null" name="As66" />
    </UnitTest>
    <UnitTest name="As014" storage="c:\users\suprdewd\desktop\projects\forritun\sharpbag\sharpbag.tests01\bin\release\sharpbag.tests.dll" id="7edd5b56-0f03-8716-c3c8-130b2e422ca5">
      <Execution id="680e5328-2a2a-4ea9-ae09-e65c2ff61dc7" />
      <TestMethod codeBase="C:/Users/SuprDewd/Desktop/Projects/Forritun/SharpBag/SharpBag.Tests01/bin/Release/SharpBag.Tests.DLL" adapterTypeName="Microsoft.VisualStudio.TestTools.TestTypes.Unit.UnitTestAdapter, Microsoft.VisualStudio.QualityTools.Tips.UnitTest.Adapter, Version=10.0.0.0, Culture=neutral, PublicKeyToken=b03f5f7f11d50a3a" className="SharpBag.ExtensionsTest, SharpBag.Tests, Version=0.0.0.0, Culture=neutral, PublicKeyToken=null" name="As014" />
    </UnitTest>
    <UnitTest name="Subarray709" storage="c:\users\suprdewd\desktop\projects\forritun\sharpbag\sharpbag.tests01\bin\release\sharpbag.tests.dll" id="04c53adc-df51-85a8-3dcb-278e962fc112">
      <Execution id="81eba23b-3dce-49de-a28c-2b0ad9dfa0fe" />
      <TestMethod codeBase="C:/Users/SuprDewd/Desktop/Projects/Forritun/SharpBag/SharpBag.Tests01/bin/Release/SharpBag.Tests.DLL" adapterTypeName="Microsoft.VisualStudio.TestTools.TestTypes.Unit.UnitTestAdapter, Microsoft.VisualStudio.QualityTools.Tips.UnitTest.Adapter, Version=10.0.0.0, Culture=neutral, PublicKeyToken=b03f5f7f11d50a3a" className="SharpBag.ExtensionsTest, SharpBag.Tests, Version=0.0.0.0, Culture=neutral, PublicKeyToken=null" name="Subarray709" />
    </UnitTest>
    <UnitTest name="AsEnumerable03148" storage="c:\users\suprdewd\desktop\projects\forritun\sharpbag\sharpbag.tests01\bin\release\sharpbag.tests.dll" id="b2aadfc0-b55c-fa15-a9e1-9405ae9a9cc7">
      <Execution id="6c8cc052-33f8-4061-b2fa-92eb3d740f6a" />
      <TestMethod codeBase="C:/Users/SuprDewd/Desktop/Projects/Forritun/SharpBag/SharpBag.Tests01/bin/Release/SharpBag.Tests.DLL" adapterTypeName="Microsoft.VisualStudio.TestTools.TestTypes.Unit.UnitTestAdapter, Microsoft.VisualStudio.QualityTools.Tips.UnitTest.Adapter, Version=10.0.0.0, Culture=neutral, PublicKeyToken=b03f5f7f11d50a3a" className="SharpBag.ExtensionsTest, SharpBag.Tests, Version=0.0.0.0, Culture=neutral, PublicKeyToken=null" name="AsEnumerable03148" />
    </UnitTest>
    <UnitTest name="As763" storage="c:\users\suprdewd\desktop\projects\forritun\sharpbag\sharpbag.tests01\bin\release\sharpbag.tests.dll" id="808822f6-9c85-0a33-f1f9-4d64c79fb975">
      <Execution id="4119a3fc-0925-46da-9e78-00aec58db0e0" />
      <TestMethod codeBase="C:/Users/SuprDewd/Desktop/Projects/Forritun/SharpBag/SharpBag.Tests01/bin/Release/SharpBag.Tests.DLL" adapterTypeName="Microsoft.VisualStudio.TestTools.TestTypes.Unit.UnitTestAdapter, Microsoft.VisualStudio.QualityTools.Tips.UnitTest.Adapter, Version=10.0.0.0, Culture=neutral, PublicKeyToken=b03f5f7f11d50a3a" className="SharpBag.ExtensionsTest, SharpBag.Tests, Version=0.0.0.0, Culture=neutral, PublicKeyToken=null" name="As763" />
    </UnitTest>
    <UnitTest name="To04886" storage="c:\users\suprdewd\desktop\projects\forritun\sharpbag\sharpbag.tests01\bin\release\sharpbag.tests.dll" id="aa22a9b8-be5f-7c6d-f18d-55627b642600">
      <Execution id="493514c2-9fc1-4210-9705-ae0678b18b37" />
      <TestMethod codeBase="C:/Users/SuprDewd/Desktop/Projects/Forritun/SharpBag/SharpBag.Tests01/bin/Release/SharpBag.Tests.DLL" adapterTypeName="Microsoft.VisualStudio.TestTools.TestTypes.Unit.UnitTestAdapter, Microsoft.VisualStudio.QualityTools.Tips.UnitTest.Adapter, Version=10.0.0.0, Culture=neutral, PublicKeyToken=b03f5f7f11d50a3a" className="SharpBag.ExtensionsTest, SharpBag.Tests, Version=0.0.0.0, Culture=neutral, PublicKeyToken=null" name="To04886" />
    </UnitTest>
    <UnitTest name="IsIn01ThrowsContractException279" storage="c:\users\suprdewd\desktop\projects\forritun\sharpbag\sharpbag.tests01\bin\release\sharpbag.tests.dll" id="2664c1af-83be-d3ec-b2b2-1838fed1807c">
      <Execution id="f7c157b9-9c96-4231-8d7c-73f65e3dc017" />
      <TestMethod codeBase="C:/Users/SuprDewd/Desktop/Projects/Forritun/SharpBag/SharpBag.Tests01/bin/Release/SharpBag.Tests.DLL" adapterTypeName="Microsoft.VisualStudio.TestTools.TestTypes.Unit.UnitTestAdapter, Microsoft.VisualStudio.QualityTools.Tips.UnitTest.Adapter, Version=10.0.0.0, Culture=neutral, PublicKeyToken=b03f5f7f11d50a3a" className="SharpBag.ExtensionsTest, SharpBag.Tests, Version=0.0.0.0, Culture=neutral, PublicKeyToken=null" name="IsIn01ThrowsContractException279" />
    </UnitTest>
    <UnitTest name="If79" storage="c:\users\suprdewd\desktop\projects\forritun\sharpbag\sharpbag.tests01\bin\release\sharpbag.tests.dll" id="18234ca5-6af0-1355-5140-f92645f28e01">
      <Execution id="664f3665-fd6e-47dd-95fd-ab21b556674e" />
      <TestMethod codeBase="C:/Users/SuprDewd/Desktop/Projects/Forritun/SharpBag/SharpBag.Tests01/bin/Release/SharpBag.Tests.DLL" adapterTypeName="Microsoft.VisualStudio.TestTools.TestTypes.Unit.UnitTestAdapter, Microsoft.VisualStudio.QualityTools.Tips.UnitTest.Adapter, Version=10.0.0.0, Culture=neutral, PublicKeyToken=b03f5f7f11d50a3a" className="SharpBag.ExtensionsTest, SharpBag.Tests, Version=0.0.0.0, Culture=neutral, PublicKeyToken=null" name="If79" />
    </UnitTest>
    <UnitTest name="ForEach125" storage="c:\users\suprdewd\desktop\projects\forritun\sharpbag\sharpbag.tests01\bin\release\sharpbag.tests.dll" id="193af604-0c49-1c0a-39c2-739404c2ca21">
      <Execution id="74a0f495-073c-456b-82cf-88e860f557c8" />
      <TestMethod codeBase="C:/Users/SuprDewd/Desktop/Projects/Forritun/SharpBag/SharpBag.Tests01/bin/Release/SharpBag.Tests.DLL" adapterTypeName="Microsoft.VisualStudio.TestTools.TestTypes.Unit.UnitTestAdapter, Microsoft.VisualStudio.QualityTools.Tips.UnitTest.Adapter, Version=10.0.0.0, Culture=neutral, PublicKeyToken=b03f5f7f11d50a3a" className="SharpBag.ExtensionsTest, SharpBag.Tests, Version=0.0.0.0, Culture=neutral, PublicKeyToken=null" name="ForEach125" />
    </UnitTest>
    <UnitTest name="SubarrayThrowsIndexOutOfRangeException237" storage="c:\users\suprdewd\desktop\projects\forritun\sharpbag\sharpbag.tests01\bin\release\sharpbag.tests.dll" id="594704dd-0a86-b16d-988c-f53dd3e4a947">
      <Execution id="33da0eb5-1487-401f-926a-018df95afade" />
      <TestMethod codeBase="C:/Users/SuprDewd/Desktop/Projects/Forritun/SharpBag/SharpBag.Tests01/bin/Release/SharpBag.Tests.DLL" adapterTypeName="Microsoft.VisualStudio.TestTools.TestTypes.Unit.UnitTestAdapter, Microsoft.VisualStudio.QualityTools.Tips.UnitTest.Adapter, Version=10.0.0.0, Culture=neutral, PublicKeyToken=b03f5f7f11d50a3a" className="SharpBag.ExtensionsTest, SharpBag.Tests, Version=0.0.0.0, Culture=neutral, PublicKeyToken=null" name="SubarrayThrowsIndexOutOfRangeException237" />
    </UnitTest>
    <UnitTest name="As01303" storage="c:\users\suprdewd\desktop\projects\forritun\sharpbag\sharpbag.tests01\bin\release\sharpbag.tests.dll" id="3d3988d3-9563-f144-e6f1-47341372fdea">
      <Execution id="bfd4ff1c-8f9a-44d1-aefc-f0f103ef18e0" />
      <TestMethod codeBase="C:/Users/SuprDewd/Desktop/Projects/Forritun/SharpBag/SharpBag.Tests01/bin/Release/SharpBag.Tests.DLL" adapterTypeName="Microsoft.VisualStudio.TestTools.TestTypes.Unit.UnitTestAdapter, Microsoft.VisualStudio.QualityTools.Tips.UnitTest.Adapter, Version=10.0.0.0, Culture=neutral, PublicKeyToken=b03f5f7f11d50a3a" className="SharpBag.ExtensionsTest, SharpBag.Tests, Version=0.0.0.0, Culture=neutral, PublicKeyToken=null" name="As01303" />
    </UnitTest>
    <UnitTest name="As21506" storage="c:\users\suprdewd\desktop\projects\forritun\sharpbag\sharpbag.tests01\bin\release\sharpbag.tests.dll" id="bdf234ab-0f12-2337-9094-2671833caeec">
      <Execution id="7fd0815f-c934-4052-8d42-0e55efd1b826" />
      <TestMethod codeBase="C:/Users/SuprDewd/Desktop/Projects/Forritun/SharpBag/SharpBag.Tests01/bin/Release/SharpBag.Tests.DLL" adapterTypeName="Microsoft.VisualStudio.TestTools.TestTypes.Unit.UnitTestAdapter, Microsoft.VisualStudio.QualityTools.Tips.UnitTest.Adapter, Version=10.0.0.0, Culture=neutral, PublicKeyToken=b03f5f7f11d50a3a" className="SharpBag.ExtensionsTest, SharpBag.Tests, Version=0.0.0.0, Culture=neutral, PublicKeyToken=null" name="As21506" />
    </UnitTest>
    <UnitTest name="Fill01ThrowsContractException156" storage="c:\users\suprdewd\desktop\projects\forritun\sharpbag\sharpbag.tests01\bin\release\sharpbag.tests.dll" id="e86f4b46-ab12-e2fb-3f68-4ffa6ecd4f99">
      <Execution id="7f64c3e7-1945-4bd5-9d14-867d2859d9ec" />
      <TestMethod codeBase="C:/Users/SuprDewd/Desktop/Projects/Forritun/SharpBag/SharpBag.Tests01/bin/Release/SharpBag.Tests.DLL" adapterTypeName="Microsoft.VisualStudio.TestTools.TestTypes.Unit.UnitTestAdapter, Microsoft.VisualStudio.QualityTools.Tips.UnitTest.Adapter, Version=10.0.0.0, Culture=neutral, PublicKeyToken=b03f5f7f11d50a3a" className="SharpBag.ExtensionsTest, SharpBag.Tests, Version=0.0.0.0, Culture=neutral, PublicKeyToken=null" name="Fill01ThrowsContractException156" />
    </UnitTest>
    <UnitTest name="As21503" storage="c:\users\suprdewd\desktop\projects\forritun\sharpbag\sharpbag.tests01\bin\release\sharpbag.tests.dll" id="b03d2b82-a5f5-4a0a-521f-fd9e431b28da">
      <Execution id="e585f9fe-5407-4cd9-b13b-7aee8a288baf" />
      <TestMethod codeBase="C:/Users/SuprDewd/Desktop/Projects/Forritun/SharpBag/SharpBag.Tests01/bin/Release/SharpBag.Tests.DLL" adapterTypeName="Microsoft.VisualStudio.TestTools.TestTypes.Unit.UnitTestAdapter, Microsoft.VisualStudio.QualityTools.Tips.UnitTest.Adapter, Version=10.0.0.0, Culture=neutral, PublicKeyToken=b03f5f7f11d50a3a" className="SharpBag.ExtensionsTest, SharpBag.Tests, Version=0.0.0.0, Culture=neutral, PublicKeyToken=null" name="As21503" />
    </UnitTest>
    <UnitTest name="As01983" storage="c:\users\suprdewd\desktop\projects\forritun\sharpbag\sharpbag.tests01\bin\release\sharpbag.tests.dll" id="f50339b2-56a6-fab9-1b43-e437b5e0a59d">
      <Execution id="61584348-581b-4b51-9cb1-85cdb0d6b105" />
      <TestMethod codeBase="C:/Users/SuprDewd/Desktop/Projects/Forritun/SharpBag/SharpBag.Tests01/bin/Release/SharpBag.Tests.DLL" adapterTypeName="Microsoft.VisualStudio.TestTools.TestTypes.Unit.UnitTestAdapter, Microsoft.VisualStudio.QualityTools.Tips.UnitTest.Adapter, Version=10.0.0.0, Culture=neutral, PublicKeyToken=b03f5f7f11d50a3a" className="SharpBag.ExtensionsTest, SharpBag.Tests, Version=0.0.0.0, Culture=neutral, PublicKeyToken=null" name="As01983" />
    </UnitTest>
    <UnitTest name="As21505" storage="c:\users\suprdewd\desktop\projects\forritun\sharpbag\sharpbag.tests01\bin\release\sharpbag.tests.dll" id="2250a8be-6947-1057-ceec-e49c62f651fa">
      <Execution id="2534fd59-2ae3-499a-87f3-19bed3c7dbc5" />
      <TestMethod codeBase="C:/Users/SuprDewd/Desktop/Projects/Forritun/SharpBag/SharpBag.Tests01/bin/Release/SharpBag.Tests.DLL" adapterTypeName="Microsoft.VisualStudio.TestTools.TestTypes.Unit.UnitTestAdapter, Microsoft.VisualStudio.QualityTools.Tips.UnitTest.Adapter, Version=10.0.0.0, Culture=neutral, PublicKeyToken=b03f5f7f11d50a3a" className="SharpBag.ExtensionsTest, SharpBag.Tests, Version=0.0.0.0, Culture=neutral, PublicKeyToken=null" name="As21505" />
    </UnitTest>
    <UnitTest name="AsEnumerableThrowsContractException617" storage="c:\users\suprdewd\desktop\projects\forritun\sharpbag\sharpbag.tests01\bin\release\sharpbag.tests.dll" id="c0b42161-4a2a-a4b9-5fed-56ce341f748e">
      <Execution id="a38c12db-ceb3-4928-8b2e-83dc20e9e8ca" />
      <TestMethod codeBase="C:/Users/SuprDewd/Desktop/Projects/Forritun/SharpBag/SharpBag.Tests01/bin/Release/SharpBag.Tests.DLL" adapterTypeName="Microsoft.VisualStudio.TestTools.TestTypes.Unit.UnitTestAdapter, Microsoft.VisualStudio.QualityTools.Tips.UnitTest.Adapter, Version=10.0.0.0, Culture=neutral, PublicKeyToken=b03f5f7f11d50a3a" className="SharpBag.ExtensionsTest, SharpBag.Tests, Version=0.0.0.0, Culture=neutral, PublicKeyToken=null" name="AsEnumerableThrowsContractException617" />
    </UnitTest>
    <UnitTest name="TakeEveryThrowsContractException57" storage="c:\users\suprdewd\desktop\projects\forritun\sharpbag\sharpbag.tests01\bin\release\sharpbag.tests.dll" id="71fdaff9-49bf-b223-1fec-b90817ed9152">
      <Execution id="ebb38044-dfc2-4c76-8f0b-dcc882b35b43" />
      <TestMethod codeBase="C:/Users/SuprDewd/Desktop/Projects/Forritun/SharpBag/SharpBag.Tests01/bin/Release/SharpBag.Tests.DLL" adapterTypeName="Microsoft.VisualStudio.TestTools.TestTypes.Unit.UnitTestAdapter, Microsoft.VisualStudio.QualityTools.Tips.UnitTest.Adapter, Version=10.0.0.0, Culture=neutral, PublicKeyToken=b03f5f7f11d50a3a" className="SharpBag.ExtensionsTest, SharpBag.Tests, Version=0.0.0.0, Culture=neutral, PublicKeyToken=null" name="TakeEveryThrowsContractException57" />
    </UnitTest>
    <UnitTest name="ToDictionaryThrowsContractException647" storage="c:\users\suprdewd\desktop\projects\forritun\sharpbag\sharpbag.tests01\bin\release\sharpbag.tests.dll" id="67060c20-8464-3afb-a152-2d973dbdaed1">
      <Execution id="cf6e3ce7-5fe2-425a-8453-79b0b32889b1" />
      <TestMethod codeBase="C:/Users/SuprDewd/Desktop/Projects/Forritun/SharpBag/SharpBag.Tests01/bin/Release/SharpBag.Tests.DLL" adapterTypeName="Microsoft.VisualStudio.TestTools.TestTypes.Unit.UnitTestAdapter, Microsoft.VisualStudio.QualityTools.Tips.UnitTest.Adapter, Version=10.0.0.0, Culture=neutral, PublicKeyToken=b03f5f7f11d50a3a" className="SharpBag.ExtensionsTest, SharpBag.Tests, Version=0.0.0.0, Culture=neutral, PublicKeyToken=null" name="ToDictionaryThrowsContractException647" />
    </UnitTest>
    <UnitTest name="As0163205" storage="c:\users\suprdewd\desktop\projects\forritun\sharpbag\sharpbag.tests01\bin\release\sharpbag.tests.dll" id="48745f52-01da-5495-8edc-495e0a033ca1">
      <Execution id="cdcf0c60-872a-4786-9efe-c5f127465238" />
      <TestMethod codeBase="C:/Users/SuprDewd/Desktop/Projects/Forritun/SharpBag/SharpBag.Tests01/bin/Release/SharpBag.Tests.DLL" adapterTypeName="Microsoft.VisualStudio.TestTools.TestTypes.Unit.UnitTestAdapter, Microsoft.VisualStudio.QualityTools.Tips.UnitTest.Adapter, Version=10.0.0.0, Culture=neutral, PublicKeyToken=b03f5f7f11d50a3a" className="SharpBag.ExtensionsTest, SharpBag.Tests, Version=0.0.0.0, Culture=neutral, PublicKeyToken=null" name="As0163205" />
    </UnitTest>
    <UnitTest name="As0163206" storage="c:\users\suprdewd\desktop\projects\forritun\sharpbag\sharpbag.tests01\bin\release\sharpbag.tests.dll" id="e3e433dc-f656-51bd-faab-b6cc3200c3cc">
      <Execution id="fda9f844-041c-45dd-8f9d-f7e85abece90" />
      <TestMethod codeBase="C:/Users/SuprDewd/Desktop/Projects/Forritun/SharpBag/SharpBag.Tests01/bin/Release/SharpBag.Tests.DLL" adapterTypeName="Microsoft.VisualStudio.TestTools.TestTypes.Unit.UnitTestAdapter, Microsoft.VisualStudio.QualityTools.Tips.UnitTest.Adapter, Version=10.0.0.0, Culture=neutral, PublicKeyToken=b03f5f7f11d50a3a" className="SharpBag.ExtensionsTest, SharpBag.Tests, Version=0.0.0.0, Culture=neutral, PublicKeyToken=null" name="As0163206" />
    </UnitTest>
    <UnitTest name="ContainsArrayThrowsContractException477" storage="c:\users\suprdewd\desktop\projects\forritun\sharpbag\sharpbag.tests01\bin\release\sharpbag.tests.dll" id="ea4165e9-438f-19c0-bb46-9e9157f55554">
      <Execution id="c890a961-c049-4141-b807-706292d4d301" />
      <TestMethod codeBase="C:/Users/SuprDewd/Desktop/Projects/Forritun/SharpBag/SharpBag.Tests01/bin/Release/SharpBag.Tests.DLL" adapterTypeName="Microsoft.VisualStudio.TestTools.TestTypes.Unit.UnitTestAdapter, Microsoft.VisualStudio.QualityTools.Tips.UnitTest.Adapter, Version=10.0.0.0, Culture=neutral, PublicKeyToken=b03f5f7f11d50a3a" className="SharpBag.ExtensionsTest, SharpBag.Tests, Version=0.0.0.0, Culture=neutral, PublicKeyToken=null" name="ContainsArrayThrowsContractException477" />
    </UnitTest>
    <UnitTest name="As0163202" storage="c:\users\suprdewd\desktop\projects\forritun\sharpbag\sharpbag.tests01\bin\release\sharpbag.tests.dll" id="5aba0e57-1e97-6240-5ce7-34738ec9892e">
      <Execution id="dbdc3524-9359-44cc-a967-d94710b7be27" />
      <TestMethod codeBase="C:/Users/SuprDewd/Desktop/Projects/Forritun/SharpBag/SharpBag.Tests01/bin/Release/SharpBag.Tests.DLL" adapterTypeName="Microsoft.VisualStudio.TestTools.TestTypes.Unit.UnitTestAdapter, Microsoft.VisualStudio.QualityTools.Tips.UnitTest.Adapter, Version=10.0.0.0, Culture=neutral, PublicKeyToken=b03f5f7f11d50a3a" className="SharpBag.ExtensionsTest, SharpBag.Tests, Version=0.0.0.0, Culture=neutral, PublicKeyToken=null" name="As0163202" />
    </UnitTest>
    <UnitTest name="AsEnumerable560" storage="c:\users\suprdewd\desktop\projects\forritun\sharpbag\sharpbag.tests01\bin\release\sharpbag.tests.dll" id="84a133d0-001f-a986-72f9-cc05e5f25751">
      <Execution id="8387f81a-7625-4335-a8be-978ea880126a" />
      <TestMethod codeBase="C:/Users/SuprDewd/Desktop/Projects/Forritun/SharpBag/SharpBag.Tests01/bin/Release/SharpBag.Tests.DLL" adapterTypeName="Microsoft.VisualStudio.TestTools.TestTypes.Unit.UnitTestAdapter, Microsoft.VisualStudio.QualityTools.Tips.UnitTest.Adapter, Version=10.0.0.0, Culture=neutral, PublicKeyToken=b03f5f7f11d50a3a" className="SharpBag.ExtensionsTest, SharpBag.Tests, Version=0.0.0.0, Culture=neutral, PublicKeyToken=null" name="AsEnumerable560" />
    </UnitTest>
    <UnitTest name="Fill01688" storage="c:\users\suprdewd\desktop\projects\forritun\sharpbag\sharpbag.tests01\bin\release\sharpbag.tests.dll" id="d400fa75-dd71-d01b-c6b4-e354835a9d50">
      <Execution id="69258be6-9554-4892-b2eb-526979d76c8e" />
      <TestMethod codeBase="C:/Users/SuprDewd/Desktop/Projects/Forritun/SharpBag/SharpBag.Tests01/bin/Release/SharpBag.Tests.DLL" adapterTypeName="Microsoft.VisualStudio.TestTools.TestTypes.Unit.UnitTestAdapter, Microsoft.VisualStudio.QualityTools.Tips.UnitTest.Adapter, Version=10.0.0.0, Culture=neutral, PublicKeyToken=b03f5f7f11d50a3a" className="SharpBag.ExtensionsTest, SharpBag.Tests, Version=0.0.0.0, Culture=neutral, PublicKeyToken=null" name="Fill01688" />
    </UnitTest>
    <UnitTest name="As76301" storage="c:\users\suprdewd\desktop\projects\forritun\sharpbag\sharpbag.tests01\bin\release\sharpbag.tests.dll" id="14c4d8f7-99c5-9b56-48f1-16bece872cd1">
      <Execution id="53ea861e-dd36-4815-9af1-0dd915320dc5" />
      <TestMethod codeBase="C:/Users/SuprDewd/Desktop/Projects/Forritun/SharpBag/SharpBag.Tests01/bin/Release/SharpBag.Tests.DLL" adapterTypeName="Microsoft.VisualStudio.TestTools.TestTypes.Unit.UnitTestAdapter, Microsoft.VisualStudio.QualityTools.Tips.UnitTest.Adapter, Version=10.0.0.0, Culture=neutral, PublicKeyToken=b03f5f7f11d50a3a" className="SharpBag.ExtensionsTest, SharpBag.Tests, Version=0.0.0.0, Culture=neutral, PublicKeyToken=null" name="As76301" />
    </UnitTest>
    <UnitTest name="EmptyIfNull122" storage="c:\users\suprdewd\desktop\projects\forritun\sharpbag\sharpbag.tests01\bin\release\sharpbag.tests.dll" id="3902168e-77cb-c1b4-c44f-4336ab3b86bd">
      <Execution id="44dcd75b-cb3a-46e4-b054-52265c23bce5" />
      <TestMethod codeBase="C:/Users/SuprDewd/Desktop/Projects/Forritun/SharpBag/SharpBag.Tests01/bin/Release/SharpBag.Tests.DLL" adapterTypeName="Microsoft.VisualStudio.TestTools.TestTypes.Unit.UnitTestAdapter, Microsoft.VisualStudio.QualityTools.Tips.UnitTest.Adapter, Version=10.0.0.0, Culture=neutral, PublicKeyToken=b03f5f7f11d50a3a" className="SharpBag.ExtensionsTest, SharpBag.Tests, Version=0.0.0.0, Culture=neutral, PublicKeyToken=null" name="EmptyIfNull122" />
    </UnitTest>
    <UnitTest name="Add885" storage="c:\users\suprdewd\desktop\projects\forritun\sharpbag\sharpbag.tests01\bin\release\sharpbag.tests.dll" id="8076c83d-2717-5964-7e9d-50cc5e2706b9">
      <Execution id="96ae4b8c-1263-48a8-a79d-29f07f6b398a" />
      <TestMethod codeBase="C:/Users/SuprDewd/Desktop/Projects/Forritun/SharpBag/SharpBag.Tests01/bin/Release/SharpBag.Tests.DLL" adapterTypeName="Microsoft.VisualStudio.TestTools.TestTypes.Unit.UnitTestAdapter, Microsoft.VisualStudio.QualityTools.Tips.UnitTest.Adapter, Version=10.0.0.0, Culture=neutral, PublicKeyToken=b03f5f7f11d50a3a" className="SharpBag.ExtensionsTest, SharpBag.Tests, Version=0.0.0.0, Culture=neutral, PublicKeyToken=null" name="Add885" />
    </UnitTest>
    <UnitTest name="FillThrowsContractException125" storage="c:\users\suprdewd\desktop\projects\forritun\sharpbag\sharpbag.tests01\bin\release\sharpbag.tests.dll" id="da5feb53-2e0d-e0c8-406f-5aa41dc5d56c">
      <Execution id="6297d740-1a7c-41e1-9b14-f40c118dcd79" />
      <TestMethod codeBase="C:/Users/SuprDewd/Desktop/Projects/Forritun/SharpBag/SharpBag.Tests01/bin/Release/SharpBag.Tests.DLL" adapterTypeName="Microsoft.VisualStudio.TestTools.TestTypes.Unit.UnitTestAdapter, Microsoft.VisualStudio.QualityTools.Tips.UnitTest.Adapter, Version=10.0.0.0, Culture=neutral, PublicKeyToken=b03f5f7f11d50a3a" className="SharpBag.ExtensionsTest, SharpBag.Tests, Version=0.0.0.0, Culture=neutral, PublicKeyToken=null" name="FillThrowsContractException125" />
    </UnitTest>
    <UnitTest name="GetByPercentThrowsContractException730" storage="c:\users\suprdewd\desktop\projects\forritun\sharpbag\sharpbag.tests01\bin\release\sharpbag.tests.dll" id="1e0ca069-996e-4bc0-6164-74e9ee8107ac">
      <Execution id="9961e327-adf6-454d-8cbc-c6dc1976fc3f" />
      <TestMethod codeBase="C:/Users/SuprDewd/Desktop/Projects/Forritun/SharpBag/SharpBag.Tests01/bin/Release/SharpBag.Tests.DLL" adapterTypeName="Microsoft.VisualStudio.TestTools.TestTypes.Unit.UnitTestAdapter, Microsoft.VisualStudio.QualityTools.Tips.UnitTest.Adapter, Version=10.0.0.0, Culture=neutral, PublicKeyToken=b03f5f7f11d50a3a" className="SharpBag.ExtensionsTest, SharpBag.Tests, Version=0.0.0.0, Culture=neutral, PublicKeyToken=null" name="GetByPercentThrowsContractException730" />
    </UnitTest>
    <UnitTest name="AsEnumerable02588" storage="c:\users\suprdewd\desktop\projects\forritun\sharpbag\sharpbag.tests01\bin\release\sharpbag.tests.dll" id="099b6629-b323-a9b6-3641-ebce58ee0f7c">
      <Execution id="c5790c54-f246-44f1-99a9-445342414a9f" />
      <TestMethod codeBase="C:/Users/SuprDewd/Desktop/Projects/Forritun/SharpBag/SharpBag.Tests01/bin/Release/SharpBag.Tests.DLL" adapterTypeName="Microsoft.VisualStudio.TestTools.TestTypes.Unit.UnitTestAdapter, Microsoft.VisualStudio.QualityTools.Tips.UnitTest.Adapter, Version=10.0.0.0, Culture=neutral, PublicKeyToken=b03f5f7f11d50a3a" className="SharpBag.ExtensionsTest, SharpBag.Tests, Version=0.0.0.0, Culture=neutral, PublicKeyToken=null" name="AsEnumerable02588" />
    </UnitTest>
    <UnitTest name="Execute533" storage="c:\users\suprdewd\desktop\projects\forritun\sharpbag\sharpbag.tests01\bin\release\sharpbag.tests.dll" id="b17fedd4-1f62-61d1-927e-d039058fdcc2">
      <Execution id="6cb20ca7-4bc9-47aa-95e1-4a1bea958db2" />
      <TestMethod codeBase="C:/Users/SuprDewd/Desktop/Projects/Forritun/SharpBag/SharpBag.Tests01/bin/Release/SharpBag.Tests.DLL" adapterTypeName="Microsoft.VisualStudio.TestTools.TestTypes.Unit.UnitTestAdapter, Microsoft.VisualStudio.QualityTools.Tips.UnitTest.Adapter, Version=10.0.0.0, Culture=neutral, PublicKeyToken=b03f5f7f11d50a3a" className="SharpBag.ExtensionsTest, SharpBag.Tests, Version=0.0.0.0, Culture=neutral, PublicKeyToken=null" name="Execute533" />
    </UnitTest>
    <UnitTest name="To01ThrowsContractException160" storage="c:\users\suprdewd\desktop\projects\forritun\sharpbag\sharpbag.tests01\bin\release\sharpbag.tests.dll" id="6d798907-2cda-5ed7-51cd-5487f7235fb8">
      <Execution id="f825ce30-f31b-4a96-a741-2e7a5b4a16d3" />
      <TestMethod codeBase="C:/Users/SuprDewd/Desktop/Projects/Forritun/SharpBag/SharpBag.Tests01/bin/Release/SharpBag.Tests.DLL" adapterTypeName="Microsoft.VisualStudio.TestTools.TestTypes.Unit.UnitTestAdapter, Microsoft.VisualStudio.QualityTools.Tips.UnitTest.Adapter, Version=10.0.0.0, Culture=neutral, PublicKeyToken=b03f5f7f11d50a3a" className="SharpBag.ExtensionsTest, SharpBag.Tests, Version=0.0.0.0, Culture=neutral, PublicKeyToken=null" name="To01ThrowsContractException160" />
    </UnitTest>
    <UnitTest name="As0163208" storage="c:\users\suprdewd\desktop\projects\forritun\sharpbag\sharpbag.tests01\bin\release\sharpbag.tests.dll" id="b51e8365-ff64-84bf-89d7-6e6cedcc3dbf">
      <Execution id="80b2dc01-695c-4ab2-8a8f-c846dd722ee0" />
      <TestMethod codeBase="C:/Users/SuprDewd/Desktop/Projects/Forritun/SharpBag/SharpBag.Tests01/bin/Release/SharpBag.Tests.DLL" adapterTypeName="Microsoft.VisualStudio.TestTools.TestTypes.Unit.UnitTestAdapter, Microsoft.VisualStudio.QualityTools.Tips.UnitTest.Adapter, Version=10.0.0.0, Culture=neutral, PublicKeyToken=b03f5f7f11d50a3a" className="SharpBag.ExtensionsTest, SharpBag.Tests, Version=0.0.0.0, Culture=neutral, PublicKeyToken=null" name="As0163208" />
    </UnitTest>
    <UnitTest name="To01637" storage="c:\users\suprdewd\desktop\projects\forritun\sharpbag\sharpbag.tests01\bin\release\sharpbag.tests.dll" id="5514446b-a7eb-a40a-85ab-240a248bba2a">
      <Execution id="6836a401-21f5-44fd-ba89-5b8e2621c9b1" />
      <TestMethod codeBase="C:/Users/SuprDewd/Desktop/Projects/Forritun/SharpBag/SharpBag.Tests01/bin/Release/SharpBag.Tests.DLL" adapterTypeName="Microsoft.VisualStudio.TestTools.TestTypes.Unit.UnitTestAdapter, Microsoft.VisualStudio.QualityTools.Tips.UnitTest.Adapter, Version=10.0.0.0, Culture=neutral, PublicKeyToken=b03f5f7f11d50a3a" className="SharpBag.ExtensionsTest, SharpBag.Tests, Version=0.0.0.0, Culture=neutral, PublicKeyToken=null" name="To01637" />
    </UnitTest>
    <UnitTest name="IfNotNull477" storage="c:\users\suprdewd\desktop\projects\forritun\sharpbag\sharpbag.tests01\bin\release\sharpbag.tests.dll" id="fc92c33d-a24e-4715-be4e-9ee45be3958a">
      <Execution id="cd16e64d-714f-4be2-a6c1-524efbdfaab8" />
      <TestMethod codeBase="C:/Users/SuprDewd/Desktop/Projects/Forritun/SharpBag/SharpBag.Tests01/bin/Release/SharpBag.Tests.DLL" adapterTypeName="Microsoft.VisualStudio.TestTools.TestTypes.Unit.UnitTestAdapter, Microsoft.VisualStudio.QualityTools.Tips.UnitTest.Adapter, Version=10.0.0.0, Culture=neutral, PublicKeyToken=b03f5f7f11d50a3a" className="SharpBag.ExtensionsTest, SharpBag.Tests, Version=0.0.0.0, Culture=neutral, PublicKeyToken=null" name="IfNotNull477" />
    </UnitTest>
    <UnitTest name="IfNotNull01923" storage="c:\users\suprdewd\desktop\projects\forritun\sharpbag\sharpbag.tests01\bin\release\sharpbag.tests.dll" id="46f11c29-0946-1ee3-1afe-afb72995b905">
      <Execution id="ca190282-466b-4164-ae7d-fec18b34bdc2" />
      <TestMethod codeBase="C:/Users/SuprDewd/Desktop/Projects/Forritun/SharpBag/SharpBag.Tests01/bin/Release/SharpBag.Tests.DLL" adapterTypeName="Microsoft.VisualStudio.TestTools.TestTypes.Unit.UnitTestAdapter, Microsoft.VisualStudio.QualityTools.Tips.UnitTest.Adapter, Version=10.0.0.0, Culture=neutral, PublicKeyToken=b03f5f7f11d50a3a" className="SharpBag.ExtensionsTest, SharpBag.Tests, Version=0.0.0.0, Culture=neutral, PublicKeyToken=null" name="IfNotNull01923" />
    </UnitTest>
    <UnitTest name="UnionAll01355" storage="c:\users\suprdewd\desktop\projects\forritun\sharpbag\sharpbag.tests01\bin\release\sharpbag.tests.dll" id="752747b0-a36b-eb83-ec59-1c939066a812">
      <Execution id="ef8d6d4d-d176-48a9-91f7-cdbfc820499c" />
      <TestMethod codeBase="C:/Users/SuprDewd/Desktop/Projects/Forritun/SharpBag/SharpBag.Tests01/bin/Release/SharpBag.Tests.DLL" adapterTypeName="Microsoft.VisualStudio.TestTools.TestTypes.Unit.UnitTestAdapter, Microsoft.VisualStudio.QualityTools.Tips.UnitTest.Adapter, Version=10.0.0.0, Culture=neutral, PublicKeyToken=b03f5f7f11d50a3a" className="SharpBag.ExtensionsTest, SharpBag.Tests, Version=0.0.0.0, Culture=neutral, PublicKeyToken=null" name="UnionAll01355" />
    </UnitTest>
    <UnitTest name="With255" storage="c:\users\suprdewd\desktop\projects\forritun\sharpbag\sharpbag.tests01\bin\release\sharpbag.tests.dll" id="5864e842-9f86-c9b6-bda0-04be2ae227ea">
      <Execution id="8b71ab12-ea35-4765-9235-bb879122e7fc" />
      <TestMethod codeBase="C:/Users/SuprDewd/Desktop/Projects/Forritun/SharpBag/SharpBag.Tests01/bin/Release/SharpBag.Tests.DLL" adapterTypeName="Microsoft.VisualStudio.TestTools.TestTypes.Unit.UnitTestAdapter, Microsoft.VisualStudio.QualityTools.Tips.UnitTest.Adapter, Version=10.0.0.0, Culture=neutral, PublicKeyToken=b03f5f7f11d50a3a" className="SharpBag.ExtensionsTest, SharpBag.Tests, Version=0.0.0.0, Culture=neutral, PublicKeyToken=null" name="With255" />
    </UnitTest>
    <UnitTest name="TakeEvery573" storage="c:\users\suprdewd\desktop\projects\forritun\sharpbag\sharpbag.tests01\bin\release\sharpbag.tests.dll" id="f75fa8c7-8563-f254-ccbd-c82531d39c32">
      <Execution id="64e5f46e-8d2a-4c4d-9f7e-b27512756f49" />
      <TestMethod codeBase="C:/Users/SuprDewd/Desktop/Projects/Forritun/SharpBag/SharpBag.Tests01/bin/Release/SharpBag.Tests.DLL" adapterTypeName="Microsoft.VisualStudio.TestTools.TestTypes.Unit.UnitTestAdapter, Microsoft.VisualStudio.QualityTools.Tips.UnitTest.Adapter, Version=10.0.0.0, Culture=neutral, PublicKeyToken=b03f5f7f11d50a3a" className="SharpBag.ExtensionsTest, SharpBag.Tests, Version=0.0.0.0, Culture=neutral, PublicKeyToken=null" name="TakeEvery573" />
    </UnitTest>
    <UnitTest name="IfNotNullThrowsContractException439" storage="c:\users\suprdewd\desktop\projects\forritun\sharpbag\sharpbag.tests01\bin\release\sharpbag.tests.dll" id="029a1154-08ed-ad21-3797-6c8eecfafc7c">
      <Execution id="e79239dc-cf15-4420-bf76-cdbf9ea4e8da" />
      <TestMethod codeBase="C:/Users/SuprDewd/Desktop/Projects/Forritun/SharpBag/SharpBag.Tests01/bin/Release/SharpBag.Tests.DLL" adapterTypeName="Microsoft.VisualStudio.TestTools.TestTypes.Unit.UnitTestAdapter, Microsoft.VisualStudio.QualityTools.Tips.UnitTest.Adapter, Version=10.0.0.0, Culture=neutral, PublicKeyToken=b03f5f7f11d50a3a" className="SharpBag.ExtensionsTest, SharpBag.Tests, Version=0.0.0.0, Culture=neutral, PublicKeyToken=null" name="IfNotNullThrowsContractException439" />
    </UnitTest>
    <UnitTest name="As21508" storage="c:\users\suprdewd\desktop\projects\forritun\sharpbag\sharpbag.tests01\bin\release\sharpbag.tests.dll" id="f4f76af5-0d54-7bf8-8ba4-b32803d7a374">
      <Execution id="fb1cb386-20fc-4d2b-bff1-28fd1765b4f8" />
      <TestMethod codeBase="C:/Users/SuprDewd/Desktop/Projects/Forritun/SharpBag/SharpBag.Tests01/bin/Release/SharpBag.Tests.DLL" adapterTypeName="Microsoft.VisualStudio.TestTools.TestTypes.Unit.UnitTestAdapter, Microsoft.VisualStudio.QualityTools.Tips.UnitTest.Adapter, Version=10.0.0.0, Culture=neutral, PublicKeyToken=b03f5f7f11d50a3a" className="SharpBag.ExtensionsTest, SharpBag.Tests, Version=0.0.0.0, Culture=neutral, PublicKeyToken=null" name="As21508" />
    </UnitTest>
    <UnitTest name="GetByPercentThrowsContractException674" storage="c:\users\suprdewd\desktop\projects\forritun\sharpbag\sharpbag.tests01\bin\release\sharpbag.tests.dll" id="fd91dd5c-db0b-5fcd-fb9e-a3a345d24392">
      <Execution id="5196f0c7-bea2-410e-9405-c5019fead277" />
      <TestMethod codeBase="C:/Users/SuprDewd/Desktop/Projects/Forritun/SharpBag/SharpBag.Tests01/bin/Release/SharpBag.Tests.DLL" adapterTypeName="Microsoft.VisualStudio.TestTools.TestTypes.Unit.UnitTestAdapter, Microsoft.VisualStudio.QualityTools.Tips.UnitTest.Adapter, Version=10.0.0.0, Culture=neutral, PublicKeyToken=b03f5f7f11d50a3a" className="SharpBag.ExtensionsTest, SharpBag.Tests, Version=0.0.0.0, Culture=neutral, PublicKeyToken=null" name="GetByPercentThrowsContractException674" />
    </UnitTest>
    <UnitTest name="As0163204" storage="c:\users\suprdewd\desktop\projects\forritun\sharpbag\sharpbag.tests01\bin\release\sharpbag.tests.dll" id="d9b4351c-7a62-1cab-5792-b4bc31c2d3e2">
      <Execution id="f3f83783-bf91-4dfe-bc8d-5f6d9f3f060d" />
      <TestMethod codeBase="C:/Users/SuprDewd/Desktop/Projects/Forritun/SharpBag/SharpBag.Tests01/bin/Release/SharpBag.Tests.DLL" adapterTypeName="Microsoft.VisualStudio.TestTools.TestTypes.Unit.UnitTestAdapter, Microsoft.VisualStudio.QualityTools.Tips.UnitTest.Adapter, Version=10.0.0.0, Culture=neutral, PublicKeyToken=b03f5f7f11d50a3a" className="SharpBag.ExtensionsTest, SharpBag.Tests, Version=0.0.0.0, Culture=neutral, PublicKeyToken=null" name="As0163204" />
    </UnitTest>
    <UnitTest name="As0163207" storage="c:\users\suprdewd\desktop\projects\forritun\sharpbag\sharpbag.tests01\bin\release\sharpbag.tests.dll" id="3a633eaa-632f-f936-1d35-4e407b494884">
      <Execution id="90c5e61a-1d25-4e00-87ae-3c159f2f29dd" />
      <TestMethod codeBase="C:/Users/SuprDewd/Desktop/Projects/Forritun/SharpBag/SharpBag.Tests01/bin/Release/SharpBag.Tests.DLL" adapterTypeName="Microsoft.VisualStudio.TestTools.TestTypes.Unit.UnitTestAdapter, Microsoft.VisualStudio.QualityTools.Tips.UnitTest.Adapter, Version=10.0.0.0, Culture=neutral, PublicKeyToken=b03f5f7f11d50a3a" className="SharpBag.ExtensionsTest, SharpBag.Tests, Version=0.0.0.0, Culture=neutral, PublicKeyToken=null" name="As0163207" />
    </UnitTest>
    <UnitTest name="To04ThrowsContractException971" storage="c:\users\suprdewd\desktop\projects\forritun\sharpbag\sharpbag.tests01\bin\release\sharpbag.tests.dll" id="5eb081c6-7954-7661-1c9d-175369539add">
      <Execution id="a829dbc8-897f-4f2a-b6c3-283fc2ec1e02" />
      <TestMethod codeBase="C:/Users/SuprDewd/Desktop/Projects/Forritun/SharpBag/SharpBag.Tests01/bin/Release/SharpBag.Tests.DLL" adapterTypeName="Microsoft.VisualStudio.TestTools.TestTypes.Unit.UnitTestAdapter, Microsoft.VisualStudio.QualityTools.Tips.UnitTest.Adapter, Version=10.0.0.0, Culture=neutral, PublicKeyToken=b03f5f7f11d50a3a" className="SharpBag.ExtensionsTest, SharpBag.Tests, Version=0.0.0.0, Culture=neutral, PublicKeyToken=null" name="To04ThrowsContractException971" />
    </UnitTest>
    <UnitTest name="As01632" storage="c:\users\suprdewd\desktop\projects\forritun\sharpbag\sharpbag.tests01\bin\release\sharpbag.tests.dll" id="f685a220-cae8-50b0-d543-46e310017a33">
      <Execution id="584d1dcb-d1f3-4129-979c-074c458b66fe" />
      <TestMethod codeBase="C:/Users/SuprDewd/Desktop/Projects/Forritun/SharpBag/SharpBag.Tests01/bin/Release/SharpBag.Tests.DLL" adapterTypeName="Microsoft.VisualStudio.TestTools.TestTypes.Unit.UnitTestAdapter, Microsoft.VisualStudio.QualityTools.Tips.UnitTest.Adapter, Version=10.0.0.0, Culture=neutral, PublicKeyToken=b03f5f7f11d50a3a" className="SharpBag.ExtensionsTest, SharpBag.Tests, Version=0.0.0.0, Culture=neutral, PublicKeyToken=null" name="As01632" />
    </UnitTest>
    <UnitTest name="GetByPercent562" storage="c:\users\suprdewd\desktop\projects\forritun\sharpbag\sharpbag.tests01\bin\release\sharpbag.tests.dll" id="2e107be2-e3af-1a8b-fb4b-bdb5534db4b8">
      <Execution id="5b226e2b-169c-49b8-a25b-bce2ff7c8388" />
      <TestMethod codeBase="C:/Users/SuprDewd/Desktop/Projects/Forritun/SharpBag/SharpBag.Tests01/bin/Release/SharpBag.Tests.DLL" adapterTypeName="Microsoft.VisualStudio.TestTools.TestTypes.Unit.UnitTestAdapter, Microsoft.VisualStudio.QualityTools.Tips.UnitTest.Adapter, Version=10.0.0.0, Culture=neutral, PublicKeyToken=b03f5f7f11d50a3a" className="SharpBag.ExtensionsTest, SharpBag.Tests, Version=0.0.0.0, Culture=neutral, PublicKeyToken=null" name="GetByPercent562" />
    </UnitTest>
    <UnitTest name="As0163203" storage="c:\users\suprdewd\desktop\projects\forritun\sharpbag\sharpbag.tests01\bin\release\sharpbag.tests.dll" id="4796da93-05be-09dc-4928-16eafddcfcc3">
      <Execution id="ecc9293d-de58-4dcd-9e28-8dc5bd608a7a" />
      <TestMethod codeBase="C:/Users/SuprDewd/Desktop/Projects/Forritun/SharpBag/SharpBag.Tests01/bin/Release/SharpBag.Tests.DLL" adapterTypeName="Microsoft.VisualStudio.TestTools.TestTypes.Unit.UnitTestAdapter, Microsoft.VisualStudio.QualityTools.Tips.UnitTest.Adapter, Version=10.0.0.0, Culture=neutral, PublicKeyToken=b03f5f7f11d50a3a" className="SharpBag.ExtensionsTest, SharpBag.Tests, Version=0.0.0.0, Culture=neutral, PublicKeyToken=null" name="As0163203" />
    </UnitTest>
    <UnitTest name="UnionAll136" storage="c:\users\suprdewd\desktop\projects\forritun\sharpbag\sharpbag.tests01\bin\release\sharpbag.tests.dll" id="a67abeae-f275-21d8-f4a8-e10a60739baa">
      <Execution id="df2bd4a8-78d6-402d-8248-7f8bdf56d834" />
      <TestMethod codeBase="C:/Users/SuprDewd/Desktop/Projects/Forritun/SharpBag/SharpBag.Tests01/bin/Release/SharpBag.Tests.DLL" adapterTypeName="Microsoft.VisualStudio.TestTools.TestTypes.Unit.UnitTestAdapter, Microsoft.VisualStudio.QualityTools.Tips.UnitTest.Adapter, Version=10.0.0.0, Culture=neutral, PublicKeyToken=b03f5f7f11d50a3a" className="SharpBag.ExtensionsTest, SharpBag.Tests, Version=0.0.0.0, Culture=neutral, PublicKeyToken=null" name="UnionAll136" />
    </UnitTest>
    <UnitTest name="TimesThrowsContractException121" storage="c:\users\suprdewd\desktop\projects\forritun\sharpbag\sharpbag.tests01\bin\release\sharpbag.tests.dll" id="9f469160-5fe3-b1e7-0220-66c2cc9d5d2b">
      <Execution id="6eb6558f-e1d3-46a7-be4b-5d623b84fafb" />
      <TestMethod codeBase="C:/Users/SuprDewd/Desktop/Projects/Forritun/SharpBag/SharpBag.Tests01/bin/Release/SharpBag.Tests.DLL" adapterTypeName="Microsoft.VisualStudio.TestTools.TestTypes.Unit.UnitTestAdapter, Microsoft.VisualStudio.QualityTools.Tips.UnitTest.Adapter, Version=10.0.0.0, Culture=neutral, PublicKeyToken=b03f5f7f11d50a3a" className="SharpBag.ExtensionsTest, SharpBag.Tests, Version=0.0.0.0, Culture=neutral, PublicKeyToken=null" name="TimesThrowsContractException121" />
    </UnitTest>
    <UnitTest name="AsEnumerable01ThrowsContractException386" storage="c:\users\suprdewd\desktop\projects\forritun\sharpbag\sharpbag.tests01\bin\release\sharpbag.tests.dll" id="49ea2b91-d141-354e-2335-26f531007df0">
      <Execution id="b4ba45cc-6147-453f-b75d-79d1d4b41229" />
      <TestMethod codeBase="C:/Users/SuprDewd/Desktop/Projects/Forritun/SharpBag/SharpBag.Tests01/bin/Release/SharpBag.Tests.DLL" adapterTypeName="Microsoft.VisualStudio.TestTools.TestTypes.Unit.UnitTestAdapter, Microsoft.VisualStudio.QualityTools.Tips.UnitTest.Adapter, Version=10.0.0.0, Culture=neutral, PublicKeyToken=b03f5f7f11d50a3a" className="SharpBag.ExtensionsTest, SharpBag.Tests, Version=0.0.0.0, Culture=neutral, PublicKeyToken=null" name="AsEnumerable01ThrowsContractException386" />
    </UnitTest>
    <UnitTest name="RangeThrowsContractException402" storage="c:\users\suprdewd\desktop\projects\forritun\sharpbag\sharpbag.tests01\bin\release\sharpbag.tests.dll" id="6c295435-dd19-448d-1c55-866f7f6136a5">
      <Execution id="ab11b0e6-757c-4184-9fb3-7fbebe53e650" />
      <TestMethod codeBase="C:/Users/SuprDewd/Desktop/Projects/Forritun/SharpBag/SharpBag.Tests01/bin/Release/SharpBag.Tests.DLL" adapterTypeName="Microsoft.VisualStudio.TestTools.TestTypes.Unit.UnitTestAdapter, Microsoft.VisualStudio.QualityTools.Tips.UnitTest.Adapter, Version=10.0.0.0, Culture=neutral, PublicKeyToken=b03f5f7f11d50a3a" className="SharpBag.ExtensionsTest, SharpBag.Tests, Version=0.0.0.0, Culture=neutral, PublicKeyToken=null" name="RangeThrowsContractException402" />
    </UnitTest>
    <UnitTest name="As21501" storage="c:\users\suprdewd\desktop\projects\forritun\sharpbag\sharpbag.tests01\bin\release\sharpbag.tests.dll" id="ea12baf4-c62d-b0ca-b8ec-0dd742c09890">
      <Execution id="ce1874f7-c097-4348-a17f-d9964cb7ab25" />
      <TestMethod codeBase="C:/Users/SuprDewd/Desktop/Projects/Forritun/SharpBag/SharpBag.Tests01/bin/Release/SharpBag.Tests.DLL" adapterTypeName="Microsoft.VisualStudio.TestTools.TestTypes.Unit.UnitTestAdapter, Microsoft.VisualStudio.QualityTools.Tips.UnitTest.Adapter, Version=10.0.0.0, Culture=neutral, PublicKeyToken=b03f5f7f11d50a3a" className="SharpBag.ExtensionsTest, SharpBag.Tests, Version=0.0.0.0, Culture=neutral, PublicKeyToken=null" name="As21501" />
    </UnitTest>
    <UnitTest name="As01321" storage="c:\users\suprdewd\desktop\projects\forritun\sharpbag\sharpbag.tests01\bin\release\sharpbag.tests.dll" id="ec491029-dab5-3481-ec80-f35631103905">
      <Execution id="bcf13cfa-2164-4c26-9f4d-fc243e34900b" />
      <TestMethod codeBase="C:/Users/SuprDewd/Desktop/Projects/Forritun/SharpBag/SharpBag.Tests01/bin/Release/SharpBag.Tests.DLL" adapterTypeName="Microsoft.VisualStudio.TestTools.TestTypes.Unit.UnitTestAdapter, Microsoft.VisualStudio.QualityTools.Tips.UnitTest.Adapter, Version=10.0.0.0, Culture=neutral, PublicKeyToken=b03f5f7f11d50a3a" className="SharpBag.ExtensionsTest, SharpBag.Tests, Version=0.0.0.0, Culture=neutral, PublicKeyToken=null" name="As01321" />
    </UnitTest>
    <UnitTest name="IsIn01570" storage="c:\users\suprdewd\desktop\projects\forritun\sharpbag\sharpbag.tests01\bin\release\sharpbag.tests.dll" id="cdf50321-c0eb-ddc4-0179-2919c2028903">
      <Execution id="ab7a77d0-5fe7-4e96-94d3-7749e89f29a8" />
      <TestMethod codeBase="C:/Users/SuprDewd/Desktop/Projects/Forritun/SharpBag/SharpBag.Tests01/bin/Release/SharpBag.Tests.DLL" adapterTypeName="Microsoft.VisualStudio.TestTools.TestTypes.Unit.UnitTestAdapter, Microsoft.VisualStudio.QualityTools.Tips.UnitTest.Adapter, Version=10.0.0.0, Culture=neutral, PublicKeyToken=b03f5f7f11d50a3a" className="SharpBag.ExtensionsTest, SharpBag.Tests, Version=0.0.0.0, Culture=neutral, PublicKeyToken=null" name="IsIn01570" />
    </UnitTest>
    <UnitTest name="As170" storage="c:\users\suprdewd\desktop\projects\forritun\sharpbag\sharpbag.tests01\bin\release\sharpbag.tests.dll" id="0e645c38-e73b-967d-e94f-74a8d38a05b3">
      <Execution id="51851aed-2340-4ea1-b474-24b089f2e9c3" />
      <TestMethod codeBase="C:/Users/SuprDewd/Desktop/Projects/Forritun/SharpBag/SharpBag.Tests01/bin/Release/SharpBag.Tests.DLL" adapterTypeName="Microsoft.VisualStudio.TestTools.TestTypes.Unit.UnitTestAdapter, Microsoft.VisualStudio.QualityTools.Tips.UnitTest.Adapter, Version=10.0.0.0, Culture=neutral, PublicKeyToken=b03f5f7f11d50a3a" className="SharpBag.ExtensionsTest, SharpBag.Tests, Version=0.0.0.0, Culture=neutral, PublicKeyToken=null" name="As170" />
    </UnitTest>
    <UnitTest name="To03ThrowsContractException633" storage="c:\users\suprdewd\desktop\projects\forritun\sharpbag\sharpbag.tests01\bin\release\sharpbag.tests.dll" id="16a72305-d6bc-60a8-f8d6-a048d1322b13">
      <Execution id="79f6d4d2-19c2-4435-a98b-95124bb18da3" />
      <TestMethod codeBase="C:/Users/SuprDewd/Desktop/Projects/Forritun/SharpBag/SharpBag.Tests01/bin/Release/SharpBag.Tests.DLL" adapterTypeName="Microsoft.VisualStudio.TestTools.TestTypes.Unit.UnitTestAdapter, Microsoft.VisualStudio.QualityTools.Tips.UnitTest.Adapter, Version=10.0.0.0, Culture=neutral, PublicKeyToken=b03f5f7f11d50a3a" className="SharpBag.ExtensionsTest, SharpBag.Tests, Version=0.0.0.0, Culture=neutral, PublicKeyToken=null" name="To03ThrowsContractException633" />
    </UnitTest>
    <UnitTest name="TakeEveryThrowsContractException368" storage="c:\users\suprdewd\desktop\projects\forritun\sharpbag\sharpbag.tests01\bin\release\sharpbag.tests.dll" id="2ff38794-ad92-1998-3c20-e3ee775a8969">
      <Execution id="9607c48f-2ce6-4693-b1b1-6d8db244e0aa" />
      <TestMethod codeBase="C:/Users/SuprDewd/Desktop/Projects/Forritun/SharpBag/SharpBag.Tests01/bin/Release/SharpBag.Tests.DLL" adapterTypeName="Microsoft.VisualStudio.TestTools.TestTypes.Unit.UnitTestAdapter, Microsoft.VisualStudio.QualityTools.Tips.UnitTest.Adapter, Version=10.0.0.0, Culture=neutral, PublicKeyToken=b03f5f7f11d50a3a" className="SharpBag.ExtensionsTest, SharpBag.Tests, Version=0.0.0.0, Culture=neutral, PublicKeyToken=null" name="TakeEveryThrowsContractException368" />
    </UnitTest>
    <UnitTest name="To04598" storage="c:\users\suprdewd\desktop\projects\forritun\sharpbag\sharpbag.tests01\bin\release\sharpbag.tests.dll" id="33f07926-487a-5d2a-2e1a-64b2ae7d1065">
      <Execution id="ebd5b226-b18f-41b6-a119-e8843f83e0d5" />
      <TestMethod codeBase="C:/Users/SuprDewd/Desktop/Projects/Forritun/SharpBag/SharpBag.Tests01/bin/Release/SharpBag.Tests.DLL" adapterTypeName="Microsoft.VisualStudio.TestTools.TestTypes.Unit.UnitTestAdapter, Microsoft.VisualStudio.QualityTools.Tips.UnitTest.Adapter, Version=10.0.0.0, Culture=neutral, PublicKeyToken=b03f5f7f11d50a3a" className="SharpBag.ExtensionsTest, SharpBag.Tests, Version=0.0.0.0, Culture=neutral, PublicKeyToken=null" name="To04598" />
    </UnitTest>
    <UnitTest name="AsEnumerable01283" storage="c:\users\suprdewd\desktop\projects\forritun\sharpbag\sharpbag.tests01\bin\release\sharpbag.tests.dll" id="f20d04ec-6bdf-2adb-3ea0-dea4791f58d1">
      <Execution id="20680e4b-943a-4629-bf97-c7afdbd5902f" />
      <TestMethod codeBase="C:/Users/SuprDewd/Desktop/Projects/Forritun/SharpBag/SharpBag.Tests01/bin/Release/SharpBag.Tests.DLL" adapterTypeName="Microsoft.VisualStudio.TestTools.TestTypes.Unit.UnitTestAdapter, Microsoft.VisualStudio.QualityTools.Tips.UnitTest.Adapter, Version=10.0.0.0, Culture=neutral, PublicKeyToken=b03f5f7f11d50a3a" className="SharpBag.ExtensionsTest, SharpBag.Tests, Version=0.0.0.0, Culture=neutral, PublicKeyToken=null" name="AsEnumerable01283" />
    </UnitTest>
    <UnitTest name="As01367" storage="c:\users\suprdewd\desktop\projects\forritun\sharpbag\sharpbag.tests01\bin\release\sharpbag.tests.dll" id="3e37c17d-90fa-e89c-9aa5-d591fc3b0dec">
      <Execution id="8a92313f-315b-4ac1-9b04-b6823ef07126" />
      <TestMethod codeBase="C:/Users/SuprDewd/Desktop/Projects/Forritun/SharpBag/SharpBag.Tests01/bin/Release/SharpBag.Tests.DLL" adapterTypeName="Microsoft.VisualStudio.TestTools.TestTypes.Unit.UnitTestAdapter, Microsoft.VisualStudio.QualityTools.Tips.UnitTest.Adapter, Version=10.0.0.0, Culture=neutral, PublicKeyToken=b03f5f7f11d50a3a" className="SharpBag.ExtensionsTest, SharpBag.Tests, Version=0.0.0.0, Culture=neutral, PublicKeyToken=null" name="As01367" />
    </UnitTest>
    <UnitTest name="If921" storage="c:\users\suprdewd\desktop\projects\forritun\sharpbag\sharpbag.tests01\bin\release\sharpbag.tests.dll" id="0860ee19-0524-5919-2b3c-8316527f7933">
      <Execution id="c2f37acc-5435-4649-aacc-308423080437" />
      <TestMethod codeBase="C:/Users/SuprDewd/Desktop/Projects/Forritun/SharpBag/SharpBag.Tests01/bin/Release/SharpBag.Tests.DLL" adapterTypeName="Microsoft.VisualStudio.TestTools.TestTypes.Unit.UnitTestAdapter, Microsoft.VisualStudio.QualityTools.Tips.UnitTest.Adapter, Version=10.0.0.0, Culture=neutral, PublicKeyToken=b03f5f7f11d50a3a" className="SharpBag.ExtensionsTest, SharpBag.Tests, Version=0.0.0.0, Culture=neutral, PublicKeyToken=null" name="If921" />
    </UnitTest>
    <UnitTest name="Execute424" storage="c:\users\suprdewd\desktop\projects\forritun\sharpbag\sharpbag.tests01\bin\release\sharpbag.tests.dll" id="c3a5f774-5c25-7fa7-593c-10a98b5db768">
      <Execution id="dd33a401-de56-4cb9-af33-e407e9b9f901" />
      <TestMethod codeBase="C:/Users/SuprDewd/Desktop/Projects/Forritun/SharpBag/SharpBag.Tests01/bin/Release/SharpBag.Tests.DLL" adapterTypeName="Microsoft.VisualStudio.TestTools.TestTypes.Unit.UnitTestAdapter, Microsoft.VisualStudio.QualityTools.Tips.UnitTest.Adapter, Version=10.0.0.0, Culture=neutral, PublicKeyToken=b03f5f7f11d50a3a" className="SharpBag.ExtensionsTest, SharpBag.Tests, Version=0.0.0.0, Culture=neutral, PublicKeyToken=null" name="Execute424" />
    </UnitTest>
    <UnitTest name="ShuffleThrowsContractException923" storage="c:\users\suprdewd\desktop\projects\forritun\sharpbag\sharpbag.tests01\bin\release\sharpbag.tests.dll" id="b9cd1d41-7588-b69e-afc2-13e873777605">
      <Execution id="7284aa96-fbb3-4d44-be5c-582c8b0e3dc3" />
      <TestMethod codeBase="C:/Users/SuprDewd/Desktop/Projects/Forritun/SharpBag/SharpBag.Tests01/bin/Release/SharpBag.Tests.DLL" adapterTypeName="Microsoft.VisualStudio.TestTools.TestTypes.Unit.UnitTestAdapter, Microsoft.VisualStudio.QualityTools.Tips.UnitTest.Adapter, Version=10.0.0.0, Culture=neutral, PublicKeyToken=b03f5f7f11d50a3a" className="SharpBag.ExtensionsTest, SharpBag.Tests, Version=0.0.0.0, Culture=neutral, PublicKeyToken=null" name="ShuffleThrowsContractException923" />
    </UnitTest>
    <UnitTest name="IsIn0134" storage="c:\users\suprdewd\desktop\projects\forritun\sharpbag\sharpbag.tests01\bin\release\sharpbag.tests.dll" id="20789601-3bb2-517f-9c07-8755507d968d">
      <Execution id="159ee6fe-668b-4d94-970e-5eab98d4254d" />
      <TestMethod codeBase="C:/Users/SuprDewd/Desktop/Projects/Forritun/SharpBag/SharpBag.Tests01/bin/Release/SharpBag.Tests.DLL" adapterTypeName="Microsoft.VisualStudio.TestTools.TestTypes.Unit.UnitTestAdapter, Microsoft.VisualStudio.QualityTools.Tips.UnitTest.Adapter, Version=10.0.0.0, Culture=neutral, PublicKeyToken=b03f5f7f11d50a3a" className="SharpBag.ExtensionsTest, SharpBag.Tests, Version=0.0.0.0, Culture=neutral, PublicKeyToken=null" name="IsIn0134" />
    </UnitTest>
    <UnitTest name="As21504" storage="c:\users\suprdewd\desktop\projects\forritun\sharpbag\sharpbag.tests01\bin\release\sharpbag.tests.dll" id="b99ec452-b626-078c-5efb-2041d6f255c4">
      <Execution id="12970a51-3f4f-4bfb-9108-26de6885c3fa" />
      <TestMethod codeBase="C:/Users/SuprDewd/Desktop/Projects/Forritun/SharpBag/SharpBag.Tests01/bin/Release/SharpBag.Tests.DLL" adapterTypeName="Microsoft.VisualStudio.TestTools.TestTypes.Unit.UnitTestAdapter, Microsoft.VisualStudio.QualityTools.Tips.UnitTest.Adapter, Version=10.0.0.0, Culture=neutral, PublicKeyToken=b03f5f7f11d50a3a" className="SharpBag.ExtensionsTest, SharpBag.Tests, Version=0.0.0.0, Culture=neutral, PublicKeyToken=null" name="As21504" />
    </UnitTest>
    <UnitTest name="Fill01105" storage="c:\users\suprdewd\desktop\projects\forritun\sharpbag\sharpbag.tests01\bin\release\sharpbag.tests.dll" id="d1244455-073f-9dfb-7627-1dfedd276854">
      <Execution id="1d536009-e7f0-4863-84f6-2353e780dc48" />
      <TestMethod codeBase="C:/Users/SuprDewd/Desktop/Projects/Forritun/SharpBag/SharpBag.Tests01/bin/Release/SharpBag.Tests.DLL" adapterTypeName="Microsoft.VisualStudio.TestTools.TestTypes.Unit.UnitTestAdapter, Microsoft.VisualStudio.QualityTools.Tips.UnitTest.Adapter, Version=10.0.0.0, Culture=neutral, PublicKeyToken=b03f5f7f11d50a3a" className="SharpBag.ExtensionsTest, SharpBag.Tests, Version=0.0.0.0, Culture=neutral, PublicKeyToken=null" name="Fill01105" />
    </UnitTest>
    <UnitTest name="UnionAll02ThrowsContractException903" storage="c:\users\suprdewd\desktop\projects\forritun\sharpbag\sharpbag.tests01\bin\release\sharpbag.tests.dll" id="49b4e1b0-9a60-f1f3-7d8e-e1f63ecc7d50">
      <Execution id="5bfeaab6-5e7e-4f5f-9c4f-d88447ed5b70" />
      <TestMethod codeBase="C:/Users/SuprDewd/Desktop/Projects/Forritun/SharpBag/SharpBag.Tests01/bin/Release/SharpBag.Tests.DLL" adapterTypeName="Microsoft.VisualStudio.TestTools.TestTypes.Unit.UnitTestAdapter, Microsoft.VisualStudio.QualityTools.Tips.UnitTest.Adapter, Version=10.0.0.0, Culture=neutral, PublicKeyToken=b03f5f7f11d50a3a" className="SharpBag.ExtensionsTest, SharpBag.Tests, Version=0.0.0.0, Culture=neutral, PublicKeyToken=null" name="UnionAll02ThrowsContractException903" />
    </UnitTest>
    <UnitTest name="UnionAllThrowsContractException888" storage="c:\users\suprdewd\desktop\projects\forritun\sharpbag\sharpbag.tests01\bin\release\sharpbag.tests.dll" id="2fd85783-fc83-f96f-d9bf-a6bcc5a252f1">
      <Execution id="fd4f0532-0d5c-490d-8a53-8ecf24213f78" />
      <TestMethod codeBase="C:/Users/SuprDewd/Desktop/Projects/Forritun/SharpBag/SharpBag.Tests01/bin/Release/SharpBag.Tests.DLL" adapterTypeName="Microsoft.VisualStudio.TestTools.TestTypes.Unit.UnitTestAdapter, Microsoft.VisualStudio.QualityTools.Tips.UnitTest.Adapter, Version=10.0.0.0, Culture=neutral, PublicKeyToken=b03f5f7f11d50a3a" className="SharpBag.ExtensionsTest, SharpBag.Tests, Version=0.0.0.0, Culture=neutral, PublicKeyToken=null" name="UnionAllThrowsContractException888" />
    </UnitTest>
    <UnitTest name="IfNotNull173" storage="c:\users\suprdewd\desktop\projects\forritun\sharpbag\sharpbag.tests01\bin\release\sharpbag.tests.dll" id="7f627b84-c634-6195-b636-ad9c00404c56">
      <Execution id="aa94cd40-abaf-4810-964f-6d52006a2110" />
      <TestMethod codeBase="C:/Users/SuprDewd/Desktop/Projects/Forritun/SharpBag/SharpBag.Tests01/bin/Release/SharpBag.Tests.DLL" adapterTypeName="Microsoft.VisualStudio.TestTools.TestTypes.Unit.UnitTestAdapter, Microsoft.VisualStudio.QualityTools.Tips.UnitTest.Adapter, Version=10.0.0.0, Culture=neutral, PublicKeyToken=b03f5f7f11d50a3a" className="SharpBag.ExtensionsTest, SharpBag.Tests, Version=0.0.0.0, Culture=neutral, PublicKeyToken=null" name="IfNotNull173" />
    </UnitTest>
    <UnitTest name="AsEnumerable02ThrowsContractException556" storage="c:\users\suprdewd\desktop\projects\forritun\sharpbag\sharpbag.tests01\bin\release\sharpbag.tests.dll" id="c717e1ca-5114-3368-100e-511f1e910ebb">
      <Execution id="69644881-3fdd-4f14-aebf-668047bf4afe" />
      <TestMethod codeBase="C:/Users/SuprDewd/Desktop/Projects/Forritun/SharpBag/SharpBag.Tests01/bin/Release/SharpBag.Tests.DLL" adapterTypeName="Microsoft.VisualStudio.TestTools.TestTypes.Unit.UnitTestAdapter, Microsoft.VisualStudio.QualityTools.Tips.UnitTest.Adapter, Version=10.0.0.0, Culture=neutral, PublicKeyToken=b03f5f7f11d50a3a" className="SharpBag.ExtensionsTest, SharpBag.Tests, Version=0.0.0.0, Culture=neutral, PublicKeyToken=null" name="AsEnumerable02ThrowsContractException556" />
    </UnitTest>
    <UnitTest name="To203" storage="c:\users\suprdewd\desktop\projects\forritun\sharpbag\sharpbag.tests01\bin\release\sharpbag.tests.dll" id="2f442340-39d2-2141-feae-caa93af13693">
      <Execution id="e7bf334d-8895-4a6d-9acf-3c077f07141c" />
      <TestMethod codeBase="C:/Users/SuprDewd/Desktop/Projects/Forritun/SharpBag/SharpBag.Tests01/bin/Release/SharpBag.Tests.DLL" adapterTypeName="Microsoft.VisualStudio.TestTools.TestTypes.Unit.UnitTestAdapter, Microsoft.VisualStudio.QualityTools.Tips.UnitTest.Adapter, Version=10.0.0.0, Culture=neutral, PublicKeyToken=b03f5f7f11d50a3a" className="SharpBag.ExtensionsTest, SharpBag.Tests, Version=0.0.0.0, Culture=neutral, PublicKeyToken=null" name="To203" />
    </UnitTest>
    <UnitTest name="Add609" storage="c:\users\suprdewd\desktop\projects\forritun\sharpbag\sharpbag.tests01\bin\release\sharpbag.tests.dll" id="7068f11c-cf82-d38d-0f16-16dd9f7c090f">
      <Execution id="50661fbc-7d39-47e9-ba3d-2c2a4161f877" />
      <TestMethod codeBase="C:/Users/SuprDewd/Desktop/Projects/Forritun/SharpBag/SharpBag.Tests01/bin/Release/SharpBag.Tests.DLL" adapterTypeName="Microsoft.VisualStudio.TestTools.TestTypes.Unit.UnitTestAdapter, Microsoft.VisualStudio.QualityTools.Tips.UnitTest.Adapter, Version=10.0.0.0, Culture=neutral, PublicKeyToken=b03f5f7f11d50a3a" className="SharpBag.ExtensionsTest, SharpBag.Tests, Version=0.0.0.0, Culture=neutral, PublicKeyToken=null" name="Add609" />
    </UnitTest>
    <UnitTest name="ForEach788" storage="c:\users\suprdewd\desktop\projects\forritun\sharpbag\sharpbag.tests01\bin\release\sharpbag.tests.dll" id="81c4858e-2ab2-b121-25c5-9c96ee04a442">
      <Execution id="f613f56d-5426-4ee4-b167-40e7ccc8c357" />
      <TestMethod codeBase="C:/Users/SuprDewd/Desktop/Projects/Forritun/SharpBag/SharpBag.Tests01/bin/Release/SharpBag.Tests.DLL" adapterTypeName="Microsoft.VisualStudio.TestTools.TestTypes.Unit.UnitTestAdapter, Microsoft.VisualStudio.QualityTools.Tips.UnitTest.Adapter, Version=10.0.0.0, Culture=neutral, PublicKeyToken=b03f5f7f11d50a3a" className="SharpBag.ExtensionsTest, SharpBag.Tests, Version=0.0.0.0, Culture=neutral, PublicKeyToken=null" name="ForEach788" />
    </UnitTest>
    <UnitTest name="As568" storage="c:\users\suprdewd\desktop\projects\forritun\sharpbag\sharpbag.tests01\bin\release\sharpbag.tests.dll" id="8dec4c0d-9137-8bca-e823-6edddad67b2a">
      <Execution id="09a1b03f-9eae-4c03-bacb-7b7cbbd034d4" />
      <TestMethod codeBase="C:/Users/SuprDewd/Desktop/Projects/Forritun/SharpBag/SharpBag.Tests01/bin/Release/SharpBag.Tests.DLL" adapterTypeName="Microsoft.VisualStudio.TestTools.TestTypes.Unit.UnitTestAdapter, Microsoft.VisualStudio.QualityTools.Tips.UnitTest.Adapter, Version=10.0.0.0, Culture=neutral, PublicKeyToken=b03f5f7f11d50a3a" className="SharpBag.ExtensionsTest, SharpBag.Tests, Version=0.0.0.0, Culture=neutral, PublicKeyToken=null" name="As568" />
    </UnitTest>
    <UnitTest name="CastAs434" storage="c:\users\suprdewd\desktop\projects\forritun\sharpbag\sharpbag.tests01\bin\release\sharpbag.tests.dll" id="17cbf434-78e7-42a5-6758-242cc94ac703">
      <Execution id="3e418586-f961-4d41-8533-810c8238f56c" />
      <TestMethod codeBase="C:/Users/SuprDewd/Desktop/Projects/Forritun/SharpBag/SharpBag.Tests01/bin/Release/SharpBag.Tests.DLL" adapterTypeName="Microsoft.VisualStudio.TestTools.TestTypes.Unit.UnitTestAdapter, Microsoft.VisualStudio.QualityTools.Tips.UnitTest.Adapter, Version=10.0.0.0, Culture=neutral, PublicKeyToken=b03f5f7f11d50a3a" className="SharpBag.ExtensionsTest, SharpBag.Tests, Version=0.0.0.0, Culture=neutral, PublicKeyToken=null" name="CastAs434" />
    </UnitTest>
    <UnitTest name="WithThrowsContractException186" storage="c:\users\suprdewd\desktop\projects\forritun\sharpbag\sharpbag.tests01\bin\release\sharpbag.tests.dll" id="4abb984b-7c31-de55-0099-63a2ac65b83e">
      <Execution id="8eb4c240-90d7-4d5d-8633-03d8b3d90b69" />
      <TestMethod codeBase="C:/Users/SuprDewd/Desktop/Projects/Forritun/SharpBag/SharpBag.Tests01/bin/Release/SharpBag.Tests.DLL" adapterTypeName="Microsoft.VisualStudio.TestTools.TestTypes.Unit.UnitTestAdapter, Microsoft.VisualStudio.QualityTools.Tips.UnitTest.Adapter, Version=10.0.0.0, Culture=neutral, PublicKeyToken=b03f5f7f11d50a3a" className="SharpBag.ExtensionsTest, SharpBag.Tests, Version=0.0.0.0, Culture=neutral, PublicKeyToken=null" name="WithThrowsContractException186" />
    </UnitTest>
    <UnitTest name="As928" storage="c:\users\suprdewd\desktop\projects\forritun\sharpbag\sharpbag.tests01\bin\release\sharpbag.tests.dll" id="d97a225a-e31a-2138-2fae-7b4109b25275">
      <Execution id="84ffe2fc-8dda-409b-9a50-0beab4dbdbd7" />
      <TestMethod codeBase="C:/Users/SuprDewd/Desktop/Projects/Forritun/SharpBag/SharpBag.Tests01/bin/Release/SharpBag.Tests.DLL" adapterTypeName="Microsoft.VisualStudio.TestTools.TestTypes.Unit.UnitTestAdapter, Microsoft.VisualStudio.QualityTools.Tips.UnitTest.Adapter, Version=10.0.0.0, Culture=neutral, PublicKeyToken=b03f5f7f11d50a3a" className="SharpBag.ExtensionsTest, SharpBag.Tests, Version=0.0.0.0, Culture=neutral, PublicKeyToken=null" name="As928" />
    </UnitTest>
    <UnitTest name="TakeEveryThrowsContractException998" storage="c:\users\suprdewd\desktop\projects\forritun\sharpbag\sharpbag.tests01\bin\release\sharpbag.tests.dll" id="c35eb805-49e5-7d06-b69d-ba684aaa6791">
      <Execution id="fdab58e6-6b30-4f15-9d3c-8037970fd0f3" />
      <TestMethod codeBase="C:/Users/SuprDewd/Desktop/Projects/Forritun/SharpBag/SharpBag.Tests01/bin/Release/SharpBag.Tests.DLL" adapterTypeName="Microsoft.VisualStudio.TestTools.TestTypes.Unit.UnitTestAdapter, Microsoft.VisualStudio.QualityTools.Tips.UnitTest.Adapter, Version=10.0.0.0, Culture=neutral, PublicKeyToken=b03f5f7f11d50a3a" className="SharpBag.ExtensionsTest, SharpBag.Tests, Version=0.0.0.0, Culture=neutral, PublicKeyToken=null" name="TakeEveryThrowsContractException998" />
    </UnitTest>
    <UnitTest name="Random01ThrowsContractException900" storage="c:\users\suprdewd\desktop\projects\forritun\sharpbag\sharpbag.tests01\bin\release\sharpbag.tests.dll" id="0a0076ce-bff6-0afe-3199-97711aba5896">
      <Execution id="1db66c05-d499-450d-82c0-f2791bd14f0e" />
      <TestMethod codeBase="C:/Users/SuprDewd/Desktop/Projects/Forritun/SharpBag/SharpBag.Tests01/bin/Release/SharpBag.Tests.DLL" adapterTypeName="Microsoft.VisualStudio.TestTools.TestTypes.Unit.UnitTestAdapter, Microsoft.VisualStudio.QualityTools.Tips.UnitTest.Adapter, Version=10.0.0.0, Culture=neutral, PublicKeyToken=b03f5f7f11d50a3a" className="SharpBag.ExtensionsTest, SharpBag.Tests, Version=0.0.0.0, Culture=neutral, PublicKeyToken=null" name="Random01ThrowsContractException900" />
    </UnitTest>
    <UnitTest name="RandomThrowsContractException503" storage="c:\users\suprdewd\desktop\projects\forritun\sharpbag\sharpbag.tests01\bin\release\sharpbag.tests.dll" id="cda388d5-457a-465e-ba14-ce9de40a3bb3">
      <Execution id="fe9f87f5-7e80-41af-87e5-f4bab879b85e" />
      <TestMethod codeBase="C:/Users/SuprDewd/Desktop/Projects/Forritun/SharpBag/SharpBag.Tests01/bin/Release/SharpBag.Tests.DLL" adapterTypeName="Microsoft.VisualStudio.TestTools.TestTypes.Unit.UnitTestAdapter, Microsoft.VisualStudio.QualityTools.Tips.UnitTest.Adapter, Version=10.0.0.0, Culture=neutral, PublicKeyToken=b03f5f7f11d50a3a" className="SharpBag.ExtensionsTest, SharpBag.Tests, Version=0.0.0.0, Culture=neutral, PublicKeyToken=null" name="RandomThrowsContractException503" />
    </UnitTest>
    <UnitTest name="UnionAll02339" storage="c:\users\suprdewd\desktop\projects\forritun\sharpbag\sharpbag.tests01\bin\release\sharpbag.tests.dll" id="68fbef60-27f3-cd83-2f44-63ae34afe9d9">
      <Execution id="c346b4f1-db58-49d1-b3e8-a466859ef1b5" />
      <TestMethod codeBase="C:/Users/SuprDewd/Desktop/Projects/Forritun/SharpBag/SharpBag.Tests01/bin/Release/SharpBag.Tests.DLL" adapterTypeName="Microsoft.VisualStudio.TestTools.TestTypes.Unit.UnitTestAdapter, Microsoft.VisualStudio.QualityTools.Tips.UnitTest.Adapter, Version=10.0.0.0, Culture=neutral, PublicKeyToken=b03f5f7f11d50a3a" className="SharpBag.ExtensionsTest, SharpBag.Tests, Version=0.0.0.0, Culture=neutral, PublicKeyToken=null" name="UnionAll02339" />
    </UnitTest>
    <UnitTest name="Execute933" storage="c:\users\suprdewd\desktop\projects\forritun\sharpbag\sharpbag.tests01\bin\release\sharpbag.tests.dll" id="99e69473-c3b8-a5a3-ffae-e281487c9f70">
      <Execution id="07fcd798-31f2-4179-bc08-0ba49b6d710e" />
      <TestMethod codeBase="C:/Users/SuprDewd/Desktop/Projects/Forritun/SharpBag/SharpBag.Tests01/bin/Release/SharpBag.Tests.DLL" adapterTypeName="Microsoft.VisualStudio.TestTools.TestTypes.Unit.UnitTestAdapter, Microsoft.VisualStudio.QualityTools.Tips.UnitTest.Adapter, Version=10.0.0.0, Culture=neutral, PublicKeyToken=b03f5f7f11d50a3a" className="SharpBag.ExtensionsTest, SharpBag.Tests, Version=0.0.0.0, Culture=neutral, PublicKeyToken=null" name="Execute933" />
    </UnitTest>
    <UnitTest name="EmptyIfNull574" storage="c:\users\suprdewd\desktop\projects\forritun\sharpbag\sharpbag.tests01\bin\release\sharpbag.tests.dll" id="d982986f-d5cc-bb8f-d6d8-e2a54e2f4dd0">
      <Execution id="57a89daf-95a9-47e2-b225-6c31e0cdf233" />
      <TestMethod codeBase="C:/Users/SuprDewd/Desktop/Projects/Forritun/SharpBag/SharpBag.Tests01/bin/Release/SharpBag.Tests.DLL" adapterTypeName="Microsoft.VisualStudio.TestTools.TestTypes.Unit.UnitTestAdapter, Microsoft.VisualStudio.QualityTools.Tips.UnitTest.Adapter, Version=10.0.0.0, Culture=neutral, PublicKeyToken=b03f5f7f11d50a3a" className="SharpBag.ExtensionsTest, SharpBag.Tests, Version=0.0.0.0, Culture=neutral, PublicKeyToken=null" name="EmptyIfNull574" />
    </UnitTest>
  </TestDefinitions>
  <TestLists>
    <TestList name="Results Not in a List" id="8c84fa94-04c1-424b-9868-57a2d4851a1d" />
    <TestList name="All Loaded Results" id="19431567-8539-422a-85d7-44ee4e166bda" />
  </TestLists>
  <TestEntries>
    <TestEntry testId="029a1154-08ed-ad21-3797-6c8eecfafc7c" executionId="e79239dc-cf15-4420-bf76-cdbf9ea4e8da" testListId="8c84fa94-04c1-424b-9868-57a2d4851a1d" />
    <TestEntry testId="04c53adc-df51-85a8-3dcb-278e962fc112" executionId="81eba23b-3dce-49de-a28c-2b0ad9dfa0fe" testListId="8c84fa94-04c1-424b-9868-57a2d4851a1d" />
    <TestEntry testId="0860ee19-0524-5919-2b3c-8316527f7933" executionId="c2f37acc-5435-4649-aacc-308423080437" testListId="8c84fa94-04c1-424b-9868-57a2d4851a1d" />
    <TestEntry testId="099b6629-b323-a9b6-3641-ebce58ee0f7c" executionId="c5790c54-f246-44f1-99a9-445342414a9f" testListId="8c84fa94-04c1-424b-9868-57a2d4851a1d" />
    <TestEntry testId="0a0076ce-bff6-0afe-3199-97711aba5896" executionId="1db66c05-d499-450d-82c0-f2791bd14f0e" testListId="8c84fa94-04c1-424b-9868-57a2d4851a1d" />
    <TestEntry testId="0b08a90e-9c88-bf3f-a353-f732342a57da" executionId="026de801-f98c-4369-959d-ef60d027344d" testListId="8c84fa94-04c1-424b-9868-57a2d4851a1d" />
    <TestEntry testId="0b8785c2-8bd4-a826-60eb-f295a2d7fcb3" executionId="3e79342c-28cd-499f-b8ce-7db9db16230d" testListId="8c84fa94-04c1-424b-9868-57a2d4851a1d" />
    <TestEntry testId="0e645c38-e73b-967d-e94f-74a8d38a05b3" executionId="51851aed-2340-4ea1-b474-24b089f2e9c3" testListId="8c84fa94-04c1-424b-9868-57a2d4851a1d" />
    <TestEntry testId="1199c9cc-d8e3-0309-8136-cef199801af6" executionId="c2057855-35f2-4262-808a-29f105a24469" testListId="8c84fa94-04c1-424b-9868-57a2d4851a1d" />
    <TestEntry testId="1216a6b0-8489-bf99-b25f-4311a613bf89" executionId="26796144-86d5-4efb-aaa1-d922c7b05b3f" testListId="8c84fa94-04c1-424b-9868-57a2d4851a1d" />
    <TestEntry testId="135a3025-77e5-46ab-cdc0-1fc37de1ad5c" executionId="3a2dd29d-be38-41c1-9af8-2a271a6c4fe9" testListId="8c84fa94-04c1-424b-9868-57a2d4851a1d" />
    <TestEntry testId="14c4d8f7-99c5-9b56-48f1-16bece872cd1" executionId="53ea861e-dd36-4815-9af1-0dd915320dc5" testListId="8c84fa94-04c1-424b-9868-57a2d4851a1d" />
    <TestEntry testId="14e07649-4bb1-965c-d352-f5e6a62d38fd" executionId="a4a6b81a-2c3c-4a3a-9e4b-f4e789399d8c" testListId="8c84fa94-04c1-424b-9868-57a2d4851a1d" />
    <TestEntry testId="153f9dfe-1469-43b6-8030-2e1f4f18197e" executionId="8014b3ab-52a1-4ef6-9403-6204f2347126" testListId="8c84fa94-04c1-424b-9868-57a2d4851a1d" />
    <TestEntry testId="16a72305-d6bc-60a8-f8d6-a048d1322b13" executionId="79f6d4d2-19c2-4435-a98b-95124bb18da3" testListId="8c84fa94-04c1-424b-9868-57a2d4851a1d" />
    <TestEntry testId="16bc510b-963f-30e5-6517-13389edd4fdc" executionId="57e005ee-1a41-4074-9597-d3c1452ae7b0" testListId="8c84fa94-04c1-424b-9868-57a2d4851a1d" />
    <TestEntry testId="17cbf434-78e7-42a5-6758-242cc94ac703" executionId="3e418586-f961-4d41-8533-810c8238f56c" testListId="8c84fa94-04c1-424b-9868-57a2d4851a1d" />
    <TestEntry testId="18234ca5-6af0-1355-5140-f92645f28e01" executionId="664f3665-fd6e-47dd-95fd-ab21b556674e" testListId="8c84fa94-04c1-424b-9868-57a2d4851a1d" />
    <TestEntry testId="193af604-0c49-1c0a-39c2-739404c2ca21" executionId="74a0f495-073c-456b-82cf-88e860f557c8" testListId="8c84fa94-04c1-424b-9868-57a2d4851a1d" />
    <TestEntry testId="1a1204f8-80dc-63b9-41bb-196d59b5bd9c" executionId="b59b3425-f836-4c45-8a53-f21c5c0cb30c" testListId="8c84fa94-04c1-424b-9868-57a2d4851a1d" />
    <TestEntry testId="1a2aa5e7-93f9-111f-f012-0d120146abe5" executionId="8a8dd5fe-23da-4d39-a7a5-966d2351545f" testListId="8c84fa94-04c1-424b-9868-57a2d4851a1d" />
    <TestEntry testId="1d926c24-6749-5267-75d7-955626edc4df" executionId="bfe050ad-3963-4c84-87c3-45a6eb761b28" testListId="8c84fa94-04c1-424b-9868-57a2d4851a1d" />
    <TestEntry testId="1ddea7a7-fe10-238b-7e4c-5401f2a78e2b" executionId="5650d821-0030-453b-8399-8fb05f59475b" testListId="8c84fa94-04c1-424b-9868-57a2d4851a1d" />
    <TestEntry testId="1e0ca069-996e-4bc0-6164-74e9ee8107ac" executionId="9961e327-adf6-454d-8cbc-c6dc1976fc3f" testListId="8c84fa94-04c1-424b-9868-57a2d4851a1d" />
    <TestEntry testId="1e811e95-82b3-7182-a1a6-ec99686bab87" executionId="88aa9b6b-e9f7-4043-8de3-e268c0bf9424" testListId="8c84fa94-04c1-424b-9868-57a2d4851a1d" />
    <TestEntry testId="1fa5b7ed-be1a-69d3-e35d-61c48c394d37" executionId="a75cb184-93bb-4440-a50a-9f9af4429dfb" testListId="8c84fa94-04c1-424b-9868-57a2d4851a1d" />
    <TestEntry testId="205ac4dd-1d38-125b-1cfd-036daa1ac16f" executionId="0f91b91a-f79a-49ea-8d62-2e6efbf481ee" testListId="8c84fa94-04c1-424b-9868-57a2d4851a1d" />
    <TestEntry testId="20789601-3bb2-517f-9c07-8755507d968d" executionId="159ee6fe-668b-4d94-970e-5eab98d4254d" testListId="8c84fa94-04c1-424b-9868-57a2d4851a1d" />
    <TestEntry testId="221d319c-8869-0d4c-725e-9ea36949d716" executionId="91f137fd-3ce0-45d1-80ef-9704825cb672" testListId="8c84fa94-04c1-424b-9868-57a2d4851a1d" />
    <TestEntry testId="2250a8be-6947-1057-ceec-e49c62f651fa" executionId="2534fd59-2ae3-499a-87f3-19bed3c7dbc5" testListId="8c84fa94-04c1-424b-9868-57a2d4851a1d" />
    <TestEntry testId="22b3bc9e-2d91-4747-086b-d415be2c5776" executionId="6f9c5727-5e8b-4848-97d0-33992242c2e3" testListId="8c84fa94-04c1-424b-9868-57a2d4851a1d" />
    <TestEntry testId="244ce62b-951e-b470-32a3-7178f547fe21" executionId="7196edaf-eb95-486a-a0d3-43290a9126c5" testListId="8c84fa94-04c1-424b-9868-57a2d4851a1d" />
    <TestEntry testId="2664c1af-83be-d3ec-b2b2-1838fed1807c" executionId="f7c157b9-9c96-4231-8d7c-73f65e3dc017" testListId="8c84fa94-04c1-424b-9868-57a2d4851a1d" />
    <TestEntry testId="26cd5a56-007e-00b1-b708-eca41e9cf9dc" executionId="eb017f83-3066-4b8d-a9bc-64c871ab38ff" testListId="8c84fa94-04c1-424b-9868-57a2d4851a1d" />
    <TestEntry testId="2a492a9b-f563-5e1e-f60c-76d1e2ee9ce9" executionId="f4bb551c-d99c-4c43-9d7b-a90115bde43e" testListId="8c84fa94-04c1-424b-9868-57a2d4851a1d" />
    <TestEntry testId="2b439315-a245-09eb-2a28-a8a156c3b963" executionId="456c6555-4c9d-4177-bcbb-0544b62780af" testListId="8c84fa94-04c1-424b-9868-57a2d4851a1d" />
    <TestEntry testId="2e107be2-e3af-1a8b-fb4b-bdb5534db4b8" executionId="5b226e2b-169c-49b8-a25b-bce2ff7c8388" testListId="8c84fa94-04c1-424b-9868-57a2d4851a1d" />
    <TestEntry testId="2f442340-39d2-2141-feae-caa93af13693" executionId="e7bf334d-8895-4a6d-9acf-3c077f07141c" testListId="8c84fa94-04c1-424b-9868-57a2d4851a1d" />
    <TestEntry testId="2fd85783-fc83-f96f-d9bf-a6bcc5a252f1" executionId="fd4f0532-0d5c-490d-8a53-8ecf24213f78" testListId="8c84fa94-04c1-424b-9868-57a2d4851a1d" />
    <TestEntry testId="2ff38794-ad92-1998-3c20-e3ee775a8969" executionId="9607c48f-2ce6-4693-b1b1-6d8db244e0aa" testListId="8c84fa94-04c1-424b-9868-57a2d4851a1d" />
    <TestEntry testId="30d0053c-3b83-f6d8-7942-b6dbd27b329f" executionId="97d6da80-4dc0-4ebf-a9b0-f9c3b4af3876" testListId="8c84fa94-04c1-424b-9868-57a2d4851a1d" />
    <TestEntry testId="33f07926-487a-5d2a-2e1a-64b2ae7d1065" executionId="ebd5b226-b18f-41b6-a119-e8843f83e0d5" testListId="8c84fa94-04c1-424b-9868-57a2d4851a1d" />
    <TestEntry testId="3902168e-77cb-c1b4-c44f-4336ab3b86bd" executionId="44dcd75b-cb3a-46e4-b054-52265c23bce5" testListId="8c84fa94-04c1-424b-9868-57a2d4851a1d" />
    <TestEntry testId="3950117e-1257-8bcc-63aa-35e8e8daf9e2" executionId="1a7de490-7ef3-4655-af4e-bf86aa901258" testListId="8c84fa94-04c1-424b-9868-57a2d4851a1d" />
    <TestEntry testId="3a633eaa-632f-f936-1d35-4e407b494884" executionId="90c5e61a-1d25-4e00-87ae-3c159f2f29dd" testListId="8c84fa94-04c1-424b-9868-57a2d4851a1d" />
    <TestEntry testId="3d3988d3-9563-f144-e6f1-47341372fdea" executionId="bfd4ff1c-8f9a-44d1-aefc-f0f103ef18e0" testListId="8c84fa94-04c1-424b-9868-57a2d4851a1d" />
    <TestEntry testId="3e37c17d-90fa-e89c-9aa5-d591fc3b0dec" executionId="8a92313f-315b-4ac1-9b04-b6823ef07126" testListId="8c84fa94-04c1-424b-9868-57a2d4851a1d" />
    <TestEntry testId="46f11c29-0946-1ee3-1afe-afb72995b905" executionId="ca190282-466b-4164-ae7d-fec18b34bdc2" testListId="8c84fa94-04c1-424b-9868-57a2d4851a1d" />
    <TestEntry testId="4796da93-05be-09dc-4928-16eafddcfcc3" executionId="ecc9293d-de58-4dcd-9e28-8dc5bd608a7a" testListId="8c84fa94-04c1-424b-9868-57a2d4851a1d" />
    <TestEntry testId="48745f52-01da-5495-8edc-495e0a033ca1" executionId="cdcf0c60-872a-4786-9efe-c5f127465238" testListId="8c84fa94-04c1-424b-9868-57a2d4851a1d" />
    <TestEntry testId="49b4e1b0-9a60-f1f3-7d8e-e1f63ecc7d50" executionId="5bfeaab6-5e7e-4f5f-9c4f-d88447ed5b70" testListId="8c84fa94-04c1-424b-9868-57a2d4851a1d" />
    <TestEntry testId="49b8113a-7c59-3ab5-29c7-c3f311407d47" executionId="ae2045bd-0222-41f5-9471-b142a9699fd3" testListId="8c84fa94-04c1-424b-9868-57a2d4851a1d" />
    <TestEntry testId="49ea2b91-d141-354e-2335-26f531007df0" executionId="b4ba45cc-6147-453f-b75d-79d1d4b41229" testListId="8c84fa94-04c1-424b-9868-57a2d4851a1d" />
    <TestEntry testId="4abb984b-7c31-de55-0099-63a2ac65b83e" executionId="8eb4c240-90d7-4d5d-8633-03d8b3d90b69" testListId="8c84fa94-04c1-424b-9868-57a2d4851a1d" />
    <TestEntry testId="5514446b-a7eb-a40a-85ab-240a248bba2a" executionId="6836a401-21f5-44fd-ba89-5b8e2621c9b1" testListId="8c84fa94-04c1-424b-9868-57a2d4851a1d" />
    <TestEntry testId="567a07ee-04bb-68f0-b054-7c3ac20e04d0" executionId="9f39d40b-564a-4cd9-9b91-1c190bdd5675" testListId="8c84fa94-04c1-424b-9868-57a2d4851a1d" />
    <TestEntry testId="5864e842-9f86-c9b6-bda0-04be2ae227ea" executionId="8b71ab12-ea35-4765-9235-bb879122e7fc" testListId="8c84fa94-04c1-424b-9868-57a2d4851a1d" />
    <TestEntry testId="594704dd-0a86-b16d-988c-f53dd3e4a947" executionId="33da0eb5-1487-401f-926a-018df95afade" testListId="8c84fa94-04c1-424b-9868-57a2d4851a1d" />
    <TestEntry testId="5aba0e57-1e97-6240-5ce7-34738ec9892e" executionId="dbdc3524-9359-44cc-a967-d94710b7be27" testListId="8c84fa94-04c1-424b-9868-57a2d4851a1d" />
    <TestEntry testId="5adb9ee5-30ee-88f6-0128-821d18abc579" executionId="ee1ff1f7-609c-445e-8078-51b00a3d91cc" testListId="8c84fa94-04c1-424b-9868-57a2d4851a1d" />
    <TestEntry testId="5d9b7cef-774f-9ce0-c97d-9f98a260007e" executionId="8e606b41-68f8-43af-a75c-6d8b94979b0f" testListId="8c84fa94-04c1-424b-9868-57a2d4851a1d" />
    <TestEntry testId="5eb081c6-7954-7661-1c9d-175369539add" executionId="a829dbc8-897f-4f2a-b6c3-283fc2ec1e02" testListId="8c84fa94-04c1-424b-9868-57a2d4851a1d" />
    <TestEntry testId="633e6a31-e7c1-dc4e-810e-71a427cf70a8" executionId="3cb4445f-d3be-4d4a-816b-936d2cb83b1c" testListId="8c84fa94-04c1-424b-9868-57a2d4851a1d" />
    <TestEntry testId="635fff99-cecb-31ab-c7e4-e3c205a5337d" executionId="d026d4a0-fcf1-4a13-853b-48767341787f" testListId="8c84fa94-04c1-424b-9868-57a2d4851a1d" />
    <TestEntry testId="644c941d-d40b-5655-7852-107ffef9acae" executionId="edd9562b-fb73-421e-808a-aa149f3f1890" testListId="8c84fa94-04c1-424b-9868-57a2d4851a1d" />
    <TestEntry testId="646233b6-d9da-dd2f-a80d-4b417491cb8d" executionId="9c8ac607-d68c-4db2-b178-8ab2d23ad599" testListId="8c84fa94-04c1-424b-9868-57a2d4851a1d" />
    <TestEntry testId="67060c20-8464-3afb-a152-2d973dbdaed1" executionId="cf6e3ce7-5fe2-425a-8453-79b0b32889b1" testListId="8c84fa94-04c1-424b-9868-57a2d4851a1d" />
    <TestEntry testId="68fbef60-27f3-cd83-2f44-63ae34afe9d9" executionId="c346b4f1-db58-49d1-b3e8-a466859ef1b5" testListId="8c84fa94-04c1-424b-9868-57a2d4851a1d" />
    <TestEntry testId="6b7dcc70-66b6-d437-fa4f-aad0a0e1d53f" executionId="8d6e8a2c-4df4-4716-9a8a-ee0cc01e498a" testListId="8c84fa94-04c1-424b-9868-57a2d4851a1d" />
    <TestEntry testId="6c295435-dd19-448d-1c55-866f7f6136a5" executionId="ab11b0e6-757c-4184-9fb3-7fbebe53e650" testListId="8c84fa94-04c1-424b-9868-57a2d4851a1d" />
    <TestEntry testId="6d798907-2cda-5ed7-51cd-5487f7235fb8" executionId="f825ce30-f31b-4a96-a741-2e7a5b4a16d3" testListId="8c84fa94-04c1-424b-9868-57a2d4851a1d" />
    <TestEntry testId="6ea29e89-2e15-126e-eecf-3f7b211c52eb" executionId="45523d64-1496-498d-b50e-89f8e2329379" testListId="8c84fa94-04c1-424b-9868-57a2d4851a1d" />
    <TestEntry testId="6f205f53-5c1d-2d23-0592-7823ba18d3aa" executionId="d10d010e-7814-4b08-9d14-e12a6283622b" testListId="8c84fa94-04c1-424b-9868-57a2d4851a1d" />
    <TestEntry testId="704833fc-664b-cb0a-a6d9-59354a3ac7df" executionId="2168703a-971f-44f9-a98a-9b0be04fa373" testListId="8c84fa94-04c1-424b-9868-57a2d4851a1d" />
    <TestEntry testId="7068f11c-cf82-d38d-0f16-16dd9f7c090f" executionId="50661fbc-7d39-47e9-ba3d-2c2a4161f877" testListId="8c84fa94-04c1-424b-9868-57a2d4851a1d" />
    <TestEntry testId="71fdaff9-49bf-b223-1fec-b90817ed9152" executionId="ebb38044-dfc2-4c76-8f0b-dcc882b35b43" testListId="8c84fa94-04c1-424b-9868-57a2d4851a1d" />
    <TestEntry testId="752747b0-a36b-eb83-ec59-1c939066a812" executionId="ef8d6d4d-d176-48a9-91f7-cdbfc820499c" testListId="8c84fa94-04c1-424b-9868-57a2d4851a1d" />
    <TestEntry testId="767e3845-1b47-6225-c38c-e6345e12262a" executionId="86e36136-8524-4191-818d-3248b27dda3d" testListId="8c84fa94-04c1-424b-9868-57a2d4851a1d" />
    <TestEntry testId="7743f34e-ac5f-23a3-8e8f-212222420029" executionId="e0ce309b-7061-455a-8847-b934fc33cc82" testListId="8c84fa94-04c1-424b-9868-57a2d4851a1d" />
    <TestEntry testId="77908785-744a-2461-09c9-ef819284a9cc" executionId="a5fbcf12-8464-4988-b6ab-632c57a28ad3" testListId="8c84fa94-04c1-424b-9868-57a2d4851a1d" />
    <TestEntry testId="78086264-20f3-c7b4-e13e-997436ec518b" executionId="b06ff40d-83ab-4c6b-8341-52792f4ddcf7" testListId="8c84fa94-04c1-424b-9868-57a2d4851a1d" />
    <TestEntry testId="7896ac03-38fd-b99c-d27e-6cbd208a3f1e" executionId="16ed1a7b-b387-47df-b87f-4a7be0055ac2" testListId="8c84fa94-04c1-424b-9868-57a2d4851a1d" />
    <TestEntry testId="7d85dd6d-e955-0c88-df95-d36cadd3d7ff" executionId="752e4505-b426-4554-b18c-42eeda39d487" testListId="8c84fa94-04c1-424b-9868-57a2d4851a1d" />
    <TestEntry testId="7edd5b56-0f03-8716-c3c8-130b2e422ca5" executionId="680e5328-2a2a-4ea9-ae09-e65c2ff61dc7" testListId="8c84fa94-04c1-424b-9868-57a2d4851a1d" />
    <TestEntry testId="7f627b84-c634-6195-b636-ad9c00404c56" executionId="aa94cd40-abaf-4810-964f-6d52006a2110" testListId="8c84fa94-04c1-424b-9868-57a2d4851a1d" />
    <TestEntry testId="7fd69db5-bd97-d0f9-53e8-99ad322c752b" executionId="06b479d1-5d81-4470-8b84-4385bd1875ae" testListId="8c84fa94-04c1-424b-9868-57a2d4851a1d" />
    <TestEntry testId="805ce682-089b-aeb5-3890-6340750c38cb" executionId="15fad6be-8aa1-49c3-8a7d-cdfe8596f416" testListId="8c84fa94-04c1-424b-9868-57a2d4851a1d" />
    <TestEntry testId="8076c83d-2717-5964-7e9d-50cc5e2706b9" executionId="96ae4b8c-1263-48a8-a79d-29f07f6b398a" testListId="8c84fa94-04c1-424b-9868-57a2d4851a1d" />
    <TestEntry testId="808822f6-9c85-0a33-f1f9-4d64c79fb975" executionId="4119a3fc-0925-46da-9e78-00aec58db0e0" testListId="8c84fa94-04c1-424b-9868-57a2d4851a1d" />
    <TestEntry testId="81c4858e-2ab2-b121-25c5-9c96ee04a442" executionId="f613f56d-5426-4ee4-b167-40e7ccc8c357" testListId="8c84fa94-04c1-424b-9868-57a2d4851a1d" />
    <TestEntry testId="84a133d0-001f-a986-72f9-cc05e5f25751" executionId="8387f81a-7625-4335-a8be-978ea880126a" testListId="8c84fa94-04c1-424b-9868-57a2d4851a1d" />
    <TestEntry testId="8d424c8f-9c8d-8bdb-c98c-1e76a87f52e2" executionId="042de100-3d0d-444c-b9d3-05bb468411c7" testListId="8c84fa94-04c1-424b-9868-57a2d4851a1d" />
    <TestEntry testId="8dec4c0d-9137-8bca-e823-6edddad67b2a" executionId="09a1b03f-9eae-4c03-bacb-7b7cbbd034d4" testListId="8c84fa94-04c1-424b-9868-57a2d4851a1d" />
    <TestEntry testId="9124fa98-251f-1756-0c3a-757c402d6c99" executionId="752d7db5-16e0-4098-9189-df38285e453b" testListId="8c84fa94-04c1-424b-9868-57a2d4851a1d" />
    <TestEntry testId="9490af69-1deb-35f8-e7a6-20a35084fff2" executionId="c597eafa-515c-4424-aa86-ca177292e1c8" testListId="8c84fa94-04c1-424b-9868-57a2d4851a1d" />
    <TestEntry testId="99e69473-c3b8-a5a3-ffae-e281487c9f70" executionId="07fcd798-31f2-4179-bc08-0ba49b6d710e" testListId="8c84fa94-04c1-424b-9868-57a2d4851a1d" />
    <TestEntry testId="9c518775-786a-f96e-d480-17e4052cdbf8" executionId="d67d8f8c-03e0-44f8-90bd-1f2da9727e3e" testListId="8c84fa94-04c1-424b-9868-57a2d4851a1d" />
    <TestEntry testId="9c9afe3f-60c7-8c08-d3be-1e989acc7622" executionId="601cef9b-20b6-4a1a-9e19-93f8381e9236" testListId="8c84fa94-04c1-424b-9868-57a2d4851a1d" />
    <TestEntry testId="9d4922e1-95bb-cc07-dd59-02aa21bc0c9d" executionId="f26ba942-c517-444d-b315-aea1c84b2a2d" testListId="8c84fa94-04c1-424b-9868-57a2d4851a1d" />
    <TestEntry testId="9f469160-5fe3-b1e7-0220-66c2cc9d5d2b" executionId="6eb6558f-e1d3-46a7-be4b-5d623b84fafb" testListId="8c84fa94-04c1-424b-9868-57a2d4851a1d" />
    <TestEntry testId="a5017919-7828-b52a-3fcf-0e88954eb83a" executionId="c795bf00-1ef5-4d37-b204-d77ece4b3be1" testListId="8c84fa94-04c1-424b-9868-57a2d4851a1d" />
    <TestEntry testId="a51caca7-6a0e-8bea-fb89-3104ddb0e38a" executionId="c869c239-f6c6-451a-ab17-5b230a595923" testListId="8c84fa94-04c1-424b-9868-57a2d4851a1d" />
    <TestEntry testId="a54e40a4-c460-0f5a-3324-94dd8c77f779" executionId="71ac2862-ade9-42f8-86b1-1d039b6e56de" testListId="8c84fa94-04c1-424b-9868-57a2d4851a1d" />
    <TestEntry testId="a67abeae-f275-21d8-f4a8-e10a60739baa" executionId="df2bd4a8-78d6-402d-8248-7f8bdf56d834" testListId="8c84fa94-04c1-424b-9868-57a2d4851a1d" />
    <TestEntry testId="a6967160-696a-a27d-116b-53906f8b68d5" executionId="b435d2e4-3cb7-402b-9883-be7a2ea8a04e" testListId="8c84fa94-04c1-424b-9868-57a2d4851a1d" />
    <TestEntry testId="a9c998c1-d601-9d48-a5aa-e5458f5ccef5" executionId="06db3906-516d-4ba2-9435-f3cbbb1cb66c" testListId="8c84fa94-04c1-424b-9868-57a2d4851a1d" />
    <TestEntry testId="aa22a9b8-be5f-7c6d-f18d-55627b642600" executionId="493514c2-9fc1-4210-9705-ae0678b18b37" testListId="8c84fa94-04c1-424b-9868-57a2d4851a1d" />
    <TestEntry testId="ad6b7b0f-0850-7179-c3e4-805f9d123948" executionId="f563b0e0-14a4-4726-bf7d-43939e4a9496" testListId="8c84fa94-04c1-424b-9868-57a2d4851a1d" />
    <TestEntry testId="af3c2eea-1341-4d08-8112-791e701a0e4e" executionId="2aa6f78d-5c22-47c6-8ba7-cd9db1d308f5" testListId="8c84fa94-04c1-424b-9868-57a2d4851a1d" />
    <TestEntry testId="b03d2b82-a5f5-4a0a-521f-fd9e431b28da" executionId="e585f9fe-5407-4cd9-b13b-7aee8a288baf" testListId="8c84fa94-04c1-424b-9868-57a2d4851a1d" />
    <TestEntry testId="b17fedd4-1f62-61d1-927e-d039058fdcc2" executionId="6cb20ca7-4bc9-47aa-95e1-4a1bea958db2" testListId="8c84fa94-04c1-424b-9868-57a2d4851a1d" />
    <TestEntry testId="b2aadfc0-b55c-fa15-a9e1-9405ae9a9cc7" executionId="6c8cc052-33f8-4061-b2fa-92eb3d740f6a" testListId="8c84fa94-04c1-424b-9868-57a2d4851a1d" />
    <TestEntry testId="b51e8365-ff64-84bf-89d7-6e6cedcc3dbf" executionId="80b2dc01-695c-4ab2-8a8f-c846dd722ee0" testListId="8c84fa94-04c1-424b-9868-57a2d4851a1d" />
    <TestEntry testId="b99ec452-b626-078c-5efb-2041d6f255c4" executionId="12970a51-3f4f-4bfb-9108-26de6885c3fa" testListId="8c84fa94-04c1-424b-9868-57a2d4851a1d" />
    <TestEntry testId="b9a0a920-02f6-e8cf-8012-6ed61570d734" executionId="290608a3-64fd-4fa0-8d65-5070c55c64da" testListId="8c84fa94-04c1-424b-9868-57a2d4851a1d" />
    <TestEntry testId="b9cd1d41-7588-b69e-afc2-13e873777605" executionId="7284aa96-fbb3-4d44-be5c-582c8b0e3dc3" testListId="8c84fa94-04c1-424b-9868-57a2d4851a1d" />
    <TestEntry testId="bdf234ab-0f12-2337-9094-2671833caeec" executionId="7fd0815f-c934-4052-8d42-0e55efd1b826" testListId="8c84fa94-04c1-424b-9868-57a2d4851a1d" />
    <TestEntry testId="be4a640d-264d-b6fa-ba99-6f190c20c0bb" executionId="6d7767c3-3dbe-416b-856a-cc2853fed86d" testListId="8c84fa94-04c1-424b-9868-57a2d4851a1d" />
    <TestEntry testId="c0b42161-4a2a-a4b9-5fed-56ce341f748e" executionId="a38c12db-ceb3-4928-8b2e-83dc20e9e8ca" testListId="8c84fa94-04c1-424b-9868-57a2d4851a1d" />
    <TestEntry testId="c35eb805-49e5-7d06-b69d-ba684aaa6791" executionId="fdab58e6-6b30-4f15-9d3c-8037970fd0f3" testListId="8c84fa94-04c1-424b-9868-57a2d4851a1d" />
    <TestEntry testId="c3a5f774-5c25-7fa7-593c-10a98b5db768" executionId="dd33a401-de56-4cb9-af33-e407e9b9f901" testListId="8c84fa94-04c1-424b-9868-57a2d4851a1d" />
    <TestEntry testId="c717e1ca-5114-3368-100e-511f1e910ebb" executionId="69644881-3fdd-4f14-aebf-668047bf4afe" testListId="8c84fa94-04c1-424b-9868-57a2d4851a1d" />
    <TestEntry testId="c764531a-8b43-978a-82fa-64e183192f81" executionId="645acaa8-4dc3-4b3d-b18d-56a9191397fd" testListId="8c84fa94-04c1-424b-9868-57a2d4851a1d" />
    <TestEntry testId="c8c2cfdd-b8a6-a87d-8c47-5082bca773be" executionId="22a79d96-8bc5-4bde-9c9c-88f3a048efe1" testListId="8c84fa94-04c1-424b-9868-57a2d4851a1d" />
    <TestEntry testId="cd6d70a0-5149-bc7b-20d9-ea0e29ddf4cf" executionId="0b1f1427-2970-4b42-a39c-677ae3740835" testListId="8c84fa94-04c1-424b-9868-57a2d4851a1d" />
    <TestEntry testId="cda388d5-457a-465e-ba14-ce9de40a3bb3" executionId="fe9f87f5-7e80-41af-87e5-f4bab879b85e" testListId="8c84fa94-04c1-424b-9868-57a2d4851a1d" />
    <TestEntry testId="cdf50321-c0eb-ddc4-0179-2919c2028903" executionId="ab7a77d0-5fe7-4e96-94d3-7749e89f29a8" testListId="8c84fa94-04c1-424b-9868-57a2d4851a1d" />
    <TestEntry testId="cf67e106-470b-64ee-b4ec-daf199d3db2f" executionId="ad714bf8-c98d-4663-ba72-348d7b878adb" testListId="8c84fa94-04c1-424b-9868-57a2d4851a1d" />
    <TestEntry testId="d06dda95-89d0-a317-5ac0-24adb003c101" executionId="54271920-bfeb-45f0-8280-6eb6d3e86f12" testListId="8c84fa94-04c1-424b-9868-57a2d4851a1d" />
    <TestEntry testId="d1244455-073f-9dfb-7627-1dfedd276854" executionId="1d536009-e7f0-4863-84f6-2353e780dc48" testListId="8c84fa94-04c1-424b-9868-57a2d4851a1d" />
    <TestEntry testId="d400fa75-dd71-d01b-c6b4-e354835a9d50" executionId="69258be6-9554-4892-b2eb-526979d76c8e" testListId="8c84fa94-04c1-424b-9868-57a2d4851a1d" />
    <TestEntry testId="d97a225a-e31a-2138-2fae-7b4109b25275" executionId="84ffe2fc-8dda-409b-9a50-0beab4dbdbd7" testListId="8c84fa94-04c1-424b-9868-57a2d4851a1d" />
    <TestEntry testId="d982986f-d5cc-bb8f-d6d8-e2a54e2f4dd0" executionId="57a89daf-95a9-47e2-b225-6c31e0cdf233" testListId="8c84fa94-04c1-424b-9868-57a2d4851a1d" />
    <TestEntry testId="d9b4351c-7a62-1cab-5792-b4bc31c2d3e2" executionId="f3f83783-bf91-4dfe-bc8d-5f6d9f3f060d" testListId="8c84fa94-04c1-424b-9868-57a2d4851a1d" />
    <TestEntry testId="da5feb53-2e0d-e0c8-406f-5aa41dc5d56c" executionId="6297d740-1a7c-41e1-9b14-f40c118dcd79" testListId="8c84fa94-04c1-424b-9868-57a2d4851a1d" />
    <TestEntry testId="dfddd698-039d-4cb7-341a-94646b1b9270" executionId="dbe3bdda-f54d-41ac-9137-d6e1c360e288" testListId="8c84fa94-04c1-424b-9868-57a2d4851a1d" />
    <TestEntry testId="e2ea95fb-c5c4-8579-22e2-2d857f0fee1f" executionId="2f62ca76-2736-41e3-8129-4eb3ea635c65" testListId="8c84fa94-04c1-424b-9868-57a2d4851a1d" />
    <TestEntry testId="e3e433dc-f656-51bd-faab-b6cc3200c3cc" executionId="fda9f844-041c-45dd-8f9d-f7e85abece90" testListId="8c84fa94-04c1-424b-9868-57a2d4851a1d" />
    <TestEntry testId="e86f4b46-ab12-e2fb-3f68-4ffa6ecd4f99" executionId="7f64c3e7-1945-4bd5-9d14-867d2859d9ec" testListId="8c84fa94-04c1-424b-9868-57a2d4851a1d" />
    <TestEntry testId="ea12baf4-c62d-b0ca-b8ec-0dd742c09890" executionId="ce1874f7-c097-4348-a17f-d9964cb7ab25" testListId="8c84fa94-04c1-424b-9868-57a2d4851a1d" />
    <TestEntry testId="ea4165e9-438f-19c0-bb46-9e9157f55554" executionId="c890a961-c049-4141-b807-706292d4d301" testListId="8c84fa94-04c1-424b-9868-57a2d4851a1d" />
    <TestEntry testId="ec491029-dab5-3481-ec80-f35631103905" executionId="bcf13cfa-2164-4c26-9f4d-fc243e34900b" testListId="8c84fa94-04c1-424b-9868-57a2d4851a1d" />
    <TestEntry testId="ed7ad088-5d15-f12d-c0e3-6a91dd726685" executionId="8cc323e9-cd8b-4c8b-9eca-89da451924ab" testListId="8c84fa94-04c1-424b-9868-57a2d4851a1d" />
    <TestEntry testId="f20d04ec-6bdf-2adb-3ea0-dea4791f58d1" executionId="20680e4b-943a-4629-bf97-c7afdbd5902f" testListId="8c84fa94-04c1-424b-9868-57a2d4851a1d" />
    <TestEntry testId="f4332708-2d9b-652b-a920-66192f9cdfaf" executionId="309680de-7a08-4ec9-9b58-d65669fbf743" testListId="8c84fa94-04c1-424b-9868-57a2d4851a1d" />
    <TestEntry testId="f4f76af5-0d54-7bf8-8ba4-b32803d7a374" executionId="fb1cb386-20fc-4d2b-bff1-28fd1765b4f8" testListId="8c84fa94-04c1-424b-9868-57a2d4851a1d" />
    <TestEntry testId="f4fcc51c-8f8e-7431-03c1-95529343e3ab" executionId="18ae6b30-da76-4703-aae5-85f7d9b9b732" testListId="8c84fa94-04c1-424b-9868-57a2d4851a1d" />
    <TestEntry testId="f50339b2-56a6-fab9-1b43-e437b5e0a59d" executionId="61584348-581b-4b51-9cb1-85cdb0d6b105" testListId="8c84fa94-04c1-424b-9868-57a2d4851a1d" />
    <TestEntry testId="f52b3d24-c27c-4731-8c5e-a7c40c1103b0" executionId="203d4175-ba6e-4e17-a24f-460f3bb9595b" testListId="8c84fa94-04c1-424b-9868-57a2d4851a1d" />
    <TestEntry testId="f685a220-cae8-50b0-d543-46e310017a33" executionId="584d1dcb-d1f3-4129-979c-074c458b66fe" testListId="8c84fa94-04c1-424b-9868-57a2d4851a1d" />
    <TestEntry testId="f75fa8c7-8563-f254-ccbd-c82531d39c32" executionId="64e5f46e-8d2a-4c4d-9f7e-b27512756f49" testListId="8c84fa94-04c1-424b-9868-57a2d4851a1d" />
    <TestEntry testId="fc92c33d-a24e-4715-be4e-9ee45be3958a" executionId="cd16e64d-714f-4be2-a6c1-524efbdfaab8" testListId="8c84fa94-04c1-424b-9868-57a2d4851a1d" />
    <TestEntry testId="fd91dd5c-db0b-5fcd-fb9e-a3a345d24392" executionId="5196f0c7-bea2-410e-9405-c5019fead277" testListId="8c84fa94-04c1-424b-9868-57a2d4851a1d" />
  </TestEntries>
  <Results>
    <UnitTestResult executionId="e79239dc-cf15-4420-bf76-cdbf9ea4e8da" testId="029a1154-08ed-ad21-3797-6c8eecfafc7c" testName="IfNotNullThrowsContractException439" computerName="EDSAC" duration="00:00:00.0929572" startTime="2010-12-04T01:52:06.1738132+00:00" endTime="2010-12-04T01:52:07.8949116+00:00" testType="13cdc9d9-ddb5-4fa4-a97d-d965ccfc6d4b" outcome="Passed" testListId="8c84fa94-04c1-424b-9868-57a2d4851a1d" relativeResultsDirectory="e79239dc-cf15-4420-bf76-cdbf9ea4e8da">
    </UnitTestResult>
    <UnitTestResult executionId="81eba23b-3dce-49de-a28c-2b0ad9dfa0fe" testId="04c53adc-df51-85a8-3dcb-278e962fc112" testName="Subarray709" computerName="EDSAC" duration="00:00:00.0095953" startTime="2010-12-04T01:52:07.9109126+00:00" endTime="2010-12-04T01:52:07.9349139+00:00" testType="13cdc9d9-ddb5-4fa4-a97d-d965ccfc6d4b" outcome="Passed" testListId="8c84fa94-04c1-424b-9868-57a2d4851a1d" relativeResultsDirectory="81eba23b-3dce-49de-a28c-2b0ad9dfa0fe">
    </UnitTestResult>
    <UnitTestResult executionId="c2f37acc-5435-4649-aacc-308423080437" testId="0860ee19-0524-5919-2b3c-8316527f7933" testName="If921" computerName="EDSAC" duration="00:00:00.0004871" startTime="2010-12-04T01:52:07.9399142+00:00" endTime="2010-12-04T01:52:07.9519149+00:00" testType="13cdc9d9-ddb5-4fa4-a97d-d965ccfc6d4b" outcome="Passed" testListId="8c84fa94-04c1-424b-9868-57a2d4851a1d" relativeResultsDirectory="c2f37acc-5435-4649-aacc-308423080437">
    </UnitTestResult>
    <UnitTestResult executionId="c5790c54-f246-44f1-99a9-445342414a9f" testId="099b6629-b323-a9b6-3641-ebce58ee0f7c" testName="AsEnumerable02588" computerName="EDSAC" duration="00:00:00.0615860" startTime="2010-12-04T01:52:07.9659157+00:00" endTime="2010-12-04T01:52:08.0369198+00:00" testType="13cdc9d9-ddb5-4fa4-a97d-d965ccfc6d4b" outcome="Passed" testListId="8c84fa94-04c1-424b-9868-57a2d4851a1d" relativeResultsDirectory="c5790c54-f246-44f1-99a9-445342414a9f">
    </UnitTestResult>
    <UnitTestResult executionId="1db66c05-d499-450d-82c0-f2791bd14f0e" testId="0a0076ce-bff6-0afe-3199-97711aba5896" testName="Random01ThrowsContractException900" computerName="EDSAC" duration="00:00:00.0036890" startTime="2010-12-04T01:52:08.0579210+00:00" endTime="2010-12-04T01:52:08.0869226+00:00" testType="13cdc9d9-ddb5-4fa4-a97d-d965ccfc6d4b" outcome="Passed" testListId="8c84fa94-04c1-424b-9868-57a2d4851a1d" relativeResultsDirectory="1db66c05-d499-450d-82c0-f2791bd14f0e">
    </UnitTestResult>
    <UnitTestResult executionId="026de801-f98c-4369-959d-ef60d027344d" testId="0b08a90e-9c88-bf3f-a353-f732342a57da" testName="TakeEveryThrowsContractException918" computerName="EDSAC" duration="00:00:00.0073803" startTime="2010-12-04T01:52:08.0949231+00:00" endTime="2010-12-04T01:52:08.1109240+00:00" testType="13cdc9d9-ddb5-4fa4-a97d-d965ccfc6d4b" outcome="Passed" testListId="8c84fa94-04c1-424b-9868-57a2d4851a1d" relativeResultsDirectory="026de801-f98c-4369-959d-ef60d027344d">
    </UnitTestResult>
    <UnitTestResult executionId="3e79342c-28cd-499f-b8ce-7db9db16230d" testId="0b8785c2-8bd4-a826-60eb-f295a2d7fcb3" testName="As01660" computerName="EDSAC" duration="00:00:00.0030567" startTime="2010-12-04T01:52:08.1199245+00:00" endTime="2010-12-04T01:52:08.1489262+00:00" testType="13cdc9d9-ddb5-4fa4-a97d-d965ccfc6d4b" outcome="Passed" testListId="8c84fa94-04c1-424b-9868-57a2d4851a1d" relativeResultsDirectory="3e79342c-28cd-499f-b8ce-7db9db16230d">
    </UnitTestResult>
    <UnitTestResult executionId="51851aed-2340-4ea1-b474-24b089f2e9c3" testId="0e645c38-e73b-967d-e94f-74a8d38a05b3" testName="As170" computerName="EDSAC" duration="00:00:00.0007260" startTime="2010-12-04T01:52:08.1569266+00:00" endTime="2010-12-04T01:52:08.1689273+00:00" testType="13cdc9d9-ddb5-4fa4-a97d-d965ccfc6d4b" outcome="Passed" testListId="8c84fa94-04c1-424b-9868-57a2d4851a1d" relativeResultsDirectory="51851aed-2340-4ea1-b474-24b089f2e9c3">
    </UnitTestResult>
    <UnitTestResult executionId="c2057855-35f2-4262-808a-29f105a24469" testId="1199c9cc-d8e3-0309-8136-cef199801af6" testName="To01203" computerName="EDSAC" duration="00:00:00.0067061" startTime="2010-12-04T01:52:08.1729275+00:00" endTime="2010-12-04T01:52:08.1949288+00:00" testType="13cdc9d9-ddb5-4fa4-a97d-d965ccfc6d4b" outcome="Passed" testListId="8c84fa94-04c1-424b-9868-57a2d4851a1d" relativeResultsDirectory="c2057855-35f2-4262-808a-29f105a24469">
    </UnitTestResult>
    <UnitTestResult executionId="26796144-86d5-4efb-aaa1-d922c7b05b3f" testId="1216a6b0-8489-bf99-b25f-4311a613bf89" testName="IfNotNull01ThrowsContractException507" computerName="EDSAC" duration="00:00:00.0014539" startTime="2010-12-04T01:52:08.2029293+00:00" endTime="2010-12-04T01:52:08.2159300+00:00" testType="13cdc9d9-ddb5-4fa4-a97d-d965ccfc6d4b" outcome="Passed" testListId="8c84fa94-04c1-424b-9868-57a2d4851a1d" relativeResultsDirectory="26796144-86d5-4efb-aaa1-d922c7b05b3f">
    </UnitTestResult>
    <UnitTestResult executionId="3a2dd29d-be38-41c1-9af8-2a271a6c4fe9" testId="135a3025-77e5-46ab-cdc0-1fc37de1ad5c" testName="UnionAll02ThrowsContractException412" computerName="EDSAC" duration="00:00:00.0034631" startTime="2010-12-04T01:52:08.2219303+00:00" endTime="2010-12-04T01:52:08.2339310+00:00" testType="13cdc9d9-ddb5-4fa4-a97d-d965ccfc6d4b" outcome="Passed" testListId="8c84fa94-04c1-424b-9868-57a2d4851a1d" relativeResultsDirectory="3a2dd29d-be38-41c1-9af8-2a271a6c4fe9">
    </UnitTestResult>
    <UnitTestResult executionId="53ea861e-dd36-4815-9af1-0dd915320dc5" testId="14c4d8f7-99c5-9b56-48f1-16bece872cd1" testName="As76301" computerName="EDSAC" duration="00:00:00.0108500" startTime="2010-12-04T01:52:08.2429315+00:00" endTime="2010-12-04T01:52:08.2619326+00:00" testType="13cdc9d9-ddb5-4fa4-a97d-d965ccfc6d4b" outcome="Passed" testListId="8c84fa94-04c1-424b-9868-57a2d4851a1d" relativeResultsDirectory="53ea861e-dd36-4815-9af1-0dd915320dc5">
    </UnitTestResult>
    <UnitTestResult executionId="a4a6b81a-2c3c-4a3a-9e4b-f4e789399d8c" testId="14e07649-4bb1-965c-d352-f5e6a62d38fd" testName="IsNullOrEmpty177" computerName="EDSAC" duration="00:00:00.0018888" startTime="2010-12-04T01:52:08.2789336+00:00" endTime="2010-12-04T01:52:08.2939345+00:00" testType="13cdc9d9-ddb5-4fa4-a97d-d965ccfc6d4b" outcome="Passed" testListId="8c84fa94-04c1-424b-9868-57a2d4851a1d" relativeResultsDirectory="a4a6b81a-2c3c-4a3a-9e4b-f4e789399d8c">
    </UnitTestResult>
    <UnitTestResult executionId="8014b3ab-52a1-4ef6-9403-6204f2347126" testId="153f9dfe-1469-43b6-8030-2e1f4f18197e" testName="AddThrowsContractException500" computerName="EDSAC" duration="00:00:00.0058144" startTime="2010-12-04T01:52:08.2989348+00:00" endTime="2010-12-04T01:52:08.3129356+00:00" testType="13cdc9d9-ddb5-4fa4-a97d-d965ccfc6d4b" outcome="Passed" testListId="8c84fa94-04c1-424b-9868-57a2d4851a1d" relativeResultsDirectory="8014b3ab-52a1-4ef6-9403-6204f2347126">
    </UnitTestResult>
    <UnitTestResult executionId="79f6d4d2-19c2-4435-a98b-95124bb18da3" testId="16a72305-d6bc-60a8-f8d6-a048d1322b13" testName="To03ThrowsContractException633" computerName="EDSAC" duration="00:00:00.0252772" startTime="2010-12-04T01:52:08.3249362+00:00" endTime="2010-12-04T01:52:08.3679387+00:00" testType="13cdc9d9-ddb5-4fa4-a97d-d965ccfc6d4b" outcome="Passed" testListId="8c84fa94-04c1-424b-9868-57a2d4851a1d" relativeResultsDirectory="79f6d4d2-19c2-4435-a98b-95124bb18da3">
    </UnitTestResult>
    <UnitTestResult executionId="57e005ee-1a41-4074-9597-d3c1452ae7b0" testId="16bc510b-963f-30e5-6517-13389edd4fdc" testName="GetByPercentThrowsIndexOutOfRangeException858" computerName="EDSAC" duration="00:00:00.2711287" startTime="2010-12-04T01:52:08.3819395+00:00" endTime="2010-12-04T01:52:08.6699560+00:00" testType="13cdc9d9-ddb5-4fa4-a97d-d965ccfc6d4b" outcome="Failed" testListId="8c84fa94-04c1-424b-9868-57a2d4851a1d" relativeResultsDirectory="57e005ee-1a41-4074-9597-d3c1452ae7b0">
      <Output>
        <ErrorInfo>
          <Message>Test method SharpBag.ExtensionsTest.GetByPercentThrowsIndexOutOfRangeException858 threw exception: 
System.IndexOutOfRangeException: Index was outside the bounds of the array.</Message>
          <StackTrace>    at SharpBag.Extensions.GetByPercent[T](T[] array, Double percent) in C:\Users\SuprDewd\Desktop\Projects\Forritun\SharpBag\SharpBag\Extensions.cs:line 240
   at SharpBag.ExtensionsTest.GetByPercentThrowsIndexOutOfRangeException858() in C:\Users\SuprDewd\Desktop\Projects\Forritun\SharpBag\SharpBag.Tests01\ExtensionsTest.GetByPercent.g.cs:line 56
</StackTrace>
        </ErrorInfo>
      </Output>
    </UnitTestResult>
    <UnitTestResult executionId="3e418586-f961-4d41-8533-810c8238f56c" testId="17cbf434-78e7-42a5-6758-242cc94ac703" testName="CastAs434" computerName="EDSAC" duration="00:00:00.0004194" startTime="2010-12-04T01:52:08.6829567+00:00" endTime="2010-12-04T01:52:08.6979576+00:00" testType="13cdc9d9-ddb5-4fa4-a97d-d965ccfc6d4b" outcome="Passed" testListId="8c84fa94-04c1-424b-9868-57a2d4851a1d" relativeResultsDirectory="3e418586-f961-4d41-8533-810c8238f56c">
    </UnitTestResult>
    <UnitTestResult executionId="664f3665-fd6e-47dd-95fd-ab21b556674e" testId="18234ca5-6af0-1355-5140-f92645f28e01" testName="If79" computerName="EDSAC" duration="00:00:00.0008412" startTime="2010-12-04T01:52:08.7019578+00:00" endTime="2010-12-04T01:52:08.7129584+00:00" testType="13cdc9d9-ddb5-4fa4-a97d-d965ccfc6d4b" outcome="Passed" testListId="8c84fa94-04c1-424b-9868-57a2d4851a1d" relativeResultsDirectory="664f3665-fd6e-47dd-95fd-ab21b556674e">
    </UnitTestResult>
    <UnitTestResult executionId="74a0f495-073c-456b-82cf-88e860f557c8" testId="193af604-0c49-1c0a-39c2-739404c2ca21" testName="ForEach125" computerName="EDSAC" duration="00:00:00.0253775" startTime="2010-12-04T01:52:08.7249591+00:00" endTime="2010-12-04T01:52:08.7589611+00:00" testType="13cdc9d9-ddb5-4fa4-a97d-d965ccfc6d4b" outcome="Passed" testListId="8c84fa94-04c1-424b-9868-57a2d4851a1d" relativeResultsDirectory="74a0f495-073c-456b-82cf-88e860f557c8">
    </UnitTestResult>
    <UnitTestResult executionId="b59b3425-f836-4c45-8a53-f21c5c0cb30c" testId="1a1204f8-80dc-63b9-41bb-196d59b5bd9c" testName="As21507" computerName="EDSAC" duration="00:00:00.0185179" startTime="2010-12-04T01:52:08.8019635+00:00" endTime="2010-12-04T01:52:08.8539665+00:00" testType="13cdc9d9-ddb5-4fa4-a97d-d965ccfc6d4b" outcome="Passed" testListId="8c84fa94-04c1-424b-9868-57a2d4851a1d" relativeResultsDirectory="b59b3425-f836-4c45-8a53-f21c5c0cb30c">
    </UnitTestResult>
    <UnitTestResult executionId="8a8dd5fe-23da-4d39-a7a5-966d2351545f" testId="1a2aa5e7-93f9-111f-f012-0d120146abe5" testName="IterThrowsContractException514" computerName="EDSAC" duration="00:00:00.0066389" startTime="2010-12-04T01:52:08.8699674+00:00" endTime="2010-12-04T01:52:08.8839682+00:00" testType="13cdc9d9-ddb5-4fa4-a97d-d965ccfc6d4b" outcome="Passed" testListId="8c84fa94-04c1-424b-9868-57a2d4851a1d" relativeResultsDirectory="8a8dd5fe-23da-4d39-a7a5-966d2351545f">
    </UnitTestResult>
    <UnitTestResult executionId="bfe050ad-3963-4c84-87c3-45a6eb761b28" testId="1d926c24-6749-5267-75d7-955626edc4df" testName="SubarrayThrowsContractException734" computerName="EDSAC" duration="00:00:00.0011128" startTime="2010-12-04T01:52:08.8909686+00:00" endTime="2010-12-04T01:52:08.9059695+00:00" testType="13cdc9d9-ddb5-4fa4-a97d-d965ccfc6d4b" outcome="Passed" testListId="8c84fa94-04c1-424b-9868-57a2d4851a1d" relativeResultsDirectory="bfe050ad-3963-4c84-87c3-45a6eb761b28">
    </UnitTestResult>
    <UnitTestResult executionId="5650d821-0030-453b-8399-8fb05f59475b" testId="1ddea7a7-fe10-238b-7e4c-5401f2a78e2b" testName="RandomThrowsContractException574" computerName="EDSAC" duration="00:00:00.0012453" startTime="2010-12-04T01:52:08.9159700+00:00" endTime="2010-12-04T01:52:08.9309709+00:00" testType="13cdc9d9-ddb5-4fa4-a97d-d965ccfc6d4b" outcome="Passed" testListId="8c84fa94-04c1-424b-9868-57a2d4851a1d" relativeResultsDirectory="5650d821-0030-453b-8399-8fb05f59475b">
    </UnitTestResult>
    <UnitTestResult executionId="9961e327-adf6-454d-8cbc-c6dc1976fc3f" testId="1e0ca069-996e-4bc0-6164-74e9ee8107ac" testName="GetByPercentThrowsContractException730" computerName="EDSAC" duration="00:00:00.0005953" startTime="2010-12-04T01:52:08.9349711+00:00" endTime="2010-12-04T01:52:08.9439716+00:00" testType="13cdc9d9-ddb5-4fa4-a97d-d965ccfc6d4b" outcome="Passed" testListId="8c84fa94-04c1-424b-9868-57a2d4851a1d" relativeResultsDirectory="9961e327-adf6-454d-8cbc-c6dc1976fc3f">
    </UnitTestResult>
    <UnitTestResult executionId="88aa9b6b-e9f7-4043-8de3-e268c0bf9424" testId="1e811e95-82b3-7182-a1a6-ec99686bab87" testName="IsIn570" computerName="EDSAC" duration="00:00:00.0015496" startTime="2010-12-04T01:52:08.9479719+00:00" endTime="2010-12-04T01:52:08.9599726+00:00" testType="13cdc9d9-ddb5-4fa4-a97d-d965ccfc6d4b" outcome="Passed" testListId="8c84fa94-04c1-424b-9868-57a2d4851a1d" relativeResultsDirectory="88aa9b6b-e9f7-4043-8de3-e268c0bf9424">
    </UnitTestResult>
    <UnitTestResult executionId="a75cb184-93bb-4440-a50a-9f9af4429dfb" testId="1fa5b7ed-be1a-69d3-e35d-61c48c394d37" testName="NullOr907" computerName="EDSAC" duration="00:00:00.0024161" startTime="2010-12-04T01:52:08.9629727+00:00" endTime="2010-12-04T01:52:08.9779736+00:00" testType="13cdc9d9-ddb5-4fa4-a97d-d965ccfc6d4b" outcome="Passed" testListId="8c84fa94-04c1-424b-9868-57a2d4851a1d" relativeResultsDirectory="a75cb184-93bb-4440-a50a-9f9af4429dfb">
    </UnitTestResult>
    <UnitTestResult executionId="0f91b91a-f79a-49ea-8d62-2e6efbf481ee" testId="205ac4dd-1d38-125b-1cfd-036daa1ac16f" testName="RangeThrowsContractException913" computerName="EDSAC" duration="00:00:00.0034963" startTime="2010-12-04T01:52:08.9829739+00:00" endTime="2010-12-04T01:52:08.9969747+00:00" testType="13cdc9d9-ddb5-4fa4-a97d-d965ccfc6d4b" outcome="Passed" testListId="8c84fa94-04c1-424b-9868-57a2d4851a1d" relativeResultsDirectory="0f91b91a-f79a-49ea-8d62-2e6efbf481ee">
    </UnitTestResult>
    <UnitTestResult executionId="159ee6fe-668b-4d94-970e-5eab98d4254d" testId="20789601-3bb2-517f-9c07-8755507d968d" testName="IsIn0134" computerName="EDSAC" duration="00:00:00.0008650" startTime="2010-12-04T01:52:09.0009749+00:00" endTime="2010-12-04T01:52:09.0099754+00:00" testType="13cdc9d9-ddb5-4fa4-a97d-d965ccfc6d4b" outcome="Passed" testListId="8c84fa94-04c1-424b-9868-57a2d4851a1d" relativeResultsDirectory="159ee6fe-668b-4d94-970e-5eab98d4254d">
    </UnitTestResult>
    <UnitTestResult executionId="91f137fd-3ce0-45d1-80ef-9704825cb672" testId="221d319c-8869-0d4c-725e-9ea36949d716" testName="Iter960" computerName="EDSAC" duration="00:00:00.0006775" startTime="2010-12-04T01:52:09.0129756+00:00" endTime="2010-12-04T01:52:09.0279765+00:00" testType="13cdc9d9-ddb5-4fa4-a97d-d965ccfc6d4b" outcome="Passed" testListId="8c84fa94-04c1-424b-9868-57a2d4851a1d" relativeResultsDirectory="91f137fd-3ce0-45d1-80ef-9704825cb672">
    </UnitTestResult>
    <UnitTestResult executionId="2534fd59-2ae3-499a-87f3-19bed3c7dbc5" testId="2250a8be-6947-1057-ceec-e49c62f651fa" testName="As21505" computerName="EDSAC" duration="00:00:00.0027432" startTime="2010-12-04T01:52:09.0329767+00:00" endTime="2010-12-04T01:52:09.0509778+00:00" testType="13cdc9d9-ddb5-4fa4-a97d-d965ccfc6d4b" outcome="Passed" testListId="8c84fa94-04c1-424b-9868-57a2d4851a1d" relativeResultsDirectory="2534fd59-2ae3-499a-87f3-19bed3c7dbc5">
    </UnitTestResult>
    <UnitTestResult executionId="6f9c5727-5e8b-4848-97d0-33992242c2e3" testId="22b3bc9e-2d91-4747-086b-d415be2c5776" testName="RangeThrowsContractException560" computerName="EDSAC" duration="00:00:00.0005613" startTime="2010-12-04T01:52:09.0579782+00:00" endTime="2010-12-04T01:52:09.0749791+00:00" testType="13cdc9d9-ddb5-4fa4-a97d-d965ccfc6d4b" outcome="Passed" testListId="8c84fa94-04c1-424b-9868-57a2d4851a1d" relativeResultsDirectory="6f9c5727-5e8b-4848-97d0-33992242c2e3">
    </UnitTestResult>
    <UnitTestResult executionId="7196edaf-eb95-486a-a0d3-43290a9126c5" testId="244ce62b-951e-b470-32a3-7178f547fe21" testName="As01ThrowsContractException228" computerName="EDSAC" duration="00:00:00.0005515" startTime="2010-12-04T01:52:09.0799794+00:00" endTime="2010-12-04T01:52:09.0929802+00:00" testType="13cdc9d9-ddb5-4fa4-a97d-d965ccfc6d4b" outcome="Passed" testListId="8c84fa94-04c1-424b-9868-57a2d4851a1d" relativeResultsDirectory="7196edaf-eb95-486a-a0d3-43290a9126c5">
    </UnitTestResult>
    <UnitTestResult executionId="f7c157b9-9c96-4231-8d7c-73f65e3dc017" testId="2664c1af-83be-d3ec-b2b2-1838fed1807c" testName="IsIn01ThrowsContractException279" computerName="EDSAC" duration="00:00:00.0039419" startTime="2010-12-04T01:52:09.0949803+00:00" endTime="2010-12-04T01:52:09.1119813+00:00" testType="13cdc9d9-ddb5-4fa4-a97d-d965ccfc6d4b" outcome="Passed" testListId="8c84fa94-04c1-424b-9868-57a2d4851a1d" relativeResultsDirectory="f7c157b9-9c96-4231-8d7c-73f65e3dc017">
    </UnitTestResult>
    <UnitTestResult executionId="eb017f83-3066-4b8d-a9bc-64c871ab38ff" testId="26cd5a56-007e-00b1-b708-eca41e9cf9dc" testName="ForEachThrowsContractException727" computerName="EDSAC" duration="00:00:00.0091203" startTime="2010-12-04T01:52:09.1169815+00:00" endTime="2010-12-04T01:52:09.1399829+00:00" testType="13cdc9d9-ddb5-4fa4-a97d-d965ccfc6d4b" outcome="Passed" testListId="8c84fa94-04c1-424b-9868-57a2d4851a1d" relativeResultsDirectory="eb017f83-3066-4b8d-a9bc-64c871ab38ff">
    </UnitTestResult>
    <UnitTestResult executionId="f4bb551c-d99c-4c43-9d7b-a90115bde43e" testId="2a492a9b-f563-5e1e-f60c-76d1e2ee9ce9" testName="To723" computerName="EDSAC" duration="00:00:00.0026074" startTime="2010-12-04T01:52:09.1469833+00:00" endTime="2010-12-04T01:52:09.1659843+00:00" testType="13cdc9d9-ddb5-4fa4-a97d-d965ccfc6d4b" outcome="Passed" testListId="8c84fa94-04c1-424b-9868-57a2d4851a1d" relativeResultsDirectory="f4bb551c-d99c-4c43-9d7b-a90115bde43e">
    </UnitTestResult>
    <UnitTestResult executionId="456c6555-4c9d-4177-bcbb-0544b62780af" testId="2b439315-a245-09eb-2a28-a8a156c3b963" testName="As66" computerName="EDSAC" duration="00:00:00.0032364" startTime="2010-12-04T01:52:09.1739848+00:00" endTime="2010-12-04T01:52:09.1849854+00:00" testType="13cdc9d9-ddb5-4fa4-a97d-d965ccfc6d4b" outcome="Passed" testListId="8c84fa94-04c1-424b-9868-57a2d4851a1d" relativeResultsDirectory="456c6555-4c9d-4177-bcbb-0544b62780af">
    </UnitTestResult>
    <UnitTestResult executionId="5b226e2b-169c-49b8-a25b-bce2ff7c8388" testId="2e107be2-e3af-1a8b-fb4b-bdb5534db4b8" testName="GetByPercent562" computerName="EDSAC" duration="00:00:00.0004512" startTime="2010-12-04T01:52:09.1889857+00:00" endTime="2010-12-04T01:52:09.1969861+00:00" testType="13cdc9d9-ddb5-4fa4-a97d-d965ccfc6d4b" outcome="Passed" testListId="8c84fa94-04c1-424b-9868-57a2d4851a1d" relativeResultsDirectory="5b226e2b-169c-49b8-a25b-bce2ff7c8388">
    </UnitTestResult>
    <UnitTestResult executionId="e7bf334d-8895-4a6d-9acf-3c077f07141c" testId="2f442340-39d2-2141-feae-caa93af13693" testName="To203" computerName="EDSAC" duration="00:00:00.0003023" startTime="2010-12-04T01:52:09.1999863+00:00" endTime="2010-12-04T01:52:09.2109869+00:00" testType="13cdc9d9-ddb5-4fa4-a97d-d965ccfc6d4b" outcome="Passed" testListId="8c84fa94-04c1-424b-9868-57a2d4851a1d" relativeResultsDirectory="e7bf334d-8895-4a6d-9acf-3c077f07141c">
    </UnitTestResult>
    <UnitTestResult executionId="fd4f0532-0d5c-490d-8a53-8ecf24213f78" testId="2fd85783-fc83-f96f-d9bf-a6bcc5a252f1" testName="UnionAllThrowsContractException888" computerName="EDSAC" duration="00:00:00.0025322" startTime="2010-12-04T01:52:09.2139871+00:00" endTime="2010-12-04T01:52:09.2329882+00:00" testType="13cdc9d9-ddb5-4fa4-a97d-d965ccfc6d4b" outcome="Passed" testListId="8c84fa94-04c1-424b-9868-57a2d4851a1d" relativeResultsDirectory="fd4f0532-0d5c-490d-8a53-8ecf24213f78">
    </UnitTestResult>
    <UnitTestResult executionId="9607c48f-2ce6-4693-b1b1-6d8db244e0aa" testId="2ff38794-ad92-1998-3c20-e3ee775a8969" testName="TakeEveryThrowsContractException368" computerName="EDSAC" duration="00:00:00.0005636" startTime="2010-12-04T01:52:09.2349883+00:00" endTime="2010-12-04T01:52:09.2509892+00:00" testType="13cdc9d9-ddb5-4fa4-a97d-d965ccfc6d4b" outcome="Passed" testListId="8c84fa94-04c1-424b-9868-57a2d4851a1d" relativeResultsDirectory="9607c48f-2ce6-4693-b1b1-6d8db244e0aa">
    </UnitTestResult>
    <UnitTestResult executionId="97d6da80-4dc0-4ebf-a9b0-f9c3b4af3876" testId="30d0053c-3b83-f6d8-7942-b6dbd27b329f" testName="Fill688" computerName="EDSAC" duration="00:00:00.0015552" startTime="2010-12-04T01:52:09.2559895+00:00" endTime="2010-12-04T01:52:09.2719904+00:00" testType="13cdc9d9-ddb5-4fa4-a97d-d965ccfc6d4b" outcome="Passed" testListId="8c84fa94-04c1-424b-9868-57a2d4851a1d" relativeResultsDirectory="97d6da80-4dc0-4ebf-a9b0-f9c3b4af3876">
    </UnitTestResult>
    <UnitTestResult executionId="ebd5b226-b18f-41b6-a119-e8843f83e0d5" testId="33f07926-487a-5d2a-2e1a-64b2ae7d1065" testName="To04598" computerName="EDSAC" duration="00:00:00.0031962" startTime="2010-12-04T01:52:09.2779908+00:00" endTime="2010-12-04T01:52:09.2969918+00:00" testType="13cdc9d9-ddb5-4fa4-a97d-d965ccfc6d4b" outcome="Passed" testListId="8c84fa94-04c1-424b-9868-57a2d4851a1d" relativeResultsDirectory="ebd5b226-b18f-41b6-a119-e8843f83e0d5">
    </UnitTestResult>
    <UnitTestResult executionId="44dcd75b-cb3a-46e4-b054-52265c23bce5" testId="3902168e-77cb-c1b4-c44f-4336ab3b86bd" testName="EmptyIfNull122" computerName="EDSAC" duration="00:00:00.0013811" startTime="2010-12-04T01:52:09.3019921+00:00" endTime="2010-12-04T01:52:09.3199932+00:00" testType="13cdc9d9-ddb5-4fa4-a97d-d965ccfc6d4b" outcome="Passed" testListId="8c84fa94-04c1-424b-9868-57a2d4851a1d" relativeResultsDirectory="44dcd75b-cb3a-46e4-b054-52265c23bce5">
    </UnitTestResult>
    <UnitTestResult executionId="1a7de490-7ef3-4655-af4e-bf86aa901258" testId="3950117e-1257-8bcc-63aa-35e8e8daf9e2" testName="To463" computerName="EDSAC" duration="00:00:00.0002739" startTime="2010-12-04T01:52:09.3279936+00:00" endTime="2010-12-04T01:52:09.3399943+00:00" testType="13cdc9d9-ddb5-4fa4-a97d-d965ccfc6d4b" outcome="Passed" testListId="8c84fa94-04c1-424b-9868-57a2d4851a1d" relativeResultsDirectory="1a7de490-7ef3-4655-af4e-bf86aa901258">
    </UnitTestResult>
    <UnitTestResult executionId="90c5e61a-1d25-4e00-87ae-3c159f2f29dd" testId="3a633eaa-632f-f936-1d35-4e407b494884" testName="As0163207" computerName="EDSAC" duration="00:00:00.0004129" startTime="2010-12-04T01:52:09.3449946+00:00" endTime="2010-12-04T01:52:09.3609955+00:00" testType="13cdc9d9-ddb5-4fa4-a97d-d965ccfc6d4b" outcome="Passed" testListId="8c84fa94-04c1-424b-9868-57a2d4851a1d" relativeResultsDirectory="90c5e61a-1d25-4e00-87ae-3c159f2f29dd">
    </UnitTestResult>
    <UnitTestResult executionId="bfd4ff1c-8f9a-44d1-aefc-f0f103ef18e0" testId="3d3988d3-9563-f144-e6f1-47341372fdea" testName="As01303" computerName="EDSAC" duration="00:00:00.0003975" startTime="2010-12-04T01:52:09.3669958+00:00" endTime="2010-12-04T01:52:09.3779965+00:00" testType="13cdc9d9-ddb5-4fa4-a97d-d965ccfc6d4b" outcome="Passed" testListId="8c84fa94-04c1-424b-9868-57a2d4851a1d" relativeResultsDirectory="bfd4ff1c-8f9a-44d1-aefc-f0f103ef18e0">
    </UnitTestResult>
    <UnitTestResult executionId="8a92313f-315b-4ac1-9b04-b6823ef07126" testId="3e37c17d-90fa-e89c-9aa5-d591fc3b0dec" testName="As01367" computerName="EDSAC" duration="00:00:00.0396772" startTime="2010-12-04T01:52:09.3859969+00:00" endTime="2010-12-04T01:52:09.4390000+00:00" testType="13cdc9d9-ddb5-4fa4-a97d-d965ccfc6d4b" outcome="Passed" testListId="8c84fa94-04c1-424b-9868-57a2d4851a1d" relativeResultsDirectory="8a92313f-315b-4ac1-9b04-b6823ef07126">
    </UnitTestResult>
    <UnitTestResult executionId="ca190282-466b-4164-ae7d-fec18b34bdc2" testId="46f11c29-0946-1ee3-1afe-afb72995b905" testName="IfNotNull01923" computerName="EDSAC" duration="00:00:00.0013699" startTime="2010-12-04T01:52:09.4420001+00:00" endTime="2010-12-04T01:52:09.4530008+00:00" testType="13cdc9d9-ddb5-4fa4-a97d-d965ccfc6d4b" outcome="Passed" testListId="8c84fa94-04c1-424b-9868-57a2d4851a1d" relativeResultsDirectory="ca190282-466b-4164-ae7d-fec18b34bdc2">
    </UnitTestResult>
    <UnitTestResult executionId="ecc9293d-de58-4dcd-9e28-8dc5bd608a7a" testId="4796da93-05be-09dc-4928-16eafddcfcc3" testName="As0163203" computerName="EDSAC" duration="00:00:00.0004418" startTime="2010-12-04T01:52:09.4550009+00:00" endTime="2010-12-04T01:52:09.4660015+00:00" testType="13cdc9d9-ddb5-4fa4-a97d-d965ccfc6d4b" outcome="Passed" testListId="8c84fa94-04c1-424b-9868-57a2d4851a1d" relativeResultsDirectory="ecc9293d-de58-4dcd-9e28-8dc5bd608a7a">
    </UnitTestResult>
    <UnitTestResult executionId="cdcf0c60-872a-4786-9efe-c5f127465238" testId="48745f52-01da-5495-8edc-495e0a033ca1" testName="As0163205" computerName="EDSAC" duration="00:00:00.0003956" startTime="2010-12-04T01:52:09.4680016+00:00" endTime="2010-12-04T01:52:09.4770021+00:00" testType="13cdc9d9-ddb5-4fa4-a97d-d965ccfc6d4b" outcome="Passed" testListId="8c84fa94-04c1-424b-9868-57a2d4851a1d" relativeResultsDirectory="cdcf0c60-872a-4786-9efe-c5f127465238">
    </UnitTestResult>
    <UnitTestResult executionId="5bfeaab6-5e7e-4f5f-9c4f-d88447ed5b70" testId="49b4e1b0-9a60-f1f3-7d8e-e1f63ecc7d50" testName="UnionAll02ThrowsContractException903" computerName="EDSAC" duration="00:00:00.0006630" startTime="2010-12-04T01:52:09.4800023+00:00" endTime="2010-12-04T01:52:09.4900029+00:00" testType="13cdc9d9-ddb5-4fa4-a97d-d965ccfc6d4b" outcome="Passed" testListId="8c84fa94-04c1-424b-9868-57a2d4851a1d" relativeResultsDirectory="5bfeaab6-5e7e-4f5f-9c4f-d88447ed5b70">
    </UnitTestResult>
    <UnitTestResult executionId="ae2045bd-0222-41f5-9471-b142a9699fd3" testId="49b8113a-7c59-3ab5-29c7-c3f311407d47" testName="NullOrThrowsContractException550" computerName="EDSAC" duration="00:00:00.0005776" startTime="2010-12-04T01:52:09.4930030+00:00" endTime="2010-12-04T01:52:09.5040037+00:00" testType="13cdc9d9-ddb5-4fa4-a97d-d965ccfc6d4b" outcome="Passed" testListId="8c84fa94-04c1-424b-9868-57a2d4851a1d" relativeResultsDirectory="ae2045bd-0222-41f5-9471-b142a9699fd3">
    </UnitTestResult>
    <UnitTestResult executionId="b4ba45cc-6147-453f-b75d-79d1d4b41229" testId="49ea2b91-d141-354e-2335-26f531007df0" testName="AsEnumerable01ThrowsContractException386" computerName="EDSAC" duration="00:00:00.0084031" startTime="2010-12-04T01:52:09.5060038+00:00" endTime="2010-12-04T01:52:09.5280051+00:00" testType="13cdc9d9-ddb5-4fa4-a97d-d965ccfc6d4b" outcome="Passed" testListId="8c84fa94-04c1-424b-9868-57a2d4851a1d" relativeResultsDirectory="b4ba45cc-6147-453f-b75d-79d1d4b41229">
    </UnitTestResult>
    <UnitTestResult executionId="8eb4c240-90d7-4d5d-8633-03d8b3d90b69" testId="4abb984b-7c31-de55-0099-63a2ac65b83e" testName="WithThrowsContractException186" computerName="EDSAC" duration="00:00:00.0011618" startTime="2010-12-04T01:52:09.5330053+00:00" endTime="2010-12-04T01:52:09.5500063+00:00" testType="13cdc9d9-ddb5-4fa4-a97d-d965ccfc6d4b" outcome="Passed" testListId="8c84fa94-04c1-424b-9868-57a2d4851a1d" relativeResultsDirectory="8eb4c240-90d7-4d5d-8633-03d8b3d90b69">
    </UnitTestResult>
    <UnitTestResult executionId="6836a401-21f5-44fd-ba89-5b8e2621c9b1" testId="5514446b-a7eb-a40a-85ab-240a248bba2a" testName="To01637" computerName="EDSAC" duration="00:00:00.0003107" startTime="2010-12-04T01:52:09.5550066+00:00" endTime="2010-12-04T01:52:09.5710075+00:00" testType="13cdc9d9-ddb5-4fa4-a97d-d965ccfc6d4b" outcome="Passed" testListId="8c84fa94-04c1-424b-9868-57a2d4851a1d" relativeResultsDirectory="6836a401-21f5-44fd-ba89-5b8e2621c9b1">
    </UnitTestResult>
    <UnitTestResult executionId="9f39d40b-564a-4cd9-9b91-1c190bdd5675" testId="567a07ee-04bb-68f0-b054-7c3ac20e04d0" testName="Range377" computerName="EDSAC" duration="00:00:00.0005641" startTime="2010-12-04T01:52:09.5780079+00:00" endTime="2010-12-04T01:52:09.5930088+00:00" testType="13cdc9d9-ddb5-4fa4-a97d-d965ccfc6d4b" outcome="Passed" testListId="8c84fa94-04c1-424b-9868-57a2d4851a1d" relativeResultsDirectory="9f39d40b-564a-4cd9-9b91-1c190bdd5675">
    </UnitTestResult>
    <UnitTestResult executionId="8b71ab12-ea35-4765-9235-bb879122e7fc" testId="5864e842-9f86-c9b6-bda0-04be2ae227ea" testName="With255" computerName="EDSAC" duration="00:00:00.0042601" startTime="2010-12-04T01:52:09.5990091+00:00" endTime="2010-12-04T01:52:09.6160101+00:00" testType="13cdc9d9-ddb5-4fa4-a97d-d965ccfc6d4b" outcome="Passed" testListId="8c84fa94-04c1-424b-9868-57a2d4851a1d" relativeResultsDirectory="8b71ab12-ea35-4765-9235-bb879122e7fc">
    </UnitTestResult>
    <UnitTestResult executionId="33da0eb5-1487-401f-926a-018df95afade" testId="594704dd-0a86-b16d-988c-f53dd3e4a947" testName="SubarrayThrowsIndexOutOfRangeException237" computerName="EDSAC" duration="00:00:00.0024805" startTime="2010-12-04T01:52:09.6220104+00:00" endTime="2010-12-04T01:52:09.6350112+00:00" testType="13cdc9d9-ddb5-4fa4-a97d-d965ccfc6d4b" outcome="Failed" testListId="8c84fa94-04c1-424b-9868-57a2d4851a1d" relativeResultsDirectory="33da0eb5-1487-401f-926a-018df95afade">
      <Output>
        <ErrorInfo>
          <Message>Test method SharpBag.ExtensionsTest.SubarrayThrowsIndexOutOfRangeException237 threw exception: 
System.IndexOutOfRangeException: Index was outside the bounds of the array.</Message>
          <StackTrace>    at SharpBag.Extensions.Subarray(Int32[,] a, Int32 x1, Int32 y1, Int32 x2, Int32 y2) in C:\Users\SuprDewd\Desktop\Projects\Forritun\SharpBag\SharpBag\Extensions.cs:line 568
   at SharpBag.ExtensionsTest.SubarrayThrowsIndexOutOfRangeException237() in C:\Users\SuprDewd\Desktop\Projects\Forritun\SharpBag\SharpBag.Tests01\ExtensionsTest.Subarray.g.cs:line 66
</StackTrace>
        </ErrorInfo>
      </Output>
    </UnitTestResult>
    <UnitTestResult executionId="dbdc3524-9359-44cc-a967-d94710b7be27" testId="5aba0e57-1e97-6240-5ce7-34738ec9892e" testName="As0163202" computerName="EDSAC" duration="00:00:00.0033703" startTime="2010-12-04T01:52:09.6380113+00:00" endTime="2010-12-04T01:52:09.6640128+00:00" testType="13cdc9d9-ddb5-4fa4-a97d-d965ccfc6d4b" outcome="Passed" testListId="8c84fa94-04c1-424b-9868-57a2d4851a1d" relativeResultsDirectory="dbdc3524-9359-44cc-a967-d94710b7be27">
    </UnitTestResult>
    <UnitTestResult executionId="ee1ff1f7-609c-445e-8078-51b00a3d91cc" testId="5adb9ee5-30ee-88f6-0128-821d18abc579" testName="ToDictionary652" computerName="EDSAC" duration="00:00:00.0017413" startTime="2010-12-04T01:52:09.6690131+00:00" endTime="2010-12-04T01:52:09.6780136+00:00" testType="13cdc9d9-ddb5-4fa4-a97d-d965ccfc6d4b" outcome="Passed" testListId="8c84fa94-04c1-424b-9868-57a2d4851a1d" relativeResultsDirectory="ee1ff1f7-609c-445e-8078-51b00a3d91cc">
    </UnitTestResult>
    <UnitTestResult executionId="8e606b41-68f8-43af-a75c-6d8b94979b0f" testId="5d9b7cef-774f-9ce0-c97d-9f98a260007e" testName="IsNullableTypeThrowsContractException16" computerName="EDSAC" duration="00:00:00.0005184" startTime="2010-12-04T01:52:09.6810138+00:00" endTime="2010-12-04T01:52:09.6930145+00:00" testType="13cdc9d9-ddb5-4fa4-a97d-d965ccfc6d4b" outcome="Passed" testListId="8c84fa94-04c1-424b-9868-57a2d4851a1d" relativeResultsDirectory="8e606b41-68f8-43af-a75c-6d8b94979b0f">
    </UnitTestResult>
    <UnitTestResult executionId="a829dbc8-897f-4f2a-b6c3-283fc2ec1e02" testId="5eb081c6-7954-7661-1c9d-175369539add" testName="To04ThrowsContractException971" computerName="EDSAC" duration="00:00:00.0005398" startTime="2010-12-04T01:52:09.6970147+00:00" endTime="2010-12-04T01:52:09.7040151+00:00" testType="13cdc9d9-ddb5-4fa4-a97d-d965ccfc6d4b" outcome="Passed" testListId="8c84fa94-04c1-424b-9868-57a2d4851a1d" relativeResultsDirectory="a829dbc8-897f-4f2a-b6c3-283fc2ec1e02">
    </UnitTestResult>
    <UnitTestResult executionId="3cb4445f-d3be-4d4a-816b-936d2cb83b1c" testId="633e6a31-e7c1-dc4e-810e-71a427cf70a8" testName="IsNot859" computerName="EDSAC" duration="00:00:00.0005212" startTime="2010-12-04T01:52:09.7080153+00:00" endTime="2010-12-04T01:52:09.7170159+00:00" testType="13cdc9d9-ddb5-4fa4-a97d-d965ccfc6d4b" outcome="Passed" testListId="8c84fa94-04c1-424b-9868-57a2d4851a1d" relativeResultsDirectory="3cb4445f-d3be-4d4a-816b-936d2cb83b1c">
    </UnitTestResult>
    <UnitTestResult executionId="d026d4a0-fcf1-4a13-853b-48767341787f" testId="635fff99-cecb-31ab-c7e4-e3c205a5337d" testName="Times258" computerName="EDSAC" duration="00:00:00.0047939" startTime="2010-12-04T01:52:09.7200160+00:00" endTime="2010-12-04T01:52:09.7380171+00:00" testType="13cdc9d9-ddb5-4fa4-a97d-d965ccfc6d4b" outcome="Passed" testListId="8c84fa94-04c1-424b-9868-57a2d4851a1d" relativeResultsDirectory="d026d4a0-fcf1-4a13-853b-48767341787f">
    </UnitTestResult>
    <UnitTestResult executionId="edd9562b-fb73-421e-808a-aa149f3f1890" testId="644c941d-d40b-5655-7852-107ffef9acae" testName="Subarray305" computerName="EDSAC" duration="00:00:00.0007265" startTime="2010-12-04T01:52:09.7410172+00:00" endTime="2010-12-04T01:52:09.7500177+00:00" testType="13cdc9d9-ddb5-4fa4-a97d-d965ccfc6d4b" outcome="Passed" testListId="8c84fa94-04c1-424b-9868-57a2d4851a1d" relativeResultsDirectory="edd9562b-fb73-421e-808a-aa149f3f1890">
    </UnitTestResult>
    <UnitTestResult executionId="9c8ac607-d68c-4db2-b178-8ab2d23ad599" testId="646233b6-d9da-dd2f-a80d-4b417491cb8d" testName="IsInThrowsContractException240" computerName="EDSAC" duration="00:00:00.0005641" startTime="2010-12-04T01:52:09.7520179+00:00" endTime="2010-12-04T01:52:09.7640185+00:00" testType="13cdc9d9-ddb5-4fa4-a97d-d965ccfc6d4b" outcome="Passed" testListId="8c84fa94-04c1-424b-9868-57a2d4851a1d" relativeResultsDirectory="9c8ac607-d68c-4db2-b178-8ab2d23ad599">
    </UnitTestResult>
    <UnitTestResult executionId="cf6e3ce7-5fe2-425a-8453-79b0b32889b1" testId="67060c20-8464-3afb-a152-2d973dbdaed1" testName="ToDictionaryThrowsContractException647" computerName="EDSAC" duration="00:00:00.0026722" startTime="2010-12-04T01:52:09.7690188+00:00" endTime="2010-12-04T01:52:09.7890200+00:00" testType="13cdc9d9-ddb5-4fa4-a97d-d965ccfc6d4b" outcome="Passed" testListId="8c84fa94-04c1-424b-9868-57a2d4851a1d" relativeResultsDirectory="cf6e3ce7-5fe2-425a-8453-79b0b32889b1">
    </UnitTestResult>
    <UnitTestResult executionId="c346b4f1-db58-49d1-b3e8-a466859ef1b5" testId="68fbef60-27f3-cd83-2f44-63ae34afe9d9" testName="UnionAll02339" computerName="EDSAC" duration="00:00:00.0028803" startTime="2010-12-04T01:52:09.7910201+00:00" endTime="2010-12-04T01:52:09.8070210+00:00" testType="13cdc9d9-ddb5-4fa4-a97d-d965ccfc6d4b" outcome="Passed" testListId="8c84fa94-04c1-424b-9868-57a2d4851a1d" relativeResultsDirectory="c346b4f1-db58-49d1-b3e8-a466859ef1b5">
    </UnitTestResult>
    <UnitTestResult executionId="8d6e8a2c-4df4-4716-9a8a-ee0cc01e498a" testId="6b7dcc70-66b6-d437-fa4f-aad0a0e1d53f" testName="To02ThrowsEntryPointNotFoundException897" computerName="EDSAC" duration="00:00:00.0111557" startTime="2010-12-04T01:52:09.8120213+00:00" endTime="2010-12-04T01:52:09.8380228+00:00" testType="13cdc9d9-ddb5-4fa4-a97d-d965ccfc6d4b" outcome="Failed" testListId="8c84fa94-04c1-424b-9868-57a2d4851a1d" relativeResultsDirectory="8d6e8a2c-4df4-4716-9a8a-ee0cc01e498a">
      <Output>
        <ErrorInfo>
          <Message>Test method SharpBag.ExtensionsTest.To02ThrowsEntryPointNotFoundException897 threw exception: 
System.EntryPointNotFoundException: Entry point was not found.</Message>
          <StackTrace>    at System.Collections.Generic.IEnumerable`1.GetEnumerator()
   at System.Linq.Enumerable.Any[TSource](IEnumerable`1 source)
   at SharpBag.Extensions.To(BigInteger start, BigInteger end) in C:\Users\SuprDewd\Desktop\Projects\Forritun\SharpBag\SharpBag\Extensions.cs:line 134
   at SharpBag.ExtensionsTest.To02ThrowsEntryPointNotFoundException897() in C:\Users\SuprDewd\Desktop\Projects\Forritun\SharpBag\SharpBag.Tests01\ExtensionsTest.To02.g.cs:line 28
</StackTrace>
        </ErrorInfo>
      </Output>
    </UnitTestResult>
    <UnitTestResult executionId="ab11b0e6-757c-4184-9fb3-7fbebe53e650" testId="6c295435-dd19-448d-1c55-866f7f6136a5" testName="RangeThrowsContractException402" computerName="EDSAC" duration="00:00:00.0006233" startTime="2010-12-04T01:52:09.8540237+00:00" endTime="2010-12-04T01:52:09.8700246+00:00" testType="13cdc9d9-ddb5-4fa4-a97d-d965ccfc6d4b" outcome="Passed" testListId="8c84fa94-04c1-424b-9868-57a2d4851a1d" relativeResultsDirectory="ab11b0e6-757c-4184-9fb3-7fbebe53e650">
    </UnitTestResult>
    <UnitTestResult executionId="f825ce30-f31b-4a96-a741-2e7a5b4a16d3" testId="6d798907-2cda-5ed7-51cd-5487f7235fb8" testName="To01ThrowsContractException160" computerName="EDSAC" duration="00:00:00.0030866" startTime="2010-12-04T01:52:09.8750249+00:00" endTime="2010-12-04T01:52:09.8860255+00:00" testType="13cdc9d9-ddb5-4fa4-a97d-d965ccfc6d4b" outcome="Passed" testListId="8c84fa94-04c1-424b-9868-57a2d4851a1d" relativeResultsDirectory="f825ce30-f31b-4a96-a741-2e7a5b4a16d3">
    </UnitTestResult>
    <UnitTestResult executionId="45523d64-1496-498d-b50e-89f8e2329379" testId="6ea29e89-2e15-126e-eecf-3f7b211c52eb" testName="Subarray142" computerName="EDSAC" duration="00:00:00.0074377" startTime="2010-12-04T01:52:09.8900258+00:00" endTime="2010-12-04T01:52:09.9120270+00:00" testType="13cdc9d9-ddb5-4fa4-a97d-d965ccfc6d4b" outcome="Passed" testListId="8c84fa94-04c1-424b-9868-57a2d4851a1d" relativeResultsDirectory="45523d64-1496-498d-b50e-89f8e2329379">
    </UnitTestResult>
    <UnitTestResult executionId="d10d010e-7814-4b08-9d14-e12a6283622b" testId="6f205f53-5c1d-2d23-0592-7823ba18d3aa" testName="IsIn34" computerName="EDSAC" duration="00:00:00.0003886" startTime="2010-12-04T01:52:09.9150272+00:00" endTime="2010-12-04T01:52:09.9310281+00:00" testType="13cdc9d9-ddb5-4fa4-a97d-d965ccfc6d4b" outcome="Passed" testListId="8c84fa94-04c1-424b-9868-57a2d4851a1d" relativeResultsDirectory="d10d010e-7814-4b08-9d14-e12a6283622b">
    </UnitTestResult>
    <UnitTestResult executionId="2168703a-971f-44f9-a98a-9b0be04fa373" testId="704833fc-664b-cb0a-a6d9-59354a3ac7df" testName="To04825" computerName="EDSAC" duration="00:00:00.0003037" startTime="2010-12-04T01:52:09.9340283+00:00" endTime="2010-12-04T01:52:09.9430288+00:00" testType="13cdc9d9-ddb5-4fa4-a97d-d965ccfc6d4b" outcome="Passed" testListId="8c84fa94-04c1-424b-9868-57a2d4851a1d" relativeResultsDirectory="2168703a-971f-44f9-a98a-9b0be04fa373">
    </UnitTestResult>
    <UnitTestResult executionId="50661fbc-7d39-47e9-ba3d-2c2a4161f877" testId="7068f11c-cf82-d38d-0f16-16dd9f7c090f" testName="Add609" computerName="EDSAC" duration="00:00:00.0005058" startTime="2010-12-04T01:52:09.9460290+00:00" endTime="2010-12-04T01:52:09.9570296+00:00" testType="13cdc9d9-ddb5-4fa4-a97d-d965ccfc6d4b" outcome="Passed" testListId="8c84fa94-04c1-424b-9868-57a2d4851a1d" relativeResultsDirectory="50661fbc-7d39-47e9-ba3d-2c2a4161f877">
    </UnitTestResult>
    <UnitTestResult executionId="ebb38044-dfc2-4c76-8f0b-dcc882b35b43" testId="71fdaff9-49bf-b223-1fec-b90817ed9152" testName="TakeEveryThrowsContractException57" computerName="EDSAC" duration="00:00:00.0006005" startTime="2010-12-04T01:52:09.9600298+00:00" endTime="2010-12-04T01:52:09.9700303+00:00" testType="13cdc9d9-ddb5-4fa4-a97d-d965ccfc6d4b" outcome="Passed" testListId="8c84fa94-04c1-424b-9868-57a2d4851a1d" relativeResultsDirectory="ebb38044-dfc2-4c76-8f0b-dcc882b35b43">
    </UnitTestResult>
    <UnitTestResult executionId="ef8d6d4d-d176-48a9-91f7-cdbfc820499c" testId="752747b0-a36b-eb83-ec59-1c939066a812" testName="UnionAll01355" computerName="EDSAC" duration="00:00:00.0022061" startTime="2010-12-04T01:52:09.9740306+00:00" endTime="2010-12-04T01:52:09.9830311+00:00" testType="13cdc9d9-ddb5-4fa4-a97d-d965ccfc6d4b" outcome="Passed" testListId="8c84fa94-04c1-424b-9868-57a2d4851a1d" relativeResultsDirectory="ef8d6d4d-d176-48a9-91f7-cdbfc820499c">
    </UnitTestResult>
    <UnitTestResult executionId="86e36136-8524-4191-818d-3248b27dda3d" testId="767e3845-1b47-6225-c38c-e6345e12262a" testName="Is373" computerName="EDSAC" duration="00:00:00.0004012" startTime="2010-12-04T01:52:09.9860312+00:00" endTime="2010-12-04T01:52:09.9950318+00:00" testType="13cdc9d9-ddb5-4fa4-a97d-d965ccfc6d4b" outcome="Passed" testListId="8c84fa94-04c1-424b-9868-57a2d4851a1d" relativeResultsDirectory="86e36136-8524-4191-818d-3248b27dda3d">
    </UnitTestResult>
    <UnitTestResult executionId="e0ce309b-7061-455a-8847-b934fc33cc82" testId="7743f34e-ac5f-23a3-8e8f-212222420029" testName="As215" computerName="EDSAC" duration="00:00:00.0004899" startTime="2010-12-04T01:52:09.9980319+00:00" endTime="2010-12-04T01:52:10.0070324+00:00" testType="13cdc9d9-ddb5-4fa4-a97d-d965ccfc6d4b" outcome="Passed" testListId="8c84fa94-04c1-424b-9868-57a2d4851a1d" relativeResultsDirectory="e0ce309b-7061-455a-8847-b934fc33cc82">
    </UnitTestResult>
    <UnitTestResult executionId="a5fbcf12-8464-4988-b6ab-632c57a28ad3" testId="77908785-744a-2461-09c9-ef819284a9cc" testName="ExecuteThrowsContractException78" computerName="EDSAC" duration="00:00:00.0049596" startTime="2010-12-04T01:52:10.0100326+00:00" endTime="2010-12-04T01:52:10.0330339+00:00" testType="13cdc9d9-ddb5-4fa4-a97d-d965ccfc6d4b" outcome="Passed" testListId="8c84fa94-04c1-424b-9868-57a2d4851a1d" relativeResultsDirectory="a5fbcf12-8464-4988-b6ab-632c57a28ad3">
    </UnitTestResult>
    <UnitTestResult executionId="b06ff40d-83ab-4c6b-8341-52792f4ddcf7" testId="78086264-20f3-c7b4-e13e-997436ec518b" testName="UnionAll01ThrowsContractException589" computerName="EDSAC" duration="00:00:00.0005972" startTime="2010-12-04T01:52:10.0370342+00:00" endTime="2010-12-04T01:52:10.0560353+00:00" testType="13cdc9d9-ddb5-4fa4-a97d-d965ccfc6d4b" outcome="Passed" testListId="8c84fa94-04c1-424b-9868-57a2d4851a1d" relativeResultsDirectory="b06ff40d-83ab-4c6b-8341-52792f4ddcf7">
    </UnitTestResult>
    <UnitTestResult executionId="16ed1a7b-b387-47df-b87f-4a7be0055ac2" testId="7896ac03-38fd-b99c-d27e-6cbd208a3f1e" testName="As21502" computerName="EDSAC" duration="00:00:00.0045265" startTime="2010-12-04T01:52:10.0610355+00:00" endTime="2010-12-04T01:52:10.0790366+00:00" testType="13cdc9d9-ddb5-4fa4-a97d-d965ccfc6d4b" outcome="Passed" testListId="8c84fa94-04c1-424b-9868-57a2d4851a1d" relativeResultsDirectory="16ed1a7b-b387-47df-b87f-4a7be0055ac2">
    </UnitTestResult>
    <UnitTestResult executionId="752e4505-b426-4554-b18c-42eeda39d487" testId="7d85dd6d-e955-0c88-df95-d36cadd3d7ff" testName="IsNullOrEmpty839" computerName="EDSAC" duration="00:00:00.0029018" startTime="2010-12-04T01:52:10.0860370+00:00" endTime="2010-12-04T01:52:10.0960375+00:00" testType="13cdc9d9-ddb5-4fa4-a97d-d965ccfc6d4b" outcome="Passed" testListId="8c84fa94-04c1-424b-9868-57a2d4851a1d" relativeResultsDirectory="752e4505-b426-4554-b18c-42eeda39d487">
    </UnitTestResult>
    <UnitTestResult executionId="680e5328-2a2a-4ea9-ae09-e65c2ff61dc7" testId="7edd5b56-0f03-8716-c3c8-130b2e422ca5" testName="As014" computerName="EDSAC" duration="00:00:00.0371613" startTime="2010-12-04T01:52:10.1010378+00:00" endTime="2010-12-04T01:52:10.1510407+00:00" testType="13cdc9d9-ddb5-4fa4-a97d-d965ccfc6d4b" outcome="Passed" testListId="8c84fa94-04c1-424b-9868-57a2d4851a1d" relativeResultsDirectory="680e5328-2a2a-4ea9-ae09-e65c2ff61dc7">
    </UnitTestResult>
    <UnitTestResult executionId="aa94cd40-abaf-4810-964f-6d52006a2110" testId="7f627b84-c634-6195-b636-ad9c00404c56" testName="IfNotNull173" computerName="EDSAC" duration="00:00:00.0017007" startTime="2010-12-04T01:52:10.1620413+00:00" endTime="2010-12-04T01:52:10.1770422+00:00" testType="13cdc9d9-ddb5-4fa4-a97d-d965ccfc6d4b" outcome="Passed" testListId="8c84fa94-04c1-424b-9868-57a2d4851a1d" relativeResultsDirectory="aa94cd40-abaf-4810-964f-6d52006a2110">
    </UnitTestResult>
    <UnitTestResult executionId="06b479d1-5d81-4470-8b84-4385bd1875ae" testId="7fd69db5-bd97-d0f9-53e8-99ad322c752b" testName="InvokeIfRequired01ThrowsContractException792" computerName="EDSAC" duration="00:00:00.0074956" startTime="2010-12-04T01:52:10.1790423+00:00" endTime="2010-12-04T01:52:10.1980434+00:00" testType="13cdc9d9-ddb5-4fa4-a97d-d965ccfc6d4b" outcome="Passed" testListId="8c84fa94-04c1-424b-9868-57a2d4851a1d" relativeResultsDirectory="06b479d1-5d81-4470-8b84-4385bd1875ae">
    </UnitTestResult>
    <UnitTestResult executionId="15fad6be-8aa1-49c3-8a7d-cdfe8596f416" testId="805ce682-089b-aeb5-3890-6340750c38cb" testName="SubarrayThrowsIndexOutOfRangeException719" computerName="EDSAC" duration="00:00:00.0022490" startTime="2010-12-04T01:52:10.2000435+00:00" endTime="2010-12-04T01:52:10.2130442+00:00" testType="13cdc9d9-ddb5-4fa4-a97d-d965ccfc6d4b" outcome="Failed" testListId="8c84fa94-04c1-424b-9868-57a2d4851a1d" relativeResultsDirectory="15fad6be-8aa1-49c3-8a7d-cdfe8596f416">
      <Output>
        <ErrorInfo>
          <Message>Test method SharpBag.ExtensionsTest.SubarrayThrowsIndexOutOfRangeException719 threw exception: 
System.IndexOutOfRangeException: Index was outside the bounds of the array.</Message>
          <StackTrace>    at SharpBag.Extensions.Subarray(Int32[,] a, Int32 x1, Int32 y1, Int32 x2, Int32 y2) in C:\Users\SuprDewd\Desktop\Projects\Forritun\SharpBag\SharpBag\Extensions.cs:line 568
   at SharpBag.ExtensionsTest.SubarrayThrowsIndexOutOfRangeException719() in C:\Users\SuprDewd\Desktop\Projects\Forritun\SharpBag\SharpBag.Tests01\ExtensionsTest.Subarray.g.cs:line 76
</StackTrace>
        </ErrorInfo>
      </Output>
    </UnitTestResult>
    <UnitTestResult executionId="96ae4b8c-1263-48a8-a79d-29f07f6b398a" testId="8076c83d-2717-5964-7e9d-50cc5e2706b9" testName="Add885" computerName="EDSAC" duration="00:00:00.0004535" startTime="2010-12-04T01:52:10.2160444+00:00" endTime="2010-12-04T01:52:10.2310453+00:00" testType="13cdc9d9-ddb5-4fa4-a97d-d965ccfc6d4b" outcome="Passed" testListId="8c84fa94-04c1-424b-9868-57a2d4851a1d" relativeResultsDirectory="96ae4b8c-1263-48a8-a79d-29f07f6b398a">
    </UnitTestResult>
    <UnitTestResult executionId="4119a3fc-0925-46da-9e78-00aec58db0e0" testId="808822f6-9c85-0a33-f1f9-4d64c79fb975" testName="As763" computerName="EDSAC" duration="00:00:00.0004824" startTime="2010-12-04T01:52:10.2340454+00:00" endTime="2010-12-04T01:52:10.2460461+00:00" testType="13cdc9d9-ddb5-4fa4-a97d-d965ccfc6d4b" outcome="Passed" testListId="8c84fa94-04c1-424b-9868-57a2d4851a1d" relativeResultsDirectory="4119a3fc-0925-46da-9e78-00aec58db0e0">
    </UnitTestResult>
    <UnitTestResult executionId="f613f56d-5426-4ee4-b167-40e7ccc8c357" testId="81c4858e-2ab2-b121-25c5-9c96ee04a442" testName="ForEach788" computerName="EDSAC" duration="00:00:00.0003840" startTime="2010-12-04T01:52:10.2500463+00:00" endTime="2010-12-04T01:52:10.2590469+00:00" testType="13cdc9d9-ddb5-4fa4-a97d-d965ccfc6d4b" outcome="Passed" testListId="8c84fa94-04c1-424b-9868-57a2d4851a1d" relativeResultsDirectory="f613f56d-5426-4ee4-b167-40e7ccc8c357">
    </UnitTestResult>
    <UnitTestResult executionId="8387f81a-7625-4335-a8be-978ea880126a" testId="84a133d0-001f-a986-72f9-cc05e5f25751" testName="AsEnumerable560" computerName="EDSAC" duration="00:00:00.0056674" startTime="2010-12-04T01:52:10.2640471+00:00" endTime="2010-12-04T01:52:10.2830482+00:00" testType="13cdc9d9-ddb5-4fa4-a97d-d965ccfc6d4b" outcome="Passed" testListId="8c84fa94-04c1-424b-9868-57a2d4851a1d" relativeResultsDirectory="8387f81a-7625-4335-a8be-978ea880126a">
    </UnitTestResult>
    <UnitTestResult executionId="042de100-3d0d-444c-b9d3-05bb468411c7" testId="8d424c8f-9c8d-8bdb-c98c-1e76a87f52e2" testName="Shuffle565" computerName="EDSAC" duration="00:00:00.0056739" startTime="2010-12-04T01:52:10.2850484+00:00" endTime="2010-12-04T01:52:10.3060496+00:00" testType="13cdc9d9-ddb5-4fa4-a97d-d965ccfc6d4b" outcome="Passed" testListId="8c84fa94-04c1-424b-9868-57a2d4851a1d" relativeResultsDirectory="042de100-3d0d-444c-b9d3-05bb468411c7">
    </UnitTestResult>
    <UnitTestResult executionId="09a1b03f-9eae-4c03-bacb-7b7cbbd034d4" testId="8dec4c0d-9137-8bca-e823-6edddad67b2a" testName="As568" computerName="EDSAC" duration="00:00:00.0006471" startTime="2010-12-04T01:52:10.3120499+00:00" endTime="2010-12-04T01:52:10.3290509+00:00" testType="13cdc9d9-ddb5-4fa4-a97d-d965ccfc6d4b" outcome="Passed" testListId="8c84fa94-04c1-424b-9868-57a2d4851a1d" relativeResultsDirectory="09a1b03f-9eae-4c03-bacb-7b7cbbd034d4">
    </UnitTestResult>
    <UnitTestResult executionId="752d7db5-16e0-4098-9189-df38285e453b" testId="9124fa98-251f-1756-0c3a-757c402d6c99" testName="Random01ThrowsContractException243" computerName="EDSAC" duration="00:00:00.0005543" startTime="2010-12-04T01:52:10.3340512+00:00" endTime="2010-12-04T01:52:10.3430517+00:00" testType="13cdc9d9-ddb5-4fa4-a97d-d965ccfc6d4b" outcome="Passed" testListId="8c84fa94-04c1-424b-9868-57a2d4851a1d" relativeResultsDirectory="752d7db5-16e0-4098-9189-df38285e453b">
    </UnitTestResult>
    <UnitTestResult executionId="c597eafa-515c-4424-aa86-ca177292e1c8" testId="9490af69-1deb-35f8-e7a6-20a35084fff2" testName="Fill571" computerName="EDSAC" duration="00:00:00.0035854" startTime="2010-12-04T01:52:10.3460518+00:00" endTime="2010-12-04T01:52:10.3650529+00:00" testType="13cdc9d9-ddb5-4fa4-a97d-d965ccfc6d4b" outcome="Passed" testListId="8c84fa94-04c1-424b-9868-57a2d4851a1d" relativeResultsDirectory="c597eafa-515c-4424-aa86-ca177292e1c8">
    </UnitTestResult>
    <UnitTestResult executionId="07fcd798-31f2-4179-bc08-0ba49b6d710e" testId="99e69473-c3b8-a5a3-ffae-e281487c9f70" testName="Execute933" computerName="EDSAC" duration="00:00:00.0002715" startTime="2010-12-04T01:52:10.3700532+00:00" endTime="2010-12-04T01:52:10.3860541+00:00" testType="13cdc9d9-ddb5-4fa4-a97d-d965ccfc6d4b" outcome="Passed" testListId="8c84fa94-04c1-424b-9868-57a2d4851a1d" relativeResultsDirectory="07fcd798-31f2-4179-bc08-0ba49b6d710e">
    </UnitTestResult>
    <UnitTestResult executionId="d67d8f8c-03e0-44f8-90bd-1f2da9727e3e" testId="9c518775-786a-f96e-d480-17e4052cdbf8" testName="IterThrowsContractException991" computerName="EDSAC" duration="00:00:00.0006541" startTime="2010-12-04T01:52:10.3920545+00:00" endTime="2010-12-04T01:52:10.4090554+00:00" testType="13cdc9d9-ddb5-4fa4-a97d-d965ccfc6d4b" outcome="Passed" testListId="8c84fa94-04c1-424b-9868-57a2d4851a1d" relativeResultsDirectory="d67d8f8c-03e0-44f8-90bd-1f2da9727e3e">
    </UnitTestResult>
    <UnitTestResult executionId="601cef9b-20b6-4a1a-9e19-93f8381e9236" testId="9c9afe3f-60c7-8c08-d3be-1e989acc7622" testName="InvokeIfRequiredThrowsContractException324" computerName="EDSAC" duration="00:00:00.0013013" startTime="2010-12-04T01:52:10.4140557+00:00" endTime="2010-12-04T01:52:10.4260564+00:00" testType="13cdc9d9-ddb5-4fa4-a97d-d965ccfc6d4b" outcome="Passed" testListId="8c84fa94-04c1-424b-9868-57a2d4851a1d" relativeResultsDirectory="601cef9b-20b6-4a1a-9e19-93f8381e9236">
    </UnitTestResult>
    <UnitTestResult executionId="f26ba942-c517-444d-b315-aea1c84b2a2d" testId="9d4922e1-95bb-cc07-dd59-02aa21bc0c9d" testName="As6" computerName="EDSAC" duration="00:00:00.0008683" startTime="2010-12-04T01:52:10.4290566+00:00" endTime="2010-12-04T01:52:10.4400572+00:00" testType="13cdc9d9-ddb5-4fa4-a97d-d965ccfc6d4b" outcome="Passed" testListId="8c84fa94-04c1-424b-9868-57a2d4851a1d" relativeResultsDirectory="f26ba942-c517-444d-b315-aea1c84b2a2d">
    </UnitTestResult>
    <UnitTestResult executionId="6eb6558f-e1d3-46a7-be4b-5d623b84fafb" testId="9f469160-5fe3-b1e7-0220-66c2cc9d5d2b" testName="TimesThrowsContractException121" computerName="EDSAC" duration="00:00:00.0005893" startTime="2010-12-04T01:52:10.4450575+00:00" endTime="2010-12-04T01:52:10.4510578+00:00" testType="13cdc9d9-ddb5-4fa4-a97d-d965ccfc6d4b" outcome="Passed" testListId="8c84fa94-04c1-424b-9868-57a2d4851a1d" relativeResultsDirectory="6eb6558f-e1d3-46a7-be4b-5d623b84fafb">
    </UnitTestResult>
    <UnitTestResult executionId="c795bf00-1ef5-4d37-b204-d77ece4b3be1" testId="a5017919-7828-b52a-3fcf-0e88954eb83a" testName="IfNotNull01597" computerName="EDSAC" duration="00:00:00.0003387" startTime="2010-12-04T01:52:10.4540580+00:00" endTime="2010-12-04T01:52:10.4630585+00:00" testType="13cdc9d9-ddb5-4fa4-a97d-d965ccfc6d4b" outcome="Passed" testListId="8c84fa94-04c1-424b-9868-57a2d4851a1d" relativeResultsDirectory="c795bf00-1ef5-4d37-b204-d77ece4b3be1">
    </UnitTestResult>
    <UnitTestResult executionId="c869c239-f6c6-451a-ab17-5b230a595923" testId="a51caca7-6a0e-8bea-fb89-3104ddb0e38a" testName="Fill105" computerName="EDSAC" duration="00:00:00.0002449" startTime="2010-12-04T01:52:10.4650586+00:00" endTime="2010-12-04T01:52:10.4760593+00:00" testType="13cdc9d9-ddb5-4fa4-a97d-d965ccfc6d4b" outcome="Passed" testListId="8c84fa94-04c1-424b-9868-57a2d4851a1d" relativeResultsDirectory="c869c239-f6c6-451a-ab17-5b230a595923">
    </UnitTestResult>
    <UnitTestResult executionId="71ac2862-ade9-42f8-86b1-1d039b6e56de" testId="a54e40a4-c460-0f5a-3324-94dd8c77f779" testName="Random431" computerName="EDSAC" duration="00:00:00.0385378" startTime="2010-12-04T01:52:10.4780594+00:00" endTime="2010-12-04T01:52:10.5260621+00:00" testType="13cdc9d9-ddb5-4fa4-a97d-d965ccfc6d4b" outcome="Passed" testListId="8c84fa94-04c1-424b-9868-57a2d4851a1d" relativeResultsDirectory="71ac2862-ade9-42f8-86b1-1d039b6e56de">
    </UnitTestResult>
    <UnitTestResult executionId="df2bd4a8-78d6-402d-8248-7f8bdf56d834" testId="a67abeae-f275-21d8-f4a8-e10a60739baa" testName="UnionAll136" computerName="EDSAC" duration="00:00:00.0039013" startTime="2010-12-04T01:52:10.5280623+00:00" endTime="2010-12-04T01:52:10.5460633+00:00" testType="13cdc9d9-ddb5-4fa4-a97d-d965ccfc6d4b" outcome="Passed" testListId="8c84fa94-04c1-424b-9868-57a2d4851a1d" relativeResultsDirectory="df2bd4a8-78d6-402d-8248-7f8bdf56d834">
    </UnitTestResult>
    <UnitTestResult executionId="b435d2e4-3cb7-402b-9883-be7a2ea8a04e" testId="a6967160-696a-a27d-116b-53906f8b68d5" testName="As294" computerName="EDSAC" duration="00:00:00.0046236" startTime="2010-12-04T01:52:10.5510636+00:00" endTime="2010-12-04T01:52:10.5700647+00:00" testType="13cdc9d9-ddb5-4fa4-a97d-d965ccfc6d4b" outcome="Passed" testListId="8c84fa94-04c1-424b-9868-57a2d4851a1d" relativeResultsDirectory="b435d2e4-3cb7-402b-9883-be7a2ea8a04e">
    </UnitTestResult>
    <UnitTestResult executionId="06db3906-516d-4ba2-9435-f3cbbb1cb66c" testId="a9c998c1-d601-9d48-a5aa-e5458f5ccef5" testName="Fill01571" computerName="EDSAC" duration="00:00:00.0058680" startTime="2010-12-04T01:52:10.5720648+00:00" endTime="2010-12-04T01:52:10.5930660+00:00" testType="13cdc9d9-ddb5-4fa4-a97d-d965ccfc6d4b" outcome="Passed" testListId="8c84fa94-04c1-424b-9868-57a2d4851a1d" relativeResultsDirectory="06db3906-516d-4ba2-9435-f3cbbb1cb66c">
    </UnitTestResult>
    <UnitTestResult executionId="493514c2-9fc1-4210-9705-ae0678b18b37" testId="aa22a9b8-be5f-7c6d-f18d-55627b642600" testName="To04886" computerName="EDSAC" duration="00:00:00.0061214" startTime="2010-12-04T01:52:10.5960661+00:00" endTime="2010-12-04T01:52:10.6190675+00:00" testType="13cdc9d9-ddb5-4fa4-a97d-d965ccfc6d4b" outcome="Passed" testListId="8c84fa94-04c1-424b-9868-57a2d4851a1d" relativeResultsDirectory="493514c2-9fc1-4210-9705-ae0678b18b37">
    </UnitTestResult>
    <UnitTestResult executionId="f563b0e0-14a4-4726-bf7d-43939e4a9496" testId="ad6b7b0f-0850-7179-c3e4-805f9d123948" testName="UnionAllThrowsContractException292" computerName="EDSAC" duration="00:00:00.0044841" startTime="2010-12-04T01:52:10.6230677+00:00" endTime="2010-12-04T01:52:10.6470691+00:00" testType="13cdc9d9-ddb5-4fa4-a97d-d965ccfc6d4b" outcome="Passed" testListId="8c84fa94-04c1-424b-9868-57a2d4851a1d" relativeResultsDirectory="f563b0e0-14a4-4726-bf7d-43939e4a9496">
    </UnitTestResult>
    <UnitTestResult executionId="2aa6f78d-5c22-47c6-8ba7-cd9db1d308f5" testId="af3c2eea-1341-4d08-8112-791e701a0e4e" testName="ForEach908" computerName="EDSAC" duration="00:00:00.0038094" startTime="2010-12-04T01:52:10.6490692+00:00" endTime="2010-12-04T01:52:10.6740706+00:00" testType="13cdc9d9-ddb5-4fa4-a97d-d965ccfc6d4b" outcome="Passed" testListId="8c84fa94-04c1-424b-9868-57a2d4851a1d" relativeResultsDirectory="2aa6f78d-5c22-47c6-8ba7-cd9db1d308f5">
    </UnitTestResult>
    <UnitTestResult executionId="e585f9fe-5407-4cd9-b13b-7aee8a288baf" testId="b03d2b82-a5f5-4a0a-521f-fd9e431b28da" testName="As21503" computerName="EDSAC" duration="00:00:00.0004796" startTime="2010-12-04T01:52:10.6780708+00:00" endTime="2010-12-04T01:52:10.6880714+00:00" testType="13cdc9d9-ddb5-4fa4-a97d-d965ccfc6d4b" outcome="Passed" testListId="8c84fa94-04c1-424b-9868-57a2d4851a1d" relativeResultsDirectory="e585f9fe-5407-4cd9-b13b-7aee8a288baf">
    </UnitTestResult>
    <UnitTestResult executionId="6cb20ca7-4bc9-47aa-95e1-4a1bea958db2" testId="b17fedd4-1f62-61d1-927e-d039058fdcc2" testName="Execute533" computerName="EDSAC" duration="00:00:00.0002631" startTime="2010-12-04T01:52:10.6910716+00:00" endTime="2010-12-04T01:52:10.7000721+00:00" testType="13cdc9d9-ddb5-4fa4-a97d-d965ccfc6d4b" outcome="Passed" testListId="8c84fa94-04c1-424b-9868-57a2d4851a1d" relativeResultsDirectory="6cb20ca7-4bc9-47aa-95e1-4a1bea958db2">
    </UnitTestResult>
    <UnitTestResult executionId="6c8cc052-33f8-4061-b2fa-92eb3d740f6a" testId="b2aadfc0-b55c-fa15-a9e1-9405ae9a9cc7" testName="AsEnumerable03148" computerName="EDSAC" duration="00:00:00.0015575" startTime="2010-12-04T01:52:10.7050724+00:00" endTime="2010-12-04T01:52:10.7150729+00:00" testType="13cdc9d9-ddb5-4fa4-a97d-d965ccfc6d4b" outcome="Passed" testListId="8c84fa94-04c1-424b-9868-57a2d4851a1d" relativeResultsDirectory="6c8cc052-33f8-4061-b2fa-92eb3d740f6a">
    </UnitTestResult>
    <UnitTestResult executionId="80b2dc01-695c-4ab2-8a8f-c846dd722ee0" testId="b51e8365-ff64-84bf-89d7-6e6cedcc3dbf" testName="As0163208" computerName="EDSAC" duration="00:00:00.0004064" startTime="2010-12-04T01:52:10.7180731+00:00" endTime="2010-12-04T01:52:10.7260736+00:00" testType="13cdc9d9-ddb5-4fa4-a97d-d965ccfc6d4b" outcome="Passed" testListId="8c84fa94-04c1-424b-9868-57a2d4851a1d" relativeResultsDirectory="80b2dc01-695c-4ab2-8a8f-c846dd722ee0">
    </UnitTestResult>
    <UnitTestResult executionId="12970a51-3f4f-4bfb-9108-26de6885c3fa" testId="b99ec452-b626-078c-5efb-2041d6f255c4" testName="As21504" computerName="EDSAC" duration="00:00:00.0005473" startTime="2010-12-04T01:52:10.7310739+00:00" endTime="2010-12-04T01:52:10.7400744+00:00" testType="13cdc9d9-ddb5-4fa4-a97d-d965ccfc6d4b" outcome="Passed" testListId="8c84fa94-04c1-424b-9868-57a2d4851a1d" relativeResultsDirectory="12970a51-3f4f-4bfb-9108-26de6885c3fa">
    </UnitTestResult>
    <UnitTestResult executionId="290608a3-64fd-4fa0-8d65-5070c55c64da" testId="b9a0a920-02f6-e8cf-8012-6ed61570d734" testName="ForEachThrowsContractException931" computerName="EDSAC" duration="00:00:00.0005571" startTime="2010-12-04T01:52:10.7440746+00:00" endTime="2010-12-04T01:52:10.7520751+00:00" testType="13cdc9d9-ddb5-4fa4-a97d-d965ccfc6d4b" outcome="Passed" testListId="8c84fa94-04c1-424b-9868-57a2d4851a1d" relativeResultsDirectory="290608a3-64fd-4fa0-8d65-5070c55c64da">
    </UnitTestResult>
    <UnitTestResult executionId="7284aa96-fbb3-4d44-be5c-582c8b0e3dc3" testId="b9cd1d41-7588-b69e-afc2-13e873777605" testName="ShuffleThrowsContractException923" computerName="EDSAC" duration="00:00:00.0185897" startTime="2010-12-04T01:52:10.7570753+00:00" endTime="2010-12-04T01:52:10.7890772+00:00" testType="13cdc9d9-ddb5-4fa4-a97d-d965ccfc6d4b" outcome="Passed" testListId="8c84fa94-04c1-424b-9868-57a2d4851a1d" relativeResultsDirectory="7284aa96-fbb3-4d44-be5c-582c8b0e3dc3">
    </UnitTestResult>
    <UnitTestResult executionId="7fd0815f-c934-4052-8d42-0e55efd1b826" testId="bdf234ab-0f12-2337-9094-2671833caeec" testName="As21506" computerName="EDSAC" duration="00:00:00.0033553" startTime="2010-12-04T01:52:10.7940775+00:00" endTime="2010-12-04T01:52:10.8120785+00:00" testType="13cdc9d9-ddb5-4fa4-a97d-d965ccfc6d4b" outcome="Passed" testListId="8c84fa94-04c1-424b-9868-57a2d4851a1d" relativeResultsDirectory="7fd0815f-c934-4052-8d42-0e55efd1b826">
    </UnitTestResult>
    <UnitTestResult executionId="6d7767c3-3dbe-416b-856a-cc2853fed86d" testId="be4a640d-264d-b6fa-ba99-6f190c20c0bb" testName="To01463" computerName="EDSAC" duration="00:00:00.0007610" startTime="2010-12-04T01:52:10.8190789+00:00" endTime="2010-12-04T01:52:10.8360799+00:00" testType="13cdc9d9-ddb5-4fa4-a97d-d965ccfc6d4b" outcome="Passed" testListId="8c84fa94-04c1-424b-9868-57a2d4851a1d" relativeResultsDirectory="6d7767c3-3dbe-416b-856a-cc2853fed86d">
    </UnitTestResult>
    <UnitTestResult executionId="a38c12db-ceb3-4928-8b2e-83dc20e9e8ca" testId="c0b42161-4a2a-a4b9-5fed-56ce341f748e" testName="AsEnumerableThrowsContractException617" computerName="EDSAC" duration="00:00:00.0043581" startTime="2010-12-04T01:52:10.8390800+00:00" endTime="2010-12-04T01:52:10.8620814+00:00" testType="13cdc9d9-ddb5-4fa4-a97d-d965ccfc6d4b" outcome="Passed" testListId="8c84fa94-04c1-424b-9868-57a2d4851a1d" relativeResultsDirectory="a38c12db-ceb3-4928-8b2e-83dc20e9e8ca">
    </UnitTestResult>
    <UnitTestResult executionId="fdab58e6-6b30-4f15-9d3c-8037970fd0f3" testId="c35eb805-49e5-7d06-b69d-ba684aaa6791" testName="TakeEveryThrowsContractException998" computerName="EDSAC" duration="00:00:00.0038094" startTime="2010-12-04T01:52:10.8660816+00:00" endTime="2010-12-04T01:52:10.8880828+00:00" testType="13cdc9d9-ddb5-4fa4-a97d-d965ccfc6d4b" outcome="Passed" testListId="8c84fa94-04c1-424b-9868-57a2d4851a1d" relativeResultsDirectory="fdab58e6-6b30-4f15-9d3c-8037970fd0f3">
    </UnitTestResult>
    <UnitTestResult executionId="dd33a401-de56-4cb9-af33-e407e9b9f901" testId="c3a5f774-5c25-7fa7-593c-10a98b5db768" testName="Execute424" computerName="EDSAC" duration="00:00:00.0002580" startTime="2010-12-04T01:52:10.8940832+00:00" endTime="2010-12-04T01:52:10.9090840+00:00" testType="13cdc9d9-ddb5-4fa4-a97d-d965ccfc6d4b" outcome="Passed" testListId="8c84fa94-04c1-424b-9868-57a2d4851a1d" relativeResultsDirectory="dd33a401-de56-4cb9-af33-e407e9b9f901">
    </UnitTestResult>
    <UnitTestResult executionId="69644881-3fdd-4f14-aebf-668047bf4afe" testId="c717e1ca-5114-3368-100e-511f1e910ebb" testName="AsEnumerable02ThrowsContractException556" computerName="EDSAC" duration="00:00:00.0005921" startTime="2010-12-04T01:52:10.9160844+00:00" endTime="2010-12-04T01:52:10.9270851+00:00" testType="13cdc9d9-ddb5-4fa4-a97d-d965ccfc6d4b" outcome="Passed" testListId="8c84fa94-04c1-424b-9868-57a2d4851a1d" relativeResultsDirectory="69644881-3fdd-4f14-aebf-668047bf4afe">
    </UnitTestResult>
    <UnitTestResult executionId="645acaa8-4dc3-4b3d-b18d-56a9191397fd" testId="c764531a-8b43-978a-82fa-64e183192f81" testName="IsNullOrEmpty963" computerName="EDSAC" duration="00:00:00.0004204" startTime="2010-12-04T01:52:10.9300852+00:00" endTime="2010-12-04T01:52:10.9400858+00:00" testType="13cdc9d9-ddb5-4fa4-a97d-d965ccfc6d4b" outcome="Passed" testListId="8c84fa94-04c1-424b-9868-57a2d4851a1d" relativeResultsDirectory="645acaa8-4dc3-4b3d-b18d-56a9191397fd">
    </UnitTestResult>
    <UnitTestResult executionId="22a79d96-8bc5-4bde-9c9c-88f3a048efe1" testId="c8c2cfdd-b8a6-a87d-8c47-5082bca773be" testName="RangeThrowsContractException485" computerName="EDSAC" duration="00:00:00.0006191" startTime="2010-12-04T01:52:10.9430860+00:00" endTime="2010-12-04T01:52:10.9530866+00:00" testType="13cdc9d9-ddb5-4fa4-a97d-d965ccfc6d4b" outcome="Passed" testListId="8c84fa94-04c1-424b-9868-57a2d4851a1d" relativeResultsDirectory="22a79d96-8bc5-4bde-9c9c-88f3a048efe1">
    </UnitTestResult>
    <UnitTestResult executionId="0b1f1427-2970-4b42-a39c-677ae3740835" testId="cd6d70a0-5149-bc7b-20d9-ea0e29ddf4cf" testName="AsEnumerable03ThrowsContractException173" computerName="EDSAC" duration="00:00:00.0005254" startTime="2010-12-04T01:52:10.9550867+00:00" endTime="2010-12-04T01:52:10.9650872+00:00" testType="13cdc9d9-ddb5-4fa4-a97d-d965ccfc6d4b" outcome="Passed" testListId="8c84fa94-04c1-424b-9868-57a2d4851a1d" relativeResultsDirectory="0b1f1427-2970-4b42-a39c-677ae3740835">
    </UnitTestResult>
    <UnitTestResult executionId="fe9f87f5-7e80-41af-87e5-f4bab879b85e" testId="cda388d5-457a-465e-ba14-ce9de40a3bb3" testName="RandomThrowsContractException503" computerName="EDSAC" duration="00:00:00.0024707" startTime="2010-12-04T01:52:10.9680874+00:00" endTime="2010-12-04T01:52:10.9800881+00:00" testType="13cdc9d9-ddb5-4fa4-a97d-d965ccfc6d4b" outcome="Failed" testListId="8c84fa94-04c1-424b-9868-57a2d4851a1d" relativeResultsDirectory="fe9f87f5-7e80-41af-87e5-f4bab879b85e">
      <Output>
        <ErrorInfo>
          <Message>Test method SharpBag.ExtensionsTest.RandomThrowsContractException503 threw exception: 
System.Diagnostics.Contracts.__ContractsRuntime+ContractException: Precondition failed: collection.Any()</Message>
          <StackTrace>    at SharpBag.Extensions.Random[T](IEnumerable`1 collection, Random rand) in C:\Users\SuprDewd\Desktop\Projects\Forritun\SharpBag\SharpBag\Extensions.cs:line 649
   at SharpBag.Extensions.Random[T](IEnumerable`1 collection) in C:\Users\SuprDewd\Desktop\Projects\Forritun\SharpBag\SharpBag\Extensions.cs:line 635
   at SharpBag.ExtensionsTest.RandomThrowsContractException503() in C:\Users\SuprDewd\Desktop\Projects\Forritun\SharpBag\SharpBag.Tests01\ExtensionsTest.Random01.g.cs:line 75
</StackTrace>
        </ErrorInfo>
      </Output>
    </UnitTestResult>
    <UnitTestResult executionId="ab7a77d0-5fe7-4e96-94d3-7749e89f29a8" testId="cdf50321-c0eb-ddc4-0179-2919c2028903" testName="IsIn01570" computerName="EDSAC" duration="00:00:00.0003466" startTime="2010-12-04T01:52:10.9840883+00:00" endTime="2010-12-04T01:52:10.9960890+00:00" testType="13cdc9d9-ddb5-4fa4-a97d-d965ccfc6d4b" outcome="Passed" testListId="8c84fa94-04c1-424b-9868-57a2d4851a1d" relativeResultsDirectory="ab7a77d0-5fe7-4e96-94d3-7749e89f29a8">
    </UnitTestResult>
    <UnitTestResult executionId="ad714bf8-c98d-4663-ba72-348d7b878adb" testId="cf67e106-470b-64ee-b4ec-daf199d3db2f" testName="Add296" computerName="EDSAC" duration="00:00:00.0004484" startTime="2010-12-04T01:52:10.9980891+00:00" endTime="2010-12-04T01:52:11.0090898+00:00" testType="13cdc9d9-ddb5-4fa4-a97d-d965ccfc6d4b" outcome="Passed" testListId="8c84fa94-04c1-424b-9868-57a2d4851a1d" relativeResultsDirectory="ad714bf8-c98d-4663-ba72-348d7b878adb">
    </UnitTestResult>
    <UnitTestResult executionId="54271920-bfeb-45f0-8280-6eb6d3e86f12" testId="d06dda95-89d0-a317-5ac0-24adb003c101" testName="SubarrayThrowsContractException964" computerName="EDSAC" duration="00:00:00.0005534" startTime="2010-12-04T01:52:11.0160902+00:00" endTime="2010-12-04T01:52:11.0240906+00:00" testType="13cdc9d9-ddb5-4fa4-a97d-d965ccfc6d4b" outcome="Passed" testListId="8c84fa94-04c1-424b-9868-57a2d4851a1d" relativeResultsDirectory="54271920-bfeb-45f0-8280-6eb6d3e86f12">
    </UnitTestResult>
    <UnitTestResult executionId="1d536009-e7f0-4863-84f6-2353e780dc48" testId="d1244455-073f-9dfb-7627-1dfedd276854" testName="Fill01105" computerName="EDSAC" duration="00:00:00.0006826" startTime="2010-12-04T01:52:11.0300910+00:00" endTime="2010-12-04T01:52:11.0470919+00:00" testType="13cdc9d9-ddb5-4fa4-a97d-d965ccfc6d4b" outcome="Passed" testListId="8c84fa94-04c1-424b-9868-57a2d4851a1d" relativeResultsDirectory="1d536009-e7f0-4863-84f6-2353e780dc48">
    </UnitTestResult>
    <UnitTestResult executionId="69258be6-9554-4892-b2eb-526979d76c8e" testId="d400fa75-dd71-d01b-c6b4-e354835a9d50" testName="Fill01688" computerName="EDSAC" duration="00:00:00.0003504" startTime="2010-12-04T01:52:11.0600927+00:00" endTime="2010-12-04T01:52:11.0800938+00:00" testType="13cdc9d9-ddb5-4fa4-a97d-d965ccfc6d4b" outcome="Passed" testListId="8c84fa94-04c1-424b-9868-57a2d4851a1d" relativeResultsDirectory="69258be6-9554-4892-b2eb-526979d76c8e">
    </UnitTestResult>
    <UnitTestResult executionId="84ffe2fc-8dda-409b-9a50-0beab4dbdbd7" testId="d97a225a-e31a-2138-2fae-7b4109b25275" testName="As928" computerName="EDSAC" duration="00:00:00.0022798" startTime="2010-12-04T01:52:11.0880943+00:00" endTime="2010-12-04T01:52:11.0960947+00:00" testType="13cdc9d9-ddb5-4fa4-a97d-d965ccfc6d4b" outcome="Passed" testListId="8c84fa94-04c1-424b-9868-57a2d4851a1d" relativeResultsDirectory="84ffe2fc-8dda-409b-9a50-0beab4dbdbd7">
    </UnitTestResult>
    <UnitTestResult executionId="57a89daf-95a9-47e2-b225-6c31e0cdf233" testId="d982986f-d5cc-bb8f-d6d8-e2a54e2f4dd0" testName="EmptyIfNull574" computerName="EDSAC" duration="00:00:00.0011641" startTime="2010-12-04T01:52:11.1020951+00:00" endTime="2010-12-04T01:52:11.1200961+00:00" testType="13cdc9d9-ddb5-4fa4-a97d-d965ccfc6d4b" outcome="Passed" testListId="8c84fa94-04c1-424b-9868-57a2d4851a1d" relativeResultsDirectory="57a89daf-95a9-47e2-b225-6c31e0cdf233">
    </UnitTestResult>
    <UnitTestResult executionId="f3f83783-bf91-4dfe-bc8d-5f6d9f3f060d" testId="d9b4351c-7a62-1cab-5792-b4bc31c2d3e2" testName="As0163204" computerName="EDSAC" duration="00:00:00.0003980" startTime="2010-12-04T01:52:11.1310967+00:00" endTime="2010-12-04T01:52:11.1380971+00:00" testType="13cdc9d9-ddb5-4fa4-a97d-d965ccfc6d4b" outcome="Passed" testListId="8c84fa94-04c1-424b-9868-57a2d4851a1d" relativeResultsDirectory="f3f83783-bf91-4dfe-bc8d-5f6d9f3f060d">
    </UnitTestResult>
    <UnitTestResult executionId="6297d740-1a7c-41e1-9b14-f40c118dcd79" testId="da5feb53-2e0d-e0c8-406f-5aa41dc5d56c" testName="FillThrowsContractException125" computerName="EDSAC" duration="00:00:00.0008758" startTime="2010-12-04T01:52:11.1460976+00:00" endTime="2010-12-04T01:52:11.1630986+00:00" testType="13cdc9d9-ddb5-4fa4-a97d-d965ccfc6d4b" outcome="Passed" testListId="8c84fa94-04c1-424b-9868-57a2d4851a1d" relativeResultsDirectory="6297d740-1a7c-41e1-9b14-f40c118dcd79">
    </UnitTestResult>
    <UnitTestResult executionId="dbe3bdda-f54d-41ac-9137-d6e1c360e288" testId="dfddd698-039d-4cb7-341a-94646b1b9270" testName="As01664" computerName="EDSAC" duration="00:00:00.0006602" startTime="2010-12-04T01:52:11.1730991+00:00" endTime="2010-12-04T01:52:11.1800995+00:00" testType="13cdc9d9-ddb5-4fa4-a97d-d965ccfc6d4b" outcome="Passed" testListId="8c84fa94-04c1-424b-9868-57a2d4851a1d" relativeResultsDirectory="dbe3bdda-f54d-41ac-9137-d6e1c360e288">
    </UnitTestResult>
    <UnitTestResult executionId="2f62ca76-2736-41e3-8129-4eb3ea635c65" testId="e2ea95fb-c5c4-8579-22e2-2d857f0fee1f" testName="NullOr714" computerName="EDSAC" duration="00:00:00.0095669" startTime="2010-12-04T01:52:11.1840998+00:00" endTime="2010-12-04T01:52:11.2011007+00:00" testType="13cdc9d9-ddb5-4fa4-a97d-d965ccfc6d4b" outcome="Passed" testListId="8c84fa94-04c1-424b-9868-57a2d4851a1d" relativeResultsDirectory="2f62ca76-2736-41e3-8129-4eb3ea635c65">
    </UnitTestResult>
    <UnitTestResult executionId="fda9f844-041c-45dd-8f9d-f7e85abece90" testId="e3e433dc-f656-51bd-faab-b6cc3200c3cc" testName="As0163206" computerName="EDSAC" duration="00:00:00.0005832" startTime="2010-12-04T01:52:11.2051010+00:00" endTime="2010-12-04T01:52:11.2131014+00:00" testType="13cdc9d9-ddb5-4fa4-a97d-d965ccfc6d4b" outcome="Passed" testListId="8c84fa94-04c1-424b-9868-57a2d4851a1d" relativeResultsDirectory="fda9f844-041c-45dd-8f9d-f7e85abece90">
    </UnitTestResult>
    <UnitTestResult executionId="7f64c3e7-1945-4bd5-9d14-867d2859d9ec" testId="e86f4b46-ab12-e2fb-3f68-4ffa6ecd4f99" testName="Fill01ThrowsContractException156" computerName="EDSAC" duration="00:00:00.0005622" startTime="2010-12-04T01:52:11.2181017+00:00" endTime="2010-12-04T01:52:11.2261022+00:00" testType="13cdc9d9-ddb5-4fa4-a97d-d965ccfc6d4b" outcome="Passed" testListId="8c84fa94-04c1-424b-9868-57a2d4851a1d" relativeResultsDirectory="7f64c3e7-1945-4bd5-9d14-867d2859d9ec">
    </UnitTestResult>
    <UnitTestResult executionId="ce1874f7-c097-4348-a17f-d9964cb7ab25" testId="ea12baf4-c62d-b0ca-b8ec-0dd742c09890" testName="As21501" computerName="EDSAC" duration="00:00:00.0004974" startTime="2010-12-04T01:52:11.2321025+00:00" endTime="2010-12-04T01:52:11.2401030+00:00" testType="13cdc9d9-ddb5-4fa4-a97d-d965ccfc6d4b" outcome="Passed" testListId="8c84fa94-04c1-424b-9868-57a2d4851a1d" relativeResultsDirectory="ce1874f7-c097-4348-a17f-d9964cb7ab25">
    </UnitTestResult>
    <UnitTestResult executionId="c890a961-c049-4141-b807-706292d4d301" testId="ea4165e9-438f-19c0-bb46-9e9157f55554" testName="ContainsArrayThrowsContractException477" computerName="EDSAC" duration="00:00:00.0010666" startTime="2010-12-04T01:52:11.2441032+00:00" endTime="2010-12-04T01:52:11.2521037+00:00" testType="13cdc9d9-ddb5-4fa4-a97d-d965ccfc6d4b" outcome="Passed" testListId="8c84fa94-04c1-424b-9868-57a2d4851a1d" relativeResultsDirectory="c890a961-c049-4141-b807-706292d4d301">
    </UnitTestResult>
    <UnitTestResult executionId="bcf13cfa-2164-4c26-9f4d-fc243e34900b" testId="ec491029-dab5-3481-ec80-f35631103905" testName="As01321" computerName="EDSAC" duration="00:00:00.0025915" startTime="2010-12-04T01:52:11.2581040+00:00" endTime="2010-12-04T01:52:11.2771051+00:00" testType="13cdc9d9-ddb5-4fa4-a97d-d965ccfc6d4b" outcome="Passed" testListId="8c84fa94-04c1-424b-9868-57a2d4851a1d" relativeResultsDirectory="bcf13cfa-2164-4c26-9f4d-fc243e34900b">
    </UnitTestResult>
    <UnitTestResult executionId="8cc323e9-cd8b-4c8b-9eca-89da451924ab" testId="ed7ad088-5d15-f12d-c0e3-6a91dd726685" testName="SubarrayThrowsContractException671" computerName="EDSAC" duration="00:00:00.0005506" startTime="2010-12-04T01:52:11.2851056+00:00" endTime="2010-12-04T01:52:11.2971062+00:00" testType="13cdc9d9-ddb5-4fa4-a97d-d965ccfc6d4b" outcome="Passed" testListId="8c84fa94-04c1-424b-9868-57a2d4851a1d" relativeResultsDirectory="8cc323e9-cd8b-4c8b-9eca-89da451924ab">
    </UnitTestResult>
    <UnitTestResult executionId="20680e4b-943a-4629-bf97-c7afdbd5902f" testId="f20d04ec-6bdf-2adb-3ea0-dea4791f58d1" testName="AsEnumerable01283" computerName="EDSAC" duration="00:00:00.0009047" startTime="2010-12-04T01:52:11.3031066+00:00" endTime="2010-12-04T01:52:11.3211076+00:00" testType="13cdc9d9-ddb5-4fa4-a97d-d965ccfc6d4b" outcome="Passed" testListId="8c84fa94-04c1-424b-9868-57a2d4851a1d" relativeResultsDirectory="20680e4b-943a-4629-bf97-c7afdbd5902f">
    </UnitTestResult>
    <UnitTestResult executionId="309680de-7a08-4ec9-9b58-d65669fbf743" testId="f4332708-2d9b-652b-a920-66192f9cdfaf" testName="As0132101" computerName="EDSAC" duration="00:00:00.0021618" startTime="2010-12-04T01:52:11.3281080+00:00" endTime="2010-12-04T01:52:11.3361085+00:00" testType="13cdc9d9-ddb5-4fa4-a97d-d965ccfc6d4b" outcome="Passed" testListId="8c84fa94-04c1-424b-9868-57a2d4851a1d" relativeResultsDirectory="309680de-7a08-4ec9-9b58-d65669fbf743">
    </UnitTestResult>
    <UnitTestResult executionId="fb1cb386-20fc-4d2b-bff1-28fd1765b4f8" testId="f4f76af5-0d54-7bf8-8ba4-b32803d7a374" testName="As21508" computerName="EDSAC" duration="00:00:00.0007909" startTime="2010-12-04T01:52:11.3421088+00:00" endTime="2010-12-04T01:52:11.3601098+00:00" testType="13cdc9d9-ddb5-4fa4-a97d-d965ccfc6d4b" outcome="Passed" testListId="8c84fa94-04c1-424b-9868-57a2d4851a1d" relativeResultsDirectory="fb1cb386-20fc-4d2b-bff1-28fd1765b4f8">
    </UnitTestResult>
    <UnitTestResult executionId="18ae6b30-da76-4703-aae5-85f7d9b9b732" testId="f4fcc51c-8f8e-7431-03c1-95529343e3ab" testName="As0163201" computerName="EDSAC" duration="00:00:00.0004120" startTime="2010-12-04T01:52:11.3691104+00:00" endTime="2010-12-04T01:52:11.3771108+00:00" testType="13cdc9d9-ddb5-4fa4-a97d-d965ccfc6d4b" outcome="Passed" testListId="8c84fa94-04c1-424b-9868-57a2d4851a1d" relativeResultsDirectory="18ae6b30-da76-4703-aae5-85f7d9b9b732">
    </UnitTestResult>
    <UnitTestResult executionId="61584348-581b-4b51-9cb1-85cdb0d6b105" testId="f50339b2-56a6-fab9-1b43-e437b5e0a59d" testName="As01983" computerName="EDSAC" duration="00:00:00.0010424" startTime="2010-12-04T01:52:11.3821111+00:00" endTime="2010-12-04T01:52:11.4041124+00:00" testType="13cdc9d9-ddb5-4fa4-a97d-d965ccfc6d4b" outcome="Passed" testListId="8c84fa94-04c1-424b-9868-57a2d4851a1d" relativeResultsDirectory="61584348-581b-4b51-9cb1-85cdb0d6b105">
    </UnitTestResult>
    <UnitTestResult executionId="203d4175-ba6e-4e17-a24f-460f3bb9595b" testId="f52b3d24-c27c-4731-8c5e-a7c40c1103b0" testName="ToThrowsContractException710" computerName="EDSAC" duration="00:00:00.0005090" startTime="2010-12-04T01:52:11.4051124+00:00" endTime="2010-12-04T01:52:11.4171131+00:00" testType="13cdc9d9-ddb5-4fa4-a97d-d965ccfc6d4b" outcome="Passed" testListId="8c84fa94-04c1-424b-9868-57a2d4851a1d" relativeResultsDirectory="203d4175-ba6e-4e17-a24f-460f3bb9595b">
    </UnitTestResult>
    <UnitTestResult executionId="584d1dcb-d1f3-4129-979c-074c458b66fe" testId="f685a220-cae8-50b0-d543-46e310017a33" testName="As01632" computerName="EDSAC" duration="00:00:00.0003765" startTime="2010-12-04T01:52:11.4221134+00:00" endTime="2010-12-04T01:52:11.4291138+00:00" testType="13cdc9d9-ddb5-4fa4-a97d-d965ccfc6d4b" outcome="Passed" testListId="8c84fa94-04c1-424b-9868-57a2d4851a1d" relativeResultsDirectory="584d1dcb-d1f3-4129-979c-074c458b66fe">
    </UnitTestResult>
    <UnitTestResult executionId="64e5f46e-8d2a-4c4d-9f7e-b27512756f49" testId="f75fa8c7-8563-f254-ccbd-c82531d39c32" testName="TakeEvery573" computerName="EDSAC" duration="00:00:00.0005613" startTime="2010-12-04T01:52:11.4351141+00:00" endTime="2010-12-04T01:52:11.4431146+00:00" testType="13cdc9d9-ddb5-4fa4-a97d-d965ccfc6d4b" outcome="Passed" testListId="8c84fa94-04c1-424b-9868-57a2d4851a1d" relativeResultsDirectory="64e5f46e-8d2a-4c4d-9f7e-b27512756f49">
    </UnitTestResult>
    <UnitTestResult executionId="cd16e64d-714f-4be2-a6c1-524efbdfaab8" testId="fc92c33d-a24e-4715-be4e-9ee45be3958a" testName="IfNotNull477" computerName="EDSAC" duration="00:00:00.0004157" startTime="2010-12-04T01:52:11.4461148+00:00" endTime="2010-12-04T01:52:11.4541152+00:00" testType="13cdc9d9-ddb5-4fa4-a97d-d965ccfc6d4b" outcome="Passed" testListId="8c84fa94-04c1-424b-9868-57a2d4851a1d" relativeResultsDirectory="cd16e64d-714f-4be2-a6c1-524efbdfaab8">
    </UnitTestResult>
    <UnitTestResult executionId="5196f0c7-bea2-410e-9405-c5019fead277" testId="fd91dd5c-db0b-5fcd-fb9e-a3a345d24392" testName="GetByPercentThrowsContractException674" computerName="EDSAC" duration="00:00:00.0005566" startTime="2010-12-04T01:52:11.4571154+00:00" endTime="2010-12-04T01:52:11.4661159+00:00" testType="13cdc9d9-ddb5-4fa4-a97d-d965ccfc6d4b" outcome="Passed" testListId="8c84fa94-04c1-424b-9868-57a2d4851a1d" relativeResultsDirectory="5196f0c7-bea2-410e-9405-c5019fead277">
    </UnitTestResult>
  </Results>
</TestRun>