<?xml version="1.0" encoding="UTF-8"?>
<TestRun id="428a0eb3-7d32-4320-944d-f511158d4d47" name="SuprDewd@EDSAC 2010-12-04 14:10:09" runUser="EDSAC\SuprDewd" xmlns="http://microsoft.com/schemas/VisualStudio/TeamTest/2010">
  <TestSettings name="Local" id="4c59a5fa-d837-49f8-8b62-15cf0be0742f">
    <Description>These are default test settings for a local test run.</Description>
    <Deployment enabled="false" runDeploymentRoot="SuprDewd_EDSAC 2010-12-04 14_10_09">
      <DeploymentItem filename="C:\Users\SuprDewd\Desktop\Projects\Forritun\SharpBag\SharpBag.Tests01\MolesAssemblies\SharpBag.Moles.dll" />
      <DeploymentItem filename="C:\Users\SuprDewd\Desktop\Projects\Forritun\SharpBag\SharpBag\bin\Release\SharpBag.dll" />
    </Deployment>
    <Execution>
      <TestTypeSpecific />
      <AgentRule name="Execution Agents">
      </AgentRule>
    </Execution>
  </TestSettings>
  <Times creation="2010-12-04T14:10:09.8133435+00:00" queuing="2010-12-04T14:10:10.0133549+00:00" start="2010-12-04T14:10:10.1933652+00:00" finish="2010-12-04T14:10:15.2946570+00:00" />
  <ResultSummary outcome="Failed">
    <Counters total="259" executed="259" passed="257" error="0" failed="2" timeout="0" aborted="0" inconclusive="0" passedButRunAborted="0" notRunnable="0" notExecuted="0" disconnected="0" warning="0" completed="0" inProgress="0" pending="0" />
  </ResultSummary>
  <TestDefinitions>
    <UnitTest name="As0136704" storage="c:\users\suprdewd\desktop\projects\forritun\sharpbag\sharpbag.tests01\bin\release\sharpbag.tests.dll" id="29095a51-c311-c865-7cf1-7076578258b7">
      <Execution id="461533ef-4a5b-469b-bb34-c58da2384da4" />
      <TestMethod codeBase="C:/Users/SuprDewd/Desktop/Projects/Forritun/SharpBag/SharpBag.Tests01/bin/Release/SharpBag.Tests.DLL" adapterTypeName="Microsoft.VisualStudio.TestTools.TestTypes.Unit.UnitTestAdapter, Microsoft.VisualStudio.QualityTools.Tips.UnitTest.Adapter, Version=10.0.0.0, Culture=neutral, PublicKeyToken=b03f5f7f11d50a3a" className="SharpBag.ExtensionsTest, SharpBag.Tests, Version=0.0.0.0, Culture=neutral, PublicKeyToken=null" name="As0136704" />
    </UnitTest>
    <UnitTest name="As0163239" storage="c:\users\suprdewd\desktop\projects\forritun\sharpbag\sharpbag.tests01\bin\release\sharpbag.tests.dll" id="91ad74e2-7f98-39c5-b2ac-d6979eb1e521">
      <Execution id="04586a9f-81a6-4c09-b81d-f12068e0691e" />
      <TestMethod codeBase="C:/Users/SuprDewd/Desktop/Projects/Forritun/SharpBag/SharpBag.Tests01/bin/Release/SharpBag.Tests.DLL" adapterTypeName="Microsoft.VisualStudio.TestTools.TestTypes.Unit.UnitTestAdapter, Microsoft.VisualStudio.QualityTools.Tips.UnitTest.Adapter, Version=10.0.0.0, Culture=neutral, PublicKeyToken=b03f5f7f11d50a3a" className="SharpBag.ExtensionsTest, SharpBag.Tests, Version=0.0.0.0, Culture=neutral, PublicKeyToken=null" name="As0163239" />
    </UnitTest>
    <UnitTest name="As0163213" storage="c:\users\suprdewd\desktop\projects\forritun\sharpbag\sharpbag.tests01\bin\release\sharpbag.tests.dll" id="2e9abde5-72f2-18f2-ec62-8da36318a8ed">
      <Execution id="e44e71ea-aafa-4369-a733-ec7edc173d9d" />
      <TestMethod codeBase="C:/Users/SuprDewd/Desktop/Projects/Forritun/SharpBag/SharpBag.Tests01/bin/Release/SharpBag.Tests.DLL" adapterTypeName="Microsoft.VisualStudio.TestTools.TestTypes.Unit.UnitTestAdapter, Microsoft.VisualStudio.QualityTools.Tips.UnitTest.Adapter, Version=10.0.0.0, Culture=neutral, PublicKeyToken=b03f5f7f11d50a3a" className="SharpBag.ExtensionsTest, SharpBag.Tests, Version=0.0.0.0, Culture=neutral, PublicKeyToken=null" name="As0163213" />
    </UnitTest>
    <UnitTest name="As0163214" storage="c:\users\suprdewd\desktop\projects\forritun\sharpbag\sharpbag.tests01\bin\release\sharpbag.tests.dll" id="e5750d14-09bb-ec70-127b-652a47b7dd9c">
      <Execution id="075baf90-6c90-4e37-b4e5-fa7bcfa8ac15" />
      <TestMethod codeBase="C:/Users/SuprDewd/Desktop/Projects/Forritun/SharpBag/SharpBag.Tests01/bin/Release/SharpBag.Tests.DLL" adapterTypeName="Microsoft.VisualStudio.TestTools.TestTypes.Unit.UnitTestAdapter, Microsoft.VisualStudio.QualityTools.Tips.UnitTest.Adapter, Version=10.0.0.0, Culture=neutral, PublicKeyToken=b03f5f7f11d50a3a" className="SharpBag.ExtensionsTest, SharpBag.Tests, Version=0.0.0.0, Culture=neutral, PublicKeyToken=null" name="As0163214" />
    </UnitTest>
    <UnitTest name="UnionAll02ThrowsContractException669" storage="c:\users\suprdewd\desktop\projects\forritun\sharpbag\sharpbag.tests01\bin\release\sharpbag.tests.dll" id="4828b82d-197c-d38d-1052-fb24855ec6ae">
      <Execution id="1673894c-554b-452e-ac2f-9fa344d05ed7" />
      <TestMethod codeBase="C:/Users/SuprDewd/Desktop/Projects/Forritun/SharpBag/SharpBag.Tests01/bin/Release/SharpBag.Tests.DLL" adapterTypeName="Microsoft.VisualStudio.TestTools.TestTypes.Unit.UnitTestAdapter, Microsoft.VisualStudio.QualityTools.Tips.UnitTest.Adapter, Version=10.0.0.0, Culture=neutral, PublicKeyToken=b03f5f7f11d50a3a" className="SharpBag.ExtensionsTest, SharpBag.Tests, Version=0.0.0.0, Culture=neutral, PublicKeyToken=null" name="UnionAll02ThrowsContractException669" />
    </UnitTest>
    <UnitTest name="As0163240" storage="c:\users\suprdewd\desktop\projects\forritun\sharpbag\sharpbag.tests01\bin\release\sharpbag.tests.dll" id="3f99a1d3-4dae-8b7d-a361-9ebbf5115b1e">
      <Execution id="5899404c-b92c-48e5-9a6f-3c9bdcfb0b57" />
      <TestMethod codeBase="C:/Users/SuprDewd/Desktop/Projects/Forritun/SharpBag/SharpBag.Tests01/bin/Release/SharpBag.Tests.DLL" adapterTypeName="Microsoft.VisualStudio.TestTools.TestTypes.Unit.UnitTestAdapter, Microsoft.VisualStudio.QualityTools.Tips.UnitTest.Adapter, Version=10.0.0.0, Culture=neutral, PublicKeyToken=b03f5f7f11d50a3a" className="SharpBag.ExtensionsTest, SharpBag.Tests, Version=0.0.0.0, Culture=neutral, PublicKeyToken=null" name="As0163240" />
    </UnitTest>
    <UnitTest name="As0163243" storage="c:\users\suprdewd\desktop\projects\forritun\sharpbag\sharpbag.tests01\bin\release\sharpbag.tests.dll" id="4fbb91c1-c965-1543-022c-12856d2ae5ad">
      <Execution id="b3bdaff8-19c2-46bf-a259-a5a3963acb29" />
      <TestMethod codeBase="C:/Users/SuprDewd/Desktop/Projects/Forritun/SharpBag/SharpBag.Tests01/bin/Release/SharpBag.Tests.DLL" adapterTypeName="Microsoft.VisualStudio.TestTools.TestTypes.Unit.UnitTestAdapter, Microsoft.VisualStudio.QualityTools.Tips.UnitTest.Adapter, Version=10.0.0.0, Culture=neutral, PublicKeyToken=b03f5f7f11d50a3a" className="SharpBag.ExtensionsTest, SharpBag.Tests, Version=0.0.0.0, Culture=neutral, PublicKeyToken=null" name="As0163243" />
    </UnitTest>
    <UnitTest name="Shuffle565" storage="c:\users\suprdewd\desktop\projects\forritun\sharpbag\sharpbag.tests01\bin\release\sharpbag.tests.dll" id="8d424c8f-9c8d-8bdb-c98c-1e76a87f52e2">
      <Execution id="70eaa055-60e6-4436-99c6-988c75ee76b3" />
      <TestMethod codeBase="C:/Users/SuprDewd/Desktop/Projects/Forritun/SharpBag/SharpBag.Tests01/bin/Release/SharpBag.Tests.DLL" adapterTypeName="Microsoft.VisualStudio.TestTools.TestTypes.Unit.UnitTestAdapter, Microsoft.VisualStudio.QualityTools.Tips.UnitTest.Adapter, Version=10.0.0.0, Culture=neutral, PublicKeyToken=b03f5f7f11d50a3a" className="SharpBag.ExtensionsTest, SharpBag.Tests, Version=0.0.0.0, Culture=neutral, PublicKeyToken=null" name="Shuffle565" />
    </UnitTest>
    <UnitTest name="ToDictionary65201" storage="c:\users\suprdewd\desktop\projects\forritun\sharpbag\sharpbag.tests01\bin\release\sharpbag.tests.dll" id="6b5ea87c-ca8e-cd07-2a54-53cd363577f8">
      <Execution id="3ad60d5d-57de-425e-99e8-58ccf4d26aa4" />
      <TestMethod codeBase="C:/Users/SuprDewd/Desktop/Projects/Forritun/SharpBag/SharpBag.Tests01/bin/Release/SharpBag.Tests.DLL" adapterTypeName="Microsoft.VisualStudio.TestTools.TestTypes.Unit.UnitTestAdapter, Microsoft.VisualStudio.QualityTools.Tips.UnitTest.Adapter, Version=10.0.0.0, Culture=neutral, PublicKeyToken=b03f5f7f11d50a3a" className="SharpBag.ExtensionsTest, SharpBag.Tests, Version=0.0.0.0, Culture=neutral, PublicKeyToken=null" name="ToDictionary65201" />
    </UnitTest>
    <UnitTest name="AsEnumerable0258804" storage="c:\users\suprdewd\desktop\projects\forritun\sharpbag\sharpbag.tests01\bin\release\sharpbag.tests.dll" id="c3b85211-1b55-61c6-8d42-782c04048184">
      <Execution id="58f1a759-ea9c-4f6d-871c-61c9b517ff50" />
      <TestMethod codeBase="C:/Users/SuprDewd/Desktop/Projects/Forritun/SharpBag/SharpBag.Tests01/bin/Release/SharpBag.Tests.DLL" adapterTypeName="Microsoft.VisualStudio.TestTools.TestTypes.Unit.UnitTestAdapter, Microsoft.VisualStudio.QualityTools.Tips.UnitTest.Adapter, Version=10.0.0.0, Culture=neutral, PublicKeyToken=b03f5f7f11d50a3a" className="SharpBag.ExtensionsTest, SharpBag.Tests, Version=0.0.0.0, Culture=neutral, PublicKeyToken=null" name="AsEnumerable0258804" />
    </UnitTest>
    <UnitTest name="Add60903" storage="c:\users\suprdewd\desktop\projects\forritun\sharpbag\sharpbag.tests01\bin\release\sharpbag.tests.dll" id="f4a16930-7fb5-1364-b2bb-1dffeb9040de">
      <Execution id="386ac563-9c98-4610-b672-81355b610966" />
      <TestMethod codeBase="C:/Users/SuprDewd/Desktop/Projects/Forritun/SharpBag/SharpBag.Tests01/bin/Release/SharpBag.Tests.DLL" adapterTypeName="Microsoft.VisualStudio.TestTools.TestTypes.Unit.UnitTestAdapter, Microsoft.VisualStudio.QualityTools.Tips.UnitTest.Adapter, Version=10.0.0.0, Culture=neutral, PublicKeyToken=b03f5f7f11d50a3a" className="SharpBag.ExtensionsTest, SharpBag.Tests, Version=0.0.0.0, Culture=neutral, PublicKeyToken=null" name="Add60903" />
    </UnitTest>
    <UnitTest name="RangeThrowsContractException958" storage="c:\users\suprdewd\desktop\projects\forritun\sharpbag\sharpbag.tests01\bin\release\sharpbag.tests.dll" id="0cb477c5-7b02-500d-45eb-bb863b0c13bb">
      <Execution id="ad880047-664b-448c-91a8-10fb211fa15c" />
      <TestMethod codeBase="C:/Users/SuprDewd/Desktop/Projects/Forritun/SharpBag/SharpBag.Tests01/bin/Release/SharpBag.Tests.DLL" adapterTypeName="Microsoft.VisualStudio.TestTools.TestTypes.Unit.UnitTestAdapter, Microsoft.VisualStudio.QualityTools.Tips.UnitTest.Adapter, Version=10.0.0.0, Culture=neutral, PublicKeyToken=b03f5f7f11d50a3a" className="SharpBag.ExtensionsTest, SharpBag.Tests, Version=0.0.0.0, Culture=neutral, PublicKeyToken=null" name="RangeThrowsContractException958" />
    </UnitTest>
    <UnitTest name="As21502" storage="c:\users\suprdewd\desktop\projects\forritun\sharpbag\sharpbag.tests01\bin\release\sharpbag.tests.dll" id="7896ac03-38fd-b99c-d27e-6cbd208a3f1e">
      <Execution id="b7ea06ef-2be5-4403-9d2f-2b8a9e967fe6" />
      <TestMethod codeBase="C:/Users/SuprDewd/Desktop/Projects/Forritun/SharpBag/SharpBag.Tests01/bin/Release/SharpBag.Tests.DLL" adapterTypeName="Microsoft.VisualStudio.TestTools.TestTypes.Unit.UnitTestAdapter, Microsoft.VisualStudio.QualityTools.Tips.UnitTest.Adapter, Version=10.0.0.0, Culture=neutral, PublicKeyToken=b03f5f7f11d50a3a" className="SharpBag.ExtensionsTest, SharpBag.Tests, Version=0.0.0.0, Culture=neutral, PublicKeyToken=null" name="As21502" />
    </UnitTest>
    <UnitTest name="As0163225" storage="c:\users\suprdewd\desktop\projects\forritun\sharpbag\sharpbag.tests01\bin\release\sharpbag.tests.dll" id="2b9734bf-2716-3fbd-907d-b338c9f5816c">
      <Execution id="c9dc604b-7012-4df1-b7ad-658e2a8e3ae4" />
      <TestMethod codeBase="C:/Users/SuprDewd/Desktop/Projects/Forritun/SharpBag/SharpBag.Tests01/bin/Release/SharpBag.Tests.DLL" adapterTypeName="Microsoft.VisualStudio.TestTools.TestTypes.Unit.UnitTestAdapter, Microsoft.VisualStudio.QualityTools.Tips.UnitTest.Adapter, Version=10.0.0.0, Culture=neutral, PublicKeyToken=b03f5f7f11d50a3a" className="SharpBag.ExtensionsTest, SharpBag.Tests, Version=0.0.0.0, Culture=neutral, PublicKeyToken=null" name="As0163225" />
    </UnitTest>
    <UnitTest name="WithThrowsContractException374" storage="c:\users\suprdewd\desktop\projects\forritun\sharpbag\sharpbag.tests01\bin\release\sharpbag.tests.dll" id="e18cfbc3-f9cf-311e-f710-177b71a46e6d">
      <Execution id="0a31aa5b-09ca-471e-9b31-616c96323af0" />
      <TestMethod codeBase="C:/Users/SuprDewd/Desktop/Projects/Forritun/SharpBag/SharpBag.Tests01/bin/Release/SharpBag.Tests.DLL" adapterTypeName="Microsoft.VisualStudio.TestTools.TestTypes.Unit.UnitTestAdapter, Microsoft.VisualStudio.QualityTools.Tips.UnitTest.Adapter, Version=10.0.0.0, Culture=neutral, PublicKeyToken=b03f5f7f11d50a3a" className="SharpBag.ExtensionsTest, SharpBag.Tests, Version=0.0.0.0, Culture=neutral, PublicKeyToken=null" name="WithThrowsContractException374" />
    </UnitTest>
    <UnitTest name="As0163231" storage="c:\users\suprdewd\desktop\projects\forritun\sharpbag\sharpbag.tests01\bin\release\sharpbag.tests.dll" id="466bff3f-4c8e-a9c1-50f6-91ffeb15d3a1">
      <Execution id="9dd5271a-6e27-4c4c-ab6b-53c116438457" />
      <TestMethod codeBase="C:/Users/SuprDewd/Desktop/Projects/Forritun/SharpBag/SharpBag.Tests01/bin/Release/SharpBag.Tests.DLL" adapterTypeName="Microsoft.VisualStudio.TestTools.TestTypes.Unit.UnitTestAdapter, Microsoft.VisualStudio.QualityTools.Tips.UnitTest.Adapter, Version=10.0.0.0, Culture=neutral, PublicKeyToken=b03f5f7f11d50a3a" className="SharpBag.ExtensionsTest, SharpBag.Tests, Version=0.0.0.0, Culture=neutral, PublicKeyToken=null" name="As0163231" />
    </UnitTest>
    <UnitTest name="AsEnumerable0314802" storage="c:\users\suprdewd\desktop\projects\forritun\sharpbag\sharpbag.tests01\bin\release\sharpbag.tests.dll" id="f342f959-584b-70f7-fc12-f7e45c365653">
      <Execution id="694c01c9-2bd8-4bfe-b0de-a9a8d1beeb74" />
      <TestMethod codeBase="C:/Users/SuprDewd/Desktop/Projects/Forritun/SharpBag/SharpBag.Tests01/bin/Release/SharpBag.Tests.DLL" adapterTypeName="Microsoft.VisualStudio.TestTools.TestTypes.Unit.UnitTestAdapter, Microsoft.VisualStudio.QualityTools.Tips.UnitTest.Adapter, Version=10.0.0.0, Culture=neutral, PublicKeyToken=b03f5f7f11d50a3a" className="SharpBag.ExtensionsTest, SharpBag.Tests, Version=0.0.0.0, Culture=neutral, PublicKeyToken=null" name="AsEnumerable0314802" />
    </UnitTest>
    <UnitTest name="With25501" storage="c:\users\suprdewd\desktop\projects\forritun\sharpbag\sharpbag.tests01\bin\release\sharpbag.tests.dll" id="9ed7c416-1a7b-4673-195d-ca2e196d2a2e">
      <Execution id="ef19b2d2-642c-4730-8bd3-ca1be97d5d4f" />
      <TestMethod codeBase="C:/Users/SuprDewd/Desktop/Projects/Forritun/SharpBag/SharpBag.Tests01/bin/Release/SharpBag.Tests.DLL" adapterTypeName="Microsoft.VisualStudio.TestTools.TestTypes.Unit.UnitTestAdapter, Microsoft.VisualStudio.QualityTools.Tips.UnitTest.Adapter, Version=10.0.0.0, Culture=neutral, PublicKeyToken=b03f5f7f11d50a3a" className="SharpBag.ExtensionsTest, SharpBag.Tests, Version=0.0.0.0, Culture=neutral, PublicKeyToken=null" name="With25501" />
    </UnitTest>
    <UnitTest name="To02632" storage="c:\users\suprdewd\desktop\projects\forritun\sharpbag\sharpbag.tests01\bin\release\sharpbag.tests.dll" id="31a88d64-bb5b-6217-2758-d493dee381b6">
      <Execution id="21ea4ba9-830f-4543-a68d-81f1b2b306a7" />
      <TestMethod codeBase="C:/Users/SuprDewd/Desktop/Projects/Forritun/SharpBag/SharpBag.Tests01/bin/Release/SharpBag.Tests.DLL" adapterTypeName="Microsoft.VisualStudio.TestTools.TestTypes.Unit.UnitTestAdapter, Microsoft.VisualStudio.QualityTools.Tips.UnitTest.Adapter, Version=10.0.0.0, Culture=neutral, PublicKeyToken=b03f5f7f11d50a3a" className="SharpBag.ExtensionsTest, SharpBag.Tests, Version=0.0.0.0, Culture=neutral, PublicKeyToken=null" name="To02632" />
    </UnitTest>
    <UnitTest name="NullOrThrowsContractException472" storage="c:\users\suprdewd\desktop\projects\forritun\sharpbag\sharpbag.tests01\bin\release\sharpbag.tests.dll" id="2ff335b0-14c8-89c8-7e7b-05ade8625c3d">
      <Execution id="5f4787ac-2485-4767-9993-8e12477cada6" />
      <TestMethod codeBase="C:/Users/SuprDewd/Desktop/Projects/Forritun/SharpBag/SharpBag.Tests01/bin/Release/SharpBag.Tests.DLL" adapterTypeName="Microsoft.VisualStudio.TestTools.TestTypes.Unit.UnitTestAdapter, Microsoft.VisualStudio.QualityTools.Tips.UnitTest.Adapter, Version=10.0.0.0, Culture=neutral, PublicKeyToken=b03f5f7f11d50a3a" className="SharpBag.ExtensionsTest, SharpBag.Tests, Version=0.0.0.0, Culture=neutral, PublicKeyToken=null" name="NullOrThrowsContractException472" />
    </UnitTest>
    <UnitTest name="As21507" storage="c:\users\suprdewd\desktop\projects\forritun\sharpbag\sharpbag.tests01\bin\release\sharpbag.tests.dll" id="1a1204f8-80dc-63b9-41bb-196d59b5bd9c">
      <Execution id="c9ee8f30-2670-460c-8871-ad1bd57bc5d9" />
      <TestMethod codeBase="C:/Users/SuprDewd/Desktop/Projects/Forritun/SharpBag/SharpBag.Tests01/bin/Release/SharpBag.Tests.DLL" adapterTypeName="Microsoft.VisualStudio.TestTools.TestTypes.Unit.UnitTestAdapter, Microsoft.VisualStudio.QualityTools.Tips.UnitTest.Adapter, Version=10.0.0.0, Culture=neutral, PublicKeyToken=b03f5f7f11d50a3a" className="SharpBag.ExtensionsTest, SharpBag.Tests, Version=0.0.0.0, Culture=neutral, PublicKeyToken=null" name="As21507" />
    </UnitTest>
    <UnitTest name="Execute53301" storage="c:\users\suprdewd\desktop\projects\forritun\sharpbag\sharpbag.tests01\bin\release\sharpbag.tests.dll" id="25d5b35a-db1f-e192-1a83-5fbd23003a20">
      <Execution id="c43a984c-9631-4f35-b432-c45885a23520" />
      <TestMethod codeBase="C:/Users/SuprDewd/Desktop/Projects/Forritun/SharpBag/SharpBag.Tests01/bin/Release/SharpBag.Tests.DLL" adapterTypeName="Microsoft.VisualStudio.TestTools.TestTypes.Unit.UnitTestAdapter, Microsoft.VisualStudio.QualityTools.Tips.UnitTest.Adapter, Version=10.0.0.0, Culture=neutral, PublicKeyToken=b03f5f7f11d50a3a" className="SharpBag.ExtensionsTest, SharpBag.Tests, Version=0.0.0.0, Culture=neutral, PublicKeyToken=null" name="Execute53301" />
    </UnitTest>
    <UnitTest name="InvokeIfRequired01ThrowsContractException382" storage="c:\users\suprdewd\desktop\projects\forritun\sharpbag\sharpbag.tests01\bin\release\sharpbag.tests.dll" id="f56d5205-e252-235c-3244-90ee14efb3f4">
      <Execution id="e362bd0c-33b6-4f49-bb77-086c792232d3" />
      <TestMethod codeBase="C:/Users/SuprDewd/Desktop/Projects/Forritun/SharpBag/SharpBag.Tests01/bin/Release/SharpBag.Tests.DLL" adapterTypeName="Microsoft.VisualStudio.TestTools.TestTypes.Unit.UnitTestAdapter, Microsoft.VisualStudio.QualityTools.Tips.UnitTest.Adapter, Version=10.0.0.0, Culture=neutral, PublicKeyToken=b03f5f7f11d50a3a" className="SharpBag.ExtensionsTest, SharpBag.Tests, Version=0.0.0.0, Culture=neutral, PublicKeyToken=null" name="InvokeIfRequired01ThrowsContractException382" />
    </UnitTest>
    <UnitTest name="As0166002" storage="c:\users\suprdewd\desktop\projects\forritun\sharpbag\sharpbag.tests01\bin\release\sharpbag.tests.dll" id="37c5e788-97a2-ee7f-c1df-5b64dcc3fb4c">
      <Execution id="7f43089b-38a0-441f-bffe-9ef95e867505" />
      <TestMethod codeBase="C:/Users/SuprDewd/Desktop/Projects/Forritun/SharpBag/SharpBag.Tests01/bin/Release/SharpBag.Tests.DLL" adapterTypeName="Microsoft.VisualStudio.TestTools.TestTypes.Unit.UnitTestAdapter, Microsoft.VisualStudio.QualityTools.Tips.UnitTest.Adapter, Version=10.0.0.0, Culture=neutral, PublicKeyToken=b03f5f7f11d50a3a" className="SharpBag.ExtensionsTest, SharpBag.Tests, Version=0.0.0.0, Culture=neutral, PublicKeyToken=null" name="As0166002" />
    </UnitTest>
    <UnitTest name="As0132103" storage="c:\users\suprdewd\desktop\projects\forritun\sharpbag\sharpbag.tests01\bin\release\sharpbag.tests.dll" id="0c58cf0b-ac72-a134-206f-98daff22c7f5">
      <Execution id="7601acd3-1d2c-4a4f-8df6-a3d3fe15cacb" />
      <TestMethod codeBase="C:/Users/SuprDewd/Desktop/Projects/Forritun/SharpBag/SharpBag.Tests01/bin/Release/SharpBag.Tests.DLL" adapterTypeName="Microsoft.VisualStudio.TestTools.TestTypes.Unit.UnitTestAdapter, Microsoft.VisualStudio.QualityTools.Tips.UnitTest.Adapter, Version=10.0.0.0, Culture=neutral, PublicKeyToken=b03f5f7f11d50a3a" className="SharpBag.ExtensionsTest, SharpBag.Tests, Version=0.0.0.0, Culture=neutral, PublicKeyToken=null" name="As0132103" />
    </UnitTest>
    <UnitTest name="IsNullOrEmpty839" storage="c:\users\suprdewd\desktop\projects\forritun\sharpbag\sharpbag.tests01\bin\release\sharpbag.tests.dll" id="7d85dd6d-e955-0c88-df95-d36cadd3d7ff">
      <Execution id="319f4778-7e26-47d5-99f0-eace1d214eed" />
      <TestMethod codeBase="C:/Users/SuprDewd/Desktop/Projects/Forritun/SharpBag/SharpBag.Tests01/bin/Release/SharpBag.Tests.DLL" adapterTypeName="Microsoft.VisualStudio.TestTools.TestTypes.Unit.UnitTestAdapter, Microsoft.VisualStudio.QualityTools.Tips.UnitTest.Adapter, Version=10.0.0.0, Culture=neutral, PublicKeyToken=b03f5f7f11d50a3a" className="SharpBag.ExtensionsTest, SharpBag.Tests, Version=0.0.0.0, Culture=neutral, PublicKeyToken=null" name="IsNullOrEmpty839" />
    </UnitTest>
    <UnitTest name="As0132109" storage="c:\users\suprdewd\desktop\projects\forritun\sharpbag\sharpbag.tests01\bin\release\sharpbag.tests.dll" id="ea8ee283-08b1-8adf-4aa4-5e76e4a476d8">
      <Execution id="a249ed61-3165-45ba-b4a0-c2161f30506f" />
      <TestMethod codeBase="C:/Users/SuprDewd/Desktop/Projects/Forritun/SharpBag/SharpBag.Tests01/bin/Release/SharpBag.Tests.DLL" adapterTypeName="Microsoft.VisualStudio.TestTools.TestTypes.Unit.UnitTestAdapter, Microsoft.VisualStudio.QualityTools.Tips.UnitTest.Adapter, Version=10.0.0.0, Culture=neutral, PublicKeyToken=b03f5f7f11d50a3a" className="SharpBag.ExtensionsTest, SharpBag.Tests, Version=0.0.0.0, Culture=neutral, PublicKeyToken=null" name="As0132109" />
    </UnitTest>
    <UnitTest name="AsEnumerable0314803" storage="c:\users\suprdewd\desktop\projects\forritun\sharpbag\sharpbag.tests01\bin\release\sharpbag.tests.dll" id="11187b04-c546-bd3e-0bbb-d3f71bff1f4f">
      <Execution id="2a314f53-fea0-4fa7-9b92-6b24aa4bca78" />
      <TestMethod codeBase="C:/Users/SuprDewd/Desktop/Projects/Forritun/SharpBag/SharpBag.Tests01/bin/Release/SharpBag.Tests.DLL" adapterTypeName="Microsoft.VisualStudio.TestTools.TestTypes.Unit.UnitTestAdapter, Microsoft.VisualStudio.QualityTools.Tips.UnitTest.Adapter, Version=10.0.0.0, Culture=neutral, PublicKeyToken=b03f5f7f11d50a3a" className="SharpBag.ExtensionsTest, SharpBag.Tests, Version=0.0.0.0, Culture=neutral, PublicKeyToken=null" name="AsEnumerable0314803" />
    </UnitTest>
    <UnitTest name="Range377" storage="c:\users\suprdewd\desktop\projects\forritun\sharpbag\sharpbag.tests01\bin\release\sharpbag.tests.dll" id="567a07ee-04bb-68f0-b054-7c3ac20e04d0">
      <Execution id="daade9f0-be91-4455-b656-64dae0838e55" />
      <TestMethod codeBase="C:/Users/SuprDewd/Desktop/Projects/Forritun/SharpBag/SharpBag.Tests01/bin/Release/SharpBag.Tests.DLL" adapterTypeName="Microsoft.VisualStudio.TestTools.TestTypes.Unit.UnitTestAdapter, Microsoft.VisualStudio.QualityTools.Tips.UnitTest.Adapter, Version=10.0.0.0, Culture=neutral, PublicKeyToken=b03f5f7f11d50a3a" className="SharpBag.ExtensionsTest, SharpBag.Tests, Version=0.0.0.0, Culture=neutral, PublicKeyToken=null" name="Range377" />
    </UnitTest>
    <UnitTest name="AsEnumerable03ThrowsContractException289" storage="c:\users\suprdewd\desktop\projects\forritun\sharpbag\sharpbag.tests01\bin\release\sharpbag.tests.dll" id="8e9dd2cf-ab74-a19e-4fae-41caa637e0ed">
      <Execution id="f59dd71e-a123-43d8-8d57-e2fcf704337a" />
      <TestMethod codeBase="C:/Users/SuprDewd/Desktop/Projects/Forritun/SharpBag/SharpBag.Tests01/bin/Release/SharpBag.Tests.DLL" adapterTypeName="Microsoft.VisualStudio.TestTools.TestTypes.Unit.UnitTestAdapter, Microsoft.VisualStudio.QualityTools.Tips.UnitTest.Adapter, Version=10.0.0.0, Culture=neutral, PublicKeyToken=b03f5f7f11d50a3a" className="SharpBag.ExtensionsTest, SharpBag.Tests, Version=0.0.0.0, Culture=neutral, PublicKeyToken=null" name="AsEnumerable03ThrowsContractException289" />
    </UnitTest>
    <UnitTest name="As21504" storage="c:\users\suprdewd\desktop\projects\forritun\sharpbag\sharpbag.tests01\bin\release\sharpbag.tests.dll" id="b99ec452-b626-078c-5efb-2041d6f255c4">
      <Execution id="95de04ed-64b1-4c83-a242-55fecbdb744f" />
      <TestMethod codeBase="C:/Users/SuprDewd/Desktop/Projects/Forritun/SharpBag/SharpBag.Tests01/bin/Release/SharpBag.Tests.DLL" adapterTypeName="Microsoft.VisualStudio.TestTools.TestTypes.Unit.UnitTestAdapter, Microsoft.VisualStudio.QualityTools.Tips.UnitTest.Adapter, Version=10.0.0.0, Culture=neutral, PublicKeyToken=b03f5f7f11d50a3a" className="SharpBag.ExtensionsTest, SharpBag.Tests, Version=0.0.0.0, Culture=neutral, PublicKeyToken=null" name="As21504" />
    </UnitTest>
    <UnitTest name="IsInThrowsContractException285" storage="c:\users\suprdewd\desktop\projects\forritun\sharpbag\sharpbag.tests01\bin\release\sharpbag.tests.dll" id="ad25e31e-4a53-f08b-b3bd-cfdcb07226a0">
      <Execution id="a8d3bf0f-1c60-4600-9840-d1546e3d8e89" />
      <TestMethod codeBase="C:/Users/SuprDewd/Desktop/Projects/Forritun/SharpBag/SharpBag.Tests01/bin/Release/SharpBag.Tests.DLL" adapterTypeName="Microsoft.VisualStudio.TestTools.TestTypes.Unit.UnitTestAdapter, Microsoft.VisualStudio.QualityTools.Tips.UnitTest.Adapter, Version=10.0.0.0, Culture=neutral, PublicKeyToken=b03f5f7f11d50a3a" className="SharpBag.ExtensionsTest, SharpBag.Tests, Version=0.0.0.0, Culture=neutral, PublicKeyToken=null" name="IsInThrowsContractException285" />
    </UnitTest>
    <UnitTest name="As0130304" storage="c:\users\suprdewd\desktop\projects\forritun\sharpbag\sharpbag.tests01\bin\release\sharpbag.tests.dll" id="3c1d094b-ca29-adfc-cfcd-77289a3cce3f">
      <Execution id="c19a2755-739f-418c-9f68-42cffb707d4c" />
      <TestMethod codeBase="C:/Users/SuprDewd/Desktop/Projects/Forritun/SharpBag/SharpBag.Tests01/bin/Release/SharpBag.Tests.DLL" adapterTypeName="Microsoft.VisualStudio.TestTools.TestTypes.Unit.UnitTestAdapter, Microsoft.VisualStudio.QualityTools.Tips.UnitTest.Adapter, Version=10.0.0.0, Culture=neutral, PublicKeyToken=b03f5f7f11d50a3a" className="SharpBag.ExtensionsTest, SharpBag.Tests, Version=0.0.0.0, Culture=neutral, PublicKeyToken=null" name="As0130304" />
    </UnitTest>
    <UnitTest name="GetByPercentThrowsIndexOutOfRangeException858" storage="c:\users\suprdewd\desktop\projects\forritun\sharpbag\sharpbag.tests01\bin\release\sharpbag.tests.dll" id="16bc510b-963f-30e5-6517-13389edd4fdc">
      <Execution id="850944f0-b5ae-43c3-92fc-59c2f8d70616" />
      <TestMethod codeBase="C:/Users/SuprDewd/Desktop/Projects/Forritun/SharpBag/SharpBag.Tests01/bin/Release/SharpBag.Tests.DLL" adapterTypeName="Microsoft.VisualStudio.TestTools.TestTypes.Unit.UnitTestAdapter, Microsoft.VisualStudio.QualityTools.Tips.UnitTest.Adapter, Version=10.0.0.0, Culture=neutral, PublicKeyToken=b03f5f7f11d50a3a" className="SharpBag.ExtensionsTest, SharpBag.Tests, Version=0.0.0.0, Culture=neutral, PublicKeyToken=null" name="GetByPercentThrowsIndexOutOfRangeException858" />
    </UnitTest>
    <UnitTest name="As0198301" storage="c:\users\suprdewd\desktop\projects\forritun\sharpbag\sharpbag.tests01\bin\release\sharpbag.tests.dll" id="43271b50-9462-4bb7-5e78-3783a2d68504">
      <Execution id="b5b2e3ad-f0bb-4d3a-8b15-4b5cd52fc467" />
      <TestMethod codeBase="C:/Users/SuprDewd/Desktop/Projects/Forritun/SharpBag/SharpBag.Tests01/bin/Release/SharpBag.Tests.DLL" adapterTypeName="Microsoft.VisualStudio.TestTools.TestTypes.Unit.UnitTestAdapter, Microsoft.VisualStudio.QualityTools.Tips.UnitTest.Adapter, Version=10.0.0.0, Culture=neutral, PublicKeyToken=b03f5f7f11d50a3a" className="SharpBag.ExtensionsTest, SharpBag.Tests, Version=0.0.0.0, Culture=neutral, PublicKeyToken=null" name="As0198301" />
    </UnitTest>
    <UnitTest name="AsEnumerable0128303" storage="c:\users\suprdewd\desktop\projects\forritun\sharpbag\sharpbag.tests01\bin\release\sharpbag.tests.dll" id="c441e89e-f895-2b6d-e75c-6ac07c647d62">
      <Execution id="f00841bc-2638-462b-a736-36267e98be6c" />
      <TestMethod codeBase="C:/Users/SuprDewd/Desktop/Projects/Forritun/SharpBag/SharpBag.Tests01/bin/Release/SharpBag.Tests.DLL" adapterTypeName="Microsoft.VisualStudio.TestTools.TestTypes.Unit.UnitTestAdapter, Microsoft.VisualStudio.QualityTools.Tips.UnitTest.Adapter, Version=10.0.0.0, Culture=neutral, PublicKeyToken=b03f5f7f11d50a3a" className="SharpBag.ExtensionsTest, SharpBag.Tests, Version=0.0.0.0, Culture=neutral, PublicKeyToken=null" name="AsEnumerable0128303" />
    </UnitTest>
    <UnitTest name="Fill0157102" storage="c:\users\suprdewd\desktop\projects\forritun\sharpbag\sharpbag.tests01\bin\release\sharpbag.tests.dll" id="80003646-df99-feba-93b2-6a809b884bf6">
      <Execution id="7d9e4f2a-c80a-4057-b8aa-49fea47c5c9d" />
      <TestMethod codeBase="C:/Users/SuprDewd/Desktop/Projects/Forritun/SharpBag/SharpBag.Tests01/bin/Release/SharpBag.Tests.DLL" adapterTypeName="Microsoft.VisualStudio.TestTools.TestTypes.Unit.UnitTestAdapter, Microsoft.VisualStudio.QualityTools.Tips.UnitTest.Adapter, Version=10.0.0.0, Culture=neutral, PublicKeyToken=b03f5f7f11d50a3a" className="SharpBag.ExtensionsTest, SharpBag.Tests, Version=0.0.0.0, Culture=neutral, PublicKeyToken=null" name="Fill0157102" />
    </UnitTest>
    <UnitTest name="As0163212" storage="c:\users\suprdewd\desktop\projects\forritun\sharpbag\sharpbag.tests01\bin\release\sharpbag.tests.dll" id="dc08494a-5655-aecb-96fc-b52817050a2a">
      <Execution id="726b2f2c-5fa6-4dd8-ae76-c2a020872fd6" />
      <TestMethod codeBase="C:/Users/SuprDewd/Desktop/Projects/Forritun/SharpBag/SharpBag.Tests01/bin/Release/SharpBag.Tests.DLL" adapterTypeName="Microsoft.VisualStudio.TestTools.TestTypes.Unit.UnitTestAdapter, Microsoft.VisualStudio.QualityTools.Tips.UnitTest.Adapter, Version=10.0.0.0, Culture=neutral, PublicKeyToken=b03f5f7f11d50a3a" className="SharpBag.ExtensionsTest, SharpBag.Tests, Version=0.0.0.0, Culture=neutral, PublicKeyToken=null" name="As0163212" />
    </UnitTest>
    <UnitTest name="UnionAll13601" storage="c:\users\suprdewd\desktop\projects\forritun\sharpbag\sharpbag.tests01\bin\release\sharpbag.tests.dll" id="382ae704-dd0b-2259-d31c-dfbfb69a1305">
      <Execution id="8d72be23-388c-4d23-a1a2-5d27a995bba5" />
      <TestMethod codeBase="C:/Users/SuprDewd/Desktop/Projects/Forritun/SharpBag/SharpBag.Tests01/bin/Release/SharpBag.Tests.DLL" adapterTypeName="Microsoft.VisualStudio.TestTools.TestTypes.Unit.UnitTestAdapter, Microsoft.VisualStudio.QualityTools.Tips.UnitTest.Adapter, Version=10.0.0.0, Culture=neutral, PublicKeyToken=b03f5f7f11d50a3a" className="SharpBag.ExtensionsTest, SharpBag.Tests, Version=0.0.0.0, Culture=neutral, PublicKeyToken=null" name="UnionAll13601" />
    </UnitTest>
    <UnitTest name="ShuffleThrowsContractException285" storage="c:\users\suprdewd\desktop\projects\forritun\sharpbag\sharpbag.tests01\bin\release\sharpbag.tests.dll" id="a8ed7a3a-0e05-4105-ece6-4d106523c6c6">
      <Execution id="7cb21e94-26d0-44b5-b1fc-5ab0046d3970" />
      <TestMethod codeBase="C:/Users/SuprDewd/Desktop/Projects/Forritun/SharpBag/SharpBag.Tests01/bin/Release/SharpBag.Tests.DLL" adapterTypeName="Microsoft.VisualStudio.TestTools.TestTypes.Unit.UnitTestAdapter, Microsoft.VisualStudio.QualityTools.Tips.UnitTest.Adapter, Version=10.0.0.0, Culture=neutral, PublicKeyToken=b03f5f7f11d50a3a" className="SharpBag.ExtensionsTest, SharpBag.Tests, Version=0.0.0.0, Culture=neutral, PublicKeyToken=null" name="ShuffleThrowsContractException285" />
    </UnitTest>
    <UnitTest name="Fill68801" storage="c:\users\suprdewd\desktop\projects\forritun\sharpbag\sharpbag.tests01\bin\release\sharpbag.tests.dll" id="236dd585-9363-168d-3729-7ab007ad8692">
      <Execution id="00e17f43-1f2d-45b3-bfe8-6b2121aa940f" />
      <TestMethod codeBase="C:/Users/SuprDewd/Desktop/Projects/Forritun/SharpBag/SharpBag.Tests01/bin/Release/SharpBag.Tests.DLL" adapterTypeName="Microsoft.VisualStudio.TestTools.TestTypes.Unit.UnitTestAdapter, Microsoft.VisualStudio.QualityTools.Tips.UnitTest.Adapter, Version=10.0.0.0, Culture=neutral, PublicKeyToken=b03f5f7f11d50a3a" className="SharpBag.ExtensionsTest, SharpBag.Tests, Version=0.0.0.0, Culture=neutral, PublicKeyToken=null" name="Fill68801" />
    </UnitTest>
    <UnitTest name="IterThrowsContractException889" storage="c:\users\suprdewd\desktop\projects\forritun\sharpbag\sharpbag.tests01\bin\release\sharpbag.tests.dll" id="7b6ad291-8507-bfdb-b921-bf2c15c5fff5">
      <Execution id="6940571e-a8ab-4a18-accb-bd2dc6c26bff" />
      <TestMethod codeBase="C:/Users/SuprDewd/Desktop/Projects/Forritun/SharpBag/SharpBag.Tests01/bin/Release/SharpBag.Tests.DLL" adapterTypeName="Microsoft.VisualStudio.TestTools.TestTypes.Unit.UnitTestAdapter, Microsoft.VisualStudio.QualityTools.Tips.UnitTest.Adapter, Version=10.0.0.0, Culture=neutral, PublicKeyToken=b03f5f7f11d50a3a" className="SharpBag.ExtensionsTest, SharpBag.Tests, Version=0.0.0.0, Culture=neutral, PublicKeyToken=null" name="IterThrowsContractException889" />
    </UnitTest>
    <UnitTest name="As29401" storage="c:\users\suprdewd\desktop\projects\forritun\sharpbag\sharpbag.tests01\bin\release\sharpbag.tests.dll" id="9b2baef8-8cea-f431-96b6-95e1ddfaf4a9">
      <Execution id="052fc35d-66cf-4288-8cca-a7afb18824c9" />
      <TestMethod codeBase="C:/Users/SuprDewd/Desktop/Projects/Forritun/SharpBag/SharpBag.Tests01/bin/Release/SharpBag.Tests.DLL" adapterTypeName="Microsoft.VisualStudio.TestTools.TestTypes.Unit.UnitTestAdapter, Microsoft.VisualStudio.QualityTools.Tips.UnitTest.Adapter, Version=10.0.0.0, Culture=neutral, PublicKeyToken=b03f5f7f11d50a3a" className="SharpBag.ExtensionsTest, SharpBag.Tests, Version=0.0.0.0, Culture=neutral, PublicKeyToken=null" name="As29401" />
    </UnitTest>
    <UnitTest name="ForEach90802" storage="c:\users\suprdewd\desktop\projects\forritun\sharpbag\sharpbag.tests01\bin\release\sharpbag.tests.dll" id="1903a639-b5d9-1b4f-9c30-0405b15e8f12">
      <Execution id="3e46a96a-b389-4851-bba3-36cddd1d6132" />
      <TestMethod codeBase="C:/Users/SuprDewd/Desktop/Projects/Forritun/SharpBag/SharpBag.Tests01/bin/Release/SharpBag.Tests.DLL" adapterTypeName="Microsoft.VisualStudio.TestTools.TestTypes.Unit.UnitTestAdapter, Microsoft.VisualStudio.QualityTools.Tips.UnitTest.Adapter, Version=10.0.0.0, Culture=neutral, PublicKeyToken=b03f5f7f11d50a3a" className="SharpBag.ExtensionsTest, SharpBag.Tests, Version=0.0.0.0, Culture=neutral, PublicKeyToken=null" name="ForEach90802" />
    </UnitTest>
    <UnitTest name="IsNullOrEmpty963" storage="c:\users\suprdewd\desktop\projects\forritun\sharpbag\sharpbag.tests01\bin\release\sharpbag.tests.dll" id="c764531a-8b43-978a-82fa-64e183192f81">
      <Execution id="ffefebbd-d4b8-40aa-bcd3-e071f6c36b0b" />
      <TestMethod codeBase="C:/Users/SuprDewd/Desktop/Projects/Forritun/SharpBag/SharpBag.Tests01/bin/Release/SharpBag.Tests.DLL" adapterTypeName="Microsoft.VisualStudio.TestTools.TestTypes.Unit.UnitTestAdapter, Microsoft.VisualStudio.QualityTools.Tips.UnitTest.Adapter, Version=10.0.0.0, Culture=neutral, PublicKeyToken=b03f5f7f11d50a3a" className="SharpBag.ExtensionsTest, SharpBag.Tests, Version=0.0.0.0, Culture=neutral, PublicKeyToken=null" name="IsNullOrEmpty963" />
    </UnitTest>
    <UnitTest name="IfNotNull0192303" storage="c:\users\suprdewd\desktop\projects\forritun\sharpbag\sharpbag.tests01\bin\release\sharpbag.tests.dll" id="71a360e3-d81d-a30a-382f-721ef096f5b1">
      <Execution id="abb67ebb-6f8a-4862-bd0d-19c74a61ba3b" />
      <TestMethod codeBase="C:/Users/SuprDewd/Desktop/Projects/Forritun/SharpBag/SharpBag.Tests01/bin/Release/SharpBag.Tests.DLL" adapterTypeName="Microsoft.VisualStudio.TestTools.TestTypes.Unit.UnitTestAdapter, Microsoft.VisualStudio.QualityTools.Tips.UnitTest.Adapter, Version=10.0.0.0, Culture=neutral, PublicKeyToken=b03f5f7f11d50a3a" className="SharpBag.ExtensionsTest, SharpBag.Tests, Version=0.0.0.0, Culture=neutral, PublicKeyToken=null" name="IfNotNull0192303" />
    </UnitTest>
    <UnitTest name="GetByPercentThrowsContractException277" storage="c:\users\suprdewd\desktop\projects\forritun\sharpbag\sharpbag.tests01\bin\release\sharpbag.tests.dll" id="c1a99b6a-4871-2d6d-84e0-0bd7f3ff5348">
      <Execution id="55261550-6d48-42eb-a111-ff3ac870447b" />
      <TestMethod codeBase="C:/Users/SuprDewd/Desktop/Projects/Forritun/SharpBag/SharpBag.Tests01/bin/Release/SharpBag.Tests.DLL" adapterTypeName="Microsoft.VisualStudio.TestTools.TestTypes.Unit.UnitTestAdapter, Microsoft.VisualStudio.QualityTools.Tips.UnitTest.Adapter, Version=10.0.0.0, Culture=neutral, PublicKeyToken=b03f5f7f11d50a3a" className="SharpBag.ExtensionsTest, SharpBag.Tests, Version=0.0.0.0, Culture=neutral, PublicKeyToken=null" name="GetByPercentThrowsContractException277" />
    </UnitTest>
    <UnitTest name="Add60901" storage="c:\users\suprdewd\desktop\projects\forritun\sharpbag\sharpbag.tests01\bin\release\sharpbag.tests.dll" id="03c88b26-e4eb-d38e-6683-3ac55f8aeeac">
      <Execution id="15f1b5dd-8cb4-461d-be1b-16429df01c34" />
      <TestMethod codeBase="C:/Users/SuprDewd/Desktop/Projects/Forritun/SharpBag/SharpBag.Tests01/bin/Release/SharpBag.Tests.DLL" adapterTypeName="Microsoft.VisualStudio.TestTools.TestTypes.Unit.UnitTestAdapter, Microsoft.VisualStudio.QualityTools.Tips.UnitTest.Adapter, Version=10.0.0.0, Culture=neutral, PublicKeyToken=b03f5f7f11d50a3a" className="SharpBag.ExtensionsTest, SharpBag.Tests, Version=0.0.0.0, Culture=neutral, PublicKeyToken=null" name="Add60901" />
    </UnitTest>
    <UnitTest name="IsNullOrEmpty177" storage="c:\users\suprdewd\desktop\projects\forritun\sharpbag\sharpbag.tests01\bin\release\sharpbag.tests.dll" id="14e07649-4bb1-965c-d352-f5e6a62d38fd">
      <Execution id="c915f7f8-6ef5-4895-982e-8817578df0c4" />
      <TestMethod codeBase="C:/Users/SuprDewd/Desktop/Projects/Forritun/SharpBag/SharpBag.Tests01/bin/Release/SharpBag.Tests.DLL" adapterTypeName="Microsoft.VisualStudio.TestTools.TestTypes.Unit.UnitTestAdapter, Microsoft.VisualStudio.QualityTools.Tips.UnitTest.Adapter, Version=10.0.0.0, Culture=neutral, PublicKeyToken=b03f5f7f11d50a3a" className="SharpBag.ExtensionsTest, SharpBag.Tests, Version=0.0.0.0, Culture=neutral, PublicKeyToken=null" name="IsNullOrEmpty177" />
    </UnitTest>
    <UnitTest name="TakeEvery57301" storage="c:\users\suprdewd\desktop\projects\forritun\sharpbag\sharpbag.tests01\bin\release\sharpbag.tests.dll" id="3febe6f3-67ab-23b3-dd85-d4b7c1206b0c">
      <Execution id="0a8418fb-3e22-4e9c-8611-99ef66dcb083" />
      <TestMethod codeBase="C:/Users/SuprDewd/Desktop/Projects/Forritun/SharpBag/SharpBag.Tests01/bin/Release/SharpBag.Tests.DLL" adapterTypeName="Microsoft.VisualStudio.TestTools.TestTypes.Unit.UnitTestAdapter, Microsoft.VisualStudio.QualityTools.Tips.UnitTest.Adapter, Version=10.0.0.0, Culture=neutral, PublicKeyToken=b03f5f7f11d50a3a" className="SharpBag.ExtensionsTest, SharpBag.Tests, Version=0.0.0.0, Culture=neutral, PublicKeyToken=null" name="TakeEvery57301" />
    </UnitTest>
    <UnitTest name="As0163235" storage="c:\users\suprdewd\desktop\projects\forritun\sharpbag\sharpbag.tests01\bin\release\sharpbag.tests.dll" id="c0b049d8-5af1-212d-f646-b9a7aa76e7aa">
      <Execution id="e5e2fb0d-fbae-4805-897f-ed26ca964e3c" />
      <TestMethod codeBase="C:/Users/SuprDewd/Desktop/Projects/Forritun/SharpBag/SharpBag.Tests01/bin/Release/SharpBag.Tests.DLL" adapterTypeName="Microsoft.VisualStudio.TestTools.TestTypes.Unit.UnitTestAdapter, Microsoft.VisualStudio.QualityTools.Tips.UnitTest.Adapter, Version=10.0.0.0, Culture=neutral, PublicKeyToken=b03f5f7f11d50a3a" className="SharpBag.ExtensionsTest, SharpBag.Tests, Version=0.0.0.0, Culture=neutral, PublicKeyToken=null" name="As0163235" />
    </UnitTest>
    <UnitTest name="AsEnumerable56004" storage="c:\users\suprdewd\desktop\projects\forritun\sharpbag\sharpbag.tests01\bin\release\sharpbag.tests.dll" id="9611d5ba-c78e-b7b6-592f-64194d91b456">
      <Execution id="51787f03-10d9-4171-8bd2-a1f76cf9199b" />
      <TestMethod codeBase="C:/Users/SuprDewd/Desktop/Projects/Forritun/SharpBag/SharpBag.Tests01/bin/Release/SharpBag.Tests.DLL" adapterTypeName="Microsoft.VisualStudio.TestTools.TestTypes.Unit.UnitTestAdapter, Microsoft.VisualStudio.QualityTools.Tips.UnitTest.Adapter, Version=10.0.0.0, Culture=neutral, PublicKeyToken=b03f5f7f11d50a3a" className="SharpBag.ExtensionsTest, SharpBag.Tests, Version=0.0.0.0, Culture=neutral, PublicKeyToken=null" name="AsEnumerable56004" />
    </UnitTest>
    <UnitTest name="As0198302" storage="c:\users\suprdewd\desktop\projects\forritun\sharpbag\sharpbag.tests01\bin\release\sharpbag.tests.dll" id="31751606-0e00-3ddd-298e-e7c2d6c445a2">
      <Execution id="8eea4693-c311-436d-8c4a-a143768a5dfd" />
      <TestMethod codeBase="C:/Users/SuprDewd/Desktop/Projects/Forritun/SharpBag/SharpBag.Tests01/bin/Release/SharpBag.Tests.DLL" adapterTypeName="Microsoft.VisualStudio.TestTools.TestTypes.Unit.UnitTestAdapter, Microsoft.VisualStudio.QualityTools.Tips.UnitTest.Adapter, Version=10.0.0.0, Culture=neutral, PublicKeyToken=b03f5f7f11d50a3a" className="SharpBag.ExtensionsTest, SharpBag.Tests, Version=0.0.0.0, Culture=neutral, PublicKeyToken=null" name="As0198302" />
    </UnitTest>
    <UnitTest name="RangeThrowsContractException560" storage="c:\users\suprdewd\desktop\projects\forritun\sharpbag\sharpbag.tests01\bin\release\sharpbag.tests.dll" id="22b3bc9e-2d91-4747-086b-d415be2c5776">
      <Execution id="c4310ec5-f7a1-44cd-91ca-02c8f20072ad" />
      <TestMethod codeBase="C:/Users/SuprDewd/Desktop/Projects/Forritun/SharpBag/SharpBag.Tests01/bin/Release/SharpBag.Tests.DLL" adapterTypeName="Microsoft.VisualStudio.TestTools.TestTypes.Unit.UnitTestAdapter, Microsoft.VisualStudio.QualityTools.Tips.UnitTest.Adapter, Version=10.0.0.0, Culture=neutral, PublicKeyToken=b03f5f7f11d50a3a" className="SharpBag.ExtensionsTest, SharpBag.Tests, Version=0.0.0.0, Culture=neutral, PublicKeyToken=null" name="RangeThrowsContractException560" />
    </UnitTest>
    <UnitTest name="Is373" storage="c:\users\suprdewd\desktop\projects\forritun\sharpbag\sharpbag.tests01\bin\release\sharpbag.tests.dll" id="767e3845-1b47-6225-c38c-e6345e12262a">
      <Execution id="2f660ba3-e51c-4fa4-b334-e03d47d36362" />
      <TestMethod codeBase="C:/Users/SuprDewd/Desktop/Projects/Forritun/SharpBag/SharpBag.Tests01/bin/Release/SharpBag.Tests.DLL" adapterTypeName="Microsoft.VisualStudio.TestTools.TestTypes.Unit.UnitTestAdapter, Microsoft.VisualStudio.QualityTools.Tips.UnitTest.Adapter, Version=10.0.0.0, Culture=neutral, PublicKeyToken=b03f5f7f11d50a3a" className="SharpBag.ExtensionsTest, SharpBag.Tests, Version=0.0.0.0, Culture=neutral, PublicKeyToken=null" name="Is373" />
    </UnitTest>
    <UnitTest name="IfNotNull47701" storage="c:\users\suprdewd\desktop\projects\forritun\sharpbag\sharpbag.tests01\bin\release\sharpbag.tests.dll" id="69d4fcec-3787-b518-9138-fc65c3d09ecc">
      <Execution id="245cbba0-2dbf-4c02-a6a1-5037d655e8f6" />
      <TestMethod codeBase="C:/Users/SuprDewd/Desktop/Projects/Forritun/SharpBag/SharpBag.Tests01/bin/Release/SharpBag.Tests.DLL" adapterTypeName="Microsoft.VisualStudio.TestTools.TestTypes.Unit.UnitTestAdapter, Microsoft.VisualStudio.QualityTools.Tips.UnitTest.Adapter, Version=10.0.0.0, Culture=neutral, PublicKeyToken=b03f5f7f11d50a3a" className="SharpBag.ExtensionsTest, SharpBag.Tests, Version=0.0.0.0, Culture=neutral, PublicKeyToken=null" name="IfNotNull47701" />
    </UnitTest>
    <UnitTest name="Fill105" storage="c:\users\suprdewd\desktop\projects\forritun\sharpbag\sharpbag.tests01\bin\release\sharpbag.tests.dll" id="a51caca7-6a0e-8bea-fb89-3104ddb0e38a">
      <Execution id="f8bb4684-e555-4fbf-9ed8-06ca0728bc58" />
      <TestMethod codeBase="C:/Users/SuprDewd/Desktop/Projects/Forritun/SharpBag/SharpBag.Tests01/bin/Release/SharpBag.Tests.DLL" adapterTypeName="Microsoft.VisualStudio.TestTools.TestTypes.Unit.UnitTestAdapter, Microsoft.VisualStudio.QualityTools.Tips.UnitTest.Adapter, Version=10.0.0.0, Culture=neutral, PublicKeyToken=b03f5f7f11d50a3a" className="SharpBag.ExtensionsTest, SharpBag.Tests, Version=0.0.0.0, Culture=neutral, PublicKeyToken=null" name="Fill105" />
    </UnitTest>
    <UnitTest name="IfNotNull0159701" storage="c:\users\suprdewd\desktop\projects\forritun\sharpbag\sharpbag.tests01\bin\release\sharpbag.tests.dll" id="f96aeaaa-982a-50fe-9819-4fadbbdc5555">
      <Execution id="620fcfb0-2c57-4747-8b61-81ff0ff98b73" />
      <TestMethod codeBase="C:/Users/SuprDewd/Desktop/Projects/Forritun/SharpBag/SharpBag.Tests01/bin/Release/SharpBag.Tests.DLL" adapterTypeName="Microsoft.VisualStudio.TestTools.TestTypes.Unit.UnitTestAdapter, Microsoft.VisualStudio.QualityTools.Tips.UnitTest.Adapter, Version=10.0.0.0, Culture=neutral, PublicKeyToken=b03f5f7f11d50a3a" className="SharpBag.ExtensionsTest, SharpBag.Tests, Version=0.0.0.0, Culture=neutral, PublicKeyToken=null" name="IfNotNull0159701" />
    </UnitTest>
    <UnitTest name="NullOr90702" storage="c:\users\suprdewd\desktop\projects\forritun\sharpbag\sharpbag.tests01\bin\release\sharpbag.tests.dll" id="8f214c0c-af12-b9fb-ae32-e2f0e522a10f">
      <Execution id="5d2b2aba-a170-4de7-b0d9-64acb51d1944" />
      <TestMethod codeBase="C:/Users/SuprDewd/Desktop/Projects/Forritun/SharpBag/SharpBag.Tests01/bin/Release/SharpBag.Tests.DLL" adapterTypeName="Microsoft.VisualStudio.TestTools.TestTypes.Unit.UnitTestAdapter, Microsoft.VisualStudio.QualityTools.Tips.UnitTest.Adapter, Version=10.0.0.0, Culture=neutral, PublicKeyToken=b03f5f7f11d50a3a" className="SharpBag.ExtensionsTest, SharpBag.Tests, Version=0.0.0.0, Culture=neutral, PublicKeyToken=null" name="NullOr90702" />
    </UnitTest>
    <UnitTest name="ForEach12503" storage="c:\users\suprdewd\desktop\projects\forritun\sharpbag\sharpbag.tests01\bin\release\sharpbag.tests.dll" id="7acd9860-9837-fbe5-5425-b774d050444a">
      <Execution id="80105dcd-e76d-4548-8bb6-9f928ef40e5a" />
      <TestMethod codeBase="C:/Users/SuprDewd/Desktop/Projects/Forritun/SharpBag/SharpBag.Tests01/bin/Release/SharpBag.Tests.DLL" adapterTypeName="Microsoft.VisualStudio.TestTools.TestTypes.Unit.UnitTestAdapter, Microsoft.VisualStudio.QualityTools.Tips.UnitTest.Adapter, Version=10.0.0.0, Culture=neutral, PublicKeyToken=b03f5f7f11d50a3a" className="SharpBag.ExtensionsTest, SharpBag.Tests, Version=0.0.0.0, Culture=neutral, PublicKeyToken=null" name="ForEach12503" />
    </UnitTest>
    <UnitTest name="ForEach12504" storage="c:\users\suprdewd\desktop\projects\forritun\sharpbag\sharpbag.tests01\bin\release\sharpbag.tests.dll" id="36c0ac7a-9f37-b952-7a17-2ad1e9132b69">
      <Execution id="0c364199-6455-4963-9965-c32ffc74b822" />
      <TestMethod codeBase="C:/Users/SuprDewd/Desktop/Projects/Forritun/SharpBag/SharpBag.Tests01/bin/Release/SharpBag.Tests.DLL" adapterTypeName="Microsoft.VisualStudio.TestTools.TestTypes.Unit.UnitTestAdapter, Microsoft.VisualStudio.QualityTools.Tips.UnitTest.Adapter, Version=10.0.0.0, Culture=neutral, PublicKeyToken=b03f5f7f11d50a3a" className="SharpBag.ExtensionsTest, SharpBag.Tests, Version=0.0.0.0, Culture=neutral, PublicKeyToken=null" name="ForEach12504" />
    </UnitTest>
    <UnitTest name="As928" storage="c:\users\suprdewd\desktop\projects\forritun\sharpbag\sharpbag.tests01\bin\release\sharpbag.tests.dll" id="d97a225a-e31a-2138-2fae-7b4109b25275">
      <Execution id="9d72ae2c-23ac-4244-8c60-a462ef05e5a4" />
      <TestMethod codeBase="C:/Users/SuprDewd/Desktop/Projects/Forritun/SharpBag/SharpBag.Tests01/bin/Release/SharpBag.Tests.DLL" adapterTypeName="Microsoft.VisualStudio.TestTools.TestTypes.Unit.UnitTestAdapter, Microsoft.VisualStudio.QualityTools.Tips.UnitTest.Adapter, Version=10.0.0.0, Culture=neutral, PublicKeyToken=b03f5f7f11d50a3a" className="SharpBag.ExtensionsTest, SharpBag.Tests, Version=0.0.0.0, Culture=neutral, PublicKeyToken=null" name="As928" />
    </UnitTest>
    <UnitTest name="To0488601" storage="c:\users\suprdewd\desktop\projects\forritun\sharpbag\sharpbag.tests01\bin\release\sharpbag.tests.dll" id="bd00057e-88b2-1e9c-846b-ed190ddc5717">
      <Execution id="7eaf0bd9-34d7-4a42-ad09-de2be4f5d6a8" />
      <TestMethod codeBase="C:/Users/SuprDewd/Desktop/Projects/Forritun/SharpBag/SharpBag.Tests01/bin/Release/SharpBag.Tests.DLL" adapterTypeName="Microsoft.VisualStudio.TestTools.TestTypes.Unit.UnitTestAdapter, Microsoft.VisualStudio.QualityTools.Tips.UnitTest.Adapter, Version=10.0.0.0, Culture=neutral, PublicKeyToken=b03f5f7f11d50a3a" className="SharpBag.ExtensionsTest, SharpBag.Tests, Version=0.0.0.0, Culture=neutral, PublicKeyToken=null" name="To0488601" />
    </UnitTest>
    <UnitTest name="RangeThrowsContractException187" storage="c:\users\suprdewd\desktop\projects\forritun\sharpbag\sharpbag.tests01\bin\release\sharpbag.tests.dll" id="e8ca73cc-b93e-0f49-9374-ed860ffbd677">
      <Execution id="8c04494c-baf3-4cac-88b6-c9f47ff1ae19" />
      <TestMethod codeBase="C:/Users/SuprDewd/Desktop/Projects/Forritun/SharpBag/SharpBag.Tests01/bin/Release/SharpBag.Tests.DLL" adapterTypeName="Microsoft.VisualStudio.TestTools.TestTypes.Unit.UnitTestAdapter, Microsoft.VisualStudio.QualityTools.Tips.UnitTest.Adapter, Version=10.0.0.0, Culture=neutral, PublicKeyToken=b03f5f7f11d50a3a" className="SharpBag.ExtensionsTest, SharpBag.Tests, Version=0.0.0.0, Culture=neutral, PublicKeyToken=null" name="RangeThrowsContractException187" />
    </UnitTest>
    <UnitTest name="As0163223" storage="c:\users\suprdewd\desktop\projects\forritun\sharpbag\sharpbag.tests01\bin\release\sharpbag.tests.dll" id="ec55615d-1e36-c752-f2bf-b20284d0ae33">
      <Execution id="33e4151d-84cf-4010-a2b7-334afae3a12b" />
      <TestMethod codeBase="C:/Users/SuprDewd/Desktop/Projects/Forritun/SharpBag/SharpBag.Tests01/bin/Release/SharpBag.Tests.DLL" adapterTypeName="Microsoft.VisualStudio.TestTools.TestTypes.Unit.UnitTestAdapter, Microsoft.VisualStudio.QualityTools.Tips.UnitTest.Adapter, Version=10.0.0.0, Culture=neutral, PublicKeyToken=b03f5f7f11d50a3a" className="SharpBag.ExtensionsTest, SharpBag.Tests, Version=0.0.0.0, Culture=neutral, PublicKeyToken=null" name="As0163223" />
    </UnitTest>
    <UnitTest name="IsIn34" storage="c:\users\suprdewd\desktop\projects\forritun\sharpbag\sharpbag.tests01\bin\release\sharpbag.tests.dll" id="6f205f53-5c1d-2d23-0592-7823ba18d3aa">
      <Execution id="b042dce7-2039-4ede-ab7e-7e93e00a7b33" />
      <TestMethod codeBase="C:/Users/SuprDewd/Desktop/Projects/Forritun/SharpBag/SharpBag.Tests01/bin/Release/SharpBag.Tests.DLL" adapterTypeName="Microsoft.VisualStudio.TestTools.TestTypes.Unit.UnitTestAdapter, Microsoft.VisualStudio.QualityTools.Tips.UnitTest.Adapter, Version=10.0.0.0, Culture=neutral, PublicKeyToken=b03f5f7f11d50a3a" className="SharpBag.ExtensionsTest, SharpBag.Tests, Version=0.0.0.0, Culture=neutral, PublicKeyToken=null" name="IsIn34" />
    </UnitTest>
    <UnitTest name="RandomThrowsContractException446" storage="c:\users\suprdewd\desktop\projects\forritun\sharpbag\sharpbag.tests01\bin\release\sharpbag.tests.dll" id="e2da7638-0cfc-cc14-83b7-e5fa7748feb4">
      <Execution id="93f585bf-6816-42ae-9bb0-6ba0abd2597f" />
      <TestMethod codeBase="C:/Users/SuprDewd/Desktop/Projects/Forritun/SharpBag/SharpBag.Tests01/bin/Release/SharpBag.Tests.DLL" adapterTypeName="Microsoft.VisualStudio.TestTools.TestTypes.Unit.UnitTestAdapter, Microsoft.VisualStudio.QualityTools.Tips.UnitTest.Adapter, Version=10.0.0.0, Culture=neutral, PublicKeyToken=b03f5f7f11d50a3a" className="SharpBag.ExtensionsTest, SharpBag.Tests, Version=0.0.0.0, Culture=neutral, PublicKeyToken=null" name="RandomThrowsContractException446" />
    </UnitTest>
    <UnitTest name="ToThrowsContractException891" storage="c:\users\suprdewd\desktop\projects\forritun\sharpbag\sharpbag.tests01\bin\release\sharpbag.tests.dll" id="c75708a0-bd76-5c05-5aaa-8fcb10fd4321">
      <Execution id="a9e36f6d-4854-4a66-bc30-3c58811bca0d" />
      <TestMethod codeBase="C:/Users/SuprDewd/Desktop/Projects/Forritun/SharpBag/SharpBag.Tests01/bin/Release/SharpBag.Tests.DLL" adapterTypeName="Microsoft.VisualStudio.TestTools.TestTypes.Unit.UnitTestAdapter, Microsoft.VisualStudio.QualityTools.Tips.UnitTest.Adapter, Version=10.0.0.0, Culture=neutral, PublicKeyToken=b03f5f7f11d50a3a" className="SharpBag.ExtensionsTest, SharpBag.Tests, Version=0.0.0.0, Culture=neutral, PublicKeyToken=null" name="ToThrowsContractException891" />
    </UnitTest>
    <UnitTest name="NullOr90704" storage="c:\users\suprdewd\desktop\projects\forritun\sharpbag\sharpbag.tests01\bin\release\sharpbag.tests.dll" id="603d3527-31ad-433b-f22d-64c8d067b62d">
      <Execution id="6296a24e-11b6-4d13-82b2-6848b03a704c" />
      <TestMethod codeBase="C:/Users/SuprDewd/Desktop/Projects/Forritun/SharpBag/SharpBag.Tests01/bin/Release/SharpBag.Tests.DLL" adapterTypeName="Microsoft.VisualStudio.TestTools.TestTypes.Unit.UnitTestAdapter, Microsoft.VisualStudio.QualityTools.Tips.UnitTest.Adapter, Version=10.0.0.0, Culture=neutral, PublicKeyToken=b03f5f7f11d50a3a" className="SharpBag.ExtensionsTest, SharpBag.Tests, Version=0.0.0.0, Culture=neutral, PublicKeyToken=null" name="NullOr90704" />
    </UnitTest>
    <UnitTest name="As0166003" storage="c:\users\suprdewd\desktop\projects\forritun\sharpbag\sharpbag.tests01\bin\release\sharpbag.tests.dll" id="2c678190-6575-f47a-afde-b3eb80b1856c">
      <Execution id="f8b34e1b-4a46-4b48-a929-446489510a8a" />
      <TestMethod codeBase="C:/Users/SuprDewd/Desktop/Projects/Forritun/SharpBag/SharpBag.Tests01/bin/Release/SharpBag.Tests.DLL" adapterTypeName="Microsoft.VisualStudio.TestTools.TestTypes.Unit.UnitTestAdapter, Microsoft.VisualStudio.QualityTools.Tips.UnitTest.Adapter, Version=10.0.0.0, Culture=neutral, PublicKeyToken=b03f5f7f11d50a3a" className="SharpBag.ExtensionsTest, SharpBag.Tests, Version=0.0.0.0, Culture=neutral, PublicKeyToken=null" name="As0166003" />
    </UnitTest>
    <UnitTest name="ForEach90801" storage="c:\users\suprdewd\desktop\projects\forritun\sharpbag\sharpbag.tests01\bin\release\sharpbag.tests.dll" id="f51de229-4761-6e36-e9f5-2ae1d5b346f0">
      <Execution id="d76570d9-4587-48f5-b55c-38b89682c504" />
      <TestMethod codeBase="C:/Users/SuprDewd/Desktop/Projects/Forritun/SharpBag/SharpBag.Tests01/bin/Release/SharpBag.Tests.DLL" adapterTypeName="Microsoft.VisualStudio.TestTools.TestTypes.Unit.UnitTestAdapter, Microsoft.VisualStudio.QualityTools.Tips.UnitTest.Adapter, Version=10.0.0.0, Culture=neutral, PublicKeyToken=b03f5f7f11d50a3a" className="SharpBag.ExtensionsTest, SharpBag.Tests, Version=0.0.0.0, Culture=neutral, PublicKeyToken=null" name="ForEach90801" />
    </UnitTest>
    <UnitTest name="ForEach90803" storage="c:\users\suprdewd\desktop\projects\forritun\sharpbag\sharpbag.tests01\bin\release\sharpbag.tests.dll" id="41b53b6b-04c0-c784-5da0-bab31b4fb4d7">
      <Execution id="00307093-9d49-49bc-ac07-e6be3608da4f" />
      <TestMethod codeBase="C:/Users/SuprDewd/Desktop/Projects/Forritun/SharpBag/SharpBag.Tests01/bin/Release/SharpBag.Tests.DLL" adapterTypeName="Microsoft.VisualStudio.TestTools.TestTypes.Unit.UnitTestAdapter, Microsoft.VisualStudio.QualityTools.Tips.UnitTest.Adapter, Version=10.0.0.0, Culture=neutral, PublicKeyToken=b03f5f7f11d50a3a" className="SharpBag.ExtensionsTest, SharpBag.Tests, Version=0.0.0.0, Culture=neutral, PublicKeyToken=null" name="ForEach90803" />
    </UnitTest>
    <UnitTest name="As0163220" storage="c:\users\suprdewd\desktop\projects\forritun\sharpbag\sharpbag.tests01\bin\release\sharpbag.tests.dll" id="e37183df-04ce-aa53-28d5-e792188a2202">
      <Execution id="36e9fc6e-0e7a-4ac0-bd07-5d6b1d406190" />
      <TestMethod codeBase="C:/Users/SuprDewd/Desktop/Projects/Forritun/SharpBag/SharpBag.Tests01/bin/Release/SharpBag.Tests.DLL" adapterTypeName="Microsoft.VisualStudio.TestTools.TestTypes.Unit.UnitTestAdapter, Microsoft.VisualStudio.QualityTools.Tips.UnitTest.Adapter, Version=10.0.0.0, Culture=neutral, PublicKeyToken=b03f5f7f11d50a3a" className="SharpBag.ExtensionsTest, SharpBag.Tests, Version=0.0.0.0, Culture=neutral, PublicKeyToken=null" name="As0163220" />
    </UnitTest>
    <UnitTest name="AddThrowsContractException551" storage="c:\users\suprdewd\desktop\projects\forritun\sharpbag\sharpbag.tests01\bin\release\sharpbag.tests.dll" id="797d7b6c-0b94-436f-8cf2-1181e4378e5e">
      <Execution id="8c2b17fc-e9aa-4ab1-a47e-0062613790ab" />
      <TestMethod codeBase="C:/Users/SuprDewd/Desktop/Projects/Forritun/SharpBag/SharpBag.Tests01/bin/Release/SharpBag.Tests.DLL" adapterTypeName="Microsoft.VisualStudio.TestTools.TestTypes.Unit.UnitTestAdapter, Microsoft.VisualStudio.QualityTools.Tips.UnitTest.Adapter, Version=10.0.0.0, Culture=neutral, PublicKeyToken=b03f5f7f11d50a3a" className="SharpBag.ExtensionsTest, SharpBag.Tests, Version=0.0.0.0, Culture=neutral, PublicKeyToken=null" name="AddThrowsContractException551" />
    </UnitTest>
    <UnitTest name="As0130302" storage="c:\users\suprdewd\desktop\projects\forritun\sharpbag\sharpbag.tests01\bin\release\sharpbag.tests.dll" id="bf4b4d8f-a9c5-278f-9d0c-4140566dfe7e">
      <Execution id="28076248-d91d-4245-9dca-b1d7887bdfc7" />
      <TestMethod codeBase="C:/Users/SuprDewd/Desktop/Projects/Forritun/SharpBag/SharpBag.Tests01/bin/Release/SharpBag.Tests.DLL" adapterTypeName="Microsoft.VisualStudio.TestTools.TestTypes.Unit.UnitTestAdapter, Microsoft.VisualStudio.QualityTools.Tips.UnitTest.Adapter, Version=10.0.0.0, Culture=neutral, PublicKeyToken=b03f5f7f11d50a3a" className="SharpBag.ExtensionsTest, SharpBag.Tests, Version=0.0.0.0, Culture=neutral, PublicKeyToken=null" name="As0130302" />
    </UnitTest>
    <UnitTest name="UnionAll0135501" storage="c:\users\suprdewd\desktop\projects\forritun\sharpbag\sharpbag.tests01\bin\release\sharpbag.tests.dll" id="640310df-d648-7294-c434-32af677c30c3">
      <Execution id="1b4904b3-0c18-4879-8728-7dc8b20f2731" />
      <TestMethod codeBase="C:/Users/SuprDewd/Desktop/Projects/Forritun/SharpBag/SharpBag.Tests01/bin/Release/SharpBag.Tests.DLL" adapterTypeName="Microsoft.VisualStudio.TestTools.TestTypes.Unit.UnitTestAdapter, Microsoft.VisualStudio.QualityTools.Tips.UnitTest.Adapter, Version=10.0.0.0, Culture=neutral, PublicKeyToken=b03f5f7f11d50a3a" className="SharpBag.ExtensionsTest, SharpBag.Tests, Version=0.0.0.0, Culture=neutral, PublicKeyToken=null" name="UnionAll0135501" />
    </UnitTest>
    <UnitTest name="ContainsArrayThrowsContractException154" storage="c:\users\suprdewd\desktop\projects\forritun\sharpbag\sharpbag.tests01\bin\release\sharpbag.tests.dll" id="0f9431a7-c4c3-1aca-912d-ce2c11b0e97d">
      <Execution id="197afff1-5c23-4c75-ab27-5f7e9a02fc34" />
      <TestMethod codeBase="C:/Users/SuprDewd/Desktop/Projects/Forritun/SharpBag/SharpBag.Tests01/bin/Release/SharpBag.Tests.DLL" adapterTypeName="Microsoft.VisualStudio.TestTools.TestTypes.Unit.UnitTestAdapter, Microsoft.VisualStudio.QualityTools.Tips.UnitTest.Adapter, Version=10.0.0.0, Culture=neutral, PublicKeyToken=b03f5f7f11d50a3a" className="SharpBag.ExtensionsTest, SharpBag.Tests, Version=0.0.0.0, Culture=neutral, PublicKeyToken=null" name="ContainsArrayThrowsContractException154" />
    </UnitTest>
    <UnitTest name="As215" storage="c:\users\suprdewd\desktop\projects\forritun\sharpbag\sharpbag.tests01\bin\release\sharpbag.tests.dll" id="7743f34e-ac5f-23a3-8e8f-212222420029">
      <Execution id="6a8f5703-bc65-4a3c-a605-83e133e06341" />
      <TestMethod codeBase="C:/Users/SuprDewd/Desktop/Projects/Forritun/SharpBag/SharpBag.Tests01/bin/Release/SharpBag.Tests.DLL" adapterTypeName="Microsoft.VisualStudio.TestTools.TestTypes.Unit.UnitTestAdapter, Microsoft.VisualStudio.QualityTools.Tips.UnitTest.Adapter, Version=10.0.0.0, Culture=neutral, PublicKeyToken=b03f5f7f11d50a3a" className="SharpBag.ExtensionsTest, SharpBag.Tests, Version=0.0.0.0, Culture=neutral, PublicKeyToken=null" name="As215" />
    </UnitTest>
    <UnitTest name="As0163221" storage="c:\users\suprdewd\desktop\projects\forritun\sharpbag\sharpbag.tests01\bin\release\sharpbag.tests.dll" id="559ad5fd-9c89-3fab-e602-368a88629e35">
      <Execution id="3f80f5bd-f024-4706-8443-009e03fd91a0" />
      <TestMethod codeBase="C:/Users/SuprDewd/Desktop/Projects/Forritun/SharpBag/SharpBag.Tests01/bin/Release/SharpBag.Tests.DLL" adapterTypeName="Microsoft.VisualStudio.TestTools.TestTypes.Unit.UnitTestAdapter, Microsoft.VisualStudio.QualityTools.Tips.UnitTest.Adapter, Version=10.0.0.0, Culture=neutral, PublicKeyToken=b03f5f7f11d50a3a" className="SharpBag.ExtensionsTest, SharpBag.Tests, Version=0.0.0.0, Culture=neutral, PublicKeyToken=null" name="As0163221" />
    </UnitTest>
    <UnitTest name="As0166004" storage="c:\users\suprdewd\desktop\projects\forritun\sharpbag\sharpbag.tests01\bin\release\sharpbag.tests.dll" id="97495e35-0952-692a-91b0-3d721dc574e4">
      <Execution id="7b93be3e-2fc3-4629-997b-51b7c8e69224" />
      <TestMethod codeBase="C:/Users/SuprDewd/Desktop/Projects/Forritun/SharpBag/SharpBag.Tests01/bin/Release/SharpBag.Tests.DLL" adapterTypeName="Microsoft.VisualStudio.TestTools.TestTypes.Unit.UnitTestAdapter, Microsoft.VisualStudio.QualityTools.Tips.UnitTest.Adapter, Version=10.0.0.0, Culture=neutral, PublicKeyToken=b03f5f7f11d50a3a" className="SharpBag.ExtensionsTest, SharpBag.Tests, Version=0.0.0.0, Culture=neutral, PublicKeyToken=null" name="As0166004" />
    </UnitTest>
    <UnitTest name="As0163229" storage="c:\users\suprdewd\desktop\projects\forritun\sharpbag\sharpbag.tests01\bin\release\sharpbag.tests.dll" id="c80221bd-ca0a-aa23-6b81-2ed5f20f8d5f">
      <Execution id="98bb1db6-28d7-4e77-ab26-ae64b775cb00" />
      <TestMethod codeBase="C:/Users/SuprDewd/Desktop/Projects/Forritun/SharpBag/SharpBag.Tests01/bin/Release/SharpBag.Tests.DLL" adapterTypeName="Microsoft.VisualStudio.TestTools.TestTypes.Unit.UnitTestAdapter, Microsoft.VisualStudio.QualityTools.Tips.UnitTest.Adapter, Version=10.0.0.0, Culture=neutral, PublicKeyToken=b03f5f7f11d50a3a" className="SharpBag.ExtensionsTest, SharpBag.Tests, Version=0.0.0.0, Culture=neutral, PublicKeyToken=null" name="As0163229" />
    </UnitTest>
    <UnitTest name="As0136702" storage="c:\users\suprdewd\desktop\projects\forritun\sharpbag\sharpbag.tests01\bin\release\sharpbag.tests.dll" id="f791b1fc-7ecf-06ad-9b72-838a0f1da804">
      <Execution id="76652587-3233-4436-8891-a88fdfc38b87" />
      <TestMethod codeBase="C:/Users/SuprDewd/Desktop/Projects/Forritun/SharpBag/SharpBag.Tests01/bin/Release/SharpBag.Tests.DLL" adapterTypeName="Microsoft.VisualStudio.TestTools.TestTypes.Unit.UnitTestAdapter, Microsoft.VisualStudio.QualityTools.Tips.UnitTest.Adapter, Version=10.0.0.0, Culture=neutral, PublicKeyToken=b03f5f7f11d50a3a" className="SharpBag.ExtensionsTest, SharpBag.Tests, Version=0.0.0.0, Culture=neutral, PublicKeyToken=null" name="As0136702" />
    </UnitTest>
    <UnitTest name="ForEach78804" storage="c:\users\suprdewd\desktop\projects\forritun\sharpbag\sharpbag.tests01\bin\release\sharpbag.tests.dll" id="9a12b8c7-dd2a-27a8-8e5c-846cf91e7a67">
      <Execution id="f4eb74dc-e234-41f4-a882-20fb97c5a9f0" />
      <TestMethod codeBase="C:/Users/SuprDewd/Desktop/Projects/Forritun/SharpBag/SharpBag.Tests01/bin/Release/SharpBag.Tests.DLL" adapterTypeName="Microsoft.VisualStudio.TestTools.TestTypes.Unit.UnitTestAdapter, Microsoft.VisualStudio.QualityTools.Tips.UnitTest.Adapter, Version=10.0.0.0, Culture=neutral, PublicKeyToken=b03f5f7f11d50a3a" className="SharpBag.ExtensionsTest, SharpBag.Tests, Version=0.0.0.0, Culture=neutral, PublicKeyToken=null" name="ForEach78804" />
    </UnitTest>
    <UnitTest name="As0163244" storage="c:\users\suprdewd\desktop\projects\forritun\sharpbag\sharpbag.tests01\bin\release\sharpbag.tests.dll" id="aa951c3d-ee4a-9ede-aac2-7e390167d171">
      <Execution id="ff2a799a-1095-4580-b893-25d9c483287c" />
      <TestMethod codeBase="C:/Users/SuprDewd/Desktop/Projects/Forritun/SharpBag/SharpBag.Tests01/bin/Release/SharpBag.Tests.DLL" adapterTypeName="Microsoft.VisualStudio.TestTools.TestTypes.Unit.UnitTestAdapter, Microsoft.VisualStudio.QualityTools.Tips.UnitTest.Adapter, Version=10.0.0.0, Culture=neutral, PublicKeyToken=b03f5f7f11d50a3a" className="SharpBag.ExtensionsTest, SharpBag.Tests, Version=0.0.0.0, Culture=neutral, PublicKeyToken=null" name="As0163244" />
    </UnitTest>
    <UnitTest name="As0163237" storage="c:\users\suprdewd\desktop\projects\forritun\sharpbag\sharpbag.tests01\bin\release\sharpbag.tests.dll" id="0c1112ce-06b8-6d36-f7fb-a3574f6e2065">
      <Execution id="f7f80228-d18c-49bd-84b7-1d36dd0dfdfa" />
      <TestMethod codeBase="C:/Users/SuprDewd/Desktop/Projects/Forritun/SharpBag/SharpBag.Tests01/bin/Release/SharpBag.Tests.DLL" adapterTypeName="Microsoft.VisualStudio.TestTools.TestTypes.Unit.UnitTestAdapter, Microsoft.VisualStudio.QualityTools.Tips.UnitTest.Adapter, Version=10.0.0.0, Culture=neutral, PublicKeyToken=b03f5f7f11d50a3a" className="SharpBag.ExtensionsTest, SharpBag.Tests, Version=0.0.0.0, Culture=neutral, PublicKeyToken=null" name="As0163237" />
    </UnitTest>
    <UnitTest name="AsEnumerable56003" storage="c:\users\suprdewd\desktop\projects\forritun\sharpbag\sharpbag.tests01\bin\release\sharpbag.tests.dll" id="0f614d48-4580-1835-c34d-314b56fdf70c">
      <Execution id="906e6156-28dc-44e8-9ea7-262c7aa9a314" />
      <TestMethod codeBase="C:/Users/SuprDewd/Desktop/Projects/Forritun/SharpBag/SharpBag.Tests01/bin/Release/SharpBag.Tests.DLL" adapterTypeName="Microsoft.VisualStudio.TestTools.TestTypes.Unit.UnitTestAdapter, Microsoft.VisualStudio.QualityTools.Tips.UnitTest.Adapter, Version=10.0.0.0, Culture=neutral, PublicKeyToken=b03f5f7f11d50a3a" className="SharpBag.ExtensionsTest, SharpBag.Tests, Version=0.0.0.0, Culture=neutral, PublicKeyToken=null" name="AsEnumerable56003" />
    </UnitTest>
    <UnitTest name="Add88504" storage="c:\users\suprdewd\desktop\projects\forritun\sharpbag\sharpbag.tests01\bin\release\sharpbag.tests.dll" id="92c796c7-6140-7467-0f72-263f4de0d5fd">
      <Execution id="7504f1fc-d376-4203-acdf-a0c3657ace1d" />
      <TestMethod codeBase="C:/Users/SuprDewd/Desktop/Projects/Forritun/SharpBag/SharpBag.Tests01/bin/Release/SharpBag.Tests.DLL" adapterTypeName="Microsoft.VisualStudio.TestTools.TestTypes.Unit.UnitTestAdapter, Microsoft.VisualStudio.QualityTools.Tips.UnitTest.Adapter, Version=10.0.0.0, Culture=neutral, PublicKeyToken=b03f5f7f11d50a3a" className="SharpBag.ExtensionsTest, SharpBag.Tests, Version=0.0.0.0, Culture=neutral, PublicKeyToken=null" name="Add88504" />
    </UnitTest>
    <UnitTest name="IsNot859" storage="c:\users\suprdewd\desktop\projects\forritun\sharpbag\sharpbag.tests01\bin\release\sharpbag.tests.dll" id="633e6a31-e7c1-dc4e-810e-71a427cf70a8">
      <Execution id="7f9112cb-0e95-4bb7-92c7-6de0992c8fa0" />
      <TestMethod codeBase="C:/Users/SuprDewd/Desktop/Projects/Forritun/SharpBag/SharpBag.Tests01/bin/Release/SharpBag.Tests.DLL" adapterTypeName="Microsoft.VisualStudio.TestTools.TestTypes.Unit.UnitTestAdapter, Microsoft.VisualStudio.QualityTools.Tips.UnitTest.Adapter, Version=10.0.0.0, Culture=neutral, PublicKeyToken=b03f5f7f11d50a3a" className="SharpBag.ExtensionsTest, SharpBag.Tests, Version=0.0.0.0, Culture=neutral, PublicKeyToken=null" name="IsNot859" />
    </UnitTest>
    <UnitTest name="Random431" storage="c:\users\suprdewd\desktop\projects\forritun\sharpbag\sharpbag.tests01\bin\release\sharpbag.tests.dll" id="a54e40a4-c460-0f5a-3324-94dd8c77f779">
      <Execution id="98b2deac-a35d-4f2c-8a2e-986615b1044c" />
      <TestMethod codeBase="C:/Users/SuprDewd/Desktop/Projects/Forritun/SharpBag/SharpBag.Tests01/bin/Release/SharpBag.Tests.DLL" adapterTypeName="Microsoft.VisualStudio.TestTools.TestTypes.Unit.UnitTestAdapter, Microsoft.VisualStudio.QualityTools.Tips.UnitTest.Adapter, Version=10.0.0.0, Culture=neutral, PublicKeyToken=b03f5f7f11d50a3a" className="SharpBag.ExtensionsTest, SharpBag.Tests, Version=0.0.0.0, Culture=neutral, PublicKeyToken=null" name="Random431" />
    </UnitTest>
    <UnitTest name="As21519" storage="c:\users\suprdewd\desktop\projects\forritun\sharpbag\sharpbag.tests01\bin\release\sharpbag.tests.dll" id="b1e8fb4c-7380-ad76-529d-dbdac5528194">
      <Execution id="a27dee7d-4018-4f94-a349-a95e512700a1" />
      <TestMethod codeBase="C:/Users/SuprDewd/Desktop/Projects/Forritun/SharpBag/SharpBag.Tests01/bin/Release/SharpBag.Tests.DLL" adapterTypeName="Microsoft.VisualStudio.TestTools.TestTypes.Unit.UnitTestAdapter, Microsoft.VisualStudio.QualityTools.Tips.UnitTest.Adapter, Version=10.0.0.0, Culture=neutral, PublicKeyToken=b03f5f7f11d50a3a" className="SharpBag.ExtensionsTest, SharpBag.Tests, Version=0.0.0.0, Culture=neutral, PublicKeyToken=null" name="As21519" />
    </UnitTest>
    <UnitTest name="To0146301" storage="c:\users\suprdewd\desktop\projects\forritun\sharpbag\sharpbag.tests01\bin\release\sharpbag.tests.dll" id="b7fcc578-5aaf-c60a-749d-838a3f516168">
      <Execution id="72b5c500-767b-4a5a-a3f5-029d5176fd05" />
      <TestMethod codeBase="C:/Users/SuprDewd/Desktop/Projects/Forritun/SharpBag/SharpBag.Tests01/bin/Release/SharpBag.Tests.DLL" adapterTypeName="Microsoft.VisualStudio.TestTools.TestTypes.Unit.UnitTestAdapter, Microsoft.VisualStudio.QualityTools.Tips.UnitTest.Adapter, Version=10.0.0.0, Culture=neutral, PublicKeyToken=b03f5f7f11d50a3a" className="SharpBag.ExtensionsTest, SharpBag.Tests, Version=0.0.0.0, Culture=neutral, PublicKeyToken=null" name="To0146301" />
    </UnitTest>
    <UnitTest name="As0166401" storage="c:\users\suprdewd\desktop\projects\forritun\sharpbag\sharpbag.tests01\bin\release\sharpbag.tests.dll" id="2b6a1fd0-ad89-86fe-c32f-c850f3486570">
      <Execution id="48511f60-691b-415b-85c3-434fc0b5e614" />
      <TestMethod codeBase="C:/Users/SuprDewd/Desktop/Projects/Forritun/SharpBag/SharpBag.Tests01/bin/Release/SharpBag.Tests.DLL" adapterTypeName="Microsoft.VisualStudio.TestTools.TestTypes.Unit.UnitTestAdapter, Microsoft.VisualStudio.QualityTools.Tips.UnitTest.Adapter, Version=10.0.0.0, Culture=neutral, PublicKeyToken=b03f5f7f11d50a3a" className="SharpBag.ExtensionsTest, SharpBag.Tests, Version=0.0.0.0, Culture=neutral, PublicKeyToken=null" name="As0166401" />
    </UnitTest>
    <UnitTest name="ExecuteThrowsContractException889" storage="c:\users\suprdewd\desktop\projects\forritun\sharpbag\sharpbag.tests01\bin\release\sharpbag.tests.dll" id="1a2d7899-6e00-21df-f034-6547a11cae31">
      <Execution id="bf2a7fb8-74f3-4f65-a7c3-e147a4da85bc" />
      <TestMethod codeBase="C:/Users/SuprDewd/Desktop/Projects/Forritun/SharpBag/SharpBag.Tests01/bin/Release/SharpBag.Tests.DLL" adapterTypeName="Microsoft.VisualStudio.TestTools.TestTypes.Unit.UnitTestAdapter, Microsoft.VisualStudio.QualityTools.Tips.UnitTest.Adapter, Version=10.0.0.0, Culture=neutral, PublicKeyToken=b03f5f7f11d50a3a" className="SharpBag.ExtensionsTest, SharpBag.Tests, Version=0.0.0.0, Culture=neutral, PublicKeyToken=null" name="ExecuteThrowsContractException889" />
    </UnitTest>
    <UnitTest name="IsIn570" storage="c:\users\suprdewd\desktop\projects\forritun\sharpbag\sharpbag.tests01\bin\release\sharpbag.tests.dll" id="1e811e95-82b3-7182-a1a6-ec99686bab87">
      <Execution id="7bef34db-8ec6-4a25-9717-4253318f3be0" />
      <TestMethod codeBase="C:/Users/SuprDewd/Desktop/Projects/Forritun/SharpBag/SharpBag.Tests01/bin/Release/SharpBag.Tests.DLL" adapterTypeName="Microsoft.VisualStudio.TestTools.TestTypes.Unit.UnitTestAdapter, Microsoft.VisualStudio.QualityTools.Tips.UnitTest.Adapter, Version=10.0.0.0, Culture=neutral, PublicKeyToken=b03f5f7f11d50a3a" className="SharpBag.ExtensionsTest, SharpBag.Tests, Version=0.0.0.0, Culture=neutral, PublicKeyToken=null" name="IsIn570" />
    </UnitTest>
    <UnitTest name="NullOr71403" storage="c:\users\suprdewd\desktop\projects\forritun\sharpbag\sharpbag.tests01\bin\release\sharpbag.tests.dll" id="fdc59520-9564-0684-d4f9-2091f576f931">
      <Execution id="ba0c1963-642f-4299-bcc4-d71c5721afcd" />
      <TestMethod codeBase="C:/Users/SuprDewd/Desktop/Projects/Forritun/SharpBag/SharpBag.Tests01/bin/Release/SharpBag.Tests.DLL" adapterTypeName="Microsoft.VisualStudio.TestTools.TestTypes.Unit.UnitTestAdapter, Microsoft.VisualStudio.QualityTools.Tips.UnitTest.Adapter, Version=10.0.0.0, Culture=neutral, PublicKeyToken=b03f5f7f11d50a3a" className="SharpBag.ExtensionsTest, SharpBag.Tests, Version=0.0.0.0, Culture=neutral, PublicKeyToken=null" name="NullOr71403" />
    </UnitTest>
    <UnitTest name="NullOr90701" storage="c:\users\suprdewd\desktop\projects\forritun\sharpbag\sharpbag.tests01\bin\release\sharpbag.tests.dll" id="4183213a-6645-16c2-af8b-e5bfcf7442d8">
      <Execution id="512f236f-ee11-4f59-ac20-74b5747c87c0" />
      <TestMethod codeBase="C:/Users/SuprDewd/Desktop/Projects/Forritun/SharpBag/SharpBag.Tests01/bin/Release/SharpBag.Tests.DLL" adapterTypeName="Microsoft.VisualStudio.TestTools.TestTypes.Unit.UnitTestAdapter, Microsoft.VisualStudio.QualityTools.Tips.UnitTest.Adapter, Version=10.0.0.0, Culture=neutral, PublicKeyToken=b03f5f7f11d50a3a" className="SharpBag.ExtensionsTest, SharpBag.Tests, Version=0.0.0.0, Culture=neutral, PublicKeyToken=null" name="NullOr90701" />
    </UnitTest>
    <UnitTest name="ForEach78802" storage="c:\users\suprdewd\desktop\projects\forritun\sharpbag\sharpbag.tests01\bin\release\sharpbag.tests.dll" id="34aa3cd1-c558-0302-e5aa-355d37850848">
      <Execution id="3755ad49-62d9-4581-8cbc-9decc4c22d94" />
      <TestMethod codeBase="C:/Users/SuprDewd/Desktop/Projects/Forritun/SharpBag/SharpBag.Tests01/bin/Release/SharpBag.Tests.DLL" adapterTypeName="Microsoft.VisualStudio.TestTools.TestTypes.Unit.UnitTestAdapter, Microsoft.VisualStudio.QualityTools.Tips.UnitTest.Adapter, Version=10.0.0.0, Culture=neutral, PublicKeyToken=b03f5f7f11d50a3a" className="SharpBag.ExtensionsTest, SharpBag.Tests, Version=0.0.0.0, Culture=neutral, PublicKeyToken=null" name="ForEach78802" />
    </UnitTest>
    <UnitTest name="To03ThrowsContractException968" storage="c:\users\suprdewd\desktop\projects\forritun\sharpbag\sharpbag.tests01\bin\release\sharpbag.tests.dll" id="8f15350a-b612-7c9b-89ff-1e54a29d9340">
      <Execution id="ab36521b-f2d0-486f-86a5-610165a99fe2" />
      <TestMethod codeBase="C:/Users/SuprDewd/Desktop/Projects/Forritun/SharpBag/SharpBag.Tests01/bin/Release/SharpBag.Tests.DLL" adapterTypeName="Microsoft.VisualStudio.TestTools.TestTypes.Unit.UnitTestAdapter, Microsoft.VisualStudio.QualityTools.Tips.UnitTest.Adapter, Version=10.0.0.0, Culture=neutral, PublicKeyToken=b03f5f7f11d50a3a" className="SharpBag.ExtensionsTest, SharpBag.Tests, Version=0.0.0.0, Culture=neutral, PublicKeyToken=null" name="To03ThrowsContractException968" />
    </UnitTest>
    <UnitTest name="IfNotNull0159702" storage="c:\users\suprdewd\desktop\projects\forritun\sharpbag\sharpbag.tests01\bin\release\sharpbag.tests.dll" id="b086ebe0-6bb0-f4b4-2d74-97b1a10dd517">
      <Execution id="cb0453e0-3226-47e6-bd5a-25a9c65aff09" />
      <TestMethod codeBase="C:/Users/SuprDewd/Desktop/Projects/Forritun/SharpBag/SharpBag.Tests01/bin/Release/SharpBag.Tests.DLL" adapterTypeName="Microsoft.VisualStudio.TestTools.TestTypes.Unit.UnitTestAdapter, Microsoft.VisualStudio.QualityTools.Tips.UnitTest.Adapter, Version=10.0.0.0, Culture=neutral, PublicKeyToken=b03f5f7f11d50a3a" className="SharpBag.ExtensionsTest, SharpBag.Tests, Version=0.0.0.0, Culture=neutral, PublicKeyToken=null" name="IfNotNull0159702" />
    </UnitTest>
    <UnitTest name="IfNotNull0192301" storage="c:\users\suprdewd\desktop\projects\forritun\sharpbag\sharpbag.tests01\bin\release\sharpbag.tests.dll" id="49aa9228-e307-ef3c-566e-386137588923">
      <Execution id="c9f80591-83aa-4adf-9f6c-f95892a36d0a" />
      <TestMethod codeBase="C:/Users/SuprDewd/Desktop/Projects/Forritun/SharpBag/SharpBag.Tests01/bin/Release/SharpBag.Tests.DLL" adapterTypeName="Microsoft.VisualStudio.TestTools.TestTypes.Unit.UnitTestAdapter, Microsoft.VisualStudio.QualityTools.Tips.UnitTest.Adapter, Version=10.0.0.0, Culture=neutral, PublicKeyToken=b03f5f7f11d50a3a" className="SharpBag.ExtensionsTest, SharpBag.Tests, Version=0.0.0.0, Culture=neutral, PublicKeyToken=null" name="IfNotNull0192301" />
    </UnitTest>
    <UnitTest name="IfNotNull47702" storage="c:\users\suprdewd\desktop\projects\forritun\sharpbag\sharpbag.tests01\bin\release\sharpbag.tests.dll" id="db3b4c9b-bf56-f07b-1edd-3db630376de3">
      <Execution id="b7814c1b-544c-4fba-bc84-10ac6f35f5bb" />
      <TestMethod codeBase="C:/Users/SuprDewd/Desktop/Projects/Forritun/SharpBag/SharpBag.Tests01/bin/Release/SharpBag.Tests.DLL" adapterTypeName="Microsoft.VisualStudio.TestTools.TestTypes.Unit.UnitTestAdapter, Microsoft.VisualStudio.QualityTools.Tips.UnitTest.Adapter, Version=10.0.0.0, Culture=neutral, PublicKeyToken=b03f5f7f11d50a3a" className="SharpBag.ExtensionsTest, SharpBag.Tests, Version=0.0.0.0, Culture=neutral, PublicKeyToken=null" name="IfNotNull47702" />
    </UnitTest>
    <UnitTest name="AsEnumerable0128304" storage="c:\users\suprdewd\desktop\projects\forritun\sharpbag\sharpbag.tests01\bin\release\sharpbag.tests.dll" id="bbe65d68-71ba-72ec-21d1-a0b54bdef612">
      <Execution id="88286e70-ce41-4875-b77a-3914a75c0e59" />
      <TestMethod codeBase="C:/Users/SuprDewd/Desktop/Projects/Forritun/SharpBag/SharpBag.Tests01/bin/Release/SharpBag.Tests.DLL" adapterTypeName="Microsoft.VisualStudio.TestTools.TestTypes.Unit.UnitTestAdapter, Microsoft.VisualStudio.QualityTools.Tips.UnitTest.Adapter, Version=10.0.0.0, Culture=neutral, PublicKeyToken=b03f5f7f11d50a3a" className="SharpBag.ExtensionsTest, SharpBag.Tests, Version=0.0.0.0, Culture=neutral, PublicKeyToken=null" name="AsEnumerable0128304" />
    </UnitTest>
    <UnitTest name="TakeEveryThrowsContractException597" storage="c:\users\suprdewd\desktop\projects\forritun\sharpbag\sharpbag.tests01\bin\release\sharpbag.tests.dll" id="f66902ae-2eb8-36de-bdb4-af24338ae682">
      <Execution id="37e72ba7-2507-4db6-9634-00a64bbbf844" />
      <TestMethod codeBase="C:/Users/SuprDewd/Desktop/Projects/Forritun/SharpBag/SharpBag.Tests01/bin/Release/SharpBag.Tests.DLL" adapterTypeName="Microsoft.VisualStudio.TestTools.TestTypes.Unit.UnitTestAdapter, Microsoft.VisualStudio.QualityTools.Tips.UnitTest.Adapter, Version=10.0.0.0, Culture=neutral, PublicKeyToken=b03f5f7f11d50a3a" className="SharpBag.ExtensionsTest, SharpBag.Tests, Version=0.0.0.0, Culture=neutral, PublicKeyToken=null" name="TakeEveryThrowsContractException597" />
    </UnitTest>
    <UnitTest name="AsEnumerable0128301" storage="c:\users\suprdewd\desktop\projects\forritun\sharpbag\sharpbag.tests01\bin\release\sharpbag.tests.dll" id="42f45f10-504d-0d19-0e58-1ea2105c69e9">
      <Execution id="8e4a66ca-3c6c-46b4-9251-27d974dd4b4c" />
      <TestMethod codeBase="C:/Users/SuprDewd/Desktop/Projects/Forritun/SharpBag/SharpBag.Tests01/bin/Release/SharpBag.Tests.DLL" adapterTypeName="Microsoft.VisualStudio.TestTools.TestTypes.Unit.UnitTestAdapter, Microsoft.VisualStudio.QualityTools.Tips.UnitTest.Adapter, Version=10.0.0.0, Culture=neutral, PublicKeyToken=b03f5f7f11d50a3a" className="SharpBag.ExtensionsTest, SharpBag.Tests, Version=0.0.0.0, Culture=neutral, PublicKeyToken=null" name="AsEnumerable0128301" />
    </UnitTest>
    <UnitTest name="As21501" storage="c:\users\suprdewd\desktop\projects\forritun\sharpbag\sharpbag.tests01\bin\release\sharpbag.tests.dll" id="ea12baf4-c62d-b0ca-b8ec-0dd742c09890">
      <Execution id="7472fce0-83af-42d4-9aa6-cf488cd2f3ed" />
      <TestMethod codeBase="C:/Users/SuprDewd/Desktop/Projects/Forritun/SharpBag/SharpBag.Tests01/bin/Release/SharpBag.Tests.DLL" adapterTypeName="Microsoft.VisualStudio.TestTools.TestTypes.Unit.UnitTestAdapter, Microsoft.VisualStudio.QualityTools.Tips.UnitTest.Adapter, Version=10.0.0.0, Culture=neutral, PublicKeyToken=b03f5f7f11d50a3a" className="SharpBag.ExtensionsTest, SharpBag.Tests, Version=0.0.0.0, Culture=neutral, PublicKeyToken=null" name="As21501" />
    </UnitTest>
    <UnitTest name="As01ThrowsContractException876" storage="c:\users\suprdewd\desktop\projects\forritun\sharpbag\sharpbag.tests01\bin\release\sharpbag.tests.dll" id="4603637e-fb7e-2981-f426-423b0ee1dc90">
      <Execution id="3845fcbd-a805-4666-8ff2-f58cb4b39e36" />
      <TestMethod codeBase="C:/Users/SuprDewd/Desktop/Projects/Forritun/SharpBag/SharpBag.Tests01/bin/Release/SharpBag.Tests.DLL" adapterTypeName="Microsoft.VisualStudio.TestTools.TestTypes.Unit.UnitTestAdapter, Microsoft.VisualStudio.QualityTools.Tips.UnitTest.Adapter, Version=10.0.0.0, Culture=neutral, PublicKeyToken=b03f5f7f11d50a3a" className="SharpBag.ExtensionsTest, SharpBag.Tests, Version=0.0.0.0, Culture=neutral, PublicKeyToken=null" name="As01ThrowsContractException876" />
    </UnitTest>
    <UnitTest name="AsEnumerableThrowsContractException9" storage="c:\users\suprdewd\desktop\projects\forritun\sharpbag\sharpbag.tests01\bin\release\sharpbag.tests.dll" id="afe5b38f-db93-5765-7ecd-49d9214e51e3">
      <Execution id="2544700b-34a8-495f-9971-8cb28751a470" />
      <TestMethod codeBase="C:/Users/SuprDewd/Desktop/Projects/Forritun/SharpBag/SharpBag.Tests01/bin/Release/SharpBag.Tests.DLL" adapterTypeName="Microsoft.VisualStudio.TestTools.TestTypes.Unit.UnitTestAdapter, Microsoft.VisualStudio.QualityTools.Tips.UnitTest.Adapter, Version=10.0.0.0, Culture=neutral, PublicKeyToken=b03f5f7f11d50a3a" className="SharpBag.ExtensionsTest, SharpBag.Tests, Version=0.0.0.0, Culture=neutral, PublicKeyToken=null" name="AsEnumerableThrowsContractException9" />
    </UnitTest>
    <UnitTest name="Random01ThrowsContractException824" storage="c:\users\suprdewd\desktop\projects\forritun\sharpbag\sharpbag.tests01\bin\release\sharpbag.tests.dll" id="1b9103d0-5cae-0f4c-09ff-459b405bb125">
      <Execution id="bf42e9a5-f54a-4c56-987f-92a2f8969d5e" />
      <TestMethod codeBase="C:/Users/SuprDewd/Desktop/Projects/Forritun/SharpBag/SharpBag.Tests01/bin/Release/SharpBag.Tests.DLL" adapterTypeName="Microsoft.VisualStudio.TestTools.TestTypes.Unit.UnitTestAdapter, Microsoft.VisualStudio.QualityTools.Tips.UnitTest.Adapter, Version=10.0.0.0, Culture=neutral, PublicKeyToken=b03f5f7f11d50a3a" className="SharpBag.ExtensionsTest, SharpBag.Tests, Version=0.0.0.0, Culture=neutral, PublicKeyToken=null" name="Random01ThrowsContractException824" />
    </UnitTest>
    <UnitTest name="As0166402" storage="c:\users\suprdewd\desktop\projects\forritun\sharpbag\sharpbag.tests01\bin\release\sharpbag.tests.dll" id="7a9400e0-6f1a-74cc-aaf2-4e620d01eac4">
      <Execution id="ea1af3d4-f948-4d30-9937-6cfcf28870b3" />
      <TestMethod codeBase="C:/Users/SuprDewd/Desktop/Projects/Forritun/SharpBag/SharpBag.Tests01/bin/Release/SharpBag.Tests.DLL" adapterTypeName="Microsoft.VisualStudio.TestTools.TestTypes.Unit.UnitTestAdapter, Microsoft.VisualStudio.QualityTools.Tips.UnitTest.Adapter, Version=10.0.0.0, Culture=neutral, PublicKeyToken=b03f5f7f11d50a3a" className="SharpBag.ExtensionsTest, SharpBag.Tests, Version=0.0.0.0, Culture=neutral, PublicKeyToken=null" name="As0166402" />
    </UnitTest>
    <UnitTest name="As0130303" storage="c:\users\suprdewd\desktop\projects\forritun\sharpbag\sharpbag.tests01\bin\release\sharpbag.tests.dll" id="a5088dbd-9f6a-bb83-e64a-07cfd5052c81">
      <Execution id="034e797c-e6a1-49d8-835c-845cb5e89ada" />
      <TestMethod codeBase="C:/Users/SuprDewd/Desktop/Projects/Forritun/SharpBag/SharpBag.Tests01/bin/Release/SharpBag.Tests.DLL" adapterTypeName="Microsoft.VisualStudio.TestTools.TestTypes.Unit.UnitTestAdapter, Microsoft.VisualStudio.QualityTools.Tips.UnitTest.Adapter, Version=10.0.0.0, Culture=neutral, PublicKeyToken=b03f5f7f11d50a3a" className="SharpBag.ExtensionsTest, SharpBag.Tests, Version=0.0.0.0, Culture=neutral, PublicKeyToken=null" name="As0130303" />
    </UnitTest>
    <UnitTest name="To04ThrowsContractException193" storage="c:\users\suprdewd\desktop\projects\forritun\sharpbag\sharpbag.tests01\bin\release\sharpbag.tests.dll" id="3ca3afbe-4155-3a78-1581-d034645ac0e9">
      <Execution id="3b268a4a-2e15-46e6-85d2-52fffde9843b" />
      <TestMethod codeBase="C:/Users/SuprDewd/Desktop/Projects/Forritun/SharpBag/SharpBag.Tests01/bin/Release/SharpBag.Tests.DLL" adapterTypeName="Microsoft.VisualStudio.TestTools.TestTypes.Unit.UnitTestAdapter, Microsoft.VisualStudio.QualityTools.Tips.UnitTest.Adapter, Version=10.0.0.0, Culture=neutral, PublicKeyToken=b03f5f7f11d50a3a" className="SharpBag.ExtensionsTest, SharpBag.Tests, Version=0.0.0.0, Culture=neutral, PublicKeyToken=null" name="To04ThrowsContractException193" />
    </UnitTest>
    <UnitTest name="As763" storage="c:\users\suprdewd\desktop\projects\forritun\sharpbag\sharpbag.tests01\bin\release\sharpbag.tests.dll" id="808822f6-9c85-0a33-f1f9-4d64c79fb975">
      <Execution id="cf99f354-ef95-452c-9fbe-11ce9e3e14af" />
      <TestMethod codeBase="C:/Users/SuprDewd/Desktop/Projects/Forritun/SharpBag/SharpBag.Tests01/bin/Release/SharpBag.Tests.DLL" adapterTypeName="Microsoft.VisualStudio.TestTools.TestTypes.Unit.UnitTestAdapter, Microsoft.VisualStudio.QualityTools.Tips.UnitTest.Adapter, Version=10.0.0.0, Culture=neutral, PublicKeyToken=b03f5f7f11d50a3a" className="SharpBag.ExtensionsTest, SharpBag.Tests, Version=0.0.0.0, Culture=neutral, PublicKeyToken=null" name="As763" />
    </UnitTest>
    <UnitTest name="Iter96004" storage="c:\users\suprdewd\desktop\projects\forritun\sharpbag\sharpbag.tests01\bin\release\sharpbag.tests.dll" id="7a965cd2-e1cf-8636-b94b-9bb1e4688fd0">
      <Execution id="d319f1c2-9794-40ea-9124-4f619f6dadba" />
      <TestMethod codeBase="C:/Users/SuprDewd/Desktop/Projects/Forritun/SharpBag/SharpBag.Tests01/bin/Release/SharpBag.Tests.DLL" adapterTypeName="Microsoft.VisualStudio.TestTools.TestTypes.Unit.UnitTestAdapter, Microsoft.VisualStudio.QualityTools.Tips.UnitTest.Adapter, Version=10.0.0.0, Culture=neutral, PublicKeyToken=b03f5f7f11d50a3a" className="SharpBag.ExtensionsTest, SharpBag.Tests, Version=0.0.0.0, Culture=neutral, PublicKeyToken=null" name="Iter96004" />
    </UnitTest>
    <UnitTest name="UnionAll0233901" storage="c:\users\suprdewd\desktop\projects\forritun\sharpbag\sharpbag.tests01\bin\release\sharpbag.tests.dll" id="4c766330-2a1a-c11f-5958-fa0e45c2a866">
      <Execution id="777328ad-7df7-4de3-b603-0c0b22a1ff79" />
      <TestMethod codeBase="C:/Users/SuprDewd/Desktop/Projects/Forritun/SharpBag/SharpBag.Tests01/bin/Release/SharpBag.Tests.DLL" adapterTypeName="Microsoft.VisualStudio.TestTools.TestTypes.Unit.UnitTestAdapter, Microsoft.VisualStudio.QualityTools.Tips.UnitTest.Adapter, Version=10.0.0.0, Culture=neutral, PublicKeyToken=b03f5f7f11d50a3a" className="SharpBag.ExtensionsTest, SharpBag.Tests, Version=0.0.0.0, Culture=neutral, PublicKeyToken=null" name="UnionAll0233901" />
    </UnitTest>
    <UnitTest name="As01401" storage="c:\users\suprdewd\desktop\projects\forritun\sharpbag\sharpbag.tests01\bin\release\sharpbag.tests.dll" id="5b905b9d-179c-2930-2f2f-ad7751aea174">
      <Execution id="25797587-8dc5-4e20-a20b-79988fa87ef2" />
      <TestMethod codeBase="C:/Users/SuprDewd/Desktop/Projects/Forritun/SharpBag/SharpBag.Tests01/bin/Release/SharpBag.Tests.DLL" adapterTypeName="Microsoft.VisualStudio.TestTools.TestTypes.Unit.UnitTestAdapter, Microsoft.VisualStudio.QualityTools.Tips.UnitTest.Adapter, Version=10.0.0.0, Culture=neutral, PublicKeyToken=b03f5f7f11d50a3a" className="SharpBag.ExtensionsTest, SharpBag.Tests, Version=0.0.0.0, Culture=neutral, PublicKeyToken=null" name="As01401" />
    </UnitTest>
    <UnitTest name="ForEach12501" storage="c:\users\suprdewd\desktop\projects\forritun\sharpbag\sharpbag.tests01\bin\release\sharpbag.tests.dll" id="8a248c8c-38d6-117a-cb08-bb2fddeae117">
      <Execution id="7243d019-71b1-4c09-97bb-2118010cf0fd" />
      <TestMethod codeBase="C:/Users/SuprDewd/Desktop/Projects/Forritun/SharpBag/SharpBag.Tests01/bin/Release/SharpBag.Tests.DLL" adapterTypeName="Microsoft.VisualStudio.TestTools.TestTypes.Unit.UnitTestAdapter, Microsoft.VisualStudio.QualityTools.Tips.UnitTest.Adapter, Version=10.0.0.0, Culture=neutral, PublicKeyToken=b03f5f7f11d50a3a" className="SharpBag.ExtensionsTest, SharpBag.Tests, Version=0.0.0.0, Culture=neutral, PublicKeyToken=null" name="ForEach12501" />
    </UnitTest>
    <UnitTest name="As01403" storage="c:\users\suprdewd\desktop\projects\forritun\sharpbag\sharpbag.tests01\bin\release\sharpbag.tests.dll" id="baf4ce3c-1fc7-efc9-3438-7f66d5c18bcf">
      <Execution id="ad12cb0d-73fa-414c-a212-cec4b7873a63" />
      <TestMethod codeBase="C:/Users/SuprDewd/Desktop/Projects/Forritun/SharpBag/SharpBag.Tests01/bin/Release/SharpBag.Tests.DLL" adapterTypeName="Microsoft.VisualStudio.TestTools.TestTypes.Unit.UnitTestAdapter, Microsoft.VisualStudio.QualityTools.Tips.UnitTest.Adapter, Version=10.0.0.0, Culture=neutral, PublicKeyToken=b03f5f7f11d50a3a" className="SharpBag.ExtensionsTest, SharpBag.Tests, Version=0.0.0.0, Culture=neutral, PublicKeyToken=null" name="As01403" />
    </UnitTest>
    <UnitTest name="Add88503" storage="c:\users\suprdewd\desktop\projects\forritun\sharpbag\sharpbag.tests01\bin\release\sharpbag.tests.dll" id="106b7a63-3c06-2f97-097e-1a5d38b1a1ac">
      <Execution id="e714530c-c3f5-4fb2-862b-dd9e7779585c" />
      <TestMethod codeBase="C:/Users/SuprDewd/Desktop/Projects/Forritun/SharpBag/SharpBag.Tests01/bin/Release/SharpBag.Tests.DLL" adapterTypeName="Microsoft.VisualStudio.TestTools.TestTypes.Unit.UnitTestAdapter, Microsoft.VisualStudio.QualityTools.Tips.UnitTest.Adapter, Version=10.0.0.0, Culture=neutral, PublicKeyToken=b03f5f7f11d50a3a" className="SharpBag.ExtensionsTest, SharpBag.Tests, Version=0.0.0.0, Culture=neutral, PublicKeyToken=null" name="Add88503" />
    </UnitTest>
    <UnitTest name="To20301" storage="c:\users\suprdewd\desktop\projects\forritun\sharpbag\sharpbag.tests01\bin\release\sharpbag.tests.dll" id="bd7ec864-24ff-4ca6-8f63-6e2fe4065d39">
      <Execution id="3ffcc01c-c0f7-4c6d-b368-e43e4bc609a7" />
      <TestMethod codeBase="C:/Users/SuprDewd/Desktop/Projects/Forritun/SharpBag/SharpBag.Tests01/bin/Release/SharpBag.Tests.DLL" adapterTypeName="Microsoft.VisualStudio.TestTools.TestTypes.Unit.UnitTestAdapter, Microsoft.VisualStudio.QualityTools.Tips.UnitTest.Adapter, Version=10.0.0.0, Culture=neutral, PublicKeyToken=b03f5f7f11d50a3a" className="SharpBag.ExtensionsTest, SharpBag.Tests, Version=0.0.0.0, Culture=neutral, PublicKeyToken=null" name="To20301" />
    </UnitTest>
    <UnitTest name="As0163227" storage="c:\users\suprdewd\desktop\projects\forritun\sharpbag\sharpbag.tests01\bin\release\sharpbag.tests.dll" id="1a41ca06-c399-fb41-1b68-4e54f6d9fba0">
      <Execution id="44f63601-6b1b-49ef-9be0-6801ab5b6ca5" />
      <TestMethod codeBase="C:/Users/SuprDewd/Desktop/Projects/Forritun/SharpBag/SharpBag.Tests01/bin/Release/SharpBag.Tests.DLL" adapterTypeName="Microsoft.VisualStudio.TestTools.TestTypes.Unit.UnitTestAdapter, Microsoft.VisualStudio.QualityTools.Tips.UnitTest.Adapter, Version=10.0.0.0, Culture=neutral, PublicKeyToken=b03f5f7f11d50a3a" className="SharpBag.ExtensionsTest, SharpBag.Tests, Version=0.0.0.0, Culture=neutral, PublicKeyToken=null" name="As0163227" />
    </UnitTest>
    <UnitTest name="IsNullableTypeThrowsContractException544" storage="c:\users\suprdewd\desktop\projects\forritun\sharpbag\sharpbag.tests01\bin\release\sharpbag.tests.dll" id="06d747a6-abc2-c83d-da24-3ee86184f362">
      <Execution id="7fa995b3-e550-4e94-825b-f69b06d0e9bf" />
      <TestMethod codeBase="C:/Users/SuprDewd/Desktop/Projects/Forritun/SharpBag/SharpBag.Tests01/bin/Release/SharpBag.Tests.DLL" adapterTypeName="Microsoft.VisualStudio.TestTools.TestTypes.Unit.UnitTestAdapter, Microsoft.VisualStudio.QualityTools.Tips.UnitTest.Adapter, Version=10.0.0.0, Culture=neutral, PublicKeyToken=b03f5f7f11d50a3a" className="SharpBag.ExtensionsTest, SharpBag.Tests, Version=0.0.0.0, Culture=neutral, PublicKeyToken=null" name="IsNullableTypeThrowsContractException544" />
    </UnitTest>
    <UnitTest name="EmptyIfNull122" storage="c:\users\suprdewd\desktop\projects\forritun\sharpbag\sharpbag.tests01\bin\release\sharpbag.tests.dll" id="3902168e-77cb-c1b4-c44f-4336ab3b86bd">
      <Execution id="bb970e6e-92b5-4662-ba7a-7e1867557121" />
      <TestMethod codeBase="C:/Users/SuprDewd/Desktop/Projects/Forritun/SharpBag/SharpBag.Tests01/bin/Release/SharpBag.Tests.DLL" adapterTypeName="Microsoft.VisualStudio.TestTools.TestTypes.Unit.UnitTestAdapter, Microsoft.VisualStudio.QualityTools.Tips.UnitTest.Adapter, Version=10.0.0.0, Culture=neutral, PublicKeyToken=b03f5f7f11d50a3a" className="SharpBag.ExtensionsTest, SharpBag.Tests, Version=0.0.0.0, Culture=neutral, PublicKeyToken=null" name="EmptyIfNull122" />
    </UnitTest>
    <UnitTest name="As0132106" storage="c:\users\suprdewd\desktop\projects\forritun\sharpbag\sharpbag.tests01\bin\release\sharpbag.tests.dll" id="de9d9ca9-6d6f-fece-a7ad-0d011ee5cf94">
      <Execution id="aacd6ea7-10c7-434c-a207-b9a6c8597e6f" />
      <TestMethod codeBase="C:/Users/SuprDewd/Desktop/Projects/Forritun/SharpBag/SharpBag.Tests01/bin/Release/SharpBag.Tests.DLL" adapterTypeName="Microsoft.VisualStudio.TestTools.TestTypes.Unit.UnitTestAdapter, Microsoft.VisualStudio.QualityTools.Tips.UnitTest.Adapter, Version=10.0.0.0, Culture=neutral, PublicKeyToken=b03f5f7f11d50a3a" className="SharpBag.ExtensionsTest, SharpBag.Tests, Version=0.0.0.0, Culture=neutral, PublicKeyToken=null" name="As0132106" />
    </UnitTest>
    <UnitTest name="NullOr71404" storage="c:\users\suprdewd\desktop\projects\forritun\sharpbag\sharpbag.tests01\bin\release\sharpbag.tests.dll" id="4d41008a-7d5b-c195-89ca-25e2bba2803d">
      <Execution id="adc53fc4-ee4d-4e2e-b296-a6df4a39595f" />
      <TestMethod codeBase="C:/Users/SuprDewd/Desktop/Projects/Forritun/SharpBag/SharpBag.Tests01/bin/Release/SharpBag.Tests.DLL" adapterTypeName="Microsoft.VisualStudio.TestTools.TestTypes.Unit.UnitTestAdapter, Microsoft.VisualStudio.QualityTools.Tips.UnitTest.Adapter, Version=10.0.0.0, Culture=neutral, PublicKeyToken=b03f5f7f11d50a3a" className="SharpBag.ExtensionsTest, SharpBag.Tests, Version=0.0.0.0, Culture=neutral, PublicKeyToken=null" name="NullOr71404" />
    </UnitTest>
    <UnitTest name="AsEnumerable0258801" storage="c:\users\suprdewd\desktop\projects\forritun\sharpbag\sharpbag.tests01\bin\release\sharpbag.tests.dll" id="b2c4141e-1dfd-f110-5623-435719fb340e">
      <Execution id="b4799d93-4c3c-4ceb-af18-d8e9c9fd9443" />
      <TestMethod codeBase="C:/Users/SuprDewd/Desktop/Projects/Forritun/SharpBag/SharpBag.Tests01/bin/Release/SharpBag.Tests.DLL" adapterTypeName="Microsoft.VisualStudio.TestTools.TestTypes.Unit.UnitTestAdapter, Microsoft.VisualStudio.QualityTools.Tips.UnitTest.Adapter, Version=10.0.0.0, Culture=neutral, PublicKeyToken=b03f5f7f11d50a3a" className="SharpBag.ExtensionsTest, SharpBag.Tests, Version=0.0.0.0, Culture=neutral, PublicKeyToken=null" name="AsEnumerable0258801" />
    </UnitTest>
    <UnitTest name="ForEach78801" storage="c:\users\suprdewd\desktop\projects\forritun\sharpbag\sharpbag.tests01\bin\release\sharpbag.tests.dll" id="a45582f8-3825-adac-44bf-8fa9e3381e89">
      <Execution id="3e49e3bf-14c0-4783-b31c-421ea722c033" />
      <TestMethod codeBase="C:/Users/SuprDewd/Desktop/Projects/Forritun/SharpBag/SharpBag.Tests01/bin/Release/SharpBag.Tests.DLL" adapterTypeName="Microsoft.VisualStudio.TestTools.TestTypes.Unit.UnitTestAdapter, Microsoft.VisualStudio.QualityTools.Tips.UnitTest.Adapter, Version=10.0.0.0, Culture=neutral, PublicKeyToken=b03f5f7f11d50a3a" className="SharpBag.ExtensionsTest, SharpBag.Tests, Version=0.0.0.0, Culture=neutral, PublicKeyToken=null" name="ForEach78801" />
    </UnitTest>
    <UnitTest name="IfNotNull0192302" storage="c:\users\suprdewd\desktop\projects\forritun\sharpbag\sharpbag.tests01\bin\release\sharpbag.tests.dll" id="a65b5eab-4121-901b-449c-fc9aba07d07b">
      <Execution id="b1297fc7-e684-4a34-8ed7-66aee4260429" />
      <TestMethod codeBase="C:/Users/SuprDewd/Desktop/Projects/Forritun/SharpBag/SharpBag.Tests01/bin/Release/SharpBag.Tests.DLL" adapterTypeName="Microsoft.VisualStudio.TestTools.TestTypes.Unit.UnitTestAdapter, Microsoft.VisualStudio.QualityTools.Tips.UnitTest.Adapter, Version=10.0.0.0, Culture=neutral, PublicKeyToken=b03f5f7f11d50a3a" className="SharpBag.ExtensionsTest, SharpBag.Tests, Version=0.0.0.0, Culture=neutral, PublicKeyToken=null" name="IfNotNull0192302" />
    </UnitTest>
    <UnitTest name="InvokeIfRequiredThrowsContractException870" storage="c:\users\suprdewd\desktop\projects\forritun\sharpbag\sharpbag.tests01\bin\release\sharpbag.tests.dll" id="e5623ce5-a9dc-7c7d-ffdc-f4cf28cd97aa">
      <Execution id="3b0e2ddc-02ae-4008-8ad6-a3d27ac92c1a" />
      <TestMethod codeBase="C:/Users/SuprDewd/Desktop/Projects/Forritun/SharpBag/SharpBag.Tests01/bin/Release/SharpBag.Tests.DLL" adapterTypeName="Microsoft.VisualStudio.TestTools.TestTypes.Unit.UnitTestAdapter, Microsoft.VisualStudio.QualityTools.Tips.UnitTest.Adapter, Version=10.0.0.0, Culture=neutral, PublicKeyToken=b03f5f7f11d50a3a" className="SharpBag.ExtensionsTest, SharpBag.Tests, Version=0.0.0.0, Culture=neutral, PublicKeyToken=null" name="InvokeIfRequiredThrowsContractException870" />
    </UnitTest>
    <UnitTest name="Add60904" storage="c:\users\suprdewd\desktop\projects\forritun\sharpbag\sharpbag.tests01\bin\release\sharpbag.tests.dll" id="1cb6fca5-5cbd-75cb-cfee-a358b8315906">
      <Execution id="0ceb2924-fd69-4ecf-86f9-334cf32434d1" />
      <TestMethod codeBase="C:/Users/SuprDewd/Desktop/Projects/Forritun/SharpBag/SharpBag.Tests01/bin/Release/SharpBag.Tests.DLL" adapterTypeName="Microsoft.VisualStudio.TestTools.TestTypes.Unit.UnitTestAdapter, Microsoft.VisualStudio.QualityTools.Tips.UnitTest.Adapter, Version=10.0.0.0, Culture=neutral, PublicKeyToken=b03f5f7f11d50a3a" className="SharpBag.ExtensionsTest, SharpBag.Tests, Version=0.0.0.0, Culture=neutral, PublicKeyToken=null" name="Add60904" />
    </UnitTest>
    <UnitTest name="To0459801" storage="c:\users\suprdewd\desktop\projects\forritun\sharpbag\sharpbag.tests01\bin\release\sharpbag.tests.dll" id="0e73a463-cb0d-f992-9d84-5941849f04d6">
      <Execution id="e68e90e0-c542-413c-9fa3-f2a5fc8d0052" />
      <TestMethod codeBase="C:/Users/SuprDewd/Desktop/Projects/Forritun/SharpBag/SharpBag.Tests01/bin/Release/SharpBag.Tests.DLL" adapterTypeName="Microsoft.VisualStudio.TestTools.TestTypes.Unit.UnitTestAdapter, Microsoft.VisualStudio.QualityTools.Tips.UnitTest.Adapter, Version=10.0.0.0, Culture=neutral, PublicKeyToken=b03f5f7f11d50a3a" className="SharpBag.ExtensionsTest, SharpBag.Tests, Version=0.0.0.0, Culture=neutral, PublicKeyToken=null" name="To0459801" />
    </UnitTest>
    <UnitTest name="Add29602" storage="c:\users\suprdewd\desktop\projects\forritun\sharpbag\sharpbag.tests01\bin\release\sharpbag.tests.dll" id="d820847a-a64d-718b-5774-4886058277c3">
      <Execution id="0ce4b15e-264d-4f0e-ad65-0fb33c9aac4e" />
      <TestMethod codeBase="C:/Users/SuprDewd/Desktop/Projects/Forritun/SharpBag/SharpBag.Tests01/bin/Release/SharpBag.Tests.DLL" adapterTypeName="Microsoft.VisualStudio.TestTools.TestTypes.Unit.UnitTestAdapter, Microsoft.VisualStudio.QualityTools.Tips.UnitTest.Adapter, Version=10.0.0.0, Culture=neutral, PublicKeyToken=b03f5f7f11d50a3a" className="SharpBag.ExtensionsTest, SharpBag.Tests, Version=0.0.0.0, Culture=neutral, PublicKeyToken=null" name="Add29602" />
    </UnitTest>
    <UnitTest name="To0163701" storage="c:\users\suprdewd\desktop\projects\forritun\sharpbag\sharpbag.tests01\bin\release\sharpbag.tests.dll" id="229cca66-aa3f-9557-9307-ec8679e563f6">
      <Execution id="cdc1bb4e-0a61-4a54-ae4d-e0f6a2427674" />
      <TestMethod codeBase="C:/Users/SuprDewd/Desktop/Projects/Forritun/SharpBag/SharpBag.Tests01/bin/Release/SharpBag.Tests.DLL" adapterTypeName="Microsoft.VisualStudio.TestTools.TestTypes.Unit.UnitTestAdapter, Microsoft.VisualStudio.QualityTools.Tips.UnitTest.Adapter, Version=10.0.0.0, Culture=neutral, PublicKeyToken=b03f5f7f11d50a3a" className="SharpBag.ExtensionsTest, SharpBag.Tests, Version=0.0.0.0, Culture=neutral, PublicKeyToken=null" name="To0163701" />
    </UnitTest>
    <UnitTest name="As21503" storage="c:\users\suprdewd\desktop\projects\forritun\sharpbag\sharpbag.tests01\bin\release\sharpbag.tests.dll" id="b03d2b82-a5f5-4a0a-521f-fd9e431b28da">
      <Execution id="6a0c443d-e9fe-4fba-9925-644cd053978b" />
      <TestMethod codeBase="C:/Users/SuprDewd/Desktop/Projects/Forritun/SharpBag/SharpBag.Tests01/bin/Release/SharpBag.Tests.DLL" adapterTypeName="Microsoft.VisualStudio.TestTools.TestTypes.Unit.UnitTestAdapter, Microsoft.VisualStudio.QualityTools.Tips.UnitTest.Adapter, Version=10.0.0.0, Culture=neutral, PublicKeyToken=b03f5f7f11d50a3a" className="SharpBag.ExtensionsTest, SharpBag.Tests, Version=0.0.0.0, Culture=neutral, PublicKeyToken=null" name="As21503" />
    </UnitTest>
    <UnitTest name="Fill0168802" storage="c:\users\suprdewd\desktop\projects\forritun\sharpbag\sharpbag.tests01\bin\release\sharpbag.tests.dll" id="c3e8dcc2-bac7-2a0c-9c06-8dc4838145f3">
      <Execution id="8108f115-f438-4f61-a940-001414971c0f" />
      <TestMethod codeBase="C:/Users/SuprDewd/Desktop/Projects/Forritun/SharpBag/SharpBag.Tests01/bin/Release/SharpBag.Tests.DLL" adapterTypeName="Microsoft.VisualStudio.TestTools.TestTypes.Unit.UnitTestAdapter, Microsoft.VisualStudio.QualityTools.Tips.UnitTest.Adapter, Version=10.0.0.0, Culture=neutral, PublicKeyToken=b03f5f7f11d50a3a" className="SharpBag.ExtensionsTest, SharpBag.Tests, Version=0.0.0.0, Culture=neutral, PublicKeyToken=null" name="Fill0168802" />
    </UnitTest>
    <UnitTest name="As21505" storage="c:\users\suprdewd\desktop\projects\forritun\sharpbag\sharpbag.tests01\bin\release\sharpbag.tests.dll" id="2250a8be-6947-1057-ceec-e49c62f651fa">
      <Execution id="c3813964-54a3-4a40-9809-a26e2d8eec0c" />
      <TestMethod codeBase="C:/Users/SuprDewd/Desktop/Projects/Forritun/SharpBag/SharpBag.Tests01/bin/Release/SharpBag.Tests.DLL" adapterTypeName="Microsoft.VisualStudio.TestTools.TestTypes.Unit.UnitTestAdapter, Microsoft.VisualStudio.QualityTools.Tips.UnitTest.Adapter, Version=10.0.0.0, Culture=neutral, PublicKeyToken=b03f5f7f11d50a3a" className="SharpBag.ExtensionsTest, SharpBag.Tests, Version=0.0.0.0, Culture=neutral, PublicKeyToken=null" name="As21505" />
    </UnitTest>
    <UnitTest name="As0132104" storage="c:\users\suprdewd\desktop\projects\forritun\sharpbag\sharpbag.tests01\bin\release\sharpbag.tests.dll" id="b30e4a1d-f330-da4d-3e81-5c536003275c">
      <Execution id="e3be1422-654b-43c1-8809-a0979a7d3dd3" />
      <TestMethod codeBase="C:/Users/SuprDewd/Desktop/Projects/Forritun/SharpBag/SharpBag.Tests01/bin/Release/SharpBag.Tests.DLL" adapterTypeName="Microsoft.VisualStudio.TestTools.TestTypes.Unit.UnitTestAdapter, Microsoft.VisualStudio.QualityTools.Tips.UnitTest.Adapter, Version=10.0.0.0, Culture=neutral, PublicKeyToken=b03f5f7f11d50a3a" className="SharpBag.ExtensionsTest, SharpBag.Tests, Version=0.0.0.0, Culture=neutral, PublicKeyToken=null" name="As0132104" />
    </UnitTest>
    <UnitTest name="As0163216" storage="c:\users\suprdewd\desktop\projects\forritun\sharpbag\sharpbag.tests01\bin\release\sharpbag.tests.dll" id="ee7a26ae-f08b-c1d5-713f-d21139c592b9">
      <Execution id="af2e83e2-39d2-4a5c-abc9-4275e1a3c4ef" />
      <TestMethod codeBase="C:/Users/SuprDewd/Desktop/Projects/Forritun/SharpBag/SharpBag.Tests01/bin/Release/SharpBag.Tests.DLL" adapterTypeName="Microsoft.VisualStudio.TestTools.TestTypes.Unit.UnitTestAdapter, Microsoft.VisualStudio.QualityTools.Tips.UnitTest.Adapter, Version=10.0.0.0, Culture=neutral, PublicKeyToken=b03f5f7f11d50a3a" className="SharpBag.ExtensionsTest, SharpBag.Tests, Version=0.0.0.0, Culture=neutral, PublicKeyToken=null" name="As0163216" />
    </UnitTest>
    <UnitTest name="As21520" storage="c:\users\suprdewd\desktop\projects\forritun\sharpbag\sharpbag.tests01\bin\release\sharpbag.tests.dll" id="585eea8b-8fa4-71e8-9d43-5274aef9fa35">
      <Execution id="0a99071b-8c7a-4295-bb1f-4f3b0924f784" />
      <TestMethod codeBase="C:/Users/SuprDewd/Desktop/Projects/Forritun/SharpBag/SharpBag.Tests01/bin/Release/SharpBag.Tests.DLL" adapterTypeName="Microsoft.VisualStudio.TestTools.TestTypes.Unit.UnitTestAdapter, Microsoft.VisualStudio.QualityTools.Tips.UnitTest.Adapter, Version=10.0.0.0, Culture=neutral, PublicKeyToken=b03f5f7f11d50a3a" className="SharpBag.ExtensionsTest, SharpBag.Tests, Version=0.0.0.0, Culture=neutral, PublicKeyToken=null" name="As21520" />
    </UnitTest>
    <UnitTest name="As0163241" storage="c:\users\suprdewd\desktop\projects\forritun\sharpbag\sharpbag.tests01\bin\release\sharpbag.tests.dll" id="2a3bccbe-42e2-9009-af11-20e5efc1eb2e">
      <Execution id="1cdbc4ba-6062-44a3-9244-d45575251472" />
      <TestMethod codeBase="C:/Users/SuprDewd/Desktop/Projects/Forritun/SharpBag/SharpBag.Tests01/bin/Release/SharpBag.Tests.DLL" adapterTypeName="Microsoft.VisualStudio.TestTools.TestTypes.Unit.UnitTestAdapter, Microsoft.VisualStudio.QualityTools.Tips.UnitTest.Adapter, Version=10.0.0.0, Culture=neutral, PublicKeyToken=b03f5f7f11d50a3a" className="SharpBag.ExtensionsTest, SharpBag.Tests, Version=0.0.0.0, Culture=neutral, PublicKeyToken=null" name="As0163241" />
    </UnitTest>
    <UnitTest name="As0163219" storage="c:\users\suprdewd\desktop\projects\forritun\sharpbag\sharpbag.tests01\bin\release\sharpbag.tests.dll" id="40b13692-f736-7aca-afa5-678a24ba3ffc">
      <Execution id="c3b9c794-aff2-46cc-9274-07cbfb8104e9" />
      <TestMethod codeBase="C:/Users/SuprDewd/Desktop/Projects/Forritun/SharpBag/SharpBag.Tests01/bin/Release/SharpBag.Tests.DLL" adapterTypeName="Microsoft.VisualStudio.TestTools.TestTypes.Unit.UnitTestAdapter, Microsoft.VisualStudio.QualityTools.Tips.UnitTest.Adapter, Version=10.0.0.0, Culture=neutral, PublicKeyToken=b03f5f7f11d50a3a" className="SharpBag.ExtensionsTest, SharpBag.Tests, Version=0.0.0.0, Culture=neutral, PublicKeyToken=null" name="As0163219" />
    </UnitTest>
    <UnitTest name="As6" storage="c:\users\suprdewd\desktop\projects\forritun\sharpbag\sharpbag.tests01\bin\release\sharpbag.tests.dll" id="9d4922e1-95bb-cc07-dd59-02aa21bc0c9d">
      <Execution id="604a81bc-2ea3-4f58-8b52-d6dd743b1867" />
      <TestMethod codeBase="C:/Users/SuprDewd/Desktop/Projects/Forritun/SharpBag/SharpBag.Tests01/bin/Release/SharpBag.Tests.DLL" adapterTypeName="Microsoft.VisualStudio.TestTools.TestTypes.Unit.UnitTestAdapter, Microsoft.VisualStudio.QualityTools.Tips.UnitTest.Adapter, Version=10.0.0.0, Culture=neutral, PublicKeyToken=b03f5f7f11d50a3a" className="SharpBag.ExtensionsTest, SharpBag.Tests, Version=0.0.0.0, Culture=neutral, PublicKeyToken=null" name="As6" />
    </UnitTest>
    <UnitTest name="UnionAllThrowsContractException498" storage="c:\users\suprdewd\desktop\projects\forritun\sharpbag\sharpbag.tests01\bin\release\sharpbag.tests.dll" id="0c6370f1-3a15-0de1-18cb-8da30dd57ee7">
      <Execution id="db2e2626-5778-4b77-a4bf-ad70f3dfe82a" />
      <TestMethod codeBase="C:/Users/SuprDewd/Desktop/Projects/Forritun/SharpBag/SharpBag.Tests01/bin/Release/SharpBag.Tests.DLL" adapterTypeName="Microsoft.VisualStudio.TestTools.TestTypes.Unit.UnitTestAdapter, Microsoft.VisualStudio.QualityTools.Tips.UnitTest.Adapter, Version=10.0.0.0, Culture=neutral, PublicKeyToken=b03f5f7f11d50a3a" className="SharpBag.ExtensionsTest, SharpBag.Tests, Version=0.0.0.0, Culture=neutral, PublicKeyToken=null" name="UnionAllThrowsContractException498" />
    </UnitTest>
    <UnitTest name="As170" storage="c:\users\suprdewd\desktop\projects\forritun\sharpbag\sharpbag.tests01\bin\release\sharpbag.tests.dll" id="0e645c38-e73b-967d-e94f-74a8d38a05b3">
      <Execution id="338a2d17-6459-4a3b-b233-5e1293b14b8c" />
      <TestMethod codeBase="C:/Users/SuprDewd/Desktop/Projects/Forritun/SharpBag/SharpBag.Tests01/bin/Release/SharpBag.Tests.DLL" adapterTypeName="Microsoft.VisualStudio.TestTools.TestTypes.Unit.UnitTestAdapter, Microsoft.VisualStudio.QualityTools.Tips.UnitTest.Adapter, Version=10.0.0.0, Culture=neutral, PublicKeyToken=b03f5f7f11d50a3a" className="SharpBag.ExtensionsTest, SharpBag.Tests, Version=0.0.0.0, Culture=neutral, PublicKeyToken=null" name="As170" />
    </UnitTest>
    <UnitTest name="As0166001" storage="c:\users\suprdewd\desktop\projects\forritun\sharpbag\sharpbag.tests01\bin\release\sharpbag.tests.dll" id="4a5ccd91-8853-f0cc-c6d0-af1603a36ab2">
      <Execution id="392ebe95-b6c7-4335-a54c-a2b8c87adba7" />
      <TestMethod codeBase="C:/Users/SuprDewd/Desktop/Projects/Forritun/SharpBag/SharpBag.Tests01/bin/Release/SharpBag.Tests.DLL" adapterTypeName="Microsoft.VisualStudio.TestTools.TestTypes.Unit.UnitTestAdapter, Microsoft.VisualStudio.QualityTools.Tips.UnitTest.Adapter, Version=10.0.0.0, Culture=neutral, PublicKeyToken=b03f5f7f11d50a3a" className="SharpBag.ExtensionsTest, SharpBag.Tests, Version=0.0.0.0, Culture=neutral, PublicKeyToken=null" name="As0166001" />
    </UnitTest>
    <UnitTest name="Add88501" storage="c:\users\suprdewd\desktop\projects\forritun\sharpbag\sharpbag.tests01\bin\release\sharpbag.tests.dll" id="8795f817-2bb9-9d00-f981-a3a8a2b7335e">
      <Execution id="756fcb12-6fe0-4dfc-ab70-bc4ea05dfc8c" />
      <TestMethod codeBase="C:/Users/SuprDewd/Desktop/Projects/Forritun/SharpBag/SharpBag.Tests01/bin/Release/SharpBag.Tests.DLL" adapterTypeName="Microsoft.VisualStudio.TestTools.TestTypes.Unit.UnitTestAdapter, Microsoft.VisualStudio.QualityTools.Tips.UnitTest.Adapter, Version=10.0.0.0, Culture=neutral, PublicKeyToken=b03f5f7f11d50a3a" className="SharpBag.ExtensionsTest, SharpBag.Tests, Version=0.0.0.0, Culture=neutral, PublicKeyToken=null" name="Add88501" />
    </UnitTest>
    <UnitTest name="AsEnumerable0258802" storage="c:\users\suprdewd\desktop\projects\forritun\sharpbag\sharpbag.tests01\bin\release\sharpbag.tests.dll" id="80c446f8-daa9-dd90-7ba0-f56b79877aec">
      <Execution id="ead9868f-ded7-4448-af83-47b169b6b773" />
      <TestMethod codeBase="C:/Users/SuprDewd/Desktop/Projects/Forritun/SharpBag/SharpBag.Tests01/bin/Release/SharpBag.Tests.DLL" adapterTypeName="Microsoft.VisualStudio.TestTools.TestTypes.Unit.UnitTestAdapter, Microsoft.VisualStudio.QualityTools.Tips.UnitTest.Adapter, Version=10.0.0.0, Culture=neutral, PublicKeyToken=b03f5f7f11d50a3a" className="SharpBag.ExtensionsTest, SharpBag.Tests, Version=0.0.0.0, Culture=neutral, PublicKeyToken=null" name="AsEnumerable0258802" />
    </UnitTest>
    <UnitTest name="Times25801" storage="c:\users\suprdewd\desktop\projects\forritun\sharpbag\sharpbag.tests01\bin\release\sharpbag.tests.dll" id="54dfb2f2-edab-6914-c734-746381ef028e">
      <Execution id="a7a5e2d5-9e23-499b-822e-543abdec4ddb" />
      <TestMethod codeBase="C:/Users/SuprDewd/Desktop/Projects/Forritun/SharpBag/SharpBag.Tests01/bin/Release/SharpBag.Tests.DLL" adapterTypeName="Microsoft.VisualStudio.TestTools.TestTypes.Unit.UnitTestAdapter, Microsoft.VisualStudio.QualityTools.Tips.UnitTest.Adapter, Version=10.0.0.0, Culture=neutral, PublicKeyToken=b03f5f7f11d50a3a" className="SharpBag.ExtensionsTest, SharpBag.Tests, Version=0.0.0.0, Culture=neutral, PublicKeyToken=null" name="Times25801" />
    </UnitTest>
    <UnitTest name="As0163217" storage="c:\users\suprdewd\desktop\projects\forritun\sharpbag\sharpbag.tests01\bin\release\sharpbag.tests.dll" id="e966bfbe-0422-eb75-f093-b800f9c629b7">
      <Execution id="41e92161-7676-4025-91c0-dcad1022f14d" />
      <TestMethod codeBase="C:/Users/SuprDewd/Desktop/Projects/Forritun/SharpBag/SharpBag.Tests01/bin/Release/SharpBag.Tests.DLL" adapterTypeName="Microsoft.VisualStudio.TestTools.TestTypes.Unit.UnitTestAdapter, Microsoft.VisualStudio.QualityTools.Tips.UnitTest.Adapter, Version=10.0.0.0, Culture=neutral, PublicKeyToken=b03f5f7f11d50a3a" className="SharpBag.ExtensionsTest, SharpBag.Tests, Version=0.0.0.0, Culture=neutral, PublicKeyToken=null" name="As0163217" />
    </UnitTest>
    <UnitTest name="As0163218" storage="c:\users\suprdewd\desktop\projects\forritun\sharpbag\sharpbag.tests01\bin\release\sharpbag.tests.dll" id="3403c50d-2a71-9a27-1ea8-652ff438ba45">
      <Execution id="f9d266d8-67cb-4935-b1f0-0559fae39b75" />
      <TestMethod codeBase="C:/Users/SuprDewd/Desktop/Projects/Forritun/SharpBag/SharpBag.Tests01/bin/Release/SharpBag.Tests.DLL" adapterTypeName="Microsoft.VisualStudio.TestTools.TestTypes.Unit.UnitTestAdapter, Microsoft.VisualStudio.QualityTools.Tips.UnitTest.Adapter, Version=10.0.0.0, Culture=neutral, PublicKeyToken=b03f5f7f11d50a3a" className="SharpBag.ExtensionsTest, SharpBag.Tests, Version=0.0.0.0, Culture=neutral, PublicKeyToken=null" name="As0163218" />
    </UnitTest>
    <UnitTest name="As0163215" storage="c:\users\suprdewd\desktop\projects\forritun\sharpbag\sharpbag.tests01\bin\release\sharpbag.tests.dll" id="b70d24a9-e4cc-d879-39c7-bc30de9e70ab">
      <Execution id="f0279cde-fc49-460e-9b7e-73d7c8897e8c" />
      <TestMethod codeBase="C:/Users/SuprDewd/Desktop/Projects/Forritun/SharpBag/SharpBag.Tests01/bin/Release/SharpBag.Tests.DLL" adapterTypeName="Microsoft.VisualStudio.TestTools.TestTypes.Unit.UnitTestAdapter, Microsoft.VisualStudio.QualityTools.Tips.UnitTest.Adapter, Version=10.0.0.0, Culture=neutral, PublicKeyToken=b03f5f7f11d50a3a" className="SharpBag.ExtensionsTest, SharpBag.Tests, Version=0.0.0.0, Culture=neutral, PublicKeyToken=null" name="As0163215" />
    </UnitTest>
    <UnitTest name="As0132107" storage="c:\users\suprdewd\desktop\projects\forritun\sharpbag\sharpbag.tests01\bin\release\sharpbag.tests.dll" id="850912a6-5065-5531-7451-3014a79cee54">
      <Execution id="3cfd3f0d-302e-4e58-a720-6fe5307a1d54" />
      <TestMethod codeBase="C:/Users/SuprDewd/Desktop/Projects/Forritun/SharpBag/SharpBag.Tests01/bin/Release/SharpBag.Tests.DLL" adapterTypeName="Microsoft.VisualStudio.TestTools.TestTypes.Unit.UnitTestAdapter, Microsoft.VisualStudio.QualityTools.Tips.UnitTest.Adapter, Version=10.0.0.0, Culture=neutral, PublicKeyToken=b03f5f7f11d50a3a" className="SharpBag.ExtensionsTest, SharpBag.Tests, Version=0.0.0.0, Culture=neutral, PublicKeyToken=null" name="As0132107" />
    </UnitTest>
    <UnitTest name="Fill0110503" storage="c:\users\suprdewd\desktop\projects\forritun\sharpbag\sharpbag.tests01\bin\release\sharpbag.tests.dll" id="2f965438-892b-963f-1d2d-a0dc16402531">
      <Execution id="05ca10bf-ced0-43ff-b259-835838ce762b" />
      <TestMethod codeBase="C:/Users/SuprDewd/Desktop/Projects/Forritun/SharpBag/SharpBag.Tests01/bin/Release/SharpBag.Tests.DLL" adapterTypeName="Microsoft.VisualStudio.TestTools.TestTypes.Unit.UnitTestAdapter, Microsoft.VisualStudio.QualityTools.Tips.UnitTest.Adapter, Version=10.0.0.0, Culture=neutral, PublicKeyToken=b03f5f7f11d50a3a" className="SharpBag.ExtensionsTest, SharpBag.Tests, Version=0.0.0.0, Culture=neutral, PublicKeyToken=null" name="Fill0110503" />
    </UnitTest>
    <UnitTest name="To0482501" storage="c:\users\suprdewd\desktop\projects\forritun\sharpbag\sharpbag.tests01\bin\release\sharpbag.tests.dll" id="86a0d6ba-240b-81ef-7612-a91dd0bac5dd">
      <Execution id="fe14a3eb-7030-4ded-99a3-b55d4de44059" />
      <TestMethod codeBase="C:/Users/SuprDewd/Desktop/Projects/Forritun/SharpBag/SharpBag.Tests01/bin/Release/SharpBag.Tests.DLL" adapterTypeName="Microsoft.VisualStudio.TestTools.TestTypes.Unit.UnitTestAdapter, Microsoft.VisualStudio.QualityTools.Tips.UnitTest.Adapter, Version=10.0.0.0, Culture=neutral, PublicKeyToken=b03f5f7f11d50a3a" className="SharpBag.ExtensionsTest, SharpBag.Tests, Version=0.0.0.0, Culture=neutral, PublicKeyToken=null" name="To0482501" />
    </UnitTest>
    <UnitTest name="As01402" storage="c:\users\suprdewd\desktop\projects\forritun\sharpbag\sharpbag.tests01\bin\release\sharpbag.tests.dll" id="7ba074f7-37b4-86ab-f897-639c59c7afb2">
      <Execution id="d7faa4cc-297f-4f95-856a-2aa6024fc271" />
      <TestMethod codeBase="C:/Users/SuprDewd/Desktop/Projects/Forritun/SharpBag/SharpBag.Tests01/bin/Release/SharpBag.Tests.DLL" adapterTypeName="Microsoft.VisualStudio.TestTools.TestTypes.Unit.UnitTestAdapter, Microsoft.VisualStudio.QualityTools.Tips.UnitTest.Adapter, Version=10.0.0.0, Culture=neutral, PublicKeyToken=b03f5f7f11d50a3a" className="SharpBag.ExtensionsTest, SharpBag.Tests, Version=0.0.0.0, Culture=neutral, PublicKeyToken=null" name="As01402" />
    </UnitTest>
    <UnitTest name="Fill0110502" storage="c:\users\suprdewd\desktop\projects\forritun\sharpbag\sharpbag.tests01\bin\release\sharpbag.tests.dll" id="8449ab5e-c7c8-6deb-cb03-833888a032c6">
      <Execution id="d8e44159-3bbf-47c2-a387-c06291f67c7b" />
      <TestMethod codeBase="C:/Users/SuprDewd/Desktop/Projects/Forritun/SharpBag/SharpBag.Tests01/bin/Release/SharpBag.Tests.DLL" adapterTypeName="Microsoft.VisualStudio.TestTools.TestTypes.Unit.UnitTestAdapter, Microsoft.VisualStudio.QualityTools.Tips.UnitTest.Adapter, Version=10.0.0.0, Culture=neutral, PublicKeyToken=b03f5f7f11d50a3a" className="SharpBag.ExtensionsTest, SharpBag.Tests, Version=0.0.0.0, Culture=neutral, PublicKeyToken=null" name="Fill0110502" />
    </UnitTest>
    <UnitTest name="AsEnumerable02ThrowsContractException18" storage="c:\users\suprdewd\desktop\projects\forritun\sharpbag\sharpbag.tests01\bin\release\sharpbag.tests.dll" id="7a7d56e7-b4b7-3226-df1d-44471276e993">
      <Execution id="7ca8b1e3-1082-43da-baec-77899a07b51c" />
      <TestMethod codeBase="C:/Users/SuprDewd/Desktop/Projects/Forritun/SharpBag/SharpBag.Tests01/bin/Release/SharpBag.Tests.DLL" adapterTypeName="Microsoft.VisualStudio.TestTools.TestTypes.Unit.UnitTestAdapter, Microsoft.VisualStudio.QualityTools.Tips.UnitTest.Adapter, Version=10.0.0.0, Culture=neutral, PublicKeyToken=b03f5f7f11d50a3a" className="SharpBag.ExtensionsTest, SharpBag.Tests, Version=0.0.0.0, Culture=neutral, PublicKeyToken=null" name="AsEnumerable02ThrowsContractException18" />
    </UnitTest>
    <UnitTest name="As0163224" storage="c:\users\suprdewd\desktop\projects\forritun\sharpbag\sharpbag.tests01\bin\release\sharpbag.tests.dll" id="389db5b6-ab96-a436-4af4-f75359c85bc2">
      <Execution id="a6d41a5b-7c4b-47fe-8829-90cc8a752499" />
      <TestMethod codeBase="C:/Users/SuprDewd/Desktop/Projects/Forritun/SharpBag/SharpBag.Tests01/bin/Release/SharpBag.Tests.DLL" adapterTypeName="Microsoft.VisualStudio.TestTools.TestTypes.Unit.UnitTestAdapter, Microsoft.VisualStudio.QualityTools.Tips.UnitTest.Adapter, Version=10.0.0.0, Culture=neutral, PublicKeyToken=b03f5f7f11d50a3a" className="SharpBag.ExtensionsTest, SharpBag.Tests, Version=0.0.0.0, Culture=neutral, PublicKeyToken=null" name="As0163224" />
    </UnitTest>
    <UnitTest name="As0163226" storage="c:\users\suprdewd\desktop\projects\forritun\sharpbag\sharpbag.tests01\bin\release\sharpbag.tests.dll" id="be772578-3bd6-fe1e-69ad-baa513f62b0b">
      <Execution id="8038f652-73d5-4e69-b997-0bab510406ba" />
      <TestMethod codeBase="C:/Users/SuprDewd/Desktop/Projects/Forritun/SharpBag/SharpBag.Tests01/bin/Release/SharpBag.Tests.DLL" adapterTypeName="Microsoft.VisualStudio.TestTools.TestTypes.Unit.UnitTestAdapter, Microsoft.VisualStudio.QualityTools.Tips.UnitTest.Adapter, Version=10.0.0.0, Culture=neutral, PublicKeyToken=b03f5f7f11d50a3a" className="SharpBag.ExtensionsTest, SharpBag.Tests, Version=0.0.0.0, Culture=neutral, PublicKeyToken=null" name="As0163226" />
    </UnitTest>
    <UnitTest name="GetByPercentThrowsContractException340" storage="c:\users\suprdewd\desktop\projects\forritun\sharpbag\sharpbag.tests01\bin\release\sharpbag.tests.dll" id="7d40dea1-9f04-830e-f671-256b02c3b5cf">
      <Execution id="639d8fe5-307f-4850-bbc8-b32fa61ee938" />
      <TestMethod codeBase="C:/Users/SuprDewd/Desktop/Projects/Forritun/SharpBag/SharpBag.Tests01/bin/Release/SharpBag.Tests.DLL" adapterTypeName="Microsoft.VisualStudio.TestTools.TestTypes.Unit.UnitTestAdapter, Microsoft.VisualStudio.QualityTools.Tips.UnitTest.Adapter, Version=10.0.0.0, Culture=neutral, PublicKeyToken=b03f5f7f11d50a3a" className="SharpBag.ExtensionsTest, SharpBag.Tests, Version=0.0.0.0, Culture=neutral, PublicKeyToken=null" name="GetByPercentThrowsContractException340" />
    </UnitTest>
    <UnitTest name="As0163232" storage="c:\users\suprdewd\desktop\projects\forritun\sharpbag\sharpbag.tests01\bin\release\sharpbag.tests.dll" id="0e90738b-70d8-2788-4a26-d16c8666f6ca">
      <Execution id="b010d69b-856a-48df-a968-03e94d26045a" />
      <TestMethod codeBase="C:/Users/SuprDewd/Desktop/Projects/Forritun/SharpBag/SharpBag.Tests01/bin/Release/SharpBag.Tests.DLL" adapterTypeName="Microsoft.VisualStudio.TestTools.TestTypes.Unit.UnitTestAdapter, Microsoft.VisualStudio.QualityTools.Tips.UnitTest.Adapter, Version=10.0.0.0, Culture=neutral, PublicKeyToken=b03f5f7f11d50a3a" className="SharpBag.ExtensionsTest, SharpBag.Tests, Version=0.0.0.0, Culture=neutral, PublicKeyToken=null" name="As0163232" />
    </UnitTest>
    <UnitTest name="As0163238" storage="c:\users\suprdewd\desktop\projects\forritun\sharpbag\sharpbag.tests01\bin\release\sharpbag.tests.dll" id="a56170ce-b399-e27e-e213-58e00eb4c436">
      <Execution id="4fa04587-a474-4d01-95dc-ed3fc201b95b" />
      <TestMethod codeBase="C:/Users/SuprDewd/Desktop/Projects/Forritun/SharpBag/SharpBag.Tests01/bin/Release/SharpBag.Tests.DLL" adapterTypeName="Microsoft.VisualStudio.TestTools.TestTypes.Unit.UnitTestAdapter, Microsoft.VisualStudio.QualityTools.Tips.UnitTest.Adapter, Version=10.0.0.0, Culture=neutral, PublicKeyToken=b03f5f7f11d50a3a" className="SharpBag.ExtensionsTest, SharpBag.Tests, Version=0.0.0.0, Culture=neutral, PublicKeyToken=null" name="As0163238" />
    </UnitTest>
    <UnitTest name="Fill01ThrowsContractException279" storage="c:\users\suprdewd\desktop\projects\forritun\sharpbag\sharpbag.tests01\bin\release\sharpbag.tests.dll" id="1c9baf40-1112-7f41-3f0f-adc161687f04">
      <Execution id="1efebee5-f456-448c-bb52-502d43916e27" />
      <TestMethod codeBase="C:/Users/SuprDewd/Desktop/Projects/Forritun/SharpBag/SharpBag.Tests01/bin/Release/SharpBag.Tests.DLL" adapterTypeName="Microsoft.VisualStudio.TestTools.TestTypes.Unit.UnitTestAdapter, Microsoft.VisualStudio.QualityTools.Tips.UnitTest.Adapter, Version=10.0.0.0, Culture=neutral, PublicKeyToken=b03f5f7f11d50a3a" className="SharpBag.ExtensionsTest, SharpBag.Tests, Version=0.0.0.0, Culture=neutral, PublicKeyToken=null" name="Fill01ThrowsContractException279" />
    </UnitTest>
    <UnitTest name="Fill0168801" storage="c:\users\suprdewd\desktop\projects\forritun\sharpbag\sharpbag.tests01\bin\release\sharpbag.tests.dll" id="bdf76499-e0f6-3d7b-4432-982ba6c3b223">
      <Execution id="8ed0c2af-3a63-4c79-b2aa-43558e533952" />
      <TestMethod codeBase="C:/Users/SuprDewd/Desktop/Projects/Forritun/SharpBag/SharpBag.Tests01/bin/Release/SharpBag.Tests.DLL" adapterTypeName="Microsoft.VisualStudio.TestTools.TestTypes.Unit.UnitTestAdapter, Microsoft.VisualStudio.QualityTools.Tips.UnitTest.Adapter, Version=10.0.0.0, Culture=neutral, PublicKeyToken=b03f5f7f11d50a3a" className="SharpBag.ExtensionsTest, SharpBag.Tests, Version=0.0.0.0, Culture=neutral, PublicKeyToken=null" name="Fill0168801" />
    </UnitTest>
    <UnitTest name="UnionAllThrowsContractException888" storage="c:\users\suprdewd\desktop\projects\forritun\sharpbag\sharpbag.tests01\bin\release\sharpbag.tests.dll" id="2fd85783-fc83-f96f-d9bf-a6bcc5a252f1">
      <Execution id="575a503d-8989-4971-8f08-65bf05869bf9" />
      <TestMethod codeBase="C:/Users/SuprDewd/Desktop/Projects/Forritun/SharpBag/SharpBag.Tests01/bin/Release/SharpBag.Tests.DLL" adapterTypeName="Microsoft.VisualStudio.TestTools.TestTypes.Unit.UnitTestAdapter, Microsoft.VisualStudio.QualityTools.Tips.UnitTest.Adapter, Version=10.0.0.0, Culture=neutral, PublicKeyToken=b03f5f7f11d50a3a" className="SharpBag.ExtensionsTest, SharpBag.Tests, Version=0.0.0.0, Culture=neutral, PublicKeyToken=null" name="UnionAllThrowsContractException888" />
    </UnitTest>
    <UnitTest name="IsIn01ThrowsContractException380" storage="c:\users\suprdewd\desktop\projects\forritun\sharpbag\sharpbag.tests01\bin\release\sharpbag.tests.dll" id="5755d2a8-1978-f19d-e7bc-79a3772bf830">
      <Execution id="e899fbc5-efaf-4ef3-ba6b-88ddcf785e6d" />
      <TestMethod codeBase="C:/Users/SuprDewd/Desktop/Projects/Forritun/SharpBag/SharpBag.Tests01/bin/Release/SharpBag.Tests.DLL" adapterTypeName="Microsoft.VisualStudio.TestTools.TestTypes.Unit.UnitTestAdapter, Microsoft.VisualStudio.QualityTools.Tips.UnitTest.Adapter, Version=10.0.0.0, Culture=neutral, PublicKeyToken=b03f5f7f11d50a3a" className="SharpBag.ExtensionsTest, SharpBag.Tests, Version=0.0.0.0, Culture=neutral, PublicKeyToken=null" name="IsIn01ThrowsContractException380" />
    </UnitTest>
    <UnitTest name="AsEnumerable0128302" storage="c:\users\suprdewd\desktop\projects\forritun\sharpbag\sharpbag.tests01\bin\release\sharpbag.tests.dll" id="39820720-af85-1690-8f39-546deff2b7b4">
      <Execution id="10bcbbb7-5992-439a-b03b-b7e90f33557c" />
      <TestMethod codeBase="C:/Users/SuprDewd/Desktop/Projects/Forritun/SharpBag/SharpBag.Tests01/bin/Release/SharpBag.Tests.DLL" adapterTypeName="Microsoft.VisualStudio.TestTools.TestTypes.Unit.UnitTestAdapter, Microsoft.VisualStudio.QualityTools.Tips.UnitTest.Adapter, Version=10.0.0.0, Culture=neutral, PublicKeyToken=b03f5f7f11d50a3a" className="SharpBag.ExtensionsTest, SharpBag.Tests, Version=0.0.0.0, Culture=neutral, PublicKeyToken=null" name="AsEnumerable0128302" />
    </UnitTest>
    <UnitTest name="To72301" storage="c:\users\suprdewd\desktop\projects\forritun\sharpbag\sharpbag.tests01\bin\release\sharpbag.tests.dll" id="db3b6314-b1da-7626-0e4e-61abbddac9d6">
      <Execution id="30dce632-9fb5-4a44-9a80-56dc3da0f06d" />
      <TestMethod codeBase="C:/Users/SuprDewd/Desktop/Projects/Forritun/SharpBag/SharpBag.Tests01/bin/Release/SharpBag.Tests.DLL" adapterTypeName="Microsoft.VisualStudio.TestTools.TestTypes.Unit.UnitTestAdapter, Microsoft.VisualStudio.QualityTools.Tips.UnitTest.Adapter, Version=10.0.0.0, Culture=neutral, PublicKeyToken=b03f5f7f11d50a3a" className="SharpBag.ExtensionsTest, SharpBag.Tests, Version=0.0.0.0, Culture=neutral, PublicKeyToken=null" name="To72301" />
    </UnitTest>
    <UnitTest name="As0136701" storage="c:\users\suprdewd\desktop\projects\forritun\sharpbag\sharpbag.tests01\bin\release\sharpbag.tests.dll" id="de06015f-869e-46b8-4b51-8c7b049b2b96">
      <Execution id="e81ab911-9c84-4fdd-87cc-7221b7d176d3" />
      <TestMethod codeBase="C:/Users/SuprDewd/Desktop/Projects/Forritun/SharpBag/SharpBag.Tests01/bin/Release/SharpBag.Tests.DLL" adapterTypeName="Microsoft.VisualStudio.TestTools.TestTypes.Unit.UnitTestAdapter, Microsoft.VisualStudio.QualityTools.Tips.UnitTest.Adapter, Version=10.0.0.0, Culture=neutral, PublicKeyToken=b03f5f7f11d50a3a" className="SharpBag.ExtensionsTest, SharpBag.Tests, Version=0.0.0.0, Culture=neutral, PublicKeyToken=null" name="As0136701" />
    </UnitTest>
    <UnitTest name="As21517" storage="c:\users\suprdewd\desktop\projects\forritun\sharpbag\sharpbag.tests01\bin\release\sharpbag.tests.dll" id="44ddd54b-7a43-e4f9-ebb3-b78badce4585">
      <Execution id="98c16f61-090f-48bb-8a00-f7735f91850a" />
      <TestMethod codeBase="C:/Users/SuprDewd/Desktop/Projects/Forritun/SharpBag/SharpBag.Tests01/bin/Release/SharpBag.Tests.DLL" adapterTypeName="Microsoft.VisualStudio.TestTools.TestTypes.Unit.UnitTestAdapter, Microsoft.VisualStudio.QualityTools.Tips.UnitTest.Adapter, Version=10.0.0.0, Culture=neutral, PublicKeyToken=b03f5f7f11d50a3a" className="SharpBag.ExtensionsTest, SharpBag.Tests, Version=0.0.0.0, Culture=neutral, PublicKeyToken=null" name="As21517" />
    </UnitTest>
    <UnitTest name="Fill0157101" storage="c:\users\suprdewd\desktop\projects\forritun\sharpbag\sharpbag.tests01\bin\release\sharpbag.tests.dll" id="b8e531ca-ec94-5331-cc83-d2332ab01f85">
      <Execution id="7c79463e-3bd6-4ab3-8ad5-93144eb3fd54" />
      <TestMethod codeBase="C:/Users/SuprDewd/Desktop/Projects/Forritun/SharpBag/SharpBag.Tests01/bin/Release/SharpBag.Tests.DLL" adapterTypeName="Microsoft.VisualStudio.TestTools.TestTypes.Unit.UnitTestAdapter, Microsoft.VisualStudio.QualityTools.Tips.UnitTest.Adapter, Version=10.0.0.0, Culture=neutral, PublicKeyToken=b03f5f7f11d50a3a" className="SharpBag.ExtensionsTest, SharpBag.Tests, Version=0.0.0.0, Culture=neutral, PublicKeyToken=null" name="Fill0157101" />
    </UnitTest>
    <UnitTest name="GetByPercent562" storage="c:\users\suprdewd\desktop\projects\forritun\sharpbag\sharpbag.tests01\bin\release\sharpbag.tests.dll" id="2e107be2-e3af-1a8b-fb4b-bdb5534db4b8">
      <Execution id="9be27d98-439c-4274-bd68-c836785c838f" />
      <TestMethod codeBase="C:/Users/SuprDewd/Desktop/Projects/Forritun/SharpBag/SharpBag.Tests01/bin/Release/SharpBag.Tests.DLL" adapterTypeName="Microsoft.VisualStudio.TestTools.TestTypes.Unit.UnitTestAdapter, Microsoft.VisualStudio.QualityTools.Tips.UnitTest.Adapter, Version=10.0.0.0, Culture=neutral, PublicKeyToken=b03f5f7f11d50a3a" className="SharpBag.ExtensionsTest, SharpBag.Tests, Version=0.0.0.0, Culture=neutral, PublicKeyToken=null" name="GetByPercent562" />
    </UnitTest>
    <UnitTest name="NullOr90703" storage="c:\users\suprdewd\desktop\projects\forritun\sharpbag\sharpbag.tests01\bin\release\sharpbag.tests.dll" id="97102229-37fa-e978-ffae-7fd4c7300f98">
      <Execution id="f3c6404f-e8a9-48f0-a7ec-42201150f39a" />
      <TestMethod codeBase="C:/Users/SuprDewd/Desktop/Projects/Forritun/SharpBag/SharpBag.Tests01/bin/Release/SharpBag.Tests.DLL" adapterTypeName="Microsoft.VisualStudio.TestTools.TestTypes.Unit.UnitTestAdapter, Microsoft.VisualStudio.QualityTools.Tips.UnitTest.Adapter, Version=10.0.0.0, Culture=neutral, PublicKeyToken=b03f5f7f11d50a3a" className="SharpBag.ExtensionsTest, SharpBag.Tests, Version=0.0.0.0, Culture=neutral, PublicKeyToken=null" name="NullOr90703" />
    </UnitTest>
    <UnitTest name="ToDictionaryThrowsContractException478" storage="c:\users\suprdewd\desktop\projects\forritun\sharpbag\sharpbag.tests01\bin\release\sharpbag.tests.dll" id="59990ab9-8064-95a7-969b-da2dc269c717">
      <Execution id="9cba5b25-df4c-45a4-9226-5ebe33c651e7" />
      <TestMethod codeBase="C:/Users/SuprDewd/Desktop/Projects/Forritun/SharpBag/SharpBag.Tests01/bin/Release/SharpBag.Tests.DLL" adapterTypeName="Microsoft.VisualStudio.TestTools.TestTypes.Unit.UnitTestAdapter, Microsoft.VisualStudio.QualityTools.Tips.UnitTest.Adapter, Version=10.0.0.0, Culture=neutral, PublicKeyToken=b03f5f7f11d50a3a" className="SharpBag.ExtensionsTest, SharpBag.Tests, Version=0.0.0.0, Culture=neutral, PublicKeyToken=null" name="ToDictionaryThrowsContractException478" />
    </UnitTest>
    <UnitTest name="AsEnumerable0314804" storage="c:\users\suprdewd\desktop\projects\forritun\sharpbag\sharpbag.tests01\bin\release\sharpbag.tests.dll" id="787c2aca-5007-7e56-5e10-28020b3be468">
      <Execution id="7c1e6c31-5156-49f1-b2f2-1ff1e1fa9d2b" />
      <TestMethod codeBase="C:/Users/SuprDewd/Desktop/Projects/Forritun/SharpBag/SharpBag.Tests01/bin/Release/SharpBag.Tests.DLL" adapterTypeName="Microsoft.VisualStudio.TestTools.TestTypes.Unit.UnitTestAdapter, Microsoft.VisualStudio.QualityTools.Tips.UnitTest.Adapter, Version=10.0.0.0, Culture=neutral, PublicKeyToken=b03f5f7f11d50a3a" className="SharpBag.ExtensionsTest, SharpBag.Tests, Version=0.0.0.0, Culture=neutral, PublicKeyToken=null" name="AsEnumerable0314804" />
    </UnitTest>
    <UnitTest name="As0166404" storage="c:\users\suprdewd\desktop\projects\forritun\sharpbag\sharpbag.tests01\bin\release\sharpbag.tests.dll" id="09abec53-bc8a-0db2-1ff6-28ad5ea0f559">
      <Execution id="1086d47b-6416-4df9-801e-0c02f96ed103" />
      <TestMethod codeBase="C:/Users/SuprDewd/Desktop/Projects/Forritun/SharpBag/SharpBag.Tests01/bin/Release/SharpBag.Tests.DLL" adapterTypeName="Microsoft.VisualStudio.TestTools.TestTypes.Unit.UnitTestAdapter, Microsoft.VisualStudio.QualityTools.Tips.UnitTest.Adapter, Version=10.0.0.0, Culture=neutral, PublicKeyToken=b03f5f7f11d50a3a" className="SharpBag.ExtensionsTest, SharpBag.Tests, Version=0.0.0.0, Culture=neutral, PublicKeyToken=null" name="As0166404" />
    </UnitTest>
    <UnitTest name="Add29601" storage="c:\users\suprdewd\desktop\projects\forritun\sharpbag\sharpbag.tests01\bin\release\sharpbag.tests.dll" id="29e140f3-0b7d-028a-f85f-e65d5e7a4460">
      <Execution id="2ee709c7-14e4-41ea-9c0e-1f1276976bb4" />
      <TestMethod codeBase="C:/Users/SuprDewd/Desktop/Projects/Forritun/SharpBag/SharpBag.Tests01/bin/Release/SharpBag.Tests.DLL" adapterTypeName="Microsoft.VisualStudio.TestTools.TestTypes.Unit.UnitTestAdapter, Microsoft.VisualStudio.QualityTools.Tips.UnitTest.Adapter, Version=10.0.0.0, Culture=neutral, PublicKeyToken=b03f5f7f11d50a3a" className="SharpBag.ExtensionsTest, SharpBag.Tests, Version=0.0.0.0, Culture=neutral, PublicKeyToken=null" name="Add29601" />
    </UnitTest>
    <UnitTest name="IterThrowsContractException917" storage="c:\users\suprdewd\desktop\projects\forritun\sharpbag\sharpbag.tests01\bin\release\sharpbag.tests.dll" id="02dbbd81-860f-9e6d-6bf0-d3b21164d681">
      <Execution id="32d5fa91-9b6a-406d-b76d-9288e3475372" />
      <TestMethod codeBase="C:/Users/SuprDewd/Desktop/Projects/Forritun/SharpBag/SharpBag.Tests01/bin/Release/SharpBag.Tests.DLL" adapterTypeName="Microsoft.VisualStudio.TestTools.TestTypes.Unit.UnitTestAdapter, Microsoft.VisualStudio.QualityTools.Tips.UnitTest.Adapter, Version=10.0.0.0, Culture=neutral, PublicKeyToken=b03f5f7f11d50a3a" className="SharpBag.ExtensionsTest, SharpBag.Tests, Version=0.0.0.0, Culture=neutral, PublicKeyToken=null" name="IterThrowsContractException917" />
    </UnitTest>
    <UnitTest name="If79" storage="c:\users\suprdewd\desktop\projects\forritun\sharpbag\sharpbag.tests01\bin\release\sharpbag.tests.dll" id="18234ca5-6af0-1355-5140-f92645f28e01">
      <Execution id="b7243cee-e455-448b-9ea2-7d071eb7247f" />
      <TestMethod codeBase="C:/Users/SuprDewd/Desktop/Projects/Forritun/SharpBag/SharpBag.Tests01/bin/Release/SharpBag.Tests.DLL" adapterTypeName="Microsoft.VisualStudio.TestTools.TestTypes.Unit.UnitTestAdapter, Microsoft.VisualStudio.QualityTools.Tips.UnitTest.Adapter, Version=10.0.0.0, Culture=neutral, PublicKeyToken=b03f5f7f11d50a3a" className="SharpBag.ExtensionsTest, SharpBag.Tests, Version=0.0.0.0, Culture=neutral, PublicKeyToken=null" name="If79" />
    </UnitTest>
    <UnitTest name="As0163242" storage="c:\users\suprdewd\desktop\projects\forritun\sharpbag\sharpbag.tests01\bin\release\sharpbag.tests.dll" id="5d663026-8403-d8b3-571f-dbc623bc2b0e">
      <Execution id="86a144dc-f3ce-48b2-a033-f5594d6b8046" />
      <TestMethod codeBase="C:/Users/SuprDewd/Desktop/Projects/Forritun/SharpBag/SharpBag.Tests01/bin/Release/SharpBag.Tests.DLL" adapterTypeName="Microsoft.VisualStudio.TestTools.TestTypes.Unit.UnitTestAdapter, Microsoft.VisualStudio.QualityTools.Tips.UnitTest.Adapter, Version=10.0.0.0, Culture=neutral, PublicKeyToken=b03f5f7f11d50a3a" className="SharpBag.ExtensionsTest, SharpBag.Tests, Version=0.0.0.0, Culture=neutral, PublicKeyToken=null" name="As0163242" />
    </UnitTest>
    <UnitTest name="AsEnumerable0258803" storage="c:\users\suprdewd\desktop\projects\forritun\sharpbag\sharpbag.tests01\bin\release\sharpbag.tests.dll" id="4f308a7f-5339-1197-c196-e8c2a3294cdb">
      <Execution id="1fa6a4e3-df60-41f3-ab39-0ab2112db99a" />
      <TestMethod codeBase="C:/Users/SuprDewd/Desktop/Projects/Forritun/SharpBag/SharpBag.Tests01/bin/Release/SharpBag.Tests.DLL" adapterTypeName="Microsoft.VisualStudio.TestTools.TestTypes.Unit.UnitTestAdapter, Microsoft.VisualStudio.QualityTools.Tips.UnitTest.Adapter, Version=10.0.0.0, Culture=neutral, PublicKeyToken=b03f5f7f11d50a3a" className="SharpBag.ExtensionsTest, SharpBag.Tests, Version=0.0.0.0, Culture=neutral, PublicKeyToken=null" name="AsEnumerable0258803" />
    </UnitTest>
    <UnitTest name="As0163211" storage="c:\users\suprdewd\desktop\projects\forritun\sharpbag\sharpbag.tests01\bin\release\sharpbag.tests.dll" id="7206ff03-56a7-ec6c-ffc0-c8679263faa3">
      <Execution id="a4a7142c-818b-4b22-b3cb-19b8959b220a" />
      <TestMethod codeBase="C:/Users/SuprDewd/Desktop/Projects/Forritun/SharpBag/SharpBag.Tests01/bin/Release/SharpBag.Tests.DLL" adapterTypeName="Microsoft.VisualStudio.TestTools.TestTypes.Unit.UnitTestAdapter, Microsoft.VisualStudio.QualityTools.Tips.UnitTest.Adapter, Version=10.0.0.0, Culture=neutral, PublicKeyToken=b03f5f7f11d50a3a" className="SharpBag.ExtensionsTest, SharpBag.Tests, Version=0.0.0.0, Culture=neutral, PublicKeyToken=null" name="As0163211" />
    </UnitTest>
    <UnitTest name="Fill0110501" storage="c:\users\suprdewd\desktop\projects\forritun\sharpbag\sharpbag.tests01\bin\release\sharpbag.tests.dll" id="19033310-a8dd-db0b-1dcd-2bf1bef510ca">
      <Execution id="4dfba726-9ba0-417b-af07-ad66858a4a38" />
      <TestMethod codeBase="C:/Users/SuprDewd/Desktop/Projects/Forritun/SharpBag/SharpBag.Tests01/bin/Release/SharpBag.Tests.DLL" adapterTypeName="Microsoft.VisualStudio.TestTools.TestTypes.Unit.UnitTestAdapter, Microsoft.VisualStudio.QualityTools.Tips.UnitTest.Adapter, Version=10.0.0.0, Culture=neutral, PublicKeyToken=b03f5f7f11d50a3a" className="SharpBag.ExtensionsTest, SharpBag.Tests, Version=0.0.0.0, Culture=neutral, PublicKeyToken=null" name="Fill0110501" />
    </UnitTest>
    <UnitTest name="As21508" storage="c:\users\suprdewd\desktop\projects\forritun\sharpbag\sharpbag.tests01\bin\release\sharpbag.tests.dll" id="f4f76af5-0d54-7bf8-8ba4-b32803d7a374">
      <Execution id="50dd2f2d-3944-43fc-a47b-106fda4a29c4" />
      <TestMethod codeBase="C:/Users/SuprDewd/Desktop/Projects/Forritun/SharpBag/SharpBag.Tests01/bin/Release/SharpBag.Tests.DLL" adapterTypeName="Microsoft.VisualStudio.TestTools.TestTypes.Unit.UnitTestAdapter, Microsoft.VisualStudio.QualityTools.Tips.UnitTest.Adapter, Version=10.0.0.0, Culture=neutral, PublicKeyToken=b03f5f7f11d50a3a" className="SharpBag.ExtensionsTest, SharpBag.Tests, Version=0.0.0.0, Culture=neutral, PublicKeyToken=null" name="As21508" />
    </UnitTest>
    <UnitTest name="As0163233" storage="c:\users\suprdewd\desktop\projects\forritun\sharpbag\sharpbag.tests01\bin\release\sharpbag.tests.dll" id="990a1706-3c38-5c79-dd26-6bf2a85de470">
      <Execution id="211c970a-2193-4ff7-b29a-d02358273898" />
      <TestMethod codeBase="C:/Users/SuprDewd/Desktop/Projects/Forritun/SharpBag/SharpBag.Tests01/bin/Release/SharpBag.Tests.DLL" adapterTypeName="Microsoft.VisualStudio.TestTools.TestTypes.Unit.UnitTestAdapter, Microsoft.VisualStudio.QualityTools.Tips.UnitTest.Adapter, Version=10.0.0.0, Culture=neutral, PublicKeyToken=b03f5f7f11d50a3a" className="SharpBag.ExtensionsTest, SharpBag.Tests, Version=0.0.0.0, Culture=neutral, PublicKeyToken=null" name="As0163233" />
    </UnitTest>
    <UnitTest name="IfNotNull17302" storage="c:\users\suprdewd\desktop\projects\forritun\sharpbag\sharpbag.tests01\bin\release\sharpbag.tests.dll" id="46ca0fd9-03e1-55e3-3ad7-b4625d8d07c0">
      <Execution id="4b963fd8-9da3-42a5-b547-8533cbbf31e0" />
      <TestMethod codeBase="C:/Users/SuprDewd/Desktop/Projects/Forritun/SharpBag/SharpBag.Tests01/bin/Release/SharpBag.Tests.DLL" adapterTypeName="Microsoft.VisualStudio.TestTools.TestTypes.Unit.UnitTestAdapter, Microsoft.VisualStudio.QualityTools.Tips.UnitTest.Adapter, Version=10.0.0.0, Culture=neutral, PublicKeyToken=b03f5f7f11d50a3a" className="SharpBag.ExtensionsTest, SharpBag.Tests, Version=0.0.0.0, Culture=neutral, PublicKeyToken=null" name="IfNotNull17302" />
    </UnitTest>
    <UnitTest name="As0198304" storage="c:\users\suprdewd\desktop\projects\forritun\sharpbag\sharpbag.tests01\bin\release\sharpbag.tests.dll" id="bbc45056-7304-0cf8-18ec-0f56b7abf591">
      <Execution id="bf903078-9de2-4da9-adfd-e2f067578557" />
      <TestMethod codeBase="C:/Users/SuprDewd/Desktop/Projects/Forritun/SharpBag/SharpBag.Tests01/bin/Release/SharpBag.Tests.DLL" adapterTypeName="Microsoft.VisualStudio.TestTools.TestTypes.Unit.UnitTestAdapter, Microsoft.VisualStudio.QualityTools.Tips.UnitTest.Adapter, Version=10.0.0.0, Culture=neutral, PublicKeyToken=b03f5f7f11d50a3a" className="SharpBag.ExtensionsTest, SharpBag.Tests, Version=0.0.0.0, Culture=neutral, PublicKeyToken=null" name="As0198304" />
    </UnitTest>
    <UnitTest name="ForEachThrowsContractException904" storage="c:\users\suprdewd\desktop\projects\forritun\sharpbag\sharpbag.tests01\bin\release\sharpbag.tests.dll" id="aef19ea6-eb47-a1be-032c-8930cda21d9c">
      <Execution id="ccafd9ca-04b2-4d7f-9811-79a3d0786a9f" />
      <TestMethod codeBase="C:/Users/SuprDewd/Desktop/Projects/Forritun/SharpBag/SharpBag.Tests01/bin/Release/SharpBag.Tests.DLL" adapterTypeName="Microsoft.VisualStudio.TestTools.TestTypes.Unit.UnitTestAdapter, Microsoft.VisualStudio.QualityTools.Tips.UnitTest.Adapter, Version=10.0.0.0, Culture=neutral, PublicKeyToken=b03f5f7f11d50a3a" className="SharpBag.ExtensionsTest, SharpBag.Tests, Version=0.0.0.0, Culture=neutral, PublicKeyToken=null" name="ForEachThrowsContractException904" />
    </UnitTest>
    <UnitTest name="As0130301" storage="c:\users\suprdewd\desktop\projects\forritun\sharpbag\sharpbag.tests01\bin\release\sharpbag.tests.dll" id="7a9b0937-239f-a7cc-e1fc-09bbc3508e89">
      <Execution id="e0440ec3-95fb-468e-a309-3399db26e944" />
      <TestMethod codeBase="C:/Users/SuprDewd/Desktop/Projects/Forritun/SharpBag/SharpBag.Tests01/bin/Release/SharpBag.Tests.DLL" adapterTypeName="Microsoft.VisualStudio.TestTools.TestTypes.Unit.UnitTestAdapter, Microsoft.VisualStudio.QualityTools.Tips.UnitTest.Adapter, Version=10.0.0.0, Culture=neutral, PublicKeyToken=b03f5f7f11d50a3a" className="SharpBag.ExtensionsTest, SharpBag.Tests, Version=0.0.0.0, Culture=neutral, PublicKeyToken=null" name="As0130301" />
    </UnitTest>
    <UnitTest name="IsIn01570" storage="c:\users\suprdewd\desktop\projects\forritun\sharpbag\sharpbag.tests01\bin\release\sharpbag.tests.dll" id="cdf50321-c0eb-ddc4-0179-2919c2028903">
      <Execution id="545f12ec-61d3-45ba-9eb5-62d3cf4bfeb6" />
      <TestMethod codeBase="C:/Users/SuprDewd/Desktop/Projects/Forritun/SharpBag/SharpBag.Tests01/bin/Release/SharpBag.Tests.DLL" adapterTypeName="Microsoft.VisualStudio.TestTools.TestTypes.Unit.UnitTestAdapter, Microsoft.VisualStudio.QualityTools.Tips.UnitTest.Adapter, Version=10.0.0.0, Culture=neutral, PublicKeyToken=b03f5f7f11d50a3a" className="SharpBag.ExtensionsTest, SharpBag.Tests, Version=0.0.0.0, Culture=neutral, PublicKeyToken=null" name="IsIn01570" />
    </UnitTest>
    <UnitTest name="Add29604" storage="c:\users\suprdewd\desktop\projects\forritun\sharpbag\sharpbag.tests01\bin\release\sharpbag.tests.dll" id="eeb34c89-a7df-f580-faa2-1b58190ee5be">
      <Execution id="c9d9a127-c628-409e-90de-d977e22d6c86" />
      <TestMethod codeBase="C:/Users/SuprDewd/Desktop/Projects/Forritun/SharpBag/SharpBag.Tests01/bin/Release/SharpBag.Tests.DLL" adapterTypeName="Microsoft.VisualStudio.TestTools.TestTypes.Unit.UnitTestAdapter, Microsoft.VisualStudio.QualityTools.Tips.UnitTest.Adapter, Version=10.0.0.0, Culture=neutral, PublicKeyToken=b03f5f7f11d50a3a" className="SharpBag.ExtensionsTest, SharpBag.Tests, Version=0.0.0.0, Culture=neutral, PublicKeyToken=null" name="Add29604" />
    </UnitTest>
    <UnitTest name="Add60902" storage="c:\users\suprdewd\desktop\projects\forritun\sharpbag\sharpbag.tests01\bin\release\sharpbag.tests.dll" id="22fb3f0c-8177-2102-3c97-5cd124eaf953">
      <Execution id="a5e93591-65c2-424c-8205-9833ab45c33e" />
      <TestMethod codeBase="C:/Users/SuprDewd/Desktop/Projects/Forritun/SharpBag/SharpBag.Tests01/bin/Release/SharpBag.Tests.DLL" adapterTypeName="Microsoft.VisualStudio.TestTools.TestTypes.Unit.UnitTestAdapter, Microsoft.VisualStudio.QualityTools.Tips.UnitTest.Adapter, Version=10.0.0.0, Culture=neutral, PublicKeyToken=b03f5f7f11d50a3a" className="SharpBag.ExtensionsTest, SharpBag.Tests, Version=0.0.0.0, Culture=neutral, PublicKeyToken=null" name="Add60902" />
    </UnitTest>
    <UnitTest name="AsEnumerable56002" storage="c:\users\suprdewd\desktop\projects\forritun\sharpbag\sharpbag.tests01\bin\release\sharpbag.tests.dll" id="ec99d1a9-4b49-a94f-134c-f58d11b57222">
      <Execution id="9247e48d-f965-4304-8e20-7470249c48eb" />
      <TestMethod codeBase="C:/Users/SuprDewd/Desktop/Projects/Forritun/SharpBag/SharpBag.Tests01/bin/Release/SharpBag.Tests.DLL" adapterTypeName="Microsoft.VisualStudio.TestTools.TestTypes.Unit.UnitTestAdapter, Microsoft.VisualStudio.QualityTools.Tips.UnitTest.Adapter, Version=10.0.0.0, Culture=neutral, PublicKeyToken=b03f5f7f11d50a3a" className="SharpBag.ExtensionsTest, SharpBag.Tests, Version=0.0.0.0, Culture=neutral, PublicKeyToken=null" name="AsEnumerable56002" />
    </UnitTest>
    <UnitTest name="TakeEveryThrowsContractException368" storage="c:\users\suprdewd\desktop\projects\forritun\sharpbag\sharpbag.tests01\bin\release\sharpbag.tests.dll" id="2ff38794-ad92-1998-3c20-e3ee775a8969">
      <Execution id="1b9c71d9-c50c-4ec1-87d6-c37629a82e5b" />
      <TestMethod codeBase="C:/Users/SuprDewd/Desktop/Projects/Forritun/SharpBag/SharpBag.Tests01/bin/Release/SharpBag.Tests.DLL" adapterTypeName="Microsoft.VisualStudio.TestTools.TestTypes.Unit.UnitTestAdapter, Microsoft.VisualStudio.QualityTools.Tips.UnitTest.Adapter, Version=10.0.0.0, Culture=neutral, PublicKeyToken=b03f5f7f11d50a3a" className="SharpBag.ExtensionsTest, SharpBag.Tests, Version=0.0.0.0, Culture=neutral, PublicKeyToken=null" name="TakeEveryThrowsContractException368" />
    </UnitTest>
    <UnitTest name="Iter96001" storage="c:\users\suprdewd\desktop\projects\forritun\sharpbag\sharpbag.tests01\bin\release\sharpbag.tests.dll" id="5f6c8af1-2825-3c27-b802-e1be0e1eeb12">
      <Execution id="bc6459fe-83d4-42b7-8609-9f0102cb1ed3" />
      <TestMethod codeBase="C:/Users/SuprDewd/Desktop/Projects/Forritun/SharpBag/SharpBag.Tests01/bin/Release/SharpBag.Tests.DLL" adapterTypeName="Microsoft.VisualStudio.TestTools.TestTypes.Unit.UnitTestAdapter, Microsoft.VisualStudio.QualityTools.Tips.UnitTest.Adapter, Version=10.0.0.0, Culture=neutral, PublicKeyToken=b03f5f7f11d50a3a" className="SharpBag.ExtensionsTest, SharpBag.Tests, Version=0.0.0.0, Culture=neutral, PublicKeyToken=null" name="Iter96001" />
    </UnitTest>
    <UnitTest name="FillThrowsContractException543" storage="c:\users\suprdewd\desktop\projects\forritun\sharpbag\sharpbag.tests01\bin\release\sharpbag.tests.dll" id="b037dab8-9f99-92da-4740-6e79cccc1e32">
      <Execution id="a3dac25a-a45b-4985-8274-9320f7c46656" />
      <TestMethod codeBase="C:/Users/SuprDewd/Desktop/Projects/Forritun/SharpBag/SharpBag.Tests01/bin/Release/SharpBag.Tests.DLL" adapterTypeName="Microsoft.VisualStudio.TestTools.TestTypes.Unit.UnitTestAdapter, Microsoft.VisualStudio.QualityTools.Tips.UnitTest.Adapter, Version=10.0.0.0, Culture=neutral, PublicKeyToken=b03f5f7f11d50a3a" className="SharpBag.ExtensionsTest, SharpBag.Tests, Version=0.0.0.0, Culture=neutral, PublicKeyToken=null" name="FillThrowsContractException543" />
    </UnitTest>
    <UnitTest name="Fill0157103" storage="c:\users\suprdewd\desktop\projects\forritun\sharpbag\sharpbag.tests01\bin\release\sharpbag.tests.dll" id="e77c7ab7-183b-1f93-57a3-77e0403bec4c">
      <Execution id="83d63573-2fa0-4d37-987a-c843399f82b1" />
      <TestMethod codeBase="C:/Users/SuprDewd/Desktop/Projects/Forritun/SharpBag/SharpBag.Tests01/bin/Release/SharpBag.Tests.DLL" adapterTypeName="Microsoft.VisualStudio.TestTools.TestTypes.Unit.UnitTestAdapter, Microsoft.VisualStudio.QualityTools.Tips.UnitTest.Adapter, Version=10.0.0.0, Culture=neutral, PublicKeyToken=b03f5f7f11d50a3a" className="SharpBag.ExtensionsTest, SharpBag.Tests, Version=0.0.0.0, Culture=neutral, PublicKeyToken=null" name="Fill0157103" />
    </UnitTest>
    <UnitTest name="NullOr71401" storage="c:\users\suprdewd\desktop\projects\forritun\sharpbag\sharpbag.tests01\bin\release\sharpbag.tests.dll" id="86c02588-b87f-32bd-880b-56b0d73c1993">
      <Execution id="2e2706af-13d5-4a66-8809-340303e63370" />
      <TestMethod codeBase="C:/Users/SuprDewd/Desktop/Projects/Forritun/SharpBag/SharpBag.Tests01/bin/Release/SharpBag.Tests.DLL" adapterTypeName="Microsoft.VisualStudio.TestTools.TestTypes.Unit.UnitTestAdapter, Microsoft.VisualStudio.QualityTools.Tips.UnitTest.Adapter, Version=10.0.0.0, Culture=neutral, PublicKeyToken=b03f5f7f11d50a3a" className="SharpBag.ExtensionsTest, SharpBag.Tests, Version=0.0.0.0, Culture=neutral, PublicKeyToken=null" name="NullOr71401" />
    </UnitTest>
    <UnitTest name="AsEnumerable01ThrowsContractException5" storage="c:\users\suprdewd\desktop\projects\forritun\sharpbag\sharpbag.tests01\bin\release\sharpbag.tests.dll" id="94c02084-a2f4-8ed3-b12d-a1ac0caf9379">
      <Execution id="7fd2f6b1-1db7-4a37-baea-cf745df62191" />
      <TestMethod codeBase="C:/Users/SuprDewd/Desktop/Projects/Forritun/SharpBag/SharpBag.Tests01/bin/Release/SharpBag.Tests.DLL" adapterTypeName="Microsoft.VisualStudio.TestTools.TestTypes.Unit.UnitTestAdapter, Microsoft.VisualStudio.QualityTools.Tips.UnitTest.Adapter, Version=10.0.0.0, Culture=neutral, PublicKeyToken=b03f5f7f11d50a3a" className="SharpBag.ExtensionsTest, SharpBag.Tests, Version=0.0.0.0, Culture=neutral, PublicKeyToken=null" name="AsEnumerable01ThrowsContractException5" />
    </UnitTest>
    <UnitTest name="UnionAll01ThrowsContractException68" storage="c:\users\suprdewd\desktop\projects\forritun\sharpbag\sharpbag.tests01\bin\release\sharpbag.tests.dll" id="cc8275a0-551e-d39e-ef08-c6785391cae1">
      <Execution id="e18641bf-69c7-4944-a5fd-9ee7a24eeeb8" />
      <TestMethod codeBase="C:/Users/SuprDewd/Desktop/Projects/Forritun/SharpBag/SharpBag.Tests01/bin/Release/SharpBag.Tests.DLL" adapterTypeName="Microsoft.VisualStudio.TestTools.TestTypes.Unit.UnitTestAdapter, Microsoft.VisualStudio.QualityTools.Tips.UnitTest.Adapter, Version=10.0.0.0, Culture=neutral, PublicKeyToken=b03f5f7f11d50a3a" className="SharpBag.ExtensionsTest, SharpBag.Tests, Version=0.0.0.0, Culture=neutral, PublicKeyToken=null" name="UnionAll01ThrowsContractException68" />
    </UnitTest>
    <UnitTest name="RangeThrowsContractException841" storage="c:\users\suprdewd\desktop\projects\forritun\sharpbag\sharpbag.tests01\bin\release\sharpbag.tests.dll" id="98f1539c-0085-97ac-e6d6-c700951efc19">
      <Execution id="a3e741c9-c19d-48af-b1a4-13d60ce1eebc" />
      <TestMethod codeBase="C:/Users/SuprDewd/Desktop/Projects/Forritun/SharpBag/SharpBag.Tests01/bin/Release/SharpBag.Tests.DLL" adapterTypeName="Microsoft.VisualStudio.TestTools.TestTypes.Unit.UnitTestAdapter, Microsoft.VisualStudio.QualityTools.Tips.UnitTest.Adapter, Version=10.0.0.0, Culture=neutral, PublicKeyToken=b03f5f7f11d50a3a" className="SharpBag.ExtensionsTest, SharpBag.Tests, Version=0.0.0.0, Culture=neutral, PublicKeyToken=null" name="RangeThrowsContractException841" />
    </UnitTest>
    <UnitTest name="As01404" storage="c:\users\suprdewd\desktop\projects\forritun\sharpbag\sharpbag.tests01\bin\release\sharpbag.tests.dll" id="40e83519-1225-601d-0c17-661b77e82314">
      <Execution id="111b7704-f5cf-47b2-af76-4ebda7692ab2" />
      <TestMethod codeBase="C:/Users/SuprDewd/Desktop/Projects/Forritun/SharpBag/SharpBag.Tests01/bin/Release/SharpBag.Tests.DLL" adapterTypeName="Microsoft.VisualStudio.TestTools.TestTypes.Unit.UnitTestAdapter, Microsoft.VisualStudio.QualityTools.Tips.UnitTest.Adapter, Version=10.0.0.0, Culture=neutral, PublicKeyToken=b03f5f7f11d50a3a" className="SharpBag.ExtensionsTest, SharpBag.Tests, Version=0.0.0.0, Culture=neutral, PublicKeyToken=null" name="As01404" />
    </UnitTest>
    <UnitTest name="As0163236" storage="c:\users\suprdewd\desktop\projects\forritun\sharpbag\sharpbag.tests01\bin\release\sharpbag.tests.dll" id="055e48df-0214-9f4b-ed2b-c5a320ca2c7d">
      <Execution id="99edc76d-8960-45b8-95c6-727c42ed3564" />
      <TestMethod codeBase="C:/Users/SuprDewd/Desktop/Projects/Forritun/SharpBag/SharpBag.Tests01/bin/Release/SharpBag.Tests.DLL" adapterTypeName="Microsoft.VisualStudio.TestTools.TestTypes.Unit.UnitTestAdapter, Microsoft.VisualStudio.QualityTools.Tips.UnitTest.Adapter, Version=10.0.0.0, Culture=neutral, PublicKeyToken=b03f5f7f11d50a3a" className="SharpBag.ExtensionsTest, SharpBag.Tests, Version=0.0.0.0, Culture=neutral, PublicKeyToken=null" name="As0163236" />
    </UnitTest>
    <UnitTest name="To0120301" storage="c:\users\suprdewd\desktop\projects\forritun\sharpbag\sharpbag.tests01\bin\release\sharpbag.tests.dll" id="d045283f-2980-ed70-af3d-611e9266ab64">
      <Execution id="bf670478-64db-4fc3-80f3-0cd1d2f9ae22" />
      <TestMethod codeBase="C:/Users/SuprDewd/Desktop/Projects/Forritun/SharpBag/SharpBag.Tests01/bin/Release/SharpBag.Tests.DLL" adapterTypeName="Microsoft.VisualStudio.TestTools.TestTypes.Unit.UnitTestAdapter, Microsoft.VisualStudio.QualityTools.Tips.UnitTest.Adapter, Version=10.0.0.0, Culture=neutral, PublicKeyToken=b03f5f7f11d50a3a" className="SharpBag.ExtensionsTest, SharpBag.Tests, Version=0.0.0.0, Culture=neutral, PublicKeyToken=null" name="To0120301" />
    </UnitTest>
    <UnitTest name="As0163209" storage="c:\users\suprdewd\desktop\projects\forritun\sharpbag\sharpbag.tests01\bin\release\sharpbag.tests.dll" id="31a904fb-b5e5-f95a-175a-584bb2addaff">
      <Execution id="71df28d1-e8e2-42ea-992b-a3c0bedd44bf" />
      <TestMethod codeBase="C:/Users/SuprDewd/Desktop/Projects/Forritun/SharpBag/SharpBag.Tests01/bin/Release/SharpBag.Tests.DLL" adapterTypeName="Microsoft.VisualStudio.TestTools.TestTypes.Unit.UnitTestAdapter, Microsoft.VisualStudio.QualityTools.Tips.UnitTest.Adapter, Version=10.0.0.0, Culture=neutral, PublicKeyToken=b03f5f7f11d50a3a" className="SharpBag.ExtensionsTest, SharpBag.Tests, Version=0.0.0.0, Culture=neutral, PublicKeyToken=null" name="As0163209" />
    </UnitTest>
    <UnitTest name="IfNotNull0159703" storage="c:\users\suprdewd\desktop\projects\forritun\sharpbag\sharpbag.tests01\bin\release\sharpbag.tests.dll" id="0e44207d-1ccf-04c5-6aef-2081653ff131">
      <Execution id="35a9eeb2-d884-4822-8068-2934b4d9aede" />
      <TestMethod codeBase="C:/Users/SuprDewd/Desktop/Projects/Forritun/SharpBag/SharpBag.Tests01/bin/Release/SharpBag.Tests.DLL" adapterTypeName="Microsoft.VisualStudio.TestTools.TestTypes.Unit.UnitTestAdapter, Microsoft.VisualStudio.QualityTools.Tips.UnitTest.Adapter, Version=10.0.0.0, Culture=neutral, PublicKeyToken=b03f5f7f11d50a3a" className="SharpBag.ExtensionsTest, SharpBag.Tests, Version=0.0.0.0, Culture=neutral, PublicKeyToken=null" name="IfNotNull0159703" />
    </UnitTest>
    <UnitTest name="IfNotNullThrowsContractException197" storage="c:\users\suprdewd\desktop\projects\forritun\sharpbag\sharpbag.tests01\bin\release\sharpbag.tests.dll" id="b67c54ae-5aad-e1cc-2b17-0ad544f3f701">
      <Execution id="fab60e37-bc48-4479-81ff-eccd6e7cac50" />
      <TestMethod codeBase="C:/Users/SuprDewd/Desktop/Projects/Forritun/SharpBag/SharpBag.Tests01/bin/Release/SharpBag.Tests.DLL" adapterTypeName="Microsoft.VisualStudio.TestTools.TestTypes.Unit.UnitTestAdapter, Microsoft.VisualStudio.QualityTools.Tips.UnitTest.Adapter, Version=10.0.0.0, Culture=neutral, PublicKeyToken=b03f5f7f11d50a3a" className="SharpBag.ExtensionsTest, SharpBag.Tests, Version=0.0.0.0, Culture=neutral, PublicKeyToken=null" name="IfNotNullThrowsContractException197" />
    </UnitTest>
    <UnitTest name="AsEnumerable0314801" storage="c:\users\suprdewd\desktop\projects\forritun\sharpbag\sharpbag.tests01\bin\release\sharpbag.tests.dll" id="73dedb08-3777-9f76-6412-b3470bb8b574">
      <Execution id="d65c1638-2c8e-4d2c-ae2b-a0b9f4d1edde" />
      <TestMethod codeBase="C:/Users/SuprDewd/Desktop/Projects/Forritun/SharpBag/SharpBag.Tests01/bin/Release/SharpBag.Tests.DLL" adapterTypeName="Microsoft.VisualStudio.TestTools.TestTypes.Unit.UnitTestAdapter, Microsoft.VisualStudio.QualityTools.Tips.UnitTest.Adapter, Version=10.0.0.0, Culture=neutral, PublicKeyToken=b03f5f7f11d50a3a" className="SharpBag.ExtensionsTest, SharpBag.Tests, Version=0.0.0.0, Culture=neutral, PublicKeyToken=null" name="AsEnumerable0314801" />
    </UnitTest>
    <UnitTest name="As0132102" storage="c:\users\suprdewd\desktop\projects\forritun\sharpbag\sharpbag.tests01\bin\release\sharpbag.tests.dll" id="920395ef-4d81-2796-a8e3-57b62c679836">
      <Execution id="672de20d-98a8-4546-b372-211b14a1d989" />
      <TestMethod codeBase="C:/Users/SuprDewd/Desktop/Projects/Forritun/SharpBag/SharpBag.Tests01/bin/Release/SharpBag.Tests.DLL" adapterTypeName="Microsoft.VisualStudio.TestTools.TestTypes.Unit.UnitTestAdapter, Microsoft.VisualStudio.QualityTools.Tips.UnitTest.Adapter, Version=10.0.0.0, Culture=neutral, PublicKeyToken=b03f5f7f11d50a3a" className="SharpBag.ExtensionsTest, SharpBag.Tests, Version=0.0.0.0, Culture=neutral, PublicKeyToken=null" name="As0132102" />
    </UnitTest>
    <UnitTest name="Add88502" storage="c:\users\suprdewd\desktop\projects\forritun\sharpbag\sharpbag.tests01\bin\release\sharpbag.tests.dll" id="6fb9b650-50a8-89e9-0d35-3a3dc4939152">
      <Execution id="4472ad2f-65f3-4a18-8aed-2ae4042e1e24" />
      <TestMethod codeBase="C:/Users/SuprDewd/Desktop/Projects/Forritun/SharpBag/SharpBag.Tests01/bin/Release/SharpBag.Tests.DLL" adapterTypeName="Microsoft.VisualStudio.TestTools.TestTypes.Unit.UnitTestAdapter, Microsoft.VisualStudio.QualityTools.Tips.UnitTest.Adapter, Version=10.0.0.0, Culture=neutral, PublicKeyToken=b03f5f7f11d50a3a" className="SharpBag.ExtensionsTest, SharpBag.Tests, Version=0.0.0.0, Culture=neutral, PublicKeyToken=null" name="Add88502" />
    </UnitTest>
    <UnitTest name="IfNotNull0159704" storage="c:\users\suprdewd\desktop\projects\forritun\sharpbag\sharpbag.tests01\bin\release\sharpbag.tests.dll" id="116bcbca-67a9-cf3b-0614-27721784c6e2">
      <Execution id="c32eb293-196f-40f7-8bed-6fb52de53fa2" />
      <TestMethod codeBase="C:/Users/SuprDewd/Desktop/Projects/Forritun/SharpBag/SharpBag.Tests01/bin/Release/SharpBag.Tests.DLL" adapterTypeName="Microsoft.VisualStudio.TestTools.TestTypes.Unit.UnitTestAdapter, Microsoft.VisualStudio.QualityTools.Tips.UnitTest.Adapter, Version=10.0.0.0, Culture=neutral, PublicKeyToken=b03f5f7f11d50a3a" className="SharpBag.ExtensionsTest, SharpBag.Tests, Version=0.0.0.0, Culture=neutral, PublicKeyToken=null" name="IfNotNull0159704" />
    </UnitTest>
    <UnitTest name="As0132105" storage="c:\users\suprdewd\desktop\projects\forritun\sharpbag\sharpbag.tests01\bin\release\sharpbag.tests.dll" id="febe8afb-7bc1-3f13-831b-73b163a8c327">
      <Execution id="a316561f-7211-4b9f-8748-3805c75d82f0" />
      <TestMethod codeBase="C:/Users/SuprDewd/Desktop/Projects/Forritun/SharpBag/SharpBag.Tests01/bin/Release/SharpBag.Tests.DLL" adapterTypeName="Microsoft.VisualStudio.TestTools.TestTypes.Unit.UnitTestAdapter, Microsoft.VisualStudio.QualityTools.Tips.UnitTest.Adapter, Version=10.0.0.0, Culture=neutral, PublicKeyToken=b03f5f7f11d50a3a" className="SharpBag.ExtensionsTest, SharpBag.Tests, Version=0.0.0.0, Culture=neutral, PublicKeyToken=null" name="As0132105" />
    </UnitTest>
    <UnitTest name="If921" storage="c:\users\suprdewd\desktop\projects\forritun\sharpbag\sharpbag.tests01\bin\release\sharpbag.tests.dll" id="0860ee19-0524-5919-2b3c-8316527f7933">
      <Execution id="500dd32d-d4c7-46c1-9515-0c0188fc5c44" />
      <TestMethod codeBase="C:/Users/SuprDewd/Desktop/Projects/Forritun/SharpBag/SharpBag.Tests01/bin/Release/SharpBag.Tests.DLL" adapterTypeName="Microsoft.VisualStudio.TestTools.TestTypes.Unit.UnitTestAdapter, Microsoft.VisualStudio.QualityTools.Tips.UnitTest.Adapter, Version=10.0.0.0, Culture=neutral, PublicKeyToken=b03f5f7f11d50a3a" className="SharpBag.ExtensionsTest, SharpBag.Tests, Version=0.0.0.0, Culture=neutral, PublicKeyToken=null" name="If921" />
    </UnitTest>
    <UnitTest name="Execute424" storage="c:\users\suprdewd\desktop\projects\forritun\sharpbag\sharpbag.tests01\bin\release\sharpbag.tests.dll" id="c3a5f774-5c25-7fa7-593c-10a98b5db768">
      <Execution id="3dbb8192-714d-4f33-aa63-2c1c3a099e44" />
      <TestMethod codeBase="C:/Users/SuprDewd/Desktop/Projects/Forritun/SharpBag/SharpBag.Tests01/bin/Release/SharpBag.Tests.DLL" adapterTypeName="Microsoft.VisualStudio.TestTools.TestTypes.Unit.UnitTestAdapter, Microsoft.VisualStudio.QualityTools.Tips.UnitTest.Adapter, Version=10.0.0.0, Culture=neutral, PublicKeyToken=b03f5f7f11d50a3a" className="SharpBag.ExtensionsTest, SharpBag.Tests, Version=0.0.0.0, Culture=neutral, PublicKeyToken=null" name="Execute424" />
    </UnitTest>
    <UnitTest name="Iter96003" storage="c:\users\suprdewd\desktop\projects\forritun\sharpbag\sharpbag.tests01\bin\release\sharpbag.tests.dll" id="9bfa0b14-def6-4233-8f09-efbae74ca192">
      <Execution id="561d1bba-e38c-4054-85f1-b78a5167c7d0" />
      <TestMethod codeBase="C:/Users/SuprDewd/Desktop/Projects/Forritun/SharpBag/SharpBag.Tests01/bin/Release/SharpBag.Tests.DLL" adapterTypeName="Microsoft.VisualStudio.TestTools.TestTypes.Unit.UnitTestAdapter, Microsoft.VisualStudio.QualityTools.Tips.UnitTest.Adapter, Version=10.0.0.0, Culture=neutral, PublicKeyToken=b03f5f7f11d50a3a" className="SharpBag.ExtensionsTest, SharpBag.Tests, Version=0.0.0.0, Culture=neutral, PublicKeyToken=null" name="Iter96003" />
    </UnitTest>
    <UnitTest name="TimesThrowsContractException662" storage="c:\users\suprdewd\desktop\projects\forritun\sharpbag\sharpbag.tests01\bin\release\sharpbag.tests.dll" id="90427aa6-8cf4-b956-2b3f-9546b7107ae7">
      <Execution id="7ab9acd7-db84-48c4-9cb5-4ab64a7179d4" />
      <TestMethod codeBase="C:/Users/SuprDewd/Desktop/Projects/Forritun/SharpBag/SharpBag.Tests01/bin/Release/SharpBag.Tests.DLL" adapterTypeName="Microsoft.VisualStudio.TestTools.TestTypes.Unit.UnitTestAdapter, Microsoft.VisualStudio.QualityTools.Tips.UnitTest.Adapter, Version=10.0.0.0, Culture=neutral, PublicKeyToken=b03f5f7f11d50a3a" className="SharpBag.ExtensionsTest, SharpBag.Tests, Version=0.0.0.0, Culture=neutral, PublicKeyToken=null" name="TimesThrowsContractException662" />
    </UnitTest>
    <UnitTest name="IsIn0134" storage="c:\users\suprdewd\desktop\projects\forritun\sharpbag\sharpbag.tests01\bin\release\sharpbag.tests.dll" id="20789601-3bb2-517f-9c07-8755507d968d">
      <Execution id="87493185-2713-485b-b613-11676e69dcbe" />
      <TestMethod codeBase="C:/Users/SuprDewd/Desktop/Projects/Forritun/SharpBag/SharpBag.Tests01/bin/Release/SharpBag.Tests.DLL" adapterTypeName="Microsoft.VisualStudio.TestTools.TestTypes.Unit.UnitTestAdapter, Microsoft.VisualStudio.QualityTools.Tips.UnitTest.Adapter, Version=10.0.0.0, Culture=neutral, PublicKeyToken=b03f5f7f11d50a3a" className="SharpBag.ExtensionsTest, SharpBag.Tests, Version=0.0.0.0, Culture=neutral, PublicKeyToken=null" name="IsIn0134" />
    </UnitTest>
    <UnitTest name="IfNotNull01ThrowsContractException561" storage="c:\users\suprdewd\desktop\projects\forritun\sharpbag\sharpbag.tests01\bin\release\sharpbag.tests.dll" id="21cd2d7c-c714-efa2-4c1d-abe7711f0f8f">
      <Execution id="d3db88be-68fb-463a-a365-fab3b421a9ec" />
      <TestMethod codeBase="C:/Users/SuprDewd/Desktop/Projects/Forritun/SharpBag/SharpBag.Tests01/bin/Release/SharpBag.Tests.DLL" adapterTypeName="Microsoft.VisualStudio.TestTools.TestTypes.Unit.UnitTestAdapter, Microsoft.VisualStudio.QualityTools.Tips.UnitTest.Adapter, Version=10.0.0.0, Culture=neutral, PublicKeyToken=b03f5f7f11d50a3a" className="SharpBag.ExtensionsTest, SharpBag.Tests, Version=0.0.0.0, Culture=neutral, PublicKeyToken=null" name="IfNotNull01ThrowsContractException561" />
    </UnitTest>
    <UnitTest name="ForEach90804" storage="c:\users\suprdewd\desktop\projects\forritun\sharpbag\sharpbag.tests01\bin\release\sharpbag.tests.dll" id="116e53ad-53cc-1f8c-5eeb-a61eba3cd5e8">
      <Execution id="18dfa95b-28ce-4d58-8c61-ce168fe97333" />
      <TestMethod codeBase="C:/Users/SuprDewd/Desktop/Projects/Forritun/SharpBag/SharpBag.Tests01/bin/Release/SharpBag.Tests.DLL" adapterTypeName="Microsoft.VisualStudio.TestTools.TestTypes.Unit.UnitTestAdapter, Microsoft.VisualStudio.QualityTools.Tips.UnitTest.Adapter, Version=10.0.0.0, Culture=neutral, PublicKeyToken=b03f5f7f11d50a3a" className="SharpBag.ExtensionsTest, SharpBag.Tests, Version=0.0.0.0, Culture=neutral, PublicKeyToken=null" name="ForEach90804" />
    </UnitTest>
    <UnitTest name="IfNotNull0192304" storage="c:\users\suprdewd\desktop\projects\forritun\sharpbag\sharpbag.tests01\bin\release\sharpbag.tests.dll" id="e89c0529-2532-190e-5936-91edd9263fb1">
      <Execution id="e94de43a-e5d5-4ccc-a6a0-f90e4e1de98f" />
      <TestMethod codeBase="C:/Users/SuprDewd/Desktop/Projects/Forritun/SharpBag/SharpBag.Tests01/bin/Release/SharpBag.Tests.DLL" adapterTypeName="Microsoft.VisualStudio.TestTools.TestTypes.Unit.UnitTestAdapter, Microsoft.VisualStudio.QualityTools.Tips.UnitTest.Adapter, Version=10.0.0.0, Culture=neutral, PublicKeyToken=b03f5f7f11d50a3a" className="SharpBag.ExtensionsTest, SharpBag.Tests, Version=0.0.0.0, Culture=neutral, PublicKeyToken=null" name="IfNotNull0192304" />
    </UnitTest>
    <UnitTest name="AsEnumerable56001" storage="c:\users\suprdewd\desktop\projects\forritun\sharpbag\sharpbag.tests01\bin\release\sharpbag.tests.dll" id="583a3c4e-73f0-f6e0-0816-cbe45229841d">
      <Execution id="ebd09203-d020-4edc-906a-0c4e64ed8ed0" />
      <TestMethod codeBase="C:/Users/SuprDewd/Desktop/Projects/Forritun/SharpBag/SharpBag.Tests01/bin/Release/SharpBag.Tests.DLL" adapterTypeName="Microsoft.VisualStudio.TestTools.TestTypes.Unit.UnitTestAdapter, Microsoft.VisualStudio.QualityTools.Tips.UnitTest.Adapter, Version=10.0.0.0, Culture=neutral, PublicKeyToken=b03f5f7f11d50a3a" className="SharpBag.ExtensionsTest, SharpBag.Tests, Version=0.0.0.0, Culture=neutral, PublicKeyToken=null" name="AsEnumerable56001" />
    </UnitTest>
    <UnitTest name="IfNotNull17304" storage="c:\users\suprdewd\desktop\projects\forritun\sharpbag\sharpbag.tests01\bin\release\sharpbag.tests.dll" id="5d4547ce-a6eb-4a5d-11b5-fd4fb3f2b4c4">
      <Execution id="8dc9de10-f06f-4e3f-842a-20c2c1e24c3f" />
      <TestMethod codeBase="C:/Users/SuprDewd/Desktop/Projects/Forritun/SharpBag/SharpBag.Tests01/bin/Release/SharpBag.Tests.DLL" adapterTypeName="Microsoft.VisualStudio.TestTools.TestTypes.Unit.UnitTestAdapter, Microsoft.VisualStudio.QualityTools.Tips.UnitTest.Adapter, Version=10.0.0.0, Culture=neutral, PublicKeyToken=b03f5f7f11d50a3a" className="SharpBag.ExtensionsTest, SharpBag.Tests, Version=0.0.0.0, Culture=neutral, PublicKeyToken=null" name="IfNotNull17304" />
    </UnitTest>
    <UnitTest name="Iter96002" storage="c:\users\suprdewd\desktop\projects\forritun\sharpbag\sharpbag.tests01\bin\release\sharpbag.tests.dll" id="33d00c5c-c888-05a3-fa39-c11369cf7bd7">
      <Execution id="bac3ae77-10ef-4cde-8311-e53b840d7aaf" />
      <TestMethod codeBase="C:/Users/SuprDewd/Desktop/Projects/Forritun/SharpBag/SharpBag.Tests01/bin/Release/SharpBag.Tests.DLL" adapterTypeName="Microsoft.VisualStudio.TestTools.TestTypes.Unit.UnitTestAdapter, Microsoft.VisualStudio.QualityTools.Tips.UnitTest.Adapter, Version=10.0.0.0, Culture=neutral, PublicKeyToken=b03f5f7f11d50a3a" className="SharpBag.ExtensionsTest, SharpBag.Tests, Version=0.0.0.0, Culture=neutral, PublicKeyToken=null" name="Iter96002" />
    </UnitTest>
    <UnitTest name="To01ThrowsContractException635" storage="c:\users\suprdewd\desktop\projects\forritun\sharpbag\sharpbag.tests01\bin\release\sharpbag.tests.dll" id="869377b3-dcd6-3fd0-816f-a4a48e30d6c3">
      <Execution id="756fe701-0bb6-46b6-9205-7bb696031bf7" />
      <TestMethod codeBase="C:/Users/SuprDewd/Desktop/Projects/Forritun/SharpBag/SharpBag.Tests01/bin/Release/SharpBag.Tests.DLL" adapterTypeName="Microsoft.VisualStudio.TestTools.TestTypes.Unit.UnitTestAdapter, Microsoft.VisualStudio.QualityTools.Tips.UnitTest.Adapter, Version=10.0.0.0, Culture=neutral, PublicKeyToken=b03f5f7f11d50a3a" className="SharpBag.ExtensionsTest, SharpBag.Tests, Version=0.0.0.0, Culture=neutral, PublicKeyToken=null" name="To01ThrowsContractException635" />
    </UnitTest>
    <UnitTest name="Fill57101" storage="c:\users\suprdewd\desktop\projects\forritun\sharpbag\sharpbag.tests01\bin\release\sharpbag.tests.dll" id="e860bbd5-6ce1-07c3-fd03-d14cbeda5d8f">
      <Execution id="d69c4662-2383-4b50-a483-c7279bb46aa9" />
      <TestMethod codeBase="C:/Users/SuprDewd/Desktop/Projects/Forritun/SharpBag/SharpBag.Tests01/bin/Release/SharpBag.Tests.DLL" adapterTypeName="Microsoft.VisualStudio.TestTools.TestTypes.Unit.UnitTestAdapter, Microsoft.VisualStudio.QualityTools.Tips.UnitTest.Adapter, Version=10.0.0.0, Culture=neutral, PublicKeyToken=b03f5f7f11d50a3a" className="SharpBag.ExtensionsTest, SharpBag.Tests, Version=0.0.0.0, Culture=neutral, PublicKeyToken=null" name="Fill57101" />
    </UnitTest>
    <UnitTest name="To46301" storage="c:\users\suprdewd\desktop\projects\forritun\sharpbag\sharpbag.tests01\bin\release\sharpbag.tests.dll" id="f026b4fd-1d5b-6d3d-657e-a3e832a7de61">
      <Execution id="3635e20b-f3b2-41d1-b2b1-53b5ebed7945" />
      <TestMethod codeBase="C:/Users/SuprDewd/Desktop/Projects/Forritun/SharpBag/SharpBag.Tests01/bin/Release/SharpBag.Tests.DLL" adapterTypeName="Microsoft.VisualStudio.TestTools.TestTypes.Unit.UnitTestAdapter, Microsoft.VisualStudio.QualityTools.Tips.UnitTest.Adapter, Version=10.0.0.0, Culture=neutral, PublicKeyToken=b03f5f7f11d50a3a" className="SharpBag.ExtensionsTest, SharpBag.Tests, Version=0.0.0.0, Culture=neutral, PublicKeyToken=null" name="To46301" />
    </UnitTest>
    <UnitTest name="As0132108" storage="c:\users\suprdewd\desktop\projects\forritun\sharpbag\sharpbag.tests01\bin\release\sharpbag.tests.dll" id="e30391ee-1b3b-ee9f-b02c-b47de478c33f">
      <Execution id="9d2c33e4-7746-4c27-bac3-95fd91676f24" />
      <TestMethod codeBase="C:/Users/SuprDewd/Desktop/Projects/Forritun/SharpBag/SharpBag.Tests01/bin/Release/SharpBag.Tests.DLL" adapterTypeName="Microsoft.VisualStudio.TestTools.TestTypes.Unit.UnitTestAdapter, Microsoft.VisualStudio.QualityTools.Tips.UnitTest.Adapter, Version=10.0.0.0, Culture=neutral, PublicKeyToken=b03f5f7f11d50a3a" className="SharpBag.ExtensionsTest, SharpBag.Tests, Version=0.0.0.0, Culture=neutral, PublicKeyToken=null" name="As0132108" />
    </UnitTest>
    <UnitTest name="ForEachThrowsContractException158" storage="c:\users\suprdewd\desktop\projects\forritun\sharpbag\sharpbag.tests01\bin\release\sharpbag.tests.dll" id="4ef1899b-961d-b074-c653-732880e5589d">
      <Execution id="1dc943b5-99d5-47f4-abc7-adde49a2dcf7" />
      <TestMethod codeBase="C:/Users/SuprDewd/Desktop/Projects/Forritun/SharpBag/SharpBag.Tests01/bin/Release/SharpBag.Tests.DLL" adapterTypeName="Microsoft.VisualStudio.TestTools.TestTypes.Unit.UnitTestAdapter, Microsoft.VisualStudio.QualityTools.Tips.UnitTest.Adapter, Version=10.0.0.0, Culture=neutral, PublicKeyToken=b03f5f7f11d50a3a" className="SharpBag.ExtensionsTest, SharpBag.Tests, Version=0.0.0.0, Culture=neutral, PublicKeyToken=null" name="ForEachThrowsContractException158" />
    </UnitTest>
    <UnitTest name="Random01ThrowsContractException112" storage="c:\users\suprdewd\desktop\projects\forritun\sharpbag\sharpbag.tests01\bin\release\sharpbag.tests.dll" id="6fc614f1-4cc2-aa3e-1bb2-f91b079638ee">
      <Execution id="1b873873-c8a2-4028-8b33-fdcbc3a3b2c3" />
      <TestMethod codeBase="C:/Users/SuprDewd/Desktop/Projects/Forritun/SharpBag/SharpBag.Tests01/bin/Release/SharpBag.Tests.DLL" adapterTypeName="Microsoft.VisualStudio.TestTools.TestTypes.Unit.UnitTestAdapter, Microsoft.VisualStudio.QualityTools.Tips.UnitTest.Adapter, Version=10.0.0.0, Culture=neutral, PublicKeyToken=b03f5f7f11d50a3a" className="SharpBag.ExtensionsTest, SharpBag.Tests, Version=0.0.0.0, Culture=neutral, PublicKeyToken=null" name="Random01ThrowsContractException112" />
    </UnitTest>
    <UnitTest name="Fill0168804" storage="c:\users\suprdewd\desktop\projects\forritun\sharpbag\sharpbag.tests01\bin\release\sharpbag.tests.dll" id="39a24eb5-a45d-f931-6682-86b278494085">
      <Execution id="e43b80e7-96a1-4f14-a6e9-6af08d36967f" />
      <TestMethod codeBase="C:/Users/SuprDewd/Desktop/Projects/Forritun/SharpBag/SharpBag.Tests01/bin/Release/SharpBag.Tests.DLL" adapterTypeName="Microsoft.VisualStudio.TestTools.TestTypes.Unit.UnitTestAdapter, Microsoft.VisualStudio.QualityTools.Tips.UnitTest.Adapter, Version=10.0.0.0, Culture=neutral, PublicKeyToken=b03f5f7f11d50a3a" className="SharpBag.ExtensionsTest, SharpBag.Tests, Version=0.0.0.0, Culture=neutral, PublicKeyToken=null" name="Fill0168804" />
    </UnitTest>
    <UnitTest name="UnionAll02ThrowsContractException903" storage="c:\users\suprdewd\desktop\projects\forritun\sharpbag\sharpbag.tests01\bin\release\sharpbag.tests.dll" id="49b4e1b0-9a60-f1f3-7d8e-e1f63ecc7d50">
      <Execution id="aece880d-65f0-4be3-95fe-c814e3844579" />
      <TestMethod codeBase="C:/Users/SuprDewd/Desktop/Projects/Forritun/SharpBag/SharpBag.Tests01/bin/Release/SharpBag.Tests.DLL" adapterTypeName="Microsoft.VisualStudio.TestTools.TestTypes.Unit.UnitTestAdapter, Microsoft.VisualStudio.QualityTools.Tips.UnitTest.Adapter, Version=10.0.0.0, Culture=neutral, PublicKeyToken=b03f5f7f11d50a3a" className="SharpBag.ExtensionsTest, SharpBag.Tests, Version=0.0.0.0, Culture=neutral, PublicKeyToken=null" name="UnionAll02ThrowsContractException903" />
    </UnitTest>
    <UnitTest name="As21518" storage="c:\users\suprdewd\desktop\projects\forritun\sharpbag\sharpbag.tests01\bin\release\sharpbag.tests.dll" id="1cdb2f2c-09f6-d6d8-6d16-a0ea90824aba">
      <Execution id="503213b2-34f8-4cce-b75a-c9d92ea3b141" />
      <TestMethod codeBase="C:/Users/SuprDewd/Desktop/Projects/Forritun/SharpBag/SharpBag.Tests01/bin/Release/SharpBag.Tests.DLL" adapterTypeName="Microsoft.VisualStudio.TestTools.TestTypes.Unit.UnitTestAdapter, Microsoft.VisualStudio.QualityTools.Tips.UnitTest.Adapter, Version=10.0.0.0, Culture=neutral, PublicKeyToken=b03f5f7f11d50a3a" className="SharpBag.ExtensionsTest, SharpBag.Tests, Version=0.0.0.0, Culture=neutral, PublicKeyToken=null" name="As21518" />
    </UnitTest>
    <UnitTest name="As0163228" storage="c:\users\suprdewd\desktop\projects\forritun\sharpbag\sharpbag.tests01\bin\release\sharpbag.tests.dll" id="25e137bf-b11b-a709-2200-80de04831d5b">
      <Execution id="c574a53d-2de4-4b0c-96b5-bae69c48c83e" />
      <TestMethod codeBase="C:/Users/SuprDewd/Desktop/Projects/Forritun/SharpBag/SharpBag.Tests01/bin/Release/SharpBag.Tests.DLL" adapterTypeName="Microsoft.VisualStudio.TestTools.TestTypes.Unit.UnitTestAdapter, Microsoft.VisualStudio.QualityTools.Tips.UnitTest.Adapter, Version=10.0.0.0, Culture=neutral, PublicKeyToken=b03f5f7f11d50a3a" className="SharpBag.ExtensionsTest, SharpBag.Tests, Version=0.0.0.0, Culture=neutral, PublicKeyToken=null" name="As0163228" />
    </UnitTest>
    <UnitTest name="Fill0110504" storage="c:\users\suprdewd\desktop\projects\forritun\sharpbag\sharpbag.tests01\bin\release\sharpbag.tests.dll" id="1c5ab376-6152-4272-31e3-55dc91a07a86">
      <Execution id="ab4f188b-ea51-458f-b5cb-aeabef284118" />
      <TestMethod codeBase="C:/Users/SuprDewd/Desktop/Projects/Forritun/SharpBag/SharpBag.Tests01/bin/Release/SharpBag.Tests.DLL" adapterTypeName="Microsoft.VisualStudio.TestTools.TestTypes.Unit.UnitTestAdapter, Microsoft.VisualStudio.QualityTools.Tips.UnitTest.Adapter, Version=10.0.0.0, Culture=neutral, PublicKeyToken=b03f5f7f11d50a3a" className="SharpBag.ExtensionsTest, SharpBag.Tests, Version=0.0.0.0, Culture=neutral, PublicKeyToken=null" name="Fill0110504" />
    </UnitTest>
    <UnitTest name="As0163230" storage="c:\users\suprdewd\desktop\projects\forritun\sharpbag\sharpbag.tests01\bin\release\sharpbag.tests.dll" id="eaed8830-28b9-0d81-19c8-50909473733c">
      <Execution id="7f402d11-b6b5-4ffe-923f-94b0f699e321" />
      <TestMethod codeBase="C:/Users/SuprDewd/Desktop/Projects/Forritun/SharpBag/SharpBag.Tests01/bin/Release/SharpBag.Tests.DLL" adapterTypeName="Microsoft.VisualStudio.TestTools.TestTypes.Unit.UnitTestAdapter, Microsoft.VisualStudio.QualityTools.Tips.UnitTest.Adapter, Version=10.0.0.0, Culture=neutral, PublicKeyToken=b03f5f7f11d50a3a" className="SharpBag.ExtensionsTest, SharpBag.Tests, Version=0.0.0.0, Culture=neutral, PublicKeyToken=null" name="As0163230" />
    </UnitTest>
    <UnitTest name="IfNotNull47704" storage="c:\users\suprdewd\desktop\projects\forritun\sharpbag\sharpbag.tests01\bin\release\sharpbag.tests.dll" id="1b50a732-77b4-82a3-8153-f8dad0640018">
      <Execution id="bb5d1db9-aaf3-48d5-824b-2a5519aa0404" />
      <TestMethod codeBase="C:/Users/SuprDewd/Desktop/Projects/Forritun/SharpBag/SharpBag.Tests01/bin/Release/SharpBag.Tests.DLL" adapterTypeName="Microsoft.VisualStudio.TestTools.TestTypes.Unit.UnitTestAdapter, Microsoft.VisualStudio.QualityTools.Tips.UnitTest.Adapter, Version=10.0.0.0, Culture=neutral, PublicKeyToken=b03f5f7f11d50a3a" className="SharpBag.ExtensionsTest, SharpBag.Tests, Version=0.0.0.0, Culture=neutral, PublicKeyToken=null" name="IfNotNull47704" />
    </UnitTest>
    <UnitTest name="GetByPercentThrowsContractException730" storage="c:\users\suprdewd\desktop\projects\forritun\sharpbag\sharpbag.tests01\bin\release\sharpbag.tests.dll" id="1e0ca069-996e-4bc0-6164-74e9ee8107ac">
      <Execution id="6134898b-1511-4c40-9a47-6f10b02bee86" />
      <TestMethod codeBase="C:/Users/SuprDewd/Desktop/Projects/Forritun/SharpBag/SharpBag.Tests01/bin/Release/SharpBag.Tests.DLL" adapterTypeName="Microsoft.VisualStudio.TestTools.TestTypes.Unit.UnitTestAdapter, Microsoft.VisualStudio.QualityTools.Tips.UnitTest.Adapter, Version=10.0.0.0, Culture=neutral, PublicKeyToken=b03f5f7f11d50a3a" className="SharpBag.ExtensionsTest, SharpBag.Tests, Version=0.0.0.0, Culture=neutral, PublicKeyToken=null" name="GetByPercentThrowsContractException730" />
    </UnitTest>
    <UnitTest name="IfNotNull47703" storage="c:\users\suprdewd\desktop\projects\forritun\sharpbag\sharpbag.tests01\bin\release\sharpbag.tests.dll" id="d8af0a27-8cd9-d036-917e-00672cd2689b">
      <Execution id="b9f3cd1e-33d0-43fc-a234-fd59da1d57d1" />
      <TestMethod codeBase="C:/Users/SuprDewd/Desktop/Projects/Forritun/SharpBag/SharpBag.Tests01/bin/Release/SharpBag.Tests.DLL" adapterTypeName="Microsoft.VisualStudio.TestTools.TestTypes.Unit.UnitTestAdapter, Microsoft.VisualStudio.QualityTools.Tips.UnitTest.Adapter, Version=10.0.0.0, Culture=neutral, PublicKeyToken=b03f5f7f11d50a3a" className="SharpBag.ExtensionsTest, SharpBag.Tests, Version=0.0.0.0, Culture=neutral, PublicKeyToken=null" name="IfNotNull47703" />
    </UnitTest>
    <UnitTest name="IfNotNull17303" storage="c:\users\suprdewd\desktop\projects\forritun\sharpbag\sharpbag.tests01\bin\release\sharpbag.tests.dll" id="d75bbbff-3e3e-ac68-2b4f-48cfb14f2d0a">
      <Execution id="adaf94da-d838-4fab-a86a-5a43152056e4" />
      <TestMethod codeBase="C:/Users/SuprDewd/Desktop/Projects/Forritun/SharpBag/SharpBag.Tests01/bin/Release/SharpBag.Tests.DLL" adapterTypeName="Microsoft.VisualStudio.TestTools.TestTypes.Unit.UnitTestAdapter, Microsoft.VisualStudio.QualityTools.Tips.UnitTest.Adapter, Version=10.0.0.0, Culture=neutral, PublicKeyToken=b03f5f7f11d50a3a" className="SharpBag.ExtensionsTest, SharpBag.Tests, Version=0.0.0.0, Culture=neutral, PublicKeyToken=null" name="IfNotNull17303" />
    </UnitTest>
    <UnitTest name="As0136703" storage="c:\users\suprdewd\desktop\projects\forritun\sharpbag\sharpbag.tests01\bin\release\sharpbag.tests.dll" id="e80fc0c4-2914-56fc-191b-489f27774cbc">
      <Execution id="b2d450f3-997c-4287-b704-3c718061db13" />
      <TestMethod codeBase="C:/Users/SuprDewd/Desktop/Projects/Forritun/SharpBag/SharpBag.Tests01/bin/Release/SharpBag.Tests.DLL" adapterTypeName="Microsoft.VisualStudio.TestTools.TestTypes.Unit.UnitTestAdapter, Microsoft.VisualStudio.QualityTools.Tips.UnitTest.Adapter, Version=10.0.0.0, Culture=neutral, PublicKeyToken=b03f5f7f11d50a3a" className="SharpBag.ExtensionsTest, SharpBag.Tests, Version=0.0.0.0, Culture=neutral, PublicKeyToken=null" name="As0136703" />
    </UnitTest>
    <UnitTest name="Fill0157104" storage="c:\users\suprdewd\desktop\projects\forritun\sharpbag\sharpbag.tests01\bin\release\sharpbag.tests.dll" id="d5027f5f-1da1-2a25-97cf-1e7da6a062b5">
      <Execution id="519eaf50-b3dc-43fd-b622-c7fcedaf2d56" />
      <TestMethod codeBase="C:/Users/SuprDewd/Desktop/Projects/Forritun/SharpBag/SharpBag.Tests01/bin/Release/SharpBag.Tests.DLL" adapterTypeName="Microsoft.VisualStudio.TestTools.TestTypes.Unit.UnitTestAdapter, Microsoft.VisualStudio.QualityTools.Tips.UnitTest.Adapter, Version=10.0.0.0, Culture=neutral, PublicKeyToken=b03f5f7f11d50a3a" className="SharpBag.ExtensionsTest, SharpBag.Tests, Version=0.0.0.0, Culture=neutral, PublicKeyToken=null" name="Fill0157104" />
    </UnitTest>
    <UnitTest name="RandomThrowsContractException925" storage="c:\users\suprdewd\desktop\projects\forritun\sharpbag\sharpbag.tests01\bin\release\sharpbag.tests.dll" id="5af37465-b5df-7692-a729-818959a35f63">
      <Execution id="a9ed619a-f0e1-4398-b06d-65c66a8ffda3" />
      <TestMethod codeBase="C:/Users/SuprDewd/Desktop/Projects/Forritun/SharpBag/SharpBag.Tests01/bin/Release/SharpBag.Tests.DLL" adapterTypeName="Microsoft.VisualStudio.TestTools.TestTypes.Unit.UnitTestAdapter, Microsoft.VisualStudio.QualityTools.Tips.UnitTest.Adapter, Version=10.0.0.0, Culture=neutral, PublicKeyToken=b03f5f7f11d50a3a" className="SharpBag.ExtensionsTest, SharpBag.Tests, Version=0.0.0.0, Culture=neutral, PublicKeyToken=null" name="RandomThrowsContractException925" />
    </UnitTest>
    <UnitTest name="TakeEveryThrowsContractException265" storage="c:\users\suprdewd\desktop\projects\forritun\sharpbag\sharpbag.tests01\bin\release\sharpbag.tests.dll" id="1614cc64-5cbc-b082-cb61-089f874d65b1">
      <Execution id="a9f645c8-76d7-41a1-9f66-71f5c7de0d9a" />
      <TestMethod codeBase="C:/Users/SuprDewd/Desktop/Projects/Forritun/SharpBag/SharpBag.Tests01/bin/Release/SharpBag.Tests.DLL" adapterTypeName="Microsoft.VisualStudio.TestTools.TestTypes.Unit.UnitTestAdapter, Microsoft.VisualStudio.QualityTools.Tips.UnitTest.Adapter, Version=10.0.0.0, Culture=neutral, PublicKeyToken=b03f5f7f11d50a3a" className="SharpBag.ExtensionsTest, SharpBag.Tests, Version=0.0.0.0, Culture=neutral, PublicKeyToken=null" name="TakeEveryThrowsContractException265" />
    </UnitTest>
    <UnitTest name="Fill0168803" storage="c:\users\suprdewd\desktop\projects\forritun\sharpbag\sharpbag.tests01\bin\release\sharpbag.tests.dll" id="70ecef07-25d9-9298-9faa-26825e270b46">
      <Execution id="4e0c7532-e36c-48aa-bdb4-9a5d4e631e6e" />
      <TestMethod codeBase="C:/Users/SuprDewd/Desktop/Projects/Forritun/SharpBag/SharpBag.Tests01/bin/Release/SharpBag.Tests.DLL" adapterTypeName="Microsoft.VisualStudio.TestTools.TestTypes.Unit.UnitTestAdapter, Microsoft.VisualStudio.QualityTools.Tips.UnitTest.Adapter, Version=10.0.0.0, Culture=neutral, PublicKeyToken=b03f5f7f11d50a3a" className="SharpBag.ExtensionsTest, SharpBag.Tests, Version=0.0.0.0, Culture=neutral, PublicKeyToken=null" name="Fill0168803" />
    </UnitTest>
    <UnitTest name="As0166403" storage="c:\users\suprdewd\desktop\projects\forritun\sharpbag\sharpbag.tests01\bin\release\sharpbag.tests.dll" id="4c1abec7-91f0-7672-2e0f-302cf26fbd1a">
      <Execution id="d125870b-b907-48ca-b0b0-60e24521b7b3" />
      <TestMethod codeBase="C:/Users/SuprDewd/Desktop/Projects/Forritun/SharpBag/SharpBag.Tests01/bin/Release/SharpBag.Tests.DLL" adapterTypeName="Microsoft.VisualStudio.TestTools.TestTypes.Unit.UnitTestAdapter, Microsoft.VisualStudio.QualityTools.Tips.UnitTest.Adapter, Version=10.0.0.0, Culture=neutral, PublicKeyToken=b03f5f7f11d50a3a" className="SharpBag.ExtensionsTest, SharpBag.Tests, Version=0.0.0.0, Culture=neutral, PublicKeyToken=null" name="As0166403" />
    </UnitTest>
    <UnitTest name="ForEach78803" storage="c:\users\suprdewd\desktop\projects\forritun\sharpbag\sharpbag.tests01\bin\release\sharpbag.tests.dll" id="71153c10-625e-eee7-0105-ad1f18f9fb72">
      <Execution id="951640bf-76ca-4049-9dea-b41f1366097b" />
      <TestMethod codeBase="C:/Users/SuprDewd/Desktop/Projects/Forritun/SharpBag/SharpBag.Tests01/bin/Release/SharpBag.Tests.DLL" adapterTypeName="Microsoft.VisualStudio.TestTools.TestTypes.Unit.UnitTestAdapter, Microsoft.VisualStudio.QualityTools.Tips.UnitTest.Adapter, Version=10.0.0.0, Culture=neutral, PublicKeyToken=b03f5f7f11d50a3a" className="SharpBag.ExtensionsTest, SharpBag.Tests, Version=0.0.0.0, Culture=neutral, PublicKeyToken=null" name="ForEach78803" />
    </UnitTest>
    <UnitTest name="As568" storage="c:\users\suprdewd\desktop\projects\forritun\sharpbag\sharpbag.tests01\bin\release\sharpbag.tests.dll" id="8dec4c0d-9137-8bca-e823-6edddad67b2a">
      <Execution id="50d8e6ad-e28f-4a45-917c-92f43fa30a24" />
      <TestMethod codeBase="C:/Users/SuprDewd/Desktop/Projects/Forritun/SharpBag/SharpBag.Tests01/bin/Release/SharpBag.Tests.DLL" adapterTypeName="Microsoft.VisualStudio.TestTools.TestTypes.Unit.UnitTestAdapter, Microsoft.VisualStudio.QualityTools.Tips.UnitTest.Adapter, Version=10.0.0.0, Culture=neutral, PublicKeyToken=b03f5f7f11d50a3a" className="SharpBag.ExtensionsTest, SharpBag.Tests, Version=0.0.0.0, Culture=neutral, PublicKeyToken=null" name="As568" />
    </UnitTest>
    <UnitTest name="Execute93301" storage="c:\users\suprdewd\desktop\projects\forritun\sharpbag\sharpbag.tests01\bin\release\sharpbag.tests.dll" id="fd09b993-a9b4-e74b-ac25-fcabec687112">
      <Execution id="88fac313-7653-48ad-a14f-c892b6a8642c" />
      <TestMethod codeBase="C:/Users/SuprDewd/Desktop/Projects/Forritun/SharpBag/SharpBag.Tests01/bin/Release/SharpBag.Tests.DLL" adapterTypeName="Microsoft.VisualStudio.TestTools.TestTypes.Unit.UnitTestAdapter, Microsoft.VisualStudio.QualityTools.Tips.UnitTest.Adapter, Version=10.0.0.0, Culture=neutral, PublicKeyToken=b03f5f7f11d50a3a" className="SharpBag.ExtensionsTest, SharpBag.Tests, Version=0.0.0.0, Culture=neutral, PublicKeyToken=null" name="Execute93301" />
    </UnitTest>
    <UnitTest name="CastAs434" storage="c:\users\suprdewd\desktop\projects\forritun\sharpbag\sharpbag.tests01\bin\release\sharpbag.tests.dll" id="17cbf434-78e7-42a5-6758-242cc94ac703">
      <Execution id="ef8b3662-ceda-4514-8e71-dee346acaf44" />
      <TestMethod codeBase="C:/Users/SuprDewd/Desktop/Projects/Forritun/SharpBag/SharpBag.Tests01/bin/Release/SharpBag.Tests.DLL" adapterTypeName="Microsoft.VisualStudio.TestTools.TestTypes.Unit.UnitTestAdapter, Microsoft.VisualStudio.QualityTools.Tips.UnitTest.Adapter, Version=10.0.0.0, Culture=neutral, PublicKeyToken=b03f5f7f11d50a3a" className="SharpBag.ExtensionsTest, SharpBag.Tests, Version=0.0.0.0, Culture=neutral, PublicKeyToken=null" name="CastAs434" />
    </UnitTest>
    <UnitTest name="NullOr71402" storage="c:\users\suprdewd\desktop\projects\forritun\sharpbag\sharpbag.tests01\bin\release\sharpbag.tests.dll" id="56fc1a57-6e5c-088b-8f95-88d9f697c097">
      <Execution id="a379a158-84dd-4e3f-915b-e0da7336eb95" />
      <TestMethod codeBase="C:/Users/SuprDewd/Desktop/Projects/Forritun/SharpBag/SharpBag.Tests01/bin/Release/SharpBag.Tests.DLL" adapterTypeName="Microsoft.VisualStudio.TestTools.TestTypes.Unit.UnitTestAdapter, Microsoft.VisualStudio.QualityTools.Tips.UnitTest.Adapter, Version=10.0.0.0, Culture=neutral, PublicKeyToken=b03f5f7f11d50a3a" className="SharpBag.ExtensionsTest, SharpBag.Tests, Version=0.0.0.0, Culture=neutral, PublicKeyToken=null" name="NullOr71402" />
    </UnitTest>
    <UnitTest name="As0163222" storage="c:\users\suprdewd\desktop\projects\forritun\sharpbag\sharpbag.tests01\bin\release\sharpbag.tests.dll" id="473a2b39-cb44-1d62-3c12-9fd92e3b377f">
      <Execution id="224f46e3-c1bb-49c3-92cb-8142009e8795" />
      <TestMethod codeBase="C:/Users/SuprDewd/Desktop/Projects/Forritun/SharpBag/SharpBag.Tests01/bin/Release/SharpBag.Tests.DLL" adapterTypeName="Microsoft.VisualStudio.TestTools.TestTypes.Unit.UnitTestAdapter, Microsoft.VisualStudio.QualityTools.Tips.UnitTest.Adapter, Version=10.0.0.0, Culture=neutral, PublicKeyToken=b03f5f7f11d50a3a" className="SharpBag.ExtensionsTest, SharpBag.Tests, Version=0.0.0.0, Culture=neutral, PublicKeyToken=null" name="As0163222" />
    </UnitTest>
    <UnitTest name="As0163234" storage="c:\users\suprdewd\desktop\projects\forritun\sharpbag\sharpbag.tests01\bin\release\sharpbag.tests.dll" id="d0140d76-78ce-58b3-2274-c95b28b0ccfb">
      <Execution id="80ae620a-a688-4b28-9d41-cc5835a68567" />
      <TestMethod codeBase="C:/Users/SuprDewd/Desktop/Projects/Forritun/SharpBag/SharpBag.Tests01/bin/Release/SharpBag.Tests.DLL" adapterTypeName="Microsoft.VisualStudio.TestTools.TestTypes.Unit.UnitTestAdapter, Microsoft.VisualStudio.QualityTools.Tips.UnitTest.Adapter, Version=10.0.0.0, Culture=neutral, PublicKeyToken=b03f5f7f11d50a3a" className="SharpBag.ExtensionsTest, SharpBag.Tests, Version=0.0.0.0, Culture=neutral, PublicKeyToken=null" name="As0163234" />
    </UnitTest>
    <UnitTest name="As0198303" storage="c:\users\suprdewd\desktop\projects\forritun\sharpbag\sharpbag.tests01\bin\release\sharpbag.tests.dll" id="d56f2fbf-3f3e-cba1-4f8d-7b34cec35b0a">
      <Execution id="a93328e9-b143-4286-b301-c06f119935b4" />
      <TestMethod codeBase="C:/Users/SuprDewd/Desktop/Projects/Forritun/SharpBag/SharpBag.Tests01/bin/Release/SharpBag.Tests.DLL" adapterTypeName="Microsoft.VisualStudio.TestTools.TestTypes.Unit.UnitTestAdapter, Microsoft.VisualStudio.QualityTools.Tips.UnitTest.Adapter, Version=10.0.0.0, Culture=neutral, PublicKeyToken=b03f5f7f11d50a3a" className="SharpBag.ExtensionsTest, SharpBag.Tests, Version=0.0.0.0, Culture=neutral, PublicKeyToken=null" name="As0198303" />
    </UnitTest>
    <UnitTest name="TakeEveryThrowsContractException998" storage="c:\users\suprdewd\desktop\projects\forritun\sharpbag\sharpbag.tests01\bin\release\sharpbag.tests.dll" id="c35eb805-49e5-7d06-b69d-ba684aaa6791">
      <Execution id="5ee50178-c247-4ab7-9e7b-c780f85d0328" />
      <TestMethod codeBase="C:/Users/SuprDewd/Desktop/Projects/Forritun/SharpBag/SharpBag.Tests01/bin/Release/SharpBag.Tests.DLL" adapterTypeName="Microsoft.VisualStudio.TestTools.TestTypes.Unit.UnitTestAdapter, Microsoft.VisualStudio.QualityTools.Tips.UnitTest.Adapter, Version=10.0.0.0, Culture=neutral, PublicKeyToken=b03f5f7f11d50a3a" className="SharpBag.ExtensionsTest, SharpBag.Tests, Version=0.0.0.0, Culture=neutral, PublicKeyToken=null" name="TakeEveryThrowsContractException998" />
    </UnitTest>
    <UnitTest name="ForEach12502" storage="c:\users\suprdewd\desktop\projects\forritun\sharpbag\sharpbag.tests01\bin\release\sharpbag.tests.dll" id="f5f02455-4aef-8763-5044-dc094bc64ba2">
      <Execution id="bfd269b6-a79f-4b37-bc38-bc3f8a83d861" />
      <TestMethod codeBase="C:/Users/SuprDewd/Desktop/Projects/Forritun/SharpBag/SharpBag.Tests01/bin/Release/SharpBag.Tests.DLL" adapterTypeName="Microsoft.VisualStudio.TestTools.TestTypes.Unit.UnitTestAdapter, Microsoft.VisualStudio.QualityTools.Tips.UnitTest.Adapter, Version=10.0.0.0, Culture=neutral, PublicKeyToken=b03f5f7f11d50a3a" className="SharpBag.ExtensionsTest, SharpBag.Tests, Version=0.0.0.0, Culture=neutral, PublicKeyToken=null" name="ForEach12502" />
    </UnitTest>
    <UnitTest name="Add29603" storage="c:\users\suprdewd\desktop\projects\forritun\sharpbag\sharpbag.tests01\bin\release\sharpbag.tests.dll" id="b74830d0-a6ce-14b6-0d35-7c2e849267f3">
      <Execution id="8ca7a544-809e-4024-8897-d074f980b4b2" />
      <TestMethod codeBase="C:/Users/SuprDewd/Desktop/Projects/Forritun/SharpBag/SharpBag.Tests01/bin/Release/SharpBag.Tests.DLL" adapterTypeName="Microsoft.VisualStudio.TestTools.TestTypes.Unit.UnitTestAdapter, Microsoft.VisualStudio.QualityTools.Tips.UnitTest.Adapter, Version=10.0.0.0, Culture=neutral, PublicKeyToken=b03f5f7f11d50a3a" className="SharpBag.ExtensionsTest, SharpBag.Tests, Version=0.0.0.0, Culture=neutral, PublicKeyToken=null" name="Add29603" />
    </UnitTest>
    <UnitTest name="As0163210" storage="c:\users\suprdewd\desktop\projects\forritun\sharpbag\sharpbag.tests01\bin\release\sharpbag.tests.dll" id="ab4705e8-14a4-6e9f-baf9-e3d238e84cf8">
      <Execution id="fbc80314-83b6-4986-8eb5-41254ffd45a5" />
      <TestMethod codeBase="C:/Users/SuprDewd/Desktop/Projects/Forritun/SharpBag/SharpBag.Tests01/bin/Release/SharpBag.Tests.DLL" adapterTypeName="Microsoft.VisualStudio.TestTools.TestTypes.Unit.UnitTestAdapter, Microsoft.VisualStudio.QualityTools.Tips.UnitTest.Adapter, Version=10.0.0.0, Culture=neutral, PublicKeyToken=b03f5f7f11d50a3a" className="SharpBag.ExtensionsTest, SharpBag.Tests, Version=0.0.0.0, Culture=neutral, PublicKeyToken=null" name="As0163210" />
    </UnitTest>
    <UnitTest name="IfNotNull17301" storage="c:\users\suprdewd\desktop\projects\forritun\sharpbag\sharpbag.tests01\bin\release\sharpbag.tests.dll" id="fdc6582f-0eab-5f36-d160-7547a6de5dbb">
      <Execution id="1d4e2204-fb85-47ec-88ff-d3f84a126b11" />
      <TestMethod codeBase="C:/Users/SuprDewd/Desktop/Projects/Forritun/SharpBag/SharpBag.Tests01/bin/Release/SharpBag.Tests.DLL" adapterTypeName="Microsoft.VisualStudio.TestTools.TestTypes.Unit.UnitTestAdapter, Microsoft.VisualStudio.QualityTools.Tips.UnitTest.Adapter, Version=10.0.0.0, Culture=neutral, PublicKeyToken=b03f5f7f11d50a3a" className="SharpBag.ExtensionsTest, SharpBag.Tests, Version=0.0.0.0, Culture=neutral, PublicKeyToken=null" name="IfNotNull17301" />
    </UnitTest>
    <UnitTest name="As76301" storage="c:\users\suprdewd\desktop\projects\forritun\sharpbag\sharpbag.tests01\bin\release\sharpbag.tests.dll" id="14c4d8f7-99c5-9b56-48f1-16bece872cd1">
      <Execution id="a75e18a5-c8b9-4204-997a-b23f4c569995" />
      <TestMethod codeBase="C:/Users/SuprDewd/Desktop/Projects/Forritun/SharpBag/SharpBag.Tests01/bin/Release/SharpBag.Tests.DLL" adapterTypeName="Microsoft.VisualStudio.TestTools.TestTypes.Unit.UnitTestAdapter, Microsoft.VisualStudio.QualityTools.Tips.UnitTest.Adapter, Version=10.0.0.0, Culture=neutral, PublicKeyToken=b03f5f7f11d50a3a" className="SharpBag.ExtensionsTest, SharpBag.Tests, Version=0.0.0.0, Culture=neutral, PublicKeyToken=null" name="As76301" />
    </UnitTest>
    <UnitTest name="EmptyIfNull574" storage="c:\users\suprdewd\desktop\projects\forritun\sharpbag\sharpbag.tests01\bin\release\sharpbag.tests.dll" id="d982986f-d5cc-bb8f-d6d8-e2a54e2f4dd0">
      <Execution id="427fd9b7-cd91-4491-ac75-210a9e4319d6" />
      <TestMethod codeBase="C:/Users/SuprDewd/Desktop/Projects/Forritun/SharpBag/SharpBag.Tests01/bin/Release/SharpBag.Tests.DLL" adapterTypeName="Microsoft.VisualStudio.TestTools.TestTypes.Unit.UnitTestAdapter, Microsoft.VisualStudio.QualityTools.Tips.UnitTest.Adapter, Version=10.0.0.0, Culture=neutral, PublicKeyToken=b03f5f7f11d50a3a" className="SharpBag.ExtensionsTest, SharpBag.Tests, Version=0.0.0.0, Culture=neutral, PublicKeyToken=null" name="EmptyIfNull574" />
    </UnitTest>
  </TestDefinitions>
  <TestLists>
    <TestList name="Results Not in a List" id="8c84fa94-04c1-424b-9868-57a2d4851a1d" />
    <TestList name="All Loaded Results" id="19431567-8539-422a-85d7-44ee4e166bda" />
  </TestLists>
  <TestEntries>
    <TestEntry testId="02dbbd81-860f-9e6d-6bf0-d3b21164d681" executionId="32d5fa91-9b6a-406d-b76d-9288e3475372" testListId="8c84fa94-04c1-424b-9868-57a2d4851a1d" />
    <TestEntry testId="03c88b26-e4eb-d38e-6683-3ac55f8aeeac" executionId="15f1b5dd-8cb4-461d-be1b-16429df01c34" testListId="8c84fa94-04c1-424b-9868-57a2d4851a1d" />
    <TestEntry testId="055e48df-0214-9f4b-ed2b-c5a320ca2c7d" executionId="99edc76d-8960-45b8-95c6-727c42ed3564" testListId="8c84fa94-04c1-424b-9868-57a2d4851a1d" />
    <TestEntry testId="06d747a6-abc2-c83d-da24-3ee86184f362" executionId="7fa995b3-e550-4e94-825b-f69b06d0e9bf" testListId="8c84fa94-04c1-424b-9868-57a2d4851a1d" />
    <TestEntry testId="0860ee19-0524-5919-2b3c-8316527f7933" executionId="500dd32d-d4c7-46c1-9515-0c0188fc5c44" testListId="8c84fa94-04c1-424b-9868-57a2d4851a1d" />
    <TestEntry testId="09abec53-bc8a-0db2-1ff6-28ad5ea0f559" executionId="1086d47b-6416-4df9-801e-0c02f96ed103" testListId="8c84fa94-04c1-424b-9868-57a2d4851a1d" />
    <TestEntry testId="0c1112ce-06b8-6d36-f7fb-a3574f6e2065" executionId="f7f80228-d18c-49bd-84b7-1d36dd0dfdfa" testListId="8c84fa94-04c1-424b-9868-57a2d4851a1d" />
    <TestEntry testId="0c58cf0b-ac72-a134-206f-98daff22c7f5" executionId="7601acd3-1d2c-4a4f-8df6-a3d3fe15cacb" testListId="8c84fa94-04c1-424b-9868-57a2d4851a1d" />
    <TestEntry testId="0c6370f1-3a15-0de1-18cb-8da30dd57ee7" executionId="db2e2626-5778-4b77-a4bf-ad70f3dfe82a" testListId="8c84fa94-04c1-424b-9868-57a2d4851a1d" />
    <TestEntry testId="0cb477c5-7b02-500d-45eb-bb863b0c13bb" executionId="ad880047-664b-448c-91a8-10fb211fa15c" testListId="8c84fa94-04c1-424b-9868-57a2d4851a1d" />
    <TestEntry testId="0e44207d-1ccf-04c5-6aef-2081653ff131" executionId="35a9eeb2-d884-4822-8068-2934b4d9aede" testListId="8c84fa94-04c1-424b-9868-57a2d4851a1d" />
    <TestEntry testId="0e645c38-e73b-967d-e94f-74a8d38a05b3" executionId="338a2d17-6459-4a3b-b233-5e1293b14b8c" testListId="8c84fa94-04c1-424b-9868-57a2d4851a1d" />
    <TestEntry testId="0e73a463-cb0d-f992-9d84-5941849f04d6" executionId="e68e90e0-c542-413c-9fa3-f2a5fc8d0052" testListId="8c84fa94-04c1-424b-9868-57a2d4851a1d" />
    <TestEntry testId="0e90738b-70d8-2788-4a26-d16c8666f6ca" executionId="b010d69b-856a-48df-a968-03e94d26045a" testListId="8c84fa94-04c1-424b-9868-57a2d4851a1d" />
    <TestEntry testId="0f614d48-4580-1835-c34d-314b56fdf70c" executionId="906e6156-28dc-44e8-9ea7-262c7aa9a314" testListId="8c84fa94-04c1-424b-9868-57a2d4851a1d" />
    <TestEntry testId="0f9431a7-c4c3-1aca-912d-ce2c11b0e97d" executionId="197afff1-5c23-4c75-ab27-5f7e9a02fc34" testListId="8c84fa94-04c1-424b-9868-57a2d4851a1d" />
    <TestEntry testId="106b7a63-3c06-2f97-097e-1a5d38b1a1ac" executionId="e714530c-c3f5-4fb2-862b-dd9e7779585c" testListId="8c84fa94-04c1-424b-9868-57a2d4851a1d" />
    <TestEntry testId="11187b04-c546-bd3e-0bbb-d3f71bff1f4f" executionId="2a314f53-fea0-4fa7-9b92-6b24aa4bca78" testListId="8c84fa94-04c1-424b-9868-57a2d4851a1d" />
    <TestEntry testId="116bcbca-67a9-cf3b-0614-27721784c6e2" executionId="c32eb293-196f-40f7-8bed-6fb52de53fa2" testListId="8c84fa94-04c1-424b-9868-57a2d4851a1d" />
    <TestEntry testId="116e53ad-53cc-1f8c-5eeb-a61eba3cd5e8" executionId="18dfa95b-28ce-4d58-8c61-ce168fe97333" testListId="8c84fa94-04c1-424b-9868-57a2d4851a1d" />
    <TestEntry testId="14c4d8f7-99c5-9b56-48f1-16bece872cd1" executionId="a75e18a5-c8b9-4204-997a-b23f4c569995" testListId="8c84fa94-04c1-424b-9868-57a2d4851a1d" />
    <TestEntry testId="14e07649-4bb1-965c-d352-f5e6a62d38fd" executionId="c915f7f8-6ef5-4895-982e-8817578df0c4" testListId="8c84fa94-04c1-424b-9868-57a2d4851a1d" />
    <TestEntry testId="1614cc64-5cbc-b082-cb61-089f874d65b1" executionId="a9f645c8-76d7-41a1-9f66-71f5c7de0d9a" testListId="8c84fa94-04c1-424b-9868-57a2d4851a1d" />
    <TestEntry testId="16bc510b-963f-30e5-6517-13389edd4fdc" executionId="850944f0-b5ae-43c3-92fc-59c2f8d70616" testListId="8c84fa94-04c1-424b-9868-57a2d4851a1d" />
    <TestEntry testId="17cbf434-78e7-42a5-6758-242cc94ac703" executionId="ef8b3662-ceda-4514-8e71-dee346acaf44" testListId="8c84fa94-04c1-424b-9868-57a2d4851a1d" />
    <TestEntry testId="18234ca5-6af0-1355-5140-f92645f28e01" executionId="b7243cee-e455-448b-9ea2-7d071eb7247f" testListId="8c84fa94-04c1-424b-9868-57a2d4851a1d" />
    <TestEntry testId="19033310-a8dd-db0b-1dcd-2bf1bef510ca" executionId="4dfba726-9ba0-417b-af07-ad66858a4a38" testListId="8c84fa94-04c1-424b-9868-57a2d4851a1d" />
    <TestEntry testId="1903a639-b5d9-1b4f-9c30-0405b15e8f12" executionId="3e46a96a-b389-4851-bba3-36cddd1d6132" testListId="8c84fa94-04c1-424b-9868-57a2d4851a1d" />
    <TestEntry testId="1a1204f8-80dc-63b9-41bb-196d59b5bd9c" executionId="c9ee8f30-2670-460c-8871-ad1bd57bc5d9" testListId="8c84fa94-04c1-424b-9868-57a2d4851a1d" />
    <TestEntry testId="1a2d7899-6e00-21df-f034-6547a11cae31" executionId="bf2a7fb8-74f3-4f65-a7c3-e147a4da85bc" testListId="8c84fa94-04c1-424b-9868-57a2d4851a1d" />
    <TestEntry testId="1a41ca06-c399-fb41-1b68-4e54f6d9fba0" executionId="44f63601-6b1b-49ef-9be0-6801ab5b6ca5" testListId="8c84fa94-04c1-424b-9868-57a2d4851a1d" />
    <TestEntry testId="1b50a732-77b4-82a3-8153-f8dad0640018" executionId="bb5d1db9-aaf3-48d5-824b-2a5519aa0404" testListId="8c84fa94-04c1-424b-9868-57a2d4851a1d" />
    <TestEntry testId="1b9103d0-5cae-0f4c-09ff-459b405bb125" executionId="bf42e9a5-f54a-4c56-987f-92a2f8969d5e" testListId="8c84fa94-04c1-424b-9868-57a2d4851a1d" />
    <TestEntry testId="1c5ab376-6152-4272-31e3-55dc91a07a86" executionId="ab4f188b-ea51-458f-b5cb-aeabef284118" testListId="8c84fa94-04c1-424b-9868-57a2d4851a1d" />
    <TestEntry testId="1c9baf40-1112-7f41-3f0f-adc161687f04" executionId="1efebee5-f456-448c-bb52-502d43916e27" testListId="8c84fa94-04c1-424b-9868-57a2d4851a1d" />
    <TestEntry testId="1cb6fca5-5cbd-75cb-cfee-a358b8315906" executionId="0ceb2924-fd69-4ecf-86f9-334cf32434d1" testListId="8c84fa94-04c1-424b-9868-57a2d4851a1d" />
    <TestEntry testId="1cdb2f2c-09f6-d6d8-6d16-a0ea90824aba" executionId="503213b2-34f8-4cce-b75a-c9d92ea3b141" testListId="8c84fa94-04c1-424b-9868-57a2d4851a1d" />
    <TestEntry testId="1e0ca069-996e-4bc0-6164-74e9ee8107ac" executionId="6134898b-1511-4c40-9a47-6f10b02bee86" testListId="8c84fa94-04c1-424b-9868-57a2d4851a1d" />
    <TestEntry testId="1e811e95-82b3-7182-a1a6-ec99686bab87" executionId="7bef34db-8ec6-4a25-9717-4253318f3be0" testListId="8c84fa94-04c1-424b-9868-57a2d4851a1d" />
    <TestEntry testId="20789601-3bb2-517f-9c07-8755507d968d" executionId="87493185-2713-485b-b613-11676e69dcbe" testListId="8c84fa94-04c1-424b-9868-57a2d4851a1d" />
    <TestEntry testId="21cd2d7c-c714-efa2-4c1d-abe7711f0f8f" executionId="d3db88be-68fb-463a-a365-fab3b421a9ec" testListId="8c84fa94-04c1-424b-9868-57a2d4851a1d" />
    <TestEntry testId="2250a8be-6947-1057-ceec-e49c62f651fa" executionId="c3813964-54a3-4a40-9809-a26e2d8eec0c" testListId="8c84fa94-04c1-424b-9868-57a2d4851a1d" />
    <TestEntry testId="229cca66-aa3f-9557-9307-ec8679e563f6" executionId="cdc1bb4e-0a61-4a54-ae4d-e0f6a2427674" testListId="8c84fa94-04c1-424b-9868-57a2d4851a1d" />
    <TestEntry testId="22b3bc9e-2d91-4747-086b-d415be2c5776" executionId="c4310ec5-f7a1-44cd-91ca-02c8f20072ad" testListId="8c84fa94-04c1-424b-9868-57a2d4851a1d" />
    <TestEntry testId="22fb3f0c-8177-2102-3c97-5cd124eaf953" executionId="a5e93591-65c2-424c-8205-9833ab45c33e" testListId="8c84fa94-04c1-424b-9868-57a2d4851a1d" />
    <TestEntry testId="236dd585-9363-168d-3729-7ab007ad8692" executionId="00e17f43-1f2d-45b3-bfe8-6b2121aa940f" testListId="8c84fa94-04c1-424b-9868-57a2d4851a1d" />
    <TestEntry testId="25d5b35a-db1f-e192-1a83-5fbd23003a20" executionId="c43a984c-9631-4f35-b432-c45885a23520" testListId="8c84fa94-04c1-424b-9868-57a2d4851a1d" />
    <TestEntry testId="25e137bf-b11b-a709-2200-80de04831d5b" executionId="c574a53d-2de4-4b0c-96b5-bae69c48c83e" testListId="8c84fa94-04c1-424b-9868-57a2d4851a1d" />
    <TestEntry testId="29095a51-c311-c865-7cf1-7076578258b7" executionId="461533ef-4a5b-469b-bb34-c58da2384da4" testListId="8c84fa94-04c1-424b-9868-57a2d4851a1d" />
    <TestEntry testId="29e140f3-0b7d-028a-f85f-e65d5e7a4460" executionId="2ee709c7-14e4-41ea-9c0e-1f1276976bb4" testListId="8c84fa94-04c1-424b-9868-57a2d4851a1d" />
    <TestEntry testId="2a3bccbe-42e2-9009-af11-20e5efc1eb2e" executionId="1cdbc4ba-6062-44a3-9244-d45575251472" testListId="8c84fa94-04c1-424b-9868-57a2d4851a1d" />
    <TestEntry testId="2b6a1fd0-ad89-86fe-c32f-c850f3486570" executionId="48511f60-691b-415b-85c3-434fc0b5e614" testListId="8c84fa94-04c1-424b-9868-57a2d4851a1d" />
    <TestEntry testId="2b9734bf-2716-3fbd-907d-b338c9f5816c" executionId="c9dc604b-7012-4df1-b7ad-658e2a8e3ae4" testListId="8c84fa94-04c1-424b-9868-57a2d4851a1d" />
    <TestEntry testId="2c678190-6575-f47a-afde-b3eb80b1856c" executionId="f8b34e1b-4a46-4b48-a929-446489510a8a" testListId="8c84fa94-04c1-424b-9868-57a2d4851a1d" />
    <TestEntry testId="2e107be2-e3af-1a8b-fb4b-bdb5534db4b8" executionId="9be27d98-439c-4274-bd68-c836785c838f" testListId="8c84fa94-04c1-424b-9868-57a2d4851a1d" />
    <TestEntry testId="2e9abde5-72f2-18f2-ec62-8da36318a8ed" executionId="e44e71ea-aafa-4369-a733-ec7edc173d9d" testListId="8c84fa94-04c1-424b-9868-57a2d4851a1d" />
    <TestEntry testId="2f965438-892b-963f-1d2d-a0dc16402531" executionId="05ca10bf-ced0-43ff-b259-835838ce762b" testListId="8c84fa94-04c1-424b-9868-57a2d4851a1d" />
    <TestEntry testId="2fd85783-fc83-f96f-d9bf-a6bcc5a252f1" executionId="575a503d-8989-4971-8f08-65bf05869bf9" testListId="8c84fa94-04c1-424b-9868-57a2d4851a1d" />
    <TestEntry testId="2ff335b0-14c8-89c8-7e7b-05ade8625c3d" executionId="5f4787ac-2485-4767-9993-8e12477cada6" testListId="8c84fa94-04c1-424b-9868-57a2d4851a1d" />
    <TestEntry testId="2ff38794-ad92-1998-3c20-e3ee775a8969" executionId="1b9c71d9-c50c-4ec1-87d6-c37629a82e5b" testListId="8c84fa94-04c1-424b-9868-57a2d4851a1d" />
    <TestEntry testId="31751606-0e00-3ddd-298e-e7c2d6c445a2" executionId="8eea4693-c311-436d-8c4a-a143768a5dfd" testListId="8c84fa94-04c1-424b-9868-57a2d4851a1d" />
    <TestEntry testId="31a88d64-bb5b-6217-2758-d493dee381b6" executionId="21ea4ba9-830f-4543-a68d-81f1b2b306a7" testListId="8c84fa94-04c1-424b-9868-57a2d4851a1d" />
    <TestEntry testId="31a904fb-b5e5-f95a-175a-584bb2addaff" executionId="71df28d1-e8e2-42ea-992b-a3c0bedd44bf" testListId="8c84fa94-04c1-424b-9868-57a2d4851a1d" />
    <TestEntry testId="33d00c5c-c888-05a3-fa39-c11369cf7bd7" executionId="bac3ae77-10ef-4cde-8311-e53b840d7aaf" testListId="8c84fa94-04c1-424b-9868-57a2d4851a1d" />
    <TestEntry testId="3403c50d-2a71-9a27-1ea8-652ff438ba45" executionId="f9d266d8-67cb-4935-b1f0-0559fae39b75" testListId="8c84fa94-04c1-424b-9868-57a2d4851a1d" />
    <TestEntry testId="34aa3cd1-c558-0302-e5aa-355d37850848" executionId="3755ad49-62d9-4581-8cbc-9decc4c22d94" testListId="8c84fa94-04c1-424b-9868-57a2d4851a1d" />
    <TestEntry testId="36c0ac7a-9f37-b952-7a17-2ad1e9132b69" executionId="0c364199-6455-4963-9965-c32ffc74b822" testListId="8c84fa94-04c1-424b-9868-57a2d4851a1d" />
    <TestEntry testId="37c5e788-97a2-ee7f-c1df-5b64dcc3fb4c" executionId="7f43089b-38a0-441f-bffe-9ef95e867505" testListId="8c84fa94-04c1-424b-9868-57a2d4851a1d" />
    <TestEntry testId="382ae704-dd0b-2259-d31c-dfbfb69a1305" executionId="8d72be23-388c-4d23-a1a2-5d27a995bba5" testListId="8c84fa94-04c1-424b-9868-57a2d4851a1d" />
    <TestEntry testId="389db5b6-ab96-a436-4af4-f75359c85bc2" executionId="a6d41a5b-7c4b-47fe-8829-90cc8a752499" testListId="8c84fa94-04c1-424b-9868-57a2d4851a1d" />
    <TestEntry testId="3902168e-77cb-c1b4-c44f-4336ab3b86bd" executionId="bb970e6e-92b5-4662-ba7a-7e1867557121" testListId="8c84fa94-04c1-424b-9868-57a2d4851a1d" />
    <TestEntry testId="39820720-af85-1690-8f39-546deff2b7b4" executionId="10bcbbb7-5992-439a-b03b-b7e90f33557c" testListId="8c84fa94-04c1-424b-9868-57a2d4851a1d" />
    <TestEntry testId="39a24eb5-a45d-f931-6682-86b278494085" executionId="e43b80e7-96a1-4f14-a6e9-6af08d36967f" testListId="8c84fa94-04c1-424b-9868-57a2d4851a1d" />
    <TestEntry testId="3c1d094b-ca29-adfc-cfcd-77289a3cce3f" executionId="c19a2755-739f-418c-9f68-42cffb707d4c" testListId="8c84fa94-04c1-424b-9868-57a2d4851a1d" />
    <TestEntry testId="3ca3afbe-4155-3a78-1581-d034645ac0e9" executionId="3b268a4a-2e15-46e6-85d2-52fffde9843b" testListId="8c84fa94-04c1-424b-9868-57a2d4851a1d" />
    <TestEntry testId="3f99a1d3-4dae-8b7d-a361-9ebbf5115b1e" executionId="5899404c-b92c-48e5-9a6f-3c9bdcfb0b57" testListId="8c84fa94-04c1-424b-9868-57a2d4851a1d" />
    <TestEntry testId="3febe6f3-67ab-23b3-dd85-d4b7c1206b0c" executionId="0a8418fb-3e22-4e9c-8611-99ef66dcb083" testListId="8c84fa94-04c1-424b-9868-57a2d4851a1d" />
    <TestEntry testId="40b13692-f736-7aca-afa5-678a24ba3ffc" executionId="c3b9c794-aff2-46cc-9274-07cbfb8104e9" testListId="8c84fa94-04c1-424b-9868-57a2d4851a1d" />
    <TestEntry testId="40e83519-1225-601d-0c17-661b77e82314" executionId="111b7704-f5cf-47b2-af76-4ebda7692ab2" testListId="8c84fa94-04c1-424b-9868-57a2d4851a1d" />
    <TestEntry testId="4183213a-6645-16c2-af8b-e5bfcf7442d8" executionId="512f236f-ee11-4f59-ac20-74b5747c87c0" testListId="8c84fa94-04c1-424b-9868-57a2d4851a1d" />
    <TestEntry testId="41b53b6b-04c0-c784-5da0-bab31b4fb4d7" executionId="00307093-9d49-49bc-ac07-e6be3608da4f" testListId="8c84fa94-04c1-424b-9868-57a2d4851a1d" />
    <TestEntry testId="42f45f10-504d-0d19-0e58-1ea2105c69e9" executionId="8e4a66ca-3c6c-46b4-9251-27d974dd4b4c" testListId="8c84fa94-04c1-424b-9868-57a2d4851a1d" />
    <TestEntry testId="43271b50-9462-4bb7-5e78-3783a2d68504" executionId="b5b2e3ad-f0bb-4d3a-8b15-4b5cd52fc467" testListId="8c84fa94-04c1-424b-9868-57a2d4851a1d" />
    <TestEntry testId="44ddd54b-7a43-e4f9-ebb3-b78badce4585" executionId="98c16f61-090f-48bb-8a00-f7735f91850a" testListId="8c84fa94-04c1-424b-9868-57a2d4851a1d" />
    <TestEntry testId="4603637e-fb7e-2981-f426-423b0ee1dc90" executionId="3845fcbd-a805-4666-8ff2-f58cb4b39e36" testListId="8c84fa94-04c1-424b-9868-57a2d4851a1d" />
    <TestEntry testId="466bff3f-4c8e-a9c1-50f6-91ffeb15d3a1" executionId="9dd5271a-6e27-4c4c-ab6b-53c116438457" testListId="8c84fa94-04c1-424b-9868-57a2d4851a1d" />
    <TestEntry testId="46ca0fd9-03e1-55e3-3ad7-b4625d8d07c0" executionId="4b963fd8-9da3-42a5-b547-8533cbbf31e0" testListId="8c84fa94-04c1-424b-9868-57a2d4851a1d" />
    <TestEntry testId="473a2b39-cb44-1d62-3c12-9fd92e3b377f" executionId="224f46e3-c1bb-49c3-92cb-8142009e8795" testListId="8c84fa94-04c1-424b-9868-57a2d4851a1d" />
    <TestEntry testId="4828b82d-197c-d38d-1052-fb24855ec6ae" executionId="1673894c-554b-452e-ac2f-9fa344d05ed7" testListId="8c84fa94-04c1-424b-9868-57a2d4851a1d" />
    <TestEntry testId="49aa9228-e307-ef3c-566e-386137588923" executionId="c9f80591-83aa-4adf-9f6c-f95892a36d0a" testListId="8c84fa94-04c1-424b-9868-57a2d4851a1d" />
    <TestEntry testId="49b4e1b0-9a60-f1f3-7d8e-e1f63ecc7d50" executionId="aece880d-65f0-4be3-95fe-c814e3844579" testListId="8c84fa94-04c1-424b-9868-57a2d4851a1d" />
    <TestEntry testId="4a5ccd91-8853-f0cc-c6d0-af1603a36ab2" executionId="392ebe95-b6c7-4335-a54c-a2b8c87adba7" testListId="8c84fa94-04c1-424b-9868-57a2d4851a1d" />
    <TestEntry testId="4c1abec7-91f0-7672-2e0f-302cf26fbd1a" executionId="d125870b-b907-48ca-b0b0-60e24521b7b3" testListId="8c84fa94-04c1-424b-9868-57a2d4851a1d" />
    <TestEntry testId="4c766330-2a1a-c11f-5958-fa0e45c2a866" executionId="777328ad-7df7-4de3-b603-0c0b22a1ff79" testListId="8c84fa94-04c1-424b-9868-57a2d4851a1d" />
    <TestEntry testId="4d41008a-7d5b-c195-89ca-25e2bba2803d" executionId="adc53fc4-ee4d-4e2e-b296-a6df4a39595f" testListId="8c84fa94-04c1-424b-9868-57a2d4851a1d" />
    <TestEntry testId="4ef1899b-961d-b074-c653-732880e5589d" executionId="1dc943b5-99d5-47f4-abc7-adde49a2dcf7" testListId="8c84fa94-04c1-424b-9868-57a2d4851a1d" />
    <TestEntry testId="4f308a7f-5339-1197-c196-e8c2a3294cdb" executionId="1fa6a4e3-df60-41f3-ab39-0ab2112db99a" testListId="8c84fa94-04c1-424b-9868-57a2d4851a1d" />
    <TestEntry testId="4fbb91c1-c965-1543-022c-12856d2ae5ad" executionId="b3bdaff8-19c2-46bf-a259-a5a3963acb29" testListId="8c84fa94-04c1-424b-9868-57a2d4851a1d" />
    <TestEntry testId="54dfb2f2-edab-6914-c734-746381ef028e" executionId="a7a5e2d5-9e23-499b-822e-543abdec4ddb" testListId="8c84fa94-04c1-424b-9868-57a2d4851a1d" />
    <TestEntry testId="559ad5fd-9c89-3fab-e602-368a88629e35" executionId="3f80f5bd-f024-4706-8443-009e03fd91a0" testListId="8c84fa94-04c1-424b-9868-57a2d4851a1d" />
    <TestEntry testId="567a07ee-04bb-68f0-b054-7c3ac20e04d0" executionId="daade9f0-be91-4455-b656-64dae0838e55" testListId="8c84fa94-04c1-424b-9868-57a2d4851a1d" />
    <TestEntry testId="56fc1a57-6e5c-088b-8f95-88d9f697c097" executionId="a379a158-84dd-4e3f-915b-e0da7336eb95" testListId="8c84fa94-04c1-424b-9868-57a2d4851a1d" />
    <TestEntry testId="5755d2a8-1978-f19d-e7bc-79a3772bf830" executionId="e899fbc5-efaf-4ef3-ba6b-88ddcf785e6d" testListId="8c84fa94-04c1-424b-9868-57a2d4851a1d" />
    <TestEntry testId="583a3c4e-73f0-f6e0-0816-cbe45229841d" executionId="ebd09203-d020-4edc-906a-0c4e64ed8ed0" testListId="8c84fa94-04c1-424b-9868-57a2d4851a1d" />
    <TestEntry testId="585eea8b-8fa4-71e8-9d43-5274aef9fa35" executionId="0a99071b-8c7a-4295-bb1f-4f3b0924f784" testListId="8c84fa94-04c1-424b-9868-57a2d4851a1d" />
    <TestEntry testId="59990ab9-8064-95a7-969b-da2dc269c717" executionId="9cba5b25-df4c-45a4-9226-5ebe33c651e7" testListId="8c84fa94-04c1-424b-9868-57a2d4851a1d" />
    <TestEntry testId="5af37465-b5df-7692-a729-818959a35f63" executionId="a9ed619a-f0e1-4398-b06d-65c66a8ffda3" testListId="8c84fa94-04c1-424b-9868-57a2d4851a1d" />
    <TestEntry testId="5b905b9d-179c-2930-2f2f-ad7751aea174" executionId="25797587-8dc5-4e20-a20b-79988fa87ef2" testListId="8c84fa94-04c1-424b-9868-57a2d4851a1d" />
    <TestEntry testId="5d4547ce-a6eb-4a5d-11b5-fd4fb3f2b4c4" executionId="8dc9de10-f06f-4e3f-842a-20c2c1e24c3f" testListId="8c84fa94-04c1-424b-9868-57a2d4851a1d" />
    <TestEntry testId="5d663026-8403-d8b3-571f-dbc623bc2b0e" executionId="86a144dc-f3ce-48b2-a033-f5594d6b8046" testListId="8c84fa94-04c1-424b-9868-57a2d4851a1d" />
    <TestEntry testId="5f6c8af1-2825-3c27-b802-e1be0e1eeb12" executionId="bc6459fe-83d4-42b7-8609-9f0102cb1ed3" testListId="8c84fa94-04c1-424b-9868-57a2d4851a1d" />
    <TestEntry testId="603d3527-31ad-433b-f22d-64c8d067b62d" executionId="6296a24e-11b6-4d13-82b2-6848b03a704c" testListId="8c84fa94-04c1-424b-9868-57a2d4851a1d" />
    <TestEntry testId="633e6a31-e7c1-dc4e-810e-71a427cf70a8" executionId="7f9112cb-0e95-4bb7-92c7-6de0992c8fa0" testListId="8c84fa94-04c1-424b-9868-57a2d4851a1d" />
    <TestEntry testId="640310df-d648-7294-c434-32af677c30c3" executionId="1b4904b3-0c18-4879-8728-7dc8b20f2731" testListId="8c84fa94-04c1-424b-9868-57a2d4851a1d" />
    <TestEntry testId="69d4fcec-3787-b518-9138-fc65c3d09ecc" executionId="245cbba0-2dbf-4c02-a6a1-5037d655e8f6" testListId="8c84fa94-04c1-424b-9868-57a2d4851a1d" />
    <TestEntry testId="6b5ea87c-ca8e-cd07-2a54-53cd363577f8" executionId="3ad60d5d-57de-425e-99e8-58ccf4d26aa4" testListId="8c84fa94-04c1-424b-9868-57a2d4851a1d" />
    <TestEntry testId="6f205f53-5c1d-2d23-0592-7823ba18d3aa" executionId="b042dce7-2039-4ede-ab7e-7e93e00a7b33" testListId="8c84fa94-04c1-424b-9868-57a2d4851a1d" />
    <TestEntry testId="6fb9b650-50a8-89e9-0d35-3a3dc4939152" executionId="4472ad2f-65f3-4a18-8aed-2ae4042e1e24" testListId="8c84fa94-04c1-424b-9868-57a2d4851a1d" />
    <TestEntry testId="6fc614f1-4cc2-aa3e-1bb2-f91b079638ee" executionId="1b873873-c8a2-4028-8b33-fdcbc3a3b2c3" testListId="8c84fa94-04c1-424b-9868-57a2d4851a1d" />
    <TestEntry testId="70ecef07-25d9-9298-9faa-26825e270b46" executionId="4e0c7532-e36c-48aa-bdb4-9a5d4e631e6e" testListId="8c84fa94-04c1-424b-9868-57a2d4851a1d" />
    <TestEntry testId="71153c10-625e-eee7-0105-ad1f18f9fb72" executionId="951640bf-76ca-4049-9dea-b41f1366097b" testListId="8c84fa94-04c1-424b-9868-57a2d4851a1d" />
    <TestEntry testId="71a360e3-d81d-a30a-382f-721ef096f5b1" executionId="abb67ebb-6f8a-4862-bd0d-19c74a61ba3b" testListId="8c84fa94-04c1-424b-9868-57a2d4851a1d" />
    <TestEntry testId="7206ff03-56a7-ec6c-ffc0-c8679263faa3" executionId="a4a7142c-818b-4b22-b3cb-19b8959b220a" testListId="8c84fa94-04c1-424b-9868-57a2d4851a1d" />
    <TestEntry testId="73dedb08-3777-9f76-6412-b3470bb8b574" executionId="d65c1638-2c8e-4d2c-ae2b-a0b9f4d1edde" testListId="8c84fa94-04c1-424b-9868-57a2d4851a1d" />
    <TestEntry testId="767e3845-1b47-6225-c38c-e6345e12262a" executionId="2f660ba3-e51c-4fa4-b334-e03d47d36362" testListId="8c84fa94-04c1-424b-9868-57a2d4851a1d" />
    <TestEntry testId="7743f34e-ac5f-23a3-8e8f-212222420029" executionId="6a8f5703-bc65-4a3c-a605-83e133e06341" testListId="8c84fa94-04c1-424b-9868-57a2d4851a1d" />
    <TestEntry testId="787c2aca-5007-7e56-5e10-28020b3be468" executionId="7c1e6c31-5156-49f1-b2f2-1ff1e1fa9d2b" testListId="8c84fa94-04c1-424b-9868-57a2d4851a1d" />
    <TestEntry testId="7896ac03-38fd-b99c-d27e-6cbd208a3f1e" executionId="b7ea06ef-2be5-4403-9d2f-2b8a9e967fe6" testListId="8c84fa94-04c1-424b-9868-57a2d4851a1d" />
    <TestEntry testId="797d7b6c-0b94-436f-8cf2-1181e4378e5e" executionId="8c2b17fc-e9aa-4ab1-a47e-0062613790ab" testListId="8c84fa94-04c1-424b-9868-57a2d4851a1d" />
    <TestEntry testId="7a7d56e7-b4b7-3226-df1d-44471276e993" executionId="7ca8b1e3-1082-43da-baec-77899a07b51c" testListId="8c84fa94-04c1-424b-9868-57a2d4851a1d" />
    <TestEntry testId="7a9400e0-6f1a-74cc-aaf2-4e620d01eac4" executionId="ea1af3d4-f948-4d30-9937-6cfcf28870b3" testListId="8c84fa94-04c1-424b-9868-57a2d4851a1d" />
    <TestEntry testId="7a965cd2-e1cf-8636-b94b-9bb1e4688fd0" executionId="d319f1c2-9794-40ea-9124-4f619f6dadba" testListId="8c84fa94-04c1-424b-9868-57a2d4851a1d" />
    <TestEntry testId="7a9b0937-239f-a7cc-e1fc-09bbc3508e89" executionId="e0440ec3-95fb-468e-a309-3399db26e944" testListId="8c84fa94-04c1-424b-9868-57a2d4851a1d" />
    <TestEntry testId="7acd9860-9837-fbe5-5425-b774d050444a" executionId="80105dcd-e76d-4548-8bb6-9f928ef40e5a" testListId="8c84fa94-04c1-424b-9868-57a2d4851a1d" />
    <TestEntry testId="7b6ad291-8507-bfdb-b921-bf2c15c5fff5" executionId="6940571e-a8ab-4a18-accb-bd2dc6c26bff" testListId="8c84fa94-04c1-424b-9868-57a2d4851a1d" />
    <TestEntry testId="7ba074f7-37b4-86ab-f897-639c59c7afb2" executionId="d7faa4cc-297f-4f95-856a-2aa6024fc271" testListId="8c84fa94-04c1-424b-9868-57a2d4851a1d" />
    <TestEntry testId="7d40dea1-9f04-830e-f671-256b02c3b5cf" executionId="639d8fe5-307f-4850-bbc8-b32fa61ee938" testListId="8c84fa94-04c1-424b-9868-57a2d4851a1d" />
    <TestEntry testId="7d85dd6d-e955-0c88-df95-d36cadd3d7ff" executionId="319f4778-7e26-47d5-99f0-eace1d214eed" testListId="8c84fa94-04c1-424b-9868-57a2d4851a1d" />
    <TestEntry testId="80003646-df99-feba-93b2-6a809b884bf6" executionId="7d9e4f2a-c80a-4057-b8aa-49fea47c5c9d" testListId="8c84fa94-04c1-424b-9868-57a2d4851a1d" />
    <TestEntry testId="808822f6-9c85-0a33-f1f9-4d64c79fb975" executionId="cf99f354-ef95-452c-9fbe-11ce9e3e14af" testListId="8c84fa94-04c1-424b-9868-57a2d4851a1d" />
    <TestEntry testId="80c446f8-daa9-dd90-7ba0-f56b79877aec" executionId="ead9868f-ded7-4448-af83-47b169b6b773" testListId="8c84fa94-04c1-424b-9868-57a2d4851a1d" />
    <TestEntry testId="8449ab5e-c7c8-6deb-cb03-833888a032c6" executionId="d8e44159-3bbf-47c2-a387-c06291f67c7b" testListId="8c84fa94-04c1-424b-9868-57a2d4851a1d" />
    <TestEntry testId="850912a6-5065-5531-7451-3014a79cee54" executionId="3cfd3f0d-302e-4e58-a720-6fe5307a1d54" testListId="8c84fa94-04c1-424b-9868-57a2d4851a1d" />
    <TestEntry testId="869377b3-dcd6-3fd0-816f-a4a48e30d6c3" executionId="756fe701-0bb6-46b6-9205-7bb696031bf7" testListId="8c84fa94-04c1-424b-9868-57a2d4851a1d" />
    <TestEntry testId="86a0d6ba-240b-81ef-7612-a91dd0bac5dd" executionId="fe14a3eb-7030-4ded-99a3-b55d4de44059" testListId="8c84fa94-04c1-424b-9868-57a2d4851a1d" />
    <TestEntry testId="86c02588-b87f-32bd-880b-56b0d73c1993" executionId="2e2706af-13d5-4a66-8809-340303e63370" testListId="8c84fa94-04c1-424b-9868-57a2d4851a1d" />
    <TestEntry testId="8795f817-2bb9-9d00-f981-a3a8a2b7335e" executionId="756fcb12-6fe0-4dfc-ab70-bc4ea05dfc8c" testListId="8c84fa94-04c1-424b-9868-57a2d4851a1d" />
    <TestEntry testId="8a248c8c-38d6-117a-cb08-bb2fddeae117" executionId="7243d019-71b1-4c09-97bb-2118010cf0fd" testListId="8c84fa94-04c1-424b-9868-57a2d4851a1d" />
    <TestEntry testId="8d424c8f-9c8d-8bdb-c98c-1e76a87f52e2" executionId="70eaa055-60e6-4436-99c6-988c75ee76b3" testListId="8c84fa94-04c1-424b-9868-57a2d4851a1d" />
    <TestEntry testId="8dec4c0d-9137-8bca-e823-6edddad67b2a" executionId="50d8e6ad-e28f-4a45-917c-92f43fa30a24" testListId="8c84fa94-04c1-424b-9868-57a2d4851a1d" />
    <TestEntry testId="8e9dd2cf-ab74-a19e-4fae-41caa637e0ed" executionId="f59dd71e-a123-43d8-8d57-e2fcf704337a" testListId="8c84fa94-04c1-424b-9868-57a2d4851a1d" />
    <TestEntry testId="8f15350a-b612-7c9b-89ff-1e54a29d9340" executionId="ab36521b-f2d0-486f-86a5-610165a99fe2" testListId="8c84fa94-04c1-424b-9868-57a2d4851a1d" />
    <TestEntry testId="8f214c0c-af12-b9fb-ae32-e2f0e522a10f" executionId="5d2b2aba-a170-4de7-b0d9-64acb51d1944" testListId="8c84fa94-04c1-424b-9868-57a2d4851a1d" />
    <TestEntry testId="90427aa6-8cf4-b956-2b3f-9546b7107ae7" executionId="7ab9acd7-db84-48c4-9cb5-4ab64a7179d4" testListId="8c84fa94-04c1-424b-9868-57a2d4851a1d" />
    <TestEntry testId="91ad74e2-7f98-39c5-b2ac-d6979eb1e521" executionId="04586a9f-81a6-4c09-b81d-f12068e0691e" testListId="8c84fa94-04c1-424b-9868-57a2d4851a1d" />
    <TestEntry testId="920395ef-4d81-2796-a8e3-57b62c679836" executionId="672de20d-98a8-4546-b372-211b14a1d989" testListId="8c84fa94-04c1-424b-9868-57a2d4851a1d" />
    <TestEntry testId="92c796c7-6140-7467-0f72-263f4de0d5fd" executionId="7504f1fc-d376-4203-acdf-a0c3657ace1d" testListId="8c84fa94-04c1-424b-9868-57a2d4851a1d" />
    <TestEntry testId="94c02084-a2f4-8ed3-b12d-a1ac0caf9379" executionId="7fd2f6b1-1db7-4a37-baea-cf745df62191" testListId="8c84fa94-04c1-424b-9868-57a2d4851a1d" />
    <TestEntry testId="9611d5ba-c78e-b7b6-592f-64194d91b456" executionId="51787f03-10d9-4171-8bd2-a1f76cf9199b" testListId="8c84fa94-04c1-424b-9868-57a2d4851a1d" />
    <TestEntry testId="97102229-37fa-e978-ffae-7fd4c7300f98" executionId="f3c6404f-e8a9-48f0-a7ec-42201150f39a" testListId="8c84fa94-04c1-424b-9868-57a2d4851a1d" />
    <TestEntry testId="97495e35-0952-692a-91b0-3d721dc574e4" executionId="7b93be3e-2fc3-4629-997b-51b7c8e69224" testListId="8c84fa94-04c1-424b-9868-57a2d4851a1d" />
    <TestEntry testId="98f1539c-0085-97ac-e6d6-c700951efc19" executionId="a3e741c9-c19d-48af-b1a4-13d60ce1eebc" testListId="8c84fa94-04c1-424b-9868-57a2d4851a1d" />
    <TestEntry testId="990a1706-3c38-5c79-dd26-6bf2a85de470" executionId="211c970a-2193-4ff7-b29a-d02358273898" testListId="8c84fa94-04c1-424b-9868-57a2d4851a1d" />
    <TestEntry testId="9a12b8c7-dd2a-27a8-8e5c-846cf91e7a67" executionId="f4eb74dc-e234-41f4-a882-20fb97c5a9f0" testListId="8c84fa94-04c1-424b-9868-57a2d4851a1d" />
    <TestEntry testId="9b2baef8-8cea-f431-96b6-95e1ddfaf4a9" executionId="052fc35d-66cf-4288-8cca-a7afb18824c9" testListId="8c84fa94-04c1-424b-9868-57a2d4851a1d" />
    <TestEntry testId="9bfa0b14-def6-4233-8f09-efbae74ca192" executionId="561d1bba-e38c-4054-85f1-b78a5167c7d0" testListId="8c84fa94-04c1-424b-9868-57a2d4851a1d" />
    <TestEntry testId="9d4922e1-95bb-cc07-dd59-02aa21bc0c9d" executionId="604a81bc-2ea3-4f58-8b52-d6dd743b1867" testListId="8c84fa94-04c1-424b-9868-57a2d4851a1d" />
    <TestEntry testId="9ed7c416-1a7b-4673-195d-ca2e196d2a2e" executionId="ef19b2d2-642c-4730-8bd3-ca1be97d5d4f" testListId="8c84fa94-04c1-424b-9868-57a2d4851a1d" />
    <TestEntry testId="a45582f8-3825-adac-44bf-8fa9e3381e89" executionId="3e49e3bf-14c0-4783-b31c-421ea722c033" testListId="8c84fa94-04c1-424b-9868-57a2d4851a1d" />
    <TestEntry testId="a5088dbd-9f6a-bb83-e64a-07cfd5052c81" executionId="034e797c-e6a1-49d8-835c-845cb5e89ada" testListId="8c84fa94-04c1-424b-9868-57a2d4851a1d" />
    <TestEntry testId="a51caca7-6a0e-8bea-fb89-3104ddb0e38a" executionId="f8bb4684-e555-4fbf-9ed8-06ca0728bc58" testListId="8c84fa94-04c1-424b-9868-57a2d4851a1d" />
    <TestEntry testId="a54e40a4-c460-0f5a-3324-94dd8c77f779" executionId="98b2deac-a35d-4f2c-8a2e-986615b1044c" testListId="8c84fa94-04c1-424b-9868-57a2d4851a1d" />
    <TestEntry testId="a56170ce-b399-e27e-e213-58e00eb4c436" executionId="4fa04587-a474-4d01-95dc-ed3fc201b95b" testListId="8c84fa94-04c1-424b-9868-57a2d4851a1d" />
    <TestEntry testId="a65b5eab-4121-901b-449c-fc9aba07d07b" executionId="b1297fc7-e684-4a34-8ed7-66aee4260429" testListId="8c84fa94-04c1-424b-9868-57a2d4851a1d" />
    <TestEntry testId="a8ed7a3a-0e05-4105-ece6-4d106523c6c6" executionId="7cb21e94-26d0-44b5-b1fc-5ab0046d3970" testListId="8c84fa94-04c1-424b-9868-57a2d4851a1d" />
    <TestEntry testId="aa951c3d-ee4a-9ede-aac2-7e390167d171" executionId="ff2a799a-1095-4580-b893-25d9c483287c" testListId="8c84fa94-04c1-424b-9868-57a2d4851a1d" />
    <TestEntry testId="ab4705e8-14a4-6e9f-baf9-e3d238e84cf8" executionId="fbc80314-83b6-4986-8eb5-41254ffd45a5" testListId="8c84fa94-04c1-424b-9868-57a2d4851a1d" />
    <TestEntry testId="ad25e31e-4a53-f08b-b3bd-cfdcb07226a0" executionId="a8d3bf0f-1c60-4600-9840-d1546e3d8e89" testListId="8c84fa94-04c1-424b-9868-57a2d4851a1d" />
    <TestEntry testId="aef19ea6-eb47-a1be-032c-8930cda21d9c" executionId="ccafd9ca-04b2-4d7f-9811-79a3d0786a9f" testListId="8c84fa94-04c1-424b-9868-57a2d4851a1d" />
    <TestEntry testId="afe5b38f-db93-5765-7ecd-49d9214e51e3" executionId="2544700b-34a8-495f-9971-8cb28751a470" testListId="8c84fa94-04c1-424b-9868-57a2d4851a1d" />
    <TestEntry testId="b037dab8-9f99-92da-4740-6e79cccc1e32" executionId="a3dac25a-a45b-4985-8274-9320f7c46656" testListId="8c84fa94-04c1-424b-9868-57a2d4851a1d" />
    <TestEntry testId="b03d2b82-a5f5-4a0a-521f-fd9e431b28da" executionId="6a0c443d-e9fe-4fba-9925-644cd053978b" testListId="8c84fa94-04c1-424b-9868-57a2d4851a1d" />
    <TestEntry testId="b086ebe0-6bb0-f4b4-2d74-97b1a10dd517" executionId="cb0453e0-3226-47e6-bd5a-25a9c65aff09" testListId="8c84fa94-04c1-424b-9868-57a2d4851a1d" />
    <TestEntry testId="b1e8fb4c-7380-ad76-529d-dbdac5528194" executionId="a27dee7d-4018-4f94-a349-a95e512700a1" testListId="8c84fa94-04c1-424b-9868-57a2d4851a1d" />
    <TestEntry testId="b2c4141e-1dfd-f110-5623-435719fb340e" executionId="b4799d93-4c3c-4ceb-af18-d8e9c9fd9443" testListId="8c84fa94-04c1-424b-9868-57a2d4851a1d" />
    <TestEntry testId="b30e4a1d-f330-da4d-3e81-5c536003275c" executionId="e3be1422-654b-43c1-8809-a0979a7d3dd3" testListId="8c84fa94-04c1-424b-9868-57a2d4851a1d" />
    <TestEntry testId="b67c54ae-5aad-e1cc-2b17-0ad544f3f701" executionId="fab60e37-bc48-4479-81ff-eccd6e7cac50" testListId="8c84fa94-04c1-424b-9868-57a2d4851a1d" />
    <TestEntry testId="b70d24a9-e4cc-d879-39c7-bc30de9e70ab" executionId="f0279cde-fc49-460e-9b7e-73d7c8897e8c" testListId="8c84fa94-04c1-424b-9868-57a2d4851a1d" />
    <TestEntry testId="b74830d0-a6ce-14b6-0d35-7c2e849267f3" executionId="8ca7a544-809e-4024-8897-d074f980b4b2" testListId="8c84fa94-04c1-424b-9868-57a2d4851a1d" />
    <TestEntry testId="b7fcc578-5aaf-c60a-749d-838a3f516168" executionId="72b5c500-767b-4a5a-a3f5-029d5176fd05" testListId="8c84fa94-04c1-424b-9868-57a2d4851a1d" />
    <TestEntry testId="b8e531ca-ec94-5331-cc83-d2332ab01f85" executionId="7c79463e-3bd6-4ab3-8ad5-93144eb3fd54" testListId="8c84fa94-04c1-424b-9868-57a2d4851a1d" />
    <TestEntry testId="b99ec452-b626-078c-5efb-2041d6f255c4" executionId="95de04ed-64b1-4c83-a242-55fecbdb744f" testListId="8c84fa94-04c1-424b-9868-57a2d4851a1d" />
    <TestEntry testId="baf4ce3c-1fc7-efc9-3438-7f66d5c18bcf" executionId="ad12cb0d-73fa-414c-a212-cec4b7873a63" testListId="8c84fa94-04c1-424b-9868-57a2d4851a1d" />
    <TestEntry testId="bbc45056-7304-0cf8-18ec-0f56b7abf591" executionId="bf903078-9de2-4da9-adfd-e2f067578557" testListId="8c84fa94-04c1-424b-9868-57a2d4851a1d" />
    <TestEntry testId="bbe65d68-71ba-72ec-21d1-a0b54bdef612" executionId="88286e70-ce41-4875-b77a-3914a75c0e59" testListId="8c84fa94-04c1-424b-9868-57a2d4851a1d" />
    <TestEntry testId="bd00057e-88b2-1e9c-846b-ed190ddc5717" executionId="7eaf0bd9-34d7-4a42-ad09-de2be4f5d6a8" testListId="8c84fa94-04c1-424b-9868-57a2d4851a1d" />
    <TestEntry testId="bd7ec864-24ff-4ca6-8f63-6e2fe4065d39" executionId="3ffcc01c-c0f7-4c6d-b368-e43e4bc609a7" testListId="8c84fa94-04c1-424b-9868-57a2d4851a1d" />
    <TestEntry testId="bdf76499-e0f6-3d7b-4432-982ba6c3b223" executionId="8ed0c2af-3a63-4c79-b2aa-43558e533952" testListId="8c84fa94-04c1-424b-9868-57a2d4851a1d" />
    <TestEntry testId="be772578-3bd6-fe1e-69ad-baa513f62b0b" executionId="8038f652-73d5-4e69-b997-0bab510406ba" testListId="8c84fa94-04c1-424b-9868-57a2d4851a1d" />
    <TestEntry testId="bf4b4d8f-a9c5-278f-9d0c-4140566dfe7e" executionId="28076248-d91d-4245-9dca-b1d7887bdfc7" testListId="8c84fa94-04c1-424b-9868-57a2d4851a1d" />
    <TestEntry testId="c0b049d8-5af1-212d-f646-b9a7aa76e7aa" executionId="e5e2fb0d-fbae-4805-897f-ed26ca964e3c" testListId="8c84fa94-04c1-424b-9868-57a2d4851a1d" />
    <TestEntry testId="c1a99b6a-4871-2d6d-84e0-0bd7f3ff5348" executionId="55261550-6d48-42eb-a111-ff3ac870447b" testListId="8c84fa94-04c1-424b-9868-57a2d4851a1d" />
    <TestEntry testId="c35eb805-49e5-7d06-b69d-ba684aaa6791" executionId="5ee50178-c247-4ab7-9e7b-c780f85d0328" testListId="8c84fa94-04c1-424b-9868-57a2d4851a1d" />
    <TestEntry testId="c3a5f774-5c25-7fa7-593c-10a98b5db768" executionId="3dbb8192-714d-4f33-aa63-2c1c3a099e44" testListId="8c84fa94-04c1-424b-9868-57a2d4851a1d" />
    <TestEntry testId="c3b85211-1b55-61c6-8d42-782c04048184" executionId="58f1a759-ea9c-4f6d-871c-61c9b517ff50" testListId="8c84fa94-04c1-424b-9868-57a2d4851a1d" />
    <TestEntry testId="c3e8dcc2-bac7-2a0c-9c06-8dc4838145f3" executionId="8108f115-f438-4f61-a940-001414971c0f" testListId="8c84fa94-04c1-424b-9868-57a2d4851a1d" />
    <TestEntry testId="c441e89e-f895-2b6d-e75c-6ac07c647d62" executionId="f00841bc-2638-462b-a736-36267e98be6c" testListId="8c84fa94-04c1-424b-9868-57a2d4851a1d" />
    <TestEntry testId="c75708a0-bd76-5c05-5aaa-8fcb10fd4321" executionId="a9e36f6d-4854-4a66-bc30-3c58811bca0d" testListId="8c84fa94-04c1-424b-9868-57a2d4851a1d" />
    <TestEntry testId="c764531a-8b43-978a-82fa-64e183192f81" executionId="ffefebbd-d4b8-40aa-bcd3-e071f6c36b0b" testListId="8c84fa94-04c1-424b-9868-57a2d4851a1d" />
    <TestEntry testId="c80221bd-ca0a-aa23-6b81-2ed5f20f8d5f" executionId="98bb1db6-28d7-4e77-ab26-ae64b775cb00" testListId="8c84fa94-04c1-424b-9868-57a2d4851a1d" />
    <TestEntry testId="cc8275a0-551e-d39e-ef08-c6785391cae1" executionId="e18641bf-69c7-4944-a5fd-9ee7a24eeeb8" testListId="8c84fa94-04c1-424b-9868-57a2d4851a1d" />
    <TestEntry testId="cdf50321-c0eb-ddc4-0179-2919c2028903" executionId="545f12ec-61d3-45ba-9eb5-62d3cf4bfeb6" testListId="8c84fa94-04c1-424b-9868-57a2d4851a1d" />
    <TestEntry testId="d0140d76-78ce-58b3-2274-c95b28b0ccfb" executionId="80ae620a-a688-4b28-9d41-cc5835a68567" testListId="8c84fa94-04c1-424b-9868-57a2d4851a1d" />
    <TestEntry testId="d045283f-2980-ed70-af3d-611e9266ab64" executionId="bf670478-64db-4fc3-80f3-0cd1d2f9ae22" testListId="8c84fa94-04c1-424b-9868-57a2d4851a1d" />
    <TestEntry testId="d5027f5f-1da1-2a25-97cf-1e7da6a062b5" executionId="519eaf50-b3dc-43fd-b622-c7fcedaf2d56" testListId="8c84fa94-04c1-424b-9868-57a2d4851a1d" />
    <TestEntry testId="d56f2fbf-3f3e-cba1-4f8d-7b34cec35b0a" executionId="a93328e9-b143-4286-b301-c06f119935b4" testListId="8c84fa94-04c1-424b-9868-57a2d4851a1d" />
    <TestEntry testId="d75bbbff-3e3e-ac68-2b4f-48cfb14f2d0a" executionId="adaf94da-d838-4fab-a86a-5a43152056e4" testListId="8c84fa94-04c1-424b-9868-57a2d4851a1d" />
    <TestEntry testId="d820847a-a64d-718b-5774-4886058277c3" executionId="0ce4b15e-264d-4f0e-ad65-0fb33c9aac4e" testListId="8c84fa94-04c1-424b-9868-57a2d4851a1d" />
    <TestEntry testId="d8af0a27-8cd9-d036-917e-00672cd2689b" executionId="b9f3cd1e-33d0-43fc-a234-fd59da1d57d1" testListId="8c84fa94-04c1-424b-9868-57a2d4851a1d" />
    <TestEntry testId="d97a225a-e31a-2138-2fae-7b4109b25275" executionId="9d72ae2c-23ac-4244-8c60-a462ef05e5a4" testListId="8c84fa94-04c1-424b-9868-57a2d4851a1d" />
    <TestEntry testId="d982986f-d5cc-bb8f-d6d8-e2a54e2f4dd0" executionId="427fd9b7-cd91-4491-ac75-210a9e4319d6" testListId="8c84fa94-04c1-424b-9868-57a2d4851a1d" />
    <TestEntry testId="db3b4c9b-bf56-f07b-1edd-3db630376de3" executionId="b7814c1b-544c-4fba-bc84-10ac6f35f5bb" testListId="8c84fa94-04c1-424b-9868-57a2d4851a1d" />
    <TestEntry testId="db3b6314-b1da-7626-0e4e-61abbddac9d6" executionId="30dce632-9fb5-4a44-9a80-56dc3da0f06d" testListId="8c84fa94-04c1-424b-9868-57a2d4851a1d" />
    <TestEntry testId="dc08494a-5655-aecb-96fc-b52817050a2a" executionId="726b2f2c-5fa6-4dd8-ae76-c2a020872fd6" testListId="8c84fa94-04c1-424b-9868-57a2d4851a1d" />
    <TestEntry testId="de06015f-869e-46b8-4b51-8c7b049b2b96" executionId="e81ab911-9c84-4fdd-87cc-7221b7d176d3" testListId="8c84fa94-04c1-424b-9868-57a2d4851a1d" />
    <TestEntry testId="de9d9ca9-6d6f-fece-a7ad-0d011ee5cf94" executionId="aacd6ea7-10c7-434c-a207-b9a6c8597e6f" testListId="8c84fa94-04c1-424b-9868-57a2d4851a1d" />
    <TestEntry testId="e18cfbc3-f9cf-311e-f710-177b71a46e6d" executionId="0a31aa5b-09ca-471e-9b31-616c96323af0" testListId="8c84fa94-04c1-424b-9868-57a2d4851a1d" />
    <TestEntry testId="e2da7638-0cfc-cc14-83b7-e5fa7748feb4" executionId="93f585bf-6816-42ae-9bb0-6ba0abd2597f" testListId="8c84fa94-04c1-424b-9868-57a2d4851a1d" />
    <TestEntry testId="e30391ee-1b3b-ee9f-b02c-b47de478c33f" executionId="9d2c33e4-7746-4c27-bac3-95fd91676f24" testListId="8c84fa94-04c1-424b-9868-57a2d4851a1d" />
    <TestEntry testId="e37183df-04ce-aa53-28d5-e792188a2202" executionId="36e9fc6e-0e7a-4ac0-bd07-5d6b1d406190" testListId="8c84fa94-04c1-424b-9868-57a2d4851a1d" />
    <TestEntry testId="e5623ce5-a9dc-7c7d-ffdc-f4cf28cd97aa" executionId="3b0e2ddc-02ae-4008-8ad6-a3d27ac92c1a" testListId="8c84fa94-04c1-424b-9868-57a2d4851a1d" />
    <TestEntry testId="e5750d14-09bb-ec70-127b-652a47b7dd9c" executionId="075baf90-6c90-4e37-b4e5-fa7bcfa8ac15" testListId="8c84fa94-04c1-424b-9868-57a2d4851a1d" />
    <TestEntry testId="e77c7ab7-183b-1f93-57a3-77e0403bec4c" executionId="83d63573-2fa0-4d37-987a-c843399f82b1" testListId="8c84fa94-04c1-424b-9868-57a2d4851a1d" />
    <TestEntry testId="e80fc0c4-2914-56fc-191b-489f27774cbc" executionId="b2d450f3-997c-4287-b704-3c718061db13" testListId="8c84fa94-04c1-424b-9868-57a2d4851a1d" />
    <TestEntry testId="e860bbd5-6ce1-07c3-fd03-d14cbeda5d8f" executionId="d69c4662-2383-4b50-a483-c7279bb46aa9" testListId="8c84fa94-04c1-424b-9868-57a2d4851a1d" />
    <TestEntry testId="e89c0529-2532-190e-5936-91edd9263fb1" executionId="e94de43a-e5d5-4ccc-a6a0-f90e4e1de98f" testListId="8c84fa94-04c1-424b-9868-57a2d4851a1d" />
    <TestEntry testId="e8ca73cc-b93e-0f49-9374-ed860ffbd677" executionId="8c04494c-baf3-4cac-88b6-c9f47ff1ae19" testListId="8c84fa94-04c1-424b-9868-57a2d4851a1d" />
    <TestEntry testId="e966bfbe-0422-eb75-f093-b800f9c629b7" executionId="41e92161-7676-4025-91c0-dcad1022f14d" testListId="8c84fa94-04c1-424b-9868-57a2d4851a1d" />
    <TestEntry testId="ea12baf4-c62d-b0ca-b8ec-0dd742c09890" executionId="7472fce0-83af-42d4-9aa6-cf488cd2f3ed" testListId="8c84fa94-04c1-424b-9868-57a2d4851a1d" />
    <TestEntry testId="ea8ee283-08b1-8adf-4aa4-5e76e4a476d8" executionId="a249ed61-3165-45ba-b4a0-c2161f30506f" testListId="8c84fa94-04c1-424b-9868-57a2d4851a1d" />
    <TestEntry testId="eaed8830-28b9-0d81-19c8-50909473733c" executionId="7f402d11-b6b5-4ffe-923f-94b0f699e321" testListId="8c84fa94-04c1-424b-9868-57a2d4851a1d" />
    <TestEntry testId="ec55615d-1e36-c752-f2bf-b20284d0ae33" executionId="33e4151d-84cf-4010-a2b7-334afae3a12b" testListId="8c84fa94-04c1-424b-9868-57a2d4851a1d" />
    <TestEntry testId="ec99d1a9-4b49-a94f-134c-f58d11b57222" executionId="9247e48d-f965-4304-8e20-7470249c48eb" testListId="8c84fa94-04c1-424b-9868-57a2d4851a1d" />
    <TestEntry testId="ee7a26ae-f08b-c1d5-713f-d21139c592b9" executionId="af2e83e2-39d2-4a5c-abc9-4275e1a3c4ef" testListId="8c84fa94-04c1-424b-9868-57a2d4851a1d" />
    <TestEntry testId="eeb34c89-a7df-f580-faa2-1b58190ee5be" executionId="c9d9a127-c628-409e-90de-d977e22d6c86" testListId="8c84fa94-04c1-424b-9868-57a2d4851a1d" />
    <TestEntry testId="f026b4fd-1d5b-6d3d-657e-a3e832a7de61" executionId="3635e20b-f3b2-41d1-b2b1-53b5ebed7945" testListId="8c84fa94-04c1-424b-9868-57a2d4851a1d" />
    <TestEntry testId="f342f959-584b-70f7-fc12-f7e45c365653" executionId="694c01c9-2bd8-4bfe-b0de-a9a8d1beeb74" testListId="8c84fa94-04c1-424b-9868-57a2d4851a1d" />
    <TestEntry testId="f4a16930-7fb5-1364-b2bb-1dffeb9040de" executionId="386ac563-9c98-4610-b672-81355b610966" testListId="8c84fa94-04c1-424b-9868-57a2d4851a1d" />
    <TestEntry testId="f4f76af5-0d54-7bf8-8ba4-b32803d7a374" executionId="50dd2f2d-3944-43fc-a47b-106fda4a29c4" testListId="8c84fa94-04c1-424b-9868-57a2d4851a1d" />
    <TestEntry testId="f51de229-4761-6e36-e9f5-2ae1d5b346f0" executionId="d76570d9-4587-48f5-b55c-38b89682c504" testListId="8c84fa94-04c1-424b-9868-57a2d4851a1d" />
    <TestEntry testId="f56d5205-e252-235c-3244-90ee14efb3f4" executionId="e362bd0c-33b6-4f49-bb77-086c792232d3" testListId="8c84fa94-04c1-424b-9868-57a2d4851a1d" />
    <TestEntry testId="f5f02455-4aef-8763-5044-dc094bc64ba2" executionId="bfd269b6-a79f-4b37-bc38-bc3f8a83d861" testListId="8c84fa94-04c1-424b-9868-57a2d4851a1d" />
    <TestEntry testId="f66902ae-2eb8-36de-bdb4-af24338ae682" executionId="37e72ba7-2507-4db6-9634-00a64bbbf844" testListId="8c84fa94-04c1-424b-9868-57a2d4851a1d" />
    <TestEntry testId="f791b1fc-7ecf-06ad-9b72-838a0f1da804" executionId="76652587-3233-4436-8891-a88fdfc38b87" testListId="8c84fa94-04c1-424b-9868-57a2d4851a1d" />
    <TestEntry testId="f96aeaaa-982a-50fe-9819-4fadbbdc5555" executionId="620fcfb0-2c57-4747-8b61-81ff0ff98b73" testListId="8c84fa94-04c1-424b-9868-57a2d4851a1d" />
    <TestEntry testId="fd09b993-a9b4-e74b-ac25-fcabec687112" executionId="88fac313-7653-48ad-a14f-c892b6a8642c" testListId="8c84fa94-04c1-424b-9868-57a2d4851a1d" />
    <TestEntry testId="fdc59520-9564-0684-d4f9-2091f576f931" executionId="ba0c1963-642f-4299-bcc4-d71c5721afcd" testListId="8c84fa94-04c1-424b-9868-57a2d4851a1d" />
    <TestEntry testId="fdc6582f-0eab-5f36-d160-7547a6de5dbb" executionId="1d4e2204-fb85-47ec-88ff-d3f84a126b11" testListId="8c84fa94-04c1-424b-9868-57a2d4851a1d" />
    <TestEntry testId="febe8afb-7bc1-3f13-831b-73b163a8c327" executionId="a316561f-7211-4b9f-8748-3805c75d82f0" testListId="8c84fa94-04c1-424b-9868-57a2d4851a1d" />
  </TestEntries>
  <Results>
    <UnitTestResult executionId="32d5fa91-9b6a-406d-b76d-9288e3475372" testId="02dbbd81-860f-9e6d-6bf0-d3b21164d681" testName="IterThrowsContractException917" computerName="EDSAC" duration="00:00:00.0268221" startTime="2010-12-04T14:10:10.2103662+00:00" endTime="2010-12-04T14:10:10.8864049+00:00" testType="13cdc9d9-ddb5-4fa4-a97d-d965ccfc6d4b" outcome="Passed" testListId="8c84fa94-04c1-424b-9868-57a2d4851a1d" relativeResultsDirectory="32d5fa91-9b6a-406d-b76d-9288e3475372">
    </UnitTestResult>
    <UnitTestResult executionId="15f1b5dd-8cb4-461d-be1b-16429df01c34" testId="03c88b26-e4eb-d38e-6683-3ac55f8aeeac" testName="Add60901" computerName="EDSAC" duration="00:00:00.0050132" startTime="2010-12-04T14:10:10.8904051+00:00" endTime="2010-12-04T14:10:10.9194068+00:00" testType="13cdc9d9-ddb5-4fa4-a97d-d965ccfc6d4b" outcome="Passed" testListId="8c84fa94-04c1-424b-9868-57a2d4851a1d" relativeResultsDirectory="15f1b5dd-8cb4-461d-be1b-16429df01c34">
    </UnitTestResult>
    <UnitTestResult executionId="99edc76d-8960-45b8-95c6-727c42ed3564" testId="055e48df-0214-9f4b-ed2b-c5a320ca2c7d" testName="As0163236" computerName="EDSAC" duration="00:00:00.0052339" startTime="2010-12-04T14:10:10.9354077+00:00" endTime="2010-12-04T14:10:10.9604091+00:00" testType="13cdc9d9-ddb5-4fa4-a97d-d965ccfc6d4b" outcome="Passed" testListId="8c84fa94-04c1-424b-9868-57a2d4851a1d" relativeResultsDirectory="99edc76d-8960-45b8-95c6-727c42ed3564">
    </UnitTestResult>
    <UnitTestResult executionId="7fa995b3-e550-4e94-825b-f69b06d0e9bf" testId="06d747a6-abc2-c83d-da24-3ee86184f362" testName="IsNullableTypeThrowsContractException544" computerName="EDSAC" duration="00:00:00.0036381" startTime="2010-12-04T14:10:10.9794102+00:00" endTime="2010-12-04T14:10:11.0024115+00:00" testType="13cdc9d9-ddb5-4fa4-a97d-d965ccfc6d4b" outcome="Passed" testListId="8c84fa94-04c1-424b-9868-57a2d4851a1d" relativeResultsDirectory="7fa995b3-e550-4e94-825b-f69b06d0e9bf">
    </UnitTestResult>
    <UnitTestResult executionId="500dd32d-d4c7-46c1-9515-0c0188fc5c44" testId="0860ee19-0524-5919-2b3c-8316527f7933" testName="If921" computerName="EDSAC" duration="00:00:00.0004712" startTime="2010-12-04T14:10:11.0194125+00:00" endTime="2010-12-04T14:10:11.0334133+00:00" testType="13cdc9d9-ddb5-4fa4-a97d-d965ccfc6d4b" outcome="Passed" testListId="8c84fa94-04c1-424b-9868-57a2d4851a1d" relativeResultsDirectory="500dd32d-d4c7-46c1-9515-0c0188fc5c44">
    </UnitTestResult>
    <UnitTestResult executionId="1086d47b-6416-4df9-801e-0c02f96ed103" testId="09abec53-bc8a-0db2-1ff6-28ad5ea0f559" testName="As0166404" computerName="EDSAC" duration="00:00:00.0014903" startTime="2010-12-04T14:10:11.0414137+00:00" endTime="2010-12-04T14:10:11.0534144+00:00" testType="13cdc9d9-ddb5-4fa4-a97d-d965ccfc6d4b" outcome="Passed" testListId="8c84fa94-04c1-424b-9868-57a2d4851a1d" relativeResultsDirectory="1086d47b-6416-4df9-801e-0c02f96ed103">
    </UnitTestResult>
    <UnitTestResult executionId="f7f80228-d18c-49bd-84b7-1d36dd0dfdfa" testId="0c1112ce-06b8-6d36-f7fb-a3574f6e2065" testName="As0163237" computerName="EDSAC" duration="00:00:00.0005963" startTime="2010-12-04T14:10:11.0604148+00:00" endTime="2010-12-04T14:10:11.0804160+00:00" testType="13cdc9d9-ddb5-4fa4-a97d-d965ccfc6d4b" outcome="Passed" testListId="8c84fa94-04c1-424b-9868-57a2d4851a1d" relativeResultsDirectory="f7f80228-d18c-49bd-84b7-1d36dd0dfdfa">
    </UnitTestResult>
    <UnitTestResult executionId="7601acd3-1d2c-4a4f-8df6-a3d3fe15cacb" testId="0c58cf0b-ac72-a134-206f-98daff22c7f5" testName="As0132103" computerName="EDSAC" duration="00:00:00.0021790" startTime="2010-12-04T14:10:11.0884164+00:00" endTime="2010-12-04T14:10:11.1054174+00:00" testType="13cdc9d9-ddb5-4fa4-a97d-d965ccfc6d4b" outcome="Passed" testListId="8c84fa94-04c1-424b-9868-57a2d4851a1d" relativeResultsDirectory="7601acd3-1d2c-4a4f-8df6-a3d3fe15cacb">
    </UnitTestResult>
    <UnitTestResult executionId="db2e2626-5778-4b77-a4bf-ad70f3dfe82a" testId="0c6370f1-3a15-0de1-18cb-8da30dd57ee7" testName="UnionAllThrowsContractException498" computerName="EDSAC" duration="00:00:00.0050897" startTime="2010-12-04T14:10:11.1134179+00:00" endTime="2010-12-04T14:10:11.1304188+00:00" testType="13cdc9d9-ddb5-4fa4-a97d-d965ccfc6d4b" outcome="Passed" testListId="8c84fa94-04c1-424b-9868-57a2d4851a1d" relativeResultsDirectory="db2e2626-5778-4b77-a4bf-ad70f3dfe82a">
    </UnitTestResult>
    <UnitTestResult executionId="ad880047-664b-448c-91a8-10fb211fa15c" testId="0cb477c5-7b02-500d-45eb-bb863b0c13bb" testName="RangeThrowsContractException958" computerName="EDSAC" duration="00:00:00.0083560" startTime="2010-12-04T14:10:11.1434196+00:00" endTime="2010-12-04T14:10:11.1634207+00:00" testType="13cdc9d9-ddb5-4fa4-a97d-d965ccfc6d4b" outcome="Passed" testListId="8c84fa94-04c1-424b-9868-57a2d4851a1d" relativeResultsDirectory="ad880047-664b-448c-91a8-10fb211fa15c">
    </UnitTestResult>
    <UnitTestResult executionId="35a9eeb2-d884-4822-8068-2934b4d9aede" testId="0e44207d-1ccf-04c5-6aef-2081653ff131" testName="IfNotNull0159703" computerName="EDSAC" duration="00:00:00.0037776" startTime="2010-12-04T14:10:11.1714212+00:00" endTime="2010-12-04T14:10:11.1894222+00:00" testType="13cdc9d9-ddb5-4fa4-a97d-d965ccfc6d4b" outcome="Passed" testListId="8c84fa94-04c1-424b-9868-57a2d4851a1d" relativeResultsDirectory="35a9eeb2-d884-4822-8068-2934b4d9aede">
    </UnitTestResult>
    <UnitTestResult executionId="338a2d17-6459-4a3b-b233-5e1293b14b8c" testId="0e645c38-e73b-967d-e94f-74a8d38a05b3" testName="As170" computerName="EDSAC" duration="00:00:00.0008273" startTime="2010-12-04T14:10:11.1964226+00:00" endTime="2010-12-04T14:10:11.2094234+00:00" testType="13cdc9d9-ddb5-4fa4-a97d-d965ccfc6d4b" outcome="Passed" testListId="8c84fa94-04c1-424b-9868-57a2d4851a1d" relativeResultsDirectory="338a2d17-6459-4a3b-b233-5e1293b14b8c">
    </UnitTestResult>
    <UnitTestResult executionId="e68e90e0-c542-413c-9fa3-f2a5fc8d0052" testId="0e73a463-cb0d-f992-9d84-5941849f04d6" testName="To0459801" computerName="EDSAC" duration="00:00:00.0092216" startTime="2010-12-04T14:10:11.2244242+00:00" endTime="2010-12-04T14:10:11.2474255+00:00" testType="13cdc9d9-ddb5-4fa4-a97d-d965ccfc6d4b" outcome="Passed" testListId="8c84fa94-04c1-424b-9868-57a2d4851a1d" relativeResultsDirectory="e68e90e0-c542-413c-9fa3-f2a5fc8d0052">
    </UnitTestResult>
    <UnitTestResult executionId="b010d69b-856a-48df-a968-03e94d26045a" testId="0e90738b-70d8-2788-4a26-d16c8666f6ca" testName="As0163232" computerName="EDSAC" duration="00:00:00.0052815" startTime="2010-12-04T14:10:11.2544259+00:00" endTime="2010-12-04T14:10:11.2804274+00:00" testType="13cdc9d9-ddb5-4fa4-a97d-d965ccfc6d4b" outcome="Passed" testListId="8c84fa94-04c1-424b-9868-57a2d4851a1d" relativeResultsDirectory="b010d69b-856a-48df-a968-03e94d26045a">
    </UnitTestResult>
    <UnitTestResult executionId="906e6156-28dc-44e8-9ea7-262c7aa9a314" testId="0f614d48-4580-1835-c34d-314b56fdf70c" testName="AsEnumerable56003" computerName="EDSAC" duration="00:00:00.0039157" startTime="2010-12-04T14:10:11.3194296+00:00" endTime="2010-12-04T14:10:11.3434310+00:00" testType="13cdc9d9-ddb5-4fa4-a97d-d965ccfc6d4b" outcome="Passed" testListId="8c84fa94-04c1-424b-9868-57a2d4851a1d" relativeResultsDirectory="906e6156-28dc-44e8-9ea7-262c7aa9a314">
    </UnitTestResult>
    <UnitTestResult executionId="197afff1-5c23-4c75-ab27-5f7e9a02fc34" testId="0f9431a7-c4c3-1aca-912d-ce2c11b0e97d" testName="ContainsArrayThrowsContractException154" computerName="EDSAC" duration="00:00:00.0015897" startTime="2010-12-04T14:10:11.3484313+00:00" endTime="2010-12-04T14:10:11.3644322+00:00" testType="13cdc9d9-ddb5-4fa4-a97d-d965ccfc6d4b" outcome="Passed" testListId="8c84fa94-04c1-424b-9868-57a2d4851a1d" relativeResultsDirectory="197afff1-5c23-4c75-ab27-5f7e9a02fc34">
    </UnitTestResult>
    <UnitTestResult executionId="e714530c-c3f5-4fb2-862b-dd9e7779585c" testId="106b7a63-3c06-2f97-097e-1a5d38b1a1ac" testName="Add88503" computerName="EDSAC" duration="00:00:00.0006191" startTime="2010-12-04T14:10:11.3684325+00:00" endTime="2010-12-04T14:10:11.3864335+00:00" testType="13cdc9d9-ddb5-4fa4-a97d-d965ccfc6d4b" outcome="Passed" testListId="8c84fa94-04c1-424b-9868-57a2d4851a1d" relativeResultsDirectory="e714530c-c3f5-4fb2-862b-dd9e7779585c">
    </UnitTestResult>
    <UnitTestResult executionId="2a314f53-fea0-4fa7-9b92-6b24aa4bca78" testId="11187b04-c546-bd3e-0bbb-d3f71bff1f4f" testName="AsEnumerable0314803" computerName="EDSAC" duration="00:00:00.0036381" startTime="2010-12-04T14:10:11.3904337+00:00" endTime="2010-12-04T14:10:11.4134350+00:00" testType="13cdc9d9-ddb5-4fa4-a97d-d965ccfc6d4b" outcome="Passed" testListId="8c84fa94-04c1-424b-9868-57a2d4851a1d" relativeResultsDirectory="2a314f53-fea0-4fa7-9b92-6b24aa4bca78">
    </UnitTestResult>
    <UnitTestResult executionId="c32eb293-196f-40f7-8bed-6fb52de53fa2" testId="116bcbca-67a9-cf3b-0614-27721784c6e2" testName="IfNotNull0159704" computerName="EDSAC" duration="00:00:00.0004376" startTime="2010-12-04T14:10:11.4174353+00:00" endTime="2010-12-04T14:10:11.4344362+00:00" testType="13cdc9d9-ddb5-4fa4-a97d-d965ccfc6d4b" outcome="Passed" testListId="8c84fa94-04c1-424b-9868-57a2d4851a1d" relativeResultsDirectory="c32eb293-196f-40f7-8bed-6fb52de53fa2">
    </UnitTestResult>
    <UnitTestResult executionId="18dfa95b-28ce-4d58-8c61-ce168fe97333" testId="116e53ad-53cc-1f8c-5eeb-a61eba3cd5e8" testName="ForEach90804" computerName="EDSAC" duration="00:00:00.0037660" startTime="2010-12-04T14:10:11.4454369+00:00" endTime="2010-12-04T14:10:11.4564375+00:00" testType="13cdc9d9-ddb5-4fa4-a97d-d965ccfc6d4b" outcome="Passed" testListId="8c84fa94-04c1-424b-9868-57a2d4851a1d" relativeResultsDirectory="18dfa95b-28ce-4d58-8c61-ce168fe97333">
    </UnitTestResult>
    <UnitTestResult executionId="a75e18a5-c8b9-4204-997a-b23f4c569995" testId="14c4d8f7-99c5-9b56-48f1-16bece872cd1" testName="As76301" computerName="EDSAC" duration="00:00:00.0045494" startTime="2010-12-04T14:10:11.4594377+00:00" endTime="2010-12-04T14:10:11.4784387+00:00" testType="13cdc9d9-ddb5-4fa4-a97d-d965ccfc6d4b" outcome="Passed" testListId="8c84fa94-04c1-424b-9868-57a2d4851a1d" relativeResultsDirectory="a75e18a5-c8b9-4204-997a-b23f4c569995">
    </UnitTestResult>
    <UnitTestResult executionId="c915f7f8-6ef5-4895-982e-8817578df0c4" testId="14e07649-4bb1-965c-d352-f5e6a62d38fd" testName="IsNullOrEmpty177" computerName="EDSAC" duration="00:00:00.0009098" startTime="2010-12-04T14:10:11.4944397+00:00" endTime="2010-12-04T14:10:11.5124407+00:00" testType="13cdc9d9-ddb5-4fa4-a97d-d965ccfc6d4b" outcome="Passed" testListId="8c84fa94-04c1-424b-9868-57a2d4851a1d" relativeResultsDirectory="c915f7f8-6ef5-4895-982e-8817578df0c4">
    </UnitTestResult>
    <UnitTestResult executionId="a9f645c8-76d7-41a1-9f66-71f5c7de0d9a" testId="1614cc64-5cbc-b082-cb61-089f874d65b1" testName="TakeEveryThrowsContractException265" computerName="EDSAC" duration="00:00:00.0033493" startTime="2010-12-04T14:10:11.5214412+00:00" endTime="2010-12-04T14:10:11.5454426+00:00" testType="13cdc9d9-ddb5-4fa4-a97d-d965ccfc6d4b" outcome="Passed" testListId="8c84fa94-04c1-424b-9868-57a2d4851a1d" relativeResultsDirectory="a9f645c8-76d7-41a1-9f66-71f5c7de0d9a">
    </UnitTestResult>
    <UnitTestResult executionId="850944f0-b5ae-43c3-92fc-59c2f8d70616" testId="16bc510b-963f-30e5-6517-13389edd4fdc" testName="GetByPercentThrowsIndexOutOfRangeException858" computerName="EDSAC" duration="00:00:00.0286718" startTime="2010-12-04T14:10:11.5574433+00:00" endTime="2010-12-04T14:10:11.6034459+00:00" testType="13cdc9d9-ddb5-4fa4-a97d-d965ccfc6d4b" outcome="Failed" testListId="8c84fa94-04c1-424b-9868-57a2d4851a1d" relativeResultsDirectory="850944f0-b5ae-43c3-92fc-59c2f8d70616">
      <Output>
        <ErrorInfo>
          <Message>Test method SharpBag.ExtensionsTest.GetByPercentThrowsIndexOutOfRangeException858 threw exception: 
System.Diagnostics.Contracts.__ContractsRuntime+ContractException: Precondition failed: array.Length &gt; 0</Message>
          <StackTrace>    at SharpBag.Extensions.GetByPercent[T](T[] array, Double percent) in C:\Users\SuprDewd\Desktop\Projects\Forritun\SharpBag\SharpBag\Extensions.cs:line 241
   at SharpBag.ExtensionsTest.GetByPercentThrowsIndexOutOfRangeException858() in C:\Users\SuprDewd\Desktop\Projects\Forritun\SharpBag\SharpBag.Tests01\ExtensionsTest.GetByPercent.g.cs:line 47
</StackTrace>
        </ErrorInfo>
      </Output>
    </UnitTestResult>
    <UnitTestResult executionId="ef8b3662-ceda-4514-8e71-dee346acaf44" testId="17cbf434-78e7-42a5-6758-242cc94ac703" testName="CastAs434" computerName="EDSAC" duration="00:00:00.0005179" startTime="2010-12-04T14:10:11.6054460+00:00" endTime="2010-12-04T14:10:11.6164466+00:00" testType="13cdc9d9-ddb5-4fa4-a97d-d965ccfc6d4b" outcome="Passed" testListId="8c84fa94-04c1-424b-9868-57a2d4851a1d" relativeResultsDirectory="ef8b3662-ceda-4514-8e71-dee346acaf44">
    </UnitTestResult>
    <UnitTestResult executionId="b7243cee-e455-448b-9ea2-7d071eb7247f" testId="18234ca5-6af0-1355-5140-f92645f28e01" testName="If79" computerName="EDSAC" duration="00:00:00.0011137" startTime="2010-12-04T14:10:11.6234470+00:00" endTime="2010-12-04T14:10:11.6344477+00:00" testType="13cdc9d9-ddb5-4fa4-a97d-d965ccfc6d4b" outcome="Passed" testListId="8c84fa94-04c1-424b-9868-57a2d4851a1d" relativeResultsDirectory="b7243cee-e455-448b-9ea2-7d071eb7247f">
    </UnitTestResult>
    <UnitTestResult executionId="4dfba726-9ba0-417b-af07-ad66858a4a38" testId="19033310-a8dd-db0b-1dcd-2bf1bef510ca" testName="Fill0110501" computerName="EDSAC" duration="00:00:00.0026685" startTime="2010-12-04T14:10:11.6374478+00:00" endTime="2010-12-04T14:10:11.6494485+00:00" testType="13cdc9d9-ddb5-4fa4-a97d-d965ccfc6d4b" outcome="Passed" testListId="8c84fa94-04c1-424b-9868-57a2d4851a1d" relativeResultsDirectory="4dfba726-9ba0-417b-af07-ad66858a4a38">
    </UnitTestResult>
    <UnitTestResult executionId="3e46a96a-b389-4851-bba3-36cddd1d6132" testId="1903a639-b5d9-1b4f-9c30-0405b15e8f12" testName="ForEach90802" computerName="EDSAC" duration="00:00:00.0004078" startTime="2010-12-04T14:10:11.6524487+00:00" endTime="2010-12-04T14:10:11.6614492+00:00" testType="13cdc9d9-ddb5-4fa4-a97d-d965ccfc6d4b" outcome="Passed" testListId="8c84fa94-04c1-424b-9868-57a2d4851a1d" relativeResultsDirectory="3e46a96a-b389-4851-bba3-36cddd1d6132">
    </UnitTestResult>
    <UnitTestResult executionId="c9ee8f30-2670-460c-8871-ad1bd57bc5d9" testId="1a1204f8-80dc-63b9-41bb-196d59b5bd9c" testName="As21507" computerName="EDSAC" duration="00:00:00.0013727" startTime="2010-12-04T14:10:11.6644494+00:00" endTime="2010-12-04T14:10:11.6734499+00:00" testType="13cdc9d9-ddb5-4fa4-a97d-d965ccfc6d4b" outcome="Passed" testListId="8c84fa94-04c1-424b-9868-57a2d4851a1d" relativeResultsDirectory="c9ee8f30-2670-460c-8871-ad1bd57bc5d9">
    </UnitTestResult>
    <UnitTestResult executionId="bf2a7fb8-74f3-4f65-a7c3-e147a4da85bc" testId="1a2d7899-6e00-21df-f034-6547a11cae31" testName="ExecuteThrowsContractException889" computerName="EDSAC" duration="00:00:00.0016984" startTime="2010-12-04T14:10:11.6774501+00:00" endTime="2010-12-04T14:10:11.6874507+00:00" testType="13cdc9d9-ddb5-4fa4-a97d-d965ccfc6d4b" outcome="Passed" testListId="8c84fa94-04c1-424b-9868-57a2d4851a1d" relativeResultsDirectory="bf2a7fb8-74f3-4f65-a7c3-e147a4da85bc">
    </UnitTestResult>
    <UnitTestResult executionId="44f63601-6b1b-49ef-9be0-6801ab5b6ca5" testId="1a41ca06-c399-fb41-1b68-4e54f6d9fba0" testName="As0163227" computerName="EDSAC" duration="00:00:00.0004124" startTime="2010-12-04T14:10:11.6924510+00:00" endTime="2010-12-04T14:10:11.7014515+00:00" testType="13cdc9d9-ddb5-4fa4-a97d-d965ccfc6d4b" outcome="Passed" testListId="8c84fa94-04c1-424b-9868-57a2d4851a1d" relativeResultsDirectory="44f63601-6b1b-49ef-9be0-6801ab5b6ca5">
    </UnitTestResult>
    <UnitTestResult executionId="bb5d1db9-aaf3-48d5-824b-2a5519aa0404" testId="1b50a732-77b4-82a3-8153-f8dad0640018" testName="IfNotNull47704" computerName="EDSAC" duration="00:00:00.0020544" startTime="2010-12-04T14:10:11.7074518+00:00" endTime="2010-12-04T14:10:11.7184525+00:00" testType="13cdc9d9-ddb5-4fa4-a97d-d965ccfc6d4b" outcome="Passed" testListId="8c84fa94-04c1-424b-9868-57a2d4851a1d" relativeResultsDirectory="bb5d1db9-aaf3-48d5-824b-2a5519aa0404">
    </UnitTestResult>
    <UnitTestResult executionId="bf42e9a5-f54a-4c56-987f-92a2f8969d5e" testId="1b9103d0-5cae-0f4c-09ff-459b405bb125" testName="Random01ThrowsContractException824" computerName="EDSAC" duration="00:00:00.0022355" startTime="2010-12-04T14:10:11.7214526+00:00" endTime="2010-12-04T14:10:11.7334533+00:00" testType="13cdc9d9-ddb5-4fa4-a97d-d965ccfc6d4b" outcome="Passed" testListId="8c84fa94-04c1-424b-9868-57a2d4851a1d" relativeResultsDirectory="bf42e9a5-f54a-4c56-987f-92a2f8969d5e">
    </UnitTestResult>
    <UnitTestResult executionId="ab4f188b-ea51-458f-b5cb-aeabef284118" testId="1c5ab376-6152-4272-31e3-55dc91a07a86" testName="Fill0110504" computerName="EDSAC" duration="00:00:00.0007045" startTime="2010-12-04T14:10:11.7374536+00:00" endTime="2010-12-04T14:10:11.7454540+00:00" testType="13cdc9d9-ddb5-4fa4-a97d-d965ccfc6d4b" outcome="Passed" testListId="8c84fa94-04c1-424b-9868-57a2d4851a1d" relativeResultsDirectory="ab4f188b-ea51-458f-b5cb-aeabef284118">
    </UnitTestResult>
    <UnitTestResult executionId="1efebee5-f456-448c-bb52-502d43916e27" testId="1c9baf40-1112-7f41-3f0f-adc161687f04" testName="Fill01ThrowsContractException279" computerName="EDSAC" duration="00:00:00.0007134" startTime="2010-12-04T14:10:11.7484542+00:00" endTime="2010-12-04T14:10:11.7584548+00:00" testType="13cdc9d9-ddb5-4fa4-a97d-d965ccfc6d4b" outcome="Passed" testListId="8c84fa94-04c1-424b-9868-57a2d4851a1d" relativeResultsDirectory="1efebee5-f456-448c-bb52-502d43916e27">
    </UnitTestResult>
    <UnitTestResult executionId="0ceb2924-fd69-4ecf-86f9-334cf32434d1" testId="1cb6fca5-5cbd-75cb-cfee-a358b8315906" testName="Add60904" computerName="EDSAC" duration="00:00:00.0004829" startTime="2010-12-04T14:10:11.7654552+00:00" endTime="2010-12-04T14:10:11.7734556+00:00" testType="13cdc9d9-ddb5-4fa4-a97d-d965ccfc6d4b" outcome="Passed" testListId="8c84fa94-04c1-424b-9868-57a2d4851a1d" relativeResultsDirectory="0ceb2924-fd69-4ecf-86f9-334cf32434d1">
    </UnitTestResult>
    <UnitTestResult executionId="503213b2-34f8-4cce-b75a-c9d92ea3b141" testId="1cdb2f2c-09f6-d6d8-6d16-a0ea90824aba" testName="As21518" computerName="EDSAC" duration="00:00:00.0009196" startTime="2010-12-04T14:10:11.7764558+00:00" endTime="2010-12-04T14:10:11.7854563+00:00" testType="13cdc9d9-ddb5-4fa4-a97d-d965ccfc6d4b" outcome="Passed" testListId="8c84fa94-04c1-424b-9868-57a2d4851a1d" relativeResultsDirectory="503213b2-34f8-4cce-b75a-c9d92ea3b141">
    </UnitTestResult>
    <UnitTestResult executionId="6134898b-1511-4c40-9a47-6f10b02bee86" testId="1e0ca069-996e-4bc0-6164-74e9ee8107ac" testName="GetByPercentThrowsContractException730" computerName="EDSAC" duration="00:00:00.0006009" startTime="2010-12-04T14:10:11.7884565+00:00" endTime="2010-12-04T14:10:11.7994571+00:00" testType="13cdc9d9-ddb5-4fa4-a97d-d965ccfc6d4b" outcome="Passed" testListId="8c84fa94-04c1-424b-9868-57a2d4851a1d" relativeResultsDirectory="6134898b-1511-4c40-9a47-6f10b02bee86">
    </UnitTestResult>
    <UnitTestResult executionId="7bef34db-8ec6-4a25-9717-4253318f3be0" testId="1e811e95-82b3-7182-a1a6-ec99686bab87" testName="IsIn570" computerName="EDSAC" duration="00:00:00.0036171" startTime="2010-12-04T14:10:11.8024573+00:00" endTime="2010-12-04T14:10:11.8124578+00:00" testType="13cdc9d9-ddb5-4fa4-a97d-d965ccfc6d4b" outcome="Passed" testListId="8c84fa94-04c1-424b-9868-57a2d4851a1d" relativeResultsDirectory="7bef34db-8ec6-4a25-9717-4253318f3be0">
    </UnitTestResult>
    <UnitTestResult executionId="87493185-2713-485b-b613-11676e69dcbe" testId="20789601-3bb2-517f-9c07-8755507d968d" testName="IsIn0134" computerName="EDSAC" duration="00:00:00.0012187" startTime="2010-12-04T14:10:11.8204583+00:00" endTime="2010-12-04T14:10:11.8304589+00:00" testType="13cdc9d9-ddb5-4fa4-a97d-d965ccfc6d4b" outcome="Passed" testListId="8c84fa94-04c1-424b-9868-57a2d4851a1d" relativeResultsDirectory="87493185-2713-485b-b613-11676e69dcbe">
    </UnitTestResult>
    <UnitTestResult executionId="d3db88be-68fb-463a-a365-fab3b421a9ec" testId="21cd2d7c-c714-efa2-4c1d-abe7711f0f8f" testName="IfNotNull01ThrowsContractException561" computerName="EDSAC" duration="00:00:00.0005972" startTime="2010-12-04T14:10:11.8334590+00:00" endTime="2010-12-04T14:10:11.8434596+00:00" testType="13cdc9d9-ddb5-4fa4-a97d-d965ccfc6d4b" outcome="Passed" testListId="8c84fa94-04c1-424b-9868-57a2d4851a1d" relativeResultsDirectory="d3db88be-68fb-463a-a365-fab3b421a9ec">
    </UnitTestResult>
    <UnitTestResult executionId="c3813964-54a3-4a40-9809-a26e2d8eec0c" testId="2250a8be-6947-1057-ceec-e49c62f651fa" testName="As21505" computerName="EDSAC" duration="00:00:00.0011674" startTime="2010-12-04T14:10:11.8464598+00:00" endTime="2010-12-04T14:10:11.8564604+00:00" testType="13cdc9d9-ddb5-4fa4-a97d-d965ccfc6d4b" outcome="Passed" testListId="8c84fa94-04c1-424b-9868-57a2d4851a1d" relativeResultsDirectory="c3813964-54a3-4a40-9809-a26e2d8eec0c">
    </UnitTestResult>
    <UnitTestResult executionId="cdc1bb4e-0a61-4a54-ae4d-e0f6a2427674" testId="229cca66-aa3f-9557-9307-ec8679e563f6" testName="To0163701" computerName="EDSAC" duration="00:00:00.0034603" startTime="2010-12-04T14:10:11.8584605+00:00" endTime="2010-12-04T14:10:11.8714612+00:00" testType="13cdc9d9-ddb5-4fa4-a97d-d965ccfc6d4b" outcome="Passed" testListId="8c84fa94-04c1-424b-9868-57a2d4851a1d" relativeResultsDirectory="cdc1bb4e-0a61-4a54-ae4d-e0f6a2427674">
    </UnitTestResult>
    <UnitTestResult executionId="c4310ec5-f7a1-44cd-91ca-02c8f20072ad" testId="22b3bc9e-2d91-4747-086b-d415be2c5776" testName="RangeThrowsContractException560" computerName="EDSAC" duration="00:00:00.0006854" startTime="2010-12-04T14:10:11.8774616+00:00" endTime="2010-12-04T14:10:11.8854620+00:00" testType="13cdc9d9-ddb5-4fa4-a97d-d965ccfc6d4b" outcome="Passed" testListId="8c84fa94-04c1-424b-9868-57a2d4851a1d" relativeResultsDirectory="c4310ec5-f7a1-44cd-91ca-02c8f20072ad">
    </UnitTestResult>
    <UnitTestResult executionId="a5e93591-65c2-424c-8205-9833ab45c33e" testId="22fb3f0c-8177-2102-3c97-5cd124eaf953" testName="Add60902" computerName="EDSAC" duration="00:00:00.0005473" startTime="2010-12-04T14:10:11.8934625+00:00" endTime="2010-12-04T14:10:11.9004629+00:00" testType="13cdc9d9-ddb5-4fa4-a97d-d965ccfc6d4b" outcome="Passed" testListId="8c84fa94-04c1-424b-9868-57a2d4851a1d" relativeResultsDirectory="a5e93591-65c2-424c-8205-9833ab45c33e">
    </UnitTestResult>
    <UnitTestResult executionId="00e17f43-1f2d-45b3-bfe8-6b2121aa940f" testId="236dd585-9363-168d-3729-7ab007ad8692" testName="Fill68801" computerName="EDSAC" duration="00:00:00.0008879" startTime="2010-12-04T14:10:11.9034631+00:00" endTime="2010-12-04T14:10:11.9144637+00:00" testType="13cdc9d9-ddb5-4fa4-a97d-d965ccfc6d4b" outcome="Passed" testListId="8c84fa94-04c1-424b-9868-57a2d4851a1d" relativeResultsDirectory="00e17f43-1f2d-45b3-bfe8-6b2121aa940f">
    </UnitTestResult>
    <UnitTestResult executionId="c43a984c-9631-4f35-b432-c45885a23520" testId="25d5b35a-db1f-e192-1a83-5fbd23003a20" testName="Execute53301" computerName="EDSAC" duration="00:00:00.0002878" startTime="2010-12-04T14:10:11.9184639+00:00" endTime="2010-12-04T14:10:11.9254643+00:00" testType="13cdc9d9-ddb5-4fa4-a97d-d965ccfc6d4b" outcome="Passed" testListId="8c84fa94-04c1-424b-9868-57a2d4851a1d" relativeResultsDirectory="c43a984c-9631-4f35-b432-c45885a23520">
    </UnitTestResult>
    <UnitTestResult executionId="c574a53d-2de4-4b0c-96b5-bae69c48c83e" testId="25e137bf-b11b-a709-2200-80de04831d5b" testName="As0163228" computerName="EDSAC" duration="00:00:00.0005165" startTime="2010-12-04T14:10:11.9304646+00:00" endTime="2010-12-04T14:10:11.9384651+00:00" testType="13cdc9d9-ddb5-4fa4-a97d-d965ccfc6d4b" outcome="Passed" testListId="8c84fa94-04c1-424b-9868-57a2d4851a1d" relativeResultsDirectory="c574a53d-2de4-4b0c-96b5-bae69c48c83e">
    </UnitTestResult>
    <UnitTestResult executionId="461533ef-4a5b-469b-bb34-c58da2384da4" testId="29095a51-c311-c865-7cf1-7076578258b7" testName="As0136704" computerName="EDSAC" duration="00:00:00.0012211" startTime="2010-12-04T14:10:11.9424653+00:00" endTime="2010-12-04T14:10:11.9594663+00:00" testType="13cdc9d9-ddb5-4fa4-a97d-d965ccfc6d4b" outcome="Passed" testListId="8c84fa94-04c1-424b-9868-57a2d4851a1d" relativeResultsDirectory="461533ef-4a5b-469b-bb34-c58da2384da4">
    </UnitTestResult>
    <UnitTestResult executionId="2ee709c7-14e4-41ea-9c0e-1f1276976bb4" testId="29e140f3-0b7d-028a-f85f-e65d5e7a4460" testName="Add29601" computerName="EDSAC" duration="00:00:00.0005767" startTime="2010-12-04T14:10:11.9644665+00:00" endTime="2010-12-04T14:10:11.9724670+00:00" testType="13cdc9d9-ddb5-4fa4-a97d-d965ccfc6d4b" outcome="Passed" testListId="8c84fa94-04c1-424b-9868-57a2d4851a1d" relativeResultsDirectory="2ee709c7-14e4-41ea-9c0e-1f1276976bb4">
    </UnitTestResult>
    <UnitTestResult executionId="1cdbc4ba-6062-44a3-9244-d45575251472" testId="2a3bccbe-42e2-9009-af11-20e5efc1eb2e" testName="As0163241" computerName="EDSAC" duration="00:00:00.0004218" startTime="2010-12-04T14:10:11.9764672+00:00" endTime="2010-12-04T14:10:11.9834676+00:00" testType="13cdc9d9-ddb5-4fa4-a97d-d965ccfc6d4b" outcome="Passed" testListId="8c84fa94-04c1-424b-9868-57a2d4851a1d" relativeResultsDirectory="1cdbc4ba-6062-44a3-9244-d45575251472">
    </UnitTestResult>
    <UnitTestResult executionId="48511f60-691b-415b-85c3-434fc0b5e614" testId="2b6a1fd0-ad89-86fe-c32f-c850f3486570" testName="As0166401" computerName="EDSAC" duration="00:00:00.0006938" startTime="2010-12-04T14:10:11.9864678+00:00" endTime="2010-12-04T14:10:11.9954683+00:00" testType="13cdc9d9-ddb5-4fa4-a97d-d965ccfc6d4b" outcome="Passed" testListId="8c84fa94-04c1-424b-9868-57a2d4851a1d" relativeResultsDirectory="48511f60-691b-415b-85c3-434fc0b5e614">
    </UnitTestResult>
    <UnitTestResult executionId="c9dc604b-7012-4df1-b7ad-658e2a8e3ae4" testId="2b9734bf-2716-3fbd-907d-b338c9f5816c" testName="As0163225" computerName="EDSAC" duration="00:00:00.0009766" startTime="2010-12-04T14:10:11.9994685+00:00" endTime="2010-12-04T14:10:12.0074690+00:00" testType="13cdc9d9-ddb5-4fa4-a97d-d965ccfc6d4b" outcome="Passed" testListId="8c84fa94-04c1-424b-9868-57a2d4851a1d" relativeResultsDirectory="c9dc604b-7012-4df1-b7ad-658e2a8e3ae4">
    </UnitTestResult>
    <UnitTestResult executionId="f8b34e1b-4a46-4b48-a929-446489510a8a" testId="2c678190-6575-f47a-afde-b3eb80b1856c" testName="As0166003" computerName="EDSAC" duration="00:00:00.0003966" startTime="2010-12-04T14:10:12.0104692+00:00" endTime="2010-12-04T14:10:12.0184696+00:00" testType="13cdc9d9-ddb5-4fa4-a97d-d965ccfc6d4b" outcome="Passed" testListId="8c84fa94-04c1-424b-9868-57a2d4851a1d" relativeResultsDirectory="f8b34e1b-4a46-4b48-a929-446489510a8a">
    </UnitTestResult>
    <UnitTestResult executionId="9be27d98-439c-4274-bd68-c836785c838f" testId="2e107be2-e3af-1a8b-fb4b-bdb5534db4b8" testName="GetByPercent562" computerName="EDSAC" duration="00:00:00.0003704" startTime="2010-12-04T14:10:12.0224699+00:00" endTime="2010-12-04T14:10:12.0304703+00:00" testType="13cdc9d9-ddb5-4fa4-a97d-d965ccfc6d4b" outcome="Passed" testListId="8c84fa94-04c1-424b-9868-57a2d4851a1d" relativeResultsDirectory="9be27d98-439c-4274-bd68-c836785c838f">
    </UnitTestResult>
    <UnitTestResult executionId="e44e71ea-aafa-4369-a733-ec7edc173d9d" testId="2e9abde5-72f2-18f2-ec62-8da36318a8ed" testName="As0163213" computerName="EDSAC" duration="00:00:00.0004236" startTime="2010-12-04T14:10:12.0384708+00:00" endTime="2010-12-04T14:10:12.0454712+00:00" testType="13cdc9d9-ddb5-4fa4-a97d-d965ccfc6d4b" outcome="Passed" testListId="8c84fa94-04c1-424b-9868-57a2d4851a1d" relativeResultsDirectory="e44e71ea-aafa-4369-a733-ec7edc173d9d">
    </UnitTestResult>
    <UnitTestResult executionId="05ca10bf-ced0-43ff-b259-835838ce762b" testId="2f965438-892b-963f-1d2d-a0dc16402531" testName="Fill0110503" computerName="EDSAC" duration="00:00:00.0007162" startTime="2010-12-04T14:10:12.0504715+00:00" endTime="2010-12-04T14:10:12.0574719+00:00" testType="13cdc9d9-ddb5-4fa4-a97d-d965ccfc6d4b" outcome="Passed" testListId="8c84fa94-04c1-424b-9868-57a2d4851a1d" relativeResultsDirectory="05ca10bf-ced0-43ff-b259-835838ce762b">
    </UnitTestResult>
    <UnitTestResult executionId="575a503d-8989-4971-8f08-65bf05869bf9" testId="2fd85783-fc83-f96f-d9bf-a6bcc5a252f1" testName="UnionAllThrowsContractException888" computerName="EDSAC" duration="00:00:00.0006168" startTime="2010-12-04T14:10:12.0614721+00:00" endTime="2010-12-04T14:10:12.0694725+00:00" testType="13cdc9d9-ddb5-4fa4-a97d-d965ccfc6d4b" outcome="Passed" testListId="8c84fa94-04c1-424b-9868-57a2d4851a1d" relativeResultsDirectory="575a503d-8989-4971-8f08-65bf05869bf9">
    </UnitTestResult>
    <UnitTestResult executionId="5f4787ac-2485-4767-9993-8e12477cada6" testId="2ff335b0-14c8-89c8-7e7b-05ade8625c3d" testName="NullOrThrowsContractException472" computerName="EDSAC" duration="00:00:00.0013172" startTime="2010-12-04T14:10:12.0754729+00:00" endTime="2010-12-04T14:10:12.0834733+00:00" testType="13cdc9d9-ddb5-4fa4-a97d-d965ccfc6d4b" outcome="Passed" testListId="8c84fa94-04c1-424b-9868-57a2d4851a1d" relativeResultsDirectory="5f4787ac-2485-4767-9993-8e12477cada6">
    </UnitTestResult>
    <UnitTestResult executionId="1b9c71d9-c50c-4ec1-87d6-c37629a82e5b" testId="2ff38794-ad92-1998-3c20-e3ee775a8969" testName="TakeEveryThrowsContractException368" computerName="EDSAC" duration="00:00:00.0005706" startTime="2010-12-04T14:10:12.0944740+00:00" endTime="2010-12-04T14:10:12.1014744+00:00" testType="13cdc9d9-ddb5-4fa4-a97d-d965ccfc6d4b" outcome="Passed" testListId="8c84fa94-04c1-424b-9868-57a2d4851a1d" relativeResultsDirectory="1b9c71d9-c50c-4ec1-87d6-c37629a82e5b">
    </UnitTestResult>
    <UnitTestResult executionId="8eea4693-c311-436d-8c4a-a143768a5dfd" testId="31751606-0e00-3ddd-298e-e7c2d6c445a2" testName="As0198302" computerName="EDSAC" duration="00:00:00.0008170" startTime="2010-12-04T14:10:12.1084748+00:00" endTime="2010-12-04T14:10:12.1164752+00:00" testType="13cdc9d9-ddb5-4fa4-a97d-d965ccfc6d4b" outcome="Passed" testListId="8c84fa94-04c1-424b-9868-57a2d4851a1d" relativeResultsDirectory="8eea4693-c311-436d-8c4a-a143768a5dfd">
    </UnitTestResult>
    <UnitTestResult executionId="21ea4ba9-830f-4543-a68d-81f1b2b306a7" testId="31a88d64-bb5b-6217-2758-d493dee381b6" testName="To02632" computerName="EDSAC" duration="00:00:00.0047272" startTime="2010-12-04T14:10:12.1274759+00:00" endTime="2010-12-04T14:10:12.1474770+00:00" testType="13cdc9d9-ddb5-4fa4-a97d-d965ccfc6d4b" outcome="Passed" testListId="8c84fa94-04c1-424b-9868-57a2d4851a1d" relativeResultsDirectory="21ea4ba9-830f-4543-a68d-81f1b2b306a7">
    </UnitTestResult>
    <UnitTestResult executionId="71df28d1-e8e2-42ea-992b-a3c0bedd44bf" testId="31a904fb-b5e5-f95a-175a-584bb2addaff" testName="As0163209" computerName="EDSAC" duration="00:00:00.0022019" startTime="2010-12-04T14:10:12.1594777+00:00" endTime="2010-12-04T14:10:12.1774787+00:00" testType="13cdc9d9-ddb5-4fa4-a97d-d965ccfc6d4b" outcome="Passed" testListId="8c84fa94-04c1-424b-9868-57a2d4851a1d" relativeResultsDirectory="71df28d1-e8e2-42ea-992b-a3c0bedd44bf">
    </UnitTestResult>
    <UnitTestResult executionId="bac3ae77-10ef-4cde-8311-e53b840d7aaf" testId="33d00c5c-c888-05a3-fa39-c11369cf7bd7" testName="Iter96002" computerName="EDSAC" duration="00:00:00.0034235" startTime="2010-12-04T14:10:12.1834791+00:00" endTime="2010-12-04T14:10:12.2014801+00:00" testType="13cdc9d9-ddb5-4fa4-a97d-d965ccfc6d4b" outcome="Passed" testListId="8c84fa94-04c1-424b-9868-57a2d4851a1d" relativeResultsDirectory="bac3ae77-10ef-4cde-8311-e53b840d7aaf">
    </UnitTestResult>
    <UnitTestResult executionId="f9d266d8-67cb-4935-b1f0-0559fae39b75" testId="3403c50d-2a71-9a27-1ea8-652ff438ba45" testName="As0163218" computerName="EDSAC" duration="00:00:00.0023139" startTime="2010-12-04T14:10:12.2044803+00:00" endTime="2010-12-04T14:10:12.2144808+00:00" testType="13cdc9d9-ddb5-4fa4-a97d-d965ccfc6d4b" outcome="Passed" testListId="8c84fa94-04c1-424b-9868-57a2d4851a1d" relativeResultsDirectory="f9d266d8-67cb-4935-b1f0-0559fae39b75">
    </UnitTestResult>
    <UnitTestResult executionId="3755ad49-62d9-4581-8cbc-9decc4c22d94" testId="34aa3cd1-c558-0302-e5aa-355d37850848" testName="ForEach78802" computerName="EDSAC" duration="00:00:00.0028500" startTime="2010-12-04T14:10:12.2274816+00:00" endTime="2010-12-04T14:10:12.2444826+00:00" testType="13cdc9d9-ddb5-4fa4-a97d-d965ccfc6d4b" outcome="Passed" testListId="8c84fa94-04c1-424b-9868-57a2d4851a1d" relativeResultsDirectory="3755ad49-62d9-4581-8cbc-9decc4c22d94">
    </UnitTestResult>
    <UnitTestResult executionId="0c364199-6455-4963-9965-c32ffc74b822" testId="36c0ac7a-9f37-b952-7a17-2ad1e9132b69" testName="ForEach12504" computerName="EDSAC" duration="00:00:00.0022210" startTime="2010-12-04T14:10:12.2474827+00:00" endTime="2010-12-04T14:10:12.2574833+00:00" testType="13cdc9d9-ddb5-4fa4-a97d-d965ccfc6d4b" outcome="Passed" testListId="8c84fa94-04c1-424b-9868-57a2d4851a1d" relativeResultsDirectory="0c364199-6455-4963-9965-c32ffc74b822">
    </UnitTestResult>
    <UnitTestResult executionId="7f43089b-38a0-441f-bffe-9ef95e867505" testId="37c5e788-97a2-ee7f-c1df-5b64dcc3fb4c" testName="As0166002" computerName="EDSAC" duration="00:00:00.0007507" startTime="2010-12-04T14:10:12.2614835+00:00" endTime="2010-12-04T14:10:12.2684839+00:00" testType="13cdc9d9-ddb5-4fa4-a97d-d965ccfc6d4b" outcome="Passed" testListId="8c84fa94-04c1-424b-9868-57a2d4851a1d" relativeResultsDirectory="7f43089b-38a0-441f-bffe-9ef95e867505">
    </UnitTestResult>
    <UnitTestResult executionId="8d72be23-388c-4d23-a1a2-5d27a995bba5" testId="382ae704-dd0b-2259-d31c-dfbfb69a1305" testName="UnionAll13601" computerName="EDSAC" duration="00:00:00.0008725" startTime="2010-12-04T14:10:12.2724842+00:00" endTime="2010-12-04T14:10:12.2804846+00:00" testType="13cdc9d9-ddb5-4fa4-a97d-d965ccfc6d4b" outcome="Passed" testListId="8c84fa94-04c1-424b-9868-57a2d4851a1d" relativeResultsDirectory="8d72be23-388c-4d23-a1a2-5d27a995bba5">
    </UnitTestResult>
    <UnitTestResult executionId="a6d41a5b-7c4b-47fe-8829-90cc8a752499" testId="389db5b6-ab96-a436-4af4-f75359c85bc2" testName="As0163224" computerName="EDSAC" duration="00:00:00.0006807" startTime="2010-12-04T14:10:12.2874850+00:00" endTime="2010-12-04T14:10:12.2944854+00:00" testType="13cdc9d9-ddb5-4fa4-a97d-d965ccfc6d4b" outcome="Passed" testListId="8c84fa94-04c1-424b-9868-57a2d4851a1d" relativeResultsDirectory="a6d41a5b-7c4b-47fe-8829-90cc8a752499">
    </UnitTestResult>
    <UnitTestResult executionId="bb970e6e-92b5-4662-ba7a-7e1867557121" testId="3902168e-77cb-c1b4-c44f-4336ab3b86bd" testName="EmptyIfNull122" computerName="EDSAC" duration="00:00:00.0009411" startTime="2010-12-04T14:10:12.3004858+00:00" endTime="2010-12-04T14:10:12.3124864+00:00" testType="13cdc9d9-ddb5-4fa4-a97d-d965ccfc6d4b" outcome="Passed" testListId="8c84fa94-04c1-424b-9868-57a2d4851a1d" relativeResultsDirectory="bb970e6e-92b5-4662-ba7a-7e1867557121">
    </UnitTestResult>
    <UnitTestResult executionId="10bcbbb7-5992-439a-b03b-b7e90f33557c" testId="39820720-af85-1690-8f39-546deff2b7b4" testName="AsEnumerable0128302" computerName="EDSAC" duration="00:00:00.0024986" startTime="2010-12-04T14:10:12.3174867+00:00" endTime="2010-12-04T14:10:12.3314875+00:00" testType="13cdc9d9-ddb5-4fa4-a97d-d965ccfc6d4b" outcome="Passed" testListId="8c84fa94-04c1-424b-9868-57a2d4851a1d" relativeResultsDirectory="10bcbbb7-5992-439a-b03b-b7e90f33557c">
    </UnitTestResult>
    <UnitTestResult executionId="e43b80e7-96a1-4f14-a6e9-6af08d36967f" testId="39a24eb5-a45d-f931-6682-86b278494085" testName="Fill0168804" computerName="EDSAC" duration="00:00:00.0003592" startTime="2010-12-04T14:10:12.3344877+00:00" endTime="2010-12-04T14:10:12.3414881+00:00" testType="13cdc9d9-ddb5-4fa4-a97d-d965ccfc6d4b" outcome="Passed" testListId="8c84fa94-04c1-424b-9868-57a2d4851a1d" relativeResultsDirectory="e43b80e7-96a1-4f14-a6e9-6af08d36967f">
    </UnitTestResult>
    <UnitTestResult executionId="c19a2755-739f-418c-9f68-42cffb707d4c" testId="3c1d094b-ca29-adfc-cfcd-77289a3cce3f" testName="As0130304" computerName="EDSAC" duration="00:00:00.0024296" startTime="2010-12-04T14:10:12.3444883+00:00" endTime="2010-12-04T14:10:12.3534888+00:00" testType="13cdc9d9-ddb5-4fa4-a97d-d965ccfc6d4b" outcome="Passed" testListId="8c84fa94-04c1-424b-9868-57a2d4851a1d" relativeResultsDirectory="c19a2755-739f-418c-9f68-42cffb707d4c">
    </UnitTestResult>
    <UnitTestResult executionId="3b268a4a-2e15-46e6-85d2-52fffde9843b" testId="3ca3afbe-4155-3a78-1581-d034645ac0e9" testName="To04ThrowsContractException193" computerName="EDSAC" duration="00:00:00.0008417" startTime="2010-12-04T14:10:12.3564890+00:00" endTime="2010-12-04T14:10:12.3644894+00:00" testType="13cdc9d9-ddb5-4fa4-a97d-d965ccfc6d4b" outcome="Passed" testListId="8c84fa94-04c1-424b-9868-57a2d4851a1d" relativeResultsDirectory="3b268a4a-2e15-46e6-85d2-52fffde9843b">
    </UnitTestResult>
    <UnitTestResult executionId="5899404c-b92c-48e5-9a6f-3c9bdcfb0b57" testId="3f99a1d3-4dae-8b7d-a361-9ebbf5115b1e" testName="As0163240" computerName="EDSAC" duration="00:00:00.0004376" startTime="2010-12-04T14:10:12.3674896+00:00" endTime="2010-12-04T14:10:12.3764901+00:00" testType="13cdc9d9-ddb5-4fa4-a97d-d965ccfc6d4b" outcome="Passed" testListId="8c84fa94-04c1-424b-9868-57a2d4851a1d" relativeResultsDirectory="5899404c-b92c-48e5-9a6f-3c9bdcfb0b57">
    </UnitTestResult>
    <UnitTestResult executionId="0a8418fb-3e22-4e9c-8611-99ef66dcb083" testId="3febe6f3-67ab-23b3-dd85-d4b7c1206b0c" testName="TakeEvery57301" computerName="EDSAC" duration="00:00:00.0008268" startTime="2010-12-04T14:10:12.3804903+00:00" endTime="2010-12-04T14:10:12.3874907+00:00" testType="13cdc9d9-ddb5-4fa4-a97d-d965ccfc6d4b" outcome="Passed" testListId="8c84fa94-04c1-424b-9868-57a2d4851a1d" relativeResultsDirectory="0a8418fb-3e22-4e9c-8611-99ef66dcb083">
    </UnitTestResult>
    <UnitTestResult executionId="c3b9c794-aff2-46cc-9274-07cbfb8104e9" testId="40b13692-f736-7aca-afa5-678a24ba3ffc" testName="As0163219" computerName="EDSAC" duration="00:00:00.0006289" startTime="2010-12-04T14:10:12.3904909+00:00" endTime="2010-12-04T14:10:12.3994914+00:00" testType="13cdc9d9-ddb5-4fa4-a97d-d965ccfc6d4b" outcome="Passed" testListId="8c84fa94-04c1-424b-9868-57a2d4851a1d" relativeResultsDirectory="c3b9c794-aff2-46cc-9274-07cbfb8104e9">
    </UnitTestResult>
    <UnitTestResult executionId="111b7704-f5cf-47b2-af76-4ebda7692ab2" testId="40e83519-1225-601d-0c17-661b77e82314" testName="As01404" computerName="EDSAC" duration="00:00:00.0010288" startTime="2010-12-04T14:10:12.4064918+00:00" endTime="2010-12-04T14:10:12.4134922+00:00" testType="13cdc9d9-ddb5-4fa4-a97d-d965ccfc6d4b" outcome="Passed" testListId="8c84fa94-04c1-424b-9868-57a2d4851a1d" relativeResultsDirectory="111b7704-f5cf-47b2-af76-4ebda7692ab2">
    </UnitTestResult>
    <UnitTestResult executionId="512f236f-ee11-4f59-ac20-74b5747c87c0" testId="4183213a-6645-16c2-af8b-e5bfcf7442d8" testName="NullOr90701" computerName="EDSAC" duration="00:00:00.0017679" startTime="2010-12-04T14:10:12.4184925+00:00" endTime="2010-12-04T14:10:12.4274930+00:00" testType="13cdc9d9-ddb5-4fa4-a97d-d965ccfc6d4b" outcome="Passed" testListId="8c84fa94-04c1-424b-9868-57a2d4851a1d" relativeResultsDirectory="512f236f-ee11-4f59-ac20-74b5747c87c0">
    </UnitTestResult>
    <UnitTestResult executionId="00307093-9d49-49bc-ac07-e6be3608da4f" testId="41b53b6b-04c0-c784-5da0-bab31b4fb4d7" testName="ForEach90803" computerName="EDSAC" duration="00:00:00.0003933" startTime="2010-12-04T14:10:12.4334934+00:00" endTime="2010-12-04T14:10:12.4414938+00:00" testType="13cdc9d9-ddb5-4fa4-a97d-d965ccfc6d4b" outcome="Passed" testListId="8c84fa94-04c1-424b-9868-57a2d4851a1d" relativeResultsDirectory="00307093-9d49-49bc-ac07-e6be3608da4f">
    </UnitTestResult>
    <UnitTestResult executionId="8e4a66ca-3c6c-46b4-9251-27d974dd4b4c" testId="42f45f10-504d-0d19-0e58-1ea2105c69e9" testName="AsEnumerable0128301" computerName="EDSAC" duration="00:00:00.0004012" startTime="2010-12-04T14:10:12.4454941+00:00" endTime="2010-12-04T14:10:12.4554946+00:00" testType="13cdc9d9-ddb5-4fa4-a97d-d965ccfc6d4b" outcome="Passed" testListId="8c84fa94-04c1-424b-9868-57a2d4851a1d" relativeResultsDirectory="8e4a66ca-3c6c-46b4-9251-27d974dd4b4c">
    </UnitTestResult>
    <UnitTestResult executionId="b5b2e3ad-f0bb-4d3a-8b15-4b5cd52fc467" testId="43271b50-9462-4bb7-5e78-3783a2d68504" testName="As0198301" computerName="EDSAC" duration="00:00:00.0009686" startTime="2010-12-04T14:10:12.4574947+00:00" endTime="2010-12-04T14:10:12.4654952+00:00" testType="13cdc9d9-ddb5-4fa4-a97d-d965ccfc6d4b" outcome="Passed" testListId="8c84fa94-04c1-424b-9868-57a2d4851a1d" relativeResultsDirectory="b5b2e3ad-f0bb-4d3a-8b15-4b5cd52fc467">
    </UnitTestResult>
    <UnitTestResult executionId="98c16f61-090f-48bb-8a00-f7735f91850a" testId="44ddd54b-7a43-e4f9-ebb3-b78badce4585" testName="As21517" computerName="EDSAC" duration="00:00:00.0013107" startTime="2010-12-04T14:10:12.4704955+00:00" endTime="2010-12-04T14:10:12.4784959+00:00" testType="13cdc9d9-ddb5-4fa4-a97d-d965ccfc6d4b" outcome="Passed" testListId="8c84fa94-04c1-424b-9868-57a2d4851a1d" relativeResultsDirectory="98c16f61-090f-48bb-8a00-f7735f91850a">
    </UnitTestResult>
    <UnitTestResult executionId="3845fcbd-a805-4666-8ff2-f58cb4b39e36" testId="4603637e-fb7e-2981-f426-423b0ee1dc90" testName="As01ThrowsContractException876" computerName="EDSAC" duration="00:00:00.0005958" startTime="2010-12-04T14:10:12.4834962+00:00" endTime="2010-12-04T14:10:12.4924967+00:00" testType="13cdc9d9-ddb5-4fa4-a97d-d965ccfc6d4b" outcome="Passed" testListId="8c84fa94-04c1-424b-9868-57a2d4851a1d" relativeResultsDirectory="3845fcbd-a805-4666-8ff2-f58cb4b39e36">
    </UnitTestResult>
    <UnitTestResult executionId="9dd5271a-6e27-4c4c-ab6b-53c116438457" testId="466bff3f-4c8e-a9c1-50f6-91ffeb15d3a1" testName="As0163231" computerName="EDSAC" duration="00:00:00.0004092" startTime="2010-12-04T14:10:12.4974970+00:00" endTime="2010-12-04T14:10:12.5044974+00:00" testType="13cdc9d9-ddb5-4fa4-a97d-d965ccfc6d4b" outcome="Passed" testListId="8c84fa94-04c1-424b-9868-57a2d4851a1d" relativeResultsDirectory="9dd5271a-6e27-4c4c-ab6b-53c116438457">
    </UnitTestResult>
    <UnitTestResult executionId="4b963fd8-9da3-42a5-b547-8533cbbf31e0" testId="46ca0fd9-03e1-55e3-3ad7-b4625d8d07c0" testName="IfNotNull17302" computerName="EDSAC" duration="00:00:00.0005216" startTime="2010-12-04T14:10:12.5064975+00:00" endTime="2010-12-04T14:10:12.5144980+00:00" testType="13cdc9d9-ddb5-4fa4-a97d-d965ccfc6d4b" outcome="Passed" testListId="8c84fa94-04c1-424b-9868-57a2d4851a1d" relativeResultsDirectory="4b963fd8-9da3-42a5-b547-8533cbbf31e0">
    </UnitTestResult>
    <UnitTestResult executionId="224f46e3-c1bb-49c3-92cb-8142009e8795" testId="473a2b39-cb44-1d62-3c12-9fd92e3b377f" testName="As0163222" computerName="EDSAC" duration="00:00:00.0005883" startTime="2010-12-04T14:10:12.5194983+00:00" endTime="2010-12-04T14:10:12.5344991+00:00" testType="13cdc9d9-ddb5-4fa4-a97d-d965ccfc6d4b" outcome="Passed" testListId="8c84fa94-04c1-424b-9868-57a2d4851a1d" relativeResultsDirectory="224f46e3-c1bb-49c3-92cb-8142009e8795">
    </UnitTestResult>
    <UnitTestResult executionId="1673894c-554b-452e-ac2f-9fa344d05ed7" testId="4828b82d-197c-d38d-1052-fb24855ec6ae" testName="UnionAll02ThrowsContractException669" computerName="EDSAC" duration="00:00:00.0025756" startTime="2010-12-04T14:10:12.5414995+00:00" endTime="2010-12-04T14:10:12.5525002+00:00" testType="13cdc9d9-ddb5-4fa4-a97d-d965ccfc6d4b" outcome="Passed" testListId="8c84fa94-04c1-424b-9868-57a2d4851a1d" relativeResultsDirectory="1673894c-554b-452e-ac2f-9fa344d05ed7">
    </UnitTestResult>
    <UnitTestResult executionId="c9f80591-83aa-4adf-9f6c-f95892a36d0a" testId="49aa9228-e307-ef3c-566e-386137588923" testName="IfNotNull0192301" computerName="EDSAC" duration="00:00:00.0004306" startTime="2010-12-04T14:10:12.5585005+00:00" endTime="2010-12-04T14:10:12.5665010+00:00" testType="13cdc9d9-ddb5-4fa4-a97d-d965ccfc6d4b" outcome="Passed" testListId="8c84fa94-04c1-424b-9868-57a2d4851a1d" relativeResultsDirectory="c9f80591-83aa-4adf-9f6c-f95892a36d0a">
    </UnitTestResult>
    <UnitTestResult executionId="aece880d-65f0-4be3-95fe-c814e3844579" testId="49b4e1b0-9a60-f1f3-7d8e-e1f63ecc7d50" testName="UnionAll02ThrowsContractException903" computerName="EDSAC" duration="00:00:00.0007358" startTime="2010-12-04T14:10:12.5815018+00:00" endTime="2010-12-04T14:10:12.5915024+00:00" testType="13cdc9d9-ddb5-4fa4-a97d-d965ccfc6d4b" outcome="Passed" testListId="8c84fa94-04c1-424b-9868-57a2d4851a1d" relativeResultsDirectory="aece880d-65f0-4be3-95fe-c814e3844579">
    </UnitTestResult>
    <UnitTestResult executionId="392ebe95-b6c7-4335-a54c-a2b8c87adba7" testId="4a5ccd91-8853-f0cc-c6d0-af1603a36ab2" testName="As0166001" computerName="EDSAC" duration="00:00:00.0004031" startTime="2010-12-04T14:10:12.5965027+00:00" endTime="2010-12-04T14:10:12.6035031+00:00" testType="13cdc9d9-ddb5-4fa4-a97d-d965ccfc6d4b" outcome="Passed" testListId="8c84fa94-04c1-424b-9868-57a2d4851a1d" relativeResultsDirectory="392ebe95-b6c7-4335-a54c-a2b8c87adba7">
    </UnitTestResult>
    <UnitTestResult executionId="d125870b-b907-48ca-b0b0-60e24521b7b3" testId="4c1abec7-91f0-7672-2e0f-302cf26fbd1a" testName="As0166403" computerName="EDSAC" duration="00:00:00.0007055" startTime="2010-12-04T14:10:12.6095034+00:00" endTime="2010-12-04T14:10:12.6165038+00:00" testType="13cdc9d9-ddb5-4fa4-a97d-d965ccfc6d4b" outcome="Passed" testListId="8c84fa94-04c1-424b-9868-57a2d4851a1d" relativeResultsDirectory="d125870b-b907-48ca-b0b0-60e24521b7b3">
    </UnitTestResult>
    <UnitTestResult executionId="777328ad-7df7-4de3-b603-0c0b22a1ff79" testId="4c766330-2a1a-c11f-5958-fa0e45c2a866" testName="UnionAll0233901" computerName="EDSAC" duration="00:00:00.0006989" startTime="2010-12-04T14:10:12.6195040+00:00" endTime="2010-12-04T14:10:12.6285045+00:00" testType="13cdc9d9-ddb5-4fa4-a97d-d965ccfc6d4b" outcome="Passed" testListId="8c84fa94-04c1-424b-9868-57a2d4851a1d" relativeResultsDirectory="777328ad-7df7-4de3-b603-0c0b22a1ff79">
    </UnitTestResult>
    <UnitTestResult executionId="adc53fc4-ee4d-4e2e-b296-a6df4a39595f" testId="4d41008a-7d5b-c195-89ca-25e2bba2803d" testName="NullOr71404" computerName="EDSAC" duration="00:00:00.0036353" startTime="2010-12-04T14:10:12.6315047+00:00" endTime="2010-12-04T14:10:12.6405052+00:00" testType="13cdc9d9-ddb5-4fa4-a97d-d965ccfc6d4b" outcome="Passed" testListId="8c84fa94-04c1-424b-9868-57a2d4851a1d" relativeResultsDirectory="adc53fc4-ee4d-4e2e-b296-a6df4a39595f">
    </UnitTestResult>
    <UnitTestResult executionId="1dc943b5-99d5-47f4-abc7-adde49a2dcf7" testId="4ef1899b-961d-b074-c653-732880e5589d" testName="ForEachThrowsContractException158" computerName="EDSAC" duration="00:00:00.0012243" startTime="2010-12-04T14:10:12.6425053+00:00" endTime="2010-12-04T14:10:12.6505058+00:00" testType="13cdc9d9-ddb5-4fa4-a97d-d965ccfc6d4b" outcome="Passed" testListId="8c84fa94-04c1-424b-9868-57a2d4851a1d" relativeResultsDirectory="1dc943b5-99d5-47f4-abc7-adde49a2dcf7">
    </UnitTestResult>
    <UnitTestResult executionId="1fa6a4e3-df60-41f3-ab39-0ab2112db99a" testId="4f308a7f-5339-1197-c196-e8c2a3294cdb" testName="AsEnumerable0258803" computerName="EDSAC" duration="00:00:00.0029233" startTime="2010-12-04T14:10:12.6545060+00:00" endTime="2010-12-04T14:10:12.6635065+00:00" testType="13cdc9d9-ddb5-4fa4-a97d-d965ccfc6d4b" outcome="Passed" testListId="8c84fa94-04c1-424b-9868-57a2d4851a1d" relativeResultsDirectory="1fa6a4e3-df60-41f3-ab39-0ab2112db99a">
    </UnitTestResult>
    <UnitTestResult executionId="b3bdaff8-19c2-46bf-a259-a5a3963acb29" testId="4fbb91c1-c965-1543-022c-12856d2ae5ad" testName="As0163243" computerName="EDSAC" duration="00:00:00.0024273" startTime="2010-12-04T14:10:12.6665067+00:00" endTime="2010-12-04T14:10:12.6755072+00:00" testType="13cdc9d9-ddb5-4fa4-a97d-d965ccfc6d4b" outcome="Passed" testListId="8c84fa94-04c1-424b-9868-57a2d4851a1d" relativeResultsDirectory="b3bdaff8-19c2-46bf-a259-a5a3963acb29">
    </UnitTestResult>
    <UnitTestResult executionId="a7a5e2d5-9e23-499b-822e-543abdec4ddb" testId="54dfb2f2-edab-6914-c734-746381ef028e" testName="Times25801" computerName="EDSAC" duration="00:00:00.0079053" startTime="2010-12-04T14:10:12.6785074+00:00" endTime="2010-12-04T14:10:12.6925082+00:00" testType="13cdc9d9-ddb5-4fa4-a97d-d965ccfc6d4b" outcome="Passed" testListId="8c84fa94-04c1-424b-9868-57a2d4851a1d" relativeResultsDirectory="a7a5e2d5-9e23-499b-822e-543abdec4ddb">
    </UnitTestResult>
    <UnitTestResult executionId="3f80f5bd-f024-4706-8443-009e03fd91a0" testId="559ad5fd-9c89-3fab-e602-368a88629e35" testName="As0163221" computerName="EDSAC" duration="00:00:00.0035210" startTime="2010-12-04T14:10:12.6945083+00:00" endTime="2010-12-04T14:10:12.7055089+00:00" testType="13cdc9d9-ddb5-4fa4-a97d-d965ccfc6d4b" outcome="Passed" testListId="8c84fa94-04c1-424b-9868-57a2d4851a1d" relativeResultsDirectory="3f80f5bd-f024-4706-8443-009e03fd91a0">
    </UnitTestResult>
    <UnitTestResult executionId="daade9f0-be91-4455-b656-64dae0838e55" testId="567a07ee-04bb-68f0-b054-7c3ac20e04d0" testName="Range377" computerName="EDSAC" duration="00:00:00.0008333" startTime="2010-12-04T14:10:12.7075090+00:00" endTime="2010-12-04T14:10:12.7165096+00:00" testType="13cdc9d9-ddb5-4fa4-a97d-d965ccfc6d4b" outcome="Passed" testListId="8c84fa94-04c1-424b-9868-57a2d4851a1d" relativeResultsDirectory="daade9f0-be91-4455-b656-64dae0838e55">
    </UnitTestResult>
    <UnitTestResult executionId="a379a158-84dd-4e3f-915b-e0da7336eb95" testId="56fc1a57-6e5c-088b-8f95-88d9f697c097" testName="NullOr71402" computerName="EDSAC" duration="00:00:00.0005030" startTime="2010-12-04T14:10:12.7195097+00:00" endTime="2010-12-04T14:10:12.7305104+00:00" testType="13cdc9d9-ddb5-4fa4-a97d-d965ccfc6d4b" outcome="Passed" testListId="8c84fa94-04c1-424b-9868-57a2d4851a1d" relativeResultsDirectory="a379a158-84dd-4e3f-915b-e0da7336eb95">
    </UnitTestResult>
    <UnitTestResult executionId="e899fbc5-efaf-4ef3-ba6b-88ddcf785e6d" testId="5755d2a8-1978-f19d-e7bc-79a3772bf830" testName="IsIn01ThrowsContractException380" computerName="EDSAC" duration="00:00:00.0005641" startTime="2010-12-04T14:10:12.7345106+00:00" endTime="2010-12-04T14:10:12.7415110+00:00" testType="13cdc9d9-ddb5-4fa4-a97d-d965ccfc6d4b" outcome="Passed" testListId="8c84fa94-04c1-424b-9868-57a2d4851a1d" relativeResultsDirectory="e899fbc5-efaf-4ef3-ba6b-88ddcf785e6d">
    </UnitTestResult>
    <UnitTestResult executionId="ebd09203-d020-4edc-906a-0c4e64ed8ed0" testId="583a3c4e-73f0-f6e0-0816-cbe45229841d" testName="AsEnumerable56001" computerName="EDSAC" duration="00:00:00.0004344" startTime="2010-12-04T14:10:12.7455112+00:00" endTime="2010-12-04T14:10:12.7535117+00:00" testType="13cdc9d9-ddb5-4fa4-a97d-d965ccfc6d4b" outcome="Passed" testListId="8c84fa94-04c1-424b-9868-57a2d4851a1d" relativeResultsDirectory="ebd09203-d020-4edc-906a-0c4e64ed8ed0">
    </UnitTestResult>
    <UnitTestResult executionId="0a99071b-8c7a-4295-bb1f-4f3b0924f784" testId="585eea8b-8fa4-71e8-9d43-5274aef9fa35" testName="As21520" computerName="EDSAC" duration="00:00:00.0007003" startTime="2010-12-04T14:10:12.7565118+00:00" endTime="2010-12-04T14:10:12.7645123+00:00" testType="13cdc9d9-ddb5-4fa4-a97d-d965ccfc6d4b" outcome="Passed" testListId="8c84fa94-04c1-424b-9868-57a2d4851a1d" relativeResultsDirectory="0a99071b-8c7a-4295-bb1f-4f3b0924f784">
    </UnitTestResult>
    <UnitTestResult executionId="9cba5b25-df4c-45a4-9226-5ebe33c651e7" testId="59990ab9-8064-95a7-969b-da2dc269c717" testName="ToDictionaryThrowsContractException478" computerName="EDSAC" duration="00:00:00.0080634" startTime="2010-12-04T14:10:12.7675125+00:00" endTime="2010-12-04T14:10:12.7835134+00:00" testType="13cdc9d9-ddb5-4fa4-a97d-d965ccfc6d4b" outcome="Passed" testListId="8c84fa94-04c1-424b-9868-57a2d4851a1d" relativeResultsDirectory="9cba5b25-df4c-45a4-9226-5ebe33c651e7">
    </UnitTestResult>
    <UnitTestResult executionId="a9ed619a-f0e1-4398-b06d-65c66a8ffda3" testId="5af37465-b5df-7692-a729-818959a35f63" testName="RandomThrowsContractException925" computerName="EDSAC" duration="00:00:00.0013349" startTime="2010-12-04T14:10:12.7885137+00:00" endTime="2010-12-04T14:10:12.7965141+00:00" testType="13cdc9d9-ddb5-4fa4-a97d-d965ccfc6d4b" outcome="Passed" testListId="8c84fa94-04c1-424b-9868-57a2d4851a1d" relativeResultsDirectory="a9ed619a-f0e1-4398-b06d-65c66a8ffda3">
    </UnitTestResult>
    <UnitTestResult executionId="25797587-8dc5-4e20-a20b-79988fa87ef2" testId="5b905b9d-179c-2930-2f2f-ad7751aea174" testName="As01401" computerName="EDSAC" duration="00:00:00.0043614" startTime="2010-12-04T14:10:12.7985142+00:00" endTime="2010-12-04T14:10:12.8085148+00:00" testType="13cdc9d9-ddb5-4fa4-a97d-d965ccfc6d4b" outcome="Passed" testListId="8c84fa94-04c1-424b-9868-57a2d4851a1d" relativeResultsDirectory="25797587-8dc5-4e20-a20b-79988fa87ef2">
    </UnitTestResult>
    <UnitTestResult executionId="8dc9de10-f06f-4e3f-842a-20c2c1e24c3f" testId="5d4547ce-a6eb-4a5d-11b5-fd4fb3f2b4c4" testName="IfNotNull17304" computerName="EDSAC" duration="00:00:00.0014534" startTime="2010-12-04T14:10:12.8115150+00:00" endTime="2010-12-04T14:10:12.8205155+00:00" testType="13cdc9d9-ddb5-4fa4-a97d-d965ccfc6d4b" outcome="Passed" testListId="8c84fa94-04c1-424b-9868-57a2d4851a1d" relativeResultsDirectory="8dc9de10-f06f-4e3f-842a-20c2c1e24c3f">
    </UnitTestResult>
    <UnitTestResult executionId="86a144dc-f3ce-48b2-a033-f5594d6b8046" testId="5d663026-8403-d8b3-571f-dbc623bc2b0e" testName="As0163242" computerName="EDSAC" duration="00:00:00.0005272" startTime="2010-12-04T14:10:12.8245157+00:00" endTime="2010-12-04T14:10:12.8315161+00:00" testType="13cdc9d9-ddb5-4fa4-a97d-d965ccfc6d4b" outcome="Passed" testListId="8c84fa94-04c1-424b-9868-57a2d4851a1d" relativeResultsDirectory="86a144dc-f3ce-48b2-a033-f5594d6b8046">
    </UnitTestResult>
    <UnitTestResult executionId="bc6459fe-83d4-42b7-8609-9f0102cb1ed3" testId="5f6c8af1-2825-3c27-b802-e1be0e1eeb12" testName="Iter96001" computerName="EDSAC" duration="00:00:00.0008636" startTime="2010-12-04T14:10:12.8355164+00:00" endTime="2010-12-04T14:10:12.8445169+00:00" testType="13cdc9d9-ddb5-4fa4-a97d-d965ccfc6d4b" outcome="Passed" testListId="8c84fa94-04c1-424b-9868-57a2d4851a1d" relativeResultsDirectory="bc6459fe-83d4-42b7-8609-9f0102cb1ed3">
    </UnitTestResult>
    <UnitTestResult executionId="6296a24e-11b6-4d13-82b2-6848b03a704c" testId="603d3527-31ad-433b-f22d-64c8d067b62d" testName="NullOr90704" computerName="EDSAC" duration="00:00:00.0005016" startTime="2010-12-04T14:10:12.8475171+00:00" endTime="2010-12-04T14:10:12.8555175+00:00" testType="13cdc9d9-ddb5-4fa4-a97d-d965ccfc6d4b" outcome="Passed" testListId="8c84fa94-04c1-424b-9868-57a2d4851a1d" relativeResultsDirectory="6296a24e-11b6-4d13-82b2-6848b03a704c">
    </UnitTestResult>
    <UnitTestResult executionId="7f9112cb-0e95-4bb7-92c7-6de0992c8fa0" testId="633e6a31-e7c1-dc4e-810e-71a427cf70a8" testName="IsNot859" computerName="EDSAC" duration="00:00:00.0004386" startTime="2010-12-04T14:10:12.8585177+00:00" endTime="2010-12-04T14:10:12.8695183+00:00" testType="13cdc9d9-ddb5-4fa4-a97d-d965ccfc6d4b" outcome="Passed" testListId="8c84fa94-04c1-424b-9868-57a2d4851a1d" relativeResultsDirectory="7f9112cb-0e95-4bb7-92c7-6de0992c8fa0">
    </UnitTestResult>
    <UnitTestResult executionId="1b4904b3-0c18-4879-8728-7dc8b20f2731" testId="640310df-d648-7294-c434-32af677c30c3" testName="UnionAll0135501" computerName="EDSAC" duration="00:00:00.0022266" startTime="2010-12-04T14:10:12.8755187+00:00" endTime="2010-12-04T14:10:12.8845192+00:00" testType="13cdc9d9-ddb5-4fa4-a97d-d965ccfc6d4b" outcome="Passed" testListId="8c84fa94-04c1-424b-9868-57a2d4851a1d" relativeResultsDirectory="1b4904b3-0c18-4879-8728-7dc8b20f2731">
    </UnitTestResult>
    <UnitTestResult executionId="245cbba0-2dbf-4c02-a6a1-5037d655e8f6" testId="69d4fcec-3787-b518-9138-fc65c3d09ecc" testName="IfNotNull47701" computerName="EDSAC" duration="00:00:00.0004096" startTime="2010-12-04T14:10:12.8885194+00:00" endTime="2010-12-04T14:10:12.8955198+00:00" testType="13cdc9d9-ddb5-4fa4-a97d-d965ccfc6d4b" outcome="Passed" testListId="8c84fa94-04c1-424b-9868-57a2d4851a1d" relativeResultsDirectory="245cbba0-2dbf-4c02-a6a1-5037d655e8f6">
    </UnitTestResult>
    <UnitTestResult executionId="3ad60d5d-57de-425e-99e8-58ccf4d26aa4" testId="6b5ea87c-ca8e-cd07-2a54-53cd363577f8" testName="ToDictionary65201" computerName="EDSAC" duration="00:00:00.0011343" startTime="2010-12-04T14:10:12.9015201+00:00" endTime="2010-12-04T14:10:12.9085205+00:00" testType="13cdc9d9-ddb5-4fa4-a97d-d965ccfc6d4b" outcome="Passed" testListId="8c84fa94-04c1-424b-9868-57a2d4851a1d" relativeResultsDirectory="3ad60d5d-57de-425e-99e8-58ccf4d26aa4">
    </UnitTestResult>
    <UnitTestResult executionId="b042dce7-2039-4ede-ab7e-7e93e00a7b33" testId="6f205f53-5c1d-2d23-0592-7823ba18d3aa" testName="IsIn34" computerName="EDSAC" duration="00:00:00.0027446" startTime="2010-12-04T14:10:12.9115207+00:00" endTime="2010-12-04T14:10:12.9205212+00:00" testType="13cdc9d9-ddb5-4fa4-a97d-d965ccfc6d4b" outcome="Passed" testListId="8c84fa94-04c1-424b-9868-57a2d4851a1d" relativeResultsDirectory="b042dce7-2039-4ede-ab7e-7e93e00a7b33">
    </UnitTestResult>
    <UnitTestResult executionId="4472ad2f-65f3-4a18-8aed-2ae4042e1e24" testId="6fb9b650-50a8-89e9-0d35-3a3dc4939152" testName="Add88502" computerName="EDSAC" duration="00:00:00.0024259" startTime="2010-12-04T14:10:12.9225213+00:00" endTime="2010-12-04T14:10:12.9335220+00:00" testType="13cdc9d9-ddb5-4fa4-a97d-d965ccfc6d4b" outcome="Passed" testListId="8c84fa94-04c1-424b-9868-57a2d4851a1d" relativeResultsDirectory="4472ad2f-65f3-4a18-8aed-2ae4042e1e24">
    </UnitTestResult>
    <UnitTestResult executionId="1b873873-c8a2-4028-8b33-fdcbc3a3b2c3" testId="6fc614f1-4cc2-aa3e-1bb2-f91b079638ee" testName="Random01ThrowsContractException112" computerName="EDSAC" duration="00:00:00.0034729" startTime="2010-12-04T14:10:12.9355221+00:00" endTime="2010-12-04T14:10:12.9455227+00:00" testType="13cdc9d9-ddb5-4fa4-a97d-d965ccfc6d4b" outcome="Passed" testListId="8c84fa94-04c1-424b-9868-57a2d4851a1d" relativeResultsDirectory="1b873873-c8a2-4028-8b33-fdcbc3a3b2c3">
    </UnitTestResult>
    <UnitTestResult executionId="4e0c7532-e36c-48aa-bdb4-9a5d4e631e6e" testId="70ecef07-25d9-9298-9faa-26825e270b46" testName="Fill0168803" computerName="EDSAC" duration="00:00:00.0003928" startTime="2010-12-04T14:10:12.9525231+00:00" endTime="2010-12-04T14:10:12.9595235+00:00" testType="13cdc9d9-ddb5-4fa4-a97d-d965ccfc6d4b" outcome="Passed" testListId="8c84fa94-04c1-424b-9868-57a2d4851a1d" relativeResultsDirectory="4e0c7532-e36c-48aa-bdb4-9a5d4e631e6e">
    </UnitTestResult>
    <UnitTestResult executionId="951640bf-76ca-4049-9dea-b41f1366097b" testId="71153c10-625e-eee7-0105-ad1f18f9fb72" testName="ForEach78803" computerName="EDSAC" duration="00:00:00.0003784" startTime="2010-12-04T14:10:12.9625236+00:00" endTime="2010-12-04T14:10:12.9725242+00:00" testType="13cdc9d9-ddb5-4fa4-a97d-d965ccfc6d4b" outcome="Passed" testListId="8c84fa94-04c1-424b-9868-57a2d4851a1d" relativeResultsDirectory="951640bf-76ca-4049-9dea-b41f1366097b">
    </UnitTestResult>
    <UnitTestResult executionId="abb67ebb-6f8a-4862-bd0d-19c74a61ba3b" testId="71a360e3-d81d-a30a-382f-721ef096f5b1" testName="IfNotNull0192303" computerName="EDSAC" duration="00:00:00.0034711" startTime="2010-12-04T14:10:12.9755244+00:00" endTime="2010-12-04T14:10:12.9845249+00:00" testType="13cdc9d9-ddb5-4fa4-a97d-d965ccfc6d4b" outcome="Passed" testListId="8c84fa94-04c1-424b-9868-57a2d4851a1d" relativeResultsDirectory="abb67ebb-6f8a-4862-bd0d-19c74a61ba3b">
    </UnitTestResult>
    <UnitTestResult executionId="a4a7142c-818b-4b22-b3cb-19b8959b220a" testId="7206ff03-56a7-ec6c-ffc0-c8679263faa3" testName="As0163211" computerName="EDSAC" duration="00:00:00.0006313" startTime="2010-12-04T14:10:12.9875251+00:00" endTime="2010-12-04T14:10:12.9955255+00:00" testType="13cdc9d9-ddb5-4fa4-a97d-d965ccfc6d4b" outcome="Passed" testListId="8c84fa94-04c1-424b-9868-57a2d4851a1d" relativeResultsDirectory="a4a7142c-818b-4b22-b3cb-19b8959b220a">
    </UnitTestResult>
    <UnitTestResult executionId="d65c1638-2c8e-4d2c-ae2b-a0b9f4d1edde" testId="73dedb08-3777-9f76-6412-b3470bb8b574" testName="AsEnumerable0314801" computerName="EDSAC" duration="00:00:00.0007339" startTime="2010-12-04T14:10:13.0015259+00:00" endTime="2010-12-04T14:10:13.0085263+00:00" testType="13cdc9d9-ddb5-4fa4-a97d-d965ccfc6d4b" outcome="Passed" testListId="8c84fa94-04c1-424b-9868-57a2d4851a1d" relativeResultsDirectory="d65c1638-2c8e-4d2c-ae2b-a0b9f4d1edde">
    </UnitTestResult>
    <UnitTestResult executionId="2f660ba3-e51c-4fa4-b334-e03d47d36362" testId="767e3845-1b47-6225-c38c-e6345e12262a" testName="Is373" computerName="EDSAC" duration="00:00:00.0022163" startTime="2010-12-04T14:10:13.0115264+00:00" endTime="2010-12-04T14:10:13.0195269+00:00" testType="13cdc9d9-ddb5-4fa4-a97d-d965ccfc6d4b" outcome="Passed" testListId="8c84fa94-04c1-424b-9868-57a2d4851a1d" relativeResultsDirectory="2f660ba3-e51c-4fa4-b334-e03d47d36362">
    </UnitTestResult>
    <UnitTestResult executionId="6a8f5703-bc65-4a3c-a605-83e133e06341" testId="7743f34e-ac5f-23a3-8e8f-212222420029" testName="As215" computerName="EDSAC" duration="00:00:00.0004712" startTime="2010-12-04T14:10:13.0225271+00:00" endTime="2010-12-04T14:10:13.0325276+00:00" testType="13cdc9d9-ddb5-4fa4-a97d-d965ccfc6d4b" outcome="Passed" testListId="8c84fa94-04c1-424b-9868-57a2d4851a1d" relativeResultsDirectory="6a8f5703-bc65-4a3c-a605-83e133e06341">
    </UnitTestResult>
    <UnitTestResult executionId="7c1e6c31-5156-49f1-b2f2-1ff1e1fa9d2b" testId="787c2aca-5007-7e56-5e10-28020b3be468" testName="AsEnumerable0314804" computerName="EDSAC" duration="00:00:00.0004899" startTime="2010-12-04T14:10:13.0385280+00:00" endTime="2010-12-04T14:10:13.0505287+00:00" testType="13cdc9d9-ddb5-4fa4-a97d-d965ccfc6d4b" outcome="Passed" testListId="8c84fa94-04c1-424b-9868-57a2d4851a1d" relativeResultsDirectory="7c1e6c31-5156-49f1-b2f2-1ff1e1fa9d2b">
    </UnitTestResult>
    <UnitTestResult executionId="b7ea06ef-2be5-4403-9d2f-2b8a9e967fe6" testId="7896ac03-38fd-b99c-d27e-6cbd208a3f1e" testName="As21502" computerName="EDSAC" duration="00:00:00.0007517" startTime="2010-12-04T14:10:13.0525288+00:00" endTime="2010-12-04T14:10:13.0615293+00:00" testType="13cdc9d9-ddb5-4fa4-a97d-d965ccfc6d4b" outcome="Passed" testListId="8c84fa94-04c1-424b-9868-57a2d4851a1d" relativeResultsDirectory="b7ea06ef-2be5-4403-9d2f-2b8a9e967fe6">
    </UnitTestResult>
    <UnitTestResult executionId="8c2b17fc-e9aa-4ab1-a47e-0062613790ab" testId="797d7b6c-0b94-436f-8cf2-1181e4378e5e" testName="AddThrowsContractException551" computerName="EDSAC" duration="00:00:00.0008674" startTime="2010-12-04T14:10:13.0655295+00:00" endTime="2010-12-04T14:10:13.0735300+00:00" testType="13cdc9d9-ddb5-4fa4-a97d-d965ccfc6d4b" outcome="Passed" testListId="8c84fa94-04c1-424b-9868-57a2d4851a1d" relativeResultsDirectory="8c2b17fc-e9aa-4ab1-a47e-0062613790ab">
    </UnitTestResult>
    <UnitTestResult executionId="7ca8b1e3-1082-43da-baec-77899a07b51c" testId="7a7d56e7-b4b7-3226-df1d-44471276e993" testName="AsEnumerable02ThrowsContractException18" computerName="EDSAC" duration="00:00:00.0008991" startTime="2010-12-04T14:10:13.0775302+00:00" endTime="2010-12-04T14:10:13.0845306+00:00" testType="13cdc9d9-ddb5-4fa4-a97d-d965ccfc6d4b" outcome="Passed" testListId="8c84fa94-04c1-424b-9868-57a2d4851a1d" relativeResultsDirectory="7ca8b1e3-1082-43da-baec-77899a07b51c">
    </UnitTestResult>
    <UnitTestResult executionId="ea1af3d4-f948-4d30-9937-6cfcf28870b3" testId="7a9400e0-6f1a-74cc-aaf2-4e620d01eac4" testName="As0166402" computerName="EDSAC" duration="00:00:00.0007008" startTime="2010-12-04T14:10:13.0875308+00:00" endTime="2010-12-04T14:10:13.0965313+00:00" testType="13cdc9d9-ddb5-4fa4-a97d-d965ccfc6d4b" outcome="Passed" testListId="8c84fa94-04c1-424b-9868-57a2d4851a1d" relativeResultsDirectory="ea1af3d4-f948-4d30-9937-6cfcf28870b3">
    </UnitTestResult>
    <UnitTestResult executionId="d319f1c2-9794-40ea-9124-4f619f6dadba" testId="7a965cd2-e1cf-8636-b94b-9bb1e4688fd0" testName="Iter96004" computerName="EDSAC" duration="00:00:00.0009607" startTime="2010-12-04T14:10:13.0985314+00:00" endTime="2010-12-04T14:10:13.1065319+00:00" testType="13cdc9d9-ddb5-4fa4-a97d-d965ccfc6d4b" outcome="Passed" testListId="8c84fa94-04c1-424b-9868-57a2d4851a1d" relativeResultsDirectory="d319f1c2-9794-40ea-9124-4f619f6dadba">
    </UnitTestResult>
    <UnitTestResult executionId="e0440ec3-95fb-468e-a309-3399db26e944" testId="7a9b0937-239f-a7cc-e1fc-09bbc3508e89" testName="As0130301" computerName="EDSAC" duration="00:00:00.0004143" startTime="2010-12-04T14:10:13.1095320+00:00" endTime="2010-12-04T14:10:13.1195326+00:00" testType="13cdc9d9-ddb5-4fa4-a97d-d965ccfc6d4b" outcome="Passed" testListId="8c84fa94-04c1-424b-9868-57a2d4851a1d" relativeResultsDirectory="e0440ec3-95fb-468e-a309-3399db26e944">
    </UnitTestResult>
    <UnitTestResult executionId="80105dcd-e76d-4548-8bb6-9f928ef40e5a" testId="7acd9860-9837-fbe5-5425-b774d050444a" testName="ForEach12503" computerName="EDSAC" duration="00:00:00.0022038" startTime="2010-12-04T14:10:13.1225328+00:00" endTime="2010-12-04T14:10:13.1315333+00:00" testType="13cdc9d9-ddb5-4fa4-a97d-d965ccfc6d4b" outcome="Passed" testListId="8c84fa94-04c1-424b-9868-57a2d4851a1d" relativeResultsDirectory="80105dcd-e76d-4548-8bb6-9f928ef40e5a">
    </UnitTestResult>
    <UnitTestResult executionId="6940571e-a8ab-4a18-accb-bd2dc6c26bff" testId="7b6ad291-8507-bfdb-b921-bf2c15c5fff5" testName="IterThrowsContractException889" computerName="EDSAC" duration="00:00:00.0006462" startTime="2010-12-04T14:10:13.1345335+00:00" endTime="2010-12-04T14:10:13.1435340+00:00" testType="13cdc9d9-ddb5-4fa4-a97d-d965ccfc6d4b" outcome="Passed" testListId="8c84fa94-04c1-424b-9868-57a2d4851a1d" relativeResultsDirectory="6940571e-a8ab-4a18-accb-bd2dc6c26bff">
    </UnitTestResult>
    <UnitTestResult executionId="d7faa4cc-297f-4f95-856a-2aa6024fc271" testId="7ba074f7-37b4-86ab-f897-639c59c7afb2" testName="As01402" computerName="EDSAC" duration="00:00:00.0008324" startTime="2010-12-04T14:10:13.1455341+00:00" endTime="2010-12-04T14:10:13.1535346+00:00" testType="13cdc9d9-ddb5-4fa4-a97d-d965ccfc6d4b" outcome="Passed" testListId="8c84fa94-04c1-424b-9868-57a2d4851a1d" relativeResultsDirectory="d7faa4cc-297f-4f95-856a-2aa6024fc271">
    </UnitTestResult>
    <UnitTestResult executionId="639d8fe5-307f-4850-bbc8-b32fa61ee938" testId="7d40dea1-9f04-830e-f671-256b02c3b5cf" testName="GetByPercentThrowsContractException340" computerName="EDSAC" duration="00:00:00.0009290" startTime="2010-12-04T14:10:13.1615350+00:00" endTime="2010-12-04T14:10:13.1685354+00:00" testType="13cdc9d9-ddb5-4fa4-a97d-d965ccfc6d4b" outcome="Passed" testListId="8c84fa94-04c1-424b-9868-57a2d4851a1d" relativeResultsDirectory="639d8fe5-307f-4850-bbc8-b32fa61ee938">
    </UnitTestResult>
    <UnitTestResult executionId="319f4778-7e26-47d5-99f0-eace1d214eed" testId="7d85dd6d-e955-0c88-df95-d36cadd3d7ff" testName="IsNullOrEmpty839" computerName="EDSAC" duration="00:00:00.0013373" startTime="2010-12-04T14:10:13.1715356+00:00" endTime="2010-12-04T14:10:13.1805361+00:00" testType="13cdc9d9-ddb5-4fa4-a97d-d965ccfc6d4b" outcome="Passed" testListId="8c84fa94-04c1-424b-9868-57a2d4851a1d" relativeResultsDirectory="319f4778-7e26-47d5-99f0-eace1d214eed">
    </UnitTestResult>
    <UnitTestResult executionId="7d9e4f2a-c80a-4057-b8aa-49fea47c5c9d" testId="80003646-df99-feba-93b2-6a809b884bf6" testName="Fill0157102" computerName="EDSAC" duration="00:00:00.0004283" startTime="2010-12-04T14:10:13.1825362+00:00" endTime="2010-12-04T14:10:13.1905367+00:00" testType="13cdc9d9-ddb5-4fa4-a97d-d965ccfc6d4b" outcome="Passed" testListId="8c84fa94-04c1-424b-9868-57a2d4851a1d" relativeResultsDirectory="7d9e4f2a-c80a-4057-b8aa-49fea47c5c9d">
    </UnitTestResult>
    <UnitTestResult executionId="cf99f354-ef95-452c-9fbe-11ce9e3e14af" testId="808822f6-9c85-0a33-f1f9-4d64c79fb975" testName="As763" computerName="EDSAC" duration="00:00:00.0009486" startTime="2010-12-04T14:10:13.1945369+00:00" endTime="2010-12-04T14:10:13.2035374+00:00" testType="13cdc9d9-ddb5-4fa4-a97d-d965ccfc6d4b" outcome="Passed" testListId="8c84fa94-04c1-424b-9868-57a2d4851a1d" relativeResultsDirectory="cf99f354-ef95-452c-9fbe-11ce9e3e14af">
    </UnitTestResult>
    <UnitTestResult executionId="ead9868f-ded7-4448-af83-47b169b6b773" testId="80c446f8-daa9-dd90-7ba0-f56b79877aec" testName="AsEnumerable0258802" computerName="EDSAC" duration="00:00:00.0029237" startTime="2010-12-04T14:10:13.2055375+00:00" endTime="2010-12-04T14:10:13.2175382+00:00" testType="13cdc9d9-ddb5-4fa4-a97d-d965ccfc6d4b" outcome="Passed" testListId="8c84fa94-04c1-424b-9868-57a2d4851a1d" relativeResultsDirectory="ead9868f-ded7-4448-af83-47b169b6b773">
    </UnitTestResult>
    <UnitTestResult executionId="d8e44159-3bbf-47c2-a387-c06291f67c7b" testId="8449ab5e-c7c8-6deb-cb03-833888a032c6" testName="Fill0110502" computerName="EDSAC" duration="00:00:00.0006126" startTime="2010-12-04T14:10:13.2205384+00:00" endTime="2010-12-04T14:10:13.2285388+00:00" testType="13cdc9d9-ddb5-4fa4-a97d-d965ccfc6d4b" outcome="Passed" testListId="8c84fa94-04c1-424b-9868-57a2d4851a1d" relativeResultsDirectory="d8e44159-3bbf-47c2-a387-c06291f67c7b">
    </UnitTestResult>
    <UnitTestResult executionId="3cfd3f0d-302e-4e58-a720-6fe5307a1d54" testId="850912a6-5065-5531-7451-3014a79cee54" testName="As0132107" computerName="EDSAC" duration="00:00:00.0007596" startTime="2010-12-04T14:10:13.2365393+00:00" endTime="2010-12-04T14:10:13.2445398+00:00" testType="13cdc9d9-ddb5-4fa4-a97d-d965ccfc6d4b" outcome="Passed" testListId="8c84fa94-04c1-424b-9868-57a2d4851a1d" relativeResultsDirectory="3cfd3f0d-302e-4e58-a720-6fe5307a1d54">
    </UnitTestResult>
    <UnitTestResult executionId="756fe701-0bb6-46b6-9205-7bb696031bf7" testId="869377b3-dcd6-3fd0-816f-a4a48e30d6c3" testName="To01ThrowsContractException635" computerName="EDSAC" duration="00:00:00.0031696" startTime="2010-12-04T14:10:13.2475399+00:00" endTime="2010-12-04T14:10:13.2575405+00:00" testType="13cdc9d9-ddb5-4fa4-a97d-d965ccfc6d4b" outcome="Passed" testListId="8c84fa94-04c1-424b-9868-57a2d4851a1d" relativeResultsDirectory="756fe701-0bb6-46b6-9205-7bb696031bf7">
    </UnitTestResult>
    <UnitTestResult executionId="fe14a3eb-7030-4ded-99a3-b55d4de44059" testId="86a0d6ba-240b-81ef-7612-a91dd0bac5dd" testName="To0482501" computerName="EDSAC" duration="00:00:00.0008007" startTime="2010-12-04T14:10:13.2705412+00:00" endTime="2010-12-04T14:10:13.2905424+00:00" testType="13cdc9d9-ddb5-4fa4-a97d-d965ccfc6d4b" outcome="Passed" testListId="8c84fa94-04c1-424b-9868-57a2d4851a1d" relativeResultsDirectory="fe14a3eb-7030-4ded-99a3-b55d4de44059">
    </UnitTestResult>
    <UnitTestResult executionId="2e2706af-13d5-4a66-8809-340303e63370" testId="86c02588-b87f-32bd-880b-56b0d73c1993" testName="NullOr71401" computerName="EDSAC" duration="00:00:00.0021627" startTime="2010-12-04T14:10:13.2945426+00:00" endTime="2010-12-04T14:10:13.3475457+00:00" testType="13cdc9d9-ddb5-4fa4-a97d-d965ccfc6d4b" outcome="Passed" testListId="8c84fa94-04c1-424b-9868-57a2d4851a1d" relativeResultsDirectory="2e2706af-13d5-4a66-8809-340303e63370">
    </UnitTestResult>
    <UnitTestResult executionId="756fcb12-6fe0-4dfc-ab70-bc4ea05dfc8c" testId="8795f817-2bb9-9d00-f981-a3a8a2b7335e" testName="Add88501" computerName="EDSAC" duration="00:00:00.0026372" startTime="2010-12-04T14:10:13.3535460+00:00" endTime="2010-12-04T14:10:13.3635466+00:00" testType="13cdc9d9-ddb5-4fa4-a97d-d965ccfc6d4b" outcome="Passed" testListId="8c84fa94-04c1-424b-9868-57a2d4851a1d" relativeResultsDirectory="756fcb12-6fe0-4dfc-ab70-bc4ea05dfc8c">
    </UnitTestResult>
    <UnitTestResult executionId="7243d019-71b1-4c09-97bb-2118010cf0fd" testId="8a248c8c-38d6-117a-cb08-bb2fddeae117" testName="ForEach12501" computerName="EDSAC" duration="00:00:00.0036530" startTime="2010-12-04T14:10:13.3665467+00:00" endTime="2010-12-04T14:10:13.3765473+00:00" testType="13cdc9d9-ddb5-4fa4-a97d-d965ccfc6d4b" outcome="Passed" testListId="8c84fa94-04c1-424b-9868-57a2d4851a1d" relativeResultsDirectory="7243d019-71b1-4c09-97bb-2118010cf0fd">
    </UnitTestResult>
    <UnitTestResult executionId="70eaa055-60e6-4436-99c6-988c75ee76b3" testId="8d424c8f-9c8d-8bdb-c98c-1e76a87f52e2" testName="Shuffle565" computerName="EDSAC" duration="00:00:00.0043446" startTime="2010-12-04T14:10:13.3835477+00:00" endTime="2010-12-04T14:10:13.3935483+00:00" testType="13cdc9d9-ddb5-4fa4-a97d-d965ccfc6d4b" outcome="Passed" testListId="8c84fa94-04c1-424b-9868-57a2d4851a1d" relativeResultsDirectory="70eaa055-60e6-4436-99c6-988c75ee76b3">
    </UnitTestResult>
    <UnitTestResult executionId="50d8e6ad-e28f-4a45-917c-92f43fa30a24" testId="8dec4c0d-9137-8bca-e823-6edddad67b2a" testName="As568" computerName="EDSAC" duration="00:00:00.0007232" startTime="2010-12-04T14:10:13.3965485+00:00" endTime="2010-12-04T14:10:13.4085491+00:00" testType="13cdc9d9-ddb5-4fa4-a97d-d965ccfc6d4b" outcome="Passed" testListId="8c84fa94-04c1-424b-9868-57a2d4851a1d" relativeResultsDirectory="50d8e6ad-e28f-4a45-917c-92f43fa30a24">
    </UnitTestResult>
    <UnitTestResult executionId="f59dd71e-a123-43d8-8d57-e2fcf704337a" testId="8e9dd2cf-ab74-a19e-4fae-41caa637e0ed" testName="AsEnumerable03ThrowsContractException289" computerName="EDSAC" duration="00:00:00.0009481" startTime="2010-12-04T14:10:13.4125494+00:00" endTime="2010-12-04T14:10:13.4195498+00:00" testType="13cdc9d9-ddb5-4fa4-a97d-d965ccfc6d4b" outcome="Passed" testListId="8c84fa94-04c1-424b-9868-57a2d4851a1d" relativeResultsDirectory="f59dd71e-a123-43d8-8d57-e2fcf704337a">
    </UnitTestResult>
    <UnitTestResult executionId="ab36521b-f2d0-486f-86a5-610165a99fe2" testId="8f15350a-b612-7c9b-89ff-1e54a29d9340" testName="To03ThrowsContractException968" computerName="EDSAC" duration="00:00:00.0007115" startTime="2010-12-04T14:10:13.4235500+00:00" endTime="2010-12-04T14:10:13.4325505+00:00" testType="13cdc9d9-ddb5-4fa4-a97d-d965ccfc6d4b" outcome="Passed" testListId="8c84fa94-04c1-424b-9868-57a2d4851a1d" relativeResultsDirectory="ab36521b-f2d0-486f-86a5-610165a99fe2">
    </UnitTestResult>
    <UnitTestResult executionId="5d2b2aba-a170-4de7-b0d9-64acb51d1944" testId="8f214c0c-af12-b9fb-ae32-e2f0e522a10f" testName="NullOr90702" computerName="EDSAC" duration="00:00:00.0007307" startTime="2010-12-04T14:10:13.4375508+00:00" endTime="2010-12-04T14:10:13.4455513+00:00" testType="13cdc9d9-ddb5-4fa4-a97d-d965ccfc6d4b" outcome="Passed" testListId="8c84fa94-04c1-424b-9868-57a2d4851a1d" relativeResultsDirectory="5d2b2aba-a170-4de7-b0d9-64acb51d1944">
    </UnitTestResult>
    <UnitTestResult executionId="7ab9acd7-db84-48c4-9cb5-4ab64a7179d4" testId="90427aa6-8cf4-b956-2b3f-9546b7107ae7" testName="TimesThrowsContractException662" computerName="EDSAC" duration="00:00:00.0007582" startTime="2010-12-04T14:10:13.4495515+00:00" endTime="2010-12-04T14:10:13.4575519+00:00" testType="13cdc9d9-ddb5-4fa4-a97d-d965ccfc6d4b" outcome="Passed" testListId="8c84fa94-04c1-424b-9868-57a2d4851a1d" relativeResultsDirectory="7ab9acd7-db84-48c4-9cb5-4ab64a7179d4">
    </UnitTestResult>
    <UnitTestResult executionId="04586a9f-81a6-4c09-b81d-f12068e0691e" testId="91ad74e2-7f98-39c5-b2ac-d6979eb1e521" testName="As0163239" computerName="EDSAC" duration="00:00:00.0026564" startTime="2010-12-04T14:10:13.4615522+00:00" endTime="2010-12-04T14:10:13.4695526+00:00" testType="13cdc9d9-ddb5-4fa4-a97d-d965ccfc6d4b" outcome="Passed" testListId="8c84fa94-04c1-424b-9868-57a2d4851a1d" relativeResultsDirectory="04586a9f-81a6-4c09-b81d-f12068e0691e">
    </UnitTestResult>
    <UnitTestResult executionId="672de20d-98a8-4546-b372-211b14a1d989" testId="920395ef-4d81-2796-a8e3-57b62c679836" testName="As0132102" computerName="EDSAC" duration="00:00:00.0004232" startTime="2010-12-04T14:10:13.4715527+00:00" endTime="2010-12-04T14:10:13.4825534+00:00" testType="13cdc9d9-ddb5-4fa4-a97d-d965ccfc6d4b" outcome="Passed" testListId="8c84fa94-04c1-424b-9868-57a2d4851a1d" relativeResultsDirectory="672de20d-98a8-4546-b372-211b14a1d989">
    </UnitTestResult>
    <UnitTestResult executionId="7504f1fc-d376-4203-acdf-a0c3657ace1d" testId="92c796c7-6140-7467-0f72-263f4de0d5fd" testName="Add88504" computerName="EDSAC" duration="00:00:00.0004936" startTime="2010-12-04T14:10:13.4855535+00:00" endTime="2010-12-04T14:10:13.5005544+00:00" testType="13cdc9d9-ddb5-4fa4-a97d-d965ccfc6d4b" outcome="Passed" testListId="8c84fa94-04c1-424b-9868-57a2d4851a1d" relativeResultsDirectory="7504f1fc-d376-4203-acdf-a0c3657ace1d">
    </UnitTestResult>
    <UnitTestResult executionId="7fd2f6b1-1db7-4a37-baea-cf745df62191" testId="94c02084-a2f4-8ed3-b12d-a1ac0caf9379" testName="AsEnumerable01ThrowsContractException5" computerName="EDSAC" duration="00:00:00.0008347" startTime="2010-12-04T14:10:13.5095549+00:00" endTime="2010-12-04T14:10:13.5165553+00:00" testType="13cdc9d9-ddb5-4fa4-a97d-d965ccfc6d4b" outcome="Passed" testListId="8c84fa94-04c1-424b-9868-57a2d4851a1d" relativeResultsDirectory="7fd2f6b1-1db7-4a37-baea-cf745df62191">
    </UnitTestResult>
    <UnitTestResult executionId="51787f03-10d9-4171-8bd2-a1f76cf9199b" testId="9611d5ba-c78e-b7b6-592f-64194d91b456" testName="AsEnumerable56004" computerName="EDSAC" duration="00:00:00.0007176" startTime="2010-12-04T14:10:13.5195555+00:00" endTime="2010-12-04T14:10:13.5345563+00:00" testType="13cdc9d9-ddb5-4fa4-a97d-d965ccfc6d4b" outcome="Passed" testListId="8c84fa94-04c1-424b-9868-57a2d4851a1d" relativeResultsDirectory="51787f03-10d9-4171-8bd2-a1f76cf9199b">
    </UnitTestResult>
    <UnitTestResult executionId="f3c6404f-e8a9-48f0-a7ec-42201150f39a" testId="97102229-37fa-e978-ffae-7fd4c7300f98" testName="NullOr90703" computerName="EDSAC" duration="00:00:00.0004526" startTime="2010-12-04T14:10:13.5425568+00:00" endTime="2010-12-04T14:10:13.5575577+00:00" testType="13cdc9d9-ddb5-4fa4-a97d-d965ccfc6d4b" outcome="Passed" testListId="8c84fa94-04c1-424b-9868-57a2d4851a1d" relativeResultsDirectory="f3c6404f-e8a9-48f0-a7ec-42201150f39a">
    </UnitTestResult>
    <UnitTestResult executionId="7b93be3e-2fc3-4629-997b-51b7c8e69224" testId="97495e35-0952-692a-91b0-3d721dc574e4" testName="As0166004" computerName="EDSAC" duration="00:00:00.0003975" startTime="2010-12-04T14:10:13.5665582+00:00" endTime="2010-12-04T14:10:13.5805590+00:00" testType="13cdc9d9-ddb5-4fa4-a97d-d965ccfc6d4b" outcome="Passed" testListId="8c84fa94-04c1-424b-9868-57a2d4851a1d" relativeResultsDirectory="7b93be3e-2fc3-4629-997b-51b7c8e69224">
    </UnitTestResult>
    <UnitTestResult executionId="a3e741c9-c19d-48af-b1a4-13d60ce1eebc" testId="98f1539c-0085-97ac-e6d6-c700951efc19" testName="RangeThrowsContractException841" computerName="EDSAC" duration="00:00:00.0029494" startTime="2010-12-04T14:10:13.5885594+00:00" endTime="2010-12-04T14:10:13.6045604+00:00" testType="13cdc9d9-ddb5-4fa4-a97d-d965ccfc6d4b" outcome="Passed" testListId="8c84fa94-04c1-424b-9868-57a2d4851a1d" relativeResultsDirectory="a3e741c9-c19d-48af-b1a4-13d60ce1eebc">
    </UnitTestResult>
    <UnitTestResult executionId="211c970a-2193-4ff7-b29a-d02358273898" testId="990a1706-3c38-5c79-dd26-6bf2a85de470" testName="As0163233" computerName="EDSAC" duration="00:00:00.0007876" startTime="2010-12-04T14:10:13.6135609+00:00" endTime="2010-12-04T14:10:13.6265616+00:00" testType="13cdc9d9-ddb5-4fa4-a97d-d965ccfc6d4b" outcome="Passed" testListId="8c84fa94-04c1-424b-9868-57a2d4851a1d" relativeResultsDirectory="211c970a-2193-4ff7-b29a-d02358273898">
    </UnitTestResult>
    <UnitTestResult executionId="f4eb74dc-e234-41f4-a882-20fb97c5a9f0" testId="9a12b8c7-dd2a-27a8-8e5c-846cf91e7a67" testName="ForEach78804" computerName="EDSAC" duration="00:00:00.0027819" startTime="2010-12-04T14:10:13.6345621+00:00" endTime="2010-12-04T14:10:13.6495629+00:00" testType="13cdc9d9-ddb5-4fa4-a97d-d965ccfc6d4b" outcome="Passed" testListId="8c84fa94-04c1-424b-9868-57a2d4851a1d" relativeResultsDirectory="f4eb74dc-e234-41f4-a882-20fb97c5a9f0">
    </UnitTestResult>
    <UnitTestResult executionId="052fc35d-66cf-4288-8cca-a7afb18824c9" testId="9b2baef8-8cea-f431-96b6-95e1ddfaf4a9" testName="As29401" computerName="EDSAC" duration="00:00:00.0006789" startTime="2010-12-04T14:10:13.6515630+00:00" endTime="2010-12-04T14:10:13.6655638+00:00" testType="13cdc9d9-ddb5-4fa4-a97d-d965ccfc6d4b" outcome="Passed" testListId="8c84fa94-04c1-424b-9868-57a2d4851a1d" relativeResultsDirectory="052fc35d-66cf-4288-8cca-a7afb18824c9">
    </UnitTestResult>
    <UnitTestResult executionId="561d1bba-e38c-4054-85f1-b78a5167c7d0" testId="9bfa0b14-def6-4233-8f09-efbae74ca192" testName="Iter96003" computerName="EDSAC" duration="00:00:00.0025845" startTime="2010-12-04T14:10:13.6665639+00:00" endTime="2010-12-04T14:10:13.6815648+00:00" testType="13cdc9d9-ddb5-4fa4-a97d-d965ccfc6d4b" outcome="Passed" testListId="8c84fa94-04c1-424b-9868-57a2d4851a1d" relativeResultsDirectory="561d1bba-e38c-4054-85f1-b78a5167c7d0">
    </UnitTestResult>
    <UnitTestResult executionId="604a81bc-2ea3-4f58-8b52-d6dd743b1867" testId="9d4922e1-95bb-cc07-dd59-02aa21bc0c9d" testName="As6" computerName="EDSAC" duration="00:00:00.0026018" startTime="2010-12-04T14:10:13.6835649+00:00" endTime="2010-12-04T14:10:13.6985657+00:00" testType="13cdc9d9-ddb5-4fa4-a97d-d965ccfc6d4b" outcome="Passed" testListId="8c84fa94-04c1-424b-9868-57a2d4851a1d" relativeResultsDirectory="604a81bc-2ea3-4f58-8b52-d6dd743b1867">
    </UnitTestResult>
    <UnitTestResult executionId="ef19b2d2-642c-4730-8bd3-ca1be97d5d4f" testId="9ed7c416-1a7b-4673-195d-ca2e196d2a2e" testName="With25501" computerName="EDSAC" duration="00:00:00.0013205" startTime="2010-12-04T14:10:13.7005658+00:00" endTime="2010-12-04T14:10:13.7145666+00:00" testType="13cdc9d9-ddb5-4fa4-a97d-d965ccfc6d4b" outcome="Passed" testListId="8c84fa94-04c1-424b-9868-57a2d4851a1d" relativeResultsDirectory="ef19b2d2-642c-4730-8bd3-ca1be97d5d4f">
    </UnitTestResult>
    <UnitTestResult executionId="3e49e3bf-14c0-4783-b31c-421ea722c033" testId="a45582f8-3825-adac-44bf-8fa9e3381e89" testName="ForEach78801" computerName="EDSAC" duration="00:00:00.0009943" startTime="2010-12-04T14:10:13.7165668+00:00" endTime="2010-12-04T14:10:13.7355678+00:00" testType="13cdc9d9-ddb5-4fa4-a97d-d965ccfc6d4b" outcome="Passed" testListId="8c84fa94-04c1-424b-9868-57a2d4851a1d" relativeResultsDirectory="3e49e3bf-14c0-4783-b31c-421ea722c033">
    </UnitTestResult>
    <UnitTestResult executionId="034e797c-e6a1-49d8-835c-845cb5e89ada" testId="a5088dbd-9f6a-bb83-e64a-07cfd5052c81" testName="As0130303" computerName="EDSAC" duration="00:00:00.0059259" startTime="2010-12-04T14:10:13.7375680+00:00" endTime="2010-12-04T14:10:13.7545689+00:00" testType="13cdc9d9-ddb5-4fa4-a97d-d965ccfc6d4b" outcome="Passed" testListId="8c84fa94-04c1-424b-9868-57a2d4851a1d" relativeResultsDirectory="034e797c-e6a1-49d8-835c-845cb5e89ada">
    </UnitTestResult>
    <UnitTestResult executionId="f8bb4684-e555-4fbf-9ed8-06ca0728bc58" testId="a51caca7-6a0e-8bea-fb89-3104ddb0e38a" testName="Fill105" computerName="EDSAC" duration="00:00:00.0002482" startTime="2010-12-04T14:10:13.7575691+00:00" endTime="2010-12-04T14:10:13.7745701+00:00" testType="13cdc9d9-ddb5-4fa4-a97d-d965ccfc6d4b" outcome="Passed" testListId="8c84fa94-04c1-424b-9868-57a2d4851a1d" relativeResultsDirectory="f8bb4684-e555-4fbf-9ed8-06ca0728bc58">
    </UnitTestResult>
    <UnitTestResult executionId="98b2deac-a35d-4f2c-8a2e-986615b1044c" testId="a54e40a4-c460-0f5a-3324-94dd8c77f779" testName="Random431" computerName="EDSAC" duration="00:00:00.0007325" startTime="2010-12-04T14:10:13.7815705+00:00" endTime="2010-12-04T14:10:13.8025717+00:00" testType="13cdc9d9-ddb5-4fa4-a97d-d965ccfc6d4b" outcome="Passed" testListId="8c84fa94-04c1-424b-9868-57a2d4851a1d" relativeResultsDirectory="98b2deac-a35d-4f2c-8a2e-986615b1044c">
    </UnitTestResult>
    <UnitTestResult executionId="4fa04587-a474-4d01-95dc-ed3fc201b95b" testId="a56170ce-b399-e27e-e213-58e00eb4c436" testName="As0163238" computerName="EDSAC" duration="00:00:00.0003998" startTime="2010-12-04T14:10:13.8105721+00:00" endTime="2010-12-04T14:10:13.8195726+00:00" testType="13cdc9d9-ddb5-4fa4-a97d-d965ccfc6d4b" outcome="Passed" testListId="8c84fa94-04c1-424b-9868-57a2d4851a1d" relativeResultsDirectory="4fa04587-a474-4d01-95dc-ed3fc201b95b">
    </UnitTestResult>
    <UnitTestResult executionId="b1297fc7-e684-4a34-8ed7-66aee4260429" testId="a65b5eab-4121-901b-449c-fc9aba07d07b" testName="IfNotNull0192302" computerName="EDSAC" duration="00:00:00.0039960" startTime="2010-12-04T14:10:13.8285732+00:00" endTime="2010-12-04T14:10:13.8385737+00:00" testType="13cdc9d9-ddb5-4fa4-a97d-d965ccfc6d4b" outcome="Passed" testListId="8c84fa94-04c1-424b-9868-57a2d4851a1d" relativeResultsDirectory="b1297fc7-e684-4a34-8ed7-66aee4260429">
    </UnitTestResult>
    <UnitTestResult executionId="7cb21e94-26d0-44b5-b1fc-5ab0046d3970" testId="a8ed7a3a-0e05-4105-ece6-4d106523c6c6" testName="ShuffleThrowsContractException285" computerName="EDSAC" duration="00:00:00.0005963" startTime="2010-12-04T14:10:13.8465742+00:00" endTime="2010-12-04T14:10:13.8535746+00:00" testType="13cdc9d9-ddb5-4fa4-a97d-d965ccfc6d4b" outcome="Passed" testListId="8c84fa94-04c1-424b-9868-57a2d4851a1d" relativeResultsDirectory="7cb21e94-26d0-44b5-b1fc-5ab0046d3970">
    </UnitTestResult>
    <UnitTestResult executionId="ff2a799a-1095-4580-b893-25d9c483287c" testId="aa951c3d-ee4a-9ede-aac2-7e390167d171" testName="As0163244" computerName="EDSAC" duration="00:00:00.0003910" startTime="2010-12-04T14:10:13.8615751+00:00" endTime="2010-12-04T14:10:13.8705756+00:00" testType="13cdc9d9-ddb5-4fa4-a97d-d965ccfc6d4b" outcome="Passed" testListId="8c84fa94-04c1-424b-9868-57a2d4851a1d" relativeResultsDirectory="ff2a799a-1095-4580-b893-25d9c483287c">
    </UnitTestResult>
    <UnitTestResult executionId="fbc80314-83b6-4986-8eb5-41254ffd45a5" testId="ab4705e8-14a4-6e9f-baf9-e3d238e84cf8" testName="As0163210" computerName="EDSAC" duration="00:00:00.0003896" startTime="2010-12-04T14:10:13.8745758+00:00" endTime="2010-12-04T14:10:13.8825763+00:00" testType="13cdc9d9-ddb5-4fa4-a97d-d965ccfc6d4b" outcome="Passed" testListId="8c84fa94-04c1-424b-9868-57a2d4851a1d" relativeResultsDirectory="fbc80314-83b6-4986-8eb5-41254ffd45a5">
    </UnitTestResult>
    <UnitTestResult executionId="a8d3bf0f-1c60-4600-9840-d1546e3d8e89" testId="ad25e31e-4a53-f08b-b3bd-cfdcb07226a0" testName="IsInThrowsContractException285" computerName="EDSAC" duration="00:00:00.0007559" startTime="2010-12-04T14:10:13.8845764+00:00" endTime="2010-12-04T14:10:13.8945769+00:00" testType="13cdc9d9-ddb5-4fa4-a97d-d965ccfc6d4b" outcome="Passed" testListId="8c84fa94-04c1-424b-9868-57a2d4851a1d" relativeResultsDirectory="a8d3bf0f-1c60-4600-9840-d1546e3d8e89">
    </UnitTestResult>
    <UnitTestResult executionId="ccafd9ca-04b2-4d7f-9811-79a3d0786a9f" testId="aef19ea6-eb47-a1be-032c-8930cda21d9c" testName="ForEachThrowsContractException904" computerName="EDSAC" duration="00:00:00.0011562" startTime="2010-12-04T14:10:13.8975771+00:00" endTime="2010-12-04T14:10:13.9065776+00:00" testType="13cdc9d9-ddb5-4fa4-a97d-d965ccfc6d4b" outcome="Passed" testListId="8c84fa94-04c1-424b-9868-57a2d4851a1d" relativeResultsDirectory="ccafd9ca-04b2-4d7f-9811-79a3d0786a9f">
    </UnitTestResult>
    <UnitTestResult executionId="2544700b-34a8-495f-9971-8cb28751a470" testId="afe5b38f-db93-5765-7ecd-49d9214e51e3" testName="AsEnumerableThrowsContractException9" computerName="EDSAC" duration="00:00:00.0006005" startTime="2010-12-04T14:10:13.9115779+00:00" endTime="2010-12-04T14:10:13.9185783+00:00" testType="13cdc9d9-ddb5-4fa4-a97d-d965ccfc6d4b" outcome="Passed" testListId="8c84fa94-04c1-424b-9868-57a2d4851a1d" relativeResultsDirectory="2544700b-34a8-495f-9971-8cb28751a470">
    </UnitTestResult>
    <UnitTestResult executionId="a3dac25a-a45b-4985-8274-9320f7c46656" testId="b037dab8-9f99-92da-4740-6e79cccc1e32" testName="FillThrowsContractException543" computerName="EDSAC" duration="00:00:00.0005967" startTime="2010-12-04T14:10:13.9215785+00:00" endTime="2010-12-04T14:10:13.9305790+00:00" testType="13cdc9d9-ddb5-4fa4-a97d-d965ccfc6d4b" outcome="Passed" testListId="8c84fa94-04c1-424b-9868-57a2d4851a1d" relativeResultsDirectory="a3dac25a-a45b-4985-8274-9320f7c46656">
    </UnitTestResult>
    <UnitTestResult executionId="6a0c443d-e9fe-4fba-9925-644cd053978b" testId="b03d2b82-a5f5-4a0a-521f-fd9e431b28da" testName="As21503" computerName="EDSAC" duration="00:00:00.0034613" startTime="2010-12-04T14:10:13.9335792+00:00" endTime="2010-12-04T14:10:13.9465799+00:00" testType="13cdc9d9-ddb5-4fa4-a97d-d965ccfc6d4b" outcome="Passed" testListId="8c84fa94-04c1-424b-9868-57a2d4851a1d" relativeResultsDirectory="6a0c443d-e9fe-4fba-9925-644cd053978b">
    </UnitTestResult>
    <UnitTestResult executionId="cb0453e0-3226-47e6-bd5a-25a9c65aff09" testId="b086ebe0-6bb0-f4b4-2d74-97b1a10dd517" testName="IfNotNull0159702" computerName="EDSAC" duration="00:00:00.0003410" startTime="2010-12-04T14:10:13.9505801+00:00" endTime="2010-12-04T14:10:13.9585806+00:00" testType="13cdc9d9-ddb5-4fa4-a97d-d965ccfc6d4b" outcome="Passed" testListId="8c84fa94-04c1-424b-9868-57a2d4851a1d" relativeResultsDirectory="cb0453e0-3226-47e6-bd5a-25a9c65aff09">
    </UnitTestResult>
    <UnitTestResult executionId="a27dee7d-4018-4f94-a349-a95e512700a1" testId="b1e8fb4c-7380-ad76-529d-dbdac5528194" testName="As21519" computerName="EDSAC" duration="00:00:00.0005925" startTime="2010-12-04T14:10:13.9605807+00:00" endTime="2010-12-04T14:10:13.9705813+00:00" testType="13cdc9d9-ddb5-4fa4-a97d-d965ccfc6d4b" outcome="Passed" testListId="8c84fa94-04c1-424b-9868-57a2d4851a1d" relativeResultsDirectory="a27dee7d-4018-4f94-a349-a95e512700a1">
    </UnitTestResult>
    <UnitTestResult executionId="b4799d93-4c3c-4ceb-af18-d8e9c9fd9443" testId="b2c4141e-1dfd-f110-5623-435719fb340e" testName="AsEnumerable0258801" computerName="EDSAC" duration="00:00:00.0005473" startTime="2010-12-04T14:10:13.9725814+00:00" endTime="2010-12-04T14:10:13.9815819+00:00" testType="13cdc9d9-ddb5-4fa4-a97d-d965ccfc6d4b" outcome="Passed" testListId="8c84fa94-04c1-424b-9868-57a2d4851a1d" relativeResultsDirectory="b4799d93-4c3c-4ceb-af18-d8e9c9fd9443">
    </UnitTestResult>
    <UnitTestResult executionId="e3be1422-654b-43c1-8809-a0979a7d3dd3" testId="b30e4a1d-f330-da4d-3e81-5c536003275c" testName="As0132104" computerName="EDSAC" duration="00:00:00.0003905" startTime="2010-12-04T14:10:13.9915825+00:00" endTime="2010-12-04T14:10:14.0015831+00:00" testType="13cdc9d9-ddb5-4fa4-a97d-d965ccfc6d4b" outcome="Passed" testListId="8c84fa94-04c1-424b-9868-57a2d4851a1d" relativeResultsDirectory="e3be1422-654b-43c1-8809-a0979a7d3dd3">
    </UnitTestResult>
    <UnitTestResult executionId="fab60e37-bc48-4479-81ff-eccd6e7cac50" testId="b67c54ae-5aad-e1cc-2b17-0ad544f3f701" testName="IfNotNullThrowsContractException197" computerName="EDSAC" duration="00:00:00.0005622" startTime="2010-12-04T14:10:14.0045832+00:00" endTime="2010-12-04T14:10:14.0135837+00:00" testType="13cdc9d9-ddb5-4fa4-a97d-d965ccfc6d4b" outcome="Passed" testListId="8c84fa94-04c1-424b-9868-57a2d4851a1d" relativeResultsDirectory="fab60e37-bc48-4479-81ff-eccd6e7cac50">
    </UnitTestResult>
    <UnitTestResult executionId="f0279cde-fc49-460e-9b7e-73d7c8897e8c" testId="b70d24a9-e4cc-d879-39c7-bc30de9e70ab" testName="As0163215" computerName="EDSAC" duration="00:00:00.0035033" startTime="2010-12-04T14:10:14.0165839+00:00" endTime="2010-12-04T14:10:14.0265845+00:00" testType="13cdc9d9-ddb5-4fa4-a97d-d965ccfc6d4b" outcome="Passed" testListId="8c84fa94-04c1-424b-9868-57a2d4851a1d" relativeResultsDirectory="f0279cde-fc49-460e-9b7e-73d7c8897e8c">
    </UnitTestResult>
    <UnitTestResult executionId="8ca7a544-809e-4024-8897-d074f980b4b2" testId="b74830d0-a6ce-14b6-0d35-7c2e849267f3" testName="Add29603" computerName="EDSAC" duration="00:00:00.0004866" startTime="2010-12-04T14:10:14.0345849+00:00" endTime="2010-12-04T14:10:14.0425854+00:00" testType="13cdc9d9-ddb5-4fa4-a97d-d965ccfc6d4b" outcome="Passed" testListId="8c84fa94-04c1-424b-9868-57a2d4851a1d" relativeResultsDirectory="8ca7a544-809e-4024-8897-d074f980b4b2">
    </UnitTestResult>
    <UnitTestResult executionId="72b5c500-767b-4a5a-a3f5-029d5176fd05" testId="b7fcc578-5aaf-c60a-749d-838a3f516168" testName="To0146301" computerName="EDSAC" duration="00:00:00.0003102" startTime="2010-12-04T14:10:14.0455856+00:00" endTime="2010-12-04T14:10:14.0545861+00:00" testType="13cdc9d9-ddb5-4fa4-a97d-d965ccfc6d4b" outcome="Passed" testListId="8c84fa94-04c1-424b-9868-57a2d4851a1d" relativeResultsDirectory="72b5c500-767b-4a5a-a3f5-029d5176fd05">
    </UnitTestResult>
    <UnitTestResult executionId="7c79463e-3bd6-4ab3-8ad5-93144eb3fd54" testId="b8e531ca-ec94-5331-cc83-d2332ab01f85" testName="Fill0157101" computerName="EDSAC" duration="00:00:00.0003616" startTime="2010-12-04T14:10:14.0565862+00:00" endTime="2010-12-04T14:10:14.0655867+00:00" testType="13cdc9d9-ddb5-4fa4-a97d-d965ccfc6d4b" outcome="Passed" testListId="8c84fa94-04c1-424b-9868-57a2d4851a1d" relativeResultsDirectory="7c79463e-3bd6-4ab3-8ad5-93144eb3fd54">
    </UnitTestResult>
    <UnitTestResult executionId="95de04ed-64b1-4c83-a242-55fecbdb744f" testId="b99ec452-b626-078c-5efb-2041d6f255c4" testName="As21504" computerName="EDSAC" duration="00:00:00.0006089" startTime="2010-12-04T14:10:14.0725871+00:00" endTime="2010-12-04T14:10:14.0795875+00:00" testType="13cdc9d9-ddb5-4fa4-a97d-d965ccfc6d4b" outcome="Passed" testListId="8c84fa94-04c1-424b-9868-57a2d4851a1d" relativeResultsDirectory="95de04ed-64b1-4c83-a242-55fecbdb744f">
    </UnitTestResult>
    <UnitTestResult executionId="ad12cb0d-73fa-414c-a212-cec4b7873a63" testId="baf4ce3c-1fc7-efc9-3438-7f66d5c18bcf" testName="As01403" computerName="EDSAC" duration="00:00:00.0006975" startTime="2010-12-04T14:10:14.0845878+00:00" endTime="2010-12-04T14:10:14.0915882+00:00" testType="13cdc9d9-ddb5-4fa4-a97d-d965ccfc6d4b" outcome="Passed" testListId="8c84fa94-04c1-424b-9868-57a2d4851a1d" relativeResultsDirectory="ad12cb0d-73fa-414c-a212-cec4b7873a63">
    </UnitTestResult>
    <UnitTestResult executionId="bf903078-9de2-4da9-adfd-e2f067578557" testId="bbc45056-7304-0cf8-18ec-0f56b7abf591" testName="As0198304" computerName="EDSAC" duration="00:00:00.0007825" startTime="2010-12-04T14:10:14.0995887+00:00" endTime="2010-12-04T14:10:14.1065891+00:00" testType="13cdc9d9-ddb5-4fa4-a97d-d965ccfc6d4b" outcome="Passed" testListId="8c84fa94-04c1-424b-9868-57a2d4851a1d" relativeResultsDirectory="bf903078-9de2-4da9-adfd-e2f067578557">
    </UnitTestResult>
    <UnitTestResult executionId="88286e70-ce41-4875-b77a-3914a75c0e59" testId="bbe65d68-71ba-72ec-21d1-a0b54bdef612" testName="AsEnumerable0128304" computerName="EDSAC" duration="00:00:00.0021347" startTime="2010-12-04T14:10:14.1105893+00:00" endTime="2010-12-04T14:10:14.1205899+00:00" testType="13cdc9d9-ddb5-4fa4-a97d-d965ccfc6d4b" outcome="Passed" testListId="8c84fa94-04c1-424b-9868-57a2d4851a1d" relativeResultsDirectory="88286e70-ce41-4875-b77a-3914a75c0e59">
    </UnitTestResult>
    <UnitTestResult executionId="7eaf0bd9-34d7-4a42-ad09-de2be4f5d6a8" testId="bd00057e-88b2-1e9c-846b-ed190ddc5717" testName="To0488601" computerName="EDSAC" duration="00:00:00.0002888" startTime="2010-12-04T14:10:14.1225900+00:00" endTime="2010-12-04T14:10:14.1305904+00:00" testType="13cdc9d9-ddb5-4fa4-a97d-d965ccfc6d4b" outcome="Passed" testListId="8c84fa94-04c1-424b-9868-57a2d4851a1d" relativeResultsDirectory="7eaf0bd9-34d7-4a42-ad09-de2be4f5d6a8">
    </UnitTestResult>
    <UnitTestResult executionId="3ffcc01c-c0f7-4c6d-b368-e43e4bc609a7" testId="bd7ec864-24ff-4ca6-8f63-6e2fe4065d39" testName="To20301" computerName="EDSAC" duration="00:00:00.0029195" startTime="2010-12-04T14:10:14.1335906+00:00" endTime="2010-12-04T14:10:14.1435912+00:00" testType="13cdc9d9-ddb5-4fa4-a97d-d965ccfc6d4b" outcome="Passed" testListId="8c84fa94-04c1-424b-9868-57a2d4851a1d" relativeResultsDirectory="3ffcc01c-c0f7-4c6d-b368-e43e4bc609a7">
    </UnitTestResult>
    <UnitTestResult executionId="8ed0c2af-3a63-4c79-b2aa-43558e533952" testId="bdf76499-e0f6-3d7b-4432-982ba6c3b223" testName="Fill0168801" computerName="EDSAC" duration="00:00:00.0027656" startTime="2010-12-04T14:10:14.1465914+00:00" endTime="2010-12-04T14:10:14.1555919+00:00" testType="13cdc9d9-ddb5-4fa4-a97d-d965ccfc6d4b" outcome="Passed" testListId="8c84fa94-04c1-424b-9868-57a2d4851a1d" relativeResultsDirectory="8ed0c2af-3a63-4c79-b2aa-43558e533952">
    </UnitTestResult>
    <UnitTestResult executionId="8038f652-73d5-4e69-b997-0bab510406ba" testId="be772578-3bd6-fe1e-69ad-baa513f62b0b" testName="As0163226" computerName="EDSAC" duration="00:00:00.0026293" startTime="2010-12-04T14:10:14.1575920+00:00" endTime="2010-12-04T14:10:14.1675926+00:00" testType="13cdc9d9-ddb5-4fa4-a97d-d965ccfc6d4b" outcome="Passed" testListId="8c84fa94-04c1-424b-9868-57a2d4851a1d" relativeResultsDirectory="8038f652-73d5-4e69-b997-0bab510406ba">
    </UnitTestResult>
    <UnitTestResult executionId="28076248-d91d-4245-9dca-b1d7887bdfc7" testId="bf4b4d8f-a9c5-278f-9d0c-4140566dfe7e" testName="As0130302" computerName="EDSAC" duration="00:00:00.0004082" startTime="2010-12-04T14:10:14.1725928+00:00" endTime="2010-12-04T14:10:14.1805933+00:00" testType="13cdc9d9-ddb5-4fa4-a97d-d965ccfc6d4b" outcome="Passed" testListId="8c84fa94-04c1-424b-9868-57a2d4851a1d" relativeResultsDirectory="28076248-d91d-4245-9dca-b1d7887bdfc7">
    </UnitTestResult>
    <UnitTestResult executionId="e5e2fb0d-fbae-4805-897f-ed26ca964e3c" testId="c0b049d8-5af1-212d-f646-b9a7aa76e7aa" testName="As0163235" computerName="EDSAC" duration="00:00:00.0026256" startTime="2010-12-04T14:10:14.1835935+00:00" endTime="2010-12-04T14:10:14.1945941+00:00" testType="13cdc9d9-ddb5-4fa4-a97d-d965ccfc6d4b" outcome="Passed" testListId="8c84fa94-04c1-424b-9868-57a2d4851a1d" relativeResultsDirectory="e5e2fb0d-fbae-4805-897f-ed26ca964e3c">
    </UnitTestResult>
    <UnitTestResult executionId="55261550-6d48-42eb-a111-ff3ac870447b" testId="c1a99b6a-4871-2d6d-84e0-0bd7f3ff5348" testName="GetByPercentThrowsContractException277" computerName="EDSAC" duration="00:00:00.0005603" startTime="2010-12-04T14:10:14.2025946+00:00" endTime="2010-12-04T14:10:14.2115951+00:00" testType="13cdc9d9-ddb5-4fa4-a97d-d965ccfc6d4b" outcome="Passed" testListId="8c84fa94-04c1-424b-9868-57a2d4851a1d" relativeResultsDirectory="55261550-6d48-42eb-a111-ff3ac870447b">
    </UnitTestResult>
    <UnitTestResult executionId="5ee50178-c247-4ab7-9e7b-c780f85d0328" testId="c35eb805-49e5-7d06-b69d-ba684aaa6791" testName="TakeEveryThrowsContractException998" computerName="EDSAC" duration="00:00:00.0007652" startTime="2010-12-04T14:10:14.2175954+00:00" endTime="2010-12-04T14:10:14.2255959+00:00" testType="13cdc9d9-ddb5-4fa4-a97d-d965ccfc6d4b" outcome="Passed" testListId="8c84fa94-04c1-424b-9868-57a2d4851a1d" relativeResultsDirectory="5ee50178-c247-4ab7-9e7b-c780f85d0328">
    </UnitTestResult>
    <UnitTestResult executionId="3dbb8192-714d-4f33-aa63-2c1c3a099e44" testId="c3a5f774-5c25-7fa7-593c-10a98b5db768" testName="Execute424" computerName="EDSAC" duration="00:00:00.0020348" startTime="2010-12-04T14:10:14.2285960+00:00" endTime="2010-12-04T14:10:14.2385966+00:00" testType="13cdc9d9-ddb5-4fa4-a97d-d965ccfc6d4b" outcome="Passed" testListId="8c84fa94-04c1-424b-9868-57a2d4851a1d" relativeResultsDirectory="3dbb8192-714d-4f33-aa63-2c1c3a099e44">
    </UnitTestResult>
    <UnitTestResult executionId="58f1a759-ea9c-4f6d-871c-61c9b517ff50" testId="c3b85211-1b55-61c6-8d42-782c04048184" testName="AsEnumerable0258804" computerName="EDSAC" duration="00:00:00.0005352" startTime="2010-12-04T14:10:14.2465971+00:00" endTime="2010-12-04T14:10:14.2545975+00:00" testType="13cdc9d9-ddb5-4fa4-a97d-d965ccfc6d4b" outcome="Passed" testListId="8c84fa94-04c1-424b-9868-57a2d4851a1d" relativeResultsDirectory="58f1a759-ea9c-4f6d-871c-61c9b517ff50">
    </UnitTestResult>
    <UnitTestResult executionId="8108f115-f438-4f61-a940-001414971c0f" testId="c3e8dcc2-bac7-2a0c-9c06-8dc4838145f3" testName="Fill0168802" computerName="EDSAC" duration="00:00:00.0003919" startTime="2010-12-04T14:10:14.2605979+00:00" endTime="2010-12-04T14:10:14.2705984+00:00" testType="13cdc9d9-ddb5-4fa4-a97d-d965ccfc6d4b" outcome="Passed" testListId="8c84fa94-04c1-424b-9868-57a2d4851a1d" relativeResultsDirectory="8108f115-f438-4f61-a940-001414971c0f">
    </UnitTestResult>
    <UnitTestResult executionId="f00841bc-2638-462b-a736-36267e98be6c" testId="c441e89e-f895-2b6d-e75c-6ac07c647d62" testName="AsEnumerable0128303" computerName="EDSAC" duration="00:00:00.0003952" startTime="2010-12-04T14:10:14.2795990+00:00" endTime="2010-12-04T14:10:14.2865994+00:00" testType="13cdc9d9-ddb5-4fa4-a97d-d965ccfc6d4b" outcome="Passed" testListId="8c84fa94-04c1-424b-9868-57a2d4851a1d" relativeResultsDirectory="f00841bc-2638-462b-a736-36267e98be6c">
    </UnitTestResult>
    <UnitTestResult executionId="a9e36f6d-4854-4a66-bc30-3c58811bca0d" testId="c75708a0-bd76-5c05-5aaa-8fcb10fd4321" testName="ToThrowsContractException891" computerName="EDSAC" duration="00:00:00.0007451" startTime="2010-12-04T14:10:14.2905996+00:00" endTime="2010-12-04T14:10:14.2986000+00:00" testType="13cdc9d9-ddb5-4fa4-a97d-d965ccfc6d4b" outcome="Passed" testListId="8c84fa94-04c1-424b-9868-57a2d4851a1d" relativeResultsDirectory="a9e36f6d-4854-4a66-bc30-3c58811bca0d">
    </UnitTestResult>
    <UnitTestResult executionId="ffefebbd-d4b8-40aa-bcd3-e071f6c36b0b" testId="c764531a-8b43-978a-82fa-64e183192f81" testName="IsNullOrEmpty963" computerName="EDSAC" duration="00:00:00.0003490" startTime="2010-12-04T14:10:14.3016002+00:00" endTime="2010-12-04T14:10:14.3096007+00:00" testType="13cdc9d9-ddb5-4fa4-a97d-d965ccfc6d4b" outcome="Passed" testListId="8c84fa94-04c1-424b-9868-57a2d4851a1d" relativeResultsDirectory="ffefebbd-d4b8-40aa-bcd3-e071f6c36b0b">
    </UnitTestResult>
    <UnitTestResult executionId="98bb1db6-28d7-4e77-ab26-ae64b775cb00" testId="c80221bd-ca0a-aa23-6b81-2ed5f20f8d5f" testName="As0163229" computerName="EDSAC" duration="00:00:00.0004526" startTime="2010-12-04T14:10:14.3146010+00:00" endTime="2010-12-04T14:10:14.3216014+00:00" testType="13cdc9d9-ddb5-4fa4-a97d-d965ccfc6d4b" outcome="Passed" testListId="8c84fa94-04c1-424b-9868-57a2d4851a1d" relativeResultsDirectory="98bb1db6-28d7-4e77-ab26-ae64b775cb00">
    </UnitTestResult>
    <UnitTestResult executionId="e18641bf-69c7-4944-a5fd-9ee7a24eeeb8" testId="cc8275a0-551e-d39e-ef08-c6785391cae1" testName="UnionAll01ThrowsContractException68" computerName="EDSAC" duration="00:00:00.0005944" startTime="2010-12-04T14:10:14.3256016+00:00" endTime="2010-12-04T14:10:14.3366022+00:00" testType="13cdc9d9-ddb5-4fa4-a97d-d965ccfc6d4b" outcome="Passed" testListId="8c84fa94-04c1-424b-9868-57a2d4851a1d" relativeResultsDirectory="e18641bf-69c7-4944-a5fd-9ee7a24eeeb8">
    </UnitTestResult>
    <UnitTestResult executionId="545f12ec-61d3-45ba-9eb5-62d3cf4bfeb6" testId="cdf50321-c0eb-ddc4-0179-2919c2028903" testName="IsIn01570" computerName="EDSAC" duration="00:00:00.0003574" startTime="2010-12-04T14:10:14.3406024+00:00" endTime="2010-12-04T14:10:14.3476029+00:00" testType="13cdc9d9-ddb5-4fa4-a97d-d965ccfc6d4b" outcome="Passed" testListId="8c84fa94-04c1-424b-9868-57a2d4851a1d" relativeResultsDirectory="545f12ec-61d3-45ba-9eb5-62d3cf4bfeb6">
    </UnitTestResult>
    <UnitTestResult executionId="80ae620a-a688-4b28-9d41-cc5835a68567" testId="d0140d76-78ce-58b3-2274-c95b28b0ccfb" testName="As0163234" computerName="EDSAC" duration="00:00:00.0032476" startTime="2010-12-04T14:10:14.3516031+00:00" endTime="2010-12-04T14:10:14.3616037+00:00" testType="13cdc9d9-ddb5-4fa4-a97d-d965ccfc6d4b" outcome="Passed" testListId="8c84fa94-04c1-424b-9868-57a2d4851a1d" relativeResultsDirectory="80ae620a-a688-4b28-9d41-cc5835a68567">
    </UnitTestResult>
    <UnitTestResult executionId="bf670478-64db-4fc3-80f3-0cd1d2f9ae22" testId="d045283f-2980-ed70-af3d-611e9266ab64" testName="To0120301" computerName="EDSAC" duration="00:00:00.0003172" startTime="2010-12-04T14:10:14.3656039+00:00" endTime="2010-12-04T14:10:14.3726043+00:00" testType="13cdc9d9-ddb5-4fa4-a97d-d965ccfc6d4b" outcome="Passed" testListId="8c84fa94-04c1-424b-9868-57a2d4851a1d" relativeResultsDirectory="bf670478-64db-4fc3-80f3-0cd1d2f9ae22">
    </UnitTestResult>
    <UnitTestResult executionId="519eaf50-b3dc-43fd-b622-c7fcedaf2d56" testId="d5027f5f-1da1-2a25-97cf-1e7da6a062b5" testName="Fill0157104" computerName="EDSAC" duration="00:00:00.0003606" startTime="2010-12-04T14:10:14.3756045+00:00" endTime="2010-12-04T14:10:14.3836049+00:00" testType="13cdc9d9-ddb5-4fa4-a97d-d965ccfc6d4b" outcome="Passed" testListId="8c84fa94-04c1-424b-9868-57a2d4851a1d" relativeResultsDirectory="519eaf50-b3dc-43fd-b622-c7fcedaf2d56">
    </UnitTestResult>
    <UnitTestResult executionId="a93328e9-b143-4286-b301-c06f119935b4" testId="d56f2fbf-3f3e-cba1-4f8d-7b34cec35b0a" testName="As0198303" computerName="EDSAC" duration="00:00:00.0007167" startTime="2010-12-04T14:10:14.3866051+00:00" endTime="2010-12-04T14:10:14.3966057+00:00" testType="13cdc9d9-ddb5-4fa4-a97d-d965ccfc6d4b" outcome="Passed" testListId="8c84fa94-04c1-424b-9868-57a2d4851a1d" relativeResultsDirectory="a93328e9-b143-4286-b301-c06f119935b4">
    </UnitTestResult>
    <UnitTestResult executionId="adaf94da-d838-4fab-a86a-5a43152056e4" testId="d75bbbff-3e3e-ac68-2b4f-48cfb14f2d0a" testName="IfNotNull17303" computerName="EDSAC" duration="00:00:00.0003424" startTime="2010-12-04T14:10:14.3996058+00:00" endTime="2010-12-04T14:10:14.4096064+00:00" testType="13cdc9d9-ddb5-4fa4-a97d-d965ccfc6d4b" outcome="Passed" testListId="8c84fa94-04c1-424b-9868-57a2d4851a1d" relativeResultsDirectory="adaf94da-d838-4fab-a86a-5a43152056e4">
    </UnitTestResult>
    <UnitTestResult executionId="0ce4b15e-264d-4f0e-ad65-0fb33c9aac4e" testId="d820847a-a64d-718b-5774-4886058277c3" testName="Add29602" computerName="EDSAC" duration="00:00:00.0005076" startTime="2010-12-04T14:10:14.4146067+00:00" endTime="2010-12-04T14:10:14.4226071+00:00" testType="13cdc9d9-ddb5-4fa4-a97d-d965ccfc6d4b" outcome="Passed" testListId="8c84fa94-04c1-424b-9868-57a2d4851a1d" relativeResultsDirectory="0ce4b15e-264d-4f0e-ad65-0fb33c9aac4e">
    </UnitTestResult>
    <UnitTestResult executionId="b9f3cd1e-33d0-43fc-a234-fd59da1d57d1" testId="d8af0a27-8cd9-d036-917e-00672cd2689b" testName="IfNotNull47703" computerName="EDSAC" duration="00:00:00.0003998" startTime="2010-12-04T14:10:14.4306076+00:00" endTime="2010-12-04T14:10:14.4376080+00:00" testType="13cdc9d9-ddb5-4fa4-a97d-d965ccfc6d4b" outcome="Passed" testListId="8c84fa94-04c1-424b-9868-57a2d4851a1d" relativeResultsDirectory="b9f3cd1e-33d0-43fc-a234-fd59da1d57d1">
    </UnitTestResult>
    <UnitTestResult executionId="9d72ae2c-23ac-4244-8c60-a462ef05e5a4" testId="d97a225a-e31a-2138-2fae-7b4109b25275" testName="As928" computerName="EDSAC" duration="00:00:00.0005356" startTime="2010-12-04T14:10:14.4466085+00:00" endTime="2010-12-04T14:10:14.4526089+00:00" testType="13cdc9d9-ddb5-4fa4-a97d-d965ccfc6d4b" outcome="Passed" testListId="8c84fa94-04c1-424b-9868-57a2d4851a1d" relativeResultsDirectory="9d72ae2c-23ac-4244-8c60-a462ef05e5a4">
    </UnitTestResult>
    <UnitTestResult executionId="427fd9b7-cd91-4491-ac75-210a9e4319d6" testId="d982986f-d5cc-bb8f-d6d8-e2a54e2f4dd0" testName="EmptyIfNull574" computerName="EDSAC" duration="00:00:00.0026736" startTime="2010-12-04T14:10:14.4596093+00:00" endTime="2010-12-04T14:10:14.4686098+00:00" testType="13cdc9d9-ddb5-4fa4-a97d-d965ccfc6d4b" outcome="Passed" testListId="8c84fa94-04c1-424b-9868-57a2d4851a1d" relativeResultsDirectory="427fd9b7-cd91-4491-ac75-210a9e4319d6">
    </UnitTestResult>
    <UnitTestResult executionId="b7814c1b-544c-4fba-bc84-10ac6f35f5bb" testId="db3b4c9b-bf56-f07b-1edd-3db630376de3" testName="IfNotNull47702" computerName="EDSAC" duration="00:00:00.0004022" startTime="2010-12-04T14:10:14.4736101+00:00" endTime="2010-12-04T14:10:14.4806105+00:00" testType="13cdc9d9-ddb5-4fa4-a97d-d965ccfc6d4b" outcome="Passed" testListId="8c84fa94-04c1-424b-9868-57a2d4851a1d" relativeResultsDirectory="b7814c1b-544c-4fba-bc84-10ac6f35f5bb">
    </UnitTestResult>
    <UnitTestResult executionId="30dce632-9fb5-4a44-9a80-56dc3da0f06d" testId="db3b6314-b1da-7626-0e4e-61abbddac9d6" testName="To72301" computerName="EDSAC" duration="00:00:00.0003065" startTime="2010-12-04T14:10:14.4886109+00:00" endTime="2010-12-04T14:10:14.4966114+00:00" testType="13cdc9d9-ddb5-4fa4-a97d-d965ccfc6d4b" outcome="Passed" testListId="8c84fa94-04c1-424b-9868-57a2d4851a1d" relativeResultsDirectory="30dce632-9fb5-4a44-9a80-56dc3da0f06d">
    </UnitTestResult>
    <UnitTestResult executionId="726b2f2c-5fa6-4dd8-ae76-c2a020872fd6" testId="dc08494a-5655-aecb-96fc-b52817050a2a" testName="As0163212" computerName="EDSAC" duration="00:00:00.0006751" startTime="2010-12-04T14:10:14.5016117+00:00" endTime="2010-12-04T14:10:14.5096121+00:00" testType="13cdc9d9-ddb5-4fa4-a97d-d965ccfc6d4b" outcome="Passed" testListId="8c84fa94-04c1-424b-9868-57a2d4851a1d" relativeResultsDirectory="726b2f2c-5fa6-4dd8-ae76-c2a020872fd6">
    </UnitTestResult>
    <UnitTestResult executionId="e81ab911-9c84-4fdd-87cc-7221b7d176d3" testId="de06015f-869e-46b8-4b51-8c7b049b2b96" testName="As0136701" computerName="EDSAC" duration="00:00:00.0027231" startTime="2010-12-04T14:10:14.5126123+00:00" endTime="2010-12-04T14:10:14.5246130+00:00" testType="13cdc9d9-ddb5-4fa4-a97d-d965ccfc6d4b" outcome="Passed" testListId="8c84fa94-04c1-424b-9868-57a2d4851a1d" relativeResultsDirectory="e81ab911-9c84-4fdd-87cc-7221b7d176d3">
    </UnitTestResult>
    <UnitTestResult executionId="aacd6ea7-10c7-434c-a207-b9a6c8597e6f" testId="de9d9ca9-6d6f-fece-a7ad-0d011ee5cf94" testName="As0132106" computerName="EDSAC" duration="00:00:00.0039727" startTime="2010-12-04T14:10:14.5266131+00:00" endTime="2010-12-04T14:10:14.5386138+00:00" testType="13cdc9d9-ddb5-4fa4-a97d-d965ccfc6d4b" outcome="Passed" testListId="8c84fa94-04c1-424b-9868-57a2d4851a1d" relativeResultsDirectory="aacd6ea7-10c7-434c-a207-b9a6c8597e6f">
    </UnitTestResult>
    <UnitTestResult executionId="0a31aa5b-09ca-471e-9b31-616c96323af0" testId="e18cfbc3-f9cf-311e-f710-177b71a46e6d" testName="WithThrowsContractException374" computerName="EDSAC" duration="00:00:00.0005608" startTime="2010-12-04T14:10:14.5416139+00:00" endTime="2010-12-04T14:10:14.5516145+00:00" testType="13cdc9d9-ddb5-4fa4-a97d-d965ccfc6d4b" outcome="Passed" testListId="8c84fa94-04c1-424b-9868-57a2d4851a1d" relativeResultsDirectory="0a31aa5b-09ca-471e-9b31-616c96323af0">
    </UnitTestResult>
    <UnitTestResult executionId="93f585bf-6816-42ae-9bb0-6ba0abd2597f" testId="e2da7638-0cfc-cc14-83b7-e5fa7748feb4" testName="RandomThrowsContractException446" computerName="EDSAC" duration="00:00:00.0030012" startTime="2010-12-04T14:10:14.5556147+00:00" endTime="2010-12-04T14:10:14.5676154+00:00" testType="13cdc9d9-ddb5-4fa4-a97d-d965ccfc6d4b" outcome="Failed" testListId="8c84fa94-04c1-424b-9868-57a2d4851a1d" relativeResultsDirectory="93f585bf-6816-42ae-9bb0-6ba0abd2597f">
      <Output>
        <ErrorInfo>
          <Message>Test method SharpBag.ExtensionsTest.RandomThrowsContractException446 threw exception: 
System.Diagnostics.Contracts.__ContractsRuntime+ContractException: Precondition failed: collection.Count() &gt; 0</Message>
          <StackTrace>    at SharpBag.Extensions.Random[T](IEnumerable`1 collection, Random rand) in C:\Users\SuprDewd\Desktop\Projects\Forritun\SharpBag\SharpBag\Extensions.cs:line 650
   at SharpBag.Extensions.Random[T](IEnumerable`1 collection) in C:\Users\SuprDewd\Desktop\Projects\Forritun\SharpBag\SharpBag\Extensions.cs:line 636
   at SharpBag.ExtensionsTest.RandomThrowsContractException446() in C:\Users\SuprDewd\Desktop\Projects\Forritun\SharpBag\SharpBag.Tests01\ExtensionsTest.Random01.g.cs:line 93
</StackTrace>
        </ErrorInfo>
      </Output>
    </UnitTestResult>
    <UnitTestResult executionId="9d2c33e4-7746-4c27-bac3-95fd91676f24" testId="e30391ee-1b3b-ee9f-b02c-b47de478c33f" testName="As0132108" computerName="EDSAC" duration="00:00:00.0003812" startTime="2010-12-04T14:10:14.5706156+00:00" endTime="2010-12-04T14:10:14.5846164+00:00" testType="13cdc9d9-ddb5-4fa4-a97d-d965ccfc6d4b" outcome="Passed" testListId="8c84fa94-04c1-424b-9868-57a2d4851a1d" relativeResultsDirectory="9d2c33e4-7746-4c27-bac3-95fd91676f24">
    </UnitTestResult>
    <UnitTestResult executionId="36e9fc6e-0e7a-4ac0-bd07-5d6b1d406190" testId="e37183df-04ce-aa53-28d5-e792188a2202" testName="As0163220" computerName="EDSAC" duration="00:00:00.0003830" startTime="2010-12-04T14:10:14.5876166+00:00" endTime="2010-12-04T14:10:14.5976172+00:00" testType="13cdc9d9-ddb5-4fa4-a97d-d965ccfc6d4b" outcome="Passed" testListId="8c84fa94-04c1-424b-9868-57a2d4851a1d" relativeResultsDirectory="36e9fc6e-0e7a-4ac0-bd07-5d6b1d406190">
    </UnitTestResult>
    <UnitTestResult executionId="3b0e2ddc-02ae-4008-8ad6-a3d27ac92c1a" testId="e5623ce5-a9dc-7c7d-ffdc-f4cf28cd97aa" testName="InvokeIfRequiredThrowsContractException870" computerName="EDSAC" duration="00:00:00.0020353" startTime="2010-12-04T14:10:14.6016174+00:00" endTime="2010-12-04T14:10:14.6106179+00:00" testType="13cdc9d9-ddb5-4fa4-a97d-d965ccfc6d4b" outcome="Passed" testListId="8c84fa94-04c1-424b-9868-57a2d4851a1d" relativeResultsDirectory="3b0e2ddc-02ae-4008-8ad6-a3d27ac92c1a">
    </UnitTestResult>
    <UnitTestResult executionId="075baf90-6c90-4e37-b4e5-fa7bcfa8ac15" testId="e5750d14-09bb-ec70-127b-652a47b7dd9c" testName="As0163214" computerName="EDSAC" duration="00:00:00.0046558" startTime="2010-12-04T14:10:14.6126180+00:00" endTime="2010-12-04T14:10:14.6236186+00:00" testType="13cdc9d9-ddb5-4fa4-a97d-d965ccfc6d4b" outcome="Passed" testListId="8c84fa94-04c1-424b-9868-57a2d4851a1d" relativeResultsDirectory="075baf90-6c90-4e37-b4e5-fa7bcfa8ac15">
    </UnitTestResult>
    <UnitTestResult executionId="83d63573-2fa0-4d37-987a-c843399f82b1" testId="e77c7ab7-183b-1f93-57a3-77e0403bec4c" testName="Fill0157103" computerName="EDSAC" duration="00:00:00.0004045" startTime="2010-12-04T14:10:14.6266188+00:00" endTime="2010-12-04T14:10:14.6356193+00:00" testType="13cdc9d9-ddb5-4fa4-a97d-d965ccfc6d4b" outcome="Passed" testListId="8c84fa94-04c1-424b-9868-57a2d4851a1d" relativeResultsDirectory="83d63573-2fa0-4d37-987a-c843399f82b1">
    </UnitTestResult>
    <UnitTestResult executionId="b2d450f3-997c-4287-b704-3c718061db13" testId="e80fc0c4-2914-56fc-191b-489f27774cbc" testName="As0136703" computerName="EDSAC" duration="00:00:00.0005832" startTime="2010-12-04T14:10:14.6426197+00:00" endTime="2010-12-04T14:10:14.6516202+00:00" testType="13cdc9d9-ddb5-4fa4-a97d-d965ccfc6d4b" outcome="Passed" testListId="8c84fa94-04c1-424b-9868-57a2d4851a1d" relativeResultsDirectory="b2d450f3-997c-4287-b704-3c718061db13">
    </UnitTestResult>
    <UnitTestResult executionId="d69c4662-2383-4b50-a483-c7279bb46aa9" testId="e860bbd5-6ce1-07c3-fd03-d14cbeda5d8f" testName="Fill57101" computerName="EDSAC" duration="00:00:00.0004829" startTime="2010-12-04T14:10:14.6566205+00:00" endTime="2010-12-04T14:10:14.6636209+00:00" testType="13cdc9d9-ddb5-4fa4-a97d-d965ccfc6d4b" outcome="Passed" testListId="8c84fa94-04c1-424b-9868-57a2d4851a1d" relativeResultsDirectory="d69c4662-2383-4b50-a483-c7279bb46aa9">
    </UnitTestResult>
    <UnitTestResult executionId="e94de43a-e5d5-4ccc-a6a0-f90e4e1de98f" testId="e89c0529-2532-190e-5936-91edd9263fb1" testName="IfNotNull0192304" computerName="EDSAC" duration="00:00:00.0003714" startTime="2010-12-04T14:10:14.6666211+00:00" endTime="2010-12-04T14:10:14.6746216+00:00" testType="13cdc9d9-ddb5-4fa4-a97d-d965ccfc6d4b" outcome="Passed" testListId="8c84fa94-04c1-424b-9868-57a2d4851a1d" relativeResultsDirectory="e94de43a-e5d5-4ccc-a6a0-f90e4e1de98f">
    </UnitTestResult>
    <UnitTestResult executionId="8c04494c-baf3-4cac-88b6-c9f47ff1ae19" testId="e8ca73cc-b93e-0f49-9374-ed860ffbd677" testName="RangeThrowsContractException187" computerName="EDSAC" duration="00:00:00.0006271" startTime="2010-12-04T14:10:14.6826220+00:00" endTime="2010-12-04T14:10:14.6906225+00:00" testType="13cdc9d9-ddb5-4fa4-a97d-d965ccfc6d4b" outcome="Passed" testListId="8c84fa94-04c1-424b-9868-57a2d4851a1d" relativeResultsDirectory="8c04494c-baf3-4cac-88b6-c9f47ff1ae19">
    </UnitTestResult>
    <UnitTestResult executionId="41e92161-7676-4025-91c0-dcad1022f14d" testId="e966bfbe-0422-eb75-f093-b800f9c629b7" testName="As0163217" computerName="EDSAC" duration="00:00:00.0008109" startTime="2010-12-04T14:10:14.6986229+00:00" endTime="2010-12-04T14:10:14.7116237+00:00" testType="13cdc9d9-ddb5-4fa4-a97d-d965ccfc6d4b" outcome="Passed" testListId="8c84fa94-04c1-424b-9868-57a2d4851a1d" relativeResultsDirectory="41e92161-7676-4025-91c0-dcad1022f14d">
    </UnitTestResult>
    <UnitTestResult executionId="7472fce0-83af-42d4-9aa6-cf488cd2f3ed" testId="ea12baf4-c62d-b0ca-b8ec-0dd742c09890" testName="As21501" computerName="EDSAC" duration="00:00:00.0022919" startTime="2010-12-04T14:10:14.7166240+00:00" endTime="2010-12-04T14:10:14.7376252+00:00" testType="13cdc9d9-ddb5-4fa4-a97d-d965ccfc6d4b" outcome="Passed" testListId="8c84fa94-04c1-424b-9868-57a2d4851a1d" relativeResultsDirectory="7472fce0-83af-42d4-9aa6-cf488cd2f3ed">
    </UnitTestResult>
    <UnitTestResult executionId="a249ed61-3165-45ba-b4a0-c2161f30506f" testId="ea8ee283-08b1-8adf-4aa4-5e76e4a476d8" testName="As0132109" computerName="EDSAC" duration="00:00:00.0036474" startTime="2010-12-04T14:10:14.7496258+00:00" endTime="2010-12-04T14:10:14.7706270+00:00" testType="13cdc9d9-ddb5-4fa4-a97d-d965ccfc6d4b" outcome="Passed" testListId="8c84fa94-04c1-424b-9868-57a2d4851a1d" relativeResultsDirectory="a249ed61-3165-45ba-b4a0-c2161f30506f">
    </UnitTestResult>
    <UnitTestResult executionId="7f402d11-b6b5-4ffe-923f-94b0f699e321" testId="eaed8830-28b9-0d81-19c8-50909473733c" testName="As0163230" computerName="EDSAC" duration="00:00:00.0007227" startTime="2010-12-04T14:10:14.7806276+00:00" endTime="2010-12-04T14:10:14.8006288+00:00" testType="13cdc9d9-ddb5-4fa4-a97d-d965ccfc6d4b" outcome="Passed" testListId="8c84fa94-04c1-424b-9868-57a2d4851a1d" relativeResultsDirectory="7f402d11-b6b5-4ffe-923f-94b0f699e321">
    </UnitTestResult>
    <UnitTestResult executionId="33e4151d-84cf-4010-a2b7-334afae3a12b" testId="ec55615d-1e36-c752-f2bf-b20284d0ae33" testName="As0163223" computerName="EDSAC" duration="00:00:00.0003886" startTime="2010-12-04T14:10:14.8036289+00:00" endTime="2010-12-04T14:10:14.8206299+00:00" testType="13cdc9d9-ddb5-4fa4-a97d-d965ccfc6d4b" outcome="Passed" testListId="8c84fa94-04c1-424b-9868-57a2d4851a1d" relativeResultsDirectory="33e4151d-84cf-4010-a2b7-334afae3a12b">
    </UnitTestResult>
    <UnitTestResult executionId="9247e48d-f965-4304-8e20-7470249c48eb" testId="ec99d1a9-4b49-a94f-134c-f58d11b57222" testName="AsEnumerable56002" computerName="EDSAC" duration="00:00:00.0026470" startTime="2010-12-04T14:10:14.8246301+00:00" endTime="2010-12-04T14:10:14.8556319+00:00" testType="13cdc9d9-ddb5-4fa4-a97d-d965ccfc6d4b" outcome="Passed" testListId="8c84fa94-04c1-424b-9868-57a2d4851a1d" relativeResultsDirectory="9247e48d-f965-4304-8e20-7470249c48eb">
    </UnitTestResult>
    <UnitTestResult executionId="af2e83e2-39d2-4a5c-abc9-4275e1a3c4ef" testId="ee7a26ae-f08b-c1d5-713f-d21139c592b9" testName="As0163216" computerName="EDSAC" duration="00:00:00.0033418" startTime="2010-12-04T14:10:14.8586321+00:00" endTime="2010-12-04T14:10:14.8686327+00:00" testType="13cdc9d9-ddb5-4fa4-a97d-d965ccfc6d4b" outcome="Passed" testListId="8c84fa94-04c1-424b-9868-57a2d4851a1d" relativeResultsDirectory="af2e83e2-39d2-4a5c-abc9-4275e1a3c4ef">
    </UnitTestResult>
    <UnitTestResult executionId="c9d9a127-c628-409e-90de-d977e22d6c86" testId="eeb34c89-a7df-f580-faa2-1b58190ee5be" testName="Add29604" computerName="EDSAC" duration="00:00:00.0008510" startTime="2010-12-04T14:10:14.8736329+00:00" endTime="2010-12-04T14:10:14.8806333+00:00" testType="13cdc9d9-ddb5-4fa4-a97d-d965ccfc6d4b" outcome="Passed" testListId="8c84fa94-04c1-424b-9868-57a2d4851a1d" relativeResultsDirectory="c9d9a127-c628-409e-90de-d977e22d6c86">
    </UnitTestResult>
    <UnitTestResult executionId="3635e20b-f3b2-41d1-b2b1-53b5ebed7945" testId="f026b4fd-1d5b-6d3d-657e-a3e832a7de61" testName="To46301" computerName="EDSAC" duration="00:00:00.0004932" startTime="2010-12-04T14:10:14.8886338+00:00" endTime="2010-12-04T14:10:14.8966343+00:00" testType="13cdc9d9-ddb5-4fa4-a97d-d965ccfc6d4b" outcome="Passed" testListId="8c84fa94-04c1-424b-9868-57a2d4851a1d" relativeResultsDirectory="3635e20b-f3b2-41d1-b2b1-53b5ebed7945">
    </UnitTestResult>
    <UnitTestResult executionId="694c01c9-2bd8-4bfe-b0de-a9a8d1beeb74" testId="f342f959-584b-70f7-fc12-f7e45c365653" testName="AsEnumerable0314802" computerName="EDSAC" duration="00:00:00.0007097" startTime="2010-12-04T14:10:14.8996344+00:00" endTime="2010-12-04T14:10:14.9096350+00:00" testType="13cdc9d9-ddb5-4fa4-a97d-d965ccfc6d4b" outcome="Passed" testListId="8c84fa94-04c1-424b-9868-57a2d4851a1d" relativeResultsDirectory="694c01c9-2bd8-4bfe-b0de-a9a8d1beeb74">
    </UnitTestResult>
    <UnitTestResult executionId="386ac563-9c98-4610-b672-81355b610966" testId="f4a16930-7fb5-1364-b2bb-1dffeb9040de" testName="Add60903" computerName="EDSAC" duration="00:00:00.0004568" startTime="2010-12-04T14:10:14.9156353+00:00" endTime="2010-12-04T14:10:14.9226357+00:00" testType="13cdc9d9-ddb5-4fa4-a97d-d965ccfc6d4b" outcome="Passed" testListId="8c84fa94-04c1-424b-9868-57a2d4851a1d" relativeResultsDirectory="386ac563-9c98-4610-b672-81355b610966">
    </UnitTestResult>
    <UnitTestResult executionId="50dd2f2d-3944-43fc-a47b-106fda4a29c4" testId="f4f76af5-0d54-7bf8-8ba4-b32803d7a374" testName="As21508" computerName="EDSAC" duration="00:00:00.0006028" startTime="2010-12-04T14:10:14.9306362+00:00" endTime="2010-12-04T14:10:14.9376366+00:00" testType="13cdc9d9-ddb5-4fa4-a97d-d965ccfc6d4b" outcome="Passed" testListId="8c84fa94-04c1-424b-9868-57a2d4851a1d" relativeResultsDirectory="50dd2f2d-3944-43fc-a47b-106fda4a29c4">
    </UnitTestResult>
    <UnitTestResult executionId="d76570d9-4587-48f5-b55c-38b89682c504" testId="f51de229-4761-6e36-e9f5-2ae1d5b346f0" testName="ForEach90801" computerName="EDSAC" duration="00:00:00.0029377" startTime="2010-12-04T14:10:14.9416368+00:00" endTime="2010-12-04T14:10:14.9516374+00:00" testType="13cdc9d9-ddb5-4fa4-a97d-d965ccfc6d4b" outcome="Passed" testListId="8c84fa94-04c1-424b-9868-57a2d4851a1d" relativeResultsDirectory="d76570d9-4587-48f5-b55c-38b89682c504">
    </UnitTestResult>
    <UnitTestResult executionId="e362bd0c-33b6-4f49-bb77-086c792232d3" testId="f56d5205-e252-235c-3244-90ee14efb3f4" testName="InvokeIfRequired01ThrowsContractException382" computerName="EDSAC" duration="00:00:00.0047617" startTime="2010-12-04T14:10:14.9696384+00:00" endTime="2010-12-04T14:10:14.9816391+00:00" testType="13cdc9d9-ddb5-4fa4-a97d-d965ccfc6d4b" outcome="Passed" testListId="8c84fa94-04c1-424b-9868-57a2d4851a1d" relativeResultsDirectory="e362bd0c-33b6-4f49-bb77-086c792232d3">
    </UnitTestResult>
    <UnitTestResult executionId="bfd269b6-a79f-4b37-bc38-bc3f8a83d861" testId="f5f02455-4aef-8763-5044-dc094bc64ba2" testName="ForEach12502" computerName="EDSAC" duration="00:00:00.0003788" startTime="2010-12-04T14:10:15.0006402+00:00" endTime="2010-12-04T14:10:15.0196413+00:00" testType="13cdc9d9-ddb5-4fa4-a97d-d965ccfc6d4b" outcome="Passed" testListId="8c84fa94-04c1-424b-9868-57a2d4851a1d" relativeResultsDirectory="bfd269b6-a79f-4b37-bc38-bc3f8a83d861">
    </UnitTestResult>
    <UnitTestResult executionId="37e72ba7-2507-4db6-9634-00a64bbbf844" testId="f66902ae-2eb8-36de-bdb4-af24338ae682" testName="TakeEveryThrowsContractException597" computerName="EDSAC" duration="00:00:00.0006821" startTime="2010-12-04T14:10:15.0286418+00:00" endTime="2010-12-04T14:10:15.0516431+00:00" testType="13cdc9d9-ddb5-4fa4-a97d-d965ccfc6d4b" outcome="Passed" testListId="8c84fa94-04c1-424b-9868-57a2d4851a1d" relativeResultsDirectory="37e72ba7-2507-4db6-9634-00a64bbbf844">
    </UnitTestResult>
    <UnitTestResult executionId="76652587-3233-4436-8891-a88fdfc38b87" testId="f791b1fc-7ecf-06ad-9b72-838a0f1da804" testName="As0136702" computerName="EDSAC" duration="00:00:00.0077718" startTime="2010-12-04T14:10:15.0546433+00:00" endTime="2010-12-04T14:10:15.0866451+00:00" testType="13cdc9d9-ddb5-4fa4-a97d-d965ccfc6d4b" outcome="Passed" testListId="8c84fa94-04c1-424b-9868-57a2d4851a1d" relativeResultsDirectory="76652587-3233-4436-8891-a88fdfc38b87">
    </UnitTestResult>
    <UnitTestResult executionId="620fcfb0-2c57-4747-8b61-81ff0ff98b73" testId="f96aeaaa-982a-50fe-9819-4fadbbdc5555" testName="IfNotNull0159701" computerName="EDSAC" duration="00:00:00.0004194" startTime="2010-12-04T14:10:15.0956456+00:00" endTime="2010-12-04T14:10:15.1166468+00:00" testType="13cdc9d9-ddb5-4fa4-a97d-d965ccfc6d4b" outcome="Passed" testListId="8c84fa94-04c1-424b-9868-57a2d4851a1d" relativeResultsDirectory="620fcfb0-2c57-4747-8b61-81ff0ff98b73">
    </UnitTestResult>
    <UnitTestResult executionId="88fac313-7653-48ad-a14f-c892b6a8642c" testId="fd09b993-a9b4-e74b-ac25-fcabec687112" testName="Execute93301" computerName="EDSAC" duration="00:00:00.0030292" startTime="2010-12-04T14:10:15.1196470+00:00" endTime="2010-12-04T14:10:15.1286475+00:00" testType="13cdc9d9-ddb5-4fa4-a97d-d965ccfc6d4b" outcome="Passed" testListId="8c84fa94-04c1-424b-9868-57a2d4851a1d" relativeResultsDirectory="88fac313-7653-48ad-a14f-c892b6a8642c">
    </UnitTestResult>
    <UnitTestResult executionId="ba0c1963-642f-4299-bcc4-d71c5721afcd" testId="fdc59520-9564-0684-d4f9-2091f576f931" testName="NullOr71403" computerName="EDSAC" duration="00:00:00.0007955" startTime="2010-12-04T14:10:15.1366480+00:00" endTime="2010-12-04T14:10:15.1446484+00:00" testType="13cdc9d9-ddb5-4fa4-a97d-d965ccfc6d4b" outcome="Passed" testListId="8c84fa94-04c1-424b-9868-57a2d4851a1d" relativeResultsDirectory="ba0c1963-642f-4299-bcc4-d71c5721afcd">
    </UnitTestResult>
    <UnitTestResult executionId="1d4e2204-fb85-47ec-88ff-d3f84a126b11" testId="fdc6582f-0eab-5f36-d160-7547a6de5dbb" testName="IfNotNull17301" computerName="EDSAC" duration="00:00:00.0003564" startTime="2010-12-04T14:10:15.1476486+00:00" endTime="2010-12-04T14:10:15.1556491+00:00" testType="13cdc9d9-ddb5-4fa4-a97d-d965ccfc6d4b" outcome="Passed" testListId="8c84fa94-04c1-424b-9868-57a2d4851a1d" relativeResultsDirectory="1d4e2204-fb85-47ec-88ff-d3f84a126b11">
    </UnitTestResult>
    <UnitTestResult executionId="a316561f-7211-4b9f-8748-3805c75d82f0" testId="febe8afb-7bc1-3f13-831b-73b163a8c327" testName="As0132105" computerName="EDSAC" duration="00:00:00.0004236" startTime="2010-12-04T14:10:15.1576492+00:00" endTime="2010-12-04T14:10:15.1656496+00:00" testType="13cdc9d9-ddb5-4fa4-a97d-d965ccfc6d4b" outcome="Passed" testListId="8c84fa94-04c1-424b-9868-57a2d4851a1d" relativeResultsDirectory="a316561f-7211-4b9f-8748-3805c75d82f0">
    </UnitTestResult>
  </Results>
</TestRun>